3.608048439025879,1
3.09950852394104,1
3.31308650970459,1
2.917597770690918,1
3.289144277572632,1
3.112241744995117,1
3.199450969696045,1
2.6856441497802734,1
3.1404776573181152,1
3.0895273685455322,1
3.490543842315674,1
3.0673646926879883,1
3.3671889305114746,1
3.5595340728759766,1
3.3425474166870117,1
2.9339981079101563,1
2.388099193572998,1
2.802671432495117,1
3.1073474884033203,1
2.825871229171753,1
3.626816749572754,1
3.101353645324707,1
3.542823314666748,1
3.1887943744659424,1
3.3592710494995117,1
3.0404014587402344,1
2.6219375133514404,1
3.3128645420074463,1
2.2131171226501465,1
3.468459367752075,1
3.335190773010254,1
3.2548036575317383,1
2.8817358016967773,1
2.961172103881836,1
3.4100170135498047,1
3.5713624954223633,1
2.4657392501831055,1
2.846547842025757,1
3.3265650272369385,1
3.115349769592285,1
3.3648040294647217,1
2.784313201904297,1
3.0172107219696045,1
2.9307284355163574,1
3.1837735176086426,1
2.9788827896118164,1
2.5985188484191895,1
3.422518730163574,1
2.976053476333618,1
2.92049503326416,1
3.110950469970703,1
4.326596260070801,1
3.675281524658203,1
2.636059522628784,1
3.3293251991271973,1
2.921858787536621,1
3.2905030250549316,1
2.7072668075561523,1
2.722104072570801,1
2.9846720695495605,1
2.5604934692382813,1
3.144808769226074,1
2.7372419834136963,1
2.6305835247039795,1
2.7292275428771973,1
2.9901623725891113,1
3.1342034339904785,1
3.1816275119781494,1
3.327319622039795,1
3.1051459312438965,1
3.142022132873535,1
2.768000602722168,1
2.924717426300049,1
2.9843268394470215,1
3.212143898010254,1
2.884688138961792,1
2.487736225128174,1
3.4316115379333496,1
3.1010966300964355,1
3.8181803226470947,1
3.4705328941345215,1
3.3223683834075928,1
3.240870714187622,1
2.4274377822875977,1
2.3820033073425293,1
3.6829614639282227,1
2.938511848449707,1
3.624344825744629,1
3.3668251037597656,1
2.9469857215881348,1
2.752739906311035,1
3.2027995586395264,1
2.9673595428466797,1
3.388904094696045,1
3.2321858406066895,1
3.2644176483154297,1
3.111737012863159,1
3.367919921875,1
2.881943464279175,1
2.6721856594085693,1
3.0158307552337646,1
2.8311655521392822,1
2.814852237701416,1
2.690166473388672,1
3.1800146102905273,1
2.7781178951263428,1
4.4821858406066895,1
2.5936362743377686,1
2.9304628372192383,1
3.32368803024292,1
2.980269432067871,1
3.1633548736572266,1
2.9494500160217285,1
3.4461328983306885,1
2.4507482051849365,1
2.8642349243164063,1
2.8116815090179443,1
3.4200613498687744,1
3.0120487213134766,1
3.2930846214294434,1
3.2041473388671875,1
2.534519672393799,1
4.163097381591797,1
3.2807323932647705,1
3.6226019859313965,1
3.0385279655456543,1
3.264148712158203,1
3.3469698429107666,1
3.3881568908691406,1
2.7626430988311768,1
3.019711494445801,1
2.994701385498047,1
2.9323782920837402,1
3.080932378768921,1
3.3379874229431152,1
2.996476888656616,1
2.6586403846740723,1
3.590315103530884,1
3.192380905151367,1
2.8851311206817627,1
3.2252774238586426,1
3.2497687339782715,1
3.0327136516571045,1
3.3611602783203125,1
3.2470273971557617,1
2.9329028129577637,1
3.8765130043029785,1
2.9852559566497803,1
2.2474968433380127,1
3.6130447387695313,1
3.3983309268951416,1
2.7427926063537598,1
3.270426034927368,1
3.0875675678253174,1
2.90891170501709,1
2.896676778793335,1
3.158965587615967,1
2.851698875427246,1
3.2611794471740723,1
2.620995044708252,1
3.5345678329467773,1
3.003556728363037,1
3.1169869899749756,1
3.1337404251098633,1
3.1740667819976807,1
3.2775354385375977,1
3.703010082244873,1
3.3112072944641113,1
3.0591156482696533,1
3.5519843101501465,1
3.0253443717956543,1
2.9056572914123535,1
2.8416075706481934,1
3.5056676864624023,1
3.4117560386657715,1
3.13840389251709,1
3.4538259506225586,1
3.6241934299468994,1
4.24321985244751,1
3.4974660873413086,1
2.7971713542938232,1
3.2833380699157715,1
3.258610248565674,1
3.008847713470459,1
3.0499913692474365,1
3.2736122608184814,1
4.241916656494141,1
2.9521875381469727,1
3.1083710193634033,1
2.976987838745117,1
3.990511417388916,1
2.6206345558166504,1
3.2445921897888184,1
2.636598587036133,1
2.734981060028076,1
2.7585933208465576,1
2.8404793739318848,1
2.1971821784973145,1
3.7078933715820313,1
3.1151254177093506,1
3.17626690864563,1
2.9524261951446533,1
2.7378759384155273,1
2.9686670303344727,1
3.4718570709228516,1
3.2066874504089355,1
4.691433429718018,1
3.6987338066101074,1
2.9806101322174072,1
3.0261971950531006,1
3.2311906814575195,1
3.5617752075195313,1
2.7064530849456787,1
3.5769214630126953,1
3.1494107246398926,1
3.201158046722412,1
3.9555935859680176,1
4.230746269226074,1
3.3304314613342285,1
2.8028111457824707,1
3.610684633255005,1
3.4637935161590576,1
3.173844814300537,1
3.315777063369751,1
3.2273459434509277,1
3.06939697265625,1
3.369990587234497,1
2.9456496238708496,1
3.251359701156616,1
3.8164291381835938,1
2.8995203971862793,1
2.938124179840088,1
3.1853837966918945,1
3.613293170928955,1
3.370237350463867,1
3.538440227508545,1
2.4906201362609863,1
3.5367326736450195,1
3.1237034797668457,1
2.852187395095825,1
4.174349308013916,1
3.866428852081299,1
3.6087701320648193,1
2.3587522506713867,1
3.3132617473602295,1
3.4345760345458984,1
3.366687297821045,1
3.3308308124542236,1
2.8999009132385254,1
3.428740978240967,1
3.0271663665771484,1
3.381321430206299,1
3.236070394515991,1
3.850128650665283,1
3.2312445640563965,1
3.3890674114227295,1
3.40096378326416,1
2.985597610473633,1
3.1264657974243164,1
2.6427161693573,1
4.413257598876953,1
3.300902843475342,1
3.182260274887085,1
3.509481906890869,1
3.1175107955932617,1
2.5669894218444824,1
3.1876614093780518,1
3.082609176635742,1
2.9953994750976563,1
3.1457462310791016,1
3.467994213104248,1
3.2863192558288574,1
3.1809134483337402,1
3.2583205699920654,1
3.2471885681152344,1
3.3728926181793213,1
3.308058738708496,1
3.5034947395324707,1
3.6891582012176514,1
4.085831642150879,1
3.290653944015503,1
3.0514233112335205,1
3.384650230407715,1
2.948524236679077,1
3.494532585144043,1
3.008488416671753,1
3.4414916038513184,1
3.1289634704589844,1
2.5689048767089844,1
3.1186447143554688,1
3.770209789276123,1
3.116617202758789,1
3.590242862701416,1
2.7271571159362793,1
2.336677074432373,1
3.1400551795959473,1
3.016706705093384,1
3.5272762775421143,1
2.9303789138793945,1
3.157763957977295,1
2.9378888607025146,1
3.8176822662353516,1
3.094686269760132,1
2.88704514503479,1
2.916740655899048,1
3.442138910293579,1
3.6780123710632324,1
3.0305137634277344,1
2.924976348876953,1
3.078083038330078,1
3.559739112854004,1
2.9929022789001465,1
3.210155963897705,1
3.4976963996887207,1
3.699357032775879,1
2.70200252532959,1
3.1983330249786377,1
3.569769859313965,1
3.286214828491211,1
3.9497151374816895,1
3.5159363746643066,1
3.210114002227783,1
3.3363094329833984,1
2.8409862518310547,1
3.491220474243164,1
3.260213851928711,1
3.2539830207824707,1
3.1661934852600098,1
3.009319305419922,1
2.739304542541504,1
2.820307731628418,1
2.909691333770752,1
3.4320178031921387,1
3.5299787521362305,1
4.127211570739746,1
3.4964704513549805,1
3.158972978591919,1
3.211839199066162,1
3.387260913848877,1
3.380326271057129,1
3.065506935119629,1
3.1270461082458496,1
2.740838050842285,1
3.708799123764038,1
2.830270290374756,1
2.9768266677856445,1
2.5772838592529297,1
3.2739617824554443,1
4.124188423156738,1
3.37028169631958,1
3.0184946060180664,1
3.248434066772461,1
3.1981844902038574,1
2.84765362739563,1
2.8179819583892822,1
3.2645959854125977,1
2.9321789741516113,1
3.1005215644836426,1
3.232290506362915,1
2.5974724292755127,1
3.1597352027893066,1
3.154022216796875,1
3.3288516998291016,1
3.273125410079956,1
3.4084646701812744,1
3.3855669498443604,1
3.5911900997161865,1
2.5561513900756836,1
2.8942477703094482,1
2.935854434967041,1
2.7179338932037354,1
3.4414663314819336,1
3.3188681602478027,1
3.6051101684570313,1
3.816249370574951,1
2.794250249862671,1
2.632361650466919,1
2.8421778678894043,1
3.479356050491333,1
3.3087100982666016,1
2.5098772048950195,1
3.41294527053833,1
2.8588128089904785,1
3.318887233734131,1
2.865288734436035,1
2.721449613571167,1
3.0105984210968018,1
3.5127015113830566,1
3.100825071334839,1
2.6946206092834473,1
3.0802769660949707,1
3.0647144317626953,1
3.250711441040039,1
2.796800136566162,1
3.0859568119049072,1
3.005646228790283,1
3.7464282512664795,1
2.7763702869415283,1
3.888904333114624,1
4.288422107696533,1
2.9310336112976074,1
2.812103271484375,1
2.907766103744507,1
3.3871498107910156,1
2.3945302963256836,1
2.315134048461914,1
3.7322933673858643,1
3.263216018676758,1
2.8782358169555664,1
3.251458168029785,1
3.287430763244629,1
3.0924243927001953,1
3.2065439224243164,1
2.4502077102661133,1
3.262601852416992,1
2.7154996395111084,1
2.998195171356201,1
3.0441536903381348,1
2.532717704772949,1
2.7572076320648193,1
3.4940683841705322,1
3.0744266510009766,1
2.906456470489502,1
3.251718521118164,1
3.2398414611816406,1
2.955650806427002,1
4.139867782592773,1
4.316040992736816,1
3.441518783569336,1
3.3002800941467285,1
3.4908952713012695,1
3.232473850250244,1
3.1647443771362305,1
3.2396836280822754,1
3.29801344871521,1
3.5772953033447266,1
4.206357955932617,1
3.2422852516174316,1
3.2425296306610107,1
2.9513285160064697,1
3.6315858364105225,1
3.6270875930786133,1
3.248652458190918,1
3.3090550899505615,1
2.988142728805542,1
3.688786029815674,1
3.2088632583618164,1
2.3437159061431885,1
2.855034828186035,1
3.530879020690918,1
2.3353919982910156,1
2.9500067234039307,1
3.103090286254883,1
3.280292272567749,1
3.059694528579712,1
2.8828389644622803,1
2.923159122467041,1
2.9008891582489014,1
3.3369946479797363,1
3.050389051437378,1
2.9287209510803223,1
3.0915143489837646,1
3.0914254188537598,1
3.0381805896759033,1
3.156993865966797,1
2.899378776550293,1
3.3371121883392334,1
3.366879940032959,1
2.941429853439331,1
3.315458297729492,1
2.7348251342773438,1
3.529228687286377,1
3.060786724090576,1
3.310150146484375,1
2.326545476913452,1
3.189495325088501,1
2.97900128364563,1
3.4695515632629395,1
2.939535140991211,1
3.1805553436279297,1
3.243110418319702,1
2.6589550971984863,1
2.8656294345855713,1
3.1019766330718994,1
3.4389986991882324,1
2.4769787788391113,1
3.208033561706543,1
3.4005048274993896,1
2.592439651489258,1
2.6559958457946777,1
2.9413437843322754,1
2.955993175506592,1
2.7670042514801025,1
3.667606830596924,1
3.8529958724975586,1
3.5823793411254883,1
2.7679965496063232,1
3.172447443008423,1
2.494384527206421,1
3.5005335807800293,1
2.933837890625,1
3.100476026535034,1
2.351116418838501,1
3.049408435821533,1
3.1357955932617188,1
3.206296443939209,1
3.335500955581665,1
3.2211523056030273,1
3.106520652770996,1
2.853760242462158,1
3.6059250831604004,1
3.477811813354492,1
3.269653797149658,1
2.9267826080322266,1
4.048920631408691,1
3.5547537803649902,1
3.024959087371826,1
3.1940197944641113,1
3.151115655899048,1
3.4866347312927246,1
3.1280364990234375,1
3.4261817932128906,1
2.9601521492004395,1
3.3485984802246094,1
2.630868434906006,1
2.791800022125244,1
3.21272873878479,1
3.497044086456299,1
3.0880653858184814,1
3.6108956336975098,1
3.5043725967407227,1
3.205155849456787,1
3.5837979316711426,1
2.640019416809082,1
3.6093392372131348,1
3.187885284423828,1
3.2070250511169434,1
3.492300510406494,1
3.0964889526367188,1
3.156280994415283,1
3.4487030506134033,1
3.165719509124756,1
3.5504415035247803,1
2.926584243774414,1
3.6052637100219727,1
3.15773868560791,1
3.036104679107666,1
3.517350912094116,1
3.382568359375,1
3.6821367740631104,1
3.133859872817993,1
3.4628167152404785,1
3.912670373916626,1
3.616096019744873,1
3.753054141998291,1
3.5520238876342773,1
4.309813499450684,1
3.9930081367492676,1
3.442065954208374,1
3.2161970138549805,1
3.6390175819396973,1
2.8850297927856445,1
2.844390630722046,1
5.07097053527832,1
3.6697070598602295,1
3.821695327758789,1
3.5940213203430176,1
3.6383986473083496,1
3.481905937194824,1
3.4175937175750732,1
3.4986732006073,1
3.4314112663269043,1
3.187880039215088,1
3.2152371406555176,1
3.19270658493042,1
2.960848093032837,1
3.477527379989624,1
4.327816486358643,1
4.026517391204834,1
3.778153419494629,1
2.9763340950012207,1
3.0447912216186523,1
3.9376375675201416,1
3.507888078689575,1
3.449817419052124,1
3.777960777282715,1
3.635302782058716,1
3.4248743057250977,1
3.6842689514160156,1
3.0610387325286865,1
3.5186679363250732,1
3.793539524078369,1
3.226688861846924,1
3.0504150390625,1
3.434892416000366,1
3.525843858718872,1
3.4140613079071045,1
3.2800071239471436,1
3.827058792114258,1
3.2932052612304688,1
3.1535773277282715,1
2.798246383666992,1
3.169739246368408,1
3.175849676132202,1
4.038572311401367,1
3.1084156036376953,1
3.7407751083374023,1
3.138634443283081,1
3.5491652488708496,1
3.3133111000061035,1
3.632153034210205,1
3.281982183456421,1
3.385014295578003,1
3.488651752471924,1
3.2889232635498047,1
3.5327863693237305,1
3.8214282989501953,1
3.091545581817627,1
3.953280210494995,1
3.386676788330078,1
2.6697592735290527,1
3.1933774948120117,1
3.0985238552093506,1
3.1217076778411865,1
3.531947135925293,1
3.5568597316741943,1
2.9678597450256348,1
3.433351993560791,1
3.431206464767456,1
3.3102293014526367,1
3.59230375289917,1
2.883150815963745,1
2.774259090423584,1
3.7939653396606445,1
3.753981351852417,1
3.145327091217041,1
2.5769405364990234,1
3.097476005554199,1
3.876588821411133,1
3.0157270431518555,1
3.1357340812683105,1
3.523777723312378,1
3.141369104385376,1
3.558302402496338,1
3.4745945930480957,1
3.2097673416137695,1
3.065629243850708,1
2.587853193283081,1
4.013175010681152,1
3.345205068588257,1
2.910132884979248,1
3.161374568939209,1
3.0297703742980957,1
3.017005681991577,1
3.049830436706543,1
3.4919309616088867,1
3.31947922706604,1
3.045099973678589,1
3.2578582763671875,1
3.066608190536499,1
3.4487054347991943,1
3.511885166168213,1
3.5827558040618896,1
2.7493324279785156,1
3.3501248359680176,1
3.2175965309143066,1
4.203760147094727,1
3.156214475631714,1
3.4467532634735107,1
3.506028652191162,1
3.7800421714782715,1
3.6440863609313965,1
3.5077693462371826,1
3.295222520828247,1
3.5671114921569824,1
3.7798476219177246,1
2.94309139251709,1
3.8662362098693848,1
3.7745275497436523,1
4.121063232421875,1
2.8902535438537598,1
3.138688564300537,1
3.1360440254211426,1
3.0875115394592285,1
2.835822582244873,1
3.738137722015381,1
3.103447198867798,1
3.2176640033721924,1
3.2465572357177734,1
3.490936517715454,1
2.924586772918701,1
3.176393985748291,1
3.3433899879455566,1
3.1868979930877686,1
2.744079828262329,1
3.1827995777130127,1
3.117764472961426,1
5.102025032043457,1
3.3537793159484863,1
3.3990492820739746,1
2.8728668689727783,1
2.9700241088867188,1
2.879754066467285,1
3.2128331661224365,1
3.438748359680176,1
3.5620718002319336,1
3.5323591232299805,1
3.4166414737701416,1
3.485441207885742,1
3.5467796325683594,1
4.192680358886719,1
3.4910736083984375,1
3.572653293609619,1
3.3690261840820313,1
2.6533195972442627,1
3.434952735900879,1
3.295933246612549,1
3.099940299987793,1
3.1809232234954834,1
3.5633437633514404,1
3.6206324100494385,1
3.163302421569824,1
3.477219581604004,1
3.9626755714416504,1
3.7776527404785156,1
3.5497031211853027,1
3.97273588180542,1
4.373195171356201,1
3.377181053161621,1
3.4460957050323486,1
3.3762545585632324,1
3.4647116661071777,1
3.3122639656066895,1
3.713623046875,1
3.134791374206543,1
3.089768886566162,1
3.264859199523926,1
4.125840187072754,1
3.1129655838012695,1
3.6133503913879395,1
3.1324543952941895,1
3.4387831687927246,1
3.4580793380737305,1
3.4127895832061768,1
3.0736284255981445,1
3.423590660095215,1
3.0996389389038086,1
3.112478256225586,1
3.298628330230713,1
3.91507887840271,1
3.779357433319092,1
3.8144915103912354,1
3.5251924991607666,1
3.556445598602295,1
3.2287709712982178,1
3.14210844039917,1
3.807798385620117,1
4.038967132568359,1
3.817060708999634,1
3.586442232131958,1
3.5153305530548096,1
3.4809460639953613,1
3.863363742828369,1
3.1022396087646484,1
4.002836227416992,1
3.1135313510894775,1
3.9105610847473145,1
2.684171199798584,1
3.4474844932556152,1
3.0835204124450684,1
3.411612033843994,1
3.360595226287842,1
3.506013870239258,1
3.8890717029571533,1
2.9327220916748047,1
3.483144998550415,1
3.679168939590454,1
3.158921241760254,1
3.5867061614990234,1
2.839118480682373,1
3.0394668579101563,1
3.07627010345459,1
3.1766998767852783,1
3.3698878288269043,1
3.239137649536133,1
2.561920642852783,1
3.0586769580841064,1
3.9355850219726563,1
3.4413962364196777,1
2.969264030456543,1
3.4085564613342285,1
3.1564157009124756,1
3.2175498008728027,1
3.3245956897735596,1
3.273993492126465,1
3.3810997009277344,1
3.0560779571533203,1
2.874244451522827,1
3.2398123741149902,1
3.187486171722412,1
3.6855056285858154,1
3.606776475906372,1
3.9224512577056885,1
4.870189666748047,1
3.268242359161377,1
3.4924449920654297,1
3.1567580699920654,1
3.531585216522217,1
2.2838077545166016,1
2.8300414085388184,1
2.9104814529418945,1
4.017629146575928,1
3.8977718353271484,1
3.060603380203247,1
3.2391486167907715,1
3.6076674461364746,1
3.438467025756836,1
2.782737970352173,1
3.7438137531280518,1
3.3931469917297363,1
3.1670892238616943,1
2.9196507930755615,1
2.9325506687164307,1
3.11539888381958,1
2.939547300338745,1
2.958165168762207,1
2.8464431762695313,1
3.1482863426208496,1
2.920400619506836,1
3.038763999938965,1
2.6828982830047607,1
3.296182155609131,1
3.195418357849121,1
2.6267647743225098,1
3.833142042160034,1
2.981677532196045,1
3.221771240234375,1
3.2331433296203613,1
3.504889488220215,1
3.6830499172210693,1
3.294217348098755,1
3.5157928466796875,1
2.9310014247894287,1
3.0073232650756836,1
3.339953660964966,1
2.9017443656921387,1
3.119377613067627,1
3.035914421081543,1
3.3314733505249023,1
2.783903121948242,1
3.0314457416534424,1
3.3663330078125,1
3.052506923675537,1
3.371878147125244,1
3.0684943199157715,1
3.1127614974975586,1
3.349599838256836,1
4.096364974975586,1
3.575608730316162,1
3.2420365810394287,1
3.187345504760742,1
3.79396653175354,1
3.9300451278686523,1
4.214120864868164,1
3.6706438064575195,1
3.177492618560791,1
3.4342265129089355,1
3.403733253479004,1
3.8030383586883545,1
3.589282512664795,1
2.6101810932159424,1
2.828216314315796,1
3.4512243270874023,1
3.1325249671936035,1
3.34434175491333,1
3.359518527984619,1
3.1032633781433105,1
3.7501702308654785,1
2.6917693614959717,1
3.1190075874328613,1
2.6829898357391357,1
3.2822394371032715,1
3.3273813724517822,1
2.9396352767944336,1
3.883164882659912,1
2.6193907260894775,1
3.325500011444092,1
2.894324779510498,1
2.7565622329711914,1
3.198092460632324,1
3.348644733428955,1
2.658710479736328,1
3.0474679470062256,1
2.9995408058166504,1
3.3175463676452637,1
2.9668846130371094,1
3.510694980621338,1
3.3441343307495117,1
2.9171600341796875,1
3.193265914916992,1
2.9423606395721436,1
3.3337721824645996,1
4.8732757568359375,1
3.5838546752929688,1
2.9816770553588867,1
2.789546012878418,1
2.896596908569336,1
3.0979957580566406,1
3.4051403999328613,1
2.9615914821624756,1
3.289090633392334,1
2.772688627243042,1
3.341914415359497,1
2.6646177768707275,1
2.7233431339263916,1
3.3154611587524414,1
2.6967973709106445,1
2.7073473930358887,1
3.84549880027771,1
3.2748031616210938,1
3.745398998260498,1
4.007939338684082,1
3.330014705657959,1
3.334385395050049,1
3.893981456756592,1
3.383167028427124,1
2.9524779319763184,1
3.322391986846924,1
3.326347827911377,1
4.23378849029541,1
3.7066102027893066,1
3.266326904296875,1
3.5342869758605957,1
3.3532662391662598,1
2.650481939315796,1
3.1733791828155518,1
2.8380446434020996,1
3.0013232231140137,1
2.9326090812683105,1
3.699420690536499,1
3.6306614875793457,1
3.19027042388916,1
3.5518383979797363,1
2.715036630630493,1
3.466222047805786,1
3.2261903285980225,1
2.992006778717041,1
3.1557040214538574,1
3.148388147354126,1
3.1090087890625,1
3.1377811431884766,1
3.740016222000122,1
3.6040749549865723,1
3.8603858947753906,1
3.9694697856903076,1
4.19396448135376,1
3.1747617721557617,1
3.1240038871765137,1
3.585706949234009,1
5.875979423522949,1
4.0065717697143555,1
3.69816255569458,1
3.1896820068359375,1
3.2880964279174805,1
3.4582223892211914,1
3.6624231338500977,1
3.0579633712768555,1
3.135836124420166,1
3.7978355884552,1
3.1029489040374756,1
2.8726789951324463,1
3.009085178375244,1
3.5940279960632324,1
3.6907880306243896,1
3.644139528274536,1
3.817790985107422,1
3.567563056945801,1
3.9372806549072266,1
3.53765869140625,1
3.003990650177002,1
3.6800589561462402,1
3.659147024154663,1
3.207749366760254,1
3.25620698928833,1
3.7035579681396484,1
3.201402425765991,1
3.3073785305023193,1
2.9113502502441406,1
3.278684139251709,1
3.2533161640167236,1
3.052478790283203,1
3.8392653465270996,1
3.233424663543701,1
3.213714838027954,1
3.193905830383301,1
3.201961040496826,1
3.072568655014038,1
2.8433470726013184,1
3.0998897552490234,1
3.1622867584228516,1
3.2564857006073,1
2.8219079971313477,1
3.2602944374084473,1
3.32902455329895,1
2.8064913749694824,1
3.3744537830352783,1
2.9266583919525146,1
3.0273375511169434,1
3.559793472290039,1
3.39420747756958,1
3.515615463256836,1
2.966245174407959,1
3.2354326248168945,1
3.196537971496582,1
3.2799863815307617,1
3.0452682971954346,1
2.736077308654785,1
3.6283926963806152,1
3.700316905975342,1
3.355290174484253,1
3.078004837036133,1
3.5530500411987305,1
3.802274227142334,1
2.892970561981201,1
3.669050693511963,1
3.074031352996826,1
3.506591796875,1
3.7391414642333984,1
3.0901572704315186,1
3.5207297801971436,1
3.1511991024017334,1
3.02154803276062,1
3.2084431648254395,1
3.261099338531494,1
3.095738410949707,1
2.6978816986083984,1
4.145401954650879,1
2.8603391647338867,1
3.8806676864624023,1
3.298732280731201,1
3.244802951812744,1
3.351191520690918,1
3.3382010459899902,1
2.6868181228637695,1
3.1191444396972656,1
3.1168370246887207,1
2.936833620071411,1
3.5507445335388184,1
3.1389732360839844,1
2.6115942001342773,1
3.92624568939209,1
3.0705015659332275,1
3.7518651485443115,1
3.5919241905212402,1
2.666724681854248,1
3.351564407348633,1
3.7156121730804443,1
2.9919557571411133,1
3.4709267616271973,1
3.6970224380493164,1
3.090604782104492,1
3.2102155685424805,1
3.331380605697632,1
3.5812346935272217,1
3.5407662391662598,1
3.5422072410583496,1
3.049036979675293,1
2.7157139778137207,1
3.006058692932129,1
3.3727915287017822,1
3.3929004669189453,1
2.758551597595215,1
3.2441306114196777,1
2.6921093463897705,1
2.8039021492004395,1
3.3019914627075195,1
2.857848644256592,1
3.4894661903381348,1
2.9459595680236816,1
2.937725067138672,1
3.399298667907715,1
2.809171199798584,1
2.8851146697998047,1
3.6392688751220703,1
3.5698509216308594,1
4.034924030303955,1
3.517350196838379,1
3.406912088394165,1
4.292981147766113,1
3.7590227127075195,1
3.6021299362182617,1
3.9603490829467773,1
3.6649889945983887,1
3.452558755874634,1
3.6273410320281982,1
3.6737236976623535,1
2.8519606590270996,1
3.6974167823791504,1
3.515674591064453,1
3.8720364570617676,1
3.1418302059173584,1
3.1179516315460205,1
3.1692960262298584,1
3.576671838760376,1
2.83447265625,1
3.4698402881622314,1
3.1968750953674316,1
2.8368144035339355,1
2.7488579750061035,1
3.070978879928589,1
3.05631947517395,1
4.075527191162109,1
2.6905088424682617,1
3.0380215644836426,1
3.269120454788208,1
3.391439914703369,1
3.307691812515259,1
2.974909782409668,1
3.605818510055542,1
2.991222381591797,1
3.156027317047119,1
2.8778574466705322,1
3.7101950645446777,1
3.344388484954834,1
3.513247013092041,1
4.090085983276367,1
3.0996155738830566,1
3.3123111724853516,1
3.646376371383667,1
3.0416228771209717,1
3.39841890335083,1
3.8617019653320313,1
3.451479434967041,1
2.947718620300293,1
3.4128050804138184,1
2.590282440185547,1
3.4597854614257813,1
5.051828384399414,1
3.383204936981201,1
3.3814783096313477,1
3.875335931777954,1
3.1244008541107178,1
2.6705427169799805,1
3.302870750427246,1
2.9669320583343506,1
3.4662933349609375,1
2.644632339477539,1
3.165461778640747,1
3.4186654090881348,1
3.4747867584228516,1
3.0605359077453613,1
2.9268252849578857,1
2.7285056114196777,1
3.746572494506836,1
3.188265562057495,1
3.7329201698303223,1
2.8928048610687256,1
2.986600399017334,1
3.361466646194458,1
3.1515555381774902,1
3.203355312347412,1
3.8172295093536377,1
2.709105968475342,1
3.0178675651550293,1
3.249612331390381,1
3.1616530418395996,1
2.739513635635376,1
3.6823625564575195,1
3.8383638858795166,1
3.281411647796631,1
3.874905824661255,1
3.412982940673828,1
4.018031120300293,1
3.8023064136505127,1
4.337162017822266,1
4.143443584442139,1
3.5671441555023193,1
3.3365283012390137,1
3.008254051208496,1
3.1116788387298584,1
3.187591075897217,1
2.777162790298462,1
3.8513591289520264,1
3.4659476280212402,1
3.339580774307251,1
2.9546332359313965,1
3.6430068016052246,1
4.218209743499756,1
3.2217886447906494,1
3.5089142322540283,1
3.3482353687286377,1
3.235921621322632,1
3.2574849128723145,1
3.3637280464172363,1
3.7030177116394043,1
3.7457141876220703,1
3.5064265727996826,1
3.2698655128479004,1
4.136589050292969,1
3.665160894393921,1
3.9493422508239746,1
3.064589262008667,1
3.0581133365631104,1
3.5206375122070313,1
3.4874937534332275,1
2.672874927520752,1
2.851029396057129,1
3.799503803253174,1
3.8218860626220703,1
3.2722513675689697,1
2.851923942565918,1
3.770552635192871,1
3.1288108825683594,1
3.783407688140869,1
3.3310742378234863,1
3.728860378265381,1
3.685608386993408,1
2.869405746459961,1
3.321134090423584,1
3.0970778465270996,1
3.2942140102386475,1
2.8971714973449707,1
2.875068426132202,1
3.333653211593628,1
3.064666748046875,1
3.5957202911376953,1
2.9773733615875244,1
3.121877908706665,1
3.1794023513793945,1
3.09208607673645,1
2.9658477306365967,1
3.738999366760254,1
3.1625070571899414,1
3.188261032104492,1
3.5328550338745117,1
3.8763349056243896,1
3.8513193130493164,1
3.7967376708984375,1
3.3652992248535156,1
2.8696513175964355,1
3.1145453453063965,1
2.9418814182281494,1
3.695038318634033,1
3.21813702583313,1
2.723695755004883,1
3.253276824951172,1
3.269968032836914,1
3.4342660903930664,1
3.279322624206543,1
3.6477508544921875,1
2.91139817237854,1
3.0587422847747803,1
3.4491543769836426,1
3.175255060195923,1
3.435516595840454,1
3.616297721862793,1
2.6392621994018555,1
2.6471970081329346,1
3.3038926124572754,1
3.0414934158325195,1
2.5007214546203613,1
2.549848794937134,1
2.917367458343506,1
2.9894447326660156,1
3.3448779582977295,1
3.0873239040374756,1
3.528286933898926,1
3.4085707664489746,1
3.6828057765960693,1
3.1274895668029785,1
2.6594791412353516,1
2.7069826126098633,1
3.884357452392578,1
3.103217601776123,1
4.600540637969971,1
3.688656806945801,1
3.5598952770233154,1
3.5258867740631104,1
3.35966157913208,1
3.7904512882232666,1
3.337141990661621,1
3.1829891204833984,1
3.036489963531494,1
3.6023731231689453,1
3.3030450344085693,1
4.083905220031738,1
3.6889984607696533,1
3.3624672889709473,1
3.893836498260498,1
3.831484317779541,1
4.857381820678711,1
3.03470516204834,1
3.627847194671631,1
3.843433380126953,1
3.1348960399627686,1
3.873105049133301,1
3.021500587463379,1
3.324481725692749,1
3.2624034881591797,1
3.508155107498169,1
3.1056361198425293,1
3.032210350036621,1
3.12483549118042,1
2.9826698303222656,1
2.731299638748169,1
2.75996732711792,1
3.6794214248657227,1
3.2640621662139893,1
3.553778648376465,1
3.331366539001465,1
3.0775675773620605,1
2.9435558319091797,1
3.1257357597351074,1
2.7356648445129395,1
3.2389698028564453,1
3.2701034545898438,1
3.0653514862060547,1
3.7058303356170654,1
3.6795787811279297,1
3.3357396125793457,1
3.5910706520080566,1
2.734487533569336,1
3.265423059463501,1
3.59749436378479,1
2.603334903717041,1
3.671497344970703,1
3.440729856491089,1
3.1069278717041016,1
3.7509589195251465,1
3.1538238525390625,1
3.526054859161377,1
3.5027222633361816,1
3.1076302528381348,1
3.2487688064575195,1
3.0928564071655273,1
3.1916160583496094,1
3.6977038383483887,1
2.575735569000244,1
3.081775665283203,1
3.1224913597106934,1
3.412534475326538,1
3.212717056274414,1
2.477437734603882,1
2.965449810028076,1
2.9446191787719727,1
2.538088083267212,1
3.051224946975708,1
2.713719129562378,1
3.385714530944824,1
3.3525803089141846,1
3.783240795135498,1
3.0345191955566406,1
3.1546404361724854,1
2.9906458854675293,1
3.5816612243652344,1
2.8974294662475586,1
2.4220921993255615,1
2.50142765045166,1
2.950735569000244,1
3.3750905990600586,1
2.7787747383117676,1
4.3029375076293945,1
3.1420493125915527,1
3.2610397338867188,1
3.2757139205932617,1
3.3006339073181152,1
4.104613304138184,1
3.9665794372558594,1
3.9905948638916016,1
3.0485289096832275,1
3.2338814735412598,1
3.4072513580322266,1
3.3846187591552734,1
3.503129005432129,1
2.7745983600616455,1
3.061640739440918,1
2.8979029655456543,1
3.0392768383026123,1
3.4445672035217285,1
3.0692853927612305,1
3.060105085372925,1
3.138862371444702,1
2.717996120452881,1
3.873509168624878,1
3.476893901824951,1
3.7452638149261475,1
3.2110843658447266,1
3.695150136947632,1
3.7428274154663086,1
3.8206143379211426,1
3.2111921310424805,1
2.908876895904541,1
3.6234445571899414,1
4.397841453552246,1
2.9949207305908203,1
3.2634897232055664,1
3.269054412841797,1
2.967679500579834,1
3.1273343563079834,1
3.368124485015869,1
3.4771459102630615,1
3.2780678272247314,1
3.3994059562683105,1
3.34063720703125,1
3.2506604194641113,1
3.7001256942749023,1
2.8060507774353027,1
2.692595958709717,1
3.0822763442993164,1
3.205461025238037,1
2.634798288345337,1
3.0584540367126465,1
3.296691417694092,1
2.6859617233276367,1
2.966876983642578,1
3.0760016441345215,1
3.3320508003234863,1
2.8701162338256836,1
2.719524383544922,1
2.8972134590148926,1
2.8191659450531006,1
2.5874369144439697,1
2.9442648887634277,1
2.846451997756958,1
3.6426291465759277,1
3.3979291915893555,1
2.834368944168091,1
3.031632423400879,1
2.9502696990966797,1
3.0969152450561523,1
3.4388413429260254,1
3.683586597442627,1
2.494370937347412,1
3.12520170211792,1
2.9883480072021484,1
2.247253179550171,1
3.366152048110962,1
2.7843313217163086,1
3.4484329223632813,1
2.7010536193847656,1
3.4630661010742188,1
3.1304688453674316,1
3.259673833847046,1
3.5572118759155273,1
2.825139284133911,1
2.9853367805480957,1
3.429295539855957,1
3.3409409523010254,1
2.559046745300293,1
3.0105719566345215,1
2.6971311569213867,1
3.492853879928589,1
3.0518202781677246,1
3.468167781829834,1
3.499044895172119,1
2.7607970237731934,1
2.9943857192993164,1
3.590855598449707,1
3.189225673675537,1
2.964171886444092,1
2.934614658355713,1
2.923520565032959,1
2.920729160308838,1
3.131746292114258,1
3.0947279930114746,1
2.681521415710449,1
3.348348617553711,1
3.030345916748047,1
2.581669330596924,1
3.085125207901001,1
2.6445651054382324,1
3.0251846313476563,1
3.5299012660980225,1
3.1056606769561768,1
3.0180323123931885,1
3.339430093765259,1
3.1410908699035645,1
3.1782917976379395,1
2.6013736724853516,1
3.078214645385742,1
3.152890205383301,1
2.8922805786132813,1
3.335249423980713,1
3.2150492668151855,1
3.305166482925415,1
2.8315393924713135,1
3.2123889923095703,1
3.035947322845459,1
3.1476120948791504,1
3.0155117511749268,1
2.946120500564575,1
3.245218276977539,1
3.3250889778137207,1
3.692305088043213,1
3.2537083625793457,1
3.2184219360351563,1
2.9919965267181396,1
2.6964049339294434,1
3.173457145690918,1
3.285268783569336,1
2.486189842224121,1
2.9744391441345215,1
2.990057945251465,1
3.399294853210449,1
2.8782296180725098,1
3.2335028648376465,1
3.200103282928467,1
3.483670949935913,1
3.228361129760742,1
2.837087392807007,1
2.739717721939087,1
3.0050463676452637,1
2.8480963706970215,1
2.789374828338623,1
2.6133875846862793,1
2.799243450164795,1
3.897230386734009,1
2.892155647277832,1
3.4265294075012207,1
2.9018068313598633,1
2.7152438163757324,1
2.925480842590332,1
3.373948335647583,1
3.737013339996338,1
3.5391530990600586,1
2.920670986175537,1
3.8778882026672363,1
3.3486905097961426,1
3.199422836303711,1
3.3570408821105957,1
3.4901719093322754,1
2.8641867637634277,1
3.4690563678741455,1
4.271653175354004,1
3.1835262775421143,1
3.670769453048706,1
2.7487237453460693,1
3.037209987640381,1
3.194178342819214,1
3.649052619934082,1
3.289778709411621,1
2.937790870666504,1
3.691798448562622,1
2.906933546066284,1
3.176374912261963,1
3.459815740585327,1
3.1862616539001465,1
2.6177966594696045,1
2.9425015449523926,1
3.792433977127075,1
3.1616411209106445,1
2.5722527503967285,1
3.1164422035217285,1
3.194704294204712,1
3.8001861572265625,1
3.2640044689178467,1
2.5880236625671387,1
3.28696870803833,1
2.980459690093994,1
3.323660135269165,1
2.8226065635681152,1
2.677618980407715,1
2.590808868408203,1
3.6972246170043945,1
3.772571086883545,1
3.6213319301605225,1
2.974881172180176,1
3.4046874046325684,1
3.1119885444641113,1
3.159785509109497,1
3.365279197692871,1
2.865480661392212,1
3.882394790649414,1
2.74558162689209,1
2.9249916076660156,1
2.971374988555908,1
3.9467625617980957,1
3.796393394470215,1
3.1615545749664307,1
2.6808178424835205,1
3.0721378326416016,1
3.0914578437805176,1
3.7293636798858643,1
3.739208698272705,1
3.2383337020874023,1
3.241393566131592,1
3.225008249282837,1
3.546922445297241,1
3.5742392539978027,1
2.9793343544006348,1
3.6803417205810547,1
2.9663591384887695,1
2.7066566944122314,1
2.4846909046173096,1
3.0379414558410645,1
3.441671848297119,1
3.020350456237793,1
2.9160873889923096,1
3.9264070987701416,1
3.2465221881866455,1
2.962935447692871,1
3.0889835357666016,1
3.0368752479553223,1
3.1550869941711426,1
2.8741612434387207,1
3.497459650039673,1
3.3503355979919434,1
2.929492473602295,1
3.369886875152588,1
3.2030725479125977,1
3.4207327365875244,1
3.064591407775879,1
2.959998369216919,1
3.7443630695343018,1
3.9833905696868896,1
2.818391799926758,1
2.9426207542419434,1
3.107983112335205,1
2.657744884490967,1
3.352842330932617,1
3.1366488933563232,1
3.9923171997070313,1
3.2025856971740723,1
2.9897258281707764,1
3.705937623977661,1
3.282806396484375,1
3.1497726440429688,1
3.393085479736328,1
3.3529140949249268,1
3.5121374130249023,1
3.8039588928222656,1
3.034421443939209,1
3.351769208908081,1
3.1778817176818848,1
3.2650222778320313,1
3.1377296447753906,1
2.587456464767456,1
3.418231964111328,1
2.8870205879211426,1
3.296313524246216,1
2.868544578552246,1
2.9198482036590576,1
3.0867390632629395,1
3.246410369873047,1
2.838564395904541,1
3.0088210105895996,1
2.596252918243408,1
3.421269416809082,1
2.6305785179138184,1
3.766928195953369,1
2.8771438598632813,1
2.82735013961792,1
3.1002626419067383,1
3.0938711166381836,1
3.129530429840088,1
2.706597089767456,1
2.528750419616699,1
3.2333459854125977,1
2.491344690322876,1
3.4411275386810303,1
2.816114664077759,1
3.1335909366607666,1
3.1178908348083496,1
2.9557156562805176,1
2.8581953048706055,1
3.5103163719177246,1
3.4508509635925293,1
3.1690382957458496,1
3.7032201290130615,1
2.706631660461426,1
3.4359381198883057,1
3.825355052947998,1
2.931706428527832,1
2.585923194885254,1
2.7438135147094727,1
3.1061549186706543,1
3.013411521911621,1
3.0424933433532715,1
3.1416804790496826,1
3.3439135551452637,1
2.9433555603027344,1
2.9143338203430176,1
2.5793471336364746,1
3.3640358448028564,1
2.9934282302856445,1
3.644115924835205,1
3.134355068206787,1
3.2259180545806885,1
3.3419861793518066,1
2.952054023742676,1
2.834458351135254,1
2.7384934425354004,1
2.8601062297821045,1
3.9001681804656982,1
3.003857135772705,1
2.7753207683563232,1
3.1141045093536377,1
3.148536205291748,1
3.0410947799682617,1
2.8748741149902344,1
3.2704105377197266,1
3.673736572265625,1
3.2207436561584473,1
3.3124961853027344,1
3.394367218017578,1
3.682525634765625,1
3.0730960369110107,1
3.3349802494049072,1
2.8714261054992676,1
3.0122523307800293,1
2.8964571952819824,1
3.0385518074035645,1
2.487234115600586,1
2.9762485027313232,1
3.545053482055664,1
3.0244293212890625,1
3.4459567070007324,1
3.106795072555542,1
2.954876661300659,1
2.829282283782959,1
2.5649335384368896,1
3.2913618087768555,1
3.338982105255127,1
3.391066551208496,1
2.8962478637695313,1
2.7675602436065674,1
3.074619770050049,1
2.5955004692077637,1
3.5511977672576904,1
2.8995633125305176,1
3.424464225769043,1
3.426607131958008,1
3.0121634006500244,1
2.7193408012390137,1
3.0818755626678467,1
3.1874992847442627,1
2.932692527770996,1
2.8068904876708984,1
3.5049617290496826,1
2.991130828857422,1
3.792722225189209,1
3.66878604888916,1
3.35672664642334,1
3.5043110847473145,1
3.5096402168273926,1
3.412947177886963,1
3.6633901596069336,1
3.3782382011413574,1
3.130457639694214,1
3.377284526824951,1
2.6218698024749756,1
3.7924389839172363,1
3.0467567443847656,1
2.9649524688720703,1
2.984182119369507,1
3.0153398513793945,1
2.986354112625122,1
2.933825969696045,1
2.9187068939208984,1
3.161318302154541,1
2.843240261077881,1
3.2703707218170166,1
2.485529899597168,1
3.332019567489624,1
2.590209484100342,1
2.450557231903076,1
2.5131592750549316,1
3.0298988819122314,1
3.377758026123047,1
2.6834630966186523,1
2.9738101959228516,1
2.7745108604431152,1
3.1226916313171387,1
2.571460008621216,1
2.864774465560913,1
2.9579553604125977,1
3.7230277061462402,1
2.897498607635498,1
3.206871747970581,1
2.4574966430664063,1
3.737924575805664,1
2.9074387550354004,1
2.5671706199645996,1
3.32745361328125,1
3.423825740814209,1
3.3338027000427246,1
2.7079172134399414,1
3.3492517471313477,1
3.3022398948669434,1
3.321321487426758,1
2.981553554534912,1
2.9060487747192383,1
3.098524808883667,1
3.2559845447540283,1
3.128218173980713,1
2.7673230171203613,1
2.2706298828125,1
2.761260986328125,1
2.886885404586792,1
3.4357879161834717,1
2.995225667953491,1
3.3251750469207764,1
2.930859088897705,1
2.8336856365203857,1
3.9401440620422363,1
3.4133787155151367,1
2.7615928649902344,1
3.069382667541504,1
3.9592995643615723,1
2.4740166664123535,1
2.78480863571167,1
2.600430727005005,1
3.009314775466919,1
2.7821192741394043,1
3.0841479301452637,1
3.8464136123657227,1
2.860288143157959,1
3.400273323059082,1
2.6885273456573486,1
2.821214199066162,1
2.30281400680542,1
2.7884440422058105,1
3.327310562133789,1
3.0192134380340576,1
2.4439761638641357,1
2.6435279846191406,1
3.236199378967285,1
3.0037074089050293,1
2.4081616401672363,1
2.525777816772461,1
2.4400644302368164,1
3.313110589981079,1
3.7235352993011475,1
2.781691551208496,1
3.2839155197143555,1
2.599297523498535,1
2.810245990753174,1
3.0068209171295166,1
2.8492751121520996,1
2.8642616271972656,1
2.5104219913482666,1
2.8635191917419434,1
3.4061694145202637,1
2.731708526611328,1
3.09014892578125,1
3.4819722175598145,1
3.1847214698791504,1
3.0606441497802734,1
2.812995672225952,1
3.374556541442871,1
3.688121795654297,1
2.9461283683776855,1
2.986009359359741,1
2.7911672592163086,1
3.186124801635742,1
3.277472972869873,1
3.2237324714660645,1
2.50864839553833,1
3.977017879486084,1
2.9348225593566895,1
3.180793046951294,1
3.07307767868042,1
2.7904694080352783,1
3.2773563861846924,1
2.858130931854248,1
2.736806869506836,1
2.6336493492126465,1
2.3808279037475586,1
2.9399163722991943,1
2.988363742828369,1
3.159728527069092,1
3.328955888748169,1
3.05743670463562,1
3.065885543823242,1
3.394010305404663,1
3.400223970413208,1
3.0674424171447754,1
2.8983707427978516,1
3.9062702655792236,1
3.4161276817321777,1
4.13667631149292,1
2.9523777961730957,1
2.907402992248535,1
3.6347198486328125,1
3.2299063205718994,1
3.0401039123535156,1
2.9134294986724854,1
2.967733144760132,1
3.160449504852295,1
2.853992223739624,1
2.8840765953063965,1
3.087608814239502,1
2.996586322784424,1
3.244114875793457,1
3.149087429046631,1
2.913705348968506,1
3.2019760608673096,1
3.2900729179382324,1
3.0122480392456055,1
3.3644134998321533,1
3.621124267578125,1
3.4906420707702637,1
2.9513182640075684,1
2.9280319213867188,1
2.9098172187805176,1
3.2550389766693115,1
3.4258034229278564,1
3.0790510177612305,1
3.019852876663208,1
4.057364463806152,1
4.010869026184082,1
3.8142952919006348,1
8.323406219482422,1
7.259583473205566,1
6.248310089111328,1
5.719456195831299,1
7.32050895690918,1
5.846583366394043,1
6.085107803344727,1
5.473539352416992,1
5.462407112121582,1
4.847661018371582,1
4.8136210441589355,1
4.277091979980469,1
5.070219993591309,1
4.467020034790039,1
5.069878578186035,1
5.137006759643555,1
4.584209442138672,1
4.916638374328613,1
4.598455429077148,1
4.573276519775391,1
5.3960981369018555,1
4.901309490203857,1
5.069251537322998,1
5.06719970703125,1
4.2522807121276855,1
5.07459831237793,1
4.608551502227783,1
4.379905700683594,1
4.741759777069092,1
4.200349807739258,1
4.788519859313965,1
5.096524238586426,1
5.175408363342285,1
4.343776226043701,1
4.402070045471191,1
4.340008735656738,1
4.432710647583008,1
4.211513996124268,1
4.234298229217529,1
4.161540985107422,1
4.4045023918151855,1
4.701938629150391,1
4.561806678771973,1
4.469642639160156,1
4.688914775848389,1
4.062620162963867,1
3.8072166442871094,1
4.674408912658691,1
4.033781051635742,1
4.367749214172363,1
4.877758979797363,1
3.7153830528259277,1
3.989225149154663,1
4.099982261657715,1
4.0685343742370605,1
4.221322059631348,1
4.31300687789917,1
4.271273612976074,1
3.862802267074585,1
4.462447166442871,1
3.652214765548706,1
3.9298617839813232,1
4.386205196380615,1
4.248409271240234,1
4.3623809814453125,1
4.344034194946289,1
4.109673023223877,1
4.175688743591309,1
4.571228981018066,1
4.459176063537598,1
4.012650012969971,1
4.086012840270996,1
3.914151668548584,1
4.536386966705322,1
3.796581983566284,1
3.743648052215576,1
4.385524272918701,1
3.949598789215088,1
4.4842939376831055,1
4.020000457763672,1
4.034590721130371,1
4.347484588623047,1
4.01202392578125,1
3.5293002128601074,1
4.023703575134277,1
4.920731544494629,1
4.421150207519531,1
4.40789794921875,1
4.4095354080200195,1
3.9677467346191406,1
4.741380214691162,1
4.115591049194336,1
4.231265544891357,1
4.538660049438477,1
4.460535049438477,1
3.8553709983825684,1
3.7136688232421875,1
3.9493567943573,1
3.818035125732422,1
3.6626391410827637,1
3.9215283393859863,1
3.8185482025146484,1
3.8839919567108154,1
4.395212650299072,1
3.985464572906494,1
4.056801795959473,1
3.8303513526916504,1
4.931719779968262,1
3.7657694816589355,1
4.424070358276367,1
3.843616008758545,1
3.852572441101074,1
4.137076377868652,1
3.6051528453826904,1
4.351107120513916,1
3.7893788814544678,1
3.971026659011841,1
4.417544364929199,1
4.373970985412598,1
4.189552307128906,1
3.9621267318725586,1
4.323410987854004,1
4.010963439941406,1
4.3821539878845215,1
3.9285712242126465,1
3.682246208190918,1
4.110439300537109,1
3.7035388946533203,1
4.360799312591553,1
4.528008460998535,1
4.190260887145996,1
3.8643927574157715,1
3.7510368824005127,1
3.7745699882507324,1
3.878199577331543,1
3.427387237548828,1
3.9851326942443848,1
3.6114096641540527,1
4.03806209564209,1
3.7541284561157227,1
3.698707103729248,1
4.213805198669434,1
4.053368091583252,1
3.9936842918395996,1
3.7839574813842773,1
4.420859336853027,1
3.949591636657715,1
4.243824481964111,1
3.918208122253418,1
3.275608539581299,1
4.398795127868652,1
3.5583691596984863,1
4.120910167694092,1
4.161520957946777,1
4.732098579406738,1
3.616654872894287,1
3.4274556636810303,1
4.014080047607422,1
4.042394638061523,1
3.8944618701934814,1
3.608013391494751,1
3.57675838470459,1
3.85817813873291,1
4.0078229904174805,1
3.9014525413513184,1
4.111643314361572,1
3.9608564376831055,1
3.606412887573242,1
3.885969877243042,1
3.7382023334503174,1
3.675006151199341,1
3.8723905086517334,1
3.9912047386169434,1
3.7318215370178223,1
4.096790790557861,1
3.1640007495880127,1
4.567206859588623,1
3.6619412899017334,1
4.194610595703125,1
3.9228744506835938,1
4.780607223510742,1
3.8460185527801514,1
4.073423385620117,1
4.006617069244385,1
4.293210029602051,1
3.8221065998077393,1
4.297344207763672,1
3.6905460357666016,1
4.285723686218262,1
3.9544637203216553,1
4.069624900817871,1
3.9729723930358887,1
3.7481722831726074,1
4.131858825683594,1
3.3295185565948486,1
3.798367977142334,1
4.110469818115234,1
4.089599132537842,1
4.365236282348633,1
4.299472332000732,1
4.300355434417725,1
4.236145496368408,1
4.6298370361328125,1
4.0901689529418945,1
4.089165687561035,1
4.247768402099609,1
4.517518043518066,1
4.33819055557251,1
4.837403774261475,1
4.733643531799316,1
4.482073783874512,1
4.287274360656738,1
4.606945991516113,1
4.106389999389648,1
4.314717769622803,1
4.253092288970947,1
3.5889618396759033,1
3.985692262649536,1
3.6539323329925537,1
3.8159356117248535,1
3.9663212299346924,1
3.718775987625122,1
4.220383644104004,1
3.555449962615967,1
3.9415955543518066,1
4.415698051452637,1
3.9879369735717773,1
4.402152061462402,1
4.987910270690918,1
4.103659629821777,1
4.811346054077148,1
3.655494451522827,1
3.8612358570098877,1
4.109760284423828,1
3.878678560256958,1
4.554446697235107,1
3.6089117527008057,1
3.9266676902770996,1
3.776932716369629,1
3.8758704662323,1
3.8742287158966064,1
3.713179588317871,1
4.182572364807129,1
4.05753755569458,1
3.5655245780944824,1
4.207643508911133,1
3.662745952606201,1
4.33512020111084,1
4.0807013511657715,1
3.968306064605713,1
3.8050427436828613,1
3.8427562713623047,1
4.110491752624512,1
4.099851608276367,1
3.429262638092041,1
4.184967517852783,1
3.6056835651397705,1
3.816678762435913,1
4.035527229309082,1
3.9590582847595215,1
3.9336888790130615,1
3.5987706184387207,1
4.10215950012207,1
3.501192569732666,1
4.119438648223877,1
3.5215673446655273,1
3.5039000511169434,1
3.7290172576904297,1
3.497371196746826,1
3.7540361881256104,1
4.029881477355957,1
3.699986219406128,1
3.307234764099121,1
4.559475421905518,1
3.5501389503479004,1
3.601335287094116,1
3.9755396842956543,1
3.955024003982544,1
3.9756712913513184,1
3.7937333583831787,1
3.254972457885742,1
3.901308298110962,1
3.665311336517334,1
4.059420585632324,1
3.7421114444732666,1
3.779661178588867,1
3.904843807220459,1
3.5674562454223633,1
3.4370980262756348,1
3.6645264625549316,1
3.3930673599243164,1
4.172264099121094,1
3.544314384460449,1
3.6630520820617676,1
4.233029842376709,1
3.7620811462402344,1
4.065219879150391,1
3.7535557746887207,1
3.7342872619628906,1
4.325103282928467,1
4.0149664878845215,1
3.8972673416137695,1
4.16223669052124,1
3.7344954013824463,1
3.629629135131836,1
3.6495425701141357,1
4.280481338500977,1
3.7455005645751953,1
4.093621253967285,1
3.721316337585449,1
4.177040100097656,1
4.231616497039795,1
3.841409206390381,1
3.584585189819336,1
3.629467248916626,1
4.101649284362793,1
3.6632509231567383,1
3.6503849029541016,1
4.120401859283447,1
3.811009407043457,1
3.400014877319336,1
3.978787899017334,1
4.061370849609375,1
3.962944984436035,1
3.633687973022461,1
3.9442801475524902,1
3.619568347930908,1
3.7589612007141113,1
3.5180437564849854,1
3.976407527923584,1
3.7942795753479004,1
4.076052188873291,1
4.162719249725342,1
4.7873334884643555,1
4.298857688903809,1
3.8043806552886963,1
4.254770755767822,1
3.6156749725341797,1
3.80936598777771,1
3.3985471725463867,1
3.9365530014038086,1
3.9472618103027344,1
4.284687519073486,1
3.71647310256958,1
3.816735029220581,1
3.5417134761810303,1
3.6599044799804688,1
3.6242408752441406,1
3.824585437774658,1
3.8960726261138916,1
3.7208092212677,1
3.750903606414795,1
3.8139920234680176,1
3.808936357498169,1
3.319934368133545,1
4.038271427154541,1
3.4157967567443848,1
3.3568804264068604,1
4.407527446746826,1
4.080211162567139,1
3.8668956756591797,1
4.194824695587158,1
3.480447292327881,1
4.320230484008789,1
4.055431365966797,1
4.21879243850708,1
3.820922374725342,1
3.7103610038757324,1
4.014897346496582,1
3.742208242416382,1
4.313337326049805,1
4.361536979675293,1
3.9058516025543213,1
3.6026105880737305,1
3.1574530601501465,1
3.5729622840881348,1
3.9057021141052246,1
3.688960075378418,1
3.6142218112945557,1
3.490351915359497,1
3.6968576908111572,1
3.6435158252716064,1
4.139136791229248,1
3.5050063133239746,1
4.036750316619873,1
3.833122730255127,1
3.831521511077881,1
3.8215134143829346,1
4.002777099609375,1
4.988431453704834,1
3.6322097778320313,1
4.032910346984863,1
4.074732303619385,1
3.635235071182251,1
3.8918354511260986,1
4.214118003845215,1
4.126733779907227,1
3.877075433731079,1
4.1767168045043945,1
3.647669792175293,1
4.361029148101807,1
3.72633695602417,1
4.107026100158691,1
3.8054723739624023,1
3.8002843856811523,1
3.6336522102355957,1
3.417170286178589,1
4.223639965057373,1
3.445565700531006,1
3.2387232780456543,1
3.306389808654785,1
4.035065650939941,1
4.097635269165039,1
3.827239751815796,1
3.9150638580322266,1
3.751697063446045,1
4.014156818389893,1
4.11898946762085,1
3.7455458641052246,1
3.9948105812072754,1
3.385453701019287,1
3.923247814178467,1
3.6465768814086914,1
4.422722816467285,1
3.5363974571228027,1
3.787835121154785,1
4.210038185119629,1
4.0772318840026855,1
3.878746271133423,1
3.6099061965942383,1
3.8486270904541016,1
4.18739128112793,1
3.828317165374756,1
3.5598552227020264,1
4.12363338470459,1
4.152785301208496,1
4.042984962463379,1
3.366879463195801,1
4.0309062004089355,1
4.122753143310547,1
3.689228057861328,1
4.294201850891113,1
3.5409798622131348,1
3.4319074153900146,1
3.7998454570770264,1
4.070403099060059,1
3.824557304382324,1
3.8628931045532227,1
3.904017925262451,1
3.688322067260742,1
3.5920205116271973,1
3.273369550704956,1
3.721736192703247,1
4.531344413757324,1
3.799496650695801,1
4.3607048988342285,1
3.430203914642334,1
3.7620997428894043,1
4.298656940460205,1
3.8509247303009033,1
3.757133722305298,1
3.491135835647583,1
4.082748889923096,1
3.8408637046813965,1
3.736393928527832,1
3.968942403793335,1
3.5094637870788574,1
4.181177616119385,1
3.662421226501465,1
3.756530284881592,1
4.001789093017578,1
3.539646625518799,1
3.932692050933838,1
3.717402458190918,1
3.063896417617798,1
3.3893651962280273,1
3.8394713401794434,1
4.275579452514648,1
3.6423027515411377,1
3.1584794521331787,1
3.6862173080444336,1
3.547435760498047,1
3.9504995346069336,1
4.340598106384277,1
3.3838748931884766,1
3.3828182220458984,1
3.918287992477417,1
3.7793068885803223,1
4.046722412109375,1
3.9431371688842773,1
3.418093681335449,1
4.013662338256836,1
3.398463249206543,1
3.313037872314453,1
3.516226291656494,1
4.052895545959473,1
3.7944040298461914,1
3.3970158100128174,1
3.9810526371002197,1
3.5817790031433105,1
3.666076898574829,1
3.4530906677246094,1
3.1365530490875244,1
3.721809148788452,1
4.07050895690918,1
3.9998562335968018,1
3.862265110015869,1
3.8536877632141113,1
4.075348854064941,1
3.8453562259674072,1
3.856027603149414,1
3.201124668121338,1
3.590747594833374,1
4.39704704284668,1
4.791981220245361,1
3.7569785118103027,1
3.7701914310455322,1
4.2359442710876465,1
4.086727142333984,1
4.094612121582031,1
4.250571250915527,1
3.9690144062042236,1
3.3765010833740234,1
3.84474515914917,1
4.041276454925537,1
3.4434947967529297,1
3.560886859893799,1
4.121465682983398,1
3.7570881843566895,1
3.253206968307495,1
3.1611106395721436,1
3.7084476947784424,1
4.368108749389648,1
4.155766010284424,1
3.026580572128296,1
3.6684818267822266,1
3.660498857498169,1
3.4007601737976074,1
3.611891984939575,1
3.5414483547210693,1
3.763517379760742,1
3.9363746643066406,1
3.6521029472351074,1
4.2611284255981445,1
3.1899824142456055,1
3.589102029800415,1
3.8689680099487305,1
3.3353219032287598,1
3.5834720134735107,1
4.079321384429932,1
3.1733248233795166,1
3.5562744140625,1
3.489394426345825,1
3.402632713317871,1
3.324925184249878,1
3.482224225997925,1
4.18618631362915,1
3.7333638668060303,1
3.8765087127685547,1
3.884190797805786,1
3.4462337493896484,1
3.647275447845459,1
3.787691116333008,1
3.2948431968688965,1
4.176305770874023,1
3.277012825012207,1
3.6507344245910645,1
3.522815227508545,1
3.4338793754577637,1
4.265344619750977,1
4.029053688049316,1
4.152286529541016,1
3.74777889251709,1
3.7791919708251953,1
3.985206127166748,1
4.023696422576904,1
4.4111175537109375,1
4.490347862243652,1
3.7214198112487793,1
3.7094457149505615,1
3.9270153045654297,1
3.5627362728118896,1
3.1332032680511475,1
4.106980800628662,1
3.969200611114502,1
3.443838596343994,1
3.8700969219207764,1
3.9416708946228027,1
3.6274309158325195,1
3.8100571632385254,1
3.556211233139038,1
3.800734519958496,1
3.789311647415161,1
3.7563087940216064,1
3.447359561920166,1
3.8069512844085693,1
3.884894609451294,1
3.2303311824798584,1
3.814296245574951,1
3.7539005279541016,1
3.66538667678833,1
4.1590728759765625,1
3.396389961242676,1
3.873117446899414,1
3.8305399417877197,1
3.299893379211426,1
4.277037620544434,1
3.5022008419036865,1
3.0755698680877686,1
3.249715566635132,1
3.958674430847168,1
3.6656994819641113,1
3.6114962100982666,1
3.9140875339508057,1
3.5735771656036377,1
3.7866687774658203,1
3.2545366287231445,1
3.056126117706299,1
3.895819664001465,1
3.691148042678833,1
3.4398069381713867,1
3.5616769790649414,1
4.136565208435059,1
3.8265035152435303,1
3.1666834354400635,1
4.057737350463867,1
2.7012691497802734,1
3.56898832321167,1
3.905163049697876,1
3.8010804653167725,1
3.369692802429199,1
3.4806888103485107,1
3.6997220516204834,1
3.924807071685791,1
3.416501522064209,1
4.061063766479492,1
3.529615879058838,1
3.5266501903533936,1
3.4427716732025146,1
3.375483274459839,1
3.7238998413085938,1
3.5883677005767822,1
3.488632917404175,1
3.6287894248962402,1
3.087538719177246,1
4.15634822845459,1
3.4841794967651367,1
3.415766716003418,1
4.036235809326172,1
3.835557699203491,1
3.1872072219848633,1
3.867865562438965,1
5.054654121398926,1
4.2287397384643555,1
3.6085257530212402,1
3.4997315406799316,1
3.641456127166748,1
3.8114242553710938,1
3.4385604858398438,1
3.9207820892333984,1
3.797377109527588,1
3.5461552143096924,1
3.579801082611084,1
3.1472136974334717,1
3.349038600921631,1
3.4423828125,1
3.710944414138794,1
4.122910022735596,1
3.46589732170105,1
3.8452510833740234,1
3.293173313140869,1
3.591360092163086,1
3.8877172470092773,1
3.560737371444702,1
3.1083617210388184,1
3.6116812229156494,1
3.754894256591797,1
3.5736501216888428,1
3.3610730171203613,1
3.5659990310668945,1
3.668576240539551,1
3.435239553451538,1
4.181682586669922,1
4.0005669593811035,1
3.8109445571899414,1
3.509533166885376,1
3.432337760925293,1
3.308168888092041,1
3.446444034576416,1
3.711379289627075,1
3.671881914138794,1
3.651078224182129,1
3.527217388153076,1
3.7367448806762695,1
3.6688451766967773,1
3.601288318634033,1
3.6366353034973145,1
3.8474771976470947,1
3.6338067054748535,1
4.147024154663086,1
3.450761079788208,1
3.731947898864746,1
3.788146495819092,1
3.6031599044799805,1
3.620406150817871,1
3.2494449615478516,1
3.5329086780548096,1
3.847378730773926,1
3.4580154418945313,1
3.2939019203186035,1
3.5687522888183594,1
3.802464008331299,1
3.45540189743042,1
3.3396878242492676,1
3.718552827835083,1
4.545649528503418,1
3.0455265045166016,1
3.6373274326324463,1
4.1753082275390625,1
3.483273983001709,1
3.695587635040283,1
3.1667819023132324,1
3.661530017852783,1
4.07828426361084,1
3.1535592079162598,1
3.3067257404327393,1
3.481771945953369,1
2.970654010772705,1
4.278564453125,1
3.75777530670166,1
3.9135286808013916,1
3.909968376159668,1
4.297357559204102,1
4.1210618019104,1
3.84733510017395,1
4.1321563720703125,1
4.269660472869873,1
4.11260986328125,1
4.135525703430176,1
3.0677900314331055,1
3.9806439876556396,1
3.628023147583008,1
5.00879430770874,1
3.864467144012451,1
3.185802698135376,1
3.8489503860473633,1
3.8492038249969482,1
3.8045835494995117,1
3.6160295009613037,1
3.693142890930176,1
3.675717830657959,1
3.8602993488311768,1
3.831392288208008,1
3.6808300018310547,1
3.917741298675537,1
3.3964152336120605,1
3.711116075515747,1
3.360630512237549,1
3.1561226844787598,1
3.5743536949157715,1
3.2603416442871094,1
3.367178440093994,1
3.3951175212860107,1
3.8861117362976074,1
3.3967175483703613,1
3.7194652557373047,1
3.9805262088775635,1
3.477299690246582,1
3.556154727935791,1
3.1524949073791504,1
3.679438829421997,1
3.395263195037842,1
3.5252060890197754,1
3.3482089042663574,1
3.7888832092285156,1
3.385133981704712,1
3.624788284301758,1
3.8396074771881104,1
3.4768621921539307,1
3.6663780212402344,1
4.303951263427734,1
3.7384276390075684,1
3.736354351043701,1
3.8049333095550537,1
4.438370704650879,1
4.245384216308594,1
3.8726978302001953,1
3.9040136337280273,1
3.5141053199768066,1
3.8150150775909424,1
4.14889669418335,1
3.835270404815674,1
3.508364200592041,1
3.6879067420959473,1
3.7693748474121094,1
3.611063241958618,1
3.8487114906311035,1
3.2570924758911133,1
3.9148409366607666,1
3.4882280826568604,1
3.545452117919922,1
3.632122039794922,1
3.7592387199401855,1
3.901071071624756,1
3.7810840606689453,1
3.566619634628296,1
4.0298261642456055,1
3.6387293338775635,1
3.7604591846466064,1
3.654029607772827,1
3.5722970962524414,1
3.5016016960144043,1
3.6435153484344482,1
3.298940896987915,1
3.2468698024749756,1
3.6953001022338867,1
4.203873157501221,1
3.4282400608062744,1
3.668516159057617,1
3.505202054977417,1
3.3350415229797363,1
3.4484071731567383,1
3.8056235313415527,1
3.71506929397583,1
3.7971739768981934,1
4.048531532287598,1
3.521916627883911,1
3.5106606483459473,1
3.8951306343078613,1
3.7166011333465576,1
3.9204728603363037,1
4.34102725982666,1
3.4905829429626465,1
3.552159547805786,1
3.7524232864379883,1
3.380683422088623,1
3.5147900581359863,1
3.218501567840576,1
3.865851402282715,1
3.1799745559692383,1
3.430281400680542,1
3.0760650634765625,1
3.4383108615875244,1
3.721165180206299,1
3.1063456535339355,1
3.51701283454895,1
3.5581231117248535,1
4.246079444885254,1
3.1637043952941895,1
3.404005765914917,1
3.579862117767334,1
3.493837356567383,1
3.9778406620025635,1
3.51137638092041,1
3.918135166168213,1
3.963261842727661,1
3.635007858276367,1
3.1713452339172363,1
3.4795680046081543,1
3.4029791355133057,1
3.539642333984375,1
3.9322714805603027,1
3.4395456314086914,1
3.27193546295166,1
4.183717727661133,1
3.678617000579834,1
3.8353023529052734,1
3.8866939544677734,1
4.3817667961120605,1
3.9109439849853516,1
3.565168619155884,1
3.5218420028686523,1
3.9366745948791504,1
4.2026472091674805,1
4.016656875610352,1
3.6660842895507813,1
3.392381191253662,1
3.576826572418213,1
3.5078935623168945,1
3.8820011615753174,1
3.5526156425476074,1
3.495351552963257,1
3.1703460216522217,1
3.0252180099487305,1
3.296595573425293,1
3.7222023010253906,1
3.7738394737243652,1
3.376127004623413,1
3.203803539276123,1
3.2664175033569336,1
3.1870861053466797,1
3.730149269104004,1
3.664015531539917,1
3.148930072784424,1
4.181552886962891,1
3.143026351928711,1
3.914867877960205,1
3.193037986755371,1
3.2782576084136963,1
3.45224666595459,1
3.616265296936035,1
3.983150005340576,1
3.1441967487335205,1
3.866065502166748,1
3.682380199432373,1
3.1998965740203857,1
3.8078391551971436,1
3.6586618423461914,1
3.5418076515197754,1
3.968381643295288,1
3.8082985877990723,1
3.615168809890747,1
3.777860641479492,1
3.31380558013916,1
3.6018428802490234,1
3.825190544128418,1
3.5337977409362793,1
3.701622486114502,1
3.6439199447631836,1
3.7846429347991943,1
3.463731288909912,1
3.581963539123535,1
3.6019349098205566,1
3.113983631134033,1
3.662139892578125,1
3.559286117553711,1
3.555152416229248,1
3.841785192489624,1
3.3369569778442383,1
3.606302261352539,1
3.4991092681884766,1
3.3972578048706055,1
3.5257084369659424,1
3.0204453468322754,1
3.569526433944702,1
3.047214984893799,1
3.282418727874756,1
2.7435293197631836,1
3.873798131942749,1
3.3214049339294434,1
3.3123154640197754,1
3.959012985229492,1
3.1815223693847656,1
3.558222770690918,1
3.3908464908599854,1
3.5672385692596436,1
3.4880847930908203,1
3.450455904006958,1
3.14794921875,1
3.441134214401245,1
3.8595387935638428,1
3.636603355407715,1
3.4378435611724854,1
3.6007978916168213,1
3.010410785675049,1
3.7808892726898193,1
3.854989767074585,1
3.5959410667419434,1
3.390158176422119,1
3.627389430999756,1
3.7997021675109863,1
3.8248610496520996,1
3.0894923210144043,1
3.9977612495422363,1
3.8600008487701416,1
3.480678081512451,1
3.792743444442749,1
3.1567673683166504,1
3.6369059085845947,1
3.5707316398620605,1
3.71095609664917,1
3.6391003131866455,1
3.741640567779541,1
3.4678311347961426,1
3.1883344650268555,1
3.4791600704193115,1
3.4698259830474854,1
3.1325809955596924,1
3.3732166290283203,1
3.7682230472564697,1
3.5593910217285156,1
3.8555924892425537,1
4.324069023132324,1
3.808760166168213,1
3.6169543266296387,1
2.999746561050415,1
3.8135623931884766,1
4.177084922790527,1
3.2933387756347656,1
3.030238628387451,1
3.720200538635254,1
3.2450294494628906,1
3.722478151321411,1
3.3163046836853027,1
3.2567148208618164,1
3.2240309715270996,1
3.4211935997009277,1
3.4396872520446777,1
3.2906994819641113,1
4.242028713226318,1
3.742974281311035,1
3.1042087078094482,1
3.515751838684082,1
3.8698391914367676,1
3.5790553092956543,1
3.7938475608825684,1
3.6846184730529785,1
3.1873831748962402,1
2.905276298522949,1
3.4005136489868164,1
3.8342466354370117,1
4.1567487716674805,1
3.8099489212036133,1
4.637273788452148,1
3.4365432262420654,1
4.2403974533081055,1
3.708466053009033,1
3.682020902633667,1
3.910364866256714,1
3.7866404056549072,1
3.951308488845825,1
3.5898728370666504,1
3.4026308059692383,1
3.4530675411224365,1
3.5936622619628906,1
3.346303939819336,1
3.496314287185669,1
4.04571533203125,1
3.325864315032959,1
3.5058603286743164,1
3.6945972442626953,1
3.4457449913024902,1
4.568800926208496,1
3.528465509414673,1
3.2957398891448975,1
2.700779438018799,1
3.6284608840942383,1
3.7793946266174316,1
3.5367372035980225,1
4.056963920593262,1
4.329914569854736,1
3.5048108100891113,1
3.340562105178833,1
3.2958712577819824,1
3.553926944732666,1
3.2552666664123535,1
3.5819830894470215,1
3.242659568786621,1
3.6292643547058105,1
3.027268409729004,1
3.158686637878418,1
3.9387760162353516,1
3.6637940406799316,1
2.776890516281128,1
3.7935853004455566,1
4.1169514656066895,1
3.496100425720215,1
3.5908312797546387,1
3.560755491256714,1
3.1228599548339844,1
3.771780490875244,1
3.000983715057373,1
3.3220982551574707,1
3.621072769165039,1
3.2326862812042236,1
3.243750810623169,1
3.1704883575439453,1
3.0981922149658203,1
3.3865320682525635,1
3.694786548614502,1
3.480443000793457,1
3.2841694355010986,1
3.29188871383667,1
3.4809718132019043,1
4.2492218017578125,1
3.4742789268493652,1
3.745201349258423,1
3.657510280609131,1
4.313963890075684,1
3.066460132598877,1
3.576446533203125,1
2.976958751678467,1
3.3562707901000977,1
3.2659683227539063,1
3.031402111053467,1
3.541393280029297,1
3.4868531227111816,1
3.956423759460449,1
3.3749897480010986,1
3.3465209007263184,1
3.8963592052459717,1
4.055498123168945,1
2.9699909687042236,1
3.428694725036621,1
3.6960272789001465,1
3.387812852859497,1
3.898317575454712,1
3.2955589294433594,1
3.8102970123291016,1
3.8663508892059326,1
3.0241663455963135,1
3.7395310401916504,1
3.408295154571533,1
3.8840298652648926,1
3.5591044425964355,1
3.2763845920562744,1
3.1104063987731934,1
3.7311606407165527,1
3.8440794944763184,1
3.017425537109375,1
3.9159045219421387,1
3.3398056030273438,1
3.137265682220459,1
3.5863914489746094,1
3.6879875659942627,1
3.4611432552337646,1
3.7864437103271484,1
3.8252477645874023,1
3.7433929443359375,1
3.247025489807129,1
3.349763870239258,1
3.7015609741210938,1
3.3123505115509033,1
3.3635988235473633,1
3.430697202682495,1
3.3869104385375977,1
4.034477233886719,1
3.2224314212799072,1
3.3637404441833496,1
3.3029069900512695,1
3.532005786895752,1
3.1274774074554443,1
3.6312215328216553,1
4.216524600982666,1
3.87953519821167,1
3.7603700160980225,1
3.3631157875061035,1
4.172898292541504,1
3.4545645713806152,1
3.575406551361084,1
3.4952492713928223,1
4.062522888183594,1
3.865907669067383,1
3.9048585891723633,1
3.9599215984344482,1
4.387704849243164,1
4.132950782775879,1
3.828725814819336,1
3.6886463165283203,1
3.4927964210510254,1
3.848896026611328,1
3.4663987159729004,1
3.7850303649902344,1
4.2543840408325195,1
3.633012533187866,1
3.155749559402466,1
4.354398250579834,1
3.9235312938690186,1
3.4574356079101563,1
3.7913143634796143,1
3.6960644721984863,1
3.923255443572998,1
3.642810106277466,1
3.571430206298828,1
3.21806001663208,1
3.421238899230957,1
3.313838005065918,1
3.932036876678467,1
3.6663594245910645,1
3.4845356941223145,1
3.9400224685668945,1
3.674889087677002,1
3.8701553344726563,1
3.646669864654541,1
3.862863779067993,1
3.5842628479003906,1
3.9083807468414307,1
3.5322623252868652,1
4.070689678192139,1
3.593095302581787,1
4.394448280334473,1
3.3127150535583496,1
3.7370872497558594,1
3.6207165718078613,1
3.2170019149780273,1
4.0258636474609375,1
4.167611122131348,1
3.7670741081237793,1
3.629404067993164,1
4.069307804107666,1
4.085809707641602,1
4.121493339538574,1
3.611748218536377,1
3.3694047927856445,1
4.174051284790039,1
3.7013471126556396,1
3.5654451847076416,1
3.3998963832855225,1
3.641261100769043,1
2.7442617416381836,1
3.3417322635650635,1
3.2357425689697266,1
3.013493776321411,1
3.6011834144592285,1
3.81229305267334,1
3.8397610187530518,1
3.5881338119506836,1
3.249802589416504,1
3.841620445251465,1
3.6540756225585938,1
3.914031505584717,1
3.632582187652588,1
3.3754920959472656,1
3.464649200439453,1
3.590461254119873,1
3.021312713623047,1
3.7520694732666016,1
4.117316246032715,1
3.0258302688598633,1
3.2050485610961914,1
3.1162540912628174,1
3.4966835975646973,1
3.5048413276672363,1
3.5576512813568115,1
3.8155782222747803,1
3.145129680633545,1
3.1976730823516846,1
3.5804457664489746,1
3.613875389099121,1
3.4141879081726074,1
3.5630016326904297,1
3.6947174072265625,1
4.413111686706543,1
3.6900532245635986,1
3.2416255474090576,1
3.9199719429016113,1
3.936553955078125,1
3.4581339359283447,1
3.4233498573303223,1
3.4423763751983643,1
3.7643356323242188,1
3.4788432121276855,1
3.273904800415039,1
2.9771595001220703,1
3.462040662765503,1
3.6895363330841064,1
3.8850317001342773,1
2.984475612640381,1
3.6382431983947754,1
