4.145225524902344,1
3.4724316596984863,1
4.1088972091674805,1
4.013491153717041,1
3.704761028289795,1
3.7650790214538574,1
4.039455890655518,1
3.558506727218628,1
4.285557270050049,1
3.699812889099121,1
3.7859902381896973,1
3.739227771759033,1
3.7874956130981445,1
3.5859813690185547,1
4.15022087097168,1
3.494575023651123,1
4.150887966156006,1
3.6210360527038574,1
3.655141830444336,1
3.4841115474700928,1
3.269662380218506,1
3.4587509632110596,1
3.7558469772338867,1
4.136066436767578,1
3.618370771408081,1
3.9506468772888184,1
3.707209587097168,1
3.970339775085449,1
4.006814002990723,1
3.7699508666992188,1
4.389593124389648,1
3.8743369579315186,1
3.837062120437622,1
3.4514851570129395,1
3.2848308086395264,1
3.625095844268799,1
4.004354000091553,1
3.576115131378174,1
3.868863821029663,1
3.5982131958007813,1
3.8688831329345703,1
3.6100058555603027,1
3.4932849407196045,1
3.3063478469848633,1
2.962747573852539,1
3.6181414127349854,1
3.8286688327789307,1
4.514550685882568,1
4.002739906311035,1
3.486499309539795,1
3.4787845611572266,1
3.6650519371032715,1
4.00119686126709,1
3.796367645263672,1
3.8583099842071533,1
3.446016311645508,1
4.02775239944458,1
3.722346305847168,1
3.8992533683776855,1
4.028324127197266,1
3.1509652137756348,1
3.955949306488037,1
3.5762782096862793,1
4.261053085327148,1
3.9848403930664063,1
3.3982467651367188,1
3.521721124649048,1
3.457015037536621,1
3.7281086444854736,1
3.4875199794769287,1
3.010883092880249,1
3.176860809326172,1
4.443154335021973,1
4.112565040588379,1
4.0382795333862305,1
3.8540358543395996,1
3.175173759460449,1
3.5575389862060547,1
3.5622098445892334,1
3.7588984966278076,1
4.100008964538574,1
3.604166269302368,1
3.3016676902770996,1
3.1374146938323975,1
3.3221487998962402,1
3.703403949737549,1
3.8301901817321777,1
3.9753036499023438,1
3.445127010345459,1
4.512335300445557,1
3.6623926162719727,1
3.6763839721679688,1
4.076198101043701,1
3.9846208095550537,1
3.9833855628967285,1
3.552717447280884,1
4.425769329071045,1
3.5257062911987305,1
3.8538126945495605,1
4.543722629547119,1
3.83259916305542,1
4.105910301208496,1
4.857750415802002,1
4.284771919250488,1
3.730407238006592,1
4.514957427978516,1
3.768676996231079,1
4.570488929748535,1
3.87520432472229,1
3.9110703468322754,1
4.110248565673828,1
3.7894182205200195,1
4.032212734222412,1
3.935110569000244,1
3.6522011756896973,1
4.147930145263672,1
3.894061803817749,1
3.9464762210845947,1
3.6744682788848877,1
4.265880584716797,1
4.106986999511719,1
3.8402464389801025,1
5.170135021209717,1
4.514945030212402,1
3.7563135623931885,1
3.0972118377685547,1
3.540780782699585,1
3.929133415222168,1
4.665960788726807,1
4.330166816711426,1
3.8048830032348633,1
3.8722448348999023,1
3.4769508838653564,1
3.5205607414245605,1
4.026226043701172,1
3.776756763458252,1
4.201325416564941,1
3.5211257934570313,1
3.9074060916900635,1
3.8021631240844727,1
4.077876567840576,1
4.960943698883057,1
3.6852152347564697,1
3.713141918182373,1
3.9663174152374268,1
3.9878549575805664,1
3.4692275524139404,1
4.113084316253662,1
4.107049465179443,1
3.8041927814483643,1
3.6265177726745605,1
3.5537922382354736,1
3.875993251800537,1
4.639804840087891,1
3.8684499263763428,1
3.531510829925537,1
3.929290294647217,1
3.562455177307129,1
3.475362777709961,1
3.8163061141967773,1
4.185802459716797,1
4.583006858825684,1
3.515913963317871,1
3.2879841327667236,1
4.49500846862793,1
3.9702348709106445,1
3.854055404663086,1
4.023822784423828,1
4.320969104766846,1
4.457752227783203,1
4.3932671546936035,1
4.283376216888428,1
4.842676162719727,1
3.9076409339904785,1
3.8201067447662354,1
3.3748865127563477,1
4.646615028381348,1
4.16236686706543,1
3.4421370029449463,1
3.8454527854919434,1
3.9768764972686768,1
3.5033414363861084,1
3.9924423694610596,1
4.02025842666626,1
3.8461127281188965,1
3.5781662464141846,1
3.3773059844970703,1
4.575847625732422,1
3.610706090927124,1
3.7767114639282227,1
3.5535402297973633,1
3.528158187866211,1
3.801666259765625,1
3.537126064300537,1
3.9148476123809814,1
4.18455696105957,1
4.245665073394775,1
3.5042996406555176,1
3.775937080383301,1
3.7102251052856445,1
3.6591269969940186,1
3.3261983394622803,1
4.068906784057617,1
3.559295892715454,1
3.994839906692505,1
3.5518829822540283,1
3.506795883178711,1
3.6233105659484863,1
4.110159397125244,1
2.9430580139160156,1
3.437713384628296,1
3.3133091926574707,1
3.353671073913574,1
3.3306772708892822,1
3.6820812225341797,1
3.654562473297119,1
3.3119852542877197,1
3.3846945762634277,1
3.1255109310150146,1
3.650519847869873,1
3.417738437652588,1
3.145883560180664,1
3.655496120452881,1
3.3969099521636963,1
3.5225892066955566,1
3.9556379318237305,1
3.848081588745117,1
3.265554428100586,1
3.8339357376098633,1
4.233778476715088,1
3.619011402130127,1
3.500642776489258,1
3.3883285522460938,1
3.3712520599365234,1
3.653324604034424,1
4.142541408538818,1
4.524444580078125,1
4.273547649383545,1
3.93276309967041,1
3.1635818481445313,1
3.7575936317443848,1
3.376664161682129,1
3.754575252532959,1
3.3990793228149414,1
3.661452054977417,1
3.8759334087371826,1
4.144848823547363,1
3.7857797145843506,1
4.331058979034424,1
3.736255407333374,1
3.778333902359009,1
4.351778984069824,1
3.547588348388672,1
3.715984344482422,1
4.56494140625,1
3.7018308639526367,1
4.035787105560303,1
3.910959243774414,1
3.5634260177612305,1
4.57598876953125,1
4.121862888336182,1
4.211402416229248,1
3.3339834213256836,1
4.052634239196777,1
3.2288341522216797,1
3.393718719482422,1
3.7513303756713867,1
3.488441228866577,1
4.0013861656188965,1
3.825674057006836,1
3.726559638977051,1
3.905442476272583,1
3.772207498550415,1
3.6201601028442383,1
4.041853904724121,1
3.3512179851531982,1
3.4598515033721924,1
3.5963871479034424,1
3.3928728103637695,1
3.424905776977539,1
4.102313041687012,1
3.2157394886016846,1
4.679812908172607,1
3.6689929962158203,1
3.556361198425293,1
4.012401580810547,1
3.375688076019287,1
3.453835964202881,1
3.617147445678711,1
3.5425033569335938,1
4.518131732940674,1
3.69435453414917,1
3.318122386932373,1
3.3270864486694336,1
3.9735429286956787,1
3.8166069984436035,1
3.3561453819274902,1
3.7703964710235596,1
3.48466420173645,1
3.7059571743011475,1
3.410367012023926,1
3.719250202178955,1
4.879355430603027,1
3.6204893589019775,1
3.597060441970825,1
3.237290143966675,1
4.363117694854736,1
3.655461311340332,1
3.420501947402954,1
3.718984842300415,1
3.4077529907226563,1
3.6303791999816895,1
3.5094733238220215,1
3.5575551986694336,1
4.15373420715332,1
3.9645497798919678,1
3.467224597930908,1
3.988900899887085,1
4.032949447631836,1
3.446415901184082,1
4.028310775756836,1
4.395693778991699,1
3.787487745285034,1
3.517961025238037,1
4.261002063751221,1
4.0851640701293945,1
3.6198065280914307,1
3.6778244972229004,1
3.9125189781188965,1
4.810055732727051,1
3.6670637130737305,1
3.3052115440368652,1
4.377829551696777,1
3.758699893951416,1
3.761643409729004,1
3.1800577640533447,1
3.9879519939422607,1
4.340662002563477,1
4.3423357009887695,1
3.9655232429504395,1
3.9766433238983154,1
3.870551586151123,1
4.981534004211426,1
3.683657646179199,1
3.3395938873291016,1
3.3449554443359375,1
4.835076808929443,1
4.749807357788086,1
3.839608669281006,1
3.8463563919067383,1
3.4274721145629883,1
3.436988353729248,1
3.8373055458068848,1
3.739088773727417,1
3.9751837253570557,1
3.8847007751464844,1
4.278250694274902,1
4.111127853393555,1
5.20206880569458,1
4.774022579193115,1
3.947906017303467,1
3.8000903129577637,1
4.127607345581055,1
4.684971809387207,1
3.6051688194274902,1
3.5852699279785156,1
3.9404025077819824,1
4.158514976501465,1
4.819972515106201,1
3.7690858840942383,1
3.250464916229248,1
3.496804714202881,1
3.4736132621765137,1
4.216245651245117,1
3.7225470542907715,1
4.6742143630981445,1
3.6240086555480957,1
4.114696979522705,1
3.926614284515381,1
4.003681182861328,1
3.5482516288757324,1
3.255295991897583,1
3.2064685821533203,1
4.613949775695801,1
4.0479631423950195,1
3.7841262817382813,1
3.5008926391601563,1
3.5230331420898438,1
4.222847938537598,1
3.9078259468078613,1
3.3788716793060303,1
3.6706137657165527,1
3.7098333835601807,1
3.496377468109131,1
3.594326972961426,1
3.8612804412841797,1
3.9193098545074463,1
3.884819507598877,1
3.636991024017334,1
4.198328495025635,1
3.470982074737549,1
3.1945173740386963,1
3.9489927291870117,1
3.114299774169922,1
3.581211805343628,1
4.200399875640869,1
3.1651477813720703,1
3.3793530464172363,1
4.120569229125977,1
3.9901533126831055,1
3.5955405235290527,1
3.6725049018859863,1
3.7725791931152344,1
3.5906126499176025,1
3.5748836994171143,1
3.859745979309082,1
3.460880994796753,1
3.584501028060913,1
4.649817943572998,1
3.3584506511688232,1
3.6006383895874023,1
3.478076457977295,1
3.9041354656219482,1
3.359867572784424,1
3.8884341716766357,1
3.8402109146118164,1
3.924839735031128,1
3.9667043685913086,1
3.9058070182800293,1
3.675874710083008,1
3.989819049835205,1
3.055370330810547,1
5.137086868286133,1
4.075282573699951,1
3.451536178588867,1
3.6431965827941895,1
3.8337762355804443,1
3.809723138809204,1
3.843015670776367,1
3.6766223907470703,1
3.381549835205078,1
4.021305084228516,1
4.260824680328369,1
4.222362518310547,1
4.1251678466796875,1
4.082056045532227,1
4.083454132080078,1
3.997684955596924,1
3.8714847564697266,1
4.334898948669434,1
4.501563549041748,1
5.002223968505859,1
4.764706611633301,1
4.2437591552734375,1
4.032509803771973,1
3.522897720336914,1
3.8655943870544434,1
3.6880743503570557,1
3.9525251388549805,1
4.13907527923584,1
4.332603931427002,1
3.993168354034424,1
3.861392021179199,1
3.717235565185547,1
3.7204580307006836,1
4.088860511779785,1
3.8762216567993164,1
3.4964592456817627,1
3.8073720932006836,1
5.662238121032715,1
4.182063102722168,1
3.6832332611083984,1
4.039884090423584,1
3.782183885574341,1
4.100782871246338,1
3.708279609680176,1
3.6759915351867676,1
3.7577362060546875,1
3.722127914428711,1
3.947841167449951,1
4.184567451477051,1
4.1493072509765625,1
3.911776542663574,1
3.9121205806732178,1
4.1581878662109375,1
3.6821300983428955,1
3.772904396057129,1
3.723827362060547,1
3.6166491508483887,1
4.502002716064453,1
3.694218158721924,1
3.5565309524536133,1
4.002685546875,1
3.9841103553771973,1
4.18951416015625,1
3.9835848808288574,1
3.7410101890563965,1
5.571383476257324,1
5.560784816741943,1
3.9237818717956543,1
4.074298858642578,1
3.797884464263916,1
4.0932745933532715,1
4.459102153778076,1
3.8014755249023438,1
3.4294016361236572,1
3.977938175201416,1
4.399045944213867,1
3.52211332321167,1
3.964046001434326,1
4.061561584472656,1
4.43705940246582,1
4.025296688079834,1
3.445234537124634,1
4.33508825302124,1
3.5554986000061035,1
4.113217353820801,1
4.180170059204102,1
3.605236768722534,1
3.1896469593048096,1
3.3848791122436523,1
3.9241931438446045,1
3.9598069190979004,1
4.0573811531066895,1
3.5038671493530273,1
4.482565879821777,1
3.946160316467285,1
3.862976551055908,1
3.911160707473755,1
3.5511350631713867,1
3.8179237842559814,1
3.8285398483276367,1
4.218903541564941,1
3.635218381881714,1
3.7151613235473633,1
3.4566497802734375,1
3.729414463043213,1
3.813754081726074,1
4.28203010559082,1
3.1811680793762207,1
3.9612796306610107,1
4.043638229370117,1
3.4907209873199463,1
3.820374011993408,1
3.784766912460327,1
4.369235992431641,1
3.431199550628662,1
3.9908952713012695,1
4.151432037353516,1
3.918231725692749,1
3.634598731994629,1
3.7369136810302734,1
3.1767687797546387,1
4.133741855621338,1
5.403323650360107,1
3.448411464691162,1
4.119573593139648,1
3.6614086627960205,1
3.761582851409912,1
3.887392520904541,1
4.87746524810791,1
4.973496913909912,1
4.053501129150391,1
3.7290234565734863,1
3.836548328399658,1
3.967646360397339,1
4.367059707641602,1
3.4074134826660156,1
3.816653251647949,1
3.8528904914855957,1
3.570803165435791,1
3.9666481018066406,1
3.5892958641052246,1
3.584562301635742,1
3.7401576042175293,1
3.775578498840332,1
3.498039960861206,1
3.5565807819366455,1
4.253535747528076,1
3.4666786193847656,1
3.570828914642334,1
4.999241828918457,1
3.476095676422119,1
3.4782629013061523,1
3.432969093322754,1
3.4991979598999023,1
3.9228639602661133,1
3.315201759338379,1
4.68429708480835,1
3.7994909286499023,1
3.816300630569458,1
4.805309772491455,1
3.68843674659729,1
3.2223730087280273,1
3.910291910171509,1
4.463184356689453,1
4.249823093414307,1
3.6877939701080322,1
4.032630920410156,1
3.7422804832458496,1
4.032835960388184,1
3.8499386310577393,1
3.7138381004333496,1
3.9160003662109375,1
3.957746982574463,1
3.9473459720611572,1
3.951070785522461,1
4.240199565887451,1
3.894461154937744,1
4.118510723114014,1
4.3585357666015625,1
3.446530818939209,1
3.6160244941711426,1
3.8863348960876465,1
3.3582534790039063,1
3.985405683517456,1
3.220541000366211,1
3.5507302284240723,1
3.82327938079834,1
3.7287309169769287,1
3.8068411350250244,1
3.7516613006591797,1
4.203836917877197,1
3.7216715812683105,1
3.611452579498291,1
4.023262023925781,1
3.3522911071777344,1
3.7370073795318604,1
3.9826889038085938,1
3.9721884727478027,1
3.547783851623535,1
4.235697269439697,1
4.073754787445068,1
4.341442108154297,1
4.865657806396484,1
4.328649044036865,1
3.8747777938842773,1
3.9883193969726563,1
3.1068599224090576,1
3.954768180847168,1
3.4544546604156494,1
4.302432060241699,1
3.4035587310791016,1
4.258769989013672,1
3.996797561645508,1
3.6415162086486816,1
4.980409145355225,1
4.071921348571777,1
3.8466367721557617,1
4.24826192855835,1
3.793276786804199,1
4.164746284484863,1
4.3917717933654785,1
3.9575743675231934,1
3.9018495082855225,1
4.293341636657715,1
3.955658435821533,1
3.639564275741577,1
3.4707727432250977,1
3.954878091812134,1
4.04994535446167,1
3.7839128971099854,1
3.791116237640381,1
3.758359909057617,1
3.683257818222046,1
4.069582939147949,1
2.9062342643737793,1
3.225191593170166,1
3.7512969970703125,1
3.5277440547943115,1
4.192997932434082,1
3.8769583702087402,1
3.6985867023468018,1
3.4738922119140625,1
3.810811758041382,1
3.7593111991882324,1
3.368772506713867,1
3.9764480590820313,1
3.8934061527252197,1
3.8623709678649902,1
3.422032117843628,1
3.492648124694824,1
4.154268264770508,1
3.619225025177002,1
3.501336097717285,1
3.1222078800201416,1
3.4615836143493652,1
3.3626716136932373,1
3.8576083183288574,1
4.136544227600098,1
3.0676116943359375,1
4.075478553771973,1
3.489285469055176,1
3.504697322845459,1
3.9574313163757324,1
4.097381114959717,1
3.648857355117798,1
3.7708799839019775,1
3.808868885040283,1
3.8289332389831543,1
4.070655822753906,1
4.595559597015381,1
3.9298787117004395,1
4.025605201721191,1
3.8841261863708496,1
4.193887710571289,1
4.5031538009643555,1
4.247174263000488,1
4.382761478424072,1
3.8509926795959473,1
4.075141906738281,1
3.936725616455078,1
3.2187883853912354,1
3.7957236766815186,1
4.511876106262207,1
4.599130630493164,1
4.72834587097168,1
4.212157249450684,1
3.3599424362182617,1
3.4684677124023438,1
5.011922836303711,1
4.613861083984375,1
3.6086814403533936,1
3.7057676315307617,1
3.863469362258911,1
4.815293788909912,1
4.394282341003418,1
4.112541675567627,1
4.046726703643799,1
3.90275239944458,1
3.7618017196655273,1
3.9997446537017822,1
4.423725605010986,1
3.548938751220703,1
3.9344191551208496,1
4.600238800048828,1
4.010030746459961,1
3.6069774627685547,1
3.757197856903076,1
3.776857376098633,1
3.432589292526245,1
3.923027992248535,1
3.3300085067749023,1
4.262115955352783,1
3.4481489658355713,1
3.441694736480713,1
4.02149772644043,1
4.685341835021973,1
3.437075138092041,1
3.1263136863708496,1
3.562466621398926,1
3.7411630153656006,1
3.5653748512268066,1
3.621004104614258,1
3.8111343383789063,1
3.6245861053466797,1
3.652808427810669,1
3.7253878116607666,1
3.7809853553771973,1
4.495136260986328,1
3.924426794052124,1
3.7920260429382324,1
3.6297478675842285,1
3.4800262451171875,1
4.6679816246032715,1
3.9718408584594727,1
3.7923707962036133,1
4.944629669189453,1
4.211935043334961,1
3.5540950298309326,1
4.2205810546875,1
4.2728376388549805,1
4.737574100494385,1
4.077874183654785,1
3.466024875640869,1
3.9210777282714844,1
3.5212502479553223,1
3.8748953342437744,1
5.016574859619141,1
3.7884347438812256,1
3.6728529930114746,1
3.5330450534820557,1
5.507983207702637,1
4.134555339813232,1
4.052182197570801,1
3.6968894004821777,1
3.952336311340332,1
3.9513092041015625,1
4.511364936828613,1
3.8805556297302246,1
3.8643202781677246,1
3.674551010131836,1
3.5804443359375,1
3.7215001583099365,1
3.835777759552002,1
3.5364904403686523,1
4.117116928100586,1
4.178197383880615,1
4.212410926818848,1
3.6397838592529297,1
3.517927646636963,1
3.9096546173095703,1
4.363743305206299,1
4.1602349281311035,1
4.195887565612793,1
3.498903751373291,1
4.121802806854248,1
3.725287914276123,1
3.6455419063568115,1
3.545668125152588,1
3.8253445625305176,1
4.29864501953125,1
5.024541854858398,1
3.8491122722625732,1
4.215716361999512,1
4.949650287628174,1
3.3955721855163574,1
3.653900146484375,1
4.937282562255859,1
3.82753849029541,1
4.777606964111328,1
4.079438209533691,1
4.111686706542969,1
4.579526424407959,1
4.050076961517334,1
4.869479656219482,1
4.061919689178467,1
4.193728923797607,1
3.8844432830810547,1
3.5257246494293213,1
4.038511276245117,1
4.8964457511901855,1
3.473011016845703,1
4.463563919067383,1
3.457092761993408,1
4.264571189880371,1
4.835539817810059,1
3.788966655731201,1
3.858121871948242,1
4.115163326263428,1
4.222465515136719,1
3.9937570095062256,1
4.019163608551025,1
3.87085223197937,1
3.6053624153137207,1
3.812939405441284,1
4.067682266235352,1
3.493720531463623,1
4.253900051116943,1
3.3754568099975586,1
3.5193982124328613,1
3.563342571258545,1
4.143974781036377,1
3.5997824668884277,1
3.689918041229248,1
3.3355963230133057,1
4.402837753295898,1
3.9678049087524414,1
3.307546854019165,1
3.566952705383301,1
4.6390533447265625,1
3.601250648498535,1
3.404287099838257,1
3.5483176708221436,1
3.520768642425537,1
4.1673078536987305,1
3.744178295135498,1
3.7667360305786133,1
3.420623302459717,1
3.8485426902770996,1
3.8418221473693848,1
3.710092067718506,1
3.4305758476257324,1
3.556203842163086,1
3.6163859367370605,1
4.075884819030762,1
3.345949172973633,1
3.7842540740966797,1
6.066838264465332,1
4.115686416625977,1
3.6818008422851563,1
5.282346248626709,1
4.6324462890625,1
4.300022602081299,1
4.079996109008789,1
4.406731605529785,1
4.830238342285156,1
4.465007781982422,1
3.973538875579834,1
3.9234085083007813,1
4.380976676940918,1
4.646966457366943,1
4.744856834411621,1
4.634281158447266,1
4.342628479003906,1
4.900485992431641,1
4.032074928283691,1
4.454106330871582,1
4.228650093078613,1
4.450926780700684,1
4.032069206237793,1
5.327336311340332,1
4.047970771789551,1
4.33806037902832,1
4.6865692138671875,1
3.9405627250671387,1
3.712794303894043,1
3.7716898918151855,1
4.165360450744629,1
3.8753581047058105,1
4.571385383605957,1
4.050711631774902,1
4.0689897537231445,1
3.759270429611206,1
4.0833210945129395,1
3.40592360496521,1
3.477721929550171,1
3.883018732070923,1
3.831669330596924,1
3.862111806869507,1
3.9603960514068604,1
3.83798885345459,1
3.744781970977783,1
4.270622253417969,1
4.107831001281738,1
4.402710914611816,1
3.5893797874450684,1
3.549412250518799,1
4.038690090179443,1
3.7015275955200195,1
4.1944732666015625,1
4.447147846221924,1
3.6121692657470703,1
3.675841808319092,1
4.201125621795654,1
3.491576671600342,1
4.3304290771484375,1
3.1976046562194824,1
3.2310142517089844,1
3.8603837490081787,1
3.637761116027832,1
3.6981325149536133,1
3.6771440505981445,1
4.294177532196045,1
3.7518997192382813,1
3.823167085647583,1
4.892293930053711,1
3.720974922180176,1
4.146320819854736,1
4.331667900085449,1
3.69282865524292,1
3.8574721813201904,1
4.618305206298828,1
4.22089147567749,1
3.451338291168213,1
4.868508338928223,1
3.928617477416992,1
3.990886926651001,1
4.920537948608398,1
4.442302227020264,1
4.981444358825684,1
3.0813956260681152,1
3.8882365226745605,1
4.249149799346924,1
4.333221435546875,1
4.391576290130615,1
3.6754839420318604,1
4.083270072937012,1
4.450130462646484,1
3.9340553283691406,1
3.6157312393188477,1
3.8302884101867676,1
4.021627426147461,1
3.6610260009765625,1
3.5066728591918945,1
4.403937339782715,1
3.6369433403015137,1
4.095767021179199,1
4.822142124176025,1
4.124520778656006,1
3.6852636337280273,1
3.321741819381714,1
3.3510680198669434,1
3.9686293601989746,1
4.356008529663086,1
3.8078739643096924,1
4.160898208618164,1
3.986616373062134,1
3.844341516494751,1
4.071907997131348,1
4.337979316711426,1
3.6683781147003174,1
3.4202117919921875,1
3.8233642578125,1
3.9337573051452637,1
3.5745744705200195,1
3.620849609375,1
4.406944751739502,1
3.4925122261047363,1
4.002626419067383,1
3.7692911624908447,1
4.174437999725342,1
3.497319221496582,1
3.9731674194335938,1
3.6031370162963867,1
5.391951084136963,1
3.9267044067382813,1
3.453691244125366,1
4.113640785217285,1
3.539686918258667,1
3.9509360790252686,1
3.743229866027832,1
3.5722403526306152,1
3.3197696208953857,1
4.313993453979492,1
4.112388610839844,1
3.965561866760254,1
3.734330654144287,1
3.4800500869750977,1
3.578165054321289,1
4.419565677642822,1
3.605827808380127,1
4.111139297485352,1
3.8040242195129395,1
3.115962505340576,1
3.640904426574707,1
3.663158655166626,1
3.857767105102539,1
4.407083034515381,1
3.3468685150146484,1
4.136643409729004,1
4.175723075866699,1
3.9444143772125244,1
3.626032590866089,1
3.621161460876465,1
3.3785712718963623,1
3.780949592590332,1
3.914937973022461,1
3.3987269401550293,1
3.8594632148742676,1
3.6016526222229004,1
4.035800457000732,1
4.1646575927734375,1
2.890817880630493,1
4.26972770690918,1
4.014353275299072,1
3.846984386444092,1
4.158724784851074,1
3.959759473800659,1
3.1815080642700195,1
3.7070155143737793,1
4.905874729156494,1
3.7936105728149414,1
4.5653886795043945,1
3.379289388656616,1
4.425812244415283,1
3.8410816192626953,1
3.3634767532348633,1
4.168992042541504,1
4.0711212158203125,1
4.595611095428467,1
4.074342727661133,1
3.6941423416137695,1
4.56606388092041,1
4.304364204406738,1
4.190047264099121,1
3.7786366939544678,1
4.008381366729736,1
3.670228958129883,1
3.801210880279541,1
3.5701611042022705,1
4.1265435218811035,1
4.044135093688965,1
5.049981117248535,1
4.373186111450195,1
3.748375415802002,1
4.020073413848877,1
4.14666748046875,1
3.1646220684051514,1
5.193224906921387,1
3.804304361343384,1
4.252863883972168,1
3.301008939743042,1
3.305262327194214,1
3.52447247505188,1
3.359548330307007,1
3.6326522827148438,1
3.8945295810699463,1
4.299631118774414,1
3.665029525756836,1
4.752749919891357,1
4.683215618133545,1
3.962151527404785,1
3.657087564468384,1
3.9130778312683105,1
3.9532978534698486,1
3.511396884918213,1
3.775798797607422,1
3.810682773590088,1
3.641127109527588,1
3.3183400630950928,1
3.201584815979004,1
3.815164089202881,1
3.503267526626587,1
3.6426119804382324,1
3.465485095977783,1
3.763009548187256,1
3.6810479164123535,1
3.8252458572387695,1
3.9692459106445313,1
4.136089324951172,1
4.2537150382995605,1
4.121364116668701,1
4.175227165222168,1
3.784135103225708,1
3.8109583854675293,1
3.6169347763061523,1
4.3782758712768555,1
3.538743019104004,1
3.7621657848358154,1
4.086725234985352,1
3.689666748046875,1
3.5501742362976074,1
4.076517581939697,1
3.603823661804199,1
4.574831962585449,1
4.895748138427734,1
3.929283618927002,1
3.6839370727539063,1
4.286332607269287,1
3.5591633319854736,1
3.224045991897583,1
3.891554355621338,1
3.3958959579467773,1
4.367648124694824,1
3.8764538764953613,1
3.75408673286438,1
3.674394130706787,1
3.491007089614868,1
3.0676043033599854,1
3.1942503452301025,1
4.42804479598999,1
3.940275192260742,1
3.917407989501953,1
3.5989904403686523,1
3.6052608489990234,1
3.248204231262207,1
3.9582765102386475,1
3.0915956497192383,1
3.735356569290161,1
4.007186412811279,1
4.494614601135254,1
3.82621431350708,1
4.094367980957031,1
3.618351459503174,1
4.117549896240234,1
3.866323471069336,1
3.9270334243774414,1
4.38194465637207,1
4.02105712890625,1
3.7211408615112305,1
3.540602207183838,1
3.6017839908599854,1
3.9147586822509766,1
3.4739627838134766,1
4.141212463378906,1
3.4302730560302734,1
4.296135902404785,1
4.1173810958862305,1
5.348877429962158,1
3.757809638977051,1
3.615626335144043,1
3.6574349403381348,1
4.131931781768799,1
4.105778694152832,1
4.2786865234375,1
3.595329761505127,1
3.6789653301239014,1
3.679111957550049,1
3.5488510131835938,1
3.365464210510254,1
3.3526391983032227,1
3.699337959289551,1
3.5923984050750732,1
4.022818565368652,1
3.8017196655273438,1
3.2427592277526855,1
4.183392524719238,1
3.7239463329315186,1
3.610640287399292,1
4.354228496551514,1
3.565513849258423,1
3.600475788116455,1
3.244706630706787,1
3.722404956817627,1
4.270544528961182,1
3.864062547683716,1
3.481144428253174,1
3.859910249710083,1
3.503281593322754,1
3.583801746368408,1
3.5585532188415527,1
3.7111964225769043,1
3.8385910987854004,1
3.521817207336426,1
3.6046361923217773,1
4.235182285308838,1
3.452150344848633,1
4.009424209594727,1
3.7404966354370117,1
3.5544161796569824,1
4.314766883850098,1
3.768216609954834,1
3.149064064025879,1
3.2150089740753174,1
3.8075623512268066,1
3.3755035400390625,1
3.0203843116760254,1
3.8787760734558105,1
4.925845146179199,1
3.7049825191497803,1
3.668123483657837,1
4.338654518127441,1
3.7344746589660645,1
4.0681586265563965,1
3.8177430629730225,1
3.896949529647827,1
3.3338451385498047,1
3.5181710720062256,1
3.8850913047790527,1
3.3972339630126953,1
3.221831798553467,1
3.8639214038848877,1
3.9959726333618164,1
3.375687599182129,1
4.505611419677734,1
3.7060399055480957,1
3.117436408996582,1
3.7459044456481934,1
4.182097434997559,1
3.6810412406921387,1
4.1962761878967285,1
3.972839832305908,1
3.941492795944214,1
3.0791707038879395,1
3.348083019256592,1
3.981055736541748,1
3.4131920337677,1
3.393268585205078,1
3.4592113494873047,1
3.7743873596191406,1
3.8389015197753906,1
3.6900057792663574,1
3.8954224586486816,1
3.5296425819396973,1
3.6132848262786865,1
3.821831226348877,1
3.789003849029541,1
3.3842954635620117,1
3.936354637145996,1
3.929290771484375,1
3.5317559242248535,1
3.7028512954711914,1
3.544642925262451,1
3.714266300201416,1
3.438621997833252,1
3.484022617340088,1
3.3212404251098633,1
4.115450382232666,1
3.414923667907715,1
3.6545398235321045,1
3.522306442260742,1
4.727747917175293,1
3.5578973293304443,1
4.034580230712891,1
3.93251633644104,1
3.7420082092285156,1
4.051849365234375,1
3.727372646331787,1
3.364649534225464,1
4.151834964752197,1
4.395242214202881,1
4.13961124420166,1
3.5497231483459473,1
4.041924953460693,1
4.102314472198486,1
3.6145005226135254,1
3.467907190322876,1
3.739708423614502,1
4.844234466552734,1
3.9938175678253174,1
4.31526517868042,1
3.6052184104919434,1
4.190038681030273,1
3.9130260944366455,1
3.8583414554595947,1
3.631871461868286,1
3.5904459953308105,1
3.507399082183838,1
3.44254207611084,1
4.055004119873047,1
3.6091549396514893,1
3.4949798583984375,1
3.8944649696350098,1
4.032566070556641,1
3.270822525024414,1
3.537912130355835,1
3.975985050201416,1
3.405625104904175,1
4.082617282867432,1
4.044836044311523,1
3.7587954998016357,1
3.4190878868103027,1
3.6680750846862793,1
3.747573137283325,1
3.9190309047698975,1
4.462779998779297,1
4.571539878845215,1
3.810779571533203,1
3.636857032775879,1
4.4103684425354,1
3.963604211807251,1
3.9285120964050293,1
3.5734729766845703,1
3.8741486072540283,1
3.629594087600708,1
4.033970355987549,1
3.7776410579681396,1
3.6090145111083984,1
4.7598066329956055,1
3.994748592376709,1
3.6195483207702637,1
3.8593153953552246,1
4.572136402130127,1
4.2575297355651855,1
3.7850661277770996,1
3.727591037750244,1
3.8738837242126465,1
4.116856098175049,1
4.656706809997559,1
3.9352216720581055,1
3.9361886978149414,1
3.9465198516845703,1
3.9311776161193848,1
3.0764074325561523,1
3.2312207221984863,1
3.3328070640563965,1
3.8510842323303223,1
4.073889255523682,1
3.585139751434326,1
3.7134087085723877,1
3.4204039573669434,1
4.305413722991943,1
3.8159947395324707,1
4.696347236633301,1
3.6965482234954834,1
3.922140121459961,1
3.671069622039795,1
3.6195003986358643,1
3.2414278984069824,1
3.593228340148926,1
3.7766082286834717,1
3.8200154304504395,1
3.4537224769592285,1
4.603428363800049,1
3.4265410900115967,1
4.255703449249268,1
5.204587936401367,1
3.9398446083068848,1
4.14101505279541,1
4.053215026855469,1
3.988631248474121,1
4.631834983825684,1
3.6375691890716553,1
4.06144380569458,1
4.389054298400879,1
4.923042297363281,1
4.942965507507324,1
4.426373481750488,1
4.220850944519043,1
3.897092819213867,1
3.796792984008789,1
4.416469573974609,1
4.961178779602051,1
5.949941635131836,1
4.2987446784973145,1
4.4763336181640625,1
4.745032787322998,1
5.258211135864258,1
4.22605037689209,1
3.3932175636291504,1
3.4140915870666504,1
4.449764251708984,1
5.356815814971924,1
3.8023271560668945,1
3.132599353790283,1
3.4139609336853027,1
4.136289596557617,1
4.597477912902832,1
3.7396907806396484,1
3.5741500854492188,1
4.22199821472168,1
3.8804240226745605,1
4.171051502227783,1
3.4217615127563477,1
3.303414821624756,1
4.206097602844238,1
3.794384717941284,1
3.651611566543579,1
4.033480167388916,1
4.3201904296875,1
4.324557781219482,1
4.015700817108154,1
4.429654121398926,1
3.409061908721924,1
4.016698360443115,1
4.145439147949219,1
4.028799057006836,1
3.7603893280029297,1
3.73717999458313,1
3.56626296043396,1
3.5514345169067383,1
3.907735824584961,1
3.9185075759887695,1
4.019389629364014,1
3.475198745727539,1
3.47332763671875,1
3.8637337684631348,1
3.9795174598693848,1
3.6899685859680176,1
4.029514312744141,1
4.063521385192871,1
3.7069225311279297,1
3.5556771755218506,1
3.61196231842041,1
3.636232376098633,1
5.036897659301758,1
3.8937742710113525,1
4.151003837585449,1
3.459372043609619,1
3.7821545600891113,1
3.3764679431915283,1
4.524357795715332,1
2.9071195125579834,1
3.2486836910247803,1
3.5204315185546875,1
3.549560546875,1
4.132575511932373,1
3.336378812789917,1
4.008955955505371,1
3.803940534591675,1
4.3667168617248535,1
3.9280591011047363,1
3.924065589904785,1
4.6498894691467285,1
3.967346429824829,1
3.6133861541748047,1
3.6546549797058105,1
3.9640116691589355,1
4.0841145515441895,1
3.7191131114959717,1
4.268792152404785,1
3.8804755210876465,1
3.6717824935913086,1
4.386928081512451,1
3.28179931640625,1
4.051884174346924,1
3.553400993347168,1
3.7543137073516846,1
3.2542686462402344,1
4.248414039611816,1
4.2499589920043945,1
3.507875919342041,1
3.6539621353149414,1
3.5717976093292236,1
4.09223747253418,1
4.0122971534729,1
3.656367063522339,1
3.6012163162231445,1
3.5514755249023438,1
3.8414196968078613,1
3.932661533355713,1
3.5310099124908447,1
3.7760186195373535,1
3.827742099761963,1
4.750140190124512,1
3.7542238235473633,1
3.7846508026123047,1
4.961078643798828,1
4.726091384887695,1
3.9476637840270996,1
3.701448678970337,1
4.424129009246826,1
3.7728512287139893,1
4.801011562347412,1
4.366672992706299,1
3.623436212539673,1
4.389762878417969,1
4.658466339111328,1
4.687210559844971,1
3.8417270183563232,1
3.992023468017578,1
4.135946273803711,1
4.332357883453369,1
4.1732497215271,1
4.732297897338867,1
4.030570030212402,1
4.188356876373291,1
3.6235456466674805,1
3.3560774326324463,1
4.049442291259766,1
3.786694049835205,1
3.579033851623535,1
4.017055511474609,1
3.8721842765808105,1
3.2694191932678223,1
3.7646353244781494,1
4.53775691986084,1
3.741295337677002,1
4.117588043212891,1
4.093418598175049,1
4.310739517211914,1
3.6863179206848145,1
3.6442108154296875,1
3.7358717918395996,1
3.5243430137634277,1
3.9008660316467285,1
3.5764737129211426,1
4.054498195648193,1
3.413224220275879,1
4.139449119567871,1
4.386929512023926,1
4.204226970672607,1
3.687645435333252,1
4.137143135070801,1
3.3920822143554688,1
3.7966599464416504,1
3.6977062225341797,1
3.8539817333221436,1
4.2220306396484375,1
3.476806402206421,1
4.009878158569336,1
3.889582395553589,1
4.2129926681518555,1
4.87102746963501,1
3.71242356300354,1
3.6168484687805176,1
3.390955924987793,1
3.964512825012207,1
3.951855182647705,1
3.818619728088379,1
4.662796974182129,1
4.166369915008545,1
3.3347482681274414,1
3.708620548248291,1
4.047536849975586,1
3.4241576194763184,1
4.262818336486816,1
5.530552864074707,1
3.8026280403137207,1
3.7567825317382813,1
4.229650497436523,1
3.919358015060425,1
4.514029502868652,1
3.8599307537078857,1
3.7321181297302246,1
4.428889274597168,1
4.229959964752197,1
3.676654577255249,1
4.268383979797363,1
3.7133355140686035,1
3.6639041900634766,1
3.7848610877990723,1
5.099103927612305,1
3.4602527618408203,1
3.679314136505127,1
3.8014988899230957,1
3.845712423324585,1
3.6136672496795654,1
4.210263729095459,1
4.161251544952393,1
3.8201327323913574,1
3.4767253398895264,1
3.260646104812622,1
3.825951099395752,1
3.861332893371582,1
4.063477516174316,1
3.5426011085510254,1
3.7625222206115723,1
3.590416193008423,1
5.415432929992676,1
4.5319342613220215,1
3.2398157119750977,1
3.5810258388519287,1
4.075749397277832,1
3.6996631622314453,1
3.701685905456543,1
3.945305585861206,1
3.4655816555023193,1
4.161008834838867,1
4.45427131652832,1
3.119814395904541,1
3.8180501461029053,1
3.276182174682617,1
3.825735330581665,1
4.129047870635986,1
4.051819801330566,1
3.975574254989624,1
4.10704231262207,1
3.5386223793029785,1
3.6360011100769043,1
4.23910665512085,1
4.3423662185668945,1
3.508131504058838,1
4.072232723236084,1
4.164031982421875,1
4.001696586608887,1
3.8507089614868164,1
3.947108745574951,1
3.7566747665405273,1
3.6335525512695313,1
3.7476744651794434,1
4.097593784332275,1
3.792482376098633,1
4.2131452560424805,1
3.698343515396118,1
4.169593334197998,1
3.9377663135528564,1
4.920226097106934,1
4.9001593589782715,1
3.8142170906066895,1
4.210485458374023,1
4.492879390716553,1
5.456609725952148,1
3.93465518951416,1
3.758892059326172,1
4.633890151977539,1
4.875670909881592,1
4.408904552459717,1
4.496803283691406,1
3.546879529953003,1
3.844639778137207,1
3.67462158203125,1
4.01639986038208,1
3.9542994499206543,1
3.701380968093872,1
4.367839336395264,1
4.247763156890869,1
4.82320499420166,1
4.102659225463867,1
4.48756742477417,1
4.1618547439575195,1
4.205618858337402,1
3.6952905654907227,1
3.0591816902160645,1
3.657626152038574,1
4.284862041473389,1
5.381318092346191,1
3.4725232124328613,1
3.3954076766967773,1
3.612408399581909,1
4.009418964385986,1
3.260176420211792,1
3.8618431091308594,1
4.001563549041748,1
3.877040147781372,1
4.5384135246276855,1
4.116790771484375,1
3.761413335800171,1
4.025439262390137,1
4.3261613845825195,1
4.070068359375,1
3.270702838897705,1
3.322777271270752,1
4.42625093460083,1
4.147076606750488,1
4.290942192077637,1
3.5091476440429688,1
3.747344493865967,1
4.043478965759277,1
3.7910239696502686,1
4.178467750549316,1
3.601985216140747,1
3.8575150966644287,1
4.624924182891846,1
4.0752458572387695,1
3.179417848587036,1
4.073434829711914,1
4.207850456237793,1
3.875556230545044,1
3.462639331817627,1
3.7352442741394043,1
3.5392582416534424,1
3.578341245651245,1
3.5577661991119385,1
4.210380554199219,1
3.6352181434631348,1
3.2722206115722656,1
3.48897647857666,1
3.112518310546875,1
3.8931541442871094,1
2.9588093757629395,1
3.3479650020599365,1
3.571624755859375,1
3.6373276710510254,1
4.132874488830566,1
3.7984488010406494,1
3.332597494125366,1
3.575486660003662,1
3.8680782318115234,1
3.655545949935913,1
3.4050402641296387,1
3.569822311401367,1
4.854235649108887,1
3.8313636779785156,1
4.0489912033081055,1
4.238216876983643,1
3.814730644226074,1
3.827186107635498,1
4.864494323730469,1
4.234806060791016,1
4.17103385925293,1
3.7932543754577637,1
3.611616849899292,1
4.048708915710449,1
3.630053758621216,1
3.6936628818511963,1
5.098382472991943,1
3.633747100830078,1
3.404918670654297,1
4.520968437194824,1
4.095257759094238,1
3.983215570449829,1
3.60391902923584,1
3.786271810531616,1
3.8065662384033203,1
4.672039985656738,1
4.165850639343262,1
4.254251480102539,1
3.8997249603271484,1
4.178721904754639,1
3.8992905616760254,1
3.581303596496582,1
3.906280040740967,1
4.442496299743652,1
3.5168116092681885,1
3.4208903312683105,1
3.5632576942443848,1
3.5518786907196045,1
3.4636850357055664,1
4.194667816162109,1
4.401174068450928,1
3.6111412048339844,1
3.247201681137085,1
4.087616920471191,1
4.585704803466797,1
4.158949375152588,1
4.160704612731934,1
3.8884127140045166,1
3.660039186477661,1
3.019354820251465,1
4.178558349609375,1
4.008620262145996,1
3.5318260192871094,1
3.582265853881836,1
3.700936794281006,1
3.5768041610717773,1
3.9323582649230957,1
4.10760498046875,1
4.120981216430664,1
3.4821574687957764,1
4.605902671813965,1
4.360837459564209,1
3.6098437309265137,1
4.29559326171875,1
4.051616668701172,1
3.4694676399230957,1
3.7801384925842285,1
3.8979413509368896,1
3.721737861633301,1
3.8572914600372314,1
3.990327835083008,1
3.7809407711029053,1
3.86881685256958,1
3.2939326763153076,1
3.8264269828796387,1
4.280656814575195,1
4.132657527923584,1
3.7092771530151367,1
3.7752113342285156,1
3.137155294418335,1
3.805013656616211,1
3.0729117393493652,1
4.25310754776001,1
3.4822747707366943,1
3.808892011642456,1
3.880133867263794,1
3.8556594848632813,1
3.5967369079589844,1
3.7284064292907715,1
3.960669994354248,1
4.453834533691406,1
5.443001747131348,1
4.548056602478027,1
3.9231863021850586,1
3.6090192794799805,1
3.791806221008301,1
3.654602527618408,1
3.488570213317871,1
4.224207401275635,1
3.411905527114868,1
3.8252782821655273,1
4.059821128845215,1
3.27493953704834,1
4.294339179992676,1
3.3409945964813232,1
3.7268381118774414,1
4.145454406738281,1
3.615245819091797,1
4.193861961364746,1
4.1133012771606445,1
3.8810720443725586,1
4.142985820770264,1
3.8929529190063477,1
3.938438653945923,1
3.3505308628082275,1
3.3688578605651855,1
3.355698347091675,1
3.4644575119018555,1
4.002979278564453,1
3.5564568042755127,1
3.9629578590393066,1
3.84818434715271,1
3.982518196105957,1
3.227536916732788,1
2.9885129928588867,1
3.6131205558776855,1
3.40476655960083,1
3.9179553985595703,1
3.632141590118408,1
3.5883965492248535,1
4.1140851974487305,1
4.561773777008057,1
3.997356414794922,1
3.4858036041259766,1
3.6926770210266113,1
3.719646692276001,1
3.68483829498291,1
3.3677573204040527,1
4.28446102142334,1
3.4667859077453613,1
3.699401378631592,1
3.8435542583465576,1
3.2356090545654297,1
3.740959644317627,1
3.904895544052124,1
3.844430923461914,1
3.698781967163086,1
4.444929599761963,1
3.3745460510253906,1
3.5841012001037598,1
3.6552133560180664,1
3.447439670562744,1
4.400076866149902,1
3.5314416885375977,1
3.8360321521759033,1
4.029177188873291,1
3.770540714263916,1
4.013115882873535,1
3.992988348007202,1
3.460979700088501,1
3.5097429752349854,1
3.650113105773926,1
4.090141296386719,1
4.077854633331299,1
3.7072818279266357,1
3.7191617488861084,1
3.8918352127075195,1
4.970727920532227,1
4.0474066734313965,1
3.763136148452759,1
4.62989616394043,1
4.149869918823242,1
3.8314261436462402,1
3.8683652877807617,1
4.2224555015563965,1
4.186402320861816,1
4.087786674499512,1
4.054336071014404,1
3.47636079788208,1
4.824886798858643,1
3.5977330207824707,1
4.029725074768066,1
4.061234951019287,1
4.125369071960449,1
3.675234794616699,1
4.0700297355651855,1
3.6037192344665527,1
3.8025283813476563,1
3.996767044067383,1
3.7557191848754883,1
3.905294418334961,1
3.6556944847106934,1
3.8298285007476807,1
4.452033996582031,1
4.722256660461426,1
3.4815337657928467,1
3.589789390563965,1
4.398416996002197,1
3.37150502204895,1
3.5802078247070313,1
4.532888889312744,1
4.290215969085693,1
3.764007806777954,1
4.376020431518555,1
4.9049787521362305,1
3.861436367034912,1
4.1834516525268555,1
3.543729782104492,1
3.6437740325927734,1
4.007056713104248,1
4.073349475860596,1
4.023887634277344,1
3.825411081314087,1
3.6433959007263184,1
3.8784589767456055,1
3.1546125411987305,1
3.80145001411438,1
4.022690296173096,1
3.7661659717559814,1
3.7773003578186035,1
4.73075532913208,1
4.1764020919799805,1
3.7106218338012695,1
4.051024913787842,1
3.402888536453247,1
3.56262469291687,1
3.901431083679199,1
3.954763889312744,1
3.6736373901367188,1
3.6912357807159424,1
4.302104949951172,1
3.7145729064941406,1
3.945371150970459,1
3.9237418174743652,1
3.7490735054016113,1
4.747546195983887,1
5.108587741851807,1
4.728971481323242,1
4.9185566902160645,1
3.8610458374023438,1
4.095746994018555,1
4.082371711730957,1
3.6788644790649414,1
4.221728324890137,1
4.4878740310668945,1
7.969863414764404,1
4.645984649658203,1
4.4263811111450195,1
4.939664363861084,1
5.659270286560059,1
4.788618087768555,1
4.866865634918213,1
4.629088401794434,1
4.142879486083984,1
4.532870769500732,1
4.699131965637207,1
4.214970111846924,1
4.105377197265625,1
4.016964912414551,1
3.6834959983825684,1
4.678558349609375,1
3.5989718437194824,1
4.149942398071289,1
4.019127368927002,1
4.4950270652771,1
4.389337539672852,1
3.863546848297119,1
4.3087663650512695,1
4.469323635101318,1
3.751554489135742,1
4.1805033683776855,1
3.7698159217834473,1
4.1990647315979,1
3.9378416538238525,1
4.386038780212402,1
3.503546714782715,1
3.7891178131103516,1
3.138594150543213,1
3.925527572631836,1
3.809208393096924,1
3.3755416870117188,1
4.267940521240234,1
3.444340705871582,1
3.908013343811035,1
3.981790065765381,1
3.4864892959594727,1
3.6822986602783203,1
3.761787176132202,1
4.238448619842529,1
4.663935661315918,1
4.056587219238281,1
3.7973155975341797,1
3.454575538635254,1
3.9397923946380615,1
4.2233967781066895,1
3.1148324012756348,1
3.9871160984039307,1
3.9052395820617676,1
4.22766637802124,1
3.8624649047851563,1
4.2797746658325195,1
4.417171955108643,1
4.410219669342041,1
3.349492073059082,1
3.735337972640991,1
3.767780303955078,1
3.598031997680664,1
3.4667091369628906,1
4.2035369873046875,1
3.612147331237793,1
3.8624844551086426,1
3.7873892784118652,1
3.6125857830047607,1
3.9739205837249756,1
3.387917995452881,1
3.765327215194702,1
3.697361469268799,1
3.848475456237793,1
3.7511911392211914,1
3.919498920440674,1
3.814786434173584,1
3.506770610809326,1
3.825953722000122,1
3.631129264831543,1
4.137980937957764,1
3.5610971450805664,1
3.8585309982299805,1
3.6984264850616455,1
3.5998458862304688,1
3.8275914192199707,1
4.1884260177612305,1
4.1867475509643555,1
3.6941444873809814,1
3.834171772003174,1
3.4423398971557617,1
3.38875150680542,1
4.265292167663574,1
4.028984069824219,1
4.087319374084473,1
4.153512477874756,1
3.48258113861084,1
4.131425380706787,1
3.999386787414551,1
3.9898617267608643,1
4.059968948364258,1
3.813365936279297,1
3.9336397647857666,1
4.313691139221191,1
4.041029453277588,1
3.9595141410827637,1
4.026026725769043,1
3.8600621223449707,1
4.117128372192383,1
3.9005935192108154,1
3.673098087310791,1
4.358376502990723,1
3.2285525798797607,1
3.7584691047668457,1
4.022852420806885,1
4.022681713104248,1
3.9086811542510986,1
3.735544443130493,1
4.033792972564697,1
4.51485538482666,1
3.816363573074341,1
4.156965255737305,1
6.986650466918945,1
3.3735928535461426,1
3.7321715354919434,1
3.499351978302002,1
3.775888681411743,1
3.679669141769409,1
4.1226091384887695,1
3.749624729156494,1
4.393764019012451,1
3.610294818878174,1
4.504460334777832,1
4.470183372497559,1
3.5851645469665527,1
4.212614059448242,1
3.6597399711608887,1
4.185665130615234,1
4.005597114562988,1
3.661302328109741,1
3.412055015563965,1
4.560853004455566,1
4.375052452087402,1
5.209925651550293,1
5.252791404724121,1
4.3356781005859375,1
4.43757963180542,1
4.4940690994262695,1
4.585577011108398,1
5.584216594696045,1
4.218149185180664,1
3.054421901702881,1
4.5955915451049805,1
4.197956562042236,1
4.830732345581055,1
4.153879642486572,1
3.9135937690734863,1
3.806955337524414,1
3.5648622512817383,1
3.8490958213806152,1
3.6442437171936035,1
3.8722827434539795,1
3.9368019104003906,1
4.129515171051025,1
3.793355941772461,1
3.8637099266052246,1
3.551426410675049,1
3.6627166271209717,1
4.131977081298828,1
3.5589122772216797,1
3.8262219429016113,1
3.6622226238250732,1
3.838804006576538,1
3.502016067504883,1
3.756119728088379,1
3.9320831298828125,1
3.640343189239502,1
3.609119415283203,1
3.7274885177612305,1
3.5856266021728516,1
4.69307279586792,1
3.462764263153076,1
3.6739678382873535,1
4.034723281860352,1
3.9975032806396484,1
3.569967269897461,1
3.5430660247802734,1
3.8208866119384766,1
4.0200605392456055,1
4.313364028930664,1
4.010635852813721,1
3.885679006576538,1
4.083896636962891,1
3.684391975402832,1
3.2318501472473145,1
3.5182063579559326,1
4.078858852386475,1
3.755697727203369,1
4.374148368835449,1
4.51649284362793,1
3.2408690452575684,1
4.065411567687988,1
3.8884143829345703,1
4.190402507781982,1
3.4713335037231445,1
3.9573020935058594,1
4.72621488571167,1
3.7422544956207275,1
3.540541648864746,1
3.549865484237671,1
3.7861971855163574,1
4.192421913146973,1
3.775028705596924,1
3.8087081909179688,1
3.8723716735839844,1
4.0793867111206055,1
4.084578514099121,1
3.866382122039795,1
3.5759568214416504,1
3.3419432640075684,1
4.042209148406982,1
3.3861751556396484,1
3.359760284423828,1
3.855910062789917,1
3.3393187522888184,1
3.489224910736084,1
4.180137634277344,1
4.057881832122803,1
4.303289890289307,1
3.6266531944274902,1
3.333510398864746,1
3.517672061920166,1
3.755474328994751,1
3.3477694988250732,1
3.6636855602264404,1
4.277525901794434,1
4.353487491607666,1
4.557936668395996,1
3.778769016265869,1
3.950544834136963,1
5.078465938568115,1
4.109163761138916,1
3.6697161197662354,1
3.5610690116882324,1
4.053515434265137,1
4.1702375411987305,1
4.761994361877441,1
3.8482887744903564,1
3.781287908554077,1
4.373856067657471,1
3.7728116512298584,1
3.7137813568115234,1
3.536722421646118,1
3.4529242515563965,1
3.3347110748291016,1
3.6219096183776855,1
3.75941801071167,1
3.5106358528137207,1
3.5570778846740723,1
3.567293405532837,1
3.685197353363037,1
3.4092061519622803,1
3.822418689727783,1
4.064391136169434,1
3.9815192222595215,1
3.552652359008789,1
3.3439886569976807,1
3.639955759048462,1
4.273594379425049,1
3.190866470336914,1
3.6333630084991455,1
3.583313465118408,1
3.9522204399108887,1
3.66680908203125,1
3.9495058059692383,1
4.0618486404418945,1
3.367401123046875,1
3.8311076164245605,1
4.016754150390625,1
3.8391244411468506,1
3.353606939315796,1
3.62408185005188,1
4.0077619552612305,1
3.205801010131836,1
4.248417377471924,1
3.856208562850952,1
3.9635815620422363,1
4.279250621795654,1
3.966001510620117,1
3.2626609802246094,1
3.890479326248169,1
4.306757926940918,1
4.580867767333984,1
3.934584617614746,1
4.373620986938477,1
4.079526901245117,1
3.6384003162384033,1
3.869722843170166,1
4.4082441329956055,1
4.107101917266846,1
4.607787132263184,1
3.111745834350586,1
4.102020263671875,1
3.7241768836975098,1
4.023716926574707,1
4.621376991271973,1
3.777993679046631,1
3.650270700454712,1
4.186950206756592,1
4.643481254577637,1
4.201399803161621,1
4.558991432189941,1
3.8501269817352295,1
4.131768703460693,1
4.3406267166137695,1
3.902940273284912,1
3.2927699089050293,1
3.512004852294922,1
3.871002435684204,1
4.01364803314209,1
4.155716419219971,1
3.742924928665161,1
3.9532525539398193,1
3.4091787338256836,1
5.167952060699463,1
4.775714874267578,1
4.1906843185424805,1
4.137152671813965,1
3.4502687454223633,1
4.047799110412598,1
3.8110203742980957,1
3.492377758026123,1
3.8770594596862793,1
4.036142826080322,1
3.643343925476074,1
4.2250213623046875,1
3.3907322883605957,1
3.876862049102783,1
3.8333253860473633,1
4.1035237312316895,1
3.752401351928711,1
3.746711015701294,1
3.88734769821167,1
3.6132922172546387,1
4.487592697143555,1
3.7523903846740723,1
5.026739597320557,1
3.4809458255767822,1
3.1877245903015137,1
4.6179351806640625,1
3.0220749378204346,1
4.020526885986328,1
3.8563032150268555,1
4.137837886810303,1
4.380837917327881,1
3.962106466293335,1
3.5552287101745605,1
4.341958522796631,1
4.478883743286133,1
3.910477638244629,1
3.503452777862549,1
3.8696961402893066,1
3.7661938667297363,1
3.732036590576172,1
3.841554641723633,1
4.527074813842773,1
4.186574935913086,1
3.9501070976257324,1
3.3560423851013184,1
3.519711494445801,1
3.9764657020568848,1
3.7683238983154297,1
3.5171725749969482,1
3.818528175354004,1
4.142216205596924,1
3.705932378768921,1
3.9147794246673584,1
4.187812328338623,1
4.1170334815979,1
4.291694641113281,1
3.7175095081329346,1
3.3017148971557617,1
3.5324411392211914,1
3.944869041442871,1
3.7405881881713867,1
5.390115261077881,1
4.069596767425537,1
4.498007774353027,1
4.230174541473389,1
3.8167362213134766,1
3.9637975692749023,1
3.8464157581329346,1
3.7086181640625,1
4.648645877838135,1
3.7172768115997314,1
3.8889148235321045,1
3.5954976081848145,1
3.781465530395508,1
4.026551246643066,1
3.59096097946167,1
3.727456569671631,1
4.368226051330566,1
3.850985050201416,1
3.6365537643432617,1
4.142884254455566,1
3.947577476501465,1
3.7683043479919434,1
4.034337520599365,1
3.7271792888641357,1
3.578139305114746,1
3.156045436859131,1
4.086534023284912,1
3.71685791015625,1
3.4665141105651855,1
3.10326886177063,1
3.8449902534484863,1
3.270134925842285,1
3.8543474674224854,1
3.402056932449341,1
4.588635444641113,1
4.272019863128662,1
3.868889331817627,1
3.331794023513794,1
3.821375846862793,1
3.7644646167755127,1
3.6129260063171387,1
3.9844517707824707,1
3.953212022781372,1
4.443044662475586,1
4.163718223571777,1
3.450629234313965,1
3.874229907989502,1
3.5670738220214844,1
3.8633556365966797,1
3.074547529220581,1
3.5614173412323,1
4.610682487487793,1
3.254791736602783,1
3.615292549133301,1
3.551786422729492,1
3.747335433959961,1
3.576740264892578,1
3.633950710296631,1
3.6884543895721436,1
3.7072572708129883,1
3.7758288383483887,1
3.740241050720215,1
3.275693416595459,1
3.8817555904388428,1
3.147401809692383,1
3.631591320037842,1
3.9292430877685547,1
3.9127111434936523,1
3.708683967590332,1
3.9746930599212646,1
4.2832770347595215,1
3.496370792388916,1
4.475172996520996,1
4.179455757141113,1
3.893312931060791,1
3.0989837646484375,1
3.547665596008301,1
3.2602949142456055,1
3.467803478240967,1
3.6225264072418213,1
4.07935094833374,1
3.783292770385742,1
3.661372661590576,1
3.3947103023529053,1
3.581739902496338,1
4.640528678894043,1
3.4671125411987305,1
3.6770615577697754,1
3.914771556854248,1
4.064570426940918,1
3.570507049560547,1
3.7073864936828613,1
3.471390724182129,1
3.8906774520874023,1
3.508638620376587,1
4.1292595863342285,1
3.6744296550750732,1
3.4009761810302734,1
3.6487557888031006,1
3.62861967086792,1
3.479982852935791,1
3.635432004928589,1
4.774527549743652,1
3.6165695190429688,1
3.966308116912842,1
3.2560582160949707,1
3.535828113555908,1
3.6412272453308105,1
4.32921028137207,1
3.4977574348449707,1
4.045599460601807,1
3.667743682861328,1
3.275233030319214,1
4.12818717956543,1
3.468323230743408,1
3.5703773498535156,1
3.568814754486084,1
4.756933212280273,1
3.795649528503418,1
3.651789665222168,1
3.3939006328582764,1
3.806178569793701,1
3.971137285232544,1
3.307033061981201,1
3.61236572265625,1
5.214775085449219,1
4.119749069213867,1
4.297077178955078,1
4.270933628082275,1
3.767627239227295,1
3.976389169692993,1
3.6964192390441895,1
3.5353379249572754,1
3.7246570587158203,1
3.77996826171875,1
3.7345480918884277,1
3.9915854930877686,1
3.8605329990386963,1
3.8748745918273926,1
3.818821430206299,1
3.8414883613586426,1
3.5295844078063965,1
3.61745548248291,1
4.292227745056152,1
3.8314855098724365,1
3.7471120357513428,1
3.6953868865966797,1
3.8256874084472656,1
2.9657411575317383,1
3.6614174842834473,1
3.621671676635742,1
3.8741517066955566,1
4.165143013000488,1
3.3305208683013916,1
3.184878349304199,1
3.645236015319824,1
3.943434238433838,1
3.5460548400878906,1
3.845775604248047,1
4.247650623321533,1
3.738440752029419,1
3.972825050354004,1
4.07169771194458,1
3.4915809631347656,1
3.354788064956665,1
3.610978603363037,1
4.705224990844727,1
4.031634330749512,1
3.690178871154785,1
3.924677848815918,1
4.2211527824401855,1
3.700641632080078,1
3.8325035572052,1
3.8427228927612305,1
4.334576606750488,1
3.3152475357055664,1
5.040144920349121,1
3.122018337249756,1
3.6033506393432617,1
3.066376209259033,1
3.5035057067871094,1
3.7462029457092285,1
4.024421691894531,1
4.119136333465576,1
3.451930046081543,1
3.251941680908203,1
3.3532028198242188,1
3.052203416824341,1
3.2186553478240967,1
3.5785410404205322,1
3.5363609790802,1
3.2181458473205566,1
3.218249797821045,1
3.679231882095337,1
3.3947792053222656,1
3.550509214401245,1
4.557689666748047,1
4.622989177703857,1
3.316314458847046,1
2.975004196166992,1
3.3208842277526855,1
4.075023174285889,1
3.5077903270721436,1
3.658262014389038,1
4.041758060455322,1
3.6750006675720215,1
3.8502626419067383,1
3.866788625717163,1
3.5928709506988525,1
4.232922554016113,1
3.8101959228515625,1
3.6484475135803223,1
4.372773170471191,1
3.8016271591186523,1
5.313202857971191,1
3.363752603530884,1
3.585425615310669,1
3.9991800785064697,1
3.7793543338775635,1
4.374964237213135,1
3.663837432861328,1
3.6916074752807617,1
3.8605966567993164,1
3.7025396823883057,1
3.9955098628997803,1
4.528886795043945,1
4.084513187408447,1
4.913186550140381,1
4.535982131958008,1
4.90065860748291,1
4.8203816413879395,1
4.592713356018066,1
4.774706840515137,1
4.480250358581543,1
4.102120399475098,1
3.762427806854248,1
4.085813522338867,1
5.214016914367676,1
4.472818851470947,1
4.502532958984375,1
4.426800727844238,1
4.5171051025390625,1
3.6049396991729736,1
3.556264638900757,1
3.9793894290924072,1
3.8368473052978516,1
3.96454119682312,1
3.8957748413085938,1
4.1547136306762695,1
3.9673614501953125,1
4.459254264831543,1
3.0626909732818604,1
4.213926792144775,1
3.914515972137451,1
4.36232328414917,1
3.991011619567871,1
4.009584426879883,1
3.850125312805176,1
3.8130757808685303,1
3.5349624156951904,1
4.294417381286621,1
3.6661853790283203,1
3.4615511894226074,1
3.8734588623046875,1
4.141163349151611,1
3.6799473762512207,1
4.023993492126465,1
4.071231365203857,1
3.4721031188964844,1
4.061776161193848,1
3.836246967315674,1
4.220545291900635,1
3.4654202461242676,1
3.951580286026001,1
4.181081295013428,1
4.246151924133301,1
4.128706455230713,1
4.709389686584473,1
5.445816993713379,1
4.850007057189941,1
3.5435590744018555,1
3.71901273727417,1
3.941188097000122,1
4.218128681182861,1
3.750101089477539,1
3.7600064277648926,1
3.915909767150879,1
4.379586219787598,1
4.07681131362915,1
3.890017509460449,1
3.7573022842407227,1
4.2267351150512695,1
3.468146800994873,1
3.86208438873291,1
3.6590347290039063,1
3.505028247833252,1
4.08045768737793,1
3.481189250946045,1
4.058053493499756,1
3.006676197052002,1
4.013248443603516,1
3.9801383018493652,1
5.0238823890686035,1
3.8107151985168457,1
4.043329238891602,1
3.95198392868042,1
3.7869954109191895,1
3.5428266525268555,1
3.2416248321533203,1
3.5890700817108154,1
3.836406707763672,1
3.7019033432006836,1
3.565450668334961,1
3.9023351669311523,1
3.3555686473846436,1
3.7841930389404297,1
4.114611625671387,1
3.658094644546509,1
3.6555228233337402,1
3.8454363346099854,1
3.581878185272217,1
3.65140962600708,1
3.4632511138916016,1
3.4904122352600098,1
4.052056312561035,1
3.9443535804748535,1
3.9597043991088867,1
3.9252219200134277,1
3.735867500305176,1
4.058773994445801,1
3.779491424560547,1
4.137947082519531,1
3.718174457550049,1
3.8710970878601074,1
3.559436321258545,1
3.818180561065674,1
3.856009006500244,1
3.8647072315216064,1
4.172449111938477,1
3.6017374992370605,1
4.356475353240967,1
4.169530391693115,1
3.4747262001037598,1
3.707573413848877,1
4.240664482116699,1
3.2818121910095215,1
4.653974533081055,1
3.827472686767578,1
3.0287084579467773,1
3.6264350414276123,1
3.6526591777801514,1
3.4509923458099365,1
3.97084379196167,1
4.005182266235352,1
4.602917671203613,1
3.575735569000244,1
3.8762142658233643,1
4.275518417358398,1
3.670701265335083,1
3.7682909965515137,1
3.476193904876709,1
3.371858596801758,1
3.9573781490325928,1
4.234945774078369,1
3.6615166664123535,1
3.6855368614196777,1
3.5815916061401367,1
4.060338020324707,1
3.979527473449707,1
3.8239293098449707,1
3.873288154602051,1
3.6942360401153564,1
4.4688825607299805,1
3.4425621032714844,1
3.6103415489196777,1
3.611057758331299,1
3.6230454444885254,1
4.117682456970215,1
3.3574562072753906,1
3.782898187637329,1
4.542359352111816,1
3.626580238342285,1
3.8327198028564453,1
3.6359925270080566,1
3.689755916595459,1
3.7008066177368164,1
3.924870491027832,1
3.770967721939087,1
3.3853254318237305,1
3.486299991607666,1
4.091651439666748,1
3.654081344604492,1
4.02480411529541,1
3.75126314163208,1
4.054011344909668,1
3.972816228866577,1
3.693202257156372,1
3.9268381595611572,1
3.6253676414489746,1
3.5548629760742188,1
4.387779235839844,1
5.158840179443359,1
4.859064102172852,1
4.806892395019531,1
4.796820163726807,1
4.310999870300293,1
3.524827480316162,1
4.513098239898682,1
4.651159763336182,1
4.571741104125977,1
4.050592422485352,1
3.952709913253784,1
3.821322441101074,1
4.026650428771973,1
4.048901557922363,1
3.8690550327301025,1
4.307522773742676,1
4.042753219604492,1
3.9031152725219727,1
4.100330352783203,1
3.5562691688537598,1
3.978145122528076,1
3.8650693893432617,1
3.408973455429077,1
3.3474111557006836,1
4.052681922912598,1
3.4841995239257813,1
3.360982894897461,1
3.33207368850708,1
4.807507514953613,1
3.8609447479248047,1
3.6266398429870605,1
3.4215469360351563,1
3.822906732559204,1
3.9200379848480225,1
4.6115570068359375,1
3.6754150390625,1
3.604888916015625,1
3.516848564147949,1
4.380832672119141,1
3.8927831649780273,1
4.2303385734558105,1
3.6640920639038086,1
3.8323910236358643,1
3.8713059425354004,1
3.6977028846740723,1
4.066315650939941,1
3.6952691078186035,1
4.590837478637695,1
4.124544143676758,1
4.169149398803711,1
3.4998061656951904,1
4.624685764312744,1
4.107944965362549,1
5.739578723907471,1
4.074460029602051,1
3.033907413482666,1
4.123226165771484,1
3.3191516399383545,1
3.4669651985168457,1
4.273897647857666,1
3.387840747833252,1
3.94035005569458,1
3.877312660217285,1
3.9940662384033203,1
4.069995880126953,1
3.776604652404785,1
3.5447139739990234,1
4.662064552307129,1
3.821516752243042,1
4.336465358734131,1
3.4726481437683105,1
3.948802947998047,1
3.57490873336792,1
4.8595781326293945,1
5.249068260192871,1
3.4715566635131836,1
3.7830538749694824,1
3.7557857036590576,1
4.149267673492432,1
3.797384738922119,1
3.896132469177246,1
5.055761337280273,1
4.202096462249756,1
3.3593897819519043,1
4.327442646026611,1
3.775937557220459,1
3.999680519104004,1
3.732158899307251,1
3.669919729232788,1
3.6999101638793945,1
3.440713882446289,1
3.9261555671691895,1
3.1651253700256348,1
3.427074670791626,1
3.7832562923431396,1
3.59165620803833,1
3.579299211502075,1
3.83476185798645,1
4.180630207061768,1
3.4835853576660156,1
3.705934524536133,1
3.580869436264038,1
3.4593119621276855,1
3.5583114624023438,1
4.203872203826904,1
3.9451961517333984,1
3.8374924659729004,1
3.8033952713012695,1
3.6716465950012207,1
4.398045539855957,1
3.561131000518799,1
3.5784316062927246,1
4.262765407562256,1
4.5889081954956055,1
4.298802375793457,1
3.728005886077881,1
3.9977402687072754,1
3.5402321815490723,1
4.461087703704834,1
3.4779796600341797,1
3.263413429260254,1
3.110002279281616,1
4.3197174072265625,1
3.774714469909668,1
3.4023642539978027,1
3.6822428703308105,1
3.429685592651367,1
3.988205671310425,1
4.088681697845459,1
3.6966001987457275,1
3.3624911308288574,1
4.18983793258667,1
3.4706506729125977,1
3.3240606784820557,1
3.3903112411499023,1
3.4029335975646973,1
3.3660898208618164,1
3.9025654792785645,1
4.3862504959106445,1
3.707939863204956,1
3.24391508102417,1
3.7324578762054443,1
3.650447368621826,1
3.481639862060547,1
3.937993049621582,1
3.4163365364074707,1
4.273873805999756,1
3.536118984222412,1
4.123799800872803,1
3.5176148414611816,1
3.4324374198913574,1
3.710113048553467,1
4.361915111541748,1
3.5426025390625,1
3.4786205291748047,1
4.059260368347168,1
3.753671169281006,1
3.822953701019287,1
3.646976947784424,1
3.7421140670776367,1
3.8456430435180664,1
3.6034255027770996,1
3.387939691543579,1
3.859262466430664,1
3.835598945617676,1
3.2229361534118652,1
4.1219706535339355,1
3.822134494781494,1
4.353541374206543,1
5.853405952453613,1
3.467073440551758,1
3.83992862701416,1
4.25943660736084,1
3.4897658824920654,1
3.921269178390503,1
4.192740440368652,1
3.5940208435058594,1
3.944148540496826,1
3.8469133377075195,1
4.610182762145996,1
4.2505645751953125,1
3.888248920440674,1
4.092758655548096,1
3.7594707012176514,1
4.687464714050293,1
3.8768563270568848,1
3.8634235858917236,1
3.6681079864501953,1
3.4160919189453125,1
3.488328456878662,1
3.5474743843078613,1
3.562718152999878,1
4.047090530395508,1
4.1259260177612305,1
3.1248490810394287,1
3.929809093475342,1
3.9670004844665527,1
4.407445907592773,1
3.7202248573303223,1
3.582658529281616,1
3.788320302963257,1
3.498202323913574,1
3.1269102096557617,1
3.8867461681365967,1
3.442582130432129,1
3.265187978744507,1
3.735313892364502,1
4.296677589416504,1
3.628713846206665,1
3.502854108810425,1
3.7548305988311768,1
3.143512725830078,1
3.5207605361938477,1
4.116212844848633,1
3.932140827178955,1
3.745079517364502,1
4.374915599822998,1
3.4304661750793457,1
3.368305206298828,1
4.296205997467041,1
4.047645092010498,1
3.7000138759613037,1
3.3621180057525635,1
3.424870729446411,1
3.897834062576294,1
3.874772548675537,1
3.771296501159668,1
3.7863240242004395,1
3.9576590061187744,1
3.4385175704956055,1
3.739943027496338,1
3.7547473907470703,1
3.582442283630371,1
4.509365081787109,1
4.544506072998047,1
3.9093894958496094,1
3.7750906944274902,1
3.871568441390991,1
4.3671875,1
3.661987066268921,1
3.6540989875793457,1
3.90834641456604,1
3.8854928016662598,1
3.8454980850219727,1
3.4299826622009277,1
3.9657492637634277,1
3.879408836364746,1
3.794969081878662,1
3.454712152481079,1
3.6433444023132324,1
3.389005422592163,1
3.661797523498535,1
3.5976057052612305,1
4.057247638702393,1
5.2199506759643555,1
3.324190616607666,1
3.921701192855835,1
3.9038472175598145,1
3.5808260440826416,1
3.5970685482025146,1
3.31740665435791,1
3.2448883056640625,1
3.6356143951416016,1
4.037405490875244,1
3.697516918182373,1
3.227376699447632,1
3.4923808574676514,1
3.7834248542785645,1
3.385873317718506,1
4.097973346710205,1
3.65824031829834,1
4.873684883117676,1
4.586206436157227,1
3.943500280380249,1
4.309256553649902,1
4.668807029724121,1
3.967589855194092,1
4.118236541748047,1
3.7367546558380127,1
4.132932662963867,1
4.713347911834717,1
3.672511100769043,1
4.305931568145752,1
3.8713016510009766,1
3.7531237602233887,1
4.040060043334961,1
3.3578152656555176,1
3.6473917961120605,1
3.5090689659118652,1
4.277169704437256,1
3.852065324783325,1
4.051305770874023,1
4.4916672706604,1
5.015772342681885,1
4.173760890960693,1
3.449930191040039,1
4.370983123779297,1
3.8990845680236816,1
4.648058891296387,1
3.7666308879852295,1
4.18660831451416,1
3.7929880619049072,1
4.065332412719727,1
3.9777448177337646,1
3.9487767219543457,1
3.440302610397339,1
3.627359390258789,1
4.259477615356445,1
3.860957622528076,1
4.135326385498047,1
3.1819894313812256,1
4.073699951171875,1
4.008123397827148,1
3.4191675186157227,1
3.8572235107421875,1
4.301042556762695,1
4.403024673461914,1
3.653705596923828,1
3.5632622241973877,1
3.698760509490967,1
3.919496536254883,1
4.324674606323242,1
3.8298110961914063,1
4.136870384216309,1
4.159070014953613,1
3.909111738204956,1
3.839871644973755,1
4.510815620422363,1
3.3257102966308594,1
3.723612070083618,1
3.9963176250457764,1
3.3723373413085938,1
3.1131277084350586,1
4.157303810119629,1
3.6463608741760254,1
4.159438610076904,1
3.74788761138916,1
4.052809238433838,1
4.111079216003418,1
3.5924699306488037,1
4.595294952392578,1
4.167153358459473,1
3.6611504554748535,1
3.572391986846924,1
4.148467540740967,1
3.4550201892852783,1
4.016711235046387,1
3.595827579498291,1
4.685942649841309,1
3.535275936126709,1
3.618227481842041,1
4.680853843688965,1
3.6935086250305176,1
3.9758973121643066,1
4.214920997619629,1
3.685098648071289,1
4.008892059326172,1
4.675840377807617,1
3.934387683868408,1
4.086133003234863,1
3.879148244857788,1
4.440631866455078,1
3.7968549728393555,1
3.6482601165771484,1
3.6705503463745117,1
3.724904775619507,1
4.146586894989014,1
4.54869270324707,1
3.4654736518859863,1
4.146877288818359,1
3.5795390605926514,1
3.9063515663146973,1
4.150087356567383,1
3.4567923545837402,1
3.600766181945801,1
3.4943857192993164,1
3.6143312454223633,1
3.243807792663574,1
3.61749529838562,1
3.337200164794922,1
3.8131325244903564,1
4.092878341674805,1
3.6250879764556885,1
5.3184051513671875,1
4.177257537841797,1
3.6721878051757813,1
3.646528482437134,1
4.176406383514404,1
3.826784610748291,1
3.88671875,1
3.9813036918640137,1
3.589539051055908,1
4.225977897644043,1
3.813096046447754,1
3.4672629833221436,1
4.1135969161987305,1
4.085391044616699,1
3.6190290451049805,1
3.4151158332824707,1
3.9467275142669678,1
4.169032096862793,1
3.4102840423583984,1
4.131655216217041,1
3.9181272983551025,1
3.5610527992248535,1
3.491241216659546,1
3.6794321537017822,1
3.3760526180267334,1
3.5435121059417725,1
3.667848587036133,1
4.198448657989502,1
3.353563070297241,1
3.73740291595459,1
4.099371910095215,1
3.327721118927002,1
3.56620717048645,1
3.1780331134796143,1
3.4471001625061035,1
3.659543037414551,1
3.649052381515503,1
