2.374596357345581,1
2.933499813079834,1
2.8760647773742676,1
2.468043804168701,1
2.910611391067505,1
3.0032501220703125,1
2.6510634422302246,1
2.4629592895507813,1
2.6844897270202637,1
2.299791097640991,1
2.309744358062744,1
3.15101957321167,1
2.3495278358459473,1
2.88268780708313,1
2.833735942840576,1
3.253629684448242,1
2.6359729766845703,1
2.6374361515045166,1
2.650966167449951,1
2.875549554824829,1
3.068431854248047,1
3.8839516639709473,1
2.91196870803833,1
2.9370908737182617,1
2.7248549461364746,1
2.953482151031494,1
3.473926544189453,1
3.22868013381958,1
3.254441261291504,1
2.8850600719451904,1
2.976069450378418,1
3.1914896965026855,1
3.7121784687042236,1
4.203775405883789,1
4.274104595184326,1
3.1741302013397217,1
2.756227493286133,1
3.322762966156006,1
3.474289655685425,1
3.1399221420288086,1
3.3264224529266357,1
2.1795811653137207,1
3.4933922290802,1
3.3456592559814453,1
3.3413808345794678,1
2.2891807556152344,1
2.768376111984253,1
2.519390106201172,1
2.479020118713379,1
2.951233148574829,1
2.361144542694092,1
2.9410042762756348,1
2.6491124629974365,1
2.8351967334747314,1
2.690613269805908,1
2.6041436195373535,1
2.3576416969299316,1
2.859983444213867,1
2.278552770614624,1
2.5353221893310547,1
2.3910183906555176,1
3.0698394775390625,1
3.0434961318969727,1
2.522376537322998,1
2.778412342071533,1
3.138509511947632,1
2.7027735710144043,1
3.780912399291992,1
2.513453245162964,1
2.8486456871032715,1
2.6499457359313965,1
3.1151609420776367,1
2.6819498538970947,1
3.240546226501465,1
3.3842005729675293,1
2.0451080799102783,1
3.149029493331909,1
2.7547268867492676,1
3.093440294265747,1
3.0492167472839355,1
2.7833292484283447,1
1.9074617624282837,1
3.6159963607788086,1
3.0981740951538086,1
2.968813180923462,1
2.307408332824707,1
2.8693735599517822,1
2.6860742568969727,1
2.8232908248901367,1
2.769195556640625,1
3.811674118041992,1
4.008430480957031,1
3.220648765563965,1
3.5077905654907227,1
2.880502223968506,1
3.128441572189331,1
3.2491812705993652,1
2.440328598022461,1
2.686713218688965,1
3.401966094970703,1
3.498296022415161,1
3.353733539581299,1
3.1362977027893066,1
2.977231979370117,1
3.22459077835083,1
2.4360978603363037,1
2.7276203632354736,1
2.4787142276763916,1
2.2689788341522217,1
2.9809470176696777,1
2.3937790393829346,1
3.175748348236084,1
3.43668270111084,1
3.1118383407592773,1
2.1449999809265137,1
2.426669120788574,1
2.6091296672821045,1
3.2743544578552246,1
3.8944482803344727,1
2.405190944671631,1
2.1559176445007324,1
2.9611148834228516,1
3.0996060371398926,1
2.3458402156829834,1
2.3696563243865967,1
2.410649061203003,1
2.5831987857818604,1
2.806586265563965,1
2.644901752471924,1
2.5784683227539063,1
2.45491361618042,1
2.265939712524414,1
2.6368446350097656,1
2.6826465129852295,1
2.6445679664611816,1
2.852725028991699,1
3.137402296066284,1
2.3093087673187256,1
2.2824220657348633,1
2.7561161518096924,1
2.91361141204834,1
2.7228782176971436,1
2.2567667961120605,1
2.2543020248413086,1
2.657745361328125,1
2.705997943878174,1
3.1077072620391846,1
3.011404275894165,1
2.5389108657836914,1
3.013679027557373,1
2.813523769378662,1
2.7055768966674805,1
2.754014015197754,1
3.991328239440918,1
3.119838237762451,1
2.613394260406494,1
2.962613821029663,1
3.1161108016967773,1
2.2077975273132324,1
2.683839797973633,1
2.8262040615081787,1
2.3934123516082764,1
2.430116891860962,1
3.0058741569519043,1
2.3407115936279297,1
3.1135261058807373,1
3.7132394313812256,1
3.323976993560791,1
3.209671974182129,1
3.192924976348877,1
3.0263335704803467,1
2.352768898010254,1
2.4882166385650635,1
2.755317211151123,1
2.7375755310058594,1
2.748291015625,1
2.239152431488037,1
2.7449848651885986,1
2.956130266189575,1
2.398733139038086,1
2.6041135787963867,1
2.305936574935913,1
2.681199073791504,1
2.951066017150879,1
2.8414554595947266,1
2.7086453437805176,1
2.9879050254821777,1
2.450551986694336,1
3.068882942199707,1
3.242539882659912,1
2.7759995460510254,1
3.1106181144714355,1
3.1894514560699463,1
2.8647775650024414,1
3.287236213684082,1
2.748505115509033,1
2.3853535652160645,1
1.8678547143936157,1
2.347744941711426,1
3.4423654079437256,1
2.369844913482666,1
2.428548574447632,1
3.2330219745635986,1
2.430588722229004,1
2.557654857635498,1
2.64447021484375,1
2.9011762142181396,1
2.3027706146240234,1
2.9360709190368652,1
3.3893556594848633,1
2.816105365753174,1
2.7265701293945313,1
3.077857494354248,1
3.237671375274658,1
2.8351948261260986,1
3.13372540473938,1
2.714681625366211,1
2.141301155090332,1
2.2843070030212402,1
2.0202059745788574,1
3.218860387802124,1
3.5432357788085938,1
2.238588571548462,1
2.1224617958068848,1
2.8962581157684326,1
2.539182186126709,1
2.653564453125,1
3.1857118606567383,1
2.8481016159057617,1
2.3324592113494873,1
3.414405345916748,1
3.0212883949279785,1
2.641753911972046,1
2.2796425819396973,1
2.8812501430511475,1
2.5621981620788574,1
2.414407253265381,1
2.678007125854492,1
2.5473084449768066,1
3.009730815887451,1
3.615518093109131,1
2.9182887077331543,1
3.8437936305999756,1
2.492642402648926,1
2.4086320400238037,1
2.3912689685821533,1
2.838505744934082,1
2.4755678176879883,1
2.7561402320861816,1
2.528334617614746,1
3.5062308311462402,1
2.796541213989258,1
3.1634554862976074,1
2.915736198425293,1
2.6648545265197754,1
2.2441492080688477,1
2.8493621349334717,1
2.5091516971588135,1
2.3599348068237305,1
2.9531807899475098,1
2.6559598445892334,1
2.946579694747925,1
2.9555344581604004,1
2.2562029361724854,1
2.9115982055664063,1
2.5786995887756348,1
2.247596263885498,1
3.0416970252990723,1
2.556727886199951,1
2.7424726486206055,1
2.4175243377685547,1
2.908905506134033,1
2.8765029907226563,1
2.9476478099823,1
2.8527674674987793,1
3.0784120559692383,1
2.546896457672119,1
2.5457913875579834,1
3.575016736984253,1
2.911421298980713,1
2.814411163330078,1
2.4600186347961426,1
2.6422791481018066,1
4.069544792175293,1
3.0106725692749023,1
2.5833115577697754,1
3.451934814453125,1
3.0603675842285156,1
3.356790781021118,1
2.4537830352783203,1
2.2506260871887207,1
2.597304582595825,1
2.9986367225646973,1
3.069887161254883,1
2.7612476348876953,1
3.0783019065856934,1
2.5995397567749023,1
2.4746813774108887,1
2.9491539001464844,1
2.969139337539673,1
2.3543167114257813,1
2.4240965843200684,1
2.9917831420898438,1
2.69883131980896,1
2.646866798400879,1
2.5743188858032227,1
2.6410250663757324,1
2.9739255905151367,1
2.918323516845703,1
2.8138065338134766,1
2.333035945892334,1
2.506493091583252,1
2.666811466217041,1
3.24438214302063,1
3.2811636924743652,1
2.7309789657592773,1
2.0976920127868652,1
2.459233283996582,1
2.4082465171813965,1
2.439653158187866,1
2.5536751747131348,1
3.2120001316070557,1
2.5803518295288086,1
2.5498335361480713,1
3.153141736984253,1
2.6132752895355225,1
3.184028387069702,1
2.5547211170196533,1
2.4833824634552,1
2.537588119506836,1
2.9939515590667725,1
2.6051483154296875,1
2.899144172668457,1
3.1233949661254883,1
2.782947301864624,1
3.8049511909484863,1
2.6318743228912354,1
2.682119131088257,1
2.473487138748169,1
2.70359468460083,1
2.8209474086761475,1
2.3053317070007324,1
2.9188551902770996,1
2.7489500045776367,1
2.7327020168304443,1
3.5669407844543457,1
2.772873640060425,1
2.839451789855957,1
2.3514609336853027,1
2.832533121109009,1
2.2827634811401367,1
2.002096176147461,1
2.678910255432129,1
2.720973491668701,1
2.675706386566162,1
2.7107601165771484,1
2.6085100173950195,1
1.8176525831222534,1
2.800511598587036,1
2.714571952819824,1
2.4106550216674805,1
3.2284963130950928,1
2.849796772003174,1
3.6872153282165527,1
3.745156764984131,1
2.4028799533843994,1
3.035855770111084,1
2.442110300064087,1
2.987175226211548,1
2.697953224182129,1
2.577052593231201,1
2.069289445877075,1
2.710395097732544,1
3.029625415802002,1
2.6468191146850586,1
2.58414888381958,1
2.8474347591400146,1
2.8772709369659424,1
2.5141429901123047,1
2.7716479301452637,1
2.4155101776123047,1
2.7120323181152344,1
2.9113855361938477,1
2.7826480865478516,1
2.827824831008911,1
2.155689239501953,1
2.427806854248047,1
3.186187744140625,1
3.272538185119629,1
2.3084716796875,1
2.450355291366577,1
3.9447689056396484,1
2.286158323287964,1
2.755986213684082,1
2.2988901138305664,1
2.4816596508026123,1
2.6221492290496826,1
2.3881802558898926,1
2.600739002227783,1
2.558983325958252,1
2.270862579345703,1
2.6973259449005127,1
2.6884846687316895,1
2.864063024520874,1
3.4858856201171875,1
2.6004605293273926,1
2.5427141189575195,1
2.4797534942626953,1
3.1681954860687256,1
2.740844488143921,1
2.7950761318206787,1
2.762356758117676,1
2.630016565322876,1
2.5201683044433594,1
2.4830527305603027,1
2.737337589263916,1
2.75728178024292,1
3.356391429901123,1
2.471850872039795,1
2.421673059463501,1
2.9946305751800537,1
3.094104290008545,1
2.674337387084961,1
2.731966018676758,1
3.6637699604034424,1
2.625772476196289,1
2.288332462310791,1
2.945950508117676,1
2.581547737121582,1
3.0149142742156982,1
2.588326930999756,1
2.567315101623535,1
2.2650959491729736,1
2.8349123001098633,1
3.227938652038574,1
2.7904767990112305,1
2.397383213043213,1
2.9285078048706055,1
2.395202398300171,1
3.0965521335601807,1
2.1461586952209473,1
2.2275683879852295,1
2.5018179416656494,1
2.6678154468536377,1
2.1997594833374023,1
2.110887050628662,1
2.8904571533203125,1
2.356778383255005,1
2.3982181549072266,1
2.192380428314209,1
2.1866679191589355,1
2.6933844089508057,1
2.4808449745178223,1
2.691222667694092,1
2.3775060176849365,1
3.2697668075561523,1
2.5516178607940674,1
2.150308132171631,1
2.606121778488159,1
2.82902455329895,1
3.113473415374756,1
2.6936545372009277,1
2.4049291610717773,1
2.8482022285461426,1
2.6435165405273438,1
2.5256764888763428,1
2.320549964904785,1
2.8252899646759033,1
2.5483360290527344,1
2.8689279556274414,1
2.455594539642334,1
2.6798408031463623,1
2.3659114837646484,1
3.1261866092681885,1
2.1628174781799316,1
3.190861463546753,1
2.4529836177825928,1
2.4954872131347656,1
3.148832082748413,1
2.592406749725342,1
3.2830350399017334,1
2.488469123840332,1
2.5165176391601563,1
2.5748493671417236,1
2.470654249191284,1
3.2659459114074707,1
2.512880325317383,1
2.285660743713379,1
2.1955833435058594,1
2.5106558799743652,1
2.7270641326904297,1
2.102139711380005,1
2.8259034156799316,1
3.3210983276367188,1
2.288771629333496,1
2.7134809494018555,1
3.554325819015503,1
2.2451119422912598,1
2.7000012397766113,1
3.0595555305480957,1
1.764775276184082,1
2.2813472747802734,1
2.573385238647461,1
2.321470260620117,1
2.6576056480407715,1
2.7932140827178955,1
2.279757499694824,1
2.783033847808838,1
2.771757125854492,1
2.975417137145996,1
2.7318115234375,1
2.734724760055542,1
2.9142866134643555,1
2.5366034507751465,1
2.548914909362793,1
3.1065149307250977,1
2.8706891536712646,1
3.4616055488586426,1
3.0581183433532715,1
2.531497001647949,1
3.7959792613983154,1
3.2007298469543457,1
2.280069351196289,1
2.2671780586242676,1
2.4155375957489014,1
2.5629770755767822,1
2.1850361824035645,1
2.9613888263702393,1
2.4225170612335205,1
2.6778368949890137,1
2.2283856868743896,1
2.7784664630889893,1
2.8071177005767822,1
2.900996685028076,1
2.72293758392334,1
2.195169448852539,1
2.645782947540283,1
3.008159637451172,1
3.139139413833618,1
2.15041184425354,1
2.714115858078003,1
2.494978904724121,1
2.519019603729248,1
3.135453462600708,1
2.1813464164733887,1
2.4421608448028564,1
2.3494749069213867,1
2.6212360858917236,1
3.435072422027588,1
2.3532609939575195,1
1.9041575193405151,1
3.002248764038086,1
3.023491859436035,1
2.046091079711914,1
3.036156415939331,1
2.1747419834136963,1
2.505495071411133,1
2.5781595706939697,1
2.969782590866089,1
2.4672627449035645,1
2.9262351989746094,1
2.3206450939178467,1
2.155390739440918,1
2.2948334217071533,1
2.6575372219085693,1
2.4892492294311523,1
2.6943447589874268,1
2.0566625595092773,1
2.2939987182617188,1
1.943284034729004,1
2.3620710372924805,1
2.258467197418213,1
2.80997896194458,1
2.64182710647583,1
2.410860061645508,1
2.194568157196045,1
3.304194688796997,1
3.3836517333984375,1
2.729326009750366,1
2.061537027359009,1
2.9737601280212402,1
2.4496572017669678,1
2.6501102447509766,1
3.453530788421631,1
3.192780017852783,1
2.1527976989746094,1
2.577848434448242,1
2.9956629276275635,1
3.0521702766418457,1
2.1890368461608887,1
2.5761115550994873,1
2.753767490386963,1
2.932938575744629,1
2.6534130573272705,1
2.6748299598693848,1
2.582584857940674,1
2.53497314453125,1
2.633087158203125,1
3.2794349193573,1
2.248832941055298,1
2.541195869445801,1
2.242396354675293,1
2.6655282974243164,1
2.5540575981140137,1
2.873061180114746,1
2.7551522254943848,1
2.7443203926086426,1
2.2413666248321533,1
3.1837151050567627,1
2.624066114425659,1
2.5599448680877686,1
2.8719236850738525,1
2.9391112327575684,1
2.853325366973877,1
2.44759202003479,1
2.8170464038848877,1
2.8005805015563965,1
2.505734443664551,1
2.639878273010254,1
2.4018051624298096,1
1.8032200336456299,1
2.83001971244812,1
3.0543293952941895,1
4.105404376983643,1
2.605816602706909,1
3.2114851474761963,1
3.2285380363464355,1
2.8486857414245605,1
3.1106252670288086,1
2.0409369468688965,1
2.8133020401000977,1
2.425065517425537,1
2.7078847885131836,1
2.9927520751953125,1
2.7887589931488037,1
3.1393861770629883,1
2.954714775085449,1
3.72990083694458,1
3.258380651473999,1
2.7712087631225586,1
2.3675947189331055,1
3.3541996479034424,1
3.0970494747161865,1
2.7720179557800293,1
3.2936336994171143,1
3.120671510696411,1
2.3134403228759766,1
3.27877140045166,1
2.779226303100586,1
2.751842498779297,1
2.8707900047302246,1
3.9447131156921387,1
3.1729488372802734,1
2.7353053092956543,1
2.6594595909118652,1
3.084615468978882,1
2.3986926078796387,1
2.528428792953491,1
3.065904378890991,1
2.6333842277526855,1
2.8747167587280273,1
2.8084568977355957,1
2.5876638889312744,1
2.686537265777588,1
3.144847869873047,1
2.2093286514282227,1
2.410926342010498,1
2.3714935779571533,1
2.5603790283203125,1
2.221158504486084,1
2.8419241905212402,1
3.568357467651367,1
3.6550066471099854,1
2.480512857437134,1
2.4972543716430664,1
2.4982149600982666,1
2.6419098377227783,1
2.4118008613586426,1
2.6527318954467773,1
3.195901393890381,1
2.291888475418091,1
2.7516653537750244,1
2.4946227073669434,1
2.5153863430023193,1
2.894376277923584,1
3.003176689147949,1
2.0445592403411865,1
3.110589027404785,1
2.160301685333252,1
2.845881700515747,1
2.5247578620910645,1
2.8280553817749023,1
2.911137819290161,1
2.8514816761016846,1
2.821474552154541,1
2.4884824752807617,1
2.1899337768554688,1
2.602980375289917,1
2.9553909301757813,1
2.490821361541748,1
2.9803829193115234,1
2.7999539375305176,1
2.4182960987091064,1
2.250586748123169,1
2.5340609550476074,1
2.9897971153259277,1
2.6577024459838867,1
2.821514129638672,1
2.0885894298553467,1
2.485774278640747,1
2.4528777599334717,1
2.7091894149780273,1
2.491940498352051,1
2.5541954040527344,1
2.523998737335205,1
2.9088644981384277,1
2.582958936691284,1
2.3301830291748047,1
2.2160675525665283,1
2.8885862827301025,1
2.5874199867248535,1
2.844460964202881,1
3.084239959716797,1
3.2586755752563477,1
3.206953525543213,1
3.7867722511291504,1
2.806973934173584,1
3.036623954772949,1
2.8065648078918457,1
2.3367719650268555,1
2.230391025543213,1
2.4329843521118164,1
2.421649932861328,1
2.335789918899536,1
3.1289803981781006,1
2.608182191848755,1
3.182677984237671,1
2.248532772064209,1
1.9809601306915283,1
2.365863800048828,1
3.0024075508117676,1
2.857861042022705,1
2.1111927032470703,1
2.856719493865967,1
2.362391233444214,1
2.7684435844421387,1
2.7662134170532227,1
3.682011365890503,1
2.787710428237915,1
2.4257972240448,1
2.5313196182250977,1
2.7103962898254395,1
2.736454725265503,1
2.471050977706909,1
3.116827964782715,1
2.606762170791626,1
2.949051856994629,1
2.996997833251953,1
2.337116003036499,1
2.7303988933563232,1
2.655090808868408,1
2.420055866241455,1
2.927431106567383,1
2.2395825386047363,1
2.5927886962890625,1
2.9881815910339355,1
2.6186203956604004,1
3.0897903442382813,1
2.8274283409118652,1
3.066854476928711,1
2.3239588737487793,1
2.667386531829834,1
2.544158935546875,1
2.441830635070801,1
2.700532913208008,1
2.7907521724700928,1
2.6758742332458496,1
2.8426268100738525,1
2.6246824264526367,1
3.1051676273345947,1
2.7537989616394043,1
3.113999366760254,1
2.465904951095581,1
2.999455690383911,1
2.8264834880828857,1
2.6416304111480713,1
2.228344440460205,1
2.4335741996765137,1
2.7803940773010254,1
3.110858917236328,1
2.75840163230896,1
3.092078685760498,1
1.9710612297058105,1
2.414100170135498,1
2.7783589363098145,1
2.774631977081299,1
2.7987375259399414,1
3.0695457458496094,1
2.9157705307006836,1
3.2237956523895264,1
2.490957736968994,1
2.9661219120025635,1
2.809483051300049,1
2.617771625518799,1
2.152812957763672,1
2.5036778450012207,1
2.475208282470703,1
2.511108636856079,1
2.4376776218414307,1
2.6542558670043945,1
2.6832916736602783,1
3.221848487854004,1
2.5489790439605713,1
2.398564338684082,1
2.664076566696167,1
2.795201063156128,1
2.4586191177368164,1
2.9744558334350586,1
2.8569064140319824,1
2.5022783279418945,1
2.5406394004821777,1
2.945618152618408,1
2.6017470359802246,1
2.5792741775512695,1
2.499995708465576,1
2.6143381595611572,1
1.9439164400100708,1
2.2854983806610107,1
2.80363392829895,1
2.763132095336914,1
2.8154194355010986,1
2.5546040534973145,1
2.333009719848633,1
2.2384912967681885,1
2.2133331298828125,1
2.4546971321105957,1
2.4989447593688965,1
2.005446434020996,1
2.434202194213867,1
2.6946327686309814,1
2.334038257598877,1
2.439960479736328,1
2.881894588470459,1
2.6827995777130127,1
2.390732765197754,1
2.2604286670684814,1
2.2963907718658447,1
2.5673623085021973,1
1.903789758682251,1
2.5750555992126465,1
2.0007898807525635,1
3.295820474624634,1
3.238525390625,1
2.763777256011963,1
2.7002909183502197,1
2.7709286212921143,1
2.321711301803589,1
3.006606101989746,1
2.7598795890808105,1
2.9115657806396484,1
3.4525694847106934,1
3.1507859230041504,1
2.845740795135498,1
4.057142734527588,1
2.8056185245513916,1
2.8629608154296875,1
2.8902218341827393,1
2.6801095008850098,1
2.8212857246398926,1
2.4747190475463867,1
3.1822333335876465,1
2.6022355556488037,1
1.9042534828186035,1
2.444455623626709,1
2.5240519046783447,1
2.4396562576293945,1
2.3670477867126465,1
3.0318479537963867,1
2.2899069786071777,1
2.9437153339385986,1
3.0307111740112305,1
2.594832420349121,1
3.2741706371307373,1
2.6058928966522217,1
2.4814975261688232,1
2.9694113731384277,1
2.87351131439209,1
2.277897357940674,1
2.338762044906616,1
2.550297498703003,1
2.4284744262695313,1
2.738776922225952,1
2.550027370452881,1
2.1700241565704346,1
2.3512189388275146,1
2.467438220977783,1
2.418031692504883,1
2.7078781127929688,1
3.188030958175659,1
2.8938446044921875,1
2.6667680740356445,1
2.693192720413208,1
2.7190661430358887,1
3.4645729064941406,1
3.2188076972961426,1
2.298541307449341,1
2.184765338897705,1
2.6253504753112793,1
3.0674684047698975,1
3.4162027835845947,1
3.10532283782959,1
2.9982993602752686,1
2.857518196105957,1
2.9591031074523926,1
3.002051830291748,1
2.529196262359619,1
3.4718613624572754,1
2.4655542373657227,1
3.4895522594451904,1
2.464582920074463,1
2.7996270656585693,1
2.475841760635376,1
2.8815364837646484,1
2.4617347717285156,1
3.2809317111968994,1
2.699833631515503,1
2.6924242973327637,1
3.427802324295044,1
2.7295002937316895,1
2.6725542545318604,1
2.714717388153076,1
2.5495331287384033,1
2.7561755180358887,1
2.7079572677612305,1
2.135007381439209,1
2.532343864440918,1
2.7083444595336914,1
2.482797622680664,1
2.78045916557312,1
2.889336109161377,1
2.7090866565704346,1
2.5070409774780273,1
2.244243860244751,1
2.6745731830596924,1
2.484225273132324,1
3.075505256652832,1
2.9418373107910156,1
2.319397211074829,1
3.250652551651001,1
2.5801339149475098,1
2.8026819229125977,1
2.521052122116089,1
2.852849006652832,1
2.5315752029418945,1
2.446319103240967,1
2.579838514328003,1
2.8084094524383545,1
2.663668155670166,1
2.672839641571045,1
2.903895378112793,1
2.517570972442627,1
3.423752546310425,1
2.6513848304748535,1
2.5162863731384277,1
3.1169705390930176,1
2.312753438949585,1
2.773897171020508,1
3.3056018352508545,1
2.5879621505737305,1
2.9403464794158936,1
2.5477516651153564,1
2.256005048751831,1
2.5772533416748047,1
2.1974520683288574,1
2.6630983352661133,1
2.909019947052002,1
3.1618845462799072,1
2.9131641387939453,1
2.8648552894592285,1
2.6796183586120605,1
2.1627566814422607,1
2.673036575317383,1
2.811884880065918,1
3.8221116065979004,1
2.7760586738586426,1
3.1395883560180664,1
2.2416634559631348,1
3.2552764415740967,1
2.7302820682525635,1
2.6947526931762695,1
2.5251107215881348,1
2.702296733856201,1
2.7931509017944336,1
2.8504979610443115,1
2.414365291595459,1
2.6143178939819336,1
2.249685287475586,1
2.525219202041626,1
2.389439105987549,1
2.999569892883301,1
3.4002439975738525,1
2.683840751647949,1
3.0956475734710693,1
2.728708028793335,1
3.1922073364257813,1
2.8013179302215576,1
2.577890396118164,1
3.422093391418457,1
3.3170485496520996,1
2.248133659362793,1
2.824005603790283,1
2.7362186908721924,1
2.300213575363159,1
2.592069387435913,1
2.3409080505371094,1
2.332573413848877,1
2.9709651470184326,1
2.449367046356201,1
3.0562360286712646,1
2.4873454570770264,1
2.255075216293335,1
2.9176297187805176,1
3.024043083190918,1
2.705130100250244,1
2.7403523921966553,1
2.535492420196533,1
2.563960313796997,1
2.6193087100982666,1
2.7816576957702637,1
2.6966657638549805,1
2.251927375793457,1
3.0907750129699707,1
3.0610032081604004,1
3.0308032035827637,1
2.273524045944214,1
2.743464708328247,1
2.5264737606048584,1
2.5432095527648926,1
2.3729217052459717,1
2.1877927780151367,1
2.3825740814208984,1
2.4528636932373047,1
2.905722141265869,1
2.461595058441162,1
2.738725423812866,1
2.522155523300171,1
3.2820589542388916,1
2.4934751987457275,1
2.5280561447143555,1
2.7808868885040283,1
2.87438702583313,1
2.5034286975860596,1
2.3438456058502197,1
2.696883201599121,1
2.2544331550598145,1
2.6166248321533203,1
2.372941493988037,1
2.104106903076172,1
2.890061378479004,1
2.951768398284912,1
3.060525417327881,1
2.863616466522217,1
2.868292808532715,1
3.085292339324951,1
2.6441056728363037,1
2.8293297290802,1
2.858851194381714,1
2.7888660430908203,1
2.840640068054199,1
3.2058191299438477,1
2.9039194583892822,1
2.9535114765167236,1
3.183182716369629,1
2.4935336112976074,1
2.694455862045288,1
2.403517961502075,1
2.34731125831604,1
3.349510669708252,1
3.3409104347229004,1
2.745549201965332,1
3.474656581878662,1
2.8180620670318604,1
2.875060796737671,1
2.643909454345703,1
2.750247001647949,1
2.485340118408203,1
2.834198474884033,1
2.7372336387634277,1
2.6535377502441406,1
2.291346549987793,1
2.6472930908203125,1
3.2064619064331055,1
2.341583728790283,1
2.249706745147705,1
3.0443878173828125,1
2.384329080581665,1
2.535783290863037,1
2.3921003341674805,1
2.5767831802368164,1
2.8561391830444336,1
3.203519582748413,1
2.709768533706665,1
2.7048158645629883,1
2.265798807144165,1
3.02937388420105,1
2.473712921142578,1
2.415933609008789,1
2.4121339321136475,1
2.336407423019409,1
2.5826468467712402,1
2.538003444671631,1
2.5691962242126465,1
2.2435550689697266,1
2.5193042755126953,1
2.2523603439331055,1
2.936310291290283,1
2.5485339164733887,1
2.5863664150238037,1
2.22664737701416,1
2.219350814819336,1
2.7009530067443848,1
2.158586025238037,1
2.748508930206299,1
2.2659177780151367,1
3.090667724609375,1
2.451056718826294,1
2.6862173080444336,1
2.3420522212982178,1
2.343149423599243,1
3.0377702713012695,1
2.714264392852783,1
2.343181610107422,1
3.346482276916504,1
2.4497082233428955,1
3.628899574279785,1
2.4402918815612793,1
2.811751365661621,1
2.564382553100586,1
2.573648452758789,1
2.8646507263183594,1
2.8592114448547363,1
1.881544828414917,1
2.1006526947021484,1
2.3230092525482178,1
2.9341626167297363,1
2.478825569152832,1
2.4550251960754395,1
3.0462231636047363,1
3.21444034576416,1
2.6124379634857178,1
2.5779802799224854,1
2.7383241653442383,1
3.0581865310668945,1
2.3649706840515137,1
2.8469653129577637,1
2.6658904552459717,1
2.325737953186035,1
2.7953548431396484,1
3.1958861351013184,1
2.4827046394348145,1
2.794722080230713,1
3.014772653579712,1
2.6449694633483887,1
3.095017910003662,1
2.5893967151641846,1
2.813732147216797,1
2.532010316848755,1
2.5237748622894287,1
2.477266311645508,1
3.0174598693847656,1
2.1827309131622314,1
2.6665306091308594,1
2.290910482406616,1
2.124924659729004,1
2.354423999786377,1
2.567946434020996,1
3.128573417663574,1
3.044297695159912,1
2.609266757965088,1
2.541874885559082,1
3.0197391510009766,1
2.923525810241699,1
2.347170352935791,1
3.119781017303467,1
3.421222686767578,1
2.3887176513671875,1
2.8930296897888184,1
2.1305902004241943,1
3.1332144737243652,1
4.569943428039551,1
2.8827767372131348,1
2.6715145111083984,1
2.613358497619629,1
2.990891933441162,1
3.1763477325439453,1
2.8253540992736816,1
2.657602310180664,1
2.578434705734253,1
3.297306537628174,1
2.5722198486328125,1
2.8115997314453125,1
3.5210165977478027,1
3.445685863494873,1
3.0204319953918457,1
3.1094000339508057,1
3.6611156463623047,1
2.6953043937683105,1
2.434857130050659,1
2.641923189163208,1
2.389709949493408,1
2.9786996841430664,1
2.532442808151245,1
3.120783805847168,1
2.7968108654022217,1
2.301553726196289,1
2.8418235778808594,1
2.018770694732666,1
2.7014074325561523,1
2.884572982788086,1
2.0749406814575195,1
2.380568742752075,1
2.3044915199279785,1
2.299593448638916,1
3.04689884185791,1
2.682051181793213,1
2.22192645072937,1
2.7153892517089844,1
2.995516538619995,1
2.911201000213623,1
2.5735695362091064,1
2.502568006515503,1
2.812143325805664,1
2.3344435691833496,1
2.544326066970825,1
2.8317267894744873,1
2.469132661819458,1
2.6596975326538086,1
3.049783706665039,1
2.4674253463745117,1
2.727344036102295,1
1.9806532859802246,1
2.559009552001953,1
2.490145683288574,1
1.8314956426620483,1
2.572028636932373,1
1.9855077266693115,1
2.374830484390259,1
2.602322816848755,1
1.8742598295211792,1
2.3817152976989746,1
2.82250714302063,1
2.1356966495513916,1
2.6592793464660645,1
2.322371482849121,1
2.988189697265625,1
2.6447434425354004,1
2.2328038215637207,1
2.4744691848754883,1
2.025547504425049,1
2.781615972518921,1
2.0493838787078857,1
2.0397896766662598,1
2.566699266433716,1
3.0483386516571045,1
2.5448124408721924,1
2.397066593170166,1
3.0574445724487305,1
3.22546648979187,1
2.1585395336151123,1
2.3599491119384766,1
2.6199843883514404,1
2.7105860710144043,1
3.167219400405884,1
2.3427767753601074,1
3.186967372894287,1
3.031949281692505,1
2.3064513206481934,1
3.021790027618408,1
2.6939377784729004,1
2.736238479614258,1
3.0145680904388428,1
3.4949684143066406,1
2.6888725757598877,1
2.7521615028381348,1
2.552196979522705,1
2.9435505867004395,1
2.5019619464874268,1
2.4314157962799072,1
2.6367294788360596,1
2.809094190597534,1
2.6098766326904297,1
3.0309090614318848,1
2.585475444793701,1
2.718493700027466,1
3.241056442260742,1
2.921591281890869,1
2.4761486053466797,1
2.8093104362487793,1
2.7257790565490723,1
2.434267997741699,1
2.790464401245117,1
2.795424699783325,1
2.522791862487793,1
2.697981834411621,1
2.5616798400878906,1
2.738790988922119,1
2.6577985286712646,1
3.268141508102417,1
3.90450382232666,1
3.10385799407959,1
2.612579822540283,1
3.3245911598205566,1
2.725231647491455,1
2.5373387336730957,1
3.228903293609619,1
2.512690782546997,1
2.8309719562530518,1
2.952713966369629,1
3.0204360485076904,1
3.702753782272339,1
3.6151304244995117,1
2.6080775260925293,1
2.866766929626465,1
2.415431022644043,1
3.0144424438476563,1
2.4994187355041504,1
2.3136260509490967,1
3.257784843444824,1
2.4281959533691406,1
2.228132486343384,1
3.2232768535614014,1
2.285700798034668,1
2.4806878566741943,1
3.0089643001556396,1
3.9417171478271484,1
2.596930503845215,1
2.5251286029815674,1
2.7746620178222656,1
3.596662998199463,1
2.447788715362549,1
2.615590810775757,1
3.2941737174987793,1
2.6738028526306152,1
3.376727342605591,1
3.2448079586029053,1
3.0279715061187744,1
2.7256503105163574,1
3.05422306060791,1
2.7459969520568848,1
2.426284074783325,1
2.865135431289673,1
2.5415210723876953,1
2.2102766036987305,1
2.82822585105896,1
2.306499719619751,1
2.710944652557373,1
3.03574800491333,1
2.6746561527252197,1
2.0426628589630127,1
2.5878424644470215,1
2.3810293674468994,1
2.678229808807373,1
2.7023308277130127,1
3.0470550060272217,1
2.6243293285369873,1
2.9642858505249023,1
2.9562034606933594,1
2.4981203079223633,1
2.746774196624756,1
2.5563979148864746,1
2.273993968963623,1
2.8663582801818848,1
2.6131694316864014,1
2.973740816116333,1
2.600555896759033,1
6.332597255706787,1
6.691280364990234,1
5.033723831176758,1
3.0937795639038086,1
3.1912178993225098,1
3.5368154048919678,1
4.285362243652344,1
3.6249806880950928,1
3.5756945610046387,1
3.669065475463867,1
3.0519723892211914,1
3.166837692260742,1
3.654567003250122,1
3.635504722595215,1
3.858395576477051,1
3.113837242126465,1
3.72812819480896,1
3.743964672088623,1
3.3792247772216797,1
3.200739622116089,1
3.729234218597412,1
3.526177167892456,1
3.391418218612671,1
3.8435044288635254,1
3.5990076065063477,1
3.7584383487701416,1
3.5163826942443848,1
3.498217821121216,1
3.7743961811065674,1
2.984811305999756,1
3.5917410850524902,1
3.315185308456421,1
3.6767144203186035,1
3.2440953254699707,1
3.413579225540161,1
3.4212088584899902,1
3.0094704627990723,1
3.3515734672546387,1
3.4669289588928223,1
3.6051275730133057,1
2.985421895980835,1
3.0483622550964355,1
3.5567469596862793,1
3.2167608737945557,1
3.518367052078247,1
3.33491849899292,1
2.712287187576294,1
3.2243237495422363,1
3.186357021331787,1
3.2212390899658203,1
3.4507393836975098,1
3.294912338256836,1
3.700232982635498,1
3.642012119293213,1
3.3067641258239746,1
3.061784029006958,1
2.8734209537506104,1
3.9102137088775635,1
3.3259081840515137,1
3.425433397293091,1
3.5687808990478516,1
2.839946746826172,1
2.825610876083374,1
2.7263569831848145,1
3.029038429260254,1
2.859281063079834,1
3.1841888427734375,1
3.1981263160705566,1
3.206371545791626,1
3.32037353515625,1
2.4987411499023438,1
2.8385066986083984,1
3.117417335510254,1
3.383488655090332,1
2.6532206535339355,1
3.897702932357788,1
3.5366015434265137,1
3.287883996963501,1
3.7258901596069336,1
3.6466941833496094,1
3.40903639793396,1
3.6002540588378906,1
3.679945468902588,1
3.2563657760620117,1
3.165409564971924,1
2.948047637939453,1
3.3549764156341553,1
2.8380799293518066,1
3.4733753204345703,1
3.058462619781494,1
3.575387954711914,1
3.2149887084960938,1
3.8548007011413574,1
3.6305646896362305,1
3.519986152648926,1
3.654348850250244,1
2.691086769104004,1
3.0033071041107178,1
3.5946290493011475,1
3.532599925994873,1
2.8006601333618164,1
3.6067638397216797,1
3.335935115814209,1
3.072570323944092,1
2.581648826599121,1
3.0284664630889893,1
3.012498617172241,1
3.077857494354248,1
3.112186908721924,1
3.506131887435913,1
2.6742162704467773,1
3.3050365447998047,1
2.778115749359131,1
3.633019208908081,1
3.1780266761779785,1
2.615128993988037,1
3.248837947845459,1
2.962679862976074,1
2.9687914848327637,1
3.2229628562927246,1
2.8511264324188232,1
3.0770790576934814,1
3.3961181640625,1
3.2382407188415527,1
3.5287184715270996,1
3.1239242553710938,1
5.041036128997803,1
3.482541084289551,1
3.3925676345825195,1
2.625469446182251,1
2.702632427215576,1
3.143986701965332,1
4.376142501831055,1
2.9921839237213135,1
2.7236557006835938,1
2.8460006713867188,1
2.7282679080963135,1
3.0430495738983154,1
2.6505446434020996,1
2.640150308609009,1
3.8157529830932617,1
3.4214489459991455,1
2.6447291374206543,1
3.1881344318389893,1
3.1039881706237793,1
3.22550368309021,1
2.726921796798706,1
2.3685593605041504,1
2.600311279296875,1
2.406154155731201,1
3.0062403678894043,1
2.492635726928711,1
3.4646472930908203,1
3.0352160930633545,1
2.982335329055786,1
2.4399850368499756,1
3.3783910274505615,1
3.0510125160217285,1
2.658041000366211,1
3.3803603649139404,1
3.3026323318481445,1
3.267882823944092,1
2.7400972843170166,1
2.8762435913085938,1
4.002714157104492,1
2.8607184886932373,1
2.8264806270599365,1
3.4255456924438477,1
2.9101669788360596,1
2.9537086486816406,1
2.9841246604919434,1
3.305687189102173,1
3.565248966217041,1
2.835887908935547,1
3.413538932800293,1
2.8920955657958984,1
2.6181278228759766,1
2.6032533645629883,1
2.3681740760803223,1
3.155545234680176,1
2.623527765274048,1
2.9239397048950195,1
3.3400936126708984,1
2.65872859954834,1
3.331061840057373,1
2.7485251426696777,1
2.6426427364349365,1
2.607372522354126,1
3.0335278511047363,1
2.935190439224243,1
3.252408981323242,1
2.774611473083496,1
2.5725440979003906,1
2.998471260070801,1
2.729365110397339,1
2.446603298187256,1
2.1480512619018555,1
2.1756062507629395,1
2.496968984603882,1
2.910212993621826,1
2.677049160003662,1
2.9180941581726074,1
2.9367756843566895,1
2.850156545639038,1
2.486238479614258,1
2.666829824447632,1
2.5844545364379883,1
3.5359203815460205,1
2.6855831146240234,1
3.0362813472747803,1
2.4219255447387695,1
2.976020097732544,1
2.583824634552002,1
3.1629652976989746,1
4.0669026374816895,1
2.5079283714294434,1
2.6005237102508545,1
2.866774082183838,1
2.6580333709716797,1
2.208967685699463,1
2.8985671997070313,1
2.8355531692504883,1
2.2222323417663574,1
2.9613852500915527,1
3.3170652389526367,1
2.777726173400879,1
3.091599941253662,1
2.9473555088043213,1
3.200695276260376,1
3.2579214572906494,1
3.277097702026367,1
3.4152469635009766,1
3.258589267730713,1
2.7342309951782227,1
3.382098913192749,1
3.0254571437835693,1
2.7825474739074707,1
2.716789484024048,1
2.9703502655029297,1
2.832284688949585,1
4.015266418457031,1
2.538177013397217,1
2.4952032566070557,1
2.548978805541992,1
2.221156120300293,1
3.220137357711792,1
3.061690330505371,1
2.3089888095855713,1
2.7787423133850098,1
3.1537647247314453,1
2.6798348426818848,1
2.6465342044830322,1
2.0161750316619873,1
2.7522194385528564,1
3.0970752239227295,1
2.814793109893799,1
2.784011125564575,1
2.40128231048584,1
3.0862293243408203,1
2.940035104751587,1
3.1649832725524902,1
3.1131811141967773,1
2.302870750427246,1
2.652276039123535,1
2.5805349349975586,1
3.2666635513305664,1
2.8970248699188232,1
2.4127397537231445,1
2.5795812606811523,1
3.21531081199646,1
3.484111785888672,1
3.1950955390930176,1
2.210750102996826,1
2.3357632160186768,1
2.3919034004211426,1
2.47855281829834,1
2.5265743732452393,1
2.7867233753204346,1
2.0958950519561768,1
2.142080307006836,1
2.836923599243164,1
2.771833896636963,1
3.7560794353485107,1
2.391918659210205,1
2.354414463043213,1
3.2651638984680176,1
2.6957085132598877,1
2.9931185245513916,1
2.7901859283447266,1
2.81693696975708,1
3.570739507675171,1
4.819244861602783,1
2.464639663696289,1
2.8628311157226563,1
3.4615797996520996,1
3.6227149963378906,1
3.2766776084899902,1
4.00311803817749,1
3.9076244831085205,1
4.35482120513916,1
3.8167428970336914,1
3.583080768585205,1
3.508718252182007,1
3.6595842838287354,1
3.1280364990234375,1
3.311844825744629,1
3.722738742828369,1
2.648273468017578,1
3.141958713531494,1
3.137115955352783,1
2.688387870788574,1
2.842797040939331,1
3.3793721199035645,1
2.9473941326141357,1
3.358182430267334,1
2.660529375076294,1
2.4449634552001953,1
2.286651134490967,1
2.902392864227295,1
2.2159295082092285,1
3.3237545490264893,1
3.320035219192505,1
2.986367702484131,1
3.700852394104004,1
3.6130146980285645,1
3.780592918395996,1
2.8865461349487305,1
2.709717273712158,1
2.46905255317688,1
2.806978464126587,1
2.6309051513671875,1
3.4086050987243652,1
2.4874587059020996,1
3.447829484939575,1
3.5993075370788574,1
2.8006954193115234,1
2.0671091079711914,1
3.6642603874206543,1
3.0375587940216064,1
2.8549695014953613,1
3.1377406120300293,1
2.5026636123657227,1
2.9703259468078613,1
2.800870180130005,1
2.5913538932800293,1
2.7055063247680664,1
2.713313579559326,1
2.468679904937744,1
2.9890427589416504,1
3.3488359451293945,1
2.650803327560425,1
2.357344150543213,1
3.0742452144622803,1
3.3075499534606934,1
2.9962401390075684,1
2.5385444164276123,1
2.39157772064209,1
2.297461748123169,1
2.9396424293518066,1
2.855323553085327,1
2.600879669189453,1
3.0282363891601563,1
2.612856149673462,1
3.3712620735168457,1
2.603738784790039,1
3.850175380706787,1
2.4924001693725586,1
3.4692983627319336,1
2.6147775650024414,1
2.5050201416015625,1
2.7267165184020996,1
3.8168272972106934,1
2.223281145095825,1
2.918787956237793,1
2.9361138343811035,1
3.869187116622925,1
3.316075325012207,1
2.9505867958068848,1
2.2201766967773438,1
2.653486967086792,1
2.7879576683044434,1
3.2275490760803223,1
2.2517640590667725,1
3.008228302001953,1
2.992583990097046,1
3.05649471282959,1
3.5149948596954346,1
3.5270438194274902,1
2.79106068611145,1
3.0227935314178467,1
2.9405975341796875,1
3.664642810821533,1
3.0278985500335693,1
3.4005627632141113,1
3.1741340160369873,1
3.2971911430358887,1
2.9103848934173584,1
2.5205790996551514,1
2.568331241607666,1
2.472078323364258,1
2.8194518089294434,1
2.6271188259124756,1
3.3460679054260254,1
3.0401053428649902,1
1.8401405811309814,1
2.4589385986328125,1
2.3998825550079346,1
2.7064316272735596,1
2.8671841621398926,1
2.3409276008605957,1
2.091238498687744,1
2.6160213947296143,1
2.479543685913086,1
2.3751730918884277,1
2.561074733734131,1
3.762584686279297,1
3.0232529640197754,1
3.580582618713379,1
1.8854161500930786,1
2.108686923980713,1
2.206695079803467,1
2.470430374145508,1
2.639899253845215,1
2.7387664318084717,1
3.0229456424713135,1
2.647627115249634,1
2.9024901390075684,1
3.0059814453125,1
2.4316658973693848,1
3.565613031387329,1
2.709778308868408,1
2.7768895626068115,1
3.2091386318206787,1
3.1693053245544434,1
3.0417425632476807,1
3.887960910797119,1
3.7009615898132324,1
2.665353298187256,1
2.899137496948242,1
2.8298754692077637,1
3.4819769859313965,1
3.4862399101257324,1
3.7735862731933594,1
2.6385087966918945,1
3.111344814300537,1
3.1417603492736816,1
3.1227850914001465,1
3.201481580734253,1
3.3958935737609863,1
2.5503580570220947,1
2.9507880210876465,1
2.223083734512329,1
2.792724370956421,1
3.6964235305786133,1
2.9465479850769043,1
2.5724687576293945,1
2.9766221046447754,1
2.8055453300476074,1
2.6141602993011475,1
2.9632973670959473,1
2.6154634952545166,1
2.3887836933135986,1
2.9068050384521484,1
2.707929849624634,1
2.5341501235961914,1
1.9737343788146973,1
2.9202067852020264,1
2.744302272796631,1
2.491823673248291,1
2.771942138671875,1
3.8655576705932617,1
2.1555016040802,1
2.1186885833740234,1
3.427556276321411,1
2.936084508895874,1
3.1653027534484863,1
3.029972791671753,1
2.7517292499542236,1
2.306431293487549,1
2.508084774017334,1
3.123660087585449,1
2.749601364135742,1
2.628187656402588,1
2.681629180908203,1
2.577446699142456,1
2.7840542793273926,1
3.2174735069274902,1
2.499114990234375,1
2.8941867351531982,1
2.5503180027008057,1
2.8073508739471436,1
2.656026840209961,1
3.068441867828369,1
2.984917640686035,1
3.187117576599121,1
2.4188270568847656,1
3.1173737049102783,1
3.399186849594116,1
2.7125048637390137,1
2.648012638092041,1
3.1112773418426514,1
2.6660091876983643,1
2.5110816955566406,1
2.8034474849700928,1
2.6439571380615234,1
2.569000720977783,1
3.208026170730591,1
2.7706050872802734,1
2.9298503398895264,1
2.539151430130005,1
2.9212732315063477,1
2.957099437713623,1
2.6133787631988525,1
2.940296173095703,1
2.807837724685669,1
2.6758830547332764,1
2.292393207550049,1
2.4566304683685303,1
2.4423575401306152,1
3.0341849327087402,1
2.5146522521972656,1
3.126479148864746,1
3.940765857696533,1
3.6778621673583984,1
3.7334277629852295,1
3.1289498805999756,1
2.731503486633301,1
2.8420016765594482,1
3.4161319732666016,1
2.7833337783813477,1
4.592221736907959,1
3.6698217391967773,1
3.449838161468506,1
3.03363037109375,1
3.2392940521240234,1
3.26358699798584,1
3.3319408893585205,1
2.9056549072265625,1
2.9870102405548096,1
2.909177303314209,1
3.036228656768799,1
3.5888521671295166,1
3.619019031524658,1
3.609480619430542,1
2.7559781074523926,1
2.7679684162139893,1
3.0688869953155518,1
2.3984508514404297,1
2.395759105682373,1
2.31431245803833,1
2.6500630378723145,1
2.368464231491089,1
3.048611640930176,1
3.090522289276123,1
2.2862279415130615,1
2.4784631729125977,1
2.137514114379883,1
2.3603034019470215,1
3.927009105682373,1
2.703126907348633,1
2.0904996395111084,1
2.389895439147949,1
2.775251865386963,1
2.668570041656494,1
3.0516457557678223,1
2.3697891235351563,1
2.740309238433838,1
2.112290859222412,1
2.7233433723449707,1
3.2941622734069824,1
2.601501941680908,1
2.666208267211914,1
2.673645257949829,1
2.712270498275757,1
3.4609994888305664,1
3.063174247741699,1
2.918275833129883,1
3.583108425140381,1
3.2896246910095215,1
2.6050000190734863,1
3.2888684272766113,1
3.121819496154785,1
3.1382527351379395,1
2.9251253604888916,1
2.604658842086792,1
2.7334694862365723,1
2.494215250015259,1
2.7021992206573486,1
2.681086540222168,1
2.4619064331054688,1
2.6241068840026855,1
2.9187114238739014,1
3.205596923828125,1
2.301586866378784,1
2.605386734008789,1
2.638852119445801,1
2.5015127658843994,1
2.8215012550354004,1
2.7379748821258545,1
2.8741564750671387,1
2.2560229301452637,1
2.1540324687957764,1
2.871443748474121,1
2.479888439178467,1
3.0664989948272705,1
3.033389091491699,1
2.8666205406188965,1
2.4499924182891846,1
3.262699842453003,1
2.725902557373047,1
3.095109462738037,1
2.447080135345459,1
2.5445690155029297,1
2.519225597381592,1
2.1546521186828613,1
3.425656795501709,1
2.4148550033569336,1
2.604806423187256,1
2.7839624881744385,1
2.895139694213867,1
2.958799123764038,1
2.6840572357177734,1
2.219573497772217,1
2.7885167598724365,1
2.998215675354004,1
2.5109920501708984,1
2.648191452026367,1
2.7220067977905273,1
2.5849833488464355,1
2.609652280807495,1
2.653501272201538,1
2.8141891956329346,1
2.723111152648926,1
3.0449767112731934,1
2.2290537357330322,1
2.692720890045166,1
2.5245792865753174,1
2.619291305541992,1
2.94665789604187,1
2.820467948913574,1
2.8966054916381836,1
2.8075995445251465,1
2.9122769832611084,1
2.3853840827941895,1
2.654036283493042,1
2.6030147075653076,1
2.645871877670288,1
2.7552330493927,1
2.598200559616089,1
2.456278085708618,1
2.4270009994506836,1
2.789236068725586,1
2.1740808486938477,1
3.1114418506622314,1
3.2360410690307617,1
2.798391342163086,1
3.055936336517334,1
3.1434121131896973,1
2.995619297027588,1
3.6423935890197754,1
2.9707510471343994,1
3.2703394889831543,1
2.7962405681610107,1
2.922016143798828,1
2.6633992195129395,1
2.593742847442627,1
3.1772994995117188,1
2.4568612575531006,1
3.8157846927642822,1
2.894542694091797,1
2.829859495162964,1
2.548069953918457,1
3.0029964447021484,1
2.958372116088867,1
2.575878858566284,1
2.748749256134033,1
2.491551160812378,1
3.147827625274658,1
3.0176432132720947,1
2.471980094909668,1
3.343414783477783,1
2.8613169193267822,1
3.2520899772644043,1
3.695406913757324,1
3.270765542984009,1
2.942577362060547,1
2.7934112548828125,1
3.0301194190979004,1
2.817434787750244,1
3.0399560928344727,1
3.0785722732543945,1
2.7986063957214355,1
2.6952152252197266,1
2.272160530090332,1
3.0399374961853027,1
2.4966726303100586,1
2.5651309490203857,1
2.3451499938964844,1
2.3317461013793945,1
3.0537869930267334,1
2.333519458770752,1
2.58516788482666,1
3.0836334228515625,1
2.8670852184295654,1
2.290832996368408,1
2.886583089828491,1
3.266928195953369,1
2.6111321449279785,1
3.1226747035980225,1
2.407221794128418,1
2.7308778762817383,1
2.5838675498962402,1
2.834855556488037,1
2.7108330726623535,1
2.496142864227295,1
3.013345718383789,1
2.805729866027832,1
2.2340762615203857,1
2.419839859008789,1
2.427631139755249,1
3.067279815673828,1
2.0943167209625244,1
2.648998260498047,1
2.4884443283081055,1
2.5140371322631836,1
2.5614819526672363,1
2.9961369037628174,1
3.532344341278076,1
2.6523571014404297,1
3.223975896835327,1
3.213026523590088,1
2.6002743244171143,1
2.472902536392212,1
3.8125874996185303,1
3.8530795574188232,1
3.25282883644104,1
2.5846941471099854,1
2.6482725143432617,1
2.49208927154541,1
2.551321506500244,1
2.9663312435150146,1
3.194403886795044,1
2.875983715057373,1
2.6514878273010254,1
2.331580638885498,1
2.7512450218200684,1
1.859344720840454,1
2.6658358573913574,1
3.0214357376098633,1
2.946247100830078,1
3.0036892890930176,1
2.5467889308929443,1
2.6681149005889893,1
2.7094717025756836,1
3.105273723602295,1
2.107313871383667,1
2.814275026321411,1
2.6439270973205566,1
2.8116188049316406,1
3.0205864906311035,1
2.5179457664489746,1
2.736891746520996,1
3.4455013275146484,1
5.268160343170166,1
2.4351859092712402,1
3.0188472270965576,1
2.318185806274414,1
2.5004985332489014,1
3.188105344772339,1
2.908946990966797,1
2.417034149169922,1
3.1156258583068848,1
2.828629493713379,1
3.4851937294006348,1
2.8717966079711914,1
3.159189462661743,1
3.0704855918884277,1
2.789559841156006,1
2.6889400482177734,1
2.84476900100708,1
2.5127460956573486,1
2.6112446784973145,1
1.8689947128295898,1
2.6279215812683105,1
4.313393592834473,1
2.9765326976776123,1
2.731095790863037,1
2.842240810394287,1
2.922853469848633,1
3.2563557624816895,1
2.9638333320617676,1
3.1164023876190186,1
3.078230142593384,1
3.380545139312744,1
3.007413148880005,1
2.6093552112579346,1
2.1944832801818848,1
2.9304211139678955,1
2.709165573120117,1
3.767662286758423,1
2.3321609497070313,1
2.584177017211914,1
2.4755632877349854,1
3.031202793121338,1
3.3258466720581055,1
3.3780391216278076,1
3.2259650230407715,1
2.9262495040893555,1
3.2942190170288086,1
3.1542906761169434,1
3.1397171020507813,1
3.5099222660064697,1
3.0380167961120605,1
2.984631299972534,1
2.8450260162353516,1
2.377594232559204,1
2.8399577140808105,1
3.9121196269989014,1
3.322871685028076,1
2.800410032272339,1
2.6509439945220947,1
2.8685202598571777,1
3.1828932762145996,1
3.276531219482422,1
4.997354507446289,1
3.0160531997680664,1
3.3012208938598633,1
2.6455321311950684,1
2.476726531982422,1
2.687898635864258,1
3.4458179473876953,1
2.9079792499542236,1
2.9659461975097656,1
2.9125499725341797,1
2.4936752319335938,1
2.7639479637145996,1
3.1643450260162354,1
2.7781965732574463,1
2.9322614669799805,1
2.322279453277588,1
2.875242233276367,1
2.0645344257354736,1
2.6180567741394043,1
3.126387596130371,1
3.2944750785827637,1
1.9259004592895508,1
3.0648679733276367,1
3.420945167541504,1
2.5695319175720215,1
2.8139383792877197,1
2.831355094909668,1
2.8119826316833496,1
2.3666255474090576,1
2.5698814392089844,1
2.649667978286743,1
2.935885429382324,1
2.8803420066833496,1
3.301938533782959,1
3.098498821258545,1
2.528125762939453,1
2.2652924060821533,1
3.2963597774505615,1
2.9777274131774902,1
2.9096460342407227,1
3.1490912437438965,1
3.0695033073425293,1
2.654365062713623,1
2.256138801574707,1
2.3932886123657227,1
2.366412878036499,1
2.714237689971924,1
2.608597755432129,1
2.885004758834839,1
2.903054714202881,1
2.76953125,1
2.606384754180908,1
3.0036349296569824,1
2.474893093109131,1
2.6746766567230225,1
2.448647975921631,1
2.935549259185791,1
2.2852420806884766,1
2.8781869411468506,1
2.560213565826416,1
2.9117512702941895,1
2.98134183883667,1
2.133552074432373,1
2.665923595428467,1
2.7228753566741943,1
2.4025259017944336,1
3.285222053527832,1
2.271470069885254,1
2.902317523956299,1
2.6772217750549316,1
2.675801992416382,1
2.3904199600219727,1
2.02781343460083,1
2.9254677295684814,1
2.987708568572998,1
2.824385404586792,1
2.902524948120117,1
2.405200958251953,1
2.517887592315674,1
3.8062076568603516,1
2.128941535949707,1
2.586137533187866,1
2.3377270698547363,1
2.6159353256225586,1
2.365229606628418,1
3.1807398796081543,1
2.5817480087280273,1
2.4791741371154785,1
2.5111734867095947,1
2.6192970275878906,1
2.867851495742798,1
2.6372556686401367,1
2.9453113079071045,1
2.6195874214172363,1
2.875546455383301,1
2.5652053356170654,1
2.7577061653137207,1
2.038677930831909,1
2.4553940296173096,1
2.4032654762268066,1
2.6193037033081055,1
2.459850788116455,1
2.6959400177001953,1
2.855515956878662,1
2.2902050018310547,1
3.090681791305542,1
2.5140719413757324,1
1.9489483833312988,1
2.4479856491088867,1
2.7160568237304688,1
3.3872275352478027,1
2.507636070251465,1
2.8439583778381348,1
2.368635416030884,1
2.9139206409454346,1
3.0834789276123047,1
2.7098374366760254,1
2.609185218811035,1
2.482896327972412,1
2.998340129852295,1
2.3339900970458984,1
3.0940747261047363,1
3.6257035732269287,1
2.954251766204834,1
2.2422897815704346,1
2.4119858741760254,1
2.76226806640625,1
2.4934580326080322,1
2.4195556640625,1
3.551631450653076,1
2.278900146484375,1
3.0324454307556152,1
2.9325132369995117,1
2.4588561058044434,1
2.3467140197753906,1
2.674299955368042,1
3.046496868133545,1
2.550395965576172,1
3.278536796569824,1
3.1386828422546387,1
2.7548718452453613,1
2.790933609008789,1
2.6667063236236572,1
2.5868642330169678,1
2.8794736862182617,1
3.6947765350341797,1
2.561147928237915,1
3.027571439743042,1
3.124300956726074,1
2.568192481994629,1
2.670816659927368,1
2.7298383712768555,1
2.7903432846069336,1
4.370647430419922,1
3.7419652938842773,1
2.6578116416931152,1
2.82515549659729,1
3.0397133827209473,1
3.0315210819244385,1
3.182093620300293,1
3.5403709411621094,1
2.7993409633636475,1
2.8740484714508057,1
3.0832507610321045,1
2.2314023971557617,1
2.6074771881103516,1
3.195948600769043,1
3.459763288497925,1
2.95520281791687,1
2.8989176750183105,1
2.729621648788452,1
3.457458257675171,1
2.6465330123901367,1
3.201991081237793,1
3.488771915435791,1
2.809063196182251,1
3.3300132751464844,1
2.824881076812744,1
3.145047903060913,1
3.205533504486084,1
2.6758828163146973,1
3.306037187576294,1
3.4600911140441895,1
2.8305537700653076,1
2.675144672393799,1
2.619643211364746,1
3.4604828357696533,1
2.505964756011963,1
3.312039375305176,1
2.7536396980285645,1
3.087859630584717,1
3.573855400085449,1
2.278306007385254,1
2.307382106781006,1
2.341400146484375,1
2.5743675231933594,1
2.2885513305664063,1
3.022675037384033,1
3.396678924560547,1
2.824836492538452,1
2.8099112510681152,1
2.4154038429260254,1
3.492888927459717,1
3.4300570487976074,1
2.942246198654175,1
2.978733539581299,1
3.1740939617156982,1
3.027446985244751,1
2.8163442611694336,1
3.142223358154297,1
2.603776216506958,1
2.6389336585998535,1
2.526909351348877,1
2.9166481494903564,1
2.618720054626465,1
3.098031759262085,1
2.61409592628479,1
2.9978835582733154,1
2.811957359313965,1
3.3449907302856445,1
3.6032462120056152,1
2.7954187393188477,1
2.7380447387695313,1
2.926481008529663,1
3.210577964782715,1
2.8375844955444336,1
3.086249351501465,1
2.487748861312866,1
2.639491319656372,1
3.335501194000244,1
3.395265579223633,1
2.78739595413208,1
3.3404619693756104,1
2.4358510971069336,1
2.516671657562256,1
3.348728656768799,1
2.229649066925049,1
2.712374210357666,1
2.302670955657959,1
2.5448403358459473,1
2.502824544906616,1
2.8785531520843506,1
3.760615825653076,1
2.6007890701293945,1
3.223043441772461,1
2.5792341232299805,1
2.4222705364227295,1
2.8058009147644043,1
2.6557016372680664,1
2.573075294494629,1
2.22298526763916,1
2.8077874183654785,1
2.7646191120147705,1
2.1738407611846924,1
2.5799760818481445,1
2.70973539352417,1
1.6538405418395996,1
2.5301742553710938,1
2.5235848426818848,1
2.721385955810547,1
2.230368137359619,1
2.455141067504883,1
2.7878355979919434,1
2.8758068084716797,1
2.3714287281036377,1
2.5272674560546875,1
2.7078018188476563,1
2.170307159423828,1
2.274301767349243,1
2.960753917694092,1
4.123317718505859,1
3.122527837753296,1
3.343536853790283,1
3.024888515472412,1
3.99176025390625,1
2.4469447135925293,1
2.771280288696289,1
2.896014928817749,1
3.4345645904541016,1
3.1507203578948975,1
3.069110155105591,1
2.993741512298584,1
3.2301299571990967,1
3.119295597076416,1
3.0272796154022217,1
2.5701146125793457,1
2.9258182048797607,1
3.3640217781066895,1
3.1560401916503906,1
3.1237874031066895,1
2.1589913368225098,1
3.1955718994140625,1
3.0180466175079346,1
2.812662363052368,1
3.162630558013916,1
2.854665756225586,1
2.560671329498291,1
2.505446434020996,1
2.947134017944336,1
2.568376302719116,1
2.802436113357544,1
3.2518229484558105,1
2.8696060180664063,1
3.0776281356811523,1
2.947300672531128,1
3.5303092002868652,1
2.6815853118896484,1
2.3944520950317383,1
2.991830587387085,1
3.732328176498413,1
3.1503512859344482,1
2.8240456581115723,1
2.7845280170440674,1
2.7331132888793945,1
2.787951946258545,1
2.8529815673828125,1
2.3596014976501465,1
2.162587881088257,1
2.3877696990966797,1
2.9252166748046875,1
3.6716551780700684,1
2.716235637664795,1
2.828287124633789,1
3.394925594329834,1
2.370434045791626,1
2.5425939559936523,1
2.662890672683716,1
2.6075775623321533,1
2.493356943130493,1
2.9515936374664307,1
3.0083389282226563,1
2.6685659885406494,1
2.277437686920166,1
2.6300129890441895,1
2.4903485774993896,1
2.2598915100097656,1
2.455467700958252,1
2.5887367725372314,1
2.597679376602173,1
3.777374267578125,1
2.645218849182129,1
2.93843412399292,1
2.139707088470459,1
2.348255157470703,1
2.075927495956421,1
3.158266067504883,1
2.3814749717712402,1
2.605875015258789,1
3.2063019275665283,1
2.6389808654785156,1
2.898848295211792,1
2.8776369094848633,1
2.6158194541931152,1
2.948967456817627,1
2.203897714614868,1
2.843942642211914,1
3.7710916996002197,1
2.637237310409546,1
2.5561203956604004,1
2.49798321723938,1
2.663370132446289,1
3.0985326766967773,1
2.9524855613708496,1
2.748173475265503,1
2.2002909183502197,1
2.686323642730713,1
2.488786220550537,1
2.4948768615722656,1
2.39174222946167,1
2.310595750808716,1
2.5050368309020996,1
2.331808090209961,1
2.766831636428833,1
2.960341453552246,1
2.8153305053710938,1
2.470889091491699,1
2.51804256439209,1
2.951507806777954,1
2.7081563472747803,1
2.810511589050293,1
3.0409648418426514,1
2.928544521331787,1
1.8867592811584473,1
2.3973000049591064,1
2.5372796058654785,1
2.7798633575439453,1
2.497710704803467,1
3.330094814300537,1
3.070493221282959,1
2.947679042816162,1
2.6001384258270264,1
3.3118295669555664,1
3.4051356315612793,1
2.9247095584869385,1
2.6422128677368164,1
2.671395778656006,1
3.0731077194213867,1
2.539973735809326,1
3.4658658504486084,1
2.708353042602539,1
2.6486260890960693,1
3.087526321411133,1
2.1894760131835938,1
3.477797508239746,1
2.1926932334899902,1
3.461787223815918,1
3.1814661026000977,1
2.37198543548584,1
3.5005106925964355,1
2.1883318424224854,1
2.3575563430786133,1
3.0291004180908203,1
3.0846147537231445,1
2.5611774921417236,1
2.4262516498565674,1
3.425771951675415,1
2.7263288497924805,1
3.030179023742676,1
3.799389123916626,1
3.169982671737671,1
3.0724916458129883,1
3.422226667404175,1
2.8295207023620605,1
2.716693878173828,1
3.0374667644500732,1
2.6296768188476563,1
2.416874408721924,1
3.637510299682617,1
3.295044183731079,1
2.3824312686920166,1
2.5525989532470703,1
2.884331226348877,1
2.465320110321045,1
2.9277760982513428,1
2.2074663639068604,1
3.3054111003875732,1
3.052003860473633,1
2.3626656532287598,1
2.6667306423187256,1
2.476472854614258,1
2.3715198040008545,1
2.4372200965881348,1
2.7520008087158203,1
2.1946182250976563,1
2.3725695610046387,1
2.542664051055908,1
2.785257339477539,1
3.0438947677612305,1
3.383197784423828,1
3.3225529193878174,1
2.6552646160125732,1
3.020684003829956,1
2.6324167251586914,1
3.202188491821289,1
2.8056693077087402,1
3.998978853225708,1
3.2524797916412354,1
2.64143705368042,1
2.566361904144287,1
3.4691433906555176,1
3.3253426551818848,1
4.264433860778809,1
2.6252286434173584,1
2.779783010482788,1
2.5487852096557617,1
2.902750015258789,1
2.997014045715332,1
3.1697487831115723,1
3.507031202316284,1
2.2517497539520264,1
3.250028133392334,1
2.127685308456421,1
2.955662250518799,1
3.097294807434082,1
2.7237706184387207,1
2.4368762969970703,1
2.727734088897705,1
3.572239398956299,1
2.762587785720825,1
2.6978845596313477,1
2.7241501808166504,1
2.6329402923583984,1
2.5228757858276367,1
2.4115076065063477,1
2.6867871284484863,1
2.277743339538574,1
2.419956684112549,1
2.551243782043457,1
2.934150218963623,1
3.0438058376312256,1
2.7606887817382813,1
2.6023788452148438,1
2.4786317348480225,1
2.908395290374756,1
2.758481025695801,1
2.7237424850463867,1
3.2362749576568604,1
3.202690839767456,1
2.709017038345337,1
2.3302319049835205,1
2.984327793121338,1
2.554971218109131,1
2.263192653656006,1
3.1616201400756836,1
2.604782819747925,1
2.7825188636779785,1
2.85040020942688,1
2.4235308170318604,1
3.07778000831604,1
2.4141340255737305,1
2.3975090980529785,1
2.7260429859161377,1
3.2141575813293457,1
2.7038872241973877,1
3.12953519821167,1
2.4850640296936035,1
2.7409749031066895,1
3.015896797180176,1
2.478031635284424,1
2.956637382507324,1
3.216287136077881,1
2.7398552894592285,1
2.6096389293670654,1
2.674537181854248,1
3.6521973609924316,1
2.9742846488952637,1
3.0586917400360107,1
2.345029354095459,1
2.5245213508605957,1
2.6664185523986816,1
2.967592239379883,1
2.4751062393188477,1
2.22641658782959,1
2.822471857070923,1
2.5548229217529297,1
2.388850688934326,1
2.3671798706054688,1
3.2426538467407227,1
2.739987850189209,1
2.813347816467285,1
2.9749608039855957,1
2.211298942565918,1
3.1659178733825684,1
2.756540298461914,1
2.8379440307617188,1
2.616347551345825,1
2.8167924880981445,1
2.12707257270813,1
2.4810354709625244,1
1.7355808019638062,1
3.5040435791015625,1
2.7377748489379883,1
2.640193223953247,1
2.598381519317627,1
2.8555235862731934,1
3.1873912811279297,1
2.0295159816741943,1
2.778554677963257,1
2.332566976547241,1
2.384300947189331,1
2.6169018745422363,1
2.5080466270446777,1
2.3763210773468018,1
3.466306209564209,1
3.264467716217041,1
2.4296064376831055,1
2.7482552528381348,1
2.7270894050598145,1
2.6829781532287598,1
2.3338983058929443,1
4.025021076202393,1
4.002469062805176,1
2.405034065246582,1
3.03330659866333,1
2.4657163619995117,1
3.5785346031188965,1
3.120976209640503,1
2.654590606689453,1
2.741007089614868,1
2.962146282196045,1
3.0310115814208984,1
2.8905627727508545,1
3.4317703247070313,1
2.942582130432129,1
2.8896617889404297,1
2.7783730030059814,1
3.4906110763549805,1
2.7481863498687744,1
3.976656436920166,1
3.16860294342041,1
3.4978511333465576,1
2.7694106101989746,1
2.729717969894409,1
2.50714111328125,1
2.429443359375,1
2.6061863899230957,1
2.526737689971924,1
2.727808952331543,1
2.6496243476867676,1
3.2167489528656006,1
3.2424755096435547,1
4.161145210266113,1
3.5148301124572754,1
3.1121609210968018,1
2.8864989280700684,1
2.6707923412323,1
2.729219675064087,1
2.988341808319092,1
1.9739208221435547,1
2.6838066577911377,1
2.854283332824707,1
2.152780532836914,1
2.8978774547576904,1
2.3644304275512695,1
2.8494577407836914,1
2.5949745178222656,1
2.5737428665161133,1
2.8096792697906494,1
3.049628734588623,1
2.630422830581665,1
3.1445059776306152,1
2.79306697845459,1
3.5309901237487793,1
2.7574446201324463,1
2.2823433876037598,1
2.543604612350464,1
3.0112128257751465,1
2.5360517501831055,1
3.013467788696289,1
2.860105514526367,1
2.7136034965515137,1
2.185905933380127,1
2.7387661933898926,1
2.3610668182373047,1
2.0512962341308594,1
2.713070869445801,1
3.226621150970459,1
3.7332754135131836,1
3.1253716945648193,1
3.1313579082489014,1
2.63960599899292,1
4.732536315917969,1
3.3579702377319336,1
3.8631060123443604,1
3.4849085807800293,1
3.5327839851379395,1
3.146484136581421,1
3.068300724029541,1
3.2510437965393066,1
2.6445369720458984,1
3.1067211627960205,1
3.4843010902404785,1
3.1052498817443848,1
3.0315122604370117,1
2.452885627746582,1
2.8605120182037354,1
3.2244491577148438,1
3.395020008087158,1
2.733046770095825,1
2.884371757507324,1
2.7405295372009277,1
2.224341869354248,1
2.6837387084960938,1
2.9778144359588623,1
2.981119394302368,1
3.0182271003723145,1
2.640781879425049,1
2.9540281295776367,1
2.787832021713257,1
3.287864923477173,1
2.9051761627197266,1
3.1860733032226563,1
2.740259885787964,1
2.988335609436035,1
2.7020676136016846,1
2.7045750617980957,1
3.0376429557800293,1
2.6283793449401855,1
2.8820126056671143,1
2.3894729614257813,1
2.7927157878875732,1
2.529160976409912,1
2.699172258377075,1
2.7915263175964355,1
3.1737570762634277,1
2.3095521926879883,1
3.7719101905822754,1
2.3147048950195313,1
2.796121597290039,1
2.412649631500244,1
2.8956832885742188,1
2.9120216369628906,1
2.244823694229126,1
3.167947769165039,1
2.9068069458007813,1
3.164461374282837,1
2.6589150428771973,1
3.1627790927886963,1
2.931450843811035,1
2.4268012046813965,1
2.547516107559204,1
3.6978096961975098,1
3.074287176132202,1
2.2032418251037598,1
3.413029432296753,1
2.775651454925537,1
2.7907395362854004,1
3.1600723266601563,1
2.9398751258850098,1
2.9382448196411133,1
2.5163309574127197,1
2.511986494064331,1
3.418565034866333,1
2.8749208450317383,1
2.8028464317321777,1
2.9643545150756836,1
3.216919183731079,1
2.926469087600708,1
2.779644012451172,1
3.2891128063201904,1
3.7933244705200195,1
3.316622495651245,1
2.3943188190460205,1
3.2377030849456787,1
2.9154253005981445,1
2.603653907775879,1
3.1177871227264404,1
2.925117015838623,1
3.0804219245910645,1
2.488767147064209,1
2.852313995361328,1
2.8165946006774902,1
2.841132640838623,1
3.1485745906829834,1
2.9273135662078857,1
3.2359657287597656,1
2.4329733848571777,1
2.9646406173706055,1
2.6113078594207764,1
3.271820068359375,1
1.8939645290374756,1
3.1055941581726074,1
3.3000717163085938,1
2.5947442054748535,1
2.497490167617798,1
2.869469165802002,1
2.9108872413635254,1
2.5932562351226807,1
2.7007503509521484,1
3.1479339599609375,1
2.8407673835754395,1
3.1051852703094482,1
3.2768237590789795,1
2.778904914855957,1
2.556400775909424,1
3.0295772552490234,1
2.872098922729492,1
2.7139017581939697,1
2.902811050415039,1
3.0533084869384766,1
2.515456199645996,1
3.165330171585083,1
2.958576202392578,1
2.943376064300537,1
3.0640134811401367,1
2.8068747520446777,1
2.9806408882141113,1
2.833927631378174,1
3.051006317138672,1
3.127943992614746,1
3.1355767250061035,1
2.2706713676452637,1
3.293400526046753,1
1.996099829673767,1
2.9593827724456787,1
2.802847385406494,1
2.853313684463501,1
2.9702718257904053,1
2.604536533355713,1
2.467898368835449,1
2.9957194328308105,1
3.3088791370391846,1
3.855767011642456,1
2.4521994590759277,1
2.4089598655700684,1
2.68839693069458,1
2.893927574157715,1
3.2059738636016846,1
3.7102694511413574,1
2.6963720321655273,1
2.9979748725891113,1
2.6646056175231934,1
3.2695412635803223,1
3.6870999336242676,1
3.9910707473754883,1
2.985502243041992,1
3.2705154418945313,1
2.6664645671844482,1
2.788405179977417,1
2.70365309715271,1
2.9680418968200684,1
3.280163288116455,1
3.285186767578125,1
2.848714828491211,1
2.5559287071228027,1
2.755340099334717,1
2.617123603820801,1
1.920454978942871,1
2.8642868995666504,1
2.9601011276245117,1
2.855043411254883,1
2.548034906387329,1
2.4258828163146973,1
2.504427909851074,1
2.9697937965393066,1
2.6430108547210693,1
2.3341312408447266,1
3.3245315551757813,1
3.0090057849884033,1
2.7093374729156494,1
2.8956425189971924,1
2.9628243446350098,1
2.7651352882385254,1
2.505250930786133,1
2.8885436058044434,1
2.4030590057373047,1
2.8617117404937744,1
2.249692440032959,1
2.0786938667297363,1
2.480776786804199,1
2.9464468955993652,1
2.9623985290527344,1
3.684224843978882,1
4.5631256103515625,1
2.409907341003418,1
3.514863967895508,1
2.744588851928711,1
3.2266411781311035,1
3.539193868637085,1
2.5696754455566406,1
3.1762571334838867,1
2.838916063308716,1
3.445549726486206,1
2.9877982139587402,1
2.4220218658447266,1
4.169132709503174,1
2.7236690521240234,1
3.310844898223877,1
3.1698973178863525,1
2.8399710655212402,1
2.828920841217041,1
3.3405566215515137,1
3.154498815536499,1
3.9946913719177246,1
3.849879503250122,1
2.464778423309326,1
2.6842565536499023,1
3.238644599914551,1
2.9361162185668945,1
3.223780393600464,1
3.6983449459075928,1
3.3681697845458984,1
3.012568473815918,1
3.463970422744751,1
3.212009906768799,1
2.2084522247314453,1
3.99493145942688,1
2.4147958755493164,1
2.545036792755127,1
2.668435573577881,1
2.363182783126831,1
3.549959182739258,1
2.8854966163635254,1
3.115177869796753,1
2.4441356658935547,1
3.156081199645996,1
3.324723958969116,1
2.8217101097106934,1
2.9085731506347656,1
2.8895504474639893,1
3.1358628273010254,1
2.7812910079956055,1
2.6922128200531006,1
3.5776000022888184,1
4.079294681549072,1
3.5187816619873047,1
3.256748676300049,1
5.36562442779541,1
4.140589237213135,1
3.424349069595337,1
3.6899781227111816,1
2.9074647426605225,1
3.6643784046173096,1
3.6795730590820313,1
2.9575655460357666,1
3.4866766929626465,1
3.4917874336242676,1
3.3927717208862305,1
3.5603604316711426,1
3.336961269378662,1
3.193929672241211,1
2.994137763977051,1
3.4152138233184814,1
2.8191261291503906,1
3.20385479927063,1
2.394347906112671,1
3.0618672370910645,1
2.511953592300415,1
2.8897690773010254,1
2.542656421661377,1
2.448951005935669,1
2.8163838386535645,1
3.182175397872925,1
3.026146411895752,1
3.5908074378967285,1
3.2113211154937744,1
2.5153732299804688,1
3.08884334564209,1
3.2193984985351563,1
2.387247085571289,1
3.3061864376068115,1
3.0608432292938232,1
2.4807987213134766,1
4.658053398132324,1
3.0584654808044434,1
2.919316530227661,1
2.5322375297546387,1
3.4012694358825684,1
2.2433691024780273,1
2.7858047485351563,1
2.929347276687622,1
3.381357192993164,1
2.936063528060913,1
2.9609570503234863,1
2.905651569366455,1
2.852001905441284,1
3.134089946746826,1
3.4005649089813232,1
2.9447522163391113,1
2.8274550437927246,1
4.171749114990234,1
3.9347777366638184,1
3.2778120040893555,1
4.502035140991211,1
2.9016857147216797,1
3.022026538848877,1
3.358344316482544,1
2.797919750213623,1
2.9054107666015625,1
2.7065627574920654,1
3.189633846282959,1
2.606142997741699,1
2.5058045387268066,1
2.5797696113586426,1
2.872361660003662,1
3.2600269317626953,1
2.454847812652588,1
2.9528489112854004,1
2.4297707080841064,1
2.591897964477539,1
2.6078879833221436,1
2.5644586086273193,1
