2.2311129570007324,1
2.2485039234161377,1
2.5902557373046875,1
2.1264476776123047,1
2.1542749404907227,1
2.124896764755249,1
2.7489936351776123,1
2.599250555038452,1
3.0300722122192383,1
1.9193474054336548,1
2.334883689880371,1
2.7434146404266357,1
2.088569164276123,1
2.405596971511841,1
2.4231433868408203,1
2.3302574157714844,1
2.3913750648498535,1
2.9315781593322754,1
2.055638551712036,1
2.185577392578125,1
2.0024521350860596,1
2.311755895614624,1
1.6423925161361694,1
2.099257230758667,1
2.4747495651245117,1
2.286581516265869,1
2.7324447631835938,1
2.4610555171966553,1
2.6135172843933105,1
2.400641918182373,1
1.823747992515564,1
2.8888168334960938,1
3.770535945892334,1
3.2492847442626953,1
3.4082694053649902,1
2.9256033897399902,1
2.3896944522857666,1
2.2349865436553955,1
2.3035683631896973,1
2.2174878120422363,1
2.485393524169922,1
2.9688940048217773,1
2.670408248901367,1
2.3625235557556152,1
2.488241195678711,1
2.3398756980895996,1
2.3409502506256104,1
2.5811119079589844,1
2.092496871948242,1
2.388362407684326,1
2.7529256343841553,1
2.4936838150024414,1
2.0566306114196777,1
2.652721881866455,1
2.43491792678833,1
2.5763440132141113,1
2.342864751815796,1
1.9974291324615479,1
2.6304168701171875,1
2.2941973209381104,1
2.376082420349121,1
2.191777229309082,1
2.3215818405151367,1
2.07509183883667,1
1.934308648109436,1
1.9556429386138916,1
2.3765835762023926,1
3.214599132537842,1
2.5679473876953125,1
2.1064510345458984,1
2.372758388519287,1
2.153876781463623,1
2.5947201251983643,1
2.304774045944214,1
2.4032697677612305,1
2.6653597354888916,1
2.6660091876983643,1
2.554168701171875,1
1.7644696235656738,1
2.182361125946045,1
2.2557461261749268,1
3.18918514251709,1
2.3106305599212646,1
2.2663321495056152,1
2.8198018074035645,1
2.167123317718506,1
2.074284553527832,1
2.112745761871338,1
2.196483612060547,1
1.8474030494689941,1
2.5232648849487305,1
2.134059190750122,1
2.588644504547119,1
2.8041958808898926,1
2.205779790878296,1
2.4468576908111572,1
2.8857672214508057,1
3.0908851623535156,1
2.7178752422332764,1
2.478992462158203,1
2.000128746032715,1
2.2354207038879395,1
2.1050500869750977,1
2.9426093101501465,1
2.3190088272094727,1
2.4467477798461914,1
2.3116750717163086,1
2.8750312328338623,1
2.3900094032287598,1
3.1573052406311035,1
2.4598429203033447,1
3.789137363433838,1
2.398456573486328,1
3.0987584590911865,1
2.8127219676971436,1
3.6817073822021484,1
2.6769282817840576,1
2.230801582336426,1
2.8743035793304443,1
2.6812920570373535,1
3.6105165481567383,1
3.3147690296173096,1
2.5712080001831055,1
2.3210058212280273,1
2.5828700065612793,1
3.07794451713562,1
2.9789352416992188,1
3.3198723793029785,1
2.8585174083709717,1
2.8871030807495117,1
2.699462413787842,1
2.5663950443267822,1
2.827183723449707,1
3.615041732788086,1
2.867469310760498,1
2.641347885131836,1
2.7664756774902344,1
2.9433693885803223,1
2.5468428134918213,1
2.2570085525512695,1
2.7635607719421387,1
2.8346517086029053,1
3.3665785789489746,1
3.6005003452301025,1
2.2636876106262207,1
2.5895919799804688,1
2.407081127166748,1
2.53867769241333,1
2.489291191101074,1
2.570972442626953,1
2.396481513977051,1
2.4105007648468018,1
2.9718399047851563,1
2.3981146812438965,1
2.9363694190979004,1
2.4286084175109863,1
2.5175042152404785,1
2.007371425628662,1
2.0281431674957275,1
2.274048328399658,1
2.4362244606018066,1
1.7700490951538086,1
2.685340404510498,1
2.4098353385925293,1
2.7001709938049316,1
2.2680816650390625,1
2.0442323684692383,1
2.374885082244873,1
2.0408873558044434,1
2.029801368713379,1
2.898617744445801,1
2.0955629348754883,1
2.7865123748779297,1
1.8927826881408691,1
2.543247699737549,1
1.9769765138626099,1
2.3038277626037598,1
2.1578428745269775,1
1.9201834201812744,1
2.6710095405578613,1
2.251497268676758,1
1.9624303579330444,1
3.024099349975586,1
2.515171527862549,1
1.9982318878173828,1
2.4278974533081055,1
2.2887392044067383,1
2.5204291343688965,1
2.3834426403045654,1
2.574916362762451,1
3.344914197921753,1
2.2379751205444336,1
3.186051845550537,1
2.0598015785217285,1
2.4519238471984863,1
2.187239170074463,1
1.6233808994293213,1
1.8116049766540527,1
2.4941771030426025,1
2.6150262355804443,1
2.762544631958008,1
3.1120924949645996,1
2.116455554962158,1
2.609482765197754,1
2.9788355827331543,1
2.5194215774536133,1
2.208749771118164,1
2.2728652954101563,1
2.3122687339782715,1
2.7143096923828125,1
2.056201457977295,1
2.5755834579467773,1
1.9885993003845215,1
2.409484624862671,1
1.9923818111419678,1
2.1641595363616943,1
2.60213041305542,1
2.70477294921875,1
2.3793091773986816,1
2.7232778072357178,1
2.539421796798706,1
2.800072193145752,1
2.833409547805786,1
2.4579803943634033,1
2.9291677474975586,1
2.334653615951538,1
2.1917123794555664,1
2.7109546661376953,1
2.5358619689941406,1
2.28529953956604,1
2.1601550579071045,1
2.6763226985931396,1
2.1151556968688965,1
2.305449962615967,1
2.092026710510254,1
2.567025661468506,1
2.884319543838501,1
3.5168662071228027,1
1.9707616567611694,1
1.9502849578857422,1
2.996170997619629,1
2.8444857597351074,1
2.2540462017059326,1
1.7367041110992432,1
1.8967053890228271,1
2.503756046295166,1
2.392021656036377,1
1.8141992092132568,1
2.026545524597168,1
2.471338987350464,1
2.058690071105957,1
2.4348316192626953,1
2.1515989303588867,1
2.342759847640991,1
3.1354496479034424,1
2.4878153800964355,1
2.314774513244629,1
2.138099193572998,1
2.138274669647217,1
2.5722389221191406,1
2.0880374908447266,1
2.224989891052246,1
2.5126500129699707,1
2.447028636932373,1
2.5401535034179688,1
2.1622352600097656,1
2.908475399017334,1
2.0208096504211426,1
2.3756308555603027,1
2.492792844772339,1
2.0028882026672363,1
1.8475825786590576,1
2.622063636779785,1
2.6421475410461426,1
2.0389156341552734,1
2.161940336227417,1
3.156886339187622,1
2.0476691722869873,1
2.221702814102173,1
2.4281396865844727,1
2.4072089195251465,1
2.3458330631256104,1
2.26729679107666,1
2.349155902862549,1
2.9627790451049805,1
2.4590442180633545,1
2.0313010215759277,1
2.91009521484375,1
2.147702693939209,1
2.1707587242126465,1
2.44313907623291,1
2.252971649169922,1
2.7661285400390625,1
2.549457550048828,1
2.748176097869873,1
2.0271663665771484,1
3.0033538341522217,1
2.7821130752563477,1
3.449313163757324,1
2.231536388397217,1
2.1077589988708496,1
3.034036636352539,1
2.9873266220092773,1
2.7394165992736816,1
2.735321521759033,1
2.3835105895996094,1
2.6286842823028564,1
2.5634114742279053,1
2.1527442932128906,1
3.1547911167144775,1
2.3388116359710693,1
2.022460460662842,1
2.217557430267334,1
2.1739699840545654,1
2.0792994499206543,1
2.244194507598877,1
3.271421432495117,1
2.4219555854797363,1
2.0141806602478027,1
2.320225238800049,1
2.1565101146698,1
1.9468762874603271,1
2.575798511505127,1
1.9210745096206665,1
2.3612260818481445,1
2.137706756591797,1
2.341857671737671,1
2.191558361053467,1
2.1935858726501465,1
2.51408052444458,1
2.4628677368164063,1
2.8722686767578125,1
2.535562515258789,1
3.17183256149292,1
2.366790294647217,1
2.286892890930176,1
2.2859835624694824,1
2.2239980697631836,1
2.065948009490967,1
2.408665180206299,1
2.535691261291504,1
3.375528335571289,1
2.310831069946289,1
2.9782707691192627,1
2.296337366104126,1
3.058361053466797,1
2.1091792583465576,1
2.1619505882263184,1
3.2389767169952393,1
2.586064577102661,1
2.6970882415771484,1
2.4562273025512695,1
2.645155906677246,1
2.031646251678467,1
2.262784719467163,1
1.9785454273223877,1
2.0583863258361816,1
1.946756362915039,1
3.266411304473877,1
2.5312256813049316,1
2.4273576736450195,1
2.62646746635437,1
1.9793518781661987,1
2.441802978515625,1
3.8215832710266113,1
2.494431972503662,1
2.879446268081665,1
3.0193777084350586,1
2.6135334968566895,1
2.4009079933166504,1
3.0820388793945313,1
2.673767566680908,1
3.1498782634735107,1
2.3079137802124023,1
2.2517142295837402,1
2.3167717456817627,1
2.604691982269287,1
2.0085878372192383,1
2.2010324001312256,1
2.332488536834717,1
2.276154041290283,1
2.635019063949585,1
2.7380619049072266,1
2.4703450202941895,1
2.797621726989746,1
2.4124295711517334,1
2.46132230758667,1
2.5868189334869385,1
2.3182926177978516,1
2.5420584678649902,1
2.329148292541504,1
2.699653148651123,1
2.451857566833496,1
2.44561767578125,1
2.104694366455078,1
2.3831686973571777,1
2.920276403427124,1
2.394765853881836,1
2.177031993865967,1
2.0496528148651123,1
2.1280410289764404,1
2.7013092041015625,1
3.018317699432373,1
2.2388930320739746,1
3.1335253715515137,1
2.5582633018493652,1
2.7032322883605957,1
2.0910463333129883,1
2.5411288738250732,1
2.355044364929199,1
2.177546739578247,1
2.3164308071136475,1
2.8429784774780273,1
2.183309316635132,1
2.206584930419922,1
2.2629880905151367,1
1.8928532600402832,1
3.2641806602478027,1
2.852708339691162,1
2.6395649909973145,1
2.74076509475708,1
2.6555440425872803,1
2.497183322906494,1
2.195899486541748,1
1.8986448049545288,1
2.463568687438965,1
2.817481756210327,1
2.2879345417022705,1
2.2856526374816895,1
2.0313351154327393,1
2.941331386566162,1
2.2074239253997803,1
2.437859058380127,1
2.3606700897216797,1
2.5838770866394043,1
2.352459669113159,1
2.634660243988037,1
2.634373188018799,1
2.168623685836792,1
2.1056406497955322,1
2.6593072414398193,1
2.303802013397217,1
2.447535276412964,1
3.1918725967407227,1
2.553907871246338,1
2.406585454940796,1
2.4975054264068604,1
2.3937766551971436,1
2.552983045578003,1
1.854642391204834,1
3.0348622798919678,1
3.2450127601623535,1
2.8391690254211426,1
2.0729072093963623,1
2.868105411529541,1
2.8455474376678467,1
2.7694149017333984,1
2.910862445831299,1
3.0917696952819824,1
2.465695858001709,1
2.509645462036133,1
2.4001293182373047,1
1.8688135147094727,1
2.897968053817749,1
2.7421069145202637,1
2.555652618408203,1
2.2868363857269287,1
2.1902618408203125,1
2.7178473472595215,1
2.095475435256958,1
2.4005889892578125,1
2.619976282119751,1
2.133533000946045,1
2.3964433670043945,1
1.985063910484314,1
2.8462953567504883,1
2.7100296020507813,1
2.2279422283172607,1
2.290848970413208,1
1.7438621520996094,1
2.1277012825012207,1
1.7500579357147217,1
2.3319430351257324,1
2.6224234104156494,1
2.2338857650756836,1
2.1396665573120117,1
2.26302170753479,1
1.7361571788787842,1
2.475740909576416,1
2.8813867568969727,1
2.6200904846191406,1
2.3112545013427734,1
2.34597110748291,1
2.765460968017578,1
2.268775463104248,1
2.79433012008667,1
2.726517677307129,1
2.0212576389312744,1
2.6802115440368652,1
1.9467544555664063,1
2.909503221511841,1
2.099818229675293,1
2.130058526992798,1
2.4980287551879883,1
2.059343099594116,1
2.8180124759674072,1
2.116180419921875,1
1.9951199293136597,1
1.77428138256073,1
2.4852259159088135,1
2.6504201889038086,1
2.3778226375579834,1
2.050356864929199,1
2.510507583618164,1
2.8291711807250977,1
1.974174976348877,1
2.561375617980957,1
1.5918126106262207,1
3.0412659645080566,1
1.9432110786437988,1
1.905346393585205,1
2.917335033416748,1
2.364938735961914,1
2.8806681632995605,1
2.660982370376587,1
2.4911539554595947,1
2.9097676277160645,1
2.1210193634033203,1
1.9961154460906982,1
1.9626240730285645,1
2.9330997467041016,1
2.224379301071167,1
2.4268078804016113,1
2.6106507778167725,1
2.005567789077759,1
2.5124125480651855,1
2.0291807651519775,1
2.6968350410461426,1
2.541071891784668,1
2.1934726238250732,1
2.244920015335083,1
2.1352882385253906,1
2.4876742362976074,1
2.5552926063537598,1
2.0180599689483643,1
1.7817859649658203,1
3.0999603271484375,1
1.96416175365448,1
2.112029552459717,1
2.502706527709961,1
2.380425453186035,1
2.3001251220703125,1
2.867887020111084,1
2.1067166328430176,1
3.694918155670166,1
2.9010841846466064,1
2.8040952682495117,1
2.4353981018066406,1
2.376336097717285,1
2.00685453414917,1
2.874976873397827,1
2.4860517978668213,1
2.3545093536376953,1
2.124558448791504,1
2.537153959274292,1
2.8600034713745117,1
2.738865375518799,1
1.958543062210083,1
3.3772459030151367,1
2.9489479064941406,1
2.4742379188537598,1
2.3236422538757324,1
2.328059673309326,1
2.5824532508850098,1
2.410809278488159,1
2.1844186782836914,1
2.2875969409942627,1
2.8075649738311768,1
3.0703964233398438,1
2.8734402656555176,1
2.4645633697509766,1
2.2939271926879883,1
2.867250680923462,1
2.677567958831787,1
1.9605159759521484,1
2.259730339050293,1
2.740079402923584,1
2.586440086364746,1
2.9268791675567627,1
2.6422929763793945,1
2.799673080444336,1
3.1211955547332764,1
1.8055254220962524,1
2.460300922393799,1
2.9874212741851807,1
2.726789712905884,1
2.3934473991394043,1
2.6971497535705566,1
2.4401378631591797,1
4.9306559562683105,1
2.1736972332000732,1
3.424097776412964,1
2.880615711212158,1
2.790078639984131,1
2.739405393600464,1
3.096545457839966,1
2.239907741546631,1
2.8548831939697266,1
3.2483487129211426,1
3.4862918853759766,1
2.1790084838867188,1
2.5426669120788574,1
1.9969311952590942,1
2.1730406284332275,1
2.331289768218994,1
2.910785436630249,1
2.571441888809204,1
2.347752571105957,1
2.959679126739502,1
2.4207026958465576,1
2.5439679622650146,1
2.233853816986084,1
2.406998872756958,1
2.418137550354004,1
2.6236324310302734,1
2.4690864086151123,1
2.6513686180114746,1
3.0145225524902344,1
2.1603028774261475,1
2.082230567932129,1
2.417818546295166,1
2.1952896118164063,1
2.1580686569213867,1
2.293682098388672,1
2.0001626014709473,1
2.2017574310302734,1
2.8929033279418945,1
3.1067657470703125,1
3.4183974266052246,1
2.533231258392334,1
2.220414400100708,1
2.318603754043579,1
2.478689193725586,1
2.2290918827056885,1
2.316805601119995,1
3.2265899181365967,1
2.930867910385132,1
2.5217010974884033,1
2.7407217025756836,1
2.610154628753662,1
2.5452051162719727,1
1.9828685522079468,1
2.7683000564575195,1
2.4375791549682617,1
2.256913423538208,1
2.7056450843811035,1
2.5508065223693848,1
3.246840476989746,1
2.6678457260131836,1
1.8109538555145264,1
2.452155113220215,1
2.18497633934021,1
2.3841567039489746,1
2.7982449531555176,1
2.151597499847412,1
3.171349048614502,1
2.2212743759155273,1
2.727879524230957,1
2.799269914627075,1
2.1795902252197266,1
1.9022506475448608,1
2.7343711853027344,1
2.3665852546691895,1
2.280724048614502,1
2.418602228164673,1
2.265078544616699,1
2.06583309173584,1
2.551304817199707,1
2.5952908992767334,1
2.0463380813598633,1
2.2463531494140625,1
3.0243425369262695,1
2.2598671913146973,1
1.99013352394104,1
3.6282505989074707,1
3.6677074432373047,1
1.9913268089294434,1
3.063129425048828,1
2.6703431606292725,1
2.5107502937316895,1
3.183567523956299,1
2.754946708679199,1
2.6570260524749756,1
2.8395886421203613,1
2.8745479583740234,1
3.067610263824463,1
2.8312947750091553,1
2.498350143432617,1
2.605154037475586,1
2.3907666206359863,1
2.769601821899414,1
2.856682538986206,1
2.4520583152770996,1
2.483224391937256,1
3.2091281414031982,1
2.3373770713806152,1
2.0815634727478027,1
2.8254146575927734,1
2.52518892288208,1
2.3947970867156982,1
2.738369941711426,1
2.4690451622009277,1
3.140805721282959,1
3.191807270050049,1
3.0594801902770996,1
2.2788777351379395,1
2.670360803604126,1
2.605417251586914,1
2.545858860015869,1
2.724407911300659,1
2.904714584350586,1
2.7842764854431152,1
2.158818244934082,1
2.177435874938965,1
2.892324209213257,1
2.4853835105895996,1
2.071850538253784,1
2.5441746711730957,1
2.7582740783691406,1
2.776613712310791,1
2.5783591270446777,1
3.052107095718384,1
2.54703950881958,1
2.410984516143799,1
2.3025176525115967,1
2.309293746948242,1
2.3867740631103516,1
2.326341152191162,1
2.171468496322632,1
3.440678834915161,1
2.9073538780212402,1
1.9073140621185303,1
3.0527477264404297,1
2.1347808837890625,1
2.698931932449341,1
3.176330804824829,1
2.0932862758636475,1
2.092923879623413,1
2.0038747787475586,1
2.220001220703125,1
1.6860020160675049,1
2.453216791152954,1
2.412202835083008,1
1.9466761350631714,1
2.637187957763672,1
2.7537498474121094,1
2.2461068630218506,1
2.0680134296417236,1
2.791653633117676,1
2.71315336227417,1
2.6654086112976074,1
2.0556039810180664,1
2.736182689666748,1
2.6118621826171875,1
2.353684902191162,1
1.7385971546173096,1
1.951136827468872,1
2.159135341644287,1
2.0826339721679688,1
2.3593292236328125,1
2.276920795440674,1
2.045811414718628,1
2.5736775398254395,1
2.019707679748535,1
2.9869847297668457,1
2.2487964630126953,1
3.2121853828430176,1
2.605386257171631,1
1.7498033046722412,1
2.811196804046631,1
2.3245654106140137,1
1.6916799545288086,1
3.0638184547424316,1
2.1650447845458984,1
2.084970474243164,1
2.2416844367980957,1
3.107383966445923,1
1.4435982704162598,1
2.4786534309387207,1
2.714515447616577,1
2.2019243240356445,1
2.4369149208068848,1
2.4555420875549316,1
2.1461238861083984,1
2.2353286743164063,1
2.392580509185791,1
2.7979094982147217,1
2.460031032562256,1
2.0348215103149414,1
1.9386873245239258,1
2.4981088638305664,1
3.1750643253326416,1
3.254762649536133,1
2.7639589309692383,1
1.9245402812957764,1
2.4701225757598877,1
2.5080227851867676,1
2.2869253158569336,1
2.875910997390747,1
2.1115665435791016,1
2.1256251335144043,1
2.517798662185669,1
2.3786661624908447,1
2.8348264694213867,1
3.08048677444458,1
3.420975685119629,1
2.0724992752075195,1
2.378446102142334,1
2.344569206237793,1
2.755772352218628,1
2.9045629501342773,1
2.5080156326293945,1
2.3100647926330566,1
1.775022029876709,1
1.897851586341858,1
2.7268381118774414,1
2.445629596710205,1
2.486323356628418,1
2.348342180252075,1
2.695013999938965,1
3.0371944904327393,1
2.471686363220215,1
2.3102197647094727,1
2.671382188796997,1
2.431424140930176,1
3.4045722484588623,1
2.468395709991455,1
2.71608829498291,1
2.6115758419036865,1
2.4215474128723145,1
2.632237434387207,1
2.6905179023742676,1
2.408881187438965,1
2.7186059951782227,1
2.09844708442688,1
2.7760109901428223,1
2.5226335525512695,1
2.6171669960021973,1
2.288358211517334,1
2.4086623191833496,1
2.4029974937438965,1
2.4553215503692627,1
1.8749607801437378,1
1.8826446533203125,1
2.3236820697784424,1
2.4616799354553223,1
2.2843403816223145,1
2.382437229156494,1
1.7968522310256958,1
2.172962188720703,1
2.891932487487793,1
2.682429313659668,1
1.8650519847869873,1
2.0641210079193115,1
2.338127613067627,1
2.1728177070617676,1
3.2151482105255127,1
1.994071125984192,1
2.6524758338928223,1
3.3031671047210693,1
3.10955810546875,1
2.3567042350769043,1
2.131627082824707,1
2.3099465370178223,1
2.469058036804199,1
2.5702290534973145,1
2.9465079307556152,1
2.764437198638916,1
2.9729578495025635,1
2.318236827850342,1
1.738853931427002,1
3.35052752494812,1
3.2277965545654297,1
2.67311692237854,1
2.046351671218872,1
2.4556472301483154,1
2.9887359142303467,1
2.1494264602661133,1
3.0584969520568848,1
1.9309499263763428,1
2.4076619148254395,1
1.7649790048599243,1
2.1288251876831055,1
2.413875102996826,1
3.0726747512817383,1
2.073413848876953,1
2.419687271118164,1
2.590653896331787,1
2.497635841369629,1
1.9198650121688843,1
2.3304295539855957,1
2.225019931793213,1
2.7247657775878906,1
2.508113384246826,1
2.580383777618408,1
1.869240641593933,1
2.245741844177246,1
3.0439810752868652,1
2.310694694519043,1
3.6754989624023438,1
2.3359241485595703,1
1.8488614559173584,1
1.7963008880615234,1
3.189650774002075,1
2.767747163772583,1
2.3253602981567383,1
2.3207755088806152,1
2.278390407562256,1
1.6190389394760132,1
2.090216636657715,1
2.8427696228027344,1
2.661478042602539,1
2.0539164543151855,1
2.6634957790374756,1
2.3103861808776855,1
2.2800660133361816,1
2.9056358337402344,1
1.938734531402588,1
2.109752655029297,1
2.6807446479797363,1
2.742736339569092,1
1.9663825035095215,1
2.2408447265625,1
2.405890464782715,1
2.924651622772217,1
2.2403383255004883,1
2.5329089164733887,1
1.992929458618164,1
2.820369243621826,1
2.9560563564300537,1
2.7727296352386475,1
2.575688123703003,1
2.6407299041748047,1
2.362574577331543,1
3.1797780990600586,1
3.368004322052002,1
2.7433881759643555,1
2.8362491130828857,1
2.3500208854675293,1
4.33236026763916,1
2.934199333190918,1
2.235260486602783,1
2.4513344764709473,1
1.77724289894104,1
2.240691661834717,1
3.0779566764831543,1
2.490063190460205,1
2.293731927871704,1
2.618722915649414,1
2.2723169326782227,1
2.0066561698913574,1
2.7901053428649902,1
1.7323533296585083,1
2.6455860137939453,1
2.9441311359405518,1
1.7743511199951172,1
2.329591989517212,1
1.8280036449432373,1
2.8420708179473877,1
2.303574323654175,1
2.1097965240478516,1
2.796473503112793,1
2.207919120788574,1
2.1856298446655273,1
2.640665054321289,1
2.470292568206787,1
2.6702094078063965,1
2.4589526653289795,1
2.4038097858428955,1
2.441958427429199,1
2.676812171936035,1
2.0597147941589355,1
2.2549469470977783,1
2.0608181953430176,1
2.601912021636963,1
2.4907145500183105,1
2.6527345180511475,1
2.3458805084228516,1
1.8122837543487549,1
2.6313180923461914,1
2.3119914531707764,1
2.0823612213134766,1
2.5661184787750244,1
2.5222458839416504,1
1.9933600425720215,1
2.607391357421875,1
2.9229719638824463,1
2.6518564224243164,1
1.7956256866455078,1
2.622471332550049,1
3.39701509475708,1
2.131620407104492,1
2.405827045440674,1
2.5767338275909424,1
2.3434529304504395,1
2.0720934867858887,1
2.459878444671631,1
2.2844343185424805,1
2.4441165924072266,1
2.8478822708129883,1
2.8012027740478516,1
2.726151466369629,1
1.9015867710113525,1
2.5687432289123535,1
2.4622802734375,1
2.297576904296875,1
2.229241371154785,1
3.2034006118774414,1
2.049865245819092,1
2.984067440032959,1
1.9078724384307861,1
2.5704398155212402,1
1.915737271308899,1
3.039358139038086,1
2.2808289527893066,1
2.248927116394043,1
2.0680789947509766,1
2.5185577869415283,1
1.8244107961654663,1
3.1293721199035645,1
2.1051363945007324,1
2.3865535259246826,1
2.2137179374694824,1
2.509349822998047,1
1.7992782592773438,1
2.017242431640625,1
2.6806397438049316,1
2.323040246963501,1
1.5064470767974854,1
2.2164762020111084,1
2.224961280822754,1
2.5608577728271484,1
2.606966018676758,1
1.802657127380371,1
2.304244041442871,1
2.3971805572509766,1
2.474891185760498,1
2.1583433151245117,1
1.665419101715088,1
2.9041781425476074,1
2.5789613723754883,1
2.0511157512664795,1
2.5912675857543945,1
2.0646605491638184,1
2.1717610359191895,1
2.317598819732666,1
2.0344319343566895,1
1.8265434503555298,1
2.872669219970703,1
2.036180019378662,1
2.1411921977996826,1
2.0052084922790527,1
2.701744318008423,1
2.155583143234253,1
2.460137367248535,1
2.057830810546875,1
2.8796157836914063,1
2.8474183082580566,1
3.2275662422180176,1
3.4570672512054443,1
3.6595914363861084,1
1.9820764064788818,1
2.5724291801452637,1
3.0327625274658203,1
2.664372205734253,1
1.7851955890655518,1
2.451761245727539,1
2.4214463233947754,1
2.7213902473449707,1
2.398435115814209,1
3.5367636680603027,1
2.818087577819824,1
3.3151917457580566,1
2.4929089546203613,1
2.2906856536865234,1
2.1213483810424805,1
2.473945140838623,1
2.7984938621520996,1
2.836106300354004,1
2.0773117542266846,1
2.689317226409912,1
2.1851487159729004,1
2.571779489517212,1
2.688741445541382,1
2.617375373840332,1
2.1217691898345947,1
2.7999839782714844,1
3.1566524505615234,1
2.3923463821411133,1
2.5053906440734863,1
2.6175389289855957,1
2.3476145267486572,1
2.3314619064331055,1
2.4628913402557373,1
2.2306735515594482,1
1.8026206493377686,1
2.2981183528900146,1
2.6838412284851074,1
1.9274930953979492,1
2.507645845413208,1
2.051544666290283,1
2.625469446182251,1
1.8399803638458252,1
2.4641294479370117,1
3.461472988128662,1
3.11183762550354,1
2.6277971267700195,1
2.4130735397338867,1
2.4084768295288086,1
2.432952642440796,1
2.49481463432312,1
2.3100461959838867,1
2.225844383239746,1
1.9099032878875732,1
2.121954917907715,1
2.9722213745117188,1
1.9943902492523193,1
2.3267972469329834,1
2.8748621940612793,1
2.3296985626220703,1
2.7978217601776123,1
2.1943531036376953,1
2.974210739135742,1
2.765751361846924,1
2.480771064758301,1
2.3945493698120117,1
2.584012031555176,1
2.930450916290283,1
2.5597991943359375,1
1.8235108852386475,1
2.0764429569244385,1
2.721364736557007,1
2.5050721168518066,1
3.2521896362304688,1
2.376960039138794,1
2.2605085372924805,1
2.5717787742614746,1
3.019169330596924,1
2.3556840419769287,1
2.541382312774658,1
1.982373595237732,1
2.6225523948669434,1
2.4861319065093994,1
2.729893207550049,1
2.7887537479400635,1
3.44746470451355,1
2.065824031829834,1
2.430582046508789,1
2.524216890335083,1
2.364422559738159,1
2.760345697402954,1
2.6183643341064453,1
3.1422860622406006,1
3.0519585609436035,1
2.0142364501953125,1
2.02010178565979,1
2.3241689205169678,1
2.096351385116577,1
2.7282440662384033,1
2.554276466369629,1
2.6047000885009766,1
2.581368923187256,1
2.116889238357544,1
3.775667667388916,1
1.7180416584014893,1
2.293516159057617,1
3.350461959838867,1
2.268836259841919,1
1.827458143234253,1
2.303269863128662,1
2.6812918186187744,1
2.181004762649536,1
2.3185131549835205,1
2.611398458480835,1
3.1776208877563477,1
2.5872395038604736,1
3.159104824066162,1
3.494504690170288,1
3.133402109146118,1
1.8543870449066162,1
2.2851858139038086,1
2.840069055557251,1
2.790055751800537,1
2.146967649459839,1
3.7309679985046387,1
2.85404634475708,1
2.0706331729888916,1
1.6820530891418457,1
2.2250213623046875,1
3.3279976844787598,1
2.6301825046539307,1
2.2051587104797363,1
2.1123952865600586,1
1.9691152572631836,1
1.865431308746338,1
3.42025089263916,1
2.469169855117798,1
2.357236862182617,1
2.7974982261657715,1
1.7449491024017334,1
2.118900775909424,1
2.3960864543914795,1
2.7826061248779297,1
2.77872896194458,1
2.220541477203369,1
2.01717472076416,1
2.3007149696350098,1
2.278769016265869,1
2.5393524169921875,1
2.795700788497925,1
1.9723231792449951,1
1.8812942504882813,1
2.5240769386291504,1
2.05666184425354,1
2.682699203491211,1
2.5981996059417725,1
2.567373037338257,1
2.2558746337890625,1
2.789672374725342,1
2.694439649581909,1
3.6747419834136963,1
2.9854354858398438,1
2.592677116394043,1
2.335829019546509,1
2.381338596343994,1
2.7752764225006104,1
3.2059946060180664,1
2.2484359741210938,1
3.0053038597106934,1
3.1039319038391113,1
2.0607664585113525,1
2.0676002502441406,1
3.070352554321289,1
2.4903621673583984,1
2.490654230117798,1
2.6169261932373047,1
2.491391181945801,1
3.286741018295288,1
2.0687403678894043,1
3.0234029293060303,1
2.1144089698791504,1
2.282973527908325,1
1.900322675704956,1
1.992124319076538,1
2.2701950073242188,1
2.890395164489746,1
3.1999175548553467,1
4.676060676574707,1
2.615807294845581,1
2.7747726440429688,1
2.6173007488250732,1
2.8577232360839844,1
2.142179012298584,1
2.159628391265869,1
2.0061216354370117,1
2.25290846824646,1
2.6061697006225586,1
2.3166494369506836,1
2.0731115341186523,1
2.754084825515747,1
2.3332114219665527,1
2.743898868560791,1
2.454561233520508,1
2.6965577602386475,1
2.975486993789673,1
2.422755241394043,1
2.272141933441162,1
2.916990280151367,1
3.0388545989990234,1
2.36653208732605,1
2.2214901447296143,1
2.4500746726989746,1
2.6079065799713135,1
2.5963401794433594,1
2.476318359375,1
3.0108413696289063,1
2.753664493560791,1
2.2960286140441895,1
2.4621148109436035,1
2.7481207847595215,1
2.3706138134002686,1
2.856839656829834,1
2.832897424697876,1
2.30202579498291,1
2.925917863845825,1
2.3749711513519287,1
2.471770763397217,1
2.4872076511383057,1
2.396401882171631,1
2.2763283252716064,1
2.4458179473876953,1
2.398468017578125,1
2.4237544536590576,1
2.304521322250366,1
2.3723771572113037,1
1.965843915939331,1
2.3508505821228027,1
2.1821770668029785,1
1.9289253950119019,1
2.3073511123657227,1
2.3007702827453613,1
2.6809582710266113,1
2.555617094039917,1
2.104431629180908,1
2.283029794692993,1
2.448399066925049,1
2.5946760177612305,1
2.4134387969970703,1
2.0733728408813477,1
2.3406224250793457,1
2.46993350982666,1
2.8678407669067383,1
2.670412063598633,1
2.606687545776367,1
2.517608642578125,1
2.5609259605407715,1
2.0561699867248535,1
2.304723024368286,1
2.558614730834961,1
2.366086721420288,1
1.8583767414093018,1
2.0282371044158936,1
1.8019566535949707,1
2.0054917335510254,1
2.6861844062805176,1
1.820417046546936,1
1.8962178230285645,1
2.2535672187805176,1
2.4457457065582275,1
2.7290523052215576,1
2.010070323944092,1
1.9811067581176758,1
2.2005486488342285,1
1.9999308586120605,1
2.0242700576782227,1
2.168837547302246,1
2.2001936435699463,1
2.584486961364746,1
2.8643436431884766,1
2.168882369995117,1
1.7470777034759521,1
2.131695032119751,1
2.4820706844329834,1
2.5720958709716797,1
2.9973936080932617,1
2.6421337127685547,1
2.203247308731079,1
1.929922103881836,1
2.4262502193450928,1
2.213763952255249,1
1.9114885330200195,1
2.3970189094543457,1
2.2935075759887695,1
2.5687036514282227,1
2.969363212585449,1
2.9806759357452393,1
2.491234302520752,1
1.8833911418914795,1
3.0421719551086426,1
2.3535919189453125,1
2.5239055156707764,1
2.340381145477295,1
2.2919037342071533,1
2.1301536560058594,1
2.213430643081665,1
2.188222646713257,1
1.9615892171859741,1
2.2455058097839355,1
2.0062060356140137,1
2.022500991821289,1
1.8467376232147217,1
2.165433883666992,1
2.9581828117370605,1
2.3291940689086914,1
2.4007813930511475,1
1.8145359754562378,1
2.046720027923584,1
1.951019287109375,1
2.1275508403778076,1
1.8380250930786133,1
2.3246707916259766,1
2.3543999195098877,1
2.260867118835449,1
2.1988720893859863,1
2.751943588256836,1
2.2923569679260254,1
2.9876699447631836,1
2.6885039806365967,1
2.3802688121795654,1
2.3643250465393066,1
1.640430212020874,1
2.3079140186309814,1
2.9259567260742188,1
2.9237313270568848,1
2.179736375808716,1
2.254040241241455,1
2.734774112701416,1
3.1426968574523926,1
1.9285739660263062,1
2.9862406253814697,1
2.688098430633545,1
1.9045441150665283,1
2.839360237121582,1
2.459137439727783,1
2.5952043533325195,1
3.059504508972168,1
3.090846061706543,1
2.567080497741699,1
2.2306995391845703,1
3.483557939529419,1
3.030118465423584,1
3.5087313652038574,1
3.3091518878936768,1
2.2831625938415527,1
2.541369676589966,1
2.4419760704040527,1
2.610215187072754,1
3.0827839374542236,1
2.917031764984131,1
1.883306860923767,1
2.225499153137207,1
2.924769401550293,1
3.3085713386535645,1
2.5021910667419434,1
2.312143087387085,1
2.3667211532592773,1
3.0474467277526855,1
2.7204670906066895,1
3.280247926712036,1
2.6499459743499756,1
2.7628355026245117,1
2.2185473442077637,1
3.2900843620300293,1
3.1553914546966553,1
2.7935640811920166,1
2.8326869010925293,1
2.797880172729492,1
2.27392578125,1
2.995492696762085,1
1.994197130203247,1
2.9016072750091553,1
1.9325807094573975,1
2.1286520957946777,1
2.5694332122802734,1
2.7066097259521484,1
2.8158979415893555,1
2.6301183700561523,1
2.115115165710449,1
2.145246982574463,1
2.2982373237609863,1
2.7059683799743652,1
2.5399107933044434,1
2.459477186203003,1
2.5276858806610107,1
2.6766154766082764,1
3.1442017555236816,1
2.161825656890869,1
2.1788461208343506,1
2.9754884243011475,1
2.717090129852295,1
2.53076171875,1
2.4842519760131836,1
2.362056255340576,1
2.694554328918457,1
2.912580966949463,1
2.8324224948883057,1
2.9664525985717773,1
2.5108001232147217,1
2.5972909927368164,1
1.4609317779541016,1
2.279500961303711,1
2.2640039920806885,1
1.962748408317566,1
2.824376106262207,1
1.8880953788757324,1
2.7106773853302,1
2.0251617431640625,1
1.9357717037200928,1
2.4082694053649902,1
2.9222500324249268,1
3.2697391510009766,1
2.009781837463379,1
2.840686321258545,1
2.0709943771362305,1
2.597123622894287,1
2.574986457824707,1
2.6997287273406982,1
2.581606864929199,1
2.24642276763916,1
2.3411598205566406,1
2.6964664459228516,1
2.753847599029541,1
2.5527729988098145,1
2.708198070526123,1
2.8963661193847656,1
2.7889797687530518,1
2.2388668060302734,1
2.895420551300049,1
2.468184471130371,1
2.257434844970703,1
3.019570827484131,1
2.570786952972412,1
2.653566598892212,1
2.3398947715759277,1
2.4690887928009033,1
2.7770729064941406,1
2.0953209400177,1
2.6232495307922363,1
2.5687341690063477,1
2.724331855773926,1
2.7075963020324707,1
4.101768493652344,1
3.2442803382873535,1
1.9312384128570557,1
2.2769243717193604,1
3.0004873275756836,1
2.4794583320617676,1
2.404487371444702,1
2.782191753387451,1
2.109203815460205,1
2.7378225326538086,1
2.0179386138916016,1
2.7678918838500977,1
2.0557894706726074,1
2.182020664215088,1
1.9373278617858887,1
2.489217758178711,1
2.229452610015869,1
2.3858141899108887,1
2.5568952560424805,1
3.0910820960998535,1
2.1325368881225586,1
1.757589340209961,1
2.2985665798187256,1
2.6999189853668213,1
2.4063827991485596,1
3.4045958518981934,1
2.6286203861236572,1
2.4299750328063965,1
2.2388012409210205,1
2.7321152687072754,1
2.7206737995147705,1
3.1917812824249268,1
3.3280627727508545,1
2.6187734603881836,1
3.171532392501831,1
3.162552833557129,1
2.533022403717041,1
1.886197805404663,1
2.174586296081543,1
3.430405616760254,1
2.5752882957458496,1
2.4700207710266113,1
3.1236395835876465,1
2.9085488319396973,1
2.933202028274536,1
2.73779296875,1
3.764026641845703,1
2.66188645362854,1
3.533162832260132,1
2.7919397354125977,1
2.4103221893310547,1
2.785151958465576,1
2.4529786109924316,1
2.583381175994873,1
3.0975422859191895,1
3.0793023109436035,1
3.12862491607666,1
3.4081168174743652,1
3.0136330127716064,1
2.7016780376434326,1
2.0582659244537354,1
3.608921766281128,1
2.8399295806884766,1
2.5146408081054688,1
3.0906715393066406,1
2.221925973892212,1
3.869513988494873,1
3.837132453918457,1
2.0721631050109863,1
2.322031259536743,1
1.9549198150634766,1
2.547968864440918,1
2.644577741622925,1
2.8330414295196533,1
2.45546817779541,1
2.69557523727417,1
3.19708251953125,1
2.461367607116699,1
2.670233964920044,1
2.8530983924865723,1
1.9853272438049316,1
2.3272194862365723,1
2.629019260406494,1
2.272590398788452,1
2.8854100704193115,1
3.2364084720611572,1
2.210519313812256,1
2.701272487640381,1
2.584160804748535,1
3.1494863033294678,1
2.1209049224853516,1
2.9896538257598877,1
2.2006850242614746,1
2.536738395690918,1
1.9071159362792969,1
2.5422463417053223,1
2.2681665420532227,1
2.8336334228515625,1
2.8716201782226563,1
2.7632360458374023,1
2.960920810699463,1
2.3102259635925293,1
2.145484447479248,1
2.916846752166748,1
2.3435728549957275,1
2.697834014892578,1
2.421898365020752,1
2.8109421730041504,1
2.406912088394165,1
2.4269561767578125,1
2.1205015182495117,1
2.308023452758789,1
2.525815010070801,1
2.0663580894470215,1
2.456908702850342,1
1.9466146230697632,1
2.5708441734313965,1
2.3827948570251465,1
2.1252875328063965,1
2.2521371841430664,1
2.323798894882202,1
2.4707369804382324,1
1.978524923324585,1
2.695629119873047,1
1.8210313320159912,1
1.8967723846435547,1
2.3758864402770996,1
2.8497824668884277,1
2.2620272636413574,1
1.771987795829773,1
2.4043941497802734,1
2.339557647705078,1
1.9052104949951172,1
1.878769040107727,1
2.9068946838378906,1
2.6560325622558594,1
2.660876750946045,1
3.110907554626465,1
2.7633347511291504,1
2.248483419418335,1
1.9176782369613647,1
2.0424630641937256,1
3.6724276542663574,1
2.0768418312072754,1
2.728369951248169,1
2.5668511390686035,1
1.9150627851486206,1
2.7884576320648193,1
1.5744450092315674,1
3.418262004852295,1
2.495436668395996,1
2.468040704727173,1
2.6526825428009033,1
2.2070200443267822,1
2.192145824432373,1
3.056349754333496,1
3.1787526607513428,1
2.558485507965088,1
3.175151824951172,1
2.217731475830078,1
2.6120071411132813,1
2.1831860542297363,1
2.678727626800537,1
2.290698528289795,1
2.4344990253448486,1
2.74899959564209,1
2.6383249759674072,1
2.55399227142334,1
2.7462661266326904,1
2.52547550201416,1
2.563467025756836,1
2.319021224975586,1
3.194288730621338,1
3.1683757305145264,1
3.0878636837005615,1
2.3902499675750732,1
2.191328525543213,1
2.0777151584625244,1
2.016310214996338,1
2.6802926063537598,1
2.831594944000244,1
2.0257017612457275,1
1.9481148719787598,1
2.868490219116211,1
2.344916820526123,1
2.132756471633911,1
2.1125071048736572,1
2.312119245529175,1
2.3279271125793457,1
2.6429290771484375,1
1.966980218887329,1
2.1593949794769287,1
2.113931655883789,1
2.7160282135009766,1
3.028852939605713,1
2.2617387771606445,1
2.6377482414245605,1
2.62471079826355,1
2.37130069732666,1
2.3040847778320313,1
2.5955722332000732,1
1.9347219467163086,1
2.1865389347076416,1
2.973282814025879,1
3.0329272747039795,1
2.237224578857422,1
2.1737024784088135,1
2.3948702812194824,1
2.544881820678711,1
2.398247480392456,1
1.7265329360961914,1
2.2802038192749023,1
2.723172903060913,1
2.954714298248291,1
3.0893454551696777,1
3.6707794666290283,1
2.2128708362579346,1
2.4264988899230957,1
2.3743793964385986,1
2.1125738620758057,1
2.1568498611450195,1
2.1803297996520996,1
2.9713246822357178,1
3.343569040298462,1
2.5906152725219727,1
2.4557785987854004,1
2.1807470321655273,1
2.3140361309051514,1
2.343266487121582,1
2.347907543182373,1
2.2486886978149414,1
2.6175780296325684,1
1.8565318584442139,1
2.947828769683838,1
2.674715757369995,1
2.7950453758239746,1
2.3791894912719727,1
2.4459617137908936,1
2.4649200439453125,1
2.033297300338745,1
2.1096324920654297,1
2.177248477935791,1
2.203193426132202,1
2.234020709991455,1
1.8785099983215332,1
2.1598329544067383,1
2.223902463912964,1
2.4054925441741943,1
2.45161771774292,1
3.0618860721588135,1
2.5955939292907715,1
3.2242510318756104,1
2.7971789836883545,1
2.4488091468811035,1
2.458409309387207,1
2.7007951736450195,1
3.197078227996826,1
2.7233214378356934,1
3.022167205810547,1
3.9229183197021484,1
3.889904022216797,1
3.121185302734375,1
2.8676257133483887,1
2.3529272079467773,1
2.599970817565918,1
3.3885765075683594,1
3.021211624145508,1
3.7719340324401855,1
2.3355185985565186,1
2.684636116027832,1
2.431825637817383,1
3.5904884338378906,1
2.182931661605835,1
3.2858948707580566,1
2.338893413543701,1
2.454174757003784,1
2.2708497047424316,1
2.791790246963501,1
1.9556853771209717,1
3.236205577850342,1
3.7692620754241943,1
2.8444576263427734,1
2.8372156620025635,1
3.4398741722106934,1
3.0564684867858887,1
2.8257596492767334,1
3.5016772747039795,1
2.2990691661834717,1
2.900745153427124,1
3.4260337352752686,1
3.2285470962524414,1
2.2698159217834473,1
2.1648788452148438,1
2.787773370742798,1
3.193502902984619,1
2.683812379837036,1
2.7286195755004883,1
2.457594394683838,1
2.789395570755005,1
2.72830867767334,1
2.627668857574463,1
2.6293389797210693,1
2.275975227355957,1
1.9151852130889893,1
2.261629819869995,1
2.3456740379333496,1
2.0405328273773193,1
2.0837366580963135,1
1.856173038482666,1
2.8797616958618164,1
2.6933343410491943,1
2.092670440673828,1
2.7031850814819336,1
2.808981418609619,1
2.732386589050293,1
2.002863883972168,1
2.6774444580078125,1
2.233886480331421,1
2.907553195953369,1
2.388700008392334,1
1.9144470691680908,1
2.903987407684326,1
3.0271170139312744,1
2.644007682800293,1
1.9453248977661133,1
3.0924925804138184,1
2.4792368412017822,1
2.7496774196624756,1
2.975691080093384,1
2.360544204711914,1
2.3062853813171387,1
2.479450225830078,1
2.4162445068359375,1
2.926251173019409,1
1.9947643280029297,1
2.0350587368011475,1
2.2233293056488037,1
1.8485383987426758,1
1.8889238834381104,1
2.128756523132324,1
2.061406373977661,1
2.279655933380127,1
2.0220377445220947,1
3.5310468673706055,1
2.624436140060425,1
2.3323240280151367,1
3.0703208446502686,1
2.487854242324829,1
1.922101378440857,1
2.435675621032715,1
3.033771514892578,1
2.455415964126587,1
2.3990936279296875,1
2.724698066711426,1
2.4645814895629883,1
2.0942916870117188,1
2.1773147583007813,1
2.1495208740234375,1
2.441403865814209,1
2.8583669662475586,1
4.395848751068115,1
2.617417812347412,1
2.5930991172790527,1
2.024850845336914,1
1.8023107051849365,1
2.734015941619873,1
2.244572639465332,1
3.111267328262329,1
2.2511186599731445,1
2.29581880569458,1
1.974008321762085,1
2.500180721282959,1
2.1342780590057373,1
2.8132123947143555,1
2.623913288116455,1
3.0322937965393066,1
2.1829683780670166,1
1.7898730039596558,1
2.019202470779419,1
2.796907424926758,1
2.4604201316833496,1
2.4925332069396973,1
1.853567361831665,1
2.6838808059692383,1
2.905806541442871,1
2.98060941696167,1
2.4460225105285645,1
3.319005012512207,1
2.186469554901123,1
4.63616943359375,1
2.6275668144226074,1
3.182407855987549,1
2.265662431716919,1
2.5004119873046875,1
2.668484687805176,1
2.348572254180908,1
2.5318703651428223,1
2.536332130432129,1
2.5754401683807373,1
3.0724353790283203,1
3.1101438999176025,1
3.3095662593841553,1
2.1463494300842285,1
3.6154491901397705,1
2.2505064010620117,1
2.6466927528381348,1
2.6871585845947266,1
2.4799723625183105,1
2.501931667327881,1
2.620117425918579,1
2.6758322715759277,1
2.9521782398223877,1
1.986027717590332,1
2.4716973304748535,1
2.923001766204834,1
2.740462064743042,1
2.6105408668518066,1
2.9685521125793457,1
1.9290791749954224,1
2.529573678970337,1
2.7351393699645996,1
2.6481597423553467,1
2.397083282470703,1
2.2895445823669434,1
2.2795662879943848,1
2.3879177570343018,1
1.5938174724578857,1
2.3052315711975098,1
1.8879828453063965,1
2.4812917709350586,1
2.652742624282837,1
1.5815593004226685,1
2.2581074237823486,1
2.499612331390381,1
1.9519548416137695,1
2.367684841156006,1
2.1472902297973633,1
2.7841944694519043,1
2.3840689659118652,1
1.8108810186386108,1
2.244983196258545,1
3.0833659172058105,1
2.0900421142578125,1
1.6778342723846436,1
2.7855048179626465,1
2.689527988433838,1
2.247738838195801,1
2.8214993476867676,1
1.9571975469589233,1
2.768479824066162,1
2.2304325103759766,1
2.4349892139434814,1
2.409705877304077,1
2.660998582839966,1
2.0133373737335205,1
2.3292112350463867,1
2.281191825866699,1
2.6675798892974854,1
2.630748748779297,1
2.2717299461364746,1
2.4082589149475098,1
2.1438541412353516,1
2.722517490386963,1
2.5648655891418457,1
2.5635199546813965,1
2.758702516555786,1
1.9133707284927368,1
2.068852186203003,1
2.323721170425415,1
2.057410717010498,1
2.7017548084259033,1
2.7997894287109375,1
2.179934024810791,1
2.682715892791748,1
2.4340524673461914,1
2.826786756515503,1
2.2850823402404785,1
2.5990653038024902,1
1.904977560043335,1
2.5615246295928955,1
2.3062872886657715,1
2.11027455329895,1
3.382685661315918,1
2.5134782791137695,1
2.455202579498291,1
2.24554181098938,1
1.989335536956787,1
2.34480619430542,1
2.3965935707092285,1
2.2233617305755615,1
2.3643441200256348,1
2.5180835723876953,1
2.2573888301849365,1
2.0457348823547363,1
2.7056217193603516,1
2.85425066947937,1
2.406123161315918,1
2.302973747253418,1
2.38431453704834,1
2.74392032623291,1
2.8650074005126953,1
2.5666112899780273,1
2.1726436614990234,1
2.9453046321868896,1
2.871671199798584,1
2.6350173950195313,1
3.299436092376709,1
3.427509307861328,1
2.3937599658966064,1
3.3212015628814697,1
2.8951332569122314,1
2.290933132171631,1
2.776090621948242,1
2.536233425140381,1
2.60463285446167,1
3.841078758239746,1
2.816035032272339,1
2.5988149642944336,1
3.1400279998779297,1
2.9144272804260254,1
3.6989238262176514,1
2.730978488922119,1
2.569394111633301,1
3.089203357696533,1
3.3395285606384277,1
3.9347574710845947,1
2.5342440605163574,1
1.8642507791519165,1
2.6271395683288574,1
2.3544793128967285,1
2.205280065536499,1
2.1778481006622314,1
2.0062451362609863,1
2.4407618045806885,1
2.2952334880828857,1
2.673274040222168,1
2.5044987201690674,1
2.564087390899658,1
2.2399730682373047,1
1.9859381914138794,1
2.467789888381958,1
2.457427501678467,1
2.1519880294799805,1
2.2068629264831543,1
2.2836849689483643,1
2.750225067138672,1
2.276668071746826,1
1.92066490650177,1
2.1374363899230957,1
2.4147825241088867,1
2.6775131225585938,1
2.40789532661438,1
2.9478228092193604,1
2.4881277084350586,1
2.016369104385376,1
2.625056505203247,1
2.2470779418945313,1
2.0570015907287598,1
2.7272300720214844,1
2.780677318572998,1
2.691969871520996,1
2.2148008346557617,1
2.59591007232666,1
2.3516297340393066,1
2.1469500064849854,1
2.2175326347351074,1
2.429642677307129,1
2.560573101043701,1
2.1573662757873535,1
2.944941997528076,1
2.4747369289398193,1
2.102130889892578,1
2.3700151443481445,1
2.043398380279541,1
2.4690001010894775,1
1.6340701580047607,1
2.0307536125183105,1
1.9154341220855713,1
2.6290268898010254,1
2.460223436355591,1
2.7196760177612305,1
1.850264549255371,1
2.6352384090423584,1
2.8286056518554688,1
2.4987106323242188,1
2.0209150314331055,1
2.757246494293213,1
2.187609910964966,1
2.1733322143554688,1
2.1785006523132324,1
2.460376739501953,1
2.6571850776672363,1
2.5613913536071777,1
2.2061781883239746,1
2.7759265899658203,1
2.208791732788086,1
3.012847423553467,1
2.8832316398620605,1
3.1118764877319336,1
2.0635900497436523,1
2.349057197570801,1
2.723508596420288,1
2.3669750690460205,1
2.7415833473205566,1
2.559767484664917,1
2.6466922760009766,1
2.369809865951538,1
2.3507609367370605,1
3.047368049621582,1
2.917512893676758,1
2.9317524433135986,1
2.9569389820098877,1
3.1654341220855713,1
2.323455810546875,1
2.29427433013916,1
2.285956859588623,1
2.4435031414031982,1
2.933077096939087,1
2.6161537170410156,1
2.6907989978790283,1
2.0052738189697266,1
2.5323574542999268,1
3.060455322265625,1
2.734057903289795,1
1.9498636722564697,1
2.089972972869873,1
1.9521327018737793,1
2.3627684116363525,1
2.539924144744873,1
2.874915361404419,1
2.4081168174743652,1
2.6409950256347656,1
2.6329824924468994,1
2.318532705307007,1
2.4377217292785645,1
2.203795909881592,1
1.915524959564209,1
2.288585662841797,1
3.060117483139038,1
1.9733467102050781,1
2.387619972229004,1
2.4888787269592285,1
2.4872074127197266,1
2.473809242248535,1
2.1977758407592773,1
2.302745819091797,1
2.436798334121704,1
2.11457896232605,1
2.324457883834839,1
2.425978183746338,1
2.2024874687194824,1
2.734131336212158,1
2.167475461959839,1
2.5753438472747803,1
2.168713331222534,1
2.3705897331237793,1
3.124615430831909,1
1.9543944597244263,1
2.695910930633545,1
2.333804130554199,1
2.023763656616211,1
2.629690170288086,1
2.139348268508911,1
2.850865125656128,1
3.0526175498962402,1
2.3458080291748047,1
2.1889867782592773,1
2.6364004611968994,1
2.7458932399749756,1
2.5847020149230957,1
3.0842947959899902,1
2.194021224975586,1
2.239926815032959,1
2.672377824783325,1
2.1576948165893555,1
2.424136161804199,1
2.884902000427246,1
2.452209711074829,1
2.0884337425231934,1
2.4772987365722656,1
2.465764284133911,1
2.5636744499206543,1
2.5794544219970703,1
2.7186625003814697,1
3.6740827560424805,1
2.4651331901550293,1
2.205160617828369,1
2.603785514831543,1
2.5342724323272705,1
2.793433904647827,1
3.411134719848633,1
2.1374459266662598,1
2.987691879272461,1
2.8335909843444824,1
3.430386543273926,1
3.0072081089019775,1
2.3282723426818848,1
3.1797094345092773,1
2.9104747772216797,1
2.6159486770629883,1
2.2679834365844727,1
2.612698554992676,1
3.095217227935791,1
2.897064208984375,1
3.4686262607574463,1
2.8822221755981445,1
2.3334734439849854,1
2.549344062805176,1
2.4477057456970215,1
1.8854137659072876,1
2.2571351528167725,1
2.4289021492004395,1
2.6080751419067383,1
2.2096099853515625,1
2.237926483154297,1
1.902333378791809,1
1.7736976146697998,1
2.876650333404541,1
2.6713321208953857,1
2.685713768005371,1
2.3604869842529297,1
3.3691697120666504,1
2.074373722076416,1
2.210205554962158,1
2.8953099250793457,1
2.1031835079193115,1
2.7440390586853027,1
2.2377896308898926,1
2.7916293144226074,1
2.2721617221832275,1
2.4524707794189453,1
2.1808998584747314,1
2.691054344177246,1
2.0793673992156982,1
2.2078161239624023,1
2.355278491973877,1
2.240389823913574,1
2.0063297748565674,1
2.6684741973876953,1
2.1765315532684326,1
3.195192337036133,1
2.5176124572753906,1
2.818028688430786,1
2.364084243774414,1
2.643618583679199,1
2.7575526237487793,1
2.341958999633789,1
2.845329523086548,1
2.973524570465088,1
2.0760397911071777,1
3.090269088745117,1
1.948393702507019,1
2.7442374229431152,1
2.030186414718628,1
2.2893290519714355,1
2.3280563354492188,1
2.2023234367370605,1
2.7358620166778564,1
2.133450984954834,1
2.1154909133911133,1
1.6949524879455566,1
2.4775314331054688,1
1.9990754127502441,1
1.9792580604553223,1
3.002377986907959,1
2.9487457275390625,1
2.1391985416412354,1
2.4182353019714355,1
1.9090625047683716,1
2.444967269897461,1
2.6982593536376953,1
1.7381691932678223,1
2.2981417179107666,1
2.255673885345459,1
2.162034511566162,1
2.680302858352661,1
2.2701830863952637,1
3.2385964393615723,1
2.5582032203674316,1
2.6301703453063965,1
2.25913143157959,1
3.0640740394592285,1
3.4730520248413086,1
2.3400073051452637,1
2.354781150817871,1
2.7345147132873535,1
2.198720693588257,1
2.402266025543213,1
2.4388160705566406,1
2.5874812602996826,1
3.019066333770752,1
2.4471588134765625,1
2.241499423980713,1
2.195404052734375,1
2.8348546028137207,1
2.1470541954040527,1
2.3252878189086914,1
2.186021089553833,1
2.4226765632629395,1
2.514655351638794,1
2.3924460411071777,1
1.9318567514419556,1
2.5493693351745605,1
2.1483139991760254,1
2.636850357055664,1
2.4204835891723633,1
2.2236557006835938,1
2.568537473678589,1
1.858766794204712,1
2.594879150390625,1
1.9662193059921265,1
1.833825707435608,1
2.352390766143799,1
2.454925060272217,1
2.5539920330047607,1
2.319753408432007,1
2.709969997406006,1
2.339836597442627,1
2.456688404083252,1
2.3848061561584473,1
2.6493563652038574,1
2.1394734382629395,1
2.6696937084198,1
2.2979736328125,1
2.6501498222351074,1
2.802626609802246,1
2.369321823120117,1
3.2016024589538574,1
2.3118999004364014,1
1.864344596862793,1
1.8485627174377441,1
1.7552767992019653,1
2.9051167964935303,1
2.8841300010681152,1
1.875956416130066,1
2.052860736846924,1
2.693711280822754,1
1.9971685409545898,1
2.1806914806365967,1
1.8260917663574219,1
2.5849976539611816,1
1.9067113399505615,1
1.8107972145080566,1
1.9327157735824585,1
1.8915436267852783,1
2.376286745071411,1
1.8709772825241089,1
2.4103076457977295,1
1.931384801864624,1
2.5672168731689453,1
2.510403633117676,1
2.515214204788208,1
2.841906785964966,1
2.712071418762207,1
2.7765157222747803,1
5.045112609863281,1
3.198301076889038,1
3.428752899169922,1
2.7136616706848145,1
4.514217376708984,1
4.857190132141113,1
4.165822505950928,1
5.332951545715332,1
4.25738000869751,1
2.8907058238983154,1
3.7851760387420654,1
2.552313804626465,1
2.864795684814453,1
2.818051815032959,1
3.4050185680389404,1
3.3254570960998535,1
3.350174903869629,1
3.4800243377685547,1
2.6851959228515625,1
3.126992702484131,1
2.8742313385009766,1
3.8557446002960205,1
3.442526340484619,1
3.7913525104522705,1
3.0056028366088867,1
3.10744047164917,1
2.551513671875,1
3.814366102218628,1
3.489722728729248,1
2.8562560081481934,1
3.305938482284546,1
2.920555830001831,1
2.394599676132202,1
2.365950107574463,1
3.0695271492004395,1
3.1072916984558105,1
2.34049129486084,1
2.2998249530792236,1
2.748736619949341,1
2.6918439865112305,1
2.4669737815856934,1
2.686188220977783,1
2.7271780967712402,1
3.1437740325927734,1
2.4526047706604004,1
2.768115520477295,1
2.470656394958496,1
2.288409471511841,1
2.623569965362549,1
2.4576268196105957,1
2.592646837234497,1
2.083122730255127,1
2.228187084197998,1
3.0170888900756836,1
2.1267688274383545,1
2.7355008125305176,1
2.5507113933563232,1
2.3284597396850586,1
1.8155462741851807,1
2.515711784362793,1
2.544579267501831,1
2.2180891036987305,1
2.212357997894287,1
1.9342219829559326,1
2.3721156120300293,1
2.120826005935669,1
2.0328171253204346,1
2.412951707839966,1
2.1609277725219727,1
2.0621538162231445,1
2.69063138961792,1
1.6692876815795898,1
2.7697999477386475,1
2.1246204376220703,1
1.9369412660598755,1
2.1645188331604004,1
2.146559238433838,1
2.750027656555176,1
2.5877702236175537,1
2.349586009979248,1
1.8870105743408203,1
3.290065288543701,1
2.7415177822113037,1
2.770707130432129,1
1.6501199007034302,1
2.749401092529297,1
3.128721237182617,1
2.409745216369629,1
2.7157208919525146,1
3.0959887504577637,1
3.410566568374634,1
2.321493148803711,1
3.1621248722076416,1
2.946727752685547,1
2.60015606880188,1
2.7621889114379883,1
2.6353249549865723,1
2.5846471786499023,1
2.203793525695801,1
2.34671688079834,1
2.5248777866363525,1
2.783168315887451,1
2.9567527770996094,1
2.7024950981140137,1
2.4448866844177246,1
2.515498399734497,1
3.3620572090148926,1
2.4164695739746094,1
2.420452117919922,1
2.2922275066375732,1
2.8958446979522705,1
2.66988205909729,1
2.8038830757141113,1
1.85636568069458,1
2.7564425468444824,1
2.175499439239502,1
3.1903815269470215,1
3.3977718353271484,1
2.65029239654541,1
2.288207530975342,1
2.23848557472229,1
3.2014129161834717,1
2.49749755859375,1
2.6346561908721924,1
1.9864516258239746,1
3.5893852710723877,1
2.995110034942627,1
3.5519182682037354,1
2.953953266143799,1
3.076704263687134,1
2.4733023643493652,1
2.620344877243042,1
2.680305242538452,1
3.2747223377227783,1
3.346203088760376,1
2.6698477268218994,1
2.894868850708008,1
3.687592029571533,1
2.4097819328308105,1
2.6468260288238525,1
2.908965587615967,1
3.0168204307556152,1
2.425706624984741,1
1.9635347127914429,1
3.275362491607666,1
1.9707990884780884,1
2.5199649333953857,1
3.0402183532714844,1
3.0424394607543945,1
2.501781463623047,1
2.1845574378967285,1
2.1074371337890625,1
2.48380184173584,1
2.916214942932129,1
2.5741612911224365,1
2.6833300590515137,1
2.5711331367492676,1
2.4910871982574463,1
2.2533376216888428,1
2.2084994316101074,1
2.8078081607818604,1
1.9732681512832642,1
2.291513681411743,1
2.8732993602752686,1
2.1373724937438965,1
2.9255893230438232,1
2.8436546325683594,1
2.688793182373047,1
2.1710448265075684,1
2.934215784072876,1
2.4422826766967773,1
2.7441329956054688,1
3.223331928253174,1
2.959015369415283,1
2.080160617828369,1
2.466348648071289,1
2.742154359817505,1
3.169772148132324,1
2.592618227005005,1
2.203922986984253,1
2.9083313941955566,1
2.553210735321045,1
2.28056263923645,1
2.564742088317871,1
2.4302191734313965,1
3.0019638538360596,1
2.8571970462799072,1
2.7896952629089355,1
2.519472122192383,1
3.12597393989563,1
2.989346504211426,1
2.266850233078003,1
2.672351360321045,1
2.280999183654785,1
2.2561469078063965,1
2.7136287689208984,1
2.283473014831543,1
2.357093334197998,1
2.5717525482177734,1
2.3319146633148193,1
2.300201654434204,1
2.601107597351074,1
1.7370705604553223,1
2.035315990447998,1
2.426471710205078,1
3.0567731857299805,1
1.9525045156478882,1
2.1639254093170166,1
2.4521641731262207,1
2.236189842224121,1
2.609222888946533,1
2.174241065979004,1
2.323486804962158,1
2.293513774871826,1
2.546058177947998,1
3.2611989974975586,1
2.427326202392578,1
2.362328052520752,1
1.9494969844818115,1
2.5136585235595703,1
1.9906582832336426,1
2.3636269569396973,1
3.258929491043091,1
3.0650699138641357,1
2.330160617828369,1
2.5583443641662598,1
2.6972289085388184,1
1.9736387729644775,1
1.856932282447815,1
2.486788511276245,1
2.4792351722717285,1
2.252324104309082,1
3.5505237579345703,1
2.354055881500244,1
2.3315093517303467,1
2.6006274223327637,1
2.2542343139648438,1
2.2834858894348145,1
3.1311089992523193,1
2.3933539390563965,1
2.402498245239258,1
2.237096071243286,1
2.068155288696289,1
3.2252912521362305,1
2.4453442096710205,1
2.116988182067871,1
2.312199592590332,1
2.706094741821289,1
1.7268177270889282,1
2.862361431121826,1
2.0852584838867188,1
2.0590734481811523,1
2.569833755493164,1
2.5429582595825195,1
2.1632652282714844,1
2.80208683013916,1
3.177981376647949,1
2.4866480827331543,1
2.0311293601989746,1
2.829742908477783,1
2.231391191482544,1
2.436188220977783,1
3.314652442932129,1
2.5956084728240967,1
2.4102840423583984,1
2.7358245849609375,1
2.123103141784668,1
2.5746731758117676,1
2.161154270172119,1
2.768174171447754,1
2.6929984092712402,1
2.4722788333892822,1
2.5343332290649414,1
2.8305177688598633,1
2.2410686016082764,1
2.6839394569396973,1
3.5745198726654053,1
3.0365591049194336,1
2.3227434158325195,1
2.6625289916992188,1
2.036982774734497,1
3.0310826301574707,1
2.684871196746826,1
2.5491995811462402,1
2.082472562789917,1
2.9272961616516113,1
3.87807559967041,1
2.7431373596191406,1
2.9170894622802734,1
3.0682239532470703,1
2.829594135284424,1
2.74688720703125,1
2.0548479557037354,1
2.822453737258911,1
2.7694427967071533,1
3.563169002532959,1
2.433849811553955,1
2.817754030227661,1
2.3537800312042236,1
2.91180419921875,1
2.4158828258514404,1
2.528470993041992,1
2.0637474060058594,1
2.3932690620422363,1
2.1400606632232666,1
3.174870252609253,1
2.2915592193603516,1
2.609311580657959,1
2.81988525390625,1
2.3334548473358154,1
2.4851467609405518,1
2.7601330280303955,1
2.1862659454345703,1
3.262070417404175,1
2.364042282104492,1
2.1773431301116943,1
2.463484764099121,1
2.0450868606567383,1
2.248197555541992,1
2.234774589538574,1
2.3255534172058105,1
2.258425712585449,1
1.9076032638549805,1
2.470360517501831,1
2.904984951019287,1
1.9816898107528687,1
2.972292423248291,1
2.208824634552002,1
2.571239471435547,1
2.4987382888793945,1
3.1490955352783203,1
2.503203868865967,1
2.6436150074005127,1
2.249547243118286,1
2.9013257026672363,1
2.968812942504883,1
2.953267812728882,1
2.5801689624786377,1
2.5210251808166504,1
2.919719696044922,1
2.4551491737365723,1
2.25646710395813,1
2.3343710899353027,1
2.5871095657348633,1
2.7199008464813232,1
2.8571829795837402,1
2.123196601867676,1
2.3538618087768555,1
2.7717339992523193,1
2.7832913398742676,1
2.157785415649414,1
2.4242820739746094,1
2.1860837936401367,1
2.178905725479126,1
2.4533181190490723,1
2.532339572906494,1
2.5706238746643066,1
3.3829307556152344,1
2.601045846939087,1
2.507251739501953,1
2.786726474761963,1
1.5428776741027832,1
2.1685988903045654,1
2.086677074432373,1
2.5700385570526123,1
2.7797374725341797,1
2.4057185649871826,1
2.6810760498046875,1
1.917500376701355,1
2.809164524078369,1
2.1835741996765137,1
2.156167984008789,1
2.5920486450195313,1
2.6606218814849854,1
2.2853362560272217,1
2.2276644706726074,1
1.8934024572372437,1
3.877528429031372,1
2.8457157611846924,1
2.543156147003174,1
3.232863426208496,1
3.72770357131958,1
2.4490745067596436,1
2.8881406784057617,1
2.576476573944092,1
4.202280044555664,1
2.6969540119171143,1
2.352670669555664,1
2.2438251972198486,1
3.803765058517456,1
3.0568430423736572,1
3.403648853302002,1
2.826172351837158,1
1.8718513250350952,1
2.7822539806365967,1
2.543057680130005,1
3.1554322242736816,1
2.5134568214416504,1
2.733180522918701,1
2.2984213829040527,1
2.8910489082336426,1
2.5256145000457764,1
2.33981990814209,1
2.382265090942383,1
2.815605640411377,1
2.683103084564209,1
2.0074124336242676,1
2.367995262145996,1
2.868961811065674,1
2.580467462539673,1
2.633647918701172,1
2.333110809326172,1
2.182095766067505,1
2.440305471420288,1
2.403526782989502,1
2.763814687728882,1
2.7646117210388184,1
4.83708381652832,1
2.0257623195648193,1
2.5757761001586914,1
2.8238613605499268,1
2.715259552001953,1
2.233989715576172,1
2.9413962364196777,1
2.7089133262634277,1
2.846848964691162,1
2.53707218170166,1
2.7843284606933594,1
3.0831146240234375,1
1.8111063241958618,1
2.2451963424682617,1
3.1363277435302734,1
2.959980010986328,1
2.3934450149536133,1
2.7946741580963135,1
2.641016960144043,1
2.8540163040161133,1
2.6849751472473145,1
2.3545427322387695,1
2.3175511360168457,1
2.596381664276123,1
2.2518982887268066,1
2.1627914905548096,1
2.0352532863616943,1
2.7910656929016113,1
2.3661317825317383,1
2.9027063846588135,1
2.400341033935547,1
2.0105602741241455,1
3.0617027282714844,1
2.184396743774414,1
1.9811551570892334,1
2.780109167098999,1
2.082834243774414,1
2.9072751998901367,1
2.8457493782043457,1
2.051030158996582,1
1.8353285789489746,1
2.468747138977051,1
3.2530417442321777,1
2.4295661449432373,1
2.0811057090759277,1
2.4343788623809814,1
2.349112033843994,1
2.0276010036468506,1
2.288186550140381,1
2.155055522918701,1
3.0494203567504883,1
2.45460844039917,1
2.5263419151306152,1
2.1611685752868652,1
2.673959255218506,1
2.1693756580352783,1
3.123819589614868,1
2.9302725791931152,1
2.1510987281799316,1
2.4250106811523438,1
2.448770046234131,1
2.997300624847412,1
2.327073574066162,1
2.181729555130005,1
2.53446626663208,1
3.104421615600586,1
3.0781078338623047,1
2.4778594970703125,1
2.7413947582244873,1
3.188138008117676,1
3.2146596908569336,1
2.6361594200134277,1
2.979529857635498,1
2.0877225399017334,1
2.2007412910461426,1
2.251276969909668,1
3.5060858726501465,1
2.574162483215332,1
3.12526798248291,1
1.5368530750274658,1
2.6087703704833984,1
2.491050958633423,1
2.690516233444214,1
2.4684996604919434,1
2.3933610916137695,1
2.046360492706299,1
3.039550542831421,1
2.508894920349121,1
2.449648857116699,1
2.4377212524414063,1
2.4337985515594482,1
2.356788396835327,1
2.2408924102783203,1
3.345776081085205,1
2.3219518661499023,1
3.142085552215576,1
2.8774099349975586,1
2.3396224975585938,1
2.3705337047576904,1
2.1796178817749023,1
2.9193308353424072,1
2.8020453453063965,1
2.0915637016296387,1
2.473451614379883,1
3.3067355155944824,1
2.557508945465088,1
2.1653218269348145,1
2.1325652599334717,1
3.0726795196533203,1
3.011645555496216,1
2.733268976211548,1
2.1606879234313965,1
2.5057716369628906,1
2.534956455230713,1
2.401261806488037,1
2.774411201477051,1
2.203094005584717,1
2.4183011054992676,1
2.0380356311798096,1
1.9003769159317017,1
3.019235610961914,1
2.2812893390655518,1
2.0601534843444824,1
2.8278884887695313,1
3.2188520431518555,1
2.2742035388946533,1
2.0948305130004883,1
2.3483006954193115,1
2.5379233360290527,1
2.0828535556793213,1
2.837949752807617,1
1.8096309900283813,1
2.543421506881714,1
2.3254823684692383,1
2.1046066284179688,1
2.012829303741455,1
2.003661632537842,1
2.2791051864624023,1
1.9607338905334473,1
2.2219622135162354,1
2.897555351257324,1
2.428035259246826,1
3.395200729370117,1
1.4946348667144775,1
2.692730188369751,1
2.4346249103546143,1
2.172938585281372,1
2.236135959625244,1
2.329479932785034,1
2.4213123321533203,1
3.489274501800537,1
2.3266208171844482,1
2.3552591800689697,1
2.4642486572265625,1
2.6135380268096924,1
2.683250904083252,1
2.3002851009368896,1
1.9918032884597778,1
2.4652557373046875,1
2.1843485832214355,1
2.5749671459198,1
2.6554694175720215,1
2.049675464630127,1
2.55197811126709,1
2.881817102432251,1
2.929344654083252,1
2.5830159187316895,1
2.2680320739746094,1
2.743380069732666,1
2.72300386428833,1
2.586238384246826,1
2.893677234649658,1
2.508112907409668,1
2.3378829956054688,1
3.040073871612549,1
2.314476251602173,1
1.966334581375122,1
2.4096217155456543,1
2.0116446018218994,1
2.299853801727295,1
3.4980688095092773,1
2.145972728729248,1
2.235527515411377,1
2.553325653076172,1
2.12929630279541,1
2.25715708732605,1
3.0983667373657227,1
2.714569568634033,1
2.650880813598633,1
3.1425671577453613,1
2.6070642471313477,1
2.590554714202881,1
3.2325551509857178,1
3.664551258087158,1
2.447209119796753,1
2.587750196456909,1
2.354611873626709,1
2.843285322189331,1
2.6132376194000244,1
2.662292718887329,1
3.195396900177002,1
2.1755595207214355,1
1.866356372833252,1
2.748249053955078,1
2.4903881549835205,1
2.762366771697998,1
2.404571533203125,1
2.0191946029663086,1
2.3107779026031494,1
2.866685390472412,1
2.459169387817383,1
1.8982174396514893,1
2.801957607269287,1
2.183259963989258,1
1.903165578842163,1
1.9525963068008423,1
2.415134906768799,1
2.342916488647461,1
1.9966967105865479,1
1.9248275756835938,1
1.8812718391418457,1
3.162914752960205,1
3.1330814361572266,1
2.8564112186431885,1
3.2151925563812256,1
2.3785669803619385,1
2.3915820121765137,1
3.4009430408477783,1
2.8999876976013184,1
2.993717670440674,1
3.1605093479156494,1
2.217003345489502,1
3.1026391983032227,1
2.801054000854492,1
2.0434165000915527,1
2.3338685035705566,1
2.8503761291503906,1
1.847008466720581,1
2.1229138374328613,1
2.7414638996124268,1
2.3917319774627686,1
2.3340065479278564,1
2.8946218490600586,1
2.7614450454711914,1
2.2911839485168457,1
1.8066037893295288,1
2.5808353424072266,1
2.18552827835083,1
2.5503740310668945,1
2.4270548820495605,1
2.1610894203186035,1
2.1165273189544678,1
2.039214611053467,1
2.718975067138672,1
2.0329957008361816,1
1.978819727897644,1
2.88519287109375,1
2.3600873947143555,1
2.4641199111938477,1
2.092635154724121,1
2.9421682357788086,1
3.0766189098358154,1
3.57643723487854,1
2.3914833068847656,1
3.030620574951172,1
2.927183151245117,1
3.2988061904907227,1
3.248569965362549,1
4.5218095779418945,1
2.9640674591064453,1
3.1024999618530273,1
3.03867244720459,1
4.353330135345459,1
4.725741863250732,1
2.615260362625122,1
2.095754623413086,1
2.942380905151367,1
4.602195739746094,1
4.976620197296143,1
2.9417266845703125,1
3.024312973022461,1
2.2500412464141846,1
2.274355411529541,1
2.436640501022339,1
4.019621849060059,1
3.096583127975464,1
2.588069200515747,1
2.755540370941162,1
1.9968621730804443,1
1.8417682647705078,1
2.2145774364471436,1
2.872746706008911,1
2.841597080230713,1
2.2329821586608887,1
3.3428969383239746,1
2.870722770690918,1
2.4643731117248535,1
2.881171464920044,1
2.406304121017456,1
2.465806722640991,1
2.7766194343566895,1
2.6862740516662598,1
2.786125659942627,1
2.4158341884613037,1
2.9962611198425293,1
2.8927817344665527,1
2.821364402770996,1
2.750965118408203,1
2.7053117752075195,1
2.6883339881896973,1
2.4354448318481445,1
2.4019458293914795,1
2.7342019081115723,1
2.6210367679595947,1
2.092545986175537,1
2.678354263305664,1
2.2600655555725098,1
2.7117209434509277,1
2.396685838699341,1
2.1639373302459717,1
2.752389430999756,1
2.429561138153076,1
2.8107187747955322,1
2.395660400390625,1
1.9457695484161377,1
2.1759514808654785,1
2.3628883361816406,1
2.3346757888793945,1
2.7988369464874268,1
2.022494316101074,1
2.1877150535583496,1
2.7400102615356445,1
2.6524758338928223,1
1.9753859043121338,1
2.488394260406494,1
2.6201305389404297,1
2.7475719451904297,1
2.369037628173828,1
2.775102376937866,1
2.7184858322143555,1
2.30100417137146,1
2.3654673099517822,1
2.1209278106689453,1
2.495884895324707,1
2.640378952026367,1
2.249577283859253,1
2.251908540725708,1
2.167788028717041,1
1.9026658535003662,1
3.8397178649902344,1
2.225665807723999,1
2.2406558990478516,1
3.1291487216949463,1
1.8563315868377686,1
2.511674404144287,1
2.6347708702087402,1
2.5015711784362793,1
2.556708812713623,1
2.4382097721099854,1
1.9444018602371216,1
2.182333469390869,1
2.241032123565674,1
2.524078369140625,1
2.397099494934082,1
3.7194178104400635,1
2.2295081615448,1
2.1738390922546387,1
2.3302619457244873,1
