2.432234525680542,1
6.080028533935547,1
3.827955722808838,1
3.698715925216675,1
3.504086971282959,1
3.6124277114868164,1
3.2605395317077637,1
3.076176166534424,1
4.104778289794922,1
4.240196704864502,1
4.543956279754639,1
3.240914821624756,1
2.6860344409942627,1
3.8474175930023193,1
4.350511074066162,1
3.7238705158233643,1
2.7694029808044434,1
3.5582940578460693,1
2.7920751571655273,1
2.8864943981170654,1
3.071312665939331,1
2.9953205585479736,1
3.8741376399993896,1
3.534803867340088,1
2.550271511077881,1
3.0033159255981445,1
2.3601937294006348,1
3.5915884971618652,1
3.803553581237793,1
3.7770285606384277,1
2.7687790393829346,1
3.609837532043457,1
2.934450149536133,1
2.932021141052246,1
2.247861862182617,1
3.4437270164489746,1
2.5902886390686035,1
2.1103334426879883,1
4.143831253051758,1
3.5659537315368652,1
2.524796962738037,1
3.198098659515381,1
3.2085940837860107,1
3.6388602256774902,1
2.8662381172180176,1
3.2162280082702637,1
2.524904489517212,1
2.805147886276245,1
2.766479969024658,1
2.794206142425537,1
3.2456257343292236,1
4.275450706481934,1
3.215277671813965,1
3.0741171836853027,1
3.151412010192871,1
2.8435726165771484,1
2.29826021194458,1
2.4729928970336914,1
3.1930296421051025,1
3.8048996925354004,1
2.6150965690612793,1
2.488647937774658,1
3.1897809505462646,1
2.4297163486480713,1
3.1514382362365723,1
2.387805461883545,1
2.391709327697754,1
2.9932854175567627,1
2.9578869342803955,1
2.126530647277832,1
2.7530624866485596,1
2.524876117706299,1
2.3186888694763184,1
2.6658096313476563,1
2.3901875019073486,1
3.2483654022216797,1
2.3883869647979736,1
3.0930118560791016,1
3.028578281402588,1
2.5153019428253174,1
2.682878017425537,1
2.878312587738037,1
2.631650447845459,1
3.136960029602051,1
2.5674567222595215,1
2.5020337104797363,1
2.690448760986328,1
2.831918478012085,1
2.133305549621582,1
2.588320732116699,1
2.927990436553955,1
2.4109067916870117,1
4.662839412689209,1
2.1841259002685547,1
2.9748687744140625,1
2.813523769378662,1
2.608429193496704,1
3.0842254161834717,1
3.375491142272949,1
3.4495391845703125,1
2.3962159156799316,1
2.000730276107788,1
2.805655002593994,1
3.6434826850891113,1
3.051551342010498,1
3.4010987281799316,1
3.525533676147461,1
2.625041961669922,1
2.8736019134521484,1
3.3676247596740723,1
3.4516141414642334,1
2.7821033000946045,1
3.4472174644470215,1
3.872631072998047,1
3.182746171951294,1
3.1870877742767334,1
2.3277668952941895,1
3.415894031524658,1
3.4941678047180176,1
3.9082374572753906,1
3.510432243347168,1
3.1680407524108887,1
3.802358627319336,1
2.8259479999542236,1
2.792466163635254,1
3.5818002223968506,1
3.7643625736236572,1
3.928582191467285,1
3.2600643634796143,1
3.284959316253662,1
3.0504817962646484,1
4.000465393066406,1
3.234846591949463,1
3.6662189960479736,1
4.2081499099731445,1
3.593534469604492,1
3.6978490352630615,1
4.00710391998291,1
3.378476142883301,1
3.5336875915527344,1
2.820462226867676,1
3.8384766578674316,1
3.4769229888916016,1
6.591140270233154,1
3.2776424884796143,1
3.312840461730957,1
3.0475716590881348,1
2.6618165969848633,1
3.158189296722412,1
3.1510133743286133,1
2.844179391860962,1
2.7720322608947754,1
2.180021286010742,1
2.871833086013794,1
3.9803905487060547,1
3.8188304901123047,1
2.1417465209960938,1
2.1575307846069336,1
2.832627296447754,1
3.712994337081909,1
3.3519484996795654,1
2.9750747680664063,1
2.719912528991699,1
2.3225698471069336,1
3.0365958213806152,1
3.1660447120666504,1
3.008352756500244,1
3.4186882972717285,1
2.6759955883026123,1
3.0906119346618652,1
3.244396686553955,1
3.6590681076049805,1
3.188406467437744,1
2.6049036979675293,1
3.539456844329834,1
2.5605099201202393,1
3.619180679321289,1
2.9415950775146484,1
3.507012367248535,1
3.145066499710083,1
3.4808342456817627,1
3.0712409019470215,1
2.6576485633850098,1
3.3952958583831787,1
3.4393348693847656,1
2.928478479385376,1
4.916942119598389,1
2.483316421508789,1
2.388772487640381,1
3.6406497955322266,1
2.6231980323791504,1
2.454063892364502,1
2.6331920623779297,1
2.936640739440918,1
2.5186586380004883,1
2.9344496726989746,1
2.5876662731170654,1
2.560952663421631,1
3.6260714530944824,1
3.361738681793213,1
2.6920032501220703,1
3.2699544429779053,1
4.3228373527526855,1
2.798015594482422,1
3.9697911739349365,1
3.0337295532226563,1
2.5563435554504395,1
3.3624515533447266,1
2.5926384925842285,1
3.235663652420044,1
2.6033551692962646,1
2.3775055408477783,1
2.7101306915283203,1
3.2839739322662354,1
3.774500608444214,1
3.075618028640747,1
3.1746609210968018,1
2.453756809234619,1
2.641667127609253,1
2.3071634769439697,1
2.6661694049835205,1
4.487396240234375,1
3.1594910621643066,1
3.920086622238159,1
3.001115322113037,1
3.002467632293701,1
3.035101890563965,1
2.6190176010131836,1
2.748833179473877,1
3.2070255279541016,1
2.9234890937805176,1
3.060694456100464,1
2.5501439571380615,1
3.651430130004883,1
3.915764808654785,1
2.6821932792663574,1
2.590439796447754,1
3.524080753326416,1
4.303474426269531,1
3.637749433517456,1
2.7571725845336914,1
3.1807737350463867,1
3.2987616062164307,1
2.324680805206299,1
3.8583335876464844,1
1.629651665687561,1
2.929516553878784,1
2.338608741760254,1
3.7140555381774902,1
3.296684503555298,1
2.5823099613189697,1
2.2466540336608887,1
2.614241123199463,1
2.458411931991577,1
3.0160765647888184,1
2.493643045425415,1
2.297461986541748,1
3.0135185718536377,1
2.550581693649292,1
3.160233497619629,1
3.513289213180542,1
2.5996599197387695,1
2.6170005798339844,1
2.1679580211639404,1
2.136969804763794,1
3.1454222202301025,1
2.668174982070923,1
3.1111326217651367,1
3.4965288639068604,1
2.855459690093994,1
2.9219069480895996,1
2.514845848083496,1
2.6995034217834473,1
2.502098560333252,1
2.8327527046203613,1
2.917613983154297,1
2.1885533332824707,1
2.6308014392852783,1
2.457953691482544,1
2.8008780479431152,1
3.2595114707946777,1
2.3415629863739014,1
3.0303280353546143,1
3.462405204772949,1
2.8497419357299805,1
3.2681756019592285,1
2.2675347328186035,1
2.235351085662842,1
2.785398483276367,1
3.0929133892059326,1
2.462357759475708,1
2.2768654823303223,1
2.4870223999023438,1
2.717952013015747,1
2.0973141193389893,1
2.663634777069092,1
1.9735796451568604,1
3.7621805667877197,1
3.2688543796539307,1
2.0428104400634766,1
2.6962013244628906,1
2.6490161418914795,1
2.6364481449127197,1
2.4617035388946533,1
2.7510945796966553,1
3.3576767444610596,1
2.5637688636779785,1
1.8696417808532715,1
2.8880128860473633,1
3.210232734680176,1
2.833662271499634,1
2.1151771545410156,1
3.038601875305176,1
2.4623939990997314,1
3.2902615070343018,1
1.9405633211135864,1
3.2634544372558594,1
2.5712971687316895,1
2.755150556564331,1
3.022495985031128,1
3.0438284873962402,1
2.982543468475342,1
2.7466909885406494,1
2.6034882068634033,1
2.6101040840148926,1
2.9028735160827637,1
2.4193742275238037,1
2.3700413703918457,1
2.724539279937744,1
2.1431145668029785,1
2.5027801990509033,1
2.459031343460083,1
2.9097585678100586,1
2.9764480590820313,1
2.274644136428833,1
2.272378921508789,1
3.048243522644043,1
3.200456380844116,1
3.0817956924438477,1
2.45750093460083,1
3.107140302658081,1
2.659123420715332,1
3.1548142433166504,1
3.0267956256866455,1
2.6367366313934326,1
3.4222683906555176,1
3.788419008255005,1
2.2296154499053955,1
3.7698354721069336,1
3.6936542987823486,1
3.1903443336486816,1
3.577683210372925,1
3.3286561965942383,1
3.5068111419677734,1
2.453279495239258,1
2.801966428756714,1
2.7095396518707275,1
2.765994071960449,1
2.048004627227783,1
3.0125889778137207,1
1.959026575088501,1
4.253810882568359,1
2.2595462799072266,1
2.1385366916656494,1
2.5489869117736816,1
2.977869749069214,1
2.2755703926086426,1
2.767812728881836,1
3.0094542503356934,1
3.171976327896118,1
2.7619786262512207,1
2.6952037811279297,1
2.328795909881592,1
2.41631817817688,1
3.140852451324463,1
2.1749393939971924,1
3.2117371559143066,1
4.030401229858398,1
3.029348134994507,1
2.7951738834381104,1
2.8291943073272705,1
2.7172508239746094,1
2.9262516498565674,1
3.552252769470215,1
3.268497943878174,1
3.9446568489074707,1
2.8108067512512207,1
2.8344831466674805,1
3.0736348628997803,1
2.952859878540039,1
2.860560655593872,1
3.3332908153533936,1
3.4375247955322266,1
3.1581008434295654,1
3.448700428009033,1
3.094273567199707,1
2.4631693363189697,1
2.9255244731903076,1
2.8519017696380615,1
2.5679244995117188,1
2.6227498054504395,1
3.1440396308898926,1
3.3838839530944824,1
3.0707592964172363,1
3.1461288928985596,1
2.7281882762908936,1
2.909269094467163,1
2.6730546951293945,1
2.482786178588867,1
2.803152561187744,1
3.210388660430908,1
2.8711276054382324,1
3.0871567726135254,1
2.398529052734375,1
2.7608695030212402,1
2.9032630920410156,1
3.150218963623047,1
3.2010979652404785,1
2.958462953567505,1
3.417064666748047,1
3.6059248447418213,1
2.7176175117492676,1
3.60148024559021,1
3.952425718307495,1
3.510265350341797,1
3.2923200130462646,1
2.974311351776123,1
3.324333667755127,1
5.14665412902832,1
3.1094422340393066,1
3.1903724670410156,1
2.9451849460601807,1
3.57674241065979,1
3.167768955230713,1
3.3815670013427734,1
2.7501275539398193,1
3.027663230895996,1
3.090712785720825,1
3.8615856170654297,1
3.099616050720215,1
3.334853172302246,1
4.406721591949463,1
4.485015392303467,1
3.6202847957611084,1
3.36907696723938,1
3.2832374572753906,1
4.5346174240112305,1
4.15305233001709,1
3.323866605758667,1
2.9742894172668457,1
3.2169480323791504,1
3.8477210998535156,1
3.387521505355835,1
3.3653945922851563,1
3.2793092727661133,1
3.794224262237549,1
3.7502079010009766,1
2.9329466819763184,1
3.1286768913269043,1
3.247830390930176,1
3.070590019226074,1
3.6432266235351563,1
3.8482372760772705,1
2.879033327102661,1
2.8471012115478516,1
2.749302387237549,1
2.650402069091797,1
3.2370810508728027,1
2.7955827713012695,1
2.777087926864624,1
3.2684905529022217,1
2.652153968811035,1
3.4724066257476807,1
3.228123188018799,1
2.8220694065093994,1
2.9969635009765625,1
3.2054967880249023,1
2.7850611209869385,1
2.5016849040985107,1
2.600059986114502,1
2.625418186187744,1
2.905568838119507,1
3.4650862216949463,1
2.3968470096588135,1
3.2988951206207275,1
3.315871238708496,1
2.112736225128174,1
3.5584330558776855,1
3.460768222808838,1
2.621352195739746,1
3.247298002243042,1
3.7181200981140137,1
3.391003131866455,1
2.9450759887695313,1
2.199995994567871,1
3.2759156227111816,1
4.548372268676758,1
2.5157103538513184,1
3.4317946434020996,1
2.6251981258392334,1
2.066762924194336,1
2.376364231109619,1
2.8245444297790527,1
3.2057974338531494,1
2.890376567840576,1
2.4943714141845703,1
2.872600793838501,1
3.1160755157470703,1
2.9061391353607178,1
2.5196762084960938,1
3.7367146015167236,1
3.8696351051330566,1
3.82344913482666,1
3.391602039337158,1
4.374951362609863,1
2.554316759109497,1
2.9206314086914063,1
3.3075761795043945,1
2.8666462898254395,1
2.8535828590393066,1
3.5599184036254883,1
3.40847110748291,1
3.5480971336364746,1
3.6597554683685303,1
3.7036795616149902,1
3.04196834564209,1
3.6464505195617676,1
2.7466795444488525,1
3.7797603607177734,1
3.49924898147583,1
3.4080052375793457,1
2.4360713958740234,1
2.964641571044922,1
3.2017557621002197,1
2.8145275115966797,1
3.113431453704834,1
3.529756546020508,1
3.2737324237823486,1
3.451956033706665,1
3.8392486572265625,1
3.1301519870758057,1
3.002761125564575,1
3.1129608154296875,1
3.9283080101013184,1
3.414492130279541,1
3.0834908485412598,1
3.514968156814575,1
2.9798312187194824,1
2.8225677013397217,1
3.609988212585449,1
3.0808935165405273,1
2.605499744415283,1
2.641956090927124,1
3.0272040367126465,1
2.713510513305664,1
2.764605760574341,1
3.1524176597595215,1
1.9052070379257202,1
2.948513984680176,1
2.0872607231140137,1
3.5151798725128174,1
2.91152286529541,1
3.6893200874328613,1
3.724998950958252,1
2.8594913482666016,1
3.1681931018829346,1
2.626445770263672,1
3.0610647201538086,1
2.743961811065674,1
2.742464303970337,1
2.065487861633301,1
2.789281129837036,1
3.4903087615966797,1
2.341196060180664,1
3.119503974914551,1
2.99057674407959,1
1.9875174760818481,1
2.8638734817504883,1
3.0870285034179688,1
2.7087013721466064,1
2.958250045776367,1
3.4661288261413574,1
3.260517120361328,1
2.8678760528564453,1
3.021170139312744,1
2.107400894165039,1
2.2973361015319824,1
2.772264003753662,1
3.777101755142212,1
2.1523494720458984,1
2.0762596130371094,1
3.019723415374756,1
2.0737974643707275,1
2.762547254562378,1
2.830599546432495,1
2.8966472148895264,1
2.4757423400878906,1
3.511561155319214,1
3.0871124267578125,1
2.876897096633911,1
2.1470184326171875,1
2.8011722564697266,1
3.0764036178588867,1
3.2825767993927,1
1.9150844812393188,1
2.8345794677734375,1
2.744654655456543,1
4.307544231414795,1
2.698699951171875,1
3.0976901054382324,1
2.488422155380249,1
2.9965779781341553,1
3.6841750144958496,1
3.281395435333252,1
3.9721150398254395,1
3.775191307067871,1
3.7017178535461426,1
2.997769355773926,1
2.3248841762542725,1
2.515543222427368,1
4.252647399902344,1
4.3080854415893555,1
4.123657703399658,1
2.713411331176758,1
1.9468990564346313,1
1.9297895431518555,1
2.8959896564483643,1
2.551865577697754,1
2.9718480110168457,1
3.270817756652832,1
2.789001941680908,1
3.4572672843933105,1
3.8677914142608643,1
3.2145023345947266,1
3.0082104206085205,1
4.367048263549805,1
3.4128966331481934,1
2.578948974609375,1
2.471187114715576,1
3.3058648109436035,1
2.735884189605713,1
2.901902914047241,1
2.4370217323303223,1
3.3451685905456543,1
3.2009119987487793,1
2.6243951320648193,1
3.3860836029052734,1
2.559408187866211,1
2.94199800491333,1
3.3704123497009277,1
2.9006292819976807,1
2.2961018085479736,1
2.7152037620544434,1
2.163505792617798,1
2.3734195232391357,1
2.6069254875183105,1
3.261664867401123,1
2.6674652099609375,1
2.751314401626587,1
3.1989004611968994,1
2.4128904342651367,1
2.537426710128784,1
2.5187413692474365,1
2.457263708114624,1
3.333303213119507,1
3.437012195587158,1
3.124865770339966,1
2.7935001850128174,1
2.5778119564056396,1
2.9897568225860596,1
3.311492681503296,1
3.917106866836548,1
2.0089211463928223,1
2.6678876876831055,1
2.745042324066162,1
3.3793721199035645,1
3.2031288146972656,1
3.3648669719696045,1
3.214237689971924,1
2.8443331718444824,1
3.352884531021118,1
2.2590224742889404,1
2.5608949661254883,1
2.7751126289367676,1
2.708660125732422,1
2.754185676574707,1
2.3031325340270996,1
2.7693090438842773,1
2.377633571624756,1
3.3533923625946045,1
2.141530990600586,1
3.161449670791626,1
3.0079386234283447,1
2.5984203815460205,1
2.395341634750366,1
2.8521904945373535,1
2.9111335277557373,1
3.1909098625183105,1
3.7041215896606445,1
2.9023075103759766,1
3.066836357116699,1
3.18642520904541,1
2.429612398147583,1
3.0422167778015137,1
2.74649715423584,1
2.1434197425842285,1
2.472395420074463,1
2.890165090560913,1
2.7113356590270996,1
2.2869648933410645,1
2.5157036781311035,1
2.6503448486328125,1
2.7079854011535645,1
2.7322885990142822,1
3.12141489982605,1
3.0732178688049316,1
2.1603899002075195,1
2.3064866065979004,1
2.883234977722168,1
2.14310884475708,1
3.2934041023254395,1
2.916435718536377,1
2.8266801834106445,1
3.3070552349090576,1
3.0605862140655518,1
1.921428918838501,1
3.772176742553711,1
2.9572973251342773,1
4.175487995147705,1
3.055642604827881,1
2.8658854961395264,1
2.416957378387451,1
4.296869277954102,1
2.890994071960449,1
2.8524606227874756,1
2.7536497116088867,1
2.895394802093506,1
3.165894031524658,1
3.0633184909820557,1
2.6904191970825195,1
2.775334358215332,1
3.0425710678100586,1
3.5158681869506836,1
2.858682632446289,1
2.9115028381347656,1
2.7105016708374023,1
2.8872663974761963,1
2.861004114151001,1
2.6334152221679688,1
4.471874237060547,1
2.907686948776245,1
2.87022066116333,1
2.94935941696167,1
2.649733543395996,1
2.625091075897217,1
2.664243698120117,1
2.470850944519043,1
2.9752159118652344,1
2.5806074142456055,1
2.69973087310791,1
2.915602922439575,1
2.366227149963379,1
3.1539926528930664,1
2.395190954208374,1
2.050973892211914,1
2.943240165710449,1
2.7519960403442383,1
2.4108452796936035,1
2.4296112060546875,1
2.4892311096191406,1
2.647768020629883,1
2.6116089820861816,1
3.4331490993499756,1
3.1571712493896484,1
2.675194263458252,1
2.604032516479492,1
2.9345598220825195,1
3.910715103149414,1
2.3754611015319824,1
3.3134706020355225,1
2.478980779647827,1
2.6500730514526367,1
2.588021993637085,1
6.364902973175049,1
2.767939329147339,1
3.021314859390259,1
2.281952142715454,1
2.424546718597412,1
3.0058817863464355,1
2.7483901977539063,1
3.1971256732940674,1
2.6095712184906006,1
2.9065093994140625,1
2.834242343902588,1
3.136848211288452,1
3.8587794303894043,1
2.5429301261901855,1
3.266961097717285,1
3.3031399250030518,1
2.8059163093566895,1
3.3410537242889404,1
2.6995489597320557,1
2.774937868118286,1
3.100287914276123,1
3.219402551651001,1
2.8840558528900146,1
2.297976493835449,1
2.714003324508667,1
3.156676769256592,1
2.5027756690979004,1
2.2161192893981934,1
2.525947332382202,1
3.1816253662109375,1
2.3070149421691895,1
2.668280601501465,1
1.9691193103790283,1
2.5653815269470215,1
3.0237772464752197,1
2.5817809104919434,1
2.670839786529541,1
2.7828311920166016,1
2.361379861831665,1
2.4026377201080322,1
2.892394542694092,1
2.534191131591797,1
2.9297709465026855,1
2.692920207977295,1
2.8434183597564697,1
3.3989644050598145,1
3.3153305053710938,1
2.9225802421569824,1
2.7689669132232666,1
2.5655031204223633,1
2.685243606567383,1
2.59716796875,1
3.1375341415405273,1
2.8190860748291016,1
2.6867549419403076,1
2.721651077270508,1
3.060307025909424,1
2.844968318939209,1
3.278627395629883,1
3.3473613262176514,1
2.8862643241882324,1
3.57810378074646,1
3.2863821983337402,1
3.3182263374328613,1
2.5975561141967773,1
2.7740602493286133,1
2.8624188899993896,1
2.758662700653076,1
3.4150445461273193,1
3.187749147415161,1
3.0879626274108887,1
3.2921390533447266,1
3.9745774269104004,1
2.990107297897339,1
3.0218684673309326,1
3.27893328666687,1
3.5091733932495117,1
2.9138197898864746,1
2.604257106781006,1
2.7143208980560303,1
3.0990962982177734,1
2.096574306488037,1
3.339643955230713,1
3.847398281097412,1
2.338310718536377,1
3.1413002014160156,1
3.6050000190734863,1
4.171494007110596,1
3.1165969371795654,1
2.9364235401153564,1
2.9875547885894775,1
3.318035364151001,1
2.813138723373413,1
3.191702365875244,1
4.25903844833374,1
2.793433666229248,1
4.00644063949585,1
3.0932366847991943,1
2.7068355083465576,1
3.712003231048584,1
2.750704288482666,1
3.24188232421875,1
2.5011675357818604,1
2.5999526977539063,1
1.851407527923584,1
3.1224894523620605,1
2.659095525741577,1
3.2314963340759277,1
2.5035243034362793,1
3.28165340423584,1
2.6758151054382324,1
2.999235153198242,1
2.8136630058288574,1
2.822968006134033,1
2.3987512588500977,1
2.692885398864746,1
3.3293964862823486,1
4.09688663482666,1
2.5934343338012695,1
2.2963764667510986,1
2.4175944328308105,1
3.131152629852295,1
2.381610631942749,1
2.747009515762329,1
2.8360161781311035,1
3.323906183242798,1
4.016287803649902,1
3.083063840866089,1
3.8326401710510254,1
2.5538105964660645,1
3.06208872795105,1
3.3727529048919678,1
3.4500861167907715,1
3.061441421508789,1
3.508039951324463,1
3.8022944927215576,1
2.917515277862549,1
3.4296512603759766,1
2.6204404830932617,1
2.7825565338134766,1
2.493643283843994,1
2.8792734146118164,1
2.5487570762634277,1
2.7901840209960938,1
2.5273385047912598,1
2.8713135719299316,1
2.8433475494384766,1
3.3558907508850098,1
2.8754799365997314,1
2.353118419647217,1
3.2187201976776123,1
3.3530025482177734,1
2.795557975769043,1
2.6111888885498047,1
1.9377145767211914,1
2.5421676635742188,1
2.851673126220703,1
2.5188918113708496,1
2.38873028755188,1
3.3081531524658203,1
3.122000217437744,1
3.284409284591675,1
1.835923433303833,1
3.73789644241333,1
2.3158860206604004,1
3.0667943954467773,1
2.7251522541046143,1
2.417625665664673,1
2.72524356842041,1
2.7397964000701904,1
2.505375385284424,1
2.8299386501312256,1
2.7907261848449707,1
2.89821720123291,1
2.927529811859131,1
2.5271167755126953,1
2.5942635536193848,1
2.8133342266082764,1
2.6366422176361084,1
3.2712831497192383,1
3.501845121383667,1
3.7628376483917236,1
2.8805651664733887,1
3.069641590118408,1
3.103306293487549,1
3.0656728744506836,1
2.6051619052886963,1
2.376793384552002,1
2.7942488193511963,1
2.8356480598449707,1
2.8551337718963623,1
2.4556984901428223,1
2.4647111892700195,1
2.0181987285614014,1
2.416379690170288,1
2.7727227210998535,1
4.061627388000488,1
3.3619589805603027,1
2.4627737998962402,1
2.7904839515686035,1
3.061743974685669,1
2.383073329925537,1
3.224499225616455,1
1.991976022720337,1
3.1186437606811523,1
2.740180253982544,1
2.973236560821533,1
2.624067783355713,1
2.3272972106933594,1
2.6194844245910645,1
2.950198173522949,1
3.3544301986694336,1
3.307373046875,1
2.8211159706115723,1
2.326535701751709,1
2.9396986961364746,1
3.1601667404174805,1
3.1343789100646973,1
3.15866756439209,1
3.179079055786133,1
2.0113582611083984,1
3.9648661613464355,1
2.5872650146484375,1
2.6320552825927734,1
2.2279131412506104,1
3.574263572692871,1
1.8915188312530518,1
2.509915590286255,1
2.7305808067321777,1
2.3663840293884277,1
2.438035726547241,1
2.9847989082336426,1
3.1302125453948975,1
3.002138614654541,1
2.7462306022644043,1
2.9794554710388184,1
3.272225856781006,1
3.598724603652954,1
2.3398633003234863,1
3.0182814598083496,1
5.245965003967285,1
2.8608903884887695,1
2.6923952102661133,1
3.419135808944702,1
2.986095905303955,1
2.8456828594207764,1
2.422962188720703,1
2.9924046993255615,1
3.289731025695801,1
3.168017864227295,1
2.850762128829956,1
2.7752671241760254,1
2.467275857925415,1
2.5270025730133057,1
3.128917694091797,1
3.9196407794952393,1
2.607813835144043,1
2.653940200805664,1
2.2537877559661865,1
2.508234739303589,1
4.033541679382324,1
2.7814338207244873,1
1.9766240119934082,1
2.6780519485473633,1
3.005199432373047,1
2.9625182151794434,1
2.9884817600250244,1
2.8297226428985596,1
4.408821105957031,1
4.269793510437012,1
3.056255578994751,1
3.0067148208618164,1
2.6831841468811035,1
2.511014938354492,1
3.6387388706207275,1
2.9173226356506348,1
4.573829650878906,1
4.012019157409668,1
3.6535909175872803,1
3.6947977542877197,1
3.4245314598083496,1
3.5023908615112305,1
3.5918726921081543,1
3.171262264251709,1
3.3196210861206055,1
2.4449257850646973,1
3.484908103942871,1
3.906249761581421,1
2.0779917240142822,1
2.4268243312835693,1
3.4603395462036133,1
2.8280787467956543,1
3.441606044769287,1
2.762439727783203,1
3.299088954925537,1
2.744962692260742,1
3.208724021911621,1
2.696561813354492,1
3.042728900909424,1
3.232088088989258,1
3.1950738430023193,1
3.1095130443573,1
3.1668128967285156,1
2.8617515563964844,1
3.362849473953247,1
3.2636914253234863,1
2.824747085571289,1
2.6662886142730713,1
2.406733989715576,1
3.141122817993164,1
2.9636240005493164,1
2.999316453933716,1
2.5080337524414063,1
2.0078182220458984,1
1.9358041286468506,1
2.7396926879882813,1
3.841766119003296,1
2.733469009399414,1
2.7518062591552734,1
3.137176752090454,1
2.2745022773742676,1
2.9248666763305664,1
2.6392555236816406,1
2.193347692489624,1
2.363382339477539,1
3.2615997791290283,1
3.319322109222412,1
3.031060218811035,1
2.9344611167907715,1
2.5256505012512207,1
3.2500507831573486,1
2.6691696643829346,1
2.5489354133605957,1
2.2583529949188232,1
3.4214911460876465,1
2.4113125801086426,1
3.9357473850250244,1
2.9562418460845947,1
2.762451171875,1
2.5218803882598877,1
2.895287036895752,1
2.287240982055664,1
2.4744503498077393,1
2.7715022563934326,1
2.7576591968536377,1
2.838865280151367,1
4.0803632736206055,1
3.520015239715576,1
2.695375680923462,1
2.8429956436157227,1
2.414933681488037,1
2.1736583709716797,1
2.3115901947021484,1
2.2361080646514893,1
1.944352388381958,1
2.7286548614501953,1
4.574373245239258,1
2.339961051940918,1
3.081157684326172,1
2.7709784507751465,1
2.264646530151367,1
2.5889596939086914,1
2.983865737915039,1
2.6877832412719727,1
3.172585964202881,1
2.6042234897613525,1
2.468665599822998,1
2.432037115097046,1
2.2459964752197266,1
2.935213565826416,1
1.869817852973938,1
3.5872278213500977,1
3.192310333251953,1
2.4343740940093994,1
2.5827035903930664,1
2.6618075370788574,1
3.61116099357605,1
3.9886302947998047,1
3.3201756477355957,1
4.138166427612305,1
3.0135955810546875,1
2.8318841457366943,1
3.4849700927734375,1
2.3483920097351074,1
2.6832947731018066,1
2.937337636947632,1
3.4202451705932617,1
2.9882540702819824,1
2.1704139709472656,1
3.214693069458008,1
3.0517497062683105,1
2.356914758682251,1
2.466825008392334,1
2.6617116928100586,1
2.555075168609619,1
3.1158041954040527,1
2.1101789474487305,1
3.646385669708252,1
4.031549453735352,1
3.196259021759033,1
3.1257050037384033,1
3.4526846408843994,1
3.6358938217163086,1
3.047074317932129,1
3.7091431617736816,1
3.537271499633789,1
3.55471134185791,1
2.4045252799987793,1
2.7890539169311523,1
2.3772640228271484,1
3.1900410652160645,1
2.701460123062134,1
2.821014642715454,1
3.4068188667297363,1
3.118896961212158,1
2.8987808227539063,1
2.83888840675354,1
2.783459186553955,1
2.9842920303344727,1
2.921940565109253,1
2.786327362060547,1
2.6099114418029785,1
2.701141357421875,1
2.1477270126342773,1
3.2701423168182373,1
2.4703266620635986,1
2.8389668464660645,1
2.4177465438842773,1
2.6934473514556885,1
2.372164487838745,1
2.528397560119629,1
2.399890422821045,1
2.9663960933685303,1
2.074143886566162,1
3.105851411819458,1
2.9580838680267334,1
2.2981200218200684,1
2.492189884185791,1
2.519906520843506,1
3.0882606506347656,1
2.953468084335327,1
3.2932419776916504,1
2.5056633949279785,1
2.6916847229003906,1
2.500117301940918,1
3.559422492980957,1
3.774329662322998,1
2.9450645446777344,1
4.845179557800293,1
2.445283889770508,1
3.696542263031006,1
4.188597202301025,1
2.767270088195801,1
3.6316637992858887,1
2.898460865020752,1
3.332322597503662,1
3.220399856567383,1
3.897318124771118,1
4.148315906524658,1
3.671210289001465,1
3.045051097869873,1
3.1554527282714844,1
3.840487241744995,1
3.5623393058776855,1
3.549827814102173,1
3.8342738151550293,1
2.980215072631836,1
3.682269811630249,1
3.2781972885131836,1
3.1967673301696777,1
3.286137580871582,1
3.874765396118164,1
3.4491829872131348,1
3.8577675819396973,1
3.5781235694885254,1
4.442667007446289,1
3.7762038707733154,1
4.417140960693359,1
3.851118803024292,1
3.362278461456299,1
3.5403404235839844,1
3.9675545692443848,1
4.670087814331055,1
3.839796543121338,1
3.803386688232422,1
3.719639539718628,1
3.5174684524536133,1
3.813312292098999,1
3.89473032951355,1
3.219207286834717,1
3.893126964569092,1
3.334669589996338,1
3.1308059692382813,1
3.471501350402832,1
3.9979658126831055,1
3.74800968170166,1
2.808274269104004,1
3.5235185623168945,1
3.498558282852173,1
3.171173572540283,1
3.3402276039123535,1
3.383906364440918,1
2.5564956665039063,1
2.8882102966308594,1
2.718729257583618,1
2.602311134338379,1
2.4303855895996094,1
2.9194679260253906,1
3.037961483001709,1
3.2510299682617188,1
2.7342658042907715,1
3.1581342220306396,1
3.1839771270751953,1
3.1478188037872314,1
3.213017463684082,1
2.514690399169922,1
3.6712493896484375,1
3.544240951538086,1
3.3615469932556152,1
4.405245304107666,1
3.5425548553466797,1
2.933314085006714,1
3.8375344276428223,1
3.634063243865967,1
3.295637607574463,1
3.712794303894043,1
3.1273512840270996,1
2.9358274936676025,1
3.0239763259887695,1
3.1169421672821045,1
2.8912317752838135,1
5.419904708862305,1
3.4250833988189697,1
2.803924560546875,1
2.6017885208129883,1
3.139878511428833,1
2.718172073364258,1
3.7494053840637207,1
3.449219226837158,1
3.496375799179077,1
3.122849225997925,1
2.5894057750701904,1
3.564016342163086,1
2.3941407203674316,1
3.5592586994171143,1
3.7923290729522705,1
2.4892709255218506,1
2.203807830810547,1
3.030339241027832,1
2.930966854095459,1
2.6281466484069824,1
2.73844838142395,1
2.569791793823242,1
3.2332897186279297,1
2.2424612045288086,1
2.723869800567627,1
3.0225861072540283,1
2.595320701599121,1
3.039947032928467,1
3.594338893890381,1
2.766724109649658,1
2.27642822265625,1
2.919645309448242,1
3.4418654441833496,1
3.0916576385498047,1
3.3161377906799316,1
2.2611522674560547,1
3.057907819747925,1
2.8061039447784424,1
2.064013957977295,1
2.3385746479034424,1
2.1473324298858643,1
2.2257888317108154,1
3.1120548248291016,1
3.7054643630981445,1
3.211482286453247,1
2.8401057720184326,1
2.9451494216918945,1
2.519970417022705,1
3.2463326454162598,1
2.8189327716827393,1
2.3324973583221436,1
2.370941162109375,1
2.662848949432373,1
2.52884578704834,1
2.2511467933654785,1
3.491438627243042,1
2.9222500324249268,1
3.2431411743164063,1
2.5063681602478027,1
3.0579833984375,1
2.8586783409118652,1
2.3303959369659424,1
2.5906436443328857,1
2.5784318447113037,1
2.706523895263672,1
2.9764859676361084,1
2.889681339263916,1
3.3500471115112305,1
2.3375444412231445,1
2.1594104766845703,1
3.3936753273010254,1
3.5149359703063965,1
3.25942325592041,1
2.4550838470458984,1
3.5932023525238037,1
1.9877673387527466,1
3.8311767578125,1
4.159588813781738,1
4.026764869689941,1
4.276874542236328,1
3.8582682609558105,1
3.9690706729888916,1
3.8045592308044434,1
3.159261703491211,1
4.008063316345215,1
3.4565682411193848,1
2.884977340698242,1
3.7061023712158203,1
4.503400802612305,1
3.5546979904174805,1
2.919431447982788,1
2.8869848251342773,1
2.637315273284912,1
2.693288803100586,1
3.4112818241119385,1
4.000596046447754,1
3.240216016769409,1
3.2282280921936035,1
4.395942687988281,1
2.753587245941162,1
3.216069221496582,1
3.38010311126709,1
4.0360918045043945,1
2.63291597366333,1
4.033348083496094,1
2.6505327224731445,1
2.8959484100341797,1
3.044314384460449,1
3.1619625091552734,1
3.4281411170959473,1
4.364614963531494,1
3.3578858375549316,1
3.376936197280884,1
2.9249210357666016,1
3.201007843017578,1
3.1388778686523438,1
3.2004964351654053,1
3.1677258014678955,1
3.0404703617095947,1
2.769429922103882,1
3.5691676139831543,1
2.7791647911071777,1
4.0714616775512695,1
2.508342742919922,1
3.1375532150268555,1
3.344900131225586,1
2.7828376293182373,1
2.9198715686798096,1
3.393747329711914,1
3.4524054527282715,1
3.683990001678467,1
3.7613561153411865,1
4.03216552734375,1
3.653644561767578,1
3.373863935470581,1
3.2485885620117188,1
3.208122968673706,1
3.8045661449432373,1
2.1590702533721924,1
2.383930206298828,1
2.3727407455444336,1
2.7286629676818848,1
2.887220859527588,1
2.3965697288513184,1
2.685575008392334,1
2.770521640777588,1
3.712406635284424,1
2.7105448246002197,1
2.7079265117645264,1
3.118063449859619,1
3.0235648155212402,1
2.5480666160583496,1
2.939366340637207,1
2.7607312202453613,1
2.772686004638672,1
3.0456032752990723,1
3.180629253387451,1
2.5087032318115234,1
2.362579584121704,1
2.8851099014282227,1
3.605557918548584,1
1.9472087621688843,1
2.425097942352295,1
2.237203598022461,1
2.387801170349121,1
2.506293773651123,1
2.7463088035583496,1
2.872983455657959,1
2.9456024169921875,1
3.3504395484924316,1
3.2421393394470215,1
3.2776296138763428,1
2.8909189701080322,1
2.6328659057617188,1
3.0832183361053467,1
2.830925703048706,1
2.22994327545166,1
3.704723834991455,1
2.886007308959961,1
2.934375762939453,1
2.707256317138672,1
2.767195701599121,1
2.7675728797912598,1
2.2764666080474854,1
3.0418601036071777,1
2.8893485069274902,1
2.567357063293457,1
2.7306571006774902,1
2.5892605781555176,1
2.939453125,1
2.965477466583252,1
2.706562042236328,1
2.377509117126465,1
2.9525179862976074,1
2.141439437866211,1
2.949692487716675,1
2.5057547092437744,1
1.6468783617019653,1
2.030001163482666,1
3.750211715698242,1
2.4869256019592285,1
2.4588255882263184,1
2.361497163772583,1
2.853024482727051,1
2.717236042022705,1
2.4892168045043945,1
1.773390531539917,1
2.696263313293457,1
3.3670854568481445,1
2.5910654067993164,1
2.0584487915039063,1
3.1085500717163086,1
3.1840217113494873,1
2.824930191040039,1
2.8254969120025635,1
2.6492063999176025,1
2.235212564468384,1
2.881124496459961,1
2.5770745277404785,1
3.3202760219573975,1
2.6324357986450195,1
3.0676703453063965,1
2.605632781982422,1
2.8607425689697266,1
1.6391133069992065,1
3.4699530601501465,1
2.525702953338623,1
3.342686653137207,1
2.306539535522461,1
2.966146469116211,1
3.687978982925415,1
3.214961290359497,1
3.5227575302124023,1
4.020225524902344,1
3.414656639099121,1
2.794210195541382,1
2.8896121978759766,1
3.292712450027466,1
3.0471932888031006,1
5.554486274719238,1
3.52685546875,1
2.8069663047790527,1
2.897010326385498,1
2.766857385635376,1
2.2662267684936523,1
2.7225756645202637,1
3.15114164352417,1
2.9288291931152344,1
4.416362762451172,1
2.5584545135498047,1
2.58304500579834,1
2.9771037101745605,1
3.5327467918395996,1
2.6031436920166016,1
2.7458086013793945,1
2.6244845390319824,1
2.735790729522705,1
4.483924388885498,1
1.8650351762771606,1
2.5504558086395264,1
2.2115190029144287,1
2.958423376083374,1
3.2578635215759277,1
2.897484540939331,1
2.960606575012207,1
3.414346218109131,1
3.1918795108795166,1
3.486515522003174,1
2.689638137817383,1
3.105198860168457,1
3.5447559356689453,1
2.9453306198120117,1
2.731691598892212,1
2.0851564407348633,1
3.1828997135162354,1
2.938141345977783,1
2.9506402015686035,1
2.8412015438079834,1
3.262740135192871,1
2.671358823776245,1
2.342040538787842,1
2.3671419620513916,1
3.2386982440948486,1
2.8376364707946777,1
2.2949671745300293,1
3.0515809059143066,1
3.194960594177246,1
2.836327314376831,1
2.8212790489196777,1
3.341127872467041,1
2.3535985946655273,1
3.159966230392456,1
2.6577773094177246,1
2.860138416290283,1
2.46762752532959,1
2.8499579429626465,1
2.813955307006836,1
2.387152910232544,1
2.560229778289795,1
3.1712722778320313,1
2.870352268218994,1
3.183539867401123,1
2.6284892559051514,1
3.0183234214782715,1
3.4770920276641846,1
2.9926953315734863,1
3.80692982673645,1
3.2436485290527344,1
2.144122362136841,1
2.365462303161621,1
3.0854978561401367,1
2.8519084453582764,1
2.8760855197906494,1
2.6692771911621094,1
2.454031467437744,1
2.5168800354003906,1
2.542361259460449,1
2.1491217613220215,1
2.6654326915740967,1
2.7133188247680664,1
5.864042282104492,1
2.4086062908172607,1
2.4713127613067627,1
3.039811611175537,1
2.913334846496582,1
2.8857216835021973,1
2.417853832244873,1
2.9153614044189453,1
2.0125162601470947,1
2.67492413520813,1
3.1235461235046387,1
3.490328788757324,1
2.995298385620117,1
2.777965545654297,1
3.8328804969787598,1
3.195983409881592,1
3.2112128734588623,1
2.697909355163574,1
2.368063449859619,1
3.590561866760254,1
3.7794015407562256,1
2.3284754753112793,1
2.636296272277832,1
2.1840274333953857,1
2.897429943084717,1
2.798727035522461,1
2.3079416751861572,1
2.8483505249023438,1
2.5640509128570557,1
2.823364734649658,1
3.1663002967834473,1
2.436746835708618,1
2.762352466583252,1
3.639542579650879,1
2.9267520904541016,1
2.9823708534240723,1
3.0539064407348633,1
2.9968323707580566,1
2.22641658782959,1
2.345449686050415,1
2.9011337757110596,1
3.620445728302002,1
3.801393985748291,1
2.9437384605407715,1
1.6745457649230957,1
2.918952703475952,1
3.4524171352386475,1
2.67257022857666,1
2.4166245460510254,1
2.902735710144043,1
2.936037540435791,1
2.2247023582458496,1
2.782355785369873,1
3.449364185333252,1
3.8741378784179688,1
3.5967345237731934,1
3.1252963542938232,1
3.299941301345825,1
2.5404245853424072,1
3.657496213912964,1
4.314129829406738,1
3.522214889526367,1
3.5889840126037598,1
3.3391919136047363,1
3.5991873741149902,1
2.525029182434082,1
2.997429847717285,1
3.5434226989746094,1
2.4818739891052246,1
2.7738988399505615,1
2.5256645679473877,1
2.6176674365997314,1
2.782909393310547,1
3.6460351943969727,1
3.2878103256225586,1
3.459704637527466,1
3.502779960632324,1
2.654448986053467,1
2.877532482147217,1
3.84604549407959,1
2.8952856063842773,1
2.625185489654541,1
3.094141960144043,1
2.4708452224731445,1
2.970586061477661,1
2.7090001106262207,1
3.090883731842041,1
2.2287545204162598,1
2.907693862915039,1
3.241384506225586,1
3.0526347160339355,1
2.8224282264709473,1
3.4282631874084473,1
3.211855888366699,1
2.835404872894287,1
2.9077484607696533,1
2.6067748069763184,1
2.2578134536743164,1
2.540525436401367,1
2.5481696128845215,1
2.466503858566284,1
2.5302486419677734,1
3.872805595397949,1
3.0467138290405273,1
3.0624148845672607,1
3.3086917400360107,1
3.080643892288208,1
2.993426561355591,1
2.4666507244110107,1
3.112074375152588,1
3.1425743103027344,1
2.469980239868164,1
2.9014482498168945,1
2.7900586128234863,1
2.464679718017578,1
2.216966390609741,1
3.547900915145874,1
2.6483235359191895,1
2.675553798675537,1
3.9738056659698486,1
3.5738956928253174,1
4.344007968902588,1
3.2801852226257324,1
3.0738525390625,1
1.8702592849731445,1
2.890463352203369,1
2.526047706604004,1
2.6471238136291504,1
3.3156254291534424,1
2.304978847503662,1
2.642327070236206,1
2.496645212173462,1
2.283769130706787,1
2.509953498840332,1
2.690699577331543,1
2.7325279712677,1
2.3760733604431152,1
2.966240882873535,1
2.6722841262817383,1
2.3477864265441895,1
3.079150438308716,1
3.1298701763153076,1
2.653866767883301,1
2.8463220596313477,1
2.420868396759033,1
2.6089844703674316,1
2.8686516284942627,1
2.274810314178467,1
2.455242395401001,1
2.876049041748047,1
2.358776092529297,1
2.774840831756592,1
2.720149517059326,1
2.863966464996338,1
2.606572389602661,1
2.5136771202087402,1
2.776402711868286,1
3.8627328872680664,1
3.218381881713867,1
2.93239164352417,1
2.850614070892334,1
2.2133889198303223,1
2.689775228500366,1
2.6265172958374023,1
2.6600027084350586,1
3.264810085296631,1
2.248716354370117,1
4.034801483154297,1
2.5890183448791504,1
2.4568188190460205,1
2.462761878967285,1
2.8210549354553223,1
2.8216168880462646,1
2.899637222290039,1
2.8177263736724854,1
2.3994758129119873,1
2.992215633392334,1
2.850956678390503,1
2.850433349609375,1
3.8476850986480713,1
3.0508108139038086,1
2.6633896827697754,1
2.4240214824676514,1
3.242182731628418,1
2.5816807746887207,1
2.821535587310791,1
3.0437171459198,1
2.8752899169921875,1
2.330791473388672,1
2.1626243591308594,1
2.5325353145599365,1
2.229290008544922,1
2.3193130493164063,1
2.0524678230285645,1
2.7794437408447266,1
2.474968910217285,1
1.8812729120254517,1
2.092421531677246,1
3.1359496116638184,1
2.742779016494751,1
2.7255139350891113,1
2.9762561321258545,1
3.1096253395080566,1
3.2111544609069824,1
3.1810364723205566,1
2.8624582290649414,1
2.627991199493408,1
2.6258633136749268,1
2.8656153678894043,1
2.2636780738830566,1
3.0795559883117676,1
3.6676173210144043,1
3.6374855041503906,1
3.2038497924804688,1
3.4085841178894043,1
3.08416485786438,1
3.919572591781616,1
3.0400590896606445,1
2.2586255073547363,1
2.81783390045166,1
3.287522077560425,1
2.3418922424316406,1
3.1659977436065674,1
2.925323724746704,1
2.934532403945923,1
2.337897300720215,1
3.105581283569336,1
3.4967894554138184,1
2.7608633041381836,1
2.550727128982544,1
2.143939733505249,1
2.6081795692443848,1
2.458287239074707,1
2.5125606060028076,1
3.279263973236084,1
2.5063724517822266,1
2.923022747039795,1
2.5453169345855713,1
1.8502342700958252,1
1.8233859539031982,1
2.1664559841156006,1
2.5398447513580322,1
2.58577823638916,1
2.382175922393799,1
2.8860726356506348,1
2.1110105514526367,1
2.888448715209961,1
2.9946703910827637,1
2.9436068534851074,1
2.2627971172332764,1
3.592524766921997,1
2.3012466430664063,1
2.081650495529175,1
3.1337127685546875,1
2.5294575691223145,1
2.805087089538574,1
2.401921272277832,1
3.01908016204834,1
2.466343641281128,1
2.6020193099975586,1
2.294365882873535,1
3.215095043182373,1
3.55698823928833,1
3.6812543869018555,1
3.6870789527893066,1
2.3176345825195313,1
3.6539618968963623,1
3.509899377822876,1
2.8615550994873047,1
2.8316330909729004,1
3.1081960201263428,1
2.945162057876587,1
2.506114959716797,1
2.6309022903442383,1
2.7267205715179443,1
4.498317241668701,1
2.677039623260498,1
2.508653402328491,1
2.4795897006988525,1
2.999113082885742,1
2.4866580963134766,1
3.3971338272094727,1
2.4374210834503174,1
3.544217109680176,1
2.690937042236328,1
2.3914601802825928,1
2.2310595512390137,1
3.1524901390075684,1
2.754000663757324,1
3.9746525287628174,1
2.987438678741455,1
3.718564987182617,1
3.131868362426758,1
2.5040202140808105,1
2.7184159755706787,1
3.7847189903259277,1
3.101703643798828,1
4.011263847351074,1
3.3910374641418457,1
3.1617014408111572,1
3.4298434257507324,1
3.1309852600097656,1
3.402158737182617,1
3.0552868843078613,1
3.4923317432403564,1
2.203443765640259,1
2.106309413909912,1
2.607361316680908,1
3.0085434913635254,1
2.4816293716430664,1
2.126561164855957,1
2.631092071533203,1
3.26530122756958,1
3.045006036758423,1
3.3269901275634766,1
2.6355886459350586,1
2.9906375408172607,1
2.5127065181732178,1
3.1395421028137207,1
2.508859872817993,1
2.198136806488037,1
2.7369041442871094,1
2.8042564392089844,1
2.8730294704437256,1
3.149766206741333,1
3.0906991958618164,1
2.475212574005127,1
2.30165696144104,1
3.132958173751831,1
2.8300108909606934,1
3.4203484058380127,1
2.1820690631866455,1
2.561108112335205,1
2.6023056507110596,1
3.4830617904663086,1
2.908759593963623,1
2.4347305297851563,1
2.842555522918701,1
3.1733994483947754,1
2.8191380500793457,1
3.338136672973633,1
2.6194024085998535,1
2.5704073905944824,1
3.270444869995117,1
3.0006370544433594,1
2.667295455932617,1
2.9018051624298096,1
3.376272678375244,1
2.4034433364868164,1
2.498649835586548,1
2.7863519191741943,1
3.6347780227661133,1
2.3860864639282227,1
2.0362768173217773,1
3.033050537109375,1
2.470799446105957,1
2.4334259033203125,1
2.738880157470703,1
2.916229724884033,1
3.529541254043579,1
3.311656951904297,1
2.4773507118225098,1
3.1449501514434814,1
2.7197184562683105,1
3.1254258155822754,1
3.0766501426696777,1
2.1197521686553955,1
2.7536520957946777,1
3.4264092445373535,1
2.710354804992676,1
3.4661190509796143,1
2.6882829666137695,1
3.110167980194092,1
3.0477824211120605,1
2.9848837852478027,1
2.657548427581787,1
2.4746828079223633,1
3.0263471603393555,1
2.568596839904785,1
2.6809418201446533,1
2.4105443954467773,1
3.0370850563049316,1
2.883413076400757,1
2.1847589015960693,1
2.250243663787842,1
2.4071850776672363,1
2.4558310508728027,1
2.9007139205932617,1
2.747466564178467,1
2.0943198204040527,1
2.2327373027801514,1
2.560868263244629,1
3.061124563217163,1
2.9448390007019043,1
2.3214333057403564,1
2.4052960872650146,1
3.669107437133789,1
2.3189141750335693,1
2.514583110809326,1
3.1924972534179688,1
3.2487740516662598,1
5.004622459411621,1
2.4550602436065674,1
2.901252031326294,1
2.984168767929077,1
3.0005314350128174,1
3.027529716491699,1
3.104292392730713,1
3.7095417976379395,1
3.907956838607788,1
2.3874197006225586,1
2.5819780826568604,1
2.5255985260009766,1
2.540801525115967,1
2.6698098182678223,1
3.4273147583007813,1
2.7049670219421387,1
2.73197078704834,1
2.2798712253570557,1
2.459425926208496,1
2.5179224014282227,1
2.4566359519958496,1
2.9902660846710205,1
2.8195085525512695,1
3.0198371410369873,1
2.957655906677246,1
3.341482639312744,1
2.891852378845215,1
3.5897369384765625,1
3.1691231727600098,1
3.3145203590393066,1
3.5412635803222656,1
3.9294891357421875,1
3.86439847946167,1
3.5496292114257813,1
2.674355983734131,1
3.4827795028686523,1
3.2950353622436523,1
3.6059014797210693,1
3.0246171951293945,1
2.761040449142456,1
3.3236947059631348,1
2.7096660137176514,1
2.3265132904052734,1
2.609441041946411,1
2.8472061157226563,1
2.59651517868042,1
3.4664905071258545,1
3.10024094581604,1
2.3012640476226807,1
2.9326047897338867,1
2.6316099166870117,1
2.459791898727417,1
2.5610148906707764,1
3.6382622718811035,1
3.3694961071014404,1
2.5223307609558105,1
2.937264919281006,1
3.2068395614624023,1
2.565051555633545,1
2.8444199562072754,1
2.9474616050720215,1
3.9231338500976563,1
3.3533718585968018,1
2.435271739959717,1
2.143570899963379,1
3.102729082107544,1
3.100428819656372,1
2.965261459350586,1
3.0184223651885986,1
2.3083412647247314,1
2.1594624519348145,1
2.2966651916503906,1
2.476072311401367,1
2.938939094543457,1
2.5546011924743652,1
2.6720809936523438,1
2.2483625411987305,1
2.4922871589660645,1
2.15948224067688,1
3.132607936859131,1
2.7766573429107666,1
3.5807456970214844,1
2.976853847503662,1
2.706183910369873,1
2.9602339267730713,1
2.8223938941955566,1
3.2762532234191895,1
2.6852688789367676,1
2.873044967651367,1
2.550062894821167,1
3.850741147994995,1
3.520030975341797,1
3.116453170776367,1
3.490297317504883,1
3.447035789489746,1
3.4591684341430664,1
2.8081681728363037,1
3.199653387069702,1
3.221897602081299,1
2.528347969055176,1
2.621922016143799,1
3.0692405700683594,1
3.6890296936035156,1
3.5081000328063965,1
2.6655666828155518,1
2.567474842071533,1
3.214596748352051,1
2.219407320022583,1
3.286562442779541,1
2.9536306858062744,1
3.936016798019409,1
3.029378652572632,1
3.36601185798645,1
3.211526870727539,1
3.395235776901245,1
2.4367871284484863,1
2.36287784576416,1
2.3910903930664063,1
2.685079574584961,1
2.5734665393829346,1
2.2488443851470947,1
2.3832740783691406,1
2.712324619293213,1
2.444706439971924,1
2.3341541290283203,1
2.5724005699157715,1
2.947007894515991,1
2.9819507598876953,1
3.167163372039795,1
2.711789846420288,1
3.6500535011291504,1
2.4545793533325195,1
2.579815626144409,1
2.652881622314453,1
3.354745864868164,1
3.3744101524353027,1
3.0967984199523926,1
3.2879533767700195,1
2.9646925926208496,1
2.9678611755371094,1
3.5738773345947266,1
2.9776828289031982,1
3.527621030807495,1
4.168210029602051,1
4.197300910949707,1
3.375767469406128,1
2.574167013168335,1
2.8916015625,1
3.384037494659424,1
2.8737733364105225,1
2.4886913299560547,1
3.8592329025268555,1
3.533226490020752,1
3.4151997566223145,1
2.289673328399658,1
3.3287529945373535,1
2.3485870361328125,1
2.436906337738037,1
3.507412910461426,1
3.2883005142211914,1
2.8128294944763184,1
3.0341362953186035,1
3.038835048675537,1
2.603790760040283,1
2.8097288608551025,1
2.5467653274536133,1
3.393746852874756,1
4.830032825469971,1
2.3681015968322754,1
2.7119688987731934,1
3.2369980812072754,1
2.415863037109375,1
2.7031235694885254,1
2.875014305114746,1
2.850597381591797,1
3.0551977157592773,1
1.9205094575881958,1
3.024261474609375,1
2.321272373199463,1
2.8038718700408936,1
3.166203260421753,1
2.9399876594543457,1
3.351872444152832,1
2.901663303375244,1
3.5372631549835205,1
3.6890063285827637,1
3.071434736251831,1
3.2488324642181396,1
3.594515562057495,1
3.4835703372955322,1
3.3722853660583496,1
3.420382022857666,1
3.2062265872955322,1
3.3818960189819336,1
3.125859498977661,1
2.8657402992248535,1
3.112740993499756,1
2.9308741092681885,1
3.9356067180633545,1
3.010406970977783,1
2.6906023025512695,1
2.1974029541015625,1
3.1007180213928223,1
3.5941762924194336,1
2.6137001514434814,1
2.5748562812805176,1
3.3925271034240723,1
3.902468681335449,1
2.895850658416748,1
3.7655985355377197,1
2.5705723762512207,1
3.9260501861572266,1
3.5327863693237305,1
3.059361457824707,1
3.698143482208252,1
3.144502878189087,1
3.4911916255950928,1
2.6554079055786133,1
3.6050968170166016,1
5.172915458679199,1
5.368932723999023,1
4.770585060119629,1
3.461852550506592,1
3.081408977508545,1
3.32544207572937,1
3.05966854095459,1
3.2582199573516846,1
3.9680166244506836,1
3.062790870666504,1
3.411494731903076,1
2.912278175354004,1
3.2251205444335938,1
3.232990264892578,1
2.747382640838623,1
3.6101016998291016,1
3.6398985385894775,1
3.5709228515625,1
3.2752180099487305,1
2.923830509185791,1
2.6863420009613037,1
3.5542047023773193,1
3.1819708347320557,1
2.8273706436157227,1
3.6603078842163086,1
2.9755759239196777,1
2.9899420738220215,1
3.3244409561157227,1
3.660229206085205,1
3.271757125854492,1
2.8386106491088867,1
3.458873987197876,1
2.992922306060791,1
2.7611799240112305,1
2.890624761581421,1
2.6289942264556885,1
2.5386219024658203,1
2.9327352046966553,1
2.887810707092285,1
3.5943517684936523,1
2.855666160583496,1
3.324580669403076,1
3.137874126434326,1
3.3343591690063477,1
3.180929183959961,1
3.0943331718444824,1
3.3068745136260986,1
3.181323766708374,1
2.5753166675567627,1
3.233623504638672,1
3.0406503677368164,1
3.3987412452697754,1
2.7418477535247803,1
3.337765693664551,1
3.657106876373291,1
3.726602077484131,1
3.391751289367676,1
4.116856575012207,1
3.4939255714416504,1
3.902707815170288,1
3.0377731323242188,1
2.884186267852783,1
3.4277236461639404,1
3.199465751647949,1
2.672524929046631,1
2.563969850540161,1
2.4609055519104004,1
3.1858561038970947,1
3.8424272537231445,1
2.7971487045288086,1
2.3894100189208984,1
2.8327279090881348,1
3.149771213531494,1
2.9282705783843994,1
2.628700017929077,1
2.1552908420562744,1
2.637385129928589,1
2.2821946144104004,1
2.9898605346679688,1
2.50042986869812,1
2.4412612915039063,1
2.7292239665985107,1
2.403762102127075,1
2.2085673809051514,1
3.3149123191833496,1
2.7089595794677734,1
3.590116500854492,1
3.104905843734741,1
2.948972225189209,1
2.3036160469055176,1
3.384859085083008,1
3.2499217987060547,1
3.164480209350586,1
2.7508325576782227,1
2.9082770347595215,1
3.006887912750244,1
3.007239818572998,1
1.5051350593566895,1
2.3772714138031006,1
3.1274027824401855,1
3.5978424549102783,1
2.591744899749756,1
2.534046173095703,1
2.486572742462158,1
3.0373101234436035,1
4.332937240600586,1
2.859170913696289,1
3.288438558578491,1
2.776848793029785,1
2.9849178791046143,1
3.1401541233062744,1
3.3411059379577637,1
3.33750057220459,1
2.60221791267395,1
2.9829249382019043,1
3.0619845390319824,1
2.9563727378845215,1
2.649663209915161,1
3.595771551132202,1
2.4775052070617676,1
2.5651049613952637,1
3.2703237533569336,1
2.5489368438720703,1
2.854996919631958,1
4.140728950500488,1
2.6890511512756348,1
2.5887250900268555,1
3.0679941177368164,1
2.3971481323242188,1
2.500739097595215,1
2.3443565368652344,1
2.740684986114502,1
2.845043897628784,1
4.553627967834473,1
2.7725555896759033,1
2.4228243827819824,1
3.001453399658203,1
3.305266857147217,1
2.661534070968628,1
2.7776684761047363,1
2.803868532180786,1
3.550848960876465,1
3.692094326019287,1
2.4313364028930664,1
3.454340934753418,1
3.0267066955566406,1
3.4045815467834473,1
2.7963969707489014,1
2.6197688579559326,1
2.8668718338012695,1
3.4024808406829834,1
3.1952943801879883,1
3.4744949340820313,1
2.376800537109375,1
3.0970492362976074,1
3.5902228355407715,1
2.312833070755005,1
2.5976948738098145,1
2.6736230850219727,1
3.190849542617798,1
3.1327106952667236,1
2.3092072010040283,1
3.3561136722564697,1
2.142256498336792,1
3.1569416522979736,1
2.766082286834717,1
3.3480477333068848,1
3.3118081092834473,1
2.5343713760375977,1
2.873945951461792,1
2.4062650203704834,1
2.815687656402588,1
2.6077702045440674,1
2.708644390106201,1
3.42905855178833,1
2.370067834854126,1
2.978700876235962,1
3.1142702102661133,1
3.218043088912964,1
2.9395081996917725,1
2.9223358631134033,1
4.120854377746582,1
3.5312392711639404,1
3.1383938789367676,1
2.954451560974121,1
2.6086227893829346,1
2.715214252471924,1
2.387709140777588,1
3.09769344329834,1
3.1115164756774902,1
2.8828248977661133,1
3.2693467140197754,1
2.860612630844116,1
3.1024136543273926,1
2.195507049560547,1
2.504500389099121,1
3.3164639472961426,1
4.443000793457031,1
2.763624906539917,1
3.027886152267456,1
2.921710729598999,1
3.0311741828918457,1
2.839223861694336,1
2.7669639587402344,1
3.015768051147461,1
4.004824161529541,1
4.078627586364746,1
3.1379361152648926,1
2.5722086429595947,1
3.8465466499328613,1
3.149820327758789,1
3.4171836376190186,1
2.7483062744140625,1
2.3020334243774414,1
3.3875887393951416,1
2.6894726753234863,1
1.9375842809677124,1
3.9831602573394775,1
3.5326037406921387,1
2.7892136573791504,1
3.6607918739318848,1
3.096149444580078,1
3.0147595405578613,1
3.4637551307678223,1
3.2396082878112793,1
2.4174745082855225,1
2.6685757637023926,1
3.817807197570801,1
4.2427144050598145,1
3.1534292697906494,1
3.6724843978881836,1
3.233278751373291,1
3.1310932636260986,1
3.2709124088287354,1
3.155487537384033,1
2.966864585876465,1
2.5805628299713135,1
2.6411964893341064,1
2.9068143367767334,1
3.2965071201324463,1
4.289011478424072,1
2.9401021003723145,1
2.3037686347961426,1
2.598388671875,1
2.7547905445098877,1
2.947883367538452,1
2.2326345443725586,1
2.6358189582824707,1
2.5922493934631348,1
2.24074125289917,1
2.2747254371643066,1
2.178084373474121,1
2.9289751052856445,1
2.249513626098633,1
3.383701801300049,1
2.242027521133423,1
2.1685357093811035,1
4.089605808258057,1
2.8375906944274902,1
2.849015712738037,1
2.551109790802002,1
2.4644126892089844,1
3.0710182189941406,1
2.8524742126464844,1
2.87347674369812,1
3.5942459106445313,1
2.939514636993408,1
2.9668216705322266,1
2.7878332138061523,1
2.8004138469696045,1
3.1788015365600586,1
2.800443649291992,1
3.105311870574951,1
2.980933904647827,1
2.75797176361084,1
2.6233322620391846,1
2.2431178092956543,1
3.8815693855285645,1
2.5911309719085693,1
2.394054412841797,1
2.7126693725585938,1
2.6680171489715576,1
2.1046745777130127,1
2.650259017944336,1
3.468444585800171,1
2.581700086593628,1
3.263124942779541,1
2.6220784187316895,1
2.967372417449951,1
3.949608325958252,1
2.5763368606567383,1
2.8381803035736084,1
2.8174519538879395,1
3.013335704803467,1
2.3489561080932617,1
2.8821024894714355,1
2.6938252449035645,1
3.8729095458984375,1
2.5466082096099854,1
3.166823148727417,1
3.420193672180176,1
3.1508607864379883,1
3.6018855571746826,1
2.6698451042175293,1
3.324904680252075,1
3.204643726348877,1
2.0252838134765625,1
2.5411856174468994,1
2.8818559646606445,1
2.5483665466308594,1
2.592475652694702,1
2.5290629863739014,1
2.7047977447509766,1
2.7394142150878906,1
3.0732736587524414,1
2.579556703567505,1
3.1184420585632324,1
3.6106083393096924,1
3.284935474395752,1
2.6472413539886475,1
3.9212210178375244,1
3.171578884124756,1
2.8542470932006836,1
3.069730758666992,1
2.26749324798584,1
2.605632781982422,1
2.264594554901123,1
2.919597864151001,1
3.2839717864990234,1
2.807805299758911,1
2.7647552490234375,1
2.775409698486328,1
2.782127857208252,1
3.5408401489257813,1
2.2590384483337402,1
2.318934202194214,1
2.967000722885132,1
3.0076894760131836,1
2.672682285308838,1
3.0094008445739746,1
2.7838094234466553,1
3.258197784423828,1
2.6321003437042236,1
3.2344260215759277,1
2.5506839752197266,1
2.5964033603668213,1
2.869678020477295,1
2.5088820457458496,1
3.0250697135925293,1
3.4569272994995117,1
4.2252607345581055,1
3.2256903648376465,1
3.1189115047454834,1
2.7012882232666016,1
2.8530921936035156,1
3.2370636463165283,1
3.2404565811157227,1
2.7157464027404785,1
3.2603259086608887,1
3.3606395721435547,1
2.9972922801971436,1
2.3212780952453613,1
2.542915105819702,1
2.3016467094421387,1
3.1065735816955566,1
2.921408176422119,1
4.240190029144287,1
4.020925521850586,1
3.2475600242614746,1
3.348720073699951,1
2.5504555702209473,1
3.1229331493377686,1
2.6885714530944824,1
4.082413673400879,1
3.569763660430908,1
3.6626131534576416,1
3.398632049560547,1
2.8325729370117188,1
2.5868372917175293,1
3.258772850036621,1
2.9727208614349365,1
3.2383124828338623,1
2.6666133403778076,1
2.392484664916992,1
2.5591611862182617,1
2.4809789657592773,1
2.1234893798828125,1
2.7245707511901855,1
2.7168431282043457,1
2.126805067062378,1
2.758815288543701,1
2.7399399280548096,1
2.5595853328704834,1
2.631150007247925,1
2.6596224308013916,1
3.6688404083251953,1
2.822054386138916,1
2.7101192474365234,1
2.5538828372955322,1
2.2087910175323486,1
3.0377964973449707,1
3.259690284729004,1
2.9655075073242188,1
2.3708882331848145,1
2.3108439445495605,1
1.6193397045135498,1
2.3266396522521973,1
2.5013022422790527,1
2.824370861053467,1
2.859267234802246,1
2.7746245861053467,1
2.914407730102539,1
3.4295592308044434,1
2.3790698051452637,1
3.497399091720581,1
2.8990249633789063,1
3.0767581462860107,1
2.880847692489624,1
2.568466901779175,1
2.461493968963623,1
3.414217233657837,1
3.31925630569458,1
3.379378080368042,1
2.575118064880371,1
3.3029556274414063,1
3.5077402591705322,1
2.722322940826416,1
2.7115981578826904,1
3.0929949283599854,1
3.0223910808563232,1
2.903336763381958,1
2.2063446044921875,1
2.8184690475463867,1
2.832106113433838,1
2.087399482727051,1
3.189044237136841,1
2.6018924713134766,1
1.5235239267349243,1
3.7066049575805664,1
3.074927806854248,1
3.0405704975128174,1
2.8741567134857178,1
3.1162772178649902,1
2.7080509662628174,1
3.0296812057495117,1
2.108914852142334,1
3.0531177520751953,1
2.496579647064209,1
2.6605682373046875,1
2.6357250213623047,1
1.8705666065216064,1
2.973842144012451,1
2.402550220489502,1
3.1293258666992188,1
2.4601173400878906,1
3.509902000427246,1
2.217341661453247,1
2.351515293121338,1
3.0597074031829834,1
2.631917715072632,1
3.1413662433624268,1
3.046607494354248,1
2.3352112770080566,1
2.1141910552978516,1
3.0573177337646484,1
3.7107865810394287,1
2.025282144546509,1
2.1923422813415527,1
2.4552485942840576,1
2.8529903888702393,1
3.2087037563323975,1
2.3574414253234863,1
3.227245807647705,1
2.994872570037842,1
3.5906710624694824,1
2.3388962745666504,1
2.1650052070617676,1
2.4066038131713867,1
2.443674087524414,1
2.778876781463623,1
3.2777957916259766,1
2.009460210800171,1
2.0925164222717285,1
2.597625732421875,1
2.6272974014282227,1
1.8462873697280884,1
2.3366048336029053,1
2.1893224716186523,1
2.4111621379852295,1
2.697610378265381,1
2.64040470123291,1
2.787114143371582,1
3.623406171798706,1
2.1978135108947754,1
3.9735231399536133,1
3.535696506500244,1
3.612781524658203,1
2.5671019554138184,1
2.752497911453247,1
3.3748626708984375,1
3.596902847290039,1
5.447346210479736,1
5.78904390335083,1
4.8077287673950195,1
4.045377731323242,1
3.660688638687134,1
3.78125,1
2.9511680603027344,1
4.59067440032959,1
3.1008400917053223,1
4.872976303100586,1
4.975780963897705,1
3.314725399017334,1
3.710146427154541,1
3.1872119903564453,1
2.940189838409424,1
3.008648633956909,1
3.207545757293701,1
2.2375216484069824,1
2.7954390048980713,1
3.148805856704712,1
4.051267147064209,1
2.517087459564209,1
3.152679920196533,1
2.708582878112793,1
2.781277894973755,1
2.7440450191497803,1
2.482274293899536,1
3.2621262073516846,1
3.1252474784851074,1
3.862766981124878,1
2.5724592208862305,1
3.389194965362549,1
2.338709831237793,1
3.4104597568511963,1
3.198517084121704,1
2.749620199203491,1
3.054733991622925,1
2.700500011444092,1
2.843719482421875,1
2.9295973777770996,1
3.2283568382263184,1
2.83705997467041,1
2.545131206512451,1
2.327052593231201,1
3.3654119968414307,1
3.6380717754364014,1
2.6827869415283203,1
3.1248326301574707,1
3.126537561416626,1
2.967960834503174,1
3.1862235069274902,1
3.035623073577881,1
3.1184206008911133,1
3.1311230659484863,1
2.6379170417785645,1
3.6029396057128906,1
3.285710096359253,1
2.0378637313842773,1
2.7267119884490967,1
3.631051540374756,1
2.986621856689453,1
3.127305030822754,1
2.9147143363952637,1
2.994657039642334,1
2.2925095558166504,1
3.293713092803955,1
2.9381165504455566,1
3.3740696907043457,1
2.8142967224121094,1
2.4880685806274414,1
3.4642560482025146,1
2.9070324897766113,1
2.407012701034546,1
3.0463972091674805,1
2.7857747077941895,1
3.240845203399658,1
3.7965991497039795,1
2.892167568206787,1
2.6258978843688965,1
2.6088500022888184,1
2.648529529571533,1
2.8608388900756836,1
2.2136120796203613,1
2.290452480316162,1
3.4406375885009766,1
2.600689172744751,1
2.627809524536133,1
2.6300320625305176,1
2.6531035900115967,1
3.0017173290252686,1
3.3113174438476563,1
2.6500091552734375,1
2.956209182739258,1
2.8768348693847656,1
2.5732338428497314,1
3.5228257179260254,1
3.0286788940429688,1
4.059715747833252,1
3.027846336364746,1
3.291714668273926,1
2.0238537788391113,1
2.940335273742676,1
2.731126308441162,1
3.067981004714966,1
3.0450358390808105,1
2.7368407249450684,1
2.451098918914795,1
3.3449652194976807,1
3.428168773651123,1
2.713782787322998,1
4.322048187255859,1
2.439431667327881,1
3.8343424797058105,1
3.523540735244751,1
2.7786965370178223,1
2.6695427894592285,1
3.0873639583587646,1
2.2726221084594727,1
2.9208145141601563,1
2.7533836364746094,1
3.424299478530884,1
3.4229800701141357,1
2.5046591758728027,1
2.60960054397583,1
3.204810857772827,1
2.6564674377441406,1
3.123929977416992,1
2.7899580001831055,1
2.4913489818573,1
2.6933300495147705,1
2.4827680587768555,1
3.4374945163726807,1
2.462393045425415,1
2.734436273574829,1
2.9046289920806885,1
2.5702133178710938,1
2.5414369106292725,1
2.8175430297851563,1
2.6294260025024414,1
2.036738872528076,1
2.8348453044891357,1
2.782538414001465,1
2.487107276916504,1
2.2513465881347656,1
2.7322468757629395,1
2.373955011367798,1
2.261117935180664,1
2.085463285446167,1
2.946105718612671,1
3.089052200317383,1
2.5691823959350586,1
3.3221092224121094,1
2.837519884109497,1
2.6723175048828125,1
2.3603262901306152,1
2.835186719894409,1
2.6632308959960938,1
2.9244303703308105,1
2.9061412811279297,1
2.324897527694702,1
2.9152631759643555,1
2.9894165992736816,1
2.8514604568481445,1
3.3768460750579834,1
2.4904444217681885,1
3.422238826751709,1
3.0734846591949463,1
2.592151641845703,1
1.758104920387268,1
5.189937591552734,1
3.2872142791748047,1
3.4012346267700195,1
2.4893457889556885,1
2.5360684394836426,1
3.2908973693847656,1
3.580082893371582,1
3.419633388519287,1
3.5726661682128906,1
3.47082781791687,1
2.5050411224365234,1
3.376612663269043,1
3.192000389099121,1
3.2019240856170654,1
2.9709227085113525,1
3.493619918823242,1
3.761904716491699,1
3.58602237701416,1
2.9846560955047607,1
3.0073189735412598,1
2.8261361122131348,1
2.8872745037078857,1
2.5788559913635254,1
2.4841580390930176,1
3.676647901535034,1
2.7457282543182373,1
3.7552707195281982,1
2.833573818206787,1
3.038743019104004,1
3.4134182929992676,1
2.945544719696045,1
2.8019449710845947,1
2.936779022216797,1
2.6825711727142334,1
3.3101038932800293,1
2.5768752098083496,1
2.912628412246704,1
3.5778121948242188,1
1.9439740180969238,1
2.4787302017211914,1
3.1704506874084473,1
3.2459473609924316,1
2.535109758377075,1
3.8561208248138428,1
2.835998296737671,1
2.9605894088745117,1
2.7481586933135986,1
2.166440963745117,1
2.9622602462768555,1
3.128281593322754,1
1.8749253749847412,1
2.3397274017333984,1
2.0394175052642822,1
3.248868942260742,1
3.0000338554382324,1
2.864729881286621,1
2.966648578643799,1
3.1957292556762695,1
2.448129653930664,1
2.8750813007354736,1
2.67757511138916,1
3.092780590057373,1
2.554398775100708,1
2.4966297149658203,1
2.2142763137817383,1
2.7542824745178223,1
3.013737201690674,1
2.807650327682495,1
3.1806693077087402,1
2.498793601989746,1
3.3643810749053955,1
3.3369789123535156,1
2.753694772720337,1
2.40395450592041,1
2.8376569747924805,1
2.3682069778442383,1
1.8346211910247803,1
3.4452075958251953,1
3.6599526405334473,1
2.6676738262176514,1
2.9288511276245117,1
2.5579304695129395,1
2.962538242340088,1
4.001031875610352,1
3.3983004093170166,1
2.7333106994628906,1
2.6642887592315674,1
2.8432693481445313,1
3.2033934593200684,1
3.707150936126709,1
3.1891210079193115,1
2.860750675201416,1
2.6664047241210938,1
3.003593921661377,1
2.5381228923797607,1
2.767134666442871,1
2.610766887664795,1
1.8175886869430542,1
2.9686837196350098,1
2.919189453125,1
2.2131941318511963,1
2.4529929161071777,1
2.4260480403900146,1
2.973116874694824,1
3.188945770263672,1
2.5159590244293213,1
2.601544141769409,1
3.3192391395568848,1
2.323091506958008,1
2.4086360931396484,1
2.5470757484436035,1
2.066433906555176,1
2.176661729812622,1
2.2555878162384033,1
3.0777766704559326,1
4.366128444671631,1
2.770467758178711,1
3.2232282161712646,1
2.836790084838867,1
2.996922731399536,1
2.3088247776031494,1
3.1804070472717285,1
2.4574007987976074,1
2.899475336074829,1
3.8062100410461426,1
2.7271690368652344,1
1.8881385326385498,1
2.8025145530700684,1
3.0990867614746094,1
3.0076355934143066,1
3.049135446548462,1
2.713700532913208,1
2.7887139320373535,1
1.9414341449737549,1
2.293799877166748,1
2.243217945098877,1
1.8978956937789917,1
3.0700650215148926,1
2.4395527839660645,1
1.9511442184448242,1
2.2171192169189453,1
2.4617867469787598,1
2.167752742767334,1
2.688345193862915,1
2.8347153663635254,1
3.333920478820801,1
2.2447290420532227,1
2.634577512741089,1
2.9352962970733643,1
1.9853652715682983,1
2.881098985671997,1
2.455084800720215,1
2.8576576709747314,1
2.231724262237549,1
2.020310401916504,1
2.165132761001587,1
2.281282424926758,1
3.259192705154419,1
3.137526512145996,1
2.456578254699707,1
2.5415682792663574,1
2.5068979263305664,1
2.4612739086151123,1
1.967726230621338,1
2.382871389389038,1
2.850410223007202,1
3.3353357315063477,1
3.490896224975586,1
2.777609348297119,1
2.611347198486328,1
2.648925542831421,1
2.616178035736084,1
2.5018310546875,1
2.802025318145752,1
3.8958892822265625,1
2.603959798812866,1
2.864138126373291,1
2.407655954360962,1
2.484161376953125,1
2.2478909492492676,1
2.915478229522705,1
2.701988697052002,1
2.900752305984497,1
2.4347848892211914,1
3.037038803100586,1
3.0815372467041016,1
2.2680323123931885,1
2.7927799224853516,1
2.1842308044433594,1
2.9291188716888428,1
2.645873785018921,1
3.1016016006469727,1
2.7875781059265137,1
2.9517252445220947,1
2.7345051765441895,1
2.769775390625,1
2.4940574169158936,1
3.2730460166931152,1
2.7123632431030273,1
2.7460134029388428,1
2.3638410568237305,1
2.5081653594970703,1
3.294902801513672,1
2.5579705238342285,1
3.3367602825164795,1
2.8755621910095215,1
2.1341633796691895,1
2.7790164947509766,1
2.7662837505340576,1
3.9739480018615723,1
3.269223928451538,1
3.0357112884521484,1
2.5316481590270996,1
3.9399611949920654,1
3.1798534393310547,1
2.8672897815704346,1
3.858063220977783,1
2.8826537132263184,1
2.9423258304595947,1
2.6302661895751953,1
2.9593048095703125,1
2.8796534538269043,1
2.248199462890625,1
2.3842263221740723,1
3.071969985961914,1
3.2869763374328613,1
3.456590414047241,1
2.6717751026153564,1
2.599254608154297,1
2.4247117042541504,1
3.5094566345214844,1
3.4128010272979736,1
2.385709047317505,1
2.693974494934082,1
3.364295244216919,1
3.082948923110962,1
2.1217737197875977,1
