5.26415491104126,1
5.260610580444336,1
5.250826358795166,1
5.278660297393799,1
5.228449821472168,1
5.157780647277832,1
5.174971580505371,1
5.257403373718262,1
5.234258651733398,1
5.168717861175537,1
5.325439929962158,1
5.139402866363525,1
5.357659339904785,1
5.228683948516846,1
5.206340789794922,1
5.25718355178833,1
5.260285377502441,1
5.213549613952637,1
5.200077533721924,1
5.204301834106445,1
5.236289024353027,1
5.264763355255127,1
5.239577293395996,1
5.189661026000977,1
5.2480268478393555,1
5.283788681030273,1
5.228527545928955,1
5.191384792327881,1
5.201518535614014,1
5.151999473571777,1
5.141554832458496,1
5.264251708984375,1
5.199904441833496,1
5.164306640625,1
5.304319381713867,1
5.165724754333496,1
5.221410751342773,1
5.331462860107422,1
5.265913009643555,1
5.164295673370361,1
5.194117069244385,1
5.235347270965576,1
5.266654968261719,1
5.253649711608887,1
5.300544261932373,1
5.219603538513184,1
5.123090744018555,1
5.3401007652282715,1
5.2897419929504395,1
5.209371566772461,1
5.229850769042969,1
5.308172702789307,1
5.151185989379883,1
5.212413787841797,1
5.193122386932373,1
5.25832462310791,1
5.300005912780762,1
5.186350345611572,1
5.222955226898193,1
5.29479455947876,1
5.137933731079102,1
5.3508405685424805,1
5.257010459899902,1
5.21420955657959,1
5.265280723571777,1
5.273594856262207,1
5.170285701751709,1
5.225653648376465,1
5.1800127029418945,1
5.21769905090332,1
5.2197980880737305,1
5.1078386306762695,1
5.286194801330566,1
5.164339065551758,1
5.2891411781311035,1
5.199742317199707,1
5.1729736328125,1
5.262779235839844,1
5.323310852050781,1
5.235529899597168,1
5.214649677276611,1
5.2801833152771,1
5.2516984939575195,1
5.227873802185059,1
5.2686967849731445,1
5.192556858062744,1
5.360441207885742,1
5.228363513946533,1
5.146775245666504,1
5.260874271392822,1
5.293728351593018,1
5.267481803894043,1
5.201748847961426,1
5.211124420166016,1
5.2033305168151855,1
5.247648239135742,1
5.244722843170166,1
5.293572425842285,1
5.32961368560791,1
5.2241644859313965,1
5.142673969268799,1
5.179823875427246,1
5.272895812988281,1
5.176667213439941,1
5.329836845397949,1
5.275662422180176,1
5.247610092163086,1
5.214946746826172,1
5.3270721435546875,1
5.202830791473389,1
5.222898960113525,1
5.298796653747559,1
5.255268096923828,1
5.235445022583008,1
5.253100872039795,1
5.2889580726623535,1
5.269242286682129,1
5.204002380371094,1
5.253542900085449,1
5.212986946105957,1
5.225032329559326,1
5.215285301208496,1
5.2879109382629395,1
5.274236679077148,1
5.318943500518799,1
5.301422119140625,1
5.148615837097168,1
5.152673244476318,1
5.2597551345825195,1
5.208765506744385,1
5.196880340576172,1
5.224714279174805,1
5.351738929748535,1
5.2721967697143555,1
5.233382701873779,1
5.20147180557251,1
5.182015895843506,1
5.360618591308594,1
5.233798027038574,1
5.301165580749512,1
5.224133014678955,1
5.251963138580322,1
5.362175941467285,1
5.273777484893799,1
5.3291215896606445,1
5.1673736572265625,1
5.285791397094727,1
5.209552764892578,1
5.296455383300781,1
5.253862380981445,1
5.213871002197266,1
5.238212585449219,1
5.30947208404541,1
5.250140190124512,1
5.27116584777832,1
5.201777458190918,1
5.177610397338867,1
5.254286766052246,1
5.278289794921875,1
5.1917195320129395,1
5.3627214431762695,1
5.215485572814941,1
5.258482933044434,1
5.2749834060668945,1
5.223297119140625,1
5.180876731872559,1
5.305426597595215,1
5.1398210525512695,1
5.251777648925781,1
5.2770185470581055,1
5.235381126403809,1
5.174787521362305,1
5.178678512573242,1
5.192658424377441,1
5.2625932693481445,1
5.279064655303955,1
5.198899745941162,1
5.299368858337402,1
5.255227088928223,1
5.236511707305908,1
5.344020843505859,1
5.277395248413086,1
5.168272018432617,1
5.258867263793945,1
5.297101020812988,1
5.255905628204346,1
5.168931484222412,1
5.1895856857299805,1
5.185925483703613,1
5.327179908752441,1
5.2399115562438965,1
5.149130821228027,1
5.248979568481445,1
5.190227508544922,1
5.342545986175537,1
5.2659149169921875,1
5.177823543548584,1
5.20488166809082,1
5.33629035949707,1
5.221005916595459,1
5.245485782623291,1
5.3146514892578125,1
5.182894229888916,1
5.224169731140137,1
5.2876200675964355,1
5.252530097961426,1
5.244079113006592,1
5.296902179718018,1
5.253465175628662,1
5.17588996887207,1
5.28557014465332,1
5.274003982543945,1
5.24283504486084,1
5.260181427001953,1
5.242880821228027,1
5.281039714813232,1
5.1591796875,1
5.210239410400391,1
5.229508399963379,1
5.194757461547852,1
5.254085540771484,1
5.267514705657959,1
5.178199768066406,1
5.236562728881836,1
5.279444694519043,1
5.116030693054199,1
5.234971523284912,1
5.208377838134766,1
5.2413330078125,1
5.258847236633301,1
5.22133207321167,1
5.235635757446289,1
5.245357990264893,1
5.22170352935791,1
5.2282938957214355,1
5.214366436004639,1
5.302733421325684,1
5.340732574462891,1
5.177115440368652,1
5.124330043792725,1
5.201602935791016,1
5.307229518890381,1
5.136936187744141,1
5.1865339279174805,1
5.268083095550537,1
5.222053050994873,1
5.238490104675293,1
5.209144592285156,1
5.204758644104004,1
5.2296295166015625,1
5.2621049880981445,1
5.206006050109863,1
5.169092178344727,1
5.3495283126831055,1
5.202651023864746,1
5.2995429039001465,1
5.240866661071777,1
5.207721710205078,1
5.2396955490112305,1
5.2524518966674805,1
5.127198696136475,1
5.278301239013672,1
5.3441314697265625,1
5.32436466217041,1
5.258512496948242,1
5.196783065795898,1
5.2245025634765625,1
5.184258460998535,1
5.1958746910095215,1
5.196919918060303,1
5.303357124328613,1
5.316657543182373,1
5.195010662078857,1
5.208305835723877,1
5.224304676055908,1
5.205601692199707,1
5.265588760375977,1
5.186895370483398,1
5.352901458740234,1
5.222877025604248,1
5.410668849945068,1
5.264942169189453,1
5.2609734535217285,1
5.23140811920166,1
5.222164630889893,1
5.191854000091553,1
5.327524662017822,1
5.298213958740234,1
5.296021461486816,1
5.220149993896484,1
5.246401786804199,1
5.147624492645264,1
5.225826263427734,1
5.126537799835205,1
5.246577262878418,1
5.244178771972656,1
5.237790107727051,1
5.223738670349121,1
5.237912178039551,1
5.258963584899902,1
5.242109298706055,1
5.289421081542969,1
5.150928497314453,1
5.1494245529174805,1
5.324981212615967,1
5.2711286544799805,1
5.159784317016602,1
5.301114082336426,1
5.235763072967529,1
5.230034351348877,1
5.298773765563965,1
5.223609447479248,1
5.315337181091309,1
5.307436943054199,1
5.256936073303223,1
5.170037746429443,1
5.236513137817383,1
5.233611106872559,1
5.172257900238037,1
5.218598365783691,1
5.310567378997803,1
5.30855655670166,1
5.2070512771606445,1
5.178920745849609,1
5.202571868896484,1
5.206119537353516,1
5.192095756530762,1
5.221137046813965,1
5.235355377197266,1
5.3327250480651855,1
5.241485595703125,1
5.303858757019043,1
5.287718772888184,1
5.190400123596191,1
5.232914924621582,1
5.310417652130127,1
5.1815385818481445,1
5.228427886962891,1
5.290253639221191,1
5.160442352294922,1
5.188083648681641,1
5.22199821472168,1
5.269083499908447,1
5.376407146453857,1
5.286645889282227,1
5.227263927459717,1
5.252190113067627,1
5.306251525878906,1
5.2346110343933105,1
5.177152156829834,1
5.290129661560059,1
5.268400192260742,1
5.2162981033325195,1
5.140864372253418,1
5.31223201751709,1
5.204402923583984,1
5.110196113586426,1
5.202609062194824,1
5.2189130783081055,1
5.1358232498168945,1
5.237034797668457,1
5.304929733276367,1
5.283482551574707,1
5.250661849975586,1
5.185120582580566,1
5.23667049407959,1
5.359801769256592,1
5.283432960510254,1
5.214053153991699,1
5.167719841003418,1
5.234793663024902,1
5.250209808349609,1
5.263028144836426,1
5.30705451965332,1
5.285963535308838,1
5.175461769104004,1
5.2493062019348145,1
5.338104248046875,1
5.288743019104004,1
5.270809650421143,1
5.13771915435791,1
5.2018022537231445,1
5.226022243499756,1
5.271939277648926,1
5.264732837677002,1
5.152486801147461,1
5.217656135559082,1
5.2450714111328125,1
5.1874589920043945,1
5.197587013244629,1
5.268970489501953,1
5.264026165008545,1
5.275732040405273,1
5.242140769958496,1
5.1990509033203125,1
5.2242326736450195,1
5.342639446258545,1
5.1707987785339355,1
5.195985794067383,1
5.215776443481445,1
5.230755805969238,1
5.156588554382324,1
5.137260437011719,1
5.281715393066406,1
5.213277816772461,1
5.222170829772949,1
5.209704399108887,1
5.2363457679748535,1
5.229069709777832,1
5.161704063415527,1
5.37361478805542,1
5.22231388092041,1
5.247509479522705,1
5.247857093811035,1
5.221982955932617,1
5.267568588256836,1
5.253516674041748,1
5.184567928314209,1
5.175661087036133,1
5.188228607177734,1
5.212969779968262,1
5.228938579559326,1
5.294286727905273,1
5.2713212966918945,1
5.312189102172852,1
5.260837078094482,1
5.209109783172607,1
5.352773666381836,1
5.237307548522949,1
5.312778472900391,1
5.248045921325684,1
5.200389862060547,1
5.121701240539551,1
5.274680137634277,1
5.173122406005859,1
5.170580863952637,1
5.304352760314941,1
5.237120628356934,1
5.205229759216309,1
5.146794319152832,1
5.246635913848877,1
5.209728240966797,1
5.267587661743164,1
5.249819278717041,1
5.204145431518555,1
5.285871505737305,1
5.1605305671691895,1
5.135530471801758,1
5.266443252563477,1
5.213655471801758,1
5.257933616638184,1
5.182101249694824,1
5.30308723449707,1
5.34025764465332,1
5.258693695068359,1
5.197718143463135,1
5.222830772399902,1
5.143645286560059,1
5.225152015686035,1
5.1952290534973145,1
5.301513671875,1
5.210634231567383,1
5.179030418395996,1
5.207167148590088,1
5.121614456176758,1
5.249155044555664,1
5.307456016540527,1
5.158550262451172,1
5.251201152801514,1
5.251800537109375,1
5.208278656005859,1
5.27397346496582,1
5.223403453826904,1
5.261904239654541,1
5.165653228759766,1
5.3000335693359375,1
5.074526786804199,1
5.272201061248779,1
5.26860237121582,1
5.312356472015381,1
5.345380783081055,1
5.355337142944336,1
5.2470293045043945,1
5.245030879974365,1
5.204102993011475,1
5.269497871398926,1
5.316278457641602,1
5.21754264831543,1
5.174718379974365,1
5.235727310180664,1
5.264509201049805,1
5.330599308013916,1
5.129373550415039,1
5.281752109527588,1
5.185820579528809,1
5.285008430480957,1
5.331739902496338,1
5.211190223693848,1
5.162437915802002,1
5.283784866333008,1
5.323543548583984,1
5.252749443054199,1
5.273830413818359,1
5.3069682121276855,1
5.297578811645508,1
5.212335586547852,1
5.2000627517700195,1
5.226418495178223,1
5.2302327156066895,1
5.248265266418457,1
5.264622211456299,1
5.176836013793945,1
5.275784015655518,1
5.192419052124023,1
5.222540855407715,1
5.173055648803711,1
5.212156295776367,1
5.395412445068359,1
5.238155841827393,1
5.187776565551758,1
5.20189094543457,1
5.270040988922119,1
5.283551216125488,1
5.206108570098877,1
5.162024974822998,1
5.238354206085205,1
5.28275728225708,1
5.313588619232178,1
5.2983903884887695,1
5.2955121994018555,1
5.286248207092285,1
5.2610087394714355,1
5.16731071472168,1
5.228376388549805,1
5.206636428833008,1
5.229995250701904,1
5.278754234313965,1
5.283743381500244,1
5.204859733581543,1
5.193742752075195,1
5.277210235595703,1
5.264293193817139,1
5.342197418212891,1
5.182462692260742,1
5.239035606384277,1
5.159376621246338,1
5.284730911254883,1
5.233068943023682,1
5.34190559387207,1
5.362977981567383,1
5.149901390075684,1
5.229231357574463,1
5.152331352233887,1
5.288050174713135,1
5.26471471786499,1
5.2502899169921875,1
5.2355475425720215,1
5.155146598815918,1
5.246333122253418,1
5.111445903778076,1
5.300641059875488,1
5.299877643585205,1
5.353135585784912,1
5.213813304901123,1
5.221302509307861,1
5.215968608856201,1
5.218837738037109,1
5.229340076446533,1
5.218378067016602,1
5.213600158691406,1
5.264584064483643,1
5.329326629638672,1
5.332065582275391,1
5.303004741668701,1
5.270852088928223,1
5.220992565155029,1
5.238220691680908,1
5.230031967163086,1
5.181743144989014,1
5.2143635749816895,1
5.208097457885742,1
5.272463798522949,1
5.132384300231934,1
5.138550758361816,1
5.249715328216553,1
5.196287155151367,1
5.181396007537842,1
5.260685920715332,1
5.227818965911865,1
5.257508277893066,1
5.273924827575684,1
5.246192932128906,1
5.194665431976318,1
5.251420021057129,1
5.3465471267700195,1
5.310667514801025,1
5.249537467956543,1
5.254853248596191,1
5.309342384338379,1
5.218969345092773,1
5.232827186584473,1
5.17393684387207,1
5.236568450927734,1
5.194792747497559,1
5.199983596801758,1
5.24786901473999,1
5.287620544433594,1
5.192718029022217,1
5.198426723480225,1
5.215267181396484,1
5.171457290649414,1
5.196465492248535,1
5.288243293762207,1
5.235268592834473,1
5.209501266479492,1
5.216620922088623,1
5.157134056091309,1
5.069915771484375,1
5.291172981262207,1
5.33193302154541,1
5.196939945220947,1
5.240444183349609,1
5.38944149017334,1
5.242587089538574,1
5.234188079833984,1
5.247715473175049,1
5.204456329345703,1
5.26123571395874,1
5.295284271240234,1
5.259366989135742,1
5.209250450134277,1
5.195462226867676,1
5.292623996734619,1
5.2404375076293945,1
5.204017639160156,1
5.265434741973877,1
5.208023548126221,1
5.153594017028809,1
5.296378135681152,1
5.254216194152832,1
5.149782180786133,1
5.347864151000977,1
5.289119720458984,1
5.178322792053223,1
5.342848777770996,1
5.206459999084473,1
5.333069801330566,1
5.183122158050537,1
5.260878562927246,1
5.259311676025391,1
5.2784624099731445,1
5.244621276855469,1
5.244464874267578,1
5.2232890129089355,1
5.28922176361084,1
5.185736656188965,1
5.266068458557129,1
5.225527763366699,1
5.2176127433776855,1
5.262260437011719,1
5.182224273681641,1
5.2641448974609375,1
5.243491172790527,1
5.0999274253845215,1
5.343636989593506,1
5.257560729980469,1
5.207089424133301,1
5.315739154815674,1
5.346060752868652,1
5.180156707763672,1
5.27931547164917,1
5.20782470703125,1
5.1735687255859375,1
5.206511497497559,1
5.272454261779785,1
5.191756248474121,1
5.14401912689209,1
5.226761817932129,1
5.27808952331543,1
5.300360679626465,1
5.192948818206787,1
5.230826377868652,1
5.304567337036133,1
5.254244804382324,1
5.136655330657959,1
5.236598491668701,1
5.193754196166992,1
5.30544376373291,1
5.311727523803711,1
5.201276779174805,1
5.241491317749023,1
5.21561336517334,1
5.286777019500732,1
5.401740074157715,1
5.197739601135254,1
5.23269510269165,1
5.252821445465088,1
5.372352600097656,1
5.274625778198242,1
5.217352867126465,1
5.270700454711914,1
5.334418773651123,1
5.239209175109863,1
5.203632354736328,1
5.129223823547363,1
5.209741592407227,1
5.294896125793457,1
5.236261367797852,1
5.319674015045166,1
5.287474632263184,1
5.293910503387451,1
5.264039039611816,1
5.2169694900512695,1
5.234238624572754,1
5.186032295227051,1
5.2719268798828125,1
5.245222091674805,1
5.208778381347656,1
5.222054481506348,1
5.227668762207031,1
5.309600830078125,1
5.200135231018066,1
5.1913838386535645,1
5.321547508239746,1
5.20132303237915,1
5.22299861907959,1
5.270551681518555,1
5.253203392028809,1
5.269847869873047,1
5.172487258911133,1
5.271461009979248,1
5.251587390899658,1
5.234340667724609,1
5.368082523345947,1
5.141541481018066,1
5.30251407623291,1
5.235984802246094,1
5.361593246459961,1
5.260626316070557,1
5.35797643661499,1
5.3185601234436035,1
5.265902042388916,1
5.291496753692627,1
5.2303466796875,1
5.18668794631958,1
5.278902530670166,1
5.228555679321289,1
5.206994533538818,1
5.316595077514648,1
5.226260662078857,1
5.237574577331543,1
5.311491966247559,1
5.175610542297363,1
5.292481899261475,1
5.236155033111572,1
5.2480854988098145,1
5.249500274658203,1
5.232893943786621,1
5.259979248046875,1
5.309324264526367,1
5.203461647033691,1
5.206442832946777,1
5.278036117553711,1
5.2388200759887695,1
5.193058490753174,1
5.188197612762451,1
5.2547221183776855,1
5.100770950317383,1
5.217954635620117,1
5.284709930419922,1
5.246531009674072,1
5.374228477478027,1
5.333738327026367,1
5.202746391296387,1
5.291563034057617,1
5.287043571472168,1
5.20247745513916,1
5.22434139251709,1
5.3101091384887695,1
5.293669700622559,1
5.190286159515381,1
5.204845428466797,1
5.3493499755859375,1
5.252798080444336,1
5.198553085327148,1
5.191421031951904,1
5.263726234436035,1
5.230701446533203,1
5.198744773864746,1
5.2751665115356445,1
5.298637390136719,1
5.243502616882324,1
5.1530351638793945,1
5.317329406738281,1
5.2497076988220215,1
5.282538890838623,1
5.264404296875,1
5.232795715332031,1
5.1704936027526855,1
5.2414751052856445,1
5.244081020355225,1
5.189674377441406,1
5.250916481018066,1
5.193942070007324,1
5.162356376647949,1
5.26132869720459,1
5.212019920349121,1
5.219916820526123,1
5.201696872711182,1
5.292357444763184,1
5.232212543487549,1
5.222447395324707,1
5.242056846618652,1
5.195815563201904,1
5.287076950073242,1
5.296883583068848,1
5.308629035949707,1
5.253747940063477,1
5.201024055480957,1
5.171217918395996,1
5.328547477722168,1
5.306743621826172,1
5.234696388244629,1
5.25495719909668,1
5.28405237197876,1
5.256805896759033,1
5.236955642700195,1
5.313533782958984,1
5.1682024002075195,1
5.226889610290527,1
5.262977600097656,1
5.278862953186035,1
5.304721355438232,1
5.219627380371094,1
5.273982048034668,1
5.178696632385254,1
5.205893039703369,1
5.27294921875,1
5.215214729309082,1
5.24576473236084,1
5.212684154510498,1
5.246210098266602,1
5.23812198638916,1
5.21986722946167,1
5.2574052810668945,1
5.241944789886475,1
5.256935119628906,1
5.292901039123535,1
5.204677104949951,1
5.29298210144043,1
5.237933158874512,1
5.276050567626953,1
5.198850154876709,1
5.370207786560059,1
5.32393741607666,1
5.171159744262695,1
5.351379871368408,1
5.276421546936035,1
5.196993827819824,1
5.23978853225708,1
5.149325370788574,1
5.261724472045898,1
5.140907287597656,1
5.166886806488037,1
5.2117204666137695,1
5.200791358947754,1
5.246476650238037,1
5.231354713439941,1
5.232475757598877,1
5.322551727294922,1
5.279823303222656,1
5.24517297744751,1
5.243400573730469,1
5.172245025634766,1
5.214954376220703,1
5.184468746185303,1
5.294297218322754,1
5.272874355316162,1
5.21401309967041,1
5.205019950866699,1
5.204224586486816,1
5.309783935546875,1
5.207876205444336,1
5.281641006469727,1
5.320469856262207,1
5.188265800476074,1
5.269398212432861,1
5.222249507904053,1
5.174838542938232,1
5.2165937423706055,1
5.284600257873535,1
5.266758441925049,1
5.204583168029785,1
5.252630233764648,1
5.194650173187256,1
5.213724613189697,1
5.253660202026367,1
5.308845520019531,1
5.295246601104736,1
5.27046012878418,1
5.188673496246338,1
5.235718250274658,1
5.292389392852783,1
5.253436088562012,1
5.285771369934082,1
5.3160905838012695,1
5.225431442260742,1
5.2757887840271,1
5.252357482910156,1
5.230217456817627,1
5.230015754699707,1
5.171348571777344,1
5.202674388885498,1
5.203494548797607,1
5.214971542358398,1
5.240077018737793,1
5.272270679473877,1
5.195766448974609,1
5.327338218688965,1
5.290301322937012,1
5.242165565490723,1
5.132750511169434,1
5.189056396484375,1
5.315899848937988,1
5.33547306060791,1
5.2908830642700195,1
5.2795000076293945,1
5.287296772003174,1
5.187682151794434,1
5.29901647567749,1
5.242921829223633,1
5.286911964416504,1
5.16801643371582,1
5.208505630493164,1
5.222270965576172,1
5.14778995513916,1
5.1887969970703125,1
5.171280860900879,1
5.141180992126465,1
5.20212459564209,1
5.324242115020752,1
5.22364616394043,1
5.181547164916992,1
5.271185874938965,1
5.181846618652344,1
5.333346366882324,1
5.2388763427734375,1
5.239386558532715,1
5.174977779388428,1
5.265906810760498,1
5.29644250869751,1
5.275266170501709,1
5.146068096160889,1
5.212710857391357,1
5.220503807067871,1
5.293954372406006,1
5.178525924682617,1
5.2400665283203125,1
5.191162109375,1
5.301301956176758,1
5.205198287963867,1
5.119076728820801,1
5.243748664855957,1
5.2445220947265625,1
5.228259563446045,1
5.158937454223633,1
5.245683670043945,1
5.18349027633667,1
5.208978652954102,1
5.201894760131836,1
5.240566253662109,1
5.134017467498779,1
5.270343780517578,1
5.302558898925781,1
5.424300193786621,1
5.197517395019531,1
5.198512554168701,1
5.303373336791992,1
5.177768230438232,1
5.302364349365234,1
5.235355377197266,1
5.172761917114258,1
5.236905097961426,1
5.276076316833496,1
5.394091606140137,1
5.175659656524658,1
5.201499938964844,1
5.2423553466796875,1
5.264360427856445,1
5.380715370178223,1
5.166935920715332,1
5.227802276611328,1
5.244626998901367,1
5.254541397094727,1
5.266518592834473,1
5.1902174949646,1
5.190030574798584,1
5.093920707702637,1
5.337961196899414,1
5.364584922790527,1
5.235381603240967,1
5.243595123291016,1
5.174787521362305,1
5.254194259643555,1
5.125772476196289,1
5.374720573425293,1
5.252610683441162,1
5.275824069976807,1
5.270931720733643,1
5.376352310180664,1
5.243151664733887,1
5.170344352722168,1
5.216939926147461,1
5.324406623840332,1
5.126358985900879,1
5.1362199783325195,1
5.204034805297852,1
5.26392936706543,1
5.2627058029174805,1
5.24023962020874,1
5.242746829986572,1
5.24733829498291,1
5.277770042419434,1
5.165472984313965,1
5.200015068054199,1
5.271589279174805,1
5.21754264831543,1
5.290927410125732,1
5.27781867980957,1
5.141901016235352,1
5.338448524475098,1
5.230360984802246,1
5.214923858642578,1
5.214090347290039,1
5.29918909072876,1
5.249843120574951,1
5.233270645141602,1
5.140439510345459,1
5.298161506652832,1
5.228237152099609,1
5.193544387817383,1
5.261492729187012,1
5.286550521850586,1
5.138335227966309,1
5.196639537811279,1
5.2440714836120605,1
5.367569923400879,1
5.295539855957031,1
5.169896602630615,1
5.173651695251465,1
5.22226619720459,1
5.124111175537109,1
5.190967082977295,1
5.1898088455200195,1
5.195901870727539,1
5.158812999725342,1
5.25731086730957,1
5.313216686248779,1
5.211599826812744,1
5.349085330963135,1
5.276951789855957,1
5.189582824707031,1
5.231657028198242,1
5.226818561553955,1
5.326615333557129,1
5.389614105224609,1
5.265891075134277,1
5.192623615264893,1
5.228717803955078,1
5.276051998138428,1
5.234222412109375,1
5.24717903137207,1
5.193694591522217,1
5.278865814208984,1
5.160472393035889,1
5.3501691818237305,1
5.199873924255371,1
5.321150302886963,1
5.273539066314697,1
5.212335586547852,1
5.218019485473633,1
5.280729293823242,1
5.282125473022461,1
5.298978805541992,1
5.167458534240723,1
5.256894111633301,1
5.311819076538086,1
5.257176399230957,1
5.334846496582031,1
5.310004234313965,1
5.225494384765625,1
5.2116007804870605,1
5.207375526428223,1
5.246984481811523,1
5.266688346862793,1
5.232227325439453,1
5.256189346313477,1
5.166176795959473,1
5.274816513061523,1
5.212096214294434,1
5.176418304443359,1
5.144779205322266,1
5.269908428192139,1
5.252049922943115,1
5.207474231719971,1
5.1729254722595215,1
5.2737016677856445,1
5.285089492797852,1
5.134432792663574,1
5.244463920593262,1
5.268102645874023,1
5.354935169219971,1
5.287259101867676,1
5.310643196105957,1
5.237301826477051,1
5.243605136871338,1
5.201711654663086,1
5.147742748260498,1
5.20711612701416,1
5.255559921264648,1
5.133535861968994,1
5.185573577880859,1
5.148542404174805,1
5.25900936126709,1
5.305964469909668,1
5.2823662757873535,1
5.222240924835205,1
5.167027950286865,1
5.233204364776611,1
5.280977725982666,1
5.087543487548828,1
5.221993446350098,1
5.292523384094238,1
5.182024955749512,1
5.217440605163574,1
5.233348846435547,1
5.217868328094482,1
5.3129353523254395,1
5.169625759124756,1
5.256036758422852,1
5.243795871734619,1
5.263116836547852,1
5.208386421203613,1
5.200540542602539,1
5.2881269454956055,1
5.2715559005737305,1
5.205918312072754,1
5.265492916107178,1
5.399177551269531,1
5.250158309936523,1
5.232656955718994,1
5.216039657592773,1
5.244616508483887,1
5.310688495635986,1
5.200112342834473,1
5.280369758605957,1
5.299807071685791,1
5.230800628662109,1
5.271129131317139,1
5.2581281661987305,1
5.215823650360107,1
5.283538818359375,1
5.197371482849121,1
5.349540710449219,1
5.298662185668945,1
5.213548183441162,1
5.22752046585083,1
5.1828532218933105,1
5.297719955444336,1
5.235347747802734,1
5.255961894989014,1
5.248697280883789,1
5.157896995544434,1
5.242762088775635,1
5.273859977722168,1
5.278472900390625,1
5.234024524688721,1
5.243709564208984,1
5.239474296569824,1
5.346856117248535,1
5.320377349853516,1
5.207284450531006,1
5.241546154022217,1
5.356381893157959,1
5.260672569274902,1
5.251157760620117,1
5.2574310302734375,1
5.271657943725586,1
5.293483257293701,1
5.317032814025879,1
5.187509536743164,1
5.236582279205322,1
5.230424404144287,1
5.207794666290283,1
5.224682807922363,1
5.172167778015137,1
5.197839736938477,1
5.205006122589111,1
5.220795631408691,1
5.304763317108154,1
5.276156425476074,1
5.268642425537109,1
5.253107070922852,1
5.287796974182129,1
5.282845973968506,1
5.201681613922119,1
5.162448883056641,1
5.317176818847656,1
5.349452972412109,1
5.242973327636719,1
5.186493873596191,1
5.295616149902344,1
5.31197452545166,1
5.264012813568115,1
5.217602729797363,1
5.2945966720581055,1
5.234114646911621,1
5.284463882446289,1
5.248375415802002,1
5.269904613494873,1
5.312857627868652,1
5.264034271240234,1
5.308193683624268,1
5.128336429595947,1
5.228757381439209,1
5.282569408416748,1
5.295624732971191,1
5.297788619995117,1
5.238959789276123,1
5.266731262207031,1
5.263869285583496,1
5.305630207061768,1
5.299602508544922,1
5.24101448059082,1
5.228543281555176,1
5.3336687088012695,1
5.269505023956299,1
5.149819850921631,1
5.310509204864502,1
5.213603973388672,1
5.213598728179932,1
5.215813159942627,1
5.2047271728515625,1
5.258217811584473,1
5.196112632751465,1
5.197175979614258,1
5.280139923095703,1
5.29737663269043,1
5.298619747161865,1
5.238139629364014,1
5.237199783325195,1
5.246145725250244,1
5.268529891967773,1
5.347904205322266,1
5.186773300170898,1
5.1937456130981445,1
5.215001583099365,1
5.219532012939453,1
5.271113395690918,1
5.228381156921387,1
5.230254173278809,1
5.205477714538574,1
5.180314064025879,1
5.237030029296875,1
5.285376071929932,1
5.250992298126221,1
5.206817626953125,1
5.234386444091797,1
5.218386650085449,1
5.128283500671387,1
5.207918643951416,1
5.196201324462891,1
5.260202407836914,1
5.214198112487793,1
5.234491348266602,1
5.298731803894043,1
5.2572407722473145,1
5.3276214599609375,1
5.29884147644043,1
5.28693962097168,1
5.223547458648682,1
5.191503047943115,1
5.205387115478516,1
5.348626136779785,1
5.2987060546875,1
5.218155860900879,1
5.189516544342041,1
5.280935764312744,1
5.283599376678467,1
5.244970321655273,1
5.385347366333008,1
5.168733596801758,1
5.373958110809326,1
5.298715591430664,1
5.216687202453613,1
5.324005126953125,1
5.130696773529053,1
5.281037330627441,1
5.280824661254883,1
5.344432353973389,1
5.264351844787598,1
5.191810607910156,1
5.2135443687438965,1
5.1389570236206055,1
5.176934242248535,1
5.1676130294799805,1
5.336176872253418,1
5.273531913757324,1
5.340216636657715,1
5.220998764038086,1
5.274430274963379,1
5.176629066467285,1
5.210639476776123,1
5.286308288574219,1
5.173838138580322,1
5.255051136016846,1
5.3651299476623535,1
5.138895034790039,1
5.27977180480957,1
5.295500755310059,1
5.224835395812988,1
5.134757041931152,1
5.239466190338135,1
5.2663092613220215,1
5.166202545166016,1
5.188405990600586,1
5.2537617683410645,1
5.244779586791992,1
5.283674240112305,1
5.241018772125244,1
5.222498893737793,1
5.195880889892578,1
5.282975673675537,1
5.263090133666992,1
5.219355583190918,1
5.23388671875,1
5.267167568206787,1
5.1875200271606445,1
5.258851528167725,1
5.200869560241699,1
5.295310974121094,1
5.269959449768066,1
5.2456817626953125,1
5.291346073150635,1
5.225248336791992,1
5.2705535888671875,1
5.2441534996032715,1
5.194040775299072,1
5.240888595581055,1
5.262618541717529,1
5.354474067687988,1
5.266505241394043,1
5.242083549499512,1
5.245450973510742,1
5.254576206207275,1
5.271265983581543,1
5.182774543762207,1
5.255922794342041,1
5.243035793304443,1
5.347750663757324,1
5.1700439453125,1
5.291539669036865,1
5.328438758850098,1
5.198385238647461,1
5.198727607727051,1
5.21909236907959,1
5.292938232421875,1
5.249793529510498,1
5.22751522064209,1
5.248362064361572,1
5.265472412109375,1
5.326314449310303,1
5.164403915405273,1
5.244372844696045,1
5.253089904785156,1
5.1782684326171875,1
5.203639507293701,1
5.228811264038086,1
5.261543273925781,1
5.134896755218506,1
5.196883201599121,1
5.22416877746582,1
5.264669418334961,1
5.256923675537109,1
5.21986722946167,1
5.369723320007324,1
5.215066432952881,1
5.260532855987549,1
5.168789863586426,1
5.248668670654297,1
5.240148544311523,1
5.1879563331604,1
5.247522354125977,1
5.224678993225098,1
5.181461334228516,1
5.30372428894043,1
5.305791854858398,1
5.227208137512207,1
5.231675148010254,1
5.191455841064453,1
5.201666831970215,1
5.267563819885254,1
5.367815017700195,1
5.161837100982666,1
5.264997482299805,1
5.252575397491455,1
5.2453837394714355,1
5.203121185302734,1
5.253185749053955,1
5.222955703735352,1
5.242279052734375,1
5.178911209106445,1
5.222873687744141,1
5.24760103225708,1
5.192394733428955,1
5.242807865142822,1
5.257190704345703,1
5.284914016723633,1
5.281956672668457,1
5.178647994995117,1
5.312438011169434,1
5.236020088195801,1
5.265935897827148,1
5.18976354598999,1
5.294897079467773,1
5.233888626098633,1
5.27681827545166,1
5.1834588050842285,1
5.237399101257324,1
5.178277015686035,1
5.20224666595459,1
5.3392133712768555,1
5.235424518585205,1
5.289682388305664,1
5.330450057983398,1
5.21528959274292,1
5.205719947814941,1
5.154293060302734,1
5.255971431732178,1
5.246323585510254,1
5.245382308959961,1
5.208033561706543,1
5.207612991333008,1
5.26538610458374,1
5.242802619934082,1
5.2359466552734375,1
5.237888336181641,1
5.200613021850586,1
5.227291107177734,1
5.183626174926758,1
5.1906046867370605,1
5.309460639953613,1
5.222273826599121,1
5.31943416595459,1
5.197940826416016,1
5.20146369934082,1
5.238620758056641,1
5.2056684494018555,1
5.296145915985107,1
5.260295867919922,1
5.262519836425781,1
5.212512016296387,1
5.140203475952148,1
5.227620601654053,1
5.286520957946777,1
5.161325454711914,1
5.163211822509766,1
5.177092552185059,1
5.211308002471924,1
5.264289855957031,1
5.210060119628906,1
5.225488185882568,1
5.330750942230225,1
5.209813594818115,1
5.226616382598877,1
5.175985336303711,1
5.250272750854492,1
5.2791972160339355,1
5.22885274887085,1
5.230035781860352,1
5.224352836608887,1
5.231602191925049,1
5.243198394775391,1
5.240475654602051,1
5.24668025970459,1
5.228259086608887,1
5.217909336090088,1
5.228583335876465,1
5.195672988891602,1
5.190053939819336,1
5.184947967529297,1
5.1909027099609375,1
5.3025922775268555,1
5.282994270324707,1
5.269659996032715,1
5.2889885902404785,1
5.200969696044922,1
5.205510139465332,1
5.176932334899902,1
5.171825408935547,1
5.234511375427246,1
5.317288398742676,1
5.159981727600098,1
5.2139482498168945,1
5.163557052612305,1
5.226813316345215,1
5.3559889793396,1
5.215030193328857,1
5.259309768676758,1
5.232872009277344,1
5.163711071014404,1
5.2672834396362305,1
5.201567649841309,1
5.20329475402832,1
5.154346466064453,1
5.287164688110352,1
5.248476505279541,1
5.30431604385376,1
5.247001647949219,1
5.164167881011963,1
5.194463729858398,1
5.236964225769043,1
5.359684467315674,1
5.206610679626465,1
5.178147315979004,1
5.1878838539123535,1
5.234718322753906,1
5.162636756896973,1
5.312892913818359,1
5.264404296875,1
5.252017974853516,1
5.188798904418945,1
5.097199440002441,1
5.300346851348877,1
5.17861795425415,1
5.220950603485107,1
5.2457356452941895,1
5.203677177429199,1
5.353431701660156,1
5.303781032562256,1
5.252843856811523,1
5.2407755851745605,1
5.215164661407471,1
5.308872699737549,1
5.202540397644043,1
5.223444938659668,1
5.2292399406433105,1
5.201613903045654,1
5.275591850280762,1
5.323288917541504,1
5.199141979217529,1
5.10506010055542,1
5.187023162841797,1
5.215561389923096,1
5.327279090881348,1
5.194589614868164,1
5.240299224853516,1
5.248967170715332,1
5.21565055847168,1
5.202475547790527,1
5.132610321044922,1
5.211216926574707,1
5.215557098388672,1
5.314942359924316,1
5.294675827026367,1
5.270742416381836,1
5.239816665649414,1
5.2242207527160645,1
5.218616485595703,1
5.249959468841553,1
5.280726432800293,1
5.248441219329834,1
5.326469421386719,1
5.204819202423096,1
5.192875385284424,1
5.220820426940918,1
5.195878028869629,1
5.285386085510254,1
5.211369514465332,1
5.156216144561768,1
5.201318264007568,1
5.256267547607422,1
5.248227119445801,1
5.251328468322754,1
5.1286516189575195,1
5.211788177490234,1
5.229342937469482,1
5.2329421043396,1
5.21916389465332,1
5.32863187789917,1
5.2539215087890625,1
5.259082317352295,1
5.221314430236816,1
5.230034351348877,1
5.1953125,1
5.346493721008301,1
5.286983013153076,1
5.214354515075684,1
5.1751708984375,1
5.220339775085449,1
5.235706329345703,1
5.231875419616699,1
5.341864585876465,1
5.240621566772461,1
5.210550785064697,1
5.332907676696777,1
5.22084903717041,1
5.252359390258789,1
5.24553108215332,1
5.251095771789551,1
5.2810797691345215,1
5.24654483795166,1
5.194243907928467,1
5.264956474304199,1
5.234537124633789,1
5.167280197143555,1
5.255629539489746,1
5.190177917480469,1
5.277210712432861,1
5.257396697998047,1
5.2765092849731445,1
5.277994155883789,1
5.146660804748535,1
5.258305549621582,1
5.2282395362854,1
5.302579879760742,1
5.187361717224121,1
5.318655967712402,1
5.285210132598877,1
5.306024074554443,1
5.23272180557251,1
5.17515754699707,1
5.222754001617432,1
5.306369781494141,1
5.256710052490234,1
5.204704284667969,1
5.291803359985352,1
5.258098125457764,1
5.221540451049805,1
5.2227277755737305,1
5.279968738555908,1
5.367539405822754,1
5.214282035827637,1
5.3028106689453125,1
5.277548789978027,1
5.126750469207764,1
5.208365440368652,1
5.311228275299072,1
5.220216751098633,1
5.263912200927734,1
5.230886459350586,1
5.1572065353393555,1
5.199143409729004,1
5.2898359298706055,1
5.289766311645508,1
5.125705718994141,1
5.202977180480957,1
5.1597490310668945,1
5.192108631134033,1
5.230713367462158,1
5.192043304443359,1
5.268118381500244,1
5.197540760040283,1
5.299045562744141,1
5.209997177124023,1
5.200296878814697,1
5.154024124145508,1
5.2590012550354,1
5.257193565368652,1
5.222687721252441,1
5.292758941650391,1
5.222917556762695,1
5.2677812576293945,1
5.123012542724609,1
5.27354097366333,1
5.228811264038086,1
5.277824401855469,1
5.17110538482666,1
5.248522758483887,1
5.242631912231445,1
5.171124458312988,1
5.2118024826049805,1
5.182277679443359,1
5.18618106842041,1
5.176839828491211,1
5.254961967468262,1
5.157197952270508,1
5.293744087219238,1
5.2257184982299805,1
5.209444999694824,1
5.302814483642578,1
5.228157997131348,1
5.143173694610596,1
5.288392066955566,1
5.214607238769531,1
5.301843643188477,1
5.219223499298096,1
5.238663673400879,1
5.24358606338501,1
5.28730583190918,1
5.294156074523926,1
5.233878135681152,1
5.253215789794922,1
5.18178653717041,1
5.279505252838135,1
5.263444900512695,1
5.306707382202148,1
5.220627784729004,1
5.218108177185059,1
5.255490303039551,1
5.201887130737305,1
5.2616400718688965,1
5.161867618560791,1
5.220343589782715,1
5.3153910636901855,1
5.199772834777832,1
5.297426223754883,1
5.18610143661499,1
5.233738899230957,1
5.127198219299316,1
5.176861763000488,1
5.173993110656738,1
5.2161760330200195,1
5.398861408233643,1
5.297497749328613,1
5.211664199829102,1
5.208963394165039,1
5.202815055847168,1
5.1788434982299805,1
5.1597771644592285,1
5.195015907287598,1
5.289952278137207,1
5.338690757751465,1
5.260880470275879,1
5.3005051612854,1
5.326055526733398,1
5.316005706787109,1
5.181242942810059,1
5.238149642944336,1
5.262261390686035,1
5.232146263122559,1
5.361651420593262,1
5.120952129364014,1
5.176726818084717,1
5.262296676635742,1
5.271973609924316,1
5.238194465637207,1
5.282234191894531,1
5.262521743774414,1
5.256753921508789,1
5.155640125274658,1
5.268238544464111,1
5.258630275726318,1
5.253237247467041,1
5.148904800415039,1
5.298943519592285,1
5.338730335235596,1
5.255527496337891,1
5.223653316497803,1
5.11517333984375,1
5.239415645599365,1
5.291523456573486,1
5.258811950683594,1
5.255474090576172,1
5.211454391479492,1
5.170534610748291,1
5.212161064147949,1
5.279483795166016,1
5.220759391784668,1
5.165176868438721,1
5.308732509613037,1
5.17091178894043,1
5.296767711639404,1
5.177021026611328,1
5.2231574058532715,1
5.306266784667969,1
5.275209426879883,1
5.394028663635254,1
5.393771648406982,1
5.297329902648926,1
5.241778373718262,1
5.306641578674316,1
5.212634086608887,1
5.204835891723633,1
5.233534336090088,1
5.285064220428467,1
5.1420183181762695,1
5.366983413696289,1
5.323522567749023,1
5.123711585998535,1
5.265348434448242,1
5.240382194519043,1
5.192445755004883,1
5.195361137390137,1
5.177679538726807,1
5.289599418640137,1
5.281323432922363,1
5.14484977722168,1
5.285640716552734,1
5.255367279052734,1
5.226082801818848,1
5.158468723297119,1
5.237929344177246,1
5.224013328552246,1
5.249314308166504,1
5.274540424346924,1
5.322815895080566,1
5.263023853302002,1
5.324273109436035,1
5.261614799499512,1
5.236528396606445,1
5.253579616546631,1
5.330158233642578,1
5.292864799499512,1
5.193286895751953,1
5.169471740722656,1
5.172928333282471,1
5.323148727416992,1
5.2378339767456055,1
5.263979911804199,1
5.292283058166504,1
5.204195976257324,1
5.247903823852539,1
5.110708236694336,1
5.240241050720215,1
5.185054779052734,1
5.265685081481934,1
5.226386070251465,1
5.184231281280518,1
5.295987129211426,1
5.173849105834961,1
5.269962310791016,1
5.197446823120117,1
5.254228591918945,1
5.30222225189209,1
5.283790588378906,1
5.210165500640869,1
5.201118469238281,1
5.370966911315918,1
5.227328777313232,1
5.213687896728516,1
5.165124416351318,1
5.30684757232666,1
5.226048469543457,1
5.229176998138428,1
5.358246803283691,1
5.278426170349121,1
5.238543510437012,1
5.228731155395508,1
5.21248722076416,1
5.180388927459717,1
5.2418622970581055,1
5.290966033935547,1
5.278546333312988,1
5.180702209472656,1
5.183363914489746,1
5.20487117767334,1
5.192330360412598,1
5.288730144500732,1
5.189734935760498,1
5.171252250671387,1
5.1884284019470215,1
5.368562698364258,1
5.235823631286621,1
5.35299015045166,1
5.208985328674316,1
5.300281524658203,1
5.169463634490967,1
5.2884016036987305,1
5.206293106079102,1
5.221635818481445,1
5.30167293548584,1
5.178023338317871,1
5.178400993347168,1
5.229529857635498,1
5.182972431182861,1
5.291217803955078,1
5.217644214630127,1
5.261175632476807,1
5.177256107330322,1
5.167928218841553,1
5.2393646240234375,1
5.2181878089904785,1
5.271624565124512,1
5.268148422241211,1
5.182304382324219,1
5.353128433227539,1
5.200406074523926,1
5.273640155792236,1
5.223814010620117,1
5.221858978271484,1
5.171028137207031,1
5.150753974914551,1
5.1785054206848145,1
5.165521144866943,1
5.296131134033203,1
5.258771896362305,1
5.1652302742004395,1
5.1944580078125,1
5.271112442016602,1
5.291691780090332,1
5.238039016723633,1
5.214663505554199,1
5.206380844116211,1
5.221858501434326,1
5.270711421966553,1
5.25009822845459,1
5.202078819274902,1
5.253710746765137,1
5.2639079093933105,1
5.369438171386719,1
5.26710319519043,1
5.234715461730957,1
5.246461868286133,1
5.306636333465576,1
5.188169479370117,1
5.305146217346191,1
5.149271011352539,1
5.214799880981445,1
5.249329090118408,1
5.261423110961914,1
5.2048115730285645,1
5.222707748413086,1
5.227729797363281,1
5.212165832519531,1
5.2046332359313965,1
5.221199035644531,1
5.2954607009887695,1
5.304293155670166,1
5.318464279174805,1
5.221951961517334,1
5.216080188751221,1
5.178551197052002,1
5.268671035766602,1
5.293798446655273,1
5.2959818840026855,1
5.20680570602417,1
5.30574893951416,1
5.261410713195801,1
5.276795387268066,1
5.293592929840088,1
5.41842794418335,1
5.2213335037231445,1
5.283304214477539,1
5.311038017272949,1
5.2724690437316895,1
5.248319625854492,1
5.211672782897949,1
5.223243713378906,1
5.242912769317627,1
5.2563910484313965,1
5.237671852111816,1
5.25391149520874,1
5.300055027008057,1
5.235784530639648,1
5.244418144226074,1
5.300095558166504,1
5.262947082519531,1
5.273621559143066,1
5.378396034240723,1
5.126319885253906,1
5.309469223022461,1
5.2393927574157715,1
5.223818302154541,1
5.211456775665283,1
5.230050086975098,1
5.356077671051025,1
5.213525772094727,1
5.2862548828125,1
5.215278148651123,1
5.301446914672852,1
5.286882400512695,1
5.171477317810059,1
5.1705827713012695,1
5.302427291870117,1
5.273889541625977,1
5.24899959564209,1
5.154813289642334,1
5.261246681213379,1
5.186812400817871,1
5.277057647705078,1
5.256951332092285,1
5.209603309631348,1
5.265666961669922,1
5.212082862854004,1
5.262997627258301,1
5.252501010894775,1
5.2794952392578125,1
5.29157018661499,1
5.234124660491943,1
5.2536468505859375,1
5.305687427520752,1
5.191228866577148,1
5.227624893188477,1
5.247650146484375,1
5.139162063598633,1
5.160465717315674,1
5.208896636962891,1
5.3057355880737305,1
5.23455810546875,1
5.281391620635986,1
5.267756462097168,1
5.343633651733398,1
5.262079238891602,1
5.2379045486450195,1
5.24333381652832,1
5.230891227722168,1
5.182330131530762,1
5.286874771118164,1
5.247454643249512,1
5.271456718444824,1
5.206997871398926,1
5.313347816467285,1
5.149836540222168,1
5.250134468078613,1
5.175030708312988,1
5.278443336486816,1
5.3074541091918945,1
5.262119770050049,1
5.29183292388916,1
5.247482776641846,1
5.302016258239746,1
5.236822605133057,1
5.220873832702637,1
5.171626091003418,1
5.353923797607422,1
5.301868438720703,1
5.223567008972168,1
5.156866550445557,1
5.289175987243652,1
5.272066116333008,1
5.22003173828125,1
5.2537841796875,1
5.266594886779785,1
5.275956153869629,1
5.232159614562988,1
5.215721130371094,1
5.2619476318359375,1
5.23606014251709,1
5.329978942871094,1
5.308114051818848,1
5.291949272155762,1
5.213271141052246,1
5.236735820770264,1
5.199878215789795,1
5.2785749435424805,1
5.294068813323975,1
5.237889766693115,1
5.236319541931152,1
5.226322174072266,1
5.174108505249023,1
5.204535484313965,1
5.2414093017578125,1
5.242132186889648,1
5.258599758148193,1
5.251833915710449,1
5.324771404266357,1
5.287424087524414,1
5.3293046951293945,1
5.306998252868652,1
5.284643173217773,1
5.260769367218018,1
5.27082633972168,1
5.149799823760986,1
5.218279838562012,1
5.285378456115723,1
5.26157283782959,1
5.236932754516602,1
5.249708652496338,1
5.267389297485352,1
5.344693183898926,1
5.175998687744141,1
5.228675365447998,1
5.3164215087890625,1
5.248110771179199,1
5.244384765625,1
5.234279632568359,1
5.272561073303223,1
5.187582969665527,1
5.258946895599365,1
5.297599792480469,1
5.241718292236328,1
5.182412147521973,1
5.209681987762451,1
5.284385681152344,1
5.238524913787842,1
5.254006385803223,1
5.244680881500244,1
5.366279125213623,1
5.208588123321533,1
5.2847185134887695,1
5.297553062438965,1
5.29032564163208,1
5.271203994750977,1
5.175777912139893,1
5.083640098571777,1
5.247143268585205,1
5.1993560791015625,1
5.30218505859375,1
5.260003089904785,1
5.164092540740967,1
5.252328395843506,1
5.271620750427246,1
5.22111701965332,1
5.247541427612305,1
5.132676124572754,1
5.235894203186035,1
5.285972595214844,1
5.258208274841309,1
5.165799140930176,1
5.2259202003479,1
5.229715347290039,1
5.1965742111206055,1
5.308557033538818,1
5.247610092163086,1
5.158637523651123,1
5.281519889831543,1
5.195688247680664,1
5.238396644592285,1
5.301131248474121,1
5.289831638336182,1
5.313109874725342,1
5.296399116516113,1
5.183360576629639,1
5.243617057800293,1
5.173710823059082,1
5.193948745727539,1
5.327881813049316,1
5.17791748046875,1
5.2913713455200195,1
5.213886260986328,1
5.271694183349609,1
5.229455947875977,1
5.308763027191162,1
5.253002166748047,1
5.247954368591309,1
5.121049880981445,1
5.138012886047363,1
5.245065689086914,1
5.26782751083374,1
5.270931243896484,1
5.2757368087768555,1
5.166814804077148,1
5.240152359008789,1
5.180487632751465,1
5.238655090332031,1
5.204165935516357,1
5.337212562561035,1
5.218111991882324,1
5.251565456390381,1
5.2275390625,1
5.302103042602539,1
5.241519927978516,1
5.211300849914551,1
5.268232822418213,1
5.238908767700195,1
5.279078006744385,1
5.1910400390625,1
5.181265830993652,1
5.2667317390441895,1
5.237645149230957,1
5.204593658447266,1
5.226151466369629,1
5.334468364715576,1
5.1948041915893555,1
5.328768730163574,1
5.178345680236816,1
5.17659854888916,1
5.2605743408203125,1
5.17671012878418,1
5.281846046447754,1
5.271657943725586,1
5.218698024749756,1
5.168288230895996,1
5.331816673278809,1
5.234312057495117,1
5.251794815063477,1
5.194218635559082,1
5.245843887329102,1
5.393670558929443,1
5.322858810424805,1
5.286759376525879,1
5.20157527923584,1
5.246421813964844,1
5.212982177734375,1
5.303169250488281,1
5.152770519256592,1
5.270994186401367,1
5.221137046813965,1
5.239986419677734,1
5.242248058319092,1
5.264687538146973,1
5.218893051147461,1
5.2488250732421875,1
5.251987934112549,1
5.233132362365723,1
5.255742073059082,1
5.363986492156982,1
5.230196475982666,1
5.25183629989624,1
5.225976943969727,1
5.24199914932251,1
5.140425682067871,1
5.195738792419434,1
5.190495491027832,1
5.1624250411987305,1
5.336389541625977,1
5.220121383666992,1
5.234744071960449,1
5.115187168121338,1
5.1821489334106445,1
5.265368938446045,1
5.278047561645508,1
5.307587146759033,1
5.3810038566589355,1
5.210651874542236,1
5.308679580688477,1
5.255686283111572,1
5.273726463317871,1
5.224023818969727,1
5.193212985992432,1
5.215915679931641,1
5.194892883300781,1
5.28117036819458,1
5.250241756439209,1
5.295612812042236,1
5.315583229064941,1
5.157792568206787,1
5.244667053222656,1
5.273638725280762,1
5.244658470153809,1
5.256927490234375,1
5.2841997146606445,1
5.334830284118652,1
5.240256309509277,1
5.170270919799805,1
5.155560493469238,1
5.2612714767456055,1
5.306501388549805,1
5.24646520614624,1
5.215455055236816,1
5.2598137855529785,1
5.161297798156738,1
5.255093097686768,1
5.198545932769775,1
5.29046106338501,1
5.199973106384277,1
5.240452766418457,1
5.325300693511963,1
5.247372627258301,1
5.211962699890137,1
5.258874416351318,1
5.287068843841553,1
5.281373023986816,1
5.227952003479004,1
5.3130784034729,1
5.2645745277404785,1
5.231660842895508,1
5.248190402984619,1
5.280938625335693,1
5.230108261108398,1
5.257741451263428,1
5.275991916656494,1
5.227886199951172,1
5.244611740112305,1
5.302177429199219,1
5.161797523498535,1
5.2792558670043945,1
5.254299163818359,1
5.203754901885986,1
5.382628440856934,1
5.1866607666015625,1
5.2516326904296875,1
5.223170280456543,1
5.175868034362793,1
5.25377893447876,1
5.2397894859313965,1
5.253988742828369,1
5.170623302459717,1
5.252915382385254,1
5.176553726196289,1
5.150362968444824,1
5.325556755065918,1
5.284173011779785,1
5.292613983154297,1
5.24931526184082,1
5.2781476974487305,1
5.196303367614746,1
5.2065324783325195,1
5.131287097930908,1
5.238912105560303,1
5.179595947265625,1
5.244633197784424,1
5.146907806396484,1
5.221614837646484,1
5.299583435058594,1
5.3274688720703125,1
5.271972179412842,1
5.263211727142334,1
5.251420021057129,1
5.262737274169922,1
5.198857307434082,1
5.2679572105407715,1
5.245657920837402,1
5.235034942626953,1
5.1064839363098145,1
5.168448448181152,1
5.221654415130615,1
5.30095100402832,1
5.345939636230469,1
5.166792869567871,1
5.255069255828857,1
5.172907829284668,1
5.241303443908691,1
5.287367343902588,1
5.160612106323242,1
5.2530035972595215,1
5.1847944259643555,1
5.230746746063232,1
5.349666595458984,1
5.339596748352051,1
5.234701156616211,1
5.150300979614258,1
5.2668867111206055,1
5.220592498779297,1
5.317594528198242,1
5.311968803405762,1
5.23701286315918,1
5.276085376739502,1
5.234513282775879,1
5.290064811706543,1
5.231265068054199,1
5.262773036956787,1
5.225900650024414,1
5.262886047363281,1
5.238919258117676,1
5.264399528503418,1
5.325450897216797,1
5.204950332641602,1
5.313693046569824,1
5.340543270111084,1
5.251335144042969,1
5.259271621704102,1
5.234411239624023,1
5.208876609802246,1
5.280006408691406,1
5.224177360534668,1
5.283817291259766,1
5.251169204711914,1
5.2858781814575195,1
5.214427947998047,1
5.345237731933594,1
5.270448684692383,1
5.212553024291992,1
5.353642463684082,1
5.236793518066406,1
5.220963954925537,1
5.246067047119141,1
5.263666152954102,1
5.211273193359375,1
5.284612655639648,1
5.250549793243408,1
5.171664714813232,1
5.288330554962158,1
5.23488187789917,1
5.241008281707764,1
5.2992844581604,1
5.363379955291748,1
5.171209335327148,1
5.2890825271606445,1
5.33438777923584,1
5.289149761199951,1
5.20130729675293,1
5.278689861297607,1
5.192070007324219,1
5.227616310119629,1
5.325613975524902,1
5.279280185699463,1
5.243285655975342,1
5.232049942016602,1
5.250626564025879,1
5.2518510818481445,1
5.216646671295166,1
5.322513580322266,1
5.299456596374512,1
5.2034912109375,1
5.318904876708984,1
5.271827697753906,1
5.294048309326172,1
5.245918273925781,1
5.189303874969482,1
5.153564453125,1
5.2566680908203125,1
5.235177040100098,1
5.223233699798584,1
5.2852253913879395,1
5.149863243103027,1
5.161767959594727,1
5.2545013427734375,1
5.229265213012695,1
5.282182693481445,1
5.194941997528076,1
5.256457328796387,1
5.337911605834961,1
5.207237243652344,1
5.216706275939941,1
5.358825206756592,1
5.2679948806762695,1
5.134037017822266,1
5.203157424926758,1
5.230876445770264,1
5.234373092651367,1
5.221565246582031,1
5.277645111083984,1
5.2338714599609375,1
5.303200721740723,1
5.276853561401367,1
5.244726181030273,1
5.259498596191406,1
5.228557109832764,1
5.294472694396973,1
5.226482391357422,1
5.301672458648682,1
5.24753999710083,1
5.1835479736328125,1
5.2405290603637695,1
5.181591510772705,1
5.194125175476074,1
5.245429039001465,1
5.250704288482666,1
5.3159918785095215,1
5.21399450302124,1
5.3098673820495605,1
5.316457748413086,1
5.259373664855957,1
5.206493377685547,1
5.224932670593262,1
5.208377838134766,1
5.261888027191162,1
5.244333744049072,1
5.360061168670654,1
5.227878570556641,1
5.1058349609375,1
5.1883158683776855,1
5.2294182777404785,1
5.244405746459961,1
5.239429950714111,1
5.273796081542969,1
5.297966957092285,1
5.260171890258789,1
5.175604820251465,1
5.231257438659668,1
5.230947017669678,1
5.208266258239746,1
5.265998840332031,1
5.221121311187744,1
5.199056625366211,1
5.184084415435791,1
5.248907566070557,1
5.109470367431641,1
5.149279594421387,1
5.258176326751709,1
5.272192001342773,1
5.148519992828369,1
5.23288631439209,1
5.28578519821167,1
5.329771995544434,1
5.30226993560791,1
5.255098342895508,1
5.230520248413086,1
5.136199951171875,1
5.31773567199707,1
5.241520404815674,1
5.340617656707764,1
5.19356632232666,1
5.22761869430542,1
5.312662124633789,1
5.327531814575195,1
5.286142349243164,1
5.197998523712158,1
5.179470062255859,1
5.314939022064209,1
5.288248538970947,1
5.268404960632324,1
5.229548454284668,1
5.285501480102539,1
5.198965549468994,1
5.148007869720459,1
5.352331638336182,1
5.241289138793945,1
5.224725723266602,1
5.1309943199157715,1
5.275591850280762,1
5.18126106262207,1
5.1895246505737305,1
5.342577934265137,1
5.215451240539551,1
5.255429267883301,1
5.243214130401611,1
5.225010871887207,1
5.288357734680176,1
5.219168663024902,1
5.270541667938232,1
5.237086296081543,1
5.251745223999023,1
5.282073974609375,1
5.267614364624023,1
5.29755973815918,1
5.261387825012207,1
5.1932783126831055,1
5.211008548736572,1
5.316584587097168,1
5.140507698059082,1
5.358831405639648,1
5.105695724487305,1
5.234662055969238,1
5.238269805908203,1
5.269837856292725,1
5.194744110107422,1
5.332348823547363,1
5.217334747314453,1
5.212425231933594,1
5.30927848815918,1
5.234864711761475,1
5.22353458404541,1
5.305706977844238,1
5.217353820800781,1
5.1501617431640625,1
5.220478057861328,1
5.231166839599609,1
5.168734550476074,1
5.218080520629883,1
5.2027587890625,1
5.186942100524902,1
5.1908698081970215,1
5.179385185241699,1
5.282477378845215,1
5.3489179611206055,1
5.242103576660156,1
5.1655988693237305,1
5.301537036895752,1
5.360729217529297,1
5.322843551635742,1
5.233348846435547,1
5.317888259887695,1
5.2320146560668945,1
5.194983959197998,1
5.250694274902344,1
5.265617370605469,1
5.284797668457031,1
5.25360107421875,1
5.201611518859863,1
5.2565202713012695,1
5.371243476867676,1
5.2613630294799805,1
5.219206809997559,1
5.238038539886475,1
5.18924617767334,1
5.304169654846191,1
5.250453948974609,1
5.250690937042236,1
5.140656471252441,1
5.2504119873046875,1
5.3139848709106445,1
5.217403411865234,1
5.220475196838379,1
5.27351713180542,1
5.285759925842285,1
5.273863315582275,1
5.203597068786621,1
5.146228790283203,1
5.251491546630859,1
5.199005603790283,1
5.167874336242676,1
5.265872955322266,1
5.245263576507568,1
5.263253211975098,1
5.247440338134766,1
5.219885349273682,1
5.285825729370117,1
5.251317501068115,1
5.230447769165039,1
5.228236675262451,1
5.248357772827148,1
5.274179458618164,1
5.266864776611328,1
5.214776515960693,1
5.235674858093262,1
5.330766677856445,1
5.283725738525391,1
5.24471378326416,1
5.32011604309082,1
5.344583511352539,1
5.244004249572754,1
5.245512962341309,1
5.233168601989746,1
5.261867046356201,1
5.291014671325684,1
5.218343734741211,1
5.313668251037598,1
5.224560737609863,1
5.245025157928467,1
5.281271457672119,1
5.192265033721924,1
5.155238151550293,1
5.1864166259765625,1
5.1461896896362305,1
5.261005401611328,1
5.241459369659424,1
5.173348903656006,1
5.283016204833984,1
5.2000226974487305,1
5.2050580978393555,1
5.241168975830078,1
5.177515506744385,1
5.2860212326049805,1
5.271531105041504,1
5.215295791625977,1
5.25469970703125,1
5.200011253356934,1
5.226866245269775,1
5.18566370010376,1
5.089832305908203,1
5.246712684631348,1
5.185908317565918,1
5.204256057739258,1
5.3371052742004395,1
5.331872940063477,1
5.251081466674805,1
5.250158309936523,1
5.2466936111450195,1
5.174802780151367,1
5.343094825744629,1
5.233929634094238,1
5.3346757888793945,1
5.208132743835449,1
5.290883541107178,1
5.1964216232299805,1
5.233020782470703,1
5.140982151031494,1
5.32135534286499,1
5.238738059997559,1
5.246874809265137,1
5.26287841796875,1
5.265790939331055,1
5.291611671447754,1
5.28644323348999,1
5.18365478515625,1
5.341639518737793,1
5.222171783447266,1
5.244197845458984,1
5.1853132247924805,1
5.188961029052734,1
5.225667476654053,1
5.334568500518799,1
5.268927574157715,1
5.231292247772217,1
5.188742637634277,1
5.226829528808594,1
5.158840656280518,1
5.1240434646606445,1
5.191733360290527,1
5.265985488891602,1
5.317379951477051,1
5.202554225921631,1
5.35107421875,1
5.206903457641602,1
5.288252830505371,1
5.1565842628479,1
5.230193138122559,1
5.246463298797607,1
5.245080947875977,1
5.194160461425781,1
5.227190971374512,1
5.332555770874023,1
5.268311977386475,1
5.196745872497559,1
5.26255464553833,1
5.3037261962890625,1
5.232317924499512,1
5.118602752685547,1
5.225106239318848,1
5.198631286621094,1
5.239152431488037,1
5.244961261749268,1
5.259668350219727,1
5.268610954284668,1
5.2937798500061035,1
5.254178047180176,1
5.223142623901367,1
5.3253302574157715,1
5.189907550811768,1
5.241869926452637,1
5.221779823303223,1
5.191843032836914,1
5.2220048904418945,1
5.248351097106934,1
5.255739212036133,1
5.280868053436279,1
5.230544090270996,1
5.234042644500732,1
5.217884063720703,1
5.220877170562744,1
5.275151252746582,1
5.197787284851074,1
5.141951560974121,1
5.25424861907959,1
5.259955406188965,1
5.287664413452148,1
5.148581504821777,1
5.260337829589844,1
5.26397705078125,1
5.1778717041015625,1
5.352884292602539,1
5.145015716552734,1
5.20454740524292,1
5.206915855407715,1
5.300863742828369,1
5.234152317047119,1
5.307561874389648,1
5.32736873626709,1
5.253864765167236,1
5.240474700927734,1
5.232769012451172,1
5.259942054748535,1
5.259084701538086,1
5.247150897979736,1
5.259160995483398,1
5.215420722961426,1
5.276894569396973,1
5.274397373199463,1
5.217652320861816,1
5.3132429122924805,1
5.308681488037109,1
5.172573566436768,1
5.225870609283447,1
5.228933811187744,1
5.306952476501465,1
5.147177696228027,1
5.1836137771606445,1
5.267536163330078,1
5.281033039093018,1
5.198768615722656,1
5.298494338989258,1
5.228796005249023,1
5.221723556518555,1
5.2556352615356445,1
5.283351898193359,1
5.256291389465332,1
5.098523139953613,1
5.216674327850342,1
5.195205211639404,1
5.264629364013672,1
5.2490553855896,1
5.234454154968262,1
5.228553295135498,1
5.194387435913086,1
5.268911361694336,1
5.284067153930664,1
5.186922073364258,1
5.190922737121582,1
5.2644243240356445,1
5.1939215660095215,1
5.2271952629089355,1
5.315321922302246,1
5.2137861251831055,1
5.249517440795898,1
5.287674427032471,1
5.217873573303223,1
5.297097206115723,1
5.232795238494873,1
5.2607879638671875,1
5.273015022277832,1
5.3155107498168945,1
5.2305450439453125,1
5.176486968994141,1
5.254714488983154,1
5.3181915283203125,1
5.299797058105469,1
5.2176513671875,1
5.309713363647461,1
5.271531105041504,1
5.199841499328613,1
5.332006454467773,1
5.309164524078369,1
5.382891654968262,1
5.284024238586426,1
5.212660312652588,1
5.230035781860352,1
5.256991863250732,1
5.279657363891602,1
5.236891746520996,1
5.291082382202148,1
5.228970527648926,1
5.231441020965576,1
5.239316940307617,1
5.2698822021484375,1
5.364067554473877,1
5.232500076293945,1
5.16036319732666,1
5.251840591430664,1
5.254561424255371,1
5.185583114624023,1
5.159082412719727,1
5.353306770324707,1
5.214421272277832,1
5.372872352600098,1
5.172297477722168,1
5.257119178771973,1
5.288922309875488,1
5.199536323547363,1
5.281358242034912,1
5.329649448394775,1
5.196043968200684,1
5.152743339538574,1
5.3040771484375,1
5.236273765563965,1
5.192721366882324,1
5.203620433807373,1
5.207316875457764,1
5.228572368621826,1
5.16436767578125,1
5.336540699005127,1
5.1633195877075195,1
5.266517162322998,1
5.164161682128906,1
5.18458890914917,1
5.283368110656738,1
5.237399101257324,1
5.328011512756348,1
5.149786949157715,1
5.242597579956055,1
5.187750339508057,1
5.250539779663086,1
5.209982872009277,1
5.2157182693481445,1
5.259943008422852,1
5.2664794921875,1
5.357724189758301,1
5.253602027893066,1
5.326642036437988,1
5.301696300506592,1
5.294308662414551,1
5.2043046951293945,1
5.254585266113281,1
5.295928001403809,1
5.305091857910156,1
5.1967315673828125,1
5.246034622192383,1
5.214109420776367,1
5.234837532043457,1
5.302672386169434,1
5.159587860107422,1
5.21588659286499,1
5.249534606933594,1
5.274225234985352,1
5.210265159606934,1
5.263010025024414,1
5.224875450134277,1
5.269761085510254,1
5.258646488189697,1
5.200348854064941,1
5.329399108886719,1
5.23418664932251,1
5.2439069747924805,1
5.162999629974365,1
5.175602912902832,1
5.246413230895996,1
5.165065765380859,1
5.258728504180908,1
5.254531383514404,1
5.280611991882324,1
5.226022243499756,1
5.210358619689941,1
5.265592575073242,1
5.231280326843262,1
5.294462203979492,1
5.224987506866455,1
5.3399128913879395,1
5.189352035522461,1
5.233196258544922,1
5.257356643676758,1
5.307157516479492,1
5.2346296310424805,1
5.3066511154174805,1
5.1863861083984375,1
5.200725078582764,1
5.227819442749023,1
5.127132415771484,1
5.234708786010742,1
5.267797470092773,1
5.229590892791748,1
5.237076282501221,1
5.281044960021973,1
5.336584091186523,1
5.196164131164551,1
5.214223861694336,1
5.298002243041992,1
5.298181533813477,1
5.260000228881836,1
5.227969646453857,1
5.271414279937744,1
5.248833656311035,1
5.156525611877441,1
5.268642902374268,1
5.159735679626465,1
5.265035629272461,1
5.214902877807617,1
5.241785049438477,1
5.2710723876953125,1
5.16780948638916,1
5.1929521560668945,1
5.104572772979736,1
5.170021057128906,1
5.22561502456665,1
5.308869361877441,1
5.254848480224609,1
5.276902198791504,1
5.288050651550293,1
5.176154613494873,1
5.278778553009033,1
5.2781195640563965,1
5.242470741271973,1
5.220654010772705,1
5.331101894378662,1
5.227964401245117,1
5.288190841674805,1
5.314861297607422,1
5.214158058166504,1
5.198949813842773,1
5.139645576477051,1
5.309835910797119,1
5.2372541427612305,1
5.259731292724609,1
5.188486576080322,1
5.36037540435791,1
5.215868949890137,1
5.366967678070068,1
5.248254299163818,1
5.358776092529297,1
5.27611780166626,1
5.188735485076904,1
5.207460403442383,1
5.259706497192383,1
5.19506311416626,1
5.259652614593506,1
5.235466480255127,1
5.22650671005249,1
5.2027482986450195,1
5.253748893737793,1
5.206243515014648,1
5.248832702636719,1
5.28644323348999,1
5.225744247436523,1
5.220024585723877,1
5.227931976318359,1
5.186395645141602,1
5.226863861083984,1
5.232028007507324,1
5.218764305114746,1
5.256497383117676,1
5.1570868492126465,1
5.2461042404174805,1
5.219729423522949,1
5.259337902069092,1
5.122031211853027,1
5.186264991760254,1
5.303215980529785,1
5.282037734985352,1
5.236970901489258,1
5.198203086853027,1
5.156520843505859,1
5.271061897277832,1
5.244598865509033,1
5.244426727294922,1
5.141090393066406,1
5.21132755279541,1
5.2456865310668945,1
5.210920333862305,1
5.191498279571533,1
5.268534183502197,1
5.309085369110107,1
5.239046096801758,1
5.183466911315918,1
5.3833208084106445,1
5.227507591247559,1
5.233342170715332,1
5.21128511428833,1
5.233631134033203,1
5.331353187561035,1
5.332749843597412,1
5.202751636505127,1
5.281414985656738,1
5.330490589141846,1
5.180856704711914,1
5.12465763092041,1
5.245298385620117,1
5.192286491394043,1
5.18760871887207,1
5.246770858764648,1
5.1517720222473145,1
5.284510612487793,1
5.241128921508789,1
5.2284955978393555,1
5.133329391479492,1
5.3927106857299805,1
5.245627403259277,1
5.2783918380737305,1
5.349876880645752,1
5.149166107177734,1
5.271300315856934,1
5.277986526489258,1
5.321294784545898,1
5.240304946899414,1
5.302570343017578,1
5.246726989746094,1
5.321042060852051,1
5.23529052734375,1
5.2424116134643555,1
5.2697906494140625,1
5.262449264526367,1
5.228770732879639,1
5.282376766204834,1
5.253464698791504,1
5.236292362213135,1
5.255417346954346,1
5.2968831062316895,1
5.276397228240967,1
5.229352951049805,1
5.206730842590332,1
5.293727874755859,1
5.174714088439941,1
5.188713550567627,1
5.272573471069336,1
5.183310508728027,1
5.276766300201416,1
5.333379745483398,1
5.258635520935059,1
5.29095983505249,1
5.162109851837158,1
5.179581165313721,1
5.247460842132568,1
5.288045883178711,1
5.156398773193359,1
5.251357078552246,1
5.205979347229004,1
5.17281436920166,1
5.164031028747559,1
5.162555694580078,1
5.257701396942139,1
5.238717555999756,1
5.233565807342529,1
5.2779951095581055,1
5.229033946990967,1
5.289585113525391,1
5.190269470214844,1
5.215342044830322,1
5.287219047546387,1
5.275084495544434,1
5.216209411621094,1
5.289634704589844,1
5.212186336517334,1
5.273898124694824,1
5.237573623657227,1
5.177957534790039,1
5.3901238441467285,1
5.303920269012451,1
5.19870662689209,1
5.198418140411377,1
5.298215866088867,1
5.252086639404297,1
5.178194522857666,1
5.360276222229004,1
5.244643211364746,1
5.278081893920898,1
5.299513816833496,1
5.236346244812012,1
5.239835739135742,1
5.249321937561035,1
5.245123386383057,1
5.1706976890563965,1
5.254879951477051,1
5.319572448730469,1
5.224210739135742,1
5.2317609786987305,1
5.171152591705322,1
5.239675521850586,1
5.256525993347168,1
5.275216102600098,1
5.255942344665527,1
5.16029167175293,1
5.19010066986084,1
5.226714134216309,1
5.258852005004883,1
5.288078308105469,1
5.206851005554199,1
5.219148635864258,1
5.252780914306641,1
5.199550151824951,1
5.243764877319336,1
5.236452579498291,1
5.270973205566406,1
5.327930450439453,1
5.344207286834717,1
5.178123950958252,1
5.233495712280273,1
5.387104511260986,1
5.363725185394287,1
5.267833709716797,1
5.307537078857422,1
5.137726783752441,1
5.190671443939209,1
5.344620704650879,1
5.142806053161621,1
5.23899507522583,1
5.240002155303955,1
5.191195964813232,1
5.248937129974365,1
5.316384315490723,1
5.17263126373291,1
5.225269794464111,1
5.248178958892822,1
5.273996353149414,1
5.187726020812988,1
5.27933406829834,1
5.2429304122924805,1
5.258646011352539,1
5.248978614807129,1
5.281753063201904,1
5.271324157714844,1
5.239450454711914,1
5.2759270668029785,1
5.301322937011719,1
5.272307872772217,1
5.244129180908203,1
5.2868804931640625,1
5.224722862243652,1
5.271470546722412,1
5.206856727600098,1
5.279244422912598,1
5.287434101104736,1
5.284578323364258,1
5.297242164611816,1
5.328198432922363,1
5.2952728271484375,1
5.164673805236816,1
5.161621570587158,1
5.22178840637207,1
5.260963439941406,1
5.280036449432373,1
5.258303642272949,1
5.238800048828125,1
5.310744762420654,1
5.204471588134766,1
5.189199447631836,1
5.284739971160889,1
5.224549293518066,1
5.254053115844727,1
5.203804969787598,1
5.277512550354004,1
5.230766773223877,1
