1.8103357553482056,1
1.470282793045044,1
1.4380066394805908,1
2.053318738937378,1
1.5402263402938843,1
1.6563522815704346,1
1.9962915182113647,1
1.903954029083252,1
1.5162062644958496,1
1.7848752737045288,1
1.2571507692337036,1
2.5817623138427734,1
1.7179279327392578,1
2.221628427505493,1
1.1613919734954834,1
1.6354132890701294,1
2.001110076904297,1
1.9925695657730103,1
1.856793999671936,1
2.267056941986084,1
2.323122978210449,1
1.451220154762268,1
1.776641845703125,1
1.5403896570205688,1
1.9299304485321045,1
2.039952278137207,1
1.6535841226577759,1
2.0091099739074707,1
3.143749237060547,1
2.7791943550109863,1
2.30037784576416,1
2.2830450534820557,1
1.320922613143921,1
1.337007761001587,1
3.711941719055176,1
1.5577423572540283,1
1.8229248523712158,1
2.1509861946105957,1
2.5303149223327637,1
1.8130745887756348,1
1.0364161729812622,1
1.1514267921447754,1
2.0945918560028076,1
2.276782512664795,1
1.2767120599746704,1
2.621401786804199,1
2.4167613983154297,1
1.8534867763519287,1
1.9768387079238892,1
2.4928383827209473,1
2.437244176864624,1
2.0763344764709473,1
2.247985363006592,1
1.0872678756713867,1
1.5779093503952026,1
1.7368223667144775,1
1.5037994384765625,1
1.7088632583618164,1
1.2715394496917725,1
1.2545994520187378,1
1.2813365459442139,1
2.2113196849823,1
1.200318455696106,1
2.0016062259674072,1
1.5128817558288574,1
1.7370092868804932,1
1.4562537670135498,1
1.4528088569641113,1
1.2039999961853027,1
1.1948529481887817,1
1.0783663988113403,1
1.6096550226211548,1
1.1178646087646484,1
3.917728900909424,1
2.1767725944519043,1
2.4674055576324463,1
2.270867347717285,1
2.3628644943237305,1
1.9931304454803467,1
1.7115793228149414,1
2.4254584312438965,1
2.5759975910186768,1
3.808584690093994,1
2.7592010498046875,1
2.3121767044067383,1
2.9185101985931396,1
3.2222471237182617,1
2.8874831199645996,1
5.151582717895508,1
2.9420251846313477,1
2.6983892917633057,1
2.965205669403076,1
2.93325138092041,1
2.4315404891967773,1
2.46687650680542,1
3.026744842529297,1
2.0011117458343506,1
1.804365634918213,1
2.2802724838256836,1
1.948760747909546,1
1.0784461498260498,1
1.4213998317718506,1
17.969562530517578,1
2.8698766231536865,1
3.6061301231384277,1
1.8708641529083252,1
2.2209692001342773,1
2.117553234100342,1
2.86452054977417,1
3.1067681312561035,1
2.8530664443969727,1
2.938483238220215,1
2.2511019706726074,1
2.0877885818481445,1
3.146749258041382,1
3.003739833831787,1
1.8434810638427734,1
1.670077919960022,1
2.8145198822021484,1
1.6051206588745117,1
1.4256811141967773,1
1.6150624752044678,1
1.5334066152572632,1
1.2604823112487793,1
2.503577947616577,1
1.839206576347351,1
1.5694451332092285,1
1.9644086360931396,1
1.770202875137329,1
1.840458869934082,1
2.111279249191284,1
1.952783465385437,1
1.7616090774536133,1
2.5797579288482666,1
4.862011909484863,1
2.049220323562622,1
1.8990592956542969,1
1.764326572418213,1
1.4739822149276733,1
1.8653795719146729,1
2.5644755363464355,1
1.8754041194915771,1
1.829925298690796,1
2.240960121154785,1
2.585020065307617,1
2.286129951477051,1
2.423339366912842,1
1.9118856191635132,1
1.949385404586792,1
1.5400145053863525,1
2.325493335723877,1
2.3517611026763916,1
2.2426140308380127,1
2.4127140045166016,1
1.5764222145080566,1
1.9350337982177734,1
1.7833845615386963,1
1.134246826171875,1
1.303015947341919,1
1.7053544521331787,1
1.8079822063446045,1
2.0965685844421387,1
2.131779193878174,1
1.4169939756393433,1
1.6905311346054077,1
3.3359856605529785,1
2.8388209342956543,1
1.969146728515625,1
2.4201555252075195,1
2.7116646766662598,1
2.8804783821105957,1
1.705432415008545,1
2.0784552097320557,1
2.3441901206970215,1
1.7278099060058594,1
1.4668378829956055,1
1.7647275924682617,1
1.7117745876312256,1
2.5909805297851563,1
2.341992139816284,1
2.117172956466675,1
1.718026041984558,1
2.4207520484924316,1
1.4242324829101563,1
1.6906229257583618,1
2.1777400970458984,1
2.483625888824463,1
1.6773264408111572,1
1.8389639854431152,1
2.4101970195770264,1
2.35628080368042,1
4.201615333557129,1
1.0978567600250244,1
1.4277229309082031,1
1.474484920501709,1
2.25319242477417,1
2.5618295669555664,1
2.8235723972320557,1
2.171158790588379,1
2.326180934906006,1
1.9801262617111206,1
2.0122029781341553,1
1.8055778741836548,1
1.9126710891723633,1
2.201585054397583,1
2.553518772125244,1
1.6008983850479126,1
13.206722259521484,1
2.14736270904541,1
7.352272033691406,1
4.540450096130371,1
2.787989377975464,1
2.272071123123169,1
2.1428542137145996,1
3.652548313140869,1
3.3964834213256836,1
7.329311370849609,1
3.137998104095459,1
3.4264187812805176,1
3.117142677307129,1
2.966648817062378,1
3.568422794342041,1
5.798190593719482,1
3.5456302165985107,1
3.6112213134765625,1
3.7903332710266113,1
2.6702914237976074,1
3.364266872406006,1
3.0171141624450684,1
2.923978805541992,1
3.184108257293701,1
4.716506481170654,1
3.55961537361145,1
3.3961544036865234,1
2.9654147624969482,1
2.8767824172973633,1
3.074371337890625,1
2.910008430480957,1
3.0423896312713623,1
3.3353018760681152,1
3.5665886402130127,1
2.3350372314453125,1
2.288729667663574,1
2.0319182872772217,1
2.8599586486816406,1
2.72800350189209,1
3.704969882965088,1
2.4171254634857178,1
3.2360382080078125,1
3.121511220932007,1
3.131732702255249,1
3.309157609939575,1
2.653822898864746,1
3.474564790725708,1
2.3089141845703125,1
1.9906220436096191,1
1.8341500759124756,1
2.1245365142822266,1
1.8077139854431152,1
2.493659734725952,1
2.060957908630371,1
2.248997449874878,1
2.749504566192627,1
2.401186227798462,1
2.404599666595459,1
2.1972806453704834,1
1.8889306783676147,1
2.3710482120513916,1
1.6813734769821167,1
1.9519689083099365,1
2.1404857635498047,1
3.2733664512634277,1
2.876885414123535,1
2.009465217590332,1
2.2889809608459473,1
1.8632915019989014,1
1.9015918970108032,1
2.461707353591919,1
2.260054588317871,1
3.170841932296753,1
2.013511896133423,1
2.1727347373962402,1
3.0897579193115234,1
3.081190586090088,1
1.2977944612503052,1
2.284670829772949,1
2.1607506275177,1
2.2759249210357666,1
3.1321778297424316,1
3.2050621509552,1
1.5952701568603516,1
1.6361416578292847,1
1.7978248596191406,1
2.8596878051757813,1
3.331054449081421,1
2.459378480911255,1
2.0895237922668457,1
2.852588653564453,1
3.2899553775787354,1
3.628251791000366,1
3.272622585296631,1
2.6250691413879395,1
1.9170584678649902,1
2.2656302452087402,1
2.808769941329956,1
3.063897132873535,1
1.9846757650375366,1
1.9756639003753662,1
2.180854320526123,1
3.0298728942871094,1
3.6484923362731934,1
2.2515053749084473,1
2.091714859008789,1
1.4974247217178345,1
1.8891270160675049,1
2.1658549308776855,1
2.7769739627838135,1
2.585467576980591,1
2.9504499435424805,1
2.418308734893799,1
2.273890495300293,1
4.308690071105957,1
2.9299068450927734,1
2.565037488937378,1
2.759082794189453,1
2.272822856903076,1
3.0568904876708984,1
3.0769758224487305,1
3.945049524307251,1
2.7383365631103516,1
2.7396044731140137,1
2.31886625289917,1
1.8745309114456177,1
2.470806837081909,1
2.6166791915893555,1
2.380377769470215,1
2.700920343399048,1
2.417668342590332,1
4.567983627319336,1
2.021131992340088,1
1.8256818056106567,1
2.1540298461914063,1
1.7722814083099365,1
1.9178407192230225,1
1.9538530111312866,1
1.7122507095336914,1
2.259598731994629,1
2.670797824859619,1
2.836940288543701,1
2.6233980655670166,1
1.9390449523925781,1
1.8889670372009277,1
2.037813901901245,1
1.9414372444152832,1
1.6206703186035156,1
1.4890415668487549,1
2.478759288787842,1
2.5100605487823486,1
1.2247756719589233,1
1.7911596298217773,1
2.0546624660491943,1
1.2219775915145874,1
0.9848513007164001,1
2.324852228164673,1
2.5743722915649414,1
2.6884851455688477,1
2.3150131702423096,1
4.424692153930664,1
2.511025905609131,1
2.7617697715759277,1
2.2578277587890625,1
1.8840198516845703,1
1.9862276315689087,1
1.9038666486740112,1
1.963724970817566,1
2.1647748947143555,1
2.00742769241333,1
2.01566743850708,1
1.6986732482910156,1
2.015280246734619,1
2.5034303665161133,1
1.9244805574417114,1
2.01647686958313,1
2.6326255798339844,1
2.4413249492645264,1
2.341536045074463,1
2.4280924797058105,1
2.2002341747283936,1
1.800279140472412,1
3.1364734172821045,1
2.4171152114868164,1
3.468998432159424,1
2.9210286140441895,1
2.9607648849487305,1
2.617335796356201,1
2.3338329792022705,1
2.7262887954711914,1
1.89788818359375,1
2.1951451301574707,1
1.8957674503326416,1
1.79427969455719,1
2.0513267517089844,1
2.8733081817626953,1
4.192889213562012,1
5.645238399505615,1
3.4695019721984863,1
2.478145122528076,1
2.797978401184082,1
3.414790630340576,1
3.201897144317627,1
2.9626712799072266,1
3.643634796142578,1
2.4703094959259033,1
4.680596351623535,1
2.4888930320739746,1
1.7184590101242065,1
1.568696141242981,1
3.5226426124572754,1
3.105956792831421,1
2.1678144931793213,1
2.844451427459717,1
2.793400287628174,1
2.636777877807617,1
2.5855798721313477,1
2.4048447608947754,1
2.959845542907715,1
2.4811997413635254,1
2.4065208435058594,1
2.0535316467285156,1
1.5805798768997192,1
1.7592077255249023,1
2.0855929851531982,1
2.0325045585632324,1
2.4506077766418457,1
4.9556427001953125,1
2.740330457687378,1
2.888805866241455,1
2.6781363487243652,1
2.7559590339660645,1
1.7999979257583618,1
2.6542463302612305,1
1.5974817276000977,1
2.6018033027648926,1
3.0418548583984375,1
5.126392364501953,1
3.071500062942505,1
2.5509555339813232,1
2.2629685401916504,1
4.372817039489746,1
2.4372363090515137,1
4.247415065765381,1
3.738070487976074,1
2.4391441345214844,1
3.37125563621521,1
2.8045144081115723,1
4.354677200317383,1
2.6159462928771973,1
2.5547657012939453,1
2.3851616382598877,1
2.3343610763549805,1
3.0425760746002197,1
2.0286059379577637,1
1.9235382080078125,1
1.8131017684936523,1
1.922656774520874,1
2.674312114715576,1
3.2527596950531006,1
3.3240671157836914,1
2.377892255783081,1
1.9089521169662476,1
2.434230089187622,1
3.266160249710083,1
2.7764036655426025,1
2.3940582275390625,1
3.1172258853912354,1
3.2083382606506348,1
2.4254839420318604,1
2.5110061168670654,1
2.25120210647583,1
1.7417023181915283,1
2.228391647338867,1
2.4194235801696777,1
2.948479175567627,1
1.8227952718734741,1
1.7724900245666504,1
1.7365679740905762,1
3.1867260932922363,1
1.743222951889038,1
2.1580581665039063,1
1.9760346412658691,1
2.4138875007629395,1
5.374456882476807,1
2.432013988494873,1
2.4684481620788574,1
2.9753191471099854,1
2.657801628112793,1
2.0753393173217773,1
3.436685085296631,1
2.7891008853912354,1
2.426154851913452,1
2.938575267791748,1
2.444819450378418,1
2.550527572631836,1
2.6041030883789063,1
2.329472303390503,1
2.509932518005371,1
2.2411625385284424,1
2.0658998489379883,1
2.3846845626831055,1
2.073046922683716,1
2.954458236694336,1
2.3613128662109375,1
2.2184019088745117,1
2.478046417236328,1
2.7165799140930176,1
1.9211961030960083,1
2.170769453048706,1
2.4949841499328613,1
2.022735118865967,1
1.6515350341796875,1
2.048844337463379,1
2.067066192626953,1
2.5533885955810547,1
2.413708209991455,1
3.239121913909912,1
2.3694639205932617,1
2.4467906951904297,1
2.2953734397888184,1
1.9906575679779053,1
2.2721192836761475,1
3.147714614868164,1
1.792924165725708,1
2.7296857833862305,1
2.7371513843536377,1
2.2757227420806885,1
2.09185791015625,1
2.7396955490112305,1
2.666944742202759,1
2.5912575721740723,1
1.8708560466766357,1
2.274291515350342,1
2.309156894683838,1
2.016098976135254,1
2.171823501586914,1
2.518796682357788,1
2.174495220184326,1
2.186368942260742,1
2.6658260822296143,1
2.3900492191314697,1
2.819549560546875,1
2.001652240753174,1
3.6930947303771973,1
1.881768822669983,1
3.052701711654663,1
3.3087053298950195,1
3.525944232940674,1
2.8536295890808105,1
3.055023670196533,1
3.007425308227539,1
3.658437728881836,1
4.040377616882324,1
3.426093816757202,1
3.6266164779663086,1
4.416035175323486,1
7.828887462615967,1
2.507758855819702,1
3.112710475921631,1
6.178800582885742,1
6.007081985473633,1
4.718781471252441,1
3.272873640060425,1
3.677410364151001,1
3.7524478435516357,1
4.235906600952148,1
3.968688488006592,1
3.577125072479248,1
3.4133808612823486,1
2.3845157623291016,1
2.761385440826416,1
2.2625341415405273,1
1.6822335720062256,1
1.9549338817596436,1
2.8855509757995605,1
2.270613431930542,1
3.4424421787261963,1
3.049945831298828,1
2.093947410583496,1
1.975020408630371,1
2.0821948051452637,1
2.0810821056365967,1
2.719806432723999,1
1.7929179668426514,1
1.9346312284469604,1
3.2126502990722656,1
1.8074493408203125,1
1.6256159543991089,1
2.602524757385254,1
2.717538356781006,1
2.680408000946045,1
2.0448951721191406,1
2.354565143585205,1
1.8060941696166992,1
2.3242363929748535,1
1.5950074195861816,1
1.7955063581466675,1
1.2891215085983276,1
2.6024913787841797,1
1.4847240447998047,1
1.6171209812164307,1
2.311001777648926,1
2.7162375450134277,1
1.7742873430252075,1
2.949532985687256,1
2.987954616546631,1
2.295215129852295,1
2.3819544315338135,1
1.738144874572754,1
2.967764139175415,1
2.7698757648468018,1
2.8064324855804443,1
3.1693105697631836,1
2.0026192665100098,1
2.4535465240478516,1
1.675368070602417,1
2.122040271759033,1
2.136880397796631,1
2.6821978092193604,1
2.595306873321533,1
1.8220134973526,1
1.3737881183624268,1
1.7442271709442139,1
3.8719964027404785,1
2.8553531169891357,1
2.9969592094421387,1
2.282501220703125,1
2.142897605895996,1
1.907027006149292,1
3.2513909339904785,1
2.8773584365844727,1
2.8641271591186523,1
4.747730255126953,1
3.572087049484253,1
3.1505212783813477,1
3.5045034885406494,1
2.987140655517578,1
3.530888557434082,1
2.3093972206115723,1
2.3833985328674316,1
2.9881863594055176,1
2.3803629875183105,1
1.6249277591705322,1
1.8894858360290527,1
1.9127219915390015,1
1.934556245803833,1
2.2181544303894043,1
2.2003936767578125,1
3.435105085372925,1
2.310366630554199,1
2.166313886642456,1
2.0037436485290527,1
2.5031137466430664,1
1.748502492904663,1
1.8923957347869873,1
3.161952495574951,1
2.092377185821533,1
2.8844146728515625,1
2.416851758956909,1
1.8993091583251953,1
2.03487491607666,1
1.6253325939178467,1
2.2016401290893555,1
1.8860434293746948,1
2.174976110458374,1
1.909078598022461,1
1.9929170608520508,1
1.781675100326538,1
4.376791954040527,1
2.105313301086426,1
1.4782025814056396,1
1.8268139362335205,1
2.2147884368896484,1
2.1493093967437744,1
1.3805420398712158,1
1.746361494064331,1
1.201999306678772,1
2.2363533973693848,1
1.4871087074279785,1
1.5515480041503906,1
2.2250890731811523,1
1.8906219005584717,1
1.5926278829574585,1
2.752584457397461,1
2.1455979347229004,1
1.9011101722717285,1
2.3430256843566895,1
2.6336169242858887,1
1.924817681312561,1
2.9026989936828613,1
2.085965156555176,1
1.9286751747131348,1
1.64873468875885,1
1.1943676471710205,1
1.3820081949234009,1
1.9166977405548096,1
1.6725252866744995,1
2.2724990844726563,1
3.0048091411590576,1
1.6054295301437378,1
1.4349842071533203,1
1.5304539203643799,1
2.998445987701416,1
3.211617946624756,1
1.568048357963562,1
1.8056726455688477,1
2.323080062866211,1
1.5162220001220703,1
1.8456816673278809,1
2.2304491996765137,1
2.5291271209716797,1
2.1875905990600586,1
2.1237916946411133,1
2.4455580711364746,1
2.1486897468566895,1
2.2793755531311035,1
1.800525426864624,1
1.8938567638397217,1
1.628767490386963,1
2.007382869720459,1
2.381420612335205,1
2.35347318649292,1
2.0714876651763916,1
2.1878461837768555,1
1.5128018856048584,1
1.812956690788269,1
2.443960189819336,1
1.8558416366577148,1
3.2970104217529297,1
2.8210384845733643,1
2.5041441917419434,1
4.574491024017334,1
2.223883628845215,1
2.493744134902954,1
3.246039390563965,1
3.400686740875244,1
3.0673742294311523,1
3.2253520488739014,1
3.4644174575805664,1
3.058398723602295,1
3.2161755561828613,1
2.9517507553100586,1
2.5792245864868164,1
2.9730358123779297,1
2.507911205291748,1
1.9576841592788696,1
2.9729881286621094,1
3.1447629928588867,1
2.583681583404541,1
2.857754707336426,1
2.187779426574707,1
3.2564709186553955,1
2.1724770069122314,1
3.0917487144470215,1
2.6628284454345703,1
2.3913888931274414,1
2.4745302200317383,1
2.2967615127563477,1
2.12284255027771,1
1.8469328880310059,1
1.89155113697052,1
3.533597230911255,1
2.0101771354675293,1
2.0841856002807617,1
1.3825809955596924,1
2.4627974033355713,1
2.847151517868042,1
2.6804676055908203,1
2.3439583778381348,1
1.828059434890747,1
1.322899341583252,1
2.0519979000091553,1
3.4478819370269775,1
2.434964418411255,1
2.099937915802002,1
2.1936275959014893,1
2.2367091178894043,1
2.3655214309692383,1
3.335914134979248,1
3.211308002471924,1
3.401327610015869,1
3.401292085647583,1
3.13779354095459,1
3.0222182273864746,1
2.2088799476623535,1
2.3527655601501465,1
2.5508482456207275,1
1.891640305519104,1
2.4748497009277344,1
2.624391555786133,1
1.6266605854034424,1
2.5761501789093018,1
2.0627403259277344,1
2.073395013809204,1
1.8179951906204224,1
2.0874786376953125,1
2.041795253753662,1
1.9157295227050781,1
1.506250262260437,1
1.9718976020812988,1
1.5593719482421875,1
2.3313560485839844,1
2.727139711380005,1
2.444124460220337,1
2.261401414871216,1
2.261409282684326,1
1.8652818202972412,1
3.1273937225341797,1
5.9151153564453125,1
3.847871780395508,1
2.421194314956665,1
3.1450705528259277,1
3.032299518585205,1
2.9656312465667725,1
2.548598527908325,1
3.130298614501953,1
2.1581854820251465,1
2.8565149307250977,1
2.338099956512451,1
1.8608534336090088,1
1.9020946025848389,1
3.0433597564697266,1
2.551848888397217,1
1.4092642068862915,1
2.5864744186401367,1
2.306772470474243,1
2.6705009937286377,1
3.2673330307006836,1
2.1526665687561035,1
2.362419366836548,1
2.6694889068603516,1
2.372279167175293,1
3.3408069610595703,1
1.9977500438690186,1
2.128572940826416,1
1.8069148063659668,1
3.3288700580596924,1
1.9689958095550537,1
2.703104019165039,1
1.9499638080596924,1
2.4528982639312744,1
1.9326391220092773,1
1.800270915031433,1
2.6812219619750977,1
2.1021320819854736,1
2.0468692779541016,1
1.9321132898330688,1
2.0120959281921387,1
2.8022043704986572,1
2.193307876586914,1
1.0509039163589478,1
1.7590487003326416,1
1.556710124015808,1
2.2089271545410156,1
1.2419272661209106,1
2.346428632736206,1
2.2317752838134766,1
1.5589184761047363,1
2.4224462509155273,1
2.2685747146606445,1
3.2251713275909424,1
2.2620484828948975,1
2.1589784622192383,1
2.689591407775879,1
2.133305549621582,1
2.29850697517395,1
1.7957950830459595,1
2.2307395935058594,1
2.0819649696350098,1
1.1993060111999512,1
1.5801342725753784,1
2.4133172035217285,1
1.7217398881912231,1
2.3341541290283203,1
1.1831321716308594,1
1.904186487197876,1
1.5500974655151367,1
1.6231238842010498,1
2.298917531967163,1
2.47758150100708,1
1.4391299486160278,1
4.181075096130371,1
2.6076853275299072,1
2.1134603023529053,1
2.260183811187744,1
1.473251223564148,1
1.6460429430007935,1
4.686629295349121,1
3.516761302947998,1
1.7743971347808838,1
3.180591583251953,1
1.9825981855392456,1
2.322007417678833,1
1.9400789737701416,1
1.7107689380645752,1
1.776970386505127,1
1.5727221965789795,1
2.1132354736328125,1
1.5262839794158936,1
2.357402801513672,1
2.847080945968628,1
2.7121424674987793,1
2.45556640625,1
2.1994824409484863,1
1.7378380298614502,1
1.8361287117004395,1
1.6076627969741821,1
2.219082832336426,1
2.416252613067627,1
2.6521754264831543,1
2.689119577407837,1
2.752274990081787,1
3.1464548110961914,1
3.037522792816162,1
2.475621223449707,1
2.015590190887451,1
2.1516642570495605,1
3.62807297706604,1
1.9377992153167725,1
3.104041576385498,1
2.8857593536376953,1
1.9600155353546143,1
1.9150203466415405,1
1.905665636062622,1
1.5485692024230957,1
3.3456802368164063,1
2.556922435760498,1
2.1976752281188965,1
2.1821446418762207,1
1.9031375646591187,1
2.796841859817505,1
1.9893665313720703,1
2.5232434272766113,1
2.262671709060669,1
1.5994644165039063,1
3.983266830444336,1
3.191814422607422,1
3.3667092323303223,1
2.2009458541870117,1
2.4098801612854004,1
3.0122177600860596,1
3.2913308143615723,1
2.3528802394866943,1
3.3776283264160156,1
2.438502311706543,1
2.6975345611572266,1
2.479215621948242,1
2.028337001800537,1
1.906377911567688,1
2.3695733547210693,1
1.791980504989624,1
3.3978848457336426,1
2.3023462295532227,1
2.9933884143829346,1
1.761152744293213,1
2.329918384552002,1
2.058431625366211,1
2.545945644378662,1
2.236548900604248,1
1.8748211860656738,1
2.3109774589538574,1
2.2612152099609375,1
2.2968380451202393,1
1.8118293285369873,1
2.96299147605896,1
2.6689677238464355,1
1.6634750366210938,1
2.760587692260742,1
2.5716428756713867,1
2.146794080734253,1
2.4043614864349365,1
2.3376808166503906,1
2.049348831176758,1
2.212293863296509,1
2.9318292140960693,1
2.137437343597412,1
2.134634256362915,1
3.3055338859558105,1
2.6424882411956787,1
1.897474765777588,1
1.654595136642456,1
2.656191349029541,1
2.0976436138153076,1
1.8635237216949463,1
1.9923325777053833,1
2.4983887672424316,1
1.8996806144714355,1
1.7842460870742798,1
2.5758094787597656,1
2.410562515258789,1
2.2259039878845215,1
2.4379515647888184,1
3.2651262283325195,1
2.3930106163024902,1
2.0545740127563477,1
1.6409361362457275,1
2.483225107192993,1
2.26753568649292,1
2.4102182388305664,1
2.4177350997924805,1
1.6393251419067383,1
1.7179388999938965,1
1.28058660030365,1
1.6980575323104858,1
1.8568257093429565,1
1.8567330837249756,1
1.9286835193634033,1
2.106466770172119,1
2.090667963027954,1
1.6233210563659668,1
1.6822049617767334,1
1.5244150161743164,1
1.8661431074142456,1
2.4641900062561035,1
1.5655570030212402,1
2.4037904739379883,1
2.163384437561035,1
1.5590649843215942,1
2.9995834827423096,1
1.5258142948150635,1
1.3553019762039185,1
3.855175256729126,1
2.79260516166687,1
2.1738243103027344,1
1.7868967056274414,1
3.707242727279663,1
2.533715009689331,1
2.6851534843444824,1
1.9021286964416504,1
2.228538990020752,1
1.8584284782409668,1
1.1403825283050537,1
3.475029945373535,1
3.6360747814178467,1
2.7129335403442383,1
1.9844410419464111,1
2.4808201789855957,1
2.3502461910247803,1
2.051339626312256,1
1.9765526056289673,1
2.691650867462158,1
2.767864942550659,1
2.829989433288574,1
2.1154937744140625,1
2.514949321746826,1
2.248234748840332,1
2.4792580604553223,1
2.472517967224121,1
2.0481717586517334,1
1.8738248348236084,1
2.2836997509002686,1
2.9827051162719727,1
3.700037956237793,1
7.734585285186768,1
3.176521062850952,1
2.7288546562194824,1
2.847623348236084,1
3.495011568069458,1
3.7128117084503174,1
3.8977787494659424,1
4.266098976135254,1
3.743905544281006,1
3.54966139793396,1
3.3193306922912598,1
3.0087857246398926,1
2.9882285594940186,1
3.1421289443969727,1
3.4100308418273926,1
2.843170404434204,1
4.3115739822387695,1
3.3974993228912354,1
5.798538684844971,1
4.071938991546631,1
3.0965917110443115,1
3.605855941772461,1
3.1071839332580566,1
4.0643415451049805,1
3.8521363735198975,1
4.217433929443359,1
3.668840169906616,1
3.7311441898345947,1
3.3256044387817383,1
4.414970397949219,1
4.020594596862793,1
2.8838765621185303,1
2.9140167236328125,1
2.9052577018737793,1
3.8012166023254395,1
3.1339223384857178,1
2.786583185195923,1
2.2165892124176025,1
2.217738628387451,1
1.8142197132110596,1
4.837069511413574,1
4.177471160888672,1
2.9519195556640625,1
1.7166765928268433,1
2.179919719696045,1
3.275447368621826,1
1.9152288436889648,1
3.2001523971557617,1
3.67828106880188,1
2.8078417778015137,1
2.1240477561950684,1
2.6168222427368164,1
2.438143730163574,1
2.9993534088134766,1
2.9874320030212402,1
2.649650812149048,1
2.640698194503784,1
2.470224142074585,1
2.002309799194336,1
1.7090973854064941,1
2.8099427223205566,1
2.762208938598633,1
3.682889938354492,1
5.394443511962891,1
2.100062847137451,1
2.617490530014038,1
2.8244850635528564,1
2.757152795791626,1
2.1572275161743164,1
3.333611011505127,1
2.761972427368164,1
3.0607705116271973,1
2.9404337406158447,1
3.5017566680908203,1
2.973198413848877,1
3.7888951301574707,1
3.0683529376983643,1
2.3722147941589355,1
3.1184515953063965,1
2.4042880535125732,1
2.15702748298645,1
2.2777068614959717,1
3.1416513919830322,1
4.575557708740234,1
1.9834012985229492,1
2.525712490081787,1
2.306919813156128,1
2.0398662090301514,1
2.6457362174987793,1
2.957268714904785,1
2.3209733963012695,1
1.8419438600540161,1
3.113524913787842,1
3.0231781005859375,1
2.576868772506714,1
1.6864272356033325,1
2.3205127716064453,1
1.6832842826843262,1
2.2540173530578613,1
2.0475804805755615,1
1.5695514678955078,1
2.0231261253356934,1
2.1286535263061523,1
2.1411986351013184,1
1.4662632942199707,1
1.5210504531860352,1
2.0756380558013916,1
1.916164517402649,1
2.6635451316833496,1
2.542335033416748,1
2.7242043018341064,1
1.6618140935897827,1
1.578615665435791,1
2.5843024253845215,1
3.448153018951416,1
2.4316182136535645,1
1.9662251472473145,1
2.428826332092285,1
3.4546079635620117,1
3.6324267387390137,1
3.0644054412841797,1
2.8099424839019775,1
3.2114975452423096,1
2.5194692611694336,1
3.3327295780181885,1
2.4798424243927,1
3.455094337463379,1
2.494483470916748,1
2.0981392860412598,1
2.0801947116851807,1
2.4476611614227295,1
2.5082032680511475,1
2.657536506652832,1
2.459242820739746,1
2.665071725845337,1
3.3195977210998535,1
3.3367066383361816,1
3.523099899291992,1
2.78739595413208,1
2.9589266777038574,1
2.792750358581543,1
3.210177421569824,1
2.6473567485809326,1
2.427941083908081,1
2.0723516941070557,1
2.16613507270813,1
2.6051058769226074,1
1.749894380569458,1
1.9895780086517334,1
2.468557834625244,1
2.1015236377716064,1
2.121614933013916,1
2.121978759765625,1
2.677290678024292,1
2.3206942081451416,1
2.261503219604492,1
2.2265892028808594,1
2.43649959564209,1
3.2549188137054443,1
2.712800979614258,1
3.0480613708496094,1
2.448200225830078,1
1.9508721828460693,1
2.146728992462158,1
3.5199127197265625,1
2.0574495792388916,1
1.671783208847046,1
2.2616679668426514,1
2.420645236968994,1
1.921607494354248,1
1.4960180521011353,1
1.8799560070037842,1
2.0119595527648926,1
2.023909330368042,1
1.586707592010498,1
1.6738367080688477,1
2.006741523742676,1
2.202582836151123,1
1.8008637428283691,1
2.3851070404052734,1
1.5907257795333862,1
1.8730101585388184,1
1.5953425168991089,1
2.6612396240234375,1
1.8511099815368652,1
2.100940704345703,1
2.0972442626953125,1
1.7520687580108643,1
1.239637851715088,1
1.7762019634246826,1
1.9272592067718506,1
1.7946783304214478,1
2.430886745452881,1
2.192577838897705,1
1.6822843551635742,1
1.9893289804458618,1
1.4794248342514038,1
1.5457831621170044,1
2.0973196029663086,1
1.5128421783447266,1
2.9830985069274902,1
2.7603797912597656,1
1.470249891281128,1
2.189291477203369,1
2.3370280265808105,1
2.3990731239318848,1
2.7359094619750977,1
2.6391496658325195,1
1.9266774654388428,1
1.4923183917999268,1
2.1714115142822266,1
2.5733585357666016,1
2.5189077854156494,1
2.1749658584594727,1
1.8518249988555908,1
2.022765636444092,1
2.9323506355285645,1
2.3341007232666016,1
1.4290516376495361,1
2.165863513946533,1
2.5547521114349365,1
2.1681032180786133,1
3.0695700645446777,1
1.753142237663269,1
2.1967809200286865,1
2.3497509956359863,1
2.553050994873047,1
2.960318088531494,1
1.7883424758911133,1
2.5132811069488525,1
2.1191399097442627,1
2.33550763130188,1
2.181870937347412,1
2.140446186065674,1
2.0531864166259766,1
3.768284320831299,1
1.6483275890350342,1
2.0345208644866943,1
1.8060373067855835,1
2.0887701511383057,1
2.153566360473633,1
2.043492555618286,1
1.840916633605957,1
1.9031933546066284,1
2.1060409545898438,1
2.275421619415283,1
2.351893186569214,1
8.802667617797852,1
1.8464720249176025,1
2.43241810798645,1
2.840874671936035,1
2.241767168045044,1
2.528089761734009,1
2.727505922317505,1
2.7337913513183594,1
3.8038673400878906,1
2.093595027923584,1
1.7828755378723145,1
2.729280948638916,1
2.717708110809326,1
2.227726936340332,1
2.83536958694458,1
2.6514041423797607,1
2.140507936477661,1
2.3573617935180664,1
2.2172484397888184,1
2.9370532035827637,1
3.1697301864624023,1
2.7458319664001465,1
2.422492265701294,1
1.6898889541625977,1
3.3145923614501953,1
2.039450168609619,1
1.6779637336730957,1
2.2536067962646484,1
1.857669472694397,1
1.931298017501831,1
3.0339112281799316,1
3.466179847717285,1
3.4412074089050293,1
1.6879749298095703,1
1.7394294738769531,1
1.7339575290679932,1
1.828168511390686,1
1.43629789352417,1
2.2687039375305176,1
2.351292371749878,1
1.8219683170318604,1
2.249238967895508,1
2.2399582862854004,1
2.1802427768707275,1
1.5687010288238525,1
2.444143056869507,1
1.9151697158813477,1
2.2812514305114746,1
2.023418664932251,1
2.0041556358337402,1
2.193807601928711,1
2.1242005825042725,1
1.4152005910873413,1
1.3490116596221924,1
2.1777002811431885,1
2.7272536754608154,1
2.090674638748169,1
2.2376444339752197,1
2.1531429290771484,1
3.4079079627990723,1
2.230055809020996,1
2.343942642211914,1
3.698719024658203,1
1.575087308883667,1
2.7211647033691406,1
2.614975929260254,1
1.855879306793213,1
2.6061134338378906,1
2.712721824645996,1
2.254453659057617,1
5.743854999542236,1
3.055241107940674,1
8.052155494689941,1
2.112657070159912,1
2.506453514099121,1
2.825684070587158,1
2.0124351978302,1
2.4846510887145996,1
2.78157639503479,1
2.3272995948791504,1
2.1773812770843506,1
2.4796652793884277,1
1.9632227420806885,1
1.8404948711395264,1
2.4354662895202637,1
2.140261650085449,1
2.2713897228240967,1
2.429858684539795,1
2.0503218173980713,1
2.1240358352661133,1
3.126023769378662,1
2.5019643306732178,1
3.2554574012756348,1
2.493076801300049,1
3.0075221061706543,1
2.0036404132843018,1
2.61965274810791,1
2.758981227874756,1
3.0705089569091797,1
3.2753872871398926,1
2.6837539672851563,1
3.422323703765869,1
2.921910047531128,1
3.3521335124969482,1
3.266070604324341,1
2.6867775917053223,1
2.2421481609344482,1
3.9889001846313477,1
4.006857872009277,1
3.264535427093506,1
3.6631548404693604,1
3.0400075912475586,1
2.781033992767334,1
2.1494455337524414,1
2.971604108810425,1
2.5907082557678223,1
2.4213624000549316,1
1.5408544540405273,1
2.9690356254577637,1
1.878944754600525,1
2.3802437782287598,1
2.1362202167510986,1
3.8698787689208984,1
2.7920753955841064,1
3.159757137298584,1
2.635352611541748,1
2.4122703075408936,1
2.100541353225708,1
3.088216781616211,1
2.007051944732666,1
2.9322428703308105,1
2.2071847915649414,1
2.5868210792541504,1
2.14080548286438,1
1.4005258083343506,1
2.2627968788146973,1
2.3969316482543945,1
2.3505592346191406,1
4.0721540451049805,1
2.1627755165100098,1
2.0447275638580322,1
1.8522223234176636,1
2.9300920963287354,1
3.58084774017334,1
2.9293394088745117,1
2.7730021476745605,1
2.666041374206543,1
2.6192879676818848,1
2.254040241241455,1
2.75046443939209,1
1.8495101928710938,1
2.543612480163574,1
2.865773916244507,1
2.265462875366211,1
2.574028730392456,1
2.371798515319824,1
2.3323636054992676,1
2.0962913036346436,1
4.299925804138184,1
3.1347410678863525,1
1.7304823398590088,1
2.6485002040863037,1
2.9142026901245117,1
2.327486038208008,1
2.1630730628967285,1
2.489372730255127,1
1.5026848316192627,1
2.4954757690429688,1
1.3712737560272217,1
1.568345069885254,1
1.5135953426361084,1
1.8158798217773438,1
2.427802085876465,1
1.8495851755142212,1
1.966257095336914,1
2.609215021133423,1
1.8846185207366943,1
1.8092697858810425,1
3.246034622192383,1
3.2295262813568115,1
1.9654757976531982,1
1.9935157299041748,1
1.8849866390228271,1
2.005112409591675,1
1.92232346534729,1
1.8879096508026123,1
1.5942249298095703,1
2.128164052963257,1
2.150106430053711,1
1.7038543224334717,1
2.432361125946045,1
1.230771780014038,1
1.955884337425232,1
1.876886248588562,1
2.2021007537841797,1
1.5751298666000366,1
1.8609024286270142,1
1.8881678581237793,1
1.9803880453109741,1
2.031132221221924,1
1.8025301694869995,1
2.112673044204712,1
1.6632726192474365,1
2.2527129650115967,1
2.6494815349578857,1
2.0406670570373535,1
1.3382461071014404,1
3.159323215484619,1
4.212527275085449,1
3.289238691329956,1
4.700766563415527,1
3.1918747425079346,1
3.3801469802856445,1
3.53414249420166,1
4.670517921447754,1
5.248505592346191,1
4.798322677612305,1
4.570639133453369,1
3.713230848312378,1
3.8057937622070313,1
5.227096080780029,1
3.7341651916503906,1
4.4262776374816895,1
4.736386299133301,1
3.7923336029052734,1
4.10550594329834,1
3.7417025566101074,1
4.281983375549316,1
3.2315030097961426,1
4.027139186859131,1
4.371528625488281,1
3.579538583755493,1
3.798248529434204,1
3.7439308166503906,1
3.405705451965332,1
3.2772603034973145,1
3.2162914276123047,1
3.7078495025634766,1
3.5385422706604004,1
3.930335283279419,1
3.9682111740112305,1
3.4196176528930664,1
2.747947931289673,1
3.1137704849243164,1
5.121503829956055,1
3.4716451168060303,1
4.7543745040893555,1
3.288454294204712,1
2.988650321960449,1
3.569286346435547,1
3.2491073608398438,1
3.1668343544006348,1
3.1921002864837646,1
2.865525007247925,1
3.3471429347991943,1
2.788567543029785,1
3.5320932865142822,1
2.959594249725342,1
2.3963699340820313,1
2.4743576049804688,1
3.242417335510254,1
2.983166456222534,1
2.5081470012664795,1
2.232316017150879,1
3.6368467807769775,1
2.2341887950897217,1
1.9117169380187988,1
2.670957326889038,1
3.212134838104248,1
2.512439727783203,1
2.55014705657959,1
2.903717041015625,1
2.4921650886535645,1
