0.8165223002433777,1
0.8339726328849792,1
0.8608454465866089,1
0.8572689294815063,1
1.1095666885375977,1
0.5901713371276855,1
0.7097354531288147,1
0.6023192405700684,1
1.1819021701812744,1
0.7733922600746155,1
0.9507910013198853,1
1.1946179866790771,1
0.9710362553596497,1
0.9786829948425293,1
0.8662319779396057,1
0.9185611009597778,1
0.8906780481338501,1
1.8329013586044312,1
1.1691653728485107,1
0.9675630927085876,1
0.8228938579559326,1
1.3348928689956665,1
0.856999397277832,1
0.9358627796173096,1
0.9046643376350403,1
1.5770769119262695,1
0.789741039276123,1
1.090329885482788,1
0.9259337186813354,1
1.1975854635238647,1
0.9291502237319946,1
0.9054093956947327,1
1.1453187465667725,1
0.7222641110420227,1
1.1379444599151611,1
1.2518651485443115,1
1.0632483959197998,1
0.9061487913131714,1
0.8416467308998108,1
0.518281877040863,1
0.8231040835380554,1
1.499328374862671,1
0.8867965936660767,1
1.1570284366607666,1
1.1051878929138184,1
1.0760037899017334,1
0.6215246915817261,1
0.8674831390380859,1
1.149588704109192,1
1.0267517566680908,1
1.0921549797058105,1
0.9673518538475037,1
0.6965450644493103,1
1.2683491706848145,1
0.7055436372756958,1
0.6521368622779846,1
0.8791044354438782,1
0.8686084151268005,1
1.2500808238983154,1
0.6168913841247559,1
1.096412181854248,1
1.0787279605865479,1
1.0663037300109863,1
1.038522720336914,1
1.165887475013733,1
0.9434698820114136,1
0.7019302845001221,1
1.033109188079834,1
0.8343360424041748,1
0.9629380702972412,1
1.1008104085922241,1
1.0533781051635742,1
0.8931875228881836,1
0.8079349398612976,1
1.020466923713684,1
1.1084566116333008,1
1.2276568412780762,1
1.3051831722259521,1
1.121240496635437,1
1.032677412033081,1
1.2672016620635986,1
1.7268517017364502,1
0.9754126071929932,1
0.7923932075500488,1
1.0390636920928955,1
1.6341283321380615,1
1.7404913902282715,1
1.1529481410980225,1
1.1169712543487549,1
0.9602566957473755,1
1.3629311323165894,1
1.003150463104248,1
1.339072346687317,1
0.9152942895889282,1
1.9695258140563965,1
1.2419211864471436,1
0.9281064867973328,1
0.6473855972290039,1
1.125791311264038,1
0.7939642667770386,1
1.0752856731414795,1
0.813707709312439,1
0.933986246585846,1
0.7835108041763306,1
1.096541166305542,1
0.9259463548660278,1
1.4289677143096924,1
0.9648596048355103,1
1.159606695175171,1
1.086531639099121,1
0.8011915683746338,1
1.159988284111023,1
0.7893912196159363,1
1.0393733978271484,1
0.5811211466789246,1
1.6241543292999268,1
1.3371756076812744,1
0.6516896486282349,1
0.8753085732460022,1
1.2820444107055664,1
0.7968832850456238,1
0.5056178569793701,1
0.9216712117195129,1
0.7348886728286743,1
1.0557726621627808,1
0.9892061352729797,1
0.8687542080879211,1
0.8483725786209106,1
0.8458331823348999,1
0.9688221216201782,1
0.9365646243095398,1
1.1740186214447021,1
1.3665777444839478,1
0.9557840824127197,1
0.9809762239456177,1
1.0758817195892334,1
0.7598462700843811,1
1.2022874355316162,1
0.9495800137519836,1
1.0541355609893799,1
0.962608814239502,1
1.0321681499481201,1
1.1473195552825928,1
0.6994930505752563,1
0.7913104295730591,1
1.0404926538467407,1
0.9748690128326416,1
0.9513641595840454,1
1.0169302225112915,1
0.8702384233474731,1
1.4548009634017944,1
0.9979497194290161,1
0.6782605648040771,1
1.0381317138671875,1
0.9616369009017944,1
0.5935516953468323,1
0.9020165205001831,1
1.8508508205413818,1
1.2425450086593628,1
1.1986753940582275,1
0.7543759346008301,1
1.353494644165039,1
1.3325636386871338,1
1.3991806507110596,1
0.7896413803100586,1
0.9084078073501587,1
1.430403709411621,1
0.9506463408470154,1
1.2112290859222412,1
1.1213791370391846,1
1.4810272455215454,1
1.569746971130371,1
0.9726226329803467,1
1.345804214477539,1
1.0742627382278442,1
1.0709846019744873,1
0.9996953010559082,1
1.0418157577514648,1
0.9280866384506226,1
0.755799412727356,1
1.1311441659927368,1
0.609783411026001,1
0.6534682512283325,1
1.0477089881896973,1
1.0296730995178223,1
0.9778755903244019,1
1.0518676042556763,1
1.2214381694793701,1
0.49972131848335266,1
1.1275140047073364,1
0.9060864448547363,1
0.5954138040542603,1
1.0492565631866455,1
0.6609690189361572,1
0.7767984867095947,1
1.0965290069580078,1
0.8935593366622925,1
0.940640926361084,1
0.6905871629714966,1
0.9135360717773438,1
0.7475374937057495,1
0.790264904499054,1
1.0285556316375732,1
0.8074066638946533,1
0.8818467855453491,1
1.0415961742401123,1
1.1904711723327637,1
0.39757072925567627,1
0.9250154495239258,1
0.9505447745323181,1
0.9078061580657959,1
0.7706376314163208,1
1.1310638189315796,1
0.7507764101028442,1
1.0704565048217773,1
1.242005705833435,1
0.8034197092056274,1
1.0262523889541626,1
1.1034140586853027,1
0.6925193667411804,1
1.4682598114013672,1
1.0029911994934082,1
0.6611831784248352,1
1.4567830562591553,1
0.7513912916183472,1
1.1881948709487915,1
0.9692010879516602,1
0.559980571269989,1
0.7420210838317871,1
0.9717994332313538,1
0.7608740329742432,1
1.1408379077911377,1
1.0794676542282104,1
0.7707099914550781,1
0.8027722239494324,1
0.9540788531303406,1
1.1726051568984985,1
0.7251372337341309,1
0.5162946581840515,1
0.8361934423446655,1
0.7071024179458618,1
0.7750244140625,1
1.0765507221221924,1
1.1520177125930786,1
0.7027062773704529,1
0.8881597518920898,1
1.1481324434280396,1
0.8082554340362549,1
0.7401711940765381,1
0.889743983745575,1
1.051426649093628,1
1.0924551486968994,1
1.0970263481140137,1
1.3773162364959717,1
0.9287620186805725,1
0.6948122978210449,1
0.5251193046569824,1
1.0313963890075684,1
1.345923662185669,1
1.3672595024108887,1
0.7005415558815002,1
0.9906595945358276,1
1.1499905586242676,1
1.0433540344238281,1
0.9552481174468994,1
1.43484365940094,1
0.9411008358001709,1
1.1085505485534668,1
1.1409885883331299,1
0.8913808465003967,1
0.7980368137359619,1
1.380576491355896,1
1.5370478630065918,1
0.7772960662841797,1
0.7207331657409668,1
0.8790135383605957,1
0.9338845610618591,1
0.9739680290222168,1
0.707141101360321,1
0.8095139861106873,1
0.9922437071800232,1
1.0385181903839111,1
0.8980160355567932,1
1.2773003578186035,1
1.278752088546753,1
0.7613953351974487,1
0.660990834236145,1
1.1691954135894775,1
1.156745195388794,1
0.7318668365478516,1
1.0462751388549805,1
0.7153542637825012,1
0.9363020062446594,1
0.9432754516601563,1
0.9636186957359314,1
0.8550885319709778,1
0.7981684803962708,1
1.1088194847106934,1
1.5955822467803955,1
1.0055971145629883,1
1.244829535484314,1
1.169211745262146,1
1.1513259410858154,1
1.010519027709961,1
0.7067627906799316,1
1.0047836303710938,1
0.6691362261772156,1
1.0010981559753418,1
0.7491452693939209,1
0.732231855392456,1
1.1710801124572754,1
0.9890866875648499,1
1.0099331140518188,1
1.1229565143585205,1
1.1715004444122314,1
2.247548818588257,1
0.9597465991973877,1
0.6031714677810669,1
1.0139039754867554,1
1.4997378587722778,1
1.180276870727539,1
0.905921995639801,1
0.8860738277435303,1
0.9632312655448914,1
0.9779600501060486,1
1.0675772428512573,1
0.8025462627410889,1
1.0194342136383057,1
0.6145265698432922,1
0.7076445817947388,1
0.7276354432106018,1
0.7380478382110596,1
0.6547808647155762,1
0.8988965749740601,1
0.7371129989624023,1
0.8624888062477112,1
0.994391679763794,1
1.033216953277588,1
0.6743136048316956,1
0.8881163597106934,1
0.9776915311813354,1
0.7577195167541504,1
0.6566125154495239,1
1.0504941940307617,1
0.8539640307426453,1
0.6502918004989624,1
0.9774287343025208,1
1.152144432067871,1
0.8702377080917358,1
0.748394787311554,1
0.7291690707206726,1
0.8134946227073669,1
0.7947863936424255,1
1.1885008811950684,1
1.2540243864059448,1
0.688094437122345,1
0.9856690168380737,1
0.8828256130218506,1
0.8800877928733826,1
0.6662606000900269,1
1.2316107749938965,1
1.1012119054794312,1
1.5880188941955566,1
0.882409930229187,1
1.844834327697754,1
1.3820629119873047,1
1.48179030418396,1
0.7089335918426514,1
0.9446182250976563,1
1.1846524477005005,1
1.0672640800476074,1
0.9272711277008057,1
0.7562817335128784,1
1.1017131805419922,1
1.1390302181243896,1
1.0708093643188477,1
1.0598751306533813,1
1.0036187171936035,1
0.6306742429733276,1
0.7738900780677795,1
1.4128124713897705,1
0.7467080354690552,1
1.127833604812622,1
0.6269991397857666,1
1.1352571249008179,1
0.8688629865646362,1
1.130155324935913,1
1.040297508239746,1
1.3424181938171387,1
1.0787701606750488,1
0.7633705735206604,1
0.7938117980957031,1
0.8720440864562988,1
0.8776534795761108,1
0.9785240888595581,1
0.873508095741272,1
0.7699202299118042,1
0.8898043632507324,1
0.7234192490577698,1
0.7109464406967163,1
0.7008386850357056,1
0.8978140950202942,1
0.6167523860931396,1
0.7205421924591064,1
0.941676139831543,1
1.1352105140686035,1
1.0035436153411865,1
0.6107790470123291,1
0.9005154371261597,1
0.8618227243423462,1
1.0146574974060059,1
1.073528528213501,1
0.920104444026947,1
1.3349201679229736,1
0.974134624004364,1
0.6307368278503418,1
0.7036496996879578,1
0.8421672582626343,1
0.6337228417396545,1
1.1942871809005737,1
0.752615213394165,1
0.917065441608429,1
0.8862928152084351,1
1.1320316791534424,1
0.9784581661224365,1
1.1058613061904907,1
1.3963489532470703,1
0.898125410079956,1
1.0581824779510498,1
1.1601946353912354,1
1.057395339012146,1
1.2115938663482666,1
1.1769996881484985,1
0.7644697427749634,1
1.0424505472183228,1
0.7477412223815918,1
1.039644718170166,1
0.9623541831970215,1
0.8286251425743103,1
0.9592425227165222,1
0.7014259099960327,1
0.682783305644989,1
1.173285722732544,1
1.0944726467132568,1
0.8996595144271851,1
0.990071713924408,1
0.978197455406189,1
0.931329071521759,1
1.1349761486053467,1
1.0922878980636597,1
0.9602347016334534,1
0.982468843460083,1
0.8576346635818481,1
0.9779739379882813,1
0.9923133850097656,1
0.9979172348976135,1
0.5909795761108398,1
1.0915147066116333,1
0.7385033369064331,1
0.6711241602897644,1
0.6580514907836914,1
0.6661040186882019,1
0.8636130094528198,1
0.7487063407897949,1
1.082346796989441,1
0.9735554456710815,1
0.9651682376861572,1
0.8811472654342651,1
0.9661878943443298,1
0.8134586811065674,1
0.6519293785095215,1
0.8566908836364746,1
0.9789438247680664,1
0.9286617040634155,1
0.6764780879020691,1
0.8381797075271606,1
1.1935081481933594,1
1.307110071182251,1
1.5364805459976196,1
0.5590125322341919,1
1.3123884201049805,1
0.6845834255218506,1
0.9947523474693298,1
0.9185278415679932,1
0.9080911874771118,1
0.6781924962997437,1
1.2942955493927002,1
0.9108948707580566,1
1.0040132999420166,1
0.7269522547721863,1
0.7932278513908386,1
0.6973219513893127,1
1.9268686771392822,1
0.9521286487579346,1
0.6970732808113098,1
0.8167845010757446,1
1.1052546501159668,1
0.8792698383331299,1
1.4220424890518188,1
0.7104851007461548,1
0.9581454396247864,1
1.2819253206253052,1
1.1243913173675537,1
0.8653044700622559,1
0.6624108552932739,1
0.6746858358383179,1
1.020707607269287,1
0.9097732305526733,1
0.7185497283935547,1
1.205460548400879,1
0.7306914925575256,1
0.5151195526123047,1
0.7926136255264282,1
0.893911600112915,1
0.5861606597900391,1
0.5552289485931396,1
1.5852245092391968,1
0.7827767133712769,1
0.515838623046875,1
1.0975706577301025,1
0.6260581016540527,1
0.561187207698822,1
1.5782322883605957,1
0.8820370435714722,1
0.9228867292404175,1
0.5832787156105042,1
0.6632596254348755,1
0.9286367893218994,1
1.0732043981552124,1
0.9690234661102295,1
0.7965508699417114,1
0.5579667091369629,1
1.4728630781173706,1
0.8893553614616394,1
0.7809890508651733,1
1.0626740455627441,1
1.1252048015594482,1
0.8938367366790771,1
0.6706721782684326,1
0.5791500210762024,1
0.5413191914558411,1
0.7336621880531311,1
0.7033299207687378,1
0.7172129154205322,1
1.123634934425354,1
0.6170976758003235,1
0.8937506079673767,1
1.2636483907699585,1
1.451058030128479,1
1.0376191139221191,1
0.6907823085784912,1
1.122246503829956,1
1.0225454568862915,1
0.9366449117660522,1
0.8474424481391907,1
1.437592625617981,1
0.9911834001541138,1
1.1743786334991455,1
1.136469841003418,1
0.9271007776260376,1
0.8791544437408447,1
0.9546482563018799,1
0.9528724551200867,1
1.0969051122665405,1
0.9592488408088684,1
0.9844048023223877,1
0.7033090591430664,1
0.7059431672096252,1
1.3612229824066162,1
0.6293450593948364,1
0.7895519733428955,1
1.19821035861969,1
0.6156668663024902,1
0.6731942892074585,1
0.6856244802474976,1
0.704857587814331,1
0.622041642665863,1
0.5990261435508728,1
0.7336507439613342,1
0.6250813007354736,1
1.0492581129074097,1
0.7848682403564453,1
0.7504982948303223,1
0.7890583276748657,1
0.6496321558952332,1
0.7416331768035889,1
0.9132411479949951,1
0.8167721033096313,1
0.8359229564666748,1
3.381476640701294,1
2.917865037918091,1
0.6591094136238098,1
2.2691688537597656,1
1.7257976531982422,1
1.1827508211135864,1
0.8800520896911621,1
0.813243567943573,1
1.4531364440917969,1
1.7750396728515625,1
1.908348560333252,1
1.3408253192901611,1
1.013339877128601,1
1.2249175310134888,1
1.0928857326507568,1
1.3142073154449463,1
0.9705111980438232,1
0.9315792322158813,1
0.9165278673171997,1
1.2418131828308105,1
0.7664167284965515,1
0.6455989480018616,1
0.7362295389175415,1
0.50579833984375,1
0.8352988958358765,1
0.6294806003570557,1
0.8001386523246765,1
0.4996088147163391,1
0.5010584592819214,1
0.7994918823242188,1
0.5903511643409729,1
0.6391303539276123,1
0.7622264623641968,1
0.5325124859809875,1
0.8728613257408142,1
0.7428011298179626,1
0.6790885925292969,1
0.762427568435669,1
0.764148473739624,1
0.906868577003479,1
0.475705087184906,1
0.8409519195556641,1
0.8259328007698059,1
0.735042154788971,1
1.1799730062484741,1
0.8046305179595947,1
1.193381667137146,1
0.6471382975578308,1
1.1182256937026978,1
0.6172178983688354,1
0.920953631401062,1
0.539242148399353,1
0.9047204852104187,1
0.7691013216972351,1
0.8095020055770874,1
1.0028539896011353,1
0.8324543237686157,1
0.8760733008384705,1
1.1523395776748657,1
0.5387895107269287,1
1.3840124607086182,1
1.1986863613128662,1
0.8285300135612488,1
0.8037205934524536,1
0.6116520762443542,1
0.7651238441467285,1
0.9843612313270569,1
0.7625138759613037,1
1.058203935623169,1
1.0446066856384277,1
0.8734987378120422,1
1.0610729455947876,1
1.477839708328247,1
1.0402382612228394,1
0.5341997146606445,1
0.8328878879547119,1
0.6641416549682617,1
0.7888668775558472,1
0.7713684439659119,1
1.064369797706604,1
1.288001298904419,1
0.701155424118042,1
0.8776102066040039,1
0.6555806994438171,1
0.7014988660812378,1
0.8002332448959351,1
0.9208512306213379,1
0.4822290539741516,1
0.6286014914512634,1
0.7086851596832275,1
0.7319937348365784,1
0.6862912178039551,1
0.925605833530426,1
0.7870354652404785,1
0.6610788702964783,1
0.5811243653297424,1
1.283492088317871,1
0.835290789604187,1
0.6264907121658325,1
1.0447322130203247,1
0.9249994158744812,1
0.7032570838928223,1
0.7767652869224548,1
0.9493637681007385,1
0.6143141388893127,1
0.512559175491333,1
0.7148844003677368,1
0.6482627391815186,1
1.1746139526367188,1
1.0992351770401,1
1.1294007301330566,1
0.8779011368751526,1
1.2705469131469727,1
0.7096408605575562,1
1.3335522413253784,1
1.1287920475006104,1
0.9578851461410522,1
1.1148937940597534,1
1.3007385730743408,1
0.9317004680633545,1
1.0522284507751465,1
0.9822036027908325,1
0.903627872467041,1
0.7659226655960083,1
0.659225344657898,1
1.0150022506713867,1
0.6619390249252319,1
1.015939474105835,1
0.8460445404052734,1
0.8340104818344116,1
0.7866224646568298,1
0.8651174306869507,1
0.8634380102157593,1
0.8773223161697388,1
0.7415977716445923,1
1.179313063621521,1
0.8596065640449524,1
0.7755032777786255,1
1.0814878940582275,1
0.7242171764373779,1
0.9488162994384766,1
0.7434349060058594,1
1.0541911125183105,1
0.6678594350814819,1
0.7035236358642578,1
1.2085354328155518,1
0.7906404733657837,1
0.6796991229057312,1
0.6923064589500427,1
0.7029114961624146,1
0.8543254137039185,1
1.2220420837402344,1
1.4350337982177734,1
1.2778966426849365,1
1.1232376098632813,1
0.7453455924987793,1
1.0249830484390259,1
1.1187512874603271,1
0.9081238508224487,1
1.7106447219848633,1
0.8486888408660889,1
1.151411533355713,1
0.5984742045402527,1
0.7980055809020996,1
0.6952263116836548,1
0.7813187837600708,1
0.8431183695793152,1
0.8391404151916504,1
0.5712122917175293,1
0.800459623336792,1
1.1615222692489624,1
0.9957070350646973,1
0.7271906733512878,1
0.8488390445709229,1
0.9844034314155579,1
0.7836754322052002,1
0.9372841119766235,1
1.1152825355529785,1
1.0818891525268555,1
1.582998275756836,1
0.9500833749771118,1
1.1164178848266602,1
0.8575528264045715,1
1.337740421295166,1
1.1554983854293823,1
0.8226895332336426,1
0.9306507110595703,1
1.1863056421279907,1
1.465348482131958,1
1.1481781005859375,1
0.9307378530502319,1
1.2671093940734863,1
1.1529823541641235,1
0.6080108284950256,1
0.8202763199806213,1
1.149852991104126,1
1.1374232769012451,1
0.8839199542999268,1
0.501728355884552,1
1.1851600408554077,1
0.9157218933105469,1
1.5561606884002686,1
0.8867084383964539,1
0.833959698677063,1
1.0055769681930542,1
0.8273695707321167,1
0.6510800123214722,1
0.7171819806098938,1
0.8120075464248657,1
0.8907911777496338,1
0.9964743852615356,1
1.0687382221221924,1
0.9530915021896362,1
0.7283472418785095,1
1.1474230289459229,1
0.815405547618866,1
1.149786114692688,1
0.8460327386856079,1
0.5960139036178589,1
0.9622277021408081,1
0.8960538506507874,1
0.8390529751777649,1
0.6951318979263306,1
0.686529815196991,1
0.7816318869590759,1
0.7534502744674683,1
0.901168704032898,1
1.0451947450637817,1
1.0813260078430176,1
0.6928403377532959,1
0.9155474305152893,1
1.2252522706985474,1
0.7397383451461792,1
1.1351884603500366,1
0.942751407623291,1
1.0653355121612549,1
1.2756620645523071,1
0.7549650073051453,1
1.027787446975708,1
0.6555771827697754,1
1.207397222518921,1
1.1004958152770996,1
0.5918534994125366,1
0.8061307668685913,1
1.9163751602172852,1
1.45530104637146,1
1.4954593181610107,1
1.2125189304351807,1
1.080339789390564,1
1.26959228515625,1
1.6331104040145874,1
1.4305325746536255,1
1.6977620124816895,1
1.9771926403045654,1
1.497995376586914,1
2.3526132106781006,1
1.261789321899414,1
1.2520204782485962,1
0.80995774269104,1
0.9898582696914673,1
1.117452621459961,1
0.8546919226646423,1
1.1861947774887085,1
1.3079273700714111,1
1.1605099439620972,1
1.0216162204742432,1
0.7673336267471313,1
1.1568235158920288,1
1.1691932678222656,1
1.1079765558242798,1
0.8757981061935425,1
0.8936953544616699,1
0.9787437319755554,1
1.1546255350112915,1
0.8555249571800232,1
0.7996146082878113,1
0.9724960327148438,1
0.6515106558799744,1
0.47736361622810364,1
0.9664693474769592,1
0.7623952627182007,1
0.8557970523834229,1
0.7187952399253845,1
1.1133979558944702,1
0.8251555562019348,1
0.8240014910697937,1
0.6114718317985535,1
0.645321249961853,1
0.8785102367401123,1
0.6982567310333252,1
0.8016620874404907,1
0.4574577808380127,1
0.4777669310569763,1
0.3604835271835327,1
1.1586031913757324,1
0.3654450476169586,1
0.6279861927032471,1
0.8373371362686157,1
1.0948177576065063,1
1.0161112546920776,1
1.2313673496246338,1
0.7156063318252563,1
0.7029440402984619,1
1.0336226224899292,1
0.8976225256919861,1
0.7809453010559082,1
1.067689299583435,1
0.7377009987831116,1
0.7231489419937134,1
1.4233291149139404,1
0.9327343702316284,1
0.7659226655960083,1
1.1784241199493408,1
0.8114645481109619,1
0.6007174253463745,1
1.2151029109954834,1
0.9536831378936768,1
0.8669402599334717,1
0.7354037761688232,1
0.9179748296737671,1
1.3737308979034424,1
0.9556446671485901,1
1.1305792331695557,1
0.9739210605621338,1
1.1834772825241089,1
0.7432295680046082,1
0.5295228958129883,1
0.9702823162078857,1
1.0427024364471436,1
1.225702166557312,1
0.8539280891418457,1
0.8083244562149048,1
1.162322998046875,1
0.4309900403022766,1
0.8121415972709656,1
0.8115870952606201,1
0.7855026721954346,1
0.7015986442565918,1
0.8142356872558594,1
0.9931928515434265,1
1.115335464477539,1
1.2093836069107056,1
0.7341547608375549,1
0.7918792963027954,1
0.5766662359237671,1
0.9393603801727295,1
0.9657868146896362,1
0.9122053384780884,1
0.9662421941757202,1
0.7445902228355408,1
0.6172548532485962,1
1.409165382385254,1
1.3064290285110474,1
0.834598183631897,1
0.9957320690155029,1
0.7359890937805176,1
0.9376599788665771,1
0.944983184337616,1
1.3920643329620361,1
1.1881487369537354,1
1.135307788848877,1
0.8674772381782532,1
1.0182757377624512,1
0.8172897696495056,1
1.0381145477294922,1
1.2722697257995605,1
1.1626152992248535,1
0.7102669477462769,1
0.924323320388794,1
1.2310206890106201,1
0.8462244868278503,1
0.8559673428535461,1
0.5247821807861328,1
0.9537053108215332,1
0.8539541959762573,1
0.7039579153060913,1
0.6842987537384033,1
0.5237693786621094,1
0.6423532962799072,1
0.8200744390487671,1
1.0833110809326172,1
0.9750719666481018,1
0.47089266777038574,1
0.8850131630897522,1
1.1380972862243652,1
0.8037489652633667,1
0.9589624404907227,1
0.833918571472168,1
0.7871791124343872,1
1.1989994049072266,1
0.9867556095123291,1
0.8161089420318604,1
0.6544192433357239,1
0.776945173740387,1
0.7340525388717651,1
0.6611304879188538,1
1.2023937702178955,1
0.6872321367263794,1
0.8139812350273132,1
0.8034768104553223,1
1.1736111640930176,1
1.3698147535324097,1
0.988318920135498,1
0.6974982023239136,1
0.8678702116012573,1
0.6003164052963257,1
0.6664193868637085,1
0.9039604067802429,1
1.3338756561279297,1
1.1187353134155273,1
0.633576512336731,1
0.41380953788757324,1
0.9037243127822876,1
0.8837188482284546,1
0.8280676603317261,1
0.6568498015403748,1
0.8383007645606995,1
1.0195668935775757,1
0.4956682324409485,1
0.7798198461532593,1
1.0309159755706787,1
0.9964905977249146,1
1.0882127285003662,1
0.7719056010246277,1
1.195115327835083,1
0.634878396987915,1
1.2162446975708008,1
0.7279729247093201,1
0.9112650752067566,1
0.8373357057571411,1
0.37409117817878723,1
0.6456906795501709,1
0.9298449754714966,1
0.6324909925460815,1
1.2378575801849365,1
0.7282112836837769,1
0.8967911005020142,1
0.8892800807952881,1
0.8737752437591553,1
1.1096090078353882,1
1.1353929042816162,1
0.8622837066650391,1
1.1034035682678223,1
0.9630073308944702,1
0.8643585443496704,1
1.0869004726409912,1
0.7185438871383667,1
0.7933386564254761,1
1.0097191333770752,1
1.0131397247314453,1
0.6948956847190857,1
0.8796480894088745,1
1.0552902221679688,1
0.6719756126403809,1
1.1546993255615234,1
0.8456082344055176,1
0.9516626596450806,1
0.6569522619247437,1
0.7562549114227295,1
0.5675373077392578,1
0.6610516309738159,1
0.6874023675918579,1
1.400498628616333,1
1.0567482709884644,1
0.4241093397140503,1
0.6617270112037659,1
0.5735857486724854,1
1.0025625228881836,1
0.5159997940063477,1
0.8474945425987244,1
0.72125643491745,1
0.7820638418197632,1
1.1809566020965576,1
1.031156301498413,1
0.8755323886871338,1
1.3675599098205566,1
1.2097318172454834,1
1.2317240238189697,1
1.0734931230545044,1
0.7542766332626343,1
0.5658764839172363,1
0.7462172508239746,1
1.0944924354553223,1
0.5669828057289124,1
1.0176562070846558,1
1.1556317806243896,1
0.8233383893966675,1
0.9044430255889893,1
0.5941043496131897,1
0.6782442331314087,1
0.6055663824081421,1
0.7530440092086792,1
0.8754886388778687,1
0.7868646383285522,1
0.9147039651870728,1
0.8338544368743896,1
0.803600549697876,1
0.8525910377502441,1
1.1754224300384521,1
1.2206940650939941,1
0.8641092777252197,1
0.930551290512085,1
0.8970171213150024,1
1.009429693222046,1
1.413486123085022,1
1.4322402477264404,1
1.0828871726989746,1
0.9299547076225281,1
1.2014801502227783,1
1.8548399209976196,1
1.0053534507751465,1
0.8911792635917664,1
1.2287817001342773,1
0.7900238633155823,1
1.067797064781189,1
0.6338242292404175,1
1.2248317003250122,1
1.0771589279174805,1
0.9900283813476563,1
0.6747834086418152,1
1.1651616096496582,1
0.8775246143341064,1
1.5820115804672241,1
0.9949895143508911,1
1.1339112520217896,1
0.7471463680267334,1
1.2327700853347778,1
1.121802568435669,1
0.7576159238815308,1
0.8256868124008179,1
0.8433191776275635,1
1.1913599967956543,1
1.5714390277862549,1
1.2735874652862549,1
0.7160598635673523,1
1.2367522716522217,1
1.048882007598877,1
1.048994779586792,1
0.8932116031646729,1
0.9412684440612793,1
0.7972346544265747,1
0.9087791442871094,1
0.7871860265731812,1
1.1067630052566528,1
0.8055962920188904,1
0.7190170288085938,1
1.1437761783599854,1
1.0248377323150635,1
0.43911391496658325,1
0.7946478724479675,1
1.0621337890625,1
0.7892647981643677,1
1.0896000862121582,1
1.2438832521438599,1
1.1226694583892822,1
0.7547433972358704,1
0.48612743616104126,1
0.7103428840637207,1
0.6496440172195435,1
0.9069536924362183,1
0.9388169050216675,1
0.7404052019119263,1
0.5235611200332642,1
0.8526137471199036,1
1.1443357467651367,1
0.5553581118583679,1
1.1445173025131226,1
1.2660114765167236,1
0.91249018907547,1
0.9478995203971863,1
0.7858794927597046,1
0.8223612308502197,1
0.845105767250061,1
0.6921272873878479,1
1.1558325290679932,1
0.8536760210990906,1
1.0303139686584473,1
0.7976617813110352,1
0.9657979011535645,1
1.2041256427764893,1
0.761665940284729,1
0.7942842245101929,1
1.0328549146652222,1
1.0851235389709473,1
0.7342751026153564,1
0.9738681316375732,1
0.8884633183479309,1
0.7422676086425781,1
0.7665070295333862,1
0.9716596603393555,1
1.3785161972045898,1
0.6949578523635864,1
0.7177513241767883,1
0.9540678262710571,1
0.8452509641647339,1
0.8611912131309509,1
1.1149111986160278,1
0.9299706220626831,1
0.8685924410820007,1
0.810939371585846,1
0.9533793926239014,1
0.9182289838790894,1
0.9820374250411987,1
0.7175569534301758,1
0.9637423753738403,1
0.7778134346008301,1
0.9641117453575134,1
0.9018039107322693,1
0.7637722492218018,1
0.5255351066589355,1
0.6339226961135864,1
0.6760404109954834,1
0.5920414924621582,1
0.8435783386230469,1
0.9058488607406616,1
0.7791784405708313,1
0.5739774703979492,1
1.2322745323181152,1
0.7926875352859497,1
0.7164871692657471,1
0.8619090914726257,1
0.5340639352798462,1
0.8158168792724609,1
0.5476486682891846,1
0.498137891292572,1
1.1446665525436401,1
0.585885226726532,1
0.5762441158294678,1
0.6096992492675781,1
0.941070556640625,1
0.586409330368042,1
0.5651585459709167,1
0.7030776739120483,1
0.5841981172561646,1
0.5930784940719604,1
0.959640622138977,1
0.971060037612915,1
0.819008469581604,1
0.9184046983718872,1
0.897689938545227,1
1.1719659566879272,1
0.8156097531318665,1
0.8699815273284912,1
1.1950771808624268,1
0.6355632543563843,1
0.9823152422904968,1
0.8489984273910522,1
0.7339470386505127,1
0.5076418519020081,1
0.8619343042373657,1
1.0284134149551392,1
1.0801479816436768,1
0.8810323476791382,1
1.176483392715454,1
1.4818944931030273,1
0.9709628224372864,1
0.9322946071624756,1
0.9878474473953247,1
1.2756757736206055,1
1.5960865020751953,1
0.9212239980697632,1
0.8943468332290649,1
0.7820157408714294,1
1.3090996742248535,1
1.5623552799224854,1
1.42265784740448,1
1.1332594156265259,1
1.14898681640625,1
1.076041340827942,1
0.897034764289856,1
1.1019017696380615,1
0.7718221545219421,1
0.806086003780365,1
1.2678567171096802,1
1.350282907485962,1
1.2729285955429077,1
0.9628663063049316,1
0.9842516779899597,1
1.327398419380188,1
1.4847097396850586,1
1.503668189048767,1
1.5911779403686523,1
1.3598181009292603,1
1.1068187952041626,1
1.1787821054458618,1
1.319566011428833,1
1.307212233543396,1
0.989383339881897,1
0.9561460018157959,1
0.7552794218063354,1
0.886189877986908,1
0.9980612993240356,1
0.8354015350341797,1
0.6536604166030884,1
1.0353409051895142,1
1.5512213706970215,1
1.2408020496368408,1
0.6415152549743652,1
0.9287543296813965,1
0.987764298915863,1
0.7887489795684814,1
0.567477822303772,1
0.41012197732925415,1
1.1864097118377686,1
0.5834767818450928,1
0.772307276725769,1
0.8295472860336304,1
0.8993313312530518,1
0.45690327882766724,1
0.7396531105041504,1
0.7869324088096619,1
0.411691814661026,1
0.7561047077178955,1
0.7863509058952332,1
0.8189175128936768,1
0.6725606918334961,1
0.7861555218696594,1
0.7312060594558716,1
0.8306188583374023,1
0.7210459113121033,1
0.5144132971763611,1
0.5198891758918762,1
0.501417875289917,1
1.2012956142425537,1
1.1304612159729004,1
0.9857511520385742,1
0.9975473880767822,1
0.9520466327667236,1
0.45576417446136475,1
1.0189276933670044,1
0.6388768553733826,1
0.8467549681663513,1
0.5418683886528015,1
0.7626799941062927,1
0.5672182440757751,1
1.0912160873413086,1
0.7188611030578613,1
0.6879460215568542,1
0.5368345975875854,1
0.7034348845481873,1
0.58256995677948,1
0.9561312198638916,1
0.9526222944259644,1
0.7981034517288208,1
0.7245492935180664,1
0.6835522651672363,1
1.021695852279663,1
0.9247801899909973,1
1.0901018381118774,1
1.1281280517578125,1
0.8374496102333069,1
1.2729493379592896,1
0.7361338138580322,1
1.119931697845459,1
0.8847135305404663,1
1.014760971069336,1
0.7766741514205933,1
1.0531387329101563,1
1.2163728475570679,1
0.8009154796600342,1
1.2933614253997803,1
1.3453283309936523,1
0.8245179057121277,1
1.286429524421692,1
0.98548424243927,1
1.1817805767059326,1
0.7899773120880127,1
0.8133652210235596,1
0.6041500568389893,1
0.7068383693695068,1
0.9708582162857056,1
0.7830312252044678,1
0.7283914089202881,1
1.0393048524856567,1
0.7988259792327881,1
0.9022847414016724,1
0.5670188665390015,1
0.5273956060409546,1
1.1448676586151123,1
0.6268607974052429,1
0.5552558898925781,1
0.6587612628936768,1
1.2734875679016113,1
0.9424673318862915,1
0.6799747943878174,1
0.8837031722068787,1
0.9594347476959229,1
0.7445772886276245,1
0.4934691786766052,1
0.7721843123435974,1
0.4872935712337494,1
0.7494222521781921,1
0.43582889437675476,1
1.0349903106689453,1
0.8381484746932983,1
0.6497776508331299,1
0.9787547588348389,1
0.62823086977005,1
0.8001631498336792,1
0.5341074466705322,1
0.5215827822685242,1
0.6363377571105957,1
0.7482413053512573,1
1.1708086729049683,1
0.736929714679718,1
0.5540435314178467,1
1.0474798679351807,1
0.6105455160140991,1
0.7529593706130981,1
0.793931245803833,1
0.890384316444397,1
1.33162260055542,1
0.5565861463546753,1
0.9697166681289673,1
0.8466672301292419,1
0.8893724083900452,1
0.5388160943984985,1
0.6740099787712097,1
1.001682996749878,1
0.7242251634597778,1
0.7320654392242432,1
0.8974041938781738,1
0.7881430387496948,1
0.7047206163406372,1
0.6909805536270142,1
0.806676983833313,1
0.7822114825248718,1
0.8020323514938354,1
0.9379804134368896,1
0.7249860763549805,1
0.7243931889533997,1
0.5762186646461487,1
0.8607596755027771,1
1.1584694385528564,1
0.8947591781616211,1
0.9078869819641113,1
0.7156510353088379,1
1.1023619174957275,1
1.1543232202529907,1
0.5259044170379639,1
1.0436782836914063,1
1.8454227447509766,1
1.0682979822158813,1
0.8453000783920288,1
1.0029863119125366,1
0.9089120626449585,1
0.4906730651855469,1
0.7622148990631104,1
1.0278733968734741,1
1.2842915058135986,1
0.764115035533905,1
0.8487774133682251,1
0.8514844179153442,1
2.0283756256103516,1
1.2501779794692993,1
0.8478593826293945,1
0.5625030994415283,1
0.8948076963424683,1
0.9947881698608398,1
0.41854971647262573,1
0.7872299551963806,1
0.8326809406280518,1
1.1125789880752563,1
0.8043571710586548,1
0.7330242395401001,1
0.8385264873504639,1
0.9267549514770508,1
0.9171122312545776,1
0.7683103084564209,1
0.5704498291015625,1
0.7772548198699951,1
0.9945105314254761,1
1.0534155368804932,1
0.7300270795822144,1
0.9509010314941406,1
1.040223479270935,1
0.9806533455848694,1
0.9180048704147339,1
0.6713000535964966,1
1.2632029056549072,1
1.13451087474823,1
0.924828290939331,1
0.4329741597175598,1
0.8068282008171082,1
1.221779465675354,1
2.0412793159484863,1
1.0397392511367798,1
1.0013203620910645,1
0.7361588478088379,1
1.0099127292633057,1
0.7916930913925171,1
0.7858501672744751,1
0.6405683755874634,1
1.45662522315979,1
0.7285391092300415,1
0.9186522960662842,1
0.8493527173995972,1
0.7048873901367188,1
0.5898082852363586,1
0.7371679544448853,1
0.912016749382019,1
0.6400204300880432,1
0.6950017809867859,1
0.6984642744064331,1
0.9060429334640503,1
0.8611512184143066,1
0.521743893623352,1
0.8508099913597107,1
1.8815670013427734,1
1.6218830347061157,1
0.9746425747871399,1
0.9105310440063477,1
0.999191403388977,1
0.9928114414215088,1
1.4428893327713013,1
0.9556746482849121,1
0.5216323137283325,1
0.973365068435669,1
1.1089191436767578,1
1.3619227409362793,1
0.8221668004989624,1
0.7711623311042786,1
0.8126614689826965,1
1.7100601196289063,1
0.613608717918396,1
0.8429917097091675,1
1.1952916383743286,1
0.6187123656272888,1
0.7539424896240234,1
0.9211958646774292,1
0.6049219965934753,1
0.396884024143219,1
1.0249823331832886,1
0.8280713558197021,1
0.6525818705558777,1
1.2756469249725342,1
1.061281442642212,1
0.5309366583824158,1
1.0592578649520874,1
0.8982632756233215,1
0.4577465057373047,1
0.8283272385597229,1
0.8146170377731323,1
1.085905909538269,1
0.7723420262336731,1
0.9176758527755737,1
0.7373613715171814,1
0.7161557078361511,1
0.8438844680786133,1
0.4543386697769165,1
1.0758428573608398,1
0.9685137271881104,1
0.5026752948760986,1
0.5393658876419067,1
0.31866753101348877,1
0.6237618923187256,1
0.6848767995834351,1
0.6056288480758667,1
0.653381884098053,1
0.7101299166679382,1
0.6701767444610596,1
0.9248974323272705,1
1.0996127128601074,1
0.9096622467041016,1
1.3992780447006226,1
1.0209110975265503,1
1.7245911359786987,1
0.8409314751625061,1
0.6544520258903503,1
1.6246352195739746,1
1.4515361785888672,1
1.4084053039550781,1
0.822904109954834,1
0.7570949196815491,1
1.0171948671340942,1
1.2874183654785156,1
0.6880097389221191,1
1.4329726696014404,1
1.2046170234680176,1
0.6209883093833923,1
0.8495184183120728,1
0.7294265031814575,1
0.9443795084953308,1
0.8894344568252563,1
0.682431697845459,1
1.0498297214508057,1
1.014268398284912,1
0.5786159634590149,1
0.728577733039856,1
0.698371410369873,1
0.9829114675521851,1
0.4001026749610901,1
