2.9324798583984375,1
2.8780527114868164,1
2.880125045776367,1
3.2256717681884766,1
3.040160655975342,1
2.6532044410705566,1
3.479886770248413,1
2.997182846069336,1
3.802495002746582,1
2.165994644165039,1
2.4351909160614014,1
3.1138107776641846,1
2.8986012935638428,1
2.5891096591949463,1
2.5758461952209473,1
2.6217265129089355,1
2.8164076805114746,1
2.671692132949829,1
3.858640432357788,1
2.263826847076416,1
2.600647449493408,1
2.0671420097351074,1
2.419224739074707,1
2.792452096939087,1
2.3784337043762207,1
3.2081985473632813,1
3.0043416023254395,1
2.989077568054199,1
3.0724244117736816,1
3.0074734687805176,1
3.0178306102752686,1
3.192451238632202,1
2.39137601852417,1
4.0309648513793945,1
2.699028491973877,1
3.8991918563842773,1
3.0469954013824463,1
3.3198769092559814,1
4.185813903808594,1
3.208512783050537,1
3.3044183254241943,1
3.1830382347106934,1
3.2190749645233154,1
2.820115566253662,1
2.8424899578094482,1
2.6641674041748047,1
3.056708812713623,1
2.9238293170928955,1
2.6166436672210693,1
2.1756129264831543,1
2.748000383377075,1
3.2008001804351807,1
3.432077169418335,1
3.6359667778015137,1
3.3213047981262207,1
2.7208547592163086,1
3.2699224948883057,1
3.6263861656188965,1
2.9881181716918945,1
3.262420177459717,1
2.443545341491699,1
2.826730251312256,1
2.675799608230591,1
2.7717413902282715,1
3.216615915298462,1
2.1925714015960693,1
2.0414042472839355,1
3.323038101196289,1
2.812131404876709,1
3.3777661323547363,1
2.5628066062927246,1
3.4861085414886475,1
2.651055097579956,1
2.1305007934570313,1
3.5928401947021484,1
2.813506603240967,1
2.112809181213379,1
2.624772071838379,1
2.229649305343628,1
2.654850721359253,1
3.1543965339660645,1
3.1642117500305176,1
3.059898853302002,1
2.323817729949951,1
3.0675415992736816,1
3.1829581260681152,1
3.485776424407959,1
2.5971338748931885,1
2.799013614654541,1
2.964280843734741,1
3.46881103515625,1
2.98671817779541,1
2.731217384338379,1
3.458425521850586,1
5.796455383300781,1
2.4814326763153076,1
3.352509021759033,1
3.35764741897583,1
3.0365052223205566,1
3.393378973007202,1
3.2376749515533447,1
3.0373010635375977,1
3.025103807449341,1
2.787876605987549,1
2.5242905616760254,1
3.36030912399292,1
2.3492727279663086,1
5.026869773864746,1
4.748549461364746,1
3.667922019958496,1
3.6114635467529297,1
3.246286153793335,1
3.0479979515075684,1
2.7762045860290527,1
2.7996203899383545,1
2.679253578186035,1
2.7124686241149902,1
2.8852949142456055,1
2.9541187286376953,1
2.517252206802368,1
3.3209304809570313,1
2.9478161334991455,1
2.1677961349487305,1
3.076685905456543,1
2.285829782485962,1
2.3959524631500244,1
2.2200536727905273,1
4.309109687805176,1
4.0283966064453125,1
2.676352024078369,1
2.943084716796875,1
2.2546114921569824,1
2.454342842102051,1
2.1631436347961426,1
2.9907217025756836,1
3.1517958641052246,1
3.091458320617676,1
2.6655077934265137,1
2.5485951900482178,1
2.566939353942871,1
2.4520273208618164,1
2.811974287033081,1
2.0804195404052734,1
3.912083387374878,1
2.7058701515197754,1
2.642205238342285,1
2.7062559127807617,1
2.6032156944274902,1
2.7344412803649902,1
2.906247138977051,1
2.223343849182129,1
2.6079423427581787,1
2.7358922958374023,1
2.841951608657837,1
2.7623395919799805,1
2.4716455936431885,1
2.335437059402466,1
2.8326234817504883,1
3.001540184020996,1
3.2808151245117188,1
2.7241828441619873,1
3.033529281616211,1
4.1493120193481445,1
4.4263811111450195,1
3.735492706298828,1
2.234602212905884,1
2.4246745109558105,1
3.512667179107666,1
2.4444644451141357,1
3.3348050117492676,1
3.0443122386932373,1
3.8646764755249023,1
7.7919416427612305,1
4.339694023132324,1
5.216727256774902,1
3.024780750274658,1
2.806401491165161,1
3.310323715209961,1
4.109313488006592,1
4.5654096603393555,1
3.583768367767334,1
3.390824794769287,1
2.8119845390319824,1
2.956298828125,1
2.8748395442962646,1
3.01992130279541,1
2.9221930503845215,1
3.465837240219116,1
2.7334787845611572,1
2.790912628173828,1
4.096043586730957,1
2.7394518852233887,1
2.3015451431274414,1
2.8303260803222656,1
2.7984490394592285,1
1.9238125085830688,1
2.92317533493042,1
3.3779983520507813,1
3.1497585773468018,1
2.5912556648254395,1
3.261554718017578,1
3.6312155723571777,1
2.3721389770507813,1
2.4719347953796387,1
2.3669168949127197,1
2.052993059158325,1
2.3316822052001953,1
2.134474754333496,1
2.483025074005127,1
3.516117811203003,1
2.102816581726074,1
2.3192009925842285,1
3.785660743713379,1
3.052706718444824,1
3.21964955329895,1
3.1029529571533203,1
3.3298497200012207,1
3.2431154251098633,1
2.764845132827759,1
2.7802352905273438,1
2.5414552688598633,1
2.723057746887207,1
2.043069839477539,1
2.8773951530456543,1
2.5645346641540527,1
2.804645538330078,1
2.449130058288574,1
3.4180169105529785,1
2.744539260864258,1
3.183382749557495,1
2.8787505626678467,1
2.4573721885681152,1
2.4108917713165283,1
2.872567653656006,1
2.9215147495269775,1
3.4627199172973633,1
2.6906158924102783,1
3.061655282974243,1
2.6964168548583984,1
2.6720662117004395,1
2.6342310905456543,1
2.2938151359558105,1
2.3530561923980713,1
2.184762477874756,1
2.288198471069336,1
1.8897449970245361,1
2.334932804107666,1
2.679851770401001,1
2.103341579437256,1
3.0451266765594482,1
3.251657247543335,1
2.3560428619384766,1
2.164947986602783,1
2.409099578857422,1
3.0495495796203613,1
4.059744834899902,1
2.4060497283935547,1
3.301426410675049,1
3.3574633598327637,1
3.25635027885437,1
3.8799655437469482,1
2.551297187805176,1
3.712998628616333,1
3.546576499938965,1
3.5222644805908203,1
2.6324350833892822,1
3.8710436820983887,1
3.185631036758423,1
3.183035373687744,1
3.05397367477417,1
3.4527225494384766,1
2.510894775390625,1
2.471619129180908,1
3.0772316455841064,1
2.605205535888672,1
2.816690683364868,1
1.9488848447799683,1
3.1167659759521484,1
2.956930637359619,1
2.8957197666168213,1
2.4360361099243164,1
2.5725138187408447,1
3.269892692565918,1
2.8452227115631104,1
2.591895580291748,1
3.107341766357422,1
3.5630874633789063,1
2.4250168800354004,1
2.5228271484375,1
2.9138073921203613,1
2.0587992668151855,1
2.972158908843994,1
2.3382954597473145,1
2.6601767539978027,1
1.9380605220794678,1
2.16587233543396,1
3.36643123626709,1
2.2027151584625244,1
3.401808023452759,1
2.153801441192627,1
2.8660926818847656,1
2.89811372756958,1
3.044762372970581,1
2.7636992931365967,1
3.5130248069763184,1
3.289445638656616,1
2.9201459884643555,1
2.8096938133239746,1
2.8338260650634766,1
2.84145450592041,1
3.307682514190674,1
3.369377851486206,1
2.784425973892212,1
2.554682731628418,1
2.4089136123657227,1
4.16745662689209,1
2.977566719055176,1
3.127976417541504,1
3.4050145149230957,1
3.2733139991760254,1
2.6581451892852783,1
3.4178171157836914,1
2.513840675354004,1
2.650754451751709,1
2.880753755569458,1
2.233856201171875,1
3.137871026992798,1
2.484349489212036,1
3.794321060180664,1
3.092466354370117,1
2.368095874786377,1
2.441957473754883,1
2.221198081970215,1
2.714470386505127,1
2.505228281021118,1
2.8254079818725586,1
1.721524953842163,1
2.2538132667541504,1
2.8581128120422363,1
3.685299873352051,1
2.7795653343200684,1
2.379129409790039,1
1.9309794902801514,1
2.8853235244750977,1
2.979261875152588,1
3.428546905517578,1
2.8453369140625,1
3.46018648147583,1
3.2711427211761475,1
3.2047834396362305,1
3.133665084838867,1
2.5288562774658203,1
2.854379892349243,1
3.5503487586975098,1
2.6565518379211426,1
3.2659339904785156,1
2.077942371368408,1
2.4615345001220703,1
2.605093240737915,1
3.2638044357299805,1
1.7782347202301025,1
1.9312121868133545,1
2.8926339149475098,1
2.693207263946533,1
2.677391529083252,1
2.3358583450317383,1
2.3601226806640625,1
2.8003411293029785,1
2.919466495513916,1
3.055556535720825,1
3.133378505706787,1
2.2369608879089355,1
2.952633857727051,1
1.9772826433181763,1
2.416278123855591,1
2.8326969146728516,1
2.3725128173828125,1
2.324392318725586,1
3.9068470001220703,1
2.71653413772583,1
1.9930264949798584,1
2.334799289703369,1
2.1230993270874023,1
2.4636054039001465,1
2.0165209770202637,1
2.6195554733276367,1
2.8030097484588623,1
3.166405200958252,1
2.956528663635254,1
3.294389247894287,1
2.54011869430542,1
3.020359516143799,1
3.251580238342285,1
2.818122386932373,1
2.614664316177368,1
1.9927998781204224,1
3.0253281593322754,1
2.319944381713867,1
3.005436658859253,1
1.9257053136825562,1
2.8817944526672363,1
3.3544211387634277,1
2.5775976181030273,1
2.5589375495910645,1
2.763795852661133,1
2.387997627258301,1
3.2809362411499023,1
2.7141432762145996,1
2.9847757816314697,1
2.234318733215332,1
3.255821704864502,1
2.7420120239257813,1
2.8685622215270996,1
2.2052536010742188,1
2.4949445724487305,1
2.2332077026367188,1
2.4937734603881836,1
2.3663055896759033,1
2.171426296234131,1
2.408764123916626,1
2.7292160987854004,1
2.694917917251587,1
2.5972390174865723,1
2.5052976608276367,1
2.154801368713379,1
2.2348127365112305,1
2.222212553024292,1
1.7132594585418701,1
2.138401985168457,1
2.251286745071411,1
2.5289196968078613,1
2.438692569732666,1
2.6072583198547363,1
2.8707642555236816,1
3.0445375442504883,1
3.311145305633545,1
3.0058093070983887,1
2.11533260345459,1
2.9125454425811768,1
2.734905242919922,1
2.406358242034912,1
2.603025197982788,1
3.0590105056762695,1
3.0899405479431152,1
4.498813629150391,1
2.339780807495117,1
3.4358572959899902,1
2.896571636199951,1
2.6441147327423096,1
3.280353546142578,1
3.1711058616638184,1
3.0817930698394775,1
2.11474347114563,1
2.86588191986084,1
3.4144506454467773,1
3.4050278663635254,1
3.578533172607422,1
4.35161828994751,1
2.605041265487671,1
3.3881332874298096,1
3.1303789615631104,1
2.9036269187927246,1
2.526855230331421,1
3.7903895378112793,1
2.7825827598571777,1
3.564603090286255,1
3.5594592094421387,1
3.216444492340088,1
2.3963539600372314,1
2.485128402709961,1
3.282501697540283,1
3.344287395477295,1
3.0130789279937744,1
3.679813861846924,1
2.989426612854004,1
3.091944456100464,1
2.7640929222106934,1
2.871135711669922,1
2.92018723487854,1
3.105006694793701,1
2.9830751419067383,1
2.6013851165771484,1
2.2650058269500732,1
2.331083297729492,1
2.8064184188842773,1
2.127119779586792,1
2.4650228023529053,1
2.1326122283935547,1
2.743539333343506,1
2.4921770095825195,1
2.6398305892944336,1
2.7457096576690674,1
2.443697690963745,1
2.5320680141448975,1
2.565797805786133,1
3.000767946243286,1
2.3046681880950928,1
2.892177104949951,1
2.6824707984924316,1
3.308717966079712,1
2.8720152378082275,1
2.599670648574829,1
2.408989906311035,1
3.6641457080841064,1
3.363245964050293,1
2.684054374694824,1
2.6525065898895264,1
2.114197254180908,1
4.167427062988281,1
2.6184651851654053,1
2.7298684120178223,1
4.150918006896973,1
3.482848644256592,1
2.4927287101745605,1
2.6601333618164063,1
3.4635252952575684,1
2.4586753845214844,1
2.992612361907959,1
3.480436325073242,1
2.7858448028564453,1
3.4171814918518066,1
2.7950215339660645,1
2.3510489463806152,1
2.203856945037842,1
2.267642021179199,1
2.351496934890747,1
3.0873208045959473,1
2.6569881439208984,1
2.3592329025268555,1
2.4019553661346436,1
2.8868579864501953,1
2.7265262603759766,1
2.5197975635528564,1
2.2365784645080566,1
1.8896281719207764,1
2.12239933013916,1
2.4402713775634766,1
1.9947564601898193,1
3.7799973487854004,1
2.8614680767059326,1
4.247428894042969,1
2.6596202850341797,1
4.0221967697143555,1
2.9105100631713867,1
2.123734474182129,1
1.9022538661956787,1
3.3502702713012695,1
4.216175079345703,1
3.512911796569824,1
2.609921932220459,1
2.651142120361328,1
3.024604082107544,1
2.9258761405944824,1
3.3972721099853516,1
3.0128724575042725,1
2.8732986450195313,1
2.2099757194519043,1
2.30517315864563,1
2.522487163543701,1
2.567979097366333,1
2.7722296714782715,1
3.0367276668548584,1
2.5960354804992676,1
2.2321479320526123,1
2.364330768585205,1
2.961709499359131,1
2.4005661010742188,1
2.793093204498291,1
2.533696174621582,1
2.5400075912475586,1
1.8557074069976807,1
2.997335910797119,1
2.231565475463867,1
3.118945598602295,1
3.551060914993286,1
2.137259006500244,1
2.1934938430786133,1
4.51908016204834,1
3.449397325515747,1
2.4221739768981934,1
3.225607395172119,1
2.915060043334961,1
3.3834424018859863,1
3.3342738151550293,1
3.034237861633301,1
3.05804443359375,1
2.4782285690307617,1
3.238525390625,1
2.527179718017578,1
2.912627696990967,1
1.7606706619262695,1
2.98085355758667,1
2.0581092834472656,1
2.1304752826690674,1
2.310577869415283,1
1.9092706441879272,1
3.099735736846924,1
2.5290443897247314,1
3.0632266998291016,1
2.2270989418029785,1
1.8133724927902222,1
2.136086940765381,1
2.3242125511169434,1
2.7096261978149414,1
2.4572527408599854,1
2.282597064971924,1
3.0901217460632324,1
2.1994166374206543,1
2.8758225440979004,1
2.627915620803833,1
2.9554147720336914,1
2.2003700733184814,1
2.6834235191345215,1
2.0398881435394287,1
2.682337999343872,1
2.833148241043091,1
2.0173892974853516,1
2.2577669620513916,1
3.2672314643859863,1
2.3385720252990723,1
2.7475409507751465,1
2.2651124000549316,1
2.146780014038086,1
3.0561351776123047,1
2.9205610752105713,1
2.879922389984131,1
2.4531617164611816,1
2.508281707763672,1
1.7823457717895508,1
2.0858616828918457,1
2.0769622325897217,1
2.8540990352630615,1
2.53833270072937,1
2.6960463523864746,1
3.152372121810913,1
2.4258952140808105,1
3.342910051345825,1
3.0391111373901367,1
2.8254668712615967,1
2.5583176612854004,1
2.402643918991089,1
2.6568899154663086,1
2.772205352783203,1
2.115321159362793,1
2.203503370285034,1
2.8834071159362793,1
3.0122604370117188,1
2.1962170600891113,1
2.2068543434143066,1
2.1024820804595947,1
2.6618642807006836,1
2.5928478240966797,1
3.0442304611206055,1
2.3679933547973633,1
2.3576173782348633,1
3.353166103363037,1
2.5284337997436523,1
4.031214714050293,1
3.8586232662200928,1
2.527132511138916,1
2.4413375854492188,1
3.3225855827331543,1
4.362829208374023,1
3.407193899154663,1
2.7947561740875244,1
3.6370413303375244,1
2.6072425842285156,1
3.2816357612609863,1
3.2040011882781982,1
2.8768672943115234,1
3.2712597846984863,1
1.8396785259246826,1
2.6708788871765137,1
2.4031832218170166,1
2.576476573944092,1
2.321342945098877,1
1.4794814586639404,1
2.749574661254883,1
2.2357773780822754,1
2.2451844215393066,1
2.419839859008789,1
2.09897780418396,1
2.1379692554473877,1
2.6435484886169434,1
2.434530258178711,1
2.782188892364502,1
2.762613534927368,1
2.3250975608825684,1
3.1403210163116455,1
2.3659000396728516,1
4.095386505126953,1
3.133077621459961,1
2.494847536087036,1
3.32391357421875,1
3.0459165573120117,1
2.5894670486450195,1
3.0166749954223633,1
2.41157865524292,1
3.373680830001831,1
2.9991068840026855,1
2.3649778366088867,1
2.1331748962402344,1
2.271670341491699,1
3.0180492401123047,1
2.614224910736084,1
2.5711348056793213,1
2.6983957290649414,1
2.7716503143310547,1
2.975494861602783,1
2.6847341060638428,1
2.5552587509155273,1
3.1995115280151367,1
2.5579090118408203,1
2.602038860321045,1
2.308946371078491,1
2.6336841583251953,1
2.2661709785461426,1
4.348632335662842,1
3.077855110168457,1
2.82551908493042,1
2.9337077140808105,1
3.159228801727295,1
2.9960412979125977,1
2.3799099922180176,1
2.4753217697143555,1
2.8594248294830322,1
2.2755372524261475,1
3.168466806411743,1
2.7620644569396973,1
2.9221296310424805,1
3.1160407066345215,1
2.1847639083862305,1
3.3210525512695313,1
3.19589900970459,1
3.324249267578125,1
2.9166362285614014,1
4.529534339904785,1
2.265507459640503,1
3.478814125061035,1
2.6687026023864746,1
3.6840932369232178,1
3.4973225593566895,1
3.9489850997924805,1
3.3802268505096436,1
2.8597357273101807,1
3.261586904525757,1
2.769153594970703,1
3.7412350177764893,1
4.359396457672119,1
2.6175386905670166,1
2.7978453636169434,1
2.302696943283081,1
2.933908462524414,1
2.5267539024353027,1
3.138718605041504,1
2.7633414268493652,1
2.3459863662719727,1
2.518418550491333,1
2.3614213466644287,1
2.6378378868103027,1
2.718597888946533,1
2.195002555847168,1
4.715636253356934,1
3.1882951259613037,1
2.2044119834899902,1
3.190732955932617,1
2.704535961151123,1
3.3672502040863037,1
3.164808750152588,1
3.6206436157226563,1
2.5170211791992188,1
2.9701342582702637,1
2.7637317180633545,1
2.8387484550476074,1
2.475705146789551,1
2.9349639415740967,1
3.696577787399292,1
2.7959723472595215,1
2.561649799346924,1
2.893556594848633,1
2.3717310428619385,1
2.6923491954803467,1
3.5521953105926514,1
2.2370762825012207,1
2.9435338973999023,1
2.777301788330078,1
2.383599281311035,1
2.343961238861084,1
2.049626588821411,1
2.6434638500213623,1
2.450932502746582,1
2.2493033409118652,1
2.5529427528381348,1
2.937026023864746,1
2.8833625316619873,1
2.4336681365966797,1
3.7531399726867676,1
2.6781463623046875,1
2.8886399269104004,1
2.525263786315918,1
2.9935293197631836,1
2.4753692150115967,1
3.4746503829956055,1
3.044619083404541,1
2.832298517227173,1
3.343928813934326,1
2.859428882598877,1
3.1470775604248047,1
2.8200387954711914,1
2.743116617202759,1
3.140709161758423,1
3.4322361946105957,1
3.243429183959961,1
3.591421127319336,1
2.865971565246582,1
2.8607773780822754,1
2.711353302001953,1
2.4598312377929688,1
2.7671334743499756,1
2.6819114685058594,1
3.145724296569824,1
3.2357821464538574,1
4.071681022644043,1
2.4060511589050293,1
2.207913637161255,1
2.4435393810272217,1
2.820986747741699,1
2.4636878967285156,1
2.784414768218994,1
2.6317012310028076,1
2.6076297760009766,1
2.7366533279418945,1
2.5829834938049316,1
2.852694034576416,1
2.744208335876465,1
1.9410743713378906,1
2.7792716026306152,1
3.165823221206665,1
3.0737357139587402,1
3.0122323036193848,1
3.03011417388916,1
2.5911359786987305,1
3.276561737060547,1
2.918332815170288,1
2.2550981044769287,1
1.9361207485198975,1
2.5711143016815186,1
2.3780508041381836,1
3.7368030548095703,1
2.6720755100250244,1
2.8413279056549072,1
3.1355371475219727,1
2.517085075378418,1
2.626776695251465,1
2.229273796081543,1
2.4273715019226074,1
3.042870044708252,1
3.4221179485321045,1
2.168508529663086,1
2.367602825164795,1
3.1721529960632324,1
2.9865641593933105,1
2.236534357070923,1
2.4267375469207764,1
2.9883170127868652,1
2.8828229904174805,1
2.883199691772461,1
2.254147529602051,1
2.5854623317718506,1
2.745426654815674,1
3.0635313987731934,1
2.563941478729248,1
1.7160385847091675,1
2.8586483001708984,1
2.7491323947906494,1
2.2825796604156494,1
3.0863943099975586,1
2.5697848796844482,1
2.7385785579681396,1
3.009371280670166,1
2.926576614379883,1
2.447328567504883,1
2.4152469635009766,1
2.47576904296875,1
3.053504467010498,1
2.0663771629333496,1
2.160404682159424,1
2.8181746006011963,1
2.560703754425049,1
2.746563196182251,1
2.144263505935669,1
2.786069869995117,1
1.894194483757019,1
2.219496726989746,1
2.6878604888916016,1
2.4168403148651123,1
3.0472989082336426,1
2.221057891845703,1
2.068082332611084,1
3.310600996017456,1
3.12247371673584,1
2.8794941902160645,1
2.4120121002197266,1
2.737452268600464,1
2.2009267807006836,1
2.180813789367676,1
2.7222084999084473,1
2.057117223739624,1
2.469036340713501,1
2.1972618103027344,1
2.298449993133545,1
2.650439977645874,1
2.872293710708618,1
2.5732717514038086,1
4.164016246795654,1
3.056077480316162,1
2.821274757385254,1
3.7401046752929688,1
3.2379038333892822,1
2.612548828125,1
2.487274169921875,1
2.966271162033081,1
2.272425413131714,1
3.8837361335754395,1
3.8324522972106934,1
2.9517769813537598,1
2.994293212890625,1
2.514608860015869,1
3.0379104614257813,1
3.345111846923828,1
2.404496669769287,1
3.6175360679626465,1
2.4687042236328125,1
2.930844783782959,1
1.8679581880569458,1
2.819962501525879,1
4.58854341506958,1
3.3511478900909424,1
3.7389755249023438,1
2.4246928691864014,1
3.771012783050537,1
3.193053722381592,1
3.289729118347168,1
2.5463733673095703,1
3.553731679916382,1
2.724128484725952,1
2.5741729736328125,1
2.318639039993286,1
3.139587879180908,1
2.637047529220581,1
2.640666961669922,1
3.269421100616455,1
3.1249146461486816,1
2.5888266563415527,1
2.2492730617523193,1
3.155466318130493,1
2.789466619491577,1
2.711367607116699,1
3.42437481880188,1
3.4558684825897217,1
3.0354936122894287,1
2.907519817352295,1
2.415327310562134,1
2.4320785999298096,1
2.205719470977783,1
2.665297031402588,1
3.1712756156921387,1
2.8901939392089844,1
2.6849169731140137,1
2.10953950881958,1
2.6021034717559814,1
2.7381839752197266,1
2.345411777496338,1
2.7164368629455566,1
3.239893913269043,1
2.9631786346435547,1
2.608107566833496,1
4.201106548309326,1
2.1412603855133057,1
3.255887508392334,1
2.483515977859497,1
3.1895265579223633,1
1.94849693775177,1
3.358670711517334,1
5.465495586395264,1
3.3830714225769043,1
3.18202543258667,1
3.295530319213867,1
3.4911322593688965,1
3.3072853088378906,1
4.0248188972473145,1
4.119783401489258,1
3.3125813007354736,1
3.291910171508789,1
2.3542697429656982,1
3.0880045890808105,1
2.2256832122802734,1
3.0488204956054688,1
2.7324280738830566,1
3.101048707962036,1
3.1969547271728516,1
3.9147799015045166,1
2.0605814456939697,1
2.661339044570923,1
3.715728998184204,1
2.364981174468994,1
2.6145217418670654,1
3.0132007598876953,1
2.363278388977051,1
2.7952051162719727,1
3.411073684692383,1
2.5111804008483887,1
2.4887733459472656,1
3.1217267513275146,1
2.8028664588928223,1
3.150062084197998,1
3.0204415321350098,1
2.7169432640075684,1
2.638117790222168,1
3.1300859451293945,1
3.541006088256836,1
3.4845285415649414,1
2.8742740154266357,1
3.4392242431640625,1
2.9235281944274902,1
3.5348501205444336,1
3.088411569595337,1
2.504539966583252,1
3.2398109436035156,1
2.4910948276519775,1
4.680782318115234,1
3.555581569671631,1
2.88067626953125,1
2.7796506881713867,1
2.7960658073425293,1
2.7485389709472656,1
3.100403308868408,1
2.9781861305236816,1
4.4061737060546875,1
2.847026824951172,1
2.706228733062744,1
3.0361053943634033,1
3.0742669105529785,1
3.1263177394866943,1
2.6452255249023438,1
2.9936068058013916,1
2.765981912612915,1
3.004558563232422,1
2.888767719268799,1
2.2926406860351563,1
3.0277695655822754,1
3.301494836807251,1
2.670217514038086,1
2.4736874103546143,1
3.1210694313049316,1
2.3736743927001953,1
3.399693012237549,1
2.4344065189361572,1
3.3214635848999023,1
2.6497561931610107,1
3.1511881351470947,1
2.7649686336517334,1
2.699374198913574,1
2.9074831008911133,1
3.343506097793579,1
3.624418020248413,1
3.511972427368164,1
1.851520299911499,1
2.257692337036133,1
3.3182668685913086,1
2.0986499786376953,1
2.246511936187744,1
3.264948844909668,1
2.882930278778076,1
2.7999911308288574,1
2.653789758682251,1
2.6834373474121094,1
2.4596762657165527,1
3.032021999359131,1
2.5447659492492676,1
2.651768684387207,1
2.6706957817077637,1
1.7805131673812866,1
2.710124969482422,1
2.0968003273010254,1
2.213411808013916,1
2.1861791610717773,1
3.4349703788757324,1
2.5910892486572266,1
2.038876533508301,1
2.6092419624328613,1
2.9914417266845703,1
2.4222664833068848,1
2.9662067890167236,1
2.700824737548828,1
3.1348447799682617,1
3.4781181812286377,1
2.5126500129699707,1
3.028719902038574,1
3.0370380878448486,1
2.890345573425293,1
2.690737724304199,1
2.5655808448791504,1
2.765944480895996,1
3.6770334243774414,1
4.033353328704834,1
4.040720462799072,1
3.4744834899902344,1
3.0547752380371094,1
3.2065188884735107,1
3.333712577819824,1
3.4444994926452637,1
2.921318769454956,1
2.7842116355895996,1
3.559638738632202,1
2.703295946121216,1
3.4076056480407715,1
3.0570125579833984,1
2.519239664077759,1
3.3017468452453613,1
2.8418726921081543,1
3.4810736179351807,1
2.7962820529937744,1
3.1211559772491455,1
4.628597736358643,1
3.418874740600586,1
2.6028428077697754,1
3.6866676807403564,1
3.575967788696289,1
2.6596601009368896,1
2.434741973876953,1
2.708630323410034,1
3.28245210647583,1
1.9226679801940918,1
2.301908016204834,1
2.766397476196289,1
2.437131643295288,1
2.821815013885498,1
2.8207571506500244,1
2.630439519882202,1
2.2830264568328857,1
3.0898962020874023,1
2.912015676498413,1
2.3600010871887207,1
2.6041436195373535,1
2.6475183963775635,1
2.354952335357666,1
2.345317840576172,1
2.5638465881347656,1
2.4782538414001465,1
2.542772054672241,1
2.3246335983276367,1
2.8565359115600586,1
2.692633867263794,1
3.253540515899658,1
2.902463436126709,1
2.809946298599243,1
2.137565851211548,1
1.8993635177612305,1
2.441880702972412,1
2.606901168823242,1
3.0008232593536377,1
2.4513583183288574,1
2.5105674266815186,1
2.516140937805176,1
2.797238826751709,1
2.7624380588531494,1
3.5301384925842285,1
3.0709738731384277,1
3.363419532775879,1
2.947073459625244,1
2.95540189743042,1
3.58450984954834,1
3.572385787963867,1
3.332119941711426,1
2.8454060554504395,1
2.926705837249756,1
4.094154357910156,1
3.2987091541290283,1
3.6610052585601807,1
2.8079323768615723,1
3.473942756652832,1
4.344444274902344,1
3.0076441764831543,1
2.386061191558838,1
2.85768985748291,1
2.938244104385376,1
2.9019851684570313,1
2.527738332748413,1
2.394455909729004,1
2.8080148696899414,1
3.670525312423706,1
2.404974937438965,1
2.8486573696136475,1
2.5560312271118164,1
2.7172346115112305,1
3.417705774307251,1
2.383053779602051,1
5.250734329223633,1
4.495588779449463,1
3.7857131958007813,1
3.1534221172332764,1
2.9939138889312744,1
2.9610085487365723,1
3.0734024047851563,1
2.7123637199401855,1
3.5718023777008057,1
2.4930315017700195,1
2.9339184761047363,1
2.3891830444335938,1
2.118804693222046,1
2.281898021697998,1
2.967776298522949,1
2.4252266883850098,1
3.4026126861572266,1
2.630502700805664,1
3.1082828044891357,1
3.1014275550842285,1
2.997955322265625,1
3.14890456199646,1
2.7856040000915527,1
2.123305082321167,1
2.201951503753662,1
2.746060848236084,1
2.9641666412353516,1
3.4081015586853027,1
3.2191710472106934,1
3.08713960647583,1
2.843412399291992,1
2.5929150581359863,1
2.5474648475646973,1
2.3552727699279785,1
4.4135589599609375,1
2.9177093505859375,1
2.758334159851074,1
2.543973445892334,1
2.556608200073242,1
2.9426140785217285,1
3.034932851791382,1
3.361074686050415,1
2.2947282791137695,1
2.747941493988037,1
3.0819547176361084,1
3.3742685317993164,1
3.2855498790740967,1
3.184950590133667,1
2.963186740875244,1
3.5214834213256836,1
2.9983532428741455,1
3.1168651580810547,1
2.6375033855438232,1
2.616914749145508,1
2.4214892387390137,1
2.4418632984161377,1
2.4503989219665527,1
2.883085250854492,1
3.584311008453369,1
2.9371964931488037,1
2.485809803009033,1
2.2307825088500977,1
2.3233518600463867,1
2.5007920265197754,1
1.7989275455474854,1
2.554579257965088,1
3.8257503509521484,1
2.6188712120056152,1
2.571702480316162,1
2.272726535797119,1
2.2102699279785156,1
1.9883291721343994,1
2.504821300506592,1
2.18983793258667,1
2.573049545288086,1
2.991185188293457,1
2.6355154514312744,1
2.5478081703186035,1
2.793483018875122,1
2.3496410846710205,1
3.025881767272949,1
2.7203097343444824,1
2.6052870750427246,1
3.318113327026367,1
4.502729892730713,1
6.342621326446533,1
4.182622909545898,1
2.448044538497925,1
2.7412972450256348,1
2.0967321395874023,1
2.4141063690185547,1
2.2410335540771484,1
2.948422908782959,1
2.5255770683288574,1
4.304359436035156,1
2.587491512298584,1
2.7042837142944336,1
2.7477145195007324,1
2.529813289642334,1
2.4980294704437256,1
3.171530246734619,1
2.893223285675049,1
3.3831818103790283,1
2.1823456287384033,1
2.697587490081787,1
3.2576539516448975,1
2.3745293617248535,1
2.882750988006592,1
3.5574188232421875,1
3.3040332794189453,1
3.8238821029663086,1
2.4216980934143066,1
2.666088581085205,1
2.8025612831115723,1
2.671727418899536,1
2.0620357990264893,1
2.9830873012542725,1
2.7248568534851074,1
2.728877067565918,1
3.0474016666412354,1
2.4541056156158447,1
2.792059898376465,1
2.6076040267944336,1
1.8042385578155518,1
1.9604215621948242,1
2.513741970062256,1
3.5889153480529785,1
3.7076034545898438,1
2.6720895767211914,1
3.578951120376587,1
1.9877437353134155,1
2.5850443840026855,1
3.098618507385254,1
2.499542236328125,1
2.742611885070801,1
2.8475377559661865,1
3.501232147216797,1
2.9746081829071045,1
3.0888524055480957,1
2.7164387702941895,1
2.682919502258301,1
2.263453960418701,1
2.2938013076782227,1
2.216726303100586,1
3.630629301071167,1
2.7259602546691895,1
1.9948018789291382,1
2.370610237121582,1
3.1284048557281494,1
4.7730302810668945,1
2.0559682846069336,1
3.4221160411834717,1
2.4827663898468018,1
3.6692051887512207,1
3.978679895401001,1
3.217564105987549,1
2.0924277305603027,1
2.938234567642212,1
2.2245373725891113,1
2.1770291328430176,1
2.951258897781372,1
2.389407157897949,1
2.5206894874572754,1
3.247807502746582,1
3.1614065170288086,1
3.6021876335144043,1
2.781029462814331,1
2.5164308547973633,1
2.8308751583099365,1
3.1996803283691406,1
2.9100546836853027,1
2.829847812652588,1
2.855384349822998,1
2.5628771781921387,1
3.566323757171631,1
3.055433750152588,1
2.877363681793213,1
2.360414981842041,1
1.858167290687561,1
3.1608686447143555,1
3.407804250717163,1
2.483419895172119,1
2.4003632068634033,1
3.307929039001465,1
3.398685932159424,1
3.1431336402893066,1
3.3974223136901855,1
2.9952621459960938,1
3.5430781841278076,1
3.2685561180114746,1
2.759223461151123,1
3.207919120788574,1
3.464005470275879,1
4.07720947265625,1
3.148310661315918,1
3.062260627746582,1
3.1331257820129395,1
2.5957541465759277,1
2.7616748809814453,1
3.0170440673828125,1
2.7435150146484375,1
3.3347578048706055,1
3.3077597618103027,1
3.4681994915008545,1
2.3294448852539063,1
2.740818500518799,1
2.846778154373169,1
3.1224215030670166,1
2.837843179702759,1
2.477037191390991,1
3.1573638916015625,1
2.6467931270599365,1
2.673652172088623,1
3.1167266368865967,1
3.1827659606933594,1
2.8707778453826904,1
2.7758162021636963,1
2.1512579917907715,1
2.3692970275878906,1
2.370492696762085,1
2.490102767944336,1
2.7917280197143555,1
2.985706090927124,1
2.451780319213867,1
3.0273470878601074,1
2.30979323387146,1
2.4639391899108887,1
3.3105459213256836,1
4.490756988525391,1
3.2557199001312256,1
2.221397876739502,1
3.3678808212280273,1
3.3941848278045654,1
3.80728816986084,1
3.452277183532715,1
2.6930148601531982,1
3.042526960372925,1
3.0106656551361084,1
2.036485433578491,1
3.6283717155456543,1
2.342820167541504,1
2.7517900466918945,1
2.6058499813079834,1
2.3557491302490234,1
3.5486574172973633,1
2.7422397136688232,1
3.0600407123565674,1
3.942732810974121,1
2.905200481414795,1
2.258108377456665,1
3.544853687286377,1
3.4451680183410645,1
2.936718463897705,1
3.902909755706787,1
2.3532581329345703,1
3.3814697265625,1
3.2743756771087646,1
2.738619327545166,1
2.239173412322998,1
2.4392964839935303,1
2.8120884895324707,1
2.75083327293396,1
2.7582147121429443,1
2.5059032440185547,1
2.8524622917175293,1
2.4719882011413574,1
2.5643701553344727,1
2.912801742553711,1
2.6213674545288086,1
3.511718511581421,1
2.9858367443084717,1
2.2303779125213623,1
2.588813304901123,1
2.875347137451172,1
2.7912378311157227,1
2.4256019592285156,1
3.3982818126678467,1
2.6818857192993164,1
5.769626617431641,1
2.4148848056793213,1
2.8332901000976563,1
3.3655455112457275,1
3.429920196533203,1
3.3081910610198975,1
2.438603401184082,1
2.5928890705108643,1
2.8865933418273926,1
2.6203994750976563,1
2.679699659347534,1
2.6597752571105957,1
2.7098591327667236,1
2.45609450340271,1
2.902780532836914,1
2.4823665618896484,1
2.7496566772460938,1
2.6854424476623535,1
2.5912039279937744,1
3.616363525390625,1
4.256475925445557,1
3.3928396701812744,1
6.8850812911987305,1
4.511669158935547,1
2.6387977600097656,1
3.0280847549438477,1
3.036970376968384,1
3.112684965133667,1
3.5005438327789307,1
4.8639655113220215,1
3.093496561050415,1
2.97713303565979,1
3.7791037559509277,1
2.8679840564727783,1
3.3094964027404785,1
3.074758529663086,1
3.0997796058654785,1
2.5326619148254395,1
3.514817714691162,1
3.0737533569335938,1
3.015687942504883,1
2.5851101875305176,1
3.0735716819763184,1
3.3917741775512695,1
3.410162925720215,1
3.0808565616607666,1
3.302057981491089,1
3.472990036010742,1
2.478611946105957,1
3.650820732116699,1
2.1257574558258057,1
2.4731550216674805,1
2.338778495788574,1
2.378687858581543,1
1.7900283336639404,1
3.095731258392334,1
3.1863231658935547,1
2.2602555751800537,1
3.260983467102051,1
3.992987871170044,1
3.418172597885132,1
1.9789698123931885,1
3.40615177154541,1
2.344287395477295,1
3.732309579849243,1
3.680241107940674,1
3.189643383026123,1
2.664536714553833,1
2.5146055221557617,1
3.461944341659546,1
3.610513687133789,1
2.462124824523926,1
2.746723175048828,1
3.3139560222625732,1
3.132376194000244,1
3.1438612937927246,1
2.767326831817627,1
2.732149600982666,1
2.8204426765441895,1
2.3170664310455322,1
3.9198665618896484,1
3.6923694610595703,1
3.035946846008301,1
1.7745881080627441,1
3.403179168701172,1
2.6878929138183594,1
3.1855831146240234,1
3.1055164337158203,1
2.516927719116211,1
2.61196231842041,1
3.0723063945770264,1
2.6621718406677246,1
2.5452358722686768,1
3.146392822265625,1
4.80055046081543,1
2.6375904083251953,1
3.127798080444336,1
3.603313446044922,1
2.0842466354370117,1
2.9467992782592773,1
2.3813915252685547,1
2.48283052444458,1
2.8545827865600586,1
3.1291937828063965,1
2.906184434890747,1
2.8629865646362305,1
3.256380319595337,1
3.2318716049194336,1
3.448026657104492,1
3.1308860778808594,1
2.918994426727295,1
2.9414515495300293,1
3.3594048023223877,1
3.5068068504333496,1
3.4739205837249756,1
3.434556484222412,1
2.8731186389923096,1
2.7578659057617188,1
3.419201374053955,1
3.2656071186065674,1
2.485495090484619,1
2.7037277221679688,1
2.7987561225891113,1
3.310689926147461,1
2.5662031173706055,1
2.465343475341797,1
2.38039493560791,1
2.875678539276123,1
2.3408050537109375,1
3.3460006713867188,1
2.6596245765686035,1
3.0066161155700684,1
3.147212505340576,1
2.2270965576171875,1
2.0289127826690674,1
2.3572001457214355,1
3.257841110229492,1
2.918769359588623,1
2.5874598026275635,1
3.2736783027648926,1
2.8255808353424072,1
2.397557497024536,1
3.357753276824951,1
2.457521677017212,1
2.949953079223633,1
3.317312240600586,1
2.571352958679199,1
2.2738237380981445,1
3.516751527786255,1
4.773914337158203,1
2.5799801349639893,1
2.9501900672912598,1
2.667367458343506,1
2.7558372020721436,1
2.856584072113037,1
3.165757179260254,1
2.762108087539673,1
4.780139923095703,1
4.4103617668151855,1
3.1896820068359375,1
3.260009527206421,1
3.0099010467529297,1
3.5011820793151855,1
3.2603745460510254,1
2.580545425415039,1
2.690950632095337,1
2.916818141937256,1
3.060798406600952,1
3.8337554931640625,1
3.119992733001709,1
3.931136131286621,1
2.6809287071228027,1
2.8351831436157227,1
3.0836212635040283,1
2.5181543827056885,1
3.139655590057373,1
2.898179531097412,1
2.6967573165893555,1
2.712029457092285,1
2.4344193935394287,1
2.874781608581543,1
2.0459043979644775,1
2.806941509246826,1
2.187190532684326,1
2.3622078895568848,1
2.161780834197998,1
2.5540313720703125,1
3.821599245071411,1
2.6990110874176025,1
2.7011055946350098,1
3.001091957092285,1
2.611138343811035,1
2.602354049682617,1
3.4128146171569824,1
2.5387656688690186,1
2.6353044509887695,1
2.9360737800598145,1
1.7355718612670898,1
2.6881401538848877,1
3.321561813354492,1
2.516392707824707,1
3.2603211402893066,1
2.573300838470459,1
2.927232027053833,1
2.112997055053711,1
3.158421516418457,1
2.5597524642944336,1
2.9296741485595703,1
2.543213367462158,1
2.5812807083129883,1
2.697132110595703,1
2.818880796432495,1
2.735318660736084,1
2.938518524169922,1
2.419813632965088,1
2.997558355331421,1
2.759887218475342,1
2.3079817295074463,1
2.682950496673584,1
2.5807313919067383,1
2.4751315116882324,1
2.9306089878082275,1
3.3669075965881348,1
3.4185233116149902,1
3.871882438659668,1
2.4142050743103027,1
3.113865375518799,1
3.07106876373291,1
3.168203115463257,1
2.6860928535461426,1
3.6292381286621094,1
2.7486982345581055,1
2.5640151500701904,1
3.1495959758758545,1
2.3317718505859375,1
2.865169048309326,1
4.063110828399658,1
2.5520598888397217,1
3.4817564487457275,1
2.3843162059783936,1
2.859005928039551,1
3.2235565185546875,1
3.1620988845825195,1
3.418813705444336,1
2.8735663890838623,1
2.9993512630462646,1
2.61214542388916,1
2.5363569259643555,1
2.9724631309509277,1
5.168881893157959,1
2.796527862548828,1
2.176271438598633,1
3.5774941444396973,1
2.897911548614502,1
2.507878065109253,1
3.0536835193634033,1
2.6573193073272705,1
2.719485282897949,1
2.6513524055480957,1
2.8320960998535156,1
2.8148081302642822,1
2.665621280670166,1
2.3139724731445313,1
2.7950074672698975,1
2.936047077178955,1
2.1728386878967285,1
2.5035862922668457,1
3.3558425903320313,1
2.345686912536621,1
3.896611213684082,1
3.0205845832824707,1
2.24562406539917,1
2.585564613342285,1
2.4225270748138428,1
3.3662948608398438,1
2.973855495452881,1
2.3050615787506104,1
2.467820644378662,1
3.2873001098632813,1
2.4720065593719482,1
2.3301851749420166,1
2.7883572578430176,1
2.414517879486084,1
2.903122901916504,1
3.2011942863464355,1
2.798830509185791,1
3.0363850593566895,1
3.083617687225342,1
2.783062696456909,1
3.1735124588012695,1
2.7302403450012207,1
2.931311845779419,1
3.2823946475982666,1
3.331094741821289,1
4.310616970062256,1
2.882110595703125,1
3.0727434158325195,1
2.696486473083496,1
3.9770851135253906,1
4.787485122680664,1
2.6799750328063965,1
2.26617693901062,1
2.313828945159912,1
2.7679100036621094,1
2.95900559425354,1
3.3060760498046875,1
3.1569888591766357,1
3.2100610733032227,1
2.9623374938964844,1
2.7159433364868164,1
3.2271475791931152,1
3.5382444858551025,1
3.2676613330841064,1
3.8422038555145264,1
3.5924582481384277,1
2.749307155609131,1
2.6351497173309326,1
3.248220920562744,1
2.8980722427368164,1
3.2797091007232666,1
3.833523988723755,1
3.8643219470977783,1
3.137179374694824,1
2.7437949180603027,1
2.7412734031677246,1
3.7874913215637207,1
2.168551206588745,1
3.4460694789886475,1
2.9868106842041016,1
2.5953454971313477,1
3.2310619354248047,1
2.5723867416381836,1
2.458278179168701,1
3.2121236324310303,1
2.988771915435791,1
3.1585917472839355,1
4.521256923675537,1
2.81424617767334,1
3.334465742111206,1
2.9049911499023438,1
3.214043617248535,1
3.682387590408325,1
3.027599811553955,1
3.222933530807495,1
2.5350494384765625,1
2.25447416305542,1
2.769484519958496,1
2.5423991680145264,1
3.068995475769043,1
2.820808172225952,1
2.0033047199249268,1
2.1246519088745117,1
3.3627638816833496,1
3.302391290664673,1
2.9123735427856445,1
2.753326892852783,1
2.5818943977355957,1
2.566762685775757,1
3.1313486099243164,1
3.254056215286255,1
2.2609729766845703,1
3.800382614135742,1
3.084876298904419,1
1.9418634176254272,1
2.3625142574310303,1
2.970132350921631,1
3.1953413486480713,1
2.9098925590515137,1
2.4870877265930176,1
3.1878204345703125,1
1.8158764839172363,1
2.563077926635742,1
2.7644267082214355,1
2.403918981552124,1
2.8194947242736816,1
2.394979238510132,1
2.2825517654418945,1
2.4445879459381104,1
2.7804250717163086,1
2.693185806274414,1
3.745241641998291,1
2.5495543479919434,1
2.4962844848632813,1
2.755068302154541,1
3.021873950958252,1
3.4267749786376953,1
3.3126730918884277,1
2.3262245655059814,1
2.5356650352478027,1
2.2948989868164063,1
2.1373825073242188,1
3.2557356357574463,1
3.736199140548706,1
2.09259295463562,1
2.718327045440674,1
2.868697166442871,1
3.0106215476989746,1
2.868414878845215,1
2.886127233505249,1
3.4282360076904297,1
1.8950519561767578,1
2.597433090209961,1
2.136242628097534,1
1.6670199632644653,1
2.9869062900543213,1
2.668057918548584,1
3.348690986633301,1
3.294426679611206,1
2.961822509765625,1
2.336287498474121,1
2.3617074489593506,1
2.745368242263794,1
2.704401969909668,1
2.3917551040649414,1
2.495959997177124,1
3.156255006790161,1
2.346165895462036,1
2.762075901031494,1
2.790767192840576,1
3.180065870285034,1
2.7378413677215576,1
2.800485610961914,1
3.0137600898742676,1
2.3086352348327637,1
2.3506877422332764,1
2.77177357673645,1
3.462362766265869,1
2.625669479370117,1
2.71376895904541,1
3.0382440090179443,1
2.487250804901123,1
3.5535435676574707,1
2.6206634044647217,1
2.7431859970092773,1
4.608153343200684,1
3.255443811416626,1
2.766096830368042,1
2.313230514526367,1
2.5796687602996826,1
2.268660306930542,1
2.813718795776367,1
2.283719062805176,1
2.1646761894226074,1
2.6560351848602295,1
2.6586689949035645,1
2.509803295135498,1
3.149892807006836,1
2.8100385665893555,1
2.521456480026245,1
2.984497547149658,1
2.824601173400879,1
2.6357874870300293,1
2.9909467697143555,1
3.525975227355957,1
2.263478994369507,1
2.810041904449463,1
3.5435662269592285,1
3.2251460552215576,1
3.847653865814209,1
2.898338794708252,1
2.9603071212768555,1
2.857907772064209,1
2.7437829971313477,1
4.080988883972168,1
2.576885223388672,1
3.169780731201172,1
2.8046042919158936,1
2.7095842361450195,1
2.615446090698242,1
2.960435390472412,1
2.6844286918640137,1
2.640397548675537,1
3.5408260822296143,1
2.4110031127929688,1
2.1279172897338867,1
3.4198899269104004,1
2.299800395965576,1
2.9202935695648193,1
3.203740119934082,1
2.9176840782165527,1
2.5543341636657715,1
2.96305775642395,1
2.747781753540039,1
2.4418892860412598,1
2.747143030166626,1
3.2457728385925293,1
3.533712148666382,1
3.2952122688293457,1
3.308544397354126,1
3.2613167762756348,1
2.514188766479492,1
2.3188419342041016,1
2.765842914581299,1
3.005438804626465,1
2.7729830741882324,1
2.2167224884033203,1
3.2481749057769775,1
2.0849218368530273,1
3.028400421142578,1
2.558450698852539,1
2.9625368118286133,1
2.1061453819274902,1
2.9267237186431885,1
2.355212688446045,1
2.808394432067871,1
3.4096851348876953,1
3.15360689163208,1
2.715607166290283,1
3.865588903427124,1
2.738252639770508,1
2.779940128326416,1
2.5519514083862305,1
2.8126778602600098,1
2.1702027320861816,1
3.969752311706543,1
3.118541717529297,1
2.731168270111084,1
2.293214797973633,1
3.195422649383545,1
2.1145217418670654,1
3.4723939895629883,1
2.493126392364502,1
2.1120781898498535,1
3.0382156372070313,1
2.9010367393493652,1
2.612868309020996,1
2.46584153175354,1
2.31058406829834,1
3.381587028503418,1
3.2139813899993896,1
3.9268717765808105,1
4.67849588394165,1
2.334134340286255,1
3.400886297225952,1
2.879798412322998,1
2.465096950531006,1
2.6977145671844482,1
2.649292230606079,1
2.4187021255493164,1
2.4719083309173584,1
2.987919330596924,1
3.1313395500183105,1
3.188945770263672,1
2.9793343544006348,1
2.443741798400879,1
2.8310203552246094,1
2.975269317626953,1
3.043605089187622,1
2.0682921409606934,1
2.4173107147216797,1
3.0842654705047607,1
3.012624979019165,1
2.9031615257263184,1
2.521371364593506,1
2.9726037979125977,1
3.4183363914489746,1
2.497344970703125,1
2.670032024383545,1
2.5694286823272705,1
2.806567668914795,1
2.186141014099121,1
2.4582037925720215,1
2.6592507362365723,1
2.5480265617370605,1
3.3143715858459473,1
2.5311436653137207,1
2.680440902709961,1
2.7992970943450928,1
2.7665200233459473,1
2.5948667526245117,1
3.193995475769043,1
3.3131937980651855,1
2.6997828483581543,1
2.334385395050049,1
2.8138833045959473,1
2.6802520751953125,1
2.311432361602783,1
2.700056314468384,1
2.487582206726074,1
3.0485024452209473,1
2.5828475952148438,1
2.0227603912353516,1
3.112912654876709,1
2.8102996349334717,1
2.4047749042510986,1
2.5512852668762207,1
3.4670567512512207,1
2.1775271892547607,1
2.980433464050293,1
2.5655646324157715,1
2.1451241970062256,1
2.5291829109191895,1
2.480156421661377,1
2.532027006149292,1
2.833387851715088,1
2.4415855407714844,1
3.013629913330078,1
2.919466495513916,1
3.5337302684783936,1
2.7148046493530273,1
2.071687936782837,1
1.850724697113037,1
2.8393001556396484,1
2.7228035926818848,1
2.7756571769714355,1
2.5295214653015137,1
3.2517924308776855,1
2.5196194648742676,1
2.8462181091308594,1
2.6270716190338135,1
2.01346492767334,1
2.462899684906006,1
1.7789397239685059,1
2.326746702194214,1
3.1118412017822266,1
2.2515687942504883,1
3.3133883476257324,1
2.7359230518341064,1
3.362600326538086,1
2.749636173248291,1
2.95857572555542,1
2.7030789852142334,1
3.2920804023742676,1
3.114192008972168,1
2.8989500999450684,1
2.09147310256958,1
2.3118479251861572,1
3.315026044845581,1
3.015634059906006,1
2.636681079864502,1
2.6089839935302734,1
2.9969258308410645,1
2.4556350708007813,1
2.474722146987915,1
1.9899966716766357,1
2.390048027038574,1
2.326572895050049,1
2.7306020259857178,1
2.4658775329589844,1
3.0400636196136475,1
3.433011531829834,1
3.6187753677368164,1
2.9155097007751465,1
1.80724036693573,1
2.2260119915008545,1
4.791489124298096,1
2.841623306274414,1
2.1741349697113037,1
2.5100224018096924,1
2.7019896507263184,1
2.3616676330566406,1
3.013644218444824,1
3.817220687866211,1
2.6880526542663574,1
2.345608949661255,1
2.9703898429870605,1
2.1699156761169434,1
2.8177101612091064,1
2.9185943603515625,1
3.4128880500793457,1
2.6777312755584717,1
3.4962658882141113,1
3.670863628387451,1
2.9493300914764404,1
2.660987138748169,1
3.1993494033813477,1
2.777162790298462,1
3.3624486923217773,1
2.457730531692505,1
3.4972639083862305,1
2.8928239345550537,1
2.6572482585906982,1
2.810262680053711,1
2.321652889251709,1
3.3061742782592773,1
1.996405839920044,1
2.424994945526123,1
2.663031578063965,1
3.7056350708007813,1
3.001236915588379,1
2.6912078857421875,1
2.237633466720581,1
3.1987404823303223,1
3.6821248531341553,1
3.0367560386657715,1
2.6353302001953125,1
2.992286205291748,1
2.7426066398620605,1
3.027984142303467,1
2.067185878753662,1
2.0385522842407227,1
2.662693738937378,1
3.1781811714172363,1
2.255101203918457,1
2.912646532058716,1
4.5445661544799805,1
3.051609516143799,1
2.8071861267089844,1
3.3693602085113525,1
3.0956003665924072,1
2.8200674057006836,1
2.7936952114105225,1
2.860780954360962,1
3.324091672897339,1
3.703636884689331,1
2.397594451904297,1
2.581584930419922,1
2.2031450271606445,1
2.774801254272461,1
3.1389756202697754,1
2.6786952018737793,1
3.0982112884521484,1
2.7920289039611816,1
2.919747829437256,1
2.985119342803955,1
3.64711332321167,1
2.962912082672119,1
2.8817062377929688,1
2.770780324935913,1
2.5772502422332764,1
2.569509983062744,1
2.5159740447998047,1
3.2122063636779785,1
1.841437816619873,1
3.0854897499084473,1
2.59017276763916,1
2.9855895042419434,1
3.160243511199951,1
3.0654358863830566,1
1.9918850660324097,1
2.1536245346069336,1
2.598942279815674,1
3.0489487648010254,1
2.5213370323181152,1
2.992889881134033,1
2.7530765533447266,1
3.3628909587860107,1
4.146307945251465,1
2.7145278453826904,1
2.6163387298583984,1
1.9650063514709473,1
3.722153663635254,1
3.3027989864349365,1
1.7406716346740723,1
3.0764174461364746,1
2.794463872909546,1
2.570847988128662,1
2.765552282333374,1
2.7933707237243652,1
3.466747283935547,1
2.676485776901245,1
3.3253064155578613,1
2.5794029235839844,1
2.349419116973877,1
2.211329698562622,1
2.198695659637451,1
2.355916976928711,1
2.393544912338257,1
2.312592029571533,1
2.6170167922973633,1
2.0509564876556396,1
3.1870005130767822,1
3.7912611961364746,1
2.996981143951416,1
2.5130434036254883,1
2.659102201461792,1
3.048579216003418,1
2.646312713623047,1
2.741529941558838,1
2.652351140975952,1
2.871931552886963,1
2.3888003826141357,1
3.6522929668426514,1
2.629781484603882,1
3.2420718669891357,1
2.802234411239624,1
2.084803581237793,1
1.7049006223678589,1
3.1949386596679688,1
2.911766290664673,1
2.7105209827423096,1
2.3494930267333984,1
2.567473888397217,1
2.9508609771728516,1
2.0945115089416504,1
2.984774351119995,1
2.7520577907562256,1
2.262529134750366,1
2.759765863418579,1
2.154780626296997,1
2.8344926834106445,1
2.457221508026123,1
2.6937432289123535,1
2.892423152923584,1
2.5582737922668457,1
2.421596050262451,1
2.894861936569214,1
3.296593189239502,1
2.471099853515625,1
3.3260445594787598,1
2.9225857257843018,1
2.2834537029266357,1
3.0621495246887207,1
2.0912227630615234,1
3.5295698642730713,1
2.6284196376800537,1
1.856231451034546,1
2.8581771850585938,1
3.1172266006469727,1
2.969243049621582,1
3.8304100036621094,1
2.657984733581543,1
2.8757402896881104,1
2.862297534942627,1
3.036627769470215,1
3.3610897064208984,1
2.5498883724212646,1
2.2509939670562744,1
2.764552593231201,1
3.7105536460876465,1
3.155841827392578,1
2.881382465362549,1
2.398951292037964,1
2.33400559425354,1
2.3122806549072266,1
4.049923896789551,1
3.5834109783172607,1
3.337953805923462,1
2.3882899284362793,1
2.9887707233428955,1
3.3287243843078613,1
3.147411823272705,1
2.70518159866333,1
3.1610288619995117,1
1.970324993133545,1
2.5502688884735107,1
2.9531641006469727,1
2.1356778144836426,1
2.3513336181640625,1
2.6578121185302734,1
2.6446404457092285,1
2.357532024383545,1
1.9780738353729248,1
2.7808918952941895,1
2.9057579040527344,1
3.5233376026153564,1
2.976616859436035,1
2.4133615493774414,1
2.7745189666748047,1
2.837189197540283,1
2.6042706966400146,1
2.591188907623291,1
3.019704818725586,1
4.183838844299316,1
3.48374080657959,1
2.429316759109497,1
2.704577684402466,1
2.9127373695373535,1
2.092879056930542,1
2.4915974140167236,1
2.822826862335205,1
2.5441575050354004,1
2.5615217685699463,1
2.9206793308258057,1
2.700467586517334,1
2.3100287914276123,1
2.1045608520507813,1
1.9420995712280273,1
2.7479233741760254,1
2.5424277782440186,1
3.164699077606201,1
2.543743133544922,1
2.088832378387451,1
2.709728717803955,1
2.462310314178467,1
2.5444860458374023,1
2.562819004058838,1
3.803464412689209,1
3.732060432434082,1
2.8560404777526855,1
2.503096103668213,1
2.498046875,1
2.6449968814849854,1
2.4788694381713867,1
3.498093843460083,1
5.047266006469727,1
3.061530590057373,1
2.4439423084259033,1
2.479146957397461,1
2.6672871112823486,1
2.45049786567688,1
3.0908262729644775,1
3.118640422821045,1
2.088254451751709,1
3.2095227241516113,1
4.224712371826172,1
3.3906307220458984,1
3.679513454437256,1
2.1664228439331055,1
2.655074119567871,1
2.364380121231079,1
2.4774374961853027,1
3.0433835983276367,1
2.952218532562256,1
2.541748523712158,1
3.050471305847168,1
2.5164952278137207,1
2.409451484680176,1
2.611023426055908,1
2.9072093963623047,1
3.1930394172668457,1
2.8582372665405273,1
2.3172197341918945,1
2.8313279151916504,1
4.139381408691406,1
2.6836185455322266,1
4.1674981117248535,1
2.5114336013793945,1
2.861473321914673,1
2.7225465774536133,1
2.8255348205566406,1
2.5595221519470215,1
2.7513198852539063,1
3.995330572128296,1
2.5773427486419678,1
2.8035969734191895,1
4.4223408699035645,1
2.337763786315918,1
2.779515504837036,1
3.1584970951080322,1
3.1012349128723145,1
3.538888692855835,1
3.0965466499328613,1
2.547618865966797,1
2.6202306747436523,1
2.2092719078063965,1
3.2480368614196777,1
3.4949517250061035,1
2.433523178100586,1
2.3099746704101563,1
2.6372923851013184,1
2.5067079067230225,1
2.6160035133361816,1
2.903057098388672,1
2.5386552810668945,1
3.043576240539551,1
2.3806517124176025,1
3.636890411376953,1
3.2778608798980713,1
2.3802947998046875,1
2.7592275142669678,1
2.968101978302002,1
2.933152198791504,1
2.6376919746398926,1
3.205440044403076,1
2.4326910972595215,1
2.715421676635742,1
2.277930736541748,1
2.708169937133789,1
2.6824698448181152,1
2.258023738861084,1
3.1394996643066406,1
3.7005414962768555,1
2.6832661628723145,1
2.915571689605713,1
3.629147529602051,1
1.9704018831253052,1
2.799957752227783,1
2.6797754764556885,1
2.0689523220062256,1
2.387674331665039,1
2.8779165744781494,1
2.3303277492523193,1
1.8700151443481445,1
3.477105140686035,1
2.609187126159668,1
2.489072799682617,1
4.359910011291504,1
3.4520106315612793,1
2.7039284706115723,1
2.5748538970947266,1
3.1402976512908936,1
3.388209342956543,1
2.3092446327209473,1
2.5368456840515137,1
2.502129316329956,1
3.2596898078918457,1
2.7939631938934326,1
3.019113063812256,1
2.05696964263916,1
3.221951723098755,1
3.8974204063415527,1
3.2355356216430664,1
2.3935928344726563,1
2.679100513458252,1
2.3226470947265625,1
3.758826971054077,1
2.623509168624878,1
6.214346408843994,1
2.6542563438415527,1
2.055633544921875,1
2.325486660003662,1
2.8450727462768555,1
3.441816806793213,1
3.2620716094970703,1
3.6319193840026855,1
2.996380567550659,1
3.327366590499878,1
2.2908873558044434,1
2.3375325202941895,1
3.97188401222229,1
2.8075876235961914,1
2.4125711917877197,1
2.418325424194336,1
2.67775559425354,1
3.531221866607666,1
2.5106618404388428,1
3.214904546737671,1
4.0418548583984375,1
2.793203115463257,1
2.6965560913085938,1
3.6058602333068848,1
2.829556941986084,1
2.611098289489746,1
2.9539952278137207,1
3.149174213409424,1
2.2417783737182617,1
2.907559871673584,1
3.3659229278564453,1
3.5418949127197266,1
2.1191976070404053,1
2.480489730834961,1
2.6871538162231445,1
2.1458375453948975,1
3.399221658706665,1
2.9854185581207275,1
3.1663060188293457,1
2.500688076019287,1
3.145702600479126,1
2.690152645111084,1
3.2696704864501953,1
3.2197377681732178,1
3.000150680541992,1
3.2827677726745605,1
2.151604413986206,1
2.7143781185150146,1
2.2629339694976807,1
3.112431526184082,1
2.8370089530944824,1
2.36151123046875,1
3.004918336868286,1
2.4020512104034424,1
2.485527992248535,1
2.53543758392334,1
2.5978164672851563,1
2.7705745697021484,1
2.6462831497192383,1
2.5118398666381836,1
3.0283076763153076,1
1.7811248302459717,1
2.405951499938965,1
2.5744924545288086,1
2.551506519317627,1
2.5971598625183105,1
2.160174608230591,1
3.261251926422119,1
2.4359490871429443,1
3.9436607360839844,1
2.7694473266601563,1
2.5490827560424805,1
2.999556541442871,1
1.9319994449615479,1
2.7521824836730957,1
3.066901683807373,1
2.618833065032959,1
2.7221202850341797,1
2.2621357440948486,1
2.3040285110473633,1
2.7309789657592773,1
3.4814271926879883,1
3.065857172012329,1
2.2044618129730225,1
2.6389763355255127,1
3.0755839347839355,1
3.0924949645996094,1
3.072979211807251,1
2.390162467956543,1
2.965322256088257,1
2.349517822265625,1
2.9803361892700195,1
2.243375062942505,1
2.1584348678588867,1
2.2919740676879883,1
2.7620506286621094,1
2.2832117080688477,1
2.702515125274658,1
2.4975318908691406,1
2.5785489082336426,1
3.3626708984375,1
2.0263333320617676,1
2.5610666275024414,1
2.8921256065368652,1
2.5115628242492676,1
2.3973522186279297,1
3.745270013809204,1
2.5901846885681152,1
2.787964344024658,1
2.0199482440948486,1
2.779287338256836,1
2.4045679569244385,1
2.3466434478759766,1
2.777773857116699,1
2.336550712585449,1
2.733346462249756,1
2.1792654991149902,1
2.3039169311523438,1
2.5667154788970947,1
2.151148557662964,1
2.4085490703582764,1
3.0220041275024414,1
2.3297042846679688,1
2.3951215744018555,1
2.542985677719116,1
2.267029285430908,1
2.724181890487671,1
2.4650449752807617,1
2.639854669570923,1
2.930537462234497,1
3.0298142433166504,1
1.9817214012145996,1
2.3785314559936523,1
2.8774290084838867,1
2.7715978622436523,1
3.918816089630127,1
3.6689319610595703,1
3.148867130279541,1
2.3684568405151367,1
2.189560890197754,1
2.421649932861328,1
2.7032084465026855,1
3.1559131145477295,1
3.870187759399414,1
2.5992984771728516,1
2.8043344020843506,1
2.7822606563568115,1
2.869194507598877,1
2.2196552753448486,1
2.1039254665374756,1
2.971907138824463,1
3.3450238704681396,1
2.474135398864746,1
3.0391550064086914,1
2.294565200805664,1
3.372342586517334,1
3.3023681640625,1
3.6348605155944824,1
2.9339473247528076,1
2.9330101013183594,1
2.7833449840545654,1
3.668039321899414,1
3.217377185821533,1
2.523015022277832,1
2.4781761169433594,1
2.4856574535369873,1
3.483711004257202,1
3.071613073348999,1
3.7722792625427246,1
3.303285598754883,1
2.8212461471557617,1
2.984358310699463,1
2.997004985809326,1
3.122274398803711,1
3.0478553771972656,1
3.750357151031494,1
3.647390604019165,1
3.7123286724090576,1
3.477452039718628,1
2.7512190341949463,1
2.493788242340088,1
3.469735622406006,1
4.202125549316406,1
3.3932948112487793,1
2.982445240020752,1
2.979160785675049,1
3.557736396789551,1
3.1087071895599365,1
3.3866653442382813,1
3.6005187034606934,1
3.4868595600128174,1
3.2631044387817383,1
2.5031349658966064,1
2.6307475566864014,1
2.7768025398254395,1
3.996776819229126,1
2.81850266456604,1
2.824958324432373,1
2.812697649002075,1
3.0394184589385986,1
4.069350242614746,1
2.131418228149414,1
3.900500535964966,1
3.2714529037475586,1
3.2167141437530518,1
4.0982747077941895,1
2.7344284057617188,1
4.457480430603027,1
2.691239356994629,1
2.7753171920776367,1
2.318018913269043,1
2.728031635284424,1
2.6386518478393555,1
2.056107759475708,1
2.9422450065612793,1
2.8889505863189697,1
2.180194854736328,1
3.023073196411133,1
3.0483031272888184,1
3.2138073444366455,1
3.986891269683838,1
2.4129366874694824,1
2.293156862258911,1
2.8613364696502686,1
2.0358753204345703,1
2.8820152282714844,1
2.5449132919311523,1
2.251776695251465,1
2.1774210929870605,1
2.5236287117004395,1
2.3751206398010254,1
2.686821222305298,1
2.3774032592773438,1
2.406327247619629,1
3.1706502437591553,1
2.4946486949920654,1
3.049473285675049,1
2.7241735458374023,1
3.007964849472046,1
2.833885669708252,1
2.7624387741088867,1
4.979930877685547,1
2.489650011062622,1
2.750363349914551,1
2.7814207077026367,1
3.2028086185455322,1
2.1978049278259277,1
2.5143587589263916,1
2.771254539489746,1
3.770345449447632,1
2.923215389251709,1
3.924783229827881,1
2.8137154579162598,1
3.1142847537994385,1
3.6064953804016113,1
5.16879940032959,1
3.331648349761963,1
2.5671422481536865,1
3.7010293006896973,1
3.152353048324585,1
2.992703437805176,1
3.2475357055664063,1
3.6320159435272217,1
3.5102624893188477,1
2.3161630630493164,1
1.7743966579437256,1
2.145620584487915,1
2.9631783962249756,1
2.3485610485076904,1
2.3757052421569824,1
2.4843430519104004,1
2.0354762077331543,1
2.9535489082336426,1
3.514328956604004,1
3.5046815872192383,1
3.3571531772613525,1
2.827605962753296,1
2.883359670639038,1
2.8665246963500977,1
2.399068593978882,1
2.829763174057007,1
2.947740077972412,1
2.310845375061035,1
2.5652027130126953,1
1.836429476737976,1
2.83603572845459,1
2.502174139022827,1
2.9567222595214844,1
3.1942200660705566,1
4.230521202087402,1
2.721991539001465,1
2.9288835525512695,1
2.616690158843994,1
2.5449740886688232,1
2.758139133453369,1
2.761439323425293,1
3.279085159301758,1
1.8731250762939453,1
2.6757049560546875,1
2.448066234588623,1
2.386730432510376,1
2.316720962524414,1
2.1625590324401855,1
1.94845449924469,1
3.0923845767974854,1
2.2684335708618164,1
2.2016537189483643,1
4.251368522644043,1
3.2070202827453613,1
1.9112498760223389,1
2.60233473777771,1
2.616182565689087,1
2.287903308868408,1
2.3426995277404785,1
2.9936461448669434,1
2.288327693939209,1
3.555875301361084,1
2.5783796310424805,1
3.1316890716552734,1
2.0787224769592285,1
2.8128509521484375,1
2.199249744415283,1
2.697298765182495,1
2.2996251583099365,1
2.678264617919922,1
1.6361647844314575,1
3.477079391479492,1
2.9503040313720703,1
2.8371057510375977,1
2.3826208114624023,1
2.5445356369018555,1
2.5808234214782715,1
3.1328482627868652,1
2.963102340698242,1
2.8314361572265625,1
3.247959613800049,1
2.6551308631896973,1
2.0191850662231445,1
2.3545684814453125,1
3.5571951866149902,1
2.1993870735168457,1
2.2909555435180664,1
2.517194986343384,1
2.520895004272461,1
2.5194199085235596,1
3.209810256958008,1
3.0605897903442383,1
2.436685800552368,1
2.8107829093933105,1
2.350306272506714,1
2.042355537414551,1
2.361873149871826,1
2.7026612758636475,1
3.314337968826294,1
2.5871119499206543,1
2.3956174850463867,1
3.132965087890625,1
2.6478350162506104,1
3.173489570617676,1
2.142685890197754,1
2.7441914081573486,1
2.6539387702941895,1
2.429110527038574,1
3.076615333557129,1
3.4723875522613525,1
2.8762729167938232,1
3.102571964263916,1
3.6336636543273926,1
3.280506134033203,1
3.210706949234009,1
3.142483949661255,1
2.7734298706054688,1
2.935523509979248,1
2.7813572883605957,1
2.1381731033325195,1
2.5129265785217285,1
2.9294722080230713,1
2.6597647666931152,1
2.3979315757751465,1
2.1630890369415283,1
2.8159093856811523,1
2.8770694732666016,1
2.5431766510009766,1
2.3084821701049805,1
3.0068776607513428,1
3.5958712100982666,1
2.413712501525879,1
3.054128646850586,1
3.1103615760803223,1
2.591893434524536,1
3.219540596008301,1
2.5624918937683105,1
2.372993230819702,1
2.2354254722595215,1
3.3341073989868164,1
2.485001564025879,1
2.8874471187591553,1
2.234123706817627,1
3.0895488262176514,1
2.309363842010498,1
2.708026885986328,1
3.1128995418548584,1
2.6375155448913574,1
2.225796937942505,1
4.404006004333496,1
2.3762478828430176,1
2.060590982437134,1
2.77738094329834,1
2.620396137237549,1
2.3761889934539795,1
2.8090028762817383,1
2.7946460247039795,1
2.6862716674804688,1
3.3642303943634033,1
1.7520174980163574,1
3.035125255584717,1
3.5730671882629395,1
2.4950640201568604,1
2.7059388160705566,1
2.814009666442871,1
2.926182985305786,1
2.995199680328369,1
3.273986339569092,1
4.039398193359375,1
3.081080436706543,1
2.2739481925964355,1
2.307361125946045,1
3.090425968170166,1
2.7975029945373535,1
3.119935989379883,1
4.000312805175781,1
3.0479254722595215,1
3.1152894496917725,1
2.139739513397217,1
3.1948375701904297,1
3.0624048709869385,1
2.562793254852295,1
3.1190500259399414,1
2.868469715118408,1
2.950676441192627,1
3.324838161468506,1
3.4577949047088623,1
2.7834200859069824,1
3.150150775909424,1
2.998828887939453,1
2.2238168716430664,1
3.8761723041534424,1
3.6184518337249756,1
2.2329368591308594,1
3.152817487716675,1
2.4396719932556152,1
3.0988428592681885,1
3.719048023223877,1
3.430485725402832,1
3.4276139736175537,1
2.8641302585601807,1
2.9537408351898193,1
2.5834736824035645,1
2.7201619148254395,1
3.221155881881714,1
2.9845314025878906,1
2.897437334060669,1
3.6983792781829834,1
2.1829633712768555,1
2.8854565620422363,1
2.5371317863464355,1
2.734128713607788,1
2.3189749717712402,1
2.525631904602051,1
2.240891933441162,1
2.6246485710144043,1
2.611846685409546,1
2.334408760070801,1
2.1550538539886475,1
2.5029451847076416,1
2.9099297523498535,1
2.502127170562744,1
2.853023052215576,1
3.2020938396453857,1
3.01990008354187,1
2.994626045227051,1
3.222504138946533,1
3.9562649726867676,1
3.1135244369506836,1
2.9123518466949463,1
2.625845432281494,1
2.4052960872650146,1
2.491338014602661,1
2.9598593711853027,1
3.2733583450317383,1
3.859750270843506,1
2.8148703575134277,1
3.1255807876586914,1
2.840564250946045,1
1.9969358444213867,1
3.603696584701538,1
3.9970858097076416,1
3.2952518463134766,1
3.369136333465576,1
2.6575920581817627,1
3.5271382331848145,1
3.6035642623901367,1
3.1923112869262695,1
2.606200695037842,1
2.2151308059692383,1
2.988740921020508,1
3.7403335571289063,1
3.749837875366211,1
2.858020544052124,1
3.45414137840271,1
2.2425789833068848,1
3.110363483428955,1
2.6765592098236084,1
3.186330795288086,1
2.599264144897461,1
2.838778018951416,1
2.408583879470825,1
2.4839816093444824,1
2.6588897705078125,1
2.2891013622283936,1
2.6375155448913574,1
2.947144031524658,1
3.8213746547698975,1
2.5389418601989746,1
3.625102996826172,1
3.0122885704040527,1
3.3392434120178223,1
3.4080252647399902,1
2.8340773582458496,1
3.30362606048584,1
3.332963705062866,1
3.3373053073883057,1
2.5620031356811523,1
3.044966220855713,1
4.106032371520996,1
2.942716121673584,1
3.355198860168457,1
3.4836277961730957,1
3.413713216781616,1
2.7627100944519043,1
2.3368334770202637,1
2.6929619312286377,1
3.496541976928711,1
2.4918906688690186,1
2.7105021476745605,1
2.606318950653076,1
2.3468422889709473,1
2.721310615539551,1
2.933683395385742,1
2.6357953548431396,1
2.395777702331543,1
2.7483725547790527,1
3.6232664585113525,1
3.563474655151367,1
3.237338066101074,1
2.8395705223083496,1
2.484335422515869,1
2.8918230533599854,1
2.226797342300415,1
2.9995946884155273,1
2.235145330429077,1
3.1269404888153076,1
1.9763481616973877,1
2.5723371505737305,1
2.8273024559020996,1
2.8587138652801514,1
2.7447800636291504,1
2.7695751190185547,1
2.8487701416015625,1
2.949902057647705,1
3.287014961242676,1
2.9267354011535645,1
4.118466377258301,1
3.280902862548828,1
2.769679546356201,1
2.723416805267334,1
3.8359384536743164,1
3.3798928260803223,1
4.31894063949585,1
3.952712059020996,1
4.357401371002197,1
3.398972988128662,1
2.976064920425415,1
3.602708578109741,1
2.8447377681732178,1
2.5807690620422363,1
3.090277671813965,1
2.7263665199279785,1
2.5891809463500977,1
2.8513951301574707,1
3.01383638381958,1
3.219775676727295,1
2.2953004837036133,1
2.3243067264556885,1
2.667135238647461,1
2.675943613052368,1
2.76381778717041,1
2.957488536834717,1
4.2441229820251465,1
3.438370943069458,1
2.923807144165039,1
2.6652631759643555,1
2.3904857635498047,1
2.118288040161133,1
1.958543062210083,1
3.6748085021972656,1
2.9145796298980713,1
3.7688205242156982,1
3.0409862995147705,1
2.9698710441589355,1
3.0595455169677734,1
3.2691283226013184,1
2.948902130126953,1
2.877159595489502,1
3.0945563316345215,1
3.2907652854919434,1
2.9446969032287598,1
3.2585153579711914,1
3.2534096240997314,1
2.3846912384033203,1
3.075171947479248,1
3.54577374458313,1
5.266798496246338,1
3.1055283546447754,1
2.943182945251465,1
2.32257080078125,1
2.660810708999634,1
2.4775688648223877,1
2.7275452613830566,1
2.9242238998413086,1
3.2102391719818115,1
2.790757656097412,1
2.984097480773926,1
3.0035290718078613,1
3.402473211288452,1
3.4142494201660156,1
2.778489351272583,1
3.7993650436401367,1
2.712067127227783,1
2.1294641494750977,1
2.47314715385437,1
3.5061349868774414,1
3.559084892272949,1
2.58028244972229,1
3.4030065536499023,1
2.446876049041748,1
2.839665412902832,1
2.4173097610473633,1
3.798553943634033,1
2.9554896354675293,1
3.2256460189819336,1
2.7127323150634766,1
2.4857239723205566,1
2.331439971923828,1
2.9220352172851563,1
3.2765984535217285,1
2.625518798828125,1
2.8886990547180176,1
3.5045132637023926,1
2.07336163520813,1
2.8071517944335938,1
3.0419068336486816,1
2.9287455081939697,1
3.38262939453125,1
2.666261672973633,1
3.158565044403076,1
3.3010618686676025,1
2.3571884632110596,1
3.045252561569214,1
2.9588043689727783,1
2.619209051132202,1
2.5654804706573486,1
2.138174533843994,1
2.4798648357391357,1
2.734856605529785,1
2.8852272033691406,1
3.313817262649536,1
3.013134717941284,1
2.470484733581543,1
2.4657158851623535,1
2.585286855697632,1
1.9623453617095947,1
2.064812183380127,1
2.375933885574341,1
2.8855528831481934,1
3.7697372436523438,1
2.7393245697021484,1
