1.810821533203125,1
2.658224105834961,1
3.302898406982422,1
3.4972217082977295,1
1.7853672504425049,1
1.796328067779541,1
2.3777456283569336,1
4.32021951675415,1
2.3112716674804688,1
3.1115670204162598,1
3.4797000885009766,1
2.6629836559295654,1
2.9194793701171875,1
1.8296382427215576,1
3.4540295600891113,1
2.0383553504943848,1
2.701218843460083,1
1.9453635215759277,1
2.939729690551758,1
3.396984577178955,1
3.383305788040161,1
3.36570405960083,1
2.8098678588867188,1
2.6166398525238037,1
3.579420566558838,1
2.4286017417907715,1
3.229905843734741,1
2.682785987854004,1
2.5730319023132324,1
2.2451577186584473,1
2.425065517425537,1
3.450531482696533,1
1.757798671722412,1
2.404782772064209,1
3.6517281532287598,1
3.3194587230682373,1
2.409315347671509,1
2.945296287536621,1
3.217294931411743,1
3.0407910346984863,1
3.1154980659484863,1
4.513555526733398,1
3.4844393730163574,1
2.938438653945923,1
2.549156427383423,1
2.3941128253936768,1
2.50980806350708,1
4.600164890289307,1
2.7318568229675293,1
2.50425386428833,1
2.933485507965088,1
2.818302631378174,1
2.466191291809082,1
3.30495548248291,1
3.137172222137451,1
2.465181827545166,1
3.1755971908569336,1
2.686363697052002,1
1.8338531255722046,1
2.3074989318847656,1
1.854529619216919,1
2.7897093296051025,1
2.0200297832489014,1
2.1614480018615723,1
3.280478000640869,1
2.7323107719421387,1
2.34275484085083,1
1.7305840253829956,1
2.5901575088500977,1
2.6743407249450684,1
2.707047462463379,1
2.5473480224609375,1
1.867966651916504,1
1.2993290424346924,1
3.5425288677215576,1
4.290534973144531,1
2.0218372344970703,1
1.7160060405731201,1
2.564748764038086,1
2.346458673477173,1
1.908064365386963,1
2.8047139644622803,1
3.5168495178222656,1
2.345597505569458,1
2.1080806255340576,1
2.6535134315490723,1
2.4140546321868896,1
2.632113456726074,1
2.219670295715332,1
2.2837820053100586,1
2.149390697479248,1
2.433802604675293,1
2.018001079559326,1
2.2061479091644287,1
1.7386562824249268,1
3.257331132888794,1
2.759077548980713,1
3.7918648719787598,1
1.9877671003341675,1
1.9674220085144043,1
2.6120810508728027,1
2.292764663696289,1
2.626391887664795,1
2.7628049850463867,1
2.2618579864501953,1
2.074800729751587,1
2.688337802886963,1
2.504110336303711,1
1.9674112796783447,1
2.4592320919036865,1
1.5821418762207031,1
2.22568941116333,1
3.4438180923461914,1
1.2868741750717163,1
2.4867055416107178,1
2.274646759033203,1
2.4203596115112305,1
2.380298137664795,1
2.3672633171081543,1
2.7484726905822754,1
2.674471378326416,1
2.446385145187378,1
1.7577238082885742,1
2.056617259979248,1
1.7164018154144287,1
1.2479933500289917,1
2.293950080871582,1
1.7204110622406006,1
2.138300895690918,1
1.276186227798462,1
2.1211135387420654,1
2.5310089588165283,1
2.247783899307251,1
1.9214280843734741,1
2.448490858078003,1
2.7934415340423584,1
2.119617462158203,1
1.5799248218536377,1
1.9413540363311768,1
2.8806662559509277,1
2.2920961380004883,1
2.4414258003234863,1
1.6939574480056763,1
1.8960105180740356,1
3.418408155441284,1
2.502401828765869,1
2.5466527938842773,1
2.2934212684631348,1
1.6730331182479858,1
2.612504482269287,1
3.2480294704437256,1
2.333515167236328,1
2.2710232734680176,1
2.1312105655670166,1
2.3047115802764893,1
2.0049550533294678,1
3.201118230819702,1
3.38362455368042,1
2.6030046939849854,1
2.8084821701049805,1
2.1416876316070557,1
2.71278977394104,1
2.384779930114746,1
2.448127508163452,1
2.9831814765930176,1
2.2195494174957275,1
2.4118897914886475,1
2.729844331741333,1
2.7169454097747803,1
2.8180131912231445,1
2.469510793685913,1
2.468510150909424,1
2.6984429359436035,1
2.5692005157470703,1
2.364206075668335,1
2.5658421516418457,1
3.4937775135040283,1
2.952169895172119,1
2.4978675842285156,1
3.1420609951019287,1
2.1936135292053223,1
2.2413718700408936,1
1.6742656230926514,1
2.3817567825317383,1
2.204834461212158,1
2.2039647102355957,1
2.6376988887786865,1
1.9166399240493774,1
2.8364596366882324,1
2.4568443298339844,1
2.5366926193237305,1
2.2399742603302,1
2.6311137676239014,1
2.207479238510132,1
3.550537109375,1
3.0775229930877686,1
2.824326515197754,1
2.340640068054199,1
2.7778384685516357,1
1.9353545904159546,1
2.067560911178589,1
3.0002880096435547,1
1.840613603591919,1
2.0137195587158203,1
3.2296295166015625,1
2.8555498123168945,1
1.5305452346801758,1
2.438119411468506,1
2.4054975509643555,1
2.3612775802612305,1
1.9952142238616943,1
1.9951660633087158,1
1.920034646987915,1
3.1903958320617676,1
2.255235195159912,1
2.013883113861084,1
2.349813938140869,1
1.6970053911209106,1
2.1965720653533936,1
2.0165538787841797,1
2.1741857528686523,1
2.315389633178711,1
2.7438015937805176,1
1.9359444379806519,1
2.5529370307922363,1
2.8374252319335938,1
2.8677077293395996,1
2.265454053878784,1
2.5302436351776123,1
2.0270135402679443,1
1.908945918083191,1
2.3446054458618164,1
1.9600484371185303,1
2.384681463241577,1
2.3511128425598145,1
1.7652966976165771,1
2.568416118621826,1
3.4885921478271484,1
2.769831657409668,1
2.0948259830474854,1
2.080752372741699,1
2.7841012477874756,1
2.06304931640625,1
2.7725181579589844,1
2.4767603874206543,1
3.0011086463928223,1
2.851607322692871,1
3.1436214447021484,1
1.8921434879302979,1
2.3232598304748535,1
2.9665157794952393,1
2.584899425506592,1
2.453321933746338,1
1.958621621131897,1
2.154049873352051,1
2.624250888824463,1
4.974049091339111,1
2.2611019611358643,1
2.195847988128662,1
2.520078659057617,1
1.8994345664978027,1
2.1076536178588867,1
2.735464334487915,1
3.084186553955078,1
1.91534423828125,1
2.5924203395843506,1
2.026155948638916,1
2.0102243423461914,1
2.3207011222839355,1
1.821505069732666,1
2.6029224395751953,1
2.6329567432403564,1
2.5878844261169434,1
1.4628551006317139,1
2.0570902824401855,1
2.537975311279297,1
1.9820107221603394,1
2.4729249477386475,1
2.464524269104004,1
2.6535606384277344,1
1.8079427480697632,1
2.171931266784668,1
2.850017547607422,1
2.459341049194336,1
2.407697916030884,1
2.980238437652588,1
3.0814168453216553,1
3.0294742584228516,1
3.0499675273895264,1
2.3459880352020264,1
2.5325210094451904,1
1.7370854616165161,1
1.8646905422210693,1
3.063142776489258,1
2.0452163219451904,1
2.4887473583221436,1
2.2231388092041016,1
2.67008638381958,1
2.5194973945617676,1
3.747905731201172,1
2.860647201538086,1
2.680864095687866,1
1.821494221687317,1
2.4203288555145264,1
2.536022663116455,1
2.3193955421447754,1
1.9760074615478516,1
1.9168429374694824,1
2.1063437461853027,1
1.8674663305282593,1
2.9204301834106445,1
1.7202050685882568,1
1.7935154438018799,1
1.9114444255828857,1
2.109036922454834,1
1.9579147100448608,1
1.7158255577087402,1
3.0039258003234863,1
2.1316843032836914,1
2.058454990386963,1
2.7500905990600586,1
1.8943963050842285,1
2.2270405292510986,1
1.88869309425354,1
1.851153016090393,1
2.276733875274658,1
1.9085930585861206,1
2.456108808517456,1
2.621321201324463,1
1.6225402355194092,1
1.6587855815887451,1
3.110778331756592,1
1.7903656959533691,1
1.603524923324585,1
4.033244609832764,1
2.5207393169403076,1
2.27415132522583,1
2.843705177307129,1
2.404348373413086,1
2.778726100921631,1
2.713777542114258,1
2.6878652572631836,1
2.7108850479125977,1
3.442737102508545,1
4.175418853759766,1
2.935925006866455,1
3.198744058609009,1
3.1254258155822754,1
2.8190932273864746,1
3.736724853515625,1
3.239353656768799,1
3.0313262939453125,1
2.8829967975616455,1
2.77317476272583,1
2.5381455421447754,1
2.8349781036376953,1
2.572326421737671,1
2.503140926361084,1
2.5770390033721924,1
2.2929892539978027,1
2.9098103046417236,1
2.253890037536621,1
2.9157943725585938,1
3.751028299331665,1
2.329211950302124,1
1.6384918689727783,1
1.8949209451675415,1
2.3385214805603027,1
2.024750232696533,1
2.5064005851745605,1
1.8305273056030273,1
2.1726577281951904,1
2.284228801727295,1
3.217158317565918,1
3.581584930419922,1
2.2868635654449463,1
2.7628467082977295,1
2.5480804443359375,1
2.249917507171631,1
3.0883724689483643,1
2.4940261840820313,1
2.839949607849121,1
2.370973825454712,1
2.67049503326416,1
2.2093849182128906,1
2.839644193649292,1
2.454148530960083,1
2.300596237182617,1
3.5142946243286133,1
2.755983829498291,1
2.151779890060425,1
2.0704500675201416,1
2.4406991004943848,1
4.49778938293457,1
2.0159435272216797,1
2.3082311153411865,1
2.269615650177002,1
1.3046650886535645,1
2.3360984325408936,1
1.9419679641723633,1
2.142592430114746,1
1.7983626127243042,1
1.728271245956421,1
3.0013742446899414,1
2.1941471099853516,1
2.0438883304595947,1
2.2139954566955566,1
2.4154839515686035,1
2.292745590209961,1
2.365957260131836,1
2.330916404724121,1
1.6267879009246826,1
2.370048999786377,1
2.220442056655884,1
2.178602933883667,1
3.208601951599121,1
2.7161693572998047,1
3.131079912185669,1
2.193311929702759,1
2.6523361206054688,1
2.743881940841675,1
3.0211009979248047,1
3.132904052734375,1
3.131077527999878,1
3.000481605529785,1
2.891231060028076,1
3.1210074424743652,1
3.606283187866211,1
3.24534273147583,1
2.62703800201416,1
2.6657357215881348,1
2.449380397796631,1
3.8595921993255615,1
3.0223770141601563,1
2.154615879058838,1
2.37947154045105,1
3.020260810852051,1
2.7372794151306152,1
3.2335920333862305,1
2.3858749866485596,1
3.64901065826416,1
2.318845510482788,1
2.6403262615203857,1
2.5953636169433594,1
3.181159496307373,1
4.0341339111328125,1
3.4247961044311523,1
2.0153961181640625,1
2.461609363555908,1
2.7585792541503906,1
3.1985654830932617,1
2.3614964485168457,1
2.522437334060669,1
2.938030242919922,1
2.8589019775390625,1
2.7532639503479004,1
2.672694206237793,1
2.536658525466919,1
2.86018705368042,1
3.675618886947632,1
2.758812189102173,1
2.0563812255859375,1
2.9164681434631348,1
2.4284536838531494,1
2.8398122787475586,1
2.704389810562134,1
2.4049761295318604,1
2.21345591545105,1
3.028547763824463,1
4.549504280090332,1
2.80110502243042,1
2.4481637477874756,1
2.8016982078552246,1
2.1865768432617188,1
1.8924719095230103,1
3.1374595165252686,1
2.106173038482666,1
2.2800991535186768,1
2.205578088760376,1
2.381243944168091,1
2.6371936798095703,1
1.4480141401290894,1
2.669067144393921,1
2.4221816062927246,1
2.171109676361084,1
2.081906318664551,1
2.4455292224884033,1
2.1916706562042236,1
2.8982555866241455,1
1.8629331588745117,1
1.6322360038757324,1
2.534846305847168,1
2.57450008392334,1
2.199521064758301,1
2.098754405975342,1
2.101675033569336,1
2.189728260040283,1
1.820678472518921,1
2.1093287467956543,1
1.99802565574646,1
3.80941104888916,1
1.974766492843628,1
1.2671231031417847,1
2.7530441284179688,1
2.761382818222046,1
2.1456398963928223,1
2.353179931640625,1
3.160999298095703,1
2.664950370788574,1
1.7885992527008057,1
2.52125883102417,1
2.186586618423462,1
2.493805408477783,1
1.7873249053955078,1
2.921200752258301,1
2.015718936920166,1
2.5714049339294434,1
2.238309383392334,1
2.062561511993408,1
1.5941263437271118,1
1.5991870164871216,1
2.4432437419891357,1
2.8474361896514893,1
1.8369474411010742,1
1.9174282550811768,1
1.9715087413787842,1
2.132301092147827,1
2.2786571979522705,1
3.6765146255493164,1
1.3780393600463867,1
2.884030342102051,1
3.0523064136505127,1
1.8010714054107666,1
2.0880239009857178,1
1.3386781215667725,1
2.244070529937744,1
2.5887956619262695,1
2.3090152740478516,1
1.6893256902694702,1
2.6242401599884033,1
3.706991672515869,1
2.7682905197143555,1
2.810044765472412,1
1.3504599332809448,1
2.997485637664795,1
2.8593366146087646,1
1.5541236400604248,1
2.280778169631958,1
2.1058428287506104,1
2.419466018676758,1
1.7197489738464355,1
2.201831817626953,1
2.1018474102020264,1
2.2993462085723877,1
2.4497311115264893,1
2.2611453533172607,1
1.735769510269165,1
1.943260908126831,1
3.1937901973724365,1
2.3213679790496826,1
2.2065622806549072,1
2.2075939178466797,1
2.290306568145752,1
2.469571828842163,1
2.407942295074463,1
2.209573268890381,1
1.9812114238739014,1
2.1597237586975098,1
1.584948182106018,1
1.9487957954406738,1
2.018486976623535,1
2.7303380966186523,1
2.630061626434326,1
2.0584475994110107,1
1.24354887008667,1
2.284242868423462,1
2.0883445739746094,1
1.8572875261306763,1
2.407118082046509,1
1.9924324750900269,1
2.0709738731384277,1
1.5857744216918945,1
2.095942974090576,1
2.0127663612365723,1
1.841586947441101,1
2.2677359580993652,1
1.7257550954818726,1
2.797093152999878,1
2.2498559951782227,1
2.6809611320495605,1
2.625514507293701,1
2.0042648315429688,1
2.133650779724121,1
1.5981415510177612,1
1.8193718194961548,1
1.9803478717803955,1
2.6299071311950684,1
2.3398752212524414,1
2.5343475341796875,1
3.166522741317749,1
2.2309532165527344,1
2.052964687347412,1
2.013199806213379,1
2.0995543003082275,1
2.1713149547576904,1
3.01822566986084,1
3.1780333518981934,1
3.0438168048858643,1
2.6425414085388184,1
2.7391772270202637,1
1.2623556852340698,1
2.3423309326171875,1
1.9921245574951172,1
2.502366065979004,1
2.8556599617004395,1
1.8531640768051147,1
2.199326515197754,1
2.1591596603393555,1
2.8479840755462646,1
2.1353952884674072,1
3.066288948059082,1
3.933642864227295,1
3.347235679626465,1
3.0945773124694824,1
3.2878775596618652,1
4.832453727722168,1
2.0740456581115723,1
2.6767401695251465,1
2.3031394481658936,1
2.9636802673339844,1
4.907110691070557,1
3.2827625274658203,1
3.7073018550872803,1
3.9294638633728027,1
3.252793788909912,1
4.686537742614746,1
3.4422645568847656,1
3.3276233673095703,1
3.7425858974456787,1
2.7445478439331055,1
3.7188470363616943,1
3.8800768852233887,1
3.1069486141204834,1
3.0256073474884033,1
3.0514776706695557,1
2.2342209815979004,1
2.2510828971862793,1
2.8695993423461914,1
2.555150032043457,1
3.298159122467041,1
2.1929540634155273,1
3.0284323692321777,1
3.5338218212127686,1
3.3846373558044434,1
2.3343546390533447,1
2.280327320098877,1
2.544499397277832,1
3.0027782917022705,1
2.9753761291503906,1
2.5186872482299805,1
2.6334874629974365,1
2.5381524562835693,1
2.030791997909546,1
2.116675853729248,1
2.428959369659424,1
3.1121225357055664,1
2.9801816940307617,1
2.7617363929748535,1
2.7371621131896973,1
4.2892656326293945,1
3.22973370552063,1
3.482247829437256,1
2.5946195125579834,1
2.5271356105804443,1
3.540760040283203,1
4.071455955505371,1
2.1193809509277344,1
2.7679691314697266,1
2.097243309020996,1
2.9148993492126465,1
2.6287641525268555,1
2.645723342895508,1
1.919001579284668,1
2.768578290939331,1
2.5427486896514893,1
2.9974324703216553,1
1.9408698081970215,1
2.0658693313598633,1
3.1967005729675293,1
2.4946494102478027,1
1.737032175064087,1
2.8440651893615723,1
2.4585938453674316,1
2.0965774059295654,1
2.0917861461639404,1
2.4503753185272217,1
2.2231764793395996,1
2.128681182861328,1
2.2639646530151367,1
2.7144899368286133,1
2.3525521755218506,1
1.889340877532959,1
2.70949649810791,1
2.43747615814209,1
2.821012496948242,1
2.890448570251465,1
2.7503089904785156,1
3.896984815597534,1
3.6735973358154297,1
4.341177940368652,1
2.876840353012085,1
3.563585042953491,1
3.4105417728424072,1
3.1677088737487793,1
3.6210579872131348,1
4.058648109436035,1
2.8276262283325195,1
2.825967311859131,1
3.768193244934082,1
4.484057903289795,1
3.554579496383667,1
3.5394935607910156,1
3.1934680938720703,1
2.703673839569092,1
2.695610523223877,1
3.5457534790039063,1
2.5354862213134766,1
3.52449107170105,1
3.409698963165283,1
3.0847537517547607,1
3.4849963188171387,1
2.989372968673706,1
3.1553094387054443,1
3.769747257232666,1
2.8596060276031494,1
3.027721643447876,1
4.10972261428833,1
3.989283561706543,1
2.3030428886413574,1
2.905996322631836,1
2.701392412185669,1
2.6713316440582275,1
2.573168992996216,1
2.603867530822754,1
2.7664906978607178,1
2.6105434894561768,1
1.9482293128967285,1
3.1615748405456543,1
2.9677517414093018,1
1.7761720418930054,1
3.2967991828918457,1
3.058363914489746,1
2.364637851715088,1
2.0378146171569824,1
2.1636319160461426,1
2.5316319465637207,1
2.8129239082336426,1
2.9632816314697266,1
2.476534843444824,1
3.045738697052002,1
2.2287280559539795,1
3.4514856338500977,1
3.388274908065796,1
2.688988208770752,1
2.221048355102539,1
3.0578083992004395,1
2.942739248275757,1
2.2170629501342773,1
1.5132019519805908,1
2.5084660053253174,1
2.936213493347168,1
2.3618435859680176,1
2.2121405601501465,1
2.407198429107666,1
2.1601667404174805,1
3.033095359802246,1
1.9854356050491333,1
2.2090957164764404,1
2.6550655364990234,1
2.09629225730896,1
2.1521472930908203,1
2.0119175910949707,1
3.8166637420654297,1
2.1415371894836426,1
2.504847764968872,1
1.564820408821106,1
2.095653533935547,1
2.283473491668701,1
2.312507390975952,1
2.800234794616699,1
2.5501818656921387,1
2.6572837829589844,1
2.2655446529388428,1
2.9069128036499023,1
2.544029474258423,1
2.5455517768859863,1
2.5159754753112793,1
3.236144542694092,1
1.5334751605987549,1
1.5600379705429077,1
4.066808700561523,1
2.2675352096557617,1
2.4277288913726807,1
2.9580488204956055,1
2.803774833679199,1
1.9012154340744019,1
2.0817313194274902,1
2.0226540565490723,1
3.3955020904541016,1
2.1858038902282715,1
1.8072097301483154,1
3.6085734367370605,1
2.3647305965423584,1
3.826821804046631,1
2.1339755058288574,1
1.6035680770874023,1
2.641947031021118,1
1.9607877731323242,1
2.778135299682617,1
2.67488431930542,1
2.63629412651062,1
2.190051555633545,1
2.9818549156188965,1
2.8121728897094727,1
2.7414588928222656,1
1.9729045629501343,1
2.5169501304626465,1
2.2651376724243164,1
2.2039976119995117,1
2.574064016342163,1
1.4989852905273438,1
2.154261589050293,1
3.2061073780059814,1
1.6278932094573975,1
2.2610950469970703,1
2.165024995803833,1
2.3937859535217285,1
2.7087388038635254,1
2.7401535511016846,1
2.2748641967773438,1
2.9061331748962402,1
2.6616976261138916,1
4.270878791809082,1
1.9417917728424072,1
2.7001118659973145,1
3.267422914505005,1
1.6642792224884033,1
2.6057395935058594,1
3.355593681335449,1
2.190883159637451,1
2.5532474517822266,1
2.3413712978363037,1
2.352065324783325,1
2.7486066818237305,1
2.443005084991455,1
3.3361129760742188,1
2.800603151321411,1
3.3679916858673096,1
3.448406934738159,1
3.0582826137542725,1
1.7828211784362793,1
2.3606743812561035,1
1.8754591941833496,1
2.4899163246154785,1
2.6210784912109375,1
2.1659374237060547,1
2.955249786376953,1
2.0828161239624023,1
2.3255577087402344,1
2.2403759956359863,1
2.62369704246521,1
2.550795555114746,1
2.562588691711426,1
2.111342191696167,1
4.713005542755127,1
3.080172061920166,1
3.3122150897979736,1
3.0244507789611816,1
1.9510139226913452,1
3.4479355812072754,1
2.6772897243499756,1
2.362387180328369,1
2.2422845363616943,1
2.8740811347961426,1
2.5289173126220703,1
2.611544609069824,1
3.008998394012451,1
2.6735973358154297,1
2.5643258094787598,1
2.1252832412719727,1
2.471954584121704,1
2.6564059257507324,1
2.4082088470458984,1
1.3596382141113281,1
2.7743921279907227,1
1.5485974550247192,1
3.2630717754364014,1
2.2336416244506836,1
2.5750651359558105,1
2.45910382270813,1
2.420576572418213,1
3.2112326622009277,1
2.4824843406677246,1
3.273937702178955,1
2.223329782485962,1
2.6445765495300293,1
2.5431394577026367,1
2.9875142574310303,1
2.572920560836792,1
2.4279775619506836,1
3.223507881164551,1
2.596627712249756,1
2.5364818572998047,1
2.7471084594726563,1
3.5921249389648438,1
2.4218945503234863,1
2.4457757472991943,1
2.883866548538208,1
4.5920820236206055,1
2.6239802837371826,1
3.0132288932800293,1
4.43574857711792,1
3.3393073081970215,1
3.6215550899505615,1
4.305240154266357,1
3.296738624572754,1
3.0875518321990967,1
2.9672112464904785,1
2.8932693004608154,1
3.150613784790039,1
2.5614700317382813,1
2.6916892528533936,1
2.457571268081665,1
2.986955404281616,1
2.2703866958618164,1
2.5791752338409424,1
2.3826818466186523,1
2.193652391433716,1
2.0907835960388184,1
3.8480026721954346,1
3.890903949737549,1
2.5522561073303223,1
1.8938146829605103,1
2.8585572242736816,1
3.230212926864624,1
2.434920072555542,1
1.9830025434494019,1
1.9975275993347168,1
2.7453196048736572,1
3.062312126159668,1
2.977895975112915,1
3.360957622528076,1
2.3430285453796387,1
2.4539098739624023,1
2.232609272003174,1
2.0242745876312256,1
2.459411144256592,1
3.346336841583252,1
3.346987724304199,1
3.816028594970703,1
2.9175214767456055,1
3.23087477684021,1
2.5457630157470703,1
2.6058461666107178,1
2.0420076847076416,1
2.2432761192321777,1
3.196831226348877,1
2.7064661979675293,1
2.792142868041992,1
2.486511707305908,1
2.8504719734191895,1
2.215585708618164,1
2.6816749572753906,1
2.8001413345336914,1
2.8023340702056885,1
3.8390462398529053,1
2.796510696411133,1
3.3313026428222656,1
2.617562770843506,1
3.378845453262329,1
2.4884371757507324,1
3.1201021671295166,1
2.1849396228790283,1
1.6940263509750366,1
2.9989423751831055,1
2.7010085582733154,1
2.6938884258270264,1
2.33943772315979,1
2.8933677673339844,1
3.1650400161743164,1
3.9065027236938477,1
5.189182281494141,1
3.860994815826416,1
3.6946074962615967,1
3.642518997192383,1
2.295888900756836,1
2.536827564239502,1
3.5856659412384033,1
2.746363878250122,1
2.7825584411621094,1
2.9371840953826904,1
2.7990221977233887,1
2.8937318325042725,1
2.854832172393799,1
2.221559524536133,1
2.8910927772521973,1
2.9504008293151855,1
2.3148443698883057,1
2.2956676483154297,1
3.408989429473877,1
2.3247077465057373,1
2.895599842071533,1
2.9001822471618652,1
2.301800489425659,1
2.464679718017578,1
2.284925937652588,1
3.1431562900543213,1
4.028589725494385,1
2.827087640762329,1
2.8368773460388184,1
2.4368233680725098,1
2.309019088745117,1
3.183425188064575,1
3.320467948913574,1
3.1913466453552246,1
2.733060836791992,1
1.719486951828003,1
2.1386420726776123,1
2.741971492767334,1
2.6468167304992676,1
1.733169436454773,1
1.8380967378616333,1
2.5028698444366455,1
2.5531067848205566,1
3.3721823692321777,1
2.084926128387451,1
2.4540185928344727,1
2.4381093978881836,1
3.0498971939086914,1
3.1120505332946777,1
2.831838369369507,1
3.3529019355773926,1
2.8593006134033203,1
3.147922992706299,1
2.727099657058716,1
2.743818759918213,1
3.175902843475342,1
3.1064682006835938,1
2.6823277473449707,1
2.0960776805877686,1
2.5953752994537354,1
2.833811044692993,1
2.5849270820617676,1
2.791377544403076,1
3.568019390106201,1
4.562325477600098,1
2.2048354148864746,1
3.033341646194458,1
3.4307656288146973,1
3.5517144203186035,1
2.666221857070923,1
2.6260135173797607,1
2.272852659225464,1
1.9634159803390503,1
2.3930368423461914,1
3.3700003623962402,1
3.211890935897827,1
2.6579113006591797,1
3.083804130554199,1
3.078942060470581,1
1.999187707901001,1
2.5314605236053467,1
3.1315956115722656,1
3.345989227294922,1
2.4354896545410156,1
3.5899338722229004,1
2.081792116165161,1
3.483114719390869,1
3.321937322616577,1
2.665388345718384,1
2.761082649230957,1
1.7994129657745361,1
2.0018529891967773,1
2.395815849304199,1
2.1327033042907715,1
2.478386402130127,1
4.169014930725098,1
1.9022551774978638,1
2.7337846755981445,1
3.802906036376953,1
3.1022226810455322,1
2.3030762672424316,1
1.9102596044540405,1
2.2966582775115967,1
2.3974270820617676,1
2.114743232727051,1
2.92511248588562,1
2.462700843811035,1
2.431727409362793,1
3.3207578659057617,1
2.1166024208068848,1
3.290954113006592,1
2.7070271968841553,1
3.1313419342041016,1
2.1488778591156006,1
2.717116355895996,1
2.539363384246826,1
3.5534589290618896,1
3.076262950897217,1
2.8008739948272705,1
2.639042615890503,1
3.2121036052703857,1
3.188476085662842,1
2.9494504928588867,1
1.796003818511963,1
2.3007161617279053,1
2.8201828002929688,1
2.364879608154297,1
2.1785640716552734,1
2.1512112617492676,1
2.6466283798217773,1
2.549952983856201,1
5.365903854370117,1
2.9641647338867188,1
2.329195976257324,1
2.3568291664123535,1
2.368093252182007,1
2.6206367015838623,1
3.436354637145996,1
3.425621509552002,1
2.683044672012329,1
3.716846227645874,1
2.572765588760376,1
2.51066255569458,1
1.973055362701416,1
1.728173017501831,1
2.600268602371216,1
2.872887372970581,1
2.3389785289764404,1
2.333256959915161,1
3.330949306488037,1
2.5651679039001465,1
2.03169584274292,1
2.8913450241088867,1
2.047825336456299,1
2.57236909866333,1
2.6737477779388428,1
2.9178690910339355,1
2.3976845741271973,1
2.6520304679870605,1
1.7677865028381348,1
2.599912166595459,1
2.824289321899414,1
4.203177452087402,1
2.4947609901428223,1
2.5103302001953125,1
2.9952080249786377,1
2.202568531036377,1
2.426356315612793,1
2.7651257514953613,1
2.9595894813537598,1
2.4674434661865234,1
2.0208089351654053,1
3.1552345752716064,1
2.68131947517395,1
2.972144365310669,1
1.9914628267288208,1
2.112933397293091,1
3.090308666229248,1
3.0213780403137207,1
2.8753271102905273,1
2.8290038108825684,1
2.1120147705078125,1
2.6282076835632324,1
2.7778711318969727,1
3.0002052783966064,1
3.0800065994262695,1
3.392885684967041,1
2.959200859069824,1
2.3524515628814697,1
2.2295713424682617,1
1.494997262954712,1
3.472421407699585,1
3.355194330215454,1
2.6955838203430176,1
2.973756790161133,1
3.1696901321411133,1
2.7874155044555664,1
2.273468494415283,1
2.832897186279297,1
2.3281028270721436,1
1.5971906185150146,1
1.8967866897583008,1
3.145411491394043,1
2.216630458831787,1
2.557157516479492,1
2.0297703742980957,1
2.0555684566497803,1
2.8551578521728516,1
1.795365333557129,1
2.2099761962890625,1
1.5903477668762207,1
1.4966262578964233,1
2.98954439163208,1
1.9251165390014648,1
2.0867621898651123,1
2.3421080112457275,1
2.589576244354248,1
2.4190378189086914,1
2.3361546993255615,1
2.188568115234375,1
2.294987678527832,1
1.6357718706130981,1
2.8634629249572754,1
4.7151947021484375,1
2.913515567779541,1
3.2853353023529053,1
2.0957562923431396,1
4.365716934204102,1
3.024066925048828,1
3.824258327484131,1
3.1285786628723145,1
3.004164695739746,1
3.693906545639038,1
4.021853446960449,1
4.084923267364502,1
3.6907458305358887,1
4.053348064422607,1
3.5896992683410645,1
4.419494152069092,1
4.261844635009766,1
2.997079849243164,1
2.3236947059631348,1
3.0385706424713135,1
3.4724206924438477,1
2.1101510524749756,1
2.588168144226074,1
3.1643428802490234,1
2.8015823364257813,1
2.7183055877685547,1
2.5174107551574707,1
2.006618022918701,1
2.274425506591797,1
1.8226125240325928,1
2.6249656677246094,1
1.9583885669708252,1
2.2871720790863037,1
3.093756914138794,1
2.3714005947113037,1
3.294485569000244,1
2.228847026824951,1
1.996376872062683,1
1.7609342336654663,1
2.180546283721924,1
2.596611499786377,1
2.2784931659698486,1
1.7647581100463867,1
2.5658278465270996,1
2.8191652297973633,1
2.581909656524658,1
2.4890308380126953,1
2.5936074256896973,1
2.970120906829834,1
2.3343567848205566,1
2.548091411590576,1
2.075131893157959,1
2.6838111877441406,1
2.8396620750427246,1
2.6289114952087402,1
2.4073855876922607,1
2.186957359313965,1
1.435389757156372,1
1.9459114074707031,1
2.2357327938079834,1
3.1599512100219727,1
3.42659330368042,1
2.349834680557251,1
2.8633532524108887,1
2.3347227573394775,1
2.3337020874023438,1
3.3997907638549805,1
2.248483180999756,1
2.531599760055542,1
2.4612977504730225,1
2.180332899093628,1
3.237860679626465,1
2.457149028778076,1
2.3597497940063477,1
2.1790988445281982,1
3.0019314289093018,1
2.6394705772399902,1
2.8931117057800293,1
2.8342463970184326,1
2.981675863265991,1
2.8091771602630615,1
2.212357759475708,1
2.491912603378296,1
2.9551305770874023,1
3.104468822479248,1
3.5391716957092285,1
3.0158252716064453,1
3.224261522293091,1
2.8579916954040527,1
2.8693647384643555,1
2.962538719177246,1
2.2218947410583496,1
3.4824256896972656,1
2.8602349758148193,1
2.8127622604370117,1
3.373011827468872,1
5.252998352050781,1
2.3437719345092773,1
3.5897927284240723,1
1.9147515296936035,1
2.8007099628448486,1
1.7909833192825317,1
2.285215377807617,1
2.678813934326172,1
2.0397629737854004,1
2.2338216304779053,1
4.175389289855957,1
2.2680039405822754,1
2.5626015663146973,1
2.022038459777832,1
3.7946295738220215,1
2.520545482635498,1
1.6711586713790894,1
3.0096802711486816,1
2.6883835792541504,1
2.4763617515563965,1
2.6979000568389893,1
3.8505821228027344,1
2.393293857574463,1
1.9205724000930786,1
2.561464309692383,1
2.534350872039795,1
2.9769721031188965,1
1.927037239074707,1
1.8008267879486084,1
2.509950637817383,1
1.9722695350646973,1
2.0057499408721924,1
2.1521530151367188,1
2.428391456604004,1
2.1934189796447754,1
2.597135066986084,1
2.0354366302490234,1
2.0012996196746826,1
1.9939299821853638,1
4.3542375564575195,1
3.941193103790283,1
2.1269211769104004,1
2.1734724044799805,1
3.2545547485351563,1
3.3432490825653076,1
3.549502372741699,1
2.751943349838257,1
1.9893608093261719,1
2.205648422241211,1
3.2888214588165283,1
3.7594916820526123,1
3.3326778411865234,1
3.4368910789489746,1
2.9968817234039307,1
2.794114351272583,1
2.4423422813415527,1
2.706327199935913,1
3.032618284225464,1
3.909660816192627,1
4.7247209548950195,1
2.4984264373779297,1
2.6497576236724854,1
3.2219557762145996,1
3.4267685413360596,1
2.8982505798339844,1
2.9483628273010254,1
3.0101218223571777,1
3.0022850036621094,1
3.273073434829712,1
2.831299066543579,1
2.8566277027130127,1
2.8628430366516113,1
4.131547927856445,1
3.1177923679351807,1
2.821139335632324,1
2.950737714767456,1
3.6301255226135254,1
2.2492761611938477,1
2.568256378173828,1
2.3172736167907715,1
3.1860547065734863,1
4.180461883544922,1
2.648193597793579,1
3.4952871799468994,1
2.750772714614868,1
3.7559475898742676,1
3.3256940841674805,1
3.1414670944213867,1
2.9216699600219727,1
3.7274255752563477,1
6.788491725921631,1
3.5287632942199707,1
3.6342382431030273,1
4.163820266723633,1
3.499784231185913,1
2.9115777015686035,1
2.8984134197235107,1
3.5124359130859375,1
3.827610969543457,1
2.9453253746032715,1
2.5736730098724365,1
3.5780160427093506,1
2.501199245452881,1
3.6966028213500977,1
2.9089322090148926,1
3.732268810272217,1
3.2809672355651855,1
3.781088352203369,1
3.5828802585601807,1
3.305734634399414,1
3.9305667877197266,1
2.5900774002075195,1
3.034148693084717,1
3.2930362224578857,1
3.547037363052368,1
2.6476924419403076,1
2.2606606483459473,1
2.741885185241699,1
2.0242197513580322,1
2.536240339279175,1
4.144556045532227,1
3.480928897857666,1
3.0039913654327393,1
2.5032713413238525,1
2.801168918609619,1
2.5776116847991943,1
3.107919931411743,1
2.4433932304382324,1
3.974426746368408,1
3.841973304748535,1
2.3972902297973633,1
3.6246070861816406,1
3.177675247192383,1
2.9370741844177246,1
3.7407448291778564,1
3.2953450679779053,1
3.889155864715576,1
3.316514492034912,1
2.969247341156006,1
3.203986644744873,1
2.9676613807678223,1
2.964052200317383,1
3.1361374855041504,1
3.256056785583496,1
2.8381781578063965,1
2.7875704765319824,1
3.4242334365844727,1
2.6894326210021973,1
2.658073902130127,1
1.883829951286316,1
3.159057378768921,1
2.786313533782959,1
2.291661262512207,1
2.51143479347229,1
3.1215896606445313,1
2.529221534729004,1
2.6836347579956055,1
2.4400951862335205,1
2.641542911529541,1
3.0783448219299316,1
2.578585624694824,1
2.6057467460632324,1
2.994398593902588,1
2.3159079551696777,1
3.237011432647705,1
2.7170045375823975,1
2.7758712768554688,1
2.3024377822875977,1
2.920586109161377,1
2.2321059703826904,1
2.4797215461730957,1
2.931624412536621,1
2.279977798461914,1
2.3393747806549072,1
2.7517690658569336,1
2.743751049041748,1
2.3196914196014404,1
3.5478148460388184,1
2.5152196884155273,1
2.6315836906433105,1
2.769343376159668,1
1.9962950944900513,1
2.5581393241882324,1
2.8530478477478027,1
2.8314125537872314,1
3.5468177795410156,1
3.128645181655884,1
3.1564786434173584,1
3.6436331272125244,1
3.5007271766662598,1
2.4098803997039795,1
2.4705896377563477,1
2.724545478820801,1
2.8553199768066406,1
3.183615207672119,1
2.4109599590301514,1
2.7967753410339355,1
3.0743837356567383,1
2.7825846672058105,1
2.1367783546447754,1
2.186309814453125,1
2.164144515991211,1
2.324734926223755,1
2.2930431365966797,1
2.9146523475646973,1
2.6162078380584717,1
2.4884514808654785,1
2.5325775146484375,1
2.0999867916107178,1
2.1570444107055664,1
1.2119618654251099,1
4.1096673011779785,1
2.686234951019287,1
2.6552786827087402,1
3.041778564453125,1
2.6285948753356934,1
2.5847787857055664,1
2.7162771224975586,1
2.23360276222229,1
2.524303674697876,1
2.5228676795959473,1
2.4261691570281982,1
2.660795211791992,1
2.600308656692505,1
2.6960880756378174,1
2.6991963386535645,1
1.7122414112091064,1
2.5872280597686768,1
3.0565805435180664,1
2.8391120433807373,1
2.04081392288208,1
2.1747844219207764,1
2.790210247039795,1
2.599367141723633,1
2.1596879959106445,1
2.310281276702881,1
1.6522903442382813,1
2.446375846862793,1
2.2044224739074707,1
2.542257070541382,1
2.5180530548095703,1
1.8023934364318848,1
2.457686424255371,1
3.0075502395629883,1
2.6404242515563965,1
2.0206289291381836,1
2.644139289855957,1
2.3479108810424805,1
2.292490005493164,1
2.0340354442596436,1
2.328723430633545,1
2.1520438194274902,1
2.4961485862731934,1
2.2022314071655273,1
2.576594352722168,1
1.832327127456665,1
2.1567559242248535,1
2.6509501934051514,1
2.796593189239502,1
3.000962257385254,1
2.7719969749450684,1
2.7320570945739746,1
2.2437520027160645,1
2.16668963432312,1
2.016780376434326,1
2.050011157989502,1
2.3328633308410645,1
2.3087501525878906,1
2.3259005546569824,1
2.291962146759033,1
1.932862401008606,1
2.7617931365966797,1
2.5190300941467285,1
2.2688238620758057,1
2.849724292755127,1
2.007615327835083,1
2.7970266342163086,1
3.050591468811035,1
2.3992300033569336,1
2.590895652770996,1
2.339120864868164,1
2.621769428253174,1
2.0695066452026367,1
2.491177558898926,1
2.360445261001587,1
2.285085916519165,1
2.2235827445983887,1
2.692908763885498,1
2.840548038482666,1
2.4685845375061035,1
2.187683582305908,1
2.798368453979492,1
2.261115550994873,1
2.5356030464172363,1
1.990722894668579,1
2.262176275253296,1
1.354909062385559,1
1.8307676315307617,1
2.0894875526428223,1
2.313605785369873,1
3.155893564224243,1
2.1795997619628906,1
2.0948548316955566,1
3.7017338275909424,1
2.5183043479919434,1
2.581827402114868,1
2.0078647136688232,1
1.8572418689727783,1
2.0986061096191406,1
2.2624216079711914,1
1.7402487993240356,1
1.6898900270462036,1
2.3683578968048096,1
1.948826789855957,1
2.4280121326446533,1
2.7649080753326416,1
3.1617488861083984,1
2.7437798976898193,1
2.3336524963378906,1
1.6354607343673706,1
2.7027053833007813,1
3.121739387512207,1
2.5276682376861572,1
2.764329433441162,1
2.6385018825531006,1
2.1922202110290527,1
2.9582676887512207,1
2.890550136566162,1
2.246596336364746,1
3.387054443359375,1
2.449854612350464,1
2.8133063316345215,1
2.5461525917053223,1
3.9147722721099854,1
2.6598284244537354,1
2.5245256423950195,1
2.641155958175659,1
2.590742588043213,1
3.014953136444092,1
2.790369987487793,1
1.9066765308380127,1
2.603923797607422,1
2.9467973709106445,1
2.5953006744384766,1
2.1706912517547607,1
2.0040037631988525,1
2.431633710861206,1
1.9996782541275024,1
2.6232337951660156,1
1.3261382579803467,1
2.3515806198120117,1
2.3542966842651367,1
1.7160454988479614,1
3.224717140197754,1
3.6158194541931152,1
2.1171298027038574,1
2.0614330768585205,1
2.771322727203369,1
3.9239635467529297,1
2.4177651405334473,1
2.623145818710327,1
2.901632308959961,1
2.309119701385498,1
2.1376774311065674,1
2.4497087001800537,1
2.3223910331726074,1
3.5052249431610107,1
3.6341867446899414,1
3.0074329376220703,1
2.703768730163574,1
2.652554988861084,1
3.8540825843811035,1
2.681192398071289,1
2.9347681999206543,1
1.7589173316955566,1
2.919377326965332,1
1.5876009464263916,1
2.507934808731079,1
2.2612996101379395,1
2.2927041053771973,1
2.2083022594451904,1
2.167422294616699,1
2.166367769241333,1
2.5559723377227783,1
2.200670003890991,1
2.2449049949645996,1
2.836946487426758,1
2.3092360496520996,1
1.962204933166504,1
2.482027530670166,1
2.6599457263946533,1
2.6903507709503174,1
3.2377467155456543,1
2.478386402130127,1
2.124453544616699,1
2.3967032432556152,1
2.504359722137451,1
2.4420928955078125,1
3.2330803871154785,1
3.1502206325531006,1
3.334162473678589,1
2.409262180328369,1
2.7007381916046143,1
1.8608283996582031,1
3.0322365760803223,1
2.016056537628174,1
1.6960198879241943,1
2.5140042304992676,1
3.781442165374756,1
2.8099570274353027,1
1.527773141860962,1
2.729388475418091,1
3.6780993938446045,1
4.031978607177734,1
3.0971078872680664,1
2.4270896911621094,1
2.971470594406128,1
2.356757402420044,1
3.191279649734497,1
2.38265323638916,1
3.6865715980529785,1
3.203254222869873,1
2.2461018562316895,1
3.584515333175659,1
2.352611541748047,1
1.8211452960968018,1
2.4689629077911377,1
2.0890989303588867,1
2.6788902282714844,1
1.1260048151016235,1
1.676150918006897,1
1.7434566020965576,1
1.9089608192443848,1
3.456164836883545,1
3.1875672340393066,1
2.6049718856811523,1
4.424655437469482,1
1.9416958093643188,1
1.7262825965881348,1
1.6151015758514404,1
1.6862857341766357,1
2.4366307258605957,1
2.7691221237182617,1
2.3938369750976563,1
2.767446279525757,1
1.9070398807525635,1
2.7894749641418457,1
2.8304858207702637,1
2.7753100395202637,1
2.2990784645080566,1
2.325451374053955,1
3.437246799468994,1
3.2702996730804443,1
4.345141887664795,1
3.000009298324585,1
2.258572578430176,1
2.1678802967071533,1
3.061556339263916,1
2.8079800605773926,1
3.3055057525634766,1
3.234663248062134,1
2.3184266090393066,1
2.140194892883301,1
2.237095355987549,1
3.177800178527832,1
3.718397617340088,1
3.261197566986084,1
2.1971099376678467,1
3.70586895942688,1
3.095094680786133,1
2.724726438522339,1
2.4269440174102783,1
2.1285452842712402,1
2.9090888500213623,1
3.6139748096466064,1
2.840432643890381,1
2.341179370880127,1
2.6561291217803955,1
3.4050540924072266,1
2.9699959754943848,1
2.657789468765259,1
2.5610175132751465,1
2.8577980995178223,1
2.290314197540283,1
2.652829170227051,1
1.961194396018982,1
2.4417715072631836,1
1.5828297138214111,1
2.412409543991089,1
3.328364610671997,1
2.1608104705810547,1
2.5679216384887695,1
2.360551357269287,1
1.5038782358169556,1
3.3983325958251953,1
2.3319225311279297,1
1.8027267456054688,1
2.0672450065612793,1
1.7033252716064453,1
2.5067577362060547,1
1.4444732666015625,1
2.6062662601470947,1
2.244722843170166,1
1.893504023551941,1
3.1647772789001465,1
2.3622875213623047,1
2.509578227996826,1
2.401240348815918,1
2.1952438354492188,1
2.289515972137451,1
2.1140828132629395,1
2.3592000007629395,1
3.101086139678955,1
2.343808650970459,1
1.8823652267456055,1
1.743216633796692,1
2.521939754486084,1
2.339921712875366,1
2.131920337677002,1
2.2661399841308594,1
1.8594005107879639,1
2.261234760284424,1
1.9221396446228027,1
1.2016515731811523,1
2.0391623973846436,1
1.4691650867462158,1
2.2538018226623535,1
1.9411487579345703,1
2.6453144550323486,1
2.5181031227111816,1
3.161546230316162,1
2.009113311767578,1
1.664620280265808,1
2.9259042739868164,1
1.7800018787384033,1
3.3168997764587402,1
2.4938485622406006,1
1.9175879955291748,1
2.9172182083129883,1
2.387331008911133,1
2.8041725158691406,1
2.0021095275878906,1
2.2315683364868164,1
2.7345752716064453,1
2.240997314453125,1
2.5298619270324707,1
2.5539259910583496,1
1.9239351749420166,1
1.7641127109527588,1
1.829375982284546,1
2.6877169609069824,1
2.0574522018432617,1
1.63274347782135,1
2.3704047203063965,1
2.7662243843078613,1
2.1827993392944336,1
1.9243309497833252,1
1.718632698059082,1
2.5663349628448486,1
2.001361846923828,1
1.9125795364379883,1
3.0730714797973633,1
2.4667434692382813,1
2.4939799308776855,1
2.3528127670288086,1
2.033066749572754,1
2.900299549102783,1
2.43826961517334,1
2.44826602935791,1
1.8748610019683838,1
2.271636962890625,1
2.693688154220581,1
2.0436878204345703,1
2.7815988063812256,1
2.2656774520874023,1
2.337111473083496,1
1.786325454711914,1
2.141552448272705,1
2.299428939819336,1
1.8975234031677246,1
3.0336222648620605,1
1.7230563163757324,1
1.8191843032836914,1
2.103952646255493,1
2.7834324836730957,1
2.1740317344665527,1
1.7060120105743408,1
2.196199893951416,1
2.6389613151550293,1
2.5159945487976074,1
2.728727340698242,1
1.9934194087982178,1
2.352977991104126,1
1.9788539409637451,1
2.4125382900238037,1
3.3839054107666016,1
1.6669777631759644,1
2.7611536979675293,1
1.6117222309112549,1
2.8534727096557617,1
3.046754837036133,1
2.5008561611175537,1
2.3572611808776855,1
2.810377597808838,1
2.5443620681762695,1
2.066743850708008,1
2.410067558288574,1
1.6589115858078003,1
3.4461708068847656,1
1.6413869857788086,1
1.6425861120224,1
2.895714282989502,1
2.803313970565796,1
2.2974507808685303,1
2.2567672729492188,1
3.7748489379882813,1
3.7822980880737305,1
3.4472789764404297,1
2.8613247871398926,1
3.1617355346679688,1
3.09513783454895,1
3.3593926429748535,1
2.8937363624572754,1
2.755892753601074,1
1.9325045347213745,1
2.643799304962158,1
2.2893290519714355,1
2.2574267387390137,1
2.0794970989227295,1
2.6621272563934326,1
2.864161491394043,1
3.518655776977539,1
2.5000967979431152,1
2.621499538421631,1
2.2163848876953125,1
3.007490634918213,1
3.2398078441619873,1
2.2709617614746094,1
3.148786783218384,1
3.011762857437134,1
2.2281370162963867,1
2.632582187652588,1
2.835244655609131,1
3.703256130218506,1
2.420391798019409,1
2.327375888824463,1
2.3926265239715576,1
1.5323138236999512,1
3.315274715423584,1
2.544330358505249,1
2.825376510620117,1
2.9657232761383057,1
2.7011666297912598,1
2.810878276824951,1
3.0977935791015625,1
2.786346912384033,1
2.414252758026123,1
2.4248294830322266,1
2.7448949813842773,1
2.8472485542297363,1
2.5454349517822266,1
2.085421323776245,1
2.7159640789031982,1
2.72768235206604,1
3.3274309635162354,1
2.1862869262695313,1
3.5709099769592285,1
2.4691007137298584,1
3.2498257160186768,1
3.2687363624572754,1
3.266389846801758,1
2.531018018722534,1
2.3865463733673096,1
2.8042736053466797,1
1.8506090641021729,1
2.787015676498413,1
2.7441630363464355,1
2.6226563453674316,1
2.2551069259643555,1
2.612975597381592,1
1.8854975700378418,1
3.185534954071045,1
2.1632261276245117,1
1.8638404607772827,1
2.692432403564453,1
1.8045709133148193,1
1.9033164978027344,1
2.2408761978149414,1
2.6153242588043213,1
2.1803085803985596,1
2.581979274749756,1
2.136279582977295,1
2.7565090656280518,1
1.3931361436843872,1
2.4143834114074707,1
2.960883140563965,1
2.0454626083374023,1
2.0540566444396973,1
2.9570462703704834,1
2.9088964462280273,1
2.705124855041504,1
2.6886494159698486,1
2.9338154792785645,1
2.5086417198181152,1
2.9234910011291504,1
2.607114791870117,1
2.468883514404297,1
1.4456589221954346,1
3.322150468826294,1
2.495326519012451,1
2.3202247619628906,1
1.9841492176055908,1
2.4864747524261475,1
3.0987701416015625,1
2.102222442626953,1
2.0069351196289063,1
2.4263787269592285,1
2.007185935974121,1
3.284285545349121,1
2.1291656494140625,1
2.400113344192505,1
1.6179362535476685,1
3.260575771331787,1
2.1868338584899902,1
2.7624921798706055,1
2.942866802215576,1
1.607083797454834,1
3.0738062858581543,1
2.066913366317749,1
2.2095425128936768,1
2.7390246391296387,1
2.9002513885498047,1
3.0207009315490723,1
2.2083561420440674,1
2.1399147510528564,1
3.2798759937286377,1
1.8841756582260132,1
2.74790620803833,1
2.2625505924224854,1
2.7579307556152344,1
2.8915956020355225,1
2.5096476078033447,1
4.775793075561523,1
2.276707172393799,1
3.199618339538574,1
2.772749900817871,1
2.350508213043213,1
2.5599820613861084,1
2.2824771404266357,1
1.9581902027130127,1
2.1870527267456055,1
2.214775800704956,1
2.8339343070983887,1
2.1967058181762695,1
2.836744785308838,1
3.7699315547943115,1
3.297880172729492,1
2.274946928024292,1
2.648604393005371,1
3.7132279872894287,1
3.027369976043701,1
2.499384880065918,1
3.391211986541748,1
2.4911179542541504,1
3.1045022010803223,1
2.9173741340637207,1
2.381664514541626,1
3.249279260635376,1
2.402837038040161,1
3.0712616443634033,1
2.81132173538208,1
3.569957733154297,1
2.340094566345215,1
3.1626179218292236,1
3.1874451637268066,1
2.8899102210998535,1
3.5724785327911377,1
2.5258002281188965,1
2.5194451808929443,1
2.838803768157959,1
3.644122838973999,1
2.9958834648132324,1
2.6736583709716797,1
3.698021411895752,1
3.247809648513794,1
2.8132526874542236,1
2.4271254539489746,1
2.100890636444092,1
3.6387038230895996,1
2.6168570518493652,1
2.0384345054626465,1
3.094675302505493,1
3.89512300491333,1
2.8852787017822266,1
2.516141414642334,1
2.9542174339294434,1
2.592301368713379,1
3.14137601852417,1
2.5780246257781982,1
3.576429843902588,1
2.9215219020843506,1
3.0932974815368652,1
2.453763484954834,1
3.464754104614258,1
2.9288382530212402,1
2.87709903717041,1
2.6044230461120605,1
3.2113895416259766,1
2.804483413696289,1
2.109038829803467,1
2.8213956356048584,1
3.280031204223633,1
3.1630311012268066,1
2.4542384147644043,1
2.166079044342041,1
1.885737419128418,1
1.9147969484329224,1
3.5137863159179688,1
3.8177144527435303,1
2.252985954284668,1
2.2606430053710938,1
3.1686954498291016,1
4.624109268188477,1
3.312626838684082,1
3.741399049758911,1
3.848240375518799,1
3.366936683654785,1
3.2031846046447754,1
3.554022789001465,1
3.6458818912506104,1
3.585242748260498,1
2.941812038421631,1
3.806022882461548,1
2.791712760925293,1
4.3043742179870605,1
2.6850638389587402,1
2.712029457092285,1
2.935187816619873,1
2.8359851837158203,1
3.1305599212646484,1
2.5445425510406494,1
2.828249454498291,1
3.5142621994018555,1
3.2583088874816895,1
4.462754249572754,1
4.339509963989258,1
4.498311996459961,1
3.4736554622650146,1
2.818239212036133,1
4.19423246383667,1
2.9303441047668457,1
2.6893720626831055,1
3.213019609451294,1
3.247903347015381,1
3.0442702770233154,1
4.074507713317871,1
3.5466694831848145,1
2.4327852725982666,1
3.069092035293579,1
3.0954601764678955,1
2.8838796615600586,1
2.4682602882385254,1
3.47577166557312,1
3.6500682830810547,1
3.197990894317627,1
2.5133466720581055,1
2.205369472503662,1
3.4091200828552246,1
3.435898780822754,1
3.429579734802246,1
2.5875861644744873,1
2.6155195236206055,1
2.905827522277832,1
2.596322774887085,1
2.2631044387817383,1
2.3782358169555664,1
2.4200756549835205,1
3.320408344268799,1
2.7915687561035156,1
2.551011085510254,1
2.8683066368103027,1
2.2288243770599365,1
2.3563318252563477,1
2.566279888153076,1
2.7927863597869873,1
2.1905462741851807,1
2.057328939437866,1
2.8753271102905273,1
4.038814544677734,1
3.430241346359253,1
2.956389904022217,1
2.821923017501831,1
3.4738805294036865,1
2.8711771965026855,1
3.5067646503448486,1
3.2089171409606934,1
3.4526760578155518,1
4.061897277832031,1
3.5231127738952637,1
3.559252977371216,1
2.7329559326171875,1
3.4780726432800293,1
2.4570178985595703,1
3.9798219203948975,1
3.355109214782715,1
2.7248082160949707,1
3.1261963844299316,1
3.670046806335449,1
2.4433889389038086,1
3.851480007171631,1
1.981014370918274,1
2.8543756008148193,1
2.2873311042785645,1
2.643463134765625,1
2.2689754962921143,1
2.7107276916503906,1
3.2639007568359375,1
2.4373579025268555,1
2.7052524089813232,1
3.032892942428589,1
2.565469264984131,1
2.655378818511963,1
2.99998140335083,1
2.3049721717834473,1
2.330228805541992,1
3.2691991329193115,1
2.5363993644714355,1
2.571366548538208,1
1.9766626358032227,1
2.405102252960205,1
2.337744951248169,1
2.867344856262207,1
2.4657363891601563,1
2.832510471343994,1
2.908877372741699,1
3.243375301361084,1
2.3722639083862305,1
2.8630123138427734,1
2.680656671524048,1
2.547795057296753,1
3.0335164070129395,1
4.449414253234863,1
2.5678539276123047,1
2.9878361225128174,1
4.130924224853516,1
2.389355182647705,1
2.6993491649627686,1
2.6149516105651855,1
3.341731309890747,1
3.5595569610595703,1
3.8823952674865723,1
4.229843616485596,1
2.7947936058044434,1
2.6247119903564453,1
2.8979687690734863,1
3.0825934410095215,1
2.7573769092559814,1
3.0834100246429443,1
2.4152276515960693,1
2.628981113433838,1
3.170585870742798,1
2.7996387481689453,1
2.746278762817383,1
3.498674154281616,1
3.5328986644744873,1
2.7343266010284424,1
2.9895741939544678,1
3.0409581661224365,1
1.938977837562561,1
2.8651225566864014,1
1.9506456851959229,1
2.0917086601257324,1
2.8328137397766113,1
2.1667845249176025,1
3.018017292022705,1
2.4286863803863525,1
2.587639331817627,1
1.7451801300048828,1
2.7917137145996094,1
3.0876832008361816,1
3.530564785003662,1
3.203354835510254,1
2.532116651535034,1
2.041438579559326,1
2.4990997314453125,1
2.892441749572754,1
3.486337661743164,1
2.4866878986358643,1
3.5508546829223633,1
3.3132219314575195,1
2.454268455505371,1
3.0359065532684326,1
2.696791648864746,1
3.1849749088287354,1
3.4436099529266357,1
3.1420412063598633,1
3.1929051876068115,1
3.3134355545043945,1
4.044017791748047,1
3.6127755641937256,1
2.6088268756866455,1
3.7021145820617676,1
2.6862258911132813,1
3.6799559593200684,1
3.7517385482788086,1
2.2587928771972656,1
2.4658215045928955,1
2.2959704399108887,1
2.449491024017334,1
3.7806248664855957,1
3.192336082458496,1
2.7772367000579834,1
2.632567882537842,1
4.2693376541137695,1
2.523442268371582,1
3.1277146339416504,1
2.3841230869293213,1
2.097768783569336,1
2.192591905593872,1
2.501335620880127,1
2.850724697113037,1
2.525726795196533,1
1.867687463760376,1
1.8832409381866455,1
3.2236452102661133,1
3.2469100952148438,1
2.7471377849578857,1
3.0869107246398926,1
2.218604803085327,1
3.0771450996398926,1
3.260138988494873,1
3.3613855838775635,1
2.718515634536743,1
2.658956289291382,1
2.557678699493408,1
2.3566012382507324,1
2.3491270542144775,1
2.365692377090454,1
4.933093070983887,1
2.286442518234253,1
2.5448379516601563,1
2.026355266571045,1
2.5943355560302734,1
3.137545347213745,1
2.7598283290863037,1
3.1520066261291504,1
2.8605663776397705,1
2.4974849224090576,1
1.952986717224121,1
2.6348135471343994,1
3.0747852325439453,1
2.594197988510132,1
2.7891464233398438,1
2.92594575881958,1
3.470757007598877,1
2.528866767883301,1
2.184034824371338,1
2.188974380493164,1
2.040027618408203,1
2.639573574066162,1
2.7306933403015137,1
2.588169813156128,1
2.9502692222595215,1
2.8147621154785156,1
2.7541885375976563,1
2.9145708084106445,1
2.9183311462402344,1
3.057990074157715,1
2.5756263732910156,1
2.6442461013793945,1
2.728297233581543,1
1.9676915407180786,1
1.8775770664215088,1
3.1118249893188477,1
2.123483180999756,1
3.638221502304077,1
2.1038413047790527,1
2.1313118934631348,1
2.3637449741363525,1
4.237168312072754,1
2.355163335800171,1
1.1960614919662476,1
2.3404579162597656,1
1.8878076076507568,1
2.6000943183898926,1
3.740342140197754,1
2.291114091873169,1
2.405214548110962,1
2.765979290008545,1
2.5698626041412354,1
3.4264278411865234,1
2.4464945793151855,1
2.4056661128997803,1
2.233200788497925,1
2.6139745712280273,1
2.3068199157714844,1
2.707012176513672,1
3.0986595153808594,1
2.726529359817505,1
3.3138954639434814,1
2.3262124061584473,1
2.397505283355713,1
3.084005117416382,1
3.0110998153686523,1
2.4358646869659424,1
2.476585626602173,1
2.757704019546509,1
2.905827045440674,1
2.537442445755005,1
3.311603546142578,1
2.154412269592285,1
3.3000564575195313,1
2.641054153442383,1
2.0221030712127686,1
2.693347454071045,1
1.9696776866912842,1
2.829326629638672,1
2.1296019554138184,1
2.485036849975586,1
2.8562984466552734,1
2.9588146209716797,1
2.096978187561035,1
5.025249004364014,1
2.638578414916992,1
2.312528133392334,1
3.0889759063720703,1
2.3420305252075195,1
2.1685914993286133,1
3.0137224197387695,1
3.129856586456299,1
2.62782621383667,1
3.4780189990997314,1
3.6667540073394775,1
3.301642417907715,1
2.3811373710632324,1
3.6082069873809814,1
2.6343047618865967,1
3.0853984355926514,1
2.431807518005371,1
2.1708948612213135,1
2.7742128372192383,1
2.621819257736206,1
3.4695329666137695,1
2.868986129760742,1
2.306353807449341,1
2.9559483528137207,1
2.118710517883301,1
2.3740251064300537,1
1.7998769283294678,1
4.06895112991333,1
2.2667012214660645,1
1.9879488945007324,1
1.7663345336914063,1
3.095571756362915,1
2.204555034637451,1
1.8809278011322021,1
1.6656200885772705,1
1.8232465982437134,1
2.2854506969451904,1
2.4615046977996826,1
2.6900644302368164,1
2.093515396118164,1
2.0351102352142334,1
1.6882420778274536,1
1.9287338256835938,1
1.6640194654464722,1
2.3020246028900146,1
2.1588079929351807,1
2.560072422027588,1
1.462654948234558,1
2.0632400512695313,1
2.3557214736938477,1
1.7138679027557373,1
1.8512074947357178,1
1.924574613571167,1
2.343677282333374,1
2.0281825065612793,1
1.6411842107772827,1
2.3244597911834717,1
2.3341236114501953,1
1.745619297027588,1
2.3190462589263916,1
2.4435439109802246,1
1.680840015411377,1
1.6869300603866577,1
2.0689430236816406,1
2.0086379051208496,1
1.9058066606521606,1
2.320028781890869,1
1.874561071395874,1
2.1937167644500732,1
1.7793493270874023,1
1.9623613357543945,1
2.734022617340088,1
2.3104448318481445,1
2.7443504333496094,1
2.6797327995300293,1
2.09346604347229,1
2.957082748413086,1
2.011538505554199,1
2.3395299911499023,1
2.007765293121338,1
2.421910524368286,1
1.6773302555084229,1
2.9303436279296875,1
1.662071704864502,1
2.95365047454834,1
1.8533132076263428,1
2.942732095718384,1
2.9050378799438477,1
2.483644723892212,1
1.7566090822219849,1
2.7329635620117188,1
2.7480597496032715,1
1.7001742124557495,1
3.386363983154297,1
3.3155322074890137,1
2.6853549480438232,1
2.399069309234619,1
2.051579475402832,1
2.18715500831604,1
2.2550883293151855,1
3.194857120513916,1
2.8021390438079834,1
2.692324161529541,1
2.423171281814575,1
2.400418758392334,1
2.230226993560791,1
3.1846580505371094,1
3.1704869270324707,1
1.9591495990753174,1
1.7183761596679688,1
2.212709426879883,1
3.7745907306671143,1
2.4505667686462402,1
2.116391897201538,1
2.3264527320861816,1
1.9642300605773926,1
2.4262208938598633,1
2.6545658111572266,1
2.391181468963623,1
2.200443744659424,1
2.7521286010742188,1
2.0606796741485596,1
2.399996519088745,1
2.6024696826934814,1
2.3907694816589355,1
3.256744861602783,1
2.361398696899414,1
2.382652997970581,1
2.2273454666137695,1
2.1644580364227295,1
2.125138759613037,1
3.118856906890869,1
4.429645538330078,1
2.338695526123047,1
2.2415947914123535,1
2.4767651557922363,1
2.9356157779693604,1
2.7700581550598145,1
2.5528881549835205,1
2.685802936553955,1
3.136751651763916,1
3.041898727416992,1
2.581756591796875,1
2.503983736038208,1
2.6319403648376465,1
2.0435891151428223,1
2.348905563354492,1
2.021709680557251,1
2.4384188652038574,1
2.228447437286377,1
2.080312728881836,1
2.5623326301574707,1
1.7878377437591553,1
2.05546236038208,1
1.7913663387298584,1
2.2265472412109375,1
2.9006614685058594,1
2.03676176071167,1
2.075695753097534,1
2.110220432281494,1
2.5088376998901367,1
2.595642328262329,1
2.8523521423339844,1
2.7779595851898193,1
2.428802728652954,1
1.5210552215576172,1
1.9575735330581665,1
1.8789472579956055,1
3.065192222595215,1
2.0392909049987793,1
2.5875515937805176,1
2.472357749938965,1
2.604534387588501,1
2.114311933517456,1
2.130966901779175,1
2.374657154083252,1
2.253319263458252,1
1.8452134132385254,1
1.9158916473388672,1
1.8966448307037354,1
2.1224026679992676,1
1.7767302989959717,1
2.342806816101074,1
2.468082904815674,1
2.4460062980651855,1
2.0530996322631836,1
1.916640281677246,1
2.088780641555786,1
2.704817295074463,1
2.064744472503662,1
1.762730598449707,1
2.607938289642334,1
2.168421983718872,1
2.6824069023132324,1
1.640162706375122,1
2.2920379638671875,1
3.078382968902588,1
3.0575380325317383,1
3.3774662017822266,1
2.5897774696350098,1
2.884758234024048,1
2.3294379711151123,1
1.7654589414596558,1
3.332170009613037,1
2.720623016357422,1
4.2491984367370605,1
3.307405948638916,1
2.7427539825439453,1
2.6479039192199707,1
3.2388803958892822,1
3.5152130126953125,1
2.3565192222595215,1
3.267082452774048,1
2.7005276679992676,1
3.197488307952881,1
3.181006908416748,1
3.46622633934021,1
2.418272018432617,1
2.4272594451904297,1
2.2074079513549805,1
3.6374120712280273,1
2.5821423530578613,1
3.8485443592071533,1
1.886951208114624,1
2.049384117126465,1
2.906221389770508,1
2.918978691101074,1
2.277622699737549,1
2.0042057037353516,1
2.3820996284484863,1
2.8025059700012207,1
2.617337703704834,1
3.726402759552002,1
2.6775588989257813,1
2.2869958877563477,1
2.111757755279541,1
2.5451035499572754,1
3.901448965072632,1
4.70182991027832,1
1.6960480213165283,1
2.774618625640869,1
2.2966108322143555,1
2.4101476669311523,1
3.0259170532226563,1
2.7366020679473877,1
2.436218738555908,1
3.278987407684326,1
2.5955984592437744,1
2.861668109893799,1
2.3867015838623047,1
3.0150485038757324,1
1.8715155124664307,1
2.400470733642578,1
2.59224796295166,1
3.5303540229797363,1
3.1761369705200195,1
2.210911750793457,1
2.5868730545043945,1
2.1838159561157227,1
2.805669069290161,1
3.6984329223632813,1
2.907776355743408,1
2.07460618019104,1
2.721086025238037,1
3.013833522796631,1
3.2252814769744873,1
3.4283668994903564,1
2.7398219108581543,1
3.08976411819458,1
2.45505690574646,1
2.6702301502227783,1
3.6574442386627197,1
2.37496280670166,1
1.5747528076171875,1
3.2434232234954834,1
3.092118740081787,1
2.54715633392334,1
1.9839614629745483,1
2.7602615356445313,1
2.3764002323150635,1
2.159425973892212,1
2.0761868953704834,1
2.4519762992858887,1
2.7825357913970947,1
3.048609733581543,1
2.7899515628814697,1
2.850545883178711,1
2.811966896057129,1
3.2749147415161133,1
3.563347339630127,1
2.613903522491455,1
1.8581748008728027,1
3.1551403999328613,1
2.6700668334960938,1
2.9599769115448,1
2.2974038124084473,1
2.536656379699707,1
2.738483428955078,1
1.6687781810760498,1
2.7262256145477295,1
1.8204938173294067,1
3.502218246459961,1
2.942227840423584,1
2.691962242126465,1
3.1597585678100586,1
3.425375461578369,1
3.851019859313965,1
3.1626734733581543,1
3.0502374172210693,1
3.0452988147735596,1
3.1181769371032715,1
3.262242555618286,1
3.3824827671051025,1
3.5956168174743652,1
3.348052978515625,1
2.8232498168945313,1
3.6394460201263428,1
2.6988303661346436,1
2.640455484390259,1
2.5603997707366943,1
2.4550766944885254,1
2.8358311653137207,1
3.5486714839935303,1
2.506891965866089,1
2.799006462097168,1
2.764719247817993,1
2.814751148223877,1
2.235116958618164,1
1.809898018836975,1
2.2220325469970703,1
2.440925121307373,1
2.1865603923797607,1
3.913069248199463,1
3.07387113571167,1
2.2544033527374268,1
2.9020066261291504,1
3.4506545066833496,1
2.696713924407959,1
1.7625486850738525,1
2.8947837352752686,1
3.2659575939178467,1
3.283616065979004,1
2.3822522163391113,1
3.112508773803711,1
3.1458165645599365,1
3.1304922103881836,1
3.3192007541656494,1
2.6206328868865967,1
2.046975612640381,1
2.8604252338409424,1
2.9840641021728516,1
3.7625832557678223,1
2.719240188598633,1
2.3586089611053467,1
2.787865400314331,1
2.5401360988616943,1
2.3588335514068604,1
3.3871357440948486,1
3.1404199600219727,1
2.2854039669036865,1
2.590156078338623,1
2.803847312927246,1
2.3275699615478516,1
1.9438350200653076,1
4.515074729919434,1
3.3731155395507813,1
3.2468605041503906,1
2.4988884925842285,1
3.275507926940918,1
2.3617875576019287,1
2.576552391052246,1
2.7050540447235107,1
2.73453950881958,1
2.427358865737915,1
2.041508197784424,1
2.9070000648498535,1
2.2193679809570313,1
1.9680507183074951,1
2.2945051193237305,1
2.328192949295044,1
2.760110378265381,1
3.127476692199707,1
2.406972885131836,1
3.680325746536255,1
3.1926932334899902,1
3.4913296699523926,1
3.605649471282959,1
3.757561206817627,1
3.5090279579162598,1
3.454270362854004,1
3.478753089904785,1
4.081063747406006,1
3.552812337875366,1
3.8912181854248047,1
2.564410924911499,1
3.4987285137176514,1
3.307546377182007,1
3.2973287105560303,1
3.4745681285858154,1
3.2985410690307617,1
3.1632933616638184,1
3.496023654937744,1
4.037199020385742,1
3.957272529602051,1
3.786895513534546,1
4.837378978729248,1
2.635599136352539,1
2.6950223445892334,1
3.12634539604187,1
3.3819222450256348,1
4.254162788391113,1
3.377812623977661,1
2.344973087310791,1
4.038191318511963,1
2.4002466201782227,1
3.747105598449707,1
2.791323661804199,1
2.740863800048828,1
2.9928250312805176,1
2.7099545001983643,1
2.500516414642334,1
3.213477611541748,1
2.034228801727295,1
2.667163848876953,1
2.1708250045776367,1
2.9294424057006836,1
2.3903355598449707,1
2.6290841102600098,1
1.942509412765503,1
3.401003837585449,1
2.6227331161499023,1
6.461831092834473,1
3.466226100921631,1
2.759904384613037,1
2.5550713539123535,1
3.5123400688171387,1
2.617210865020752,1
3.3855931758880615,1
3.134762763977051,1
3.1119937896728516,1
2.5131027698516846,1
2.235959529876709,1
2.470278739929199,1
2.431382656097412,1
2.6739370822906494,1
3.5051004886627197,1
2.5550453662872314,1
2.137661933898926,1
2.6649088859558105,1
2.198035478591919,1
2.4522294998168945,1
2.311091423034668,1
2.1809654235839844,1
3.3486557006835938,1
2.49155330657959,1
2.368715763092041,1
1.8500009775161743,1
2.522963047027588,1
2.325918197631836,1
3.0555315017700195,1
1.852923035621643,1
3.5883290767669678,1
2.671274185180664,1
3.2784764766693115,1
3.0978989601135254,1
3.089113473892212,1
3.4370579719543457,1
3.67429780960083,1
2.4801130294799805,1
2.9014852046966553,1
3.2871146202087402,1
2.6768507957458496,1
4.420961380004883,1
3.5221340656280518,1
2.541076183319092,1
3.339539051055908,1
3.3275833129882813,1
3.4361557960510254,1
1.8158602714538574,1
3.5860493183135986,1
2.7927188873291016,1
3.4899544715881348,1
2.303149700164795,1
2.6731550693511963,1
3.008399724960327,1
3.0117831230163574,1
2.7997050285339355,1
2.3722572326660156,1
2.537249803543091,1
2.2260777950286865,1
4.2053961753845215,1
2.1256051063537598,1
4.864400386810303,1
3.8032844066619873,1
1.834668517112732,1
3.840376377105713,1
2.6411638259887695,1
3.6395301818847656,1
3.4753358364105225,1
3.717184066772461,1
4.220923900604248,1
3.893171787261963,1
3.0453410148620605,1
3.833191394805908,1
3.568565607070923,1
3.2785937786102295,1
3.592517375946045,1
3.576805353164673,1
3.959627151489258,1
3.121579647064209,1
2.7694900035858154,1
2.8554635047912598,1
2.872119903564453,1
3.8618736267089844,1
2.2268762588500977,1
2.1323494911193848,1
2.777623176574707,1
3.002918243408203,1
2.324336051940918,1
2.573113441467285,1
2.847243309020996,1
3.2075629234313965,1
1.6069860458374023,1
2.34295654296875,1
2.111077308654785,1
2.156538963317871,1
2.9685721397399902,1
1.9328733682632446,1
2.1120975017547607,1
2.2928903102874756,1
2.427950859069824,1
2.3124518394470215,1
2.6597514152526855,1
2.2275214195251465,1
2.293076992034912,1
2.9907948970794678,1
2.308424949645996,1
2.406160593032837,1
2.221129894256592,1
1.8635419607162476,1
2.5562357902526855,1
1.6398546695709229,1
3.202847957611084,1
3.5757150650024414,1
2.807068347930908,1
2.33219051361084,1
1.9679348468780518,1
2.8073408603668213,1
2.4121718406677246,1
2.212225914001465,1
1.8064393997192383,1
2.4056198596954346,1
2.095345973968506,1
2.0548043251037598,1
1.9758505821228027,1
2.670738697052002,1
2.724689483642578,1
2.2865242958068848,1
2.696448802947998,1
2.090282678604126,1
2.0642142295837402,1
2.663740634918213,1
4.8319010734558105,1
2.735211133956909,1
2.535353660583496,1
1.9809482097625732,1
2.4730587005615234,1
3.0934624671936035,1
3.183455467224121,1
3.3874728679656982,1
1.703696846961975,1
2.4534411430358887,1
1.7450141906738281,1
3.3172216415405273,1
3.456789970397949,1
2.428629159927368,1
2.7315754890441895,1
2.965092182159424,1
2.9278666973114014,1
3.2127466201782227,1
2.936934471130371,1
2.388043165206909,1
2.679410696029663,1
3.0763192176818848,1
1.861449956893921,1
2.8031582832336426,1
2.092646837234497,1
2.087836503982544,1
2.0447490215301514,1
2.8232593536376953,1
2.6980440616607666,1
2.8906993865966797,1
2.437427520751953,1
1.9233336448669434,1
1.6454691886901855,1
1.8927494287490845,1
1.7424949407577515,1
2.470399856567383,1
1.8291302919387817,1
1.8307876586914063,1
3.6244328022003174,1
1.4404072761535645,1
2.561389923095703,1
2.5018932819366455,1
2.626295328140259,1
2.1665701866149902,1
2.7466607093811035,1
2.4741427898406982,1
2.111531972885132,1
1.986485242843628,1
2.4298133850097656,1
1.9146764278411865,1
1.9180054664611816,1
1.9500157833099365,1
2.0224525928497314,1
2.619929790496826,1
1.776430606842041,1
2.1227941513061523,1
1.4403412342071533,1
2.1645658016204834,1
3.5752930641174316,1
2.6937530040740967,1
1.7639682292938232,1
2.1084556579589844,1
2.361571788787842,1
1.9995195865631104,1
2.7866673469543457,1
2.2903099060058594,1
1.9228687286376953,1
2.2072536945343018,1
2.2678380012512207,1
3.1064975261688232,1
2.595752716064453,1
2.4297876358032227,1
3.3654427528381348,1
2.6580495834350586,1
2.917247772216797,1
3.021909236907959,1
3.2933847904205322,1
2.190728187561035,1
3.134206771850586,1
2.5323336124420166,1
1.7608046531677246,1
2.0927975177764893,1
2.158005952835083,1
1.7050466537475586,1
2.2044310569763184,1
2.57460880279541,1
2.0158448219299316,1
2.7381210327148438,1
2.6497042179107666,1
1.8965327739715576,1
2.4913558959960938,1
1.9887721538543701,1
3.3048365116119385,1
1.717468500137329,1
2.5621931552886963,1
2.503504991531372,1
2.8099050521850586,1
2.992497444152832,1
2.6720941066741943,1
1.9105100631713867,1
1.5782380104064941,1
1.5187125205993652,1
1.7165464162826538,1
3.8874340057373047,1
2.7206780910491943,1
2.7943763732910156,1
2.445984363555908,1
2.4136524200439453,1
3.0782434940338135,1
2.6218721866607666,1
2.088580369949341,1
5.490081310272217,1
2.2556545734405518,1
2.966794967651367,1
2.3199026584625244,1
2.444650173187256,1
3.395385265350342,1
2.9520740509033203,1
2.7211272716522217,1
2.0012025833129883,1
2.270453929901123,1
2.7046656608581543,1
3.12007474899292,1
3.8491833209991455,1
2.4627654552459717,1
2.8246572017669678,1
2.500281572341919,1
2.5542941093444824,1
3.4628608226776123,1
2.562260389328003,1
2.7979791164398193,1
3.8824191093444824,1
3.1687655448913574,1
3.4985382556915283,1
2.5494089126586914,1
2.837937116622925,1
2.8858389854431152,1
3.241974353790283,1
3.0776617527008057,1
2.7304718494415283,1
3.3920328617095947,1
2.760870933532715,1
2.7509655952453613,1
2.3252577781677246,1
5.075022220611572,1
4.2852325439453125,1
3.693528175354004,1
2.9309611320495605,1
2.5163607597351074,1
2.547715663909912,1
2.384103775024414,1
2.6454272270202637,1
3.6288504600524902,1
3.1714181900024414,1
4.155885696411133,1
3.0960137844085693,1
2.735841989517212,1
3.143791675567627,1
2.915741443634033,1
2.859860897064209,1
4.423381805419922,1
2.304450511932373,1
2.4951820373535156,1
2.602613687515259,1
2.2049548625946045,1
3.336699962615967,1
4.957237243652344,1
