3.2785966396331787,1
1.9351811408996582,1
2.0663061141967773,1
2.4088401794433594,1
1.8527050018310547,1
2.4184224605560303,1
3.276731491088867,1
2.0442490577697754,1
2.7184247970581055,1
1.9950250387191772,1
2.1880581378936768,1
2.2970452308654785,1
2.255422592163086,1
3.056662082672119,1
2.156513214111328,1
2.1641671657562256,1
2.367673873901367,1
3.1246790885925293,1
2.23710298538208,1
2.581021308898926,1
2.2831878662109375,1
1.8834294080734253,1
2.0287294387817383,1
2.394317150115967,1
2.3610944747924805,1
2.2874748706817627,1
2.0819945335388184,1
2.8184545040130615,1
2.6018359661102295,1
2.7987794876098633,1
2.3523576259613037,1
2.199979782104492,1
2.464984655380249,1
1.981727957725525,1
2.6917715072631836,1
1.6148314476013184,1
2.296985626220703,1
2.99623966217041,1
2.5680992603302,1
3.1544175148010254,1
2.9454691410064697,1
1.8468730449676514,1
3.0474798679351807,1
2.896643877029419,1
2.200899600982666,1
2.317267417907715,1
3.1431870460510254,1
2.593189239501953,1
2.293800115585327,1
2.3380002975463867,1
2.232105016708374,1
2.7008156776428223,1
2.445897340774536,1
2.5476253032684326,1
2.0119152069091797,1
2.879223346710205,1
2.3913745880126953,1
2.6161813735961914,1
3.4369659423828125,1
2.6322126388549805,1
2.2479090690612793,1
2.3573710918426514,1
2.2813405990600586,1
3.494898796081543,1
2.7632672786712646,1
2.516383647918701,1
2.1158924102783203,1
2.6144347190856934,1
2.28283953666687,1
2.887796401977539,1
2.359198570251465,1
2.812272310256958,1
2.174511194229126,1
2.5092318058013916,1
2.239192008972168,1
2.462653160095215,1
2.451490879058838,1
2.361043930053711,1
1.8979260921478271,1
2.8955750465393066,1
2.6609883308410645,1
2.4463319778442383,1
2.014005661010742,1
2.490363121032715,1
2.7022571563720703,1
2.0765528678894043,1
2.656787157058716,1
2.2972569465637207,1
2.6165215969085693,1
2.8103275299072266,1
2.5824568271636963,1
2.6677069664001465,1
2.94492244720459,1
1.823151707649231,1
2.2405991554260254,1
2.081533193588257,1
2.1475143432617188,1
2.945040702819824,1
2.5071067810058594,1
2.847470760345459,1
2.6903090476989746,1
2.4562478065490723,1
2.725109577178955,1
2.779298782348633,1
1.8450970649719238,1
1.8510239124298096,1
2.524845838546753,1
2.2596054077148438,1
2.6410725116729736,1
2.693319320678711,1
2.5319857597351074,1
3.001434087753296,1
1.7054710388183594,1
2.169654369354248,1
3.0033016204833984,1
2.748244285583496,1
2.3060622215270996,1
2.9430041313171387,1
3.2071781158447266,1
2.271430253982544,1
2.3528223037719727,1
3.1854138374328613,1
2.575570583343506,1
2.178807497024536,1
2.365114212036133,1
2.3840346336364746,1
2.554488182067871,1
2.5962471961975098,1
2.8619322776794434,1
2.3418705463409424,1
2.3574678897857666,1
1.8398369550704956,1
2.7524404525756836,1
2.4183104038238525,1
2.2688615322113037,1
1.935497522354126,1
2.516467571258545,1
2.6932291984558105,1
2.001981735229492,1
2.398585319519043,1
2.6285152435302734,1
2.988809585571289,1
2.421618938446045,1
2.2903285026550293,1
2.4419710636138916,1
2.9599127769470215,1
2.482785701751709,1
2.110785961151123,1
2.380826950073242,1
1.98281729221344,1
2.7986412048339844,1
2.5180811882019043,1
2.5615694522857666,1
2.2669246196746826,1
2.1604738235473633,1
2.4560930728912354,1
2.512321710586548,1
2.7901806831359863,1
2.9134137630462646,1
2.141042947769165,1
2.0368945598602295,1
2.629225254058838,1
2.7772819995880127,1
2.9174952507019043,1
2.253568649291992,1
3.1272904872894287,1
2.157090663909912,1
2.414407730102539,1
2.60013747215271,1
2.592942714691162,1
2.6275503635406494,1
2.5005340576171875,1
2.243849754333496,1
2.636995315551758,1
2.2950191497802734,1
2.557206869125366,1
1.9105260372161865,1
2.109647750854492,1
2.207080602645874,1
1.836184024810791,1
2.0751278400421143,1
2.793613910675049,1
2.3105244636535645,1
2.961653470993042,1
2.1350371837615967,1
2.0556437969207764,1
2.54036808013916,1
2.0896358489990234,1
2.5049681663513184,1
3.1654105186462402,1
2.8945300579071045,1
2.1303484439849854,1
2.2544467449188232,1
2.2914137840270996,1
2.084099054336548,1
2.5343241691589355,1
2.372159481048584,1
2.844923496246338,1
2.4371790885925293,1
1.9302399158477783,1
2.2286109924316406,1
2.35446834564209,1
2.1466033458709717,1
1.8861658573150635,1
2.3366994857788086,1
1.843298077583313,1
2.816953182220459,1
2.470931053161621,1
2.4595847129821777,1
2.2153730392456055,1
2.297640085220337,1
2.284311056137085,1
2.79170298576355,1
1.654697299003601,1
2.070930242538452,1
3.0394155979156494,1
1.9012339115142822,1
2.4405078887939453,1
2.599850654602051,1
2.753314256668091,1
2.414371967315674,1
2.118037700653076,1
2.6251015663146973,1
1.9246419668197632,1
2.804800510406494,1
2.435669422149658,1
2.327249526977539,1
2.298704147338867,1
2.1304023265838623,1
2.5790371894836426,1
2.0308444499969482,1
2.204134702682495,1
2.4323158264160156,1
2.0086092948913574,1
2.4720897674560547,1
2.600876569747925,1
2.5032434463500977,1
2.425450325012207,1
2.521994113922119,1
2.2286291122436523,1
2.2734079360961914,1
2.9331860542297363,1
2.364290714263916,1
2.2762510776519775,1
2.3761138916015625,1
2.7156760692596436,1
2.3455581665039063,1
2.8339197635650635,1
2.1900129318237305,1
2.3254916667938232,1
2.222395181655884,1
2.6685590744018555,1
2.2867813110351563,1
1.8496471643447876,1
2.429356575012207,1
2.2899069786071777,1
2.6762478351593018,1
2.980470657348633,1
2.448612689971924,1
2.121150255203247,1
2.400108814239502,1
2.855393409729004,1
1.9894297122955322,1
2.904156446456909,1
2.567837715148926,1
2.7640538215637207,1
2.316415309906006,1
2.6725940704345703,1
1.7618011236190796,1
2.4438419342041016,1
2.404315948486328,1
3.070978879928589,1
3.494919776916504,1
2.727126121520996,1
2.3875889778137207,1
2.821021795272827,1
2.389517307281494,1
2.511101722717285,1
2.2582836151123047,1
2.48516845703125,1
2.5187299251556396,1
2.2892441749572754,1
2.8012356758117676,1
2.4588518142700195,1
2.8793373107910156,1
2.3235740661621094,1
1.6699867248535156,1
1.502503752708435,1
2.4806416034698486,1
2.647529125213623,1
2.2718162536621094,1
2.566183090209961,1
1.9569532871246338,1
1.9207934141159058,1
2.3751327991485596,1
3.925471305847168,1
2.247969150543213,1
3.201070785522461,1
1.9988665580749512,1
2.6102521419525146,1
2.202052116394043,1
2.3049662113189697,1
2.4360103607177734,1
2.641730546951294,1
1.8079345226287842,1
2.633777618408203,1
2.8145341873168945,1
2.3206048011779785,1
2.499436378479004,1
2.7351012229919434,1
2.913285493850708,1
2.2330126762390137,1
3.353159189224243,1
2.322188377380371,1
2.712223529815674,1
2.7556848526000977,1
2.629021644592285,1
1.947854995727539,1
2.3120908737182617,1
3.1215806007385254,1
2.8351893424987793,1
2.3060550689697266,1
2.2354631423950195,1
2.6561286449432373,1
2.6868832111358643,1
2.5874814987182617,1
3.232789993286133,1
2.5864291191101074,1
2.316166877746582,1
2.648688316345215,1
2.881157398223877,1
3.179882287979126,1
2.6440415382385254,1
2.924199104309082,1
3.3998870849609375,1
2.9278595447540283,1
2.785961627960205,1
2.7034554481506348,1
2.6548731327056885,1
2.5419883728027344,1
2.6099343299865723,1
2.4458703994750977,1
2.543015956878662,1
2.188506603240967,1
2.147310256958008,1
3.636176586151123,1
2.92289400100708,1
2.7768657207489014,1
2.680774211883545,1
2.7214417457580566,1
3.653289794921875,1
2.9426074028015137,1
2.2465906143188477,1
2.8632326126098633,1
2.7457151412963867,1
2.2484726905822754,1
2.7931041717529297,1
2.8340961933135986,1
2.4989428520202637,1
2.6913299560546875,1
2.334117889404297,1
2.7352466583251953,1
2.6314139366149902,1
2.3749308586120605,1
3.316802740097046,1
2.6821625232696533,1
2.9988369941711426,1
2.2125296592712402,1
3.693462610244751,1
2.3801639080047607,1
3.387016534805298,1
2.7229151725769043,1
2.3440041542053223,1
2.7111053466796875,1
1.9599579572677612,1
2.2835168838500977,1
2.664212465286255,1
3.2585601806640625,1
2.2750954627990723,1
2.530301094055176,1
1.7657383680343628,1
1.8747884035110474,1
2.7568023204803467,1
2.3396668434143066,1
2.1942834854125977,1
2.8933615684509277,1
2.2045676708221436,1
2.0118539333343506,1
2.2532548904418945,1
2.6488332748413086,1
2.3877859115600586,1
2.14154314994812,1
2.360161304473877,1
2.19342041015625,1
1.9872281551361084,1
2.440577507019043,1
2.654435157775879,1
1.7816293239593506,1
2.3242762088775635,1
2.287320613861084,1
2.417599678039551,1
2.50057315826416,1
2.2265877723693848,1
2.743122100830078,1
3.6696863174438477,1
2.2287943363189697,1
1.9485867023468018,1
2.087229013442993,1
3.0054502487182617,1
3.1995959281921387,1
3.0928735733032227,1
2.350156784057617,1
2.5046770572662354,1
3.247385025024414,1
2.7059121131896973,1
2.7138710021972656,1
2.3305087089538574,1
2.312589168548584,1
2.013545036315918,1
2.7612972259521484,1
2.307807683944702,1
2.9431729316711426,1
3.94130802154541,1
2.170602798461914,1
2.594910144805908,1
2.3856167793273926,1
2.6867451667785645,1
2.3651671409606934,1
3.2651734352111816,1
3.480815887451172,1
2.77872371673584,1
2.666663408279419,1
2.3910157680511475,1
2.513575553894043,1
2.760097026824951,1
2.6578195095062256,1
2.4984312057495117,1
2.1405367851257324,1
3.101550579071045,1
2.912604808807373,1
2.602323293685913,1
1.991180419921875,1
2.8716890811920166,1
3.3035669326782227,1
3.6772756576538086,1
2.7213022708892822,1
2.894059896469116,1
2.6889560222625732,1
2.7854509353637695,1
3.433316230773926,1
2.9404969215393066,1
2.800541400909424,1
2.058638572692871,1
2.4222216606140137,1
2.1833128929138184,1
2.2253246307373047,1
2.2457308769226074,1
3.512988805770874,1
2.230379819869995,1
3.27276611328125,1
1.9580694437026978,1
2.9817821979522705,1
2.168997287750244,1
2.2422029972076416,1
2.3996529579162598,1
2.5525660514831543,1
2.653080463409424,1
2.3332905769348145,1
3.0088701248168945,1
2.4109392166137695,1
2.3897805213928223,1
2.1627845764160156,1
1.8031229972839355,1
2.358060836791992,1
2.009030818939209,1
2.596437931060791,1
2.742643356323242,1
2.850022792816162,1
2.4300217628479004,1
2.968966484069824,1
2.323162078857422,1
2.519604206085205,1
2.1637520790100098,1
2.646803855895996,1
3.1078433990478516,1
2.6196258068084717,1
2.3828747272491455,1
2.681999444961548,1
2.665440559387207,1
2.7603933811187744,1
2.244063377380371,1
2.0470237731933594,1
2.2253313064575195,1
2.6396994590759277,1
2.637059450149536,1
1.9401991367340088,1
1.8419511318206787,1
2.067962169647217,1
2.154240369796753,1
2.3275251388549805,1
2.4001359939575195,1
2.1757304668426514,1
2.3014395236968994,1
2.0694684982299805,1
2.5854458808898926,1
1.7775981426239014,1
2.694540023803711,1
2.7355575561523438,1
2.417851448059082,1
2.008517265319824,1
3.163827419281006,1
2.5834121704101563,1
1.9679826498031616,1
2.423855781555176,1
2.0943312644958496,1
2.097902297973633,1
2.1775052547454834,1
1.6491782665252686,1
2.0059289932250977,1
2.9688501358032227,1
1.8207004070281982,1
3.0567626953125,1
2.7929890155792236,1
2.617588996887207,1
2.064354419708252,1
2.186476707458496,1
2.6067426204681396,1
3.1760008335113525,1
3.0809483528137207,1
3.321122646331787,1
2.8232152462005615,1
2.3298864364624023,1
2.7731313705444336,1
2.5634870529174805,1
3.452249050140381,1
2.264270782470703,1
2.1989076137542725,1
2.2971413135528564,1
2.26033616065979,1
2.652092933654785,1
2.274960517883301,1
2.822810173034668,1
2.6338562965393066,1
2.490016460418701,1
1.8790435791015625,1
2.129406452178955,1
2.452829360961914,1
1.8872590065002441,1
2.24729061126709,1
1.6698758602142334,1
2.2443222999572754,1
2.158139944076538,1
2.218106746673584,1
2.251113176345825,1
2.5204524993896484,1
2.2337448596954346,1
2.337794303894043,1
2.3868114948272705,1
3.0228636264801025,1
2.4200432300567627,1
2.742302894592285,1
2.4296066761016846,1
2.472923755645752,1
2.5778844356536865,1
2.193641424179077,1
2.287304639816284,1
2.312627077102661,1
2.456225872039795,1
2.172996997833252,1
2.6105520725250244,1
1.9726495742797852,1
3.0525565147399902,1
2.6963748931884766,1
2.3675498962402344,1
2.2513697147369385,1
2.8293333053588867,1
2.4498379230499268,1
2.7826895713806152,1
2.303452968597412,1
2.7299060821533203,1
2.987410545349121,1
2.567927360534668,1
2.578930377960205,1
2.114501476287842,1
2.3001623153686523,1
2.2718067169189453,1
2.181460380554199,1
2.0367441177368164,1
2.15568208694458,1
2.77201771736145,1
3.1331796646118164,1
2.543921947479248,1
2.6565699577331543,1
2.5059118270874023,1
3.2141811847686768,1
2.688758611679077,1
2.0233778953552246,1
2.435131072998047,1
2.572422742843628,1
2.719650983810425,1
2.046452283859253,1
2.3687076568603516,1
2.3134894371032715,1
2.349153518676758,1
2.7972676753997803,1
2.2804102897644043,1
2.4803102016448975,1
2.0751442909240723,1
2.2533836364746094,1
2.248401641845703,1
2.324467897415161,1
2.220346450805664,1
2.025318145751953,1
2.3440535068511963,1
3.531614065170288,1
2.3914566040039063,1
1.9507791996002197,1
2.5740580558776855,1
2.5834527015686035,1
2.4499330520629883,1
2.9167845249176025,1
2.6372437477111816,1
2.8008899688720703,1
2.804025173187256,1
3.619738817214966,1
2.492717981338501,1
2.7069218158721924,1
2.65169620513916,1
3.091036796569824,1
2.144104480743408,1
1.7754151821136475,1
3.5529026985168457,1
2.7964813709259033,1
2.3006629943847656,1
2.024247646331787,1
2.8322763442993164,1
1.8316987752914429,1
2.5905227661132813,1
2.574587345123291,1
1.8923851251602173,1
2.239093065261841,1
2.851259231567383,1
2.8118181228637695,1
2.120901346206665,1
2.6869421005249023,1
2.136906147003174,1
2.5704212188720703,1
2.506204843521118,1
3.0743260383605957,1
2.8037197589874268,1
2.9465975761413574,1
2.3742430210113525,1
2.532106876373291,1
2.639704704284668,1
2.707162618637085,1
2.399895191192627,1
2.7959396839141846,1
2.046083450317383,1
2.6487369537353516,1
2.5693912506103516,1
2.0967302322387695,1
2.276095390319824,1
3.3313887119293213,1
2.1611437797546387,1
2.0868449211120605,1
3.0909109115600586,1
2.4872374534606934,1
2.3419318199157715,1
1.682377576828003,1
2.4324402809143066,1
2.2824177742004395,1
2.3868086338043213,1
1.6581470966339111,1
1.9341756105422974,1
2.826955556869507,1
3.228419780731201,1
1.8713587522506714,1
2.844534397125244,1
2.8445215225219727,1
2.398686170578003,1
2.777709484100342,1
2.2083516120910645,1
2.2579894065856934,1
1.9896564483642578,1
2.1453347206115723,1
2.3092334270477295,1
2.6093289852142334,1
2.433656930923462,1
3.4691519737243652,1
2.3716073036193848,1
2.382002353668213,1
2.9525558948516846,1
2.175057888031006,1
1.7524152994155884,1
2.2003378868103027,1
2.39870023727417,1
2.585145950317383,1
2.9646215438842773,1
2.384664297103882,1
2.960890769958496,1
2.893742084503174,1
2.534703254699707,1
2.9819483757019043,1
3.090787649154663,1
2.1166000366210938,1
2.147261619567871,1
3.17141056060791,1
3.2113237380981445,1
3.9751458168029785,1
2.4467873573303223,1
2.6460514068603516,1
2.5281505584716797,1
1.8751554489135742,1
2.454704523086548,1
2.6727142333984375,1
2.85308575630188,1
2.2793917655944824,1
2.0557925701141357,1
2.2236289978027344,1
2.877717971801758,1
2.7353293895721436,1
2.3801684379577637,1
2.1282238960266113,1
2.3874950408935547,1
2.571556806564331,1
2.1647825241088867,1
2.5970547199249268,1
2.3197898864746094,1
2.8477797508239746,1
2.6757702827453613,1
1.70402193069458,1
2.076526641845703,1
3.3597443103790283,1
2.453002452850342,1
1.9426695108413696,1
2.52966570854187,1
2.260946750640869,1
3.7783021926879883,1
3.9762392044067383,1
2.351243257522583,1
2.1615805625915527,1
2.16806697845459,1
3.5277628898620605,1
3.774944543838501,1
2.621236562728882,1
1.8971877098083496,1
1.6202442646026611,1
2.920389175415039,1
5.350234031677246,1
2.3726589679718018,1
2.6515536308288574,1
2.3265419006347656,1
2.3470845222473145,1
2.1219053268432617,1
2.209352493286133,1
2.232440948486328,1
2.6962249279022217,1
2.7901861667633057,1
2.0775885581970215,1
3.010915994644165,1
2.790344715118408,1
2.789576292037964,1
2.3969292640686035,1
2.428410291671753,1
2.3015990257263184,1
2.173248291015625,1
2.572788715362549,1
2.435450553894043,1
3.4268577098846436,1
2.369878053665161,1
2.101093053817749,1
2.1596856117248535,1
2.2314796447753906,1
2.4568676948547363,1
2.317669630050659,1
2.5038180351257324,1
2.2516651153564453,1
2.6350131034851074,1
2.5781869888305664,1
2.383659839630127,1
2.4159445762634277,1
2.4429264068603516,1
2.6478781700134277,1
2.548837661743164,1
2.464108467102051,1
2.03702449798584,1
1.935616135597229,1
2.179184913635254,1
2.2399325370788574,1
2.409250020980835,1
2.6504411697387695,1
2.301966428756714,1
2.0468249320983887,1
2.8056302070617676,1
2.233206272125244,1
3.0008435249328613,1
2.726454257965088,1
2.767026424407959,1
2.6375272274017334,1
3.1903462409973145,1
2.1136531829833984,1
2.5799829959869385,1
2.5025253295898438,1
2.7439634799957275,1
2.287296772003174,1
2.2772088050842285,1
2.059718608856201,1
2.2943592071533203,1
2.344682216644287,1
2.097473621368408,1
1.8686182498931885,1
2.4827427864074707,1
2.1261229515075684,1
2.469205856323242,1
2.155797243118286,1
2.5446720123291016,1
2.76896333694458,1
3.0949087142944336,1
2.086249589920044,1
2.8526391983032227,1
2.013131618499756,1
2.5834367275238037,1
2.134413480758667,1
2.610318183898926,1
1.9183812141418457,1
2.790865659713745,1
2.2254960536956787,1
2.3822968006134033,1
2.1399261951446533,1
1.73198664188385,1
2.4914164543151855,1
2.2105343341827393,1
2.4699132442474365,1
2.7434825897216797,1
2.0083632469177246,1
2.4487786293029785,1
2.0971007347106934,1
2.5575971603393555,1
2.9579691886901855,1
2.846428871154785,1
2.3592004776000977,1
3.1677072048187256,1
2.7749428749084473,1
1.7319860458374023,1
2.1943650245666504,1
1.8825788497924805,1
2.352710485458374,1
2.6754393577575684,1
2.3742895126342773,1
1.8278504610061646,1
2.1959218978881836,1
2.383418083190918,1
2.45365309715271,1
2.599907398223877,1
2.598395347595215,1
1.83353590965271,1
1.7875640392303467,1
2.060563325881958,1
2.451704502105713,1
2.481827974319458,1
2.276703357696533,1
2.35908842086792,1
2.3784594535827637,1
2.774959087371826,1
2.1859230995178223,1
2.612255096435547,1
1.8339532613754272,1
2.3552017211914063,1
2.729762554168701,1
3.423830270767212,1
1.7194931507110596,1
2.175760269165039,1
2.6003260612487793,1
2.3243823051452637,1
2.668415069580078,1
1.6335216760635376,1
2.8895132541656494,1
4.04695987701416,1
2.601778984069824,1
2.1430888175964355,1
1.7874228954315186,1
4.237933158874512,1
3.241969108581543,1
3.1833438873291016,1
2.691260814666748,1
2.3037467002868652,1
3.01285982131958,1
4.463082790374756,1
3.3833212852478027,1
3.3452887535095215,1
2.9353840351104736,1
2.952362060546875,1
2.9037528038024902,1
3.8266420364379883,1
3.850264072418213,1
2.8042914867401123,1
2.23403263092041,1
2.877951145172119,1
2.5008325576782227,1
2.764261484146118,1
2.735982894897461,1
2.8144307136535645,1
2.5377986431121826,1
2.5731658935546875,1
2.747403860092163,1
2.832733154296875,1
3.09552264213562,1
2.8396518230438232,1
2.6826138496398926,1
2.568108081817627,1
3.5526537895202637,1
2.676510810852051,1
2.910594940185547,1
2.9424450397491455,1
3.0261166095733643,1
3.281231164932251,1
3.1177821159362793,1
2.1962506771087646,1
2.8445358276367188,1
3.177361488342285,1
2.4711976051330566,1
2.506220817565918,1
2.7022171020507813,1
2.374667167663574,1
2.7702529430389404,1
2.401872158050537,1
2.665405511856079,1
2.369441032409668,1
3.29358172416687,1
2.5079288482666016,1
2.538867950439453,1
2.834434986114502,1
2.0974550247192383,1
2.2607760429382324,1
2.3207130432128906,1
2.8264169692993164,1
2.5954151153564453,1
1.9690842628479004,1
2.7456202507019043,1
3.678226947784424,1
2.092696189880371,1
2.3805646896362305,1
2.98897647857666,1
3.497741222381592,1
2.799034833908081,1
2.7298479080200195,1
3.0959365367889404,1
2.416440963745117,1
2.4053807258605957,1
2.6981444358825684,1
3.1317458152770996,1
2.6091413497924805,1
3.052743911743164,1
2.2796554565429688,1
2.4533214569091797,1
2.7979934215545654,1
2.8000223636627197,1
2.6571531295776367,1
3.418125867843628,1
2.5306451320648193,1
2.5524935722351074,1
2.5986478328704834,1
2.738271474838257,1
3.0455641746520996,1
2.1178765296936035,1
3.152442693710327,1
2.391406536102295,1
2.515345811843872,1
2.0554919242858887,1
2.5200324058532715,1
3.1431233882904053,1
2.442150592803955,1
2.27374005317688,1
2.6360554695129395,1
2.7889187335968018,1
2.2875049114227295,1
2.7738869190216064,1
2.5926260948181152,1
2.0372660160064697,1
2.4324934482574463,1
2.512235164642334,1
2.8517606258392334,1
3.1785888671875,1
2.955679178237915,1
2.417595624923706,1
2.075556516647339,1
2.0132999420166016,1
2.981729030609131,1
2.783933162689209,1
2.729645013809204,1
2.5771379470825195,1
2.3893094062805176,1
2.6879587173461914,1
2.5758862495422363,1
2.9253830909729004,1
2.295762300491333,1
2.6248836517333984,1
2.7804946899414063,1
2.1229515075683594,1
2.503220796585083,1
2.928790807723999,1
2.5265567302703857,1
1.836792230606079,1
2.5195376873016357,1
2.7909607887268066,1
2.5094988346099854,1
2.150041103363037,1
2.7345192432403564,1
2.9436230659484863,1
2.856253147125244,1
2.8201775550842285,1
2.106397867202759,1
2.4392638206481934,1
2.1658735275268555,1
2.978391408920288,1
2.204939126968384,1
2.313760757446289,1
2.1972687244415283,1
2.769181728363037,1
2.7149605751037598,1
2.905794620513916,1
2.3260765075683594,1
2.267535924911499,1
2.5626368522644043,1
3.2677478790283203,1
2.8897621631622314,1
2.6839585304260254,1
1.9662472009658813,1
1.7303941249847412,1
2.6181375980377197,1
2.778841257095337,1
2.2553744316101074,1
3.4235033988952637,1
2.3266711235046387,1
2.9875898361206055,1
2.344120502471924,1
2.1357734203338623,1
2.23721981048584,1
2.5224199295043945,1
2.2987914085388184,1
2.589444637298584,1
2.3597726821899414,1
2.414689779281616,1
2.5740761756896973,1
2.437312126159668,1
2.335916519165039,1
2.9119186401367188,1
3.1052045822143555,1
2.8445425033569336,1
2.670480966567993,1
2.514739751815796,1
2.6087687015533447,1
2.6663320064544678,1
2.8047919273376465,1
2.0095560550689697,1
2.010592460632324,1
2.357936382293701,1
2.5455195903778076,1
2.8744559288024902,1
2.7603657245635986,1
2.418905735015869,1
2.281291961669922,1
2.1194357872009277,1
1.8888137340545654,1
2.547889471054077,1
2.665853261947632,1
2.3238961696624756,1
2.2807881832122803,1
2.339000940322876,1
2.6711466312408447,1
3.2907347679138184,1
2.451694965362549,1
2.210110664367676,1
2.859910488128662,1
2.0849270820617676,1
1.795082449913025,1
2.627363681793213,1
2.4222593307495117,1
2.273077964782715,1
2.273414134979248,1
1.97137451171875,1
2.5878312587738037,1
2.4119808673858643,1
2.550875186920166,1
2.523648500442505,1
2.5889222621917725,1
2.8965678215026855,1
2.78287410736084,1
2.6126325130462646,1
3.3666763305664063,1
2.124709367752075,1
2.674454927444458,1
2.474432945251465,1
2.132849931716919,1
2.8595292568206787,1
3.05074405670166,1
2.4092533588409424,1
2.2564501762390137,1
2.1648778915405273,1
2.978869915008545,1
3.482961654663086,1
2.507776975631714,1
2.0764408111572266,1
2.3561723232269287,1
2.974571943283081,1
2.7537717819213867,1
2.1887805461883545,1
2.1063783168792725,1
2.4236974716186523,1
2.163424015045166,1
2.6072773933410645,1
2.3670387268066406,1
2.3040287494659424,1
2.495573043823242,1
2.217973232269287,1
2.4436190128326416,1
2.2061798572540283,1
1.891045331954956,1
2.7535831928253174,1
2.5286571979522705,1
1.7610571384429932,1
2.818295478820801,1
2.252419948577881,1
3.0034983158111572,1
1.691781997680664,1
2.5703248977661133,1
2.558838367462158,1
1.8214726448059082,1
2.1017236709594727,1
2.268799304962158,1
2.607937812805176,1
2.6825954914093018,1
3.0113139152526855,1
1.8949594497680664,1
2.5188703536987305,1
2.3857264518737793,1
2.142277479171753,1
3.235116481781006,1
2.34757137298584,1
2.335357189178467,1
2.1671183109283447,1
2.480846405029297,1
2.2829360961914063,1
2.951263904571533,1
3.0700230598449707,1
2.5887961387634277,1
1.998908281326294,1
2.44675874710083,1
3.394505739212036,1
2.198577642440796,1
2.1253981590270996,1
2.239079713821411,1
2.306209087371826,1
2.4577345848083496,1
2.5259766578674316,1
2.1895768642425537,1
2.3798317909240723,1
1.9668619632720947,1
2.68422532081604,1
2.7272143363952637,1
2.540850877761841,1
3.9311156272888184,1
2.858065605163574,1
2.329495429992676,1
2.070589303970337,1
2.811224937438965,1
2.0157687664031982,1
2.44095516204834,1
2.459125518798828,1
2.090569496154785,1
2.501929759979248,1
2.487248182296753,1
2.51027512550354,1
2.3289384841918945,1
2.5746288299560547,1
2.598451614379883,1
2.1759567260742188,1
2.6587486267089844,1
2.227632999420166,1
2.0590226650238037,1
2.2104692459106445,1
2.9085211753845215,1
2.872962474822998,1
2.4606714248657227,1
2.913339138031006,1
2.301483392715454,1
2.1669039726257324,1
2.4172089099884033,1
2.348207712173462,1
2.1596250534057617,1
2.412024974822998,1
2.1741766929626465,1
2.0800437927246094,1
2.9865992069244385,1
2.9404096603393555,1
2.4139857292175293,1
2.5029408931732178,1
2.3762097358703613,1
2.1177093982696533,1
1.950634241104126,1
2.1266257762908936,1
1.978283166885376,1
1.954512119293213,1
2.2569174766540527,1
2.4991016387939453,1
2.4398417472839355,1
2.404390335083008,1
2.1615610122680664,1
2.2778100967407227,1
2.500678062438965,1
2.4715561866760254,1
2.26981258392334,1
2.2035295963287354,1
2.8181653022766113,1
2.9640603065490723,1
2.0367844104766846,1
2.1784229278564453,1
2.2330689430236816,1
4.190856456756592,1
3.3649585247039795,1
2.5535991191864014,1
2.1436216831207275,1
2.888779640197754,1
2.8940181732177734,1
3.098517417907715,1
3.0801403522491455,1
2.054511070251465,1
2.387364387512207,1
1.9881887435913086,1
2.0804152488708496,1
2.3608486652374268,1
2.72841477394104,1
2.087252140045166,1
2.7492520809173584,1
2.3532981872558594,1
2.44347882270813,1
2.27431321144104,1
2.688418388366699,1
2.4288339614868164,1
2.5499377250671387,1
2.4234607219696045,1
2.763481616973877,1
2.8315465450286865,1
2.325443744659424,1
2.7731518745422363,1
2.262589931488037,1
2.4532904624938965,1
1.8768894672393799,1
2.8865764141082764,1
2.854816436767578,1
3.1162538528442383,1
2.1342906951904297,1
2.783108711242676,1
3.261763334274292,1
2.8947694301605225,1
3.3748998641967773,1
2.1233372688293457,1
2.3494067192077637,1
1.8527586460113525,1
2.567323684692383,1
2.9374499320983887,1
2.752567768096924,1
2.03755521774292,1
2.22416090965271,1
2.326354742050171,1
3.006282329559326,1
2.6633899211883545,1
2.3440074920654297,1
2.389871120452881,1
3.9808335304260254,1
2.6551058292388916,1
2.5360262393951416,1
2.3675999641418457,1
1.9029582738876343,1
3.0281970500946045,1
2.6833367347717285,1
2.644334554672241,1
2.7902612686157227,1
2.419121265411377,1
2.593919277191162,1
2.7144932746887207,1
2.361818313598633,1
2.5359058380126953,1
2.509528636932373,1
2.66972279548645,1
2.5356979370117188,1
2.5743422508239746,1
2.294893503189087,1
2.747025489807129,1
2.0473761558532715,1
2.2701921463012695,1
2.432711601257324,1
2.836606025695801,1
3.0536537170410156,1
2.6425814628601074,1
2.5693018436431885,1
2.676546096801758,1
3.0284194946289063,1
2.762516975402832,1
2.5174379348754883,1
1.8966948986053467,1
2.5673599243164063,1
2.6784985065460205,1
3.2055916786193848,1
2.7041168212890625,1
2.258249282836914,1
1.9841078519821167,1
2.1477203369140625,1
2.2212960720062256,1
2.221158504486084,1
2.3973488807678223,1
2.696479558944702,1
2.3314223289489746,1
2.1532952785491943,1
2.7137327194213867,1
2.558621644973755,1
2.1198179721832275,1
2.3371405601501465,1
2.4072060585021973,1
2.408695697784424,1
1.7932029962539673,1
1.8780686855316162,1
2.2514195442199707,1
3.031343460083008,1
2.424642562866211,1
2.140644073486328,1
2.206141471862793,1
3.0504238605499268,1
2.399935007095337,1
2.1575698852539063,1
1.8949507474899292,1
1.8180958032608032,1
2.1777076721191406,1
2.4261832237243652,1
2.7715630531311035,1
2.502164840698242,1
2.92000150680542,1
2.4720823764801025,1
2.1259145736694336,1
2.2340378761291504,1
2.0380234718322754,1
2.0314879417419434,1
2.0286858081817627,1
2.29791259765625,1
2.003235101699829,1
1.9093283414840698,1
2.162320613861084,1
2.091364622116089,1
2.7319209575653076,1
2.5114939212799072,1
2.989346742630005,1
2.300166368484497,1
2.6484992504119873,1
1.8213047981262207,1
2.0968523025512695,1
2.715407371520996,1
1.812650442123413,1
1.7549774646759033,1
3.3427224159240723,1
1.7799110412597656,1
2.191727638244629,1
3.148400068283081,1
2.282332420349121,1
2.428685426712036,1
2.010394811630249,1
2.79484224319458,1
2.2072136402130127,1
2.312472343444824,1
2.573875904083252,1
2.7145447731018066,1
1.8968286514282227,1
2.077867031097412,1
2.3827714920043945,1
2.290210008621216,1
2.2106339931488037,1
2.4629456996917725,1
2.154442310333252,1
2.114788055419922,1
2.2545461654663086,1
1.8816488981246948,1
2.5928494930267334,1
2.201234817504883,1
3.5880355834960938,1
2.654905319213867,1
2.4391064643859863,1
2.720404624938965,1
2.1918303966522217,1
1.8986660242080688,1
3.2974438667297363,1
2.2389068603515625,1
2.095633029937744,1
2.137791633605957,1
2.3325328826904297,1
2.8266184329986572,1
2.2047603130340576,1
2.2102763652801514,1
2.4704174995422363,1
1.9850107431411743,1
2.612692356109619,1
2.222653865814209,1
2.990825653076172,1
2.4930615425109863,1
3.069054126739502,1
3.0021603107452393,1
2.485671043395996,1
4.157937526702881,1
2.5637242794036865,1
2.7173426151275635,1
2.1173038482666016,1
2.589755058288574,1
2.555539608001709,1
3.065540313720703,1
1.7301825284957886,1
2.7684810161590576,1
2.276610851287842,1
2.315302848815918,1
2.197145700454712,1
2.4562666416168213,1
2.187164306640625,1
2.40199875831604,1
2.1316990852355957,1
2.1972875595092773,1
2.3298840522766113,1
2.3721373081207275,1
2.3877716064453125,1
2.2613580226898193,1
2.137077569961548,1
2.167433738708496,1
1.9428561925888062,1
2.1245665550231934,1
2.3725125789642334,1
1.6819124221801758,1
1.8414478302001953,1
2.6427507400512695,1
2.559511661529541,1
2.613429069519043,1
2.1830356121063232,1
2.4224112033843994,1
2.50943660736084,1
2.8426766395568848,1
2.567809820175171,1
2.340804100036621,1
2.537828207015991,1
2.465200424194336,1
1.8344768285751343,1
2.436952590942383,1
2.47891902923584,1
2.380643129348755,1
2.6034629344940186,1
2.405777931213379,1
2.1077964305877686,1
2.366274833679199,1
1.9245595932006836,1
2.5585858821868896,1
2.2083611488342285,1
2.516652822494507,1
2.2266881465911865,1
2.604280948638916,1
2.946134328842163,1
2.815674066543579,1
2.156299591064453,1
2.317755699157715,1
2.3491644859313965,1
2.328075885772705,1
2.52932071685791,1
2.465273857116699,1
3.206766366958618,1
2.1869215965270996,1
2.8060927391052246,1
2.981599807739258,1
2.60036301612854,1
2.214952230453491,1
2.658106803894043,1
2.709883213043213,1
3.2191154956817627,1
2.3128814697265625,1
2.663858413696289,1
2.3279101848602295,1
2.310638427734375,1
2.4189212322235107,1
1.6147584915161133,1
2.420299530029297,1
1.915619134902954,1
1.8337510824203491,1
2.521923065185547,1
2.0580992698669434,1
2.2635679244995117,1
2.188375949859619,1
2.075796127319336,1
2.415487766265869,1
2.543055772781372,1
1.9309887886047363,1
2.8259711265563965,1
2.904170036315918,1
2.7506937980651855,1
2.708272933959961,1
2.4841723442077637,1
2.304436683654785,1
2.4213547706604004,1
2.6884875297546387,1
1.9100096225738525,1
2.5818004608154297,1
2.466822624206543,1
2.9501750469207764,1
3.855333089828491,1
2.554382801055908,1
2.509448289871216,1
2.594268798828125,1
2.9392805099487305,1
2.1075239181518555,1
2.8033742904663086,1
2.270702362060547,1
2.8083043098449707,1
2.5538218021392822,1
3.171213150024414,1
2.5753979682922363,1
2.5812039375305176,1
2.6256189346313477,1
2.4483461380004883,1
3.0311198234558105,1
2.3291778564453125,1
3.83059024810791,1
2.1952459812164307,1
2.3524136543273926,1
2.058422565460205,1
2.4406051635742188,1
2.374772071838379,1
2.3949568271636963,1
2.5842761993408203,1
2.772902250289917,1
2.8926331996917725,1
2.3474385738372803,1
3.4276328086853027,1
2.713355541229248,1
2.276909828186035,1
2.5413060188293457,1
2.579961061477661,1
2.057952404022217,1
3.4684062004089355,1
2.7906548976898193,1
2.0870797634124756,1
3.5545566082000732,1
3.0942020416259766,1
2.911803722381592,1
3.982419013977051,1
3.2851805686950684,1
2.7987940311431885,1
2.1622462272644043,1
2.4667611122131348,1
2.3736684322357178,1
2.0431783199310303,1
2.8525633811950684,1
2.570856809616089,1
2.4210262298583984,1
2.462369918823242,1
1.9204356670379639,1
2.1213266849517822,1
2.3685145378112793,1
2.5054526329040527,1
2.0444295406341553,1
2.388197422027588,1
1.776977300643921,1
2.8581840991973877,1
2.4254541397094727,1
2.470810651779175,1
2.5136196613311768,1
2.339099407196045,1
2.102114200592041,1
3.1655101776123047,1
2.5784103870391846,1
2.7046356201171875,1
2.6083083152770996,1
2.4308228492736816,1
2.2024497985839844,1
1.9581278562545776,1
2.0720832347869873,1
1.7973425388336182,1
2.7472708225250244,1
2.708386182785034,1
2.4836864471435547,1
2.992114782333374,1
2.658142328262329,1
2.0626556873321533,1
3.427497386932373,1
2.339536666870117,1
2.284945011138916,1
2.2704203128814697,1
2.535037040710449,1
1.7048457860946655,1
2.362590789794922,1
2.6193108558654785,1
2.286993980407715,1
2.3585386276245117,1
2.243922233581543,1
2.135432720184326,1
2.33109712600708,1
2.5573477745056152,1
2.9981813430786133,1
2.8032097816467285,1
2.3910064697265625,1
2.4615273475646973,1
2.0444202423095703,1
2.7450432777404785,1
2.743086099624634,1
1.9146790504455566,1
2.397752046585083,1
2.243835687637329,1
2.6617636680603027,1
2.360560417175293,1
1.917263150215149,1
2.288555145263672,1
2.099724531173706,1
2.3031840324401855,1
2.417989730834961,1
2.4674859046936035,1
2.752901077270508,1
2.557644844055176,1
2.2748570442199707,1
1.909363865852356,1
2.2528159618377686,1
1.754526138305664,1
2.3631389141082764,1
3.109476327896118,1
2.117614269256592,1
2.197843551635742,1
1.9267635345458984,1
2.645326614379883,1
2.2898850440979004,1
2.343067169189453,1
1.8564038276672363,1
2.019007682800293,1
2.2907867431640625,1
1.9761724472045898,1
2.4609389305114746,1
2.4174060821533203,1
3.2191739082336426,1
3.202087163925171,1
3.1077685356140137,1
2.352151393890381,1
1.9545199871063232,1
2.070734977722168,1
2.4048638343811035,1
1.533745527267456,1
2.4905762672424316,1
2.5418753623962402,1
2.4177584648132324,1
2.5830636024475098,1
2.1767349243164063,1
2.5151238441467285,1
2.809596538543701,1
1.6943371295928955,1
3.1892099380493164,1
1.9323097467422485,1
2.5488224029541016,1
2.0844502449035645,1
2.3271803855895996,1
2.3367056846618652,1
2.3653054237365723,1
2.081364154815674,1
2.8745598793029785,1
2.6200594902038574,1
2.8421788215637207,1
1.5694527626037598,1
2.74131441116333,1
2.532580852508545,1
2.173783779144287,1
2.518827438354492,1
2.0974483489990234,1
2.405580520629883,1
1.9248046875,1
2.844510316848755,1
2.7461178302764893,1
2.1186256408691406,1
2.279369592666626,1
2.288376808166504,1
2.102832317352295,1
2.4190220832824707,1
2.900416851043701,1
2.540221691131592,1
2.1607375144958496,1
2.4060707092285156,1
2.2824935913085938,1
3.2568349838256836,1
2.529412269592285,1
3.124711513519287,1
1.8815131187438965,1
2.4971160888671875,1
2.6429691314697266,1
2.815446376800537,1
2.646535873413086,1
2.3790645599365234,1
1.9162946939468384,1
2.66489577293396,1
2.2221503257751465,1
2.7823562622070313,1
2.1916022300720215,1
2.3345484733581543,1
2.7556943893432617,1
2.289332866668701,1
2.7995429039001465,1
2.275148868560791,1
2.359668254852295,1
2.5013506412506104,1
2.29142427444458,1
3.1663036346435547,1
2.3950772285461426,1
2.297769546508789,1
2.565307855606079,1
2.229999542236328,1
2.462700843811035,1
2.6018099784851074,1
2.561253070831299,1
2.6418001651763916,1
2.386148452758789,1
2.8937411308288574,1
2.739143133163452,1
2.1986405849456787,1
2.9680912494659424,1
1.8484681844711304,1
2.2766242027282715,1
2.4091005325317383,1
2.4301042556762695,1
2.3819351196289063,1
2.303596019744873,1
2.628227949142456,1
2.901088237762451,1
1.380936622619629,1
1.8848614692687988,1
2.424283027648926,1
1.6692781448364258,1
2.2978827953338623,1
2.746480941772461,1
2.5755701065063477,1
2.838331937789917,1
3.2276771068573,1
2.143517255783081,1
2.85060453414917,1
2.162961006164551,1
2.1171698570251465,1
1.9705212116241455,1
3.367593288421631,1
2.6613821983337402,1
1.8559727668762207,1
2.3779027462005615,1
2.2325706481933594,1
2.5865659713745117,1
2.505617141723633,1
2.269348621368408,1
1.992793083190918,1
2.201633930206299,1
2.4099626541137695,1
3.2507143020629883,1
2.446506977081299,1
2.219423532485962,1
2.5664026737213135,1
2.356205463409424,1
3.212531089782715,1
2.3292269706726074,1
2.7041478157043457,1
2.129362106323242,1
2.298335552215576,1
2.4842369556427,1
2.105639934539795,1
2.4502129554748535,1
2.4034790992736816,1
2.6465423107147217,1
2.122668504714966,1
2.242086172103882,1
2.0087389945983887,1
2.7223682403564453,1
2.202376365661621,1
2.413036346435547,1
1.5349600315093994,1
2.2224714756011963,1
2.0918221473693848,1
2.6611666679382324,1
2.243041753768921,1
2.8908019065856934,1
2.111281633377075,1
2.3324217796325684,1
2.6047821044921875,1
2.4767374992370605,1
2.252908229827881,1
1.9913825988769531,1
2.7353744506835938,1
2.1070609092712402,1
1.973143458366394,1
2.840219259262085,1
2.522249698638916,1
2.7196102142333984,1
2.1809918880462646,1
2.791487693786621,1
2.6539626121520996,1
2.4818358421325684,1
2.974581241607666,1
1.6808059215545654,1
1.9720664024353027,1
1.9846404790878296,1
2.4701857566833496,1
1.8966383934020996,1
2.5869221687316895,1
2.2537384033203125,1
2.1457736492156982,1
2.307307243347168,1
2.956636905670166,1
2.2672269344329834,1
2.1969494819641113,1
2.513521432876587,1
2.3916168212890625,1
2.32511043548584,1
2.4531960487365723,1
2.5742011070251465,1
2.411456823348999,1
2.4537131786346436,1
1.905859112739563,1
2.040303945541382,1
1.8652267456054688,1
2.5969772338867188,1
2.7421674728393555,1
2.706346035003662,1
2.897507905960083,1
2.4406332969665527,1
2.34834885597229,1
2.373785972595215,1
2.339611530303955,1
1.8754644393920898,1
2.2109827995300293,1
2.170060873031616,1
2.2155232429504395,1
1.865875244140625,1
2.2823486328125,1
2.0046072006225586,1
3.0684165954589844,1
2.909968376159668,1
2.4990592002868652,1
3.2875783443450928,1
2.3301596641540527,1
2.1848416328430176,1
1.6112616062164307,1
2.2979013919830322,1
2.0804524421691895,1
2.6737618446350098,1
1.814679503440857,1
2.5278549194335938,1
1.9211616516113281,1
2.742439031600952,1
2.791072130203247,1
2.6822125911712646,1
2.719292163848877,1
2.433089256286621,1
2.197805404663086,1
2.6730599403381348,1
2.313898801803589,1
2.731743335723877,1
3.171839952468872,1
2.3332746028900146,1
1.8848090171813965,1
2.404142379760742,1
2.7670981884002686,1
2.346783399581909,1
2.383549690246582,1
2.2570223808288574,1
2.318183183670044,1
1.9509389400482178,1
2.117318868637085,1
1.7450817823410034,1
2.650075912475586,1
1.962066888809204,1
1.728698492050171,1
2.0540690422058105,1
2.4956135749816895,1
2.3003854751586914,1
2.7098371982574463,1
2.375218152999878,1
2.3438282012939453,1
2.894580364227295,1
2.328890800476074,1
1.8884881734848022,1
2.5611934661865234,1
2.6086833477020264,1
2.643850803375244,1
2.4165759086608887,1
1.720529556274414,1
2.4238064289093018,1
2.3462204933166504,1
2.764270305633545,1
2.6926469802856445,1
2.1122875213623047,1
2.816579818725586,1
2.047877311706543,1
2.5290253162384033,1
2.2016804218292236,1
2.05972957611084,1
2.815399646759033,1
2.260565757751465,1
2.892575740814209,1
2.246553659439087,1
2.391608715057373,1
2.2295963764190674,1
2.594149589538574,1
2.4871201515197754,1
2.2102441787719727,1
2.1508400440216064,1
2.3516035079956055,1
2.759047508239746,1
2.3294901847839355,1
1.678851842880249,1
2.2180397510528564,1
2.5162620544433594,1
2.160130023956299,1
2.789989948272705,1
2.2705934047698975,1
3.1717264652252197,1
2.90091609954834,1
2.80470609664917,1
2.3046629428863525,1
2.4957051277160645,1
2.9589781761169434,1
2.7992923259735107,1
2.4279732704162598,1
2.607004165649414,1
2.2865748405456543,1
2.9145727157592773,1
2.416902780532837,1
2.568270206451416,1
2.5689029693603516,1
3.3674230575561523,1
2.387995719909668,1
2.548952579498291,1
2.100160598754883,1
2.662299156188965,1
2.9292025566101074,1
2.5620968341827393,1
2.5789153575897217,1
2.144613742828369,1
2.496952533721924,1
1.844496488571167,1
2.6193270683288574,1
2.6205902099609375,1
2.5417799949645996,1
2.425352096557617,1
2.2296228408813477,1
3.1804161071777344,1
3.4267618656158447,1
2.204021453857422,1
2.391889810562134,1
2.429457664489746,1
2.296078681945801,1
2.6841068267822266,1
4.471697807312012,1
3.976778507232666,1
2.419283866882324,1
2.464984893798828,1
2.264873504638672,1
2.2334611415863037,1
2.8760199546813965,1
2.0705127716064453,1
2.089188575744629,1
2.2881217002868652,1
3.371577501296997,1
2.4638519287109375,1
2.020789623260498,1
2.8265185356140137,1
2.493105411529541,1
2.294917106628418,1
3.5112781524658203,1
2.2608461380004883,1
2.2157812118530273,1
1.9108517169952393,1
2.503459930419922,1
2.6907272338867188,1
2.852283000946045,1
2.835951089859009,1
2.659454107284546,1
2.594294309616089,1
2.1166141033172607,1
2.6732351779937744,1
2.3004610538482666,1
2.536571979522705,1
2.8616139888763428,1
2.5119810104370117,1
2.586007833480835,1
2.878692150115967,1
2.6456985473632813,1
2.214595317840576,1
2.8983922004699707,1
2.848541498184204,1
3.032038688659668,1
2.6994194984436035,1
3.376208782196045,1
2.72637677192688,1
2.2896018028259277,1
2.0291452407836914,1
2.5204954147338867,1
2.3184523582458496,1
2.3604342937469482,1
2.4015519618988037,1
3.1558334827423096,1
2.0299906730651855,1
2.2613697052001953,1
2.662140369415283,1
2.1604151725769043,1
2.616041898727417,1
2.6919593811035156,1
2.6055476665496826,1
2.464585781097412,1
2.501140832901001,1
2.1418166160583496,1
2.3486342430114746,1
2.3283629417419434,1
2.4439449310302734,1
2.498492956161499,1
2.2876505851745605,1
2.8347885608673096,1
2.1500678062438965,1
2.2164461612701416,1
2.832235336303711,1
2.624004364013672,1
3.05041241645813,1
2.5006470680236816,1
3.431675434112549,1
2.7364678382873535,1
2.6395509243011475,1
2.8984501361846924,1
2.4091148376464844,1
2.3802733421325684,1
2.351046562194824,1
2.531465530395508,1
2.6168324947357178,1
2.623872756958008,1
2.3756768703460693,1
3.0398168563842773,1
2.117915391921997,1
2.6038527488708496,1
2.605189323425293,1
2.179442882537842,1
2.192640542984009,1
2.1427948474884033,1
2.091296672821045,1
2.577563762664795,1
2.1732449531555176,1
2.146183729171753,1
2.468400001525879,1
2.6069581508636475,1
2.435485601425171,1
2.4062623977661133,1
2.294689655303955,1
2.58197021484375,1
2.5759968757629395,1
2.353692054748535,1
2.672342538833618,1
2.2922751903533936,1
2.4720914363861084,1
2.123673915863037,1
2.3361082077026367,1
2.5092549324035645,1
2.894315719604492,1
2.3322837352752686,1
2.897488832473755,1
1.8752175569534302,1
3.54604434967041,1
2.0084264278411865,1
2.6394057273864746,1
2.0951461791992188,1
2.865631103515625,1
2.7457892894744873,1
2.044431447982788,1
3.419023036956787,1
2.303405284881592,1
2.3263535499572754,1
2.5584700107574463,1
2.7083635330200195,1
3.5298171043395996,1
2.592599868774414,1
2.821139335632324,1
2.2194552421569824,1
2.0810513496398926,1
2.799222707748413,1
2.6624183654785156,1
2.3911633491516113,1
1.9826390743255615,1
2.707676887512207,1
2.318646192550659,1
2.9851551055908203,1
2.7617745399475098,1
2.4473142623901367,1
2.3781487941741943,1
2.0980489253997803,1
2.7225842475891113,1
2.27455472946167,1
2.8282251358032227,1
2.315281629562378,1
2.6160426139831543,1
2.7696385383605957,1
3.1836466789245605,1
2.339298725128174,1
2.015754461288452,1
2.0059397220611572,1
2.130749225616455,1
2.729747772216797,1
2.7934648990631104,1
2.198637008666992,1
2.351168632507324,1
2.2477598190307617,1
2.6662514209747314,1
2.4524145126342773,1
2.783930540084839,1
2.068089008331299,1
2.040419101715088,1
2.378746747970581,1
2.6513924598693848,1
2.0412437915802,1
1.7523112297058105,1
2.3167660236358643,1
2.7760376930236816,1
2.9006612300872803,1
2.259326934814453,1
1.7809796333312988,1
2.290597438812256,1
2.4988009929656982,1
2.7192065715789795,1
2.5171170234680176,1
2.285038948059082,1
2.591681957244873,1
2.3866565227508545,1
2.335587501525879,1
3.211602210998535,1
2.986027240753174,1
2.4172987937927246,1
2.941847324371338,1
2.9285385608673096,1
2.8003811836242676,1
2.467719554901123,1
2.6478426456451416,1
1.855238437652588,1
2.5236434936523438,1
2.276301622390747,1
3.344942092895508,1
3.2721455097198486,1
2.8798303604125977,1
2.345121383666992,1
2.402764081954956,1
3.1501855850219727,1
2.320836305618286,1
2.8967530727386475,1
2.4748103618621826,1
2.855656623840332,1
2.1475830078125,1
2.349621534347534,1
3.3703665733337402,1
1.9957002401351929,1
2.059954881668091,1
2.5037059783935547,1
2.1502833366394043,1
3.0527219772338867,1
2.651832103729248,1
2.2389469146728516,1
2.7766318321228027,1
1.9415152072906494,1
2.6692705154418945,1
2.3870973587036133,1
2.8715667724609375,1
2.5450730323791504,1
3.087049961090088,1
2.0454185009002686,1
3.315173625946045,1
2.542789936065674,1
2.555314779281616,1
2.913193464279175,1
2.1710586547851563,1
2.311969041824341,1
2.071733236312866,1
2.91569185256958,1
2.5092544555664063,1
2.6708908081054688,1
2.5227112770080566,1
2.6654839515686035,1
2.8716812133789063,1
2.3538382053375244,1
2.3983449935913086,1
1.9301948547363281,1
2.4261295795440674,1
2.8583621978759766,1
2.348620891571045,1
2.719137668609619,1
2.8175578117370605,1
3.0579676628112793,1
2.261552572250366,1
2.7620131969451904,1
2.860429286956787,1
2.512979030609131,1
2.549445152282715,1
2.518538236618042,1
3.2537057399749756,1
3.581476926803589,1
3.126378297805786,1
2.614924907684326,1
3.2371091842651367,1
2.6963131427764893,1
2.8060741424560547,1
1.9306647777557373,1
2.135951519012451,1
2.3093113899230957,1
2.2148096561431885,1
2.138549566268921,1
1.84579336643219,1
2.4662463665008545,1
2.685657024383545,1
2.765838384628296,1
2.283257007598877,1
2.6867318153381348,1
1.92692232131958,1
2.549471616744995,1
2.2625162601470947,1
3.009709358215332,1
2.6987762451171875,1
2.956054449081421,1
2.7586965560913086,1
2.501863479614258,1
3.2297301292419434,1
2.0035901069641113,1
2.179222583770752,1
2.9766812324523926,1
2.2752294540405273,1
2.4751248359680176,1
2.0616211891174316,1
2.4407904148101807,1
2.5198047161102295,1
2.6022236347198486,1
2.325972318649292,1
2.4038145542144775,1
3.167405605316162,1
2.344180107116699,1
2.448997974395752,1
2.370755910873413,1
2.720158576965332,1
2.617115020751953,1
2.2803781032562256,1
2.9671926498413086,1
2.590383529663086,1
2.101304054260254,1
2.1863789558410645,1
2.294745445251465,1
2.4341650009155273,1
2.621006965637207,1
2.5244553089141846,1
3.063229560852051,1
2.442216634750366,1
2.6895785331726074,1
3.34365177154541,1
2.671198844909668,1
1.6514818668365479,1
2.500274419784546,1
3.5571067333221436,1
3.519562244415283,1
3.113880157470703,1
3.047039747238159,1
2.917243003845215,1
2.3018314838409424,1
3.1249771118164063,1
2.5317583084106445,1
3.016655921936035,1
2.7816243171691895,1
2.450125217437744,1
2.3622021675109863,1
2.3427000045776367,1
3.924863815307617,1
2.3147244453430176,1
3.004171848297119,1
2.502162218093872,1
2.352480411529541,1
2.57667875289917,1
2.303466320037842,1
2.3370487689971924,1
2.573751211166382,1
2.627457857131958,1
1.9456363916397095,1
2.1970090866088867,1
2.6455564498901367,1
2.0886025428771973,1
2.3848142623901367,1
2.3099417686462402,1
2.6513843536376953,1
2.502429246902466,1
2.1590423583984375,1
2.1821646690368652,1
2.1497859954833984,1
2.0162835121154785,1
2.103243350982666,1
2.448793411254883,1
2.370530843734741,1
2.653195858001709,1
2.562980890274048,1
2.1298460960388184,1
2.3500943183898926,1
2.7395453453063965,1
2.128082752227783,1
2.2655787467956543,1
2.260875940322876,1
2.6659514904022217,1
3.640361785888672,1
2.361208915710449,1
2.566610336303711,1
2.3678882122039795,1
2.6285715103149414,1
2.9042441844940186,1
2.8203625679016113,1
2.701040744781494,1
2.5459790229797363,1
2.5837998390197754,1
2.326451301574707,1
2.551377058029175,1
2.769505739212036,1
2.134195566177368,1
2.3243227005004883,1
2.2244043350219727,1
3.0094308853149414,1
2.3721797466278076,1
2.4779646396636963,1
2.362731695175171,1
2.944042682647705,1
2.7178211212158203,1
2.6575822830200195,1
2.6148133277893066,1
3.8497812747955322,1
3.3214173316955566,1
2.4417996406555176,1
1.9282197952270508,1
2.2720887660980225,1
2.4601011276245117,1
2.1995365619659424,1
2.412114143371582,1
2.156362295150757,1
3.2057137489318848,1
2.9468719959259033,1
3.348747968673706,1
3.288604974746704,1
1.86713707447052,1
2.750589370727539,1
3.0202341079711914,1
2.655550718307495,1
2.1613619327545166,1
2.246166229248047,1
2.7145023345947266,1
2.535896062850952,1
2.097487211227417,1
2.2102150917053223,1
2.0439436435699463,1
2.4754858016967773,1
2.3007378578186035,1
2.7785563468933105,1
3.295281410217285,1
2.4409775733947754,1
2.860926389694214,1
2.694751501083374,1
2.774282455444336,1
2.311906337738037,1
3.1137094497680664,1
2.453460216522217,1
2.3326621055603027,1
2.586193323135376,1
1.9603081941604614,1
2.3539373874664307,1
2.395925760269165,1
2.7583813667297363,1
2.5249366760253906,1
2.6050503253936768,1
2.742672920227051,1
3.0858428478240967,1
2.284564256668091,1
2.846060276031494,1
2.4311001300811768,1
2.7648513317108154,1
2.1979212760925293,1
1.9881165027618408,1
2.6661553382873535,1
2.310314178466797,1
2.314490795135498,1
2.0786561965942383,1
3.0509514808654785,1
2.254871368408203,1
2.585592746734619,1
2.6373291015625,1
3.0324509143829346,1
2.5160446166992188,1
2.3645284175872803,1
2.1450750827789307,1
2.3986918926239014,1
2.971707582473755,1
3.4250848293304443,1
1.9728527069091797,1
2.438352108001709,1
2.19256591796875,1
2.8579440116882324,1
2.640294075012207,1
2.3864707946777344,1
1.7426027059555054,1
2.5620720386505127,1
2.3304526805877686,1
2.6190521717071533,1
1.8824992179870605,1
2.4302215576171875,1
2.266867160797119,1
2.44912052154541,1
2.707245349884033,1
2.372894525527954,1
2.5740036964416504,1
2.5710883140563965,1
2.073439836502075,1
2.399934768676758,1
2.2936296463012695,1
1.891627550125122,1
3.210435390472412,1
2.022648811340332,1
2.653987407684326,1
2.1828112602233887,1
2.7146952152252197,1
1.7747907638549805,1
2.424312114715576,1
2.087432384490967,1
1.811093807220459,1
2.5237743854522705,1
2.120938301086426,1
2.489236354827881,1
2.559904098510742,1
2.4892940521240234,1
2.181483745574951,1
2.260223388671875,1
2.086724042892456,1
2.1953845024108887,1
1.9382086992263794,1
2.015627384185791,1
1.9920148849487305,1
2.264108419418335,1
2.224224090576172,1
2.516859769821167,1
2.0142455101013184,1
3.450531482696533,1
3.2042250633239746,1
2.6052355766296387,1
3.49531626701355,1
2.595097541809082,1
2.326871156692505,1
2.469143867492676,1
1.697892189025879,1
2.0935866832733154,1
2.3664722442626953,1
2.32423734664917,1
2.666226387023926,1
3.6791348457336426,1
3.6271328926086426,1
2.007302761077881,1
2.691471576690674,1
2.678457260131836,1
3.123129367828369,1
3.2238945960998535,1
2.304439067840576,1
2.658398151397705,1
3.2499711513519287,1
3.04268217086792,1
3.6330385208129883,1
2.4505081176757813,1
2.464088201522827,1
3.0741257667541504,1
2.4655656814575195,1
3.2368578910827637,1
2.4526565074920654,1
2.8722896575927734,1
2.6611690521240234,1
2.930237293243408,1
2.8886027336120605,1
2.5510611534118652,1
2.1641807556152344,1
2.474123001098633,1
2.0900964736938477,1
3.6861674785614014,1
2.7173681259155273,1
3.362797737121582,1
3.057844400405884,1
2.3871707916259766,1
2.88259220123291,1
2.0573225021362305,1
2.511441230773926,1
2.6152193546295166,1
2.545919418334961,1
2.3574273586273193,1
2.9089927673339844,1
2.385197639465332,1
2.0808610916137695,1
2.51271390914917,1
2.5842392444610596,1
2.0335583686828613,1
2.031933546066284,1
2.607708215713501,1
2.1054797172546387,1
2.5358080863952637,1
2.065199613571167,1
2.4166452884674072,1
2.373194694519043,1
2.7195656299591064,1
2.9872684478759766,1
2.8823885917663574,1
2.204653024673462,1
2.755777359008789,1
2.5617856979370117,1
3.016803741455078,1
3.7091381549835205,1
2.368382215499878,1
2.9121055603027344,1
2.175084352493286,1
2.614077568054199,1
2.3101859092712402,1
2.288849353790283,1
2.1988580226898193,1
2.4527552127838135,1
2.4097506999969482,1
3.2260255813598633,1
2.609962224960327,1
2.6426711082458496,1
3.1675829887390137,1
2.8387980461120605,1
2.5962729454040527,1
2.466427803039551,1
2.2936184406280518,1
2.351679801940918,1
2.870699882507324,1
2.0518224239349365,1
2.756802558898926,1
2.958670139312744,1
2.5297493934631348,1
2.8704376220703125,1
2.527477264404297,1
2.4680991172790527,1
2.9723095893859863,1
3.1175551414489746,1
2.6339056491851807,1
2.8364334106445313,1
2.3869540691375732,1
2.337491035461426,1
1.9932541847229004,1
2.2743656635284424,1
2.223104953765869,1
2.6292800903320313,1
2.204975128173828,1
2.4033315181732178,1
2.111640214920044,1
2.1307997703552246,1
2.2974390983581543,1
2.4365732669830322,1
2.6409664154052734,1
2.4956159591674805,1
2.465756416320801,1
2.84651517868042,1
2.4418094158172607,1
2.139204978942871,1
2.332355499267578,1
2.84074068069458,1
2.6342039108276367,1
2.3545336723327637,1
2.0720131397247314,1
2.5496792793273926,1
3.0515952110290527,1
2.5934627056121826,1
2.308412790298462,1
2.543497085571289,1
2.6234853267669678,1
2.6437573432922363,1
1.9955066442489624,1
2.7564854621887207,1
2.3019723892211914,1
2.65170955657959,1
1.9658102989196777,1
2.1081185340881348,1
2.5006237030029297,1
2.0919084548950195,1
2.6932425498962402,1
3.017084836959839,1
2.454218626022339,1
2.6972107887268066,1
3.302412986755371,1
2.7696452140808105,1
2.7020740509033203,1
2.2781593799591064,1
2.1745383739471436,1
2.6449360847473145,1
2.377393960952759,1
2.36177659034729,1
2.944749355316162,1
2.4550299644470215,1
1.9284108877182007,1
2.7482190132141113,1
2.266263008117676,1
2.5770864486694336,1
2.179877996444702,1
2.338698148727417,1
2.2633543014526367,1
3.5602128505706787,1
2.4635565280914307,1
1.9024345874786377,1
1.985316276550293,1
1.9797276258468628,1
2.397541046142578,1
2.2878904342651367,1
2.6199262142181396,1
2.410703182220459,1
2.2338619232177734,1
2.5915770530700684,1
2.775341033935547,1
1.9189364910125732,1
2.57954740524292,1
2.1305761337280273,1
2.3821487426757813,1
2.8053746223449707,1
2.3359196186065674,1
2.4413468837738037,1
2.626784086227417,1
2.2386319637298584,1
2.253574848175049,1
1.9347386360168457,1
2.0762412548065186,1
2.4961671829223633,1
2.030526638031006,1
1.9776082038879395,1
2.0571656227111816,1
2.8182497024536133,1
2.2997355461120605,1
2.9777166843414307,1
2.373943328857422,1
2.6142821311950684,1
1.9913580417633057,1
2.1816821098327637,1
2.4517266750335693,1
2.458136796951294,1
2.624659538269043,1
2.4784789085388184,1
2.0279650688171387,1
2.8684558868408203,1
2.5458998680114746,1
2.5498476028442383,1
2.293224334716797,1
2.443777084350586,1
2.5803847312927246,1
2.3942534923553467,1
2.272190570831299,1
2.5079710483551025,1
2.1508078575134277,1
2.9461309909820557,1
1.8287627696990967,1
2.1395111083984375,1
2.3498215675354004,1
2.7450904846191406,1
3.509193181991577,1
2.6395773887634277,1
2.319152355194092,1
2.6358094215393066,1
2.180497646331787,1
2.6123509407043457,1
2.7932748794555664,1
2.286158800125122,1
2.610490322113037,1
2.7671585083007813,1
2.758086681365967,1
2.7009878158569336,1
2.9794697761535645,1
2.585195541381836,1
2.660233974456787,1
2.638888120651245,1
2.569181203842163,1
3.4576077461242676,1
2.648101329803467,1
2.054171562194824,1
2.429238796234131,1
2.1940834522247314,1
2.432147979736328,1
3.2762491703033447,1
2.367999315261841,1
2.051555871963501,1
2.5136406421661377,1
2.658891439437866,1
2.6247987747192383,1
2.6544666290283203,1
2.232624053955078,1
2.3304028511047363,1
2.2730212211608887,1
2.2707161903381348,1
2.281264305114746,1
2.5441315174102783,1
2.9631423950195313,1
3.2575020790100098,1
2.5701828002929688,1
2.414405345916748,1
2.2300868034362793,1
2.855210781097412,1
2.215690851211548,1
2.5878729820251465,1
1.7817285060882568,1
3.2516331672668457,1
2.351527214050293,1
2.35117769241333,1
2.706653356552124,1
2.225311279296875,1
2.2054738998413086,1
2.5460376739501953,1
2.470864772796631,1
2.737727165222168,1
2.516312599182129,1
2.8082218170166016,1
2.395416736602783,1
2.7125353813171387,1
1.928719401359558,1
3.036992073059082,1
2.780402660369873,1
2.2789669036865234,1
2.142364025115967,1
2.1631011962890625,1
2.0459089279174805,1
2.0759191513061523,1
2.5833945274353027,1
2.4411768913269043,1
2.8231041431427,1
2.074450969696045,1
2.441295862197876,1
2.069157361984253,1
1.4470151662826538,1
2.2210910320281982,1
2.338263988494873,1
3.488234519958496,1
2.9854421615600586,1
2.001863479614258,1
2.272792339324951,1
2.006455659866333,1
2.779904842376709,1
2.239525318145752,1
3.116894245147705,1
2.0596776008605957,1
2.4482593536376953,1
2.1813230514526367,1
2.513324737548828,1
2.076666831970215,1
1.815474033355713,1
2.1743884086608887,1
2.3976240158081055,1
2.165426015853882,1
2.363858222961426,1
1.8575514554977417,1
1.8968586921691895,1
2.2188901901245117,1
2.78558611869812,1
1.8468894958496094,1
2.0339813232421875,1
2.37115216255188,1
2.472599744796753,1
1.7879301309585571,1
2.305262804031372,1
2.262974739074707,1
3.192416191101074,1
3.8316659927368164,1
2.2452080249786377,1
2.7082457542419434,1
2.803743362426758,1
2.319355010986328,1
2.3020405769348145,1
2.117072105407715,1
2.825817108154297,1
2.3311610221862793,1
2.8207688331604004,1
2.4786014556884766,1
2.9065606594085693,1
2.8269295692443848,1
1.9418385028839111,1
2.2650961875915527,1
2.6273531913757324,1
3.1927108764648438,1
3.2119016647338867,1
2.225161552429199,1
2.8012914657592773,1
2.9657859802246094,1
2.4668824672698975,1
2.175013780593872,1
2.5583903789520264,1
2.182715892791748,1
2.434295654296875,1
2.5771944522857666,1
2.4467053413391113,1
2.906503200531006,1
3.2856414318084717,1
2.817166805267334,1
2.1780097484588623,1
2.21226167678833,1
2.060164451599121,1
2.3505868911743164,1
3.288621664047241,1
2.3551578521728516,1
1.9427686929702759,1
2.6572961807250977,1
2.7559242248535156,1
2.353456497192383,1
2.4778473377227783,1
2.250783920288086,1
2.2853221893310547,1
1.7548762559890747,1
2.113657236099243,1
2.336905002593994,1
2.3452489376068115,1
2.5320706367492676,1
1.8078336715698242,1
2.1450111865997314,1
2.912637233734131,1
2.130671262741089,1
2.3357467651367188,1
1.9301785230636597,1
2.1901907920837402,1
2.9693617820739746,1
2.397721767425537,1
2.3344244956970215,1
2.419116497039795,1
2.2365341186523438,1
2.3275723457336426,1
2.274489402770996,1
1.6962780952453613,1
2.2136518955230713,1
2.0702767372131348,1
2.276506185531616,1
2.0407495498657227,1
2.073734760284424,1
2.097416639328003,1
2.4567909240722656,1
2.7722816467285156,1
2.6485753059387207,1
2.593740940093994,1
2.5813910961151123,1
2.1982641220092773,1
1.9848172664642334,1
2.124572277069092,1
2.9110262393951416,1
1.938424825668335,1
2.6504173278808594,1
2.47904109954834,1
2.636162519454956,1
2.6646461486816406,1
2.699892997741699,1
2.6144490242004395,1
2.287090539932251,1
1.9014177322387695,1
2.3085999488830566,1
2.5505709648132324,1
3.3781018257141113,1
2.411202907562256,1
2.9201345443725586,1
2.642011880874634,1
2.723635673522949,1
1.889817237854004,1
2.1938586235046387,1
2.679011821746826,1
2.6010546684265137,1
3.135101318359375,1
3.154867649078369,1
2.2217469215393066,1
2.258765697479248,1
2.50822114944458,1
2.7870495319366455,1
2.42787504196167,1
2.6154398918151855,1
1.8347442150115967,1
2.4250783920288086,1
2.183718681335449,1
2.6332764625549316,1
3.1127238273620605,1
2.504356622695923,1
2.651583194732666,1
2.5665183067321777,1
2.4020497798919678,1
2.7855989933013916,1
2.242905616760254,1
2.1935672760009766,1
2.0538697242736816,1
2.2580904960632324,1
2.2885680198669434,1
2.100931167602539,1
2.4453513622283936,1
1.8887028694152832,1
2.472348213195801,1
1.9091626405715942,1
2.2900390625,1
2.0264906883239746,1
2.3551831245422363,1
2.296489715576172,1
2.406643867492676,1
2.3421289920806885,1
2.0169577598571777,1
2.287238597869873,1
3.314631223678589,1
2.8340563774108887,1
2.4515037536621094,1
2.0565881729125977,1
2.3302860260009766,1
2.3128201961517334,1
2.765242099761963,1
1.796532154083252,1
2.2127609252929688,1
1.9829800128936768,1
2.6948494911193848,1
2.7674574851989746,1
2.0270028114318848,1
2.3904004096984863,1
2.6762351989746094,1
2.3041834831237793,1
2.1629388332366943,1
2.1735644340515137,1
1.7097690105438232,1
2.408453941345215,1
2.5277652740478516,1
2.22932505607605,1
2.3959779739379883,1
2.9303643703460693,1
2.4438207149505615,1
2.2434744834899902,1
3.70021915435791,1
2.750563621520996,1
1.998171091079712,1
2.1203107833862305,1
2.5938098430633545,1
2.399965763092041,1
2.276095151901245,1
2.525446891784668,1
2.721118927001953,1
2.3492624759674072,1
2.1995925903320313,1
2.0711543560028076,1
2.7131943702697754,1
2.711951732635498,1
2.8290374279022217,1
2.7333602905273438,1
2.1846766471862793,1
2.2263245582580566,1
1.7610278129577637,1
1.9383883476257324,1
2.8623318672180176,1
2.321528911590576,1
2.5636165142059326,1
2.1964612007141113,1
2.7522165775299072,1
2.4459075927734375,1
2.8314130306243896,1
2.5548129081726074,1
3.2550015449523926,1
2.6154801845550537,1
2.3817131519317627,1
2.550581693649292,1
2.378338098526001,1
2.3089780807495117,1
3.160613775253296,1
2.7062745094299316,1
2.619248867034912,1
2.857776403427124,1
2.273200035095215,1
2.666745185852051,1
3.7216410636901855,1
3.6472363471984863,1
3.037449359893799,1
2.3580026626586914,1
2.354536294937134,1
2.761719226837158,1
1.987830400466919,1
2.7260632514953613,1
2.668025016784668,1
2.6263275146484375,1
2.3309242725372314,1
2.4376049041748047,1
2.9938430786132813,1
2.150484085083008,1
2.427440643310547,1
2.576395034790039,1
2.3674962520599365,1
2.3528647422790527,1
2.6859426498413086,1
2.504098415374756,1
2.195067882537842,1
1.734824299812317,1
2.370905876159668,1
2.3242955207824707,1
2.1902084350585938,1
2.6945042610168457,1
2.177717924118042,1
2.3950862884521484,1
3.1979236602783203,1
2.400737762451172,1
2.358182191848755,1
2.5057623386383057,1
2.326843738555908,1
2.4256515502929688,1
2.4680604934692383,1
2.4645824432373047,1
2.195627450942993,1
2.90106201171875,1
4.065939903259277,1
2.54951810836792,1
1.9490845203399658,1
3.6164259910583496,1
3.4880521297454834,1
1.963157296180725,1
2.8386449813842773,1
2.2776451110839844,1
3.8060426712036133,1
3.5165343284606934,1
2.7348129749298096,1
2.1007351875305176,1
2.2748022079467773,1
2.6840219497680664,1
2.5929183959960938,1
2.0059845447540283,1
2.3959102630615234,1
2.3216943740844727,1
2.7256836891174316,1
2.565744638442993,1
3.4140491485595703,1
3.132537841796875,1
1.6775610446929932,1
3.1540584564208984,1
2.83675479888916,1
2.0164434909820557,1
2.232659101486206,1
2.263854503631592,1
2.177637815475464,1
2.2929203510284424,1
2.6363730430603027,1
1.8579378128051758,1
3.58879017829895,1
2.0939321517944336,1
2.0808157920837402,1
2.1183390617370605,1
2.797224521636963,1
2.1075801849365234,1
2.068704605102539,1
2.111907958984375,1
2.243173122406006,1
1.9553945064544678,1
2.3954834938049316,1
2.184385299682617,1
2.556008815765381,1
2.27876615524292,1
2.900676727294922,1
2.5032601356506348,1
2.484818458557129,1
2.109678268432617,1
2.4654464721679688,1
2.5453338623046875,1
2.357574939727783,1
2.3361520767211914,1
3.1012723445892334,1
1.8759069442749023,1
2.6917991638183594,1
2.4810547828674316,1
2.64607834815979,1
2.7521495819091797,1
2.3954291343688965,1
1.9506913423538208,1
2.1639463901519775,1
2.0745983123779297,1
2.5548737049102783,1
2.1687772274017334,1
2.8402860164642334,1
2.6139566898345947,1
2.8089160919189453,1
2.2472381591796875,1
2.4955315589904785,1
2.4430184364318848,1
2.5441699028015137,1
2.465735673904419,1
2.7603678703308105,1
2.0612549781799316,1
2.9418206214904785,1
2.5670228004455566,1
2.4868197441101074,1
2.9538321495056152,1
2.178548812866211,1
3.741748332977295,1
2.3968708515167236,1
3.299740791320801,1
2.99167537689209,1
3.1707167625427246,1
3.036900043487549,1
2.8118271827697754,1
2.822521924972534,1
2.599656343460083,1
2.810286283493042,1
2.194540500640869,1
2.7879140377044678,1
3.207165479660034,1
2.752790927886963,1
2.9056763648986816,1
2.2555251121520996,1
2.8821349143981934,1
2.903532028198242,1
2.389249801635742,1
2.957698106765747,1
3.2151551246643066,1
2.5523743629455566,1
2.7098240852355957,1
2.6658778190612793,1
2.8050906658172607,1
2.543224334716797,1
2.5791335105895996,1
2.383549213409424,1
2.1290838718414307,1
2.4941859245300293,1
2.7159574031829834,1
2.9067625999450684,1
2.306426525115967,1
2.9731898307800293,1
3.38869571685791,1
2.364868640899658,1
2.366286277770996,1
2.1965060234069824,1
2.3483495712280273,1
3.3064730167388916,1
2.3199000358581543,1
2.6029980182647705,1
2.371716022491455,1
2.1293222904205322,1
2.4381890296936035,1
2.574233055114746,1
3.478820562362671,1
3.0465989112854004,1
2.37656831741333,1
2.264399528503418,1
2.3273065090179443,1
2.311404228210449,1
2.057431697845459,1
3.08262038230896,1
2.309286594390869,1
3.1313295364379883,1
2.7636098861694336,1
2.707287311553955,1
2.332641124725342,1
2.7788190841674805,1
2.4492335319519043,1
2.5824332237243652,1
2.572709083557129,1
2.4001030921936035,1
2.832737445831299,1
2.505902051925659,1
2.5606722831726074,1
2.5788187980651855,1
2.0950474739074707,1
2.359802722930908,1
2.616097927093506,1
2.018817901611328,1
2.1702022552490234,1
2.3807127475738525,1
2.7593250274658203,1
2.154510498046875,1
2.5841212272644043,1
2.34403133392334,1
2.5009684562683105,1
2.613523006439209,1
2.6496100425720215,1
2.2330384254455566,1
3.332876443862915,1
2.5339243412017822,1
2.1638782024383545,1
