2.714345693588257,1
2.715533971786499,1
2.945122718811035,1
2.7955141067504883,1
2.4236035346984863,1
2.990927219390869,1
2.282008409500122,1
2.4956185817718506,1
2.9571752548217773,1
3.1927387714385986,1
2.301999568939209,1
2.2407500743865967,1
2.8964955806732178,1
2.346034049987793,1
2.029111385345459,1
2.4090797901153564,1
2.329813003540039,1
2.62921142578125,1
3.0958404541015625,1
2.630250930786133,1
2.05505108833313,1
1.8829371929168701,1
2.675163745880127,1
2.5102481842041016,1
2.415635585784912,1
2.353518486022949,1
2.283961534500122,1
2.2338037490844727,1
2.453176498413086,1
2.3775641918182373,1
2.4879887104034424,1
2.318635940551758,1
1.9125447273254395,1
2.482009172439575,1
2.3646578788757324,1
2.2811641693115234,1
2.064899444580078,1
2.4659626483917236,1
2.451338291168213,1
2.9342117309570313,1
2.329394578933716,1
2.3326845169067383,1
2.120840072631836,1
2.8272652626037598,1
1.8461655378341675,1
3.012479066848755,1
2.165117025375366,1
2.7665059566497803,1
2.5633184909820557,1
2.9317288398742676,1
2.2077178955078125,1
2.5213284492492676,1
2.715815544128418,1
2.724618911743164,1
2.5025153160095215,1
2.149000644683838,1
2.3742012977600098,1
2.8901782035827637,1
2.5594677925109863,1
2.4157352447509766,1
1.9745557308197021,1
2.3535752296447754,1
2.2191245555877686,1
2.4171762466430664,1
2.7748427391052246,1
2.682241916656494,1
2.914133071899414,1
2.490588665008545,1
2.67478084564209,1
2.4734301567077637,1
2.809225559234619,1
1.9693349599838257,1
2.382922649383545,1
2.2116355895996094,1
1.9361810684204102,1
2.6931114196777344,1
2.526815891265869,1
2.886533260345459,1
2.979153633117676,1
2.423250675201416,1
2.4647226333618164,1
2.3825912475585938,1
2.5338635444641113,1
2.4422500133514404,1
2.622098207473755,1
2.586935043334961,1
2.335752010345459,1
2.3415870666503906,1
2.151681423187256,1
2.7577505111694336,1
2.2425177097320557,1
2.0585455894470215,1
2.247943639755249,1
2.267127752304077,1
2.335841417312622,1
2.2337381839752197,1
2.3581345081329346,1
2.382683753967285,1
2.528815746307373,1
2.2893741130828857,1
2.4073171615600586,1
2.973266839981079,1
2.8136754035949707,1
2.0472805500030518,1
2.416367292404175,1
2.9380431175231934,1
2.8784265518188477,1
2.5418901443481445,1
2.6187450885772705,1
2.2793452739715576,1
2.7359371185302734,1
2.171259880065918,1
2.5619781017303467,1
2.1933491230010986,1
2.6173770427703857,1
2.7564220428466797,1
2.655726671218872,1
2.601569175720215,1
2.4461464881896973,1
2.216268539428711,1
2.5177860260009766,1
2.2822463512420654,1
3.035722255706787,1
2.612722635269165,1
2.2213292121887207,1
2.4507896900177,1
2.6340136528015137,1
2.3313493728637695,1
2.637354612350464,1
1.9136289358139038,1
2.7440667152404785,1
2.6817755699157715,1
2.245464563369751,1
2.2640585899353027,1
2.508265972137451,1
2.4287281036376953,1
1.8189795017242432,1
2.1886658668518066,1
2.260712146759033,1
2.355067253112793,1
2.6132144927978516,1
2.2422642707824707,1
3.094312906265259,1
2.342595100402832,1
2.4994022846221924,1
1.9511109590530396,1
2.4174304008483887,1
2.5838937759399414,1
2.6029281616210938,1
2.4237422943115234,1
2.423246383666992,1
2.0503506660461426,1
2.410658121109009,1
1.8142077922821045,1
2.2811601161956787,1
1.9560657739639282,1
2.3168883323669434,1
2.586249351501465,1
2.3970768451690674,1
2.351008892059326,1
2.6924450397491455,1
2.4386301040649414,1
2.190094470977783,1
2.6497087478637695,1
2.2711682319641113,1
2.2555832862854004,1
2.770595073699951,1
1.83443021774292,1
2.67966628074646,1
2.361691951751709,1
2.278360605239868,1
2.60894775390625,1
2.4289321899414063,1
2.263570785522461,1
2.1296815872192383,1
2.3072609901428223,1
2.428025245666504,1
2.140552520751953,1
2.6890552043914795,1
1.9869167804718018,1
2.370908737182617,1
2.0507192611694336,1
2.0929696559906006,1
2.4431629180908203,1
2.271916151046753,1
2.497511386871338,1
2.347755193710327,1
2.4039764404296875,1
2.5221104621887207,1
2.0243754386901855,1
2.4525251388549805,1
2.407627582550049,1
2.185180187225342,1
2.149843454360962,1
3.080951690673828,1
2.260249376296997,1
2.752798557281494,1
2.3434107303619385,1
2.253715753555298,1
2.6545310020446777,1
2.1422030925750732,1
2.454185962677002,1
2.2403693199157715,1
2.5095925331115723,1
1.9047338962554932,1
2.429327964782715,1
2.114351749420166,1
2.916731834411621,1
2.6228811740875244,1
1.9824261665344238,1
1.9864073991775513,1
2.1489126682281494,1
2.444795608520508,1
1.8090546131134033,1
2.7439613342285156,1
2.238178253173828,1
2.2055718898773193,1
2.4963996410369873,1
2.284115791320801,1
1.9971568584442139,1
2.348726272583008,1
2.5678629875183105,1
2.2773258686065674,1
2.1195154190063477,1
2.2414989471435547,1
2.430544137954712,1
2.303959369659424,1
2.208672523498535,1
2.495410919189453,1
2.124833345413208,1
2.5338239669799805,1
2.5697021484375,1
2.462470293045044,1
2.6173527240753174,1
2.5276918411254883,1
2.6555070877075195,1
2.191469669342041,1
1.9834461212158203,1
2.528352737426758,1
3.2177042961120605,1
2.5241217613220215,1
2.7850170135498047,1
2.686155319213867,1
2.566427707672119,1
2.1719679832458496,1
2.578023910522461,1
1.9969305992126465,1
1.9922454357147217,1
2.4042229652404785,1
2.4027962684631348,1
2.1176748275756836,1
2.1373720169067383,1
2.5396509170532227,1
2.3383984565734863,1
2.3591742515563965,1
2.566755771636963,1
2.6993844509124756,1
2.3312766551971436,1
2.4560275077819824,1
1.9338786602020264,1
2.6411335468292236,1
2.756157398223877,1
2.2668681144714355,1
2.7968151569366455,1
2.1935575008392334,1
2.1971354484558105,1
2.8809924125671387,1
2.6381583213806152,1
2.4060792922973633,1
2.9504709243774414,1
2.9821319580078125,1
2.1710965633392334,1
2.421074867248535,1
2.510962963104248,1
3.2669615745544434,1
2.7209091186523438,1
2.652738571166992,1
2.005077362060547,1
2.4716649055480957,1
1.784550666809082,1
2.6026556491851807,1
2.9268035888671875,1
2.718935489654541,1
2.206777811050415,1
2.000227928161621,1
2.5827229022979736,1
1.7622895240783691,1
2.4075913429260254,1
2.43178129196167,1
2.403670310974121,1
2.337275981903076,1
2.169325828552246,1
2.1093292236328125,1
2.6434874534606934,1
2.100585460662842,1
2.455488443374634,1
2.2714450359344482,1
2.5538291931152344,1
2.0663723945617676,1
2.5432701110839844,1
2.5070719718933105,1
2.477080821990967,1
2.6054792404174805,1
2.3070363998413086,1
2.857663631439209,1
2.732260227203369,1
2.2393887042999268,1
2.90524959564209,1
2.7061514854431152,1
1.8579826354980469,1
2.5745415687561035,1
2.6786444187164307,1
3.074301242828369,1
2.7582688331604004,1
2.4902901649475098,1
2.303718090057373,1
3.091341972351074,1
2.4695372581481934,1
2.2055959701538086,1
2.3736302852630615,1
2.408846616744995,1
2.6977968215942383,1
2.2915778160095215,1
2.5344974994659424,1
2.6606807708740234,1
2.0352494716644287,1
2.091426372528076,1
2.6035614013671875,1
2.149245500564575,1
1.9201736450195313,1
2.407914638519287,1
2.657982587814331,1
2.4628403186798096,1
2.076979637145996,1
2.749228000640869,1
2.2010226249694824,1
2.3556478023529053,1
2.5377213954925537,1
1.9759674072265625,1
2.624725341796875,1
2.4128193855285645,1
2.1858794689178467,1
2.0308570861816406,1
1.720608115196228,1
2.1394143104553223,1
2.566847801208496,1
2.2912373542785645,1
2.4065699577331543,1
2.6374564170837402,1
2.2886104583740234,1
1.9868853092193604,1
2.6673896312713623,1
2.2489356994628906,1
2.5341196060180664,1
2.2038726806640625,1
2.5058846473693848,1
2.6923203468322754,1
2.415550708770752,1
2.2919533252716064,1
2.4794092178344727,1
2.279914379119873,1
2.1031832695007324,1
2.5563244819641113,1
2.29229736328125,1
2.6125097274780273,1
2.579523801803589,1
2.6569206714630127,1
2.3614795207977295,1
2.391536235809326,1
2.573474645614624,1
1.9213367700576782,1
2.5894083976745605,1
2.7199819087982178,1
2.1807966232299805,1
2.52303409576416,1
1.8343640565872192,1
2.6773433685302734,1
1.9244310855865479,1
2.97542142868042,1
2.511794090270996,1
2.766993999481201,1
2.573740005493164,1
2.5886130332946777,1
2.344029426574707,1
2.7335457801818848,1
1.8416447639465332,1
2.1180453300476074,1
2.0057272911071777,1
2.3178935050964355,1
2.2232284545898438,1
2.3180301189422607,1
2.7815866470336914,1
2.4855363368988037,1
3.318399429321289,1
2.03189754486084,1
2.3061649799346924,1
2.4623560905456543,1
2.490462303161621,1
2.159579038619995,1
2.2205071449279785,1
2.356177568435669,1
2.0457170009613037,1
2.42594575881958,1
2.80659818649292,1
2.1027920246124268,1
2.0375149250030518,1
2.509390354156494,1
2.5787322521209717,1
2.443723440170288,1
2.1615545749664307,1
2.1669576168060303,1
2.2258481979370117,1
2.3156895637512207,1
2.5578370094299316,1
2.268655300140381,1
2.4250495433807373,1
2.4017622470855713,1
2.7028470039367676,1
2.547271728515625,1
2.4586968421936035,1
2.35210919380188,1
2.5367629528045654,1
2.322462797164917,1
2.4559311866760254,1
2.374865770339966,1
2.3393282890319824,1
2.8583922386169434,1
2.122927188873291,1
2.2088122367858887,1
1.9698169231414795,1
1.968330979347229,1
2.5218913555145264,1
2.5083060264587402,1
2.219782829284668,1
1.5469704866409302,1
2.518742561340332,1
2.500533103942871,1
2.321422815322876,1
1.9977097511291504,1
2.546764373779297,1
2.382190227508545,1
2.2869372367858887,1
2.4536430835723877,1
2.1332573890686035,1
2.4276247024536133,1
2.5159754753112793,1
2.1432385444641113,1
2.6460845470428467,1
2.4349570274353027,1
2.5845627784729004,1
3.048983097076416,1
2.2219505310058594,1
2.0555005073547363,1
2.9751808643341064,1
2.1370718479156494,1
2.507539987564087,1
1.7427234649658203,1
2.6764652729034424,1
2.0840346813201904,1
2.4061079025268555,1
2.876448392868042,1
2.7970292568206787,1
2.411473274230957,1
2.2548608779907227,1
2.375736713409424,1
2.156125783920288,1
1.892012596130371,1
2.440530300140381,1
2.56390118598938,1
2.0773730278015137,1
2.4632136821746826,1
1.9927425384521484,1
2.2937965393066406,1
2.4251558780670166,1
2.2468321323394775,1
2.9768500328063965,1
2.367734432220459,1
2.1189498901367188,1
2.3520240783691406,1
2.5413742065429688,1
2.1916189193725586,1
2.359353542327881,1
2.0885732173919678,1
1.92423677444458,1
2.262432336807251,1
2.2545156478881836,1
2.8841919898986816,1
2.089322566986084,1
2.1179418563842773,1
2.5634377002716064,1
2.6180295944213867,1
1.9209964275360107,1
2.0367188453674316,1
1.8869109153747559,1
2.1704773902893066,1
2.1202573776245117,1
2.7527709007263184,1
2.5816032886505127,1
2.120779037475586,1
2.217855930328369,1
2.4035539627075195,1
2.7860608100891113,1
2.1520519256591797,1
2.232083797454834,1
2.1646347045898438,1
2.3471195697784424,1
2.1565468311309814,1
2.918022871017456,1
2.8296315670013428,1
2.407762050628662,1
2.656982898712158,1
2.0551445484161377,1
2.2586164474487305,1
2.7525405883789063,1
2.8920671939849854,1
2.426149368286133,1
2.855897903442383,1
2.340172529220581,1
2.4529128074645996,1
2.823847770690918,1
2.512948513031006,1
1.9656575918197632,1
1.9764758348464966,1
2.4568543434143066,1
2.6322104930877686,1
2.191678047180176,1
2.13223934173584,1
2.645296335220337,1
1.866759181022644,1
2.763368844985962,1
2.8319592475891113,1
2.587418556213379,1
2.2099411487579346,1
2.637315273284912,1
2.3927910327911377,1
2.3518714904785156,1
2.7709412574768066,1
2.9912710189819336,1
2.348970413208008,1
2.336386203765869,1
2.445502758026123,1
2.218998908996582,1
2.3747100830078125,1
2.7302331924438477,1
2.680939197540283,1
2.305832624435425,1
2.2210893630981445,1
2.4737813472747803,1
2.689174175262451,1
2.2922616004943848,1
2.43247389793396,1
2.1988186836242676,1
1.9499776363372803,1
2.067539930343628,1
2.7940127849578857,1
2.64894437789917,1
2.200542449951172,1
2.123905658721924,1
2.68257999420166,1
2.583949565887451,1
2.5292253494262695,1
2.3753883838653564,1
2.4950225353240967,1
2.0451462268829346,1
1.81549072265625,1
2.493201494216919,1
2.201637029647827,1
2.09720516204834,1
2.2821855545043945,1
1.7609411478042603,1
2.3691585063934326,1
2.3849544525146484,1
2.1477408409118652,1
2.3811495304107666,1
2.2497620582580566,1
2.5943541526794434,1
2.4201667308807373,1
1.997563362121582,1
2.196509838104248,1
2.3494341373443604,1
2.2666985988616943,1
2.679729461669922,1
3.1254076957702637,1
2.818390130996704,1
2.8369483947753906,1
2.0030410289764404,1
2.136929988861084,1
2.2830896377563477,1
2.460367441177368,1
2.5972235202789307,1
2.3886845111846924,1
2.4251325130462646,1
2.5785279273986816,1
1.9857538938522339,1
2.277726411819458,1
2.1602914333343506,1
2.187605381011963,1
2.2858591079711914,1
2.746058225631714,1
2.2557783126831055,1
2.5387749671936035,1
2.373157501220703,1
2.664588451385498,1
2.4368975162506104,1
2.356588363647461,1
2.3039064407348633,1
2.4871106147766113,1
2.694908618927002,1
2.526242256164551,1
2.184626579284668,1
2.472414255142212,1
2.4458608627319336,1
1.8885983228683472,1
2.1052026748657227,1
2.4914944171905518,1
2.0563299655914307,1
2.114896059036255,1
2.1487231254577637,1
2.499142646789551,1
2.0698649883270264,1
1.7802352905273438,1
2.166722536087036,1
2.200227737426758,1
3.2302966117858887,1
2.7292075157165527,1
2.4196300506591797,1
2.3204736709594727,1
1.9282184839248657,1
2.0925185680389404,1
2.141418933868408,1
2.4350874423980713,1
2.8976926803588867,1
2.4712657928466797,1
2.7097887992858887,1
2.5288383960723877,1
2.9049553871154785,1
2.6310741901397705,1
3.366703987121582,1
2.1070289611816406,1
1.8864398002624512,1
1.9475288391113281,1
2.3221287727355957,1
2.522454261779785,1
2.5844879150390625,1
2.530890941619873,1
2.4708738327026367,1
2.1190896034240723,1
2.976309061050415,1
2.2494957447052,1
2.260575294494629,1
2.2566511631011963,1
2.606243848800659,1
2.2357797622680664,1
2.5303685665130615,1
2.4265923500061035,1
2.636728286743164,1
2.3602657318115234,1
2.3908743858337402,1
2.9334042072296143,1
2.1130404472351074,1
2.9880709648132324,1
2.3137006759643555,1
2.1550559997558594,1
1.9724645614624023,1
2.2972328662872314,1
3.0004665851593018,1
1.9490478038787842,1
2.532571792602539,1
2.1877167224884033,1
2.3040411472320557,1
2.7308809757232666,1
2.127725601196289,1
2.128969192504883,1
2.2261552810668945,1
2.440765857696533,1
2.5458931922912598,1
2.818129062652588,1
2.4603664875030518,1
2.0287797451019287,1
2.3254330158233643,1
2.2627780437469482,1
2.470566749572754,1
2.789476156234741,1
2.177877187728882,1
2.44142484664917,1
2.651397466659546,1
2.3441057205200195,1
2.1932764053344727,1
2.556654453277588,1
2.554922342300415,1
3.1597402095794678,1
2.5611202716827393,1
2.431251049041748,1
1.9076645374298096,1
2.5526280403137207,1
2.31141996383667,1
2.9362452030181885,1
2.7951436042785645,1
2.7349467277526855,1
2.0058021545410156,1
2.448660135269165,1
2.7127459049224854,1
3.2539188861846924,1
2.4617061614990234,1
1.8848823308944702,1
2.232553243637085,1
2.7042126655578613,1
1.999550700187683,1
2.6006174087524414,1
2.3628599643707275,1
2.876129627227783,1
2.73291015625,1
2.62668514251709,1
2.108609914779663,1
2.473787307739258,1
2.6816370487213135,1
2.5889892578125,1
2.6273324489593506,1
2.5489389896392822,1
2.2437849044799805,1
2.1922216415405273,1
2.5289804935455322,1
2.870051860809326,1
2.6401119232177734,1
2.4561190605163574,1
2.049760341644287,1
2.398388147354126,1
1.9487918615341187,1
2.3030731678009033,1
1.8960143327713013,1
2.8233160972595215,1
2.289862632751465,1
2.3155226707458496,1
2.3983378410339355,1
2.2754273414611816,1
1.8523573875427246,1
2.1471338272094727,1
2.7719640731811523,1
2.5517778396606445,1
1.9866825342178345,1
2.3458662033081055,1
1.7957640886306763,1
1.9045038223266602,1
2.5441455841064453,1
2.0295915603637695,1
1.8286532163619995,1
2.2428011894226074,1
2.2883291244506836,1
2.120152711868286,1
2.986910343170166,1
2.406682252883911,1
2.2924106121063232,1
2.5972979068756104,1
2.805177688598633,1
3.290318250656128,1
2.207427501678467,1
2.4313883781433105,1
2.5266714096069336,1
2.850884437561035,1
2.5649819374084473,1
2.338143825531006,1
2.850569725036621,1
2.0129692554473877,1
2.2834267616271973,1
2.108372449874878,1
2.46028470993042,1
2.6788177490234375,1
2.458392858505249,1
1.909147024154663,1
2.464463233947754,1
2.3926572799682617,1
2.851503372192383,1
2.3267617225646973,1
2.5979344844818115,1
1.8740336894989014,1
3.1812925338745117,1
2.2088189125061035,1
2.2573013305664063,1
2.1566312313079834,1
3.1655993461608887,1
2.3609354496002197,1
2.1422901153564453,1
2.26222562789917,1
2.384228467941284,1
2.1861181259155273,1
2.929192066192627,1
2.45584774017334,1
2.1697778701782227,1
2.566089630126953,1
2.9677977561950684,1
2.263822555541992,1
2.143852472305298,1
2.507765769958496,1
2.2720046043395996,1
2.446711540222168,1
2.414766788482666,1
2.5927460193634033,1
3.0303828716278076,1
2.867797374725342,1
2.4795451164245605,1
2.5542454719543457,1
2.6837375164031982,1
2.2440524101257324,1
2.6182641983032227,1
2.8179550170898438,1
2.1350255012512207,1
2.5098414421081543,1
2.3240301609039307,1
1.914522409439087,1
2.2260587215423584,1
2.3326005935668945,1
2.5257630348205566,1
2.3578081130981445,1
2.3469138145446777,1
2.212448835372925,1
2.3479771614074707,1
2.553973913192749,1
2.850841999053955,1
2.3081605434417725,1
2.4329662322998047,1
2.154881000518799,1
2.6991934776306152,1
2.4508605003356934,1
2.6642038822174072,1
3.497826099395752,1
2.2551355361938477,1
2.3630003929138184,1
2.2987589836120605,1
2.566061019897461,1
2.446235418319702,1
2.1830227375030518,1
2.4056267738342285,1
2.437417984008789,1
2.2268478870391846,1
2.178833484649658,1
2.6236913204193115,1
2.4729666709899902,1
2.600381374359131,1
2.7002370357513428,1
2.2764055728912354,1
2.3105010986328125,1
2.295957565307617,1
2.342690944671631,1
3.1558499336242676,1
2.4612984657287598,1
1.7883977890014648,1
2.7922897338867188,1
2.337045192718506,1
1.7608723640441895,1
2.5854897499084473,1
2.4761691093444824,1
2.2993743419647217,1
2.208847761154175,1
2.832796812057495,1
2.517695665359497,1
2.3365671634674072,1
2.0646653175354004,1
2.3333513736724854,1
1.8598911762237549,1
2.7352609634399414,1
2.0762057304382324,1
2.4954235553741455,1
2.4209775924682617,1
2.317880868911743,1
2.468069076538086,1
2.148650646209717,1
2.131629228591919,1
2.2175252437591553,1
2.4872794151306152,1
2.387824773788452,1
2.543031692504883,1
2.3147146701812744,1
2.095313549041748,1
2.1304430961608887,1
2.300534725189209,1
2.305105686187744,1
2.586813449859619,1
2.2133960723876953,1
2.435723304748535,1
2.3205249309539795,1
2.7379188537597656,1
2.4816391468048096,1
2.769357204437256,1
2.1541314125061035,1
2.1308863162994385,1
2.511406898498535,1
2.3249855041503906,1
2.0609307289123535,1
2.8624157905578613,1
1.8187000751495361,1
2.344748020172119,1
2.1273298263549805,1
2.117915391921997,1
2.6401352882385254,1
2.2724428176879883,1
2.6928212642669678,1
1.955852746963501,1
2.1686463356018066,1
2.0747265815734863,1
2.2035624980926514,1
2.583828926086426,1
2.4179623126983643,1
2.3487722873687744,1
2.405829429626465,1
1.8900038003921509,1
2.3138623237609863,1
2.6173901557922363,1
2.5123555660247803,1
1.940589427947998,1
2.2112653255462646,1
1.820946455001831,1
1.8900028467178345,1
2.3455169200897217,1
2.7334585189819336,1
2.7771828174591064,1
2.4530646800994873,1
2.451688051223755,1
2.272127628326416,1
2.305130958557129,1
2.832712173461914,1
2.4464592933654785,1
2.171877145767212,1
2.4840312004089355,1
2.3878321647644043,1
2.23123836517334,1
2.069262742996216,1
2.3307414054870605,1
2.404012680053711,1
2.0338492393493652,1
2.774034023284912,1
2.4454095363616943,1
2.1569881439208984,1
2.2541141510009766,1
2.0707039833068848,1
2.0242960453033447,1
2.1486330032348633,1
2.1358118057250977,1
2.24710750579834,1
3.095304012298584,1
2.4458353519439697,1
2.613518714904785,1
2.6158738136291504,1
2.457526683807373,1
2.3345704078674316,1
1.9533714056015015,1
1.7939448356628418,1
2.525747537612915,1
2.4510107040405273,1
2.2731823921203613,1
1.9899808168411255,1
2.167454957962036,1
1.8488810062408447,1
1.6640727519989014,1
2.6836183071136475,1
2.0521225929260254,1
2.010711193084717,1
2.0474741458892822,1
2.5264549255371094,1
2.1769819259643555,1
2.429460048675537,1
2.4464235305786133,1
2.968630790710449,1
2.5371527671813965,1
2.2256245613098145,1
2.284027099609375,1
2.336606979370117,1
2.481955051422119,1
2.7625584602355957,1
2.3860220909118652,1
2.4073104858398438,1
2.079049587249756,1
2.7819247245788574,1
2.7547130584716797,1
2.4659345149993896,1
2.558745861053467,1
2.517932891845703,1
3.256964921951294,1
2.324465274810791,1
2.4611756801605225,1
2.4379334449768066,1
2.6080331802368164,1
2.3642802238464355,1
2.0655133724212646,1
2.609841823577881,1
2.119830369949341,1
2.2421679496765137,1
2.815093517303467,1
2.803339719772339,1
2.4919064044952393,1
2.9533603191375732,1
1.783851981163025,1
2.573920726776123,1
2.434969663619995,1
2.6592230796813965,1
2.9573497772216797,1
2.997323989868164,1
2.3839612007141113,1
2.871823787689209,1
2.205751657485962,1
2.3333992958068848,1
2.19893217086792,1
2.711616039276123,1
2.5955772399902344,1
3.0247550010681152,1
1.9717696905136108,1
2.35079288482666,1
2.627035140991211,1
2.6051015853881836,1
2.218533754348755,1
2.1271016597747803,1
2.453655481338501,1
2.218912124633789,1
2.4798192977905273,1
1.9366941452026367,1
2.545095443725586,1
1.8207268714904785,1
2.3765170574188232,1
2.017669200897217,1
2.2974419593811035,1
2.5396885871887207,1
2.249248504638672,1
2.8814849853515625,1
2.1600680351257324,1
2.4626402854919434,1
2.1291232109069824,1
2.161777973175049,1
1.7134501934051514,1
2.8184194564819336,1
2.073946475982666,1
2.2877888679504395,1
2.559088706970215,1
2.6026177406311035,1
2.921937942504883,1
2.2884066104888916,1
1.9760634899139404,1
2.782339572906494,1
2.621168851852417,1
2.599829912185669,1
2.4513559341430664,1
2.881232261657715,1
2.664543390274048,1
1.7522296905517578,1
1.9838896989822388,1
2.7384018898010254,1
1.9142765998840332,1
2.3814828395843506,1
2.426915407180786,1
2.377207040786743,1
2.02020263671875,1
2.5334818363189697,1
2.4217567443847656,1
2.1824300289154053,1
2.0254015922546387,1
2.4363532066345215,1
2.5333244800567627,1
2.410372257232666,1
2.436244487762451,1
2.306574821472168,1
2.2297816276550293,1
2.1714391708374023,1
1.9865922927856445,1
1.988617181777954,1
2.024759292602539,1
2.0989999771118164,1
2.473698616027832,1
2.816861391067505,1
2.4798617362976074,1
1.7792949676513672,1
2.531524419784546,1
2.2778117656707764,1
2.2986931800842285,1
2.4116272926330566,1
2.338988780975342,1
2.373523712158203,1
2.369920253753662,1
2.997696876525879,1
2.0427300930023193,1
2.4986977577209473,1
2.147439479827881,1
2.60543155670166,1
2.132854461669922,1
2.654449939727783,1
2.2867202758789063,1
2.2830276489257813,1
2.444593667984009,1
2.680288791656494,1
2.575577974319458,1
2.4598584175109863,1
2.018174648284912,1
2.0183560848236084,1
1.964528203010559,1
2.3021368980407715,1
3.2613697052001953,1
2.6472201347351074,1
2.1009292602539063,1
2.6148569583892822,1
2.639348030090332,1
2.267007350921631,1
1.8260750770568848,1
1.8772473335266113,1
2.251694917678833,1
2.3140499591827393,1
2.447294235229492,1
2.768310308456421,1
2.2237977981567383,1
2.3289742469787598,1
2.6261825561523438,1
2.2158703804016113,1
2.734264850616455,1
1.9666311740875244,1
2.1141579151153564,1
3.069211959838867,1
2.678229331970215,1
2.3442025184631348,1
2.233902931213379,1
2.187955141067505,1
2.674546241760254,1
2.4040377140045166,1
2.1182870864868164,1
2.5072340965270996,1
2.9147353172302246,1
2.6257359981536865,1
2.9329938888549805,1
2.8136229515075684,1
2.3053767681121826,1
2.6057777404785156,1
2.5398311614990234,1
2.2578089237213135,1
2.4232733249664307,1
2.6432254314422607,1
2.3210268020629883,1
2.064455032348633,1
2.259706974029541,1
2.262752056121826,1
2.6148979663848877,1
2.3077549934387207,1
2.1410281658172607,1
2.4323577880859375,1
2.334556818008423,1
2.0274221897125244,1
2.5503389835357666,1
2.225982427597046,1
2.738250494003296,1
2.2677502632141113,1
2.5516653060913086,1
2.8656163215637207,1
2.248589515686035,1
2.065596580505371,1
2.220632553100586,1
2.3055222034454346,1
1.8311176300048828,1
2.8455862998962402,1
2.3453123569488525,1
2.4486160278320313,1
1.9356944561004639,1
2.074368953704834,1
2.0232784748077393,1
2.3555150032043457,1
2.2698142528533936,1
2.292689323425293,1
1.8219530582427979,1
2.0683164596557617,1
1.6920554637908936,1
2.45676851272583,1
1.8293731212615967,1
1.9230914115905762,1
1.9573514461517334,1
2.5135674476623535,1
1.9233982563018799,1
2.2942748069763184,1
2.640568971633911,1
2.5385026931762695,1
2.814023971557617,1
2.814485549926758,1
2.369410514831543,1
2.156684160232544,1
1.9262561798095703,1
2.3576602935791016,1
2.4845030307769775,1
1.9770551919937134,1
2.4569764137268066,1
2.3669519424438477,1
2.3494863510131836,1
2.5517303943634033,1
2.1469521522521973,1
2.147322177886963,1
2.5051207542419434,1
2.523007869720459,1
3.5892653465270996,1
2.1833667755126953,1
2.7205100059509277,1
2.507460594177246,1
2.5791525840759277,1
2.876413345336914,1
2.8767600059509277,1
2.7903037071228027,1
2.2032876014709473,1
2.5916080474853516,1
2.7403836250305176,1
2.3061678409576416,1
2.690919876098633,1
2.190155506134033,1
2.7156803607940674,1
2.316511631011963,1
2.273268699645996,1
2.809462070465088,1
2.779078483581543,1
2.5913753509521484,1
2.584462881088257,1
2.3486456871032715,1
2.6449637413024902,1
2.1564059257507324,1
1.941293478012085,1
2.039785385131836,1
2.75036883354187,1
2.039438009262085,1
2.3878884315490723,1
2.8687949180603027,1
2.5339713096618652,1
2.184865951538086,1
2.3655593395233154,1
2.664489269256592,1
2.261836051940918,1
2.4146547317504883,1
2.823397636413574,1
2.1333510875701904,1
2.367096424102783,1
2.311660051345825,1
2.201406955718994,1
2.5747647285461426,1
2.7452898025512695,1
2.158982753753662,1
2.6712486743927,1
2.0702064037323,1
2.22033953666687,1
2.3896570205688477,1
2.189547538757324,1
2.6762990951538086,1
1.8893723487854004,1
1.8331294059753418,1
2.2490649223327637,1
2.5646615028381348,1
2.216768741607666,1
2.600935220718384,1
1.9947220087051392,1
2.052927017211914,1
2.0360546112060547,1
2.162705183029175,1
2.163360118865967,1
2.8259403705596924,1
2.6893081665039063,1
2.4581186771392822,1
2.046013593673706,1
2.4999916553497314,1
2.224212169647217,1
2.7546563148498535,1
2.7885935306549072,1
2.2236146926879883,1
2.332779884338379,1
2.4969820976257324,1
2.534756660461426,1
2.4143075942993164,1
2.6693837642669678,1
3.1342461109161377,1
2.3338067531585693,1
2.493131160736084,1
1.935348629951477,1
2.322150707244873,1
2.8255133628845215,1
2.2927160263061523,1
2.175149440765381,1
2.2723114490509033,1
2.3132166862487793,1
2.2016496658325195,1
2.1941897869110107,1
2.568753242492676,1
2.9753918647766113,1
2.238715887069702,1
2.5193843841552734,1
2.0979509353637695,1
2.0261459350585938,1
2.502645492553711,1
2.08620548248291,1
2.6405110359191895,1
2.2860326766967773,1
2.1992037296295166,1
2.009572982788086,1
2.824044704437256,1
2.549370050430298,1
2.2346458435058594,1
2.217574119567871,1
2.3123159408569336,1
2.3918979167938232,1
2.4741005897521973,1
2.4694337844848633,1
2.4848198890686035,1
2.4449918270111084,1
2.3299612998962402,1
1.8320960998535156,1
2.0665900707244873,1
2.60050630569458,1
2.530640125274658,1
2.099266529083252,1
2.0978660583496094,1
2.3021998405456543,1
2.113051652908325,1
2.7903287410736084,1
2.503126382827759,1
2.418011426925659,1
2.042640209197998,1
1.9872369766235352,1
2.6480278968811035,1
1.293568730354309,1
2.190140724182129,1
2.1555516719818115,1
1.7992578744888306,1
2.1548995971679688,1
2.146692991256714,1
2.2436866760253906,1
2.3995814323425293,1
2.270998001098633,1
3.299311399459839,1
2.569969654083252,1
2.5079610347747803,1
2.1950387954711914,1
2.1745798587799072,1
2.864184856414795,1
2.2137093544006348,1
2.3124172687530518,1
2.370877742767334,1
2.3829033374786377,1
2.2299251556396484,1
2.441882610321045,1
1.9093854427337646,1
2.312739849090576,1
2.2397890090942383,1
2.3663039207458496,1
2.3993735313415527,1
2.0658278465270996,1
2.0450613498687744,1
2.224792003631592,1
2.7282180786132813,1
2.2025368213653564,1
2.232332706451416,1
1.8234689235687256,1
2.1810622215270996,1
2.292801856994629,1
2.1974551677703857,1
2.5047430992126465,1
2.2012085914611816,1
2.761786460876465,1
2.199622869491577,1
2.192098617553711,1
2.389444351196289,1
3.055999755859375,1
2.062617301940918,1
2.1996123790740967,1
2.043334722518921,1
2.5158467292785645,1
2.2416017055511475,1
2.519624710083008,1
2.6980478763580322,1
2.067355155944824,1
1.779970645904541,1
2.4788312911987305,1
1.9539425373077393,1
2.477379322052002,1
2.077479839324951,1
2.1286189556121826,1
2.3112587928771973,1
1.9691035747528076,1
2.2116737365722656,1
2.285707473754883,1
2.4075095653533936,1
2.6570143699645996,1
2.188387870788574,1
1.7066030502319336,1
2.529885768890381,1
2.5276660919189453,1
2.7389869689941406,1
2.067824602127075,1
2.364647388458252,1
2.0844993591308594,1
2.1429078578948975,1
2.634777784347534,1
2.34297513961792,1
2.4229955673217773,1
2.2594122886657715,1
2.089552164077759,1
2.3522307872772217,1
2.150761604309082,1
2.2117042541503906,1
2.219719171524048,1
2.2333686351776123,1
2.5621681213378906,1
2.092564105987549,1
2.153308391571045,1
2.535956859588623,1
2.545374631881714,1
1.9702306985855103,1
1.5968061685562134,1
2.4976727962493896,1
2.059515953063965,1
2.529461145401001,1
2.860898971557617,1
2.148020029067993,1
2.0019960403442383,1
2.707812786102295,1
1.632100224494934,1
2.201469898223877,1
2.1921629905700684,1
2.3338193893432617,1
2.585462808609009,1
2.284115791320801,1
2.5651307106018066,1
2.156481981277466,1
2.6819074153900146,1
2.29682993888855,1
2.0814647674560547,1
2.0368521213531494,1
3.0485825538635254,1
1.9633138179779053,1
2.008358955383301,1
2.3844494819641113,1
2.073749542236328,1
2.294224262237549,1
2.2012948989868164,1
2.7099294662475586,1
2.124321460723877,1
3.2741942405700684,1
3.068366289138794,1
2.649113655090332,1
2.935201406478882,1
2.414853572845459,1
2.406078338623047,1
2.365452766418457,1
2.6250030994415283,1
2.932363510131836,1
2.183647632598877,1
2.2885303497314453,1
2.189732313156128,1
2.6016764640808105,1
2.074981212615967,1
2.6290996074676514,1
2.9101247787475586,1
3.2187094688415527,1
2.3077950477600098,1
2.5481021404266357,1
2.1586694717407227,1
2.4114267826080322,1
2.1155974864959717,1
2.940164566040039,1
2.9025211334228516,1
2.1255478858947754,1
2.3316054344177246,1
2.6049141883850098,1
1.8100018501281738,1
2.3744804859161377,1
2.7364583015441895,1
2.235344886779785,1
2.7456319332122803,1
2.760200023651123,1
2.6524055004119873,1
3.368929386138916,1
2.422783613204956,1
2.382444381713867,1
1.735431432723999,1
2.096463918685913,1
2.369533061981201,1
2.5705184936523438,1
2.5648105144500732,1
2.216808319091797,1
1.7360447645187378,1
2.301860809326172,1
2.8402280807495117,1
2.9537196159362793,1
2.216177463531494,1
2.355498790740967,1
2.377645492553711,1
3.0021369457244873,1
2.732222080230713,1
2.399503231048584,1
2.2613799571990967,1
2.3009021282196045,1
1.9609092473983765,1
3.0196900367736816,1
2.3447482585906982,1
2.224118947982788,1
2.0355162620544434,1
2.0575389862060547,1
3.3558053970336914,1
2.1426563262939453,1
2.7866055965423584,1
2.3901028633117676,1
2.0999059677124023,1
2.6622958183288574,1
2.0416667461395264,1
1.8161284923553467,1
2.7110207080841064,1
2.082312822341919,1
2.115612506866455,1
2.6099395751953125,1
2.331188678741455,1
2.3844919204711914,1
2.671959400177002,1
2.436326742172241,1
1.8343428373336792,1
2.159174680709839,1
1.8441946506500244,1
2.8979549407958984,1
3.1832680702209473,1
2.179753541946411,1
2.441960334777832,1
2.498745918273926,1
2.6220340728759766,1
2.9476428031921387,1
2.5928452014923096,1
2.198431968688965,1
1.8317649364471436,1
2.4454822540283203,1
2.2855920791625977,1
2.8096117973327637,1
2.718475341796875,1
2.3066699504852295,1
2.544302463531494,1
2.4907453060150146,1
2.8274898529052734,1
1.9550509452819824,1
1.8617931604385376,1
1.9882073402404785,1
2.535379409790039,1
2.3645102977752686,1
2.506608009338379,1
2.347916841506958,1
2.466966152191162,1
2.048543691635132,1
2.0359487533569336,1
3.045370101928711,1
2.252626895904541,1
2.3553357124328613,1
2.6365785598754883,1
1.8667305707931519,1
2.234890937805176,1
2.303682327270508,1
2.4047393798828125,1
2.320610284805298,1
2.0959320068359375,1
1.7360256910324097,1
2.1455249786376953,1
1.9976065158843994,1
2.3305788040161133,1
2.665910005569458,1
2.0488693714141846,1
2.1919875144958496,1
1.895830750465393,1
2.3461756706237793,1
1.7725858688354492,1
1.7073153257369995,1
2.0659286975860596,1
1.8938556909561157,1
2.5498580932617188,1
2.923882484436035,1
2.5676536560058594,1
2.694275379180908,1
1.967893362045288,1
2.107924461364746,1
2.147233009338379,1
1.7253109216690063,1
2.345414400100708,1
2.3127641677856445,1
2.0528130531311035,1
2.4333791732788086,1
2.1784257888793945,1
1.9976222515106201,1
2.0641045570373535,1
2.1697635650634766,1
2.5770370960235596,1
2.5951039791107178,1
1.9905009269714355,1
2.099318742752075,1
2.462273120880127,1
2.2858071327209473,1
2.0736327171325684,1
2.7332863807678223,1
2.262688398361206,1
2.238323211669922,1
2.147894859313965,1
2.656773090362549,1
2.785165309906006,1
1.8758008480072021,1
2.222719192504883,1
2.1158971786499023,1
2.160825252532959,1
2.802952289581299,1
2.9225995540618896,1
2.124587059020996,1
2.4840569496154785,1
2.0838441848754883,1
2.3273375034332275,1
2.1126577854156494,1
2.384383201599121,1
2.82104229927063,1
2.4773309230804443,1
2.6573824882507324,1
2.407043218612671,1
2.331698179244995,1
2.848597526550293,1
2.201687812805176,1
2.596858024597168,1
2.5733113288879395,1
2.026392936706543,1
2.255970001220703,1
2.5604565143585205,1
2.1987273693084717,1
2.412947177886963,1
3.21551251411438,1
2.0877296924591064,1
2.489495038986206,1
2.8454527854919434,1
2.9019689559936523,1
3.674424409866333,1
3.2074713706970215,1
2.056945323944092,1
2.6322474479675293,1
2.1829631328582764,1
2.3936729431152344,1
3.4111433029174805,1
2.0185470581054688,1
2.0855517387390137,1
2.5162386894226074,1
3.233330249786377,1
2.4477014541625977,1
2.3386435508728027,1
2.674511432647705,1
2.126089572906494,1
2.79103946685791,1
2.2089266777038574,1
2.400747299194336,1
2.8359131813049316,1
2.5814833641052246,1
2.742537498474121,1
2.4788448810577393,1
2.218623638153076,1
2.5621936321258545,1
2.83650541305542,1
2.2496302127838135,1
2.9745352268218994,1
2.6102652549743652,1
2.995421886444092,1
2.2740907669067383,1
2.141817331314087,1
2.06982159614563,1
2.3028430938720703,1
1.8691444396972656,1
2.38403582572937,1
2.7510085105895996,1
2.205319404602051,1
2.1418190002441406,1
3.4949159622192383,1
2.2171740531921387,1
3.1000285148620605,1
2.0739707946777344,1
2.5125415325164795,1
3.3386282920837402,1
2.3271396160125732,1
2.298123836517334,1
2.1820602416992188,1
2.1217660903930664,1
2.288803815841675,1
2.3265366554260254,1
2.4794554710388184,1
2.4740257263183594,1
1.6177468299865723,1
2.6318044662475586,1
2.509246826171875,1
2.3090009689331055,1
2.7156639099121094,1
2.0465645790100098,1
2.319471597671509,1
2.2439470291137695,1
2.47538685798645,1
2.578314781188965,1
2.1730823516845703,1
1.8165950775146484,1
1.9595435857772827,1
2.319972515106201,1
2.2058372497558594,1
2.725498914718628,1
2.182891845703125,1
2.13847017288208,1
1.7830358743667603,1
2.835136890411377,1
2.2906694412231445,1
2.43591570854187,1
2.1249287128448486,1
2.4384751319885254,1
2.127056121826172,1
2.0567703247070313,1
2.4306070804595947,1
2.4903218746185303,1
2.1027560234069824,1
2.6905150413513184,1
1.912075400352478,1
2.1998491287231445,1
2.1237452030181885,1
2.132964611053467,1
2.187582492828369,1
2.737006664276123,1
1.8915088176727295,1
2.1586124897003174,1
2.0437748432159424,1
2.3363330364227295,1
2.2281808853149414,1
2.4586117267608643,1
2.4303297996520996,1
2.0970287322998047,1
1.6245914697647095,1
2.2978363037109375,1
2.4176409244537354,1
2.4815149307250977,1
2.130506992340088,1
2.402402400970459,1
2.072704315185547,1
2.127466917037964,1
2.176208972930908,1
2.498790740966797,1
2.5304737091064453,1
2.4686341285705566,1
1.6497292518615723,1
2.0432381629943848,1
2.618854522705078,1
2.1095242500305176,1
2.0386199951171875,1
2.53294038772583,1
2.506026268005371,1
2.4507575035095215,1
2.6554245948791504,1
2.3734288215637207,1
2.1117568016052246,1
2.3824877738952637,1
2.6608211994171143,1
2.5205888748168945,1
2.3601198196411133,1
2.1985018253326416,1
2.6677134037017822,1
2.3875415325164795,1
2.1964621543884277,1
2.354278564453125,1
2.3047285079956055,1
2.530203342437744,1
2.5065178871154785,1
2.3414268493652344,1
2.284233808517456,1
2.20888090133667,1
2.1146743297576904,1
2.710052967071533,1
3.03545880317688,1
2.1859564781188965,1
2.254744052886963,1
2.3851895332336426,1
2.569030523300171,1
2.713649272918701,1
2.5337347984313965,1
2.4541351795196533,1
2.6506919860839844,1
2.9777231216430664,1
3.068716526031494,1
2.544436454772949,1
2.0579781532287598,1
3.165715217590332,1
3.1113009452819824,1
2.6124491691589355,1
3.014432191848755,1
2.3415398597717285,1
2.706111431121826,1
2.219214916229248,1
2.7377662658691406,1
1.99360990524292,1
2.3498544692993164,1
2.1247572898864746,1
2.0025382041931152,1
2.5788044929504395,1
2.626944065093994,1
2.8422160148620605,1
2.8015518188476563,1
2.0193371772766113,1
2.361387252807617,1
2.197824239730835,1
2.394364833831787,1
2.2181122303009033,1
2.620885133743286,1
2.7779078483581543,1
2.3986151218414307,1
2.3184924125671387,1
2.5220723152160645,1
1.6974345445632935,1
2.1267504692077637,1
1.8729557991027832,1
1.9174333810806274,1
2.5114946365356445,1
2.5153956413269043,1
2.590447425842285,1
3.579770088195801,1
2.2737250328063965,1
2.6892335414886475,1
2.4383862018585205,1
2.385288715362549,1
2.1749866008758545,1
2.2636971473693848,1
2.1915457248687744,1
2.402684450149536,1
2.515275478363037,1
2.4329614639282227,1
2.632739782333374,1
2.5882163047790527,1
2.2825841903686523,1
2.8538818359375,1
2.421139717102051,1
2.683081865310669,1
2.3231263160705566,1
2.3261427879333496,1
2.208165168762207,1
1.8563179969787598,1
2.290130138397217,1
2.035670757293701,1
2.562136173248291,1
1.8463739156723022,1
2.355151653289795,1
2.5622429847717285,1
2.1735949516296387,1
2.08489990234375,1
2.448190450668335,1
2.1583993434906006,1
2.210465431213379,1
2.4450900554656982,1
2.7970333099365234,1
2.762953519821167,1
2.1799123287200928,1
1.8263585567474365,1
2.292929172515869,1
2.6484642028808594,1
2.195404291152954,1
1.9800529479980469,1
2.451263666152954,1
2.4861013889312744,1
1.7005884647369385,1
2.719766139984131,1
2.7982778549194336,1
1.9957492351531982,1
1.9057588577270508,1
2.265820026397705,1
2.4385826587677,1
3.205881118774414,1
2.224050760269165,1
1.9108211994171143,1
2.4598779678344727,1
2.5457515716552734,1
2.837576150894165,1
2.190591335296631,1
2.402759075164795,1
2.2103211879730225,1
2.200265884399414,1
2.230386972427368,1
1.9233697652816772,1
2.1010146141052246,1
2.2246036529541016,1
2.2404582500457764,1
2.161076307296753,1
2.8019373416900635,1
2.0391223430633545,1
2.52321195602417,1
2.4635376930236816,1
2.152406930923462,1
2.380073070526123,1
2.4742116928100586,1
2.6410586833953857,1
2.2951483726501465,1
2.796280860900879,1
1.5296847820281982,1
2.6861324310302734,1
2.2570667266845703,1
2.5686168670654297,1
2.165860652923584,1
2.1374905109405518,1
2.0012707710266113,1
2.0105741024017334,1
2.3922085762023926,1
1.947778582572937,1
2.158825397491455,1
2.679142713546753,1
2.4535250663757324,1
2.1113739013671875,1
1.880213975906372,1
2.2414159774780273,1
1.9610142707824707,1
2.546502113342285,1
2.337611675262451,1
2.928812265396118,1
2.467151641845703,1
1.927114725112915,1
1.9618366956710815,1
2.029731512069702,1
2.360740900039673,1
2.575505256652832,1
2.7985143661499023,1
2.675863742828369,1
1.7941889762878418,1
2.698676586151123,1
2.3920273780822754,1
2.219726085662842,1
2.574974536895752,1
2.190721273422241,1
2.0254158973693848,1
2.2450168132781982,1
2.562716007232666,1
2.4282212257385254,1
2.501049041748047,1
1.9474400281906128,1
2.0248661041259766,1
2.0330119132995605,1
2.2868990898132324,1
2.173344135284424,1
2.2590601444244385,1
2.403780937194824,1
2.6335697174072266,1
1.5473896265029907,1
2.2356302738189697,1
2.610607624053955,1
2.085761547088623,1
2.9624576568603516,1
1.6768451929092407,1
2.3156380653381348,1
2.4335055351257324,1
2.4296789169311523,1
2.426870346069336,1
2.3328142166137695,1
2.5718798637390137,1
2.3640475273132324,1
2.7942099571228027,1
2.4297144412994385,1
2.4109344482421875,1
2.178385019302368,1
2.8192837238311768,1
2.425246000289917,1
2.950012683868408,1
2.944817304611206,1
2.9521126747131348,1
2.5990676879882813,1
2.387234687805176,1
2.8822593688964844,1
2.273197889328003,1
2.5144221782684326,1
3.2087812423706055,1
2.8346314430236816,1
2.118691921234131,1
2.84370493888855,1
2.233135223388672,1
2.9412691593170166,1
2.2432336807250977,1
2.207458972930908,1
2.2028234004974365,1
1.8764439821243286,1
2.442500114440918,1
3.019249677658081,1
2.5257787704467773,1
1.8359229564666748,1
2.033079147338867,1
2.5248920917510986,1
2.4511425495147705,1
1.9914765357971191,1
2.117563247680664,1
2.2869575023651123,1
2.289912700653076,1
2.93284273147583,1
2.503051519393921,1
2.0767579078674316,1
2.305563449859619,1
2.443134307861328,1
2.5661096572875977,1
2.3013548851013184,1
2.6628148555755615,1
2.5617754459381104,1
2.2303338050842285,1
1.8768599033355713,1
2.19284725189209,1
2.880699634552002,1
1.7572710514068604,1
2.6849422454833984,1
1.927937626838684,1
1.9535167217254639,1
2.3297464847564697,1
2.178668975830078,1
2.6108312606811523,1
2.085103988647461,1
2.109018564224243,1
2.124777317047119,1
2.482175350189209,1
2.74825119972229,1
2.265000104904175,1
2.373063564300537,1
2.3250932693481445,1
2.284919500350952,1
3.0899834632873535,1
2.4613993167877197,1
3.486865282058716,1
2.0641307830810547,1
2.927349090576172,1
2.7934579849243164,1
2.3741798400878906,1
2.5880165100097656,1
1.8378759622573853,1
2.542980194091797,1
2.3753771781921387,1
2.74871563911438,1
2.111495018005371,1
2.182839870452881,1
2.575394630432129,1
3.3076705932617188,1
3.5550966262817383,1
1.831540822982788,1
2.2485101222991943,1
2.315368175506592,1
2.9904656410217285,1
2.1431212425231934,1
1.8855314254760742,1
1.6737060546875,1
2.2328481674194336,1
3.139934778213501,1
2.0195705890655518,1
1.6970529556274414,1
2.308664321899414,1
2.6434085369110107,1
3.0967040061950684,1
2.8605222702026367,1
2.532177448272705,1
1.995754361152649,1
2.338984966278076,1
2.534517288208008,1
2.4679698944091797,1
2.0450267791748047,1
2.7483696937561035,1
2.358292818069458,1
2.3058292865753174,1
2.736457347869873,1
2.4366979598999023,1
1.9963458776474,1
2.256544589996338,1
2.1097054481506348,1
2.0440163612365723,1
2.2424936294555664,1
2.758871078491211,1
2.377073049545288,1
2.3153412342071533,1
2.3659090995788574,1
2.349874496459961,1
2.764293909072876,1
2.4079880714416504,1
2.3590035438537598,1
2.562958240509033,1
2.351860761642456,1
2.1739137172698975,1
2.319488525390625,1
2.212620258331299,1
2.4476025104522705,1
1.7544822692871094,1
2.181436777114868,1
2.703136920928955,1
1.995564341545105,1
2.2720274925231934,1
2.285653591156006,1
2.5836539268493652,1
2.737456798553467,1
2.1748838424682617,1
2.3046443462371826,1
2.747729539871216,1
2.421337366104126,1
2.401834011077881,1
2.330044746398926,1
2.1981358528137207,1
2.222339630126953,1
2.242098093032837,1
2.286044120788574,1
2.3176379203796387,1
2.3203341960906982,1
2.4990341663360596,1
2.2589361667633057,1
2.044884204864502,1
2.513251304626465,1
2.5997419357299805,1
2.8027327060699463,1
2.5113320350646973,1
2.399934768676758,1
2.2665822505950928,1
2.2006161212921143,1
2.493659019470215,1
2.6162986755371094,1
2.195953130722046,1
2.3393523693084717,1
1.9737818241119385,1
2.57246732711792,1
2.166905403137207,1
2.24706768989563,1
2.3177154064178467,1
1.8835923671722412,1
2.5658607482910156,1
2.164891481399536,1
2.054349184036255,1
2.1662521362304688,1
2.515197992324829,1
2.31809139251709,1
2.1075711250305176,1
2.8845062255859375,1
2.3423404693603516,1
2.1532576084136963,1
2.3579864501953125,1
3.0844509601593018,1
2.8288512229919434,1
2.0598528385162354,1
2.1912310123443604,1
2.2652268409729004,1
1.7888935804367065,1
2.184206485748291,1
2.2051315307617188,1
2.3627076148986816,1
1.4499049186706543,1
2.9039433002471924,1
2.1686367988586426,1
2.0840461254119873,1
2.327310085296631,1
2.231581687927246,1
2.1431422233581543,1
2.3353447914123535,1
2.2564942836761475,1
2.7415735721588135,1
2.507758855819702,1
2.1242403984069824,1
2.218492031097412,1
3.001163959503174,1
2.4411864280700684,1
2.8199119567871094,1
2.038686990737915,1
2.4880454540252686,1
2.4290554523468018,1
2.803537607192993,1
2.6947379112243652,1
2.616086483001709,1
1.7422780990600586,1
2.6601836681365967,1
2.705247163772583,1
2.3623218536376953,1
2.1882307529449463,1
1.8976197242736816,1
2.774625539779663,1
2.496628522872925,1
2.4649503231048584,1
2.1212074756622314,1
2.310035228729248,1
1.9352275133132935,1
1.9222410917282104,1
2.1016225814819336,1
2.256185531616211,1
2.2277138233184814,1
3.0573079586029053,1
1.9350981712341309,1
2.000363826751709,1
2.2237401008605957,1
2.1331777572631836,1
2.7058284282684326,1
3.1415698528289795,1
2.432884454727173,1
2.4393723011016846,1
2.0232605934143066,1
1.9765889644622803,1
2.4097213745117188,1
2.5184133052825928,1
3.192164421081543,1
2.1477041244506836,1
2.3212640285491943,1
2.798910617828369,1
2.278116226196289,1
2.6823482513427734,1
2.52186918258667,1
2.8175771236419678,1
1.9756364822387695,1
2.397404432296753,1
2.513423442840576,1
2.626317024230957,1
2.3628690242767334,1
2.6108102798461914,1
2.177605628967285,1
2.256608486175537,1
2.243990898132324,1
2.3946328163146973,1
2.461204767227173,1
2.5263707637786865,1
2.6539974212646484,1
2.2640633583068848,1
2.1004130840301514,1
2.271839141845703,1
2.268970012664795,1
2.780503034591675,1
2.8873372077941895,1
2.6860508918762207,1
2.5770010948181152,1
2.8622965812683105,1
1.84869384765625,1
2.732905626296997,1
2.5857601165771484,1
2.3760242462158203,1
2.1240897178649902,1
2.7364823818206787,1
2.594273090362549,1
2.6416356563568115,1
2.4914870262145996,1
2.413651943206787,1
2.103555202484131,1
2.622134208679199,1
1.8404285907745361,1
2.2183303833007813,1
2.6353001594543457,1
2.632711887359619,1
2.470775842666626,1
2.634800434112549,1
2.2421581745147705,1
2.742785930633545,1
1.858426809310913,1
2.3843841552734375,1
1.621153473854065,1
2.854386568069458,1
2.5450620651245117,1
2.137864589691162,1
2.3879451751708984,1
2.1473960876464844,1
2.104736804962158,1
2.5340991020202637,1
2.7467308044433594,1
2.4156429767608643,1
2.126728057861328,1
2.810943126678467,1
2.32132625579834,1
2.043138027191162,1
2.3815836906433105,1
2.5343923568725586,1
2.429793357849121,1
2.0658421516418457,1
2.4128708839416504,1
2.3221044540405273,1
2.6915836334228516,1
2.0515570640563965,1
1.6826317310333252,1
2.2464804649353027,1
2.9831714630126953,1
2.8154313564300537,1
2.5604324340820313,1
1.9331722259521484,1
2.603773593902588,1
2.0962071418762207,1
2.6865005493164063,1
2.568901538848877,1
2.3940508365631104,1
1.9931130409240723,1
2.167914390563965,1
2.6429853439331055,1
2.4664511680603027,1
2.513026237487793,1
1.6531240940093994,1
1.50472092628479,1
2.2264833450317383,1
2.000001907348633,1
1.9308847188949585,1
2.303802490234375,1
2.7047204971313477,1
2.28702449798584,1
2.528505802154541,1
3.3039298057556152,1
1.918224811553955,1
2.265157461166382,1
2.068310260772705,1
2.2547309398651123,1
2.5137856006622314,1
1.8078227043151855,1
2.395329236984253,1
2.3021674156188965,1
2.4157140254974365,1
2.205815315246582,1
2.1282315254211426,1
2.3738675117492676,1
1.9520597457885742,1
2.365710973739624,1
2.2377123832702637,1
2.350961446762085,1
2.5334925651550293,1
2.411106824874878,1
2.435819387435913,1
2.461113452911377,1
2.522608757019043,1
2.0917837619781494,1
2.464341640472412,1
2.6133902072906494,1
1.765170931816101,1
2.338862895965576,1
3.011847496032715,1
2.5315446853637695,1
2.464776039123535,1
2.4554636478424072,1
2.459695339202881,1
1.9110147953033447,1
2.324371337890625,1
2.227505922317505,1
2.8362133502960205,1
2.21578311920166,1
2.9934301376342773,1
1.8610730171203613,1
2.201597213745117,1
2.3712756633758545,1
2.495598316192627,1
2.051877975463867,1
2.1857857704162598,1
2.1397249698638916,1
2.184805393218994,1
2.470261573791504,1
2.575070381164551,1
2.198010206222534,1
1.7561004161834717,1
2.4090216159820557,1
2.5207338333129883,1
2.4540321826934814,1
2.594447135925293,1
2.4829277992248535,1
1.833094596862793,1
2.369135618209839,1
2.5308122634887695,1
2.1581220626831055,1
2.339914321899414,1
2.460238456726074,1
2.3439393043518066,1
2.5367164611816406,1
2.14882493019104,1
1.8704010248184204,1
2.3622243404388428,1
2.123957633972168,1
2.5933644771575928,1
2.34973406791687,1
2.458789348602295,1
1.82746160030365,1
2.4779622554779053,1
1.876124620437622,1
2.2265329360961914,1
1.9441057443618774,1
3.216458320617676,1
2.5452914237976074,1
2.7458741664886475,1
2.6654839515686035,1
2.4815192222595215,1
2.4747233390808105,1
2.996428966522217,1
2.8577256202697754,1
2.5000171661376953,1
1.855184555053711,1
2.7058849334716797,1
2.4754321575164795,1
1.9177477359771729,1
1.88279128074646,1
2.34798264503479,1
2.6411895751953125,1
2.5087504386901855,1
2.2257699966430664,1
2.2437760829925537,1
2.43166184425354,1
2.8207273483276367,1
2.394786834716797,1
1.9095497131347656,1
2.914973258972168,1
2.377474546432495,1
3.1373443603515625,1
2.276857376098633,1
2.8336286544799805,1
2.433197259902954,1
2.3926262855529785,1
2.2481086254119873,1
2.374016046524048,1
2.0390586853027344,1
2.3621010780334473,1
2.5598526000976563,1
2.1647253036499023,1
1.8589757680892944,1
2.339677572250366,1
2.4730710983276367,1
2.7229647636413574,1
2.410554885864258,1
2.744565010070801,1
2.479334831237793,1
3.036184310913086,1
2.5383503437042236,1
1.8366484642028809,1
1.935509443283081,1
2.151261568069458,1
2.9944825172424316,1
2.6486268043518066,1
2.043179750442505,1
2.3021771907806396,1
2.657560348510742,1
2.370802164077759,1
2.3705239295959473,1
2.3626344203948975,1
1.826053261756897,1
2.003937244415283,1
2.33031964302063,1
2.290966033935547,1
2.34238338470459,1
2.5816457271575928,1
2.2822999954223633,1
2.198413610458374,1
2.764047622680664,1
2.5909647941589355,1
1.9748188257217407,1
2.3554792404174805,1
2.442412853240967,1
1.8838963508605957,1
1.987013816833496,1
2.4824914932250977,1
2.574098587036133,1
2.2872424125671387,1
2.626188278198242,1
2.700767993927002,1
2.0386786460876465,1
2.305068016052246,1
2.0550761222839355,1
2.301217555999756,1
2.312427520751953,1
2.229458808898926,1
2.009826898574829,1
2.3706929683685303,1
2.0028069019317627,1
2.1496493816375732,1
2.3237991333007813,1
2.405102252960205,1
2.5605428218841553,1
2.5877342224121094,1
2.7252535820007324,1
1.846684455871582,1
2.4545750617980957,1
2.308779716491699,1
2.4043679237365723,1
2.1886496543884277,1
2.1087355613708496,1
1.7886555194854736,1
2.495162010192871,1
2.1643173694610596,1
2.0902020931243896,1
2.448909282684326,1
2.0863254070281982,1
2.8272151947021484,1
2.192201614379883,1
2.0526773929595947,1
2.166544198989868,1
2.4965779781341553,1
2.0598580837249756,1
1.8519387245178223,1
2.3689746856689453,1
2.5120811462402344,1
2.3492355346679688,1
3.4994547367095947,1
2.5239109992980957,1
2.5721893310546875,1
2.184237480163574,1
3.2038309574127197,1
2.0223124027252197,1
2.193215847015381,1
2.3455052375793457,1
2.2426817417144775,1
2.464811325073242,1
2.5538125038146973,1
2.0765082836151123,1
2.5078024864196777,1
2.4342398643493652,1
2.105250835418701,1
1.763345718383789,1
2.405458927154541,1
2.105757236480713,1
2.886388063430786,1
2.484945774078369,1
2.2835488319396973,1
2.5550389289855957,1
2.315277338027954,1
2.7704148292541504,1
2.49880313873291,1
1.9511544704437256,1
2.5759100914001465,1
2.608412742614746,1
2.046013832092285,1
2.702125072479248,1
2.3403472900390625,1
1.904287576675415,1
2.6170034408569336,1
2.0888214111328125,1
2.4135637283325195,1
2.669940948486328,1
2.1062464714050293,1
2.996778726577759,1
2.522388458251953,1
2.2603368759155273,1
2.3090097904205322,1
1.7129552364349365,1
2.361821174621582,1
2.671990394592285,1
2.631781578063965,1
2.4841580390930176,1
2.4755802154541016,1
2.361889600753784,1
1.9406116008758545,1
2.106383800506592,1
1.9546921253204346,1
2.426685333251953,1
2.051741600036621,1
1.9403513669967651,1
2.5521562099456787,1
1.6525850296020508,1
2.250152587890625,1
2.292524814605713,1
1.7550451755523682,1
2.266648769378662,1
2.1775307655334473,1
2.3418281078338623,1
2.128962993621826,1
2.6357498168945313,1
2.4756550788879395,1
2.557023525238037,1
2.212169885635376,1
2.2659852504730225,1
3.4090375900268555,1
3.130470037460327,1
2.5762228965759277,1
2.0736141204833984,1
2.116558074951172,1
2.7061758041381836,1
2.1362264156341553,1
2.961988687515259,1
2.3354098796844482,1
2.7407352924346924,1
2.230285406112671,1
3.079023599624634,1
1.9697293043136597,1
2.5618348121643066,1
2.436389207839966,1
3.0532267093658447,1
2.543773889541626,1
2.2713570594787598,1
2.2942919731140137,1
2.124054431915283,1
2.4194421768188477,1
2.295400619506836,1
2.0404465198516846,1
1.992112398147583,1
2.044506072998047,1
2.25419282913208,1
2.239499807357788,1
2.0001463890075684,1
2.0396924018859863,1
1.8401074409484863,1
2.4348111152648926,1
2.3896703720092773,1
2.9021730422973633,1
2.689392566680908,1
2.493434429168701,1
3.021502733230591,1
1.8454334735870361,1
2.3007354736328125,1
2.203925132751465,1
2.105736017227173,1
2.666171073913574,1
2.6933345794677734,1
2.7506213188171387,1
2.183945655822754,1
2.2424745559692383,1
2.0175929069519043,1
2.337000608444214,1
2.4945826530456543,1
1.7842726707458496,1
2.616243839263916,1
2.4496910572052,1
2.486623764038086,1
2.1617343425750732,1
2.1406984329223633,1
2.3837900161743164,1
2.4822652339935303,1
2.3122034072875977,1
2.257385730743408,1
1.9848830699920654,1
2.395207405090332,1
1.9948432445526123,1
2.189819097518921,1
2.4579262733459473,1
1.7812538146972656,1
2.6352689266204834,1
1.956542730331421,1
2.290970802307129,1
1.8884165287017822,1
2.1229658126831055,1
2.3663506507873535,1
2.8538172245025635,1
1.786160945892334,1
2.3052818775177,1
2.0197927951812744,1
2.074488878250122,1
2.2029433250427246,1
2.295045852661133,1
1.6973408460617065,1
2.270231246948242,1
2.1525866985321045,1
2.22664475440979,1
2.274575710296631,1
2.2610692977905273,1
2.3644847869873047,1
2.2437915802001953,1
1.8667864799499512,1
2.360596179962158,1
2.107848644256592,1
2.1827807426452637,1
2.1572999954223633,1
2.3764705657958984,1
2.381542921066284,1
2.5698256492614746,1
2.062955856323242,1
2.1919007301330566,1
1.9529026746749878,1
2.0737602710723877,1
2.767059803009033,1
2.6244120597839355,1
2.1872825622558594,1
2.0470824241638184,1
2.6264946460723877,1
2.562849521636963,1
2.1171834468841553,1
2.971712589263916,1
2.000744104385376,1
2.2675957679748535,1
2.478013753890991,1
2.4036006927490234,1
2.384643316268921,1
1.8257849216461182,1
2.6091318130493164,1
2.701012372970581,1
2.1954493522644043,1
2.4864420890808105,1
2.8035898208618164,1
2.596994400024414,1
1.907711148262024,1
2.4577391147613525,1
2.3683741092681885,1
3.0669400691986084,1
2.6110293865203857,1
2.525801658630371,1
2.8825531005859375,1
2.6619346141815186,1
2.123105525970459,1
2.7953479290008545,1
2.3527088165283203,1
2.7672321796417236,1
2.7502572536468506,1
2.4113051891326904,1
3.0101912021636963,1
2.3433587551116943,1
2.301497220993042,1
2.1750378608703613,1
2.6807408332824707,1
2.19276762008667,1
3.1499061584472656,1
1.8662590980529785,1
2.8949475288391113,1
2.2827279567718506,1
2.5986557006835938,1
2.6542422771453857,1
2.21950101852417,1
2.098517894744873,1
2.193057060241699,1
2.4406208992004395,1
2.5742883682250977,1
2.158486843109131,1
2.2943530082702637,1
2.345820426940918,1
2.684067726135254,1
1.8499085903167725,1
1.8783782720565796,1
2.2567877769470215,1
2.4041008949279785,1
2.1738929748535156,1
2.6374146938323975,1
1.985781192779541,1
2.6719985008239746,1
2.0147249698638916,1
2.4305472373962402,1
2.122201442718506,1
2.2825398445129395,1
2.4143667221069336,1
1.993782877922058,1
2.2078003883361816,1
1.9870117902755737,1
2.32357120513916,1
2.5025506019592285,1
3.412898063659668,1
2.243422508239746,1
2.026519298553467,1
1.7049975395202637,1
2.1579108238220215,1
2.180692195892334,1
2.611762523651123,1
2.3017075061798096,1
2.200356960296631,1
2.505201816558838,1
1.9077107906341553,1
2.5700414180755615,1
2.011727809906006,1
2.2090015411376953,1
2.358776569366455,1
2.420072317123413,1
2.0904645919799805,1
1.9833261966705322,1
2.7775778770446777,1
1.9278075695037842,1
2.486198902130127,1
2.7351126670837402,1
2.759089708328247,1
2.3026351928710938,1
2.591770648956299,1
2.2594828605651855,1
2.739254951477051,1
2.585696220397949,1
2.090965747833252,1
1.863645076751709,1
2.4033219814300537,1
2.015193462371826,1
2.257047653198242,1
2.4348907470703125,1
1.9183454513549805,1
2.206289291381836,1
2.4070963859558105,1
2.5074872970581055,1
2.4044227600097656,1
2.4582316875457764,1
2.9559364318847656,1
2.425082206726074,1
1.8119345903396606,1
1.8211405277252197,1
2.434614419937134,1
2.3846988677978516,1
2.2954986095428467,1
2.5007481575012207,1
2.341535806655884,1
3.63541841506958,1
2.615841865539551,1
2.599782943725586,1
2.779615879058838,1
2.919736385345459,1
3.3071060180664063,1
2.234814167022705,1
3.413463830947876,1
2.235400676727295,1
2.3890795707702637,1
3.0649476051330566,1
2.5079846382141113,1
2.3565778732299805,1
2.2478833198547363,1
2.5255002975463867,1
2.4572694301605225,1
2.476531744003296,1
2.3214781284332275,1
1.868643879890442,1
2.218672275543213,1
2.117638349533081,1
2.0741324424743652,1
1.9306957721710205,1
2.35489559173584,1
2.3033809661865234,1
2.2045557498931885,1
1.8357014656066895,1
2.7583441734313965,1
1.8176770210266113,1
1.9987996816635132,1
2.483621597290039,1
2.607923984527588,1
2.4277987480163574,1
2.770819664001465,1
2.4947304725646973,1
2.341378688812256,1
2.295835494995117,1
1.8978493213653564,1
2.38905930519104,1
3.123504638671875,1
2.477593421936035,1
3.1331119537353516,1
1.879770040512085,1
1.9679234027862549,1
2.1004116535186768,1
2.52523136138916,1
1.835080862045288,1
1.9545034170150757,1
2.3429856300354004,1
2.2978951930999756,1
2.1632418632507324,1
2.5467491149902344,1
2.6107559204101563,1
2.4259302616119385,1
2.1509716510772705,1
2.1471035480499268,1
2.6957530975341797,1
2.1994926929473877,1
2.8699212074279785,1
2.6346888542175293,1
2.400599956512451,1
1.9614157676696777,1
2.6998915672302246,1
2.1946825981140137,1
2.6238460540771484,1
2.809100866317749,1
2.1045846939086914,1
2.533146381378174,1
2.438627243041992,1
2.636164665222168,1
2.385657787322998,1
2.97554874420166,1
2.671905517578125,1
1.9581907987594604,1
2.627286911010742,1
2.3872570991516113,1
2.7351977825164795,1
2.7283811569213867,1
2.4506680965423584,1
2.024703025817871,1
2.1218643188476563,1
2.2038474082946777,1
2.534320831298828,1
2.523934841156006,1
2.5765421390533447,1
2.4422154426574707,1
2.179412841796875,1
2.429964303970337,1
2.609069347381592,1
3.210477352142334,1
2.276258945465088,1
2.5278916358947754,1
1.98066246509552,1
2.037865161895752,1
2.0997538566589355,1
2.7605814933776855,1
2.5503060817718506,1
2.571168899536133,1
3.50807523727417,1
2.0877957344055176,1
1.7429780960083008,1
2.510742664337158,1
2.010047674179077,1
2.2049264907836914,1
2.855276584625244,1
2.6551198959350586,1
2.72770094871521,1
2.368964195251465,1
2.404688596725464,1
2.864884853363037,1
2.53727650642395,1
2.4348363876342773,1
2.6922192573547363,1
2.522280693054199,1
2.079390525817871,1
2.1993374824523926,1
2.016017436981201,1
2.1566238403320313,1
2.3701586723327637,1
2.0443387031555176,1
2.7542901039123535,1
2.6560702323913574,1
2.3215174674987793,1
2.5984883308410645,1
2.406696081161499,1
2.2661614418029785,1
2.0457167625427246,1
2.4235658645629883,1
2.1324687004089355,1
1.937759280204773,1
2.485593795776367,1
2.1225438117980957,1
2.4339170455932617,1
2.0058183670043945,1
1.9186677932739258,1
2.277740478515625,1
2.810398578643799,1
1.891924500465393,1
2.552065372467041,1
2.451632022857666,1
2.0206170082092285,1
2.295339584350586,1
1.9234569072723389,1
2.6937527656555176,1
2.197584390640259,1
1.907533884048462,1
2.7086095809936523,1
2.429138660430908,1
1.7655448913574219,1
1.962863802909851,1
1.9189653396606445,1
2.2843854427337646,1
2.558699607849121,1
2.1914310455322266,1
2.0905721187591553,1
2.6799776554107666,1
2.299016237258911,1
2.245699405670166,1
2.1276426315307617,1
2.560504913330078,1
2.2415056228637695,1
2.334428071975708,1
1.7441469430923462,1
2.322617530822754,1
2.2607510089874268,1
2.1231319904327393,1
2.043489456176758,1
2.0505638122558594,1
2.663630247116089,1
2.158041000366211,1
2.203979969024658,1
1.9231387376785278,1
1.9091099500656128,1
2.2783944606781006,1
2.1727638244628906,1
1.9266608953475952,1
3.081418514251709,1
2.093738317489624,1
2.1645748615264893,1
1.9457963705062866,1
1.7064461708068848,1
1.9140963554382324,1
2.567336082458496,1
2.803980827331543,1
2.306316375732422,1
1.7161345481872559,1
2.318819999694824,1
2.7154812812805176,1
2.2660164833068848,1
2.281522750854492,1
2.3018572330474854,1
2.5712952613830566,1
2.965707540512085,1
2.08276629447937,1
1.8148635625839233,1
2.627915382385254,1
2.7820777893066406,1
2.1283175945281982,1
2.080848217010498,1
3.111903429031372,1
2.556537389755249,1
2.546774387359619,1
2.515529155731201,1
2.1037557125091553,1
2.3736732006073,1
1.9234285354614258,1
2.132537364959717,1
1.901493787765503,1
2.354480504989624,1
2.724069595336914,1
1.974021553993225,1
2.6112539768218994,1
2.709887981414795,1
2.7393670082092285,1
1.7809330224990845,1
2.582413673400879,1
2.5560684204101563,1
2.4999289512634277,1
2.1176438331604004,1
2.3595240116119385,1
2.6187496185302734,1
2.311556816101074,1
1.9177157878875732,1
2.3823928833007813,1
2.655057191848755,1
3.0759201049804688,1
2.1383278369903564,1
2.412773609161377,1
1.879347801208496,1
2.200345039367676,1
2.1379294395446777,1
2.172927141189575,1
2.551283836364746,1
2.0968103408813477,1
2.0515480041503906,1
2.189207077026367,1
2.0870847702026367,1
1.7505810260772705,1
2.1899609565734863,1
2.1575794219970703,1
2.704058885574341,1
2.8095734119415283,1
1.9791557788848877,1
1.9132232666015625,1
2.2894177436828613,1
2.731248617172241,1
2.814453125,1
2.7386069297790527,1
2.9402408599853516,1
2.8770904541015625,1
2.5932998657226563,1
2.5090324878692627,1
2.523496150970459,1
2.0240800380706787,1
2.320286512374878,1
2.493654489517212,1
2.006354808807373,1
2.2514071464538574,1
2.0503571033477783,1
2.231100082397461,1
2.6070122718811035,1
2.653257369995117,1
2.053070545196533,1
3.2662463188171387,1
2.334709882736206,1
2.1490910053253174,1
2.263195276260376,1
3.3190762996673584,1
2.4584360122680664,1
2.056861400604248,1
2.9327311515808105,1
2.800967216491699,1
2.4848968982696533,1
2.2832226753234863,1
2.4853034019470215,1
2.2887468338012695,1
2.3059682846069336,1
2.4339911937713623,1
1.9014019966125488,1
2.4302978515625,1
3.6364176273345947,1
2.441026449203491,1
2.183819532394409,1
2.8800036907196045,1
2.7466049194335938,1
2.3801586627960205,1
2.2382092475891113,1
2.3856866359710693,1
2.364039659500122,1
2.243485927581787,1
2.36238431930542,1
2.330528497695923,1
2.073432207107544,1
2.5406370162963867,1
2.1985466480255127,1
2.13550066947937,1
2.413553237915039,1
2.5102317333221436,1
2.568213939666748,1
2.122396230697632,1
2.1446352005004883,1
2.022634506225586,1
2.073179244995117,1
2.107050895690918,1
2.1021971702575684,1
3.0778422355651855,1
2.5507779121398926,1
2.3969645500183105,1
2.766232967376709,1
3.0623819828033447,1
2.3143227100372314,1
2.247283935546875,1
3.151308059692383,1
2.679121494293213,1
2.148411273956299,1
2.1410598754882813,1
2.3069663047790527,1
2.681722402572632,1
2.574472427368164,1
2.649709701538086,1
2.1875205039978027,1
2.5356576442718506,1
2.588026523590088,1
3.032670021057129,1
3.220949172973633,1
2.3838982582092285,1
2.5020875930786133,1
2.2348790168762207,1
2.2405827045440674,1
2.2364439964294434,1
2.4688472747802734,1
2.330808639526367,1
1.941331386566162,1
1.9873056411743164,1
2.366809844970703,1
2.020388126373291,1
1.8625988960266113,1
2.2252798080444336,1
2.5388288497924805,1
1.9496345520019531,1
2.0739073753356934,1
2.2925167083740234,1
2.1819469928741455,1
2.33182954788208,1
2.402127504348755,1
2.2712221145629883,1
2.4921014308929443,1
2.3380980491638184,1
2.15608811378479,1
1.5256211757659912,1
1.6651853322982788,1
2.6200814247131348,1
2.2231526374816895,1
2.198399066925049,1
1.8866231441497803,1
2.182677984237671,1
2.2694101333618164,1
2.296297550201416,1
2.751873016357422,1
2.4803481101989746,1
2.383962631225586,1
2.4556617736816406,1
2.715452194213867,1
2.5710761547088623,1
2.3795433044433594,1
2.426961660385132,1
2.378908157348633,1
2.3978424072265625,1
2.455010414123535,1
2.761221170425415,1
2.4359846115112305,1
2.0238845348358154,1
2.7176594734191895,1
2.8419392108917236,1
2.4397525787353516,1
2.3208117485046387,1
2.3209309577941895,1
2.057281494140625,1
2.427210807800293,1
2.592188835144043,1
2.3781254291534424,1
2.970921277999878,1
2.1353507041931152,1
2.6732707023620605,1
2.4748339653015137,1
2.229034900665283,1
2.6948184967041016,1
2.5308053493499756,1
2.850768566131592,1
2.201016426086426,1
2.6176042556762695,1
2.441152811050415,1
2.2979109287261963,1
2.3737540245056152,1
2.1475274562835693,1
2.912062644958496,1
2.6985673904418945,1
2.257683753967285,1
2.0823915004730225,1
2.0890419483184814,1
2.240593433380127,1
1.9725340604782104,1
2.551237106323242,1
2.2189087867736816,1
2.1959571838378906,1
2.2492809295654297,1
2.3114852905273438,1
2.514286518096924,1
2.208848237991333,1
2.967822551727295,1
2.362492561340332,1
2.1660008430480957,1
