3.6427369117736816,1
3.5900492668151855,1
3.1421713829040527,1
3.035845994949341,1
3.6660430431365967,1
3.2054443359375,1
3.530296802520752,1
2.771700859069824,1
3.2339372634887695,1
3.8248291015625,1
4.1489973068237305,1
3.332487106323242,1
3.4841012954711914,1
3.144725799560547,1
3.902951240539551,1
3.0220787525177,1
3.4852442741394043,1
3.800934314727783,1
3.9533679485321045,1
3.2287936210632324,1
3.1529736518859863,1
2.991657018661499,1
2.597538948059082,1
3.829146385192871,1
3.0120368003845215,1
3.309253454208374,1
3.674014091491699,1
4.397754669189453,1
2.393831253051758,1
3.018054246902466,1
3.740988254547119,1
2.949453353881836,1
3.639415740966797,1
3.4328813552856445,1
2.674669027328491,1
2.62850022315979,1
3.217620611190796,1
3.7484240531921387,1
2.9736380577087402,1
3.624269962310791,1
3.216357707977295,1
3.93654203414917,1
3.040025234222412,1
4.318751811981201,1
4.062704086303711,1
3.1826353073120117,1
2.9672703742980957,1
3.8624753952026367,1
4.037940979003906,1
3.856105327606201,1
4.101517200469971,1
4.186929702758789,1
4.19657039642334,1
3.7241597175598145,1
3.5610928535461426,1
3.343268394470215,1
3.444847583770752,1
3.6915671825408936,1
3.655259370803833,1
3.769221782684326,1
3.5834922790527344,1
3.6570816040039063,1
3.7841124534606934,1
3.9738025665283203,1
3.09535551071167,1
3.8624110221862793,1
3.426039457321167,1
3.2566328048706055,1
2.9822816848754883,1
3.7249574661254883,1
3.2209577560424805,1
3.4642319679260254,1
3.3065505027770996,1
3.9803552627563477,1
4.243996620178223,1
3.7956833839416504,1
3.8877437114715576,1
4.247681140899658,1
3.704097270965576,1
3.7629475593566895,1
3.530345916748047,1
4.004382133483887,1
2.962822914123535,1
3.525968551635742,1
3.5707523822784424,1
3.3686013221740723,1
3.6430537700653076,1
3.9280405044555664,1
3.257451057434082,1
2.574946165084839,1
3.9564883708953857,1
3.4443774223327637,1
2.956705331802368,1
3.934659719467163,1
3.5509915351867676,1
2.4660348892211914,1
3.6173691749572754,1
3.2047271728515625,1
3.484250783920288,1
3.712506055831909,1
5.189632415771484,1
4.683048725128174,1
4.174658298492432,1
4.199004173278809,1
3.698214292526245,1
3.7029001712799072,1
3.575735092163086,1
4.448280334472656,1
4.421347618103027,1
3.548245906829834,1
3.8735179901123047,1
3.8901784420013428,1
3.6669857501983643,1
3.4732773303985596,1
3.3031070232391357,1
3.4135618209838867,1
4.772143363952637,1
4.4133501052856445,1
3.062706232070923,1
3.416663646697998,1
3.466735363006592,1
3.381361961364746,1
3.4791452884674072,1
3.4455173015594482,1
3.9170517921447754,1
3.9993631839752197,1
3.2689590454101563,1
3.3962152004241943,1
3.79646635055542,1
3.613738536834717,1
4.110166549682617,1
4.298000812530518,1
3.783672571182251,1
3.3468213081359863,1
3.3024024963378906,1
3.3096466064453125,1
3.900620222091675,1
3.6818790435791016,1
3.4917311668395996,1
4.894808769226074,1
3.444967031478882,1
3.7600016593933105,1
3.3551671504974365,1
4.249796390533447,1
3.8445680141448975,1
4.210001468658447,1
4.1144185066223145,1
3.329301357269287,1
3.4396185874938965,1
3.9088897705078125,1
3.223174571990967,1
3.523582935333252,1
3.1639766693115234,1
3.3348560333251953,1
4.037030220031738,1
3.718548059463501,1
3.872556686401367,1
3.4347596168518066,1
3.1319313049316406,1
3.4220786094665527,1
3.9386649131774902,1
2.7897911071777344,1
3.5200729370117188,1
3.5814311504364014,1
3.3583569526672363,1
2.8037667274475098,1
3.290860414505005,1
3.1983861923217773,1
3.7940149307250977,1
3.524885654449463,1
3.8423995971679688,1
3.742295742034912,1
3.4321775436401367,1
2.607494354248047,1
3.8354547023773193,1
2.9821360111236572,1
3.8324947357177734,1
3.401942729949951,1
3.19767427444458,1
3.321420907974243,1
3.908250331878662,1
3.6061878204345703,1
3.560579776763916,1
4.532193183898926,1
4.1757330894470215,1
3.8619422912597656,1
4.367759704589844,1
4.53132438659668,1
3.0281620025634766,1
6.190090179443359,1
4.286377906799316,1
3.3738908767700195,1
2.8983521461486816,1
3.0947747230529785,1
3.9145655632019043,1
3.2400267124176025,1
4.065124034881592,1
3.378753423690796,1
3.7574384212493896,1
3.2075576782226563,1
3.866487979888916,1
4.2986345291137695,1
3.5768485069274902,1
3.3482072353363037,1
3.502000093460083,1
3.1749491691589355,1
3.203674077987671,1
3.604360342025757,1
3.2225584983825684,1
3.6513381004333496,1
4.058417797088623,1
3.73549485206604,1
3.183842420578003,1
3.9873735904693604,1
3.3634791374206543,1
3.097057342529297,1
3.387077569961548,1
3.6072018146514893,1
3.5712594985961914,1
2.9420535564422607,1
3.8992156982421875,1
3.9245944023132324,1
4.407257080078125,1
3.1016478538513184,1
3.885374069213867,1
3.4239284992218018,1
3.3140180110931396,1
3.3786540031433105,1
3.461005210876465,1
4.9561872482299805,1
3.5327908992767334,1
3.4416885375976563,1
3.847496509552002,1
3.562293291091919,1
4.361379146575928,1
3.48876953125,1
3.5934743881225586,1
3.1746716499328613,1
3.1474995613098145,1
2.8610639572143555,1
3.381370782852173,1
3.957862377166748,1
3.8801496028900146,1
3.6521317958831787,1
2.928957939147949,1
2.902575969696045,1
3.144993305206299,1
3.6934595108032227,1
3.811868190765381,1
3.7063798904418945,1
3.59690523147583,1
3.2906103134155273,1
3.153054714202881,1
3.6712582111358643,1
3.2388036251068115,1
3.514176368713379,1
3.3336329460144043,1
3.635012626647949,1
3.9538674354553223,1
3.4930038452148438,1
3.592013120651245,1
3.3075404167175293,1
4.7160563468933105,1
3.7732648849487305,1
3.446732521057129,1
3.853956699371338,1
3.136895179748535,1
3.547255039215088,1
4.265486717224121,1
3.851940155029297,1
3.206666946411133,1
3.53474760055542,1
3.8495874404907227,1
3.546731948852539,1
4.407749176025391,1
4.505491256713867,1
4.410490989685059,1
4.066532611846924,1
4.323002338409424,1
4.633538246154785,1
3.461951732635498,1
3.840618371963501,1
3.2274580001831055,1
3.361423969268799,1
3.6315553188323975,1
4.615934371948242,1
4.266871452331543,1
4.523270606994629,1
3.859395980834961,1
3.5547471046447754,1
3.6882691383361816,1
3.1483421325683594,1
3.3959860801696777,1
2.8829236030578613,1
3.511098861694336,1
3.677760601043701,1
2.9309442043304443,1
3.1699652671813965,1
2.9021410942077637,1
3.869664192199707,1
3.192821979522705,1
3.6304478645324707,1
4.472700595855713,1
3.2627649307250977,1
3.2623491287231445,1
4.096643447875977,1
3.097661018371582,1
2.8783862590789795,1
2.8508267402648926,1
3.1604247093200684,1
3.7599868774414063,1
3.1391258239746094,1
3.4644083976745605,1
3.6833972930908203,1
3.527411937713623,1
3.4136054515838623,1
3.863536834716797,1
3.502753257751465,1
3.363346576690674,1
3.1383767127990723,1
3.108976364135742,1
3.604945659637451,1
3.8313870429992676,1
3.0572590827941895,1
3.283013105392456,1
3.110276222229004,1
3.5905580520629883,1
3.3283615112304688,1
2.9893698692321777,1
2.8621444702148438,1
3.620164394378662,1
3.1142330169677734,1
2.833343267440796,1
2.9198217391967773,1
2.9924559593200684,1
4.071836471557617,1
4.200986862182617,1
3.23759126663208,1
3.5112807750701904,1
3.3096799850463867,1
3.2098548412323,1
3.4697906970977783,1
2.936959743499756,1
3.280424118041992,1
2.764761209487915,1
3.180553436279297,1
3.457881212234497,1
3.593766689300537,1
2.790614366531372,1
3.61295747756958,1
3.8263182640075684,1
3.0480923652648926,1
3.7128145694732666,1
3.451009750366211,1
3.1750082969665527,1
3.274601459503174,1
3.678335666656494,1
3.6788811683654785,1
4.0246100425720215,1
3.880272626876831,1
2.912856101989746,1
3.7557384967803955,1
3.4519200325012207,1
3.4168505668640137,1
3.357893466949463,1
3.823606252670288,1
3.531405210494995,1
3.506495475769043,1
4.981521129608154,1
4.194526195526123,1
3.5606799125671387,1
3.364327907562256,1
3.099219799041748,1
3.1624317169189453,1
3.513136625289917,1
2.7701897621154785,1
4.093350887298584,1
3.479825735092163,1
3.292992115020752,1
2.96171236038208,1
3.3279104232788086,1
3.484726905822754,1
3.0625100135803223,1
3.7495923042297363,1
3.0838265419006348,1
2.743767023086548,1
3.176222801208496,1
3.771559476852417,1
3.6338653564453125,1
3.5722556114196777,1
3.839242458343506,1
5.332612037658691,1
3.392404556274414,1
3.5336668491363525,1
3.982180595397949,1
3.1332387924194336,1
2.962787628173828,1
3.627957344055176,1
2.8763270378112793,1
3.1606202125549316,1
3.121316909790039,1
3.404771089553833,1
3.3241467475891113,1
3.9682488441467285,1
3.968363046646118,1
3.514749526977539,1
3.183610439300537,1
3.153779983520508,1
3.65690279006958,1
3.6053061485290527,1
3.3277363777160645,1
3.3667750358581543,1
3.3150033950805664,1
3.819880485534668,1
3.3354859352111816,1
3.357707977294922,1
3.284451484680176,1
3.8188700675964355,1
4.2426371574401855,1
3.485912322998047,1
4.095217227935791,1
3.60211181640625,1
3.6339328289031982,1
3.186093330383301,1
2.9381802082061768,1
3.1885504722595215,1
3.3974878787994385,1
3.561776638031006,1
3.254601001739502,1
2.7403268814086914,1
2.9186933040618896,1
2.6136224269866943,1
3.003227710723877,1
2.9724667072296143,1
3.464207172393799,1
3.0772526264190674,1
3.081062078475952,1
3.403247833251953,1
2.975084066390991,1
3.665818691253662,1
3.6321730613708496,1
3.4068825244903564,1
2.911592483520508,1
3.487034320831299,1
3.4299685955047607,1
2.9848809242248535,1
3.046699285507202,1
3.6181528568267822,1
4.441351890563965,1
3.688027858734131,1
3.278088331222534,1
3.5908379554748535,1
3.583188533782959,1
2.9808058738708496,1
2.7977683544158936,1
3.764127731323242,1
2.8252718448638916,1
2.8181257247924805,1
3.739077091217041,1
3.867527961730957,1
3.255756378173828,1
3.403245210647583,1
3.6202409267425537,1
3.6387009620666504,1
3.7133166790008545,1
3.004539966583252,1
3.571087598800659,1
3.3851091861724854,1
3.0621352195739746,1
3.938361644744873,1
3.5186500549316406,1
2.7771894931793213,1
3.8247673511505127,1
3.135620594024658,1
2.9594573974609375,1
3.656658411026001,1
3.0599141120910645,1
2.996762275695801,1
3.0090441703796387,1
3.555222749710083,1
3.393021583557129,1
3.572157382965088,1
2.8133678436279297,1
3.597623348236084,1
3.4141576290130615,1
3.3186309337615967,1
3.10703444480896,1
3.9579596519470215,1
2.986570358276367,1
3.3602755069732666,1
3.563971519470215,1
3.554081439971924,1
3.675995111465454,1
3.4908969402313232,1
3.06058931350708,1
3.4157488346099854,1
3.3777313232421875,1
3.6256608963012695,1
3.351332187652588,1
2.5719120502471924,1
3.0059902667999268,1
3.57304048538208,1
3.555971622467041,1
3.7680916786193848,1
2.4280335903167725,1
2.6259891986846924,1
3.6498396396636963,1
3.7322731018066406,1
4.010713577270508,1
3.4936327934265137,1
4.122859477996826,1
3.9107506275177,1
3.321566581726074,1
3.5510921478271484,1
3.211834192276001,1
3.2211997509002686,1
3.7700304985046387,1
3.2760629653930664,1
3.16204833984375,1
3.2147858142852783,1
3.2601213455200195,1
3.048251152038574,1
3.6817283630371094,1
3.526153087615967,1
5.066425323486328,1
3.071645736694336,1
2.6739819049835205,1
2.8238396644592285,1
3.455843687057495,1
3.536223888397217,1
3.6485371589660645,1
2.615535020828247,1
3.069206714630127,1
3.3082754611968994,1
2.8944826126098633,1
2.616499423980713,1
2.890331745147705,1
3.4022016525268555,1
3.9833426475524902,1
3.776550531387329,1
3.4429593086242676,1
3.346958875656128,1
4.250543117523193,1
5.050688743591309,1
3.3309247493743896,1
3.8010406494140625,1
2.558683156967163,1
3.478963613510132,1
3.2625794410705566,1
3.6810696125030518,1
3.2432260513305664,1
3.248077392578125,1
3.2040460109710693,1
3.8414037227630615,1
3.849353313446045,1
3.6365551948547363,1
3.4036574363708496,1
3.698021173477173,1
4.957239151000977,1
3.5898356437683105,1
4.209444046020508,1
3.68908429145813,1
4.105409622192383,1
3.4992611408233643,1
4.036319732666016,1
4.330836296081543,1
3.727782726287842,1
3.091057777404785,1
2.816838502883911,1
3.3596041202545166,1
3.9785284996032715,1
3.3755502700805664,1
3.2535042762756348,1
3.1993978023529053,1
3.5362815856933594,1
3.339087963104248,1
3.3749632835388184,1
3.6094236373901367,1
3.819767475128174,1
4.28869104385376,1
3.642976760864258,1
3.2441205978393555,1
3.231639862060547,1
3.2107081413269043,1
4.124489784240723,1
3.2000608444213867,1
2.9937567710876465,1
3.8210718631744385,1
3.891568899154663,1
3.6074912548065186,1
3.7265336513519287,1
3.553830146789551,1
3.053734064102173,1
3.400071620941162,1
3.072676181793213,1
2.755692958831787,1
3.8031351566314697,1
3.8081181049346924,1
3.424952983856201,1
3.7886412143707275,1
3.590097427368164,1
3.624601364135742,1
3.434844970703125,1
3.306328058242798,1
3.4042141437530518,1
3.578902006149292,1
3.503471851348877,1
3.505976438522339,1
4.188851356506348,1
3.249870777130127,1
2.987992286682129,1
3.073742151260376,1
3.415808916091919,1
3.3471765518188477,1
2.9171829223632813,1
2.8290152549743652,1
3.271318197250366,1
3.591642379760742,1
3.3116538524627686,1
3.1310107707977295,1
3.7308459281921387,1
3.183767318725586,1
4.010414123535156,1
3.1791458129882813,1
3.4143357276916504,1
2.811274528503418,1
3.322127342224121,1
2.9360499382019043,1
2.821445941925049,1
3.926017999649048,1
3.398298978805542,1
3.340681552886963,1
3.869288206100464,1
2.9077138900756836,1
3.227165460586548,1
3.4601407051086426,1
3.162949562072754,1
3.1569252014160156,1
2.6935219764709473,1
4.210779190063477,1
2.941439628601074,1
3.6366875171661377,1
3.122663974761963,1
3.8196780681610107,1
4.892673492431641,1
3.608924150466919,1
3.8296847343444824,1
4.020106315612793,1
3.2893428802490234,1
4.035675048828125,1
3.4708008766174316,1
3.3864586353302,1
3.4949731826782227,1
3.3381154537200928,1
2.791393756866455,1
3.645589590072632,1
3.062215566635132,1
3.0337421894073486,1
3.6151342391967773,1
2.884265899658203,1
3.4798831939697266,1
3.2908339500427246,1
2.958503246307373,1
3.918037176132202,1
3.1543221473693848,1
3.2335124015808105,1
2.9967281818389893,1
2.7277987003326416,1
2.869386672973633,1
3.37983775138855,1
3.705305576324463,1
3.2134339809417725,1
3.4533660411834717,1
3.2054426670074463,1
3.4715733528137207,1
3.9636387825012207,1
3.3847579956054688,1
4.10260009765625,1
3.5675318241119385,1
3.3107357025146484,1
3.746976375579834,1
3.410392999649048,1
3.6271188259124756,1
3.3328700065612793,1
3.3050928115844727,1
3.102041721343994,1
2.969028949737549,1
3.0144739151000977,1
2.9953079223632813,1
3.2820329666137695,1
3.327786445617676,1
4.312458515167236,1
3.1817331314086914,1
3.223386287689209,1
3.465290069580078,1
3.662661552429199,1
3.472158193588257,1
3.370694398880005,1
4.022144317626953,1
3.1246867179870605,1
3.0274696350097656,1
3.3351845741271973,1
3.441269874572754,1
4.109773635864258,1
3.129263162612915,1
3.016286611557007,1
3.1062967777252197,1
3.7543768882751465,1
3.3137974739074707,1
4.157561302185059,1
3.242387533187866,1
3.498569965362549,1
3.6843910217285156,1
3.5459799766540527,1
3.829916000366211,1
4.5377583503723145,1
4.374125957489014,1
4.173834323883057,1
4.350496292114258,1
4.397704124450684,1
5.604223251342773,1
4.043440818786621,1
3.5265188217163086,1
3.184560775756836,1
3.748296022415161,1
3.746682643890381,1
3.749519109725952,1
4.73307991027832,1
3.2154459953308105,1
3.6727194786071777,1
3.4452672004699707,1
3.6514344215393066,1
2.767836093902588,1
2.599536418914795,1
4.253048419952393,1
4.043027877807617,1
3.8897764682769775,1
3.209946870803833,1
3.2688605785369873,1
3.0925960540771484,1
3.469559669494629,1
3.552690029144287,1
2.9591214656829834,1
3.745021343231201,1
3.6193137168884277,1
3.7586822509765625,1
4.114087104797363,1
3.388679027557373,1
3.2378828525543213,1
3.18302583694458,1
3.8624045848846436,1
3.944429874420166,1
3.5740439891815186,1
3.447593927383423,1
3.9165143966674805,1
3.0905258655548096,1
3.169528007507324,1
3.0596091747283936,1
3.2034835815429688,1
3.4754831790924072,1
2.779075860977173,1
3.33713960647583,1
3.4821643829345703,1
2.8640618324279785,1
2.754528045654297,1
3.444580554962158,1
3.347527027130127,1
2.773484706878662,1
3.477982521057129,1
3.505528688430786,1
3.4348111152648926,1
3.159350633621216,1
3.5387978553771973,1
3.2160744667053223,1
3.276981830596924,1
3.0100722312927246,1
2.5830540657043457,1
3.2997636795043945,1
4.082039833068848,1
3.321558713912964,1
3.5614421367645264,1
3.458521604537964,1
2.484971046447754,1
3.703721523284912,1
3.1748504638671875,1
3.963080406188965,1
3.579641819000244,1
4.123191833496094,1
3.6261773109436035,1
3.24666428565979,1
2.8221993446350098,1
3.4076781272888184,1
3.304502248764038,1
3.292003870010376,1
2.9857261180877686,1
3.144749641418457,1
4.807100772857666,1
3.2651422023773193,1
4.838266849517822,1
3.3446719646453857,1
3.901885509490967,1
3.0787603855133057,1
3.124049186706543,1
3.26568603515625,1
3.1024250984191895,1
3.192016124725342,1
3.1247127056121826,1
4.05877685546875,1
2.829763412475586,1
3.61747407913208,1
3.456301689147949,1
3.0511534214019775,1
3.4444594383239746,1
3.1750869750976563,1
2.9818549156188965,1
3.3560895919799805,1
2.9663808345794678,1
2.9663867950439453,1
3.2343339920043945,1
3.2494382858276367,1
3.801905870437622,1
3.451918601989746,1
4.608855724334717,1
3.2354650497436523,1
3.3926682472229004,1
3.437892198562622,1
3.1648340225219727,1
4.276700019836426,1
3.790043354034424,1
3.6448488235473633,1
3.787475109100342,1
2.621140480041504,1
3.125420570373535,1
4.097722053527832,1
3.769432306289673,1
3.0446205139160156,1
3.001358985900879,1
3.151129961013794,1
2.897043228149414,1
3.2905778884887695,1
2.9890565872192383,1
3.7539029121398926,1
3.7055938243865967,1
2.8654277324676514,1
3.0379574298858643,1
4.084564208984375,1
3.0176186561584473,1
3.098748207092285,1
3.2822351455688477,1
3.6793692111968994,1
4.395418643951416,1
4.2855753898620605,1
2.5162153244018555,1
3.2914726734161377,1
3.9452171325683594,1
3.434375524520874,1
3.472205638885498,1
3.5880746841430664,1
4.051011085510254,1
3.6106510162353516,1
4.038158416748047,1
3.232900619506836,1
3.0906171798706055,1
3.4438300132751465,1
2.9532504081726074,1
3.899667739868164,1
3.8407444953918457,1
2.7638843059539795,1
4.069571018218994,1
2.662238836288452,1
4.8953094482421875,1
3.6981961727142334,1
3.485847234725952,1
2.977156400680542,1
3.4842357635498047,1
3.6601576805114746,1
3.274662494659424,1
3.7904372215270996,1
3.906167984008789,1
3.3293323516845703,1
3.577057361602783,1
3.570690393447876,1
3.8628153800964355,1
3.0997841358184814,1
3.5354630947113037,1
3.320873260498047,1
3.29060435295105,1
3.2027747631073,1
3.0938029289245605,1
3.0895822048187256,1
2.990830421447754,1
2.7821788787841797,1
2.7125937938690186,1
4.049323081970215,1
3.6633448600769043,1
3.3938753604888916,1
3.5678396224975586,1
3.805908679962158,1
4.638150691986084,1
3.9521021842956543,1
3.4453558921813965,1
3.695692539215088,1
3.548628568649292,1
3.432706356048584,1
4.606406211853027,1
3.866345167160034,1
3.7262778282165527,1
3.0469882488250732,1
3.5484399795532227,1
3.246696949005127,1
4.061795234680176,1
3.6457581520080566,1
3.041849136352539,1
2.771190643310547,1
2.5093226432800293,1
3.5051498413085938,1
3.864961862564087,1
3.5003206729888916,1
3.4395251274108887,1
2.854421615600586,1
3.8518335819244385,1
3.28525972366333,1
4.185366630554199,1
3.820974111557007,1
3.9308319091796875,1
3.8061254024505615,1
3.307009220123291,1
3.0328478813171387,1
4.406400203704834,1
3.4006595611572266,1
3.753537893295288,1
3.6922144889831543,1
3.0067391395568848,1
2.8440794944763184,1
3.355630874633789,1
2.974102020263672,1
3.382291078567505,1
3.65838623046875,1
3.083223819732666,1
3.8394789695739746,1
3.7587368488311768,1
3.258889675140381,1
2.821230411529541,1
3.1275997161865234,1
2.842440128326416,1
3.4395265579223633,1
3.6907849311828613,1
3.197772979736328,1
4.53339958190918,1
3.677603006362915,1
3.741720199584961,1
3.2895936965942383,1
2.9782090187072754,1
2.7268190383911133,1
3.3166513442993164,1
3.063689947128296,1
3.447483777999878,1
3.175912380218506,1
3.5631701946258545,1
3.719590663909912,1
3.5681416988372803,1
4.2600555419921875,1
4.9971113204956055,1
4.2251739501953125,1
4.703239440917969,1
5.980655670166016,1
3.159430980682373,1
3.188570499420166,1
3.7702512741088867,1
3.1795058250427246,1
3.2725002765655518,1
3.711864948272705,1
3.834290027618408,1
3.1051573753356934,1
3.3488621711730957,1
2.8799283504486084,1
3.5263848304748535,1
4.385469436645508,1
3.1806657314300537,1
3.7164716720581055,1
3.307344436645508,1
3.6026408672332764,1
3.1998205184936523,1
3.082838535308838,1
3.260091543197632,1
3.1360321044921875,1
2.7488481998443604,1
3.1995201110839844,1
2.430893898010254,1
3.4012792110443115,1
3.083235502243042,1
2.9628939628601074,1
4.041224479675293,1
3.287257432937622,1
3.349893808364868,1
3.5931689739227295,1
3.838618755340576,1
3.1624302864074707,1
3.278588056564331,1
3.547452926635742,1
2.484036445617676,1
4.1011247634887695,1
4.587625026702881,1
4.348034858703613,1
2.9507713317871094,1
4.444483280181885,1
2.970949172973633,1
3.641860008239746,1
3.9434759616851807,1
3.1261067390441895,1
3.628680944442749,1
3.727581024169922,1
4.599671363830566,1
4.1586456298828125,1
4.414333343505859,1
4.030796051025391,1
4.265398979187012,1
5.198670864105225,1
3.978733777999878,1
3.4070024490356445,1
4.066652297973633,1
5.539785861968994,1
4.231064319610596,1
3.5241804122924805,1
3.9215004444122314,1
4.093694686889648,1
3.775327444076538,1
4.173052787780762,1
5.549877166748047,1
4.665607929229736,1
6.5170183181762695,1
4.5579514503479,1
4.791768550872803,1
4.270529270172119,1
4.753650665283203,1
3.764887571334839,1
3.597764253616333,1
3.599621295928955,1
4.050248146057129,1
4.601789474487305,1
4.893016815185547,1
4.378918647766113,1
3.7909021377563477,1
2.7240777015686035,1
3.685823440551758,1
3.1946310997009277,1
3.720198631286621,1
3.5009849071502686,1
3.82009220123291,1
3.180232048034668,1
3.033277988433838,1
3.3094916343688965,1
3.170711040496826,1
4.26737117767334,1
4.047229290008545,1
3.729057788848877,1
3.3345894813537598,1
3.056806802749634,1
3.1799163818359375,1
3.9278712272644043,1
3.9219510555267334,1
3.1773202419281006,1
4.475319862365723,1
3.269651412963867,1
3.4135823249816895,1
3.445974826812744,1
3.508004903793335,1
3.3080363273620605,1
3.477243185043335,1
3.2789742946624756,1
3.398716926574707,1
3.3518614768981934,1
2.8316688537597656,1
2.6883203983306885,1
3.1051318645477295,1
3.5115816593170166,1
4.050169467926025,1
4.171111106872559,1
3.084521532058716,1
3.3090715408325195,1
3.3551220893859863,1
3.5966129302978516,1
3.694906234741211,1
3.0971217155456543,1
2.886584520339966,1
2.96767520904541,1
4.276002883911133,1
3.9488611221313477,1
3.217982292175293,1
3.4961445331573486,1
3.886380672454834,1
3.4434268474578857,1
3.501608371734619,1
3.2154855728149414,1
3.1063783168792725,1
3.339137077331543,1
3.434060573577881,1
3.753086566925049,1
3.71099853515625,1
3.7498931884765625,1
3.5868396759033203,1
3.0770328044891357,1
3.658362627029419,1
3.509406566619873,1
3.604391574859619,1
3.6260924339294434,1
3.6151070594787598,1
3.1678414344787598,1
3.6185109615325928,1
3.059758186340332,1
3.0568442344665527,1
4.097219467163086,1
3.438767194747925,1
3.0171287059783936,1
4.10261869430542,1
3.2178802490234375,1
3.6916465759277344,1
4.274744510650635,1
3.0042436122894287,1
3.20925235748291,1
3.244192123413086,1
3.251901388168335,1
2.9083991050720215,1
3.411625623703003,1
3.583716630935669,1
3.3584227561950684,1
3.6436679363250732,1
3.3048903942108154,1
3.8879594802856445,1
3.9209370613098145,1
3.8333373069763184,1
3.208160400390625,1
3.7177481651306152,1
3.1780102252960205,1
2.9785468578338623,1
3.221928119659424,1
3.5690114498138428,1
3.993405342102051,1
3.242232322692871,1
2.52858829498291,1
3.318953514099121,1
2.8993139266967773,1
3.4930248260498047,1
3.1174440383911133,1
2.9350533485412598,1
2.7829458713531494,1
3.368757486343384,1
2.7995004653930664,1
2.7562127113342285,1
4.946550369262695,1
3.6330525875091553,1
3.3557424545288086,1
3.841688632965088,1
3.6544904708862305,1
3.403829574584961,1
3.2508163452148438,1
2.5440444946289063,1
2.9629673957824707,1
3.3873085975646973,1
3.352268695831299,1
2.991633415222168,1
4.564570426940918,1
2.991253137588501,1
3.5016984939575195,1
4.31104850769043,1
3.5677008628845215,1
3.043393611907959,1
3.3385229110717773,1
3.5783541202545166,1
3.671544313430786,1
3.562567949295044,1
3.6476593017578125,1
2.808831214904785,1
3.4623305797576904,1
3.6137523651123047,1
4.284892559051514,1
3.206303119659424,1
3.1557629108428955,1
3.2589876651763916,1
3.6664624214172363,1
3.869595766067505,1
3.871211528778076,1
3.2575724124908447,1
3.313424587249756,1
3.616854667663574,1
3.141397714614868,1
3.000887155532837,1
3.743213653564453,1
3.6616005897521973,1
3.3927135467529297,1
3.2665364742279053,1
3.156080722808838,1
3.0096843242645264,1
3.0982203483581543,1
3.528702735900879,1
3.2723145484924316,1
3.2920045852661133,1
3.2854654788970947,1
3.122560739517212,1
4.173480033874512,1
3.4765162467956543,1
3.9205574989318848,1
3.776810884475708,1
3.6875104904174805,1
3.3363614082336426,1
4.565816402435303,1
3.407912492752075,1
3.4749019145965576,1
3.235506534576416,1
3.7916715145111084,1
3.760108232498169,1
3.5433549880981445,1
3.218151569366455,1
3.481708288192749,1
3.324138641357422,1
4.066279411315918,1
4.9754486083984375,1
2.674072265625,1
3.051255226135254,1
3.0459489822387695,1
4.061193466186523,1
4.391609191894531,1
3.8250982761383057,1
3.2995190620422363,1
3.758317470550537,1
5.630825042724609,1
3.346944808959961,1
3.472428560256958,1
4.59975528717041,1
3.3897902965545654,1
3.5343925952911377,1
3.8374013900756836,1
3.7124104499816895,1
3.2116405963897705,1
3.1319215297698975,1
3.1351847648620605,1
3.3810057640075684,1
3.597388505935669,1
3.4812638759613037,1
3.2838540077209473,1
3.4880118370056152,1
3.0457851886749268,1
3.9646315574645996,1
3.2737326622009277,1
2.928830862045288,1
3.2770981788635254,1
3.7394230365753174,1
2.9796745777130127,1
3.0074546337127686,1
3.1806328296661377,1
2.713439464569092,1
4.067225933074951,1
3.0157527923583984,1
2.5857062339782715,1
4.190323352813721,1
4.168063163757324,1
3.2993216514587402,1
4.925118446350098,1
2.8021678924560547,1
3.953136920928955,1
3.063149929046631,1
3.089236259460449,1
3.7694501876831055,1
3.76277494430542,1
3.1389076709747314,1
3.283242702484131,1
3.273425579071045,1
3.045927047729492,1
4.441919803619385,1
3.2403271198272705,1
3.2802624702453613,1
2.857679843902588,1
3.0237908363342285,1
3.4182534217834473,1
4.157605171203613,1
4.2255659103393555,1
3.6303584575653076,1
3.8236031532287598,1
3.34100604057312,1
3.040022611618042,1
3.20257568359375,1
3.9002442359924316,1
3.8551526069641113,1
3.277355909347534,1
4.022078037261963,1
3.2113583087921143,1
3.3837153911590576,1
3.6720380783081055,1
4.3380584716796875,1
4.947745323181152,1
3.3017055988311768,1
3.3627705574035645,1
3.832667589187622,1
3.4145078659057617,1
3.0943727493286133,1
3.9726169109344482,1
4.562087535858154,1
3.9891467094421387,1
3.5730013847351074,1
3.3117122650146484,1
3.8574438095092773,1
4.161451816558838,1
3.010160446166992,1
3.189840078353882,1
3.557835102081299,1
3.1264123916625977,1
3.3258090019226074,1
6.4897050857543945,1
3.8972527980804443,1
4.856886863708496,1
3.3529560565948486,1
3.124527931213379,1
2.983095169067383,1
3.4936866760253906,1
3.714601516723633,1
3.5090630054473877,1
3.6527490615844727,1
3.698392629623413,1
3.8296847343444824,1
3.679321050643921,1
3.4120142459869385,1
3.360410213470459,1
2.9703285694122314,1
3.6184206008911133,1
2.9874558448791504,1
2.9188590049743652,1
3.5889456272125244,1
3.520789623260498,1
3.2633585929870605,1
3.659243583679199,1
3.8111305236816406,1
2.9571402072906494,1
3.6577811241149902,1
2.844355583190918,1
3.1366310119628906,1
3.0514180660247803,1
2.7102553844451904,1
3.086350917816162,1
3.7098724842071533,1
3.627882242202759,1
3.0696067810058594,1
3.786834716796875,1
4.083392143249512,1
3.480315685272217,1
3.11271333694458,1
2.8772354125976563,1
2.742077350616455,1
3.1838650703430176,1
2.634305477142334,1
3.2622101306915283,1
3.2763264179229736,1
3.116518020629883,1
3.2409634590148926,1
3.7390170097351074,1
4.0317535400390625,1
3.1954054832458496,1
2.833415985107422,1
3.2839248180389404,1
2.775736093521118,1
2.5151538848876953,1
3.1466689109802246,1
2.6755051612854004,1
3.9121999740600586,1
3.3746776580810547,1
3.278226375579834,1
3.031787633895874,1
3.1805644035339355,1
3.092545509338379,1
3.2060275077819824,1
2.946415424346924,1
2.8125314712524414,1
2.837716579437256,1
4.582036018371582,1
3.067277431488037,1
3.4742913246154785,1
2.7668232917785645,1
3.684394121170044,1
3.8273978233337402,1
2.6992299556732178,1
3.4323959350585938,1
4.682619094848633,1
3.384502410888672,1
3.608389139175415,1
2.911792278289795,1
3.123333692550659,1
3.155939817428589,1
3.572795867919922,1
3.033928394317627,1
3.2922897338867188,1
2.9342637062072754,1
3.9411699771881104,1
3.493405818939209,1
4.235601902008057,1
3.8174476623535156,1
3.4100847244262695,1
3.277906894683838,1
3.704263210296631,1
3.535637140274048,1
2.710801601409912,1
2.936899185180664,1
3.5087337493896484,1
3.357762336730957,1
3.1004638671875,1
3.0695886611938477,1
3.533855438232422,1
2.8118438720703125,1
3.279503583908081,1
3.0043375492095947,1
2.9904913902282715,1
2.983816146850586,1
3.272324562072754,1
3.401081085205078,1
2.5781335830688477,1
3.0489752292633057,1
3.7416841983795166,1
2.798581123352051,1
3.753519058227539,1
3.325410842895508,1
3.8049349784851074,1
3.192117691040039,1
2.489046812057495,1
3.8527450561523438,1
5.550419807434082,1
3.9720306396484375,1
4.6314287185668945,1
3.675814390182495,1
3.7145802974700928,1
3.549832820892334,1
4.199565887451172,1
4.641716003417969,1
4.085489749908447,1
4.619602203369141,1
4.080140590667725,1
3.516273021697998,1
2.909626007080078,1
4.46981954574585,1
3.301304340362549,1
3.812504291534424,1
3.9957997798919678,1
4.312688827514648,1
3.845362663269043,1
3.6137351989746094,1
4.560710430145264,1
3.3635990619659424,1
3.6848087310791016,1
2.943636655807495,1
3.076773166656494,1
3.463677406311035,1
3.0370640754699707,1
3.3703672885894775,1
3.7235612869262695,1
3.4459738731384277,1
3.8275020122528076,1
3.1140904426574707,1
3.3270339965820313,1
2.6542677879333496,1
3.2461585998535156,1
3.050358295440674,1
3.5758867263793945,1
3.374044418334961,1
2.853271484375,1
3.441420078277588,1
3.6475605964660645,1
3.3079652786254883,1
3.509166955947876,1
3.6330838203430176,1
3.2840991020202637,1
3.5326619148254395,1
3.0082497596740723,1
3.170656204223633,1
3.629791736602783,1
2.805694103240967,1
2.967658281326294,1
2.940143585205078,1
2.986715316772461,1
3.702540397644043,1
4.038055896759033,1
3.4235680103302,1
3.2975642681121826,1
3.232900381088257,1
3.1087405681610107,1
3.6323843002319336,1
3.102504253387451,1
3.0818302631378174,1
3.920403003692627,1
3.3053348064422607,1
3.349839925765991,1
2.6237058639526367,1
4.00350284576416,1
3.998492479324341,1
5.0759968757629395,1
4.126598834991455,1
3.1919751167297363,1
3.012284278869629,1
4.230986595153809,1
4.940421104431152,1
3.377272129058838,1
3.9434866905212402,1
3.9877731800079346,1
3.6060094833374023,1
2.3951501846313477,1
3.429812431335449,1
3.5249414443969727,1
3.424302816390991,1
3.437190294265747,1
4.502610683441162,1
4.280063152313232,1
3.321108341217041,1
3.338682174682617,1
3.110696315765381,1
3.3288090229034424,1
3.656191110610962,1
2.74505615234375,1
2.678638219833374,1
3.6805739402770996,1
3.8471078872680664,1
3.7912516593933105,1
3.8445088863372803,1
3.4950191974639893,1
3.3266215324401855,1
3.2314867973327637,1
3.4974217414855957,1
3.9103801250457764,1
3.012279987335205,1
3.322652578353882,1
3.276475667953491,1
3.8704185485839844,1
3.3399758338928223,1
4.276811599731445,1
3.5489580631256104,1
3.650618553161621,1
3.739856243133545,1
2.7359414100646973,1
2.6422462463378906,1
3.3695268630981445,1
3.560814142227173,1
3.560398817062378,1
3.7110209465026855,1
4.138342380523682,1
3.96677303314209,1
2.545201301574707,1
3.3228094577789307,1
2.973201274871826,1
3.961726665496826,1
4.056234359741211,1
3.8680925369262695,1
3.755246162414551,1
3.4849491119384766,1
3.1624813079833984,1
3.324899911880493,1
3.5922069549560547,1
3.215604543685913,1
3.746382713317871,1
3.5929341316223145,1
3.4050612449645996,1
3.857182502746582,1
4.0218377113342285,1
2.891174554824829,1
3.925708055496216,1
2.965301036834717,1
3.3556532859802246,1
3.6289825439453125,1
2.651803493499756,1
3.0838913917541504,1
3.3248989582061768,1
2.6774516105651855,1
2.9261200428009033,1
3.9708926677703857,1
2.8155481815338135,1
4.067008018493652,1
4.475091934204102,1
3.7926578521728516,1
3.769287586212158,1
3.097015380859375,1
3.4425644874572754,1
3.576275110244751,1
3.466231346130371,1
3.6207804679870605,1
4.0511579513549805,1
4.394937515258789,1
3.555111885070801,1
3.699265956878662,1
3.311716318130493,1
4.647068023681641,1
3.764010429382324,1
3.645874261856079,1
2.9039368629455566,1
3.4866628646850586,1
3.8916072845458984,1
4.107097148895264,1
3.826660633087158,1
3.354111671447754,1
3.1808104515075684,1
4.328243255615234,1
3.162940502166748,1
2.9428415298461914,1
4.2630839347839355,1
3.7635655403137207,1
3.576667070388794,1
3.7773141860961914,1
4.60472297668457,1
4.377172946929932,1
3.7878332138061523,1
3.823032855987549,1
3.969517230987549,1
3.3960680961608887,1
4.441993713378906,1
4.473572731018066,1
4.633420944213867,1
4.759044647216797,1
3.3586392402648926,1
3.170433521270752,1
4.0311994552612305,1
3.670687437057495,1
3.9328458309173584,1
3.9307072162628174,1
4.747746467590332,1
4.170464038848877,1
3.2640891075134277,1
3.320819854736328,1
3.4641950130462646,1
3.220791816711426,1
3.476222276687622,1
3.340301036834717,1
3.6908233165740967,1
3.148226737976074,1
3.6665401458740234,1
2.3269472122192383,1
3.7284679412841797,1
2.9330196380615234,1
3.643813133239746,1
3.3398828506469727,1
3.222599506378174,1
3.621089458465576,1
2.9886231422424316,1
3.331864833831787,1
3.8670215606689453,1
3.9256441593170166,1
2.5838892459869385,1
3.0666513442993164,1
3.4551615715026855,1
2.5265579223632813,1
3.397578716278076,1
3.413893222808838,1
3.038428783416748,1
3.7743263244628906,1
4.020061492919922,1
3.171900749206543,1
3.269944190979004,1
3.685939311981201,1
3.1052420139312744,1
2.991546630859375,1
4.127370834350586,1
3.7410006523132324,1
3.6307168006896973,1
3.7906410694122314,1
3.51088547706604,1
4.495165824890137,1
3.2749080657958984,1
3.190807580947876,1
3.5431113243103027,1
4.636188507080078,1
3.975125312805176,1
3.0332093238830566,1
3.610647201538086,1
3.9315829277038574,1
3.1337697505950928,1
3.5048489570617676,1
2.579016923904419,1
3.284855604171753,1
3.4650187492370605,1
2.513580322265625,1
3.7504024505615234,1
3.4606313705444336,1
3.6401565074920654,1
3.098639965057373,1
3.674473285675049,1
3.939544677734375,1
4.727204322814941,1
3.381132125854492,1
3.663262367248535,1
3.638458728790283,1
3.443887233734131,1
3.6860108375549316,1
3.990626573562622,1
3.8538079261779785,1
3.5876893997192383,1
3.6695427894592285,1
3.817229986190796,1
3.4956793785095215,1
4.010557651519775,1
3.939980983734131,1
3.2349228858947754,1
2.439497470855713,1
2.9495737552642822,1
3.466106653213501,1
3.9923205375671387,1
2.951458692550659,1
3.7358574867248535,1
3.102665424346924,1
3.329231023788452,1
3.193347692489624,1
3.5295839309692383,1
3.433154344558716,1
2.959845781326294,1
3.477217435836792,1
3.1748619079589844,1
3.6265952587127686,1
4.458183288574219,1
5.119076728820801,1
4.0331501960754395,1
3.5871338844299316,1
2.8310537338256836,1
4.26871395111084,1
5.214571952819824,1
4.656999588012695,1
3.562624931335449,1
3.1770811080932617,1
3.745406150817871,1
3.978506326675415,1
4.092927932739258,1
3.81581711769104,1
3.696018934249878,1
3.683444023132324,1
3.6183457374572754,1
3.363621234893799,1
3.629391670227051,1
4.69124698638916,1
3.7353532314300537,1
4.154826641082764,1
3.8153059482574463,1
3.6400704383850098,1
3.1035165786743164,1
3.3429908752441406,1
3.2529802322387695,1
3.9424991607666016,1
3.9002933502197266,1
3.1699941158294678,1
2.6131529808044434,1
2.885999917984009,1
3.7185897827148438,1
3.520747661590576,1
4.941007137298584,1
3.3291702270507813,1
3.467243194580078,1
3.17094087600708,1
3.155640125274658,1
3.468162775039673,1
3.7532827854156494,1
3.472137212753296,1
3.964592456817627,1
3.331897258758545,1
3.594027042388916,1
4.149804592132568,1
3.7216813564300537,1
3.8082339763641357,1
3.645462989807129,1
3.362004280090332,1
3.3395426273345947,1
2.598287582397461,1
3.3861083984375,1
2.731686592102051,1
3.3544883728027344,1
2.9589436054229736,1
2.9273316860198975,1
3.7288975715637207,1
3.1788370609283447,1
3.469790458679199,1
3.8157670497894287,1
4.007478713989258,1
3.4491372108459473,1
3.0698094367980957,1
3.320387840270996,1
3.36982798576355,1
3.7268898487091064,1
3.2290258407592773,1
2.7092485427856445,1
3.457012176513672,1
3.1586251258850098,1
2.616774082183838,1
3.570058822631836,1
3.1422629356384277,1
2.915637969970703,1
3.3118815422058105,1
3.479788303375244,1
3.3019120693206787,1
3.5190329551696777,1
3.45418643951416,1
3.0913333892822266,1
3.2573118209838867,1
3.2069625854492188,1
3.926572561264038,1
3.314905881881714,1
3.7569332122802734,1
4.027124881744385,1
3.23665452003479,1
4.238697052001953,1
4.458359718322754,1
3.60693359375,1
5.103330612182617,1
3.983977794647217,1
4.54152774810791,1
4.306090354919434,1
3.760551929473877,1
3.262406826019287,1
3.8179166316986084,1
3.1683297157287598,1
4.940300941467285,1
4.7309722900390625,1
4.245545387268066,1
3.839188814163208,1
3.5956597328186035,1
3.2682409286499023,1
4.1629228591918945,1
3.4076638221740723,1
3.83729887008667,1
3.569059371948242,1
4.105343341827393,1
3.1468353271484375,1
3.0342164039611816,1
3.467200517654419,1
3.617497205734253,1
3.533736228942871,1
3.3665308952331543,1
3.4215140342712402,1
3.5101122856140137,1
3.5051064491271973,1
3.632930040359497,1
3.0516207218170166,1
3.061291217803955,1
3.22479248046875,1
3.5749073028564453,1
2.843015193939209,1
3.7707533836364746,1
3.5289158821105957,1
2.777629852294922,1
3.5398473739624023,1
3.543537139892578,1
3.4467713832855225,1
3.575453281402588,1
3.565478801727295,1
3.5864462852478027,1
4.332065582275391,1
3.481949806213379,1
3.4431800842285156,1
3.492180347442627,1
3.266554117202759,1
3.4260659217834473,1
3.4582676887512207,1
3.6551103591918945,1
3.5501511096954346,1
4.715478897094727,1
3.2848262786865234,1
4.345370292663574,1
3.7310256958007813,1
3.164716958999634,1
3.3890252113342285,1
3.332305908203125,1
4.027723789215088,1
4.313388824462891,1
4.190853118896484,1
3.7590901851654053,1
3.977069139480591,1
3.5346529483795166,1
3.5422024726867676,1
3.5852346420288086,1
3.857752561569214,1
3.977436065673828,1
3.6744298934936523,1
4.3347368240356445,1
3.7540552616119385,1
3.146709680557251,1
3.327820301055908,1
3.84364652633667,1
3.44680118560791,1
3.522904872894287,1
3.933309555053711,1
3.8950066566467285,1
3.6082234382629395,1
3.7538177967071533,1
4.043352127075195,1
3.570289134979248,1
3.7721610069274902,1
3.473511219024658,1
3.4084484577178955,1
3.4881210327148438,1
3.8511033058166504,1
3.963435649871826,1
4.101363182067871,1
3.4305548667907715,1
3.454148292541504,1
3.6947362422943115,1
3.7381839752197266,1
3.3369011878967285,1
4.333752632141113,1
3.9130825996398926,1
3.8186357021331787,1
3.2316718101501465,1
3.460083484649658,1
2.8069894313812256,1
2.902679443359375,1
3.5296502113342285,1
3.2584190368652344,1
3.6283936500549316,1
4.349370002746582,1
3.948235034942627,1
2.9984049797058105,1
3.2056851387023926,1
3.289029598236084,1
2.742192268371582,1
3.5490798950195313,1
2.9851813316345215,1
3.289825916290283,1
3.0375311374664307,1
3.603888988494873,1
3.022226095199585,1
3.1148338317871094,1
2.821366786956787,1
3.771299362182617,1
3.502101421356201,1
3.1952414512634277,1
3.3881893157958984,1
3.4472227096557617,1
3.7417094707489014,1
3.652376651763916,1
3.7596797943115234,1
2.7036073207855225,1
3.5156211853027344,1
3.7922933101654053,1
3.1947555541992188,1
3.1256442070007324,1
3.235729694366455,1
3.908512592315674,1
2.659607172012329,1
3.8663690090179443,1
2.965193510055542,1
2.8916759490966797,1
3.3740897178649902,1
3.4110708236694336,1
2.9729347229003906,1
3.8244075775146484,1
4.110024452209473,1
3.8931541442871094,1
3.8703863620758057,1
4.315815448760986,1
2.9857850074768066,1
3.079375982284546,1
3.0529391765594482,1
3.206378936767578,1
3.892988681793213,1
3.2890710830688477,1
3.9700045585632324,1
3.98239803314209,1
3.470754623413086,1
3.6708223819732666,1
3.57039213180542,1
4.107025146484375,1
3.0898520946502686,1
3.5506949424743652,1
3.744590997695923,1
3.3357834815979004,1
4.02142858505249,1
3.758939027786255,1
4.140920639038086,1
3.5146424770355225,1
3.3273587226867676,1
3.384241819381714,1
3.217283248901367,1
3.3655831813812256,1
3.7530651092529297,1
3.5088517665863037,1
3.6383891105651855,1
2.8097469806671143,1
3.5134334564208984,1
3.6653614044189453,1
3.1990158557891846,1
2.6077940464019775,1
3.0075321197509766,1
2.758786678314209,1
3.064265727996826,1
3.658036947250366,1
4.503294944763184,1
3.1980881690979004,1
3.852071762084961,1
3.4740278720855713,1
3.4850690364837646,1
3.7551183700561523,1
2.296081066131592,1
3.31851863861084,1
2.8560404777526855,1
3.419894218444824,1
3.3280553817749023,1
3.206167459487915,1
3.1996541023254395,1
3.6399612426757813,1
3.546548843383789,1
4.60270881652832,1
3.67505145072937,1
3.751823902130127,1
3.5291948318481445,1
3.332362413406372,1
3.8412036895751953,1
3.3177974224090576,1
3.1312255859375,1
3.514390707015991,1
3.3214924335479736,1
4.100687026977539,1
3.292438268661499,1
3.949913263320923,1
4.0486578941345215,1
3.955500841140747,1
4.254616737365723,1
4.310696601867676,1
3.5527920722961426,1
3.843846321105957,1
3.280791759490967,1
3.8699827194213867,1
2.9931588172912598,1
2.949782371520996,1
3.7904982566833496,1
3.851442813873291,1
3.5545666217803955,1
3.3106820583343506,1
2.8065295219421387,1
3.6599230766296387,1
2.7279012203216553,1
3.5923123359680176,1
3.0180728435516357,1
3.197777271270752,1
3.1935296058654785,1
3.0937726497650146,1
4.288637161254883,1
3.9838812351226807,1
3.266232490539551,1
3.8582582473754883,1
3.2583303451538086,1
2.8049402236938477,1
3.629878044128418,1
2.843698263168335,1
3.3529562950134277,1
3.519073486328125,1
4.283648490905762,1
3.711510181427002,1
3.9643452167510986,1
3.388307571411133,1
3.326948642730713,1
3.4996955394744873,1
3.912872791290283,1
3.989434242248535,1
4.152346611022949,1
4.023500442504883,1
3.990285873413086,1
2.831404209136963,1
3.737577438354492,1
3.219716787338257,1
4.147703170776367,1
4.279750823974609,1
3.387838840484619,1
3.400730848312378,1
3.08699369430542,1
3.8976120948791504,1
3.306196689605713,1
3.605825901031494,1
3.2908451557159424,1
3.5959577560424805,1
3.115481376647949,1
3.518704414367676,1
3.849104881286621,1
4.0160040855407715,1
3.3099613189697266,1
2.7603883743286133,1
3.601644277572632,1
3.6605417728424072,1
4.093236923217773,1
3.517559289932251,1
3.55075740814209,1
3.5640525817871094,1
4.394237518310547,1
3.088392496109009,1
3.770034074783325,1
2.7204766273498535,1
4.791608810424805,1
3.535224676132202,1
3.9791595935821533,1
3.019512176513672,1
4.175961494445801,1
3.853482484817505,1
3.1022274494171143,1
3.598536729812622,1
3.516101837158203,1
3.859208106994629,1
3.6870999336242676,1
3.414100408554077,1
3.598768711090088,1
3.475700855255127,1
3.146010398864746,1
3.589242458343506,1
3.4031200408935547,1
3.923630475997925,1
3.897573471069336,1
3.4316487312316895,1
3.8351027965545654,1
3.7936789989471436,1
3.2587380409240723,1
3.778428077697754,1
3.2511773109436035,1
3.6602444648742676,1
3.7121028900146484,1
3.3263683319091797,1
3.8851068019866943,1
3.4068870544433594,1
3.2012362480163574,1
3.3443315029144287,1
3.3944091796875,1
3.206942558288574,1
3.137228012084961,1
3.557241916656494,1
3.2372097969055176,1
3.571981430053711,1
3.482539653778076,1
3.165297031402588,1
3.2651028633117676,1
4.091166973114014,1
3.935035228729248,1
2.936375141143799,1
4.14640998840332,1
3.3270504474639893,1
2.8313393592834473,1
3.3354413509368896,1
3.2896857261657715,1
3.5189619064331055,1
3.738985300064087,1
3.5804407596588135,1
3.2633070945739746,1
3.39951229095459,1
3.6769769191741943,1
3.763915777206421,1
3.0973658561706543,1
3.395319700241089,1
3.5091476440429688,1
4.08456563949585,1
3.9899115562438965,1
3.7102534770965576,1
4.027281761169434,1
3.9378066062927246,1
4.03629207611084,1
3.949770927429199,1
3.96517276763916,1
4.126654624938965,1
3.7649049758911133,1
3.8918185234069824,1
4.083107948303223,1
3.3472373485565186,1
2.9780139923095703,1
3.490410327911377,1
3.6958165168762207,1
3.392556667327881,1
3.1698055267333984,1
3.221045970916748,1
3.5369536876678467,1
3.4771816730499268,1
3.591156005859375,1
3.4167730808258057,1
3.745051383972168,1
3.0720534324645996,1
3.3584465980529785,1
3.535060167312622,1
3.9048054218292236,1
4.017895221710205,1
4.698315143585205,1
4.127840518951416,1
3.677461624145508,1
3.3544154167175293,1
3.596383810043335,1
3.3536128997802734,1
4.036656379699707,1
3.949730634689331,1
3.497636556625366,1
3.6818723678588867,1
3.3380355834960938,1
3.091557502746582,1
4.210458755493164,1
3.444499969482422,1
3.201368570327759,1
3.42374849319458,1
3.334428071975708,1
2.9890339374542236,1
3.422581672668457,1
3.175466775894165,1
3.43068265914917,1
3.548184871673584,1
3.371912717819214,1
3.2528209686279297,1
3.460042715072632,1
2.9445853233337402,1
3.1648406982421875,1
3.1909103393554688,1
3.2570104598999023,1
2.5303478240966797,1
2.781717300415039,1
3.605628252029419,1
2.8787450790405273,1
3.4570579528808594,1
2.8420047760009766,1
3.340859889984131,1
3.0252864360809326,1
3.8746731281280518,1
3.56744384765625,1
3.9290308952331543,1
3.311811923980713,1
3.916743516921997,1
3.736358404159546,1
3.3127427101135254,1
3.274550437927246,1
2.9394071102142334,1
3.7641868591308594,1
3.6720197200775146,1
2.5691990852355957,1
3.9569621086120605,1
3.9176712036132813,1
3.8857955932617188,1
2.9812164306640625,1
5.5681891441345215,1
3.43153715133667,1
5.1350812911987305,1
4.298749923706055,1
4.84897518157959,1
3.287086009979248,1
2.9331905841827393,1
3.2691736221313477,1
3.2705798149108887,1
3.564340114593506,1
3.790836811065674,1
3.0641732215881348,1
3.3387389183044434,1
3.470705509185791,1
3.10331392288208,1
2.964115858078003,1
3.1917724609375,1
3.4257662296295166,1
3.8635525703430176,1
3.63033390045166,1
3.5750279426574707,1
3.9281439781188965,1
3.2466983795166016,1
3.106379985809326,1
2.5346856117248535,1
4.312597274780273,1
3.620208501815796,1
3.5103185176849365,1
3.7051031589508057,1
3.3322417736053467,1
3.676734447479248,1
3.5536913871765137,1
3.171417713165283,1
3.023745059967041,1
5.0035505294799805,1
3.3383617401123047,1
3.3705663681030273,1
3.5247802734375,1
3.614988327026367,1
3.373830795288086,1
4.034884452819824,1
3.4171664714813232,1
3.0759201049804688,1
3.578508138656616,1
3.6031413078308105,1
3.7028536796569824,1
3.2694473266601563,1
3.30969500541687,1
3.0789425373077393,1
3.1528332233428955,1
3.4406561851501465,1
3.023256778717041,1
3.50649356842041,1
2.9552981853485107,1
3.2140517234802246,1
3.841704845428467,1
2.9220964908599854,1
3.455742359161377,1
3.7952542304992676,1
3.064992904663086,1
2.9741158485412598,1
2.956827163696289,1
3.217400074005127,1
2.8889288902282715,1
2.107264995574951,1
3.603280544281006,1
4.480357646942139,1
3.5700507164001465,1
3.579969882965088,1
2.7310752868652344,1
3.244664192199707,1
3.33408784866333,1
3.404934883117676,1
3.497898817062378,1
3.985198497772217,1
3.322380781173706,1
3.4903836250305176,1
3.3545827865600586,1
3.0063319206237793,1
3.0193214416503906,1
3.8654677867889404,1
3.20676326751709,1
3.400209426879883,1
3.0173447132110596,1
3.735297918319702,1
2.863193988800049,1
3.597054958343506,1
3.0134940147399902,1
3.8910703659057617,1
2.757753849029541,1
3.562314033508301,1
2.9406025409698486,1
3.662553310394287,1
3.561225652694702,1
3.1896402835845947,1
3.849827766418457,1
3.5592525005340576,1
3.0421383380889893,1
3.5651161670684814,1
3.648578643798828,1
3.098604202270508,1
3.4516186714172363,1
3.4155735969543457,1
3.266069173812866,1
3.3271803855895996,1
3.359744071960449,1
3.46905255317688,1
3.1227784156799316,1
2.6365890502929688,1
3.27052640914917,1
3.595226287841797,1
4.033083438873291,1
3.702503204345703,1
2.9741790294647217,1
3.6109206676483154,1
2.5319106578826904,1
3.311000347137451,1
3.6469597816467285,1
3.5237197875976563,1
3.409104585647583,1
3.797226667404175,1
3.0484352111816406,1
2.782658100128174,1
3.3670196533203125,1
2.9428513050079346,1
3.1031088829040527,1
3.4941530227661133,1
2.895082473754883,1
3.599670171737671,1
2.8628041744232178,1
3.118525743484497,1
3.240690231323242,1
3.5669989585876465,1
2.961869239807129,1
3.0881261825561523,1
3.065957546234131,1
3.639425277709961,1
3.5146679878234863,1
3.831021547317505,1
3.9356629848480225,1
3.820643901824951,1
4.831598281860352,1
4.058575630187988,1
3.273036003112793,1
4.993990898132324,1
3.2055859565734863,1
3.063490390777588,1
3.114532470703125,1
3.429039478302002,1
3.759418487548828,1
2.977602005004883,1
3.0516552925109863,1
2.938469648361206,1
3.8925514221191406,1
2.7978787422180176,1
3.504704236984253,1
3.078847885131836,1
3.1037354469299316,1
4.142171859741211,1
3.149049758911133,1
3.511301040649414,1
2.922994613647461,1
3.5542314052581787,1
3.251284122467041,1
3.7567014694213867,1
3.3291118144989014,1
4.182615756988525,1
2.2218360900878906,1
3.476672410964966,1
3.7516579627990723,1
2.707343816757202,1
3.67401385307312,1
3.692915439605713,1
2.934739112854004,1
3.733607292175293,1
3.569871425628662,1
3.8131446838378906,1
3.1168785095214844,1
3.2439887523651123,1
3.9262804985046387,1
3.0103847980499268,1
4.206277847290039,1
2.7395870685577393,1
4.079709053039551,1
2.685737133026123,1
2.987781286239624,1
3.4522509574890137,1
3.2935080528259277,1
3.1379804611206055,1
2.9660534858703613,1
4.57049036026001,1
3.730703830718994,1
3.4850504398345947,1
3.7113418579101563,1
3.739108085632324,1
3.5559306144714355,1
3.509788990020752,1
4.058185577392578,1
3.2879514694213867,1
3.2217323780059814,1
3.705235481262207,1
3.0926074981689453,1
2.87906813621521,1
3.0603456497192383,1
2.8319828510284424,1
3.386442184448242,1
3.0123891830444336,1
3.9598963260650635,1
3.119223117828369,1
3.273907423019409,1
3.8965020179748535,1
3.630673885345459,1
2.406383991241455,1
2.8806514739990234,1
3.2128076553344727,1
3.011237382888794,1
3.8866212368011475,1
2.6429505348205566,1
3.4707119464874268,1
3.2116870880126953,1
4.261314392089844,1
3.488067150115967,1
3.2278478145599365,1
3.2274563312530518,1
2.8649709224700928,1
3.090454578399658,1
3.789492130279541,1
3.958207607269287,1
4.271607398986816,1
3.204573154449463,1
3.8918371200561523,1
2.5630178451538086,1
3.1616873741149902,1
3.7549867630004883,1
3.7587733268737793,1
4.318267822265625,1
3.767711639404297,1
3.6355724334716797,1
3.023822784423828,1
4.0817437171936035,1
3.8682005405426025,1
3.671863079071045,1
2.9897847175598145,1
3.09323787689209,1
3.57707142829895,1
4.018242835998535,1
4.2430644035339355,1
3.111032247543335,1
3.4615638256073,1
2.966226577758789,1
3.44465970993042,1
3.9053139686584473,1
3.317842960357666,1
4.111713409423828,1
3.9594478607177734,1
3.1423134803771973,1
3.1185998916625977,1
3.8502259254455566,1
2.685821056365967,1
3.290536880493164,1
3.6830592155456543,1
3.3208625316619873,1
4.919734001159668,1
3.4405934810638428,1
3.369556188583374,1
3.7478623390197754,1
2.8948824405670166,1
3.2765755653381348,1
4.062851428985596,1
3.310514450073242,1
3.3113889694213867,1
3.434401512145996,1
3.311335802078247,1
2.946258544921875,1
3.058870315551758,1
3.259519100189209,1
3.7141504287719727,1
3.159116744995117,1
3.1502532958984375,1
3.134744167327881,1
3.3402040004730225,1
2.5958189964294434,1
3.313459873199463,1
3.3048086166381836,1
4.849112033843994,1
3.1058707237243652,1
3.6365814208984375,1
3.459843158721924,1
3.107283592224121,1
2.714718818664551,1
3.797122001647949,1
3.1586859226226807,1
3.3450446128845215,1
3.631653308868408,1
3.4520041942596436,1
2.485975503921509,1
3.0933589935302734,1
3.3214454650878906,1
3.236818790435791,1
3.519195079803467,1
4.1837239265441895,1
3.3207736015319824,1
3.3493194580078125,1
5.17592716217041,1
3.6298422813415527,1
3.656717300415039,1
3.6433067321777344,1
3.3567087650299072,1
3.893843650817871,1
2.8591463565826416,1
3.1296446323394775,1
2.6634535789489746,1
4.114624500274658,1
3.092848300933838,1
3.82114315032959,1
3.6527445316314697,1
3.3648741245269775,1
3.0644047260284424,1
3.50813627243042,1
3.595045566558838,1
3.2245068550109863,1
3.0912837982177734,1
3.4057111740112305,1
2.793276071548462,1
3.495208978652954,1
3.319671392440796,1
2.8343186378479004,1
3.5537736415863037,1
3.2303178310394287,1
3.2079081535339355,1
4.180952072143555,1
4.098176002502441,1
3.1854636669158936,1
3.827782154083252,1
3.213229179382324,1
3.8753104209899902,1
3.749842643737793,1
3.9777445793151855,1
3.513343095779419,1
3.140529155731201,1
3.9950098991394043,1
3.4594287872314453,1
3.495079755783081,1
3.4856269359588623,1
3.804337739944458,1
3.535935401916504,1
2.9810128211975098,1
3.967104911804199,1
4.773014068603516,1
3.2219109535217285,1
3.672032356262207,1
3.667417049407959,1
4.036104202270508,1
5.088332176208496,1
4.765510559082031,1
4.263187408447266,1
3.3224568367004395,1
4.000953674316406,1
3.4991118907928467,1
3.475724220275879,1
3.587785243988037,1
2.8873963356018066,1
4.440040111541748,1
3.8383374214172363,1
4.034879207611084,1
3.4958596229553223,1
4.6890387535095215,1
3.742353916168213,1
3.609187602996826,1
3.75899600982666,1
3.3858282566070557,1
3.855175733566284,1
4.323538780212402,1
4.8898162841796875,1
4.982393741607666,1
4.373708248138428,1
4.371127128601074,1
4.275077819824219,1
3.9834694862365723,1
3.6211540699005127,1
4.0979766845703125,1
4.723435401916504,1
4.3892951011657715,1
4.233803749084473,1
3.375483512878418,1
4.275044918060303,1
3.646322250366211,1
3.829939603805542,1
4.267400741577148,1
3.4367170333862305,1
4.415246963500977,1
4.286081314086914,1
4.289267539978027,1
4.028374195098877,1
3.8202247619628906,1
4.631246566772461,1
3.7797577381134033,1
4.038928031921387,1
4.19852352142334,1
4.411399841308594,1
3.3211965560913086,1
4.385993957519531,1
4.206355094909668,1
3.9608588218688965,1
4.152153491973877,1
3.7842295169830322,1
3.929922342300415,1
3.7550439834594727,1
3.8164143562316895,1
2.836714267730713,1
2.875735282897949,1
3.9268364906311035,1
3.3493595123291016,1
3.6844263076782227,1
3.425466537475586,1
4.087451934814453,1
3.5363810062408447,1
3.7423644065856934,1
3.118722915649414,1
3.4680161476135254,1
3.728639841079712,1
3.250119686126709,1
3.560969352722168,1
3.5626096725463867,1
3.256105422973633,1
2.958653211593628,1
2.672029495239258,1
3.3995840549468994,1
3.4550719261169434,1
3.3988986015319824,1
4.194119930267334,1
3.743772506713867,1
3.4656472206115723,1
3.3190226554870605,1
3.212158679962158,1
3.2735178470611572,1
3.2842562198638916,1
3.9417436122894287,1
3.1234707832336426,1
3.944944381713867,1
3.1925387382507324,1
3.562702178955078,1
2.899868965148926,1
3.5240275859832764,1
3.593100070953369,1
3.749314308166504,1
4.084728240966797,1
4.291431903839111,1
3.833189010620117,1
5.428878307342529,1
3.3322298526763916,1
3.5061116218566895,1
4.142578125,1
4.315875053405762,1
3.1324079036712646,1
2.9492273330688477,1
3.3596391677856445,1
4.250631332397461,1
3.5096096992492676,1
4.404270172119141,1
3.562828540802002,1
4.023102760314941,1
3.364696979522705,1
3.3762876987457275,1
3.205044746398926,1
3.3969297409057617,1
3.203737258911133,1
3.943636417388916,1
3.1019678115844727,1
3.3217246532440186,1
3.067629814147949,1
2.8495640754699707,1
3.0990047454833984,1
3.208064079284668,1
3.4998741149902344,1
3.133286237716675,1
3.7469522953033447,1
2.6188573837280273,1
3.6696033477783203,1
3.712867021560669,1
3.5344948768615723,1
2.9491724967956543,1
2.870685338973999,1
3.4678733348846436,1
3.3525285720825195,1
3.3189311027526855,1
3.8083555698394775,1
3.0315656661987305,1
3.2398552894592285,1
3.11616849899292,1
3.854635715484619,1
3.4430325031280518,1
2.779623031616211,1
3.6241421699523926,1
3.641507863998413,1
3.482372760772705,1
5.309065818786621,1
3.0192153453826904,1
3.726235866546631,1
3.3070507049560547,1
4.17165470123291,1
3.4381556510925293,1
4.332727909088135,1
4.148736000061035,1
4.35700798034668,1
4.125116348266602,1
3.7364256381988525,1
3.086454153060913,1
3.4068689346313477,1
4.082925796508789,1
2.9954819679260254,1
4.421649932861328,1
3.8400344848632813,1
4.121548652648926,1
3.3339216709136963,1
3.924870729446411,1
3.5914745330810547,1
3.8768415451049805,1
2.985963821411133,1
3.6608352661132813,1
4.167466163635254,1
3.785952091217041,1
4.529043197631836,1
4.485136032104492,1
3.7040529251098633,1
3.184084415435791,1
3.4143409729003906,1
4.470664024353027,1
5.338802814483643,1
3.6528983116149902,1
3.0729727745056152,1
2.965501546859741,1
3.4927525520324707,1
3.3173320293426514,1
3.3548781871795654,1
3.204926013946533,1
3.4211764335632324,1
3.9979872703552246,1
3.4578042030334473,1
3.791020393371582,1
3.351382255554199,1
3.9324018955230713,1
3.034420967102051,1
3.6050238609313965,1
3.377084255218506,1
3.399420738220215,1
3.6278936862945557,1
3.786799907684326,1
3.169466018676758,1
3.174541473388672,1
3.035551071166992,1
4.038523197174072,1
3.5451951026916504,1
3.5272693634033203,1
3.5114736557006836,1
3.980900764465332,1
3.116800308227539,1
3.70089054107666,1
3.1208972930908203,1
3.1998300552368164,1
3.211045026779175,1
3.3433279991149902,1
3.08671236038208,1
3.39859676361084,1
3.024783134460449,1
3.3762693405151367,1
2.8935835361480713,1
3.6107938289642334,1
3.418710947036743,1
3.9108684062957764,1
3.2839014530181885,1
3.371171474456787,1
3.2078311443328857,1
3.752197504043579,1
4.424071788787842,1
3.7516448497772217,1
3.6233012676239014,1
3.8920373916625977,1
4.214876174926758,1
3.365279197692871,1
3.3374269008636475,1
3.0055322647094727,1
3.0141639709472656,1
3.965402126312256,1
3.654691696166992,1
3.7893311977386475,1
3.1975080966949463,1
3.48099946975708,1
3.945680618286133,1
4.000994682312012,1
3.70212984085083,1
3.546107769012451,1
3.386603355407715,1
3.032888889312744,1
4.012796401977539,1
3.490231990814209,1
3.440744400024414,1
3.4118847846984863,1
3.3576457500457764,1
3.3685848712921143,1
3.2168221473693848,1
3.9002866744995117,1
3.4996514320373535,1
3.2793726921081543,1
3.4859416484832764,1
3.5066707134246826,1
3.4690868854522705,1
3.303023099899292,1
2.991992473602295,1
3.2968943119049072,1
3.522005081176758,1
3.6876285076141357,1
3.604004144668579,1
3.6146240234375,1
3.5442728996276855,1
2.8797106742858887,1
3.0432350635528564,1
4.246819496154785,1
3.660231351852417,1
3.8475537300109863,1
4.09195613861084,1
3.114344358444214,1
3.8069615364074707,1
3.256653308868408,1
3.065481662750244,1
3.728353500366211,1
3.1669435501098633,1
3.1975631713867188,1
3.3373770713806152,1
3.180642604827881,1
3.5641233921051025,1
3.371448040008545,1
3.417712688446045,1
3.294361114501953,1
3.708787202835083,1
2.9361143112182617,1
3.357296943664551,1
3.286207914352417,1
3.390170097351074,1
3.0697736740112305,1
3.1644411087036133,1
3.7750356197357178,1
2.792888641357422,1
2.870053768157959,1
3.3545522689819336,1
3.429697036743164,1
3.258117198944092,1
3.0308313369750977,1
3.92464542388916,1
3.9620611667633057,1
4.049664497375488,1
3.3212010860443115,1
5.004483222961426,1
3.704335927963257,1
2.696864128112793,1
3.2867484092712402,1
4.851900100708008,1
4.8844380378723145,1
4.839151382446289,1
3.8406453132629395,1
2.998326063156128,1
3.145228385925293,1
3.7842752933502197,1
3.659712314605713,1
3.5131850242614746,1
4.313920021057129,1
3.8573696613311768,1
3.960566997528076,1
3.235290288925171,1
2.959402322769165,1
3.1235625743865967,1
3.6058318614959717,1
3.3918910026550293,1
3.478306770324707,1
3.780750036239624,1
2.828481674194336,1
3.4507503509521484,1
2.895254373550415,1
3.969602584838867,1
3.163724422454834,1
3.3221988677978516,1
3.850738048553467,1
4.579072952270508,1
3.947486639022827,1
2.618488311767578,1
2.6720876693725586,1
2.9868783950805664,1
3.041590452194214,1
3.235485076904297,1
3.3475403785705566,1
2.8678464889526367,1
3.076262950897217,1
3.304208993911743,1
4.001255035400391,1
3.966273069381714,1
3.6869029998779297,1
3.817258358001709,1
2.961686611175537,1
3.502608299255371,1
3.6173877716064453,1
3.8967409133911133,1
3.113039016723633,1
4.250707149505615,1
3.9440338611602783,1
3.8988959789276123,1
3.562570571899414,1
3.7014806270599365,1
3.5811991691589355,1
3.4695324897766113,1
3.7002155780792236,1
3.4224698543548584,1
3.6118342876434326,1
3.8341481685638428,1
3.2855124473571777,1
3.6589388847351074,1
3.516474962234497,1
4.482580184936523,1
3.612213134765625,1
3.7464678287506104,1
3.1213736534118652,1
3.6369917392730713,1
3.4291939735412598,1
4.76329231262207,1
3.5946176052093506,1
4.233348846435547,1
3.5130763053894043,1
3.8783397674560547,1
4.154184818267822,1
4.297530651092529,1
3.2853877544403076,1
3.4876708984375,1
2.9477505683898926,1
3.265883445739746,1
3.7587218284606934,1
3.2489964962005615,1
3.280795097351074,1
3.8129053115844727,1
2.791316509246826,1
3.123912811279297,1
2.6297245025634766,1
2.8864402770996094,1
3.554044723510742,1
3.2667789459228516,1
3.4434258937835693,1
5.375925064086914,1
3.415743827819824,1
3.7413036823272705,1
3.67050838470459,1
3.5738539695739746,1
3.245824098587036,1
3.1719088554382324,1
3.325739860534668,1
3.5296854972839355,1
3.1057534217834473,1
3.530357837677002,1
3.169139862060547,1
4.309791564941406,1
4.145686149597168,1
4.186906337738037,1
3.5819573402404785,1
3.3966383934020996,1
3.4996981620788574,1
3.5521140098571777,1
2.9266490936279297,1
3.205786943435669,1
3.667341470718384,1
3.3614611625671387,1
3.454810857772827,1
2.7638330459594727,1
3.3175692558288574,1
3.349663496017456,1
3.3263437747955322,1
2.5470943450927734,1
4.0468974113464355,1
4.248647212982178,1
3.8501815795898438,1
4.060182571411133,1
2.688645601272583,1
3.451523780822754,1
3.7231056690216064,1
3.9393107891082764,1
3.585083484649658,1
3.962131977081299,1
3.2365360260009766,1
3.5813465118408203,1
3.020256996154785,1
3.4163737297058105,1
3.3972654342651367,1
4.171669006347656,1
3.1653976440429688,1
3.495084285736084,1
3.332585573196411,1
3.144287109375,1
3.173099994659424,1
3.4901576042175293,1
3.710383415222168,1
3.839937448501587,1
3.7859413623809814,1
3.734816551208496,1
3.955742835998535,1
3.4124560356140137,1
2.9761714935302734,1
3.293942451477051,1
3.443007469177246,1
3.729525566101074,1
5.192087173461914,1
3.5434494018554688,1
3.8368639945983887,1
3.242238998413086,1
3.207918167114258,1
3.613239288330078,1
3.262301206588745,1
4.0026774406433105,1
3.6957974433898926,1
3.8887321949005127,1
3.6509714126586914,1
3.351158857345581,1
3.7996277809143066,1
2.8845701217651367,1
3.5232906341552734,1
3.27536678314209,1
3.149379014968872,1
3.2531561851501465,1
5.0771284103393555,1
3.370417356491089,1
4.114184856414795,1
3.2290759086608887,1
3.8804421424865723,1
3.4569015502929688,1
3.7540712356567383,1
3.270646095275879,1
3.0021450519561768,1
2.8142940998077393,1
3.5809080600738525,1
2.559380054473877,1
3.117650032043457,1
3.563897132873535,1
3.2492501735687256,1
3.3368263244628906,1
3.3379597663879395,1
3.175016403198242,1
3.062077045440674,1
3.030275821685791,1
3.364635467529297,1
3.0907979011535645,1
2.957707405090332,1
3.1095452308654785,1
3.020768165588379,1
3.208169460296631,1
3.050971031188965,1
3.4841723442077637,1
3.2345499992370605,1
3.9006059169769287,1
4.048689842224121,1
3.4054882526397705,1
3.6893603801727295,1
2.9959716796875,1
3.734870195388794,1
3.1846981048583984,1
4.663172245025635,1
3.797915458679199,1
3.1420421600341797,1
3.408263683319092,1
3.528571605682373,1
3.507296562194824,1
4.425743103027344,1
3.4142236709594727,1
4.059764862060547,1
3.4901723861694336,1
3.550497531890869,1
3.104210615158081,1
3.5016374588012695,1
3.398179292678833,1
3.4535577297210693,1
3.760143518447876,1
4.102510452270508,1
3.209458827972412,1
3.9851064682006836,1
3.1027655601501465,1
3.776578664779663,1
4.0647735595703125,1
3.7593908309936523,1
3.6438944339752197,1
3.3831045627593994,1
3.180788040161133,1
2.5818543434143066,1
3.3220036029815674,1
3.345853805541992,1
3.2510154247283936,1
3.6273131370544434,1
2.936629295349121,1
2.9604058265686035,1
2.9443814754486084,1
3.1175506114959717,1
3.1433286666870117,1
3.4674625396728516,1
4.1917290687561035,1
2.866915225982666,1
2.7149181365966797,1
3.629398822784424,1
3.7886996269226074,1
4.233275413513184,1
4.941925048828125,1
3.350717067718506,1
3.169900894165039,1
3.685534715652466,1
3.7311391830444336,1
3.72847843170166,1
3.8970119953155518,1
3.4165196418762207,1
3.6925008296966553,1
3.2185091972351074,1
3.483755111694336,1
3.4757866859436035,1
3.1539061069488525,1
5.064328670501709,1
3.861621141433716,1
3.221538543701172,1
3.376208543777466,1
4.496698379516602,1
3.640643835067749,1
3.332437038421631,1
3.6504619121551514,1
4.451218128204346,1
5.285793304443359,1
4.5060133934021,1
4.305846214294434,1
3.5612220764160156,1
4.181496620178223,1
3.389110565185547,1
2.8342397212982178,1
3.9960696697235107,1
3.9261693954467773,1
3.5728683471679688,1
4.058351516723633,1
2.8254990577697754,1
3.708371639251709,1
3.6130518913269043,1
5.204864501953125,1
