2.8006036281585693,1
3.478708028793335,1
2.972325325012207,1
3.574808120727539,1
3.203449249267578,1
3.9182868003845215,1
3.9961788654327393,1
3.2565672397613525,1
3.536129951477051,1
3.9192848205566406,1
3.551258087158203,1
3.1785128116607666,1
2.940342903137207,1
3.3200254440307617,1
3.4119834899902344,1
3.1346168518066406,1
2.9328205585479736,1
3.419422149658203,1
3.37856125831604,1
3.3461761474609375,1
3.72365665435791,1
3.684788227081299,1
3.241476535797119,1
4.139516830444336,1
3.588702440261841,1
3.3418407440185547,1
3.2589240074157715,1
3.514227867126465,1
3.251121997833252,1
3.2086331844329834,1
3.2246711254119873,1
3.7419943809509277,1
2.7576868534088135,1
3.7838690280914307,1
3.5354816913604736,1
3.6938986778259277,1
4.241625785827637,1
3.7021689414978027,1
3.4156575202941895,1
3.582902431488037,1
3.286017656326294,1
3.7088356018066406,1
4.071834564208984,1
3.6732993125915527,1
3.7525126934051514,1
3.244138479232788,1
3.069192409515381,1
4.388388633728027,1
3.452984094619751,1
3.5888473987579346,1
3.464823007583618,1
3.32324481010437,1
3.5769143104553223,1
3.4795374870300293,1
3.8028087615966797,1
2.9240245819091797,1
3.2815608978271484,1
3.6464133262634277,1
3.644467353820801,1
3.3707642555236816,1
3.307602882385254,1
2.977691650390625,1
3.199028253555298,1
3.8272576332092285,1
3.3647477626800537,1
3.341724157333374,1
3.9307069778442383,1
3.505011558532715,1
3.857635259628296,1
3.068079948425293,1
3.550973892211914,1
3.4737296104431152,1
3.7794132232666016,1
3.604511260986328,1
3.3751845359802246,1
3.94761323928833,1
3.9807660579681396,1
3.6145379543304443,1
3.625981569290161,1
3.9100818634033203,1
3.5758543014526367,1
3.7415459156036377,1
3.6902706623077393,1
2.971404790878296,1
3.4407784938812256,1
2.876980781555176,1
3.599794864654541,1
3.7332630157470703,1
3.408064365386963,1
3.939403772354126,1
3.388469934463501,1
3.8834056854248047,1
3.3159937858581543,1
3.325249671936035,1
3.4912188053131104,1
3.6761960983276367,1
3.6333937644958496,1
3.1369376182556152,1
3.821333169937134,1
3.9671831130981445,1
3.3703198432922363,1
3.1259565353393555,1
3.256906270980835,1
3.460576057434082,1
3.585548162460327,1
3.477715492248535,1
3.7169055938720703,1
3.6362533569335938,1
4.19666862487793,1
3.8939108848571777,1
3.4537105560302734,1
4.081332206726074,1
3.3259224891662598,1
3.241708278656006,1
3.4488847255706787,1
3.689116954803467,1
3.796886920928955,1
3.3873963356018066,1
3.5350098609924316,1
3.003814697265625,1
3.306061267852783,1
3.278623104095459,1
3.843529224395752,1
3.4737772941589355,1
3.3731472492218018,1
3.728926658630371,1
4.216681003570557,1
3.60581636428833,1
3.418910503387451,1
3.6843481063842773,1
3.6926233768463135,1
3.171820640563965,1
3.027203321456909,1
3.727099895477295,1
3.929250955581665,1
3.6177890300750732,1
3.452606678009033,1
3.581389904022217,1
3.784355401992798,1
3.1008214950561523,1
3.449070930480957,1
3.2270779609680176,1
3.1628353595733643,1
3.7201154232025146,1
3.191257953643799,1
3.5899527072906494,1
3.7728443145751953,1
3.6871044635772705,1
3.0754141807556152,1
3.3513543605804443,1
3.43579363822937,1
3.399555206298828,1
3.6481616497039795,1
3.476984977722168,1
4.1670074462890625,1
3.756671905517578,1
3.48286771774292,1
3.2151565551757813,1
4.04151725769043,1
3.940481185913086,1
3.6169469356536865,1
4.210844039916992,1
3.6220149993896484,1
3.16434907913208,1
3.8348753452301025,1
3.4967551231384277,1
3.7244296073913574,1
3.6778690814971924,1
3.8989930152893066,1
3.677267074584961,1
3.9032392501831055,1
3.1940207481384277,1
3.699869394302368,1
3.46593976020813,1
3.3489251136779785,1
3.411621570587158,1
3.478727340698242,1
3.140892505645752,1
3.5533607006073,1
4.087617874145508,1
3.2594687938690186,1
3.9513726234436035,1
3.6664180755615234,1
3.8354849815368652,1
4.0886549949646,1
3.5750231742858887,1
2.9461452960968018,1
3.2651968002319336,1
3.376105308532715,1
2.9402241706848145,1
3.380855083465576,1
3.8193905353546143,1
3.262678623199463,1
3.1661510467529297,1
3.414609432220459,1
3.5222890377044678,1
3.122622489929199,1
3.5199413299560547,1
4.087201118469238,1
3.612028121948242,1
3.1328718662261963,1
3.7308406829833984,1
4.357427597045898,1
3.506058692932129,1
3.6215367317199707,1
2.922614097595215,1
3.5041356086730957,1
3.5514538288116455,1
4.02256965637207,1
3.3440990447998047,1
3.803562879562378,1
4.246547222137451,1
3.6520094871520996,1
3.7861721515655518,1
3.457764148712158,1
3.9697704315185547,1
3.877078056335449,1
3.632723808288574,1
3.574911594390869,1
3.7732839584350586,1
4.0343017578125,1
3.650261878967285,1
3.53627347946167,1
3.8159234523773193,1
4.107542037963867,1
3.1345818042755127,1
3.154757022857666,1
3.6292076110839844,1
3.3679304122924805,1
3.347266674041748,1
2.795985221862793,1
3.5209286212921143,1
3.708155632019043,1
3.274934768676758,1
3.6374258995056152,1
3.4067208766937256,1
3.266744613647461,1
3.819185256958008,1
3.781907320022583,1
3.3847453594207764,1
3.604612350463867,1
3.752095937728882,1
3.84771728515625,1
3.114635467529297,1
2.867384433746338,1
3.382056713104248,1
3.58320951461792,1
3.3205718994140625,1
2.7859034538269043,1
3.701559066772461,1
3.3510451316833496,1
3.5116660594940186,1
2.8729898929595947,1
3.545016288757324,1
3.0455055236816406,1
3.377079725265503,1
3.7894186973571777,1
3.4836599826812744,1
4.08085823059082,1
3.580819606781006,1
3.5335049629211426,1
3.7192604541778564,1
2.856940984725952,1
3.4012598991394043,1
3.3683857917785645,1
3.468003749847412,1
3.1756882667541504,1
3.4162888526916504,1
3.2619338035583496,1
3.3139562606811523,1
2.8150687217712402,1
3.7402830123901367,1
3.7488412857055664,1
3.0637364387512207,1
3.1443710327148438,1
3.7972073554992676,1
2.8664255142211914,1
3.380805492401123,1
3.3989670276641846,1
3.5424885749816895,1
2.860239028930664,1
3.6155049800872803,1
3.872267007827759,1
3.8105082511901855,1
3.6061768531799316,1
3.947265148162842,1
3.687993049621582,1
4.238478183746338,1
3.896566390991211,1
3.4170138835906982,1
3.985283374786377,1
3.4369421005249023,1
3.2568445205688477,1
4.130807876586914,1
3.430642604827881,1
3.3143630027770996,1
3.1832611560821533,1
3.722672939300537,1
3.1862587928771973,1
4.000890731811523,1
3.350878953933716,1
3.5130624771118164,1
3.009796142578125,1
3.327993869781494,1
3.55267333984375,1
3.504230499267578,1
3.688201904296875,1
3.4479455947875977,1
3.365293264389038,1
3.2283270359039307,1
3.6880059242248535,1
3.673886775970459,1
3.662163257598877,1
2.791679620742798,1
3.5270605087280273,1
3.5694899559020996,1
3.3531363010406494,1
3.9252874851226807,1
4.204616546630859,1
3.831282377243042,1
3.8688125610351563,1
3.892916679382324,1
3.5191941261291504,1
4.028346061706543,1
3.870296001434326,1
3.2440030574798584,1
3.465726852416992,1
3.193601608276367,1
3.4733219146728516,1
3.821190595626831,1
3.8402793407440186,1
3.5305471420288086,1
3.4643144607543945,1
3.886094570159912,1
4.5074920654296875,1
3.398261308670044,1
3.445606231689453,1
3.181596279144287,1
3.7202343940734863,1
3.6468260288238525,1
3.2831597328186035,1
3.514069080352783,1
3.6168761253356934,1
3.3727283477783203,1
3.6989474296569824,1
3.339198112487793,1
3.262935161590576,1
3.500420093536377,1
3.765232801437378,1
3.529181480407715,1
3.7978503704071045,1
3.0395491123199463,1
2.718295097351074,1
3.474856376647949,1
3.2321596145629883,1
3.6772310733795166,1
3.326908588409424,1
4.1315507888793945,1
3.7686688899993896,1
3.7291204929351807,1
4.029484748840332,1
3.087571620941162,1
3.5394604206085205,1
3.2515199184417725,1
3.191436290740967,1
3.669551372528076,1
3.2459464073181152,1
3.5158839225769043,1
3.8219141960144043,1
2.6068406105041504,1
3.4223663806915283,1
2.918134927749634,1
3.470856189727783,1
3.432710886001587,1
3.7005908489227295,1
3.69295597076416,1
3.396541118621826,1
3.452744722366333,1
3.2275686264038086,1
3.1990489959716797,1
3.0723958015441895,1
3.2389819622039795,1
4.64833402633667,1
3.948521614074707,1
3.029344081878662,1
3.0415477752685547,1
3.4229021072387695,1
3.328789710998535,1
3.7652907371520996,1
4.053936958312988,1
3.3377885818481445,1
3.19492769241333,1
3.2318363189697266,1
3.530208110809326,1
4.135396480560303,1
3.606157064437866,1
3.6161108016967773,1
3.7873263359069824,1
3.817564010620117,1
3.7479405403137207,1
4.070052146911621,1
2.671142101287842,1
3.7304422855377197,1
3.2376551628112793,1
3.2970433235168457,1
3.6328277587890625,1
3.7608084678649902,1
3.340383291244507,1
3.5346546173095703,1
3.0277645587921143,1
3.2644479274749756,1
3.3035783767700195,1
2.9820284843444824,1
3.6036887168884277,1
3.0990614891052246,1
3.158454656600952,1
3.3609848022460938,1
3.231599807739258,1
4.049467086791992,1
3.084085464477539,1
3.6915669441223145,1
3.6424198150634766,1
3.663825273513794,1
3.02504301071167,1
3.2233262062072754,1
3.617469549179077,1
3.691631317138672,1
3.2942581176757813,1
3.420109748840332,1
3.7295591831207275,1
3.515308141708374,1
3.057929515838623,1
3.3372042179107666,1
3.674816131591797,1
3.848757266998291,1
3.628628730773926,1
3.692929267883301,1
3.0941457748413086,1
3.6545772552490234,1
3.3542370796203613,1
3.1569838523864746,1
4.4260430335998535,1
3.6985247135162354,1
3.6789793968200684,1
3.554882764816284,1
3.840632677078247,1
3.537322521209717,1
3.6645877361297607,1
3.420346260070801,1
3.6597084999084473,1
3.5581231117248535,1
3.4478797912597656,1
3.28952693939209,1
3.5185248851776123,1
3.961400032043457,1
3.634315013885498,1
3.336477041244507,1
3.175889015197754,1
3.100050449371338,1
3.154966115951538,1
3.6353065967559814,1
3.4331767559051514,1
3.456249237060547,1
2.955442428588867,1
4.099472999572754,1
3.6113555431365967,1
3.6412196159362793,1
3.289464235305786,1
3.267963409423828,1
2.7848472595214844,1
3.569427967071533,1
4.056396961212158,1
3.267303466796875,1
3.642723321914673,1
3.412428855895996,1
3.333852767944336,1
3.5168795585632324,1
3.7463910579681396,1
3.659651756286621,1
3.119816780090332,1
3.5400543212890625,1
2.8836236000061035,1
3.3543429374694824,1
2.8124828338623047,1
3.243354082107544,1
3.198918342590332,1
3.507546901702881,1
3.4981305599212646,1
2.960693359375,1
3.5459868907928467,1
3.598783493041992,1
3.294677734375,1
3.7936313152313232,1
3.3344736099243164,1
3.637580394744873,1
3.594928741455078,1
3.7399983406066895,1
3.2943172454833984,1
3.3191566467285156,1
3.393923282623291,1
3.4755043983459473,1
3.9241409301757813,1
3.649064302444458,1
3.4818296432495117,1
3.4310402870178223,1
3.3065032958984375,1
3.7846102714538574,1
3.538076162338257,1
3.2625246047973633,1
3.245535373687744,1
4.351747035980225,1
2.923750638961792,1
3.332533359527588,1
4.067490577697754,1
3.193906784057617,1
3.476443290710449,1
3.684173107147217,1
3.1875362396240234,1
3.134855270385742,1
2.8420662879943848,1
3.6377265453338623,1
3.3825178146362305,1
3.316035747528076,1
2.8811795711517334,1
3.320006847381592,1
3.7748489379882813,1
3.2421469688415527,1
3.685685873031616,1
3.4858455657958984,1
3.3130383491516113,1
3.3030848503112793,1
3.561282157897949,1
3.6078577041625977,1
3.6362595558166504,1
3.3268961906433105,1
3.719359874725342,1
3.119821071624756,1
3.12876558303833,1
2.805671453475952,1
3.6494526863098145,1
3.5771541595458984,1
3.8361387252807617,1
3.370084762573242,1
4.214613914489746,1
3.237560272216797,1
3.7839879989624023,1
3.8235552310943604,1
2.8564417362213135,1
3.2587711811065674,1
3.49282169342041,1
3.236924171447754,1
3.5936007499694824,1
3.4698095321655273,1
3.504765033721924,1
2.857785224914551,1
3.642049789428711,1
3.2655210494995117,1
3.417633533477783,1
4.376702308654785,1
3.855160713195801,1
3.1460578441619873,1
3.661200761795044,1
3.600741147994995,1
3.8106918334960938,1
3.2301642894744873,1
3.9986491203308105,1
3.29943585395813,1
2.6764020919799805,1
3.7843117713928223,1
4.554818630218506,1
3.811983585357666,1
4.219107627868652,1
3.4117424488067627,1
3.3397247791290283,1
3.288341522216797,1
3.6875722408294678,1
3.5369811058044434,1
3.726184844970703,1
3.2252449989318848,1
3.101655960083008,1
3.045015335083008,1
3.5473477840423584,1
3.6597604751586914,1
3.1681909561157227,1
3.309727668762207,1
3.330421209335327,1
4.186008453369141,1
3.1533656120300293,1
3.224738121032715,1
3.3086414337158203,1
3.1299519538879395,1
3.4559459686279297,1
3.2410240173339844,1
2.9616332054138184,1
3.2778801918029785,1
3.384732246398926,1
3.5169014930725098,1
3.2644944190979004,1
3.011873245239258,1
2.825444459915161,1
2.8328745365142822,1
3.3204851150512695,1
3.595602512359619,1
3.059291362762451,1
3.092741012573242,1
3.3848509788513184,1
3.839545249938965,1
2.9391467571258545,1
3.3687567710876465,1
3.643918991088867,1
3.157500743865967,1
3.1086223125457764,1
3.244553565979004,1
3.046041965484619,1
4.003323078155518,1
3.4896793365478516,1
3.3168258666992188,1
4.329954147338867,1
3.9128479957580566,1
3.3673157691955566,1
3.701829433441162,1
3.970679998397827,1
3.4162306785583496,1
3.688231945037842,1
3.018190383911133,1
3.1227846145629883,1
2.8704981803894043,1
3.317908763885498,1
4.576558589935303,1
3.4393229484558105,1
3.617198944091797,1
3.3258867263793945,1
3.955444574356079,1
3.4701590538024902,1
3.7894325256347656,1
3.1813323497772217,1
3.344200611114502,1
3.5477302074432373,1
3.2532777786254883,1
2.7602081298828125,1
3.7264580726623535,1
4.133118629455566,1
3.8404288291931152,1
3.5589303970336914,1
3.297919273376465,1
3.3229243755340576,1
3.250545024871826,1
3.6121273040771484,1
3.431955575942993,1
4.145046710968018,1
2.9928722381591797,1
3.094008684158325,1
3.2234766483306885,1
4.695254325866699,1
3.2445433139801025,1
3.2437314987182617,1
4.0083088874816895,1
3.014417886734009,1
3.3953843116760254,1
3.590179443359375,1
3.5692834854125977,1
3.552103042602539,1
3.5072035789489746,1
3.733243942260742,1
3.4560546875,1
3.5564799308776855,1
2.69403076171875,1
3.230693817138672,1
2.8768975734710693,1
2.9358181953430176,1
2.9865691661834717,1
3.440976619720459,1
3.2020180225372314,1
2.697844982147217,1
3.180814743041992,1
3.1826071739196777,1
3.0137555599212646,1
3.368037462234497,1
3.2358298301696777,1
3.732652425765991,1
3.6360116004943848,1
3.3737869262695313,1
3.6312036514282227,1
3.7684736251831055,1
3.425079822540283,1
4.051824569702148,1
3.7856364250183105,1
3.808366537094116,1
3.556253433227539,1
3.740668535232544,1
4.149808883666992,1
3.438647985458374,1
3.8359556198120117,1
3.7386975288391113,1
3.908172130584717,1
3.1006886959075928,1
3.8641586303710938,1
3.5725417137145996,1
3.989335536956787,1
3.7661962509155273,1
3.4489245414733887,1
3.2578470706939697,1
3.294403314590454,1
3.5774011611938477,1
3.372833490371704,1
3.3554787635803223,1
3.501862049102783,1
3.204894542694092,1
3.3632922172546387,1
3.4257259368896484,1
3.2979140281677246,1
3.3760247230529785,1
3.2325568199157715,1
3.278654098510742,1
3.145510196685791,1
3.3903846740722656,1
3.573350667953491,1
3.141437530517578,1
3.587991714477539,1
3.3279457092285156,1
2.923474073410034,1
3.2187042236328125,1
2.978593349456787,1
3.108643054962158,1
3.9243433475494385,1
3.8644697666168213,1
3.593374252319336,1
3.788969039916992,1
4.298801898956299,1
3.982164144515991,1
3.0683367252349854,1
3.1163549423217773,1
3.823051929473877,1
3.2944436073303223,1
3.311964511871338,1
3.6589198112487793,1
3.6373682022094727,1
3.996180772781372,1
3.1795825958251953,1
3.8732848167419434,1
3.2455997467041016,1
2.952345609664917,1
3.02724027633667,1
3.8772199153900146,1
2.980034828186035,1
3.4565911293029785,1
3.4510674476623535,1
3.158114433288574,1
4.057127475738525,1
3.2970082759857178,1
3.0421266555786133,1
3.1118617057800293,1
3.234706401824951,1
3.3367581367492676,1
3.584071636199951,1
3.2183117866516113,1
3.399200439453125,1
2.845503807067871,1
3.8094825744628906,1
3.0354490280151367,1
3.114535331726074,1
3.6279714107513428,1
3.636373996734619,1
3.390913486480713,1
3.411644458770752,1
3.7627100944519043,1
3.39638090133667,1
3.2638940811157227,1
3.495061159133911,1
3.2338271141052246,1
3.1891441345214844,1
3.2455735206604004,1
3.2519116401672363,1
3.100677967071533,1
3.178561210632324,1
3.2360332012176514,1
3.6294054985046387,1
3.558774709701538,1
3.526919364929199,1
3.698338031768799,1
3.5625128746032715,1
2.965268611907959,1
3.8167858123779297,1
3.363581657409668,1
3.6506004333496094,1
3.655946731567383,1
3.4970006942749023,1
3.4743576049804688,1
3.324446201324463,1
3.5144381523132324,1
3.6380221843719482,1
3.36657452583313,1
3.721492052078247,1
3.5813891887664795,1
3.8295464515686035,1
3.425102710723877,1
3.3262453079223633,1
3.293747663497925,1
3.554330348968506,1
3.4145376682281494,1
2.940647602081299,1
3.0350759029388428,1
3.0410218238830566,1
3.761901378631592,1
2.960966110229492,1
3.3886585235595703,1
3.210711717605591,1
3.3467557430267334,1
3.49009370803833,1
3.3285765647888184,1
3.7395052909851074,1
3.598217010498047,1
3.4340920448303223,1
3.2492847442626953,1
3.774596691131592,1
3.174309253692627,1
4.178979396820068,1
3.4693570137023926,1
3.697251558303833,1
3.347262144088745,1
3.557286262512207,1
3.5409724712371826,1
3.341520071029663,1
3.2430267333984375,1
3.2008895874023438,1
3.408115863800049,1
3.7102160453796387,1
3.799065589904785,1
3.547206401824951,1
3.782386302947998,1
2.973275661468506,1
3.369904041290283,1
2.9877171516418457,1
3.584397315979004,1
3.5671842098236084,1
2.8518154621124268,1
3.159792900085449,1
3.4876039028167725,1
3.467864751815796,1
3.665419101715088,1
3.0327672958374023,1
3.832427740097046,1
3.492124557495117,1
3.0899996757507324,1
3.304048538208008,1
3.413336753845215,1
3.9987831115722656,1
4.018232345581055,1
3.314488649368286,1
3.3324999809265137,1
3.3276419639587402,1
3.383474826812744,1
3.522643804550171,1
3.7601985931396484,1
2.9922869205474854,1
3.596940517425537,1
3.9922287464141846,1
4.427371978759766,1
3.714812755584717,1
3.680377960205078,1
4.222393035888672,1
3.3388304710388184,1
3.6824283599853516,1
3.6027448177337646,1
3.281615734100342,1
3.7914528846740723,1
3.4135286808013916,1
3.4911623001098633,1
3.1776204109191895,1
2.9784908294677734,1
3.842682361602783,1
3.6673285961151123,1
3.7567901611328125,1
3.8208863735198975,1
3.519209861755371,1
2.788233995437622,1
3.571615219116211,1
3.770854949951172,1
3.516347885131836,1
3.4260342121124268,1
3.492743492126465,1
3.2566230297088623,1
3.1696157455444336,1
4.122976779937744,1
2.956866502761841,1
3.517683982849121,1
3.5017971992492676,1
3.1553595066070557,1
3.597491502761841,1
3.8180646896362305,1
3.1287965774536133,1
3.0943503379821777,1
3.6240222454071045,1
3.784228801727295,1
3.533522605895996,1
3.4257664680480957,1
3.4723455905914307,1
3.3265838623046875,1
3.1641969680786133,1
3.6736106872558594,1
3.428943157196045,1
3.5262293815612793,1
3.5134642124176025,1
3.9645791053771973,1
3.676542282104492,1
2.9763643741607666,1
3.1027097702026367,1
3.177124500274658,1
3.2114641666412354,1
4.307086944580078,1
3.5060853958129883,1
3.6743621826171875,1
3.4931440353393555,1
3.567870616912842,1
3.7362148761749268,1
3.5828216075897217,1
3.765748977661133,1
3.5933985710144043,1
4.684778213500977,1
3.227226734161377,1
3.7220618724823,1
2.902449131011963,1
3.346014976501465,1
3.596954822540283,1
3.429109573364258,1
3.3878612518310547,1
3.0332114696502686,1
3.5602056980133057,1
3.2511391639709473,1
3.520388603210449,1
4.327237129211426,1
3.3225884437561035,1
3.0554213523864746,1
2.974632740020752,1
3.3792662620544434,1
3.24837064743042,1
3.2021021842956543,1
3.33841872215271,1
3.5656630992889404,1
3.137688159942627,1
3.195345878601074,1
3.1776957511901855,1
3.488856315612793,1
4.026711463928223,1
3.3193206787109375,1
3.607280731201172,1
4.313111305236816,1
3.8700954914093018,1
3.8522422313690186,1
3.7458322048187256,1
3.637800931930542,1
3.4208614826202393,1
3.3624606132507324,1
3.4777262210845947,1
3.6509344577789307,1
3.5952775478363037,1
3.1523752212524414,1
3.473463535308838,1
3.259993553161621,1
2.6421384811401367,1
3.6562647819519043,1
3.6247949600219727,1
3.1917526721954346,1
2.6407508850097656,1
3.227304458618164,1
3.1210250854492188,1
3.332021713256836,1
3.2446563243865967,1
2.7806105613708496,1
3.311321258544922,1
3.758826732635498,1
3.6025686264038086,1
3.668381690979004,1
3.608422040939331,1
3.183016777038574,1
3.30708909034729,1
3.6414222717285156,1
3.439466953277588,1
3.875389814376831,1
3.467667579650879,1
3.614982843399048,1
4.060811519622803,1
3.4431445598602295,1
3.391324996948242,1
3.612029790878296,1
3.5981223583221436,1
3.8305611610412598,1
3.4586563110351563,1
3.729022979736328,1
3.4926536083221436,1
4.112239360809326,1
3.255492687225342,1
2.7526907920837402,1
3.724738836288452,1
3.3577632904052734,1
3.802877902984619,1
3.655156135559082,1
4.041967391967773,1
4.004269599914551,1
3.986292839050293,1
4.196904182434082,1
2.9748497009277344,1
3.5083770751953125,1
3.3935506343841553,1
3.405707836151123,1
3.017298698425293,1
3.293602228164673,1
3.4184377193450928,1
3.194709539413452,1
3.654836654663086,1
2.8151206970214844,1
3.191226005554199,1
3.8175673484802246,1
3.7945358753204346,1
3.3493027687072754,1
3.8203065395355225,1
3.7053022384643555,1
3.8148603439331055,1
3.3881235122680664,1
3.8125596046447754,1
3.454669713973999,1
3.918905735015869,1
3.1382598876953125,1
3.7148334980010986,1
3.1164867877960205,1
3.3378684520721436,1
3.7013626098632813,1
3.513845920562744,1
3.503958225250244,1
3.5162265300750732,1
3.019526958465576,1
4.074851036071777,1
3.1107919216156006,1
3.544069766998291,1
3.521937847137451,1
3.255671501159668,1
3.7765135765075684,1
3.2685556411743164,1
3.3697171211242676,1
3.0683422088623047,1
3.5413565635681152,1
3.7890024185180664,1
3.2240500450134277,1
2.8564858436584473,1
3.506351947784424,1
3.2118210792541504,1
3.093151330947876,1
3.42484974861145,1
3.620187997817993,1
3.3118464946746826,1
3.486809492111206,1
3.3518495559692383,1
3.1792550086975098,1
3.2548751831054688,1
3.338935375213623,1
3.6414380073547363,1
3.8596973419189453,1
4.098643779754639,1
2.8164539337158203,1
3.0884861946105957,1
3.3692970275878906,1
3.0089402198791504,1
3.7570955753326416,1
3.9686872959136963,1
3.9804911613464355,1
3.7661166191101074,1
2.9425771236419678,1
3.7322330474853516,1
3.9351658821105957,1
3.223414421081543,1
3.152125358581543,1
3.456768035888672,1
3.3388092517852783,1
3.496122360229492,1
3.2945103645324707,1
3.2570860385894775,1
3.0542259216308594,1
2.836669445037842,1
2.3879733085632324,1
3.421332836151123,1
2.95914888381958,1
3.3076014518737793,1
3.5767579078674316,1
3.402275562286377,1
3.299591064453125,1
4.092529296875,1
3.1463842391967773,1
3.453986644744873,1
3.639421224594116,1
3.381770133972168,1
3.7973995208740234,1
3.8163466453552246,1
2.6878228187561035,1
3.149614095687866,1
3.3271236419677734,1
2.9502038955688477,1
3.1721553802490234,1
3.3775930404663086,1
3.602628707885742,1
3.779906749725342,1
3.6720199584960938,1
3.677125930786133,1
3.3917791843414307,1
3.5875887870788574,1
3.232952117919922,1
3.3927760124206543,1
3.3835902214050293,1
3.1928811073303223,1
4.008152961730957,1
3.2427821159362793,1
3.5853970050811768,1
3.6505014896392822,1
2.9072117805480957,1
3.6150026321411133,1
3.3028526306152344,1
3.5510072708129883,1
3.14992356300354,1
3.482379198074341,1
3.5794243812561035,1
3.379819869995117,1
3.154956340789795,1
3.6702775955200195,1
3.1202869415283203,1
3.660353183746338,1
3.4396231174468994,1
3.187624931335449,1
3.621518611907959,1
3.5465455055236816,1
3.541757583618164,1
3.3093645572662354,1
4.004600524902344,1
2.7645936012268066,1
3.3195106983184814,1
3.6243906021118164,1
3.855942964553833,1
3.5204098224639893,1
2.914275884628296,1
3.7368581295013428,1
3.650742292404175,1
3.8865294456481934,1
3.5438942909240723,1
3.992126226425171,1
3.5243449211120605,1
3.1642086505889893,1
3.9642765522003174,1
3.7474541664123535,1
3.507633686065674,1
3.34205961227417,1
3.3169445991516113,1
4.353237152099609,1
3.40665864944458,1
3.1739633083343506,1
3.284883737564087,1
3.492633819580078,1
3.5032148361206055,1
4.236281394958496,1
3.381166458129883,1
2.8341102600097656,1
3.6151340007781982,1
3.560591459274292,1
3.389796257019043,1
3.337268352508545,1
3.4151883125305176,1
3.5628559589385986,1
3.285722255706787,1
4.181335926055908,1
4.038196086883545,1
4.183953762054443,1
3.3832778930664063,1
3.9857730865478516,1
4.362255096435547,1
4.12651252746582,1
3.9664254188537598,1
3.89371657371521,1
3.447862148284912,1
3.456151008605957,1
3.424358367919922,1
3.146343946456909,1
3.8841404914855957,1
3.72998046875,1
4.009692192077637,1
3.6331000328063965,1
3.0016345977783203,1
3.3066112995147705,1
4.25461483001709,1
4.1296515464782715,1
3.7050528526306152,1
3.2916603088378906,1
3.3670310974121094,1
3.5662999153137207,1
3.5586249828338623,1
3.177248001098633,1
3.1027815341949463,1
3.5963239669799805,1
3.714124917984009,1
3.501286506652832,1
3.343585968017578,1
3.2370009422302246,1
3.6968915462493896,1
3.2423360347747803,1
2.7374796867370605,1
3.3065595626831055,1
3.3308053016662598,1
3.8464295864105225,1
3.3637633323669434,1
3.8434174060821533,1
3.674017906188965,1
3.573820114135742,1
3.2700705528259277,1
3.0240135192871094,1
3.411604642868042,1
3.3668363094329834,1
2.998880386352539,1
3.830397367477417,1
3.5865590572357178,1
4.097073554992676,1
3.198453426361084,1
3.1583070755004883,1
3.13065242767334,1
3.6082611083984375,1
3.5618855953216553,1
3.263772964477539,1
3.743459701538086,1
4.023219108581543,1
2.9501519203186035,1
3.372134208679199,1
3.6008365154266357,1
3.293208599090576,1
3.3027234077453613,1
3.0421812534332275,1
3.813474416732788,1
3.5571165084838867,1
3.4514875411987305,1
3.3744888305664063,1
3.0210394859313965,1
3.48227596282959,1
2.9664573669433594,1
3.4572255611419678,1
3.5231285095214844,1
3.989565372467041,1
3.522705316543579,1
3.560590982437134,1
3.8267571926116943,1
3.340932846069336,1
3.2780046463012695,1
2.8982162475585938,1
3.7819290161132813,1
3.6701838970184326,1
3.3926591873168945,1
3.480145215988159,1
3.3237123489379883,1
4.144650459289551,1
3.634978771209717,1
3.675826072692871,1
3.516406774520874,1
3.250119924545288,1
3.693098306655884,1
3.6461710929870605,1
3.638468027114868,1
3.6851511001586914,1
3.1639244556427,1
3.110081195831299,1
2.8378729820251465,1
3.913264036178589,1
3.237363815307617,1
3.4083781242370605,1
3.355602502822876,1
3.300238847732544,1
3.4165334701538086,1
2.6409811973571777,1
3.384537696838379,1
3.2381045818328857,1
2.8067872524261475,1
3.2893009185791016,1
3.4578428268432617,1
3.062297821044922,1
3.205810070037842,1
3.211656332015991,1
3.4432802200317383,1
3.2445671558380127,1
3.1560893058776855,1
3.200545072555542,1
3.6269633769989014,1
3.6606285572052,1
3.3917133808135986,1
2.9135923385620117,1
3.4105825424194336,1
3.8318560123443604,1
3.345752239227295,1
3.435715913772583,1
3.6687848567962646,1
3.3060593605041504,1
3.4433741569519043,1
3.6124560832977295,1
3.4158668518066406,1
2.929201602935791,1
3.439671039581299,1
3.333037853240967,1
3.0045671463012695,1
3.5233957767486572,1
3.487393856048584,1
3.82943058013916,1
3.139235019683838,1
3.7823266983032227,1
3.602644920349121,1
3.640808582305908,1
3.141115665435791,1
3.9150733947753906,1
3.5407495498657227,1
3.3801522254943848,1
3.4460954666137695,1
3.37623929977417,1
3.5079989433288574,1
3.4526257514953613,1
3.5216495990753174,1
3.2771692276000977,1
3.7911646366119385,1
3.512765407562256,1
3.414268970489502,1
3.7181801795959473,1
3.473266124725342,1
3.148231267929077,1
3.9617972373962402,1
3.222759246826172,1
3.379607677459717,1
3.5511813163757324,1
3.884086847305298,1
3.323416233062744,1
3.714608669281006,1
3.4652276039123535,1
3.5962867736816406,1
3.197800636291504,1
3.5755038261413574,1
3.3515512943267822,1
3.814425468444824,1
3.2951149940490723,1
3.5568079948425293,1
3.5844240188598633,1
3.234125852584839,1
3.986884593963623,1
3.462693929672241,1
3.0106396675109863,1
3.602100372314453,1
3.942718505859375,1
3.1976680755615234,1
3.526700973510742,1
3.601234197616577,1
4.117424964904785,1
3.516366958618164,1
3.2352991104125977,1
3.5897912979125977,1
3.601184844970703,1
3.6449522972106934,1
3.1442675590515137,1
2.6134400367736816,1
3.528958320617676,1
3.2163054943084717,1
3.273346424102783,1
3.0924770832061768,1
3.792342185974121,1
3.7133827209472656,1
3.579029083251953,1
3.497128486633301,1
3.753483772277832,1
3.3909366130828857,1
3.595399856567383,1
4.279453754425049,1
3.9753518104553223,1
2.7266383171081543,1
3.8163952827453613,1
3.3877034187316895,1
3.9526782035827637,1
3.382532835006714,1
3.6443464756011963,1
3.3858096599578857,1
3.0946602821350098,1
3.086366653442383,1
3.5539426803588867,1
3.302907943725586,1
2.617375373840332,1
3.2416486740112305,1
3.586221933364868,1
4.4816575050354,1
4.014837265014648,1
3.0044658184051514,1
3.5507075786590576,1
3.7963714599609375,1
3.6611433029174805,1
3.6951510906219482,1
3.5455331802368164,1
3.30380916595459,1
3.7113025188446045,1
3.158806800842285,1
3.9221534729003906,1
3.418531656265259,1
3.6754045486450195,1
3.50789737701416,1
3.715024471282959,1
3.5521631240844727,1
3.1750473976135254,1
3.019531726837158,1
3.4221692085266113,1
3.4783077239990234,1
4.412426948547363,1
3.5911035537719727,1
3.085692882537842,1
3.1292972564697266,1
4.063465595245361,1
3.603461503982544,1
3.6116414070129395,1
3.2010412216186523,1
2.9593310356140137,1
2.8673667907714844,1
3.4567737579345703,1
3.534540891647339,1
2.8661584854125977,1
3.118307590484619,1
3.0745086669921875,1
3.093665599822998,1
3.0726795196533203,1
3.277728319168091,1
2.962298631668091,1
3.6316616535186768,1
3.142570734024048,1
3.070432186126709,1
3.6111693382263184,1
3.853242874145508,1
4.141721725463867,1
3.4643187522888184,1
3.2516672611236572,1
3.2297263145446777,1
3.363767385482788,1
3.5268046855926514,1
3.389935255050659,1
2.840240955352783,1
3.3723807334899902,1
3.2816321849823,1
3.1286582946777344,1
3.5136256217956543,1
3.4248971939086914,1
3.4504010677337646,1
3.514861583709717,1
3.471487045288086,1
3.1368308067321777,1
3.610076904296875,1
3.760765552520752,1
3.8674683570861816,1
3.432342529296875,1
2.8273448944091797,1
3.1894378662109375,1
2.777109146118164,1
4.09589958190918,1
3.1281979084014893,1
3.402287483215332,1
3.492279052734375,1
3.025428056716919,1
3.5794425010681152,1
2.877246379852295,1
3.13070011138916,1
3.5763349533081055,1
3.2157747745513916,1
3.14939022064209,1
3.5224316120147705,1
2.8545358180999756,1
2.4053642749786377,1
3.3881874084472656,1
3.547417402267456,1
3.4624483585357666,1
3.308476448059082,1
3.5045080184936523,1
3.3279356956481934,1
3.4028773307800293,1
3.1204416751861572,1
3.399867296218872,1
3.1090266704559326,1
3.4330501556396484,1
3.175731658935547,1
3.2076804637908936,1
2.9457039833068848,1
3.9190874099731445,1
3.442443609237671,1
3.017714500427246,1
3.676516056060791,1
2.9340274333953857,1
3.442984104156494,1
3.184539318084717,1
3.1658005714416504,1
3.528806447982788,1
3.2996089458465576,1
3.500657558441162,1
3.1211674213409424,1
3.1632072925567627,1
3.1622092723846436,1
2.979477882385254,1
3.045492172241211,1
3.9217369556427,1
3.5992190837860107,1
4.034862995147705,1
3.1577510833740234,1
3.8097684383392334,1
3.452221632003784,1
3.3199353218078613,1
3.2116851806640625,1
3.303964614868164,1
3.2202515602111816,1
3.531280517578125,1
3.7112250328063965,1
3.2399487495422363,1
3.2576141357421875,1
3.365262985229492,1
3.4507031440734863,1
3.1296002864837646,1
3.425161123275757,1
3.389356851577759,1
3.1112594604492188,1
3.671542167663574,1
3.5027925968170166,1
3.027830123901367,1
3.238159656524658,1
3.6224379539489746,1
4.192420959472656,1
3.0544567108154297,1
3.429419755935669,1
2.7902674674987793,1
3.778367757797241,1
3.580148220062256,1
4.354650497436523,1
2.9467782974243164,1
3.2234106063842773,1
3.086108684539795,1
3.3195865154266357,1
3.464008331298828,1
3.581082344055176,1
3.4394662380218506,1
3.774003744125366,1
3.3699047565460205,1
3.9224600791931152,1
3.126941680908203,1
3.4706931114196777,1
3.59806489944458,1
3.6972525119781494,1
4.314944267272949,1
3.3469982147216797,1
3.7558557987213135,1
3.1997299194335938,1
4.0636162757873535,1
3.4931163787841797,1
3.590327262878418,1
3.9876132011413574,1
3.327134609222412,1
3.0141711235046387,1
3.140066623687744,1
3.085571765899658,1
3.795475482940674,1
3.079401969909668,1
3.2624011039733887,1
3.1627321243286133,1
3.80145525932312,1
3.2064037322998047,1
3.564333915710449,1
3.756229877471924,1
3.393514394760132,1
3.7092068195343018,1
4.158208847045898,1
3.750291347503662,1
3.310054302215576,1
3.3679866790771484,1
3.8191635608673096,1
2.9795217514038086,1
3.0961973667144775,1
3.890936851501465,1
4.3329362869262695,1
3.540226936340332,1
3.1590211391448975,1
3.1656084060668945,1
3.453019618988037,1
3.756545066833496,1
3.3132991790771484,1
3.1125893592834473,1
3.2081518173217773,1
3.450077533721924,1
3.4187211990356445,1
3.5081946849823,1
3.937889575958252,1
3.6216251850128174,1
2.8916873931884766,1
3.045742988586426,1
3.7114100456237793,1
3.9635679721832275,1
2.86279296875,1
2.8276238441467285,1
3.516740560531616,1
3.108042001724243,1
3.063373565673828,1
3.2449238300323486,1
2.85300874710083,1
3.204986810684204,1
3.5927562713623047,1
3.5486016273498535,1
3.835174083709717,1
3.0538387298583984,1
3.1470847129821777,1
3.403952121734619,1
3.3131139278411865,1
3.161400318145752,1
2.98209810256958,1
3.4277284145355225,1
3.000619411468506,1
3.405376434326172,1
2.6072587966918945,1
3.8041489124298096,1
3.3619935512542725,1
2.6484265327453613,1
2.9997339248657227,1
3.182959794998169,1
3.0909430980682373,1
3.238539218902588,1
3.764195442199707,1
3.354689121246338,1
3.849893569946289,1
3.1710948944091797,1
3.612247943878174,1
4.006028652191162,1
4.288455486297607,1
3.034148693084717,1
3.7841341495513916,1
3.8084654808044434,1
3.6173975467681885,1
3.840832233428955,1
4.167384147644043,1
3.387230396270752,1
3.6063125133514404,1
3.2309112548828125,1
3.652313470840454,1
3.4618916511535645,1
3.3813509941101074,1
3.2598140239715576,1
3.126007080078125,1
3.385624408721924,1
3.344228982925415,1
2.97133731842041,1
3.205703020095825,1
3.6821916103363037,1
3.2800731658935547,1
3.690173625946045,1
3.767350435256958,1
3.9143829345703125,1
3.399275302886963,1
3.5741090774536133,1
3.8180694580078125,1
3.921020984649658,1
3.2948474884033203,1
3.2593836784362793,1
3.799704074859619,1
3.086066246032715,1
3.3406381607055664,1
3.210786819458008,1
3.066340923309326,1
3.9810869693756104,1
4.485866069793701,1
3.32468318939209,1
3.483039140701294,1
3.3979716300964355,1
3.668006181716919,1
4.039323806762695,1
3.421055316925049,1
3.6101369857788086,1
3.709839344024658,1
3.5794811248779297,1
3.5261855125427246,1
3.088566303253174,1
3.3758273124694824,1
3.6196742057800293,1
3.2205185890197754,1
3.217316150665283,1
3.1978440284729004,1
3.285928726196289,1
3.648250102996826,1
3.4715375900268555,1
3.123897075653076,1
3.787289619445801,1
2.9731037616729736,1
3.7516229152679443,1
3.188103199005127,1
3.1672558784484863,1
3.2716898918151855,1
3.9255449771881104,1
3.728687047958374,1
3.4829583168029785,1
3.225203275680542,1
3.6792750358581543,1
3.658935546875,1
2.9582955837249756,1
3.4188027381896973,1
3.597677707672119,1
3.4590208530426025,1
3.173518419265747,1
3.5313291549682617,1
3.227057456970215,1
3.709350824356079,1
3.0916495323181152,1
3.462106943130493,1
3.921786308288574,1
3.5197112560272217,1
2.8461594581604004,1
3.135526657104492,1
3.601186752319336,1
2.9931297302246094,1
3.630876302719116,1
3.244323968887329,1
3.4029970169067383,1
3.4040284156799316,1
4.012743949890137,1
3.4523138999938965,1
2.8404016494750977,1
3.595766305923462,1
3.6882688999176025,1
3.350853681564331,1
3.1879332065582275,1
3.090836763381958,1
2.566941499710083,1
2.5354597568511963,1
3.6359975337982178,1
3.32084321975708,1
3.2179367542266846,1
3.446258544921875,1
3.697319269180298,1
4.303769111633301,1
3.3532378673553467,1
3.101088762283325,1
3.3451952934265137,1
3.3032329082489014,1
3.9317612648010254,1
3.605113983154297,1
4.054787635803223,1
3.4478344917297363,1
3.4472124576568604,1
3.464709997177124,1
3.607520580291748,1
3.8468165397644043,1
3.3859939575195313,1
3.3335976600646973,1
3.366086959838867,1
3.6000828742980957,1
4.255740165710449,1
2.7857508659362793,1
2.915600538253784,1
3.3327250480651855,1
3.628537654876709,1
4.169893264770508,1
4.17750883102417,1
4.016952037811279,1
3.3386666774749756,1
3.085806131362915,1
2.9617016315460205,1
3.495366096496582,1
3.1885409355163574,1
3.7763543128967285,1
3.565610408782959,1
3.541825532913208,1
3.2297146320343018,1
3.503265380859375,1
2.945572853088379,1
3.3374905586242676,1
4.215225696563721,1
3.850067615509033,1
3.1576333045959473,1
3.7770369052886963,1
3.397771120071411,1
4.028299331665039,1
2.992884874343872,1
3.423247814178467,1
3.5324602127075195,1
3.4835448265075684,1
2.907435178756714,1
3.0785951614379883,1
3.409466505050659,1
4.03475284576416,1
2.918975591659546,1
3.115790367126465,1
3.14320707321167,1
4.028433799743652,1
3.6723413467407227,1
3.498188018798828,1
3.688392162322998,1
3.4340410232543945,1
3.1930224895477295,1
3.180781364440918,1
2.9879345893859863,1
3.3817365169525146,1
3.2535948753356934,1
3.139420509338379,1
2.842501163482666,1
3.451963424682617,1
3.134375810623169,1
3.7533388137817383,1
3.4518091678619385,1
3.302022933959961,1
3.864821672439575,1
3.5226917266845703,1
3.4503464698791504,1
3.373614549636841,1
3.0970075130462646,1
3.3546385765075684,1
3.7499961853027344,1
3.296478271484375,1
3.115304946899414,1
2.858983039855957,1
3.2165040969848633,1
3.614602565765381,1
3.474587917327881,1
3.345344066619873,1
2.761272430419922,1
2.793440103530884,1
3.5928499698638916,1
2.830447196960449,1
3.311401844024658,1
3.627957820892334,1
3.3194899559020996,1
3.2702133655548096,1
3.751559257507324,1
3.2210276126861572,1
3.4328360557556152,1
3.187272548675537,1
3.785141944885254,1
3.3609867095947266,1
3.8547699451446533,1
2.9713242053985596,1
2.923515796661377,1
3.165957450866699,1
3.3354883193969727,1
3.34665584564209,1
3.177135705947876,1
3.503121852874756,1
3.5587382316589355,1
3.6348440647125244,1
3.712920665740967,1
2.8926525115966797,1
3.294875144958496,1
3.2912442684173584,1
3.762011766433716,1
3.455146074295044,1
4.696956634521484,1
3.3373308181762695,1
3.0186243057250977,1
2.9507503509521484,1
3.2860312461853027,1
3.1319737434387207,1
3.3714141845703125,1
3.8990633487701416,1
2.9817304611206055,1
3.549959421157837,1
2.9720380306243896,1
2.979078531265259,1
3.085875988006592,1
4.111905574798584,1
2.4825072288513184,1
2.8524246215820313,1
3.3529880046844482,1
3.5916147232055664,1
3.3271894454956055,1
3.3843066692352295,1
2.6331377029418945,1
3.500481605529785,1
3.2253823280334473,1
3.888918399810791,1
3.5929763317108154,1
4.019553184509277,1
3.8939082622528076,1
2.8455214500427246,1
3.4552674293518066,1
2.8046491146087646,1
3.3486907482147217,1
3.2688560485839844,1
3.713998556137085,1
3.668820381164551,1
3.7040131092071533,1
4.516280174255371,1
3.6037416458129883,1
3.357260227203369,1
2.825651168823242,1
3.6698594093322754,1
3.1757099628448486,1
3.698352098464966,1
2.941977024078369,1
3.448272466659546,1
3.3917949199676514,1
3.7458109855651855,1
3.901794195175171,1
3.371006488800049,1
3.666318893432617,1
3.094644546508789,1
3.709563970565796,1
3.276174783706665,1
3.1768288612365723,1
3.2375829219818115,1
2.595611572265625,1
2.929354190826416,1
3.7711315155029297,1
3.5107898712158203,1
3.57370924949646,1
4.221307754516602,1
3.9964792728424072,1
3.9923696517944336,1
3.380235195159912,1
4.982570648193359,1
4.357852935791016,1
5.004117488861084,1
3.7542312145233154,1
3.6119332313537598,1
3.8146138191223145,1
4.594573020935059,1
4.621941566467285,1
4.111052989959717,1
3.936206340789795,1
3.575516700744629,1
3.910352945327759,1
4.033416271209717,1
3.140202760696411,1
3.6282598972320557,1
3.8441810607910156,1
3.939732074737549,1
4.390007019042969,1
3.7407917976379395,1
3.6669507026672363,1
3.612632989883423,1
3.5200576782226563,1
3.8980355262756348,1
3.403914451599121,1
3.259676456451416,1
3.48374605178833,1
3.7372331619262695,1
3.9202234745025635,1
3.8285980224609375,1
3.28989839553833,1
3.50864839553833,1
3.4441869258880615,1
3.5898921489715576,1
3.559860944747925,1
3.7114715576171875,1
3.5020971298217773,1
3.4356298446655273,1
3.410583019256592,1
3.2586939334869385,1
3.242933988571167,1
3.654151439666748,1
3.1631178855895996,1
3.381462574005127,1
3.0770654678344727,1
3.7981410026550293,1
3.0781350135803223,1
3.3425192832946777,1
3.710803270339966,1
3.387378215789795,1
2.8567147254943848,1
3.7649025917053223,1
3.517580509185791,1
3.328517436981201,1
3.553957939147949,1
3.0403802394866943,1
3.391629219055176,1
3.681138038635254,1
3.2343482971191406,1
2.920703411102295,1
3.0185718536376953,1
3.6776933670043945,1
3.3930845260620117,1
3.016512393951416,1
3.3817105293273926,1
2.942532539367676,1
3.707304000854492,1
3.390389919281006,1
3.4741597175598145,1
3.5570669174194336,1
3.346900224685669,1
3.7195096015930176,1
4.0278706550598145,1
3.6199839115142822,1
3.5103964805603027,1
3.734030246734619,1
3.3552370071411133,1
3.982536792755127,1
4.511227607727051,1
3.597081184387207,1
3.254417896270752,1
2.878180980682373,1
3.3979735374450684,1
3.2043557167053223,1
3.6469180583953857,1
3.429259777069092,1
3.3143973350524902,1
3.084184169769287,1
3.5784177780151367,1
3.146916389465332,1
3.2461323738098145,1
3.315169334411621,1
3.341238021850586,1
3.238656997680664,1
2.9674668312072754,1
3.528423547744751,1
3.3327221870422363,1
3.4547019004821777,1
3.1865837574005127,1
3.382063388824463,1
3.269624710083008,1
3.1513328552246094,1
3.4899587631225586,1
2.688868522644043,1
3.0288615226745605,1
2.914017915725708,1
2.9870104789733887,1
3.288001537322998,1
3.327733039855957,1
3.3299264907836914,1
3.3627772331237793,1
3.580049514770508,1
3.180428981781006,1
3.4320104122161865,1
3.4412827491760254,1
3.2089993953704834,1
3.3642048835754395,1
3.235713005065918,1
2.8190441131591797,1
3.4482007026672363,1
3.3787970542907715,1
3.3190386295318604,1
3.228799343109131,1
3.0556774139404297,1
3.131843090057373,1
3.361820697784424,1
3.04646372795105,1
3.072202205657959,1
3.0082221031188965,1
3.181400775909424,1
3.56404447555542,1
3.568741798400879,1
3.343095541000366,1
3.2455484867095947,1
3.5375876426696777,1
3.4086966514587402,1
3.788909673690796,1
4.371267318725586,1
3.2123706340789795,1
3.271026134490967,1
3.5544803142547607,1
2.920673370361328,1
2.7516345977783203,1
3.0052194595336914,1
3.6350021362304688,1
3.3847033977508545,1
3.044794797897339,1
3.9084081649780273,1
3.0010242462158203,1
2.9852335453033447,1
3.2362213134765625,1
3.347809314727783,1
3.37455677986145,1
3.1312103271484375,1
2.925971269607544,1
3.1755666732788086,1
3.583552360534668,1
3.2352161407470703,1
3.5932188034057617,1
3.548941135406494,1
2.937898874282837,1
3.327122688293457,1
2.9439024925231934,1
3.225653648376465,1
3.231386661529541,1
2.96585750579834,1
2.9681997299194336,1
3.396885871887207,1
3.241652727127075,1
3.2203195095062256,1
3.6007776260375977,1
3.212160587310791,1
3.033801555633545,1
3.1192209720611572,1
3.1055450439453125,1
2.813480854034424,1
2.735163688659668,1
3.6238503456115723,1
3.322169065475464,1
3.630948066711426,1
3.2347373962402344,1
3.5999042987823486,1
3.7235536575317383,1
2.8899025917053223,1
3.164506435394287,1
3.2066993713378906,1
3.7507026195526123,1
2.782226085662842,1
3.519529104232788,1
3.489999294281006,1
3.175774097442627,1
3.078143835067749,1
3.495500087738037,1
3.393275737762451,1
3.381254196166992,1
2.740906000137329,1
2.7187533378601074,1
3.192963123321533,1
3.83809494972229,1
3.4235262870788574,1
2.787245988845825,1
3.236210346221924,1
3.153172492980957,1
3.1093356609344482,1
3.7120273113250732,1
3.1189212799072266,1
2.832660675048828,1
3.1734120845794678,1
2.715456962585449,1
3.832077980041504,1
3.097111463546753,1
2.919309139251709,1
3.3428287506103516,1
3.4113826751708984,1
3.0277867317199707,1
3.2224535942077637,1
3.4505720138549805,1
3.2811386585235596,1
3.758641242980957,1
3.7049670219421387,1
3.0631277561187744,1
2.9913434982299805,1
2.908061981201172,1
2.835421085357666,1
3.784740686416626,1
3.6501457691192627,1
3.3810853958129883,1
3.1750330924987793,1
3.117887258529663,1
2.984412431716919,1
2.9362030029296875,1
3.2832257747650146,1
3.9882924556732178,1
3.128554105758667,1
3.1171317100524902,1
3.6269497871398926,1
3.256211280822754,1
3.466890811920166,1
3.468212127685547,1
2.7272839546203613,1
3.7617321014404297,1
3.6129446029663086,1
2.630885124206543,1
3.567812919616699,1
3.0758233070373535,1
3.404296398162842,1
3.5521240234375,1
3.9298312664031982,1
2.722914695739746,1
3.5129823684692383,1
3.14013671875,1
3.246412754058838,1
3.0016143321990967,1
3.879485845565796,1
3.0489845275878906,1
3.9347949028015137,1
3.451098680496216,1
3.347597122192383,1
2.999542236328125,1
3.372347593307495,1
2.8928890228271484,1
2.8698604106903076,1
3.3869526386260986,1
4.607195854187012,1
2.960294246673584,1
3.279679775238037,1
3.506194591522217,1
3.2943177223205566,1
3.7618746757507324,1
2.6979262828826904,1
3.357011556625366,1
3.0947115421295166,1
3.379884958267212,1
4.032182693481445,1
3.835193157196045,1
3.4408726692199707,1
3.6641979217529297,1
3.977433681488037,1
3.663628101348877,1
3.2574315071105957,1
3.043527603149414,1
3.2575149536132813,1
3.0321149826049805,1
4.583590507507324,1
3.441481113433838,1
3.2345292568206787,1
3.5457773208618164,1
3.1735122203826904,1
2.9058828353881836,1
3.25101900100708,1
3.5893678665161133,1
3.0299720764160156,1
3.769347667694092,1
3.21722412109375,1
2.876713514328003,1
3.2883739471435547,1
3.3724870681762695,1
3.3328702449798584,1
3.60097074508667,1
3.1837809085845947,1
3.5382633209228516,1
3.0900285243988037,1
3.18463134765625,1
3.4364545345306396,1
2.927119255065918,1
3.460757255554199,1
3.672858238220215,1
2.6528797149658203,1
3.3228049278259277,1
2.8325464725494385,1
3.398797035217285,1
3.2198002338409424,1
3.0591416358947754,1
3.1448092460632324,1
2.751843214035034,1
3.4268407821655273,1
2.923276424407959,1
2.8844869136810303,1
4.1277852058410645,1
3.2276225090026855,1
3.629586696624756,1
3.6225757598876953,1
3.694382667541504,1
3.658874750137329,1
3.428773880004883,1
3.891788959503174,1
3.1409597396850586,1
3.033052682876587,1
3.4414381980895996,1
2.682488441467285,1
3.424342632293701,1
2.7431130409240723,1
2.970332384109497,1
3.049652099609375,1
3.3356499671936035,1
2.7628118991851807,1
3.378882646560669,1
3.1535568237304688,1
3.4809465408325195,1
3.487058162689209,1
3.0219664573669434,1
3.618753433227539,1
3.962902784347534,1
3.1883976459503174,1
3.032087802886963,1
3.9389936923980713,1
3.7965619564056396,1
3.2762670516967773,1
3.518214702606201,1
3.717843532562256,1
3.650566339492798,1
3.804948091506958,1
3.088484287261963,1
3.388903856277466,1
3.463766098022461,1
2.928199291229248,1
3.2156355381011963,1
3.7746214866638184,1
3.32669997215271,1
3.533402442932129,1
2.847141742706299,1
2.7404494285583496,1
3.4381465911865234,1
3.5857858657836914,1
3.3263795375823975,1
3.0033011436462402,1
2.5120744705200195,1
2.6856513023376465,1
3.02999210357666,1
3.6433939933776855,1
3.56640625,1
3.2426834106445313,1
3.304473876953125,1
3.1735332012176514,1
3.807405710220337,1
3.4178335666656494,1
3.5278563499450684,1
3.428457498550415,1
2.9319112300872803,1
3.3314778804779053,1
3.293339252471924,1
3.1288375854492188,1
4.384105205535889,1
3.6341981887817383,1
3.580376148223877,1
3.0465052127838135,1
3.437150716781616,1
3.8434062004089355,1
3.546875,1
3.7133657932281494,1
3.7792420387268066,1
3.340023994445801,1
3.123445749282837,1
3.492175579071045,1
3.41060209274292,1
3.266561508178711,1
3.4494919776916504,1
3.0809154510498047,1
3.8808770179748535,1
2.848985433578491,1
3.552626609802246,1
3.4589977264404297,1
3.229599952697754,1
2.7461085319519043,1
3.4212660789489746,1
4.0999226570129395,1
3.3680100440979004,1
3.242044448852539,1
3.5664727687835693,1
3.135591745376587,1
3.739978790283203,1
3.1201725006103516,1
3.2032809257507324,1
3.7399449348449707,1
3.025822162628174,1
2.75787353515625,1
3.2917449474334717,1
3.5743632316589355,1
3.3247129917144775,1
3.695754051208496,1
2.869685411453247,1
3.258413791656494,1
3.3797965049743652,1
3.9753355979919434,1
2.915083169937134,1
2.9708518981933594,1
3.392007350921631,1
3.4355101585388184,1
3.3177542686462402,1
3.823598861694336,1
3.4076921939849854,1
3.223336935043335,1
4.201154708862305,1
3.8819332122802734,1
3.5133256912231445,1
4.044761657714844,1
3.2579545974731445,1
3.4777069091796875,1
3.637723207473755,1
4.444559097290039,1
3.2126903533935547,1
3.757868528366089,1
4.3666181564331055,1
2.9474077224731445,1
3.0629935264587402,1
4.058907508850098,1
3.8147401809692383,1
3.6414124965667725,1
3.170992612838745,1
3.6215367317199707,1
3.090409755706787,1
3.5897023677825928,1
3.046764373779297,1
3.453700065612793,1
3.0360848903656006,1
3.128523588180542,1
3.36834454536438,1
3.4037091732025146,1
3.7667829990386963,1
3.1739256381988525,1
3.9866020679473877,1
2.773928165435791,1
2.504911422729492,1
2.7344064712524414,1
3.8893210887908936,1
3.810812473297119,1
3.3222970962524414,1
3.160069227218628,1
3.1038331985473633,1
3.8506548404693604,1
3.670529842376709,1
3.1010680198669434,1
3.228015422821045,1
3.1665055751800537,1
3.1515965461730957,1
4.059748649597168,1
4.360483169555664,1
3.4249367713928223,1
3.582490921020508,1
3.8421499729156494,1
3.3007164001464844,1
3.6169538497924805,1
3.7537755966186523,1
3.9763240814208984,1
3.732591390609741,1
3.471038818359375,1
4.333744525909424,1
3.329653024673462,1
3.395747661590576,1
3.4050323963165283,1
3.157980442047119,1
3.490900993347168,1
3.167267322540283,1
3.7852931022644043,1
2.879701614379883,1
3.616034507751465,1
3.289397954940796,1
3.4748666286468506,1
3.086893081665039,1
3.360982656478882,1
3.4054384231567383,1
2.9775426387786865,1
3.694956064224243,1
3.4192516803741455,1
3.188798189163208,1
3.7896180152893066,1
3.5275046825408936,1
4.406912326812744,1
3.0479955673217773,1
3.470409870147705,1
3.3493635654449463,1
3.3755054473876953,1
3.1692938804626465,1
4.821885108947754,1
3.63228440284729,1
3.0445055961608887,1
3.162055492401123,1
3.6149864196777344,1
4.0328850746154785,1
3.4080281257629395,1
3.265174388885498,1
3.547532081604004,1
3.6995203495025635,1
3.3178229331970215,1
3.2048494815826416,1
3.1275994777679443,1
4.164697170257568,1
3.9607748985290527,1
3.708275318145752,1
3.3894574642181396,1
2.939027786254883,1
3.4974467754364014,1
3.3468947410583496,1
3.565380573272705,1
3.419266700744629,1
2.9106733798980713,1
3.6564409732818604,1
3.5981693267822266,1
3.057558536529541,1
3.179567813873291,1
2.9121134281158447,1
3.0621817111968994,1
2.981605291366577,1
3.2395365238189697,1
3.275979518890381,1
3.111997127532959,1
3.7241742610931396,1
3.286860704421997,1
3.0906217098236084,1
2.7134625911712646,1
2.8947839736938477,1
3.921447277069092,1
3.8825063705444336,1
2.911548137664795,1
3.968360662460327,1
4.127504348754883,1
3.6438889503479004,1
3.358344078063965,1
3.3154897689819336,1
3.449519634246826,1
3.4502151012420654,1
3.5954599380493164,1
3.063488483428955,1
3.8670554161071777,1
2.712277889251709,1
3.4252023696899414,1
3.990482807159424,1
3.444671392440796,1
3.735177516937256,1
3.0687785148620605,1
3.3098533153533936,1
3.9866814613342285,1
3.24761962890625,1
3.060934066772461,1
3.2122750282287598,1
2.7560412883758545,1
2.759082555770874,1
4.3644256591796875,1
3.3907723426818848,1
3.3447914123535156,1
3.2088136672973633,1
3.2349190711975098,1
3.094244956970215,1
3.438215732574463,1
3.4391961097717285,1
2.9901652336120605,1
3.5457425117492676,1
3.3556487560272217,1
3.387282609939575,1
3.3664073944091797,1
3.742802143096924,1
3.4148807525634766,1
3.559271812438965,1
3.3898305892944336,1
3.363274574279785,1
3.2574214935302734,1
2.939340591430664,1
3.3291738033294678,1
3.2281599044799805,1
3.3590755462646484,1
4.2309160232543945,1
3.1325292587280273,1
3.140056610107422,1
3.5203046798706055,1
3.28597354888916,1
2.910508632659912,1
3.6342954635620117,1
3.091712474822998,1
2.880563735961914,1
3.2712411880493164,1
3.3605880737304688,1
3.7625014781951904,1
3.590717077255249,1
3.5232887268066406,1
3.5901808738708496,1
3.414869785308838,1
2.98445463180542,1
3.035917282104492,1
3.168879508972168,1
3.4793319702148438,1
3.174544334411621,1
3.3300211429595947,1
3.6588897705078125,1
3.3963637351989746,1
2.686466693878174,1
2.9809458255767822,1
3.2995195388793945,1
3.82033371925354,1
3.4288721084594727,1
3.440852642059326,1
3.4667258262634277,1
2.842690944671631,1
3.1667399406433105,1
3.102426528930664,1
3.4047489166259766,1
3.4123218059539795,1
3.0627944469451904,1
3.3184571266174316,1
3.0652174949645996,1
3.1665945053100586,1
3.460874319076538,1
3.454291582107544,1
3.229661464691162,1
3.124756336212158,1
3.285759925842285,1
3.2464749813079834,1
2.6132965087890625,1
2.5544543266296387,1
3.109239339828491,1
3.1410343647003174,1
3.412440776824951,1
3.0179591178894043,1
3.1511731147766113,1
2.3507630825042725,1
2.8106024265289307,1
3.5455362796783447,1
3.570437431335449,1
3.0661444664001465,1
3.7879490852355957,1
3.3644676208496094,1
3.4732558727264404,1
3.4542884826660156,1
3.254532814025879,1
3.157480239868164,1
3.0089144706726074,1
3.2764275074005127,1
4.21846342086792,1
3.864689588546753,1
3.2986583709716797,1
3.2930374145507813,1
3.265145778656006,1
3.066990852355957,1
4.133179664611816,1
3.593391180038452,1
3.0887908935546875,1
3.2846930027008057,1
3.100832939147949,1
3.7982678413391113,1
3.6191043853759766,1
3.219648838043213,1
3.262143611907959,1
3.747095823287964,1
3.1000912189483643,1
3.7804746627807617,1
3.2137959003448486,1
3.4263525009155273,1
3.774275302886963,1
3.3597002029418945,1
3.787490129470825,1
3.250915050506592,1
3.5723752975463867,1
2.7665693759918213,1
3.5351767539978027,1
2.9972362518310547,1
2.9624459743499756,1
3.4931445121765137,1
3.3839621543884277,1
3.2387747764587402,1
3.1899735927581787,1
3.1987409591674805,1
3.182159900665283,1
3.5834624767303467,1
3.0961599349975586,1
3.225410223007202,1
3.1935858726501465,1
4.064662933349609,1
3.235189914703369,1
3.590792655944824,1
3.2255868911743164,1
3.3714752197265625,1
3.7715163230895996,1
3.316283702850342,1
3.7508914470672607,1
3.2303733825683594,1
3.076051950454712,1
3.488304615020752,1
3.0544939041137695,1
3.1174893379211426,1
3.1504967212677,1
3.3761048316955566,1
3.3035964965820313,1
3.6320626735687256,1
3.3939568996429443,1
3.3297693729400635,1
3.4663777351379395,1
3.131983995437622,1
3.0065715312957764,1
2.815488338470459,1
3.431706190109253,1
2.937544822692871,1
3.574321746826172,1
3.80336594581604,1
2.7950921058654785,1
2.7712793350219727,1
3.15826416015625,1
3.411081314086914,1
3.567095994949341,1
3.735299587249756,1
3.6404809951782227,1
3.008657455444336,1
3.2823455333709717,1
3.6385669708251953,1
3.76663875579834,1
3.7217016220092773,1
3.4772555828094482,1
3.9897665977478027,1
3.4390499591827393,1
3.658461570739746,1
3.458627700805664,1
2.964686870574951,1
3.3179783821105957,1
3.624117851257324,1
3.0804147720336914,1
3.6906871795654297,1
3.1588239669799805,1
3.201737880706787,1
2.873072862625122,1
2.707883358001709,1
3.378528118133545,1
3.4643430709838867,1
3.1713063716888428,1
3.112290859222412,1
3.0968995094299316,1
3.424386739730835,1
3.802593231201172,1
4.347246170043945,1
3.586421251296997,1
3.150400161743164,1
3.6148393154144287,1
3.4101459980010986,1
2.7624006271362305,1
3.4615447521209717,1
3.271584987640381,1
3.4622459411621094,1
3.0610361099243164,1
3.1048195362091064,1
3.780073881149292,1
3.071809768676758,1
3.328742027282715,1
3.7682809829711914,1
3.277067184448242,1
3.7136969566345215,1
3.7278952598571777,1
2.968798875808716,1
3.1954989433288574,1
3.541383743286133,1
3.630983352661133,1
3.614187240600586,1
3.3491790294647217,1
2.764228343963623,1
3.259136915206909,1
3.1298913955688477,1
3.3121538162231445,1
3.2504982948303223,1
3.622587203979492,1
3.4076311588287354,1
3.8813650608062744,1
2.9137823581695557,1
2.7867302894592285,1
3.775442600250244,1
3.0562124252319336,1
3.6040287017822266,1
3.2852330207824707,1
2.7190945148468018,1
2.772693634033203,1
3.2701096534729004,1
3.426138401031494,1
3.5583293437957764,1
3.279766321182251,1
3.187664747238159,1
3.7008471488952637,1
2.9795827865600586,1
3.3045787811279297,1
3.204127311706543,1
3.108236074447632,1
3.898972511291504,1
3.034001350402832,1
3.3044705390930176,1
2.9301958084106445,1
3.2619826793670654,1
3.8337106704711914,1
2.7922849655151367,1
3.797489881515503,1
3.366518974304199,1
3.8065218925476074,1
3.044814348220825,1
3.215622901916504,1
2.9579906463623047,1
3.368957042694092,1
3.0840022563934326,1
3.061047315597534,1
2.9452362060546875,1
3.677487373352051,1
3.077636480331421,1
3.3133316040039063,1
3.7692601680755615,1
3.2026803493499756,1
3.208258867263794,1
3.490854501724243,1
3.1114754676818848,1
3.312551498413086,1
3.5569586753845215,1
3.3324480056762695,1
3.102790594100952,1
2.8768112659454346,1
3.1874961853027344,1
3.642850637435913,1
2.9883646965026855,1
2.839259386062622,1
3.395042657852173,1
2.8776283264160156,1
3.8073692321777344,1
3.2102599143981934,1
3.92726993560791,1
3.556666851043701,1
3.410274028778076,1
3.391737222671509,1
3.9667859077453613,1
3.1212100982666016,1
3.405365228652954,1
3.2296035289764404,1
3.0484790802001953,1
3.136101722717285,1
3.555420398712158,1
3.368995428085327,1
3.211728811264038,1
2.837085723876953,1
3.710785388946533,1
3.474454402923584,1
3.5254669189453125,1
3.395937442779541,1
3.2495827674865723,1
3.194838762283325,1
3.1976728439331055,1
2.6855521202087402,1
3.6620421409606934,1
3.1732616424560547,1
3.2740397453308105,1
3.771745204925537,1
3.9912924766540527,1
3.7483363151550293,1
4.12637996673584,1
3.912315607070923,1
3.8827948570251465,1
3.9902150630950928,1
3.4811172485351563,1
3.583024501800537,1
3.3805441856384277,1
3.7502455711364746,1
3.441208839416504,1
2.9043357372283936,1
4.035619735717773,1
3.4532086849212646,1
3.6965408325195313,1
4.1275811195373535,1
3.7627499103546143,1
3.613069772720337,1
4.060321807861328,1
4.013110637664795,1
3.7760632038116455,1
3.3429908752441406,1
3.7774012088775635,1
3.785144090652466,1
3.823486089706421,1
3.6096811294555664,1
3.8787147998809814,1
3.4865922927856445,1
3.199160575866699,1
3.325714111328125,1
3.5362648963928223,1
3.83742094039917,1
3.060248374938965,1
3.280061721801758,1
3.250404119491577,1
2.848361015319824,1
3.234821081161499,1
3.0751423835754395,1
3.274129867553711,1
3.212252616882324,1
3.330289125442505,1
2.9573230743408203,1
3.8974156379699707,1
3.4671175479888916,1
3.9755754470825195,1
2.991018772125244,1
3.217461585998535,1
3.551036834716797,1
3.810199499130249,1
3.2429237365722656,1
3.6500730514526367,1
3.4918556213378906,1
3.3848044872283936,1
2.73301362991333,1
4.0148725509643555,1
4.022960662841797,1
3.3684587478637695,1
3.174311637878418,1
3.601203441619873,1
4.397036075592041,1
3.6038291454315186,1
4.1137895584106445,1
3.8319931030273438,1
3.801841974258423,1
3.165043354034424,1
3.571436882019043,1
3.356832265853882,1
3.348191738128662,1
3.2708492279052734,1
3.479357957839966,1
2.775282859802246,1
2.7822952270507813,1
3.589317798614502,1
2.960519313812256,1
3.056859254837036,1
3.2079806327819824,1
3.018698215484619,1
3.650557041168213,1
3.8729121685028076,1
3.963322639465332,1
3.1747288703918457,1
3.3692193031311035,1
3.0698437690734863,1
2.9177744388580322,1
3.2312135696411133,1
3.084852695465088,1
3.494276523590088,1
3.4027199745178223,1
2.8807804584503174,1
3.525383234024048,1
3.235804319381714,1
3.0112245082855225,1
3.246270179748535,1
3.7129411697387695,1
3.293875217437744,1
3.6123290061950684,1
3.300499439239502,1
2.7324323654174805,1
2.6881163120269775,1
3.110236406326294,1
3.048036575317383,1
3.630653142929077,1
3.446195602416992,1
3.033442974090576,1
2.99367094039917,1
3.384991407394409,1
3.059218168258667,1
3.1830897331237793,1
3.3751349449157715,1
2.883765697479248,1
3.1845319271087646,1
3.563384532928467,1
2.6958985328674316,1
3.2301547527313232,1
3.50551700592041,1
3.698969602584839,1
3.210247755050659,1
3.054368257522583,1
3.4260339736938477,1
3.6614253520965576,1
3.122361660003662,1
3.118650197982788,1
3.5432286262512207,1
3.1313202381134033,1
3.7436482906341553,1
3.3209493160247803,1
3.5049986839294434,1
3.8644959926605225,1
3.2112584114074707,1
3.367647409439087,1
3.300462484359741,1
3.154428005218506,1
3.450998306274414,1
3.0845675468444824,1
3.6471409797668457,1
3.825254440307617,1
3.335967540740967,1
3.776308536529541,1
2.8826141357421875,1
3.5152130126953125,1
3.0725433826446533,1
3.371669292449951,1
2.9634957313537598,1
3.3695385456085205,1
3.0010831356048584,1
2.8564834594726563,1
3.148557424545288,1
3.174325466156006,1
3.962811231613159,1
3.127497434616089,1
3.385246753692627,1
3.0992095470428467,1
2.9481101036071777,1
4.05322265625,1
3.8184473514556885,1
3.435457944869995,1
3.5126843452453613,1
2.7833828926086426,1
3.4592885971069336,1
2.9218926429748535,1
3.6624112129211426,1
3.692795991897583,1
3.0585474967956543,1
3.172952651977539,1
3.3964431285858154,1
3.485874891281128,1
3.1140427589416504,1
3.1272284984588623,1
2.8195838928222656,1
3.538959503173828,1
3.617152690887451,1
3.47700834274292,1
2.378359794616699,1
3.200166702270508,1
3.3814146518707275,1
3.0415689945220947,1
3.119180679321289,1
3.061631202697754,1
3.234903335571289,1
3.4959726333618164,1
3.0807042121887207,1
3.570735216140747,1
3.664882183074951,1
3.7187743186950684,1
3.1898255348205566,1
4.707527160644531,1
4.079618453979492,1
3.6006088256835938,1
3.8874497413635254,1
3.590240240097046,1
3.954927444458008,1
3.620051145553589,1
2.929283618927002,1
3.0654311180114746,1
3.0469326972961426,1
3.3648862838745117,1
3.614380359649658,1
3.304673671722412,1
3.0687966346740723,1
3.4156229496002197,1
3.1317391395568848,1
3.3138012886047363,1
3.6190030574798584,1
3.156851291656494,1
3.1164608001708984,1
4.489939212799072,1
3.124115467071533,1
3.3267927169799805,1
3.943589925765991,1
3.1474719047546387,1
3.883481502532959,1
2.62860107421875,1
3.2115674018859863,1
3.4644951820373535,1
3.9076972007751465,1
3.2393741607666016,1
3.8910131454467773,1
3.5828237533569336,1
3.496251106262207,1
3.819986343383789,1
3.874818801879883,1
3.98810076713562,1
3.974027633666992,1
3.897057056427002,1
3.2571864128112793,1
3.2592105865478516,1
3.3305606842041016,1
3.3275649547576904,1
4.90803337097168,1
4.143160343170166,1
3.8244099617004395,1
3.2487664222717285,1
3.454190731048584,1
2.9802212715148926,1
3.8469598293304443,1
3.970588207244873,1
3.4640250205993652,1
3.7465693950653076,1
3.533318042755127,1
3.504112720489502,1
2.8113131523132324,1
3.3022358417510986,1
3.6316885948181152,1
3.397444725036621,1
3.481513023376465,1
3.4285359382629395,1
3.344782829284668,1
3.9681406021118164,1
3.5418922901153564,1
3.2338013648986816,1
3.970238208770752,1
3.6660425662994385,1
3.5450053215026855,1
3.2543373107910156,1
3.200361490249634,1
3.1517527103424072,1
3.346290111541748,1
3.4730072021484375,1
3.689643383026123,1
3.4253273010253906,1
3.7404754161834717,1
3.765913963317871,1
3.0908241271972656,1
3.6913681030273438,1
3.4360406398773193,1
3.4067273139953613,1
3.688861846923828,1
3.178377151489258,1
2.7924885749816895,1
3.270197629928589,1
2.8489813804626465,1
2.9768495559692383,1
3.3057355880737305,1
3.201770305633545,1
3.5091118812561035,1
3.519183397293091,1
3.705502510070801,1
3.3349833488464355,1
3.233713150024414,1
3.43534517288208,1
2.820026159286499,1
4.501214027404785,1
4.256512641906738,1
3.3090479373931885,1
3.2690341472625732,1
3.4001059532165527,1
3.409567356109619,1
3.4784927368164063,1
3.5468478202819824,1
3.606821060180664,1
3.5122339725494385,1
3.1350953578948975,1
3.7216081619262695,1
3.463653564453125,1
3.552152633666992,1
3.693399429321289,1
3.3934385776519775,1
3.8593316078186035,1
3.3027586936950684,1
3.214031219482422,1
3.271082878112793,1
3.345834970474243,1
2.954580307006836,1
3.343717098236084,1
2.7897982597351074,1
2.791853666305542,1
3.0355143547058105,1
3.7304773330688477,1
3.6751015186309814,1
2.9196035861968994,1
3.2694525718688965,1
3.5966148376464844,1
3.6985414028167725,1
3.617713451385498,1
3.3886725902557373,1
3.0470359325408936,1
3.4749999046325684,1
3.3491783142089844,1
3.063937187194824,1
3.822741746902466,1
3.765378952026367,1
3.205763816833496,1
3.1498422622680664,1
3.642618417739868,1
3.9407503604888916,1
3.5074000358581543,1
3.352077007293701,1
2.968524217605591,1
2.8620545864105225,1
3.5026321411132813,1
3.267775297164917,1
3.6827919483184814,1
2.9995927810668945,1
3.2857823371887207,1
3.2857136726379395,1
2.9697370529174805,1
3.198164463043213,1
3.6276021003723145,1
3.066039800643921,1
2.9705491065979004,1
3.661416530609131,1
3.330256700515747,1
2.4398398399353027,1
3.196275472640991,1
3.2913501262664795,1
3.6807706356048584,1
3.667109966278076,1
3.012798309326172,1
3.3142189979553223,1
3.4875569343566895,1
2.794267177581787,1
3.3566317558288574,1
3.111189603805542,1
2.6897025108337402,1
3.208911418914795,1
2.778468370437622,1
3.264298439025879,1
3.1920101642608643,1
3.0561671257019043,1
3.3409082889556885,1
3.1494333744049072,1
3.995161533355713,1
3.3895537853240967,1
3.7018215656280518,1
3.1311466693878174,1
3.3031444549560547,1
3.0977931022644043,1
3.421200752258301,1
4.311397552490234,1
3.77036190032959,1
3.4505128860473633,1
3.3172686100006104,1
3.4021825790405273,1
3.581087112426758,1
2.9995086193084717,1
2.843592405319214,1
3.202693223953247,1
3.301164388656616,1
