1.3203108310699463,1
2.5196664333343506,1
1.4148011207580566,1
1.813781976699829,1
1.5545635223388672,1
1.6890971660614014,1
1.2793383598327637,1
1.2268750667572021,1
0.6114554405212402,1
1.9859473705291748,1
0.8870571255683899,1
2.7053098678588867,1
1.2686610221862793,1
1.1528218984603882,1
1.4844406843185425,1
1.8497138023376465,1
1.8735798597335815,1
1.9566409587860107,1
1.5381135940551758,1
1.6209121942520142,1
1.053720474243164,1
1.0620089769363403,1
1.999280571937561,1
1.6058385372161865,1
1.3844282627105713,1
1.7815909385681152,1
1.4215261936187744,1
1.1564351320266724,1
1.0830498933792114,1
2.184119462966919,1
2.932637929916382,1
1.2575379610061646,1
1.4149785041809082,1
1.1091912984848022,1
2.143282175064087,1
1.8247636556625366,1
1.1736646890640259,1
1.2102994918823242,1
1.2134265899658203,1
2.7343361377716064,1
1.1493531465530396,1
1.1315720081329346,1
1.4309806823730469,1
2.4857215881347656,1
0.9518849849700928,1
3.05464506149292,1
1.6506311893463135,1
1.4336903095245361,1
2.157369613647461,1
2.1505279541015625,1
1.3502893447875977,1
1.3467893600463867,1
1.687051773071289,1
1.9248344898223877,1
1.3576552867889404,1
1.1375420093536377,1
0.8322782516479492,1
2.366819143295288,1
1.335863709449768,1
1.0894099473953247,1
1.8240164518356323,1
1.2387598752975464,1
1.74587881565094,1
1.737464189529419,1
1.1028496026992798,1
1.6847234964370728,1
2.2050304412841797,1
1.9013535976409912,1
1.6574190855026245,1
2.332512855529785,1
1.481945276260376,1
1.5424425601959229,1
1.6073546409606934,1
2.6771702766418457,1
1.2530945539474487,1
1.734635591506958,1
1.2783472537994385,1
2.239713668823242,1
2.4105801582336426,1
1.057082176208496,1
2.0088181495666504,1
1.6149678230285645,1
1.7920336723327637,1
1.6129279136657715,1
2.867577075958252,1
1.4101840257644653,1
2.1661105155944824,1
1.7384799718856812,1
2.1215338706970215,1
2.1380867958068848,1
1.4993388652801514,1
2.0600316524505615,1
1.8797478675842285,1
1.2125160694122314,1
2.0705666542053223,1
1.9234449863433838,1
1.626273274421692,1
1.9101463556289673,1
1.2464592456817627,1
1.404241919517517,1
2.2158966064453125,1
1.5714795589447021,1
1.162750244140625,1
0.7686215043067932,1
1.9788283109664917,1
2.8117880821228027,1
2.1742265224456787,1
1.876698613166809,1
2.561424732208252,1
1.5119919776916504,1
1.8401199579238892,1
1.190126895904541,1
1.4958038330078125,1
2.17657470703125,1
1.6901590824127197,1
1.0178148746490479,1
2.004793882369995,1
0.8937633037567139,1
1.087890625,1
2.1303927898406982,1
1.0357306003570557,1
1.8756306171417236,1
1.3681538105010986,1
1.696690559387207,1
1.1687620878219604,1
0.9456827044487,1
1.2970691919326782,1
1.7954473495483398,1
2.137373447418213,1
1.497380018234253,1
1.8007633686065674,1
2.3974404335021973,1
1.7524646520614624,1
1.4914288520812988,1
2.2956366539001465,1
1.8459922075271606,1
1.4451673030853271,1
2.6302576065063477,1
1.7139012813568115,1
2.123250961303711,1
0.866712212562561,1
1.4100300073623657,1
1.787682294845581,1
1.464928150177002,1
1.1980928182601929,1
1.6231420040130615,1
1.1265738010406494,1
1.4086639881134033,1
2.032115936279297,1
1.3028342723846436,1
2.4429359436035156,1
1.1855111122131348,1
1.918134093284607,1
1.744314193725586,1
1.7166653871536255,1
2.276106834411621,1
1.690150260925293,1
1.6260488033294678,1
1.2009261846542358,1
2.175065517425537,1
1.4504492282867432,1
1.369708776473999,1
1.5740432739257813,1
1.356180191040039,1
1.515323281288147,1
1.2878260612487793,1
1.7395693063735962,1
1.749937653541565,1
1.651810884475708,1
2.23689866065979,1
2.897670269012451,1
1.2794106006622314,1
1.2984192371368408,1
1.1249420642852783,1
1.4411174058914185,1
1.3394849300384521,1
1.6697673797607422,1
1.1085208654403687,1
2.299769878387451,1
2.4633235931396484,1
1.504258632659912,1
0.7990087270736694,1
1.9624719619750977,1
1.9291216135025024,1
0.9034515023231506,1
1.365839958190918,1
1.216211199760437,1
0.764867901802063,1
1.506304383277893,1
1.3384296894073486,1
1.4186208248138428,1
1.724863052368164,1
1.7921829223632813,1
1.6483033895492554,1
2.628873348236084,1
1.3193670511245728,1
2.5000550746917725,1
1.2607836723327637,1
0.9822049140930176,1
2.065972328186035,1
2.6885600090026855,1
1.5145787000656128,1
1.3363254070281982,1
2.2717013359069824,1
1.638795018196106,1
2.386995315551758,1
1.1851093769073486,1
1.6309683322906494,1
2.096921443939209,1
2.0490803718566895,1
1.4066005945205688,1
1.6522495746612549,1
1.853325605392456,1
1.3823821544647217,1
2.563899040222168,1
1.7676575183868408,1
2.2240676879882813,1
1.318631887435913,1
2.109739303588867,1
1.6351733207702637,1
2.215538740158081,1
1.5194392204284668,1
1.7425013780593872,1
1.472575306892395,1
1.986486792564392,1
0.8291341662406921,1
2.4840424060821533,1
2.0646371841430664,1
1.8740631341934204,1
1.7404582500457764,1
2.7683019638061523,1
1.5649906396865845,1
1.9713212251663208,1
1.8651485443115234,1
1.6705048084259033,1
2.3571009635925293,1
4.380338668823242,1
1.6985490322113037,1
3.2764456272125244,1
2.1884565353393555,1
2.161705493927002,1
2.5824227333068848,1
2.476377010345459,1
1.7588480710983276,1
2.1709787845611572,1
1.6662461757659912,1
2.174381732940674,1
2.1312777996063232,1
2.327810287475586,1
1.633225679397583,1
2.5332934856414795,1
1.7251150608062744,1
2.703773021697998,1
3.292771816253662,1
1.5139089822769165,1
2.276496171951294,1
2.4477715492248535,1
1.6013562679290771,1
1.8683881759643555,1
1.7821580171585083,1
1.8617699146270752,1
1.5892118215560913,1
2.4560327529907227,1
2.101590394973755,1
1.3876283168792725,1
0.8399179577827454,1
2.253415822982788,1
2.126448631286621,1
1.176653265953064,1
2.050983428955078,1
1.644489049911499,1
2.233729124069214,1
2.104318141937256,1
1.8612478971481323,1
2.3144783973693848,1
1.3909677267074585,1
2.2160134315490723,1
1.4116078615188599,1
1.6072137355804443,1
1.8090708255767822,1
2.493626594543457,1
2.577763080596924,1
2.4736101627349854,1
3.0171852111816406,1
1.8210856914520264,1
1.5198085308074951,1
1.4626939296722412,1
1.6343188285827637,1
1.5935325622558594,1
1.8017804622650146,1
2.86647629737854,1
2.4258010387420654,1
1.3997443914413452,1
1.4892032146453857,1
1.3154563903808594,1
1.8335412740707397,1
1.6042110919952393,1
2.046459197998047,1
2.479300022125244,1
2.515143394470215,1
1.7841814756393433,1
1.754157304763794,1
2.059843063354492,1
1.489150047302246,1
1.4373213052749634,1
1.7268524169921875,1
1.7500431537628174,1
1.6465132236480713,1
1.4429454803466797,1
1.9966561794281006,1
1.7584469318389893,1
2.5308425426483154,1
2.048171043395996,1
1.3527547121047974,1
1.426135778427124,1
2.2380754947662354,1
2.1352345943450928,1
2.8109679222106934,1
2.3012919425964355,1
2.537968635559082,1
2.874729871749878,1
3.2002365589141846,1
2.67683744430542,1
3.287055015563965,1
2.070822238922119,1
1.787696123123169,1
2.1135623455047607,1
2.210301399230957,1
3.133258819580078,1
3.212528705596924,1
1.794485092163086,1
1.9886088371276855,1
1.7913827896118164,1
1.7196283340454102,1
2.4458353519439697,1
2.023369073867798,1
1.3355607986450195,1
1.7918272018432617,1
1.7874959707260132,1
2.0575456619262695,1
1.941482663154602,1
1.7560911178588867,1
1.9470411539077759,1
1.2263705730438232,1
1.5898280143737793,1
1.8814401626586914,1
1.9769946336746216,1
3.0134572982788086,1
2.891111373901367,1
2.0104894638061523,1
2.2781262397766113,1
2.5982279777526855,1
3.100597381591797,1
2.376335620880127,1
2.5523486137390137,1
3.0683932304382324,1
2.3939414024353027,1
2.3392531871795654,1
2.4845094680786133,1
1.8274933099746704,1
3.1270642280578613,1
1.5605593919754028,1
1.7333853244781494,1
2.168027877807617,1
2.3322060108184814,1
1.0392768383026123,1
2.2719759941101074,1
1.4438722133636475,1
1.2459821701049805,1
1.9443880319595337,1
1.11345374584198,1
1.586165189743042,1
1.8952869176864624,1
2.0601325035095215,1
1.502121925354004,1
1.1688141822814941,1
1.0745787620544434,1
1.2951531410217285,1
2.078700065612793,1
1.8209480047225952,1
2.377091407775879,1
1.871089220046997,1
1.3718974590301514,1
1.4933226108551025,1
1.273848533630371,1
1.165804147720337,1
2.730708599090576,1
1.758863925933838,1
2.4991629123687744,1
2.063960552215576,1
1.4850279092788696,1
1.6792798042297363,1
2.4190595149993896,1
1.768081545829773,1
2.0157055854797363,1
1.2195022106170654,1
1.4612462520599365,1
2.274949550628662,1
1.6474274396896362,1
1.8752403259277344,1
1.7253670692443848,1
0.9591036438941956,1
2.168642520904541,1
1.3792718648910522,1
1.2292377948760986,1
1.8392592668533325,1
1.0846507549285889,1
1.5719096660614014,1
1.3822158575057983,1
2.231182813644409,1
1.9862409830093384,1
1.4537220001220703,1
1.862303614616394,1
1.314954161643982,1
2.170746088027954,1
1.2867308855056763,1
1.902143955230713,1
1.3833348751068115,1
1.8938226699829102,1
3.1362037658691406,1
2.629302501678467,1
1.0099802017211914,1
2.512106418609619,1
1.423967719078064,1
1.4786884784698486,1
1.847304105758667,1
1.9220101833343506,1
1.439387321472168,1
1.5150853395462036,1
0.9888601899147034,1
1.9992108345031738,1
1.8617702722549438,1
2.15618896484375,1
3.0286145210266113,1
1.6006410121917725,1
1.1508753299713135,1
1.9266849756240845,1
2.5327889919281006,1
2.1642227172851563,1
1.8581750392913818,1
2.701162338256836,1
1.6026629209518433,1
1.9552533626556396,1
1.6560356616973877,1
2.2641005516052246,1
1.2810616493225098,1
2.124845027923584,1
1.5817989110946655,1
1.6210509538650513,1
1.8170562982559204,1
1.8413176536560059,1
1.3032162189483643,1
1.7798125743865967,1
2.874234437942505,1
2.434805393218994,1
1.6532094478607178,1
1.142765998840332,1
1.4066368341445923,1
1.7006218433380127,1
2.5534660816192627,1
1.7862792015075684,1
1.8655706644058228,1
1.3801225423812866,1
1.150937795639038,1
1.1601741313934326,1
2.12644100189209,1
1.573893427848816,1
2.553515672683716,1
1.7013497352600098,1
1.3484840393066406,1
1.856513261795044,1
1.6289658546447754,1
1.6099529266357422,1
0.8658192753791809,1
1.6535940170288086,1
1.2416812181472778,1
1.6618986129760742,1
1.4842151403427124,1
0.5157983303070068,1
1.571313738822937,1
1.4854156970977783,1
2.0751793384552,1
1.5124526023864746,1
1.2004083395004272,1
1.0486915111541748,1
2.0775909423828125,1
1.2064077854156494,1
0.9471055269241333,1
1.2878906726837158,1
1.3433724641799927,1
1.9955477714538574,1
1.5593912601470947,1
1.760203242301941,1
1.8244338035583496,1
1.5801317691802979,1
1.8659636974334717,1
1.909989833831787,1
1.7171344757080078,1
1.7917553186416626,1
2.938155174255371,1
1.8328115940093994,1
1.188023328781128,1
1.4276424646377563,1
1.0263168811798096,1
1.6028861999511719,1
1.9387043714523315,1
1.7588856220245361,1
1.4738613367080688,1
1.5268378257751465,1
1.525161862373352,1
1.9151049852371216,1
1.6425557136535645,1
1.9138522148132324,1
1.4743210077285767,1
1.3008476495742798,1
1.7776654958724976,1
1.783500075340271,1
1.4084551334381104,1
1.7400561571121216,1
1.5759265422821045,1
1.911710500717163,1
1.2434743642807007,1
1.0061019659042358,1
1.205313801765442,1
2.2224478721618652,1
2.0640225410461426,1
2.024242639541626,1
2.0027401447296143,1
1.8490831851959229,1
1.632400393486023,1
2.402472972869873,1
1.8899142742156982,1
1.6088796854019165,1
1.8883689641952515,1
1.7092375755310059,1
1.65071439743042,1
1.5432724952697754,1
1.5262891054153442,1
1.997485876083374,1
1.755383849143982,1
1.5135594606399536,1
1.6868069171905518,1
1.6116353273391724,1
1.7973604202270508,1
2.217830181121826,1
0.99089115858078,1
1.1944268941879272,1
1.0912718772888184,1
2.304896593093872,1
2.1076436042785645,1
1.7945560216903687,1
1.0047610998153687,1
1.6295990943908691,1
1.3221840858459473,1
2.523376941680908,1
1.4890761375427246,1
1.134954571723938,1
1.8799530267715454,1
0.9549886584281921,1
1.271775245666504,1
2.802915573120117,1
1.4825971126556396,1
1.819836139678955,1
1.283630609512329,1
1.4555550813674927,1
1.0374536514282227,1
1.505141258239746,1
1.4980037212371826,1
2.1948392391204834,1
1.3852181434631348,1
1.4789459705352783,1
1.212159276008606,1
1.2153263092041016,1
2.315333127975464,1
1.5088105201721191,1
3.07560133934021,1
2.6688051223754883,1
1.7427053451538086,1
1.9205307960510254,1
1.3673338890075684,1
2.5451412200927734,1
2.070932388305664,1
3.2771472930908203,1
1.8351303339004517,1
1.879974126815796,1
1.5388957262039185,1
2.557249069213867,1
1.6500840187072754,1
2.822183132171631,1
2.094892740249634,1
1.9679691791534424,1
1.772180438041687,1
2.017928123474121,1
2.8127317428588867,1
1.799149751663208,1
1.4264720678329468,1
1.2167038917541504,1
1.5933825969696045,1
2.1696267127990723,1
1.0140753984451294,1
1.7614679336547852,1
1.9728460311889648,1
1.3035871982574463,1
1.021811604499817,1
0.5343925952911377,1
1.3865965604782104,1
1.199520468711853,1
2.747744560241699,1
1.0447583198547363,1
2.232487201690674,1
1.2881875038146973,1
1.5059020519256592,1
2.3847739696502686,1
1.6898837089538574,1
1.5568554401397705,1
2.154155969619751,1
1.628119945526123,1
1.7410321235656738,1
2.0851492881774902,1
0.9763554930686951,1
1.126322865486145,1
1.0187926292419434,1
1.6100482940673828,1
1.1522634029388428,1
0.847473680973053,1
2.366553544998169,1
1.5440480709075928,1
1.6157773733139038,1
1.0179296731948853,1
1.290530800819397,1
1.590336799621582,1
1.638930082321167,1
1.8113558292388916,1
3.2452802658081055,1
1.5818188190460205,1
1.1464791297912598,1
1.231420636177063,1
2.0780200958251953,1
1.5871851444244385,1
1.4061435461044312,1
1.5931894779205322,1
1.4203331470489502,1
1.2015429735183716,1
1.4163634777069092,1
2.0520832538604736,1
1.7436573505401611,1
2.4067437648773193,1
2.04946231842041,1
1.8945002555847168,1
1.6483631134033203,1
2.457287549972534,1
1.9363291263580322,1
3.0215859413146973,1
1.6162333488464355,1
1.528146743774414,1
1.6580522060394287,1
2.287093162536621,1
1.2711694240570068,1
2.3249030113220215,1
2.2171685695648193,1
1.5596356391906738,1
1.9019461870193481,1
1.0569634437561035,1
2.099749803543091,1
1.857588529586792,1
1.6765422821044922,1
1.4221843481063843,1
2.351489543914795,1
1.7386059761047363,1
1.7183343172073364,1
1.7832247018814087,1
1.0230023860931396,1
0.9450024366378784,1
1.6430599689483643,1
1.3852388858795166,1
1.965407133102417,1
2.42685866355896,1
1.930423617362976,1
1.6613010168075562,1
1.6662311553955078,1
2.036022663116455,1
2.1485507488250732,1
1.8073477745056152,1
2.3016958236694336,1
1.241806983947754,1
2.1864113807678223,1
2.755741596221924,1
1.4934571981430054,1
1.9285863637924194,1
1.9913289546966553,1
1.612241268157959,1
1.3319425582885742,1
2.102388858795166,1
1.4895985126495361,1
1.7424341440200806,1
1.6374787092208862,1
1.9212489128112793,1
1.5419224500656128,1
1.7724456787109375,1
2.1141529083251953,1
1.1146411895751953,1
1.2082698345184326,1
1.8193398714065552,1
1.1371945142745972,1
1.6609517335891724,1
2.147535562515259,1
1.3041528463363647,1
0.642953634262085,1
1.527177333831787,1
1.065887689590454,1
2.0487585067749023,1
1.22691011428833,1
1.322495937347412,1
1.14663565158844,1
3.9294257164001465,1
1.3085485696792603,1
1.6602256298065186,1
1.1000250577926636,1
1.0662951469421387,1
1.6988582611083984,1
1.1538805961608887,1
1.3062212467193604,1
3.1184725761413574,1
1.7453415393829346,1
1.7776089906692505,1
1.2726647853851318,1
1.5723775625228882,1
1.0982587337493896,1
0.987041711807251,1
2.3441286087036133,1
1.361505150794983,1
0.8081909418106079,1
0.7769780158996582,1
1.961174488067627,1
1.2649686336517334,1
1.5024062395095825,1
2.100609302520752,1
2.0734026432037354,1
1.7486451864242554,1
2.1839728355407715,1
2.1516647338867188,1
1.2555999755859375,1
1.5817183256149292,1
1.6864128112792969,1
1.686402440071106,1
2.195207118988037,1
1.1348689794540405,1
1.2390199899673462,1
1.4703857898712158,1
2.6268465518951416,1
1.9686589241027832,1
1.7360737323760986,1
2.3836140632629395,1
2.3598923683166504,1
2.938709259033203,1
1.8662694692611694,1
2.284085750579834,1
2.8431785106658936,1
2.213101863861084,1
2.674464702606201,1
1.73819899559021,1
2.3037543296813965,1
1.72062349319458,1
1.9689266681671143,1
3.2352983951568604,1
2.2839303016662598,1
1.9812700748443604,1
1.5622453689575195,1
1.8892455101013184,1
1.3824493885040283,1
1.4578379392623901,1
2.2121453285217285,1
1.4168341159820557,1
1.2185628414154053,1
0.6242430210113525,1
2.307706594467163,1
2.6257259845733643,1
2.501843214035034,1
1.9108903408050537,1
2.638176918029785,1
2.858356475830078,1
1.977759838104248,1
1.6233177185058594,1
2.400529384613037,1
1.7513165473937988,1
2.270362377166748,1
1.1449391841888428,1
2.2523162364959717,1
1.943272590637207,1
1.7207098007202148,1
2.5039472579956055,1
2.2501723766326904,1
2.695234537124634,1
1.081443428993225,1
2.4506540298461914,1
1.8934221267700195,1
4.343343734741211,1
1.4711010456085205,1
1.454357624053955,1
1.8149019479751587,1
1.463539481163025,1
2.545393228530884,1
1.621443748474121,1
1.4914377927780151,1
1.7087939977645874,1
2.372034788131714,1
2.1234254837036133,1
2.379148483276367,1
1.3887159824371338,1
1.4503405094146729,1
2.6577963829040527,1
1.9496527910232544,1
1.0435121059417725,1
1.4682424068450928,1
1.379859209060669,1
1.802418828010559,1
1.3519343137741089,1
2.7856407165527344,1
1.1471877098083496,1
1.658839464187622,1
0.9614402055740356,1
3.221820116043091,1
3.165633201599121,1
1.9630569219589233,1
1.7508876323699951,1
2.0303773880004883,1
1.4453098773956299,1
1.571318507194519,1
3.20527982711792,1
1.7053446769714355,1
1.7459156513214111,1
2.2033047676086426,1
2.1711788177490234,1
2.3630356788635254,1
2.5124316215515137,1
1.4008394479751587,1
1.561156988143921,1
1.712928056716919,1
2.9158270359039307,1
1.6550240516662598,1
2.218447208404541,1
1.5053367614746094,1
2.1287713050842285,1
2.723186492919922,1
3.6193108558654785,1
3.4726781845092773,1
2.337088108062744,1
1.8113688230514526,1
2.122497081756592,1
1.642794132232666,1
2.0719127655029297,1
1.6167033910751343,1
2.456207036972046,1
2.024571418762207,1
2.377135753631592,1
2.601456642150879,1
2.2384369373321533,1
2.8904917240142822,1
1.8042168617248535,1
1.6426849365234375,1
1.4993922710418701,1
1.1294918060302734,1
1.3021717071533203,1
1.8750563859939575,1
2.0873639583587646,1
1.0495744943618774,1
2.479440927505493,1
1.3428187370300293,1
1.393186330795288,1
1.3669421672821045,1
1.4044526815414429,1
1.7794382572174072,1
1.2564555406570435,1
2.781093120574951,1
1.3805015087127686,1
2.92147159576416,1
2.147185802459717,1
2.9737982749938965,1
2.5038981437683105,1
1.8256239891052246,1
1.5842891931533813,1
2.029054641723633,1
1.8717607259750366,1
1.2656733989715576,1
3.6751880645751953,1
2.283202648162842,1
2.120246648788452,1
1.4157005548477173,1
1.8186984062194824,1
1.4237802028656006,1
2.0123462677001953,1
2.0657806396484375,1
1.4543020725250244,1
1.1750296354293823,1
2.875948429107666,1
1.7099955081939697,1
1.3875470161437988,1
0.9691594839096069,1
1.0524909496307373,1
1.2653851509094238,1
1.521783709526062,1
2.1899986267089844,1
2.122788190841675,1
2.544808864593506,1
2.008039712905884,1
3.370333194732666,1
1.7651467323303223,1
2.2611076831817627,1
1.6113367080688477,1
1.204364538192749,1
1.2491347789764404,1
2.640188455581665,1
2.2170586585998535,1
2.7427978515625,1
2.644659996032715,1
1.4498913288116455,1
1.2983328104019165,1
1.8667410612106323,1
1.746079921722412,1
2.4867045879364014,1
1.9913568496704102,1
1.8659759759902954,1
2.121621608734131,1
3.0734169483184814,1
2.4989659786224365,1
1.8375365734100342,1
1.3186427354812622,1
1.3714959621429443,1
2.1601223945617676,1
1.8454920053482056,1
1.540839672088623,1
2.790900707244873,1
3.6633081436157227,1
1.801313877105713,1
2.265570640563965,1
2.6739962100982666,1
2.029480457305908,1
3.016105890274048,1
2.872572898864746,1
1.9067015647888184,1
3.4205307960510254,1
2.9130377769470215,1
2.5770702362060547,1
2.967350959777832,1
2.185137987136841,1
3.398923635482788,1
2.413923740386963,1
2.6946263313293457,1
3.0004851818084717,1
2.06453275680542,1
2.8884339332580566,1
2.388421058654785,1
3.566298007965088,1
2.7515981197357178,1
2.0822012424468994,1
1.4471855163574219,1
2.090816020965576,1
1.3296326398849487,1
1.7551722526550293,1
2.203603506088257,1
1.9566690921783447,1
2.9536707401275635,1
1.587254524230957,1
2.3949522972106934,1
2.2308149337768555,1
1.6730763912200928,1
2.1808109283447266,1
1.862485408782959,1
1.7389607429504395,1
2.4183921813964844,1
1.8980505466461182,1
1.5270566940307617,1
2.0287954807281494,1
1.1638672351837158,1
2.1882224082946777,1
1.5037968158721924,1
0.8932327032089233,1
1.4835584163665771,1
2.0867056846618652,1
1.7941458225250244,1
2.0003819465637207,1
1.3840687274932861,1
1.3807345628738403,1
2.2054762840270996,1
1.4393304586410522,1
1.642133355140686,1
2.565939426422119,1
2.4434239864349365,1
2.099093437194824,1
2.713082790374756,1
1.9233680963516235,1
1.3977779150009155,1
1.5492409467697144,1
3.0507168769836426,1
1.1394073963165283,1
2.139950752258301,1
2.8882269859313965,1
3.1920547485351563,1
3.4202394485473633,1
1.9208970069885254,1
1.5132114887237549,1
2.066466808319092,1
1.5205707550048828,1
2.3741202354431152,1
1.3219830989837646,1
1.559910535812378,1
2.0950682163238525,1
1.33014714717865,1
1.071044683456421,1
1.6369001865386963,1
1.6028046607971191,1
1.6922430992126465,1
1.7260217666625977,1
1.4266479015350342,1
2.9075145721435547,1
2.3239314556121826,1
1.5526220798492432,1
1.3660252094268799,1
1.5048339366912842,1
1.7128777503967285,1
2.395686149597168,1
1.6279950141906738,1
2.1329174041748047,1
2.359220027923584,1
1.3346037864685059,1
1.3480182886123657,1
2.667698860168457,1
2.0901858806610107,1
2.4648935794830322,1
1.97483229637146,1
1.4436323642730713,1
2.4000604152679443,1
1.9523701667785645,1
1.722318410873413,1
2.255795955657959,1
2.686990737915039,1
1.1469171047210693,1
2.613163948059082,1
1.9111034870147705,1
1.8025469779968262,1
1.2013493776321411,1
1.1239150762557983,1
1.7162060737609863,1
1.9811131954193115,1
1.5779619216918945,1
2.477848529815674,1
2.8078525066375732,1
1.9667372703552246,1
1.2960927486419678,1
1.3882017135620117,1
1.6726689338684082,1
1.4300786256790161,1
2.5580220222473145,1
2.444705009460449,1
3.578826427459717,1
1.9212127923965454,1
1.8556454181671143,1
2.0843067169189453,1
1.6901369094848633,1
2.1300928592681885,1
1.9221357107162476,1
2.2364816665649414,1
2.698164701461792,1
2.594177484512329,1
2.4659533500671387,1
2.042943000793457,1
2.708326816558838,1
2.6004185676574707,1
2.6508216857910156,1
3.2126240730285645,1
2.738007068634033,1
1.5476155281066895,1
1.3833138942718506,1
1.7883236408233643,1
2.1907873153686523,1
1.552571415901184,1
1.2415037155151367,1
1.243634581565857,1
1.416686773300171,1
1.1550178527832031,1
1.5855742692947388,1
1.215758204460144,1
0.8091126084327698,1
2.4323372840881348,1
1.2035845518112183,1
2.791532039642334,1
1.711703896522522,1
1.9277431964874268,1
1.1769075393676758,1
1.5720490217208862,1
1.6901860237121582,1
2.3692216873168945,1
1.9054453372955322,1
2.171968936920166,1
2.2487521171569824,1
2.353886604309082,1
2.3629884719848633,1
1.504573106765747,1
0.8540031909942627,1
2.0295369625091553,1
1.0729960203170776,1
1.5039061307907104,1
1.2711894512176514,1
2.0058791637420654,1
2.479879379272461,1
3.280898332595825,1
1.897353172302246,1
1.7596951723098755,1
1.5501959323883057,1
1.7176659107208252,1
2.085306406021118,1
1.554078459739685,1
2.1142823696136475,1
1.4596965312957764,1
1.9302163124084473,1
1.4167780876159668,1
1.2514166831970215,1
2.222675085067749,1
2.3953051567077637,1
1.9081368446350098,1
1.9192525148391724,1
1.2821706533432007,1
1.2162531614303589,1
2.3919873237609863,1
1.84111750125885,1
2.237123727798462,1
1.5215110778808594,1
1.7296338081359863,1
2.0153491497039795,1
1.8256994485855103,1
2.84475040435791,1
1.4995522499084473,1
1.185020923614502,1
3.045165538787842,1
1.4718923568725586,1
1.1136507987976074,1
2.107137680053711,1
2.3235363960266113,1
1.8419677019119263,1
2.378011465072632,1
3.4947991371154785,1
1.6472454071044922,1
2.8884389400482178,1
3.3565456867218018,1
1.536880373954773,1
1.5927544832229614,1
1.2561169862747192,1
1.4492706060409546,1
1.8301405906677246,1
2.721233367919922,1
2.327756881713867,1
2.42366623878479,1
1.744596004486084,1
2.283086061477661,1
1.9016814231872559,1
1.6985282897949219,1
1.4101005792617798,1
1.6544995307922363,1
2.134249210357666,1
2.035614013671875,1
1.5568292140960693,1
1.7594746351242065,1
1.4444646835327148,1
2.298830032348633,1
1.0764389038085938,1
0.6841299533843994,1
1.4747313261032104,1
1.4956388473510742,1
2.1534643173217773,1
0.8445357084274292,1
1.1066582202911377,1
2.733574867248535,1
2.3613622188568115,1
1.7094889879226685,1
1.8223469257354736,1
1.505436658859253,1
1.4150798320770264,1
1.94239342212677,1
2.5229384899139404,1
2.2608466148376465,1
1.9229021072387695,1
1.6749300956726074,1
1.2512342929840088,1
1.4148330688476563,1
1.4150766134262085,1
2.150334358215332,1
1.9993019104003906,1
2.2066025733947754,1
1.8366990089416504,1
1.4280834197998047,1
1.3066377639770508,1
1.4313770532608032,1
2.0940756797790527,1
1.5425562858581543,1
2.0715208053588867,1
1.0344328880310059,1
1.2000854015350342,1
1.5509068965911865,1
1.9750875234603882,1
1.885310411453247,1
0.8769177198410034,1
1.3046104907989502,1
1.7944729328155518,1
1.7586103677749634,1
0.9818968176841736,1
1.436644434928894,1
1.3510053157806396,1
1.3239400386810303,1
1.7089080810546875,1
1.1410669088363647,1
2.296664237976074,1
1.5226786136627197,1
1.1684931516647339,1
1.193540096282959,1
2.98425555229187,1
1.8804447650909424,1
1.6489765644073486,1
1.1709742546081543,1
0.9071763157844543,1
2.046470880508423,1
2.553619146347046,1
2.438549041748047,1
2.0124573707580566,1
2.821413040161133,1
2.0012729167938232,1
2.1763930320739746,1
1.9573650360107422,1
1.0488011837005615,1
2.128795623779297,1
2.504077911376953,1
3.240082025527954,1
2.6373157501220703,1
2.0106070041656494,1
2.2518022060394287,1
2.3913631439208984,1
1.8842153549194336,1
1.6402294635772705,1
1.951010823249817,1
1.204822301864624,1
1.151576280593872,1
2.443514108657837,1
1.3240457773208618,1
1.9689810276031494,1
2.7720162868499756,1
1.582808017730713,1
0.7972960472106934,1
1.5815988779067993,1
1.4156639575958252,1
1.6297497749328613,1
1.6629730463027954,1
2.1014933586120605,1
1.6057919263839722,1
1.7476962804794312,1
2.074263572692871,1
1.0044076442718506,1
2.046563148498535,1
1.7474956512451172,1
1.5911273956298828,1
1.6832871437072754,1
3.006045341491699,1
1.9214621782302856,1
1.3714699745178223,1
1.548417329788208,1
1.2553685903549194,1
2.070688247680664,1
2.1005988121032715,1
2.158163547515869,1
1.989317536354065,1
2.056368589401245,1
1.1282551288604736,1
2.21951961517334,1
1.8413783311843872,1
1.7721656560897827,1
0.9130908250808716,1
2.596529006958008,1
1.8063092231750488,1
1.8527660369873047,1
2.1053693294525146,1
1.0434155464172363,1
2.360435962677002,1
1.2468876838684082,1
3.263610363006592,1
1.0167840719223022,1
1.4553258419036865,1
2.4223337173461914,1
1.690216064453125,1
1.7951889038085938,1
2.408604145050049,1
1.8672270774841309,1
1.8149091005325317,1
1.8172633647918701,1
2.0812883377075195,1
1.6712716817855835,1
1.5772150754928589,1
1.487074375152588,1
2.0886902809143066,1
1.257135033607483,1
1.8767621517181396,1
1.2403361797332764,1
2.0070266723632813,1
1.8483936786651611,1
2.019221067428589,1
2.5051612854003906,1
1.9331200122833252,1
1.577502727508545,1
1.4349161386489868,1
1.3422423601150513,1
1.3275928497314453,1
1.3540196418762207,1
1.467410683631897,1
1.8122258186340332,1
1.4624345302581787,1
1.1952886581420898,1
1.174191951751709,1
1.8359125852584839,1
1.3979014158248901,1
1.6570258140563965,1
1.2693893909454346,1
1.1004118919372559,1
1.5814980268478394,1
1.4779295921325684,1
1.1362063884735107,1
1.3163986206054688,1
1.6156156063079834,1
1.2435295581817627,1
0.9990944266319275,1
1.3341400623321533,1
1.2162660360336304,1
1.446507453918457,1
1.1825683116912842,1
2.194463014602661,1
1.5815951824188232,1
2.034390449523926,1
1.0751359462738037,1
1.8561639785766602,1
2.4227168560028076,1
1.3268109560012817,1
1.2557902336120605,1
1.3739564418792725,1
1.33892822265625,1
2.620093822479248,1
3.599705219268799,1
1.6040607690811157,1
1.910146951675415,1
2.5408010482788086,1
1.825201153755188,1
2.168402671813965,1
1.7134586572647095,1
1.753665566444397,1
1.8743884563446045,1
2.2989397048950195,1
1.6324877738952637,1
1.361361026763916,1
1.4547518491744995,1
1.726775884628296,1
1.5292339324951172,1
1.9104589223861694,1
1.5468628406524658,1
1.0408869981765747,1
2.0355236530303955,1
1.7411954402923584,1
2.3040599822998047,1
1.5012681484222412,1
1.1476311683654785,1
1.7770988941192627,1
0.7019836902618408,1
1.0759327411651611,1
1.1348696947097778,1
0.7947630882263184,1
1.8613756895065308,1
0.8182005286216736,1
1.5643845796585083,1
1.2232186794281006,1
2.3996763229370117,1
1.0581557750701904,1
1.4772324562072754,1
1.902848482131958,1
3.3280491828918457,1
1.8498753309249878,1
2.1908199787139893,1
2.1472272872924805,1
2.587817907333374,1
1.5116117000579834,1
1.9422119855880737,1
1.8664886951446533,1
1.7172794342041016,1
1.4245259761810303,1
1.8721531629562378,1
1.7986998558044434,1
1.387488842010498,1
2.9091293811798096,1
1.4818804264068604,1
1.8636329174041748,1
2.04412841796875,1
1.1830153465270996,1
1.263073444366455,1
1.2708040475845337,1
1.3636548519134521,1
2.2163867950439453,1
1.2345829010009766,1
1.0005699396133423,1
1.62831711769104,1
2.1353037357330322,1
1.3171687126159668,1
2.2381346225738525,1
1.3874664306640625,1
1.480236530303955,1
1.319409728050232,1
1.8880560398101807,1
1.46282958984375,1
1.9672465324401855,1
1.6758805513381958,1
1.4597100019454956,1
1.0771676301956177,1
1.737910270690918,1
2.3898277282714844,1
1.1244698762893677,1
1.2218666076660156,1
1.5510447025299072,1
1.4435017108917236,1
2.3181822299957275,1
1.4388127326965332,1
1.6024757623672485,1
1.7456034421920776,1
0.7076495885848999,1
1.977725863456726,1
1.5988389253616333,1
2.5510575771331787,1
1.2093660831451416,1
1.5297400951385498,1
0.9279652237892151,1
1.5755748748779297,1
1.2340762615203857,1
1.566415786743164,1
1.8173165321350098,1
1.3409303426742554,1
1.1861103773117065,1
1.4679231643676758,1
1.4953992366790771,1
2.0783252716064453,1
2.109951972961426,1
1.2670567035675049,1
1.4219839572906494,1
2.401556968688965,1
1.417510747909546,1
1.0554929971694946,1
2.498203992843628,1
0.996902585029602,1
0.8339167833328247,1
0.8060209155082703,1
0.9584478139877319,1
1.2479482889175415,1
1.3315351009368896,1
1.5753684043884277,1
1.3589695692062378,1
2.103024482727051,1
1.45729398727417,1
0.9491333961486816,1
1.4757493734359741,1
1.8656327724456787,1
1.6321969032287598,1
1.1725528240203857,1
2.341681480407715,1
2.1439101696014404,1
1.634256362915039,1
2.337975025177002,1
1.5258734226226807,1
1.5615218877792358,1
1.8500797748565674,1
2.81832218170166,1
1.8233020305633545,1
1.864588975906372,1
1.3642609119415283,1
1.1914317607879639,1
1.6253260374069214,1
2.2145891189575195,1
1.4464545249938965,1
1.5221905708312988,1
0.7699424624443054,1
1.9706010818481445,1
2.5314865112304688,1
3.7121503353118896,1
2.2370712757110596,1
1.8035216331481934,1
2.3439085483551025,1
2.006228446960449,1
3.0123491287231445,1
2.626512289047241,1
2.4788801670074463,1
2.695784091949463,1
2.5098671913146973,1
2.539189100265503,1
2.2167716026306152,1
1.3149219751358032,1
1.5188347101211548,1
2.5420076847076416,1
2.0909605026245117,1
2.913479804992676,1
2.5196304321289063,1
3.0183186531066895,1
0.933896541595459,1
1.927555799484253,1
3.117511034011841,1
3.738637685775757,1
3.5661087036132813,1
3.31483793258667,1
2.3390965461730957,1
2.7055861949920654,1
2.1000444889068604,1
2.357407569885254,1
3.053478956222534,1
1.7218929529190063,1
1.4376977682113647,1
2.5492944717407227,1
1.7824079990386963,1
2.0735721588134766,1
2.572178840637207,1
2.4561479091644287,1
1.8672070503234863,1
2.071290969848633,1
3.504202365875244,1
4.2514753341674805,1
2.281039237976074,1
3.6427359580993652,1
1.646461009979248,1
2.1643905639648438,1
1.81881844997406,1
1.195038080215454,1
1.76805579662323,1
1.7586562633514404,1
1.0094270706176758,1
2.520183801651001,1
2.6340601444244385,1
2.107128620147705,1
2.1445226669311523,1
1.4728820323944092,1
1.9200661182403564,1
4.035907745361328,1
2.840569019317627,1
2.3612537384033203,1
3.0097761154174805,1
2.1104159355163574,1
1.828500747680664,1
2.037426233291626,1
2.179934501647949,1
4.628122329711914,1
2.9068641662597656,1
2.929354190826416,1
2.2872369289398193,1
2.630877733230591,1
2.3600594997406006,1
3.0490927696228027,1
2.7895379066467285,1
2.4929494857788086,1
1.7537040710449219,1
2.159640312194824,1
2.003706455230713,1
2.6376030445098877,1
3.489445447921753,1
2.4221911430358887,1
3.120821237564087,1
2.489586114883423,1
1.8096643686294556,1
2.335021495819092,1
1.4734091758728027,1
1.9022159576416016,1
1.4664783477783203,1
1.9258321523666382,1
2.446587085723877,1
2.099076986312866,1
2.4105405807495117,1
1.7997065782546997,1
2.893193244934082,1
1.7050669193267822,1
2.107273578643799,1
2.860840320587158,1
2.8028652667999268,1
1.1485434770584106,1
1.1262078285217285,1
1.1512209177017212,1
2.3037092685699463,1
2.347266435623169,1
3.2147417068481445,1
1.4584407806396484,1
1.9349935054779053,1
2.2439255714416504,1
1.551047921180725,1
1.8841102123260498,1
2.0728752613067627,1
1.7301304340362549,1
2.9962351322174072,1
1.6170252561569214,1
2.100710868835449,1
1.838218331336975,1
1.7383062839508057,1
1.8569650650024414,1
1.9945197105407715,1
2.0263986587524414,1
1.8785057067871094,1
1.7486348152160645,1
2.203573226928711,1
1.776410460472107,1
1.9280176162719727,1
3.001926898956299,1
2.0172126293182373,1
1.117349624633789,1
2.0725300312042236,1
2.3538224697113037,1
2.0379223823547363,1
1.3193973302841187,1
1.9579718112945557,1
2.3609914779663086,1
2.0889902114868164,1
1.4416038990020752,1
1.7856276035308838,1
2.3209071159362793,1
2.0075883865356445,1
2.3127503395080566,1
1.9721306562423706,1
2.0896894931793213,1
1.5774829387664795,1
2.2089176177978516,1
2.183736801147461,1
2.8887646198272705,1
1.7880746126174927,1
1.9329183101654053,1
2.5079095363616943,1
1.488655924797058,1
1.6904067993164063,1
2.029453754425049,1
2.7083115577697754,1
1.9717780351638794,1
2.236686944961548,1
2.0665175914764404,1
1.7901861667633057,1
2.5043134689331055,1
2.282433271408081,1
2.1141724586486816,1
2.149329662322998,1
2.144948720932007,1
2.1622610092163086,1
2.3499226570129395,1
1.0338436365127563,1
1.139521598815918,1
2.1759531497955322,1
2.2682552337646484,1
1.256537914276123,1
2.352696180343628,1
2.1702213287353516,1
1.6421198844909668,1
2.2646570205688477,1
1.7887377738952637,1
1.8933461904525757,1
1.5534909963607788,1
2.1090149879455566,1
2.9019153118133545,1
2.068467617034912,1
1.6813125610351563,1
2.112677812576294,1
1.6896271705627441,1
1.9849169254302979,1
2.7346577644348145,1
1.4765372276306152,1
2.697176456451416,1
1.5604443550109863,1
1.9226524829864502,1
1.3527659177780151,1
1.7794804573059082,1
1.8048083782196045,1
2.2039296627044678,1
1.6970629692077637,1
1.6773837804794312,1
1.3850023746490479,1
2.235924243927002,1
1.933910608291626,1
2.546212911605835,1
2.6038455963134766,1
1.4330512285232544,1
2.73014497756958,1
1.1920171976089478,1
2.368335723876953,1
2.1945457458496094,1
1.5123486518859863,1
1.9179198741912842,1
1.8925668001174927,1
2.5584306716918945,1
2.0442378520965576,1
1.9678515195846558,1
2.1521339416503906,1
1.82991361618042,1
2.8353185653686523,1
4.454134941101074,1
1.8294063806533813,1
2.2933926582336426,1
2.159475326538086,1
1.1483440399169922,1
1.5365796089172363,1
2.35117506980896,1
1.883359670639038,1
1.9172283411026,1
1.722291111946106,1
1.9560675621032715,1
2.2413170337677,1
1.3331091403961182,1
1.5017850399017334,1
1.907485008239746,1
1.8449976444244385,1
1.9521729946136475,1
2.2731289863586426,1
1.9908521175384521,1
1.541458010673523,1
1.4087181091308594,1
2.015805721282959,1
2.048203229904175,1
1.9943879842758179,1
1.7639756202697754,1
0.9202837944030762,1
1.7095584869384766,1
2.348540782928467,1
0.9175519943237305,1
1.441953182220459,1
2.0308356285095215,1
1.0478367805480957,1
1.666951060295105,1
1.7946382761001587,1
1.288781762123108,1
1.1655762195587158,1
1.4666715860366821,1
1.094747543334961,1
0.599452555179596,1
0.804806113243103,1
1.215391993522644,1
3.3907382488250732,1
2.1820068359375,1
1.6501818895339966,1
1.4387938976287842,1
1.4490716457366943,1
2.421135902404785,1
2.1739420890808105,1
2.4895763397216797,1
1.7192474603652954,1
1.998320460319519,1
2.182771682739258,1
2.0506529808044434,1
1.4843175411224365,1
1.849442958831787,1
1.5870161056518555,1
2.1709256172180176,1
1.9171733856201172,1
1.4208393096923828,1
1.477560043334961,1
1.1057093143463135,1
1.1592271327972412,1
1.1701780557632446,1
2.7842438220977783,1
1.1045958995819092,1
1.7985913753509521,1
0.8645452260971069,1
1.3706998825073242,1
1.7279458045959473,1
1.599144697189331,1
1.9585003852844238,1
1.417851209640503,1
2.0248465538024902,1
1.562316656112671,1
1.989755392074585,1
1.9918720722198486,1
1.669515609741211,1
1.4182796478271484,1
1.6072118282318115,1
2.4433207511901855,1
0.9564157128334045,1
2.0393054485321045,1
1.9367998838424683,1
1.8136842250823975,1
1.3643358945846558,1
2.3289740085601807,1
1.913893222808838,1
2.8544929027557373,1
1.4104219675064087,1
1.7532700300216675,1
1.2486135959625244,1
1.9224817752838135,1
3.170949697494507,1
1.5046740770339966,1
1.0447053909301758,1
1.2344589233398438,1
2.1269898414611816,1
2.700235366821289,1
1.4269614219665527,1
1.8555810451507568,1
0.5941084623336792,1
2.8560397624969482,1
1.825918197631836,1
0.8872684240341187,1
0.9637573957443237,1
1.9379826784133911,1
1.4780168533325195,1
2.0925962924957275,1
2.4268972873687744,1
1.829230785369873,1
2.4088003635406494,1
1.6011962890625,1
2.2668776512145996,1
2.275221347808838,1
1.5554908514022827,1
1.8592538833618164,1
2.456073522567749,1
1.7355467081069946,1
1.8512170314788818,1
1.8511617183685303,1
1.941588044166565,1
2.4759809970855713,1
2.2078475952148438,1
1.790142297744751,1
1.1951024532318115,1
1.8629544973373413,1
1.33363938331604,1
2.0746912956237793,1
2.238741397857666,1
1.7682617902755737,1
2.4137368202209473,1
1.3825523853302002,1
1.335201382637024,1
1.2391910552978516,1
1.9960761070251465,1
1.49613356590271,1
1.5804944038391113,1
1.7948466539382935,1
1.9955233335494995,1
2.919025421142578,1
1.5794157981872559,1
1.9196125268936157,1
1.4135453701019287,1
1.6779927015304565,1
2.4526591300964355,1
1.5643154382705688,1
0.6985207200050354,1
1.2072169780731201,1
3.0397753715515137,1
2.213153839111328,1
1.945563793182373,1
1.4041074514389038,1
1.8306522369384766,1
2.7640626430511475,1
1.842864990234375,1
2.192354202270508,1
1.9890601634979248,1
2.3666133880615234,1
1.736486554145813,1
1.2174469232559204,1
1.4352283477783203,1
1.068706750869751,1
2.340188503265381,1
1.3616279363632202,1
2.7650060653686523,1
2.0652291774749756,1
2.012385368347168,1
1.4122741222381592,1
1.8816828727722168,1
3.230299949645996,1
1.8094168901443481,1
1.773658037185669,1
0.9318482875823975,1
1.3476383686065674,1
1.7611796855926514,1
2.327040433883667,1
2.268702745437622,1
2.139070749282837,1
1.8330681324005127,1
1.651524305343628,1
1.5759646892547607,1
1.8555406332015991,1
1.5834360122680664,1
1.284889817237854,1
1.6553858518600464,1
2.229498863220215,1
1.6744508743286133,1
1.5026934146881104,1
1.3566811084747314,1
1.174481987953186,1
1.9147975444793701,1
2.1967709064483643,1
1.5798728466033936,1
1.4868568181991577,1
1.0776199102401733,1
1.7199136018753052,1
0.9397836923599243,1
2.125933885574341,1
1.311033010482788,1
2.0078229904174805,1
2.2729010581970215,1
1.4040184020996094,1
1.860060453414917,1
2.169245719909668,1
1.6527554988861084,1
1.8233122825622559,1
2.5522053241729736,1
2.0317373275756836,1
1.77614164352417,1
1.8720282316207886,1
1.2613496780395508,1
2.5542044639587402,1
2.0718870162963867,1
2.3709840774536133,1
1.7650554180145264,1
1.5143420696258545,1
1.3469457626342773,1
2.1087281703948975,1
2.6396610736846924,1
1.9815715551376343,1
2.2509186267852783,1
1.2920868396759033,1
1.3384819030761719,1
1.8801461458206177,1
3.0176384449005127,1
2.4953763484954834,1
1.9144543409347534,1
2.003129720687866,1
2.087646961212158,1
1.9418495893478394,1
1.763007640838623,1
2.2222604751586914,1
1.653139352798462,1
2.451343297958374,1
2.1259524822235107,1
1.4911048412322998,1
2.108471155166626,1
1.5377893447875977,1
1.7536780834197998,1
1.3075052499771118,1
1.5769435167312622,1
1.7547166347503662,1
1.0952963829040527,1
1.8604679107666016,1
2.0007762908935547,1
2.51070499420166,1
1.0889122486114502,1
2.4917449951171875,1
2.2133874893188477,1
1.2708872556686401,1
3.2211410999298096,1
1.9616281986236572,1
1.4579124450683594,1
1.8792638778686523,1
2.8730063438415527,1
2.6836585998535156,1
1.4695370197296143,1
2.8436784744262695,1
1.5245707035064697,1
2.864231586456299,1
2.8811240196228027,1
2.9978079795837402,1
1.6443794965744019,1
1.627598762512207,1
2.5432116985321045,1
2.2606613636016846,1
2.7354533672332764,1
2.6058740615844727,1
2.8011422157287598,1
2.2168843746185303,1
2.519217014312744,1
1.2558865547180176,1
1.4564625024795532,1
1.9948272705078125,1
1.5670441389083862,1
1.3396894931793213,1
1.4399067163467407,1
1.691891074180603,1
1.6593899726867676,1
1.626429796218872,1
2.142183303833008,1
2.086625099182129,1
1.6929481029510498,1
0.826574981212616,1
1.8381261825561523,1
1.4320087432861328,1
2.36726713180542,1
1.5180978775024414,1
1.0097553730010986,1
1.9764426946640015,1
2.4862895011901855,1
1.8278250694274902,1
1.3005313873291016,1
1.1571370363235474,1
3.221266508102417,1
1.5686976909637451,1
1.4558608531951904,1
1.5778565406799316,1
2.3152291774749756,1
2.451890468597412,1
1.981803059577942,1
0.8339623212814331,1
1.7977828979492188,1
1.1423768997192383,1
2.9526524543762207,1
1.2343326807022095,1
2.020265817642212,1
1.6053794622421265,1
1.7434473037719727,1
1.88240647315979,1
1.8565938472747803,1
2.191254138946533,1
2.209958553314209,1
1.5535404682159424,1
1.6464321613311768,1
1.9188241958618164,1
2.4826769828796387,1
1.9018001556396484,1
1.8242899179458618,1
1.2808103561401367,1
2.539379596710205,1
1.6164131164550781,1
1.5921313762664795,1
2.4041032791137695,1
2.228116989135742,1
2.7334542274475098,1
1.852110743522644,1
3.064223051071167,1
1.502152442932129,1
2.0507640838623047,1
1.474053978919983,1
1.6862258911132813,1
2.0515594482421875,1
1.221895694732666,1
1.6555402278900146,1
2.551821708679199,1
2.1013376712799072,1
1.5473310947418213,1
2.6374733448028564,1
3.309678554534912,1
2.0109775066375732,1
4.070668697357178,1
4.253936767578125,1
2.8240511417388916,1
2.8123698234558105,1
2.3929672241210938,1
2.173708915710449,1
2.7720823287963867,1
2.409403085708618,1
1.9405128955841064,1
2.339588165283203,1
2.0163774490356445,1
2.45758318901062,1
1.8839398622512817,1
1.2885899543762207,1
2.2067079544067383,1
1.0032219886779785,1
0.9054887890815735,1
1.6675426959991455,1
1.9948360919952393,1
1.0137102603912354,1
2.539248466491699,1
1.562080979347229,1
2.000338077545166,1
1.9850164651870728,1
1.5922682285308838,1
2.1308815479278564,1
1.2920305728912354,1
2.0868656635284424,1
1.3581984043121338,1
1.6885501146316528,1
1.9643657207489014,1
1.4944894313812256,1
2.1312990188598633,1
1.5008361339569092,1
1.7576079368591309,1
1.65870201587677,1
2.147738456726074,1
1.4483642578125,1
1.849792718887329,1
1.1251662969589233,1
2.39224910736084,1
1.991286039352417,1
1.9287993907928467,1
1.5071642398834229,1
1.2492280006408691,1
1.6284403800964355,1
2.3472297191619873,1
1.239342212677002,1
2.9399900436401367,1
1.695127010345459,1
1.361637830734253,1
2.732707977294922,1
1.7997150421142578,1
2.719062328338623,1
2.063894748687744,1
1.5754425525665283,1
1.2585256099700928,1
1.7035419940948486,1
2.3059563636779785,1
2.9850664138793945,1
3.7557456493377686,1
1.2482390403747559,1
1.9899423122406006,1
2.3012783527374268,1
1.8530809879302979,1
2.600236415863037,1
1.7454044818878174,1
2.1092429161071777,1
2.1573846340179443,1
1.442630648612976,1
1.2645429372787476,1
1.5345268249511719,1
2.7289185523986816,1
1.3215954303741455,1
1.9273841381072998,1
1.6403660774230957,1
1.057892084121704,1
2.0735960006713867,1
1.0779927968978882,1
1.3658385276794434,1
1.002737283706665,1
1.2097017765045166,1
1.7770401239395142,1
0.6711982488632202,1
0.9642611742019653,1
1.5269927978515625,1
1.041731834411621,1
2.5615053176879883,1
2.1758742332458496,1
1.3735947608947754,1
1.532504677772522,1
1.7592881917953491,1
1.8798243999481201,1
2.2688794136047363,1
2.4787380695343018,1
1.538381814956665,1
1.4217703342437744,1
1.7123903036117554,1
1.5134203433990479,1
0.6473619937896729,1
3.0068674087524414,1
1.8293930292129517,1
1.5030980110168457,1
1.8239490985870361,1
1.1161936521530151,1
2.2045845985412598,1
1.5053082704544067,1
2.0341804027557373,1
2.271502733230591,1
1.5689284801483154,1
2.9600589275360107,1
1.5393540859222412,1
1.9861400127410889,1
2.1581878662109375,1
1.194746732711792,1
3.4577105045318604,1
3.277266025543213,1
1.8693329095840454,1
2.574767589569092,1
1.3162082433700562,1
1.2749829292297363,1
1.5911767482757568,1
1.378901720046997,1
2.886838912963867,1
1.199583649635315,1
1.3253798484802246,1
1.4469748735427856,1
1.9885227680206299,1
2.0985770225524902,1
1.6663435697555542,1
1.8158824443817139,1
2.4444448947906494,1
1.4923391342163086,1
1.7449519634246826,1
1.7685341835021973,1
2.1317577362060547,1
2.5848073959350586,1
1.992189884185791,1
2.5060510635375977,1
1.3713017702102661,1
1.7749879360198975,1
2.7804834842681885,1
1.4860975742340088,1
2.4722840785980225,1
1.2702255249023438,1
2.6385574340820313,1
2.5760111808776855,1
1.4850175380706787,1
3.067932605743408,1
2.392965316772461,1
4.733395576477051,1
2.0698795318603516,1
1.3945667743682861,1
2.9472084045410156,1
3.3589441776275635,1
2.603355884552002,1
2.544975996017456,1
1.8782951831817627,1
2.250882863998413,1
2.053086280822754,1
1.7475314140319824,1
1.9100620746612549,1
1.9105255603790283,1
1.326715350151062,1
1.9917150735855103,1
1.535313367843628,1
3.0690691471099854,1
2.2989354133605957,1
3.458569049835205,1
2.1013588905334473,1
1.7400749921798706,1
1.3047953844070435,1
1.420698642730713,1
1.6712318658828735,1
1.369072675704956,1
1.5533922910690308,1
2.4660468101501465,1
2.463486671447754,1
2.945183277130127,1
3.017765998840332,1
4.060268878936768,1
1.984316110610962,1
2.8144330978393555,1
2.6427464485168457,1
2.6205978393554688,1
2.7920725345611572,1
2.3649699687957764,1
2.3023462295532227,1
2.695713996887207,1
2.0826613903045654,1
1.9161821603775024,1
2.8441274166107178,1
2.6504335403442383,1
1.6162118911743164,1
2.300398349761963,1
1.5311336517333984,1
2.2353622913360596,1
1.5038821697235107,1
1.9241005182266235,1
1.8065993785858154,1
1.6037518978118896,1
2.296719551086426,1
2.133084535598755,1
2.119584083557129,1
1.6290571689605713,1
1.880432367324829,1
2.081071376800537,1
2.400529384613037,1
1.595090389251709,1
1.8734853267669678,1
2.638543128967285,1
1.4760143756866455,1
1.6829694509506226,1
3.249166250228882,1
1.73898446559906,1
1.7648754119873047,1
1.5435386896133423,1
2.0337324142456055,1
1.9569401741027832,1
1.9973344802856445,1
1.6298041343688965,1
2.1414456367492676,1
2.547349452972412,1
1.6118204593658447,1
1.6196517944335938,1
1.3738362789154053,1
2.0356240272521973,1
2.1899120807647705,1
1.9231033325195313,1
2.2098984718322754,1
2.71232533454895,1
1.7598401308059692,1
1.2526791095733643,1
1.42452073097229,1
1.738760232925415,1
1.2728291749954224,1
1.6034126281738281,1
3.148672580718994,1
1.9845980405807495,1
1.518847942352295,1
1.8405399322509766,1
1.8641595840454102,1
2.1162285804748535,1
1.482974648475647,1
2.360605001449585,1
1.9660580158233643,1
1.607851266860962,1
1.7972713708877563,1
1.2873821258544922,1
1.7147376537322998,1
1.817521572113037,1
0.9758737087249756,1
1.5225342512130737,1
1.0246864557266235,1
1.3266501426696777,1
2.295962333679199,1
1.6343073844909668,1
1.9272308349609375,1
2.3055191040039063,1
2.0499167442321777,1
2.3528361320495605,1
2.2662878036499023,1
2.747436046600342,1
1.6762990951538086,1
1.6467794179916382,1
1.2004854679107666,1
1.7091236114501953,1
2.1397383213043213,1
2.2247538566589355,1
2.7646074295043945,1
2.781348705291748,1
1.8383710384368896,1
2.1942882537841797,1
1.7444852590560913,1
1.884133219718933,1
1.3972653150558472,1
1.9346919059753418,1
1.8412389755249023,1
1.826304316520691,1
3.1524455547332764,1
1.9611185789108276,1
2.4028565883636475,1
1.921133041381836,1
1.881748080253601,1
1.5385957956314087,1
2.077406644821167,1
1.196641445159912,1
2.162038564682007,1
2.0318784713745117,1
2.06851863861084,1
1.603985071182251,1
1.5316510200500488,1
1.8650211095809937,1
1.6622354984283447,1
1.3046401739120483,1
1.0661911964416504,1
2.472822666168213,1
2.040768623352051,1
1.773125171661377,1
1.858981966972351,1
1.9178657531738281,1
2.0496175289154053,1
1.475387692451477,1
1.2435996532440186,1
1.7037250995635986,1
1.1208664178848267,1
2.7777199745178223,1
3.8386130332946777,1
1.8444000482559204,1
2.718745708465576,1
2.966963291168213,1
1.6374752521514893,1
2.430199146270752,1
2.1449642181396484,1
1.5773451328277588,1
2.0190744400024414,1
1.1150120496749878,1
2.309748649597168,1
2.428835868835449,1
2.5257797241210938,1
2.4854233264923096,1
2.8918259143829346,1
2.5560741424560547,1
2.3795461654663086,1
1.7344324588775635,1
1.8152470588684082,1
1.5806858539581299,1
2.696042537689209,1
2.649524211883545,1
1.709286093711853,1
1.4774442911148071,1
2.1004433631896973,1
1.7488365173339844,1
2.030045509338379,1
1.89271879196167,1
1.2267411947250366,1
1.7271913290023804,1
1.4732131958007813,1
2.2943944931030273,1
1.3399312496185303,1
1.3991827964782715,1
2.2683897018432617,1
1.741851806640625,1
3.059692144393921,1
1.6411774158477783,1
1.657334804534912,1
2.4863486289978027,1
2.708099365234375,1
2.586798667907715,1
2.5333046913146973,1
2.453493356704712,1
2.3632941246032715,1
2.77768611907959,1
2.1776199340820313,1
1.3573471307754517,1
3.605365753173828,1
3.6542696952819824,1
1.5068037509918213,1
2.6323843002319336,1
3.6378650665283203,1
2.677990436553955,1
2.0357422828674316,1
4.192643642425537,1
2.5409791469573975,1
3.5806727409362793,1
2.5126402378082275,1
2.6672489643096924,1
1.5547560453414917,1
1.421560287475586,1
2.0282068252563477,1
1.321770191192627,1
1.6627113819122314,1
2.213735580444336,1
2.270956039428711,1
1.5414987802505493,1
1.939610242843628,1
2.697798490524292,1
2.2868058681488037,1
2.452894687652588,1
1.6882375478744507,1
1.9336332082748413,1
2.1450791358947754,1
2.113004684448242,1
3.0511422157287598,1
2.4968111515045166,1
2.001889944076538,1
2.302471160888672,1
1.279339075088501,1
1.862788438796997,1
2.430617332458496,1
2.754702568054199,1
2.994515895843506,1
1.5009063482284546,1
2.2599377632141113,1
1.960824966430664,1
1.670762300491333,1
2.070469856262207,1
2.02359676361084,1
1.4240144491195679,1
1.2912425994873047,1
0.9483434557914734,1
1.9151549339294434,1
1.69417142868042,1
1.5998637676239014,1
1.3652797937393188,1
2.391723871231079,1
2.6093993186950684,1
1.1159768104553223,1
1.2951191663742065,1
1.7547885179519653,1
0.9754210114479065,1
3.3649420738220215,1
1.6956316232681274,1
1.6179792881011963,1
3.015584707260132,1
2.1476263999938965,1
1.9228349924087524,1
2.545985460281372,1
1.6735844612121582,1
1.598881721496582,1
1.8572767972946167,1
1.947627305984497,1
2.273425579071045,1
2.354961395263672,1
2.230947494506836,1
1.7517194747924805,1
1.8597819805145264,1
1.8263564109802246,1
2.088590145111084,1
1.8590335845947266,1
1.3660259246826172,1
1.8754608631134033,1
1.9751722812652588,1
2.019878625869751,1
2.255629539489746,1
1.9360930919647217,1
2.5964722633361816,1
1.959632396697998,1
1.5227409601211548,1
1.1528079509735107,1
1.8574938774108887,1
1.7885249853134155,1
2.1550235748291016,1
1.1185433864593506,1
1.6124038696289063,1
1.2801282405853271,1
1.22235107421875,1
1.5299091339111328,1
2.1474552154541016,1
0.9881278276443481,1
1.6018470525741577,1
1.4135900735855103,1
2.2201619148254395,1
1.7936917543411255,1
1.2779531478881836,1
1.3254766464233398,1
1.7110183238983154,1
1.7984133958816528,1
1.6599130630493164,1
2.045222043991089,1
1.4545279741287231,1
1.9912421703338623,1
1.8595075607299805,1
1.101771354675293,1
1.0425934791564941,1
2.260293960571289,1
2.032959461212158,1
1.130953073501587,1
1.787182331085205,1
1.869882345199585,1
1.3882200717926025,1
1.883204698562622,1
1.4318453073501587,1
2.949199676513672,1
2.2940189838409424,1
1.9616608619689941,1
2.1533915996551514,1
1.4398890733718872,1
2.1907711029052734,1
2.084595203399658,1
2.269026041030884,1
1.9416593313217163,1
1.1501737833023071,1
2.216885805130005,1
2.092772960662842,1
1.3422114849090576,1
1.543853998184204,1
1.564218521118164,1
1.957220196723938,1
1.6266638040542603,1
1.927711009979248,1
2.3553519248962402,1
2.015686511993408,1
1.585633397102356,1
2.024845838546753,1
1.5806835889816284,1
1.3674452304840088,1
1.6582672595977783,1
2.1331562995910645,1
1.9797053337097168,1
1.73042631149292,1
1.4834030866622925,1
1.7315772771835327,1
2.3375978469848633,1
1.9190082550048828,1
1.8804824352264404,1
1.4055204391479492,1
1.471064805984497,1
1.3915894031524658,1
1.8529736995697021,1
1.8323636054992676,1
1.6903419494628906,1
2.8560166358947754,1
1.2366634607315063,1
2.347984790802002,1
2.077974796295166,1
1.7770400047302246,1
1.9428980350494385,1
1.150261402130127,1
1.6789567470550537,1
2.1222119331359863,1
1.4271172285079956,1
2.0757672786712646,1
3.7367475032806396,1
2.0457916259765625,1
2.0199990272521973,1
1.7298455238342285,1
1.762946367263794,1
1.4344346523284912,1
1.8433748483657837,1
1.9053776264190674,1
1.63319730758667,1
2.1417460441589355,1
1.9049032926559448,1
1.2431377172470093,1
1.2715604305267334,1
2.15556001663208,1
1.541816234588623,1
1.953858494758606,1
1.8725180625915527,1
1.866159439086914,1
1.641662359237671,1
1.806763768196106,1
1.479715347290039,1
1.410162091255188,1
1.9604095220565796,1
1.2385356426239014,1
1.1386079788208008,1
1.6519577503204346,1
1.4167664051055908,1
1.4796782732009888,1
1.317795753479004,1
0.9304853677749634,1
2.0338306427001953,1
1.8324480056762695,1
2.823108196258545,1
2.1679797172546387,1
1.6623218059539795,1
1.8388358354568481,1
1.5164740085601807,1
1.9198017120361328,1
1.4306209087371826,1
1.7986751794815063,1
1.2845709323883057,1
0.995572566986084,1
1.3396329879760742,1
2.082571506500244,1
2.7729263305664063,1
1.9315505027770996,1
2.3363595008850098,1
1.6837953329086304,1
2.4290313720703125,1
1.5129706859588623,1
1.8426991701126099,1
1.690590739250183,1
3.0579957962036133,1
1.5301153659820557,1
1.2738125324249268,1
1.5057766437530518,1
2.296726942062378,1
1.5568039417266846,1
2.5884346961975098,1
3.005039691925049,1
1.0542744398117065,1
1.0750163793563843,1
1.9401605129241943,1
1.9394123554229736,1
1.2917397022247314,1
1.4539188146591187,1
2.1127490997314453,1
1.8841936588287354,1
1.5882009267807007,1
1.8976256847381592,1
0.9228995442390442,1
1.899137020111084,1
1.5638782978057861,1
1.262342929840088,1
1.2422916889190674,1
0.9961010217666626,1
1.0451228618621826,1
1.4592469930648804,1
1.4981083869934082,1
1.5267319679260254,1
1.4422528743743896,1
0.9412291049957275,1
2.0821890830993652,1
0.964681088924408,1
1.8054159879684448,1
1.2986162900924683,1
1.3849906921386719,1
1.9798349142074585,1
1.4524438381195068,1
1.650984287261963,1
1.2341206073760986,1
1.387075662612915,1
1.95937979221344,1
1.997428059577942,1
2.772576332092285,1
1.9526358842849731,1
1.1824626922607422,1
2.097066879272461,1
1.5656359195709229,1
1.6985948085784912,1
2.020188570022583,1
3.332200765609741,1
1.6886650323867798,1
2.738008499145508,1
1.8313305377960205,1
1.1207051277160645,1
5.345617294311523,1
3.2720344066619873,1
2.721665382385254,1
2.2583279609680176,1
1.7485251426696777,1
2.3339781761169434,1
1.7898095846176147,1
2.3477072715759277,1
2.8104612827301025,1
2.153899669647217,1
1.9629693031311035,1
1.4263570308685303,1
1.7963136434555054,1
0.8387614488601685,1
1.5648078918457031,1
1.2421252727508545,1
1.9196281433105469,1
1.724987268447876,1
2.3279480934143066,1
2.322991371154785,1
1.7326632738113403,1
1.3728928565979004,1
1.8955214023590088,1
2.4292497634887695,1
2.203756809234619,1
1.9170877933502197,1
2.2738466262817383,1
1.690093994140625,1
1.6787534952163696,1
1.5365655422210693,1
2.777453899383545,1
1.1242220401763916,1
1.9870836734771729,1
1.6197324991226196,1
2.844918966293335,1
3.032327175140381,1
1.5163671970367432,1
1.8497086763381958,1
2.3140015602111816,1
2.3448431491851807,1
2.2421092987060547,1
3.181734800338745,1
2.121088981628418,1
2.8749146461486816,1
1.932951807975769,1
3.348569869995117,1
3.068972110748291,1
4.167484760284424,1
3.1018598079681396,1
2.084311008453369,1
3.7036375999450684,1
1.5782907009124756,1
2.0835230350494385,1
1.5187439918518066,1
2.079139232635498,1
2.704437255859375,1
2.130279779434204,1
1.3873443603515625,1
1.9385360479354858,1
1.4144498109817505,1
1.889925241470337,1
1.1144680976867676,1
1.6841788291931152,1
2.0489816665649414,1
2.615717649459839,1
1.9169496297836304,1
2.9954380989074707,1
1.565478801727295,1
2.3382833003997803,1
3.3796286582946777,1
2.2630910873413086,1
1.8380924463272095,1
1.1025159358978271,1
1.4677863121032715,1
1.269851565361023,1
1.256212830543518,1
1.1523897647857666,1
1.9802278280258179,1
2.558220386505127,1
2.0779075622558594,1
1.8641968965530396,1
2.1084628105163574,1
1.9732370376586914,1
2.586195468902588,1
2.383859634399414,1
2.653141736984253,1
1.4037638902664185,1
1.6762416362762451,1
1.6858881711959839,1
1.6519086360931396,1
1.2936902046203613,1
1.1382534503936768,1
1.7195485830307007,1
1.6733392477035522,1
1.5310834646224976,1
1.96820867061615,1
1.964737057685852,1
1.705333948135376,1
2.455331802368164,1
2.2053775787353516,1
1.9204339981079102,1
2.6882004737854004,1
2.311570405960083,1
2.5421900749206543,1
3.6435718536376953,1
2.3445401191711426,1
2.459803819656372,1
2.058701992034912,1
1.5154271125793457,1
1.8448643684387207,1
1.6486015319824219,1
1.3622153997421265,1
2.2528908252716064,1
1.214128017425537,1
2.1127941608428955,1
4.199594974517822,1
2.732297420501709,1
1.4491881132125854,1
2.1034412384033203,1
2.265442371368408,1
1.719341516494751,1
2.0489535331726074,1
1.77982759475708,1
2.2176218032836914,1
1.4662067890167236,1
2.5385451316833496,1
1.728347659111023,1
2.7774858474731445,1
2.1575608253479004,1
3.2716283798217773,1
1.982908010482788,1
2.6082959175109863,1
1.5019311904907227,1
2.8852686882019043,1
2.6204288005828857,1
2.8171331882476807,1
2.3878731727600098,1
1.6883463859558105,1
2.130420207977295,1
3.197993755340576,1
2.7889082431793213,1
2.6520133018493652,1
2.224580764770508,1
2.574265480041504,1
2.9343457221984863,1
1.1027323007583618,1
2.8477883338928223,1
2.0694992542266846,1
2.3912057876586914,1
0.9441236853599548,1
2.2172083854675293,1
2.302488327026367,1
2.2025156021118164,1
1.9931495189666748,1
1.7514643669128418,1
2.3522915840148926,1
1.5687100887298584,1
1.7267041206359863,1
1.4245365858078003,1
1.6314964294433594,1
2.052999973297119,1
1.783510684967041,1
1.9792723655700684,1
2.2968809604644775,1
1.62576162815094,1
2.146324634552002,1
1.915191888809204,1
2.0069103240966797,1
1.900787591934204,1
1.6298128366470337,1
1.939758062362671,1
1.3194900751113892,1
1.1614036560058594,1
1.6451821327209473,1
1.1688086986541748,1
1.777808666229248,1
1.8755509853363037,1
2.3038392066955566,1
1.6829314231872559,1
1.7477631568908691,1
1.430479645729065,1
1.3475875854492188,1
1.6632925271987915,1
3.3245248794555664,1
1.5104933977127075,1
2.6817550659179688,1
2.906949520111084,1
2.0624310970306396,1
1.4301974773406982,1
1.5209426879882813,1
1.5887888669967651,1
2.023932456970215,1
3.229187488555908,1
1.738590955734253,1
1.6425905227661133,1
1.762953519821167,1
0.9662671089172363,1
2.734888792037964,1
2.269381046295166,1
3.0464024543762207,1
2.8493146896362305,1
2.245039939880371,1
2.331235647201538,1
1.5122156143188477,1
1.5135663747787476,1
2.099161386489868,1
2.726304054260254,1
2.0404109954833984,1
2.3438282012939453,1
2.4190802574157715,1
0.8602349758148193,1
1.7987782955169678,1
2.127669334411621,1
1.9467568397521973,1
2.1417884826660156,1
2.2376816272735596,1
2.1848134994506836,1
3.2543158531188965,1
2.9869303703308105,1
2.4546334743499756,1
2.424057960510254,1
1.9873405694961548,1
2.535655975341797,1
3.019697666168213,1
2.097963571548462,1
1.96537184715271,1
3.500779628753662,1
2.2028322219848633,1
2.104351758956909,1
3.0603604316711426,1
1.7883048057556152,1
2.4706246852874756,1
2.0771303176879883,1
1.5183756351470947,1
1.9006315469741821,1
2.616856098175049,1
1.8485751152038574,1
1.300907850265503,1
1.9399850368499756,1
2.1022844314575195,1
2.7933173179626465,1
2.459235668182373,1
2.778317451477051,1
2.649193048477173,1
1.4059643745422363,1
1.5175693035125732,1
1.243979811668396,1
2.4833133220672607,1
1.8919994831085205,1
1.5960533618927002,1
2.4426136016845703,1
2.960491895675659,1
2.2748215198516846,1
1.8040772676467896,1
2.3916735649108887,1
2.017411470413208,1
1.801342248916626,1
1.6407419443130493,1
4.024184226989746,1
2.753234386444092,1
1.665510654449463,1
2.1872634887695313,1
2.205265998840332,1
2.691213607788086,1
2.488328695297241,1
3.3832523822784424,1
2.8497867584228516,1
3.7462706565856934,1
2.2364935874938965,1
2.675212860107422,1
3.9463350772857666,1
1.605069875717163,1
2.823061466217041,1
3.0799734592437744,1
1.5644057989120483,1
2.596952438354492,1
2.7597734928131104,1
1.557856559753418,1
1.3893067836761475,1
3.398878574371338,1
2.349548101425171,1
2.3439550399780273,1
1.8510253429412842,1
3.246519088745117,1
2.452831268310547,1
1.8069634437561035,1
1.5598318576812744,1
1.5933868885040283,1
2.5531680583953857,1
1.4983164072036743,1
1.9170176982879639,1
1.697967290878296,1
1.7112767696380615,1
1.7022793292999268,1
1.436002492904663,1
1.3368687629699707,1
3.181321144104004,1
1.1153686046600342,1
0.8200225830078125,1
1.74789559841156,1
1.9027011394500732,1
1.6670570373535156,1
2.2580933570861816,1
1.3190597295761108,1
2.497720241546631,1
3.855633497238159,1
2.39909029006958,1
2.4690678119659424,1
2.0052475929260254,1
2.7185373306274414,1
1.6623141765594482,1
2.4814229011535645,1
1.914932370185852,1
2.6977834701538086,1
2.2473373413085938,1
2.937389850616455,1
1.7643544673919678,1
0.7797946929931641,1
1.5075384378433228,1
1.9449881315231323,1
1.8776603937149048,1
1.970684289932251,1
2.2144508361816406,1
2.2462010383605957,1
1.7376130819320679,1
2.7742536067962646,1
1.6282107830047607,1
1.442999005317688,1
1.7328643798828125,1
1.7852942943572998,1
1.382542371749878,1
1.8855938911437988,1
1.982776165008545,1
2.3636298179626465,1
2.019090414047241,1
3.162247896194458,1
2.1518168449401855,1
2.5417733192443848,1
2.429979085922241,1
3.5982203483581543,1
2.593369483947754,1
2.369473934173584,1
1.3063058853149414,1
2.0197513103485107,1
1.5024012327194214,1
3.0915982723236084,1
1.4570579528808594,1
1.896330714225769,1
2.025752067565918,1
1.4553223848342896,1
1.9219300746917725,1
1.6247501373291016,1
1.4264156818389893,1
1.0168025493621826,1
1.1598973274230957,1
3.6105756759643555,1
3.2309441566467285,1
1.465632438659668,1
2.04998517036438,1
2.1228508949279785,1
2.613081932067871,1
1.9467504024505615,1
2.073699474334717,1
2.828165054321289,1
1.5953091382980347,1
2.106733798980713,1
1.7652044296264648,1
2.7152910232543945,1
3.065835475921631,1
2.813432216644287,1
1.9911632537841797,1
2.100917339324951,1
2.2688355445861816,1
2.078793525695801,1
2.162917137145996,1
1.565250277519226,1
1.7667258977890015,1
1.4874180555343628,1
1.850653886795044,1
2.4634194374084473,1
1.4603877067565918,1
2.6853573322296143,1
1.7886601686477661,1
1.1288992166519165,1
1.4755668640136719,1
2.0302248001098633,1
2.3130195140838623,1
1.882352590560913,1
1.6398379802703857,1
2.242161750793457,1
1.4745874404907227,1
1.8632144927978516,1
2.657012939453125,1
2.6157193183898926,1
2.2953648567199707,1
2.3786239624023438,1
2.4141597747802734,1
2.8866684436798096,1
3.848989486694336,1
2.098726511001587,1
1.8688874244689941,1
2.143218517303467,1
2.065171480178833,1
3.2921862602233887,1
1.8056018352508545,1
2.7611491680145264,1
2.033794403076172,1
2.5086135864257813,1
2.180819034576416,1
2.0080955028533936,1
1.8064937591552734,1
3.3033905029296875,1
3.169221878051758,1
2.5370237827301025,1
2.6831302642822266,1
2.542792558670044,1
1.958324909210205,1
2.1648612022399902,1
1.3990060091018677,1
2.5941102504730225,1
2.658907890319824,1
0.8481318950653076,1
2.8384952545166016,1
1.537409782409668,1
1.8091338872909546,1
1.9684481620788574,1
2.0042943954467773,1
1.0417238473892212,1
2.3764395713806152,1
2.8999640941619873,1
1.9795341491699219,1
1.6851961612701416,1
2.392155408859253,1
2.411003589630127,1
2.280736207962036,1
2.91030216217041,1
2.164889335632324,1
1.967256784439087,1
2.5531740188598633,1
1.8767776489257813,1
2.4514198303222656,1
4.325985908508301,1
2.8012654781341553,1
2.7790842056274414,1
2.8899219036102295,1
3.586232900619507,1
3.4223380088806152,1
2.4848403930664063,1
2.330404758453369,1
3.7955617904663086,1
2.565021514892578,1
3.9268648624420166,1
2.2359230518341064,1
2.710294246673584,1
2.2252180576324463,1
1.1617616415023804,1
2.666703224182129,1
2.3225202560424805,1
2.4286417961120605,1
2.2620978355407715,1
2.673065185546875,1
2.715073823928833,1
1.8907365798950195,1
2.5513901710510254,1
1.5920945405960083,1
2.4163856506347656,1
2.153841495513916,1
1.9954787492752075,1
1.8110520839691162,1
3.3985509872436523,1
2.0311474800109863,1
1.6197562217712402,1
2.2210922241210938,1
1.2554585933685303,1
2.703555107116699,1
1.7929673194885254,1
2.0827035903930664,1
2.3439688682556152,1
1.9448319673538208,1
2.621269702911377,1
1.9125598669052124,1
1.9881770610809326,1
1.1371514797210693,1
1.3537802696228027,1
1.6860368251800537,1
1.7562236785888672,1
2.556285858154297,1
1.6333050727844238,1
2.1285488605499268,1
1.8349387645721436,1
1.7029602527618408,1
2.9151878356933594,1
1.7010282278060913,1
1.4766600131988525,1
1.3985023498535156,1
2.0707974433898926,1
2.09140944480896,1
1.838078498840332,1
2.1775999069213867,1
1.7299851179122925,1
