2.178025245666504,1
2.039583206176758,1
2.0991222858428955,1
2.5305299758911133,1
2.444343090057373,1
2.305910110473633,1
2.330211877822876,1
2.3692755699157715,1
1.8730902671813965,1
2.369617462158203,1
2.157043933868408,1
2.8301055431365967,1
2.4192304611206055,1
2.815312385559082,1
2.17506742477417,1
2.844236135482788,1
1.8221889734268188,1
2.120567798614502,1
2.5319201946258545,1
1.8342418670654297,1
2.0634593963623047,1
2.7285995483398438,1
2.1264030933380127,1
2.2013325691223145,1
2.8277769088745117,1
2.6258161067962646,1
1.9419081211090088,1
2.684504985809326,1
2.242952346801758,1
1.8456943035125732,1
2.6295361518859863,1
2.468860387802124,1
2.4550609588623047,1
2.4646968841552734,1
2.6340079307556152,1
2.57442045211792,1
2.6950104236602783,1
2.1847827434539795,1
2.6859774589538574,1
2.4556987285614014,1
2.7934746742248535,1
2.128418445587158,1
2.775729179382324,1
2.2685391902923584,1
2.5569217205047607,1
2.6014373302459717,1
2.7081727981567383,1
2.531170606613159,1
1.9574730396270752,1
1.90854811668396,1
3.3102216720581055,1
4.2891926765441895,1
2.5630409717559814,1
2.047558069229126,1
2.535569190979004,1
3.898756265640259,1
2.5056285858154297,1
2.024322509765625,1
2.6704773902893066,1
2.236570119857788,1
2.210629940032959,1
2.5529181957244873,1
3.143005132675171,1
2.7530434131622314,1
2.3282830715179443,1
2.563154935836792,1
2.5167627334594727,1
2.8389463424682617,1
2.464613914489746,1
3.2077667713165283,1
2.5334112644195557,1
2.115388870239258,1
2.207956314086914,1
2.3737611770629883,1
2.2936646938323975,1
3.477858304977417,1
2.765420436859131,1
2.9196386337280273,1
2.759096622467041,1
2.9233343601226807,1
2.553835391998291,1
2.6066513061523438,1
2.606353282928467,1
2.759763717651367,1
3.6978650093078613,1
2.0904247760772705,1
2.3556714057922363,1
2.910640001296997,1
2.6914889812469482,1
2.3756330013275146,1
2.5950570106506348,1
3.236238956451416,1
2.7026238441467285,1
2.090263843536377,1
2.009990692138672,1
3.807525157928467,1
2.5853896141052246,1
2.6016523838043213,1
2.504000663757324,1
2.554713249206543,1
1.7819526195526123,1
2.4816644191741943,1
2.354714870452881,1
2.412503242492676,1
2.4381887912750244,1
3.2295751571655273,1
3.0092554092407227,1
2.535680055618286,1
2.787187099456787,1
2.8454222679138184,1
2.325186014175415,1
2.157696485519409,1
2.501631498336792,1
2.5350401401519775,1
2.4363503456115723,1
1.9860122203826904,1
2.844046115875244,1
3.3915460109710693,1
2.3210577964782715,1
2.277245283126831,1
2.239546298980713,1
3.2229502201080322,1
2.380396842956543,1
2.3826260566711426,1
2.5265188217163086,1
2.658909797668457,1
2.521833896636963,1
2.6911888122558594,1
2.933608293533325,1
2.82462739944458,1
2.0234270095825195,1
1.864762306213379,1
2.486748456954956,1
2.2753984928131104,1
2.3224809169769287,1
2.2931947708129883,1
2.732271671295166,1
2.7074151039123535,1
1.9740935564041138,1
2.9941351413726807,1
2.472829818725586,1
2.3392586708068848,1
3.127591609954834,1
1.8957457542419434,1
2.670309066772461,1
2.8672523498535156,1
2.636079788208008,1
2.1523773670196533,1
2.53882098197937,1
2.4167752265930176,1
2.1703386306762695,1
2.5490565299987793,1
2.1776859760284424,1
2.6248090267181396,1
2.5725016593933105,1
2.423323392868042,1
2.0976738929748535,1
2.4841184616088867,1
2.4713797569274902,1
2.3019959926605225,1
3.003596782684326,1
2.6235806941986084,1
2.5204219818115234,1
2.143130302429199,1
2.271146297454834,1
1.6693724393844604,1
2.116542339324951,1
2.405386447906494,1
2.210556745529175,1
2.1134910583496094,1
2.431629180908203,1
2.4043807983398438,1
3.082458972930908,1
1.9759712219238281,1
2.770573616027832,1
2.4610400199890137,1
2.4133188724517822,1
2.6931915283203125,1
2.316112995147705,1
2.11727237701416,1
2.763704299926758,1
2.5646719932556152,1
2.366999626159668,1
2.4577889442443848,1
2.8306117057800293,1
2.5219178199768066,1
2.6189017295837402,1
2.3784711360931396,1
2.3308873176574707,1
3.585812568664551,1
3.259432792663574,1
2.581033706665039,1
2.7914161682128906,1
2.751089096069336,1
2.360179901123047,1
2.395528793334961,1
2.702723741531372,1
2.324155330657959,1
1.985018253326416,1
2.239109516143799,1
2.4046459197998047,1
2.424314498901367,1
2.1942334175109863,1
2.1703040599823,1
2.993567705154419,1
2.601292371749878,1
2.194741725921631,1
1.739484190940857,1
2.5743868350982666,1
2.391371965408325,1
2.1378278732299805,1
2.3716373443603516,1
2.5842535495758057,1
2.4637608528137207,1
4.849491596221924,1
3.673752546310425,1
3.0325207710266113,1
2.6771507263183594,1
2.7616333961486816,1
3.4512510299682617,1
2.7856953144073486,1
2.198824882507324,1
2.5224928855895996,1
2.7918083667755127,1
2.3233766555786133,1
1.8622075319290161,1
2.303378105163574,1
2.286099910736084,1
2.8787543773651123,1
2.6265416145324707,1
1.8830841779708862,1
2.5905404090881348,1
2.446162223815918,1
2.4851512908935547,1
2.0509934425354004,1
3.441558599472046,1
3.3345870971679688,1
2.058140277862549,1
2.0472638607025146,1
1.7743947505950928,1
2.2336459159851074,1
2.6852304935455322,1
2.515296697616577,1
2.855423927307129,1
2.325434684753418,1
2.8927760124206543,1
2.001587390899658,1
2.5791244506835938,1
2.2439651489257813,1
2.041137218475342,1
2.1554789543151855,1
2.441514492034912,1
2.53499174118042,1
2.1558375358581543,1
2.837958574295044,1
2.304394245147705,1
2.3999500274658203,1
2.564554452896118,1
2.633746862411499,1
2.736180543899536,1
2.231609344482422,1
2.1049015522003174,1
1.6574678421020508,1
3.0618295669555664,1
2.810526132583618,1
2.910715103149414,1
2.3234095573425293,1
2.8937244415283203,1
2.4165682792663574,1
2.373410224914551,1
2.5657761096954346,1
2.2661919593811035,1
2.499725341796875,1
2.2319560050964355,1
2.500303030014038,1
3.0193638801574707,1
2.646332263946533,1
2.4739084243774414,1
2.052762746810913,1
2.2071595191955566,1
2.5193967819213867,1
2.4150161743164063,1
2.1949539184570313,1
2.426652431488037,1
3.3998122215270996,1
2.930765390396118,1
2.2810020446777344,1
2.4945297241210938,1
2.5433173179626465,1
2.213860511779785,1
2.1964173316955566,1
2.8367996215820313,1
2.6964635848999023,1
2.419013500213623,1
1.7449042797088623,1
1.6410706043243408,1
2.2782113552093506,1
2.6542272567749023,1
2.3461570739746094,1
3.4720616340637207,1
1.9697623252868652,1
2.660013437271118,1
2.802786111831665,1
2.708618640899658,1
2.1698176860809326,1
2.4541003704071045,1
2.5564422607421875,1
2.2207417488098145,1
2.5999581813812256,1
3.6216695308685303,1
3.376804828643799,1
2.5063161849975586,1
3.2216804027557373,1
2.959127426147461,1
2.751870632171631,1
2.411036252975464,1
2.786919116973877,1
2.2434921264648438,1
2.5945539474487305,1
2.1928746700286865,1
2.1385371685028076,1
2.3310422897338867,1
2.57226824760437,1
2.3508081436157227,1
1.8276307582855225,1
3.1289114952087402,1
2.637434720993042,1
2.421705484390259,1
2.843867540359497,1
2.1738815307617188,1
1.8892059326171875,1
2.1503849029541016,1
2.506892204284668,1
2.104302167892456,1
2.412357807159424,1
2.2503609657287598,1
2.1066606044769287,1
2.068944215774536,1
2.330033779144287,1
1.9535489082336426,1
2.568166732788086,1
2.4482250213623047,1
2.0022871494293213,1
2.2271714210510254,1
1.9545818567276,1
1.6144368648529053,1
2.6636385917663574,1
2.095578670501709,1
1.652388572692871,1
2.2396717071533203,1
1.948758840560913,1
1.9142026901245117,1
2.0995001792907715,1
2.6425867080688477,1
2.041954278945923,1
2.42012619972229,1
1.6050524711608887,1
2.325545310974121,1
1.6855838298797607,1
2.2620186805725098,1
2.5378618240356445,1
1.9175028800964355,1
3.191694736480713,1
2.716642141342163,1
2.2654552459716797,1
2.8700740337371826,1
2.4820759296417236,1
1.8537001609802246,1
3.2388181686401367,1
2.5493156909942627,1
2.4610090255737305,1
1.744027018547058,1
2.4086952209472656,1
2.2105460166931152,1
2.2343027591705322,1
2.885361909866333,1
1.9566211700439453,1
2.6667096614837646,1
2.6405386924743652,1
3.2116684913635254,1
3.115450143814087,1
2.35567569732666,1
2.464820384979248,1
2.617784261703491,1
2.780287981033325,1
2.5598318576812744,1
2.5355896949768066,1
2.283673048019409,1
3.320746421813965,1
3.1402482986450195,1
2.5273001194000244,1
2.4550974369049072,1
2.423769474029541,1
2.1970913410186768,1
1.9925020933151245,1
3.217648506164551,1
2.559418201446533,1
2.2516636848449707,1
2.4356529712677,1
2.3665525913238525,1
2.993826389312744,1
3.9962992668151855,1
2.605912446975708,1
3.091543674468994,1
2.7424442768096924,1
2.3613710403442383,1
2.108933448791504,1
3.186178207397461,1
2.1904947757720947,1
2.241791248321533,1
2.3801932334899902,1
2.3473219871520996,1
2.7737081050872803,1
2.3059139251708984,1
2.4692118167877197,1
2.214242458343506,1
2.765195608139038,1
3.027254104614258,1
3.7444307804107666,1
2.518547773361206,1
2.8718302249908447,1
3.107536554336548,1
2.838541030883789,1
3.253232955932617,1
3.243152141571045,1
2.1642684936523438,1
2.1954762935638428,1
2.5106918811798096,1
3.16074275970459,1
2.801098585128784,1
2.485474109649658,1
3.1228749752044678,1
2.5242772102355957,1
2.529121160507202,1
2.6514768600463867,1
2.825244426727295,1
2.5370428562164307,1
2.768617868423462,1
2.1407222747802734,1
2.1602625846862793,1
2.5371909141540527,1
2.395949363708496,1
2.7494983673095703,1
2.2193470001220703,1
2.6008901596069336,1
2.56785249710083,1
2.13981294631958,1
1.9809898138046265,1
2.4092559814453125,1
1.993464708328247,1
2.1795990467071533,1
2.1387031078338623,1
2.0659971237182617,1
2.072587490081787,1
2.502453327178955,1
2.358457088470459,1
2.7095699310302734,1
3.051929473876953,1
3.092207908630371,1
2.365344524383545,1
2.4177165031433105,1
2.8179268836975098,1
3.033466339111328,1
3.7009096145629883,1
2.767883777618408,1
3.117391347885132,1
2.2719035148620605,1
2.9685800075531006,1
2.8377504348754883,1
2.476459264755249,1
2.5510149002075195,1
2.6746623516082764,1
3.606858015060425,1
2.697547435760498,1
2.665304183959961,1
3.0580239295959473,1
2.668313503265381,1
2.5759313106536865,1
2.274749755859375,1
3.1740128993988037,1
3.3080368041992188,1
2.9733474254608154,1
2.8167271614074707,1
2.8165903091430664,1
1.8452861309051514,1
2.734858989715576,1
2.8355422019958496,1
2.8413562774658203,1
3.0554208755493164,1
2.3241465091705322,1
3.148587226867676,1
2.4923343658447266,1
2.4214234352111816,1
2.362290620803833,1
2.336764335632324,1
2.657806396484375,1
2.251189708709717,1
2.0525741577148438,1
2.3613970279693604,1
2.448652744293213,1
2.223700761795044,1
2.7921862602233887,1
2.3929443359375,1
2.4720373153686523,1
2.270179271697998,1
2.1044960021972656,1
1.6934993267059326,1
2.358583688735962,1
2.0480403900146484,1
2.201107978820801,1
2.443321704864502,1
2.6952171325683594,1
2.187582492828369,1
2.238252878189087,1
2.198402166366577,1
2.1081581115722656,1
3.0908286571502686,1
2.1824584007263184,1
3.209618091583252,1
2.6248013973236084,1
2.4974467754364014,1
2.4384267330169678,1
3.159968852996826,1
2.587752342224121,1
3.9092648029327393,1
2.1367673873901367,1
2.9788291454315186,1
2.6517653465270996,1
2.3782944679260254,1
3.729541063308716,1
2.79310941696167,1
2.312788486480713,1
2.9009361267089844,1
2.713329315185547,1
2.7600388526916504,1
2.4017810821533203,1
2.712644577026367,1
2.8048908710479736,1
2.8056468963623047,1
1.9786542654037476,1
2.663222312927246,1
2.6551156044006348,1
2.088709831237793,1
2.466000556945801,1
2.021336555480957,1
3.0396199226379395,1
1.9913135766983032,1
2.7719569206237793,1
2.2101616859436035,1
2.0674002170562744,1
2.719400405883789,1
2.5271456241607666,1
1.9732379913330078,1
2.2486157417297363,1
2.3294317722320557,1
1.8618615865707397,1
2.681973457336426,1
2.2295401096343994,1
2.3313417434692383,1
2.861297607421875,1
1.9898779392242432,1
2.2717995643615723,1
2.3137593269348145,1
2.471365213394165,1
2.123286485671997,1
2.2059826850891113,1
2.174469232559204,1
2.33491587638855,1
2.135664463043213,1
2.241734504699707,1
2.4782369136810303,1
2.4298930168151855,1
1.4840893745422363,1
2.340684413909912,1
1.9708881378173828,1
2.348306655883789,1
2.0952911376953125,1
2.2596054077148438,1
2.3687453269958496,1
2.8154003620147705,1
2.2410736083984375,1
2.2742297649383545,1
3.1317176818847656,1
2.1362531185150146,1
2.5118844509124756,1
2.1845011711120605,1
2.271462917327881,1
2.0777580738067627,1
2.8088154792785645,1
2.6672415733337402,1
2.4960849285125732,1
2.273458957672119,1
2.073399066925049,1
2.359489917755127,1
2.2932229042053223,1
1.9512876272201538,1
2.3077120780944824,1
2.8414697647094727,1
3.1586532592773438,1
2.2032599449157715,1
2.468459129333496,1
1.9277335405349731,1
3.02799654006958,1
2.6927309036254883,1
2.65840220451355,1
2.170503854751587,1
2.232001543045044,1
2.2521321773529053,1
3.5844688415527344,1
2.428636074066162,1
2.127429723739624,1
2.207880735397339,1
2.7637972831726074,1
2.3111371994018555,1
3.087428569793701,1
2.3217930793762207,1
2.9549431800842285,1
1.88767671585083,1
1.925927996635437,1
2.622992992401123,1
2.381702184677124,1
1.855028748512268,1
2.598653554916382,1
2.4860477447509766,1
2.408771276473999,1
2.0173540115356445,1
2.6924326419830322,1
2.173314094543457,1
2.4334774017333984,1
2.7375128269195557,1
2.3962767124176025,1
2.6872286796569824,1
2.773794174194336,1
2.8604068756103516,1
5.2421875,1
2.9329943656921387,1
2.931772470474243,1
2.3042850494384766,1
2.436096668243408,1
2.444406032562256,1
3.1261467933654785,1
2.4582502841949463,1
3.551198959350586,1
2.8484556674957275,1
2.7326388359069824,1
2.5950968265533447,1
3.1686182022094727,1
3.7139925956726074,1
3.7626125812530518,1
2.7103734016418457,1
2.795560359954834,1
2.2069203853607178,1
2.1081888675689697,1
2.728390693664551,1
2.546998977661133,1
2.343729019165039,1
2.2377066612243652,1
2.1405444145202637,1
2.7598462104797363,1
2.6814422607421875,1
2.4953436851501465,1
3.3897876739501953,1
2.8677730560302734,1
2.5959887504577637,1
1.98042631149292,1
2.290959358215332,1
2.547912836074829,1
2.3661346435546875,1
2.3690972328186035,1
2.7834877967834473,1
2.4498538970947266,1
2.4336459636688232,1
2.8465616703033447,1
2.7480340003967285,1
2.95410418510437,1
2.5336074829101563,1
2.351741075515747,1
2.8724312782287598,1
2.4902753829956055,1
2.530400514602661,1
2.62662410736084,1
2.5750701427459717,1
2.187750816345215,1
1.8647634983062744,1
2.4753966331481934,1
2.6925201416015625,1
2.814615249633789,1
2.5612385272979736,1
1.8475894927978516,1
2.452160358428955,1
2.230640172958374,1
2.5007481575012207,1
2.2022361755371094,1
2.059173107147217,1
3.5123023986816406,1
2.094916582107544,1
2.3482589721679688,1
2.076812982559204,1
2.3805315494537354,1
2.9176864624023438,1
2.5095410346984863,1
2.1612348556518555,1
2.5407323837280273,1
2.1987786293029785,1
2.865586996078491,1
3.063253402709961,1
2.8776681423187256,1
2.3976199626922607,1
1.917128086090088,1
2.1900839805603027,1
2.535919666290283,1
2.2880332469940186,1
1.986405611038208,1
1.9719741344451904,1
2.421929359436035,1
2.726557731628418,1
1.9371979236602783,1
2.26975154876709,1
2.2881908416748047,1
2.3898520469665527,1
2.471184730529785,1
2.4243831634521484,1
2.6857872009277344,1
2.521937370300293,1
2.3973517417907715,1
2.073819875717163,1
2.2432799339294434,1
2.585944652557373,1
2.5081727504730225,1
3.405014991760254,1
2.4479379653930664,1
2.470980167388916,1
1.8480058908462524,1
1.8931982517242432,1
3.1486454010009766,1
2.795851945877075,1
2.9587302207946777,1
2.1783013343811035,1
2.0492591857910156,1
2.7321085929870605,1
2.8425822257995605,1
2.8775830268859863,1
2.4431276321411133,1
2.88948130607605,1
2.1755588054656982,1
2.861794948577881,1
2.3302314281463623,1
3.211568593978882,1
2.2585206031799316,1
2.421905040740967,1
1.969687819480896,1
2.661794662475586,1
2.4622206687927246,1
2.7935783863067627,1
2.9886856079101563,1
2.4065146446228027,1
2.56372332572937,1
2.3818376064300537,1
3.004819393157959,1
2.632570266723633,1
3.338921070098877,1
2.2689342498779297,1
2.263798713684082,1
2.500275135040283,1
2.4142379760742188,1
2.5167033672332764,1
2.9291062355041504,1
3.0236072540283203,1
2.2841620445251465,1
2.417025327682495,1
2.3310415744781494,1
2.791579008102417,1
2.983099937438965,1
2.524714946746826,1
2.3013508319854736,1
2.423208713531494,1
2.6712043285369873,1
2.9883761405944824,1
2.965704917907715,1
2.290374279022217,1
3.140249252319336,1
3.116986036300659,1
2.399660587310791,1
2.6430141925811768,1
2.137359142303467,1
2.38468599319458,1
2.3603274822235107,1
2.31880521774292,1
2.431429147720337,1
2.386897563934326,1
2.038306951522827,1
2.474297046661377,1
2.857801914215088,1
2.4747560024261475,1
2.8395333290100098,1
1.8265907764434814,1
1.5922096967697144,1
2.372466802597046,1
2.6851017475128174,1
2.360379457473755,1
1.8246240615844727,1
2.513701915740967,1
2.5609688758850098,1
2.2968101501464844,1
2.601170063018799,1
2.798892021179199,1
2.4927144050598145,1
2.8827152252197266,1
2.6231260299682617,1
2.421353340148926,1
2.429405689239502,1
2.850954294204712,1
2.0595645904541016,1
2.302098274230957,1
2.3856053352355957,1
2.527672290802002,1
2.3521676063537598,1
2.660327434539795,1
2.2915024757385254,1
2.3696155548095703,1
1.930366039276123,1
2.4183530807495117,1
2.282118558883667,1
1.9739419221878052,1
2.727668285369873,1
2.455312490463257,1
2.3788185119628906,1
2.138749837875366,1
2.0882983207702637,1
2.481914520263672,1
1.6594841480255127,1
1.7523235082626343,1
2.622929573059082,1
3.1010055541992188,1
2.876265048980713,1
2.5020182132720947,1
2.110600709915161,1
2.3448221683502197,1
3.1096079349517822,1
2.629927396774292,1
2.278237819671631,1
2.3460164070129395,1
2.224193572998047,1
2.873943567276001,1
2.203747510910034,1
2.154409170150757,1
2.6571903228759766,1
2.5603132247924805,1
2.4116334915161133,1
2.760570526123047,1
2.3828296661376953,1
2.1927943229675293,1
2.2993850708007813,1
2.360398292541504,1
2.692997932434082,1
2.80692720413208,1
2.561645984649658,1
2.243281841278076,1
2.061005115509033,1
2.8325071334838867,1
2.5886993408203125,1
2.9014933109283447,1
2.0418553352355957,1
2.512266159057617,1
2.100572109222412,1
2.2852983474731445,1
3.0888595581054688,1
2.4723916053771973,1
2.0458052158355713,1
2.8540220260620117,1
2.279219150543213,1
2.6031174659729004,1
2.346712112426758,1
2.9602036476135254,1
3.230898141860962,1
2.468198299407959,1
2.7200334072113037,1
2.9850516319274902,1
3.1962742805480957,1
2.4121601581573486,1
1.8929506540298462,1
2.375751256942749,1
2.484513759613037,1
2.8872175216674805,1
2.110668897628784,1
2.1363816261291504,1
2.0750975608825684,1
3.0395562648773193,1
2.372873544692993,1
2.2395429611206055,1
2.2954723834991455,1
2.4428720474243164,1
2.997276782989502,1
2.7198634147644043,1
2.5145535469055176,1
2.1624417304992676,1
2.29184627532959,1
2.148902177810669,1
2.5647451877593994,1
3.079270362854004,1
2.277054786682129,1
1.8814877271652222,1
3.128662586212158,1
2.1113522052764893,1
2.3079051971435547,1
2.1180419921875,1
3.0809502601623535,1
2.157235622406006,1
2.264219045639038,1
2.135437250137329,1
2.380319833755493,1
2.6851558685302734,1
3.1353249549865723,1
1.8768826723098755,1
2.0140342712402344,1
2.7552614212036133,1
3.456627368927002,1
2.8328075408935547,1
2.7363955974578857,1
2.0255260467529297,1
2.3967676162719727,1
2.2315962314605713,1
2.7522811889648438,1
2.875314712524414,1
2.8354411125183105,1
2.5873093605041504,1
1.9190492630004883,1
1.8981530666351318,1
2.429481029510498,1
1.7858564853668213,1
1.8191248178482056,1
2.478837251663208,1
2.5371718406677246,1
2.58146071434021,1
2.0084948539733887,1
1.9960838556289673,1
2.2310800552368164,1
3.43049693107605,1
2.427057981491089,1
2.2904982566833496,1
2.384986639022827,1
1.8826802968978882,1
2.0913572311401367,1
2.336327314376831,1
2.522347927093506,1
3.102606773376465,1
2.8009467124938965,1
3.876814365386963,1
2.380831480026245,1
2.4793829917907715,1
3.414179801940918,1
3.2900242805480957,1
2.7669663429260254,1
2.690124034881592,1
2.6909356117248535,1
2.424900770187378,1
1.9171191453933716,1
2.1698150634765625,1
2.185856819152832,1
1.992127776145935,1
2.7631754875183105,1
2.082360029220581,1
2.7479350566864014,1
2.881239414215088,1
2.0513641834259033,1
2.83773136138916,1
2.2814478874206543,1
1.921027660369873,1
2.7079854011535645,1
2.2914538383483887,1
2.9885268211364746,1
2.6185731887817383,1
2.070314884185791,1
2.241917610168457,1
2.5154361724853516,1
2.786299228668213,1
3.1231837272644043,1
2.3841021060943604,1
2.8255867958068848,1
2.2226450443267822,1
2.0894527435302734,1
2.5234315395355225,1
2.493110179901123,1
1.774747371673584,1
2.472661256790161,1
2.1465659141540527,1
2.5249245166778564,1
2.639392852783203,1
1.8382229804992676,1
2.4548468589782715,1
2.093602180480957,1
2.444051742553711,1
1.895128607749939,1
2.900282382965088,1
1.7676513195037842,1
2.822284460067749,1
2.242380142211914,1
2.5353283882141113,1
2.4949536323547363,1
2.4428844451904297,1
1.871232271194458,1
2.806889533996582,1
3.130675792694092,1
2.5563480854034424,1
2.322666645050049,1
2.0088305473327637,1
2.3472900390625,1
2.131929397583008,1
1.8260235786437988,1
2.4319510459899902,1
2.5309250354766846,1
2.4400594234466553,1
2.810386896133423,1
3.3020262718200684,1
2.5891566276550293,1
2.4943742752075195,1
1.9186593294143677,1
1.5882774591445923,1
3.4404590129852295,1
1.9811573028564453,1
1.5993582010269165,1
2.3620753288269043,1
2.8572986125946045,1
2.8097007274627686,1
2.39868426322937,1
2.45693302154541,1
2.393277645111084,1
2.364588737487793,1
2.319209098815918,1
2.214773654937744,1
2.7328548431396484,1
2.3039121627807617,1
2.3750805854797363,1
2.537569046020508,1
2.2017786502838135,1
2.07089900970459,1
2.433133363723755,1
2.2266387939453125,1
2.813828945159912,1
2.5064501762390137,1
2.504526138305664,1
2.5886309146881104,1
2.118126392364502,1
2.3304996490478516,1
2.809610366821289,1
3.302546739578247,1
2.2636911869049072,1
1.8500456809997559,1
3.0357956886291504,1
2.187808036804199,1
3.3840503692626953,1
2.3702163696289063,1
1.8253742456436157,1
2.082594871520996,1
2.5214877128601074,1
3.3471415042877197,1
2.3776118755340576,1
3.2228281497955322,1
2.8495073318481445,1
2.463244915008545,1
2.8538012504577637,1
2.6768884658813477,1
3.7941601276397705,1
3.58573579788208,1
3.4165124893188477,1
2.012434244155884,1
2.8299560546875,1
2.4958224296569824,1
2.45931339263916,1
2.136946201324463,1
3.1681175231933594,1
3.3384933471679688,1
2.8630452156066895,1
2.848832607269287,1
2.675126552581787,1
2.1810684204101563,1
2.8546485900878906,1
2.122715473175049,1
2.2475171089172363,1
2.4374923706054688,1
2.2544970512390137,1
2.693727970123291,1
2.7138071060180664,1
2.450577974319458,1
2.4016780853271484,1
2.64733624458313,1
2.278984308242798,1
2.412158966064453,1
2.6076009273529053,1
2.7460150718688965,1
2.4572720527648926,1
3.104586601257324,1
2.1902294158935547,1
2.8571834564208984,1
3.214298963546753,1
1.9603400230407715,1
2.5922746658325195,1
2.085818290710449,1
2.863502025604248,1
2.308716058731079,1
1.9911339282989502,1
2.462083339691162,1
2.144883155822754,1
2.493309736251831,1
2.456110954284668,1
2.3800048828125,1
2.6116106510162354,1
2.1291651725769043,1
2.1072213649749756,1
2.0416717529296875,1
2.759678840637207,1
2.191427230834961,1
2.0258431434631348,1
2.9593286514282227,1
2.202406883239746,1
2.0297985076904297,1
2.53336238861084,1
2.3669536113739014,1
3.097846269607544,1
3.204676628112793,1
2.930619478225708,1
2.488701343536377,1
2.1137242317199707,1
2.394839286804199,1
3.699551820755005,1
2.9301302433013916,1
2.75508451461792,1
2.5908467769622803,1
2.637727737426758,1
3.1330435276031494,1
2.818837881088257,1
2.2198076248168945,1
2.6235227584838867,1
2.6651434898376465,1
2.8463592529296875,1
2.79060697555542,1
2.00939679145813,1
3.0567145347595215,1
2.47361421585083,1
2.5401928424835205,1
1.906880497932434,1
2.1602394580841064,1
2.2764995098114014,1
2.102464199066162,1
2.3777365684509277,1
2.7104575634002686,1
2.7006349563598633,1
2.542829990386963,1
2.4903554916381836,1
2.422743558883667,1
2.515138864517212,1
2.550476551055908,1
2.3822481632232666,1
2.1459884643554688,1
2.3921093940734863,1
2.169445037841797,1
1.7728077173233032,1
2.573883056640625,1
2.0991740226745605,1
2.4732720851898193,1
2.533078193664551,1
1.8978427648544312,1
2.135347366333008,1
1.9092949628829956,1
2.45646333694458,1
2.8459877967834473,1
2.2061288356781006,1
2.4628806114196777,1
2.1450095176696777,1
2.596343755722046,1
3.1613452434539795,1
2.543665885925293,1
2.195481300354004,1
3.0316452980041504,1
2.7902750968933105,1
2.178644895553589,1
3.6459970474243164,1
3.0788488388061523,1
2.317748546600342,1
2.0474586486816406,1
2.897214889526367,1
2.8716816902160645,1
2.865649938583374,1
3.2222957611083984,1
3.334414005279541,1
1.9730390310287476,1
2.741802215576172,1
2.631469488143921,1
2.7641124725341797,1
3.4355692863464355,1
2.9476966857910156,1
2.371945858001709,1
2.456601142883301,1
2.2446951866149902,1
2.253080368041992,1
2.3909049034118652,1
2.4709763526916504,1
2.0820350646972656,1
2.739901065826416,1
2.215702772140503,1
2.952793598175049,1
2.4854745864868164,1
2.9606642723083496,1
2.494598150253296,1
2.0952937602996826,1
2.665493965148926,1
2.789700508117676,1
2.5890817642211914,1
1.8685932159423828,1
2.1241393089294434,1
2.5277156829833984,1
2.287729263305664,1
2.729273796081543,1
2.6088552474975586,1
2.1963870525360107,1
2.2441823482513428,1
2.554245948791504,1
2.405923366546631,1
2.582911729812622,1
2.0846261978149414,1
2.8437209129333496,1
2.3222556114196777,1
1.8514842987060547,1
2.522413730621338,1
1.759800672531128,1
2.1658947467803955,1
2.45540452003479,1
2.8770198822021484,1
2.3507161140441895,1
2.5186386108398438,1
2.4974751472473145,1
2.07574462890625,1
2.3737964630126953,1
3.0013318061828613,1
2.347414493560791,1
2.521003484725952,1
2.765799045562744,1
2.0089645385742188,1
2.5168397426605225,1
2.48262619972229,1
2.78287935256958,1
2.3648910522460938,1
2.3203682899475098,1
3.0321569442749023,1
4.322320461273193,1
3.1362876892089844,1
2.546006441116333,1
2.427689552307129,1
3.2395026683807373,1
3.5278944969177246,1
3.072587251663208,1
1.9556528329849243,1
2.432649612426758,1
3.0789413452148438,1
2.9401042461395264,1
2.159212112426758,1
2.958561420440674,1
2.8521687984466553,1
3.4189884662628174,1
2.6610333919525146,1
2.429532527923584,1
2.535529613494873,1
2.6586971282958984,1
3.8290367126464844,1
2.5642333030700684,1
1.9851287603378296,1
2.3194851875305176,1
2.3740265369415283,1
2.3788022994995117,1
2.0046350955963135,1
2.159546375274658,1
3.029006004333496,1
2.3120431900024414,1
2.293975591659546,1
1.8420928716659546,1
2.347275972366333,1
2.6668214797973633,1
2.36662220954895,1
2.2611896991729736,1
2.372349739074707,1
2.4868218898773193,1
2.8389081954956055,1
2.3704917430877686,1
2.344093084335327,1
2.411741256713867,1
2.492917537689209,1
2.2160279750823975,1
2.1799495220184326,1
2.122926712036133,1
2.5596041679382324,1
3.4527149200439453,1
1.9507248401641846,1
2.527164936065674,1
2.3845438957214355,1
2.0674877166748047,1
2.7672998905181885,1
2.475167751312256,1
2.443718433380127,1
2.0240511894226074,1
1.9706861972808838,1
2.7237191200256348,1
2.389690399169922,1
2.384472608566284,1
2.6705188751220703,1
3.34853458404541,1
2.4664430618286133,1
2.284666061401367,1
2.401596784591675,1
2.6333041191101074,1
2.5960917472839355,1
2.439915657043457,1
2.734992504119873,1
2.992326021194458,1
2.6545138359069824,1
2.703653573989868,1
2.52006196975708,1
1.5740705728530884,1
2.1799399852752686,1
2.490339756011963,1
2.6876566410064697,1
2.680543899536133,1
2.5576038360595703,1
2.3245997428894043,1
2.896061420440674,1
2.7724602222442627,1
2.8418633937835693,1
2.264206886291504,1
2.7663469314575195,1
2.573617935180664,1
2.2019882202148438,1
2.857924461364746,1
2.1726248264312744,1
2.58384370803833,1
2.2824647426605225,1
2.7840640544891357,1
2.351855993270874,1
2.973637580871582,1
2.281215190887451,1
2.9788501262664795,1
3.0606460571289063,1
2.9792673587799072,1
2.1270699501037598,1
1.9640333652496338,1
2.108891487121582,1
3.398305892944336,1
2.10548734664917,1
2.093212604522705,1
2.8285326957702637,1
2.313692808151245,1
1.961507797241211,1
2.6393747329711914,1
2.969259738922119,1
2.4646413326263428,1
2.20296049118042,1
2.6822028160095215,1
2.763951301574707,1
2.6400718688964844,1
2.4449853897094727,1
3.126716136932373,1
2.9729809761047363,1
2.464752435684204,1
2.7013907432556152,1
1.9886722564697266,1
2.5068583488464355,1
2.19320011138916,1
2.5813488960266113,1
2.4657068252563477,1
2.698193073272705,1
2.472414493560791,1
2.211432933807373,1
2.4401185512542725,1
2.549201011657715,1
2.6131389141082764,1
2.589656352996826,1
2.4066102504730225,1
2.808023691177368,1
2.338531494140625,1
2.6000537872314453,1
2.0997722148895264,1
2.3137807846069336,1
2.215157985687256,1
1.6615910530090332,1
2.219470977783203,1
2.1558334827423096,1
2.61820125579834,1
2.0115456581115723,1
2.0835838317871094,1
2.725992441177368,1
2.661043167114258,1
3.201876401901245,1
1.7836439609527588,1
2.3016350269317627,1
2.787205219268799,1
2.9598772525787354,1
2.4122910499572754,1
2.858797550201416,1
2.6239099502563477,1
3.0917930603027344,1
2.9003820419311523,1
2.2640483379364014,1
2.492300271987915,1
3.2137396335601807,1
3.4811437129974365,1
2.432422161102295,1
3.0190837383270264,1
2.2273664474487305,1
2.9467077255249023,1
1.8565056324005127,1
2.5030078887939453,1
2.553891658782959,1
2.2966413497924805,1
3.0418710708618164,1
3.4815144538879395,1
2.4008772373199463,1
2.3960065841674805,1
2.801642894744873,1
2.3989109992980957,1
2.723954677581787,1
2.1440389156341553,1
2.257537364959717,1
2.5024359226226807,1
2.8740012645721436,1
2.948673963546753,1
2.3935484886169434,1
2.373096466064453,1
2.2521400451660156,1
2.4288382530212402,1
2.752542495727539,1
2.3999907970428467,1
2.62577486038208,1
1.9951350688934326,1
2.5185208320617676,1
2.222198963165283,1
2.233785390853882,1
2.288686752319336,1
2.3486380577087402,1
2.1997952461242676,1
1.853980541229248,1
2.4683070182800293,1
1.741723895072937,1
2.510807991027832,1
2.1670119762420654,1
2.2738447189331055,1
2.381193161010742,1
2.3979034423828125,1
2.5353152751922607,1
2.6130576133728027,1
2.721935272216797,1
2.263521671295166,1
2.8423047065734863,1
2.536803960800171,1
3.084615707397461,1
2.339567184448242,1
3.4971675872802734,1
2.066969871520996,1
1.9680099487304688,1
2.203434467315674,1
2.252143621444702,1
1.960594654083252,1
3.23234224319458,1
3.314326286315918,1
2.732393503189087,1
2.659437894821167,1
2.4591431617736816,1
3.5444676876068115,1
2.956620931625366,1
2.8114523887634277,1
2.940424919128418,1
3.334409236907959,1
2.96728515625,1
3.1211605072021484,1
2.8544211387634277,1
2.4785776138305664,1
3.4917898178100586,1
3.27833890914917,1
2.762706756591797,1
3.5764389038085938,1
2.320995330810547,1
2.7963833808898926,1
3.0071821212768555,1
2.2265238761901855,1
2.622039318084717,1
2.3588638305664063,1
2.151761770248413,1
2.6705989837646484,1
2.2207717895507813,1
2.7386693954467773,1
2.7820563316345215,1
3.2824718952178955,1
2.4832890033721924,1
2.5530967712402344,1
2.1451098918914795,1
2.281998634338379,1
2.119462013244629,1
2.2159714698791504,1
2.666469097137451,1
2.464587450027466,1
2.582960367202759,1
2.6607255935668945,1
2.392763137817383,1
2.2142021656036377,1
1.9518533945083618,1
1.947959065437317,1
2.0873165130615234,1
2.2521491050720215,1
2.11714506149292,1
2.3649215698242188,1
2.3122644424438477,1
2.582465648651123,1
1.8739635944366455,1
2.2622275352478027,1
3.0290181636810303,1
2.34462833404541,1
2.622704029083252,1
2.9647364616394043,1
1.8761100769042969,1
2.906130790710449,1
2.2563390731811523,1
2.427278995513916,1
2.2063872814178467,1
2.3181674480438232,1
2.8765130043029785,1
2.2854881286621094,1
2.155155658721924,1
2.727963447570801,1
2.269679546356201,1
2.6139159202575684,1
2.2689731121063232,1
2.62365460395813,1
2.001553773880005,1
2.3978161811828613,1
2.4377708435058594,1
2.298245668411255,1
2.3407514095306396,1
2.2061338424682617,1
1.8940365314483643,1
2.5734589099884033,1
2.6793899536132813,1
2.9103426933288574,1
3.1480531692504883,1
1.9383097887039185,1
2.506502628326416,1
2.1494839191436768,1
2.188884973526001,1
3.0017051696777344,1
2.538949966430664,1
3.062023401260376,1
2.6655144691467285,1
2.6112570762634277,1
2.7467665672302246,1
2.5950522422790527,1
3.390292167663574,1
3.002838611602783,1
2.730663299560547,1
2.112767219543457,1
2.351199150085449,1
3.117335796356201,1
3.382934093475342,1
3.628150701522827,1
3.8548693656921387,1
2.7723336219787598,1
1.9069126844406128,1
1.8224422931671143,1
3.4570069313049316,1
2.7630794048309326,1
3.1895270347595215,1
2.3605873584747314,1
3.0137054920196533,1
2.3208205699920654,1
2.409298896789551,1
2.449738025665283,1
2.4098668098449707,1
2.536752939224243,1
2.5977256298065186,1
2.9275221824645996,1
2.6502106189727783,1
2.881303071975708,1
2.328669309616089,1
3.5834250450134277,1
3.212212324142456,1
3.4838242530822754,1
2.549041509628296,1
2.789126396179199,1
2.6100540161132813,1
2.345733642578125,1
2.519594192504883,1
2.518132448196411,1
3.372044563293457,1
3.0230822563171387,1
3.5523691177368164,1
2.7744388580322266,1
2.6039295196533203,1
2.537404775619507,1
2.5538265705108643,1
2.4510397911071777,1
2.804964542388916,1
2.238723039627075,1
2.032627582550049,1
2.2855749130249023,1
3.0498647689819336,1
3.856361150741577,1
2.780838966369629,1
2.224311590194702,1
2.231832504272461,1
2.9408507347106934,1
2.002938747406006,1
2.214768886566162,1
2.3205385208129883,1
2.408250331878662,1
2.8839950561523438,1
2.990506172180176,1
3.112091541290283,1
2.2264232635498047,1
2.589919328689575,1
2.3212332725524902,1
2.537468194961548,1
2.8434014320373535,1
2.3402342796325684,1
2.574758529663086,1
2.47102427482605,1
2.551060199737549,1
2.4794342517852783,1
2.1212058067321777,1
2.6322762966156006,1
2.2445592880249023,1
2.376607894897461,1
2.2770116329193115,1
2.3353278636932373,1
2.361185312271118,1
2.033783197402954,1
2.118783473968506,1
2.177539825439453,1
2.48744535446167,1
2.362905263900757,1
2.24086332321167,1
2.176257371902466,1
2.4327797889709473,1
1.9525953531265259,1
2.037785291671753,1
2.5257768630981445,1
1.8478918075561523,1
2.06892466545105,1
1.9564532041549683,1
2.350057601928711,1
3.2258803844451904,1
1.8643860816955566,1
2.4383671283721924,1
2.018373966217041,1
3.0042648315429688,1
2.5315465927124023,1
2.0063114166259766,1
2.5063295364379883,1
2.301372766494751,1
3.7574098110198975,1
2.670374631881714,1
2.282026767730713,1
2.541938066482544,1
2.142566204071045,1
1.8102397918701172,1
2.00531005859375,1
2.7481300830841064,1
2.35306978225708,1
2.7029685974121094,1
2.8741374015808105,1
2.201436996459961,1
2.7273480892181396,1
1.7791318893432617,1
2.230705738067627,1
2.5943398475646973,1
2.8204028606414795,1
2.531092405319214,1
3.057494640350342,1
2.5553078651428223,1
3.1029510498046875,1
2.0777831077575684,1
2.4304041862487793,1
2.2777259349823,1
2.7866060733795166,1
3.6495323181152344,1
2.1624231338500977,1
1.8325884342193604,1
2.735313892364502,1
2.3101425170898438,1
2.4090638160705566,1
2.4010114669799805,1
2.383580207824707,1
2.2389798164367676,1
2.614295482635498,1
2.336209535598755,1
2.4813804626464844,1
3.8490352630615234,1
2.844552993774414,1
2.45849609375,1
3.974245071411133,1
3.594594955444336,1
3.426382064819336,1
2.374643325805664,1
2.5148682594299316,1
2.6569366455078125,1
2.197176933288574,1
2.592780828475952,1
2.001573085784912,1
3.6091933250427246,1
2.624512195587158,1
2.185696840286255,1
2.5389468669891357,1
1.8377082347869873,1
2.6457974910736084,1
2.135725498199463,1
2.520643711090088,1
2.8895161151885986,1
1.880389928817749,1
2.654367446899414,1
2.680044174194336,1
2.997788190841675,1
2.030784845352173,1
1.8813222646713257,1
2.088207721710205,1
2.601382255554199,1
2.5321855545043945,1
2.6869847774505615,1
1.847557544708252,1
2.1484627723693848,1
2.49159836769104,1
2.656039237976074,1
2.254678726196289,1
2.929133892059326,1
2.248676300048828,1
2.407264471054077,1
2.3838047981262207,1
2.185882806777954,1
2.7857799530029297,1
2.403355598449707,1
2.3067328929901123,1
2.5685925483703613,1
2.4752182960510254,1
2.4887290000915527,1
1.8521575927734375,1
2.139741897583008,1
1.9895375967025757,1
3.429813861846924,1
2.218965768814087,1
3.0554001331329346,1
1.9684674739837646,1
2.2893495559692383,1
3.027575969696045,1
2.432363510131836,1
2.45794939994812,1
2.2749576568603516,1
2.37353777885437,1
2.9050540924072266,1
2.37814998626709,1
2.5988311767578125,1
2.6417365074157715,1
2.8518571853637695,1
2.8772075176239014,1
3.1099600791931152,1
3.35133695602417,1
2.581484794616699,1
2.513540506362915,1
2.9935009479522705,1
2.9152348041534424,1
2.012897491455078,1
2.3334054946899414,1
2.636302947998047,1
3.7355613708496094,1
2.4297869205474854,1
3.252887725830078,1
2.1871023178100586,1
1.7798190116882324,1
2.332671642303467,1
2.710606336593628,1
2.247594118118286,1
2.522587776184082,1
2.313530921936035,1
2.4810588359832764,1
2.44429349899292,1
2.0411078929901123,1
2.313464641571045,1
2.315279960632324,1
2.6885833740234375,1
3.259843349456787,1
2.4689102172851563,1
2.4739367961883545,1
3.0059027671813965,1
2.171480894088745,1
3.1591875553131104,1
3.6403555870056152,1
2.9118876457214355,1
1.9360804557800293,1
2.6632156372070313,1
2.0656986236572266,1
2.588364362716675,1
2.2082221508026123,1
3.544802665710449,1
2.8510265350341797,1
3.039133071899414,1
2.596723794937134,1
1.7855641841888428,1
3.5288548469543457,1
2.403545618057251,1
2.402740478515625,1
1.9917688369750977,1
2.859147071838379,1
2.2489724159240723,1
2.5554394721984863,1
2.503298759460449,1
2.9732980728149414,1
2.4326419830322266,1
2.068005323410034,1
2.669071674346924,1
2.304863214492798,1
2.035130023956299,1
2.43696665763855,1
2.3756861686706543,1
2.897304058074951,1
2.4761080741882324,1
2.323864698410034,1
3.059530258178711,1
2.4292216300964355,1
2.2638580799102783,1
2.3693783283233643,1
2.0281026363372803,1
2.795346736907959,1
3.2312986850738525,1
1.9914860725402832,1
2.4864275455474854,1
2.490988254547119,1
2.1235275268554688,1
2.0679235458374023,1
2.562790870666504,1
3.3417015075683594,1
1.9809865951538086,1
2.083592414855957,1
2.5167133808135986,1
1.9973663091659546,1
2.786346673965454,1
2.6163954734802246,1
2.385205030441284,1
1.760424256324768,1
2.549889087677002,1
3.0148143768310547,1
2.2480030059814453,1
2.204784870147705,1
2.3342888355255127,1
2.3372559547424316,1
2.6031596660614014,1
1.8957500457763672,1
2.6853737831115723,1
2.2633538246154785,1
2.2040317058563232,1
2.330653667449951,1
2.035834312438965,1
2.6031017303466797,1
2.447047710418701,1
2.192124843597412,1
1.9128973484039307,1
2.563657283782959,1
1.982221245765686,1
1.7697700262069702,1
2.1379053592681885,1
2.566509246826172,1
1.8543691635131836,1
1.9116840362548828,1
2.23276948928833,1
2.344001054763794,1
2.8666858673095703,1
2.543229103088379,1
2.058523178100586,1
2.4200029373168945,1
2.646497964859009,1
2.7868614196777344,1
2.5905447006225586,1
2.5199599266052246,1
3.007887363433838,1
2.300231456756592,1
2.386404037475586,1
2.7059404850006104,1
4.153641700744629,1
3.6623504161834717,1
3.325660228729248,1
3.115692615509033,1
2.365002155303955,1
3.0206336975097656,1
2.593771457672119,1
2.044501304626465,1
2.4350638389587402,1
2.754697322845459,1
2.989924669265747,1
2.008460521697998,1
2.5258264541625977,1
2.3976051807403564,1
2.390514850616455,1
2.2792856693267822,1
2.3385112285614014,1
2.3579325675964355,1
1.8974575996398926,1
2.6380455493927,1
3.200986385345459,1
2.690805673599243,1
2.799365520477295,1
2.6142783164978027,1
2.02923583984375,1
3.156888961791992,1
2.7219831943511963,1
2.602646827697754,1
2.384708881378174,1
3.0364608764648438,1
2.4826292991638184,1
2.4413468837738037,1
2.0415258407592773,1
3.0450336933135986,1
2.0782532691955566,1
1.8309235572814941,1
2.624523639678955,1
2.0521440505981445,1
2.2775893211364746,1
2.2872462272644043,1
2.3785197734832764,1
2.375652313232422,1
2.8974907398223877,1
2.296473979949951,1
2.1497840881347656,1
2.892483711242676,1
4.458969593048096,1
2.1981849670410156,1
2.4566843509674072,1
2.8261821269989014,1
2.0123045444488525,1
2.8887534141540527,1
3.031024217605591,1
2.388070583343506,1
3.053905963897705,1
2.27581787109375,1
2.2504773139953613,1
2.3454785346984863,1
2.903571844100952,1
2.4415283203125,1
2.307337999343872,1
2.807422399520874,1
3.2418456077575684,1
2.9972658157348633,1
2.8746495246887207,1
2.4044342041015625,1
2.412097215652466,1
2.1975948810577393,1
2.7406387329101563,1
2.986473321914673,1
2.3466358184814453,1
2.382262945175171,1
2.1199164390563965,1
3.004983901977539,1
1.7352229356765747,1
2.4759719371795654,1
1.9387011528015137,1
1.7989988327026367,1
2.6811399459838867,1
2.411795139312744,1
2.0717921257019043,1
2.4572324752807617,1
2.266126871109009,1
2.6517767906188965,1
2.070267677307129,1
2.334278106689453,1
2.172238826751709,1
1.8469492197036743,1
2.341785430908203,1
2.7203609943389893,1
2.286223888397217,1
2.9865963459014893,1
2.1925995349884033,1
2.76861310005188,1
2.2710933685302734,1
2.568091869354248,1
2.2293272018432617,1
2.242496967315674,1
2.8480656147003174,1
2.7888684272766113,1
2.469036102294922,1
3.2926785945892334,1
2.479433536529541,1
2.470914840698242,1
2.324190855026245,1
2.487949848175049,1
2.7571165561676025,1
2.8530659675598145,1
3.4296250343322754,1
2.1585373878479004,1
2.303696393966675,1
2.7390952110290527,1
2.2530312538146973,1
2.1954774856567383,1
2.746673107147217,1
2.390223503112793,1
2.656907558441162,1
2.5525083541870117,1
2.3314855098724365,1
3.0785434246063232,1
2.301987886428833,1
2.6486129760742188,1
2.494401454925537,1
2.10009503364563,1
2.689121961593628,1
2.5649077892303467,1
2.5078012943267822,1
2.3605990409851074,1
2.6002702713012695,1
2.785653591156006,1
2.797727108001709,1
2.6252427101135254,1
2.637024402618408,1
2.669116497039795,1
2.815563917160034,1
2.275181770324707,1
2.834688663482666,1
2.23054838180542,1
2.2164993286132813,1
2.4061036109924316,1
3.128316640853882,1
2.737172842025757,1
2.422304630279541,1
1.9094605445861816,1
1.9981762170791626,1
2.1638927459716797,1
2.423884153366089,1
2.7605087757110596,1
1.9573900699615479,1
2.820573329925537,1
2.4944493770599365,1
2.513132095336914,1
2.186580181121826,1
2.8179149627685547,1
2.392716884613037,1
2.281290054321289,1
2.167463779449463,1
3.372955799102783,1
2.0202932357788086,1
2.1705820560455322,1
2.357656955718994,1
2.487436056137085,1
2.0480616092681885,1
2.3988232612609863,1
2.7106194496154785,1
2.375187397003174,1
2.3275070190429688,1
1.7211084365844727,1
2.2695822715759277,1
2.7656779289245605,1
2.1801531314849854,1
1.8975293636322021,1
1.647269368171692,1
2.6162304878234863,1
2.034593343734741,1
2.701235294342041,1
1.6568423509597778,1
1.8952810764312744,1
2.324645519256592,1
1.9380637407302856,1
2.556870937347412,1
2.2905099391937256,1
2.2108516693115234,1
2.422745704650879,1
2.1232285499572754,1
2.2426695823669434,1
1.872251033782959,1
2.308260202407837,1
2.453566551208496,1
2.976391077041626,1
2.9764201641082764,1
2.271829605102539,1
2.271480083465576,1
2.0658087730407715,1
2.2065727710723877,1
2.454888343811035,1
1.8125845193862915,1
2.029917001724243,1
2.384784460067749,1
3.4033515453338623,1
2.6210732460021973,1
2.8113534450531006,1
2.4816179275512695,1
2.27455735206604,1
2.747171401977539,1
3.1149649620056152,1
2.497854232788086,1
2.7321982383728027,1
2.570888042449951,1
2.345874786376953,1
3.9152355194091797,1
2.4810631275177,1
3.2450308799743652,1
2.432300567626953,1
2.3636507987976074,1
2.3179376125335693,1
2.524742603302002,1
2.567117691040039,1
2.7274186611175537,1
2.281019449234009,1
2.320122241973877,1
2.708028793334961,1
3.3116672039031982,1
2.789686918258667,1
2.295827627182007,1
2.5439391136169434,1
2.4816646575927734,1
2.4265453815460205,1
2.4716687202453613,1
2.7968738079071045,1
2.8757245540618896,1
2.3177542686462402,1
2.594155788421631,1
2.4155519008636475,1
2.1980066299438477,1
2.486863613128662,1
2.1818032264709473,1
1.9227467775344849,1
2.651191234588623,1
2.3664090633392334,1
3.2856392860412598,1
2.5121750831604004,1
2.363144874572754,1
2.1924095153808594,1
2.447641372680664,1
2.96488094329834,1
1.9631481170654297,1
2.6802077293395996,1
2.5531837940216064,1
3.1336967945098877,1
2.476081132888794,1
2.904731512069702,1
2.9921622276306152,1
2.69871187210083,1
2.5022058486938477,1
2.5193185806274414,1
2.358915090560913,1
2.4857358932495117,1
2.58354115486145,1
2.9671196937561035,1
2.8993306159973145,1
2.508863925933838,1
2.353104591369629,1
2.208263635635376,1
1.8213229179382324,1
2.1676552295684814,1
3.7819857597351074,1
1.7186254262924194,1
2.7052769660949707,1
2.2306177616119385,1
2.5179388523101807,1
2.253953456878662,1
2.9269869327545166,1
2.3321166038513184,1
2.668027400970459,1
2.5313358306884766,1
2.7596850395202637,1
2.6282236576080322,1
3.6242785453796387,1
3.4229001998901367,1
2.4496798515319824,1
3.388472080230713,1
2.5276317596435547,1
2.3644704818725586,1
2.6376237869262695,1
3.8745596408843994,1
2.8453550338745117,1
2.501138210296631,1
2.4180407524108887,1
3.4578166007995605,1
2.8893303871154785,1
2.1385271549224854,1
2.7891762256622314,1
2.7160186767578125,1
2.29055118560791,1
1.9096343517303467,1
2.240774154663086,1
2.4009857177734375,1
2.2377028465270996,1
2.3597795963287354,1
2.4672579765319824,1
2.1898844242095947,1
1.5700839757919312,1
2.749263286590576,1
2.3433189392089844,1
2.6670339107513428,1
2.271557569503784,1
2.0705957412719727,1
1.5150575637817383,1
2.563232660293579,1
2.1787195205688477,1
2.221102714538574,1
2.6351318359375,1
2.87735915184021,1
1.938035249710083,1
1.9259090423583984,1
2.0541791915893555,1
2.5017402172088623,1
2.534379482269287,1
3.230832576751709,1
2.07331919670105,1
2.236123561859131,1
2.0183587074279785,1
2.4588494300842285,1
2.571603298187256,1
2.050482749938965,1
1.65542733669281,1
2.1649820804595947,1
2.2066357135772705,1
2.664001703262329,1
2.965869903564453,1
2.4999682903289795,1
2.2072606086730957,1
2.7667181491851807,1
2.4479637145996094,1
1.9764587879180908,1
2.5177862644195557,1
3.746267795562744,1
2.151442050933838,1
2.952503204345703,1
2.4033401012420654,1
2.2331314086914063,1
2.7947306632995605,1
1.6767125129699707,1
2.7431678771972656,1
3.46071457862854,1
2.5368001461029053,1
1.8530993461608887,1
1.7029879093170166,1
2.2340683937072754,1
2.255612850189209,1
2.6015570163726807,1
2.207061767578125,1
2.5809221267700195,1
2.101983070373535,1
1.807555913925171,1
1.8357057571411133,1
1.7139874696731567,1
2.631791830062866,1
1.8296113014221191,1
1.9381310939788818,1
2.0000810623168945,1
2.0101943016052246,1
2.382965087890625,1
2.8363089561462402,1
2.4665606021881104,1
2.435744285583496,1
2.6646692752838135,1
2.1614108085632324,1
2.5240607261657715,1
3.096313714981079,1
2.1156070232391357,1
2.4956560134887695,1
2.597604751586914,1
2.4585022926330566,1
2.8000693321228027,1
3.3151121139526367,1
2.5565829277038574,1
2.4963009357452393,1
2.3877434730529785,1
3.0102429389953613,1
2.8026156425476074,1
2.495933771133423,1
2.370009660720825,1
2.5818395614624023,1
3.365785598754883,1
2.7141036987304688,1
2.2892377376556396,1
2.367544174194336,1
2.4805922508239746,1
2.091557502746582,1
4.16009521484375,1
1.8512250185012817,1
2.5468454360961914,1
2.273554801940918,1
2.0778849124908447,1
2.1901257038116455,1
2.489083766937256,1
2.5409584045410156,1
2.5729565620422363,1
2.434512138366699,1
3.093381404876709,1
2.401592254638672,1
2.15447735786438,1
2.5424234867095947,1
2.771106243133545,1
2.4126198291778564,1
2.3413333892822266,1
2.342163562774658,1
2.579869270324707,1
2.5079727172851563,1
2.1833889484405518,1
2.518982172012329,1
3.2441654205322266,1
3.430067539215088,1
2.714704990386963,1
2.4192280769348145,1
2.3141820430755615,1
2.303804397583008,1
3.2302279472351074,1
3.5411033630371094,1
3.0050048828125,1
2.3082332611083984,1
2.1964545249938965,1
3.5026535987854004,1
2.5812106132507324,1
2.76285457611084,1
2.92142391204834,1
2.705076217651367,1
2.5308213233947754,1
2.2772254943847656,1
2.9332218170166016,1
2.9394407272338867,1
3.018117904663086,1
3.0984668731689453,1
2.8321635723114014,1
2.4850897789001465,1
3.0120747089385986,1
2.7378289699554443,1
2.442204236984253,1
2.146667003631592,1
2.2681005001068115,1
2.094442367553711,1
2.576782703399658,1
2.17092227935791,1
2.4720964431762695,1
2.5753631591796875,1
2.5162980556488037,1
2.224274158477783,1
2.3322527408599854,1
2.2045013904571533,1
2.38792085647583,1
2.506179094314575,1
2.286353588104248,1
3.3609535694122314,1
2.475623369216919,1
2.311863660812378,1
2.530735969543457,1
2.369900941848755,1
2.6904516220092773,1
2.7891173362731934,1
2.4228219985961914,1
2.3216447830200195,1
3.095338821411133,1
2.4925098419189453,1
2.6828088760375977,1
2.2584660053253174,1
2.305773973464966,1
1.9817090034484863,1
2.7416141033172607,1
2.714649200439453,1
2.795257568359375,1
2.438673973083496,1
2.007673740386963,1
1.6445505619049072,1
2.522648334503174,1
2.372657060623169,1
2.497907876968384,1
3.832019090652466,1
1.6381709575653076,1
2.4856724739074707,1
2.2943081855773926,1
2.5897536277770996,1
2.47563099861145,1
2.717644214630127,1
2.7830283641815186,1
2.185605049133301,1
2.5244081020355225,1
2.3606722354888916,1
2.097907066345215,1
2.2061641216278076,1
2.5971970558166504,1
2.8527841567993164,1
3.095839500427246,1
2.5425057411193848,1
2.386322021484375,1
2.0664892196655273,1
2.393960475921631,1
2.711733818054199,1
2.535778522491455,1
2.724165916442871,1
2.241797924041748,1
2.5469589233398438,1
2.8811731338500977,1
2.4817490577697754,1
2.3958520889282227,1
2.3445839881896973,1
2.8370416164398193,1
3.7565245628356934,1
2.2681193351745605,1
1.7812471389770508,1
2.3642659187316895,1
3.4178061485290527,1
3.0022780895233154,1
2.1259424686431885,1
2.553271770477295,1
2.6343512535095215,1
2.8862662315368652,1
2.641596794128418,1
3.415192127227783,1
2.9784398078918457,1
2.654971122741699,1
2.959052562713623,1
2.5857014656066895,1
2.1546053886413574,1
2.294588804244995,1
2.5613760948181152,1
2.4079432487487793,1
3.770852565765381,1
2.8191654682159424,1
2.5714497566223145,1
2.1451854705810547,1
2.464616298675537,1
2.981914520263672,1
1.9924746751785278,1
2.8072705268859863,1
2.724658489227295,1
2.826132297515869,1
2.428947925567627,1
3.0365238189697266,1
2.4181408882141113,1
3.3162474632263184,1
2.7479426860809326,1
2.7722649574279785,1
1.8322961330413818,1
2.1817240715026855,1
2.346214771270752,1
2.2741141319274902,1
3.1473350524902344,1
1.940568208694458,1
2.327993154525757,1
2.8901679515838623,1
2.3166027069091797,1
2.56675386428833,1
2.578615665435791,1
2.661909580230713,1
1.7687255144119263,1
2.482161521911621,1
2.894554615020752,1
2.7966079711914063,1
1.9640580415725708,1
1.9208629131317139,1
2.396839141845703,1
2.124300479888916,1
2.7683427333831787,1
1.9888993501663208,1
2.494422435760498,1
2.4386849403381348,1
2.2968761920928955,1
3.8533847332000732,1
2.360196828842163,1
2.584035634994507,1
2.1803054809570313,1
2.2874860763549805,1
2.3871355056762695,1
3.1794443130493164,1
2.0907068252563477,1
2.529005289077759,1
2.425720453262329,1
2.5098159313201904,1
2.4183876514434814,1
2.0530924797058105,1
2.644756555557251,1
3.042414665222168,1
2.3997154235839844,1
2.593125104904175,1
2.4388999938964844,1
3.4214398860931396,1
2.6322360038757324,1
2.540479898452759,1
2.473681926727295,1
2.4235198497772217,1
2.3432931900024414,1
2.4330005645751953,1
2.0944769382476807,1
2.1612391471862793,1
2.262105941772461,1
2.3884406089782715,1
3.2752037048339844,1
2.577237129211426,1
2.463860273361206,1
2.3666653633117676,1
2.7789254188537598,1
1.9379881620407104,1
2.4669864177703857,1
2.5104169845581055,1
2.697070598602295,1
2.0112316608428955,1
1.9104533195495605,1
2.621006488800049,1
2.6174087524414063,1
2.7101118564605713,1
2.242149829864502,1
3.0942347049713135,1
2.8766236305236816,1
2.3958423137664795,1
2.3416149616241455,1
2.2432312965393066,1
2.4034433364868164,1
2.1348493099212646,1
2.6059436798095703,1
2.898859977722168,1
3.0819451808929443,1
3.081151247024536,1
2.172161102294922,1
2.481405735015869,1
2.8555831909179688,1
2.064244270324707,1
3.4310359954833984,1
2.561054229736328,1
3.279191493988037,1
2.6048853397369385,1
2.7950735092163086,1
2.2412593364715576,1
2.8436598777770996,1
2.6638622283935547,1
2.7947559356689453,1
2.733915328979492,1
2.371311664581299,1
2.2900326251983643,1
2.5766220092773438,1
2.433699131011963,1
2.334648609161377,1
2.616600513458252,1
3.101757287979126,1
3.7725250720977783,1
2.3020191192626953,1
2.4738476276397705,1
2.568549871444702,1
2.516958236694336,1
3.2511520385742188,1
2.4878716468811035,1
3.3507838249206543,1
2.7935750484466553,1
2.4201858043670654,1
3.245076894760132,1
2.513543128967285,1
3.0478084087371826,1
2.377923011779785,1
2.229161500930786,1
2.099916458129883,1
2.2901477813720703,1
2.1682515144348145,1
2.3359851837158203,1
2.5538439750671387,1
1.9705731868743896,1
2.2061057090759277,1
2.7163310050964355,1
2.3447508811950684,1
2.086524248123169,1
2.5410351753234863,1
2.3853108882904053,1
2.4275426864624023,1
2.2583115100860596,1
2.9732370376586914,1
2.795753002166748,1
2.3949358463287354,1
2.3966894149780273,1
3.441286087036133,1
2.5942749977111816,1
1.9243383407592773,1
2.3838462829589844,1
2.8060760498046875,1
2.38429594039917,1
3.3336334228515625,1
2.2883431911468506,1
2.3406143188476563,1
2.2439889907836914,1
2.41312575340271,1
2.235689401626587,1
2.42164945602417,1
2.3049256801605225,1
2.7876319885253906,1
2.4170265197753906,1
2.7583231925964355,1
2.8638381958007813,1
2.7619776725769043,1
3.074216842651367,1
2.1423356533050537,1
2.9720914363861084,1
2.253509998321533,1
2.1654114723205566,1
2.8248918056488037,1
1.96117103099823,1
2.409196615219116,1
1.8659181594848633,1
2.460535764694214,1
2.735659599304199,1
2.029475212097168,1
1.9863429069519043,1
2.870645523071289,1
2.302847385406494,1
2.154789924621582,1
1.8757143020629883,1
2.535712480545044,1
3.091870069503784,1
1.7707300186157227,1
2.473949432373047,1
2.4500510692596436,1
2.238098621368408,1
2.2517900466918945,1
2.093735456466675,1
2.396479606628418,1
1.869490385055542,1
3.404860019683838,1
2.229949951171875,1
2.6727447509765625,1
2.6334242820739746,1
2.1169967651367188,1
1.9505044221878052,1
2.3526620864868164,1
2.186065912246704,1
4.225538730621338,1
2.0959455966949463,1
2.0181498527526855,1
2.343531847000122,1
2.7720882892608643,1
2.722161054611206,1
1.8964440822601318,1
3.1726479530334473,1
2.456747531890869,1
2.68509840965271,1
2.500645637512207,1
2.3050363063812256,1
2.39357852935791,1
3.059783458709717,1
2.070195436477661,1
2.1968493461608887,1
2.3698885440826416,1
2.982424259185791,1
2.116852283477783,1
2.4075167179107666,1
2.1754090785980225,1
2.371098041534424,1
2.1350150108337402,1
2.5825326442718506,1
2.014744281768799,1
2.7398691177368164,1
3.4417951107025146,1
2.5761666297912598,1
2.272106170654297,1
2.103501796722412,1
2.4185261726379395,1
3.1296439170837402,1
1.7518665790557861,1
2.4064738750457764,1
2.0451033115386963,1
2.6759445667266846,1
1.9987825155258179,1
2.690281391143799,1
2.7957565784454346,1
2.167982816696167,1
1.746130347251892,1
2.2293505668640137,1
2.011474847793579,1
2.3708925247192383,1
2.6440188884735107,1
2.5774052143096924,1
2.627467393875122,1
2.6538517475128174,1
2.8573262691497803,1
2.296943426132202,1
2.572193145751953,1
2.6893630027770996,1
2.079338312149048,1
2.860999584197998,1
2.5439794063568115,1
2.619533061981201,1
2.650362491607666,1
1.9455077648162842,1
2.0881967544555664,1
2.0227534770965576,1
2.5486059188842773,1
2.8600223064422607,1
2.294699192047119,1
2.869114637374878,1
2.0487539768218994,1
2.275800943374634,1
2.5205955505371094,1
2.2175004482269287,1
1.844969630241394,1
1.7383389472961426,1
2.167722702026367,1
2.919473171234131,1
2.4936013221740723,1
2.358699321746826,1
3.1466054916381836,1
3.1254849433898926,1
2.0060954093933105,1
2.5547099113464355,1
2.284649133682251,1
2.631655693054199,1
2.3426103591918945,1
2.6710281372070313,1
2.4713637828826904,1
2.2788283824920654,1
2.4446895122528076,1
1.925795555114746,1
1.930225133895874,1
2.0839309692382813,1
2.136138916015625,1
3.2697384357452393,1
2.266727924346924,1
2.1578750610351563,1
2.1529252529144287,1
2.5958914756774902,1
2.3294568061828613,1
2.2631304264068604,1
2.1043190956115723,1
2.46571683883667,1
2.4351136684417725,1
2.332045078277588,1
2.323436737060547,1
2.7564499378204346,1
2.7084288597106934,1
2.326089859008789,1
2.7424182891845703,1
2.527165174484253,1
2.9759535789489746,1
1.8685722351074219,1
2.4962193965911865,1
2.3211727142333984,1
2.0431320667266846,1
2.0792746543884277,1
3.8545005321502686,1
2.6017751693725586,1
1.815131425857544,1
2.38950252532959,1
2.3463752269744873,1
2.277707099914551,1
3.5385916233062744,1
2.6202352046966553,1
2.7794008255004883,1
2.406193971633911,1
2.5846288204193115,1
2.197086811065674,1
3.2254445552825928,1
2.9061150550842285,1
2.1868910789489746,1
2.4440317153930664,1
2.7342047691345215,1
2.628269672393799,1
2.4817914962768555,1
2.0964417457580566,1
2.3755624294281006,1
2.8756213188171387,1
2.2484865188598633,1
1.6936314105987549,1
2.017977476119995,1
2.8618130683898926,1
2.3662478923797607,1
2.569512367248535,1
3.49684476852417,1
2.8991565704345703,1
2.3544058799743652,1
2.1581783294677734,1
2.3525822162628174,1
2.1623291969299316,1
2.721283435821533,1
3.189781665802002,1
2.489600658416748,1
2.5648486614227295,1
1.9284931421279907,1
2.38153076171875,1
2.8991403579711914,1
2.345978260040283,1
2.0665643215179443,1
2.0642080307006836,1
1.8086202144622803,1
2.5838730335235596,1
2.291555404663086,1
3.184791326522827,1
2.0757510662078857,1
2.679135799407959,1
2.9426827430725098,1
2.8094444274902344,1
2.689584255218506,1
2.9573073387145996,1
2.592085123062134,1
2.131941556930542,1
2.0794525146484375,1
2.6730618476867676,1
2.534611225128174,1
2.3808650970458984,1
1.9952887296676636,1
2.3836512565612793,1
2.206310272216797,1
2.7014613151550293,1
2.430358409881592,1
2.9884605407714844,1
2.203423023223877,1
2.384268283843994,1
2.0710034370422363,1
3.059969902038574,1
2.5911648273468018,1
2.4253885746002197,1
3.0354156494140625,1
2.0883708000183105,1
2.581312656402588,1
1.8858963251113892,1
1.902496337890625,1
2.7249302864074707,1
2.0545778274536133,1
2.0757479667663574,1
2.8499021530151367,1
2.187753677368164,1
2.1084091663360596,1
2.35715389251709,1
2.1675167083740234,1
2.360898494720459,1
2.6116557121276855,1
1.9527945518493652,1
2.6567482948303223,1
3.2821836471557617,1
2.727552890777588,1
2.284931182861328,1
2.425985336303711,1
2.085660934448242,1
2.165666341781616,1
3.4985475540161133,1
1.4693440198898315,1
2.2284414768218994,1
2.477762222290039,1
2.4287776947021484,1
1.868776559829712,1
2.2194323539733887,1
2.2468929290771484,1
2.2794852256774902,1
2.332272529602051,1
2.6820459365844727,1
2.275449752807617,1
1.9100539684295654,1
2.419379234313965,1
1.6723711490631104,1
2.399930953979492,1
1.9333114624023438,1
2.1864309310913086,1
1.9670883417129517,1
2.6260807514190674,1
3.2465415000915527,1
2.9330105781555176,1
3.351438045501709,1
1.7141356468200684,1
2.593216896057129,1
2.8225255012512207,1
2.240382671356201,1
2.0354456901550293,1
2.737147808074951,1
2.7104530334472656,1
1.9570585489273071,1
3.917819023132324,1
2.8780126571655273,1
2.9856438636779785,1
2.6131553649902344,1
2.7396583557128906,1
2.6728084087371826,1
3.942540168762207,1
2.706584930419922,1
1.9693931341171265,1
3.261359930038452,1
2.7203400135040283,1
3.3811442852020264,1
3.615050792694092,1
2.277020215988159,1
2.903653621673584,1
2.8889060020446777,1
4.179187297821045,1
2.8537368774414063,1
2.542527198791504,1
2.779024600982666,1
3.0439634323120117,1
2.7498557567596436,1
2.8700642585754395,1
2.702671766281128,1
2.754336357116699,1
2.864684581756592,1
2.6082725524902344,1
2.438588857650757,1
2.706780433654785,1
2.5836477279663086,1
2.3051247596740723,1
2.318974256515503,1
2.689685583114624,1
2.451152801513672,1
2.463027000427246,1
2.1723170280456543,1
2.3030788898468018,1
3.1204280853271484,1
2.157773733139038,1
2.4853415489196777,1
2.433943510055542,1
2.722106456756592,1
2.3505539894104004,1
1.9503185749053955,1
2.539750099182129,1
2.3861236572265625,1
2.0695719718933105,1
2.364816188812256,1
1.9702510833740234,1
2.3476433753967285,1
2.44735050201416,1
3.2767887115478516,1
2.820181369781494,1
2.602097272872925,1
2.699967861175537,1
2.6976380348205566,1
2.946690797805786,1
2.3311820030212402,1
2.1012277603149414,1
1.69699227809906,1
2.1046595573425293,1
2.8479604721069336,1
2.1955771446228027,1
2.424534797668457,1
2.5019493103027344,1
2.6395516395568848,1
2.071512222290039,1
1.8784770965576172,1
3.032733201980591,1
2.067124605178833,1
2.3732128143310547,1
2.2176270484924316,1
2.2419960498809814,1
1.8966102600097656,1
2.4235363006591797,1
2.1674723625183105,1
2.2082905769348145,1
2.1218950748443604,1
2.1937484741210938,1
2.102818489074707,1
2.462756633758545,1
2.127638101577759,1
2.8453869819641113,1
1.9942681789398193,1
2.663723945617676,1
2.1980669498443604,1
2.133699417114258,1
1.842468023300171,1
2.6397361755371094,1
2.635817527770996,1
2.08323073387146,1
2.3235421180725098,1
2.711089611053467,1
2.11796498298645,1
2.414065361022949,1
2.281693458557129,1
3.218900203704834,1
1.6317518949508667,1
2.6434834003448486,1
2.2338502407073975,1
1.2615998983383179,1
2.3599560260772705,1
2.025240421295166,1
2.245980978012085,1
2.2297909259796143,1
2.113356113433838,1
3.1180098056793213,1
2.158787727355957,1
2.0488011837005615,1
2.045133590698242,1
2.03125,1
2.386568784713745,1
2.149888038635254,1
2.375919818878174,1
2.922121047973633,1
3.0838584899902344,1
2.0532121658325195,1
2.744626998901367,1
3.6161179542541504,1
2.60101318359375,1
2.2721450328826904,1
2.180563449859619,1
1.8537427186965942,1
1.9306588172912598,1
1.9410641193389893,1
2.7521603107452393,1
2.308432102203369,1
2.131838321685791,1
2.7699227333068848,1
2.2515861988067627,1
1.9160864353179932,1
2.7144834995269775,1
2.975618362426758,1
2.1088156700134277,1
1.7511885166168213,1
2.4642138481140137,1
2.5455069541931152,1
1.9734680652618408,1
2.698410749435425,1
1.9981346130371094,1
2.445171356201172,1
1.6572123765945435,1
2.7832419872283936,1
2.9579925537109375,1
2.456005573272705,1
2.788681983947754,1
2.1379730701446533,1
2.276583433151245,1
1.757293939590454,1
2.509429931640625,1
2.353975296020508,1
3.2922940254211426,1
2.205869197845459,1
2.8284430503845215,1
2.2474122047424316,1
2.1815409660339355,1
2.6292433738708496,1
2.0355224609375,1
2.384767770767212,1
2.3762972354888916,1
2.6292800903320313,1
2.942506790161133,1
2.2782037258148193,1
2.660295009613037,1
1.979142427444458,1
2.25134539604187,1
3.0464727878570557,1
2.1866402626037598,1
3.1190414428710938,1
2.7874202728271484,1
3.322798252105713,1
2.6026601791381836,1
2.5186140537261963,1
2.1986045837402344,1
2.0057551860809326,1
2.642487049102783,1
2.2661728858947754,1
2.014143943786621,1
1.989321231842041,1
2.410538673400879,1
1.904608130455017,1
1.97201406955719,1
2.785172939300537,1
1.90767240524292,1
2.2072277069091797,1
1.8397846221923828,1
2.8092257976531982,1
2.7735419273376465,1
2.7691030502319336,1
2.49761962890625,1
2.563476324081421,1
2.3610482215881348,1
2.802631378173828,1
3.733304500579834,1
3.3710873126983643,1
2.273435115814209,1
2.1794753074645996,1
2.251589298248291,1
2.1223983764648438,1
3.609280586242676,1
2.0445613861083984,1
2.190833806991577,1
2.487569808959961,1
2.518373966217041,1
4.164775848388672,1
2.322653293609619,1
2.88545823097229,1
2.741353988647461,1
2.10434627532959,1
2.7185840606689453,1
3.8067409992218018,1
2.5750908851623535,1
2.925382137298584,1
2.4128265380859375,1
2.863856792449951,1
2.5111961364746094,1
3.2869582176208496,1
2.6557202339172363,1
3.3357691764831543,1
2.1916356086730957,1
2.9319469928741455,1
2.6166393756866455,1
2.574080467224121,1
2.0983004570007324,1
2.311532497406006,1
2.8178234100341797,1
2.6076436042785645,1
2.7881970405578613,1
2.6053168773651123,1
3.0808730125427246,1
2.469489574432373,1
2.7768659591674805,1
2.4946699142456055,1
3.049957513809204,1
2.5070924758911133,1
2.217846632003784,1
3.6861839294433594,1
2.6014962196350098,1
2.265218734741211,1
2.7061820030212402,1
2.9186322689056396,1
3.405665874481201,1
2.8737480640411377,1
3.9573163986206055,1
2.8216359615325928,1
3.373391628265381,1
2.945962905883789,1
2.7015442848205566,1
2.4417948722839355,1
2.716416358947754,1
2.8273019790649414,1
2.1940722465515137,1
2.0930564403533936,1
3.0825612545013428,1
2.7115676403045654,1
2.6973495483398438,1
2.4222826957702637,1
3.6602957248687744,1
2.6865131855010986,1
3.4694080352783203,1
2.648294448852539,1
2.733419895172119,1
2.621091604232788,1
2.2394251823425293,1
2.1221165657043457,1
1.860835075378418,1
2.735786199569702,1
2.311941623687744,1
2.5173580646514893,1
2.618683099746704,1
2.7806477546691895,1
2.265167713165283,1
1.886749505996704,1
2.6657910346984863,1
2.387341022491455,1
2.814627170562744,1
3.0571906566619873,1
2.314444065093994,1
2.726545810699463,1
2.2114105224609375,1
2.6561317443847656,1
2.6847872734069824,1
2.620527744293213,1
3.51320743560791,1
1.9371830224990845,1
2.9951820373535156,1
2.3816566467285156,1
3.28707218170166,1
2.4732322692871094,1
2.7470669746398926,1
2.8896424770355225,1
2.5355868339538574,1
2.9743385314941406,1
2.2513813972473145,1
2.558314800262451,1
2.96608829498291,1
2.5912883281707764,1
2.5671706199645996,1
2.754645586013794,1
1.9623279571533203,1
2.7848496437072754,1
2.585279941558838,1
2.4735710620880127,1
1.8485162258148193,1
2.6429951190948486,1
2.0576629638671875,1
2.460498332977295,1
2.282616138458252,1
2.8599348068237305,1
2.263007164001465,1
2.457590341567993,1
2.965251922607422,1
3.3959901332855225,1
