2.832611322402954,1
3.0669679641723633,1
3.9387271404266357,1
2.758047580718994,1
3.3659098148345947,1
3.476968288421631,1
2.7619752883911133,1
3.436393976211548,1
2.66947078704834,1
3.088764190673828,1
2.888035774230957,1
2.1169681549072266,1
2.6106038093566895,1
5.7768354415893555,1
3.1498069763183594,1
2.8394107818603516,1
3.070423126220703,1
2.365485191345215,1
2.7872843742370605,1
3.0032846927642822,1
4.024470806121826,1
3.6947803497314453,1
3.5287771224975586,1
3.4869115352630615,1
3.485074043273926,1
2.9872918128967285,1
3.643000364303589,1
2.179439067840576,1
2.4097213745117188,1
2.654942512512207,1
2.8913421630859375,1
3.7840423583984375,1
4.246118068695068,1
3.7199206352233887,1
2.7457075119018555,1
2.8949990272521973,1
2.843528985977173,1
3.122175931930542,1
3.0052473545074463,1
3.2074151039123535,1
2.9685492515563965,1
3.083564043045044,1
2.9324493408203125,1
3.050717353820801,1
3.7326884269714355,1
3.2018158435821533,1
3.5395090579986572,1
3.2801077365875244,1
2.7692227363586426,1
3.598954677581787,1
2.950418472290039,1
2.5076966285705566,1
3.205568790435791,1
2.6898844242095947,1
4.119056701660156,1
2.8433408737182617,1
3.2193994522094727,1
2.968165636062622,1
2.8466570377349854,1
3.2220096588134766,1
3.2441954612731934,1
2.6828622817993164,1
2.72383713722229,1
4.091777324676514,1
3.260307550430298,1
2.8842363357543945,1
2.683384656906128,1
2.8549671173095703,1
3.034001350402832,1
3.21380615234375,1
2.7813916206359863,1
3.014216184616089,1
3.059938430786133,1
2.4857163429260254,1
2.811192512512207,1
2.8909413814544678,1
1.8880035877227783,1
2.9372305870056152,1
2.8389334678649902,1
2.935462713241577,1
4.203496932983398,1
3.417090892791748,1
4.236680030822754,1
3.086305618286133,1
3.7371468544006348,1
3.179220676422119,1
3.5435218811035156,1
2.8648715019226074,1
2.350203037261963,1
3.7283525466918945,1
3.0368614196777344,1
2.620260715484619,1
2.903634786605835,1
3.092419147491455,1
2.851382255554199,1
2.864682912826538,1
2.572392225265503,1
3.269972324371338,1
3.1091787815093994,1
3.0942068099975586,1
2.9546804428100586,1
3.4233741760253906,1
3.1192803382873535,1
3.3687005043029785,1
3.2244455814361572,1
2.5951943397521973,1
3.182631492614746,1
3.1027770042419434,1
7.4509382247924805,1
2.760941982269287,1
2.9840307235717773,1
2.96187686920166,1
2.7344675064086914,1
2.869380474090576,1
2.341247081756592,1
3.8128480911254883,1
3.4742393493652344,1
3.039438247680664,1
2.7266387939453125,1
2.528634786605835,1
2.940403938293457,1
2.75793194770813,1
3.0000596046447754,1
2.8247647285461426,1
2.7516098022460938,1
2.180060386657715,1
3.063657760620117,1
3.70919132232666,1
2.4730539321899414,1
2.9683213233947754,1
3.240767478942871,1
2.777111053466797,1
2.3806703090667725,1
2.824385643005371,1
3.151005506515503,1
3.5458414554595947,1
3.4373703002929688,1
3.069493293762207,1
2.5569677352905273,1
2.678253173828125,1
2.8125908374786377,1
4.2609758377075195,1
3.147158145904541,1
3.533478021621704,1
2.7634644508361816,1
2.879216432571411,1
3.2554187774658203,1
3.4999020099639893,1
3.1543734073638916,1
2.1154532432556152,1
2.8772459030151367,1
2.93556547164917,1
2.3173418045043945,1
2.6727945804595947,1
3.1728134155273438,1
2.3010966777801514,1
3.0186522006988525,1
2.527613639831543,1
2.542170763015747,1
3.2956795692443848,1
3.0159711837768555,1
3.6490256786346436,1
4.037583827972412,1
2.7806851863861084,1
4.071101665496826,1
2.576502799987793,1
2.727066993713379,1
2.784982204437256,1
2.8686060905456543,1
2.579904556274414,1
2.3694591522216797,1
4.047244548797607,1
2.720336437225342,1
13.399290084838867,1
2.807831048965454,1
6.273283958435059,1
4.689286231994629,1
3.499738931655884,1
3.8003432750701904,1
2.860830307006836,1
3.4334373474121094,1
3.554378032684326,1
3.518216371536255,1
3.551572799682617,1
4.1305060386657715,1
4.402585029602051,1
3.9571890830993652,1
3.726060628890991,1
4.342726707458496,1
3.724890947341919,1
3.6505367755889893,1
2.904636859893799,1
3.5041818618774414,1
3.682865858078003,1
2.864727735519409,1
4.31951904296875,1
3.4149820804595947,1
2.7769241333007813,1
3.236485004425049,1
3.1147847175598145,1
3.6276187896728516,1
2.360177755355835,1
2.4258575439453125,1
3.2938404083251953,1
3.404305934906006,1
3.1200110912323,1
2.2924327850341797,1
4.042110443115234,1
3.2048332691192627,1
2.4320240020751953,1
3.0551278591156006,1
3.792168617248535,1
3.03422212600708,1
2.560196876525879,1
3.0099382400512695,1
2.804088592529297,1
2.77738094329834,1
2.9760332107543945,1
2.4899463653564453,1
3.4286346435546875,1
2.599931001663208,1
2.232511043548584,1
2.991334915161133,1
4.174859046936035,1
3.2579100131988525,1
2.76944637298584,1
2.6990604400634766,1
2.5863871574401855,1
3.057091236114502,1
2.311919689178467,1
2.88783597946167,1
3.3639321327209473,1
2.643937110900879,1
2.914532423019409,1
3.0192790031433105,1
2.655609369277954,1
2.7949252128601074,1
3.301504135131836,1
3.027252674102783,1
4.266643524169922,1
3.3482415676116943,1
2.9327871799468994,1
2.666325330734253,1
3.901876449584961,1
3.0954341888427734,1
1.997353434562683,1
2.6457161903381348,1
2.857672691345215,1
3.0417652130126953,1
3.4126498699188232,1
3.093968391418457,1
3.907289981842041,1
2.5799691677093506,1
2.539828300476074,1
2.3372788429260254,1
3.2249927520751953,1
3.637049436569214,1
3.2702836990356445,1
2.611262321472168,1
2.6693739891052246,1
3.178501605987549,1
4.429030418395996,1
3.1170151233673096,1
3.308108329772949,1
3.264979839324951,1
3.209933280944824,1
3.3577919006347656,1
3.493903160095215,1
2.952580213546753,1
3.1748971939086914,1
3.5488991737365723,1
3.202495574951172,1
3.0677361488342285,1
2.4769883155822754,1
3.8991949558258057,1
3.051048755645752,1
3.4270544052124023,1
2.8708503246307373,1
3.665663480758667,1
3.5579304695129395,1
4.57231330871582,1
2.7272708415985107,1
2.3793795108795166,1
3.39092755317688,1
3.055095672607422,1
3.6684844493865967,1
2.6601479053497314,1
3.110419511795044,1
2.771641254425049,1
2.774458885192871,1
2.8001363277435303,1
3.242453098297119,1
3.9694743156433105,1
3.1253767013549805,1
2.9509050846099854,1
2.8634657859802246,1
3.2625443935394287,1
4.366447448730469,1
3.0216100215911865,1
2.433413505554199,1
3.7304205894470215,1
3.2073187828063965,1
2.8606300354003906,1
4.318354606628418,1
3.220005512237549,1
2.1026792526245117,1
2.8655524253845215,1
2.8989250659942627,1
2.5620458126068115,1
3.115657329559326,1
3.5467467308044434,1
4.049596786499023,1
3.2423863410949707,1
2.576181650161743,1
2.5268852710723877,1
3.3244001865386963,1
3.1091854572296143,1
3.5085744857788086,1
3.454845428466797,1
2.916782855987549,1
3.47763729095459,1
2.8252549171447754,1
2.7568464279174805,1
3.2372756004333496,1
2.8761048316955566,1
3.1213455200195313,1
2.4894330501556396,1
2.772620677947998,1
2.2319560050964355,1
3.6757335662841797,1
2.200009346008301,1
2.4724812507629395,1
3.196578025817871,1
2.984250068664551,1
3.713399887084961,1
2.4401886463165283,1
3.8159570693969727,1
2.553546905517578,1
3.208493232727051,1
3.2955281734466553,1
2.9653079509735107,1
2.7880306243896484,1
3.501697540283203,1
2.316269636154175,1
2.677492141723633,1
3.1546030044555664,1
2.330428123474121,1
3.3032195568084717,1
2.881561279296875,1
3.659227132797241,1
1.8512141704559326,1
2.6612558364868164,1
3.5654683113098145,1
2.773069381713867,1
3.0507166385650635,1
4.039539337158203,1
2.463329315185547,1
2.96120023727417,1
3.8680076599121094,1
3.102975606918335,1
3.053004264831543,1
3.801823139190674,1
3.5276896953582764,1
2.7797086238861084,1
3.3756346702575684,1
2.989546298980713,1
3.3544845581054688,1
2.7444396018981934,1
2.805452585220337,1
2.733598232269287,1
3.096597671508789,1
3.123903512954712,1
4.129119873046875,1
3.511579990386963,1
3.2288670539855957,1
2.7654170989990234,1
3.670851469039917,1
3.414445161819458,1
2.889298439025879,1
3.34894061088562,1
4.368838310241699,1
3.4422144889831543,1
2.788477897644043,1
2.433499574661255,1
3.136777400970459,1
2.806461811065674,1
3.512829542160034,1
3.614898681640625,1
2.580608367919922,1
2.5973434448242188,1
2.479316234588623,1
3.0585880279541016,1
3.377194404602051,1
3.5044713020324707,1
3.739978075027466,1
3.675093173980713,1
3.914785861968994,1
3.3401732444763184,1
3.8838188648223877,1
3.3444581031799316,1
3.90116810798645,1
2.9876091480255127,1
2.976262092590332,1
2.7857420444488525,1
3.5712013244628906,1
3.0707902908325195,1
3.5337791442871094,1
3.701047420501709,1
4.331606864929199,1
3.156999111175537,1
2.57590389251709,1
3.0932722091674805,1
3.1870853900909424,1
2.944122314453125,1
2.7575554847717285,1
3.030884027481079,1
2.994333505630493,1
3.0803732872009277,1
2.8138158321380615,1
3.4527640342712402,1
3.070591688156128,1
2.8056440353393555,1
2.9458625316619873,1
4.171899318695068,1
2.7475364208221436,1
3.183706283569336,1
2.7485456466674805,1
2.9852404594421387,1
3.6738462448120117,1
2.9031198024749756,1
3.0936360359191895,1
3.2770566940307617,1
2.968867301940918,1
2.633882522583008,1
2.6968772411346436,1
2.864607095718384,1
3.4035911560058594,1
2.8250017166137695,1
2.8326380252838135,1
3.607917308807373,1
2.7058959007263184,1
3.0447301864624023,1
3.4042158126831055,1
2.1317367553710938,1
3.440415859222412,1
3.210965156555176,1
2.682636260986328,1
3.183527946472168,1
3.1966333389282227,1
3.105350971221924,1
2.986701011657715,1
3.3729844093322754,1
3.4740328788757324,1
3.319385051727295,1
3.28533673286438,1
2.574005603790283,1
3.291121006011963,1
3.055083990097046,1
3.2966766357421875,1
2.9145021438598633,1
2.650810956954956,1
2.4833741188049316,1
3.214055061340332,1
4.124517440795898,1
3.404170036315918,1
2.915874481201172,1
2.990266799926758,1
3.484395742416382,1
2.2871298789978027,1
3.4997458457946777,1
3.112946033477783,1
3.320301055908203,1
4.188236236572266,1
3.2424821853637695,1
3.666229248046875,1
3.7033166885375977,1
3.072660446166992,1
2.912318229675293,1
3.9349305629730225,1
3.798414707183838,1
3.292426109313965,1
3.4099273681640625,1
2.943725824356079,1
3.21848201751709,1
3.3230998516082764,1
3.4004173278808594,1
3.0737125873565674,1
2.9945809841156006,1
2.9809601306915283,1
3.043886184692383,1
3.968543529510498,1
2.9349918365478516,1
4.089715957641602,1
2.982168197631836,1
2.9867520332336426,1
4.46129846572876,1
3.2331995964050293,1
3.3768081665039063,1
4.0001726150512695,1
3.5441408157348633,1
3.0523078441619873,1
2.79365873336792,1
4.133072376251221,1
2.3169350624084473,1
3.5605220794677734,1
3.687278985977173,1
2.716846466064453,1
2.6789188385009766,1
3.288614273071289,1
3.2164998054504395,1
3.498572826385498,1
2.6892337799072266,1
2.5438313484191895,1
2.637552261352539,1
3.3027424812316895,1
3.7591445446014404,1
3.6938745975494385,1
3.035752058029175,1
2.702674150466919,1
3.25624942779541,1
3.0512945652008057,1
3.4274017810821533,1
2.6994380950927734,1
2.3754706382751465,1
3.455857276916504,1
2.4191360473632813,1
2.759518623352051,1
5.6198015213012695,1
2.626537561416626,1
3.0889501571655273,1
3.1123695373535156,1
2.75546932220459,1
3.484412670135498,1
4.053009033203125,1
4.399565696716309,1
4.103934288024902,1
2.4317736625671387,1
2.9465887546539307,1
4.151623725891113,1
3.4583115577697754,1
3.196305751800537,1
3.703570604324341,1
4.0958099365234375,1
3.3078949451446533,1
3.3977012634277344,1
3.587948799133301,1
3.1198513507843018,1
3.3919830322265625,1
3.6665825843811035,1
2.596316337585449,1
3.7079882621765137,1
3.1982147693634033,1
3.9262442588806152,1
3.107168197631836,1
2.816451072692871,1
3.4021167755126953,1
3.546487808227539,1
3.5187888145446777,1
3.436282157897949,1
3.6587324142456055,1
3.0263829231262207,1
3.2612833976745605,1
3.6458067893981934,1
3.391538619995117,1
2.9259896278381348,1
3.102381706237793,1
2.93157696723938,1
2.9635276794433594,1
2.511449098587036,1
3.694197654724121,1
2.4210314750671387,1
2.582305431365967,1
3.0418179035186768,1
2.762113571166992,1
2.90205717086792,1
2.767172336578369,1
2.5235795974731445,1
2.7011008262634277,1
3.0167179107666016,1
3.0675301551818848,1
3.405107021331787,1
2.416688919067383,1
3.6219050884246826,1
5.4762396812438965,1
2.35098934173584,1
2.633176326751709,1
3.0438525676727295,1
2.723794937133789,1
3.306957244873047,1
2.7304885387420654,1
2.6755995750427246,1
4.128049850463867,1
4.733358860015869,1
3.4588050842285156,1
3.1674768924713135,1
3.191707134246826,1
2.9087300300598145,1
3.5649304389953613,1
2.685647964477539,1
2.2636706829071045,1
4.111912250518799,1
3.196958065032959,1
2.747983694076538,1
3.3440990447998047,1
3.0607495307922363,1
2.934103488922119,1
2.4287514686584473,1
3.078782558441162,1
3.742825984954834,1
3.110971450805664,1
4.070570945739746,1
3.4073634147644043,1
3.4781508445739746,1
3.0428781509399414,1
3.2173268795013428,1
3.0350255966186523,1
3.528470516204834,1
3.743109941482544,1
2.381457805633545,1
3.0814528465270996,1
2.7850069999694824,1
2.6955418586730957,1
3.4359683990478516,1
2.812563896179199,1
3.2045371532440186,1
2.691110134124756,1
3.999268054962158,1
2.4611263275146484,1
2.5456223487854004,1
2.833408832550049,1
2.9247472286224365,1
3.388651132583618,1
3.0170655250549316,1
2.5798449516296387,1
2.4240283966064453,1
2.965928554534912,1
3.28084135055542,1
2.9627366065979004,1
2.4097375869750977,1
2.478818893432617,1
2.636324405670166,1
2.1005566120147705,1
2.3694803714752197,1
3.08406925201416,1
2.2561864852905273,1
3.605052947998047,1
2.3462347984313965,1
2.0652880668640137,1
4.298757553100586,1
2.8647146224975586,1
2.5531201362609863,1
3.0436596870422363,1
4.226225852966309,1
3.2346630096435547,1
2.8656253814697266,1
3.726085901260376,1
3.3681070804595947,1
3.1316521167755127,1
2.355752468109131,1
2.5662307739257813,1
2.639899730682373,1
3.735179901123047,1
2.8199119567871094,1
2.5183348655700684,1
2.9575090408325195,1
3.343173027038574,1
2.5890274047851563,1
2.697455644607544,1
2.7967867851257324,1
3.2389943599700928,1
3.1600449085235596,1
3.0406382083892822,1
3.391688823699951,1
3.7586026191711426,1
3.186776876449585,1
3.2386298179626465,1
2.5331878662109375,1
4.242885589599609,1
2.7567191123962402,1
3.5459513664245605,1
2.2135419845581055,1
3.3241078853607178,1
2.7713820934295654,1
3.006164789199829,1
2.3448097705841064,1
2.9855399131774902,1
2.790012836456299,1
2.8887381553649902,1
3.4921176433563232,1
3.275693416595459,1
2.864105701446533,1
2.925584316253662,1
3.010328531265259,1
2.815230369567871,1
3.1168980598449707,1
3.6041667461395264,1
2.8136825561523438,1
3.3423073291778564,1
3.9458580017089844,1
3.406619071960449,1
4.232179641723633,1
3.134799003601074,1
3.551574230194092,1
2.7904052734375,1
2.972200632095337,1
3.569915533065796,1
2.891103744506836,1
3.0066299438476563,1
2.4672982692718506,1
2.5788798332214355,1
2.539468765258789,1
3.0762557983398438,1
2.6779379844665527,1
2.814699649810791,1
2.847355604171753,1
3.199028491973877,1
3.338559150695801,1
3.1474242210388184,1
3.4965362548828125,1
3.9180846214294434,1
2.460975170135498,1
3.2458629608154297,1
3.0006959438323975,1
3.4700329303741455,1
3.008488655090332,1
3.4771485328674316,1
2.723278522491455,1
3.0520403385162354,1
3.2694735527038574,1
3.0406713485717773,1
3.0343971252441406,1
2.5925168991088867,1
2.760693073272705,1
4.90980863571167,1
4.472977638244629,1
2.6598353385925293,1
3.5521154403686523,1
3.3710360527038574,1
3.157290458679199,1
3.2423276901245117,1
3.2845330238342285,1
3.0911154747009277,1
3.885406970977783,1
3.1126961708068848,1
3.0628113746643066,1
2.982511520385742,1
4.392830848693848,1
3.3400375843048096,1
3.0609755516052246,1
2.7050621509552,1
2.733029365539551,1
3.28877592086792,1
3.7009201049804688,1
3.2437596321105957,1
3.2968482971191406,1
3.067208766937256,1
2.5230865478515625,1
2.8377017974853516,1
2.952899217605591,1
4.241621017456055,1
3.1299209594726563,1
2.697261095046997,1
3.388136863708496,1
2.5146002769470215,1
3.1321115493774414,1
2.9898133277893066,1
3.4202423095703125,1
3.0686140060424805,1
3.1940736770629883,1
2.4653868675231934,1
1.8491218090057373,1
2.7804970741271973,1
2.8991312980651855,1
2.887267589569092,1
3.8145391941070557,1
3.8550806045532227,1
2.766777276992798,1
2.518454074859619,1
3.348888874053955,1
2.509091377258301,1
3.241586208343506,1
2.975815773010254,1
3.4435155391693115,1
3.2965898513793945,1
2.3850936889648438,1
2.273906707763672,1
3.047175645828247,1
2.9227066040039063,1
2.355750799179077,1
2.4189705848693848,1
2.2877907752990723,1
2.809467315673828,1
3.459285259246826,1
2.5022904872894287,1
3.380129814147949,1
4.057492256164551,1
3.8199143409729004,1
3.0450661182403564,1
3.4503722190856934,1
3.4404091835021973,1
3.1281332969665527,1
2.8987462520599365,1
2.8963143825531006,1
3.02506947517395,1
2.705376625061035,1
2.2183778285980225,1
2.276120662689209,1
2.4694809913635254,1
3.0954837799072266,1
3.081085205078125,1
3.007485866546631,1
3.6092753410339355,1
2.841158390045166,1
2.5583348274230957,1
2.9920871257781982,1
2.6008353233337402,1
2.302643060684204,1
2.7514841556549072,1
3.1421666145324707,1
3.8574154376983643,1
2.7061362266540527,1
3.3090271949768066,1
2.6719861030578613,1
2.1560404300689697,1
3.1713881492614746,1
3.354835033416748,1
3.289346218109131,1
3.227428674697876,1
2.600712776184082,1
3.19673490524292,1
4.328374862670898,1
3.0268044471740723,1
2.2876739501953125,1
3.606779098510742,1
3.8600707054138184,1
3.484405040740967,1
3.376756429672241,1
3.7811741828918457,1
3.5551671981811523,1
3.4118847846984863,1
3.2811360359191895,1
3.545485019683838,1
3.507862091064453,1
3.557109832763672,1
3.729903221130371,1
3.0269107818603516,1
3.3906846046447754,1
3.196871280670166,1
3.69488525390625,1
3.215698719024658,1
3.3178586959838867,1
3.248659372329712,1
2.8478901386260986,1
4.395284175872803,1
3.576737880706787,1
5.084469795227051,1
4.227676868438721,1
4.050584316253662,1
3.782527208328247,1
3.8798794746398926,1
2.812856674194336,1
2.722459316253662,1
2.8677313327789307,1
4.011380672454834,1
4.324335098266602,1
2.7470860481262207,1
3.4113993644714355,1
3.0696470737457275,1
3.5024516582489014,1
3.1887264251708984,1
2.9975287914276123,1
2.7472314834594727,1
3.5102388858795166,1
4.132521152496338,1
2.3259339332580566,1
2.4647769927978516,1
2.9817376136779785,1
3.067282199859619,1
2.2209134101867676,1
2.4229869842529297,1
3.416344165802002,1
2.982544422149658,1
2.9750144481658936,1
3.0715272426605225,1
3.0288219451904297,1
3.295584201812744,1
2.4687156677246094,1
2.9701709747314453,1
3.3751535415649414,1
2.6967649459838867,1
2.2980730533599854,1
2.9219655990600586,1
2.774169445037842,1
1.9040706157684326,1
2.759556293487549,1
2.382105588912964,1
2.6032257080078125,1
2.9822778701782227,1
3.2893190383911133,1
2.812995195388794,1
3.1203410625457764,1
3.0339221954345703,1
3.6106271743774414,1
2.2713656425476074,1
2.6096413135528564,1
3.82981538772583,1
3.5324583053588867,1
2.9728517532348633,1
3.381955623626709,1
3.9257545471191406,1
3.364304780960083,1
2.6754822731018066,1
2.58233642578125,1
2.5697054862976074,1
2.6761550903320313,1
3.099146842956543,1
2.9239144325256348,1
2.73376202583313,1
3.1110000610351563,1
3.241994857788086,1
2.900496006011963,1
2.4719130992889404,1
2.7597575187683105,1
3.003939628601074,1
4.463451862335205,1
3.200913190841675,1
3.0815610885620117,1
3.6694085597991943,1
3.263012409210205,1
3.285282850265503,1
3.3914077281951904,1
2.9381279945373535,1
2.9553165435791016,1
3.0875487327575684,1
2.5527865886688232,1
3.3506665229797363,1
3.348867177963257,1
3.7048990726470947,1
3.7806951999664307,1
3.669618606567383,1
3.402109384536743,1
3.0433034896850586,1
3.002007007598877,1
3.6721882820129395,1
3.2281713485717773,1
4.07147216796875,1
3.4183733463287354,1
3.470198392868042,1
3.5339620113372803,1
3.7209296226501465,1
3.6487653255462646,1
4.468496322631836,1
3.3342647552490234,1
3.159879207611084,1
3.9345295429229736,1
2.843656063079834,1
4.089623928070068,1
4.45555305480957,1
4.1625261306762695,1
3.1343588829040527,1
3.088280200958252,1
2.839578151702881,1
3.7652034759521484,1
4.101175308227539,1
4.429648399353027,1
3.462352991104126,1
3.035684108734131,1
3.0306556224823,1
3.5806117057800293,1
3.0103087425231934,1
3.077258586883545,1
2.7410662174224854,1
4.397576332092285,1
3.3352699279785156,1
3.067598581314087,1
2.832645893096924,1
2.7693941593170166,1
2.859492301940918,1
3.2725472450256348,1
2.975863456726074,1
2.2878265380859375,1
2.734224557876587,1
2.815518856048584,1
2.589918613433838,1
3.249894380569458,1
2.658869743347168,1
2.1678881645202637,1
4.118099689483643,1
3.234767436981201,1
3.464604139328003,1
4.597052097320557,1
3.2160792350769043,1
3.564666986465454,1
4.576416969299316,1
3.309558153152466,1
3.7633790969848633,1
4.313203811645508,1
4.19758415222168,1
4.730154037475586,1
3.5281271934509277,1
3.1887378692626953,1
3.6912436485290527,1
3.086757183074951,1
4.414484024047852,1
4.318746089935303,1
3.8096752166748047,1
5.244319438934326,1
3.3543176651000977,1
3.452033519744873,1
4.38180685043335,1
3.0138206481933594,1
3.601248264312744,1
3.4334986209869385,1
3.0380702018737793,1
3.8873119354248047,1
2.9128127098083496,1
3.3219869136810303,1
4.294303894042969,1
2.415743350982666,1
3.000457525253296,1
3.595073699951172,1
2.9061622619628906,1
2.72635555267334,1
3.155364990234375,1
3.51699161529541,1
3.3473691940307617,1
2.505445957183838,1
3.043911933898926,1
2.681811809539795,1
3.6772284507751465,1
4.324742317199707,1
2.866640090942383,1
3.5257647037506104,1
3.1560070514678955,1
2.7312114238739014,1
2.646031379699707,1
3.3365273475646973,1
2.9217982292175293,1
2.715175151824951,1
3.291654348373413,1
2.795264959335327,1
3.2925610542297363,1
3.521376609802246,1
2.8671727180480957,1
2.489069700241089,1
2.5200953483581543,1
4.198128700256348,1
2.860269069671631,1
2.5443291664123535,1
3.579974889755249,1
2.877856731414795,1
2.681727647781372,1
3.057004451751709,1
2.8838181495666504,1
3.4703545570373535,1
3.1298065185546875,1
4.085757255554199,1
2.7849273681640625,1
3.3101320266723633,1
3.143857717514038,1
2.846942663192749,1
3.387140989303589,1
2.718841791152954,1
3.9957785606384277,1
3.2157111167907715,1
3.0938103199005127,1
3.7012710571289063,1
3.654249668121338,1
3.3057432174682617,1
3.200655937194824,1
3.5166525840759277,1
3.4759273529052734,1
3.757011890411377,1
3.454176425933838,1
3.122875213623047,1
3.5386147499084473,1
3.8057844638824463,1
3.3693442344665527,1
2.4532406330108643,1
2.7943801879882813,1
3.501962184906006,1
2.9630823135375977,1
2.7523350715637207,1
2.413069009780884,1
2.2694239616394043,1
3.0086746215820313,1
3.056243896484375,1
4.012860298156738,1
3.105419158935547,1
3.299936056137085,1
2.62298846244812,1
2.9584298133850098,1
2.8744163513183594,1
3.213899612426758,1
2.262904167175293,1
3.3254640102386475,1
2.5875301361083984,1
3.7266042232513428,1
3.004892349243164,1
2.8819308280944824,1
2.7429232597351074,1
2.841839551925659,1
2.2932329177856445,1
3.415348529815674,1
3.027308940887451,1
3.1913671493530273,1
2.4085559844970703,1
2.9125428199768066,1
3.0050649642944336,1
3.211343288421631,1
3.4008846282958984,1
3.4414401054382324,1
3.225545644760132,1
2.8330471515655518,1
3.160604953765869,1
3.20790433883667,1
3.1121859550476074,1
1.8839753866195679,1
3.5123555660247803,1
2.855860471725464,1
2.854891300201416,1
2.914085626602173,1
2.9674506187438965,1
2.416914463043213,1
3.848595142364502,1
2.304088592529297,1
2.731909990310669,1
2.8339598178863525,1
3.0728867053985596,1
2.769648551940918,1
2.943922996520996,1
2.7951431274414063,1
2.8287699222564697,1
2.8669631481170654,1
3.249480962753296,1
3.1573057174682617,1
4.427519798278809,1
3.396235704421997,1
3.018296718597412,1
3.0284392833709717,1
2.9715607166290283,1
3.699681282043457,1
3.4422569274902344,1
2.8685221672058105,1
2.933276653289795,1
3.4709980487823486,1
2.782477855682373,1
3.397172689437866,1
3.6066832542419434,1
3.3384246826171875,1
3.5644989013671875,1
2.9768192768096924,1
3.512799024581909,1
3.2503273487091064,1
2.688169002532959,1
5.231178283691406,1
3.6246747970581055,1
2.595207452774048,1
3.4680018424987793,1
3.646165370941162,1
3.654715061187744,1
4.964992046356201,1
3.253678321838379,1
3.4695465564727783,1
4.177290916442871,1
3.095986843109131,1
4.1780009269714355,1
3.7916033267974854,1
3.0558061599731445,1
3.136260509490967,1
3.87660551071167,1
3.596522569656372,1
6.032952308654785,1
5.009600639343262,1
3.2648630142211914,1
3.2639288902282715,1
4.593898773193359,1
3.9703168869018555,1
3.6709752082824707,1
3.7302165031433105,1
3.4953410625457764,1
2.9139814376831055,1
3.1103405952453613,1
3.4316325187683105,1
3.732088088989258,1
3.9611473083496094,1
3.852362632751465,1
3.3068299293518066,1
3.158745050430298,1
3.7831058502197266,1
3.9316165447235107,1
3.422860860824585,1
3.2256290912628174,1
3.335646629333496,1
3.4572200775146484,1
3.182742118835449,1
3.8101484775543213,1
4.379389762878418,1
2.755424737930298,1
3.1267974376678467,1
3.059138298034668,1
3.477856159210205,1
3.8153905868530273,1
3.10860013961792,1
2.9372215270996094,1
2.66170072555542,1
3.5098462104797363,1
2.555083751678467,1
2.581129550933838,1
3.2577226161956787,1
3.0682499408721924,1
3.023982048034668,1
3.0950584411621094,1
3.1157941818237305,1
2.6320629119873047,1
2.725417137145996,1
3.118645191192627,1
3.0271174907684326,1
3.9876060485839844,1
3.2294211387634277,1
4.136078357696533,1
3.492506265640259,1
3.133983612060547,1
2.9754981994628906,1
4.375044822692871,1
4.627658843994141,1
5.1370930671691895,1
3.974595308303833,1
4.021158218383789,1
3.653148651123047,1
4.022005081176758,1
4.010948181152344,1
3.5513782501220703,1
3.200917959213257,1
3.1841928958892822,1
3.51462459564209,1
3.590421438217163,1
3.8091752529144287,1
3.2996208667755127,1
3.1884536743164063,1
3.313386917114258,1
3.65763783454895,1
3.610630989074707,1
4.310358047485352,1
4.579401969909668,1
3.4556994438171387,1
4.858394145965576,1
4.101201057434082,1
4.607351303100586,1
4.677824020385742,1
3.2649483680725098,1
3.863248348236084,1
3.1437058448791504,1
3.2917609214782715,1
3.782574415206909,1
2.966315269470215,1
3.765653133392334,1
3.792121410369873,1
3.865800380706787,1
3.3898918628692627,1
3.7134697437286377,1
3.4278531074523926,1
3.3944895267486572,1
3.511336326599121,1
3.872065782546997,1
2.8905999660491943,1
3.9509899616241455,1
3.703505516052246,1
3.440413475036621,1
3.9149978160858154,1
4.594162940979004,1
3.942458391189575,1
4.084942817687988,1
2.5346312522888184,1
3.312196969985962,1
3.9001970291137695,1
3.5962882041931152,1
5.031430244445801,1
2.3911125659942627,1
3.845752239227295,1
2.8140010833740234,1
3.1038894653320313,1
2.5271787643432617,1
3.221281051635742,1
3.5572891235351563,1
4.7263689041137695,1
3.46541166305542,1
3.053542137145996,1
3.758168935775757,1
3.223721504211426,1
3.1879608631134033,1
3.4390151500701904,1
3.320662498474121,1
3.3449978828430176,1
3.5235414505004883,1
3.3969287872314453,1
3.4038546085357666,1
3.0867772102355957,1
3.1884281635284424,1
2.8242130279541016,1
3.6352787017822266,1
3.9330861568450928,1
2.9500601291656494,1
2.996654510498047,1
2.6547975540161133,1
3.3738856315612793,1
3.175283432006836,1
3.1554930210113525,1
3.231288433074951,1
3.0250167846679688,1
2.5681042671203613,1
3.0093069076538086,1
3.4212279319763184,1
3.173135280609131,1
2.7267379760742188,1
3.6577439308166504,1
2.671557903289795,1
2.5677242279052734,1
3.216475486755371,1
2.939304828643799,1
2.341806173324585,1
3.298367977142334,1
2.8236536979675293,1
2.873950242996216,1
2.8241817951202393,1
3.1792376041412354,1
3.4902291297912598,1
2.676135540008545,1
3.240750789642334,1
3.2043023109436035,1
4.047750473022461,1
3.0731990337371826,1
2.9506702423095703,1
2.757878303527832,1
2.848564624786377,1
2.81923246383667,1
3.148458480834961,1
2.744321346282959,1
2.811361312866211,1
2.7332923412323,1
2.957129955291748,1
3.922110080718994,1
2.9834392070770264,1
3.3905138969421387,1
2.80844783782959,1
3.1644234657287598,1
3.4422311782836914,1
3.570383310317993,1
2.4435105323791504,1
3.454441547393799,1
2.8089122772216797,1
3.2180497646331787,1
3.2325501441955566,1
3.228778123855591,1
3.1696383953094482,1
3.808905601501465,1
3.472425937652588,1
3.0129549503326416,1
3.4766054153442383,1
3.404709815979004,1
3.2849209308624268,1
2.459202289581299,1
2.6097218990325928,1
2.287971019744873,1
2.827995777130127,1
2.2837870121002197,1
2.7569198608398438,1
2.294121265411377,1
3.196038246154785,1
3.1859545707702637,1
2.632972240447998,1
3.899477005004883,1
2.547436237335205,1
2.4934120178222656,1
3.187967300415039,1
2.8038406372070313,1
3.239363193511963,1
2.6524252891540527,1
3.3376526832580566,1
2.487138032913208,1
2.371706008911133,1
3.2598607540130615,1
2.451906681060791,1
3.389741897583008,1
2.874481439590454,1
2.6468937397003174,1
2.711441993713379,1
2.538534164428711,1
2.832911729812622,1
3.4036529064178467,1
2.3239197731018066,1
3.2701668739318848,1
3.040260076522827,1
2.9681596755981445,1
3.1363391876220703,1
3.4753682613372803,1
3.525937557220459,1
3.8270387649536133,1
3.170804262161255,1
2.9180757999420166,1
3.0211586952209473,1
3.539416790008545,1
3.180562973022461,1
3.860349655151367,1
3.489307403564453,1
3.874814987182617,1
3.7172012329101563,1
3.6223015785217285,1
4.436885833740234,1
5.14816951751709,1
3.957988739013672,1
2.8482730388641357,1
3.0993359088897705,1
3.0142602920532227,1
3.694777011871338,1
3.466736316680908,1
3.4753334522247314,1
3.2195262908935547,1
3.5782392024993896,1
3.4702258110046387,1
3.1691136360168457,1
3.593851089477539,1
3.5291500091552734,1
3.0305662155151367,1
3.3277881145477295,1
3.61574125289917,1
3.649739980697632,1
3.4521303176879883,1
3.8194241523742676,1
3.4014456272125244,1
3.348212242126465,1
3.565814256668091,1
3.0988945960998535,1
4.8172607421875,1
5.381567001342773,1
5.40750789642334,1
4.065383434295654,1
3.4296157360076904,1
3.1418752670288086,1
2.746975898742676,1
3.8169054985046387,1
3.8975021839141846,1
2.83590030670166,1
2.953974962234497,1
2.7412455081939697,1
4.370088577270508,1
2.8626558780670166,1
3.1107280254364014,1
2.819847583770752,1
4.029221534729004,1
3.3237547874450684,1
3.4970836639404297,1
3.199368476867676,1
3.0417604446411133,1
3.544156551361084,1
3.3391330242156982,1
3.0446057319641113,1
3.6834664344787598,1
3.2218947410583496,1
3.596985340118408,1
3.9153051376342773,1
3.1027936935424805,1
3.681029796600342,1
3.4318454265594482,1
2.65976619720459,1
2.622617721557617,1
2.570258140563965,1
3.4798367023468018,1
3.33682918548584,1
3.070669412612915,1
2.84903621673584,1
2.912839412689209,1
3.380491256713867,1
3.6546502113342285,1
3.1695218086242676,1
3.097440719604492,1
3.0454020500183105,1
3.2806460857391357,1
3.40999174118042,1
3.1893603801727295,1
3.252504825592041,1
3.257101535797119,1
2.9033172130584717,1
3.268895149230957,1
2.7307472229003906,1
3.072005271911621,1
2.590207099914551,1
2.477654218673706,1
3.118243455886841,1
2.9453349113464355,1
3.089095115661621,1
2.5831007957458496,1
2.8810391426086426,1
2.874155044555664,1
3.128950357437134,1
4.414527416229248,1
3.7988462448120117,1
3.6976919174194336,1
4.2779622077941895,1
2.542513370513916,1
3.3096418380737305,1
5.382621765136719,1
3.143784523010254,1
3.009456157684326,1
3.9062533378601074,1
2.89296293258667,1
2.9457693099975586,1
3.54459285736084,1
2.1579666137695313,1
3.5336480140686035,1
3.2602574825286865,1
2.8585431575775146,1
2.4397289752960205,1
2.9627532958984375,1
3.0637192726135254,1
3.5825769901275635,1
2.9196665287017822,1
3.5519227981567383,1
2.6232025623321533,1
2.9759976863861084,1
3.335386037826538,1
3.0929040908813477,1
2.7909088134765625,1
3.351869583129883,1
3.0858306884765625,1
2.910309076309204,1
3.143580675125122,1
2.666257858276367,1
3.0818142890930176,1
2.754929780960083,1
3.5994043350219727,1
2.930927276611328,1
4.011989116668701,1
3.1807870864868164,1
3.0725836753845215,1
2.978515386581421,1
3.2256112098693848,1
3.5251574516296387,1
4.4995317459106445,1
2.633331060409546,1
4.919034957885742,1
2.920588731765747,1
2.6710243225097656,1
2.417039394378662,1
4.223837852478027,1
3.914125919342041,1
3.161591053009033,1
2.193577289581299,1
2.6999945640563965,1
2.6463828086853027,1
2.774517059326172,1
2.6952929496765137,1
3.1653075218200684,1
3.480724811553955,1
3.270430564880371,1
3.151137590408325,1
2.6147031784057617,1
2.797590970993042,1
2.771596908569336,1
2.65309476852417,1
2.7347614765167236,1
3.15250301361084,1
2.754157543182373,1
3.616346836090088,1
3.066732168197632,1
3.0279059410095215,1
2.752894878387451,1
3.2725677490234375,1
2.55009126663208,1
2.4602444171905518,1
2.3080697059631348,1
3.4510369300842285,1
3.673734188079834,1
2.2292444705963135,1
2.3972067832946777,1
2.7184810638427734,1
3.041571617126465,1
2.6625542640686035,1
2.9375367164611816,1
2.513706922531128,1
3.53889799118042,1
2.5981554985046387,1
3.1501717567443848,1
2.9238712787628174,1
2.307032585144043,1
3.530689239501953,1
3.2393639087677,1
3.614553928375244,1
3.0002052783966064,1
3.274747848510742,1
3.5301003456115723,1
3.7165729999542236,1
3.6174283027648926,1
3.8551409244537354,1
2.8523902893066406,1
2.9140074253082275,1
2.851222276687622,1
2.3396384716033936,1
3.014030694961548,1
2.293323040008545,1
3.7588376998901367,1
3.0669875144958496,1
3.2251791954040527,1
2.85379695892334,1
4.128178119659424,1
3.0333080291748047,1
2.747281074523926,1
2.916534423828125,1
2.6928720474243164,1
3.256523609161377,1
3.4851598739624023,1
3.00929856300354,1
2.792254686355591,1
3.942047119140625,1
3.3020496368408203,1
3.5772712230682373,1
4.183325290679932,1
3.795212984085083,1
2.4692935943603516,1
2.6852684020996094,1
2.643888235092163,1
3.9999239444732666,1
3.1756298542022705,1
3.088254451751709,1
3.9628262519836426,1
2.984462022781372,1
2.785094738006592,1
3.97426176071167,1
2.744056224822998,1
3.1614110469818115,1
2.6912031173706055,1
2.9680285453796387,1
3.671297550201416,1
3.2241179943084717,1
4.602238655090332,1
4.351670265197754,1
2.968161106109619,1
3.385061025619507,1
3.026674509048462,1
2.6188392639160156,1
2.450084686279297,1
2.3066935539245605,1
2.8343844413757324,1
2.8811206817626953,1
3.0143613815307617,1
2.1525282859802246,1
4.008926868438721,1
2.8801236152648926,1
3.0268959999084473,1
2.5151114463806152,1
3.561002254486084,1
3.1612048149108887,1
2.9585652351379395,1
2.790225028991699,1
3.5814192295074463,1
2.312743663787842,1
2.7244114875793457,1
2.3366477489471436,1
3.313850164413452,1
3.064507484436035,1
2.598586082458496,1
2.882732391357422,1
5.161691665649414,1
4.006696701049805,1
4.037654399871826,1
3.243953227996826,1
3.4801464080810547,1
2.699354648590088,1
3.75956130027771,1
4.090147972106934,1
3.860661029815674,1
3.9908595085144043,1
3.2851710319519043,1
3.394439220428467,1
3.4169983863830566,1
3.0480265617370605,1
3.554007053375244,1
3.6516776084899902,1
5.9188032150268555,1
4.141472816467285,1
3.6370303630828857,1
3.4167542457580566,1
2.96370267868042,1
2.8464789390563965,1
3.631192445755005,1
3.060926675796509,1
2.961839199066162,1
2.931304454803467,1
3.439805507659912,1
2.716294765472412,1
3.52195405960083,1
3.825338840484619,1
3.477538585662842,1
3.2055892944335938,1
3.6602046489715576,1
3.046286106109619,1
3.9805777072906494,1
3.2104294300079346,1
2.6399736404418945,1
2.9420900344848633,1
3.1454429626464844,1
2.4726595878601074,1
2.858311414718628,1
3.700695753097534,1
3.179135322570801,1
2.612553119659424,1
3.255946159362793,1
2.78781795501709,1
5.342085361480713,1
3.018519401550293,1
3.2336485385894775,1
2.5254249572753906,1
2.974490165710449,1
2.218923330307007,1
3.2730793952941895,1
2.893108367919922,1
2.974978446960449,1
2.726137161254883,1
3.7396912574768066,1
2.5121259689331055,1
3.1540775299072266,1
2.9895808696746826,1
3.330430030822754,1
3.4064228534698486,1
2.366713523864746,1
2.1493096351623535,1
2.81028413772583,1
2.6415908336639404,1
3.3260669708251953,1
2.5232081413269043,1
4.857608795166016,1
4.048668384552002,1
2.2706573009490967,1
3.1145811080932617,1
2.3573317527770996,1
3.0787699222564697,1
3.172607421875,1
3.1437695026397705,1
2.9898617267608643,1
2.9686508178710938,1
2.845021963119507,1
3.0675878524780273,1
2.5553150177001953,1
3.0798773765563965,1
2.738253116607666,1
2.6161904335021973,1
2.665560007095337,1
2.3823256492614746,1
3.123628854751587,1
3.322805881500244,1
3.1722421646118164,1
4.696952819824219,1
3.389725685119629,1
2.761730670928955,1
2.762218475341797,1
3.4437332153320313,1
3.420642375946045,1
4.912498950958252,1
3.934943199157715,1
5.147587776184082,1
3.4965267181396484,1
3.5893495082855225,1
3.4899938106536865,1
2.5493009090423584,1
4.243772506713867,1
3.564030647277832,1
4.019762992858887,1
4.008727550506592,1
3.512376070022583,1
3.762044668197632,1
3.402684211730957,1
3.277643918991089,1
3.124058961868286,1
3.6467607021331787,1
3.6382529735565186,1
4.093780517578125,1
3.4733686447143555,1
3.2472004890441895,1
2.363741397857666,1
2.7723801136016846,1
2.7480077743530273,1
3.4826531410217285,1
3.8444976806640625,1
3.3954572677612305,1
3.0847980976104736,1
1.958625316619873,1
2.337103843688965,1
2.7239274978637695,1
2.989686965942383,1
3.6824376583099365,1
3.2872109413146973,1
2.812156915664673,1
3.5505435466766357,1
2.843791961669922,1
3.1162848472595215,1
3.2336368560791016,1
3.109416961669922,1
2.689100742340088,1
3.840430736541748,1
3.1305346488952637,1
2.7162628173828125,1
3.675056219100952,1
3.4571001529693604,1
2.298985719680786,1
3.4720051288604736,1
3.1832242012023926,1
2.632141590118408,1
2.4533119201660156,1
2.8035645484924316,1
2.907349109649658,1
2.8638806343078613,1
2.787637233734131,1
2.7924294471740723,1
2.57271146774292,1
2.883819580078125,1
2.9147233963012695,1
2.899867057800293,1
2.6981325149536133,1
3.42086124420166,1
2.7246851921081543,1
2.7208309173583984,1
3.3564300537109375,1
3.2737860679626465,1
2.9757747650146484,1
3.8636937141418457,1
3.7765002250671387,1
3.1514205932617188,1
2.6804556846618652,1
2.8472561836242676,1
2.3951797485351563,1
3.5962607860565186,1
5.805220603942871,1
2.334944725036621,1
2.639496088027954,1
3.078799247741699,1
3.1381680965423584,1
3.0817928314208984,1
3.460968017578125,1
2.7789533138275146,1
3.4116716384887695,1
3.6196861267089844,1
3.255133867263794,1
2.984513759613037,1
3.036162853240967,1
3.083223342895508,1
3.019434928894043,1
3.546250581741333,1
3.6069693565368652,1
2.904935836791992,1
3.114175319671631,1
3.2960402965545654,1
2.387453556060791,1
2.8251633644104004,1
3.727753162384033,1
2.661099433898926,1
3.235917091369629,1
2.9720797538757324,1
2.8562731742858887,1
2.4724292755126953,1
2.6649460792541504,1
2.8143510818481445,1
2.132071018218994,1
3.146411657333374,1
2.9564075469970703,1
2.9302282333374023,1
4.686014175415039,1
2.5991015434265137,1
2.5420289039611816,1
2.3535311222076416,1
3.950348138809204,1
4.506453514099121,1
3.391998767852783,1
2.896158218383789,1
3.552766799926758,1
3.7734014987945557,1
3.9525675773620605,1
3.544053554534912,1
3.5831050872802734,1
2.5842413902282715,1
3.868025302886963,1
3.311457872390747,1
3.3048410415649414,1
4.733389854431152,1
2.6246166229248047,1
2.912599563598633,1
2.8313474655151367,1
3.804304599761963,1
3.458557367324829,1
3.9830143451690674,1
3.240412712097168,1
3.712754726409912,1
3.157684803009033,1
3.477200508117676,1
2.8348307609558105,1
3.4614973068237305,1
3.762206554412842,1
3.3721251487731934,1
3.925999641418457,1
3.6449007987976074,1
3.8758692741394043,1
3.510443687438965,1
3.7033028602600098,1
2.8083853721618652,1
3.8757166862487793,1
3.939901828765869,1
2.3387460708618164,1
3.6184592247009277,1
3.146738052368164,1
3.027653694152832,1
2.880824089050293,1
3.119811534881592,1
2.360032320022583,1
2.596555233001709,1
2.7278668880462646,1
3.2279345989227295,1
3.5387277603149414,1
3.3880629539489746,1
3.275383234024048,1
2.828819751739502,1
3.0302727222442627,1
2.5271522998809814,1
4.030008792877197,1
3.6369216442108154,1
2.83449125289917,1
3.1887621879577637,1
3.053750991821289,1
3.1866703033447266,1
3.384848117828369,1
2.5502328872680664,1
3.0549192428588867,1
3.420419692993164,1
2.991291046142578,1
2.6160268783569336,1
3.3412718772888184,1
4.575074195861816,1
3.293473482131958,1
4.453319549560547,1
3.25697660446167,1
2.7305843830108643,1
3.308446168899536,1
2.474714517593384,1
2.6863222122192383,1
2.593628168106079,1
3.8489863872528076,1
3.5569090843200684,1
2.6832518577575684,1
4.063058853149414,1
4.128851890563965,1
3.6547157764434814,1
2.661848306655884,1
3.152191638946533,1
3.056286573410034,1
3.5039525032043457,1
3.6345090866088867,1
2.70550537109375,1
3.4709668159484863,1
3.0176661014556885,1
3.209794044494629,1
3.5946764945983887,1
3.746366500854492,1
3.1746506690979004,1
3.5181665420532227,1
2.942687511444092,1
3.257920742034912,1
2.9105489253997803,1
3.234215259552002,1
3.5509281158447266,1
3.2454280853271484,1
2.1069321632385254,1
3.050532341003418,1
2.7803683280944824,1
3.382481575012207,1
3.1205594539642334,1
2.355269432067871,1
2.256676197052002,1
2.392928123474121,1
2.22556209564209,1
3.65012264251709,1
2.4796478748321533,1
3.545503616333008,1
3.4196243286132813,1
3.354144811630249,1
2.933516502380371,1
3.9684324264526367,1
4.1580095291137695,1
4.496403217315674,1
3.416417121887207,1
4.053220272064209,1
3.116405725479126,1
2.9872350692749023,1
2.5760746002197266,1
3.2190794944763184,1
3.106736183166504,1
2.8200321197509766,1
2.89340877532959,1
2.710881471633911,1
3.7017297744750977,1
3.6314280033111572,1
3.068737745285034,1
2.9723916053771973,1
3.1213302612304688,1
2.7077765464782715,1
4.30413293838501,1
3.109898328781128,1
3.4763317108154297,1
3.0785913467407227,1
3.7798471450805664,1
3.54107666015625,1
3.4796619415283203,1
3.0539493560791016,1
3.4396705627441406,1
3.6666040420532227,1
3.225054979324341,1
3.425393581390381,1
3.7881734371185303,1
2.9614243507385254,1
3.1434144973754883,1
3.9547770023345947,1
3.595798969268799,1
2.7043540477752686,1
2.9027342796325684,1
3.147908926010132,1
3.1183390617370605,1
3.5028693675994873,1
2.8634753227233887,1
3.3836512565612793,1
3.0149595737457275,1
2.770163059234619,1
2.3039047718048096,1
3.8373818397521973,1
3.170128345489502,1
3.905139684677124,1
2.769763946533203,1
3.2926952838897705,1
3.725532054901123,1
2.7690911293029785,1
3.4080660343170166,1
2.9826974868774414,1
2.826359748840332,1
2.7726478576660156,1
3.0031113624572754,1
3.2010629177093506,1
3.6339111328125,1
2.771052598953247,1
2.632622480392456,1
3.0835366249084473,1
3.134615182876587,1
4.481411933898926,1
2.8152217864990234,1
2.7636215686798096,1
2.554687976837158,1
2.7071189880371094,1
3.09393572807312,1
3.1452555656433105,1
2.725503921508789,1
3.13824200630188,1
3.4337501525878906,1
2.87518310546875,1
3.6544582843780518,1
2.7038774490356445,1
3.032733201980591,1
3.1952617168426514,1
3.121267080307007,1
2.8959226608276367,1
2.410557270050049,1
2.8053665161132813,1
3.0054373741149902,1
2.874875068664551,1
3.565213203430176,1
3.633155345916748,1
2.9500651359558105,1
3.545306921005249,1
2.7563676834106445,1
2.969203233718872,1
3.6084022521972656,1
3.356055498123169,1
3.4495606422424316,1
3.9238977432250977,1
3.4846057891845703,1
3.7867250442504883,1
3.2319631576538086,1
3.7137653827667236,1
2.646854877471924,1
2.9996237754821777,1
3.5528907775878906,1
2.3861536979675293,1
3.0626578330993652,1
3.890380859375,1
3.8802568912506104,1
3.897221565246582,1
4.415574550628662,1
3.464082717895508,1
3.923213481903076,1
3.470691680908203,1
3.9570412635803223,1
3.0562729835510254,1
3.8207242488861084,1
4.363838195800781,1
3.5983734130859375,1
3.8452513217926025,1
3.6817665100097656,1
4.014962196350098,1
3.0648891925811768,1
3.486605405807495,1
4.5764923095703125,1
3.9613428115844727,1
2.8507742881774902,1
3.357226848602295,1
3.788078784942627,1
3.9390244483947754,1
4.3162736892700195,1
3.4136734008789063,1
3.017660617828369,1
3.0118355751037598,1
2.9889636039733887,1
3.375335454940796,1
2.8804008960723877,1
3.6811270713806152,1
3.09151029586792,1
3.7514002323150635,1
3.885605573654175,1
3.2297613620758057,1
3.246332883834839,1
3.42012619972229,1
2.984370470046997,1
3.4475643634796143,1
2.8131604194641113,1
3.1998131275177,1
2.5163774490356445,1
3.046755790710449,1
3.1682724952697754,1
3.569753646850586,1
3.1613714694976807,1
3.1934890747070313,1
3.0860185623168945,1
2.9114880561828613,1
3.1516122817993164,1
4.043099403381348,1
3.8463892936706543,1
3.3227314949035645,1
4.089201927185059,1
4.013340950012207,1
3.004789113998413,1
3.123852252960205,1
3.9480223655700684,1
3.6894538402557373,1
3.987274169921875,1
3.3046460151672363,1
2.6958346366882324,1
3.0508151054382324,1
3.685688018798828,1
2.6210439205169678,1
2.847080945968628,1
4.943423271179199,1
3.618117332458496,1
3.379545211791992,1
3.5522565841674805,1
4.060929775238037,1
3.4470462799072266,1
3.034538745880127,1
3.066488265991211,1
3.4803481101989746,1
2.9557251930236816,1
4.373739242553711,1
2.700990915298462,1
2.59610652923584,1
3.976154327392578,1
3.2388463020324707,1
3.2515506744384766,1
3.345534563064575,1
3.015904426574707,1
3.2383322715759277,1
2.9087255001068115,1
3.051007032394409,1
4.275686264038086,1
3.568422794342041,1
3.099177360534668,1
2.9778265953063965,1
3.2237019538879395,1
2.7361581325531006,1
2.4952526092529297,1
2.975287914276123,1
3.1392860412597656,1
2.984104633331299,1
3.0768964290618896,1
3.1292824745178223,1
3.7022719383239746,1
4.056136131286621,1
2.325833797454834,1
4.154120445251465,1
3.613983154296875,1
3.5094170570373535,1
2.6269114017486572,1
2.605438232421875,1
3.2583298683166504,1
2.9644615650177,1
3.740339994430542,1
3.7125349044799805,1
3.010554313659668,1
3.0315966606140137,1
2.863898754119873,1
2.681138038635254,1
2.990260601043701,1
3.1145591735839844,1
2.0888848304748535,1
3.139840841293335,1
3.124410629272461,1
2.9470183849334717,1
2.6239728927612305,1
2.957688570022583,1
3.085515260696411,1
3.465618133544922,1
2.72055983543396,1
3.7651638984680176,1
3.234318733215332,1
3.0987534523010254,1
2.367999792098999,1
3.3347272872924805,1
3.8199973106384277,1
2.427974224090576,1
3.3264169692993164,1
2.6304538249969482,1
3.204996347427368,1
2.9730465412139893,1
3.340485095977783,1
3.2031304836273193,1
2.4114644527435303,1
3.729337692260742,1
3.1649203300476074,1
2.906708002090454,1
2.7216391563415527,1
2.7553091049194336,1
3.1739840507507324,1
3.2199411392211914,1
2.6714906692504883,1
2.5314629077911377,1
3.1185264587402344,1
3.1538805961608887,1
4.121242046356201,1
3.6235408782958984,1
2.5281760692596436,1
3.638960361480713,1
1.871817708015442,1
3.020214080810547,1
2.636630058288574,1
4.388144493103027,1
2.954315662384033,1
2.8749821186065674,1
2.6255483627319336,1
3.1987228393554688,1
3.537048578262329,1
3.3175511360168457,1
3.0763638019561768,1
4.020701885223389,1
3.065948486328125,1
2.9423065185546875,1
3.4200429916381836,1
3.250349521636963,1
2.9227473735809326,1
2.996082305908203,1
2.7914528846740723,1
2.9591150283813477,1
2.890653371810913,1
3.3778622150421143,1
3.094129800796509,1
3.0530149936676025,1
2.6724681854248047,1
3.197154998779297,1
2.77823543548584,1
2.8305180072784424,1
3.8422303199768066,1
2.868964195251465,1
2.913876533508301,1
2.4528896808624268,1
2.427311897277832,1
2.508779287338257,1
2.854743242263794,1
3.2524263858795166,1
4.012202262878418,1
2.610839605331421,1
2.9646263122558594,1
3.1042048931121826,1
3.1158344745635986,1
2.9185636043548584,1
3.57313871383667,1
2.5767264366149902,1
3.101177215576172,1
3.176823616027832,1
3.2320499420166016,1
3.0018222332000732,1
3.1264827251434326,1
4.061426162719727,1
3.0982871055603027,1
3.4109017848968506,1
3.0140583515167236,1
3.1610019207000732,1
3.0192348957061768,1
3.118318557739258,1
2.942106246948242,1
3.8014841079711914,1
3.593667507171631,1
3.9541592597961426,1
3.018998146057129,1
3.6453938484191895,1
4.534445285797119,1
3.6446287631988525,1
3.144256830215454,1
3.244676113128662,1
3.2156424522399902,1
3.3260581493377686,1
3.352631092071533,1
3.384913444519043,1
3.2823150157928467,1
3.2420458793640137,1
3.8851919174194336,1
3.5868563652038574,1
3.3392691612243652,1
2.62308406829834,1
2.9439468383789063,1
3.479074478149414,1
2.456355094909668,1
3.1231894493103027,1
2.8230865001678467,1
2.7121939659118652,1
3.002074956893921,1
2.4569365978240967,1
3.653114080429077,1
2.533360242843628,1
2.661590814590454,1
3.2127702236175537,1
3.474421739578247,1
2.252483606338501,1
2.2525887489318848,1
3.046262264251709,1
2.993941068649292,1
2.240502119064331,1
3.2657382488250732,1
2.4656553268432617,1
3.730241537094116,1
2.64109468460083,1
4.212814807891846,1
3.0293893814086914,1
2.6186485290527344,1
3.675050735473633,1
2.8516743183135986,1
3.336272954940796,1
3.1039741039276123,1
3.348398447036743,1
2.9912643432617188,1
3.1293540000915527,1
3.305569648742676,1
2.47999906539917,1
2.6817917823791504,1
3.7274820804595947,1
2.8879551887512207,1
3.3752083778381348,1
3.6153035163879395,1
3.118344306945801,1
4.427576541900635,1
2.605556011199951,1
3.775670289993286,1
3.2951011657714844,1
3.3084895610809326,1
3.815458059310913,1
3.5283544063568115,1
2.870166301727295,1
3.780094623565674,1
3.485988140106201,1
3.0050461292266846,1
3.699143409729004,1
2.9655301570892334,1
3.6510157585144043,1
3.123446464538574,1
2.8499605655670166,1
2.3994712829589844,1
2.5128321647644043,1
3.1991286277770996,1
3.4090676307678223,1
3.2807135581970215,1
3.0584945678710938,1
2.569394826889038,1
2.5670888423919678,1
2.813917636871338,1
3.36543345451355,1
3.086068868637085,1
3.3491415977478027,1
2.5575132369995117,1
3.0607738494873047,1
2.470632314682007,1
3.030880928039551,1
4.18314266204834,1
3.3260269165039063,1
2.471902847290039,1
3.261918067932129,1
2.045856475830078,1
3.636422872543335,1
2.5066280364990234,1
3.470761299133301,1
2.7892727851867676,1
2.853241443634033,1
2.260361909866333,1
3.4460811614990234,1
3.0591416358947754,1
2.533647060394287,1
3.124455690383911,1
2.491455078125,1
2.7535552978515625,1
2.3872146606445313,1
3.710556983947754,1
3.321561813354492,1
2.6787478923797607,1
3.765024423599243,1
2.937837839126587,1
2.1165645122528076,1
2.5041542053222656,1
3.1867446899414063,1
2.9575207233428955,1
3.1134018898010254,1
3.1290829181671143,1
2.740960121154785,1
2.81794810295105,1
3.2824759483337402,1
3.0283145904541016,1
3.2333970069885254,1
2.9678070545196533,1
2.8382012844085693,1
2.4641692638397217,1
3.0666661262512207,1
3.2461791038513184,1
2.957857608795166,1
5.992269039154053,1
3.315065383911133,1
3.719240665435791,1
3.07552433013916,1
3.873096227645874,1
3.3927297592163086,1
3.6005401611328125,1
3.276273250579834,1
3.489954948425293,1
3.199704885482788,1
3.494621753692627,1
3.547917366027832,1
3.0617334842681885,1
2.558258295059204,1
3.266541004180908,1
3.1088151931762695,1
2.974809169769287,1
3.344144821166992,1
3.338042736053467,1
3.633045196533203,1
3.874565839767456,1
3.5207149982452393,1
3.029651641845703,1
3.4514851570129395,1
3.5757365226745605,1
3.134192705154419,1
3.431979179382324,1
3.5280027389526367,1
3.678530693054199,1
3.2702229022979736,1
2.4132347106933594,1
3.2172064781188965,1
3.5464720726013184,1
2.654259204864502,1
3.2814698219299316,1
3.5468220710754395,1
2.7491941452026367,1
2.712111711502075,1
3.351233720779419,1
2.9959797859191895,1
2.6817166805267334,1
3.139357566833496,1
3.234266996383667,1
3.1338071823120117,1
2.5219454765319824,1
3.2771573066711426,1
3.5070338249206543,1
2.9431753158569336,1
3.5874526500701904,1
2.4906187057495117,1
3.693150758743286,1
5.343625068664551,1
2.854391098022461,1
3.4993724822998047,1
3.5824263095855713,1
3.2390880584716797,1
3.2521541118621826,1
3.4438462257385254,1
2.872742176055908,1
3.731567859649658,1
3.539212226867676,1
3.030689001083374,1
2.3681087493896484,1
3.609614610671997,1
2.950894832611084,1
2.014249801635742,1
2.8380374908447266,1
3.0535366535186768,1
3.094963550567627,1
2.8314859867095947,1
3.027609348297119,1
2.487255096435547,1
2.719492197036743,1
2.6524922847747803,1
3.373910665512085,1
3.075824737548828,1
2.6133971214294434,1
3.047557830810547,1
2.923154354095459,1
2.4376401901245117,1
3.1692543029785156,1
2.717036008834839,1
2.5641138553619385,1
3.255227565765381,1
2.7078866958618164,1
2.6190693378448486,1
2.3331074714660645,1
2.4847800731658936,1
3.5404906272888184,1
2.6452040672302246,1
2.906123161315918,1
3.0566658973693848,1
2.97060489654541,1
3.499885082244873,1
2.8938190937042236,1
2.6775002479553223,1
3.0606560707092285,1
2.3577687740325928,1
3.0635485649108887,1
2.2788784503936768,1
2.7588675022125244,1
2.547405242919922,1
4.049683570861816,1
3.284752130508423,1
3.2523183822631836,1
3.257507085800171,1
3.2210500240325928,1
2.7415411472320557,1
3.2221908569335938,1
2.7305500507354736,1
2.8449697494506836,1
2.7156264781951904,1
3.173336982727051,1
2.4310078620910645,1
2.935793399810791,1
2.9063758850097656,1
2.5361552238464355,1
3.4138760566711426,1
2.78090763092041,1
3.6848573684692383,1
3.2336792945861816,1
2.520203113555908,1
3.7054443359375,1
3.0091304779052734,1
3.0308074951171875,1
2.941071033477783,1
3.107923746109009,1
2.923658847808838,1
2.8272857666015625,1
3.452319383621216,1
2.8583216667175293,1
3.384977340698242,1
3.238736391067505,1
3.288914442062378,1
3.069084644317627,1
2.9971046447753906,1
2.477348804473877,1
2.8168463706970215,1
3.2329862117767334,1
3.654376268386841,1
2.5225589275360107,1
2.965954303741455,1
3.705500364303589,1
3.348419427871704,1
2.588458299636841,1
2.886129856109619,1
3.5456607341766357,1
3.0130178928375244,1
3.2690954208374023,1
3.393217086791992,1
3.181743621826172,1
3.0683059692382813,1
3.25844669342041,1
2.6969385147094727,1
2.5144505500793457,1
2.865211009979248,1
2.8389644622802734,1
2.4418842792510986,1
3.45339298248291,1
4.4673309326171875,1
2.5544722080230713,1
3.900301456451416,1
3.691746473312378,1
2.815396785736084,1
3.729051113128662,1
4.266888618469238,1
3.228715419769287,1
6.0388641357421875,1
3.2505340576171875,1
2.186276912689209,1
2.594956398010254,1
3.8326194286346436,1
3.6228525638580322,1
3.224030017852783,1
3.440675735473633,1
3.5941622257232666,1
3.4338388442993164,1
3.0599923133850098,1
3.2862491607666016,1
2.939298629760742,1
2.484391212463379,1
3.156325340270996,1
2.674095630645752,1
3.316187620162964,1
2.624258041381836,1
2.5880532264709473,1
2.4511542320251465,1
2.36714506149292,1
2.6960947513580322,1
2.8513686656951904,1
2.392271041870117,1
3.279855251312256,1
2.392836093902588,1
2.9449667930603027,1
2.9032764434814453,1
2.696772575378418,1
3.117276906967163,1
2.7042007446289063,1
2.8887948989868164,1
3.399873733520508,1
3.0547993183135986,1
3.517627000808716,1
3.157238245010376,1
3.047786235809326,1
2.995360851287842,1
3.103778839111328,1
2.7066235542297363,1
2.529017448425293,1
3.235156774520874,1
3.0832927227020264,1
2.6182734966278076,1
2.0815954208374023,1
3.4114980697631836,1
2.5852913856506348,1
2.492299795150757,1
2.8617985248565674,1
2.725803852081299,1
3.0885872840881348,1
2.723642349243164,1
2.6241912841796875,1
2.229801654815674,1
3.585890531539917,1
4.0049591064453125,1
3.7452242374420166,1
3.041623115539551,1
3.4779911041259766,1
3.664461851119995,1
3.0652408599853516,1
2.6187336444854736,1
3.124431848526001,1
3.367037296295166,1
3.5718636512756348,1
3.5535240173339844,1
2.5809988975524902,1
2.8153984546661377,1
2.7315726280212402,1
2.4638304710388184,1
3.482712745666504,1
4.154744625091553,1
4.739598751068115,1
3.005805253982544,1
2.6976065635681152,1
2.746683120727539,1
2.927466630935669,1
2.597957134246826,1
2.7871298789978027,1
3.1180405616760254,1
3.123720169067383,1
2.9396157264709473,1
2.985743999481201,1
2.9729244709014893,1
2.3175504207611084,1
2.790529251098633,1
2.67872953414917,1
2.7336015701293945,1
2.7193264961242676,1
3.387600898742676,1
3.179241418838501,1
3.132209300994873,1
3.586225748062134,1
3.7358884811401367,1
2.3900928497314453,1
3.589186429977417,1
3.5702130794525146,1
2.9004945755004883,1
3.7251946926116943,1
3.6137454509735107,1
3.454704523086548,1
2.668607473373413,1
3.1464619636535645,1
3.217672348022461,1
3.0645480155944824,1
3.1950690746307373,1
2.776308059692383,1
2.6632697582244873,1
2.864776134490967,1
2.4986352920532227,1
3.2993366718292236,1
2.8995776176452637,1
3.065772771835327,1
2.9724960327148438,1
2.2721898555755615,1
2.8840928077697754,1
3.269339084625244,1
2.5648117065429688,1
2.9241325855255127,1
3.1788382530212402,1
2.366694927215576,1
2.455315113067627,1
3.170809745788574,1
3.417445421218872,1
2.3777105808258057,1
2.9872336387634277,1
2.5743541717529297,1
3.7641868591308594,1
3.3481388092041016,1
2.8083643913269043,1
3.2141647338867188,1
3.0177249908447266,1
3.3150548934936523,1
2.4247231483459473,1
3.046400547027588,1
2.0889155864715576,1
2.6980209350585938,1
3.5628631114959717,1
2.982422113418579,1
3.178875207901001,1
2.297398090362549,1
2.5355961322784424,1
2.7102673053741455,1
2.9164509773254395,1
2.554490566253662,1
2.8846395015716553,1
2.796609401702881,1
2.590338945388794,1
3.690758228302002,1
3.2726781368255615,1
2.3675827980041504,1
2.8390374183654785,1
1.9852741956710815,1
2.826226234436035,1
2.847989082336426,1
2.868415355682373,1
3.1332406997680664,1
2.6106646060943604,1
2.1392550468444824,1
2.4491500854492188,1
2.653660535812378,1
3.7681937217712402,1
3.3591833114624023,1
3.249084949493408,1
2.721846103668213,1
2.694157361984253,1
2.937106132507324,1
2.8545467853546143,1
3.1160197257995605,1
3.3810665607452393,1
2.8244857788085938,1
2.586538314819336,1
2.662794828414917,1
2.933192253112793,1
3.7248892784118652,1
3.4650111198425293,1
2.874431610107422,1
3.529507637023926,1
3.453799247741699,1
4.062294006347656,1
2.3595633506774902,1
2.7523560523986816,1
2.5672717094421387,1
2.478121280670166,1
2.3667516708374023,1
3.4007253646850586,1
3.2609472274780273,1
2.193277359008789,1
2.553860902786255,1
3.184173107147217,1
3.060152053833008,1
2.97090744972229,1
2.6681907176971436,1
3.4074935913085938,1
2.470914363861084,1
2.7851967811584473,1
2.7225213050842285,1
3.4438095092773438,1
2.427834987640381,1
2.2034943103790283,1
2.5551576614379883,1
3.408942699432373,1
3.741150379180908,1
4.240486145019531,1
3.0746920108795166,1
3.8919143676757813,1
4.013040542602539,1
2.6836462020874023,1
2.78316068649292,1
2.6338229179382324,1
3.4699785709381104,1
2.8896331787109375,1
2.9142637252807617,1
2.285999059677124,1
3.148106098175049,1
2.5100595951080322,1
2.749124526977539,1
2.652843952178955,1
2.2442965507507324,1
2.7905468940734863,1
2.4167089462280273,1
2.942369222640991,1
2.78971266746521,1
3.0442891120910645,1
2.178621768951416,1
3.752070426940918,1
2.8004870414733887,1
3.263068675994873,1
3.196280002593994,1
2.3254246711730957,1
2.149125576019287,1
2.4387929439544678,1
2.104369640350342,1
2.863096237182617,1
3.0577266216278076,1
2.529418468475342,1
2.263223648071289,1
2.920590877532959,1
3.3450560569763184,1
2.2021710872650146,1
2.8328614234924316,1
4.018074989318848,1
2.4946603775024414,1
3.7743148803710938,1
2.3843936920166016,1
2.7290396690368652,1
2.5769734382629395,1
3.425419807434082,1
3.4789347648620605,1
2.456583261489868,1
2.6325175762176514,1
2.737816333770752,1
3.309197425842285,1
3.428694248199463,1
2.7864651679992676,1
3.3215460777282715,1
2.7949652671813965,1
2.7771036624908447,1
3.6359808444976807,1
4.286431789398193,1
3.4215281009674072,1
3.087433338165283,1
2.6567063331604004,1
2.8296031951904297,1
4.780223846435547,1
4.3046555519104,1
2.4371399879455566,1
2.543335199356079,1
3.329136848449707,1
2.7468321323394775,1
2.492711305618286,1
2.937025547027588,1
3.6309664249420166,1
3.619541883468628,1
2.3640284538269043,1
3.774116039276123,1
3.1046640872955322,1
2.836888313293457,1
2.805469036102295,1
3.0570311546325684,1
2.8252320289611816,1
2.6792383193969727,1
2.647913694381714,1
2.670257568359375,1
2.4908273220062256,1
2.9658422470092773,1
2.6981987953186035,1
2.810375213623047,1
2.835143566131592,1
2.491417169570923,1
3.050945997238159,1
2.700748920440674,1
3.025545120239258,1
2.396214723587036,1
3.117485523223877,1
3.3570380210876465,1
2.8531668186187744,1
2.655440330505371,1
2.912933588027954,1
2.5534229278564453,1
2.3358466625213623,1
4.025488376617432,1
2.6273691654205322,1
2.219433307647705,1
2.9457411766052246,1
3.063002347946167,1
3.223924398422241,1
3.7411603927612305,1
2.719862699508667,1
3.2762770652770996,1
2.821507453918457,1
3.0323171615600586,1
1.917385458946228,1
2.4999544620513916,1
3.11474609375,1
2.4690306186676025,1
2.9399423599243164,1
3.598548412322998,1
2.7976386547088623,1
2.6970295906066895,1
2.8438849449157715,1
2.5210118293762207,1
2.270294189453125,1
3.7291243076324463,1
2.516932964324951,1
2.2687535285949707,1
3.3834075927734375,1
2.980193614959717,1
2.219336748123169,1
3.68280291557312,1
2.7973155975341797,1
4.656988143920898,1
3.7201881408691406,1
2.7130634784698486,1
3.1769421100616455,1
2.834110975265503,1
3.0020065307617188,1
3.15458607673645,1
2.7323906421661377,1
4.210171222686768,1
3.1771135330200195,1
2.9714136123657227,1
3.0524842739105225,1
2.9832711219787598,1
3.3592770099639893,1
3.2437758445739746,1
3.109160900115967,1
3.5463829040527344,1
3.629572629928589,1
1.8371281623840332,1
3.003335952758789,1
3.009889602661133,1
2.5659170150756836,1
2.8195600509643555,1
2.603519916534424,1
2.7702479362487793,1
3.820401668548584,1
2.972259521484375,1
3.1538491249084473,1
3.2249226570129395,1
3.3287830352783203,1
2.363673210144043,1
3.1505391597747803,1
2.730903148651123,1
3.237255334854126,1
2.283161163330078,1
2.464041233062744,1
2.574533224105835,1
3.5967354774475098,1
3.2152817249298096,1
3.881943702697754,1
2.9499120712280273,1
2.3468639850616455,1
3.580587387084961,1
2.9577107429504395,1
3.548072576522827,1
3.193415880203247,1
2.3054990768432617,1
2.5564866065979004,1
3.343611717224121,1
3.5397417545318604,1
3.471813678741455,1
3.1748199462890625,1
3.2670421600341797,1
2.869265556335449,1
2.7731802463531494,1
2.8018851280212402,1
3.045760154724121,1
3.6469132900238037,1
2.744847536087036,1
2.8389129638671875,1
3.2157390117645264,1
2.612837791442871,1
2.3990719318389893,1
2.699950933456421,1
3.155130624771118,1
2.846269130706787,1
2.744934320449829,1
2.020200729370117,1
3.318849563598633,1
2.7985568046569824,1
2.9208903312683105,1
2.1794989109039307,1
2.178983211517334,1
3.0922763347625732,1
2.923985481262207,1
2.349903106689453,1
2.5572283267974854,1
2.4319958686828613,1
2.4412336349487305,1
3.064351797103882,1
2.898305654525757,1
2.9055120944976807,1
2.5976879596710205,1
3.1582794189453125,1
3.1098380088806152,1
3.074002504348755,1
2.7198057174682617,1
2.790778636932373,1
2.8224191665649414,1
2.9811513423919678,1
3.0248355865478516,1
2.8621506690979004,1
2.755347728729248,1
2.827570676803589,1
2.4717180728912354,1
2.2318100929260254,1
2.3620920181274414,1
2.5433716773986816,1
3.1911869049072266,1
3.0709128379821777,1
2.4346752166748047,1
2.84360408782959,1
2.640349864959717,1
2.827482223510742,1
3.465275764465332,1
3.309870719909668,1
3.2729744911193848,1
3.5309653282165527,1
3.566004753112793,1
3.0372314453125,1
2.860212802886963,1
3.246741533279419,1
2.8354997634887695,1
3.1459860801696777,1
2.6080851554870605,1
3.238893508911133,1
3.4087140560150146,1
2.978292465209961,1
3.731466293334961,1
2.0889620780944824,1
3.381326675415039,1
2.958113670349121,1
3.585690975189209,1
3.176239013671875,1
2.972804069519043,1
2.9578912258148193,1
2.998703718185425,1
2.9769067764282227,1
2.9680633544921875,1
2.990105390548706,1
2.5777411460876465,1
2.4479238986968994,1
3.997556686401367,1
2.818203926086426,1
3.14932918548584,1
2.4720959663391113,1
2.917052745819092,1
3.250734329223633,1
3.4986610412597656,1
2.8279647827148438,1
2.8821802139282227,1
2.9453611373901367,1
2.7008960247039795,1
2.718202590942383,1
2.606008291244507,1
3.4250075817108154,1
3.3190083503723145,1
3.4826178550720215,1
2.916637897491455,1
2.930850028991699,1
2.4820337295532227,1
2.7451395988464355,1
2.9437050819396973,1
2.878033399581909,1
2.332828998565674,1
5.5003767013549805,1
3.3601956367492676,1
3.43460750579834,1
3.2683866024017334,1
2.997438430786133,1
3.8927602767944336,1
3.8151328563690186,1
3.199150800704956,1
2.6496922969818115,1
3.2377419471740723,1
3.4890010356903076,1
3.3792929649353027,1
3.750809907913208,1
4.218229293823242,1
3.3965606689453125,1
3.3869197368621826,1
3.00091290473938,1
4.214969635009766,1
2.9057960510253906,1
3.195950984954834,1
2.9449665546417236,1
2.7907090187072754,1
2.6843433380126953,1
2.958568572998047,1
3.378215789794922,1
3.801377773284912,1
2.9469540119171143,1
5.282483100891113,1
3.094177484512329,1
3.1256518363952637,1
3.214454412460327,1
3.992361068725586,1
3.543898105621338,1
4.739695072174072,1
3.0715739727020264,1
3.419538736343384,1
3.0418922901153564,1
3.5661332607269287,1
3.3599178791046143,1
2.629664421081543,1
2.720299482345581,1
2.5019381046295166,1
3.4794726371765137,1
3.6583962440490723,1
1.866968035697937,1
3.9500744342803955,1
2.4575624465942383,1
2.179769515991211,1
2.2245516777038574,1
3.6585350036621094,1
3.8759987354278564,1
2.5985476970672607,1
2.331087350845337,1
3.5839362144470215,1
3.263885021209717,1
2.602393865585327,1
3.7469217777252197,1
3.659672260284424,1
3.176698684692383,1
2.980772018432617,1
3.2101519107818604,1
2.702683925628662,1
2.835123300552368,1
2.4538674354553223,1
2.978623390197754,1
4.612549781799316,1
4.62581729888916,1
5.013843536376953,1
5.319682598114014,1
4.714264869689941,1
3.0084362030029297,1
4.7561492919921875,1
2.784977912902832,1
2.6190311908721924,1
3.6285834312438965,1
3.4458746910095215,1
3.1249048709869385,1
2.710057020187378,1
