3.402179479598999,1
3.130539894104004,1
2.795227289199829,1
3.2764930725097656,1
3.0947937965393066,1
2.80340576171875,1
2.99651837348938,1
3.21437931060791,1
2.6097779273986816,1
3.6379714012145996,1
2.9174141883850098,1
3.4119553565979004,1
2.6377689838409424,1
2.9911370277404785,1
2.8127191066741943,1
2.85882568359375,1
3.0841991901397705,1
2.9113264083862305,1
3.193606376647949,1
3.1206727027893066,1
3.2334535121917725,1
2.8152339458465576,1
3.1214613914489746,1
3.1468396186828613,1
2.9865124225616455,1
3.013967514038086,1
2.952664852142334,1
3.1000285148620605,1
3.3128347396850586,1
2.8126778602600098,1
2.986527919769287,1
3.6891369819641113,1
2.938598871231079,1
3.6071090698242188,1
3.2774972915649414,1
3.1667773723602295,1
3.576427459716797,1
3.054182291030884,1
2.869131326675415,1
3.276841878890991,1
3.211874008178711,1
3.073763132095337,1
3.138711452484131,1
3.4568076133728027,1
3.147484302520752,1
3.1475954055786133,1
3.453890323638916,1
2.991860866546631,1
2.7106215953826904,1
3.0105459690093994,1
3.3611345291137695,1
3.3581156730651855,1
2.639110803604126,1
3.095399856567383,1
3.2121846675872803,1
2.803550958633423,1
3.2972970008850098,1
3.457712411880493,1
3.295999526977539,1
3.175654411315918,1
3.0888328552246094,1
3.8695714473724365,1
3.0826470851898193,1
2.942660331726074,1
3.29854679107666,1
2.8554892539978027,1
2.8461854457855225,1
2.9483938217163086,1
3.1554336547851563,1
2.8541524410247803,1
3.4315483570098877,1
3.3735032081604004,1
2.997159242630005,1
3.181239604949951,1
3.581556797027588,1
3.1869325637817383,1
3.418794631958008,1
2.835456371307373,1
3.033690929412842,1
3.035412549972534,1
3.2220194339752197,1
3.219045639038086,1
3.161623477935791,1
3.3739237785339355,1
2.8082847595214844,1
3.2326924800872803,1
3.2698557376861572,1
3.288738250732422,1
2.8058996200561523,1
2.957275390625,1
3.139150619506836,1
3.4008688926696777,1
3.022611141204834,1
3.1048803329467773,1
2.6647205352783203,1
3.2319488525390625,1
2.8292222023010254,1
3.088348865509033,1
3.2383499145507813,1
3.241800308227539,1
2.901409149169922,1
3.690173864364624,1
2.9530036449432373,1
2.9926347732543945,1
3.229119300842285,1
3.2778406143188477,1
3.060932159423828,1
3.179715394973755,1
2.920560836791992,1
3.13761043548584,1
2.969865322113037,1
3.4721524715423584,1
2.9880599975585938,1
3.392514705657959,1
3.0048463344573975,1
3.0855202674865723,1
3.3702845573425293,1
3.0763211250305176,1
3.127453327178955,1
3.302304744720459,1
2.7905213832855225,1
3.292501449584961,1
2.8850440979003906,1
3.3559277057647705,1
3.1588034629821777,1
3.1123781204223633,1
3.6181936264038086,1
2.6228890419006348,1
3.054267168045044,1
3.4596359729766846,1
3.317305326461792,1
3.169248580932617,1
3.2282683849334717,1
3.320368766784668,1
3.3970131874084473,1
2.872178316116333,1
3.0555174350738525,1
3.125347852706909,1
2.970075845718384,1
2.7629928588867188,1
2.837554931640625,1
2.829608917236328,1
3.0287671089172363,1
2.9133708477020264,1
3.7098727226257324,1
2.575249671936035,1
3.288616180419922,1
3.23637056350708,1
3.110313653945923,1
2.922010660171509,1
3.0858023166656494,1
2.8536572456359863,1
3.384660005569458,1
3.191263437271118,1
2.6806764602661133,1
3.2578978538513184,1
3.102860927581787,1
3.3826775550842285,1
3.466060161590576,1
2.9707398414611816,1
2.8575263023376465,1
3.4257593154907227,1
3.1364986896514893,1
3.1157000064849854,1
3.020958185195923,1
3.713618755340576,1
2.9265799522399902,1
3.0165910720825195,1
2.8915791511535645,1
3.1120054721832275,1
3.011354923248291,1
2.8704609870910645,1
2.924285888671875,1
3.0128605365753174,1
3.041801929473877,1
3.1563475131988525,1
3.0121092796325684,1
3.097609519958496,1
2.9974045753479004,1
3.4883852005004883,1
3.48152494430542,1
3.3555448055267334,1
3.6205430030822754,1
3.2296409606933594,1
3.6214494705200195,1
3.1874258518218994,1
3.0989441871643066,1
3.228126049041748,1
3.3267040252685547,1
3.1299896240234375,1
3.1072752475738525,1
3.3382675647735596,1
3.2529592514038086,1
3.3027772903442383,1
2.927602767944336,1
2.649827480316162,1
3.289100170135498,1
3.092902183532715,1
3.3825182914733887,1
3.301992416381836,1
2.8730058670043945,1
2.8401691913604736,1
3.1756081581115723,1
2.8922934532165527,1
3.076859712600708,1
2.9508962631225586,1
2.743704080581665,1
2.9199676513671875,1
3.1453537940979004,1
3.0062499046325684,1
3.2819199562072754,1
3.186687469482422,1
3.2503700256347656,1
3.3885231018066406,1
3.670696973800659,1
2.74936842918396,1
3.140644073486328,1
2.93290376663208,1
3.2143173217773438,1
2.8971850872039795,1
3.3722071647644043,1
2.9705872535705566,1
3.142026901245117,1
3.093468189239502,1
2.780419111251831,1
3.2283148765563965,1
3.1912827491760254,1
3.116209030151367,1
2.5707967281341553,1
3.3345580101013184,1
3.0589799880981445,1
3.2386207580566406,1
3.238884449005127,1
3.1723365783691406,1
2.788694143295288,1
2.8696162700653076,1
3.314815044403076,1
3.118900775909424,1
2.92795991897583,1
3.2129859924316406,1
2.7792348861694336,1
2.903003692626953,1
3.039581775665283,1
3.0873732566833496,1
3.2118213176727295,1
2.6200103759765625,1
3.4479358196258545,1
2.8349311351776123,1
2.805164337158203,1
2.9947903156280518,1
3.242628812789917,1
3.6402227878570557,1
2.8406076431274414,1
2.609659433364868,1
3.0749011039733887,1
2.953204870223999,1
3.536278247833252,1
2.8420746326446533,1
3.2084474563598633,1
3.03231143951416,1
2.904122829437256,1
3.1827964782714844,1
2.9762353897094727,1
3.403998374938965,1
3.1534664630889893,1
3.2359530925750732,1
3.5153918266296387,1
3.243128776550293,1
3.30610990524292,1
2.930694580078125,1
3.4804630279541016,1
3.031582832336426,1
3.124297857284546,1
3.0828166007995605,1
3.279003858566284,1
2.810580253601074,1
2.84665584564209,1
2.6788442134857178,1
3.3644704818725586,1
3.554016351699829,1
2.9596922397613525,1
2.9836244583129883,1
2.9250593185424805,1
3.021878719329834,1
3.1008872985839844,1
3.329545497894287,1
2.9981894493103027,1
2.751185178756714,1
3.6669421195983887,1
2.717188835144043,1
3.432223320007324,1
2.6020050048828125,1
2.864037275314331,1
3.091454267501831,1
2.734670400619507,1
3.500145435333252,1
3.087737560272217,1
3.293954849243164,1
2.7821385860443115,1
3.075299024581909,1
3.0237364768981934,1
3.6258068084716797,1
2.176112651824951,1
2.98861026763916,1
3.165090560913086,1
2.9786977767944336,1
2.864257335662842,1
3.2356913089752197,1
2.840934991836548,1
2.7621796131134033,1
3.4880058765411377,1
3.072490692138672,1
3.2278945446014404,1
2.9576549530029297,1
3.161112070083618,1
3.0514588356018066,1
2.6513824462890625,1
3.4212656021118164,1
3.2212581634521484,1
3.723820209503174,1
3.57597017288208,1
3.1143076419830322,1
2.8672683238983154,1
3.16245698928833,1
4.007856845855713,1
3.3624727725982666,1
3.264296293258667,1
2.8653297424316406,1
3.1380388736724854,1
3.134589195251465,1
3.421987533569336,1
3.3532609939575195,1
3.040515899658203,1
3.3880183696746826,1
3.4542288780212402,1
2.9427084922790527,1
3.287123203277588,1
2.9206879138946533,1
3.2642345428466797,1
3.274681329727173,1
3.2483317852020264,1
3.0710220336914063,1
2.888838529586792,1
2.85805082321167,1
2.9944705963134766,1
3.0001707077026367,1
3.3271982669830322,1
3.9492220878601074,1
3.0090858936309814,1
2.794741153717041,1
2.9333553314208984,1
2.9879283905029297,1
3.4280261993408203,1
2.929638147354126,1
3.0590286254882813,1
3.067864418029785,1
3.343170642852783,1
3.0456912517547607,1
2.7931857109069824,1
3.1353182792663574,1
2.9346039295196533,1
2.9714088439941406,1
2.682743787765503,1
3.1160640716552734,1
2.6897358894348145,1
2.5503344535827637,1
3.1368958950042725,1
2.785576343536377,1
2.4130969047546387,1
3.0350167751312256,1
3.030581474304199,1
2.931551456451416,1
3.0309176445007324,1
3.2258012294769287,1
3.093392848968506,1
3.3408398628234863,1
3.239140033721924,1
2.9074020385742188,1
3.0466270446777344,1
3.4813292026519775,1
3.163602113723755,1
3.1628003120422363,1
3.215181827545166,1
2.9454150199890137,1
3.3728716373443604,1
2.920121431350708,1
3.0950727462768555,1
2.8063230514526367,1
3.272585153579712,1
3.19282603263855,1
2.909008026123047,1
3.051166534423828,1
2.6347603797912598,1
2.959585189819336,1
3.027573823928833,1
3.387371063232422,1
2.3262879848480225,1
2.9270341396331787,1
3.931288242340088,1
3.3791146278381348,1
3.0054712295532227,1
2.8375911712646484,1
2.6533162593841553,1
2.5839486122131348,1
3.073326826095581,1
3.208531618118286,1
3.0674400329589844,1
3.903501510620117,1
2.3718929290771484,1
3.40993070602417,1
3.039787769317627,1
2.813913345336914,1
3.01613712310791,1
3.3204808235168457,1
2.923271417617798,1
3.2426366806030273,1
3.099416732788086,1
3.116344928741455,1
2.744816541671753,1
2.8166041374206543,1
3.5800886154174805,1
2.69492769241333,1
3.081289529800415,1
3.3259153366088867,1
3.313401699066162,1
2.8387033939361572,1
3.017853021621704,1
3.2255496978759766,1
3.622084140777588,1
2.9870119094848633,1
3.034092903137207,1
2.976442337036133,1
2.95094895362854,1
3.0625925064086914,1
3.1835567951202393,1
3.46970796585083,1
2.9962351322174072,1
3.212170124053955,1
3.1962056159973145,1
3.027635097503662,1
3.3066253662109375,1
2.8600692749023438,1
2.549854278564453,1
2.7226650714874268,1
3.4177510738372803,1
3.184873104095459,1
2.993171215057373,1
3.0217061042785645,1
3.0920894145965576,1
2.671449899673462,1
2.7507503032684326,1
2.85775089263916,1
2.684145212173462,1
3.013700485229492,1
2.9663877487182617,1
2.588456869125366,1
3.031806468963623,1
2.86238431930542,1
3.1477322578430176,1
2.6512742042541504,1
2.506011962890625,1
3.533473253250122,1
2.970973491668701,1
2.8673040866851807,1
2.581218719482422,1
3.2350449562072754,1
2.9194257259368896,1
2.8408050537109375,1
3.161320447921753,1
2.8871684074401855,1
3.0585687160491943,1
2.941638708114624,1
2.9884984493255615,1
3.4227099418640137,1
2.664801836013794,1
3.512864351272583,1
2.810729503631592,1
2.935859203338623,1
3.025709629058838,1
2.870741844177246,1
2.813122272491455,1
3.014054298400879,1
2.59578275680542,1
2.7512059211730957,1
2.5976948738098145,1
3.218374252319336,1
2.9486327171325684,1
2.697321891784668,1
2.9662234783172607,1
3.138540744781494,1
3.375615119934082,1
3.437906503677368,1
2.8211276531219482,1
2.774254322052002,1
2.8760533332824707,1
3.238616943359375,1
2.8148603439331055,1
3.098179578781128,1
3.0240259170532227,1
3.2533509731292725,1
3.5610058307647705,1
3.0512077808380127,1
3.2351248264312744,1
3.0297675132751465,1
3.2244510650634766,1
3.392638921737671,1
3.440202236175537,1
3.1315929889678955,1
3.275557041168213,1
3.0655627250671387,1
3.4221737384796143,1
3.126260280609131,1
2.5428402423858643,1
3.4803266525268555,1
2.7184267044067383,1
3.3993122577667236,1
3.400282859802246,1
3.713995933532715,1
3.1387500762939453,1
2.7100839614868164,1
2.5565998554229736,1
3.578490734100342,1
3.280092716217041,1
3.0088953971862793,1
2.8842790126800537,1
2.9589145183563232,1
3.4874157905578613,1
3.2493200302124023,1
3.217341423034668,1
2.876554489135742,1
3.132622241973877,1
2.8442790508270264,1
3.006061553955078,1
2.4850893020629883,1
2.801945686340332,1
3.0764002799987793,1
2.868690013885498,1
3.7625246047973633,1
3.3598599433898926,1
3.0441670417785645,1
2.9834799766540527,1
3.0530498027801514,1
2.789358139038086,1
3.0963730812072754,1
2.644435405731201,1
3.183868885040283,1
3.120685338973999,1
3.246737003326416,1
2.896650791168213,1
3.036823272705078,1
2.8409080505371094,1
3.549020767211914,1
2.4173426628112793,1
3.0151681900024414,1
3.0344061851501465,1
3.1418447494506836,1
3.293090343475342,1
3.3045742511749268,1
2.815343141555786,1
2.8343138694763184,1
2.951040267944336,1
3.0220775604248047,1
2.9908599853515625,1
3.1305222511291504,1
3.087477207183838,1
3.267101764678955,1
2.995389461517334,1
2.98040509223938,1
2.878202438354492,1
3.463660478591919,1
3.210629463195801,1
3.022907257080078,1
3.060687780380249,1
2.704324722290039,1
3.371502637863159,1
3.1762590408325195,1
2.923983335494995,1
2.8690876960754395,1
3.047362804412842,1
3.361311435699463,1
3.0538012981414795,1
2.937917470932007,1
2.625060796737671,1
3.067295551300049,1
3.369575023651123,1
3.6186776161193848,1
3.0760180950164795,1
3.145406723022461,1
3.670882225036621,1
3.6123647689819336,1
3.0962040424346924,1
2.9738943576812744,1
2.8317861557006836,1
3.104835033416748,1
3.604471206665039,1
3.387950897216797,1
2.996307611465454,1
3.1008641719818115,1
2.7301087379455566,1
3.071207046508789,1
3.0856692790985107,1
3.444913387298584,1
3.019723415374756,1
3.014939308166504,1
2.9475631713867188,1
3.7567312717437744,1
2.73260498046875,1
2.933931827545166,1
3.3997576236724854,1
3.2647132873535156,1
3.3067641258239746,1
3.0058693885803223,1
3.0842862129211426,1
3.0134944915771484,1
2.500563621520996,1
3.097939968109131,1
2.6077353954315186,1
3.250730037689209,1
2.832383155822754,1
3.265850782394409,1
3.2196097373962402,1
2.466128349304199,1
2.7093334197998047,1
2.7169265747070313,1
3.0993456840515137,1
3.2037391662597656,1
3.1366477012634277,1
3.528381109237671,1
3.0566487312316895,1
3.0809826850891113,1
3.2561466693878174,1
3.5702767372131348,1
3.1993751525878906,1
3.05765700340271,1
3.314176082611084,1
2.8102002143859863,1
2.8686625957489014,1
3.437889814376831,1
3.2734694480895996,1
3.5323774814605713,1
2.9894516468048096,1
2.8630285263061523,1
2.99780535697937,1
3.0592870712280273,1
2.9364993572235107,1
3.2608141899108887,1
3.694671869277954,1
3.2300047874450684,1
2.4398162364959717,1
3.469435214996338,1
3.0885043144226074,1
2.9572577476501465,1
3.092421054840088,1
2.6807432174682617,1
2.9451546669006348,1
2.871288537979126,1
2.777456760406494,1
3.0312185287475586,1
2.8128457069396973,1
2.9078011512756348,1
3.278563976287842,1
2.7011587619781494,1
3.048724889755249,1
2.7633838653564453,1
3.215137481689453,1
2.801814556121826,1
2.9052648544311523,1
2.82548451423645,1
2.9058780670166016,1
3.53139066696167,1
3.274840831756592,1
3.0558371543884277,1
2.932438850402832,1
3.149388074874878,1
3.2221500873565674,1
2.545353889465332,1
3.1383280754089355,1
3.232499599456787,1
2.822585105895996,1
3.4609150886535645,1
2.7920477390289307,1
2.852062225341797,1
2.511744976043701,1
2.8496694564819336,1
2.9514236450195313,1
2.8882009983062744,1
2.6827733516693115,1
3.1905112266540527,1
3.1240220069885254,1
2.6525959968566895,1
2.763777732849121,1
3.0966155529022217,1
2.7569801807403564,1
3.088378429412842,1
2.560007095336914,1
3.293027639389038,1
2.51961350440979,1
2.6863951683044434,1
3.329310178756714,1
2.9685966968536377,1
3.1561288833618164,1
2.891845703125,1
3.249260902404785,1
2.9077627658843994,1
2.7323474884033203,1
2.9109816551208496,1
3.352757215499878,1
2.776367425918579,1
3.129786491394043,1
2.976679801940918,1
2.8494906425476074,1
2.9325852394104004,1
2.441607713699341,1
3.4511795043945313,1
3.0803351402282715,1
3.4634933471679688,1
2.937366485595703,1
3.2327728271484375,1
3.17689847946167,1
3.092402935028076,1
2.8144006729125977,1
3.3075995445251465,1
2.7129440307617188,1
2.6725339889526367,1
3.332944393157959,1
3.067060947418213,1
2.9581727981567383,1
2.9297001361846924,1
2.8188118934631348,1
3.659144401550293,1
3.40486741065979,1
2.857675075531006,1
3.540355682373047,1
3.1656031608581543,1
2.7797300815582275,1
2.6087260246276855,1
3.2343740463256836,1
2.849407196044922,1
3.1024527549743652,1
2.9340667724609375,1
3.362022876739502,1
2.8367433547973633,1
2.7680697441101074,1
3.158336639404297,1
3.5439319610595703,1
2.9661312103271484,1
2.981527805328369,1
3.110438346862793,1
3.2012526988983154,1
3.1279735565185547,1
3.0370163917541504,1
3.2495057582855225,1
2.70957612991333,1
3.2340188026428223,1
3.324753522872925,1
2.3668675422668457,1
3.0184829235076904,1
3.3617520332336426,1
3.1871752738952637,1
2.563415288925171,1
3.1603455543518066,1
2.520127058029175,1
2.434175729751587,1
3.319230556488037,1
3.0437142848968506,1
2.8102054595947266,1
3.0390734672546387,1
2.7906346321105957,1
2.925265073776245,1
4.0904765129089355,1
3.1931939125061035,1
2.999485492706299,1
2.8182425498962402,1
3.0655415058135986,1
3.1800622940063477,1
2.950594425201416,1
2.9589285850524902,1
3.290632486343384,1
3.2326040267944336,1
2.8142170906066895,1
3.6098315715789795,1
3.1490936279296875,1
2.6283493041992188,1
3.2170674800872803,1
3.0848145484924316,1
2.822611093521118,1
2.731044292449951,1
2.8179869651794434,1
2.9646213054656982,1
3.037659168243408,1
2.689509868621826,1
3.026987075805664,1
2.7424755096435547,1
3.035973072052002,1
2.980830192565918,1
3.027785062789917,1
2.9296915531158447,1
3.038822650909424,1
2.6469974517822266,1
2.966364860534668,1
2.734896421432495,1
2.9660253524780273,1
2.8565192222595215,1
3.0660128593444824,1
2.771646499633789,1
3.0988986492156982,1
2.873014450073242,1
2.6313509941101074,1
2.6390771865844727,1
2.778688430786133,1
3.076831340789795,1
2.846500873565674,1
3.3735992908477783,1
3.2315845489501953,1
3.042595863342285,1
2.846266031265259,1
2.604156494140625,1
2.9768786430358887,1
2.635744333267212,1
2.6520867347717285,1
2.8464579582214355,1
2.957127094268799,1
3.588191032409668,1
3.1142942905426025,1
2.686950445175171,1
2.737867593765259,1
2.7095494270324707,1
2.9719159603118896,1
3.3349175453186035,1
3.0359692573547363,1
2.7319953441619873,1
2.9673829078674316,1
3.183208465576172,1
2.8040895462036133,1
2.8460044860839844,1
3.3575148582458496,1
2.8085520267486572,1
3.002963066101074,1
3.472597599029541,1
2.9719486236572266,1
2.959817409515381,1
2.9628984928131104,1
2.4941890239715576,1
3.364305019378662,1
2.642150640487671,1
3.0196123123168945,1
3.071884870529175,1
2.4226808547973633,1
2.671319007873535,1
3.614612340927124,1
3.3847153186798096,1
3.36921763420105,1
2.834444046020508,1
3.579756259918213,1
3.3236844539642334,1
3.5871574878692627,1
3.2985057830810547,1
3.173798084259033,1
2.9726083278656006,1
3.1459155082702637,1
3.350703716278076,1
3.5736007690429688,1
2.9361655712127686,1
3.741992235183716,1
3.2032511234283447,1
3.2132513523101807,1
2.651041030883789,1
3.0246665477752686,1
2.8502254486083984,1
3.0925161838531494,1
2.8284363746643066,1
3.4780499935150146,1
3.690688133239746,1
3.298816442489624,1
2.898341178894043,1
2.6310782432556152,1
3.2627766132354736,1
3.282153606414795,1
3.3577468395233154,1
3.0699687004089355,1
3.102933168411255,1
2.7014989852905273,1
3.4462296962738037,1
2.649853229522705,1
2.948627471923828,1
3.0683345794677734,1
3.25809907913208,1
3.314842700958252,1
2.8396472930908203,1
2.8666281700134277,1
2.7443227767944336,1
3.264833927154541,1
2.8277177810668945,1
2.7208242416381836,1
2.452138900756836,1
3.128647804260254,1
2.9528820514678955,1
3.0986716747283936,1
3.2616591453552246,1
2.9296040534973145,1
2.8522181510925293,1
2.9555134773254395,1
3.083244800567627,1
3.138493061065674,1
2.773308753967285,1
3.363956928253174,1
2.668531894683838,1
3.4895339012145996,1
3.309652805328369,1
3.2475028038024902,1
2.7068538665771484,1
2.8997130393981934,1
2.6572766304016113,1
2.8203468322753906,1
2.832747459411621,1
3.2036569118499756,1
3.1177239418029785,1
3.119849920272827,1
3.1153905391693115,1
3.539656162261963,1
2.449051856994629,1
3.014357089996338,1
3.0667951107025146,1
3.277663230895996,1
2.8528690338134766,1
3.047618865966797,1
2.842036724090576,1
3.53501558303833,1
2.9355177879333496,1
2.91274094581604,1
2.5532584190368652,1
2.75349760055542,1
3.2388815879821777,1
3.015200614929199,1
2.8597843647003174,1
2.738013505935669,1
2.5543994903564453,1
3.204653263092041,1
2.709956169128418,1
2.9366893768310547,1
2.6046557426452637,1
2.7496306896209717,1
2.620076894760132,1
2.831465721130371,1
2.845425605773926,1
3.0585289001464844,1
2.925525665283203,1
3.033803701400757,1
2.838815450668335,1
3.321652889251709,1
2.655062198638916,1
3.323944091796875,1
3.11258864402771,1
3.0803847312927246,1
2.912537097930908,1
2.6670472621917725,1
2.8654589653015137,1
3.0438103675842285,1
3.020740270614624,1
2.8245387077331543,1
3.0925676822662354,1
2.8305466175079346,1
3.295067310333252,1
3.1822004318237305,1
2.6608986854553223,1
3.0847837924957275,1
3.2019169330596924,1
2.978959083557129,1
2.6205501556396484,1
3.30623197555542,1
2.8109889030456543,1
3.378453016281128,1
3.30355167388916,1
2.6929564476013184,1
3.1188559532165527,1
2.5722415447235107,1
2.9205546379089355,1
3.22653865814209,1
2.538018226623535,1
2.789670467376709,1
3.1114940643310547,1
3.0614514350891113,1
3.251260757446289,1
3.0617754459381104,1
2.5790085792541504,1
2.999398708343506,1
2.6670310497283936,1
2.6897552013397217,1
2.8401503562927246,1
2.983044147491455,1
2.950714588165283,1
3.0083818435668945,1
2.815646171569824,1
3.1941068172454834,1
3.229349374771118,1
2.964503765106201,1
2.9775519371032715,1
3.182142734527588,1
3.6635165214538574,1
3.0431413650512695,1
3.1863346099853516,1
2.7717275619506836,1
3.0617995262145996,1
2.566924810409546,1
2.8446731567382813,1
3.1231167316436768,1
3.180058240890503,1
3.1433186531066895,1
2.927877187728882,1
3.0583980083465576,1
2.957272529602051,1
2.7395687103271484,1
2.4783263206481934,1
3.5980985164642334,1
2.7840960025787354,1
3.1095452308654785,1
2.515260934829712,1
2.7509660720825195,1
3.23787260055542,1
3.381728172302246,1
2.860429525375366,1
3.313777208328247,1
2.4606645107269287,1
3.024841070175171,1
3.096491813659668,1
3.19146990776062,1
2.870314121246338,1
2.914361000061035,1
3.5800185203552246,1
3.7891483306884766,1
3.4789113998413086,1
3.073701858520508,1
3.5940756797790527,1
2.9737117290496826,1
3.201394557952881,1
3.308399200439453,1
2.9544615745544434,1
3.1004130840301514,1
2.968198776245117,1
3.473921298980713,1
2.8799283504486084,1
3.4628067016601563,1
2.7059764862060547,1
3.0441908836364746,1
3.766831874847412,1
3.0936031341552734,1
2.967743396759033,1
2.9698586463928223,1
2.8776004314422607,1
2.5967981815338135,1
2.9849934577941895,1
2.9031035900115967,1
2.948080062866211,1
2.976437568664551,1
3.157287120819092,1
2.9189860820770264,1
2.596526861190796,1
3.1050057411193848,1
2.915841579437256,1
3.113943099975586,1
3.1134371757507324,1
3.4060800075531006,1
2.4590091705322266,1
2.7616446018218994,1
3.230848550796509,1
3.006268262863159,1
3.0688533782958984,1
3.1788039207458496,1
3.0806636810302734,1
2.8250889778137207,1
3.5654001235961914,1
2.9349207878112793,1
3.0624704360961914,1
3.2417192459106445,1
3.426079750061035,1
2.952995538711548,1
2.9518022537231445,1
2.8527374267578125,1
2.5576021671295166,1
2.816596508026123,1
3.0030670166015625,1
2.4870855808258057,1
2.8896501064300537,1
2.8906097412109375,1
2.583073139190674,1
2.271944999694824,1
3.07974910736084,1
2.953946113586426,1
3.3644003868103027,1
2.8104944229125977,1
2.794442892074585,1
2.8650569915771484,1
2.4412484169006348,1
2.9100255966186523,1
3.1106784343719482,1
3.2249205112457275,1
2.7276368141174316,1
3.0731425285339355,1
2.8706040382385254,1
2.991415500640869,1
2.253173828125,1
2.9564015865325928,1
3.10145902633667,1
3.0023839473724365,1
2.976173162460327,1
2.7367734909057617,1
2.5934667587280273,1
2.9515914916992188,1
3.2090468406677246,1
2.572110176086426,1
2.7823288440704346,1
2.6521263122558594,1
3.0597143173217773,1
2.704714775085449,1
2.6075007915496826,1
3.03562593460083,1
2.939620018005371,1
2.8022913932800293,1
2.3463821411132813,1
3.4052176475524902,1
2.9152913093566895,1
3.5418906211853027,1
2.295506238937378,1
2.98331880569458,1
2.8905675411224365,1
3.008469343185425,1
2.6418511867523193,1
2.708782434463501,1
3.0334739685058594,1
3.244795799255371,1
2.41650128364563,1
2.8351573944091797,1
3.0675368309020996,1
2.9034805297851563,1
2.6432249546051025,1
3.222174644470215,1
3.0914430618286133,1
3.3182411193847656,1
2.954526424407959,1
2.848747491836548,1
2.683774471282959,1
2.729578971862793,1
3.4448375701904297,1
3.4205944538116455,1
3.182969093322754,1
2.938114881515503,1
2.7522635459899902,1
2.5588736534118652,1
3.029942512512207,1
3.377535343170166,1
2.8451881408691406,1
2.9968011379241943,1
2.897343635559082,1
2.7889914512634277,1
2.7104086875915527,1
2.6587882041931152,1
2.7134549617767334,1
2.1722843647003174,1
2.7071328163146973,1
3.414318799972534,1
3.004438877105713,1
2.899026870727539,1
2.7876620292663574,1
2.7234654426574707,1
2.4766812324523926,1
3.1795051097869873,1
2.66410493850708,1
2.9930310249328613,1
2.8601861000061035,1
3.0903310775756836,1
2.991532802581787,1
2.9264323711395264,1
3.1304469108581543,1
2.9151792526245117,1
2.7866756916046143,1
2.8369250297546387,1
2.6902847290039063,1
2.9523279666900635,1
3.0626978874206543,1
2.655669689178467,1
3.3069417476654053,1
2.68058180809021,1
2.9398837089538574,1
2.8995308876037598,1
2.8685247898101807,1
2.9862160682678223,1
2.8417041301727295,1
2.8341901302337646,1
3.264111042022705,1
2.784727096557617,1
2.689753532409668,1
2.98757004737854,1
2.879467487335205,1
2.50907564163208,1
3.0209622383117676,1
3.206498622894287,1
3.005232334136963,1
3.02897047996521,1
2.622917652130127,1
3.6517891883850098,1
3.0995912551879883,1
2.7770333290100098,1
3.1615512371063232,1
2.7152318954467773,1
2.486565589904785,1
2.827280044555664,1
3.212325096130371,1
2.8771209716796875,1
2.4696154594421387,1
3.2623889446258545,1
2.8088479042053223,1
3.158634662628174,1
2.4159159660339355,1
2.646867513656616,1
2.7236385345458984,1
3.123933792114258,1
3.247006416320801,1
3.4798085689544678,1
2.9610471725463867,1
3.405642509460449,1
2.882864475250244,1
3.0235631465911865,1
2.5305709838867188,1
3.7918543815612793,1
3.2036304473876953,1
2.5089669227600098,1
3.2300009727478027,1
3.290559768676758,1
2.8090882301330566,1
2.6261842250823975,1
3.1566128730773926,1
3.1325836181640625,1
3.3768649101257324,1
3.235536813735962,1
3.7362470626831055,1
2.941896438598633,1
2.903808355331421,1
2.6886439323425293,1
2.6973838806152344,1
3.075432777404785,1
2.8745827674865723,1
2.85514497756958,1
2.992241382598877,1
3.237034797668457,1
3.050825357437134,1
2.3283987045288086,1
2.637972354888916,1
2.9810473918914795,1
2.874523878097534,1
3.042762279510498,1
3.4077324867248535,1
2.679105520248413,1
2.804405927658081,1
3.439443349838257,1
2.729318141937256,1
2.8174877166748047,1
2.770188331604004,1
3.081718683242798,1
3.1208102703094482,1
2.523092746734619,1
2.5461812019348145,1
3.196899890899658,1
3.351426601409912,1
3.078185796737671,1
3.030154228210449,1
2.7753310203552246,1
2.7963829040527344,1
3.0027122497558594,1
2.853821277618408,1
2.386772632598877,1
2.5170445442199707,1
2.5975799560546875,1
3.042858600616455,1
2.6905622482299805,1
2.6555800437927246,1
2.9681496620178223,1
2.631054401397705,1
3.0805180072784424,1
2.7719154357910156,1
3.028841018676758,1
2.937997817993164,1
2.869204521179199,1
2.7463178634643555,1
2.832106590270996,1
3.5119082927703857,1
2.889620780944824,1
2.6619553565979004,1
2.631357431411743,1
3.2609734535217285,1
2.7662625312805176,1
3.017104148864746,1
2.7380919456481934,1
3.047595500946045,1
3.2053000926971436,1
3.7556676864624023,1
2.9166626930236816,1
2.4526753425598145,1
2.6527457237243652,1
3.2233963012695313,1
2.898056983947754,1
2.618931770324707,1
3.006580114364624,1
3.398021697998047,1
3.107394218444824,1
2.923084259033203,1
2.2055530548095703,1
2.289098024368286,1
2.884471893310547,1
2.588653564453125,1
2.4955358505249023,1
3.033695697784424,1
2.9949891567230225,1
3.0126800537109375,1
2.945793867111206,1
2.7567319869995117,1
2.7552237510681152,1
3.172637939453125,1
3.6572036743164063,1
2.9306747913360596,1
3.305485248565674,1
4.024932861328125,1
2.961982250213623,1
2.861624002456665,1
3.1091761589050293,1
2.905282735824585,1
2.9179952144622803,1
2.9629950523376465,1
2.930140256881714,1
2.9114298820495605,1
3.1573855876922607,1
3.145690679550171,1
3.2546842098236084,1
3.1097121238708496,1
2.599883794784546,1
3.1483511924743652,1
3.0927467346191406,1
2.843088388442993,1
3.0664758682250977,1
2.6682281494140625,1
3.187346935272217,1
3.245208501815796,1
2.987619400024414,1
2.8860974311828613,1
3.0350770950317383,1
3.025009870529175,1
2.748988628387451,1
3.1529598236083984,1
2.8161606788635254,1
2.497588634490967,1
2.9046196937561035,1
2.589198112487793,1
3.132215738296509,1
2.9867892265319824,1
2.7520511150360107,1
2.564645290374756,1
3.202033758163452,1
2.8293445110321045,1
3.0467894077301025,1
3.2771248817443848,1
3.406829833984375,1
2.6659035682678223,1
3.104362964630127,1
2.7974538803100586,1
2.8475341796875,1
2.9538540840148926,1
3.1193065643310547,1
2.800869941711426,1
2.3116726875305176,1
2.6805572509765625,1
3.032163619995117,1
2.6428961753845215,1
3.153550624847412,1
2.9411239624023438,1
2.6613669395446777,1
2.861180305480957,1
2.5902652740478516,1
2.737882137298584,1
2.975015640258789,1
3.0159335136413574,1
2.7223448753356934,1
2.8590569496154785,1
2.4692604541778564,1
2.9110748767852783,1
2.997903347015381,1
2.88571834564209,1
3.177802562713623,1
3.0948550701141357,1
2.977217674255371,1
3.237423896789551,1
2.7636032104492188,1
2.915515661239624,1
3.2373907566070557,1
2.560817241668701,1
3.077329635620117,1
3.0199227333068848,1
2.740025281906128,1
2.7754220962524414,1
2.9284911155700684,1
2.7430691719055176,1
3.0746147632598877,1
2.6827590465545654,1
3.3997864723205566,1
2.924269437789917,1
2.77724027633667,1
2.448549747467041,1
2.776963949203491,1
3.0972750186920166,1
2.977597951889038,1
2.76847505569458,1
2.398782730102539,1
3.1836700439453125,1
2.848052501678467,1
2.9036335945129395,1
2.6100172996520996,1
2.4397053718566895,1
2.517625331878662,1
2.7439191341400146,1
2.868236541748047,1
3.3714382648468018,1
2.6940841674804688,1
3.3463902473449707,1
2.830477476119995,1
2.7355880737304688,1
3.0071239471435547,1
2.6052913665771484,1
3.005974292755127,1
2.696544885635376,1
3.169330596923828,1
2.534221649169922,1
2.6135318279266357,1
2.3896164894104004,1
2.8531112670898438,1
3.607048511505127,1
3.382471799850464,1
2.8264100551605225,1
2.6559557914733887,1
3.4481067657470703,1
3.27083158493042,1
3.3829617500305176,1
3.370302677154541,1
2.549603223800659,1
2.731919527053833,1
2.718716621398926,1
2.554131507873535,1
2.912701368331909,1
2.9618709087371826,1
2.753040313720703,1
2.8384809494018555,1
2.7288074493408203,1
2.9589486122131348,1
3.2117443084716797,1
2.9667294025421143,1
3.268606185913086,1
3.078242301940918,1
3.003638982772827,1
3.0067033767700195,1
2.311692237854004,1
2.9342031478881836,1
2.683641195297241,1
3.285933017730713,1
2.959888458251953,1
2.7557826042175293,1
2.9971184730529785,1
3.1569859981536865,1
2.8873982429504395,1
2.712430000305176,1
2.6870665550231934,1
2.90391206741333,1
3.0089564323425293,1
2.464287757873535,1
2.8837127685546875,1
2.7800683975219727,1
2.743856430053711,1
2.4291858673095703,1
3.162614107131958,1
2.856592893600464,1
2.3954153060913086,1
2.7233948707580566,1
3.2320752143859863,1
3.0587639808654785,1
2.6542251110076904,1
2.724449634552002,1
3.1803970336914063,1
2.2600717544555664,1
2.6522998809814453,1
2.6279430389404297,1
2.821312427520752,1
3.0328657627105713,1
2.9705543518066406,1
2.876077175140381,1
2.762423515319824,1
2.5287246704101563,1
3.053097724914551,1
2.900925636291504,1
3.3564517498016357,1
2.7401278018951416,1
2.8482260704040527,1
2.429048538208008,1
2.681457042694092,1
2.886216640472412,1
3.0849485397338867,1
3.0269312858581543,1
3.006409168243408,1
2.588815689086914,1
2.920375108718872,1
3.0265274047851563,1
2.756974697113037,1
2.693309783935547,1
2.933303117752075,1
2.875739336013794,1
2.9397177696228027,1
2.6548585891723633,1
2.8472299575805664,1
2.730138063430786,1
2.135867118835449,1
2.3998913764953613,1
2.7686593532562256,1
2.8179707527160645,1
2.7349491119384766,1
2.6340136528015137,1
2.371955156326294,1
2.5554556846618652,1
2.778571128845215,1
3.7183427810668945,1
2.861453056335449,1
2.9755656719207764,1
2.748476266860962,1
3.507018804550171,1
2.9423751831054688,1
2.4815196990966797,1
2.611095428466797,1
3.024606704711914,1
2.8185880184173584,1
2.377995252609253,1
3.4996097087860107,1
3.406083106994629,1
2.9431114196777344,1
3.473764419555664,1
2.598440170288086,1
2.5054149627685547,1
3.108246326446533,1
2.8701486587524414,1
2.9784650802612305,1
2.7245371341705322,1
3.336927652359009,1
3.078120231628418,1
2.9068100452423096,1
3.091796875,1
2.9476468563079834,1
3.0883755683898926,1
2.6969451904296875,1
2.957057476043701,1
2.7320992946624756,1
2.8479652404785156,1
2.920031785964966,1
3.1647515296936035,1
3.365626096725464,1
3.153648853302002,1
2.681286334991455,1
3.001150369644165,1
3.3592288494110107,1
3.2433948516845703,1
2.9718995094299316,1
2.744556188583374,1
2.841813325881958,1
2.528425455093384,1
3.497652292251587,1
3.2456741333007813,1
2.9524331092834473,1
2.9269638061523438,1
2.855027437210083,1
2.7722835540771484,1
2.6351609230041504,1
2.8846683502197266,1
2.8993961811065674,1
2.7311079502105713,1
2.352414608001709,1
2.4296844005584717,1
2.8759195804595947,1
2.797183036804199,1
3.2685914039611816,1
2.74550199508667,1
2.804232120513916,1
2.7658371925354004,1
2.6011786460876465,1
2.781768321990967,1
2.8564555644989014,1
2.6493406295776367,1
2.592350482940674,1
3.094585418701172,1
2.7591705322265625,1
2.9153342247009277,1
2.593679904937744,1
2.683657169342041,1
2.887887954711914,1
2.7204537391662598,1
2.613780975341797,1
2.609666109085083,1
2.9118425846099854,1
3.040855884552002,1
3.1512949466705322,1
2.6770737171173096,1
3.0846545696258545,1
2.7074427604675293,1
2.8799028396606445,1
3.2386298179626465,1
2.7270054817199707,1
3.015000343322754,1
2.228468894958496,1
3.452974319458008,1
2.8114702701568604,1
2.748915672302246,1
2.902214527130127,1
3.511427402496338,1
3.1549196243286133,1
3.2183287143707275,1
2.8810086250305176,1
2.8135101795196533,1
3.200345039367676,1
2.935307502746582,1
2.8417177200317383,1
2.8021233081817627,1
2.891090154647827,1
3.0225377082824707,1
3.1357951164245605,1
3.210946559906006,1
2.6063036918640137,1
2.864933490753174,1
2.568927526473999,1
2.9741013050079346,1
3.1961669921875,1
2.6670613288879395,1
2.4589107036590576,1
3.028118371963501,1
3.270754337310791,1
3.3106093406677246,1
2.4583444595336914,1
2.8738913536071777,1
2.8488457202911377,1
3.2332687377929688,1
3.538435935974121,1
2.7371108531951904,1
2.9926629066467285,1
2.5414485931396484,1
2.867964267730713,1
3.1855554580688477,1
2.725170135498047,1
2.4724106788635254,1
2.8193719387054443,1
3.1731104850769043,1
2.3618907928466797,1
3.055050849914551,1
3.0571658611297607,1
2.7514214515686035,1
2.8866419792175293,1
2.9212207794189453,1
2.159250020980835,1
2.6871225833892822,1
2.5803170204162598,1
3.1268739700317383,1
2.8371145725250244,1
2.903207302093506,1
2.797428607940674,1
3.269118309020996,1
2.96425199508667,1
2.7471530437469482,1
2.6627094745635986,1
3.280801296234131,1
2.7123217582702637,1
3.0258004665374756,1
2.73543119430542,1
2.8421335220336914,1
2.450380325317383,1
2.7250969409942627,1
3.300187826156616,1
2.338834285736084,1
2.719304084777832,1
2.55350661277771,1
2.890970230102539,1
3.0771660804748535,1
2.803506374359131,1
2.9276723861694336,1
3.051692008972168,1
2.937526226043701,1
2.6683754920959473,1
2.9138011932373047,1
2.5909595489501953,1
2.7865781784057617,1
3.3749842643737793,1
2.415214776992798,1
2.425243377685547,1
2.8584842681884766,1
3.132721424102783,1
2.63022518157959,1
3.040584087371826,1
2.975959062576294,1
2.937861919403076,1
2.839918375015259,1
3.24824857711792,1
2.722574234008789,1
2.5579633712768555,1
3.341684579849243,1
2.997692584991455,1
3.088514804840088,1
3.117885112762451,1
3.029127359390259,1
2.478642463684082,1
2.9595847129821777,1
3.3041622638702393,1
2.8860554695129395,1
3.177783966064453,1
3.029564619064331,1
2.540039300918579,1
2.987194538116455,1
2.243642807006836,1
2.796445369720459,1
2.9106717109680176,1
2.9018986225128174,1
2.8054423332214355,1
2.811932325363159,1
2.986118793487549,1
2.6198089122772217,1
3.1625800132751465,1
3.09165096282959,1
2.8392724990844727,1
2.98555588722229,1
3.396582841873169,1
2.6107280254364014,1
3.0518689155578613,1
2.745461940765381,1
2.9277005195617676,1
3.0251736640930176,1
2.4803757667541504,1
2.9736528396606445,1
2.4145309925079346,1
2.6870365142822266,1
3.260922431945801,1
3.0633997917175293,1
2.934476852416992,1
2.9489216804504395,1
2.971421241760254,1
2.5829992294311523,1
2.7438693046569824,1
2.899535655975342,1
3.2739078998565674,1
2.2437708377838135,1
2.7882416248321533,1
3.5796117782592773,1
2.65352201461792,1
3.1173195838928223,1
2.702350616455078,1
3.330190896987915,1
2.3101813793182373,1
3.1534080505371094,1
2.8877291679382324,1
2.7399423122406006,1
2.8510119915008545,1
2.7912721633911133,1
2.490872383117676,1
3.0366382598876953,1
2.4512786865234375,1
2.8939671516418457,1
2.6151375770568848,1
2.485884189605713,1
2.41804575920105,1
3.0392661094665527,1
2.3704802989959717,1
2.624864339828491,1
2.3448429107666016,1
2.5846786499023438,1
2.5971574783325195,1
3.002009630203247,1
2.700265407562256,1
2.8180623054504395,1
3.099830150604248,1
2.9407739639282227,1
2.3422298431396484,1
2.616246223449707,1
2.9374945163726807,1
2.8624777793884277,1
2.6830828189849854,1
3.4452099800109863,1
2.798941135406494,1
2.451730489730835,1
2.8985209465026855,1
3.060988187789917,1
2.601693630218506,1
2.7898006439208984,1
2.870670795440674,1
2.4507555961608887,1
2.5135488510131836,1
2.8638229370117188,1
2.682701587677002,1
2.6875314712524414,1
2.7195472717285156,1
2.2140207290649414,1
2.645718812942505,1
3.532668113708496,1
2.391566276550293,1
2.9861555099487305,1
2.8023622035980225,1
3.1152310371398926,1
2.439114570617676,1
3.1757044792175293,1
2.929518938064575,1
2.685544013977051,1
3.0522871017456055,1
2.7227883338928223,1
2.775338649749756,1
2.9998021125793457,1
3.3832855224609375,1
3.332350254058838,1
2.781187057495117,1
2.7995853424072266,1
2.8044662475585938,1
2.815157175064087,1
2.897812843322754,1
2.2375245094299316,1
2.880667209625244,1
3.251023769378662,1
2.895660400390625,1
3.1198172569274902,1
2.5662107467651367,1
2.4799039363861084,1
2.575971841812134,1
2.657564640045166,1
3.1316657066345215,1
3.556980609893799,1
2.7701053619384766,1
2.36830735206604,1
2.7358782291412354,1
3.002504825592041,1
2.5283212661743164,1
2.929975986480713,1
3.0044045448303223,1
2.7540454864501953,1
2.6986312866210938,1
3.026721715927124,1
3.1404247283935547,1
2.907195806503296,1
2.7600655555725098,1
2.8281800746917725,1
2.8444712162017822,1
2.843197822570801,1
2.731580972671509,1
2.6785330772399902,1
2.80747389793396,1
2.7327728271484375,1
2.6280014514923096,1
3.054455280303955,1
2.514505624771118,1
2.6044392585754395,1
2.703233242034912,1
3.1425070762634277,1
2.718447208404541,1
2.8247385025024414,1
2.8190135955810547,1
2.7887730598449707,1
2.4324378967285156,1
2.7058935165405273,1
2.782228469848633,1
2.5692996978759766,1
2.678501605987549,1
3.277951240539551,1
2.6679797172546387,1
2.9356980323791504,1
3.1136975288391113,1
2.761963129043579,1
2.47464919090271,1
2.8862626552581787,1
3.0360140800476074,1
2.885765552520752,1
2.5498433113098145,1
2.573817253112793,1
2.628471851348877,1
2.6730337142944336,1
2.737582206726074,1
3.2436161041259766,1
3.0875601768493652,1
2.5686159133911133,1
3.3194003105163574,1
2.4883313179016113,1
2.909954309463501,1
2.9955434799194336,1
2.9131274223327637,1
2.7478795051574707,1
2.624441146850586,1
2.028426170349121,1
2.6341323852539063,1
2.395822286605835,1
2.8358840942382813,1
2.6339240074157715,1
2.4651122093200684,1
2.9332101345062256,1
2.7551798820495605,1
2.805098533630371,1
2.434464454650879,1
2.4726688861846924,1
2.698011875152588,1
3.191394567489624,1
2.9028658866882324,1
2.794546604156494,1
2.489344358444214,1
3.130366802215576,1
2.6554200649261475,1
2.4123945236206055,1
2.929975986480713,1
2.686455726623535,1
2.9790220260620117,1
3.1638994216918945,1
2.8580868244171143,1
2.5910511016845703,1
2.8114025592803955,1
2.6668968200683594,1
2.6436617374420166,1
3.2196362018585205,1
2.6110358238220215,1
2.995929479598999,1
2.65261173248291,1
2.6823809146881104,1
2.9662187099456787,1
2.910571575164795,1
2.676647663116455,1
2.6947808265686035,1
2.6885862350463867,1
2.745868444442749,1
2.6420254707336426,1
2.953169822692871,1
2.4207096099853516,1
3.1009750366210938,1
2.546853542327881,1
2.5983407497406006,1
2.52280330657959,1
2.9348106384277344,1
2.8813436031341553,1
2.6920077800750732,1
2.576630115509033,1
2.837996006011963,1
2.7958500385284424,1
3.2690699100494385,1
3.191506862640381,1
2.870492458343506,1
2.5288944244384766,1
2.7647101879119873,1
2.6167750358581543,1
2.955399513244629,1
2.858940601348877,1
3.066676139831543,1
2.5447933673858643,1
2.599212169647217,1
2.5772833824157715,1
2.8139419555664063,1
2.642796277999878,1
2.18037748336792,1
2.857077121734619,1
2.6294190883636475,1
2.942117214202881,1
2.3978099822998047,1
2.5779776573181152,1
2.52655291557312,1
2.5566558837890625,1
3.786083698272705,1
2.6382884979248047,1
2.596827507019043,1
2.960230827331543,1
2.6097116470336914,1
2.787294387817383,1
2.7138731479644775,1
2.799929618835449,1
2.2591233253479004,1
2.924330234527588,1
3.4271724224090576,1
2.6537084579467773,1
2.7798705101013184,1
3.09763765335083,1
2.661990165710449,1
2.760571241378784,1
2.7815370559692383,1
3.1233606338500977,1
2.7598400115966797,1
2.980996608734131,1
2.7970666885375977,1
2.505058765411377,1
2.8988544940948486,1
2.6541085243225098,1
2.7494962215423584,1
2.4336724281311035,1
2.260622024536133,1
2.820195198059082,1
2.9030778408050537,1
2.6815268993377686,1
2.4344279766082764,1
2.9086227416992188,1
3.6263203620910645,1
2.7953057289123535,1
3.021996021270752,1
2.688915729522705,1
2.1445775032043457,1
3.025531053543091,1
2.9655613899230957,1
2.9429073333740234,1
2.710330009460449,1
2.5390143394470215,1
2.612044334411621,1
3.308659553527832,1
2.5016825199127197,1
2.7976911067962646,1
3.3773598670959473,1
3.101591110229492,1
2.622924327850342,1
2.9044289588928223,1
3.1619136333465576,1
3.326489210128784,1
2.9014806747436523,1
2.601109743118286,1
2.545574188232422,1
2.575047254562378,1
2.889552593231201,1
2.9528679847717285,1
2.8465492725372314,1
2.810033082962036,1
3.14597225189209,1
2.44832706451416,1
2.6308460235595703,1
2.6337451934814453,1
2.7077796459198,1
2.8369622230529785,1
2.579015016555786,1
2.501854419708252,1
2.4178359508514404,1
2.500053882598877,1
2.4348156452178955,1
2.744342565536499,1
3.0349080562591553,1
2.9548749923706055,1
2.6563634872436523,1
2.8060426712036133,1
2.7909131050109863,1
3.383331298828125,1
2.783017158508301,1
2.836674213409424,1
2.909820795059204,1
2.7250936031341553,1
2.7871575355529785,1
2.755772352218628,1
2.7069215774536133,1
2.9329216480255127,1
3.3758034706115723,1
2.470041275024414,1
2.9745335578918457,1
2.6207809448242188,1
3.3772473335266113,1
2.9403932094573975,1
2.4231510162353516,1
3.322032928466797,1
2.7081871032714844,1
2.7880520820617676,1
2.6241302490234375,1
3.0400729179382324,1
3.39162015914917,1
2.818789005279541,1
2.519928455352783,1
2.444124698638916,1
2.735088348388672,1
2.1883296966552734,1
2.6236495971679688,1
2.6605870723724365,1
3.139495372772217,1
2.792464256286621,1
2.7843570709228516,1
3.118659019470215,1
3.0773091316223145,1
2.822587251663208,1
2.5204968452453613,1
2.6050972938537598,1
3.030008554458618,1
2.7088112831115723,1
2.5021514892578125,1
2.731321334838867,1
3.240194797515869,1
2.8083958625793457,1
2.8587806224823,1
2.602541923522949,1
2.829155683517456,1
2.67724609375,1
2.916785717010498,1
2.345059633255005,1
2.9583444595336914,1
2.8893840312957764,1
3.2449440956115723,1
3.3361077308654785,1
3.268228530883789,1
3.3001742362976074,1
2.7205867767333984,1
2.8149681091308594,1
2.973846912384033,1
3.300567150115967,1
2.828899383544922,1
3.3543052673339844,1
2.8114051818847656,1
3.1734619140625,1
3.0800223350524902,1
2.570007801055908,1
2.7029647827148438,1
3.3709449768066406,1
2.533886671066284,1
2.767673969268799,1
3.160130023956299,1
2.672699451446533,1
2.5941286087036133,1
2.63930606842041,1
3.060380697250366,1
3.003692150115967,1
2.5730795860290527,1
2.762526750564575,1
2.944913625717163,1
2.964874267578125,1
2.5011019706726074,1
3.0341696739196777,1
2.4370574951171875,1
2.5204713344573975,1
2.834658622741699,1
2.6047377586364746,1
2.189150810241699,1
3.355592966079712,1
2.61234188079834,1
3.1573429107666016,1
3.0414979457855225,1
2.9345054626464844,1
2.830662965774536,1
2.632713556289673,1
2.9265263080596924,1
2.5666956901550293,1
2.824781894683838,1
2.135571002960205,1
2.7801642417907715,1
3.1605799198150635,1
2.5224573612213135,1
3.1292576789855957,1
2.6757614612579346,1
2.986464262008667,1
2.679335117340088,1
3.079887866973877,1
2.5841450691223145,1
2.656399965286255,1
2.3288302421569824,1
2.4820737838745117,1
3.2274084091186523,1
2.7483086585998535,1
3.2441115379333496,1
2.720895767211914,1
2.945648670196533,1
2.7509193420410156,1
2.625253200531006,1
3.001410961151123,1
2.8505306243896484,1
2.4539635181427,1
2.567800283432007,1
2.799258232116699,1
2.759730815887451,1
3.076533794403076,1
2.962275981903076,1
3.3318357467651367,1
2.5364787578582764,1
2.3699421882629395,1
2.7534914016723633,1
3.1315152645111084,1
3.199550151824951,1
2.4919233322143555,1
2.4624853134155273,1
2.817918300628662,1
3.1108052730560303,1
2.5521390438079834,1
2.611250877380371,1
3.114231586456299,1
2.9993114471435547,1
3.0631179809570313,1
3.481480598449707,1
2.7834291458129883,1
2.6134119033813477,1
3.003838539123535,1
3.348029136657715,1
2.61167311668396,1
2.7077476978302,1
2.752272605895996,1
2.8518996238708496,1
2.966129779815674,1
2.7599637508392334,1
2.9281210899353027,1
2.692467451095581,1
2.8183374404907227,1
2.387340545654297,1
3.035550355911255,1
3.1962828636169434,1
2.8358428478240967,1
2.451612710952759,1
2.9841156005859375,1
2.449429750442505,1
3.0117740631103516,1
2.95912766456604,1
2.5147666931152344,1
3.628615379333496,1
2.9074041843414307,1
2.6071481704711914,1
2.5735552310943604,1
2.9215550422668457,1
3.017673969268799,1
2.6973445415496826,1
3.03816556930542,1
2.689998149871826,1
2.9909987449645996,1
3.274998664855957,1
2.6894607543945313,1
2.965831756591797,1
3.0999584197998047,1
2.9268741607666016,1
2.2893311977386475,1
2.802196741104126,1
2.948075294494629,1
2.4723665714263916,1
2.311006546020508,1
2.766674518585205,1
2.6412553787231445,1
2.870741605758667,1
2.495431423187256,1
3.1863479614257813,1
2.590022563934326,1
2.4897379875183105,1
2.479763984680176,1
2.533308506011963,1
2.323683023452759,1
3.4412858486175537,1
3.214827537536621,1
2.5497066974639893,1
2.570988416671753,1
2.459620237350464,1
3.307044506072998,1
2.9317543506622314,1
2.4940834045410156,1
2.897584915161133,1
2.7823243141174316,1
2.7624030113220215,1
2.8061447143554688,1
2.9859108924865723,1
2.966000556945801,1
2.6588830947875977,1
2.523094654083252,1
2.103637456893921,1
2.998980760574341,1
2.8593199253082275,1
3.134099006652832,1
3.058061122894287,1
2.5191073417663574,1
2.533510684967041,1
2.4662551879882813,1
2.5604746341705322,1
2.878112316131592,1
2.408792734146118,1
2.9033098220825195,1
2.7152037620544434,1
2.5954556465148926,1
2.777796745300293,1
2.686476945877075,1
2.7008368968963623,1
2.685991048812866,1
2.6077919006347656,1
2.429255962371826,1
2.918703556060791,1
2.6723875999450684,1
2.694943904876709,1
2.74068546295166,1
2.8687634468078613,1
2.5704727172851563,1
3.1250462532043457,1
2.9461703300476074,1
2.41032338142395,1
2.714724063873291,1
3.002070903778076,1
3.1491425037384033,1
2.9444823265075684,1
2.6940255165100098,1
3.1311910152435303,1
3.0744972229003906,1
2.9033243656158447,1
2.862875461578369,1
2.768528461456299,1
2.733452320098877,1
3.281750440597534,1
2.49253511428833,1
2.665651321411133,1
3.4320664405822754,1
2.7813806533813477,1
2.4466795921325684,1
2.5889487266540527,1
2.635873794555664,1
2.555267810821533,1
2.5296850204467773,1
2.9289143085479736,1
2.382864236831665,1
2.796344041824341,1
2.344148635864258,1
2.2903032302856445,1
2.8205792903900146,1
2.719900131225586,1
2.8135969638824463,1
2.6487698554992676,1
2.941514015197754,1
2.7966649532318115,1
2.5420846939086914,1
2.666043996810913,1
2.745722770690918,1
2.6907458305358887,1
2.6005325317382813,1
2.81876802444458,1
3.509380340576172,1
2.964585781097412,1
2.6304540634155273,1
2.9436988830566406,1
3.2590088844299316,1
2.5223729610443115,1
2.951920986175537,1
2.5669965744018555,1
2.9734153747558594,1
2.2339768409729004,1
3.006507396697998,1
2.504594326019287,1
2.3761305809020996,1
2.7126238346099854,1
2.8401875495910645,1
3.010563850402832,1
3.5382180213928223,1
2.512565851211548,1
3.029142379760742,1
2.861344337463379,1
2.535576581954956,1
2.6457324028015137,1
2.400871515274048,1
2.5289745330810547,1
2.6063852310180664,1
2.3644485473632813,1
2.4959840774536133,1
2.9329628944396973,1
2.907846450805664,1
3.2079687118530273,1
2.7803781032562256,1
2.982670307159424,1
2.0432491302490234,1
2.686957359313965,1
2.1834793090820313,1
2.888688325881958,1
2.559175968170166,1
2.361666679382324,1
2.9772748947143555,1
2.640460968017578,1
2.8127174377441406,1
2.5414013862609863,1
2.942080497741699,1
2.647347927093506,1
2.88140869140625,1
3.01637864112854,1
2.874638080596924,1
2.389521598815918,1
3.0002317428588867,1
2.6721420288085938,1
2.4913525581359863,1
3.0789246559143066,1
2.5568909645080566,1
3.0481152534484863,1
2.474231243133545,1
3.1989529132843018,1
2.696666955947876,1
3.072049617767334,1
2.847769260406494,1
3.299330472946167,1
3.589670419692993,1
2.680959701538086,1
2.4174046516418457,1
2.7810750007629395,1
2.983760118484497,1
3.081979990005493,1
2.9983139038085938,1
3.1702709197998047,1
2.7441742420196533,1
3.1586482524871826,1
2.573882579803467,1
2.95511531829834,1
2.759671449661255,1
2.875333786010742,1
2.7703914642333984,1
2.3557183742523193,1
3.034914016723633,1
3.244966745376587,1
2.9234399795532227,1
2.950821876525879,1
2.76914644241333,1
2.8269689083099365,1
2.9999616146087646,1
2.942802906036377,1
2.5132052898406982,1
2.739902973175049,1
2.7764363288879395,1
2.848355770111084,1
2.411978244781494,1
2.9233181476593018,1
2.7286758422851563,1
2.82639741897583,1
3.0992517471313477,1
2.9163808822631836,1
2.3718395233154297,1
2.6100220680236816,1
2.88779878616333,1
2.480128765106201,1
3.284846305847168,1
2.8967344760894775,1
2.982290267944336,1
2.9858312606811523,1
2.742295265197754,1
2.263643741607666,1
3.078693389892578,1
2.8954787254333496,1
2.6896278858184814,1
2.9155101776123047,1
2.4489905834198,1
2.7248597145080566,1
2.6110053062438965,1
2.505026340484619,1
2.4769811630249023,1
2.2495932579040527,1
2.3132877349853516,1
2.834338903427124,1
2.479813575744629,1
2.780691146850586,1
3.113887310028076,1
2.919473171234131,1
2.391277313232422,1
2.3774209022521973,1
2.6212992668151855,1
2.8075437545776367,1
2.6556379795074463,1
3.166041851043701,1
2.786655902862549,1
2.9698452949523926,1
2.580240249633789,1
2.7016279697418213,1
2.3900680541992188,1
2.469163656234741,1
2.8171586990356445,1
3.0091893672943115,1
2.5656614303588867,1
2.433250665664673,1
2.5957705974578857,1
2.9144346714019775,1
3.0729236602783203,1
2.3480336666107178,1
2.719269037246704,1
2.7595765590667725,1
2.669464111328125,1
2.687329053878784,1
2.8692617416381836,1
2.4175117015838623,1
2.503666877746582,1
2.7592926025390625,1
2.5308492183685303,1
2.7079405784606934,1
2.7192931175231934,1
2.6842269897460938,1
2.8340823650360107,1
2.6356382369995117,1
2.705444812774658,1
3.0388216972351074,1
2.863595485687256,1
2.703197479248047,1
3.225064992904663,1
2.49013614654541,1
2.446802854537964,1
2.7390921115875244,1
2.666738986968994,1
3.04958438873291,1
2.538254737854004,1
3.09793758392334,1
2.2279868125915527,1
2.381147861480713,1
3.0869412422180176,1
2.5815834999084473,1
2.551551342010498,1
2.8981213569641113,1
2.645240306854248,1
2.8923885822296143,1
2.4398934841156006,1
2.520475149154663,1
2.7454285621643066,1
2.5581490993499756,1
2.870171070098877,1
2.7588753700256348,1
2.6088225841522217,1
2.9615983963012695,1
3.1110305786132813,1
2.409036159515381,1
3.036306858062744,1
2.346454620361328,1
2.496333122253418,1
2.991525650024414,1
2.7168521881103516,1
2.861168384552002,1
3.1061019897460938,1
2.7963225841522217,1
2.9352731704711914,1
2.4892120361328125,1
2.450526714324951,1
2.7101659774780273,1
2.606895923614502,1
2.2956981658935547,1
2.5264620780944824,1
2.601670026779175,1
3.0091609954833984,1
3.1039862632751465,1
2.417426586151123,1
2.5977931022644043,1
2.9218404293060303,1
2.8665993213653564,1
2.750824451446533,1
2.987370491027832,1
2.935638904571533,1
2.5588276386260986,1
2.6267447471618652,1
2.898761749267578,1
2.6060779094696045,1
2.6367690563201904,1
2.147878885269165,1
3.013371229171753,1
2.7354929447174072,1
2.773989677429199,1
2.6752543449401855,1
2.2757210731506348,1
2.256394863128662,1
2.5570085048675537,1
3.4154772758483887,1
3.025761604309082,1
2.9775032997131348,1
3.3428220748901367,1
2.976020336151123,1
2.693648099899292,1
3.032594680786133,1
2.509805679321289,1
2.8915648460388184,1
2.434187889099121,1
2.961700439453125,1
2.505244731903076,1
3.295992136001587,1
3.0770492553710938,1
2.3971261978149414,1
2.723703384399414,1
2.6396584510803223,1
2.5079944133758545,1
2.4908602237701416,1
2.8390800952911377,1
2.5330593585968018,1
2.773097276687622,1
3.221984386444092,1
3.028134346008301,1
2.669127941131592,1
2.472794532775879,1
2.850564956665039,1
3.2019660472869873,1
2.5487325191497803,1
2.779698371887207,1
2.6977100372314453,1
2.339618682861328,1
2.776484489440918,1
2.7026782035827637,1
2.5548079013824463,1
3.094724178314209,1
2.909329414367676,1
2.804060935974121,1
2.497257947921753,1
2.9782280921936035,1
3.1956796646118164,1
2.8699378967285156,1
2.737621784210205,1
3.0504536628723145,1
2.6835389137268066,1
2.125174045562744,1
2.507312536239624,1
2.335510730743408,1
2.6431734561920166,1
2.5557122230529785,1
2.4853124618530273,1
2.7074356079101563,1
2.6939713954925537,1
2.8315272331237793,1
3.0419418811798096,1
2.622035503387451,1
2.8766226768493652,1
2.5597503185272217,1
3.311782121658325,1
2.9295859336853027,1
2.827470302581787,1
2.554868221282959,1
2.6869606971740723,1
3.0152928829193115,1
2.731926441192627,1
2.448321580886841,1
2.6373815536499023,1
2.778311014175415,1
2.758742332458496,1
2.604156494140625,1
2.732081174850464,1
2.4117887020111084,1
2.2334794998168945,1
2.874551296234131,1
2.736959218978882,1
2.633004665374756,1
2.9447615146636963,1
2.557482957839966,1
2.553164005279541,1
2.934929370880127,1
2.7924065589904785,1
3.125178813934326,1
2.947848081588745,1
2.4015591144561768,1
2.6922433376312256,1
2.0879926681518555,1
2.433016538619995,1
2.613548517227173,1
2.7990565299987793,1
2.406912326812744,1
2.718869686126709,1
2.732987880706787,1
2.5876193046569824,1
2.4823455810546875,1
2.995033025741577,1
2.8017611503601074,1
3.0515637397766113,1
2.491711378097534,1
3.1306204795837402,1
2.92985200881958,1
2.6602518558502197,1
3.143805503845215,1
2.6881561279296875,1
2.3790366649627686,1
2.7941088676452637,1
2.856855869293213,1
2.317920684814453,1
2.520768165588379,1
2.9810361862182617,1
2.468832015991211,1
3.1935062408447266,1
2.446070909500122,1
3.3981809616088867,1
3.521739959716797,1
2.7816104888916016,1
2.671024799346924,1
2.4593310356140137,1
2.627579689025879,1
2.645897388458252,1
2.9758667945861816,1
2.5015718936920166,1
3.0040154457092285,1
2.5257441997528076,1
2.467442274093628,1
2.4611244201660156,1
2.5329623222351074,1
2.9135756492614746,1
2.902223587036133,1
3.082961082458496,1
2.545924425125122,1
3.0582594871520996,1
2.755758762359619,1
2.26837158203125,1
2.57494854927063,1
3.1132750511169434,1
2.9828639030456543,1
2.6704888343811035,1
2.8597936630249023,1
2.509215831756592,1
2.2168021202087402,1
2.5321273803710938,1
3.2838735580444336,1
3.179352045059204,1
2.810568332672119,1
2.7195968627929688,1
2.609955072402954,1
2.286147356033325,1
3.1940484046936035,1
3.0902962684631348,1
2.8340423107147217,1
2.736562728881836,1
2.528959274291992,1
2.7954647541046143,1
2.88399600982666,1
2.522040843963623,1
2.4971814155578613,1
2.9360527992248535,1
2.583256959915161,1
2.5681276321411133,1
2.9155890941619873,1
2.41347074508667,1
2.5957298278808594,1
2.7681941986083984,1
2.268038272857666,1
2.535736560821533,1
2.464841365814209,1
2.791327953338623,1
2.5853962898254395,1
2.4182944297790527,1
2.766779899597168,1
2.490665912628174,1
2.5139617919921875,1
2.2292892932891846,1
2.886273145675659,1
2.2229013442993164,1
2.8047988414764404,1
2.2880396842956543,1
2.8045501708984375,1
2.782463550567627,1
2.6003260612487793,1
2.835432767868042,1
2.4044699668884277,1
2.372446060180664,1
2.482980966567993,1
2.301126480102539,1
2.2433340549468994,1
3.214193105697632,1
2.5618951320648193,1
3.1596248149871826,1
2.9331297874450684,1
2.5987586975097656,1
3.114090919494629,1
2.9756832122802734,1
2.6712276935577393,1
2.649406909942627,1
2.668421745300293,1
2.816507339477539,1
2.5847573280334473,1
2.8120620250701904,1
2.51424503326416,1
2.6743078231811523,1
2.749929428100586,1
2.9908230304718018,1
2.697084903717041,1
2.4195449352264404,1
2.489013195037842,1
3.164731502532959,1
3.076322555541992,1
2.222442388534546,1
3.10782527923584,1
2.8597943782806396,1
2.313628673553467,1
2.963385581970215,1
2.6567811965942383,1
2.5945193767547607,1
2.6055524349212646,1
2.8700976371765137,1
2.8887195587158203,1
2.76863956451416,1
2.0125560760498047,1
2.8659467697143555,1
2.473823070526123,1
2.7368102073669434,1
2.9024136066436768,1
2.775404453277588,1
3.1236371994018555,1
2.6509389877319336,1
2.882593870162964,1
2.829235076904297,1
3.219714641571045,1
2.3553123474121094,1
2.8787753582000732,1
2.8964014053344727,1
3.057623863220215,1
3.174057960510254,1
3.0521464347839355,1
3.0428059101104736,1
2.476966381072998,1
2.4919791221618652,1
2.765057325363159,1
2.795423984527588,1
2.6657347679138184,1
2.5824975967407227,1
2.470576286315918,1
2.672236204147339,1
2.9386391639709473,1
2.6420655250549316,1
3.5616207122802734,1
2.7207908630371094,1
2.627027988433838,1
2.2364089488983154,1
2.767061710357666,1
3.0609827041625977,1
2.6198642253875732,1
3.0896458625793457,1
2.630945920944214,1
2.7105658054351807,1
3.1421618461608887,1
2.515648603439331,1
2.42696213722229,1
2.607501983642578,1
2.7738423347473145,1
2.941524028778076,1
2.6897988319396973,1
2.4529242515563965,1
2.7381439208984375,1
2.7767891883850098,1
2.3599414825439453,1
2.3945679664611816,1
2.6173653602600098,1
2.9582927227020264,1
3.1775293350219727,1
2.9444589614868164,1
2.142415761947632,1
2.5248565673828125,1
2.6207275390625,1
2.580526351928711,1
2.544931411743164,1
2.8770899772644043,1
2.771902322769165,1
2.5843372344970703,1
2.4963812828063965,1
2.5793330669403076,1
2.7039225101470947,1
2.761641502380371,1
2.500156879425049,1
2.4968485832214355,1
2.758082389831543,1
2.602755546569824,1
2.7892143726348877,1
2.608199119567871,1
2.7744696140289307,1
2.546401262283325,1
2.676569938659668,1
2.9971139430999756,1
2.9532482624053955,1
2.70768141746521,1
2.5405383110046387,1
2.248180866241455,1
3.093740701675415,1
2.8720452785491943,1
2.5803117752075195,1
2.7877554893493652,1
2.471510410308838,1
2.683702230453491,1
3.235109806060791,1
2.3595004081726074,1
2.581056594848633,1
3.083285093307495,1
2.730469226837158,1
2.595470905303955,1
2.8055739402770996,1
2.931926727294922,1
2.5782814025878906,1
3.5006110668182373,1
2.4231619834899902,1
2.712141513824463,1
2.5834550857543945,1
2.537485361099243,1
2.5551719665527344,1
2.3333747386932373,1
3.753242254257202,1
2.7355477809906006,1
2.854888916015625,1
3.3878045082092285,1
3.041947603225708,1
3.2909131050109863,1
2.9074087142944336,1
2.449918270111084,1
2.4329471588134766,1
2.8682217597961426,1
2.5540614128112793,1
2.277892589569092,1
2.0520377159118652,1
2.700026035308838,1
2.5530800819396973,1
2.2035937309265137,1
2.7026374340057373,1
2.6186251640319824,1
2.6854891777038574,1
2.7722668647766113,1
2.562563896179199,1
2.2295432090759277,1
3.052729606628418,1
3.3193302154541016,1
2.7798728942871094,1
2.585878610610962,1
2.5824270248413086,1
2.662447214126587,1
2.306854248046875,1
2.227828025817871,1
2.5945956707000732,1
2.7354516983032227,1
2.8930182456970215,1
2.4930715560913086,1
2.5932726860046387,1
2.8081541061401367,1
2.2033145427703857,1
2.4706287384033203,1
2.571282386779785,1
2.4156274795532227,1
2.3901259899139404,1
2.254148483276367,1
2.802896738052368,1
2.7713427543640137,1
2.7991580963134766,1
3.419325828552246,1
3.0243282318115234,1
2.6365156173706055,1
2.5491254329681396,1
2.5667428970336914,1
3.2573907375335693,1
2.722651243209839,1
2.623339891433716,1
2.555175304412842,1
2.2874577045440674,1
3.0250449180603027,1
3.0336108207702637,1
2.568106174468994,1
2.5291481018066406,1
2.3151330947875977,1
2.5468814373016357,1
2.5456905364990234,1
2.0005311965942383,1
2.3146495819091797,1
2.602665901184082,1
2.8819563388824463,1
2.246892213821411,1
2.740530252456665,1
3.199643135070801,1
2.9653000831604004,1
2.5318808555603027,1
2.308919906616211,1
2.790792465209961,1
2.6552391052246094,1
3.0125410556793213,1
2.9713711738586426,1
3.2840018272399902,1
2.6482045650482178,1
2.613311290740967,1
2.260758399963379,1
2.4493656158447266,1
3.151693344116211,1
2.629733085632324,1
2.6351819038391113,1
2.8485779762268066,1
2.5007553100585938,1
2.7124929428100586,1
3.1059045791625977,1
2.801248550415039,1
2.8684439659118652,1
2.663198709487915,1
2.999274253845215,1
2.989658832550049,1
2.1513586044311523,1
2.3362603187561035,1
2.329836130142212,1
2.7017388343811035,1
3.1236608028411865,1
3.108966588973999,1
2.800607681274414,1
2.997765064239502,1
2.7928755283355713,1
2.654782295227051,1
2.737320899963379,1
2.501295804977417,1
2.523900270462036,1
2.3387057781219482,1
2.8020966053009033,1
2.3291099071502686,1
2.52067494392395,1
2.6584906578063965,1
2.5368175506591797,1
2.4018197059631348,1
2.576643466949463,1
2.794046401977539,1
2.663019895553589,1
2.400804042816162,1
2.9045047760009766,1
2.4494314193725586,1
2.883013963699341,1
2.831958055496216,1
2.3437552452087402,1
2.8828201293945313,1
2.911762237548828,1
2.328857183456421,1
2.921631336212158,1
2.2906205654144287,1
2.674590587615967,1
2.4834604263305664,1
2.4611380100250244,1
2.7175912857055664,1
2.8114724159240723,1
2.3213865756988525,1
2.4305975437164307,1
2.6601743698120117,1
2.931870698928833,1
2.5478155612945557,1
2.9847517013549805,1
2.543315887451172,1
3.095974922180176,1
2.470595359802246,1
2.764195203781128,1
2.781449794769287,1
3.053617477416992,1
2.483936071395874,1
2.1879844665527344,1
2.7330284118652344,1
2.917278528213501,1
2.7356491088867188,1
2.6777846813201904,1
2.6406149864196777,1
2.4197614192962646,1
2.196565628051758,1
2.930669069290161,1
2.6684722900390625,1
2.4315848350524902,1
2.768828868865967,1
2.60526442527771,1
2.499476432800293,1
2.633981227874756,1
3.0024471282958984,1
3.0604300498962402,1
2.2202820777893066,1
2.9878578186035156,1
2.3573696613311768,1
2.4644322395324707,1
2.5727379322052,1
2.526698589324951,1
2.6377742290496826,1
2.2212119102478027,1
2.8231420516967773,1
2.799959659576416,1
2.3747220039367676,1
2.803394079208374,1
3.164548873901367,1
2.594264030456543,1
2.9580788612365723,1
2.6830527782440186,1
2.6460049152374268,1
2.1039366722106934,1
2.6716468334198,1
2.7396955490112305,1
1.887217402458191,1
2.578558921813965,1
2.413376808166504,1
2.3104000091552734,1
2.7883474826812744,1
2.937424659729004,1
2.7426319122314453,1
2.36592435836792,1
2.623969793319702,1
3.1536364555358887,1
2.6322741508483887,1
2.2185592651367188,1
2.239847421646118,1
2.7387442588806152,1
2.9723503589630127,1
2.6907427310943604,1
3.045609951019287,1
2.59269380569458,1
2.49118709564209,1
2.9216201305389404,1
1.933858036994934,1
2.791071891784668,1
2.513179302215576,1
2.6817808151245117,1
2.5477147102355957,1
2.7721309661865234,1
2.643225908279419,1
2.8145978450775146,1
2.8811464309692383,1
2.224620819091797,1
2.3325676918029785,1
1.7481744289398193,1
2.5679080486297607,1
3.013665199279785,1
2.874971866607666,1
2.432917594909668,1
2.8514404296875,1
2.3441615104675293,1
2.9158847332000732,1
2.636003017425537,1
3.084364414215088,1
2.6731460094451904,1
2.3913207054138184,1
2.768367290496826,1
2.7941102981567383,1
2.852212429046631,1
2.5728347301483154,1
2.839735746383667,1
2.517246723175049,1
3.22371768951416,1
2.518477439880371,1
2.5271639823913574,1
2.777195453643799,1
2.6807198524475098,1
2.672213554382324,1
2.967878580093384,1
2.64973783493042,1
2.3894712924957275,1
2.6687092781066895,1
2.8742780685424805,1
3.0483622550964355,1
2.506079912185669,1
2.587496042251587,1
2.5135672092437744,1
3.367109775543213,1
2.7312397956848145,1
2.502285957336426,1
2.4738497734069824,1
3.0513482093811035,1
2.7453413009643555,1
2.7492165565490723,1
3.3217556476593018,1
2.598416805267334,1
2.287729024887085,1
2.6326494216918945,1
2.807199478149414,1
2.582153797149658,1
2.7054505348205566,1
2.723604917526245,1
2.5158376693725586,1
2.5302627086639404,1
2.306277275085449,1
3.077981948852539,1
3.087329864501953,1
2.549652576446533,1
2.688359022140503,1
2.5884249210357666,1
2.632136821746826,1
2.3423893451690674,1
2.557389259338379,1
2.3832192420959473,1
2.3846826553344727,1
2.4280848503112793,1
2.6203367710113525,1
2.592662811279297,1
3.4009506702423096,1
2.2794888019561768,1
3.0251970291137695,1
2.954322338104248,1
3.080073356628418,1
3.012769937515259,1
3.026940107345581,1
2.501981258392334,1
2.389166831970215,1
2.219736099243164,1
2.37919282913208,1
2.818516731262207,1
2.4997451305389404,1
2.78031063079834,1
2.670018196105957,1
2.578152656555176,1
2.5658953189849854,1
3.0243542194366455,1
2.858376979827881,1
2.593801498413086,1
2.3266992568969727,1
3.2483978271484375,1
3.2587404251098633,1
2.560906410217285,1
2.7719526290893555,1
2.4152426719665527,1
2.064913749694824,1
