3.172734260559082,1
3.2918777465820313,1
5.26721715927124,1
3.5843710899353027,1
4.101108551025391,1
3.241018295288086,1
3.789243459701538,1
3.794748306274414,1
3.3878302574157715,1
4.307727336883545,1
4.022421360015869,1
4.032304763793945,1
3.9949111938476563,1
3.469442844390869,1
4.114789009094238,1
3.5938973426818848,1
3.420492649078369,1
4.036751747131348,1
4.088315486907959,1
3.9525952339172363,1
3.3950395584106445,1
3.904606580734253,1
4.034697532653809,1
3.7740821838378906,1
4.044572830200195,1
4.673478126525879,1
3.4767532348632813,1
3.50827693939209,1
3.308483600616455,1
3.4189767837524414,1
3.351029396057129,1
3.6965584754943848,1
3.727470874786377,1
3.060366153717041,1
4.9872565269470215,1
4.0835113525390625,1
4.129326820373535,1
3.7683396339416504,1
3.9790115356445313,1
3.8506126403808594,1
3.6081182956695557,1
3.986323595046997,1
3.762255907058716,1
3.358201265335083,1
3.72483491897583,1
4.760398864746094,1
3.402089834213257,1
3.824108123779297,1
3.6882107257843018,1
3.5815796852111816,1
4.115143775939941,1
3.7114155292510986,1
3.361640453338623,1
3.8187637329101563,1
3.471393585205078,1
4.489097595214844,1
3.872025966644287,1
3.5643515586853027,1
3.605194091796875,1
3.536792755126953,1
3.8391823768615723,1
3.544646739959717,1
3.412555694580078,1
3.464097023010254,1
3.8076255321502686,1
3.743056535720825,1
3.8263161182403564,1
3.7235031127929688,1
3.963191270828247,1
3.388077735900879,1
4.32289457321167,1
3.7658309936523438,1
3.030275344848633,1
3.7241244316101074,1
3.0508503913879395,1
3.9699831008911133,1
3.608175039291382,1
3.678062915802002,1
3.9203972816467285,1
4.100622177124023,1
3.5293784141540527,1
3.857123374938965,1
3.7660274505615234,1
4.072957992553711,1
3.9626359939575195,1
4.125421524047852,1
4.27960205078125,1
4.460633754730225,1
3.6477649211883545,1
3.2430663108825684,1
3.949697971343994,1
4.032455921173096,1
4.110353946685791,1
3.3838729858398438,1
4.625260353088379,1
4.404192924499512,1
3.923802375793457,1
3.1080117225646973,1
3.717679977416992,1
4.075938701629639,1
4.628451347351074,1
3.60459303855896,1
3.4683635234832764,1
4.180769443511963,1
5.252471446990967,1
4.3048810958862305,1
3.3379666805267334,1
3.7284352779388428,1
3.756718158721924,1
3.7688019275665283,1
4.23959493637085,1
4.696750164031982,1
4.635582447052002,1
4.46359920501709,1
4.2503557205200195,1
4.038278579711914,1
4.813624858856201,1
5.0456390380859375,1
4.698347568511963,1
4.521653175354004,1
3.926180362701416,1
4.87393856048584,1
4.377044677734375,1
3.9341328144073486,1
4.62403678894043,1
4.404706001281738,1
3.945451259613037,1
4.300632476806641,1
4.626703262329102,1
4.432979583740234,1
3.9076285362243652,1
4.194110870361328,1
4.422053337097168,1
3.6836094856262207,1
3.7249622344970703,1
3.864901065826416,1
4.140772819519043,1
4.433150768280029,1
4.2339630126953125,1
4.098504543304443,1
3.807116746902466,1
4.858711242675781,1
4.621099948883057,1
3.9157376289367676,1
3.5102992057800293,1
4.091136455535889,1
4.3369340896606445,1
3.575117588043213,1
4.518420219421387,1
3.656404495239258,1
3.6730191707611084,1
4.1146697998046875,1
3.322261333465576,1
3.507993698120117,1
3.449911117553711,1
3.538574695587158,1
3.933342695236206,1
4.072042942047119,1
3.88372802734375,1
4.168215751647949,1
3.981243133544922,1
3.6999335289001465,1
3.696133852005005,1
3.907989501953125,1
4.80291748046875,1
3.7281906604766846,1
3.5167958736419678,1
4.356983184814453,1
3.3061835765838623,1
4.333879470825195,1
3.850888729095459,1
3.4384589195251465,1
3.9197261333465576,1
3.9361815452575684,1
3.555957317352295,1
3.459010124206543,1
3.808321714401245,1
3.9798336029052734,1
3.4089736938476563,1
4.301975727081299,1
5.110321521759033,1
4.187088966369629,1
3.983142614364624,1
3.8278913497924805,1
4.261414527893066,1
4.9879937171936035,1
4.180558204650879,1
3.999950885772705,1
4.026096343994141,1
3.9578003883361816,1
4.007498741149902,1
3.8153607845306396,1
3.723848819732666,1
4.6283063888549805,1
4.5952301025390625,1
3.6862311363220215,1
4.3796796798706055,1
4.051488876342773,1
4.196445465087891,1
4.116978645324707,1
3.6444239616394043,1
4.170278549194336,1
4.296339511871338,1
3.5755906105041504,1
6.185944080352783,1
3.8074402809143066,1
5.000080585479736,1
3.83467435836792,1
3.931572675704956,1
3.1184306144714355,1
4.981987953186035,1
4.742105007171631,1
5.127932548522949,1
3.910813331604004,1
3.9875271320343018,1
4.095736503601074,1
4.959499359130859,1
4.211118698120117,1
4.1814117431640625,1
4.000897407531738,1
3.653921365737915,1
3.718884229660034,1
4.2144646644592285,1
4.339087963104248,1
4.288529396057129,1
3.9138197898864746,1
3.544694423675537,1
3.1029815673828125,1
3.1965219974517822,1
3.363520622253418,1
3.6972193717956543,1
3.7696566581726074,1
4.009311676025391,1
4.143503665924072,1
3.965571165084839,1
4.025422096252441,1
3.7996392250061035,1
4.435666561126709,1
5.319972991943359,1
4.8150315284729,1
4.504156589508057,1
4.3735480308532715,1
4.239720344543457,1
4.007023811340332,1
4.66536808013916,1
4.328367233276367,1
3.360053062438965,1
4.339317798614502,1
4.256677150726318,1
4.142990589141846,1
3.704043388366699,1
4.264397621154785,1
4.103154182434082,1
4.493323802947998,1
4.078141212463379,1
3.6835813522338867,1
4.0422749519348145,1
3.797940731048584,1
3.8662664890289307,1
3.3199963569641113,1
4.187116622924805,1
3.3699707984924316,1
3.6466238498687744,1
3.793274164199829,1
4.223548412322998,1
3.4153523445129395,1
4.052065849304199,1
4.515244960784912,1
3.5779471397399902,1
3.7536063194274902,1
3.7110402584075928,1
3.610905885696411,1
3.5245320796966553,1
3.325113534927368,1
4.488410949707031,1
3.9725027084350586,1
4.202737808227539,1
4.400087356567383,1
3.2376394271850586,1
4.068425178527832,1
3.590137481689453,1
3.8581502437591553,1
4.536313056945801,1
4.0533342361450195,1
3.4278934001922607,1
4.1192731857299805,1
4.442277908325195,1
4.138345241546631,1
3.1860830783843994,1
3.6959900856018066,1
4.123228073120117,1
3.3897719383239746,1
3.70874285697937,1
3.7987306118011475,1
3.6794474124908447,1
4.139488697052002,1
3.6044507026672363,1
4.447936058044434,1
4.0753278732299805,1
3.961259126663208,1
3.576650619506836,1
3.350903034210205,1
3.4983768463134766,1
3.7207202911376953,1
3.408334255218506,1
4.400178909301758,1
3.9583921432495117,1
5.221755504608154,1
3.92999267578125,1
3.1926140785217285,1
3.2790205478668213,1
4.150317668914795,1
3.6213245391845703,1
3.8303165435791016,1
3.80936598777771,1
3.659916877746582,1
3.963099241256714,1
3.915684223175049,1
3.997354745864868,1
3.211916446685791,1
3.79823637008667,1
3.9049277305603027,1
3.577709674835205,1
3.288041114807129,1
3.4219181537628174,1
4.277742385864258,1
3.2999062538146973,1
4.2862067222595215,1
3.3560709953308105,1
4.019567489624023,1
3.934838056564331,1
4.048893928527832,1
2.9332683086395264,1
4.019881725311279,1
3.852077007293701,1
3.205629825592041,1
3.519303321838379,1
3.964437484741211,1
3.6676788330078125,1
3.512117385864258,1
3.959062099456787,1
4.154602527618408,1
3.294577121734619,1
4.5895209312438965,1
3.6413402557373047,1
3.1677072048187256,1
3.741797924041748,1
3.83852481842041,1
3.030691146850586,1
3.7031891345977783,1
4.729002952575684,1
3.748539686203003,1
3.750363826751709,1
3.7865638732910156,1
4.024177551269531,1
4.410282611846924,1
2.8616693019866943,1
3.979218006134033,1
3.786364793777466,1
3.5386505126953125,1
3.5237646102905273,1
3.1773345470428467,1
3.537256956100464,1
4.42587423324585,1
4.048724174499512,1
3.9234070777893066,1
3.9483726024627686,1
3.7444145679473877,1
3.8075599670410156,1
3.8561315536499023,1
4.190779685974121,1
3.9476561546325684,1
4.171472549438477,1
4.066369533538818,1
3.7424798011779785,1
3.593944549560547,1
3.775637626647949,1
3.704988479614258,1
3.7015857696533203,1
3.224362373352051,1
3.7203924655914307,1
4.055286884307861,1
3.3836982250213623,1
4.0679144859313965,1
3.5177783966064453,1
3.539618492126465,1
3.594738006591797,1
3.2309961318969727,1
5.383120059967041,1
4.108553886413574,1
4.096356391906738,1
3.9598135948181152,1
3.7505781650543213,1
3.812227487564087,1
3.9675002098083496,1
3.8367350101470947,1
4.173923492431641,1
4.064614295959473,1
4.226705551147461,1
5.072653770446777,1
4.847532272338867,1
3.437441349029541,1
4.128530502319336,1
4.224650859832764,1
6.588451862335205,1
5.6087260246276855,1
5.173909664154053,1
4.066965579986572,1
4.273881912231445,1
4.68086051940918,1
4.678769111633301,1
4.831482410430908,1
4.16108512878418,1
3.997941493988037,1
4.4130425453186035,1
4.659077167510986,1
3.911648750305176,1
4.529545783996582,1
3.486414670944214,1
3.6765899658203125,1
4.251786231994629,1
3.865145206451416,1
3.525472640991211,1
4.233212947845459,1
3.7390222549438477,1
4.877616882324219,1
5.134274959564209,1
3.877150774002075,1
4.143056869506836,1
3.499415397644043,1
3.8543190956115723,1
3.7804579734802246,1
3.484220504760742,1
4.307814598083496,1
3.3009629249572754,1
3.6109375953674316,1
3.532750368118286,1
3.466370105743408,1
2.8877203464508057,1
3.7990972995758057,1
3.7829017639160156,1
4.5230841636657715,1
4.363589286804199,1
4.532654762268066,1
4.0404510498046875,1
3.777587890625,1
3.867776393890381,1
3.482853412628174,1
3.7657644748687744,1
3.319005012512207,1
3.7158031463623047,1
3.564488172531128,1
3.2621302604675293,1
3.429570436477661,1
3.4106338024139404,1
3.417473316192627,1
3.805569648742676,1
4.205653190612793,1
4.6336822509765625,1
4.113533973693848,1
3.345238208770752,1
3.7091314792633057,1
3.6326513290405273,1
4.442198753356934,1
3.2414989471435547,1
3.6542975902557373,1
2.834681987762451,1
3.0705618858337402,1
3.5508761405944824,1
4.074160575866699,1
3.72147274017334,1
3.7710394859313965,1
3.883129119873047,1
3.6828980445861816,1
4.104923248291016,1
3.628319263458252,1
3.4091789722442627,1
3.2730374336242676,1
4.185333251953125,1
4.386792182922363,1
3.8344364166259766,1
3.2406017780303955,1
3.458189010620117,1
4.418317794799805,1
4.0730767250061035,1
4.238644599914551,1
3.5400097370147705,1
4.3016037940979,1
4.249047756195068,1
3.1251349449157715,1
4.382236480712891,1
4.093514442443848,1
4.548696041107178,1
3.3398823738098145,1
4.06695556640625,1
3.3817713260650635,1
3.9424023628234863,1
4.152747631072998,1
4.321784973144531,1
4.487895965576172,1
3.7190966606140137,1
4.147571563720703,1
3.581256628036499,1
4.088714599609375,1
4.191742897033691,1
4.18887996673584,1
3.9230475425720215,1
4.304062366485596,1
5.419067859649658,1
3.7731456756591797,1
3.830890655517578,1
4.061850547790527,1
3.611847162246704,1
3.962047576904297,1
3.699441432952881,1
3.966514825820923,1
4.072051048278809,1
3.2884361743927,1
3.973442554473877,1
5.000353813171387,1
3.9401140213012695,1
3.9772636890411377,1
3.5396652221679688,1
3.9101309776306152,1
3.735440731048584,1
3.6459693908691406,1
3.949510097503662,1
4.024405479431152,1
3.151735305786133,1
4.209941387176514,1
4.337791919708252,1
3.989722490310669,1
4.304649353027344,1
3.9659194946289063,1
3.646658182144165,1
3.2181947231292725,1
3.8180665969848633,1
3.9115374088287354,1
3.8211076259613037,1
3.5482826232910156,1
3.862170457839966,1
4.349959850311279,1
3.7242839336395264,1
3.5769526958465576,1
4.766323089599609,1
4.157077789306641,1
3.513566017150879,1
4.721444129943848,1
3.625080108642578,1
4.380782127380371,1
5.444819927215576,1
4.017902374267578,1
4.3345947265625,1
4.009273529052734,1
3.945936441421509,1
3.6230926513671875,1
3.38620662689209,1
3.959223508834839,1
3.8348326683044434,1
4.490212440490723,1
3.4610893726348877,1
3.526642322540283,1
3.6067891120910645,1
3.938701629638672,1
3.3499908447265625,1
3.7286887168884277,1
4.206295967102051,1
3.7408151626586914,1
3.3218767642974854,1
3.546342611312866,1
3.9829673767089844,1
3.4528417587280273,1
3.435746192932129,1
3.6466073989868164,1
3.378420114517212,1
3.913353443145752,1
3.7311058044433594,1
3.487410545349121,1
3.4767866134643555,1
3.5552659034729004,1
3.8193905353546143,1
3.129096031188965,1
3.688701629638672,1
3.6385154724121094,1
3.427516460418701,1
3.785867691040039,1
3.8073203563690186,1
3.336366653442383,1
4.047120094299316,1
3.3214735984802246,1
3.8775534629821777,1
4.147364139556885,1
3.1146748065948486,1
3.528146505355835,1
3.7985687255859375,1
3.0854873657226563,1
4.19992733001709,1
4.1299920082092285,1
3.90004563331604,1
3.9891066551208496,1
4.189976692199707,1
3.641159772872925,1
4.153112888336182,1
3.9077274799346924,1
4.720710277557373,1
4.570802688598633,1
3.982524871826172,1
4.034759521484375,1
3.846024990081787,1
4.440842151641846,1
3.7253048419952393,1
4.250990390777588,1
3.7571158409118652,1
4.20659065246582,1
4.075962066650391,1
4.428139686584473,1
3.391800880432129,1
4.385644912719727,1
3.61509370803833,1
3.80659818649292,1
4.467845439910889,1
4.24934720993042,1
4.552460670471191,1
4.246325492858887,1
3.580369710922241,1
3.9291937351226807,1
3.853879928588867,1
3.711679220199585,1
3.405139207839966,1
4.468447685241699,1
3.6037416458129883,1
4.658825874328613,1
4.069714546203613,1
4.457522869110107,1
5.448162078857422,1
4.150994777679443,1
3.526036262512207,1
4.003817558288574,1
3.775160074234009,1
3.6179370880126953,1
4.32241678237915,1
4.294316291809082,1
4.370088577270508,1
4.2055487632751465,1
4.338260650634766,1
4.107094764709473,1
3.6893582344055176,1
4.1880717277526855,1
4.1566572189331055,1
3.7249553203582764,1
4.491164207458496,1
3.795952320098877,1
3.2449417114257813,1
4.195911407470703,1
3.679290294647217,1
3.987999439239502,1
3.8362646102905273,1
4.143845558166504,1
3.370663642883301,1
3.8722050189971924,1
3.452568531036377,1
3.728742837905884,1
4.216390609741211,1
4.65500020980835,1
4.057223320007324,1
4.451803207397461,1
3.621016502380371,1
4.526033401489258,1
4.809443950653076,1
4.442970275878906,1
5.434228897094727,1
4.357150077819824,1
3.978576183319092,1
4.105447292327881,1
4.179604530334473,1
4.185127258300781,1
4.297930717468262,1
4.1465253829956055,1
4.209597587585449,1
4.158892631530762,1
3.935096263885498,1
3.849106550216675,1
4.278729438781738,1
3.8762917518615723,1
3.9573214054107666,1
4.000057220458984,1
3.8483424186706543,1
3.157161235809326,1
4.264803886413574,1
3.8847389221191406,1
3.316509246826172,1
4.029979705810547,1
3.7261762619018555,1
4.214010238647461,1
3.287261486053467,1
3.6933510303497314,1
3.543658494949341,1
3.979008674621582,1
3.828941822052002,1
3.452709436416626,1
4.482542514801025,1
4.64505672454834,1
3.7720627784729004,1
4.587021827697754,1
4.403817176818848,1
4.365996837615967,1
3.7698607444763184,1
3.6731932163238525,1
4.3892927169799805,1
4.624464511871338,1
5.200063705444336,1
3.7380499839782715,1
3.8769712448120117,1
3.8796212673187256,1
3.5507397651672363,1
4.093676567077637,1
3.2067298889160156,1
3.8227617740631104,1
3.779674530029297,1
3.7383322715759277,1
3.3996877670288086,1
4.431891441345215,1
3.9942619800567627,1
3.689117193222046,1
4.305959701538086,1
3.5063881874084473,1
3.1336779594421387,1
4.128260612487793,1
4.282901763916016,1
4.079745292663574,1
3.9254119396209717,1
3.6657679080963135,1
3.9691078662872314,1
3.742786169052124,1
4.366130352020264,1
3.4877729415893555,1
4.035504341125488,1
4.371170997619629,1
3.9424047470092773,1
3.574831008911133,1
3.7769296169281006,1
4.651078224182129,1
3.63932204246521,1
3.5205655097961426,1
3.475399971008301,1
3.696505069732666,1
4.136795520782471,1
3.9093079566955566,1
3.8381009101867676,1
4.02958869934082,1
4.681642532348633,1
4.719869613647461,1
4.7381486892700195,1
4.123199462890625,1
3.3104705810546875,1
3.50877046585083,1
4.282041072845459,1
4.281395435333252,1
4.502253532409668,1
4.028589725494385,1
3.6665709018707275,1
3.7373647689819336,1
4.515597820281982,1
3.76572322845459,1
3.6310553550720215,1
4.738587856292725,1
3.9719486236572266,1
4.459052085876465,1
3.8195347785949707,1
3.4996700286865234,1
3.930736541748047,1
4.72667121887207,1
3.7760801315307617,1
3.8076510429382324,1
3.868130683898926,1
3.881998062133789,1
4.097745895385742,1
4.096585750579834,1
3.143094062805176,1
3.660031318664551,1
3.9752037525177,1
3.408341646194458,1
3.316570997238159,1
3.5722479820251465,1
3.594496726989746,1
3.676694869995117,1
3.825420379638672,1
2.8946757316589355,1
3.2384862899780273,1
4.212801456451416,1
3.6488428115844727,1
3.319951295852661,1
4.76003885269165,1
3.749589681625366,1
4.338115692138672,1
4.368206977844238,1
3.929905414581299,1
3.710482120513916,1
3.632626533508301,1
3.60113787651062,1
3.347038745880127,1
4.104104995727539,1
3.7760000228881836,1
3.523499011993408,1
3.7107739448547363,1
3.6252307891845703,1
3.231583833694458,1
4.880433082580566,1
4.717937469482422,1
3.417689800262451,1
3.0337185859680176,1
3.8581104278564453,1
3.951538562774658,1
3.6319069862365723,1
4.262224197387695,1
4.101726531982422,1
3.907527208328247,1
3.9315760135650635,1
3.5579617023468018,1
4.277066230773926,1
4.162494659423828,1
4.641493320465088,1
4.755334377288818,1
3.4644346237182617,1
3.099276065826416,1
3.689648389816284,1
4.112948894500732,1
3.6777443885803223,1
4.307682991027832,1
3.3344454765319824,1
3.97255802154541,1
3.945246696472168,1
4.194577217102051,1
3.7459707260131836,1
3.4036293029785156,1
4.0894975662231445,1
3.3998847007751465,1
4.48972225189209,1
3.4692978858947754,1
3.8612194061279297,1
3.669696807861328,1
3.713305711746216,1
3.5225489139556885,1
4.055473804473877,1
3.8077452182769775,1
3.4757003784179688,1
3.803389549255371,1
3.4330854415893555,1
3.6774041652679443,1
3.2120113372802734,1
3.930772304534912,1
4.0318450927734375,1
3.445910930633545,1
4.642955780029297,1
3.215245008468628,1
4.46674919128418,1
3.2167773246765137,1
3.6632940769195557,1
3.949549674987793,1
3.725168228149414,1
3.487401247024536,1
4.891503810882568,1
4.018378734588623,1
3.551833391189575,1
4.079339504241943,1
4.141517639160156,1
4.370108604431152,1
5.360225677490234,1
4.004929542541504,1
4.313897132873535,1
4.076391696929932,1
3.845752477645874,1
4.09206485748291,1
3.8354125022888184,1
4.4097208976745605,1
3.676921844482422,1
3.5503029823303223,1
4.015377044677734,1
3.5019750595092773,1
3.6327433586120605,1
3.8968687057495117,1
3.859823226928711,1
3.5454046726226807,1
3.6137962341308594,1
4.5678629875183105,1
4.118008613586426,1
4.171574592590332,1
3.8869266510009766,1
3.6426913738250732,1
4.095424652099609,1
3.7808632850646973,1
3.685521125793457,1
3.7297093868255615,1
4.332148551940918,1
3.956862688064575,1
4.199978351593018,1
3.8224754333496094,1
4.965762138366699,1
4.064998626708984,1
3.773266077041626,1
3.9121577739715576,1
4.104562759399414,1
4.4695916175842285,1
3.5233349800109863,1
4.286449432373047,1
3.7282657623291016,1
3.6549272537231445,1
3.670888900756836,1
3.8378958702087402,1
4.308988571166992,1
3.5843868255615234,1
3.8001809120178223,1
3.633291721343994,1
4.202323913574219,1
3.384021282196045,1
4.074599266052246,1
3.634098768234253,1
3.5291707515716553,1
3.6421093940734863,1
3.6372570991516113,1
4.181840419769287,1
3.4960527420043945,1
4.264079570770264,1
3.544652223587036,1
3.545686960220337,1
3.620527744293213,1
3.7419607639312744,1
3.9725584983825684,1
3.8273725509643555,1
4.142734050750732,1
4.121641159057617,1
4.194509506225586,1
3.371455669403076,1
4.438179969787598,1
3.788543701171875,1
4.034601211547852,1
3.5082478523254395,1
4.263365268707275,1
3.9970197677612305,1
3.8118863105773926,1
4.691190719604492,1
5.24547815322876,1
4.423571586608887,1
3.81530499458313,1
4.058409690856934,1
4.447246551513672,1
4.127933502197266,1
4.15818452835083,1
3.6239187717437744,1
3.2273292541503906,1
3.3414697647094727,1
4.240243911743164,1
3.979444980621338,1
3.9310684204101563,1
4.385187149047852,1
4.742280006408691,1
3.92759370803833,1
4.01440954208374,1
4.0861687660217285,1
3.6056840419769287,1
3.705015182495117,1
4.33563232421875,1
3.8334336280822754,1
3.8805980682373047,1
3.4659223556518555,1
5.017302989959717,1
4.17338228225708,1
4.362959384918213,1
3.69338321685791,1
3.5783185958862305,1
3.9117369651794434,1
3.818636178970337,1
4.593599319458008,1
3.9497852325439453,1
3.7213096618652344,1
4.049623489379883,1
3.7442433834075928,1
3.726332664489746,1
3.677367925643921,1
3.525408983230591,1
3.9110798835754395,1
3.845567226409912,1
4.309874534606934,1
3.636763095855713,1
3.6288983821868896,1
4.21586799621582,1
3.416135311126709,1
4.2560296058654785,1
4.033987998962402,1
3.636594772338867,1
4.011180877685547,1
4.578268051147461,1
3.536344051361084,1
4.351617813110352,1
3.97007155418396,1
4.126598358154297,1
3.2481536865234375,1
4.1359333992004395,1
3.2750000953674316,1
3.865163803100586,1
3.534384250640869,1
4.038900375366211,1
4.566034317016602,1
3.869325637817383,1
3.3729476928710938,1
3.370134115219116,1
3.498170852661133,1
3.8098580837249756,1
3.5729289054870605,1
4.408114910125732,1
3.6328577995300293,1
3.6144609451293945,1
3.728606700897217,1
4.253508567810059,1
3.6587905883789063,1
3.787472724914551,1
3.848942279815674,1
4.651684761047363,1
4.439346790313721,1
3.8203516006469727,1
4.435338497161865,1
5.235284805297852,1
4.878786087036133,1
4.3200273513793945,1
3.4579362869262695,1
4.404812812805176,1
5.729327201843262,1
3.77188777923584,1
4.793464660644531,1
3.9913597106933594,1
3.9819681644439697,1
3.9460153579711914,1
3.8073482513427734,1
3.95510196685791,1
5.069853782653809,1
3.574371337890625,1
4.089095115661621,1
3.6053833961486816,1
3.9504780769348145,1
4.608587741851807,1
4.050682067871094,1
3.405379295349121,1
3.706864356994629,1
3.1432623863220215,1
3.5650057792663574,1
4.770012855529785,1
3.434072732925415,1
3.968309164047241,1
3.846440315246582,1
3.551870346069336,1
4.040971755981445,1
3.827136516571045,1
3.095756769180298,1
3.682375907897949,1
3.539977788925171,1
3.2869205474853516,1
3.8736321926116943,1
4.386690616607666,1
3.9397406578063965,1
3.7067320346832275,1
3.3730099201202393,1
3.8677759170532227,1
3.7376160621643066,1
3.979823112487793,1
3.2788619995117188,1
3.4060511589050293,1
3.4022653102874756,1
3.763866901397705,1
4.256866931915283,1
3.937523603439331,1
5.067048072814941,1
4.316570281982422,1
4.025230407714844,1
4.446316719055176,1
4.100029945373535,1
3.547790288925171,1
3.6283950805664063,1
5.129514694213867,1
3.8032562732696533,1
3.5204904079437256,1
5.107322692871094,1
4.393795013427734,1
3.9283156394958496,1
4.703919410705566,1
3.851553440093994,1
4.076515197753906,1
3.9764060974121094,1
3.3942983150482178,1
3.7266201972961426,1
3.755617618560791,1
3.498607635498047,1
3.5170321464538574,1
4.129709243774414,1
3.673971652984619,1
4.217128276824951,1
3.652855634689331,1
3.693213939666748,1
3.6476545333862305,1
3.5109758377075195,1
4.26406192779541,1
3.634995460510254,1
3.581374168395996,1
4.011364459991455,1
4.377511978149414,1
3.8870303630828857,1
3.500148296356201,1
3.9354817867279053,1
3.653402805328369,1
4.401608943939209,1
3.974064588546753,1
3.688493490219116,1
4.803556442260742,1
3.6440634727478027,1
3.998356819152832,1
3.5914063453674316,1
3.977724075317383,1
3.7598249912261963,1
3.57804536819458,1
4.880748748779297,1
4.354669094085693,1
3.637507200241089,1
3.6747243404388428,1
3.8797497749328613,1
3.3004140853881836,1
4.829678535461426,1
3.4905080795288086,1
3.1255555152893066,1
4.149216651916504,1
3.7409489154815674,1
3.949655771255493,1
4.463088035583496,1
4.479479789733887,1
4.807029724121094,1
3.4265172481536865,1
5.443500518798828,1
4.358759880065918,1
4.800421237945557,1
4.215993404388428,1
3.8107504844665527,1
3.6882872581481934,1
3.720958948135376,1
3.4845504760742188,1
3.7983100414276123,1
3.4918265342712402,1
4.097284317016602,1
4.378151893615723,1
3.733954429626465,1
3.5450401306152344,1
4.186712265014648,1
3.458998203277588,1
4.407354354858398,1
3.8520288467407227,1
3.4828429222106934,1
3.602612257003784,1
3.5413997173309326,1
3.7467215061187744,1
2.854651927947998,1
3.4277138710021973,1
3.2633564472198486,1
3.419588565826416,1
3.7586207389831543,1
3.125525951385498,1
3.2914555072784424,1
4.566997528076172,1
3.3701910972595215,1
4.275947570800781,1
4.1424126625061035,1
3.77585506439209,1
4.361872673034668,1
4.598410129547119,1
4.261933326721191,1
3.471470355987549,1
3.3268914222717285,1
4.091882705688477,1
3.637364387512207,1
3.8868939876556396,1
4.123516082763672,1
3.5920891761779785,1
2.9148614406585693,1
3.6969573497772217,1
3.598923921585083,1
3.4569671154022217,1
3.5956993103027344,1
3.303718328475952,1
3.6793465614318848,1
3.544205665588379,1
3.652524948120117,1
3.4136557579040527,1
3.594707489013672,1
3.557319164276123,1
3.6431870460510254,1
3.2635507583618164,1
3.390397548675537,1
4.014802932739258,1
3.3873085975646973,1
4.311346530914307,1
3.708630084991455,1
4.102800369262695,1
3.75538969039917,1
3.430527687072754,1
4.127682685852051,1
3.419255256652832,1
3.4940218925476074,1
3.041975259780884,1
4.32434606552124,1
3.443300247192383,1
3.61277437210083,1
3.4269938468933105,1
3.4664883613586426,1
3.6241397857666016,1
3.285511016845703,1
3.478529453277588,1
3.2236742973327637,1
3.3662009239196777,1
3.839937210083008,1
3.546924352645874,1
3.472388505935669,1
3.6928515434265137,1
3.8191239833831787,1
3.5323712825775146,1
4.337347030639648,1
3.443512439727783,1
3.12210750579834,1
3.8008360862731934,1
3.505802631378174,1
3.9459428787231445,1
4.144382476806641,1
3.949425220489502,1
3.6073529720306396,1
3.877546548843384,1
4.192920207977295,1
3.7571306228637695,1
3.921137809753418,1
3.6202049255371094,1
3.9382076263427734,1
3.167717456817627,1
3.6380200386047363,1
3.1461093425750732,1
3.345089912414551,1
3.643207550048828,1
4.221292495727539,1
3.952476739883423,1
4.28534460067749,1
3.1327810287475586,1
3.3312418460845947,1
3.4990224838256836,1
3.3792405128479004,1
3.5217955112457275,1
3.7418007850646973,1
4.0091753005981445,1
3.59859561920166,1
3.3142285346984863,1
3.567497730255127,1
4.303675651550293,1
3.493145227432251,1
3.8664438724517822,1
3.5237035751342773,1
3.7534501552581787,1
4.070134162902832,1
4.675571441650391,1
3.64113712310791,1
3.503997325897217,1
3.957965850830078,1
4.200244903564453,1
4.453380107879639,1
4.251899719238281,1
4.008074760437012,1
4.005331039428711,1
3.6634092330932617,1
4.169228553771973,1
3.6480135917663574,1
4.091708183288574,1
3.832595109939575,1
4.390843391418457,1
4.931219577789307,1
3.5500528812408447,1
3.8172788619995117,1
5.103780269622803,1
5.225235939025879,1
5.6638569831848145,1
4.113551139831543,1
5.05451774597168,1
4.984434127807617,1
4.809106826782227,1
4.906866073608398,1
6.1847052574157715,1
5.239741802215576,1
5.259223937988281,1
4.422112464904785,1
4.060016632080078,1
4.473458766937256,1
5.131894588470459,1
3.900662899017334,1
3.7283854484558105,1
6.0240888595581055,1
4.406044006347656,1
4.3620452880859375,1
3.748811960220337,1
3.922337293624878,1
4.139806747436523,1
4.621619701385498,1
4.473915100097656,1
4.356451988220215,1
4.5716471672058105,1
4.075986862182617,1
4.448585033416748,1
4.025981903076172,1
4.710118770599365,1
5.14067268371582,1
3.6763510704040527,1
4.250461578369141,1
5.424386024475098,1
4.466723442077637,1
3.5486717224121094,1
3.38442325592041,1
4.452876567840576,1
3.8935322761535645,1
3.9897494316101074,1
4.14301872253418,1
3.867647409439087,1
4.094069004058838,1
3.56400990486145,1
3.793480634689331,1
4.554784774780273,1
4.675126075744629,1
3.723067045211792,1
3.4209415912628174,1
4.890838623046875,1
4.048259258270264,1
3.9267683029174805,1
4.06487512588501,1
3.9881515502929688,1
4.115776062011719,1
3.698390245437622,1
3.4095263481140137,1
3.449099540710449,1
3.39485502243042,1
3.9605181217193604,1
3.5345547199249268,1
4.4607462882995605,1
3.579221248626709,1
4.641493797302246,1
4.458488464355469,1
3.5391955375671387,1
3.82098388671875,1
3.96510648727417,1
4.244479179382324,1
4.049006462097168,1
3.8562097549438477,1
4.171080589294434,1
3.4643239974975586,1
3.7432847023010254,1
3.870089054107666,1
3.958326578140259,1
3.742936849594116,1
4.367636680603027,1
3.9537296295166016,1
3.787651538848877,1
4.193453311920166,1
3.4756765365600586,1
3.1910691261291504,1
3.5990147590637207,1
3.815920352935791,1
3.322685718536377,1
3.663515567779541,1
4.137363433837891,1
3.336092948913574,1
4.147774696350098,1
4.508003234863281,1
4.256340503692627,1
4.232726573944092,1
3.9467825889587402,1
3.768312454223633,1
4.026925086975098,1
3.9943695068359375,1
4.089057445526123,1
3.8352084159851074,1
3.9700729846954346,1
4.175298690795898,1
3.8141679763793945,1
4.200087070465088,1
3.75746488571167,1
4.256903171539307,1
4.044109344482422,1
3.9799535274505615,1
3.666593074798584,1
4.258161544799805,1
4.048495292663574,1
4.628347396850586,1
4.666794776916504,1
3.9459543228149414,1
3.65850830078125,1
4.745567321777344,1
3.979724884033203,1
5.095087051391602,1
4.993249893188477,1
3.9064223766326904,1
4.202045917510986,1
4.1010637283325195,1
4.534433364868164,1
4.043927192687988,1
3.747616767883301,1
3.800530433654785,1
4.363755226135254,1
4.24747371673584,1
4.404558181762695,1
3.8906850814819336,1
4.130170822143555,1
4.1422953605651855,1
4.080914497375488,1
3.753565788269043,1
3.804323196411133,1
4.280965805053711,1
3.714224338531494,1
4.003511428833008,1
4.219420433044434,1
3.5511999130249023,1
4.475333213806152,1
3.624361515045166,1
3.7584362030029297,1
3.4151039123535156,1
3.8418877124786377,1
3.9742658138275146,1
3.944094657897949,1
3.8633430004119873,1
3.4964990615844727,1
3.9925358295440674,1
5.252562522888184,1
3.3322181701660156,1
4.697247505187988,1
3.7804439067840576,1
3.8915398120880127,1
3.728506088256836,1
4.199548721313477,1
3.825381278991699,1
4.624040603637695,1
3.877558708190918,1
3.9470016956329346,1
4.181831359863281,1
4.140860557556152,1
3.906416893005371,1
4.157850742340088,1
3.561403274536133,1
4.132941246032715,1
4.007909297943115,1
4.171266555786133,1
4.033470630645752,1
3.8517651557922363,1
4.340424060821533,1
4.100973606109619,1
3.5527381896972656,1
3.770400285720825,1
4.534092426300049,1
3.5439350605010986,1
3.5824029445648193,1
3.709127426147461,1
3.895817756652832,1
3.5898780822753906,1
3.1913373470306396,1
4.101612091064453,1
3.9098448753356934,1
3.9550037384033203,1
3.8387904167175293,1
3.49234938621521,1
3.842008113861084,1
3.305316209793091,1
3.8143067359924316,1
3.383763313293457,1
5.295235633850098,1
4.071298122406006,1
3.512192726135254,1
5.264752388000488,1
4.4090375900268555,1
4.095331192016602,1
4.0891947746276855,1
3.2885870933532715,1
3.7467617988586426,1
4.2854156494140625,1
4.228724479675293,1
3.8221166133880615,1
3.831564426422119,1
3.9482569694519043,1
3.847147226333618,1
3.307382822036743,1
2.992471933364868,1
3.7067666053771973,1
5.188371658325195,1
5.1011762619018555,1
3.7175350189208984,1
4.399508953094482,1
5.0866851806640625,1
4.735743522644043,1
3.8475775718688965,1
3.895512580871582,1
3.5347843170166016,1
4.2291460037231445,1
3.881255865097046,1
3.60713529586792,1
3.7970805168151855,1
3.7682700157165527,1
4.551264762878418,1
4.20211935043335,1
4.067633628845215,1
3.9558258056640625,1
4.272763729095459,1
4.579334259033203,1
3.776743173599243,1
4.06071662902832,1
3.6828503608703613,1
3.805375337600708,1
3.6934115886688232,1
3.6813011169433594,1
3.6607298851013184,1
3.146425247192383,1
3.8880467414855957,1
4.212993621826172,1
4.064665794372559,1
3.5775110721588135,1
4.109454154968262,1
4.500272274017334,1
3.79205060005188,1
4.470685005187988,1
4.191258907318115,1
3.84238600730896,1
3.8991189002990723,1
4.312366008758545,1
3.832195281982422,1
4.535719871520996,1
4.8804826736450195,1
4.500017166137695,1
3.9437828063964844,1
3.6146349906921387,1
4.064181804656982,1
4.251998424530029,1
3.9642279148101807,1
3.6181585788726807,1
4.498804092407227,1
3.6273059844970703,1
4.470102787017822,1
3.9365053176879883,1
4.5155181884765625,1
3.990875005722046,1
3.8597187995910645,1
4.188998222351074,1
3.965733528137207,1
3.8658628463745117,1
4.153236389160156,1
3.7709059715270996,1
3.9474549293518066,1
3.8939032554626465,1
3.2931435108184814,1
4.24886417388916,1
4.33760404586792,1
3.7599213123321533,1
3.948970079421997,1
4.514113426208496,1
4.116713047027588,1
4.419206619262695,1
4.320301055908203,1
4.496400833129883,1
4.284407615661621,1
3.441343307495117,1
4.182574272155762,1
4.350226879119873,1
4.609243392944336,1
4.3622260093688965,1
4.3444108963012695,1
3.898616313934326,1
3.7719266414642334,1
4.308122634887695,1
4.85298490524292,1
3.9573333263397217,1
3.8810529708862305,1
3.6814653873443604,1
4.154743671417236,1
5.146134853363037,1
3.811544895172119,1
3.7762699127197266,1
4.645349025726318,1
3.9367918968200684,1
4.377032279968262,1
3.9726812839508057,1
4.089354515075684,1
4.553504943847656,1
3.7040820121765137,1
4.171144485473633,1
3.991032361984253,1
3.8258132934570313,1
3.801271915435791,1
4.175352096557617,1
4.109602451324463,1
4.223517417907715,1
3.4788966178894043,1
4.303134918212891,1
3.2293574810028076,1
3.8835511207580566,1
3.578667402267456,1
3.829509735107422,1
3.6929752826690674,1
4.058703422546387,1
3.873411178588867,1
4.012828826904297,1
4.044748306274414,1
3.820829153060913,1
3.991546869277954,1
3.576752185821533,1
3.268345355987549,1
3.942552328109741,1
3.369288206100464,1
3.667581081390381,1
3.8499245643615723,1
4.003524303436279,1
3.9112446308135986,1
4.0195088386535645,1
4.161810874938965,1
3.8753132820129395,1
3.88816237449646,1
3.9377641677856445,1
2.8880820274353027,1
3.835740566253662,1
3.5248231887817383,1
4.011129856109619,1
4.476130962371826,1
3.406693458557129,1
3.0144190788269043,1
3.8324337005615234,1
3.4675962924957275,1
3.7684402465820313,1
4.008913993835449,1
3.299593687057495,1
3.739197254180908,1
3.397789716720581,1
3.4187488555908203,1
3.3419268131256104,1
3.4420740604400635,1
3.6409153938293457,1
3.3051252365112305,1
3.2634310722351074,1
3.933684825897217,1
4.428178310394287,1
3.9191818237304688,1
3.573294162750244,1
3.5489282608032227,1
4.0754475593566895,1
3.8202385902404785,1
3.246448278427124,1
3.6833741664886475,1
4.086243152618408,1
3.8848328590393066,1
3.620112419128418,1
3.685960054397583,1
4.304394721984863,1
3.989068031311035,1
3.5691325664520264,1
3.524151563644409,1
3.7682700157165527,1
3.7144572734832764,1
4.207611083984375,1
3.5948216915130615,1
4.187769889831543,1
3.497349500656128,1
4.037891387939453,1
3.814901351928711,1
3.5104472637176514,1
3.583483934402466,1
3.551767349243164,1
4.469666481018066,1
3.9667370319366455,1
3.684948444366455,1
4.086474418640137,1
3.4458565711975098,1
4.109450340270996,1
4.5270209312438965,1
4.261931419372559,1
4.460094928741455,1
3.7581582069396973,1
5.027851581573486,1
3.5903544425964355,1
4.149238586425781,1
4.422085762023926,1
3.4249181747436523,1
4.5208210945129395,1
3.641221523284912,1
3.5687637329101563,1
4.442473411560059,1
3.4973134994506836,1
3.815117597579956,1
3.972815752029419,1
3.8780808448791504,1
4.00234317779541,1
3.4776268005371094,1
3.879913806915283,1
4.335453987121582,1
4.386514663696289,1
4.0657267570495605,1
3.9365439414978027,1
3.8715996742248535,1
5.149045944213867,1
3.728069543838501,1
3.9513986110687256,1
3.631108045578003,1
3.836885690689087,1
4.307445049285889,1
3.862996816635132,1
3.4374237060546875,1
3.3011159896850586,1
3.5589003562927246,1
3.4730122089385986,1
4.6662068367004395,1
3.729696750640869,1
5.3281636238098145,1
3.803231954574585,1
4.506435394287109,1
3.739370346069336,1
4.100438117980957,1
4.0890092849731445,1
3.5339608192443848,1
3.8997602462768555,1
4.3614654541015625,1
4.045433521270752,1
3.659893035888672,1
3.998605728149414,1
4.335533142089844,1
3.881678581237793,1
3.8477530479431152,1
5.344919204711914,1
5.002098560333252,1
3.621098756790161,1
3.2906041145324707,1
3.876126766204834,1
4.435211658477783,1
4.12518310546875,1
3.6272635459899902,1
3.881706476211548,1
3.3971450328826904,1
4.255663871765137,1
3.4591612815856934,1
3.186738967895508,1
3.695770502090454,1
3.8914265632629395,1
4.511268138885498,1
4.811914443969727,1
3.8218860626220703,1
3.727540969848633,1
3.78267502784729,1
4.548922061920166,1
4.018421173095703,1
3.576474189758301,1
3.516770601272583,1
3.5829379558563232,1
4.0140228271484375,1
3.9372894763946533,1
3.5375595092773438,1
4.1967363357543945,1
3.899970293045044,1
3.7195611000061035,1
4.012632369995117,1
3.683340072631836,1
4.001720905303955,1
5.7860236167907715,1
3.4035778045654297,1
4.969664096832275,1
4.306546211242676,1
3.252960205078125,1
3.5343918800354004,1
4.533243656158447,1
3.9004621505737305,1
3.8966927528381348,1
3.863661527633667,1
3.8800883293151855,1
4.094720363616943,1
3.3050079345703125,1
3.607595682144165,1
3.9277448654174805,1
4.423919200897217,1
3.7857725620269775,1
4.0535383224487305,1
3.9385478496551514,1
4.7354278564453125,1
3.888296604156494,1
4.021262168884277,1
3.6550111770629883,1
3.2244465351104736,1
3.458853244781494,1
4.125571250915527,1
4.102158546447754,1
3.991311550140381,1
3.9906342029571533,1
3.984622001647949,1
3.5783872604370117,1
4.194864749908447,1
3.4848499298095703,1
3.680351734161377,1
4.4540910720825195,1
3.8166050910949707,1
3.912332534790039,1
3.4598920345306396,1
3.69795560836792,1
4.059055328369141,1
4.1410417556762695,1
4.078943729400635,1
3.8628668785095215,1
3.838873863220215,1
3.841294288635254,1
3.9278955459594727,1
4.689480781555176,1
3.8788070678710938,1
4.023614883422852,1
4.309284210205078,1
3.518843173980713,1
3.515483856201172,1
4.63746452331543,1
3.3093836307525635,1
3.9084277153015137,1
3.749295711517334,1
3.866759777069092,1
4.039624214172363,1
4.133601665496826,1
4.549556732177734,1
3.8158140182495117,1
3.4082324504852295,1
3.7154455184936523,1
4.361625671386719,1
4.087780475616455,1
3.915846824645996,1
3.758950710296631,1
3.9691858291625977,1
3.683173656463623,1
3.614795446395874,1
3.8027071952819824,1
3.5684947967529297,1
4.115501880645752,1
4.468602180480957,1
4.073273658752441,1
3.9679977893829346,1
3.8550961017608643,1
4.404535293579102,1
3.9807684421539307,1
3.983924388885498,1
4.037762641906738,1
4.212950229644775,1
4.164789199829102,1
4.198306560516357,1
4.094643592834473,1
3.431051254272461,1
4.064420700073242,1
3.851746082305908,1
4.220054626464844,1
4.923351287841797,1
3.8054182529449463,1
4.886658668518066,1
4.103460311889648,1
4.09738302230835,1
4.458495140075684,1
4.043094635009766,1
4.00167989730835,1
3.836596965789795,1
4.407565116882324,1
4.865417003631592,1
5.297817707061768,1
4.120645999908447,1
3.9472265243530273,1
4.755804061889648,1
4.148630142211914,1
4.369563579559326,1
4.069101333618164,1
3.7535829544067383,1
3.891296863555908,1
3.9083099365234375,1
4.410640716552734,1
3.797203540802002,1
4.3541765213012695,1
3.9401252269744873,1
3.5079715251922607,1
3.8062052726745605,1
4.08368444442749,1
4.158327102661133,1
3.9691922664642334,1
3.7039241790771484,1
3.9609718322753906,1
4.199277877807617,1
4.0038347244262695,1
4.110428333282471,1
4.098379135131836,1
3.653454542160034,1
3.441826820373535,1
3.6473186016082764,1
3.962790012359619,1
3.454679012298584,1
4.169409275054932,1
4.537174701690674,1
4.358145236968994,1
4.0931854248046875,1
3.5191457271575928,1
4.156312942504883,1
3.425079822540283,1
3.712374687194824,1
3.653184652328491,1
3.493480682373047,1
3.5595333576202393,1
4.32539701461792,1
3.413200855255127,1
4.585282325744629,1
4.130206108093262,1
3.7740604877471924,1
3.4048550128936768,1
3.9007112979888916,1
4.587559700012207,1
3.9940185546875,1
4.388114929199219,1
5.516355037689209,1
3.5348711013793945,1
4.125251770019531,1
3.4233460426330566,1
4.040985107421875,1
4.394258499145508,1
4.002164840698242,1
4.474605560302734,1
3.7791874408721924,1
4.027640342712402,1
4.100149154663086,1
4.766719818115234,1
4.224287986755371,1
3.656641960144043,1
4.179187774658203,1
3.791779041290283,1
4.189883232116699,1
5.386322975158691,1
4.014019966125488,1
4.100183486938477,1
3.8161277770996094,1
4.600682735443115,1
4.156620025634766,1
3.9498391151428223,1
3.491469383239746,1
4.045854568481445,1
3.5426254272460938,1
3.7559804916381836,1
3.6353917121887207,1
3.7962989807128906,1
4.225414276123047,1
4.271100044250488,1
3.73831844329834,1
4.166088581085205,1
4.689404487609863,1
4.329134464263916,1
3.6013784408569336,1
3.646167278289795,1
4.038910865783691,1
3.866852283477783,1
4.148869514465332,1
3.8093643188476563,1
3.5964879989624023,1
4.179255485534668,1
4.737517356872559,1
4.2739338874816895,1
4.170223236083984,1
3.631589412689209,1
3.6729822158813477,1
3.868877410888672,1
4.145011901855469,1
4.427949905395508,1
3.305137872695923,1
3.6871349811553955,1
4.630401611328125,1
3.227651357650757,1
3.284176826477051,1
4.118354797363281,1
4.086009979248047,1
4.286837577819824,1
5.387218952178955,1
4.383321285247803,1
3.4595508575439453,1
3.8921217918395996,1
5.952913284301758,1
3.7198615074157715,1
3.7965188026428223,1
3.6003379821777344,1
3.4823994636535645,1
4.015639305114746,1
4.230100631713867,1
4.293707847595215,1
3.8228330612182617,1
3.8511922359466553,1
4.116108417510986,1
3.5848822593688965,1
4.164549827575684,1
3.841242790222168,1
4.065968036651611,1
4.133237838745117,1
3.5777475833892822,1
3.363363742828369,1
3.9970040321350098,1
3.6401045322418213,1
3.687045097351074,1
3.5621159076690674,1
4.5278778076171875,1
4.048016548156738,1
4.057389259338379,1
4.210849761962891,1
3.575763463973999,1
3.8125205039978027,1
4.547246932983398,1
3.6664867401123047,1
4.344050407409668,1
4.193637847900391,1
3.199084758758545,1
3.784653663635254,1
3.6274845600128174,1
3.842273473739624,1
3.9607434272766113,1
4.055685520172119,1
4.094832420349121,1
3.8953113555908203,1
3.7429471015930176,1
3.9950356483459473,1
3.7846717834472656,1
4.334953308105469,1
4.877628803253174,1
3.742251396179199,1
5.280986785888672,1
6.210142135620117,1
4.522243499755859,1
3.737090587615967,1
3.9173083305358887,1
4.284357070922852,1
4.828617095947266,1
5.108640670776367,1
3.931868314743042,1
4.3366546630859375,1
4.310628414154053,1
4.004354000091553,1
4.214023113250732,1
3.7341203689575195,1
4.096680641174316,1
4.065182685852051,1
3.78336238861084,1
3.5987353324890137,1
4.635089874267578,1
4.12831449508667,1
3.275017738342285,1
4.028496265411377,1
3.3213088512420654,1
4.696488380432129,1
3.7650976181030273,1
3.89437198638916,1
3.949791669845581,1
3.6825480461120605,1
4.121686935424805,1
6.009289264678955,1
4.377861499786377,1
3.8736300468444824,1
3.6662988662719727,1
3.9736745357513428,1
3.2459192276000977,1
4.488889694213867,1
4.698573589324951,1
3.9326398372650146,1
3.9223203659057617,1
3.6432204246520996,1
3.740169048309326,1
3.612825870513916,1
3.4917922019958496,1
3.5049428939819336,1
3.802788496017456,1
3.7379214763641357,1
3.7005178928375244,1
3.3710148334503174,1
3.8919878005981445,1
4.121152400970459,1
4.136355876922607,1
4.079479694366455,1
4.735544681549072,1
3.990166664123535,1
4.625871658325195,1
4.082355499267578,1
3.9022912979125977,1
4.522286415100098,1
3.756324529647827,1
3.8915786743164063,1
4.140796661376953,1
4.570856094360352,1
4.510438919067383,1
4.062215805053711,1
4.104297161102295,1
4.395683288574219,1
4.181585311889648,1
3.8974575996398926,1
4.678355693817139,1
4.043091773986816,1
3.832902669906616,1
4.039785385131836,1
3.8266310691833496,1
3.553046226501465,1
4.516571044921875,1
4.075176239013672,1
3.706069231033325,1
3.7240140438079834,1
4.164310932159424,1
3.7784059047698975,1
3.8283228874206543,1
4.249460220336914,1
4.424612045288086,1
3.2815804481506348,1
4.460597038269043,1
4.182372093200684,1
4.268179416656494,1
3.6397886276245117,1
4.771611213684082,1
3.5308358669281006,1
4.191841125488281,1
4.135519027709961,1
3.4205307960510254,1
4.296626567840576,1
4.219897270202637,1
3.1619961261749268,1
4.280973434448242,1
3.59269380569458,1
3.8116602897644043,1
3.679020643234253,1
3.57700777053833,1
3.4640443325042725,1
4.39923620223999,1
3.4714956283569336,1
3.5927062034606934,1
3.209503173828125,1
3.927213191986084,1
3.820523262023926,1
3.304875373840332,1
4.276325702667236,1
3.490201234817505,1
4.121955871582031,1
4.038161754608154,1
4.377241134643555,1
3.2472457885742188,1
3.3805971145629883,1
3.852510929107666,1
4.002062797546387,1
3.450791835784912,1
4.0141706466674805,1
3.47745943069458,1
3.974534511566162,1
3.3238413333892822,1
3.9214935302734375,1
3.9302823543548584,1
4.042322635650635,1
3.8458614349365234,1
3.609330654144287,1
4.251514434814453,1
4.489939212799072,1
4.133458137512207,1
3.820266008377075,1
4.323422431945801,1
4.299708366394043,1
3.8658790588378906,1
3.5177597999572754,1
3.8347268104553223,1
3.700244903564453,1
5.217059135437012,1
3.635049343109131,1
3.6846163272857666,1
3.5992321968078613,1
3.875769853591919,1
3.903866767883301,1
3.5219357013702393,1
3.995238780975342,1
4.450936794281006,1
4.634143829345703,1
3.9521737098693848,1
4.000655651092529,1
3.8732542991638184,1
3.785238265991211,1
3.640932559967041,1
3.3811259269714355,1
4.195830821990967,1
3.7804148197174072,1
3.9076428413391113,1
4.2294111251831055,1
3.8026418685913086,1
3.8712778091430664,1
3.7811031341552734,1
4.338342666625977,1
4.33829927444458,1
3.641979217529297,1
3.8122243881225586,1
3.859254837036133,1
4.147111892700195,1
4.313444137573242,1
3.7825562953948975,1
3.8469138145446777,1
3.7650146484375,1
3.5779571533203125,1
3.7773187160491943,1
4.083507537841797,1
3.383744716644287,1
4.003645896911621,1
3.6514015197753906,1
3.653759002685547,1
3.529202461242676,1
3.632920265197754,1
3.4544811248779297,1
3.3505659103393555,1
4.4834794998168945,1
3.7593419551849365,1
3.6625277996063232,1
3.5421957969665527,1
3.684643507003784,1
3.824512481689453,1
3.7516093254089355,1
3.8960700035095215,1
4.176567077636719,1
3.6408534049987793,1
4.416165351867676,1
3.6679773330688477,1
4.218623161315918,1
5.474249839782715,1
4.533377647399902,1
3.522301197052002,1
3.6296839714050293,1
4.26889705657959,1
4.273098945617676,1
3.636350631713867,1
4.063480377197266,1
3.9093055725097656,1
4.18712043762207,1
4.1108598709106445,1
3.887605905532837,1
3.9833743572235107,1
3.5451712608337402,1
3.6452476978302,1
3.835036039352417,1
3.385655164718628,1
4.071460247039795,1
3.7436702251434326,1
3.5997676849365234,1
3.387883186340332,1
4.157806396484375,1
3.759943962097168,1
3.9055964946746826,1
3.7479493618011475,1
3.198312759399414,1
4.389405250549316,1
3.822176456451416,1
4.085597991943359,1
4.489923000335693,1
3.973402261734009,1
4.048211574554443,1
4.354578971862793,1
3.969543218612671,1
3.8253414630889893,1
4.140233039855957,1
4.352329254150391,1
4.207179546356201,1
4.064560413360596,1
5.570335388183594,1
4.024150371551514,1
3.530547618865967,1
3.91093111038208,1
4.306549072265625,1
4.265565395355225,1
4.041792869567871,1
3.8483388423919678,1
4.208988189697266,1
4.264847278594971,1
4.291565418243408,1
5.946485996246338,1
4.292459487915039,1
3.9588751792907715,1
3.3418984413146973,1
4.420295715332031,1
4.799731254577637,1
3.773740291595459,1
4.745272636413574,1
4.22092342376709,1
4.058993339538574,1
3.976123332977295,1
4.854801177978516,1
3.8394851684570313,1
4.317750453948975,1
4.504508018493652,1
3.961894989013672,1
3.7009644508361816,1
3.890120029449463,1
3.9502768516540527,1
4.286104202270508,1
4.066318511962891,1
3.5967931747436523,1
4.012287139892578,1
3.8341636657714844,1
4.326972007751465,1
4.002100944519043,1
3.5496389865875244,1
3.9550046920776367,1
3.584552764892578,1
3.7241744995117188,1
3.9767863750457764,1
3.840730667114258,1
3.8981690406799316,1
4.57834529876709,1
3.674266815185547,1
3.9956183433532715,1
4.154425621032715,1
4.24884033203125,1
4.102923393249512,1
4.602203845977783,1
4.511931419372559,1
4.266894340515137,1
3.8044705390930176,1
4.558701515197754,1
3.99503755569458,1
4.781996250152588,1
4.10035514831543,1
4.489960670471191,1
4.035445213317871,1
4.508946418762207,1
4.893085479736328,1
4.217818260192871,1
4.556124687194824,1
3.7717180252075195,1
3.597933769226074,1
4.155130386352539,1
4.365877628326416,1
4.057979106903076,1
4.333767890930176,1
3.5770373344421387,1
4.152318954467773,1
3.6160011291503906,1
4.053511619567871,1
4.46396541595459,1
4.261237144470215,1
3.6292216777801514,1
3.8351924419403076,1
4.14601993560791,1
3.9177088737487793,1
4.010553359985352,1
3.883862257003784,1
3.7299563884735107,1
4.308047294616699,1
3.9353890419006348,1
4.379508972167969,1
3.2204337120056152,1
3.644726276397705,1
3.2644851207733154,1
3.9521286487579346,1
3.561666965484619,1
3.8523755073547363,1
4.0466437339782715,1
4.565408229827881,1
4.142101287841797,1
4.915184020996094,1
3.2280468940734863,1
3.4502086639404297,1
4.006038665771484,1
4.2128190994262695,1
3.753906726837158,1
4.651486873626709,1
4.419913291931152,1
3.780919075012207,1
4.261593818664551,1
3.6833956241607666,1
4.359118461608887,1
4.068202018737793,1
4.054407596588135,1
3.800618886947632,1
3.1856179237365723,1
3.8466670513153076,1
3.960440158843994,1
3.74599027633667,1
4.440723419189453,1
4.184564590454102,1
3.8323922157287598,1
3.682149887084961,1
4.017120361328125,1
3.705301523208618,1
3.636380910873413,1
4.114326477050781,1
3.5485215187072754,1
4.440326690673828,1
4.06705904006958,1
3.980436086654663,1
4.183116436004639,1
4.269484043121338,1
4.113300323486328,1
3.819302558898926,1
3.715675115585327,1
4.305875778198242,1
4.245035171508789,1
3.935490608215332,1
3.596601963043213,1
4.503864288330078,1
4.09071159362793,1
4.4050703048706055,1
3.8359594345092773,1
3.569608449935913,1
4.911695957183838,1
4.731585502624512,1
4.340072154998779,1
4.020796775817871,1
4.095693588256836,1
3.6229043006896973,1
3.720493793487549,1
3.421266555786133,1
4.247931480407715,1
3.910101890563965,1
4.615321159362793,1
3.9218215942382813,1
3.804976224899292,1
3.944746971130371,1
3.4602103233337402,1
3.5968141555786133,1
4.201600551605225,1
4.302889347076416,1
3.677767515182495,1
4.0349273681640625,1
3.9265501499176025,1
3.5302863121032715,1
3.786952018737793,1
3.4265546798706055,1
3.9921581745147705,1
3.8970868587493896,1
4.617220878601074,1
3.5764315128326416,1
3.5325989723205566,1
4.106539249420166,1
3.445775032043457,1
3.973390579223633,1
4.497233867645264,1
4.174670696258545,1
4.398916244506836,1
3.9788901805877686,1
4.509700298309326,1
4.008585453033447,1
4.119877815246582,1
4.529766082763672,1
3.6226048469543457,1
4.026033401489258,1
3.810819625854492,1
4.07502555847168,1
3.4755020141601563,1
4.372261047363281,1
3.6525120735168457,1
4.049445629119873,1
4.238412857055664,1
3.913205146789551,1
4.492671966552734,1
4.199646949768066,1
3.40387225151062,1
4.430618762969971,1
3.830610513687134,1
4.144455909729004,1
3.7899649143218994,1
3.8991994857788086,1
3.858130931854248,1
3.6464297771453857,1
4.32401180267334,1
4.118249893188477,1
3.980497121810913,1
4.042179107666016,1
4.133040428161621,1
3.714318037033081,1
3.790070056915283,1
3.844799757003784,1
3.4614474773406982,1
4.1485795974731445,1
3.6309773921966553,1
3.3329601287841797,1
4.514525413513184,1
3.9472789764404297,1
3.8709464073181152,1
4.555172920227051,1
4.350772857666016,1
3.743690013885498,1
4.176756858825684,1
3.8419570922851563,1
3.6698052883148193,1
4.208925724029541,1
4.029648780822754,1
3.6811766624450684,1
3.8850040435791016,1
3.6967318058013916,1
3.5587804317474365,1
3.6779561042785645,1
4.227560997009277,1
3.7912251949310303,1
3.8356573581695557,1
3.9442172050476074,1
3.6344597339630127,1
4.287894248962402,1
4.776549339294434,1
4.314465522766113,1
4.781344890594482,1
6.2420501708984375,1
5.0802836418151855,1
3.8170652389526367,1
3.8455963134765625,1
4.3754167556762695,1
4.200334548950195,1
4.058374404907227,1
4.143477439880371,1
4.1078033447265625,1
4.245293140411377,1
4.8207292556762695,1
4.870928764343262,1
4.287622451782227,1
4.020193099975586,1
3.452327251434326,1
4.475594520568848,1
3.7720088958740234,1
4.090192794799805,1
3.6059088706970215,1
3.803431272506714,1
4.040722370147705,1
3.658792495727539,1
4.0048723220825195,1
4.595754146575928,1
4.113129615783691,1
3.5272669792175293,1
3.4863858222961426,1
3.491828680038452,1
3.4852654933929443,1
3.6931986808776855,1
3.767118453979492,1
3.5074548721313477,1
3.577953815460205,1
4.151251792907715,1
3.475731134414673,1
4.55618953704834,1
4.506365776062012,1
4.489542007446289,1
3.8389992713928223,1
3.9552197456359863,1
4.6154704093933105,1
4.086047172546387,1
4.318850517272949,1
3.503263473510742,1
3.718905448913574,1
4.379221439361572,1
3.419132709503174,1
3.854469060897827,1
4.029509544372559,1
3.461841106414795,1
3.63854718208313,1
3.9248921871185303,1
3.628108501434326,1
3.573138952255249,1
3.493586301803589,1
3.4591333866119385,1
3.937939167022705,1
3.746628522872925,1
4.145630836486816,1
3.9159433841705322,1
3.665294647216797,1
4.284861087799072,1
4.095189094543457,1
3.928982734680176,1
4.413326263427734,1
3.7435574531555176,1
4.014200687408447,1
4.327415466308594,1
3.929004192352295,1
3.8760530948638916,1
3.499753475189209,1
3.833637237548828,1
3.731203556060791,1
4.546426773071289,1
3.879901885986328,1
3.114995241165161,1
3.850578784942627,1
4.176791667938232,1
4.000698089599609,1
3.8498382568359375,1
4.167992115020752,1
3.881885051727295,1
3.85153865814209,1
3.067624807357788,1
4.122886657714844,1
3.7627224922180176,1
4.5532684326171875,1
3.4860587120056152,1
3.4119834899902344,1
3.916163444519043,1
3.715054512023926,1
4.169504642486572,1
4.744114398956299,1
4.096426010131836,1
3.9721591472625732,1
3.953737735748291,1
4.2695536613464355,1
4.340948581695557,1
3.8420026302337646,1
3.6573710441589355,1
3.8924899101257324,1
3.3064446449279785,1
4.088769912719727,1
3.657553195953369,1
4.07732629776001,1
4.629586219787598,1
4.095810413360596,1
3.507513999938965,1
4.054483413696289,1
4.387732028961182,1
4.167576313018799,1
3.901578664779663,1
3.6212716102600098,1
4.06089973449707,1
4.043582439422607,1
4.084184169769287,1
3.9380147457122803,1
4.362082481384277,1
3.9917821884155273,1
4.339614391326904,1
3.6058454513549805,1
4.382500648498535,1
5.367764472961426,1
3.8848302364349365,1
3.9326846599578857,1
3.9754109382629395,1
4.223109245300293,1
3.7659058570861816,1
4.177875518798828,1
5.3565473556518555,1
4.8284010887146,1
4.527314186096191,1
4.152994632720947,1
3.50300931930542,1
4.165818214416504,1
4.669996738433838,1
3.9648685455322266,1
5.059764862060547,1
3.6877620220184326,1
4.248981952667236,1
3.939575672149658,1
3.6325926780700684,1
4.2478928565979,1
4.289724349975586,1
3.7962069511413574,1
4.530011177062988,1
3.7308998107910156,1
3.8294522762298584,1
4.182154655456543,1
3.7799952030181885,1
3.963740348815918,1
4.024665832519531,1
3.8378636837005615,1
3.7857439517974854,1
3.7730674743652344,1
3.5846097469329834,1
3.2241787910461426,1
3.9862005710601807,1
3.8017942905426025,1
3.770855665206909,1
3.513392925262451,1
4.040136814117432,1
3.789222002029419,1
4.515353202819824,1
4.228311538696289,1
3.5083980560302734,1
4.05062198638916,1
3.942234992980957,1
4.176923751831055,1
3.5919158458709717,1
3.7499990463256836,1
3.6572017669677734,1
3.918811798095703,1
3.745668888092041,1
3.701066017150879,1
3.946027994155884,1
3.5904855728149414,1
3.7985167503356934,1
4.776769638061523,1
3.9943323135375977,1
3.683452606201172,1
3.8801350593566895,1
3.5725066661834717,1
3.3263821601867676,1
4.07761287689209,1
3.272382974624634,1
3.6778788566589355,1
3.8828892707824707,1
3.664290189743042,1
3.791135549545288,1
4.316463947296143,1
3.3695201873779297,1
3.8460302352905273,1
3.507524013519287,1
3.554305076599121,1
4.718588352203369,1
3.3398659229278564,1
3.3580129146575928,1
3.5178816318511963,1
3.75132155418396,1
3.735535144805908,1
3.498220920562744,1
3.7571096420288086,1
3.203896999359131,1
3.802018404006958,1
3.53535795211792,1
3.4014575481414795,1
3.779116630554199,1
4.407556533813477,1
4.09597110748291,1
4.050813674926758,1
3.7591028213500977,1
3.9464187622070313,1
3.1468636989593506,1
4.337843894958496,1
4.302304744720459,1
4.19970703125,1
4.29808235168457,1
3.2756857872009277,1
4.4501729011535645,1
4.275187015533447,1
3.7374916076660156,1
3.928724765777588,1
4.219878673553467,1
4.313146114349365,1
4.041754722595215,1
4.0624871253967285,1
3.8582777976989746,1
3.6691136360168457,1
3.9051527976989746,1
4.0024871826171875,1
4.844910621643066,1
3.9331724643707275,1
4.257462501525879,1
4.662052154541016,1
4.260424613952637,1
3.8430018424987793,1
4.073690414428711,1
4.2578840255737305,1
3.9387056827545166,1
3.7943809032440186,1
3.3023197650909424,1
3.5369973182678223,1
3.496654987335205,1
3.818366050720215,1
4.924665451049805,1
3.7003746032714844,1
3.18637752532959,1
4.171055793762207,1
3.9069902896881104,1
3.892084836959839,1
3.684321880340576,1
4.999718189239502,1
3.5119400024414063,1
4.101251602172852,1
3.5699124336242676,1
3.663557529449463,1
3.0613744258880615,1
3.9816606044769287,1
3.4913489818573,1
3.995793342590332,1
3.355734348297119,1
3.914647102355957,1
4.072344779968262,1
4.164527416229248,1
3.6696555614471436,1
3.7268829345703125,1
4.390710830688477,1
3.822252035140991,1
4.2396769523620605,1
3.4576034545898438,1
3.7293992042541504,1
4.115478992462158,1
4.580687522888184,1
3.3236348628997803,1
3.611325740814209,1
4.317662239074707,1
3.3759703636169434,1
3.4852240085601807,1
3.8669567108154297,1
4.93727445602417,1
4.306735038757324,1
3.5451130867004395,1
3.4541735649108887,1
3.5773520469665527,1
4.500823974609375,1
4.044555187225342,1
3.964785575866699,1
5.029867172241211,1
3.8174362182617188,1
4.0532121658325195,1
3.828278064727783,1
3.660433769226074,1
3.3530704975128174,1
4.030627250671387,1
3.729640483856201,1
3.9965126514434814,1
4.241418838500977,1
3.949767589569092,1
3.9026551246643066,1
4.229420185089111,1
3.503716468811035,1
4.279529571533203,1
4.193609714508057,1
3.855212688446045,1
3.31284761428833,1
3.381319761276245,1
3.5593295097351074,1
3.983483076095581,1
3.3346548080444336,1
3.6669774055480957,1
3.7416887283325195,1
3.6017770767211914,1
3.674193859100342,1
3.8774383068084717,1
4.716178894042969,1
3.6655211448669434,1
3.1969799995422363,1
3.571887969970703,1
4.103132247924805,1
3.328068733215332,1
3.612372875213623,1
3.7257227897644043,1
3.7441766262054443,1
3.8612983226776123,1
3.6769042015075684,1
3.496089458465576,1
3.0008597373962402,1
4.290609359741211,1
3.830005645751953,1
4.355148792266846,1
3.7605457305908203,1
4.178961277008057,1
3.6401455402374268,1
3.6828184127807617,1
3.9886202812194824,1
4.005441188812256,1
3.8473117351531982,1
3.639193296432495,1
3.334916114807129,1
3.65415096282959,1
3.5413904190063477,1
3.7930748462677,1
4.07803201675415,1
3.950460433959961,1
3.3763155937194824,1
4.1376519203186035,1
3.7055444717407227,1
3.913663864135742,1
3.5123257637023926,1
4.4400410652160645,1
3.8686203956604004,1
3.710489273071289,1
4.333456993103027,1
4.201793193817139,1
3.757124185562134,1
4.160589218139648,1
3.9281466007232666,1
3.7890148162841797,1
3.439603328704834,1
3.76505708694458,1
3.845679998397827,1
3.351045608520508,1
3.940530300140381,1
4.251011371612549,1
3.8307175636291504,1
4.319459438323975,1
5.2983198165893555,1
3.563429832458496,1
3.9265522956848145,1
3.8317694664001465,1
3.8004794120788574,1
3.8822078704833984,1
4.529543876647949,1
4.1503496170043945,1
4.190921783447266,1
3.9309370517730713,1
4.886507511138916,1
3.982550859451294,1
4.370091915130615,1
3.996105909347534,1
3.735370635986328,1
3.7198591232299805,1
4.2982096672058105,1
4.323094367980957,1
4.007441520690918,1
3.8029558658599854,1
4.068448066711426,1
4.879600524902344,1
4.661699295043945,1
3.634352922439575,1
4.091347694396973,1
3.3957958221435547,1
3.993192195892334,1
4.544201850891113,1
4.337961196899414,1
4.312839508056641,1
3.7777605056762695,1
3.5929861068725586,1
4.641901016235352,1
3.885873794555664,1
3.721660614013672,1
4.341835975646973,1
4.859827041625977,1
3.7832674980163574,1
4.488436222076416,1
4.2923583984375,1
4.198880672454834,1
4.363443374633789,1
3.7462077140808105,1
3.9222612380981445,1
3.8427538871765137,1
3.9074740409851074,1
3.849386215209961,1
4.010596752166748,1
3.566739082336426,1
3.451425552368164,1
3.2375190258026123,1
4.251768589019775,1
4.356683254241943,1
3.2785370349884033,1
3.4866952896118164,1
4.223262786865234,1
4.480588912963867,1
4.106935977935791,1
3.659416913986206,1
3.7447147369384766,1
4.093050003051758,1
4.01114559173584,1
4.243976593017578,1
4.401415824890137,1
3.73262619972229,1
3.463850975036621,1
3.9796767234802246,1
4.242605686187744,1
3.8179807662963867,1
4.258466720581055,1
4.4635772705078125,1
4.439572334289551,1
4.51838493347168,1
3.881258249282837,1
4.302435398101807,1
3.7432668209075928,1
4.30548095703125,1
4.276401519775391,1
4.196377277374268,1
4.639512062072754,1
4.103812217712402,1
4.656739711761475,1
4.178813457489014,1
3.9972000122070313,1
4.9872541427612305,1
4.72145938873291,1
3.983441114425659,1
4.080112457275391,1
4.335357666015625,1
4.392962455749512,1
4.453660011291504,1
3.594132661819458,1
4.276988983154297,1
4.304160118103027,1
3.8689393997192383,1
3.3688673973083496,1
3.5659589767456055,1
3.637740135192871,1
3.872612237930298,1
3.9305944442749023,1
3.609367847442627,1
4.075620174407959,1
3.536602258682251,1
3.895289659500122,1
3.586030960083008,1
4.259064197540283,1
3.3371524810791016,1
4.277094841003418,1
4.281008720397949,1
3.952786445617676,1
4.327171325683594,1
4.228015899658203,1
3.5928845405578613,1
3.2124674320220947,1
3.8263444900512695,1
4.107847213745117,1
3.457672119140625,1
3.5035150051116943,1
4.385069370269775,1
3.647097110748291,1
3.8710389137268066,1
3.5706539154052734,1
3.911010265350342,1
3.655066967010498,1
3.2777276039123535,1
3.787503242492676,1
4.069080352783203,1
3.5923848152160645,1
3.647097587585449,1
3.549297332763672,1
3.3717398643493652,1
4.378523826599121,1
3.943970203399658,1
3.8723745346069336,1
3.9653408527374268,1
4.116738796234131,1
3.650223731994629,1
4.020547866821289,1
3.7808563709259033,1
4.148273944854736,1
3.674654960632324,1
3.4121713638305664,1
4.055371284484863,1
3.8009963035583496,1
3.858473300933838,1
3.766228199005127,1
3.7534117698669434,1
3.8701024055480957,1
3.7599096298217773,1
4.44569730758667,1
3.8180532455444336,1
4.4914140701293945,1
4.068872928619385,1
3.2739181518554688,1
5.001460552215576,1
4.190561771392822,1
4.003170013427734,1
3.697848320007324,1
3.9315085411071777,1
3.6494557857513428,1
4.122838020324707,1
4.066294193267822,1
3.9626522064208984,1
4.313328742980957,1
4.053436279296875,1
3.5753684043884277,1
3.982957601547241,1
3.385951042175293,1
3.956221580505371,1
3.9649996757507324,1
3.662827968597412,1
4.684640884399414,1
3.534111976623535,1
3.5281777381896973,1
3.639159679412842,1
3.8668274879455566,1
4.614532470703125,1
3.936704397201538,1
3.253605842590332,1
4.979450225830078,1
4.920258045196533,1
4.480266571044922,1
3.9337592124938965,1
4.29520845413208,1
5.578776836395264,1
4.149261474609375,1
3.74871563911438,1
3.3837881088256836,1
4.270589351654053,1
4.132259368896484,1
4.378090858459473,1
4.045177459716797,1
3.63546085357666,1
4.2490434646606445,1
3.867413282394409,1
3.697150230407715,1
3.8462538719177246,1
4.051253318786621,1
3.9999141693115234,1
4.017413139343262,1
3.909662961959839,1
3.54770565032959,1
4.076972961425781,1
3.606126070022583,1
3.7912521362304688,1
4.059736251831055,1
3.51719069480896,1
5.134485721588135,1
4.1938371658325195,1
3.7751481533050537,1
3.793966770172119,1
3.8037378787994385,1
4.490890026092529,1
3.531615734100342,1
4.003164291381836,1
4.401362895965576,1
4.297140598297119,1
4.183285713195801,1
4.398604393005371,1
3.82234263420105,1
3.854496717453003,1
4.604381084442139,1
4.619410991668701,1
3.9692435264587402,1
4.645693778991699,1
4.565313816070557,1
4.173555374145508,1
3.988434314727783,1
3.7600579261779785,1
3.89082932472229,1
3.8255462646484375,1
4.430629253387451,1
4.515805721282959,1
4.966765403747559,1
4.926567554473877,1
4.422252655029297,1
3.7417855262756348,1
3.6390347480773926,1
3.619483232498169,1
3.960075616836548,1
3.695249557495117,1
4.0553083419799805,1
3.727006435394287,1
3.571394920349121,1
3.529344081878662,1
4.720078468322754,1
3.963134288787842,1
3.230414390563965,1
4.991057395935059,1
3.576136350631714,1
4.539420127868652,1
3.6319072246551514,1
3.7994003295898438,1
3.5553150177001953,1
4.0874834060668945,1
4.072608470916748,1
4.071475982666016,1
3.2982497215270996,1
4.031772613525391,1
4.255097389221191,1
3.552834987640381,1
4.086800575256348,1
3.9953408241271973,1
4.888974189758301,1
3.7178168296813965,1
4.364747524261475,1
4.574357032775879,1
4.316400527954102,1
3.510883331298828,1
3.687762498855591,1
4.369353294372559,1
3.881443500518799,1
4.0590291023254395,1
3.800976514816284,1
3.8950276374816895,1
4.0508928298950195,1
3.83017635345459,1
3.6691503524780273,1
4.034752368927002,1
4.029867172241211,1
3.935328245162964,1
3.7343993186950684,1
3.6641616821289063,1
3.728166341781616,1
4.051446437835693,1
3.9347548484802246,1
3.636711597442627,1
3.5085721015930176,1
3.9111974239349365,1
3.8249688148498535,1
3.915454864501953,1
3.891261100769043,1
5.392838001251221,1
4.03375244140625,1
3.6422197818756104,1
4.590367317199707,1
4.866888999938965,1
3.616976261138916,1
3.855931282043457,1
3.841139554977417,1
4.484724998474121,1
4.678386688232422,1
4.338149547576904,1
