5.266479015350342,1
5.321225643157959,1
5.325715065002441,1
5.3163323402404785,1
5.259226322174072,1
5.313490867614746,1
5.278201580047607,1
5.377974510192871,1
5.351518154144287,1
5.300772666931152,1
5.190164566040039,1
5.341609477996826,1
5.3339080810546875,1
5.307366847991943,1
5.306553840637207,1
5.270259857177734,1
5.410452842712402,1
5.413305282592773,1
5.310394287109375,1
5.2810516357421875,1
5.330382347106934,1
5.33022928237915,1
5.199068546295166,1
5.363069534301758,1
5.352321147918701,1
5.279229164123535,1
5.242846488952637,1
5.265802383422852,1
5.257930755615234,1
5.32466983795166,1
5.483763694763184,1
5.1888580322265625,1
5.37957763671875,1
5.468915939331055,1
5.519557952880859,1
5.361164569854736,1
5.28620719909668,1
5.324084281921387,1
5.213088035583496,1
5.211565971374512,1
5.198452472686768,1
5.21843147277832,1
5.338551044464111,1
5.369656562805176,1
5.319981098175049,1
5.2918701171875,1
5.298216819763184,1
5.28582239151001,1
5.167468070983887,1
5.196778297424316,1
5.235299110412598,1
5.097404956817627,1
5.19172477722168,1
5.253800868988037,1
5.19257926940918,1
5.3775634765625,1
5.14772367477417,1
5.279121398925781,1
5.193307876586914,1
5.146231651306152,1
5.2989091873168945,1
5.286369800567627,1
5.37169075012207,1
5.336769104003906,1
5.3490824699401855,1
5.276376724243164,1
5.181211948394775,1
5.1908698081970215,1
5.254810810089111,1
5.2838006019592285,1
5.249446392059326,1
5.217061996459961,1
5.24394416809082,1
5.264922142028809,1
5.290788650512695,1
5.143980026245117,1
5.25950813293457,1
5.224266052246094,1
5.268665313720703,1
5.223877906799316,1
5.300815582275391,1
5.2131805419921875,1
5.334705352783203,1
5.197699546813965,1
5.311405658721924,1
5.225229263305664,1
5.272219657897949,1
5.254424571990967,1
5.278016567230225,1
5.310836315155029,1
5.321866035461426,1
5.239129066467285,1
5.210707187652588,1
5.238456726074219,1
5.30031681060791,1
5.130731582641602,1
5.373537063598633,1
5.2996745109558105,1
5.210658073425293,1
4.990475177764893,1
5.341588973999023,1
5.3303399085998535,1
5.303484916687012,1
5.2380571365356445,1
4.999225616455078,1
5.261867523193359,1
5.044718265533447,1
5.240246772766113,1
5.064525127410889,1
5.236414909362793,1
5.242587089538574,1
5.280404090881348,1
5.162324905395508,1
5.171237945556641,1
5.158835411071777,1
5.168757438659668,1
5.2467241287231445,1
5.153453826904297,1
5.233580112457275,1
5.036583423614502,1
5.093676567077637,1
5.310174465179443,1
5.277162551879883,1
5.456822872161865,1
5.527703285217285,1
5.186615467071533,1
5.142186641693115,1
5.216711521148682,1
5.2487897872924805,1
5.204320907592773,1
5.2786149978637695,1
5.190431118011475,1
5.2712178230285645,1
5.25058650970459,1
5.270546913146973,1
5.301365852355957,1
5.254237174987793,1
5.161552906036377,1
5.263320446014404,1
5.226928234100342,1
5.152398109436035,1
5.209643363952637,1
5.153110504150391,1
5.217076301574707,1
5.144649505615234,1
5.248379707336426,1
5.217703342437744,1
5.2228922843933105,1
5.1562981605529785,1
5.2769365310668945,1
5.184698104858398,1
5.183023929595947,1
5.247634410858154,1
5.210006237030029,1
5.214298248291016,1
5.196167945861816,1
5.169816017150879,1
5.2564191818237305,1
5.367641448974609,1
5.274989604949951,1
5.204661846160889,1
5.247793674468994,1
5.108271598815918,1
5.034682273864746,1
5.176393985748291,1
5.11812686920166,1
5.138698101043701,1
5.2709856033325195,1
5.10815954208374,1
5.165703773498535,1
5.133504867553711,1
5.25044059753418,1
5.270719528198242,1
5.21025276184082,1
5.211288928985596,1
5.181488037109375,1
5.244227409362793,1
5.151679992675781,1
5.205744743347168,1
5.181184768676758,1
5.316939353942871,1
5.161358833312988,1
5.16639518737793,1
5.0790863037109375,1
5.006608963012695,1
5.081771373748779,1
4.976974010467529,1
4.967284202575684,1
4.975592613220215,1
5.273156642913818,1
5.047956466674805,1
4.945683479309082,1
4.978351593017578,1
5.096917152404785,1
4.99011754989624,1
5.1241302490234375,1
4.892392158508301,1
5.089785099029541,1
5.157829761505127,1
5.083362579345703,1
5.094333648681641,1
5.08859395980835,1
5.063504219055176,1
5.0361857414245605,1
4.95762825012207,1
5.034303665161133,1
4.955267429351807,1
4.825430870056152,1
4.979625225067139,1
5.140082359313965,1
5.0399017333984375,1
5.000898361206055,1
5.041748046875,1
5.162091255187988,1
5.062422275543213,1
4.984623432159424,1
4.987875938415527,1
5.017020225524902,1
4.982571601867676,1
4.856369972229004,1
5.072011470794678,1
4.845034122467041,1
4.777381896972656,1
4.955438613891602,1
5.043463230133057,1
5.041666507720947,1
5.151663780212402,1
4.690892219543457,1
5.162102699279785,1
5.0645751953125,1
4.915907859802246,1
5.110135078430176,1
4.87467098236084,1
4.953674793243408,1
4.995863437652588,1
5.040699005126953,1
4.955633163452148,1
5.021369934082031,1
5.141119956970215,1
5.122443199157715,1
4.89110803604126,1
4.855559349060059,1
4.918282508850098,1
4.986629962921143,1
4.815896987915039,1
4.945356369018555,1
4.739940643310547,1
5.108848571777344,1
4.871938705444336,1
4.904257774353027,1
4.919069290161133,1
5.020543098449707,1
4.878172874450684,1
5.021808624267578,1
4.741913318634033,1
5.072781085968018,1
4.7714104652404785,1
4.866640090942383,1
4.8378825187683105,1
4.717012405395508,1
4.696488380432129,1
4.740838527679443,1
4.980175971984863,1
4.862170696258545,1
4.845761299133301,1
4.872602462768555,1
4.833851337432861,1
5.047172546386719,1
4.78681755065918,1
5.051702499389648,1
5.0856547355651855,1
4.558028221130371,1
4.733653545379639,1
4.862026214599609,1
4.737361907958984,1
4.933632850646973,1
4.794748306274414,1
4.763145446777344,1
4.599471092224121,1
4.711432933807373,1
4.59575080871582,1
4.6947479248046875,1
4.846354961395264,1
4.919628620147705,1
4.658692359924316,1
4.593969345092773,1
4.626554489135742,1
4.7863993644714355,1
4.84786319732666,1
4.755570888519287,1
4.666452407836914,1
4.631801605224609,1
4.445601463317871,1
4.684671401977539,1
5.001680374145508,1
4.848085403442383,1
4.984362602233887,1
4.73354434967041,1
4.7974042892456055,1
4.933748245239258,1
4.855183124542236,1
4.790180206298828,1
4.547570705413818,1
4.969499588012695,1
4.73142671585083,1
4.915097236633301,1
4.922121047973633,1
4.923142433166504,1
4.725325584411621,1
4.752514839172363,1
4.795494556427002,1
4.614295959472656,1
4.482070446014404,1
4.624564170837402,1
4.5136871337890625,1
4.52948522567749,1
4.827871799468994,1
4.624892711639404,1
4.940577507019043,1
4.5333733558654785,1
4.797279357910156,1
4.593216896057129,1
4.665140151977539,1
4.972622871398926,1
4.87143611907959,1
4.455416679382324,1
4.367805004119873,1
4.375196933746338,1
4.47232723236084,1
4.713379383087158,1
4.860607147216797,1
4.4743781089782715,1
4.639353275299072,1
4.873193740844727,1
4.667104721069336,1
4.638492584228516,1
4.744994163513184,1
4.484825134277344,1
4.644800662994385,1
4.758110046386719,1
4.797704696655273,1
4.460338115692139,1
4.694324493408203,1
4.768840789794922,1
4.822376728057861,1
4.333634376525879,1
4.850593566894531,1
4.473443031311035,1
4.387740135192871,1
4.651675224304199,1
4.706638336181641,1
4.344969749450684,1
4.765990257263184,1
4.699425220489502,1
4.5319037437438965,1
4.659190654754639,1
4.571725845336914,1
4.592278480529785,1
4.740825653076172,1
4.5313568115234375,1
4.521618366241455,1
4.535551071166992,1
4.553621292114258,1
4.46668004989624,1
4.559604167938232,1
4.835445404052734,1
4.456768035888672,1
4.601740837097168,1
4.228394985198975,1
4.588429927825928,1
4.886470794677734,1
4.527760028839111,1
4.6185221672058105,1
4.470873832702637,1
4.675986289978027,1
4.544240951538086,1
4.475257873535156,1
4.527776718139648,1
4.46235466003418,1
4.160086154937744,1
4.468812465667725,1
4.363595485687256,1
4.661219596862793,1
4.638774871826172,1
4.593259811401367,1
4.749281883239746,1
4.725397109985352,1
4.675806999206543,1
4.502669334411621,1
4.435055732727051,1
4.360430717468262,1
4.701900482177734,1
4.304443836212158,1
4.666289806365967,1
4.425525665283203,1
4.630215167999268,1
4.828859329223633,1
4.335744857788086,1
4.474364280700684,1
4.618039131164551,1
4.54039192199707,1
4.398019313812256,1
4.4050469398498535,1
4.5092644691467285,1
4.405007839202881,1
4.153148651123047,1
4.522273063659668,1
4.143245697021484,1
4.304190158843994,1
4.206268310546875,1
4.619973659515381,1
4.4230852127075195,1
4.705038070678711,1
4.64066219329834,1
4.472567558288574,1
4.566772937774658,1
4.568944931030273,1
4.373574256896973,1
4.70815372467041,1
4.659768104553223,1
4.565985202789307,1
4.44407844543457,1
4.234894275665283,1
4.288020610809326,1
4.59714412689209,1
4.574753761291504,1
4.571559429168701,1
4.662177085876465,1
4.454152584075928,1
4.307065486907959,1
4.485645294189453,1
4.23015022277832,1
4.674642086029053,1
4.552451133728027,1
4.255802154541016,1
4.498836517333984,1
4.393257141113281,1
4.4100518226623535,1
4.356131553649902,1
4.494189262390137,1
4.595067024230957,1
4.440865516662598,1
4.405557632446289,1
4.279597759246826,1
4.603213787078857,1
4.300886631011963,1
4.432013511657715,1
4.503430366516113,1
4.6999921798706055,1
4.309791564941406,1
4.3925323486328125,1
4.292926788330078,1
4.284116744995117,1
4.22305154800415,1
4.576659679412842,1
4.3501434326171875,1
4.597465515136719,1
4.5774359703063965,1
4.532287120819092,1
4.425564765930176,1
4.609579563140869,1
4.367125988006592,1
4.617918491363525,1
4.197342872619629,1
4.541385650634766,1
4.587685585021973,1
4.423360347747803,1
4.451955318450928,1
4.402562141418457,1
4.495844841003418,1
4.4665093421936035,1
4.349405765533447,1
4.528738975524902,1
4.59842586517334,1
4.385272979736328,1
4.284160614013672,1
4.596737861633301,1
4.336146354675293,1
4.240688323974609,1
4.252134323120117,1
4.316012382507324,1
4.594025611877441,1
4.155693054199219,1
4.31474494934082,1
4.5429887771606445,1
4.308909893035889,1
4.560431957244873,1
4.502423286437988,1
4.305383205413818,1
4.187829971313477,1
4.325698375701904,1
4.253659248352051,1
4.2176127433776855,1
4.571301460266113,1
4.5004377365112305,1
4.29067325592041,1
4.440241813659668,1
4.335315704345703,1
4.4776153564453125,1
4.319085121154785,1
4.655831813812256,1
4.068986892700195,1
4.442087173461914,1
4.392251968383789,1
4.364229202270508,1
4.89803409576416,1
4.094844818115234,1
4.314835548400879,1
4.378161430358887,1
4.298944473266602,1
4.513608455657959,1
4.145599365234375,1
4.2863311767578125,1
4.321773529052734,1
4.0351104736328125,1
4.413736343383789,1
4.1795501708984375,1
4.238844394683838,1
4.472383499145508,1
4.303545951843262,1
4.419341087341309,1
4.169933319091797,1
4.054573059082031,1
4.3702392578125,1
4.275830268859863,1
4.220624923706055,1
3.896192789077759,1
4.52607536315918,1
4.138004302978516,1
4.225564956665039,1
4.2860307693481445,1
4.408801078796387,1
4.208251953125,1
4.435700416564941,1
4.228686332702637,1
4.4800262451171875,1
3.836358070373535,1
4.074589729309082,1
4.185558319091797,1
4.61414098739624,1
4.3140153884887695,1
4.044994354248047,1
4.3805975914001465,1
4.585149765014648,1
4.231794357299805,1
4.675161361694336,1
4.257274150848389,1
4.480374336242676,1
4.10459566116333,1
4.291773796081543,1
4.4035444259643555,1
4.162134170532227,1
4.028486251831055,1
4.1987152099609375,1
4.201443672180176,1
4.307024002075195,1
4.340315818786621,1
4.113796234130859,1
4.112817764282227,1
4.262387752532959,1
4.464077949523926,1
4.287914276123047,1
4.064955711364746,1
4.657947540283203,1
3.9419498443603516,1
4.444732666015625,1
4.304323196411133,1
4.486263275146484,1
4.11762809753418,1
4.2582268714904785,1
4.365237712860107,1
4.230537414550781,1
4.2795209884643555,1
4.249706745147705,1
4.1987504959106445,1
4.101906776428223,1
4.420929908752441,1
4.3485307693481445,1
4.396074295043945,1
4.553438186645508,1
4.244777679443359,1
3.9628801345825195,1
3.9266695976257324,1
4.464282512664795,1
4.64111328125,1
3.966683864593506,1
4.342065811157227,1
4.107484340667725,1
4.071815490722656,1
4.284721374511719,1
4.406351566314697,1
4.080926418304443,1
4.2295989990234375,1
4.279754638671875,1
3.998469829559326,1
4.201550483703613,1
4.224162578582764,1
4.182211875915527,1
4.394932746887207,1
4.159944534301758,1
4.157264232635498,1
4.144819259643555,1
4.223304748535156,1
3.964400291442871,1
4.301799774169922,1
4.371862411499023,1
4.2344069480896,1
3.888741970062256,1
4.11837100982666,1
4.048494815826416,1
4.378908157348633,1
3.920344829559326,1
4.203067779541016,1
4.247403144836426,1
4.219298362731934,1
4.052832126617432,1
4.036856174468994,1
4.319134712219238,1
4.066679954528809,1
4.446677207946777,1
4.453587532043457,1
4.207000255584717,1
4.1968607902526855,1
4.039294242858887,1
4.09416389465332,1
3.849721908569336,1
3.872515916824341,1
4.272653102874756,1
4.166153907775879,1
3.893496513366699,1
4.127264976501465,1
4.169455051422119,1
3.8677403926849365,1
4.33712100982666,1
4.062189102172852,1
4.060319900512695,1
4.0469512939453125,1
4.1976318359375,1
4.084646224975586,1
4.472004413604736,1
4.1581525802612305,1
3.9787585735321045,1
4.398545265197754,1
4.0315375328063965,1
4.381965637207031,1
4.033405303955078,1
4.354988098144531,1
4.130009651184082,1
4.14694356918335,1
4.228551864624023,1
3.9892382621765137,1
4.293234348297119,1
4.162141799926758,1
4.259378433227539,1
4.123983383178711,1
4.308865547180176,1
4.5720086097717285,1
4.090497970581055,1
4.026706695556641,1
4.489982604980469,1
3.983694553375244,1
4.184426307678223,1
4.173757553100586,1
4.022431373596191,1
3.9569668769836426,1
3.663940668106079,1
4.136809349060059,1
4.3636474609375,1
4.062762260437012,1
4.248773097991943,1
4.2547712326049805,1
4.143454551696777,1
3.99346923828125,1
4.065487861633301,1
4.110949516296387,1
4.045409202575684,1
4.063359260559082,1
4.126246452331543,1
4.243448734283447,1
4.102088928222656,1
3.8328704833984375,1
3.857365846633911,1
4.035294532775879,1
4.002538681030273,1
3.832510232925415,1
4.2909746170043945,1
4.016520977020264,1
4.017546653747559,1
4.025489807128906,1
4.5452985763549805,1
4.310624122619629,1
3.8602871894836426,1
3.9992787837982178,1
3.979118824005127,1
4.078465461730957,1
4.148067474365234,1
3.806710720062256,1
3.8749074935913086,1
3.879488229751587,1
4.4781341552734375,1
4.228886127471924,1
4.146760940551758,1
4.1886515617370605,1
4.062098503112793,1
4.299393653869629,1
4.5093488693237305,1
3.9366321563720703,1
3.99159574508667,1
3.845036029815674,1
4.137712478637695,1
3.937427520751953,1
4.1449384689331055,1
4.103456974029541,1
4.1000895500183105,1
4.132997989654541,1
4.017780303955078,1
3.9120302200317383,1
3.771371603012085,1
4.163949012756348,1
3.912769317626953,1
4.149840354919434,1
3.8793540000915527,1
4.059747695922852,1
4.084794521331787,1
3.9973933696746826,1
4.091048240661621,1
4.256775856018066,1
3.919550895690918,1
3.764705181121826,1
4.012436389923096,1
4.083957672119141,1
4.0573225021362305,1
3.9516561031341553,1
4.107264518737793,1
4.229680061340332,1
3.864856243133545,1
3.7626688480377197,1
3.9200525283813477,1
3.832653045654297,1
3.7493882179260254,1
4.140237808227539,1
3.9062952995300293,1
3.9241061210632324,1
3.9641003608703613,1
4.026021957397461,1
4.055254936218262,1
4.107027053833008,1
4.048476696014404,1
4.177545547485352,1
4.049689292907715,1
4.106282711029053,1
4.18498420715332,1
3.781465530395508,1
4.064191818237305,1
4.119446277618408,1
4.073605537414551,1
4.037478923797607,1
4.061002731323242,1
4.032931327819824,1
3.698357105255127,1
3.6997103691101074,1
3.691185712814331,1
3.9605116844177246,1
3.8912248611450195,1
3.83212947845459,1
3.7909579277038574,1
3.744229316711426,1
3.873180866241455,1
4.0475544929504395,1
4.161871910095215,1
4.053851127624512,1
3.6911802291870117,1
3.737917900085449,1
3.985795736312866,1
4.404848575592041,1
3.664499282836914,1
4.158158779144287,1
4.012982368469238,1
3.6799874305725098,1
3.791797161102295,1
4.001181602478027,1
3.8128509521484375,1
3.8937313556671143,1
3.945085287094116,1
3.918095588684082,1
4.202841281890869,1
4.000387191772461,1
3.8503501415252686,1
3.9730982780456543,1
4.093394756317139,1
4.075044631958008,1
4.463621616363525,1
4.137372970581055,1
3.759274482727051,1
4.163394927978516,1
3.5870518684387207,1
3.6130783557891846,1
3.888871192932129,1
4.333874702453613,1
4.064375877380371,1
3.9049201011657715,1
4.011906623840332,1
3.892169952392578,1
4.437619209289551,1
3.6860241889953613,1
3.4984962940216064,1
3.733591079711914,1
3.713372230529785,1
4.177847862243652,1
4.182814121246338,1
3.7135298252105713,1
4.124516010284424,1
3.8776535987854004,1
4.02864933013916,1
3.868593215942383,1
3.9145255088806152,1
4.168895244598389,1
3.6223483085632324,1
3.7059528827667236,1
3.8225460052490234,1
3.724177360534668,1
4.10760498046875,1
3.777604341506958,1
4.265692710876465,1
3.9878721237182617,1
3.924410104751587,1
4.019766330718994,1
4.1241559982299805,1
4.033847808837891,1
3.9511423110961914,1
3.6539692878723145,1
3.9830002784729004,1
3.978161573410034,1
3.7084438800811768,1
3.8838961124420166,1
3.8324990272521973,1
3.7259697914123535,1
3.836306571960449,1
3.6950788497924805,1
3.6137752532958984,1
3.9425907135009766,1
4.043923377990723,1
3.8460755348205566,1
4.129456520080566,1
4.15779972076416,1
3.937863349914551,1
3.789400577545166,1
3.7669308185577393,1
4.041718482971191,1
3.943175792694092,1
3.608275890350342,1
3.863325834274292,1
3.928365707397461,1
3.6081271171569824,1
3.7876198291778564,1
3.7569398880004883,1
4.158149719238281,1
3.7452173233032227,1
3.954268455505371,1
3.780474901199341,1
3.930060625076294,1
4.01045560836792,1
3.7895355224609375,1
4.175100326538086,1
3.6808228492736816,1
4.097201347351074,1
3.849919557571411,1
3.950745105743408,1
4.115550994873047,1
3.92226505279541,1
3.646573543548584,1
3.7661831378936768,1
4.0257673263549805,1
3.865171432495117,1
4.000397682189941,1
3.922375440597534,1
3.953948497772217,1
3.7534191608428955,1
4.091649532318115,1
3.8518309593200684,1
3.842411518096924,1
4.373976230621338,1
3.875330924987793,1
4.024112701416016,1
3.866518497467041,1
4.1993560791015625,1
3.804865837097168,1
3.9945669174194336,1
4.043787479400635,1
3.911318302154541,1
3.700667381286621,1
3.444199562072754,1
3.871032953262329,1
3.714146614074707,1
3.8623127937316895,1
3.500552177429199,1
3.9433770179748535,1
3.8004860877990723,1
3.776564598083496,1
3.57362699508667,1
3.8083882331848145,1
3.8927714824676514,1
3.532606363296509,1
3.907534599304199,1
3.605497360229492,1
3.880634307861328,1
3.57979154586792,1
3.8823866844177246,1
3.4074244499206543,1
3.9465551376342773,1
3.6205801963806152,1
3.905597686767578,1
4.179924964904785,1
4.327143669128418,1
3.8553452491760254,1
4.1096062660217285,1
4.076176643371582,1
3.8758797645568848,1
3.9890027046203613,1
3.5629396438598633,1
3.8371198177337646,1
3.874042272567749,1
3.672293186187744,1
3.99418306350708,1
3.560791254043579,1
3.8922362327575684,1
3.5341789722442627,1
3.9814906120300293,1
3.652318000793457,1
3.816051483154297,1
3.720285654067993,1
3.5000150203704834,1
3.9637043476104736,1
3.697944402694702,1
3.828245162963867,1
4.039188385009766,1
3.9603867530822754,1
3.7563374042510986,1
4.138876438140869,1
3.5240612030029297,1
3.8207216262817383,1
3.7295985221862793,1
3.9724061489105225,1
4.191315650939941,1
3.961945056915283,1
3.8583364486694336,1
3.825876235961914,1
3.713839530944824,1
3.684652328491211,1
3.754711866378784,1
3.671060562133789,1
3.6810648441314697,1
3.92417049407959,1
3.7789058685302734,1
4.120027542114258,1
3.5585250854492188,1
3.7777676582336426,1
4.107622146606445,1
3.9647369384765625,1
3.846890449523926,1
4.210134506225586,1
3.8156075477600098,1
3.831836700439453,1
3.9659786224365234,1
3.6758055686950684,1
4.104353904724121,1
4.146960258483887,1
3.944401979446411,1
3.961109161376953,1
3.8178720474243164,1
3.782381057739258,1
4.028738021850586,1
3.9313178062438965,1
3.6926488876342773,1
3.8122715950012207,1
3.6828911304473877,1
4.001226902008057,1
4.044299125671387,1
3.8017959594726563,1
3.749819278717041,1
3.790078639984131,1
3.724229335784912,1
3.771002769470215,1
3.905991315841675,1
3.666720390319824,1
3.9169533252716064,1
3.631406307220459,1
3.5949583053588867,1
3.63071870803833,1
3.4267868995666504,1
3.8264050483703613,1
3.879904270172119,1
3.2894723415374756,1
3.762985944747925,1
3.2806148529052734,1
3.6719377040863037,1
3.7184746265411377,1
3.8200087547302246,1
3.648454189300537,1
3.9791665077209473,1
3.885171890258789,1
3.5980310440063477,1
3.6158785820007324,1
3.7205634117126465,1
3.7558705806732178,1
3.9716145992279053,1
3.610424280166626,1
3.91574764251709,1
3.768589496612549,1
3.9468181133270264,1
3.494657278060913,1
3.6545042991638184,1
3.9257822036743164,1
3.6853604316711426,1
3.706934928894043,1
3.602289915084839,1
3.4082417488098145,1
4.328540802001953,1
3.978476047515869,1
4.039548873901367,1
3.855077028274536,1
3.8691558837890625,1
3.436879873275757,1
3.5459470748901367,1
3.7792437076568604,1
3.6673941612243652,1
3.6192150115966797,1
3.8677308559417725,1
3.671806812286377,1
3.535548210144043,1
3.625474214553833,1
4.052192211151123,1
3.7750654220581055,1
3.9269509315490723,1
3.4515726566314697,1
3.7281463146209717,1
3.6986687183380127,1
3.7546842098236084,1
3.782083511352539,1
3.6393892765045166,1
3.2115554809570313,1
3.6830272674560547,1
4.080482482910156,1
3.963963747024536,1
3.922536849975586,1
3.6023333072662354,1
4.015077590942383,1
3.9620509147644043,1
3.3620569705963135,1
3.7022957801818848,1
3.685356378555298,1
4.010106086730957,1
3.952812433242798,1
3.4020144939422607,1
3.4959864616394043,1
3.490870237350464,1
3.601062297821045,1
3.7873542308807373,1
3.4564528465270996,1
4.020153045654297,1
3.712671995162964,1
3.596865177154541,1
3.2334160804748535,1
3.857448101043701,1
3.862682342529297,1
3.60382080078125,1
3.756411552429199,1
3.7207701206207275,1
4.002058982849121,1
3.6380863189697266,1
3.805579662322998,1
3.991161584854126,1
3.774742603302002,1
3.4290518760681152,1
3.7170395851135254,1
3.6888585090637207,1
3.7522730827331543,1
3.8340134620666504,1
3.5966334342956543,1
4.102062225341797,1
3.647921085357666,1
3.8970794677734375,1
3.6123056411743164,1
3.468285083770752,1
3.9382262229919434,1
3.756558895111084,1
3.974473476409912,1
4.2495269775390625,1
3.408013105392456,1
3.863542318344116,1
3.583620548248291,1
3.4570813179016113,1
3.714916706085205,1
3.5124928951263428,1
3.644958734512329,1
3.603944778442383,1
4.0186662673950195,1
3.573167324066162,1
3.747066020965576,1
3.3347082138061523,1
3.957801103591919,1
3.669501781463623,1
3.7105610370635986,1
3.7393388748168945,1
3.9135053157806396,1
3.276959180831909,1
3.5550997257232666,1
3.642979860305786,1
3.5127077102661133,1
3.854750871658325,1
3.8005361557006836,1
3.598463535308838,1
3.761038303375244,1
3.7334322929382324,1
3.7866194248199463,1
3.5362114906311035,1
3.527966022491455,1
3.5439789295196533,1
3.4088478088378906,1
3.6794285774230957,1
3.9517323970794678,1
4.161238193511963,1
3.7586817741394043,1
4.096424102783203,1
3.9486184120178223,1
3.8933987617492676,1
3.9324440956115723,1
3.951624870300293,1
3.4996814727783203,1
3.742949962615967,1
3.5832417011260986,1
3.9563345909118652,1
3.7130942344665527,1
3.694791555404663,1
3.5543253421783447,1
3.5687265396118164,1
3.9763071537017822,1
3.9406142234802246,1
3.85396146774292,1
3.5816006660461426,1
3.6106932163238525,1
3.6698856353759766,1
3.564652442932129,1
3.595407485961914,1
3.762054204940796,1
3.8765382766723633,1
3.682804584503174,1
3.8252243995666504,1
4.069377899169922,1
3.580268144607544,1
3.709062337875366,1
3.7374658584594727,1
3.757845401763916,1
3.7104694843292236,1
3.875175714492798,1
3.7757534980773926,1
3.80910587310791,1
3.6640796661376953,1
3.3411641120910645,1
3.574174404144287,1
3.703702926635742,1
4.028195381164551,1
4.033978462219238,1
4.019351959228516,1
3.863694906234741,1
3.6589808464050293,1
3.5398237705230713,1
4.107433319091797,1
3.903008222579956,1
3.7982430458068848,1
3.723813056945801,1
3.7857723236083984,1
3.488534450531006,1
3.696979284286499,1
3.699680805206299,1
3.5538525581359863,1
3.7369704246520996,1
3.622020721435547,1
3.583968162536621,1
3.827354907989502,1
3.8701701164245605,1
3.5601587295532227,1
3.3528270721435547,1
3.931323289871216,1
3.4516751766204834,1
3.4446330070495605,1
3.1698837280273438,1
3.4886529445648193,1
3.672081232070923,1
3.306368589401245,1
3.7191765308380127,1
3.552374839782715,1
3.476594924926758,1
3.3979504108428955,1
3.6265735626220703,1
3.8842921257019043,1
3.7412266731262207,1
3.788060188293457,1
3.6394383907318115,1
3.6260299682617188,1
3.3677620887756348,1
3.4276721477508545,1
3.307006597518921,1
3.5996270179748535,1
3.540235996246338,1
3.4937338829040527,1
3.572174549102783,1
3.7370095252990723,1
3.868858814239502,1
3.8950536251068115,1
3.453568935394287,1
3.3711726665496826,1
4.122959136962891,1
3.442396640777588,1
3.6002001762390137,1
3.650188446044922,1
3.8637776374816895,1
3.2956385612487793,1
3.6377768516540527,1
3.494497060775757,1
3.7425341606140137,1
3.874380350112915,1
3.4819412231445313,1
3.305361270904541,1
3.8857638835906982,1
3.584029197692871,1
3.7147817611694336,1
3.3743128776550293,1
3.899794578552246,1
3.6135661602020264,1
3.946467638015747,1
3.5392773151397705,1
3.5990355014801025,1
3.28048038482666,1
3.6769421100616455,1
3.6409976482391357,1
4.054769515991211,1
3.816983938217163,1
3.3189492225646973,1
3.5321741104125977,1
3.5952796936035156,1
3.3902125358581543,1
3.9429192543029785,1
3.6026012897491455,1
3.6793742179870605,1
4.234382629394531,1
3.355525016784668,1
3.2158613204956055,1
3.4803614616394043,1
3.2507245540618896,1
3.4672248363494873,1
3.7374024391174316,1
3.6791532039642334,1
3.7699952125549316,1
3.40963077545166,1
3.5888547897338867,1
3.538229465484619,1
3.806180715560913,1
3.6664416790008545,1
3.8471271991729736,1
3.85142183303833,1
3.6252505779266357,1
3.6892502307891846,1
3.551741361618042,1
3.277538776397705,1
3.8875932693481445,1
3.76631760597229,1
3.3946404457092285,1
3.7007713317871094,1
3.1868064403533936,1
3.7411820888519287,1
3.611494541168213,1
3.6248679161071777,1
3.502249002456665,1
3.559034824371338,1
3.515929937362671,1
3.419825553894043,1
3.7443196773529053,1
3.580565929412842,1
3.3111491203308105,1
3.827826738357544,1
3.7277050018310547,1
3.518415927886963,1
4.075318336486816,1
3.7980127334594727,1
3.5125255584716797,1
3.8285646438598633,1
3.504077434539795,1
3.882795810699463,1
3.44862699508667,1
4.187105178833008,1
3.845587730407715,1
3.834773063659668,1
3.3791418075561523,1
3.78759503364563,1
3.402463912963867,1
3.8483669757843018,1
3.483856439590454,1
3.6123156547546387,1
3.8135342597961426,1
3.782156229019165,1
3.4431567192077637,1
3.6050634384155273,1
3.537245512008667,1
3.4838099479675293,1
3.3150980472564697,1
3.6689295768737793,1
3.5549814701080322,1
3.342113494873047,1
3.830536127090454,1
3.479109764099121,1
4.172382354736328,1
3.636014223098755,1
3.5496468544006348,1
3.7032647132873535,1
3.4528026580810547,1
3.597198963165283,1
3.368091106414795,1
3.715869426727295,1
3.424222946166992,1
3.412318468093872,1
3.8210320472717285,1
3.370673656463623,1
3.5661396980285645,1
3.762399673461914,1
3.247699499130249,1
4.028830528259277,1
3.5956006050109863,1
3.7479488849639893,1
3.5826315879821777,1
3.834690570831299,1
3.737914800643921,1
3.6001625061035156,1
3.4222846031188965,1
3.633047580718994,1
3.728346824645996,1
3.797269344329834,1
3.263413906097412,1
3.5717270374298096,1
3.821758270263672,1
3.2569189071655273,1
3.65494441986084,1
3.421293258666992,1
3.2676539421081543,1
3.664566993713379,1
3.49104642868042,1
3.5047712326049805,1
3.2031209468841553,1
3.493952751159668,1
3.214406967163086,1
3.763235569000244,1
3.837153911590576,1
4.006721496582031,1
3.608262538909912,1
3.22887921333313,1
3.742218017578125,1
3.6788296699523926,1
3.378457546234131,1
3.4076075553894043,1
3.80918025970459,1
3.6470823287963867,1
3.5314879417419434,1
3.6050426959991455,1
3.7098140716552734,1
3.4637959003448486,1
3.9032914638519287,1
3.5706350803375244,1
3.59281063079834,1
3.3754568099975586,1
3.5740227699279785,1
3.8308725357055664,1
3.6170427799224854,1
3.5913755893707275,1
4.070981502532959,1
3.198263168334961,1
3.5751447677612305,1
3.4420082569122314,1
3.6990909576416016,1
3.615692138671875,1
3.785684108734131,1
3.5507702827453613,1
3.102567672729492,1
3.7992076873779297,1
3.350053548812866,1
3.798996925354004,1
3.830322504043579,1
3.174928665161133,1
3.5650126934051514,1
3.622983932495117,1
3.735963821411133,1
3.4681077003479004,1
4.201752662658691,1
3.365572214126587,1
3.774604558944702,1
3.9124417304992676,1
3.2115955352783203,1
3.6672239303588867,1
3.627197742462158,1
3.671236753463745,1
3.7355637550354004,1
3.3767263889312744,1
3.330552577972412,1
3.3511962890625,1
3.842733383178711,1
3.498034715652466,1
3.841592788696289,1
3.868128776550293,1
3.5479025840759277,1
3.1874139308929443,1
3.2021422386169434,1
3.6537132263183594,1
3.3763794898986816,1
3.443087577819824,1
3.8680129051208496,1
3.5383455753326416,1
3.2324697971343994,1
3.568995237350464,1
3.566647529602051,1
3.426867961883545,1
3.7006850242614746,1
3.392582654953003,1
3.4324278831481934,1
3.9499499797821045,1
3.2319581508636475,1
3.4590396881103516,1
3.61301326751709,1
3.6513609886169434,1
3.699690103530884,1
3.750202178955078,1
3.789247989654541,1
3.661975622177124,1
3.4778778553009033,1
3.073986053466797,1
3.5882363319396973,1
3.729698419570923,1
3.500126600265503,1
3.8553292751312256,1
3.534710168838501,1
3.6477954387664795,1
3.844179153442383,1
3.5515241622924805,1
3.238211154937744,1
3.3127739429473877,1
3.4268405437469482,1
3.1874499320983887,1
3.673072576522827,1
3.5863285064697266,1
3.346323013305664,1
3.5647315979003906,1
3.8722314834594727,1
3.3951778411865234,1
3.7938785552978516,1
3.528960704803467,1
3.93784236907959,1
3.7577006816864014,1
3.399151563644409,1
3.2677536010742188,1
3.6683335304260254,1
3.301884412765503,1
3.6340131759643555,1
3.416198968887329,1
3.500645637512207,1
4.144960880279541,1
3.3015122413635254,1
3.617560386657715,1
3.5670905113220215,1
3.4156532287597656,1
3.7098565101623535,1
4.091604709625244,1
3.6380703449249268,1
3.5355405807495117,1
3.44120454788208,1
3.3494949340820313,1
3.7304601669311523,1
3.367676258087158,1
3.4385476112365723,1
3.4193062782287598,1
3.8713104724884033,1
3.3061399459838867,1
3.602130889892578,1
3.3361501693725586,1
3.1969878673553467,1
3.8345274925231934,1
3.815629482269287,1
3.7449560165405273,1
3.4223861694335938,1
3.556061267852783,1
3.540235757827759,1
3.5753588676452637,1
3.376230478286743,1
3.2580695152282715,1
3.551828384399414,1
3.736839771270752,1
3.5422000885009766,1
3.56974458694458,1
3.4801063537597656,1
3.4262466430664063,1
3.3014187812805176,1
3.9653329849243164,1
3.8233261108398438,1
3.2317464351654053,1
3.6048049926757813,1
3.9649555683135986,1
3.29970121383667,1
3.5447704792022705,1
3.583570718765259,1
3.515425205230713,1
3.266113758087158,1
3.7579216957092285,1
3.431553363800049,1
3.1092185974121094,1
3.3001158237457275,1
3.5208747386932373,1
3.4921960830688477,1
3.427318572998047,1
3.3255953788757324,1
3.362431287765503,1
3.6960067749023438,1
3.7115237712860107,1
3.6448585987091064,1
3.6306376457214355,1
3.6982991695404053,1
3.5507209300994873,1
3.7894248962402344,1
3.714628219604492,1
3.828977584838867,1
3.290038585662842,1
3.5257701873779297,1
3.616408348083496,1
3.3047311305999756,1
3.432727575302124,1
3.2163808345794678,1
3.6564254760742188,1
3.3661041259765625,1
3.785559892654419,1
3.3156933784484863,1
3.820929527282715,1
3.545553684234619,1
3.4812393188476563,1
3.389134645462036,1
3.3596787452697754,1
3.308138847351074,1
3.6954267024993896,1
3.3917651176452637,1
3.2925283908843994,1
3.3360071182250977,1
3.3804142475128174,1
3.4757094383239746,1
3.397787570953369,1
3.8817243576049805,1
3.387425661087036,1
3.306187629699707,1
3.262817621231079,1
3.947514533996582,1
3.4546732902526855,1
3.4565682411193848,1
3.4780092239379883,1
3.4796359539031982,1
4.056245803833008,1
3.3238179683685303,1
3.8057498931884766,1
3.3859550952911377,1
3.3408126831054688,1
3.297913074493408,1
3.425532341003418,1
3.4482364654541016,1
3.5043187141418457,1
3.4617667198181152,1
3.4396169185638428,1
3.2132279872894287,1
3.406515121459961,1
3.1700243949890137,1
3.2384891510009766,1
3.733891487121582,1
3.204456090927124,1
3.7917752265930176,1
3.5477981567382813,1
3.340834140777588,1
3.3730762004852295,1
3.9871745109558105,1
3.2994351387023926,1
3.4159650802612305,1
3.925703525543213,1
3.2450482845306396,1
3.674929618835449,1
3.4491281509399414,1
3.5057554244995117,1
3.759749412536621,1
3.821948528289795,1
3.166515588760376,1
3.3313145637512207,1
3.528532028198242,1
3.6120262145996094,1
3.58518123626709,1
3.593850612640381,1
3.4365639686584473,1
3.288701295852661,1
3.396872043609619,1
3.4868154525756836,1
3.1750688552856445,1
3.5595850944519043,1
3.3374862670898438,1
3.390188694000244,1
3.5735607147216797,1
3.56107759475708,1
3.3148465156555176,1
3.7160520553588867,1
3.2600455284118652,1
3.336350202560425,1
3.2933902740478516,1
2.9557383060455322,1
3.648101806640625,1
3.356621742248535,1
3.2506096363067627,1
3.6534976959228516,1
3.6771738529205322,1
3.574742317199707,1
3.6241707801818848,1
3.2858290672302246,1
3.4149656295776367,1
3.471140146255493,1
3.496826648712158,1
3.708914279937744,1
3.542391300201416,1
3.4235739707946777,1
3.2749056816101074,1
3.515455722808838,1
3.557915210723877,1
3.51379656791687,1
3.9133472442626953,1
3.3771560192108154,1
3.3999412059783936,1
3.5638198852539063,1
3.419700860977173,1
3.208857536315918,1
2.983795166015625,1
3.6935925483703613,1
3.613509178161621,1
3.6242682933807373,1
3.0312397480010986,1
3.3055901527404785,1
3.4607019424438477,1
3.199824571609497,1
3.156416893005371,1
3.7209558486938477,1
3.4646425247192383,1
3.2855100631713867,1
3.3636679649353027,1
3.4717931747436523,1
3.540128231048584,1
3.5330142974853516,1
3.461362361907959,1
3.5036401748657227,1
3.385251045227051,1
3.439650535583496,1
3.3517446517944336,1
3.717716693878174,1
3.270021677017212,1
3.428420066833496,1
3.4932363033294678,1
3.4615392684936523,1
3.313283920288086,1
3.8180112838745117,1
3.830136775970459,1
3.238753318786621,1
3.1976795196533203,1
3.4247655868530273,1
3.1167211532592773,1
3.414410352706909,1
3.537942886352539,1
3.6148681640625,1
3.6894874572753906,1
3.4490890502929688,1
3.689399003982544,1
3.2843515872955322,1
3.4689087867736816,1
3.686016082763672,1
3.7198257446289063,1
3.358376979827881,1
3.1949968338012695,1
3.413731098175049,1
3.800462245941162,1
3.1173830032348633,1
2.943728446960449,1
3.632354974746704,1
3.600628614425659,1
3.5193862915039063,1
3.5724074840545654,1
3.6094799041748047,1
4.090176105499268,1
3.700779438018799,1
3.3711318969726563,1
3.791041135787964,1
3.518519401550293,1
3.4448776245117188,1
3.5344905853271484,1
3.417243480682373,1
3.093466281890869,1
3.3830296993255615,1
3.3069519996643066,1
3.281911849975586,1
3.799978256225586,1
3.2612946033477783,1
3.2990431785583496,1
3.4960920810699463,1
3.7235403060913086,1
3.055440902709961,1
3.669825553894043,1
3.248865842819214,1
3.6233913898468018,1
3.6446573734283447,1
3.1814277172088623,1
3.1488914489746094,1
3.2273244857788086,1
3.192805528640747,1
3.183093547821045,1
3.7303965091705322,1
3.2936694622039795,1
3.4427061080932617,1
3.0463554859161377,1
3.5648038387298584,1
3.72882080078125,1
3.611405372619629,1
3.6872200965881348,1
3.487898826599121,1
3.4383373260498047,1
2.9581685066223145,1
3.2689368724823,1
3.4318020343780518,1
3.2722997665405273,1
3.3990941047668457,1
3.250060558319092,1
3.2604241371154785,1
3.646217107772827,1
3.555286407470703,1
3.483926773071289,1
3.239262580871582,1
3.374596357345581,1
3.227949619293213,1
3.6602694988250732,1
3.1688530445098877,1
3.517338752746582,1
3.41680908203125,1
4.011419296264648,1
3.3012261390686035,1
3.05245041847229,1
3.2959954738616943,1
3.3305563926696777,1
3.530496597290039,1
3.1435787677764893,1
3.679635524749756,1
3.188256025314331,1
3.322726011276245,1
3.567061424255371,1
3.4276316165924072,1
3.8744142055511475,1
3.276379108428955,1
3.0807905197143555,1
3.4133658409118652,1
3.711522102355957,1
3.6400604248046875,1
3.5175695419311523,1
3.314673900604248,1
3.6804652214050293,1
3.398355007171631,1
3.5411806106567383,1
3.2451729774475098,1
3.4862053394317627,1
3.17386794090271,1
3.5119266510009766,1
3.3916726112365723,1
3.781352996826172,1
3.3168816566467285,1
3.2808640003204346,1
3.5050086975097656,1
3.4349846839904785,1
3.1082370281219482,1
3.6105432510375977,1
3.769807815551758,1
3.347214937210083,1
3.5370397567749023,1
3.402435541152954,1
3.0529732704162598,1
3.6850199699401855,1
3.801635980606079,1
3.741554021835327,1
3.228708505630493,1
3.270151376724243,1
3.5397043228149414,1
3.645136833190918,1
3.6560730934143066,1
3.3116698265075684,1
3.1936793327331543,1
3.5261752605438232,1
3.6250791549682617,1
3.6745715141296387,1
3.5897374153137207,1
3.569164991378784,1
2.977879047393799,1
3.760526180267334,1
3.5353357791900635,1
3.6184754371643066,1
3.5225868225097656,1
3.4139609336853027,1
3.2323780059814453,1
3.364863395690918,1
3.8403329849243164,1
3.144947052001953,1
3.298433303833008,1
3.315769672393799,1
3.1909635066986084,1
3.6468358039855957,1
3.573701858520508,1
3.6403045654296875,1
3.9275598526000977,1
3.144359588623047,1
3.4683189392089844,1
3.083622455596924,1
3.3698010444641113,1
3.4418492317199707,1
3.429309844970703,1
3.2030751705169678,1
3.3257498741149902,1
3.692312717437744,1
3.4816503524780273,1
3.5048627853393555,1
3.6361916065216064,1
3.4376978874206543,1
3.310929298400879,1
3.198941707611084,1
3.119344711303711,1
3.5481414794921875,1
3.392609119415283,1
3.314600944519043,1
3.0844216346740723,1
3.7955076694488525,1
3.7280917167663574,1
2.9868340492248535,1
3.476863384246826,1
3.1336822509765625,1
3.287261962890625,1
3.6617093086242676,1
3.4438560009002686,1
3.7320303916931152,1
3.7428338527679443,1
3.3467113971710205,1
3.644859552383423,1
3.228159189224243,1
3.9054477214813232,1
3.4189038276672363,1
3.1480607986450195,1
3.451626777648926,1
3.439741611480713,1
3.450045108795166,1
3.37910532951355,1
3.0089735984802246,1
3.449901580810547,1
3.757127523422241,1
3.6803131103515625,1
3.417941093444824,1
4.0425639152526855,1
3.741499900817871,1
3.4719886779785156,1
3.7208099365234375,1
3.6758170127868652,1
3.5962705612182617,1
3.68696665763855,1
3.557779312133789,1
3.647805690765381,1
3.5403084754943848,1
3.190511703491211,1
3.2296228408813477,1
3.101527214050293,1
3.273418426513672,1
3.2158594131469727,1
3.5633864402770996,1
3.455610990524292,1
3.289405345916748,1
3.4660935401916504,1
3.7601664066314697,1
3.327324628829956,1
3.4406795501708984,1
3.3068525791168213,1
3.5097098350524902,1
3.652155637741089,1
3.1531620025634766,1
3.4498043060302734,1
3.1159963607788086,1
3.1617276668548584,1
3.6417012214660645,1
3.6615917682647705,1
3.378316640853882,1
3.3068199157714844,1
3.253718852996826,1
3.441333293914795,1
3.30283784866333,1
3.689918041229248,1
3.365560293197632,1
3.2041373252868652,1
3.345790386199951,1
3.3207268714904785,1
3.4537854194641113,1
3.062063694000244,1
3.4387283325195313,1
3.179976463317871,1
3.680919647216797,1
3.350148916244507,1
3.0061991214752197,1
3.283477306365967,1
3.2268378734588623,1
3.404409885406494,1
3.477799892425537,1
2.9283719062805176,1
3.416670560836792,1
2.9869346618652344,1
3.3543214797973633,1
3.5171189308166504,1
3.469655990600586,1
3.3791961669921875,1
3.427140951156616,1
3.2139315605163574,1
3.343562126159668,1
3.3336267471313477,1
3.865114212036133,1
3.392146587371826,1
3.5054383277893066,1
3.26224946975708,1
3.638059139251709,1
3.3759684562683105,1
3.464545726776123,1
3.2158799171447754,1
3.1721749305725098,1
3.554659843444824,1
3.271841049194336,1
3.0605874061584473,1
3.5784993171691895,1
3.5153675079345703,1
3.6804680824279785,1
3.4673261642456055,1
3.077807903289795,1
3.61348295211792,1
3.428901433944702,1
3.4785516262054443,1
3.2228784561157227,1
3.1235480308532715,1
3.417475461959839,1
3.225627899169922,1
3.89516019821167,1
2.8906540870666504,1
3.3490023612976074,1
3.3766727447509766,1
3.517991065979004,1
3.386902093887329,1
3.4675445556640625,1
3.389213800430298,1
3.554379940032959,1
3.1916654109954834,1
3.3383302688598633,1
3.1550326347351074,1
3.6485304832458496,1
3.137465000152588,1
3.6605210304260254,1
3.717583656311035,1
3.2057137489318848,1
3.118170738220215,1
3.04207181930542,1
3.657041549682617,1
3.620563507080078,1
3.4901394844055176,1
3.3256845474243164,1
3.274794340133667,1
3.508533477783203,1
3.231325149536133,1
3.116826295852661,1
3.32663631439209,1
3.3797359466552734,1
3.6621627807617188,1
3.1925530433654785,1
3.4964826107025146,1
3.420783042907715,1
3.3813233375549316,1
3.3545491695404053,1
3.3075785636901855,1
3.5829734802246094,1
3.3291683197021484,1
3.5979137420654297,1
3.4162583351135254,1
3.383096694946289,1
2.9847373962402344,1
3.3044629096984863,1
3.1759324073791504,1
3.325546979904175,1
3.658066749572754,1
3.6139633655548096,1
3.1291210651397705,1
3.8120431900024414,1
3.35636830329895,1
3.189807891845703,1
3.8299007415771484,1
3.245783805847168,1
3.3738880157470703,1
3.3612422943115234,1
2.9778857231140137,1
3.630472183227539,1
3.57887601852417,1
3.24717116355896,1
3.0693089962005615,1
3.2409236431121826,1
3.328336000442505,1
3.998696804046631,1
3.042449951171875,1
3.1221165657043457,1
3.4773483276367188,1
3.475060224533081,1
3.7904858589172363,1
3.197122097015381,1
3.3311240673065186,1
3.4399595260620117,1
3.458343505859375,1
3.222752571105957,1
2.9044227600097656,1
3.5157008171081543,1
3.727543830871582,1
3.4288089275360107,1
3.7403836250305176,1
3.1125547885894775,1
2.899479627609253,1
3.2741379737854004,1
3.5545778274536133,1
3.2900619506835938,1
3.122732162475586,1
3.485292673110962,1
3.3968584537506104,1
3.8485107421875,1
3.528195858001709,1
3.2696762084960938,1
3.5242929458618164,1
3.217496395111084,1
3.272399663925171,1
3.399043083190918,1
2.935892343521118,1
3.709543228149414,1
3.567819118499756,1
3.512094259262085,1
3.0947370529174805,1
3.413280487060547,1
3.194932460784912,1
3.1652259826660156,1
3.180619955062866,1
3.172578811645508,1
3.3994717597961426,1
3.249528646469116,1
3.2454655170440674,1
3.341348171234131,1
3.106757879257202,1
3.8071045875549316,1
3.1245298385620117,1
3.2797536849975586,1
3.444126844406128,1
3.3625707626342773,1
3.5299088954925537,1
3.423255443572998,1
3.2160091400146484,1
3.155421257019043,1
3.5999226570129395,1
3.278897762298584,1
3.509197235107422,1
3.486079216003418,1
3.583353042602539,1
3.491569995880127,1
3.478742837905884,1
3.548971652984619,1
3.467679023742676,1
3.3985817432403564,1
3.4979326725006104,1
3.399658203125,1
3.494234561920166,1
3.594695806503296,1
3.6566476821899414,1
3.122225761413574,1
3.5443246364593506,1
3.2585673332214355,1
3.277559280395508,1
3.6930313110351563,1
3.400803565979004,1
3.3639469146728516,1
3.442451000213623,1
3.3442060947418213,1
4.028902053833008,1
3.3164868354797363,1
3.3667047023773193,1
3.0736589431762695,1
3.4758095741271973,1
3.1579272747039795,1
3.8686063289642334,1
3.6646151542663574,1
3.636943817138672,1
3.885324239730835,1
3.03300142288208,1
3.4596500396728516,1
2.9334633350372314,1
3.084564208984375,1
3.3299484252929688,1
3.1909165382385254,1
3.625530481338501,1
3.381620407104492,1
3.432168960571289,1
3.5642013549804688,1
3.2566165924072266,1
3.3618030548095703,1
3.5337634086608887,1
3.273771286010742,1
3.4561662673950195,1
3.5947108268737793,1
3.045825958251953,1
3.1885507106781006,1
3.2507824897766113,1
3.1633565425872803,1
3.921274185180664,1
3.520453453063965,1
3.4295802116394043,1
3.379411220550537,1
3.523232936859131,1
3.258143901824951,1
3.016538619995117,1
3.8063125610351563,1
3.414152145385742,1
3.4371330738067627,1
3.45561146736145,1
3.572343111038208,1
3.677306652069092,1
3.3199450969696045,1
3.41062068939209,1
3.7134389877319336,1
3.3530378341674805,1
3.3462095260620117,1
3.618382453918457,1
3.176581859588623,1
3.1212542057037354,1
3.426621437072754,1
3.397718667984009,1
3.1109352111816406,1
3.4266934394836426,1
3.4659085273742676,1
2.8688762187957764,1
3.2343716621398926,1
3.0571837425231934,1
3.396850109100342,1
3.072132110595703,1
3.491565227508545,1
3.3356356620788574,1
3.580315351486206,1
3.05021595954895,1
3.4975061416625977,1
3.329707622528076,1
2.8852193355560303,1
3.3492465019226074,1
3.2768964767456055,1
3.149747848510742,1
3.191274642944336,1
3.095123052597046,1
3.267946720123291,1
3.200545310974121,1
3.2152745723724365,1
3.276886463165283,1
3.398735523223877,1
3.327552556991577,1
3.677716016769409,1
3.260420322418213,1
3.2593140602111816,1
3.2691397666931152,1
3.2632412910461426,1
3.5241377353668213,1
3.026616334915161,1
3.814837694168091,1
3.3113346099853516,1
3.721581220626831,1
3.9512670040130615,1
3.7179512977600098,1
3.1448073387145996,1
3.4518320560455322,1
3.2300031185150146,1
3.179568290710449,1
3.734827756881714,1
3.448706865310669,1
3.3635730743408203,1
3.833146333694458,1
3.057600498199463,1
3.0130953788757324,1
3.136040210723877,1
3.34297513961792,1
3.481351852416992,1
2.8254218101501465,1
3.3341214656829834,1
3.2223825454711914,1
3.606682062149048,1
3.5147604942321777,1
3.435403823852539,1
3.3929028511047363,1
3.3158786296844482,1
2.8156518936157227,1
2.919215679168701,1
3.220465660095215,1
3.7213644981384277,1
3.245011806488037,1
3.1027939319610596,1
3.2516000270843506,1
3.5079548358917236,1
3.118849754333496,1
2.9464962482452393,1
3.3490793704986572,1
3.5212175846099854,1
3.394664764404297,1
3.4014201164245605,1
3.287200450897217,1
3.5305347442626953,1
3.68156099319458,1
3.5558254718780518,1
3.016202926635742,1
3.1629464626312256,1
3.0542569160461426,1
3.4998345375061035,1
3.581906318664551,1
3.567171812057495,1
3.835958957672119,1
3.276122570037842,1
3.286022186279297,1
3.231045722961426,1
3.5756421089172363,1
3.4270944595336914,1
3.412581443786621,1
3.6586732864379883,1
3.525327205657959,1
3.618178129196167,1
3.532299280166626,1
3.2854671478271484,1
3.1456198692321777,1
3.4193644523620605,1
3.006943464279175,1
3.7798960208892822,1
3.35996413230896,1
3.1600918769836426,1
3.355166435241699,1
3.2002992630004883,1
3.5216798782348633,1
3.3597524166107178,1
2.9091098308563232,1
3.237583637237549,1
3.3790955543518066,1
3.179392099380493,1
3.3147928714752197,1
3.2071378231048584,1
3.541733980178833,1
3.2173287868499756,1
2.958603858947754,1
3.226393461227417,1
3.3265609741210938,1
3.2083117961883545,1
3.024247646331787,1
3.3873867988586426,1
3.0620579719543457,1
3.2493083477020264,1
3.4584107398986816,1
3.10164213180542,1
3.350698232650757,1
3.3318581581115723,1
3.652852773666382,1
3.6856589317321777,1
3.734876871109009,1
3.546658754348755,1
3.1006627082824707,1
3.386519432067871,1
3.162463665008545,1
3.4750447273254395,1
2.9686405658721924,1
3.5106146335601807,1
2.6817140579223633,1
3.2007060050964355,1
3.102116823196411,1
3.4489734172821045,1
3.6755456924438477,1
3.436339855194092,1
3.1402535438537598,1
3.250885248184204,1
3.820712089538574,1
3.3746862411499023,1
3.4676084518432617,1
3.498253345489502,1
3.409632444381714,1
3.239902973175049,1
2.8658697605133057,1
3.9857754707336426,1
3.978243350982666,1
3.521852970123291,1
3.201303243637085,1
3.383997917175293,1
2.896916627883911,1
3.5481667518615723,1
3.8858914375305176,1
3.3887226581573486,1
3.2693676948547363,1
3.1759748458862305,1
3.488213539123535,1
3.3643925189971924,1
3.4934005737304688,1
3.162998676300049,1
3.5285823345184326,1
3.3860766887664795,1
3.2548089027404785,1
3.267868995666504,1
3.1422030925750732,1
3.400594711303711,1
3.4186062812805176,1
3.0276098251342773,1
3.4096791744232178,1
2.9587244987487793,1
3.1509437561035156,1
3.165912389755249,1
3.4391236305236816,1
3.4037396907806396,1
3.147916555404663,1
3.472064971923828,1
3.1377296447753906,1
3.627631664276123,1
3.237002372741699,1
3.652289867401123,1
3.115992546081543,1
3.3805558681488037,1
3.1018338203430176,1
3.526442527770996,1
3.2493534088134766,1
3.323091506958008,1
3.1342644691467285,1
3.2878479957580566,1
2.882326364517212,1
3.150397777557373,1
3.224254846572876,1
2.952521800994873,1
3.006138801574707,1
2.982642889022827,1
3.521055221557617,1
3.271678924560547,1
3.6434755325317383,1
3.3677690029144287,1
3.0808606147766113,1
3.3375627994537354,1
3.3749594688415527,1
3.517780303955078,1
3.0324277877807617,1
3.0846073627471924,1
2.880460262298584,1
3.1341023445129395,1
3.3595468997955322,1
3.3874425888061523,1
2.9043736457824707,1
3.69622802734375,1
3.5115602016448975,1
2.7176177501678467,1
3.4904184341430664,1
3.2706286907196045,1
3.2161500453948975,1
3.311047077178955,1
3.485657215118408,1
3.3845198154449463,1
3.4041826725006104,1
2.9675803184509277,1
3.4043502807617188,1
3.2380855083465576,1
3.574392795562744,1
2.9826555252075195,1
3.2715189456939697,1
3.032048463821411,1
3.2422420978546143,1
3.2602016925811768,1
3.518799066543579,1
3.766528606414795,1
3.047132730484009,1
3.026247978210449,1
3.395404577255249,1
3.3549132347106934,1
2.865767002105713,1
3.607621431350708,1
3.348473072052002,1
3.2132391929626465,1
3.584601640701294,1
3.5370707511901855,1
3.5105535984039307,1
3.068552017211914,1
3.405120849609375,1
3.549433946609497,1
3.299476146697998,1
3.274421453475952,1
3.2001829147338867,1
3.1616971492767334,1
3.035097599029541,1
3.2907795906066895,1
3.237694263458252,1
3.0314884185791016,1
3.3370330333709717,1
3.1102020740509033,1
3.018092632293701,1
3.177112340927124,1
3.0420379638671875,1
3.3303701877593994,1
3.2287731170654297,1
3.1316018104553223,1
3.54479718208313,1
3.775313377380371,1
3.589104652404785,1
3.542459487915039,1
4.112308025360107,1
2.9813385009765625,1
3.289827346801758,1
3.09784197807312,1
3.6548099517822266,1
3.327317237854004,1
3.14337420463562,1
3.52718186378479,1
3.4035749435424805,1
3.666332721710205,1
3.6259469985961914,1
2.897773265838623,1
3.260922431945801,1
3.345059394836426,1
3.362283229827881,1
3.53605318069458,1
3.3827896118164063,1
3.206366539001465,1
3.369152545928955,1
3.4146156311035156,1
3.3323521614074707,1
3.141620635986328,1
3.3689379692077637,1
3.0868515968322754,1
3.1718664169311523,1
3.3896279335021973,1
3.4925146102905273,1
3.5219788551330566,1
3.471877098083496,1
3.0582122802734375,1
3.4738779067993164,1
3.400583028793335,1
3.0485470294952393,1
3.069650173187256,1
3.192819118499756,1
3.2995898723602295,1
3.3541693687438965,1
3.702045440673828,1
3.5156707763671875,1
3.708554744720459,1
3.081059694290161,1
3.248119831085205,1
3.1042604446411133,1
3.2683043479919434,1
3.364006996154785,1
3.0256552696228027,1
3.3038721084594727,1
3.208150863647461,1
3.289031505584717,1
3.647007703781128,1
3.2340784072875977,1
2.9772558212280273,1
3.070929765701294,1
2.7827517986297607,1
3.5813512802124023,1
3.2993247509002686,1
2.9308810234069824,1
3.0511012077331543,1
3.3675174713134766,1
3.2598860263824463,1
3.212264060974121,1
3.2662594318389893,1
3.4746851921081543,1
3.4240169525146484,1
3.483041286468506,1
3.4731600284576416,1
3.190474510192871,1
3.2817177772521973,1
3.3553624153137207,1
3.250159740447998,1
3.117233991622925,1
3.215315818786621,1
3.280313491821289,1
3.020552396774292,1
3.1507935523986816,1
3.601491689682007,1
3.2718420028686523,1
3.110032320022583,1
2.776947021484375,1
3.5477676391601563,1
3.3235130310058594,1
3.5051543712615967,1
3.7912120819091797,1
3.1547598838806152,1
3.4738261699676514,1
2.9236297607421875,1
3.542708396911621,1
3.700746536254883,1
3.248831272125244,1
3.385406017303467,1
2.9902215003967285,1
3.2184650897979736,1
3.6898438930511475,1
3.4978127479553223,1
3.505861520767212,1
3.260756492614746,1
3.6397929191589355,1
3.490978717803955,1
3.482663154602051,1
3.4788742065429688,1
3.175734758377075,1
3.4227404594421387,1
3.404527187347412,1
2.9603633880615234,1
2.9992403984069824,1
3.1601898670196533,1
2.932321548461914,1
3.2673816680908203,1
3.3896946907043457,1
3.149942398071289,1
3.3526158332824707,1
3.1576688289642334,1
3.1000006198883057,1
3.1617226600646973,1
3.4097838401794434,1
3.4510436058044434,1
3.0359246730804443,1
2.9671831130981445,1
3.3541202545166016,1
3.591858386993408,1
3.1682519912719727,1
3.4770140647888184,1
3.420907974243164,1
3.138374090194702,1
3.1131269931793213,1
3.5640177726745605,1
3.2258224487304688,1
3.2281405925750732,1
3.4011948108673096,1
3.1287660598754883,1
3.2828257083892822,1
3.222201108932495,1
3.251706838607788,1
3.2936153411865234,1
3.88899564743042,1
3.7738404273986816,1
3.213350772857666,1
3.3491554260253906,1
3.1438331604003906,1
3.0607500076293945,1
3.3073019981384277,1
3.4193553924560547,1
3.1559081077575684,1
3.3432111740112305,1
3.3669352531433105,1
3.0026321411132813,1
3.2919840812683105,1
2.9565677642822266,1
2.9708595275878906,1
3.1702122688293457,1
3.367251396179199,1
3.485849380493164,1
3.136624813079834,1
3.324043035507202,1
3.7126128673553467,1
2.9069442749023438,1
3.210824489593506,1
3.3061342239379883,1
3.4555296897888184,1
3.5595600605010986,1
3.528427839279175,1
3.2847228050231934,1
3.2534327507019043,1
3.163454532623291,1
3.4267711639404297,1
3.342480421066284,1
3.083439826965332,1
3.27427339553833,1
3.2948100566864014,1
3.314601421356201,1
3.4007248878479004,1
3.034271717071533,1
3.025651454925537,1
3.821685791015625,1
2.8911685943603516,1
3.3992137908935547,1
3.2063727378845215,1
3.392367362976074,1
3.396367073059082,1
3.120136022567749,1
3.5713303089141846,1
2.9572768211364746,1
3.3632798194885254,1
3.2704684734344482,1
3.3705248832702637,1
2.9844539165496826,1
3.2526352405548096,1
3.4409773349761963,1
3.0427114963531494,1
3.4194750785827637,1
2.9874777793884277,1
3.2648611068725586,1
3.670233726501465,1
3.137511730194092,1
3.183580160140991,1
3.462651491165161,1
3.3745360374450684,1
3.0476624965667725,1
3.2012505531311035,1
3.531649112701416,1
3.7449872493743896,1
3.0105233192443848,1
3.481443405151367,1
3.0603866577148438,1
3.3478853702545166,1
3.16902756690979,1
3.206707000732422,1
3.386673927307129,1
3.273456573486328,1
3.404120445251465,1
3.1445364952087402,1
2.8874526023864746,1
3.150357723236084,1
3.4869186878204346,1
3.1256814002990723,1
3.2727911472320557,1
3.5622925758361816,1
3.7734532356262207,1
3.414124011993408,1
3.6534111499786377,1
3.484057903289795,1
3.129427909851074,1
3.188694477081299,1
3.3009514808654785,1
3.582458972930908,1
2.7448275089263916,1
3.718766689300537,1
3.5414834022521973,1
3.241590738296509,1
3.245069980621338,1
3.372519016265869,1
3.3168201446533203,1
3.108480453491211,1
2.8736581802368164,1
3.2624688148498535,1
3.9957170486450195,1
3.0396854877471924,1
3.488290309906006,1
3.6107921600341797,1
3.320582389831543,1
3.420100212097168,1
3.178957462310791,1
3.0733296871185303,1
3.181567668914795,1
3.3323512077331543,1
3.0533223152160645,1
3.2171459197998047,1
3.120081901550293,1
3.468503713607788,1
2.9587955474853516,1
2.9779014587402344,1
3.1377649307250977,1
3.4143056869506836,1
2.9304111003875732,1
3.6166224479675293,1
2.9870996475219727,1
3.2060861587524414,1
3.4040908813476563,1
3.0656352043151855,1
3.5518369674682617,1
3.196145534515381,1
3.1340107917785645,1
3.2964234352111816,1
3.166816473007202,1
3.067631244659424,1
3.311892509460449,1
3.494899272918701,1
3.10726261138916,1
3.079188585281372,1
3.4695277214050293,1
2.801682949066162,1
3.3140499591827393,1
3.3940372467041016,1
3.131603240966797,1
3.0169315338134766,1
3.3386173248291016,1
3.6380066871643066,1
3.3207406997680664,1
3.871699094772339,1
3.1253039836883545,1
3.1729423999786377,1
3.0664994716644287,1
2.779142379760742,1
3.4706780910491943,1
3.909517526626587,1
3.3386478424072266,1
3.3628273010253906,1
3.6828858852386475,1
3.4138545989990234,1
4.087488651275635,1
3.7260658740997314,1
3.1387038230895996,1
3.6537556648254395,1
3.6885881423950195,1
3.2568750381469727,1
3.2494821548461914,1
2.945010185241699,1
3.3251068592071533,1
3.191453695297241,1
3.3995752334594727,1
3.7041783332824707,1
3.291417121887207,1
3.1824536323547363,1
3.5536282062530518,1
3.8479721546173096,1
3.2424802780151367,1
3.295405387878418,1
3.2925033569335938,1
3.3598947525024414,1
3.322174549102783,1
3.1797757148742676,1
3.4718518257141113,1
3.3644165992736816,1
3.1011407375335693,1
3.1184539794921875,1
3.03544545173645,1
3.642364025115967,1
3.471123218536377,1
2.738480806350708,1
3.113513946533203,1
3.5763802528381348,1
3.2978692054748535,1
2.931633472442627,1
3.477212429046631,1
3.1850528717041016,1
3.025437593460083,1
3.1499686241149902,1
2.8852639198303223,1
3.1977977752685547,1
3.285555362701416,1
3.011873245239258,1
3.0426008701324463,1
3.2473092079162598,1
3.2521214485168457,1
3.1404685974121094,1
3.423701524734497,1
2.9012324810028076,1
2.7466773986816406,1
3.2996528148651123,1
3.1421704292297363,1
3.159480571746826,1
3.5408711433410645,1
3.5613622665405273,1
3.196115493774414,1
3.069485902786255,1
3.01792311668396,1
3.0887460708618164,1
3.194044351577759,1
3.244539976119995,1
3.068004846572876,1
3.32319974899292,1
3.3932600021362305,1
3.002885341644287,1
3.2027039527893066,1
3.640761137008667,1
3.7885379791259766,1
3.5505027770996094,1
3.4497365951538086,1
2.8760218620300293,1
3.3856749534606934,1
4.24941349029541,1
3.552090883255005,1
3.475832223892212,1
2.899890899658203,1
3.349687099456787,1
3.6097540855407715,1
3.278744697570801,1
2.8687989711761475,1
3.2771353721618652,1
3.1621835231781006,1
3.5050199031829834,1
3.2106382846832275,1
3.193773031234741,1
3.0458483695983887,1
3.3071703910827637,1
3.0805201530456543,1
3.2391486167907715,1
3.2698097229003906,1
3.30305814743042,1
3.187156915664673,1
3.1902947425842285,1
3.4882302284240723,1
3.2022082805633545,1
3.30265736579895,1
3.3021717071533203,1
3.6366777420043945,1
3.0507447719573975,1
3.1142163276672363,1
3.355800151824951,1
3.1551554203033447,1
3.071523666381836,1
3.2180347442626953,1
3.3435583114624023,1
3.3498244285583496,1
3.1804299354553223,1
3.3598194122314453,1
3.137531280517578,1
3.5426151752471924,1
3.2023837566375732,1
3.439467668533325,1
4.163877010345459,1
3.112443447113037,1
3.6335508823394775,1
3.7216620445251465,1
3.514592170715332,1
3.3361587524414063,1
3.1623001098632813,1
3.3124032020568848,1
3.0295891761779785,1
3.076920986175537,1
3.497154712677002,1
3.2068090438842773,1
2.7861404418945313,1
3.5819268226623535,1
3.502676010131836,1
3.012587785720825,1
3.121746063232422,1
3.232506036758423,1
3.7559375762939453,1
3.7136998176574707,1
2.878612518310547,1
3.2727367877960205,1
3.259955883026123,1
3.357198715209961,1
3.249147891998291,1
3.139559268951416,1
3.335653066635132,1
3.099956512451172,1
3.0800914764404297,1
2.93648099899292,1
3.1253111362457275,1
2.9975290298461914,1
3.257477045059204,1
3.4645848274230957,1
3.467039108276367,1
3.132901191711426,1
3.1578609943389893,1
3.5871829986572266,1
2.989543914794922,1
2.774648427963257,1
3.274724245071411,1
3.21976375579834,1
2.9052584171295166,1
3.1262285709381104,1
3.0394067764282227,1
2.7137081623077393,1
3.506037712097168,1
2.9802756309509277,1
2.888807773590088,1
2.7678046226501465,1
3.52738618850708,1
2.9768636226654053,1
3.731311559677124,1
3.4171299934387207,1
3.0600838661193848,1
3.035688877105713,1
3.6111512184143066,1
3.4488325119018555,1
3.086305618286133,1
3.5780842304229736,1
3.203687906265259,1
3.1526899337768555,1
3.612299680709839,1
2.8647022247314453,1
3.4541807174682617,1
3.011392593383789,1
2.6754002571105957,1
3.3001203536987305,1
3.5754003524780273,1
3.439598321914673,1
3.167454242706299,1
3.345243453979492,1
2.851024866104126,1
3.7804932594299316,1
3.323561668395996,1
3.5372557640075684,1
3.204617977142334,1
2.889385223388672,1
3.351764440536499,1
3.2187087535858154,1
3.1067872047424316,1
3.312678813934326,1
2.896418571472168,1
2.9394848346710205,1
2.717911958694458,1
2.898378849029541,1
3.0511226654052734,1
3.5256590843200684,1
3.162288188934326,1
2.9908041954040527,1
3.36936616897583,1
3.5047688484191895,1
3.5772347450256348,1
3.2327051162719727,1
3.3188271522521973,1
3.1933109760284424,1
3.346980094909668,1
3.2625112533569336,1
3.385359048843384,1
3.196221113204956,1
3.6355576515197754,1
3.1453070640563965,1
2.8950934410095215,1
3.5070066452026367,1
3.1218371391296387,1
3.964252233505249,1
3.1770424842834473,1
3.220845937728882,1
3.2158567905426025,1
3.367905616760254,1
3.0226612091064453,1
2.9070634841918945,1
3.2871217727661133,1
2.853759765625,1
3.411677837371826,1
3.3455066680908203,1
3.183276653289795,1
3.137568950653076,1
3.159505844116211,1
3.038658380508423,1
3.1800644397735596,1
2.895378351211548,1
3.8046669960021973,1
3.292296886444092,1
3.2195544242858887,1
3.5533018112182617,1
3.0639543533325195,1
3.0804245471954346,1
3.060920000076294,1
3.1762890815734863,1
3.1966896057128906,1
3.3397531509399414,1
3.5524158477783203,1
3.2524423599243164,1
2.887575149536133,1
3.1142711639404297,1
3.2406177520751953,1
4.08425235748291,1
3.433769702911377,1
3.6210222244262695,1
3.150616407394409,1
3.128227710723877,1
2.9327752590179443,1
3.6347994804382324,1
3.1453750133514404,1
2.9468162059783936,1
3.3113183975219727,1
3.2220401763916016,1
3.0379319190979004,1
3.265984058380127,1
3.1165904998779297,1
2.7125773429870605,1
3.0528697967529297,1
2.915966749191284,1
3.1669459342956543,1
3.217250347137451,1
3.070140838623047,1
3.1821107864379883,1
3.088993549346924,1
3.1558661460876465,1
2.775156259536743,1
3.3887758255004883,1
3.6480798721313477,1
3.5406391620635986,1
3.2473716735839844,1
3.2077465057373047,1
3.103334903717041,1
3.271592617034912,1
3.04959774017334,1
3.2818851470947266,1
3.279696464538574,1
3.2535181045532227,1
3.608757495880127,1
3.1932272911071777,1
2.8876736164093018,1
3.4538536071777344,1
3.0787124633789063,1
3.4967827796936035,1
3.0824942588806152,1
3.1769328117370605,1
3.1847245693206787,1
2.9347991943359375,1
3.029951572418213,1
3.1076955795288086,1
3.3288934230804443,1
3.181431293487549,1
3.070347785949707,1
3.043769598007202,1
3.0522427558898926,1
2.805511951446533,1
2.9641623497009277,1
3.230900764465332,1
3.0343194007873535,1
2.9371819496154785,1
3.4024510383605957,1
3.157223701477051,1
3.437378406524658,1
2.922147750854492,1
3.263880491256714,1
3.3063600063323975,1
3.378706693649292,1
3.25040340423584,1
3.1739611625671387,1
3.4378881454467773,1
3.057643413543701,1
3.2476277351379395,1
3.3776261806488037,1
3.243922710418701,1
2.850302219390869,1
3.3465914726257324,1
3.1604509353637695,1
2.9906625747680664,1
3.314697742462158,1
3.227503776550293,1
3.1852059364318848,1
3.0048904418945313,1
2.8658251762390137,1
3.07315993309021,1
3.1984810829162598,1
3.170842170715332,1
3.35186767578125,1
3.201537609100342,1
3.473660945892334,1
3.1806955337524414,1
3.1697399616241455,1
3.2465784549713135,1
3.0384206771850586,1
2.920677900314331,1
3.3972902297973633,1
3.513231039047241,1
3.096168041229248,1
2.915365695953369,1
2.8716673851013184,1
3.147838592529297,1
3.564850330352783,1
2.782649040222168,1
3.249296188354492,1
3.363976001739502,1
2.7792539596557617,1
3.0505990982055664,1
3.0633769035339355,1
2.6794958114624023,1
2.822066068649292,1
3.4037692546844482,1
2.571216344833374,1
2.8688549995422363,1
2.8494298458099365,1
3.233633518218994,1
3.390803813934326,1
3.2787270545959473,1
3.0871191024780273,1
2.931952953338623,1
2.967094898223877,1
3.1086723804473877,1
3.2154581546783447,1
2.9157936573028564,1
2.6402955055236816,1
3.2603163719177246,1
3.1741607189178467,1
3.099581241607666,1
3.3800790309906006,1
3.5066068172454834,1
3.045407295227051,1
3.153970956802368,1
3.220489025115967,1
3.145327091217041,1
3.0772814750671387,1
3.736229419708252,1
3.16884708404541,1
3.260533332824707,1
3.1816415786743164,1
3.043358325958252,1
3.263056755065918,1
3.549978733062744,1
3.3478407859802246,1
3.4337515830993652,1
3.303361177444458,1
3.6182894706726074,1
3.733649253845215,1
3.2679405212402344,1
2.9623966217041016,1
3.1981163024902344,1
3.2796106338500977,1
3.2825138568878174,1
3.030339002609253,1
3.108095645904541,1
3.0150604248046875,1
2.834573268890381,1
3.353269100189209,1
3.1552021503448486,1
3.264448404312134,1
3.252190113067627,1
3.104388952255249,1
3.171969413757324,1
3.0994458198547363,1
3.1341447830200195,1
2.623004674911499,1
3.27311635017395,1
3.7129321098327637,1
3.46224308013916,1
3.0428361892700195,1
2.8696045875549316,1
3.3719072341918945,1
2.874885320663452,1
3.1609179973602295,1
3.1712241172790527,1
3.3733270168304443,1
2.866309642791748,1
3.164780855178833,1
3.193610668182373,1
2.985065460205078,1
2.928366184234619,1
3.664581298828125,1
3.0039286613464355,1
3.267219066619873,1
3.5949604511260986,1
3.714287757873535,1
2.9926443099975586,1
3.0556247234344482,1
3.0071864128112793,1
3.4271347522735596,1
3.670985698699951,1
3.12744140625,1
2.990673780441284,1
3.020709991455078,1
3.127908229827881,1
3.2730226516723633,1
3.0980162620544434,1
3.3540689945220947,1
3.619910478591919,1
3.28206729888916,1
3.254836320877075,1
3.32913875579834,1
3.128814458847046,1
3.5136704444885254,1
3.39501690864563,1
2.879504680633545,1
3.041050434112549,1
2.815310478210449,1
2.593952178955078,1
3.0389583110809326,1
3.278815269470215,1
2.907320499420166,1
3.047764778137207,1
3.142746925354004,1
3.426978349685669,1
3.308415412902832,1
3.3811943531036377,1
2.885284423828125,1
3.157134532928467,1
3.0371973514556885,1
