5.205840110778809,1
5.152522563934326,1
5.32716178894043,1
5.199443817138672,1
5.138550758361816,1
5.1704888343811035,1
5.345890998840332,1
5.243251800537109,1
5.284445762634277,1
5.196664810180664,1
5.206719398498535,1
5.21743106842041,1
5.295493125915527,1
5.206465721130371,1
5.367096900939941,1
5.170676231384277,1
5.305132865905762,1
5.15757942199707,1
5.225049018859863,1
5.252972602844238,1
5.290984153747559,1
5.178248882293701,1
5.237486362457275,1
5.265237808227539,1
5.282754898071289,1
5.246510982513428,1
5.201025009155273,1
5.321465492248535,1
5.1996612548828125,1
5.190638542175293,1
5.190180778503418,1
5.195318222045898,1
5.212226867675781,1
5.320727825164795,1
5.2830657958984375,1
5.232593536376953,1
5.176617622375488,1
5.255376815795898,1
5.388362407684326,1
5.216747283935547,1
5.1670708656311035,1
5.257166862487793,1
5.294847011566162,1
5.20668888092041,1
5.271516799926758,1
5.168282985687256,1
5.277667999267578,1
5.204047679901123,1
5.243606090545654,1
5.27482795715332,1
5.242069244384766,1
5.212340354919434,1
5.210474014282227,1
5.235980033874512,1
5.172079086303711,1
5.313231468200684,1
5.257601737976074,1
5.331806182861328,1
5.196315765380859,1
5.128615379333496,1
5.1908769607543945,1
5.191423416137695,1
5.180905342102051,1
5.234278202056885,1
5.187936782836914,1
5.196160793304443,1
5.2716827392578125,1
5.241082191467285,1
5.343400955200195,1
5.251748085021973,1
5.242147445678711,1
5.233175277709961,1
5.238735675811768,1
5.2949604988098145,1
5.28753137588501,1
5.236256122589111,1
5.248389720916748,1
5.186439514160156,1
5.280390739440918,1
5.2784881591796875,1
5.273470878601074,1
5.280198574066162,1
5.279146194458008,1
5.249837875366211,1
5.222060680389404,1
5.233856201171875,1
5.263921737670898,1
5.2796854972839355,1
5.2512993812561035,1
5.2001519203186035,1
5.199768543243408,1
5.237973690032959,1
5.265697956085205,1
5.23853874206543,1
5.174263954162598,1
5.163705348968506,1
5.244362831115723,1
5.314512252807617,1
5.2794084548950195,1
5.174652099609375,1
5.281979084014893,1
5.182676792144775,1
5.208386421203613,1
5.265571594238281,1
5.266687870025635,1
5.295210361480713,1
5.303743362426758,1
5.189229965209961,1
5.224465370178223,1
5.193918228149414,1
5.273841381072998,1
5.3012495040893555,1
5.308407783508301,1
5.220663070678711,1
5.144726753234863,1
5.248520374298096,1
5.272608757019043,1
5.204888343811035,1
5.2431721687316895,1
5.123989105224609,1
5.118438243865967,1
5.1885223388671875,1
5.283785820007324,1
5.309027671813965,1
5.268205642700195,1
5.236496925354004,1
5.259609222412109,1
5.317079544067383,1
5.153487205505371,1
5.273883819580078,1
5.280220031738281,1
5.161298751831055,1
5.351383686065674,1
5.244767189025879,1
5.177778720855713,1
5.19297456741333,1
5.219137191772461,1
5.2402520179748535,1
5.185049057006836,1
5.280198574066162,1
5.260732650756836,1
5.235856533050537,1
5.311042308807373,1
5.328958988189697,1
5.240693092346191,1
5.266252517700195,1
5.234007358551025,1
5.244438171386719,1
5.275083065032959,1
5.183389663696289,1
5.230069160461426,1
5.308682441711426,1
5.2258405685424805,1
5.208364009857178,1
5.273268222808838,1
5.354672908782959,1
5.167180061340332,1
5.094799041748047,1
5.2364349365234375,1
5.298792839050293,1
5.264704704284668,1
5.22286319732666,1
5.194338798522949,1
5.237307548522949,1
5.332695960998535,1
5.275275230407715,1
5.238356590270996,1
5.289668560028076,1
5.200270652770996,1
5.254820346832275,1
5.249733924865723,1
5.223134994506836,1
5.238452434539795,1
5.254365921020508,1
5.201642990112305,1
5.208261966705322,1
5.208370685577393,1
5.271591663360596,1
5.285560607910156,1
5.197003364562988,1
5.1928510665893555,1
5.244363784790039,1
5.259921073913574,1
5.190768241882324,1
5.236231803894043,1
5.209384918212891,1
5.400415420532227,1
5.266328811645508,1
5.248344421386719,1
5.255064964294434,1
5.255331516265869,1
5.232661247253418,1
5.216464996337891,1
5.238341331481934,1
5.215169906616211,1
5.248361110687256,1
5.168522834777832,1
5.245109558105469,1
5.244251728057861,1
5.2639479637146,1
5.215102672576904,1
5.235299110412598,1
5.140171051025391,1
5.215733528137207,1
5.285447120666504,1
5.274989128112793,1
5.153237342834473,1
5.277518272399902,1
5.2150726318359375,1
5.15020227432251,1
5.24312686920166,1
5.213644027709961,1
5.299169063568115,1
5.3083696365356445,1
5.252145290374756,1
5.242420196533203,1
5.198513984680176,1
5.264962196350098,1
5.239006042480469,1
5.315278053283691,1
5.229846000671387,1
5.192624092102051,1
5.308035850524902,1
5.3789591789245605,1
5.29641056060791,1
5.250842571258545,1
5.216304779052734,1
5.348063945770264,1
5.231570720672607,1
5.259830474853516,1
5.272052764892578,1
5.193149566650391,1
5.172348499298096,1
5.237340927124023,1
5.30720853805542,1
5.271500110626221,1
5.249790191650391,1
5.243088722229004,1
5.225410461425781,1
5.318222999572754,1
5.187251567840576,1
5.295417785644531,1
5.213069915771484,1
5.193960666656494,1
5.186548233032227,1
5.241706848144531,1
5.266294002532959,1
5.2555084228515625,1
5.253569602966309,1
5.257030487060547,1
5.193997383117676,1
5.168089866638184,1
5.240417957305908,1
5.339416980743408,1
5.250570774078369,1
5.157986164093018,1
5.230642318725586,1
5.317905426025391,1
5.143241882324219,1
5.331477165222168,1
5.200976371765137,1
5.190433502197266,1
5.238656520843506,1
5.375175476074219,1
5.217272758483887,1
5.179221153259277,1
5.337090492248535,1
5.204786777496338,1
5.229644775390625,1
5.327543258666992,1
5.2741007804870605,1
5.216094493865967,1
5.220094680786133,1
5.202739715576172,1
5.211791038513184,1
5.26682186126709,1
5.243443012237549,1
5.20775032043457,1
5.2355194091796875,1
5.24275016784668,1
5.214746952056885,1
5.195522785186768,1
5.3271403312683105,1
5.270538330078125,1
5.237326145172119,1
5.207042694091797,1
5.145535469055176,1
5.18598747253418,1
5.269084930419922,1
5.366786003112793,1
5.26319694519043,1
5.298663139343262,1
5.1511054039001465,1
5.370267868041992,1
5.30697774887085,1
5.249092102050781,1
5.263760566711426,1
5.244335174560547,1
5.27912712097168,1
5.283044815063477,1
5.334083080291748,1
5.228560447692871,1
5.288173675537109,1
5.173505783081055,1
5.257373809814453,1
5.3243231773376465,1
5.241291522979736,1
5.2964582443237305,1
5.227549076080322,1
5.351813793182373,1
5.185760498046875,1
5.189679145812988,1
5.253908157348633,1
5.162890434265137,1
5.1594953536987305,1
5.175867557525635,1
5.304120063781738,1
5.303174018859863,1
5.3642377853393555,1
5.185239791870117,1
5.2092180252075195,1
5.244582653045654,1
5.167975425720215,1
5.290836334228516,1
5.263766288757324,1
5.2370524406433105,1
5.187276363372803,1
5.331556797027588,1
5.348330497741699,1
5.220221519470215,1
5.232344627380371,1
5.1440019607543945,1
5.172439098358154,1
5.229089736938477,1
5.264346122741699,1
5.254648208618164,1
5.2320756912231445,1
5.276357650756836,1
5.185039520263672,1
5.336712837219238,1
5.250253677368164,1
5.274323463439941,1
5.192385673522949,1
5.173094272613525,1
5.303744316101074,1
5.161487579345703,1
5.175541877746582,1
5.256859302520752,1
5.242011070251465,1
5.249266624450684,1
5.208125114440918,1
5.2281646728515625,1
5.187178611755371,1
5.2247514724731445,1
5.231509208679199,1
5.206274509429932,1
5.160130500793457,1
5.191097259521484,1
5.319735527038574,1
5.234869003295898,1
5.2644758224487305,1
5.221108913421631,1
5.251852989196777,1
5.2695393562316895,1
5.27219295501709,1
5.250725746154785,1
5.217796325683594,1
5.3360185623168945,1
5.153212547302246,1
5.246356010437012,1
5.194645881652832,1
5.21359395980835,1
5.289026737213135,1
5.283999919891357,1
5.185725688934326,1
5.251675605773926,1
5.284569263458252,1
5.20959997177124,1
5.214700698852539,1
5.270954132080078,1
5.281631946563721,1
5.173466205596924,1
5.227140426635742,1
5.278324127197266,1
5.2475080490112305,1
5.315246105194092,1
5.191644668579102,1
5.329194068908691,1
5.311356067657471,1
5.211921691894531,1
5.229729652404785,1
5.154476165771484,1
5.120136260986328,1
5.206640243530273,1
5.316030979156494,1
5.206645965576172,1
5.248396873474121,1
5.1361236572265625,1
5.186261177062988,1
5.173379898071289,1
5.140986442565918,1
5.2652506828308105,1
5.219711780548096,1
5.304677963256836,1
5.257194995880127,1
5.217044353485107,1
5.252292633056641,1
5.233490467071533,1
5.247097015380859,1
5.171626567840576,1
5.281564712524414,1
5.300861835479736,1
5.324306011199951,1
5.261674880981445,1
5.36467981338501,1
5.329041481018066,1
5.173610687255859,1
5.261605739593506,1
5.1918439865112305,1
5.194830894470215,1
5.190230369567871,1
5.370738983154297,1
5.236456871032715,1
5.304104804992676,1
5.315269470214844,1
5.198149681091309,1
5.240198135375977,1
5.236733436584473,1
5.3229522705078125,1
5.249783039093018,1
5.230040550231934,1
5.297161102294922,1
5.200506210327148,1
5.309276580810547,1
5.210630416870117,1
5.216238975524902,1
5.288748741149902,1
5.269330024719238,1
5.234677791595459,1
5.389206886291504,1
5.223133087158203,1
5.145936012268066,1
5.2209882736206055,1
5.277230262756348,1
5.219783306121826,1
5.294853210449219,1
5.200601100921631,1
5.218618392944336,1
5.242229461669922,1
5.234406471252441,1
5.200637340545654,1
5.192433834075928,1
5.310873985290527,1
5.26132869720459,1
5.147426605224609,1
5.219594955444336,1
5.145663738250732,1
5.206457138061523,1
5.274079322814941,1
5.318854808807373,1
5.249514579772949,1
5.231454849243164,1
5.308668613433838,1
5.19694709777832,1
5.237715244293213,1
5.303754806518555,1
5.190469741821289,1
5.319937229156494,1
5.282286167144775,1
5.327640056610107,1
5.1222734451293945,1
5.265430927276611,1
5.232494354248047,1
5.351059913635254,1
5.286168575286865,1
5.25905704498291,1
5.256948471069336,1
5.299777984619141,1
5.2547688484191895,1
5.205217361450195,1
5.3275275230407715,1
5.158475875854492,1
5.201292514801025,1
5.235459327697754,1
5.324987411499023,1
5.307206153869629,1
5.267978668212891,1
5.2423930168151855,1
5.291568279266357,1
5.191366672515869,1
5.269741535186768,1
5.220121383666992,1
5.288565635681152,1
5.220486640930176,1
5.220129489898682,1
5.236236572265625,1
5.336692810058594,1
5.243878364562988,1
5.174407482147217,1
5.210097789764404,1
5.210885047912598,1
5.2917022705078125,1
5.209802150726318,1
5.193140506744385,1
5.243907928466797,1
5.339690208435059,1
5.2279253005981445,1
5.213051795959473,1
5.267336368560791,1
5.279216289520264,1
5.225184440612793,1
5.201150894165039,1
5.240660667419434,1
5.221964359283447,1
5.211155891418457,1
5.305194854736328,1
5.225870132446289,1
5.226268768310547,1
5.171131134033203,1
5.1336565017700195,1
5.316404342651367,1
5.173642635345459,1
5.172015190124512,1
5.20864200592041,1
5.255002498626709,1
5.249065399169922,1
5.235657691955566,1
5.1887102127075195,1
5.207614898681641,1
5.232874393463135,1
5.259467124938965,1
5.246304035186768,1
5.155413627624512,1
5.354887008666992,1
5.274321556091309,1
5.285620212554932,1
5.280179023742676,1
5.273259162902832,1
5.171816825866699,1
5.117733478546143,1
5.3154072761535645,1
5.302735805511475,1
5.2181501388549805,1
5.250515937805176,1
5.287324905395508,1
5.18275260925293,1
5.293291091918945,1
5.281909465789795,1
5.24654483795166,1
5.1848297119140625,1
5.253529071807861,1
5.282184600830078,1
5.27431058883667,1
5.309749603271484,1
5.23613977432251,1
5.269515037536621,1
5.302670955657959,1
5.149877548217773,1
5.230916976928711,1
5.194262981414795,1
5.205988883972168,1
5.1896209716796875,1
5.214772701263428,1
5.246143341064453,1
5.229028224945068,1
5.305726051330566,1
5.216290473937988,1
5.185136795043945,1
5.278685092926025,1
5.250204563140869,1
5.264294624328613,1
5.240359306335449,1
5.2448272705078125,1
5.207086086273193,1
5.224897384643555,1
5.329636573791504,1
5.24252986907959,1
5.227175235748291,1
5.235135078430176,1
5.315888404846191,1
5.157378196716309,1
5.197397232055664,1
5.214033126831055,1
5.323581218719482,1
5.2981719970703125,1
5.22184944152832,1
5.282767295837402,1
5.286854267120361,1
5.187300682067871,1
5.311500072479248,1
5.339040756225586,1
5.375020503997803,1
5.281911373138428,1
5.17317533493042,1
5.152647972106934,1
5.228631019592285,1
5.266894340515137,1
5.309692859649658,1
5.324297904968262,1
5.277194023132324,1
5.264376640319824,1
5.170853614807129,1
5.20550537109375,1
5.343968391418457,1
5.168004035949707,1
5.186809539794922,1
5.212865829467773,1
5.175428867340088,1
5.103144645690918,1
5.256618499755859,1
5.264481067657471,1
5.185507774353027,1
5.203559875488281,1
5.104680061340332,1
5.269288063049316,1
5.306418418884277,1
5.266307353973389,1
5.153603553771973,1
5.272700309753418,1
5.326082229614258,1
5.309710502624512,1
5.228748321533203,1
5.173413276672363,1
5.288557052612305,1
5.311217308044434,1
5.353896141052246,1
5.18052339553833,1
5.266998291015625,1
5.174588203430176,1
5.338015079498291,1
5.232394218444824,1
5.265777587890625,1
5.2339630126953125,1
5.201515197753906,1
5.210690021514893,1
5.291029930114746,1
5.173255920410156,1
5.256561279296875,1
5.212542533874512,1
5.171876430511475,1
5.254149913787842,1
5.248343467712402,1
5.322309494018555,1
5.205248832702637,1
5.230216979980469,1
5.277296543121338,1
5.316044807434082,1
5.281089782714844,1
5.191387176513672,1
5.164095878601074,1
5.186089038848877,1
5.213304042816162,1
5.2763776779174805,1
5.156255722045898,1
5.2575178146362305,1
5.209059238433838,1
5.1939005851745605,1
5.325207233428955,1
5.337380409240723,1
5.17916202545166,1
5.272393226623535,1
5.29105281829834,1
5.205350875854492,1
5.260073661804199,1
5.257843017578125,1
5.245611190795898,1
5.313395023345947,1
5.196073532104492,1
5.203087329864502,1
5.209944725036621,1
5.20576286315918,1
5.228228569030762,1
5.298078536987305,1
5.233015060424805,1
5.278322696685791,1
5.2698516845703125,1
5.194611549377441,1
5.271955490112305,1
5.18037223815918,1
5.1284499168396,1
5.275771141052246,1
5.211866855621338,1
5.2672576904296875,1
5.224328517913818,1
5.2474260330200195,1
5.228893280029297,1
5.208199501037598,1
5.285120487213135,1
5.3209710121154785,1
5.263304710388184,1
5.153120994567871,1
5.197196006774902,1
5.205964088439941,1
5.34564208984375,1
5.249591827392578,1
5.27672815322876,1
5.304300308227539,1
5.196482181549072,1
5.2994160652160645,1
5.299971580505371,1
5.232187747955322,1
5.187649726867676,1
5.268248558044434,1
5.248066425323486,1
5.258109092712402,1
5.160594463348389,1
5.235663890838623,1
5.165590286254883,1
5.152181625366211,1
5.207700729370117,1
5.205872535705566,1
5.302607536315918,1
5.246614933013916,1
5.2774834632873535,1
5.261202812194824,1
5.255275249481201,1
5.169805526733398,1
5.299381256103516,1
5.174057483673096,1
5.24866247177124,1
5.245994567871094,1
5.213953018188477,1
5.201322555541992,1
5.266350746154785,1
5.229690074920654,1
5.235751152038574,1
5.214615821838379,1
5.209877967834473,1
5.2313456535339355,1
5.132667541503906,1
5.230960845947266,1
5.200417995452881,1
5.174562454223633,1
5.237635135650635,1
5.3604230880737305,1
5.215400695800781,1
5.192269325256348,1
5.283796310424805,1
5.186712265014648,1
5.22977876663208,1
5.245753288269043,1
5.188351631164551,1
5.258467674255371,1
5.268755912780762,1
5.221332550048828,1
5.297863960266113,1
5.234307765960693,1
5.268089294433594,1
5.225709915161133,1
5.127013206481934,1
5.256909370422363,1
5.183195114135742,1
5.2961039543151855,1
5.227750301361084,1
5.179257392883301,1
5.203009605407715,1
5.227261066436768,1
5.317124366760254,1
5.2769317626953125,1
5.237488269805908,1
5.279558181762695,1
5.212467193603516,1
5.175982475280762,1
5.333164215087891,1
5.248330116271973,1
5.159933090209961,1
5.296067237854004,1
5.236158847808838,1
5.179052352905273,1
5.252621650695801,1
5.306933403015137,1
5.450717449188232,1
5.206485271453857,1
5.201817512512207,1
5.268264293670654,1
5.369548320770264,1
5.25135612487793,1
5.282658576965332,1
5.242722511291504,1
5.264651775360107,1
5.352288246154785,1
5.298736572265625,1
5.273038387298584,1
5.257586479187012,1
5.233872413635254,1
5.2939653396606445,1
5.296333312988281,1
5.219661712646484,1
5.219311714172363,1
5.206647872924805,1
5.290423393249512,1
5.242196083068848,1
5.231672286987305,1
5.157708168029785,1
5.255929470062256,1
5.215251922607422,1
5.1981306076049805,1
5.2514166831970215,1
5.146237373352051,1
5.20988655090332,1
5.172741889953613,1
5.306746482849121,1
5.313938140869141,1
5.217190742492676,1
5.2191548347473145,1
5.226675987243652,1
5.32457160949707,1
5.2807111740112305,1
5.187184810638428,1
5.263468265533447,1
5.260575294494629,1
5.36245059967041,1
5.217436790466309,1
5.265552520751953,1
5.203073501586914,1
5.246257781982422,1
5.265902996063232,1
5.232840538024902,1
5.17844295501709,1
5.167040824890137,1
5.218918323516846,1
5.272950649261475,1
5.197727203369141,1
5.290799617767334,1
5.22877311706543,1
5.226436614990234,1
5.243494987487793,1
5.239010810852051,1
5.257692337036133,1
5.318943977355957,1
5.2895073890686035,1
5.163812637329102,1
5.2692365646362305,1
5.312063694000244,1
5.190892219543457,1
5.29383659362793,1
5.28784704208374,1
5.225419521331787,1
5.24485445022583,1
5.276753902435303,1
5.287571907043457,1
5.2369842529296875,1
5.2691168785095215,1
5.202927589416504,1
5.217963218688965,1
5.299649238586426,1
5.268887042999268,1
5.2694807052612305,1
5.327286720275879,1
5.206892967224121,1
5.217409133911133,1
5.222057342529297,1
5.233409881591797,1
5.205144882202148,1
5.280732154846191,1
5.246000289916992,1
5.274923324584961,1
5.265726566314697,1
5.197275161743164,1
5.347832679748535,1
5.239548683166504,1
5.422353744506836,1
5.2193284034729,1
5.255949974060059,1
5.146974086761475,1
5.31636905670166,1
5.222535133361816,1
5.290825843811035,1
5.1699042320251465,1
5.1631669998168945,1
5.281894207000732,1
5.204769611358643,1
5.2132391929626465,1
5.224000453948975,1
5.232600212097168,1
5.233951568603516,1
5.265090465545654,1
5.257530212402344,1
5.208736896514893,1
5.221397399902344,1
5.152698516845703,1
5.19004487991333,1
5.230191230773926,1
5.22444486618042,1
5.290010452270508,1
5.278962135314941,1
5.261923789978027,1
5.303982734680176,1
5.165127754211426,1
5.203770637512207,1
5.319031715393066,1
5.233018398284912,1
5.18709659576416,1
5.213919639587402,1
5.310754776000977,1
5.113280296325684,1
5.318826675415039,1
5.177289962768555,1
5.150587558746338,1
5.233021259307861,1
5.243258476257324,1
5.239266872406006,1
5.211960315704346,1
5.29884672164917,1
5.227719306945801,1
5.32185173034668,1
5.211611747741699,1
5.201295852661133,1
5.299077987670898,1
5.256988525390625,1
5.194972991943359,1
5.2671427726745605,1
5.349839687347412,1
5.262828350067139,1
5.223504066467285,1
5.230710029602051,1
5.28971004486084,1
5.2616472244262695,1
5.292102813720703,1
5.119658470153809,1
5.32419490814209,1
5.216882705688477,1
5.232439041137695,1
5.308021068572998,1
5.29381799697876,1
5.229387283325195,1
5.261408805847168,1
5.21030330657959,1
5.165830612182617,1
5.193455696105957,1
5.163166522979736,1
5.214393615722656,1
5.207335472106934,1
5.267622470855713,1
5.317484378814697,1
5.151731491088867,1
5.298137664794922,1
5.252249240875244,1
5.2627854347229,1
5.334278583526611,1
5.312056541442871,1
5.244692802429199,1
5.245162487030029,1
5.203537940979004,1
5.258630275726318,1
5.260849952697754,1
5.187447547912598,1
5.275286674499512,1
5.207555770874023,1
5.223033905029297,1
5.292917251586914,1
5.220678806304932,1
5.224607467651367,1
5.237564563751221,1
5.2002668380737305,1
5.282448768615723,1
5.2114410400390625,1
5.316239833831787,1
5.248598098754883,1
5.285480499267578,1
5.215950965881348,1
5.2661237716674805,1
5.137323379516602,1
5.273058891296387,1
5.217368125915527,1
5.302035331726074,1
5.191845417022705,1
5.301647663116455,1
5.278348922729492,1
5.284207344055176,1
5.2262091636657715,1
5.267819404602051,1
5.295042514801025,1
5.262655735015869,1
5.270133018493652,1
5.343863010406494,1
5.251598358154297,1
5.278303146362305,1
5.229784965515137,1
5.2912211418151855,1
5.268614768981934,1
5.294224739074707,1
5.158230304718018,1
5.284523963928223,1
5.264726638793945,1
5.334685802459717,1
5.280696868896484,1
5.253798484802246,1
5.180063247680664,1
5.23477029800415,1
5.2248687744140625,1
5.261075019836426,1
5.236691474914551,1
5.2104573249816895,1
5.213747978210449,1
5.256735801696777,1
5.166485786437988,1
5.21119499206543,1
5.196887969970703,1
5.208837032318115,1
5.243895530700684,1
5.2835612297058105,1
5.271291732788086,1
5.252712726593018,1
5.187971115112305,1
5.2229905128479,1
5.220403671264648,1
5.205602169036865,1
5.251431465148926,1
5.188832759857178,1
5.212226867675781,1
5.311428070068359,1
5.258025169372559,1
5.18322229385376,1
5.202181339263916,1
5.3370466232299805,1
5.258375644683838,1
5.297605991363525,1
5.207777500152588,1
5.1904096603393555,1
5.125478267669678,1
5.224728107452393,1
5.234057903289795,1
5.240095138549805,1
5.1862077713012695,1
5.2841596603393555,1
5.37696647644043,1
5.2222394943237305,1
5.142580032348633,1
5.226183891296387,1
5.258862495422363,1
5.180300712585449,1
5.236647605895996,1
5.306168556213379,1
5.217801570892334,1
5.226132392883301,1
5.205361366271973,1
5.1673784255981445,1
5.185007572174072,1
5.230837821960449,1
5.260658264160156,1
5.192191123962402,1
5.202263832092285,1
5.174019813537598,1
5.189739227294922,1
5.356452465057373,1
5.293676376342773,1
5.183989524841309,1
5.214567184448242,1
5.249242782592773,1
5.2296295166015625,1
5.179622173309326,1
5.276799201965332,1
5.2636399269104,1
5.303652286529541,1
5.2216925621032715,1
5.306946754455566,1
5.317996025085449,1
5.253026485443115,1
5.336167335510254,1
5.319863319396973,1
5.3154730796813965,1
5.228235244750977,1
5.371026039123535,1
5.239567756652832,1
5.2266130447387695,1
5.225317001342773,1
5.312455177307129,1
5.315743923187256,1
5.335176467895508,1
5.246933937072754,1
5.2652997970581055,1
5.292734622955322,1
5.314089298248291,1
5.291008949279785,1
5.27488374710083,1
5.309141159057617,1
5.194490432739258,1
5.249361991882324,1
5.267219066619873,1
5.273111343383789,1
5.223588466644287,1
5.234629154205322,1
5.230325222015381,1
5.251432418823242,1
5.306414604187012,1
5.2386603355407715,1
5.230503559112549,1
5.304985523223877,1
5.238811492919922,1
5.211200714111328,1
5.219006538391113,1
5.249814033508301,1
5.234560012817383,1
5.365230560302734,1
5.201472282409668,1
5.29014253616333,1
5.199655532836914,1
5.186191082000732,1
5.222570896148682,1
5.274675369262695,1
5.222031593322754,1
5.287633895874023,1
5.216143608093262,1
5.2531208992004395,1
5.226552486419678,1
5.250141143798828,1
5.2435688972473145,1
5.222497940063477,1
5.238884925842285,1
5.288210868835449,1
5.170710563659668,1
5.166666030883789,1
5.301150798797607,1
5.305066108703613,1
5.188866138458252,1
5.223905563354492,1
5.204306602478027,1
5.255533218383789,1
5.22421932220459,1
5.236079216003418,1
5.2744903564453125,1
5.250833511352539,1
5.190309524536133,1
5.270933151245117,1
5.239764213562012,1
5.255346298217773,1
5.096646785736084,1
5.231353759765625,1
5.292815208435059,1
5.188584327697754,1
5.224133491516113,1
5.285109043121338,1
5.2148284912109375,1
5.184656143188477,1
5.235033988952637,1
5.191390514373779,1
5.208600997924805,1
5.190566062927246,1
5.153099060058594,1
5.280080795288086,1
5.256938934326172,1
5.243002891540527,1
5.233290195465088,1
5.295289039611816,1
5.205615520477295,1
5.202836990356445,1
5.194498062133789,1
5.201237678527832,1
5.262626647949219,1
5.268767833709717,1
5.280857086181641,1
5.229962348937988,1
5.273710250854492,1
5.24369478225708,1
5.2135820388793945,1
5.206921577453613,1
5.238633155822754,1
5.244997501373291,1
5.246922969818115,1
5.29210901260376,1
5.255969047546387,1
5.263707160949707,1
5.237020492553711,1
5.209327697753906,1
5.197456359863281,1
5.273179531097412,1
5.271279811859131,1
5.138071060180664,1
5.265617370605469,1
5.330811977386475,1
5.264148712158203,1
5.234529495239258,1
5.195700168609619,1
5.264984607696533,1
5.241062164306641,1
5.317803382873535,1
5.235054969787598,1
5.244212627410889,1
5.18454647064209,1
5.203240394592285,1
5.175451755523682,1
5.266115665435791,1
5.272755146026611,1
5.213220596313477,1
5.211843013763428,1
5.279434680938721,1
5.234415054321289,1
5.220409870147705,1
5.320093154907227,1
5.2529096603393555,1
5.229978084564209,1
5.1879801750183105,1
5.3245038986206055,1
5.289742469787598,1
5.21803617477417,1
5.283590316772461,1
5.245791435241699,1
5.209677219390869,1
5.2109880447387695,1
5.2516093254089355,1
5.220448970794678,1
5.265621185302734,1
5.395659923553467,1
5.145936012268066,1
5.228555679321289,1
5.245911121368408,1
5.213425636291504,1
5.245058059692383,1
5.183838367462158,1
5.153478145599365,1
5.257972240447998,1
5.260009765625,1
5.229861736297607,1
5.1265549659729,1
5.239046096801758,1
5.2486138343811035,1
5.290807723999023,1
5.316807746887207,1
5.312581539154053,1
5.240732192993164,1
5.2340216636657715,1
5.142305374145508,1
5.1820068359375,1
5.291857719421387,1
5.285063743591309,1
5.305980682373047,1
5.301615238189697,1
5.272911071777344,1
5.275008201599121,1
5.215144157409668,1
5.299654483795166,1
5.265919208526611,1
5.191596031188965,1
5.311728477478027,1
5.261807441711426,1
5.159674167633057,1
5.202769756317139,1
5.347816467285156,1
5.205741882324219,1
5.216800212860107,1
5.2421674728393555,1
5.21939754486084,1
5.217347145080566,1
5.208745956420898,1
5.283714294433594,1
5.180678844451904,1
5.1664958000183105,1
5.243096351623535,1
5.358254909515381,1
5.243588447570801,1
5.23058557510376,1
5.260780334472656,1
5.2333526611328125,1
5.193902015686035,1
5.350386619567871,1
5.2519707679748535,1
5.296552658081055,1
5.193652629852295,1
5.26188850402832,1
5.201228141784668,1
5.255443572998047,1
5.234809398651123,1
5.220691680908203,1
5.238031387329102,1
5.215837001800537,1
5.289892196655273,1
5.272894382476807,1
5.304502010345459,1
5.193360328674316,1
5.189680576324463,1
5.18292236328125,1
5.298100471496582,1
5.191388130187988,1
5.254256248474121,1
5.2109904289245605,1
5.2867960929870605,1
5.25780725479126,1
5.293876647949219,1
5.257072448730469,1
5.3481621742248535,1
5.2540483474731445,1
5.198605537414551,1
5.322018623352051,1
5.167895317077637,1
5.154263019561768,1
5.194742202758789,1
5.2533769607543945,1
5.197835445404053,1
5.2770891189575195,1
5.304847240447998,1
5.257762908935547,1
5.282639980316162,1
5.324524879455566,1
5.209278106689453,1
5.298543930053711,1
5.175384521484375,1
5.236964702606201,1
5.271100997924805,1
5.273861885070801,1
5.166274070739746,1
5.115512847900391,1
5.273761749267578,1
5.253204345703125,1
5.292482376098633,1
5.384762763977051,1
5.275226593017578,1
5.324574947357178,1
5.197445869445801,1
5.241194248199463,1
5.243234634399414,1
5.289626121520996,1
5.256033897399902,1
5.230905532836914,1
5.293250560760498,1
5.347995758056641,1
5.273168563842773,1
5.194465637207031,1
5.285040855407715,1
5.240962982177734,1
5.154537200927734,1
5.251554012298584,1
5.276265621185303,1
5.205193519592285,1
5.146790981292725,1
5.193753242492676,1
5.214607238769531,1
5.224592208862305,1
5.256370544433594,1
5.230112075805664,1
5.2127685546875,1
5.268026828765869,1
5.214409351348877,1
5.272911548614502,1
5.152273654937744,1
5.2185163497924805,1
5.165561676025391,1
5.300233840942383,1
5.2349138259887695,1
5.261877059936523,1
5.259744644165039,1
5.260456085205078,1
5.23626708984375,1
5.222200393676758,1
5.2472944259643555,1
5.27277946472168,1
5.325168132781982,1
5.1663923263549805,1
5.195549964904785,1
5.180776119232178,1
5.233287334442139,1
5.230085372924805,1
5.289466857910156,1
5.179623126983643,1
5.285210609436035,1
5.209600925445557,1
5.36351203918457,1
5.23101806640625,1
5.2479047775268555,1
5.255220413208008,1
5.244696140289307,1
5.234034538269043,1
5.265032768249512,1
5.161465644836426,1
5.2101006507873535,1
5.229856014251709,1
5.258976459503174,1
5.204974174499512,1
5.214261054992676,1
5.250051498413086,1
5.262661933898926,1
5.258020401000977,1
5.231321334838867,1
5.217059135437012,1
5.352112770080566,1
5.2183685302734375,1
5.248208045959473,1
5.202949047088623,1
5.217111587524414,1
5.179200172424316,1
5.221259117126465,1
5.19449520111084,1
5.213930130004883,1
5.219576835632324,1
5.189820289611816,1
5.215195178985596,1
5.237712860107422,1
5.200318813323975,1
5.188993453979492,1
5.236033916473389,1
5.220728397369385,1
5.2887983322143555,1
5.219466209411621,1
5.163362979888916,1
5.226223945617676,1
5.303526878356934,1
5.313607692718506,1
5.172338485717773,1
5.212996959686279,1
5.278078079223633,1
5.223066806793213,1
5.155665874481201,1
5.294522285461426,1
5.239294528961182,1
5.253580093383789,1
5.265408039093018,1
5.2390828132629395,1
5.286365032196045,1
5.247894287109375,1
5.203549861907959,1
5.209598541259766,1
5.194736480712891,1
5.24818229675293,1
5.249320030212402,1
5.166162490844727,1
5.109688758850098,1
5.1487016677856445,1
5.187224864959717,1
5.1601243019104,1
5.267882823944092,1
5.247906684875488,1
5.231585502624512,1
5.202683925628662,1
5.296819686889648,1
5.259231090545654,1
5.196413993835449,1
5.339685440063477,1
5.354146957397461,1
5.216764450073242,1
5.157014846801758,1
5.2585859298706055,1
5.208706378936768,1
5.184478759765625,1
5.33358097076416,1
5.237758636474609,1
5.2593817710876465,1
5.279227256774902,1
5.230369567871094,1
5.340640544891357,1
5.215226173400879,1
5.288628578186035,1
5.270510196685791,1
5.3400068283081055,1
5.248129844665527,1
5.266231536865234,1
5.246609687805176,1
5.260402679443359,1
5.34926176071167,1
5.249839782714844,1
5.252760887145996,1
5.229567527770996,1
5.255732536315918,1
5.202425003051758,1
5.11250114440918,1
5.277134895324707,1
5.154090881347656,1
5.30582332611084,1
5.273888111114502,1
5.2595696449279785,1
5.253462791442871,1
5.28519868850708,1
5.208832740783691,1
5.096403121948242,1
5.274648666381836,1
5.253623962402344,1
5.2745184898376465,1
5.263678550720215,1
5.198898792266846,1
5.269586563110352,1
5.350774765014648,1
5.2984843254089355,1
5.203546524047852,1
5.223837852478027,1
5.278642654418945,1
5.258646011352539,1
5.246043682098389,1
5.277386665344238,1
5.273730754852295,1
5.175330638885498,1
5.319809913635254,1
5.1745405197143555,1
5.2902750968933105,1
5.175716400146484,1
5.223855495452881,1
5.202298164367676,1
5.248662948608398,1
5.3123250007629395,1
5.261654376983643,1
5.251679420471191,1
5.248577117919922,1
5.2364702224731445,1
5.207924842834473,1
5.282028675079346,1
5.1936936378479,1
5.210383892059326,1
5.1764140129089355,1
5.2521772384643555,1
5.247372627258301,1
5.260108947753906,1
5.2749528884887695,1
5.218338966369629,1
5.352056503295898,1
5.207126140594482,1
5.0806732177734375,1
5.125502586364746,1
5.214245796203613,1
5.178611755371094,1
5.168615818023682,1
5.3164753913879395,1
5.218802452087402,1
5.248696327209473,1
5.243536949157715,1
5.296389102935791,1
5.255828857421875,1
5.219611167907715,1
5.1705851554870605,1
5.211146354675293,1
5.179507732391357,1
5.275768280029297,1
5.264190673828125,1
5.314939975738525,1
5.187851428985596,1
5.286920547485352,1
5.212196350097656,1
5.2440690994262695,1
5.2215986251831055,1
5.2571635246276855,1
5.180233955383301,1
5.267398357391357,1
5.174745559692383,1
5.1651716232299805,1
5.190020561218262,1
5.147311210632324,1
5.172082901000977,1
5.311101913452148,1
5.256002426147461,1
5.26961612701416,1
5.2582597732543945,1
5.176211833953857,1
5.193182945251465,1
5.123791694641113,1
5.173412322998047,1
5.312778472900391,1
5.218994140625,1
5.287659168243408,1
5.253416061401367,1
5.282033443450928,1
5.243045806884766,1
5.282218933105469,1
5.2577009201049805,1
5.2192792892456055,1
5.196523666381836,1
5.2892656326293945,1
5.333712577819824,1
5.29860258102417,1
5.207200527191162,1
5.257524490356445,1
5.2913055419921875,1
5.288210868835449,1
5.126284599304199,1
5.235893726348877,1
5.250268936157227,1
5.293363094329834,1
5.3004889488220215,1
5.319606304168701,1
5.19474458694458,1
5.208600997924805,1
5.324316024780273,1
5.1782989501953125,1
5.221893787384033,1
5.223901748657227,1
5.235053062438965,1
5.304583549499512,1
5.235254287719727,1
5.255850315093994,1
5.152777671813965,1
5.226733207702637,1
5.253764629364014,1
5.175567626953125,1
5.222644329071045,1
5.256752014160156,1
5.151740074157715,1
5.298392295837402,1
5.196773529052734,1
5.211235046386719,1
5.174274444580078,1
5.261606216430664,1
5.309269905090332,1
5.238706111907959,1
5.191381931304932,1
5.332143783569336,1
5.103882789611816,1
5.285624980926514,1
5.195578098297119,1
5.239051818847656,1
5.288381099700928,1
5.222044944763184,1
5.233006477355957,1
5.202612400054932,1
5.255610942840576,1
5.307163238525391,1
5.27730655670166,1
5.263669013977051,1
5.214956283569336,1
5.2683634757995605,1
5.225827217102051,1
5.253382682800293,1
5.282605171203613,1
5.350916385650635,1
5.232911109924316,1
5.226309776306152,1
5.327174186706543,1
5.183874130249023,1
5.2771525382995605,1
5.199005126953125,1
5.2474822998046875,1
5.285213470458984,1
5.312044143676758,1
5.252666473388672,1
5.230583190917969,1
5.295630931854248,1
5.207877159118652,1
5.352129936218262,1
5.206550121307373,1
5.28922700881958,1
5.2249755859375,1
5.2413482666015625,1
5.263681411743164,1
5.28183650970459,1
5.3230414390563965,1
5.311343193054199,1
5.3640007972717285,1
5.198603630065918,1
5.247686386108398,1
5.279019355773926,1
5.2972211837768555,1
5.296186447143555,1
5.27216911315918,1
5.226789951324463,1
5.2521772384643555,1
5.258379936218262,1
5.254883289337158,1
5.212716102600098,1
5.204297065734863,1
5.217964172363281,1
5.208636283874512,1
5.189718246459961,1
5.228669166564941,1
5.224570274353027,1
5.157687187194824,1
5.169189929962158,1
5.249920845031738,1
5.212740898132324,1
5.174900531768799,1
5.190845489501953,1
5.228998184204102,1
5.162697792053223,1
5.267973899841309,1
5.308606147766113,1
5.176815032958984,1
5.224660873413086,1
5.279277324676514,1
5.2125444412231445,1
5.196385383605957,1
5.183081150054932,1
5.169836044311523,1
5.263096809387207,1
5.247453212738037,1
5.239742755889893,1
5.1277594566345215,1
5.192974090576172,1
5.227307319641113,1
5.20682430267334,1
5.1916093826293945,1
5.313571453094482,1
5.341148376464844,1
5.1911396980285645,1
5.250598907470703,1
5.219437122344971,1
5.255753517150879,1
5.308610916137695,1
5.273055076599121,1
5.252493858337402,1
5.248233795166016,1
5.213651180267334,1
5.187333106994629,1
5.278628349304199,1
5.303494453430176,1
5.24155855178833,1
5.206532955169678,1
5.195919036865234,1
5.242432594299316,1
5.257439613342285,1
5.26456356048584,1
5.257659435272217,1
5.213726997375488,1
5.247560024261475,1
5.183435916900635,1
5.229485511779785,1
5.256714344024658,1
5.257769584655762,1
5.286646842956543,1
5.212561130523682,1
5.294207572937012,1
5.281648635864258,1
5.207973480224609,1
5.229123115539551,1
5.272655487060547,1
5.234199523925781,1
5.305302619934082,1
5.345177173614502,1
5.286566734313965,1
5.343358993530273,1
5.299391269683838,1
5.179708480834961,1
5.276304244995117,1
5.199469089508057,1
5.2799248695373535,1
5.2451348304748535,1
5.233232021331787,1
5.296807289123535,1
5.181150436401367,1
5.198680877685547,1
5.165868759155273,1
5.208345413208008,1
5.203901290893555,1
5.169867038726807,1
5.23991584777832,1
5.266754150390625,1
5.2271528244018555,1
5.278711795806885,1
5.262902736663818,1
5.240603446960449,1
5.227141380310059,1
5.2324934005737305,1
5.190811634063721,1
5.207316875457764,1
5.314419746398926,1
5.15974235534668,1
5.197084903717041,1
5.2151336669921875,1
5.248418807983398,1
5.247061729431152,1
5.257266998291016,1
5.2476582527160645,1
5.170029640197754,1
5.197488784790039,1
5.160260200500488,1
5.273441791534424,1
5.250723838806152,1
5.277419090270996,1
5.168476581573486,1
5.1856489181518555,1
5.267972469329834,1
5.243927001953125,1
5.233822822570801,1
5.351116180419922,1
5.2426557540893555,1
5.215959072113037,1
5.253259658813477,1
5.209161758422852,1
5.269712448120117,1
5.260479927062988,1
5.220274925231934,1
5.224643230438232,1
5.156614780426025,1
5.261752128601074,1
5.197599411010742,1
5.221675872802734,1
5.275129795074463,1
5.197175979614258,1
5.262317180633545,1
5.322885513305664,1
5.323934555053711,1
5.231733322143555,1
5.244098663330078,1
5.318467140197754,1
5.2401533126831055,1
5.26447868347168,1
5.2563886642456055,1
5.226888656616211,1
5.151156425476074,1
5.2418532371521,1
5.207688331604004,1
5.335275173187256,1
5.221857070922852,1
5.264962196350098,1
5.218242645263672,1
5.221570014953613,1
5.188502311706543,1
5.265491962432861,1
5.229279518127441,1
5.1946702003479,1
5.307548522949219,1
5.319007396697998,1
5.125904083251953,1
5.238895416259766,1
5.263010501861572,1
5.201228141784668,1
5.220113754272461,1
5.2389984130859375,1
5.233002662658691,1
5.203745365142822,1
5.235264301300049,1
5.280918121337891,1
5.252658843994141,1
5.235246658325195,1
5.212760925292969,1
5.214381217956543,1
5.256245136260986,1
5.279417991638184,1
5.228382587432861,1
5.281369209289551,1
5.311483860015869,1
5.302948951721191,1
5.189530372619629,1
5.31745719909668,1
5.145598411560059,1
5.248816013336182,1
5.202678680419922,1
5.269190788269043,1
5.215918064117432,1
5.165754318237305,1
5.24435567855835,1
5.260568618774414,1
5.153035640716553,1
5.230260848999023,1
5.310042381286621,1
5.201534271240234,1
5.276487350463867,1
5.210380554199219,1
5.224384307861328,1
5.302891731262207,1
5.248132228851318,1
5.2688069343566895,1
5.191969871520996,1
5.186684608459473,1
5.2414140701293945,1
5.289941787719727,1
5.183867454528809,1
5.168981552124023,1
5.187356472015381,1
5.270936012268066,1
5.283047676086426,1
5.124863624572754,1
5.290337085723877,1
5.295584678649902,1
5.200053691864014,1
5.292043685913086,1
5.303400993347168,1
5.216617107391357,1
5.19019079208374,1
5.251412391662598,1
5.168390274047852,1
5.199095726013184,1
5.243031978607178,1
5.238956451416016,1
5.193831920623779,1
5.322533130645752,1
5.317057132720947,1
5.137897968292236,1
5.270247936248779,1
5.213068008422852,1
5.230461597442627,1
5.284618854522705,1
5.3331298828125,1
5.285910129547119,1
5.153194904327393,1
5.245748996734619,1
5.286192893981934,1
5.257396697998047,1
5.304132461547852,1
5.226707458496094,1
5.259089946746826,1
5.1324872970581055,1
5.276876449584961,1
5.257877349853516,1
5.222429275512695,1
5.1963653564453125,1
5.276609897613525,1
5.266137599945068,1
5.270515441894531,1
5.193062782287598,1
5.335506916046143,1
5.332035541534424,1
5.197371959686279,1
5.208253860473633,1
5.139048099517822,1
5.219323635101318,1
5.237377166748047,1
5.330920219421387,1
5.289133071899414,1
5.213820457458496,1
5.244879722595215,1
5.30410099029541,1
5.20057487487793,1
5.192669868469238,1
5.279980659484863,1
5.250885963439941,1
5.205412864685059,1
5.250768661499023,1
5.250565052032471,1
5.274064540863037,1
5.270418643951416,1
5.268486022949219,1
5.233757495880127,1
5.274316787719727,1
5.214184761047363,1
5.25565242767334,1
5.234875202178955,1
5.282382965087891,1
5.2396345138549805,1
5.316259384155273,1
5.268645763397217,1
5.140891075134277,1
5.2729058265686035,1
5.267117500305176,1
5.220142364501953,1
5.177799224853516,1
5.210264205932617,1
5.201666831970215,1
5.307157039642334,1
5.272099018096924,1
5.245357513427734,1
5.199152946472168,1
5.260652542114258,1
5.207324028015137,1
5.137515068054199,1
5.210625648498535,1
5.254847526550293,1
5.189694404602051,1
5.258583068847656,1
5.208225250244141,1
5.19581937789917,1
5.331390380859375,1
5.172715187072754,1
5.196109771728516,1
5.25454044342041,1
5.309966087341309,1
5.1565093994140625,1
5.244986534118652,1
5.252544403076172,1
5.242624282836914,1
5.185651779174805,1
5.139383316040039,1
5.252388000488281,1
5.227898120880127,1
5.244473934173584,1
5.384006023406982,1
5.185042381286621,1
5.194245338439941,1
5.229263782501221,1
5.109144687652588,1
5.140932083129883,1
5.211592674255371,1
5.094579219818115,1
5.227945327758789,1
5.312924385070801,1
5.259036540985107,1
5.200199127197266,1
5.19786262512207,1
5.239809989929199,1
5.290661334991455,1
5.303007125854492,1
5.254593849182129,1
5.216787338256836,1
5.259016990661621,1
5.284182548522949,1
5.294364929199219,1
5.2079243659973145,1
5.1842803955078125,1
5.227567672729492,1
5.2795209884643555,1
5.20920991897583,1
5.293267250061035,1
5.226041316986084,1
5.268002510070801,1
5.342253684997559,1
5.257651329040527,1
5.1975626945495605,1
5.23885440826416,1
5.305916786193848,1
5.207902431488037,1
5.236774921417236,1
5.247857093811035,1
5.319021224975586,1
5.214078903198242,1
5.25760555267334,1
5.267519474029541,1
5.299524307250977,1
5.226716041564941,1
5.224966049194336,1
5.277242660522461,1
5.225622653961182,1
5.190725326538086,1
5.234874725341797,1
5.214559555053711,1
5.161420822143555,1
5.285528182983398,1
5.239184379577637,1
5.282888412475586,1
5.237092018127441,1
5.221065998077393,1
5.276882648468018,1
5.225727558135986,1
5.283004283905029,1
5.248363971710205,1
5.230075836181641,1
5.255821228027344,1
5.251577377319336,1
5.3050408363342285,1
5.266406059265137,1
5.326508522033691,1
5.192800521850586,1
5.209800720214844,1
5.226174354553223,1
5.240662574768066,1
5.2353129386901855,1
5.280725955963135,1
5.137085914611816,1
5.228967666625977,1
5.262753486633301,1
5.223798751831055,1
5.255975723266602,1
5.2768049240112305,1
5.209667205810547,1
5.185230255126953,1
5.266949653625488,1
5.288771629333496,1
5.30915641784668,1
5.203708648681641,1
5.1878662109375,1
5.2767252922058105,1
5.294752597808838,1
5.285499572753906,1
5.285590171813965,1
5.299188613891602,1
5.155343055725098,1
5.297002792358398,1
5.267934799194336,1
5.163071155548096,1
5.272485256195068,1
5.248152256011963,1
5.17833948135376,1
5.1907548904418945,1
5.148752689361572,1
5.210848808288574,1
5.252437114715576,1
5.161242485046387,1
5.2085981369018555,1
5.127219200134277,1
5.312594413757324,1
5.21009635925293,1
5.262237071990967,1
5.274470329284668,1
5.184103965759277,1
5.3546223640441895,1
5.325467109680176,1
5.208512783050537,1
5.175897598266602,1
5.2990875244140625,1
5.195420742034912,1
5.285460472106934,1
5.318344593048096,1
5.2069220542907715,1
5.27513313293457,1
5.4353227615356445,1
5.226752758026123,1
5.2609734535217285,1
5.19885778427124,1
5.190128326416016,1
5.2246503829956055,1
5.333802223205566,1
5.155322074890137,1
5.25032901763916,1
5.329442024230957,1
5.167998313903809,1
5.217021942138672,1
5.250825881958008,1
5.133970260620117,1
5.250383377075195,1
5.256214141845703,1
5.3376054763793945,1
5.1384100914001465,1
5.297371864318848,1
5.229656219482422,1
5.284337043762207,1
5.247730255126953,1
5.237863540649414,1
5.252016067504883,1
5.232760906219482,1
5.264924049377441,1
5.247164726257324,1
5.185758590698242,1
5.171965599060059,1
5.347548007965088,1
5.176911354064941,1
5.332986831665039,1
5.242848873138428,1
5.296633720397949,1
5.263047218322754,1
5.251158714294434,1
5.174691677093506,1
5.2545013427734375,1
5.223620891571045,1
5.242155075073242,1
5.364995002746582,1
5.238885879516602,1
5.401266574859619,1
5.238454818725586,1
5.171004295349121,1
5.339735984802246,1
5.185308456420898,1
5.249475479125977,1
5.241913318634033,1
5.156565189361572,1
5.151950359344482,1
5.3525495529174805,1
5.262144088745117,1
5.225883960723877,1
5.293707847595215,1
5.292204856872559,1
5.3193769454956055,1
5.1884989738464355,1
5.213008880615234,1
5.20599889755249,1
5.270634651184082,1
5.276683330535889,1
5.279040336608887,1
5.273270606994629,1
5.220455169677734,1
5.248929023742676,1
5.333756446838379,1
5.198788166046143,1
5.299955368041992,1
5.2862162590026855,1
5.224870681762695,1
5.322055816650391,1
5.331798553466797,1
5.174218654632568,1
5.327930450439453,1
5.287529945373535,1
5.207470893859863,1
5.212710380554199,1
5.442107677459717,1
5.271780967712402,1
5.1504597663879395,1
5.204142093658447,1
5.1989946365356445,1
5.263686180114746,1
5.21369743347168,1
5.234633445739746,1
5.294259071350098,1
5.34829044342041,1
5.3148040771484375,1
5.294731616973877,1
5.260398864746094,1
5.244991779327393,1
5.21599006652832,1
5.204741477966309,1
5.249722003936768,1
5.285713195800781,1
5.349869251251221,1
5.277482986450195,1
5.237652778625488,1
5.226750373840332,1
5.266526222229004,1
5.256658554077148,1
5.290684700012207,1
5.249604225158691,1
5.257457256317139,1
5.241607666015625,1
5.147684574127197,1
5.26340913772583,1
5.201608657836914,1
5.349909782409668,1
5.18120813369751,1
5.220936298370361,1
5.276512145996094,1
5.297280311584473,1
5.24280309677124,1
5.372806549072266,1
5.225951671600342,1
5.302129745483398,1
5.3142876625061035,1
5.201327323913574,1
5.249013900756836,1
5.3226518630981445,1
5.1902642250061035,1
5.283360004425049,1
5.204252243041992,1
5.16709566116333,1
5.215216159820557,1
5.195812702178955,1
5.2289886474609375,1
5.217545509338379,1
5.211045265197754,1
5.19498348236084,1
5.198716163635254,1
5.176905155181885,1
5.244858741760254,1
5.256261348724365,1
5.313506126403809,1
5.30637264251709,1
5.257377624511719,1
5.224396705627441,1
5.267608165740967,1
5.204719543457031,1
5.184940814971924,1
5.228578567504883,1
5.263060569763184,1
5.3195343017578125,1
5.241125106811523,1
5.218791961669922,1
5.290237903594971,1
5.338011741638184,1
5.126302719116211,1
5.247808456420898,1
5.294551849365234,1
5.205926895141602,1
5.258021354675293,1
5.191262245178223,1
5.262564659118652,1
5.274291515350342,1
5.371903419494629,1
5.264045238494873,1
5.18196439743042,1
5.269830703735352,1
5.244818210601807,1
5.269909381866455,1
5.314852714538574,1
5.238795757293701,1
5.286037445068359,1
5.20059871673584,1
5.183609485626221,1
5.168160438537598,1
5.307993412017822,1
5.318602561950684,1
5.306262016296387,1
5.207485198974609,1
5.359870910644531,1
5.335448265075684,1
5.234038352966309,1
5.288011074066162,1
5.180164337158203,1
5.296917915344238,1
5.198004722595215,1
5.247739791870117,1
5.219808578491211,1
5.273839473724365,1
5.2389678955078125,1
5.284326553344727,1
5.22269344329834,1
5.2010369300842285,1
5.251467704772949,1
5.289191246032715,1
5.209676742553711,1
5.201704502105713,1
5.196139335632324,1
5.183588981628418,1
5.264915466308594,1
5.217928886413574,1
5.268970489501953,1
5.233913421630859,1
5.347262382507324,1
5.240292072296143,1
5.179089069366455,1
5.297242641448975,1
5.230437755584717,1
5.222165107727051,1
5.178867340087891,1
5.227927207946777,1
5.308270454406738,1
5.180671691894531,1
5.152624130249023,1
5.198058605194092,1
5.238058090209961,1
5.320863723754883,1
5.304167747497559,1
5.288278579711914,1
5.190346717834473,1
5.225367546081543,1
5.246546268463135,1
5.26231575012207,1
5.335222244262695,1
5.267453670501709,1
5.224036693572998,1
5.2237043380737305,1
5.255709648132324,1
5.313664436340332,1
5.186699867248535,1
5.219520568847656,1
5.242534637451172,1
5.201596260070801,1
5.246890544891357,1
5.321139812469482,1
5.206694602966309,1
5.1687421798706055,1
5.189297676086426,1
5.222918510437012,1
5.350827217102051,1
5.226036548614502,1
5.24594259262085,1
5.208767890930176,1
5.228525161743164,1
5.2346696853637695,1
5.2808027267456055,1
5.271474361419678,1
5.2534685134887695,1
5.323678970336914,1
5.258953094482422,1
5.328588962554932,1
5.213644504547119,1
5.218017101287842,1
5.278983116149902,1
5.343501091003418,1
5.279001235961914,1
5.340116024017334,1
5.204729080200195,1
5.243860244750977,1
5.252645969390869,1
5.266291618347168,1
5.256483554840088,1
5.273158073425293,1
5.288501739501953,1
5.400400161743164,1
5.27280330657959,1
5.240998268127441,1
5.248959541320801,1
5.27004337310791,1
5.222513675689697,1
5.3082122802734375,1
5.202400207519531,1
5.278716564178467,1
5.312498092651367,1
5.33185338973999,1
5.200069427490234,1
5.262845039367676,1
5.238311767578125,1
5.324053764343262,1
5.215299606323242,1
5.300577163696289,1
5.236305236816406,1
5.2382025718688965,1
5.091617584228516,1
5.2136616706848145,1
5.2390241622924805,1
5.255014896392822,1
5.266854286193848,1
5.291315078735352,1
5.299034118652344,1
5.167934417724609,1
5.21312141418457,1
5.2293381690979,1
5.2280097007751465,1
5.239239692687988,1
5.251289367675781,1
5.268007755279541,1
5.254897594451904,1
5.242081165313721,1
5.202040672302246,1
5.246150970458984,1
5.253005027770996,1
5.254754066467285,1
5.215290069580078,1
5.203338623046875,1
5.287322521209717,1
5.193883895874023,1
5.262689590454102,1
5.267516136169434,1
5.169610023498535,1
5.192929744720459,1
5.242633819580078,1
5.193107604980469,1
5.338631629943848,1
5.354527950286865,1
5.294351577758789,1
5.259878158569336,1
5.224764823913574,1
5.197206974029541,1
5.165046691894531,1
5.250568866729736,1
5.200864791870117,1
5.272480010986328,1
5.30617618560791,1
5.260008811950684,1
5.301030158996582,1
5.234466552734375,1
5.26447868347168,1
5.208926200866699,1
5.252143859863281,1
5.221719741821289,1
5.310876846313477,1
5.245173454284668,1
5.2699174880981445,1
5.2895636558532715,1
5.240815162658691,1
5.255431175231934,1
5.312731742858887,1
5.285948753356934,1
5.179385185241699,1
5.280198097229004,1
5.240652084350586,1
5.244059085845947,1
5.307498931884766,1
5.280209541320801,1
5.253413677215576,1
5.214478492736816,1
5.284807205200195,1
5.244978904724121,1
5.240450859069824,1
5.309885025024414,1
5.191401481628418,1
5.260008811950684,1
5.212488651275635,1
5.223050594329834,1
5.203362941741943,1
5.265303134918213,1
5.153227806091309,1
5.278045654296875,1
5.214881896972656,1
5.230442047119141,1
5.31370735168457,1
5.310391426086426,1
5.201180934906006,1
5.312867641448975,1
5.227935791015625,1
5.261145114898682,1
5.243350028991699,1
5.278657913208008,1
5.201665878295898,1
5.180043697357178,1
5.268563270568848,1
5.228361129760742,1
5.176749229431152,1
5.245771408081055,1
5.287101745605469,1
5.211520195007324,1
5.286334037780762,1
5.280686378479004,1
5.213047981262207,1
5.253748893737793,1
5.214183807373047,1
5.208093166351318,1
5.347474098205566,1
5.233865737915039,1
5.230477333068848,1
5.317575454711914,1
5.196577072143555,1
5.291275978088379,1
5.220226287841797,1
5.308614730834961,1
5.264007568359375,1
5.140284538269043,1
5.191880702972412,1
5.3204545974731445,1
5.194462776184082,1
5.2006120681762695,1
5.431943893432617,1
5.187964916229248,1
5.2944440841674805,1
5.211152076721191,1
5.210685729980469,1
5.197786331176758,1
5.239445686340332,1
5.288501262664795,1
5.295528888702393,1
5.180541515350342,1
5.204824447631836,1
5.23675012588501,1
5.214107036590576,1
5.196768760681152,1
5.324441432952881,1
5.230237007141113,1
5.267022132873535,1
5.208739280700684,1
5.274898529052734,1
5.227757453918457,1
5.2289042472839355,1
5.257884979248047,1
5.220179557800293,1
5.285025596618652,1
5.243268013000488,1
5.327794075012207,1
5.204092502593994,1
5.271904945373535,1
5.28516960144043,1
5.198148727416992,1
5.282787322998047,1
5.272089958190918,1
5.235844135284424,1
5.260135173797607,1
5.2376251220703125,1
5.267865180969238,1
5.2357635498046875,1
5.270782947540283,1
5.178539276123047,1
5.246232986450195,1
5.27015495300293,1
5.322524547576904,1
5.222397804260254,1
5.292785167694092,1
5.143275260925293,1
5.1041579246521,1
5.149844169616699,1
5.329001426696777,1
5.236225128173828,1
5.217432022094727,1
5.268026351928711,1
5.3528642654418945,1
5.281200885772705,1
5.179615020751953,1
5.239538192749023,1
5.237580299377441,1
5.202894687652588,1
5.1973490715026855,1
5.191671371459961,1
5.314411640167236,1
5.209548473358154,1
5.257265090942383,1
5.190824508666992,1
5.336999893188477,1
5.245769500732422,1
5.1699981689453125,1
5.226084232330322,1
5.2702178955078125,1
5.309067726135254,1
5.199838638305664,1
5.198532581329346,1
5.163459777832031,1
5.2664031982421875,1
5.241284370422363,1
5.208795547485352,1
5.283241271972656,1
5.241804122924805,1
5.286852836608887,1
5.28348445892334,1
5.19155216217041,1
5.2137956619262695,1
5.1807966232299805,1
5.151390075683594,1
5.225020408630371,1
5.194007873535156,1
5.232820987701416,1
5.256167411804199,1
5.259432792663574,1
5.185798645019531,1
5.2406158447265625,1
5.27034854888916,1
5.267986297607422,1
5.328124523162842,1
5.202442646026611,1
5.185703277587891,1
5.207219123840332,1
5.226731300354004,1
5.169987201690674,1
5.213369846343994,1
5.241209983825684,1
5.263424873352051,1
5.149916648864746,1
5.284740924835205,1
5.2565436363220215,1
5.250809669494629,1
5.229520797729492,1
5.334175109863281,1
5.200521469116211,1
5.207633018493652,1
5.248932838439941,1
5.318349838256836,1
5.303159236907959,1
5.155142784118652,1
5.1304521560668945,1
5.276821136474609,1
5.256990909576416,1
5.258542537689209,1
5.208802223205566,1
5.173764705657959,1
5.249372482299805,1
5.233233451843262,1
5.297400951385498,1
5.225003242492676,1
5.258254528045654,1
5.236418724060059,1
5.165021896362305,1
5.302802085876465,1
5.157636642456055,1
5.184935569763184,1
5.22299861907959,1
5.241097927093506,1
5.223426818847656,1
5.206712245941162,1
5.19643497467041,1
5.247089385986328,1
5.1988677978515625,1
5.229397773742676,1
5.2437825202941895,1
5.256295680999756,1
5.209083557128906,1
5.164852142333984,1
5.188266754150391,1
5.258120536804199,1
5.296145439147949,1
5.276637077331543,1
5.20975399017334,1
5.162934303283691,1
5.239904403686523,1
5.247926712036133,1
5.326709747314453,1
5.318340301513672,1
5.26436710357666,1
5.225318431854248,1
5.246469020843506,1
5.218421459197998,1
5.301767349243164,1
5.315010070800781,1
5.240701675415039,1
5.123056411743164,1
5.2778425216674805,1
5.259209632873535,1
5.179523944854736,1
5.23537540435791,1
5.283734321594238,1
5.210926055908203,1
5.327147483825684,1
5.290900230407715,1
5.182864189147949,1
5.214703559875488,1
5.176961898803711,1
5.282366752624512,1
5.246191024780273,1
5.227081775665283,1
5.153800964355469,1
5.2826714515686035,1
5.214536666870117,1
5.184353828430176,1
5.185328483581543,1
5.326440811157227,1
5.243190765380859,1
5.3484039306640625,1
5.2688164710998535,1
5.28972053527832,1
5.295473098754883,1
5.19401216506958,1
5.2859039306640625,1
5.289409637451172,1
5.230035781860352,1
5.298888206481934,1
5.211431980133057,1
5.232333183288574,1
5.128223896026611,1
5.273504734039307,1
5.276339530944824,1
5.220489501953125,1
5.281460762023926,1
5.309756278991699,1
5.194930076599121,1
5.138516902923584,1
5.210196495056152,1
5.126163482666016,1
5.316000938415527,1
5.284297466278076,1
5.259950160980225,1
5.215760231018066,1
5.262248992919922,1
5.186174392700195,1
5.2024455070495605,1
5.201218605041504,1
5.308560371398926,1
5.190633773803711,1
5.198462009429932,1
5.221064567565918,1
5.2566914558410645,1
5.084352016448975,1
5.393668174743652,1
5.1773271560668945,1
5.224394798278809,1
5.328558921813965,1
5.192087173461914,1
5.2927775382995605,1
5.305536270141602,1
5.232800483703613,1
5.230083465576172,1
5.141789436340332,1
5.136967658996582,1
5.368967056274414,1
5.23832893371582,1
5.189108848571777,1
5.165844917297363,1
5.302999973297119,1
5.212421894073486,1
5.234498977661133,1
5.238953113555908,1
5.252267837524414,1
5.1930670738220215,1
5.170978546142578,1
5.201622009277344,1
5.229917049407959,1
5.257554054260254,1
5.165579795837402,1
5.20955753326416,1
5.17194938659668,1
5.299241065979004,1
5.317067623138428,1
5.186741828918457,1
5.208928108215332,1
5.327966213226318,1
5.1663055419921875,1
5.177225589752197,1
5.213064193725586,1
5.261202335357666,1
5.227419853210449,1
5.136965274810791,1
5.219756126403809,1
5.296113014221191,1
5.213598251342773,1
5.303248405456543,1
5.1754069328308105,1
5.324612617492676,1
5.326432228088379,1
5.123782157897949,1
5.221580982208252,1
5.261258125305176,1
5.132923126220703,1
5.269813537597656,1
5.312192916870117,1
5.224526405334473,1
5.203222274780273,1
5.336296081542969,1
5.250296592712402,1
5.288885116577148,1
5.256831169128418,1
5.223997116088867,1
5.3136796951293945,1
5.262185573577881,1
5.26955509185791,1
5.176488399505615,1
5.33939790725708,1
5.254872798919678,1
5.260234832763672,1
5.224930286407471,1
5.313673973083496,1
5.220896244049072,1
5.2354736328125,1
5.312070846557617,1
5.209136962890625,1
5.313571453094482,1
5.324434280395508,1
5.225572109222412,1
5.293545722961426,1
5.246686935424805,1
5.2504730224609375,1
5.296926975250244,1
5.235637664794922,1
5.290693283081055,1
5.128575325012207,1
5.177943229675293,1
5.233889102935791,1
5.239367485046387,1
5.244345664978027,1
5.177456855773926,1
5.216213226318359,1
5.226640701293945,1
5.339447021484375,1
5.341189861297607,1
5.19602108001709,1
5.266496658325195,1
5.2905659675598145,1
5.273778438568115,1
5.274620056152344,1
5.118488311767578,1
5.264899253845215,1
5.290069580078125,1
5.250510215759277,1
5.3150177001953125,1
5.182834625244141,1
5.291105270385742,1
5.30928897857666,1
5.24815034866333,1
5.226109027862549,1
5.252017974853516,1
5.23480224609375,1
5.282281398773193,1
5.227884769439697,1
5.29324197769165,1
5.230565071105957,1
5.190097808837891,1
5.24593448638916,1
5.168274879455566,1
5.254160404205322,1
5.214382648468018,1
5.173793792724609,1
5.202798366546631,1
5.146360397338867,1
5.1595306396484375,1
5.284295082092285,1
5.212088584899902,1
5.152417182922363,1
5.29628849029541,1
5.214743614196777,1
5.185657501220703,1
5.265924453735352,1
5.215644359588623,1
5.187485694885254,1
5.2059831619262695,1
5.2037506103515625,1
5.183452606201172,1
5.154957294464111,1
5.2504730224609375,1
5.211112022399902,1
5.180495738983154,1
5.252377510070801,1
5.164454460144043,1
5.317998886108398,1
5.271234035491943,1
5.182476997375488,1
5.197107791900635,1
5.286602020263672,1
5.278261661529541,1
5.23386287689209,1
5.299102783203125,1
5.314848899841309,1
5.299428462982178,1
5.164342403411865,1
5.173382759094238,1
5.18898868560791,1
5.260692119598389,1
5.106795310974121,1
5.216188430786133,1
5.272000312805176,1
5.313684463500977,1
5.281015396118164,1
5.241203308105469,1
5.2328948974609375,1
5.285065650939941,1
5.209383487701416,1
5.280928611755371,1
5.226768970489502,1
5.262978553771973,1
5.21967887878418,1
5.221307277679443,1
5.165370941162109,1
5.191692352294922,1
5.149017333984375,1
5.273468017578125,1
5.183587551116943,1
5.315359115600586,1
5.18244743347168,1
5.287093162536621,1
5.252452850341797,1
5.282645225524902,1
5.264715671539307,1
5.402291774749756,1
5.253807544708252,1
5.148025035858154,1
5.267848968505859,1
5.233669757843018,1
5.248562812805176,1
5.367659568786621,1
5.18467378616333,1
5.360182762145996,1
5.265730381011963,1
5.287362098693848,1
5.188298225402832,1
5.3150224685668945,1
5.175771713256836,1
5.305688858032227,1
5.237059593200684,1
5.226470947265625,1
5.334725856781006,1
5.201236724853516,1
5.288583278656006,1
5.256570339202881,1
5.204778671264648,1
5.282687187194824,1
5.368560791015625,1
5.254375457763672,1
5.368692398071289,1
5.292680263519287,1
5.235333442687988,1
5.296143531799316,1
5.213794708251953,1
5.2623748779296875,1
5.133798599243164,1
5.224555969238281,1
5.228592872619629,1
5.308974266052246,1
5.286165237426758,1
5.20383882522583,1
5.175427436828613,1
5.271271228790283,1
5.152843475341797,1
5.166032314300537,1
5.132759094238281,1
5.183845520019531,1
5.253140449523926,1
5.226490020751953,1
5.229630947113037,1
5.249103546142578,1
5.223483085632324,1
5.305225372314453,1
5.364622592926025,1
5.2250823974609375,1
5.196572303771973,1
5.32857084274292,1
5.242833137512207,1
5.209702968597412,1
5.261023044586182,1
5.209625244140625,1
5.230936527252197,1
5.278052806854248,1
5.2159833908081055,1
5.292754650115967,1
5.2054948806762695,1
5.2100114822387695,1
5.286286354064941,1
5.199357986450195,1
5.382604598999023,1
5.270859718322754,1
5.193655967712402,1
5.2137250900268555,1
5.246711254119873,1
5.217613220214844,1
5.192643165588379,1
5.22721529006958,1
5.289385795593262,1
5.1963067054748535,1
5.253410339355469,1
5.226016998291016,1
5.290645122528076,1
5.212626934051514,1
5.213749885559082,1
5.215367794036865,1
5.187716484069824,1
5.21505069732666,1
5.17087459564209,1
5.295734882354736,1
5.284056663513184,1
5.234827041625977,1
5.261117458343506,1
5.186967372894287,1
5.1735687255859375,1
5.186444282531738,1
5.307470321655273,1
5.280317783355713,1
5.299625873565674,1
5.2841572761535645,1
5.263558387756348,1
5.23529052734375,1
5.271904468536377,1
5.259546279907227,1
5.305453300476074,1
5.146584987640381,1
5.256284236907959,1
5.2679853439331055,1
5.221316337585449,1
5.240573406219482,1
5.251070976257324,1
5.223101615905762,1
5.227168560028076,1
5.285626411437988,1
5.266018867492676,1
5.239941596984863,1
5.330273628234863,1
5.197320461273193,1
5.222149848937988,1
5.214649200439453,1
5.207080841064453,1
5.246865272521973,1
5.196644306182861,1
5.19596004486084,1
5.157309532165527,1
5.1805877685546875,1
5.289409637451172,1
5.269227504730225,1
5.220084190368652,1
5.207590103149414,1
5.310992240905762,1
5.210923194885254,1
5.317836761474609,1
5.228108882904053,1
5.328892707824707,1
5.186213493347168,1
5.236171722412109,1
5.2782697677612305,1
5.216981410980225,1
5.258580207824707,1
5.180773735046387,1
5.175404071807861,1
5.241672515869141,1
5.185701370239258,1
5.286213397979736,1
5.211581230163574,1
5.189615249633789,1
5.253582000732422,1
5.175553321838379,1
5.285091400146484,1
5.271614074707031,1
5.2568559646606445,1
5.217267036437988,1
5.153598308563232,1
5.160981178283691,1
5.209096431732178,1
5.142218589782715,1
5.2011260986328125,1
5.190164566040039,1
5.247942924499512,1
5.212359428405762,1
5.216290473937988,1
5.224149703979492,1
5.271276950836182,1
5.287773609161377,1
5.297846794128418,1
5.200179100036621,1
5.3097710609436035,1
5.3180460929870605,1
5.257604598999023,1
5.1370415687561035,1
5.205695152282715,1
5.185211181640625,1
5.193429946899414,1
5.3120222091674805,1
5.274343490600586,1
5.227483749389648,1
5.285331726074219,1
5.1272687911987305,1
5.2083635330200195,1
5.165988922119141,1
5.319353103637695,1
5.305442810058594,1
5.235897064208984,1
5.296811103820801,1
5.252401351928711,1
5.226768493652344,1
5.201662063598633,1
5.232728958129883,1
5.221612930297852,1
5.239889144897461,1
5.232211112976074,1
5.123199939727783,1
5.226975440979004,1
5.297418117523193,1
5.279636383056641,1
5.204161643981934,1
5.183338642120361,1
5.271397590637207,1
5.231098651885986,1
5.2609381675720215,1
5.170688152313232,1
5.197375297546387,1
5.148468017578125,1
5.141139030456543,1
5.2182111740112305,1
5.203510284423828,1
5.314119815826416,1
5.428466796875,1
5.315695285797119,1
5.264436721801758,1
5.292957305908203,1
5.172723770141602,1
5.276058197021484,1
5.255504608154297,1
5.27285623550415,1
5.166679859161377,1
5.272933006286621,1
5.207884788513184,1
5.1884026527404785,1
5.256231307983398,1
5.187115669250488,1
5.158416748046875,1
5.327605724334717,1
5.170599937438965,1
5.203700542449951,1
5.222474098205566,1
5.226452350616455,1
5.240965843200684,1
5.131811141967773,1
5.312220573425293,1
5.208157539367676,1
5.261415481567383,1
5.253408432006836,1
5.148120880126953,1
5.141452789306641,1
5.195275783538818,1
5.275120258331299,1
5.319827079772949,1
5.201320648193359,1
5.2137956619262695,1
5.248415946960449,1
5.3064351081848145,1
5.196578502655029,1
5.249528408050537,1
5.238935947418213,1
5.198636531829834,1
5.300146102905273,1
5.35903263092041,1
5.281081199645996,1
5.181567192077637,1
5.233548164367676,1
5.24556827545166,1
5.249730110168457,1
5.227496147155762,1
5.28779411315918,1
5.274724960327148,1
5.287729263305664,1
5.297675132751465,1
5.218559265136719,1
5.287769794464111,1
5.253000259399414,1
5.309539318084717,1
5.201850891113281,1
5.194119453430176,1
5.208771705627441,1
5.189566612243652,1
5.203668594360352,1
5.227594375610352,1
5.185174465179443,1
5.233098030090332,1
5.21137809753418,1
5.30078125,1
5.225907325744629,1
5.20256233215332,1
5.338977813720703,1
5.131272315979004,1
5.2148895263671875,1
5.262979984283447,1
5.247541904449463,1
5.237661361694336,1
5.259068489074707,1
5.233218193054199,1
5.229709625244141,1
5.286179542541504,1
5.200813293457031,1
5.189558506011963,1
5.233614921569824,1
5.261012077331543,1
5.162158489227295,1
5.302423477172852,1
5.259212493896484,1
5.252466201782227,1
5.276524543762207,1
5.1720099449157715,1
5.301491737365723,1
5.272465229034424,1
5.299200534820557,1
5.196776390075684,1
5.1387939453125,1
5.2507171630859375,1
5.187463760375977,1
5.222500324249268,1
5.24137020111084,1
5.24323034286499,1
5.192511558532715,1
5.287764072418213,1
5.233055591583252,1
5.223845481872559,1
5.2738518714904785,1
5.298834800720215,1
5.302186012268066,1
5.208929061889648,1
5.273482799530029,1
5.181550979614258,1
