2.2475831508636475,1
2.4126439094543457,1
2.5192713737487793,1
2.3785126209259033,1
2.8611841201782227,1
1.9288125038146973,1
1.7534444332122803,1
2.3530259132385254,1
1.8407100439071655,1
2.1457066535949707,1
2.063554525375366,1
1.973222017288208,1
1.8405264616012573,1
2.232532262802124,1
2.6386094093322754,1
1.7783170938491821,1
2.940037250518799,1
2.1856648921966553,1
2.3320257663726807,1
2.5113158226013184,1
1.9218835830688477,1
2.806588888168335,1
2.1883764266967773,1
1.988926887512207,1
2.5310721397399902,1
2.7380857467651367,1
2.3317267894744873,1
2.4605886936187744,1
2.914475917816162,1
1.5648338794708252,1
2.22273588180542,1
2.635469913482666,1
2.1495583057403564,1
1.5885082483291626,1
2.087580919265747,1
2.2833070755004883,1
2.051051616668701,1
2.664059638977051,1
2.599329710006714,1
2.352893590927124,1
2.118804931640625,1
1.8151757717132568,1
2.407679319381714,1
2.4120073318481445,1
3.0356178283691406,1
2.3121514320373535,1
2.4126663208007813,1
2.104337215423584,1
2.7360355854034424,1
2.3211476802825928,1
1.8416104316711426,1
2.3453521728515625,1
2.3051912784576416,1
1.9890474081039429,1
2.7378735542297363,1
2.771181344985962,1
1.9192800521850586,1
1.9820629358291626,1
2.501617908477783,1
1.8811719417572021,1
2.6484804153442383,1
2.06078839302063,1
2.1618425846099854,1
1.9324817657470703,1
2.5549886226654053,1
2.4519855976104736,1
2.3341712951660156,1
2.2842490673065186,1
2.3188235759735107,1
1.6592659950256348,1
2.1936590671539307,1
2.0066685676574707,1
3.1151161193847656,1
2.150705337524414,1
2.2053380012512207,1
2.1357555389404297,1
2.977592945098877,1
2.170860528945923,1
2.3781514167785645,1
2.8378634452819824,1
2.3030078411102295,1
2.2222213745117188,1
2.1575849056243896,1
3.006985902786255,1
2.281423568725586,1
3.187821626663208,1
2.1766486167907715,1
2.705742835998535,1
3.2928361892700195,1
2.658005952835083,1
2.1068053245544434,1
2.0225887298583984,1
1.880921721458435,1
2.6149115562438965,1
2.475742816925049,1
2.3653345108032227,1
2.439748764038086,1
2.3188836574554443,1
2.156418800354004,1
1.9423798322677612,1
2.319289207458496,1
1.9955332279205322,1
2.2003159523010254,1
2.6784064769744873,1
2.028003692626953,1
2.7888269424438477,1
2.407282590866089,1
2.6809921264648438,1
2.034282922744751,1
2.6810858249664307,1
2.262328624725342,1
2.1987037658691406,1
2.5205836296081543,1
2.1280641555786133,1
2.6006009578704834,1
2.0330898761749268,1
2.4216833114624023,1
2.2993955612182617,1
2.017099380493164,1
2.0177230834960938,1
1.8898967504501343,1
1.8234668970108032,1
2.2676992416381836,1
3.470032215118408,1
2.610853433609009,1
2.277785539627075,1
1.9836320877075195,1
1.9280095100402832,1
2.1819019317626953,1
2.6355910301208496,1
2.082084894180298,1
1.8025469779968262,1
2.423001766204834,1
2.4068708419799805,1
2.0645158290863037,1
2.1587932109832764,1
2.1823673248291016,1
1.8333836793899536,1
1.9482792615890503,1
2.1913678646087646,1
1.9327101707458496,1
2.13447642326355,1
1.7429518699645996,1
2.909440517425537,1
2.4877521991729736,1
2.253607749938965,1
2.4130616188049316,1
1.756162405014038,1
2.601923942565918,1
2.6842782497406006,1
2.721968650817871,1
2.6023359298706055,1
1.907822847366333,1
2.369877815246582,1
2.7815871238708496,1
2.45145845413208,1
2.4917242527008057,1
2.226231098175049,1
2.744248867034912,1
2.160374402999878,1
2.495990753173828,1
2.204637289047241,1
1.797019600868225,1
2.2340612411499023,1
2.1194076538085938,1
2.2629647254943848,1
1.5496571063995361,1
2.2253761291503906,1
2.3591771125793457,1
2.293056011199951,1
2.095470666885376,1
1.8229632377624512,1
2.5439791679382324,1
1.8826813697814941,1
2.550842761993408,1
1.8636527061462402,1
1.7585885524749756,1
1.9838443994522095,1
1.8163251876831055,1
2.1327292919158936,1
2.171886920928955,1
2.3627023696899414,1
2.149848699569702,1
2.1154747009277344,1
2.376032829284668,1
1.6913038492202759,1
2.90793514251709,1
2.310828685760498,1
2.085245132446289,1
2.376936912536621,1
2.0511040687561035,1
2.390667676925659,1
1.9693870544433594,1
1.9827547073364258,1
2.2614800930023193,1
2.204028606414795,1
2.3208889961242676,1
1.9579734802246094,1
2.6072604656219482,1
2.4207186698913574,1
2.576014757156372,1
2.05723237991333,1
2.7530617713928223,1
2.1547658443450928,1
1.8758970499038696,1
1.967238187789917,1
2.6975951194763184,1
2.0590367317199707,1
2.383960723876953,1
2.560476779937744,1
2.4977335929870605,1
2.320197582244873,1
2.4042611122131348,1
2.560466766357422,1
1.8606867790222168,1
2.026179790496826,1
3.015021324157715,1
2.0292916297912598,1
1.9505290985107422,1
1.6897697448730469,1
2.1635231971740723,1
2.1727724075317383,1
1.881307601928711,1
2.0708165168762207,1
2.019253730773926,1
1.9857232570648193,1
2.095201015472412,1
2.60168719291687,1
2.3980307579040527,1
2.614920139312744,1
2.048227310180664,1
2.236532688140869,1
2.3322529792785645,1
2.7291953563690186,1
2.0156142711639404,1
1.863145112991333,1
2.732581853866577,1
1.8558329343795776,1
2.148589849472046,1
1.9899475574493408,1
2.021817445755005,1
2.51239013671875,1
1.8676841259002686,1
2.36448335647583,1
2.3245577812194824,1
2.0973663330078125,1
2.7285561561584473,1
2.52286434173584,1
1.985640048980713,1
2.732095241546631,1
2.087973117828369,1
2.197808265686035,1
2.1875832080841064,1
2.4570112228393555,1
2.6351373195648193,1
1.9606029987335205,1
2.354417324066162,1
1.9513098001480103,1
1.915233850479126,1
3.094231367111206,1
2.2765445709228516,1
1.7444802522659302,1
1.8652071952819824,1
2.024705171585083,1
2.604365825653076,1
1.817591905593872,1
2.322025775909424,1
2.3065755367279053,1
2.1837210655212402,1
2.2211244106292725,1
2.7013297080993652,1
2.1573309898376465,1
2.550840377807617,1
2.551766872406006,1
2.2226977348327637,1
1.9598535299301147,1
2.4879658222198486,1
2.4028539657592773,1
3.004476308822632,1
2.4254815578460693,1
2.052114486694336,1
2.8173322677612305,1
2.234513282775879,1
2.3808751106262207,1
2.3159046173095703,1
2.3912596702575684,1
2.476544141769409,1
2.632382869720459,1
2.4816949367523193,1
1.7101229429244995,1
2.370143175125122,1
2.2926788330078125,1
2.437577962875366,1
2.802705764770508,1
2.2044565677642822,1
2.084117889404297,1
2.3385868072509766,1
2.110607624053955,1
2.4896011352539063,1
2.7017009258270264,1
1.963285207748413,1
1.895200252532959,1
1.6492745876312256,1
2.726186990737915,1
2.244253635406494,1
2.0114567279815674,1
2.388575792312622,1
2.5878963470458984,1
2.5581581592559814,1
2.985659122467041,1
1.6543176174163818,1
1.85049307346344,1
1.8813339471817017,1
1.4862642288208008,1
2.8285789489746094,1
2.042879581451416,1
2.247204303741455,1
1.911848545074463,1
2.4089794158935547,1
2.248042583465576,1
2.362022876739502,1
2.5073771476745605,1
3.013005495071411,1
2.9065656661987305,1
2.492544412612915,1
2.394012689590454,1
3.0283570289611816,1
2.6113204956054688,1
2.4134531021118164,1
2.1566145420074463,1
2.244098424911499,1
2.2797584533691406,1
2.525228977203369,1
2.5051026344299316,1
2.1792354583740234,1
2.331894874572754,1
3.1018238067626953,1
2.810457944869995,1
2.2685017585754395,1
1.8521212339401245,1
2.012470245361328,1
2.5321784019470215,1
1.923459529876709,1
2.191835880279541,1
3.345107078552246,1
2.6923389434814453,1
2.1313443183898926,1
1.9756462574005127,1
2.305838108062744,1
2.715519428253174,1
2.510650396347046,1
1.6621978282928467,1
2.6178975105285645,1
1.77468740940094,1
1.8733819723129272,1
2.235929489135742,1
1.8196823596954346,1
2.1307172775268555,1
2.0488555431365967,1
1.968204379081726,1
2.6721925735473633,1
1.5601739883422852,1
2.0053796768188477,1
2.070248603820801,1
2.7117083072662354,1
2.840355396270752,1
2.844104290008545,1
2.5087532997131348,1
2.612980365753174,1
2.5945630073547363,1
2.7568416595458984,1
2.68878436088562,1
2.237900972366333,1
2.0708181858062744,1
2.118337869644165,1
2.089128017425537,1
1.7719906568527222,1
2.2235894203186035,1
2.1117935180664063,1
2.2734837532043457,1
2.511204242706299,1
2.405308723449707,1
1.876824140548706,1
2.538341522216797,1
1.92841374874115,1
2.3991026878356934,1
2.0843985080718994,1
2.2960119247436523,1
2.254868507385254,1
2.454604387283325,1
2.192681074142456,1
2.0442163944244385,1
2.638481616973877,1
2.4137020111083984,1
2.4707322120666504,1
2.3091607093811035,1
1.9306955337524414,1
2.3668031692504883,1
2.323685646057129,1
2.1381025314331055,1
2.6412057876586914,1
2.4048728942871094,1
2.5205836296081543,1
2.263986110687256,1
2.2640602588653564,1
2.8594698905944824,1
3.557492733001709,1
1.910187840461731,1
2.630328893661499,1
2.0550906658172607,1
2.130183219909668,1
2.4589672088623047,1
2.0341427326202393,1
1.9752187728881836,1
2.092855930328369,1
2.2846710681915283,1
2.0190298557281494,1
3.11224102973938,1
2.4529318809509277,1
1.7164509296417236,1
2.7149457931518555,1
2.674257278442383,1
2.5183000564575195,1
2.4135217666625977,1
2.021606206893921,1
2.3372178077697754,1
2.3567581176757813,1
2.42911958694458,1
3.215048313140869,1
1.8023234605789185,1
1.880122184753418,1
2.6033802032470703,1
2.615072727203369,1
2.5905120372772217,1
2.4543614387512207,1
2.237381935119629,1
2.8790619373321533,1
1.818634271621704,1
2.111905813217163,1
2.667900562286377,1
1.9498101472854614,1
2.5277059078216553,1
1.860548973083496,1
2.0294766426086426,1
1.9646892547607422,1
2.0687365531921387,1
2.2541887760162354,1
2.0380699634552,1
2.0858521461486816,1
2.534419536590576,1
2.0989320278167725,1
2.440676689147949,1
2.2646422386169434,1
2.7912380695343018,1
2.6842331886291504,1
2.31027889251709,1
1.7682900428771973,1
2.229825973510742,1
2.396807909011841,1
1.9029284715652466,1
2.400830030441284,1
2.675869941711426,1
2.416321277618408,1
2.4094059467315674,1
1.5855447053909302,1
2.2240405082702637,1
2.045825481414795,1
2.9785757064819336,1
2.332892417907715,1
2.578906774520874,1
2.607407331466675,1
2.7886271476745605,1
2.2812509536743164,1
2.04197096824646,1
2.638869524002075,1
2.641775369644165,1
2.2245678901672363,1
2.7022461891174316,1
3.3661508560180664,1
2.5940723419189453,1
2.6212573051452637,1
3.129805564880371,1
1.900057077407837,1
2.4664571285247803,1
2.421804666519165,1
3.090674638748169,1
2.2099058628082275,1
2.739605188369751,1
2.026066780090332,1
2.377798080444336,1
2.253359794616699,1
2.173790693283081,1
3.0731048583984375,1
2.18904447555542,1
2.2436108589172363,1
2.3674278259277344,1
2.850161075592041,1
3.771756172180176,1
2.8949971199035645,1
3.021862030029297,1
1.9995522499084473,1
2.283586025238037,1
2.9373977184295654,1
1.5571069717407227,1
2.6308679580688477,1
2.2420997619628906,1
2.336261034011841,1
2.6168484687805176,1
2.122380018234253,1
2.3807599544525146,1
2.7232422828674316,1
2.2556118965148926,1
1.893101692199707,1
2.4420175552368164,1
2.605008363723755,1
2.5594482421875,1
2.495008945465088,1
3.3519129753112793,1
4.635034561157227,1
3.3678271770477295,1
2.125986099243164,1
2.5980224609375,1
3.0558571815490723,1
3.1318845748901367,1
3.0337607860565186,1
3.2137985229492188,1
3.215420722961426,1
2.7391960620880127,1
3.2437353134155273,1
2.396287441253662,1
3.414104700088501,1
2.461409568786621,1
2.320432424545288,1
2.463428020477295,1
2.3032333850860596,1
1.876485824584961,1
2.954432487487793,1
2.294253349304199,1
2.4471702575683594,1
2.9341049194335938,1
3.113527297973633,1
3.0861570835113525,1
2.3150792121887207,1
2.9662368297576904,1
2.137495517730713,1
2.7256438732147217,1
2.7160985469818115,1
2.0876708030700684,1
2.8180370330810547,1
2.40556001663208,1
2.4768221378326416,1
3.039588212966919,1
3.0605506896972656,1
2.593783378601074,1
2.161137819290161,1
2.0930280685424805,1
2.2954277992248535,1
2.4383544921875,1
2.2678415775299072,1
2.456805467605591,1
2.8724260330200195,1
2.751095771789551,1
2.6098389625549316,1
2.3253352642059326,1
2.320237874984741,1
3.0784220695495605,1
2.8358163833618164,1
2.621370792388916,1
1.9252837896347046,1
2.167414665222168,1
2.426766872406006,1
2.3393282890319824,1
2.235126495361328,1
2.5224523544311523,1
2.238168716430664,1
2.013258218765259,1
2.36323881149292,1
2.6646595001220703,1
2.42861008644104,1
2.1237802505493164,1
2.3512275218963623,1
2.0755577087402344,1
3.226106643676758,1
2.1016464233398438,1
2.1716485023498535,1
1.9553914070129395,1
2.3633172512054443,1
2.3003787994384766,1
2.5356059074401855,1
1.773758888244629,1
2.255831241607666,1
2.107038974761963,1
2.2636971473693848,1
2.1870577335357666,1
2.3657543659210205,1
2.2634706497192383,1
1.6016921997070313,1
2.1665968894958496,1
1.697143316268921,1
2.624488353729248,1
2.2932538986206055,1
2.030734062194824,1
2.5476107597351074,1
1.907884955406189,1
2.1079492568969727,1
2.497459888458252,1
2.8660731315612793,1
1.6645586490631104,1
2.1238698959350586,1
2.114794969558716,1
2.0721945762634277,1
1.9444509744644165,1
2.1315808296203613,1
2.168519973754883,1
1.8380308151245117,1
1.6382570266723633,1
1.881866216659546,1
2.5344533920288086,1
2.2812187671661377,1
2.915651321411133,1
2.2228927612304688,1
2.515044927597046,1
2.286020278930664,1
1.5724724531173706,1
2.033740758895874,1
2.177957773208618,1
2.2808477878570557,1
1.7499217987060547,1
2.0019021034240723,1
2.298644542694092,1
2.232177972793579,1
3.2113418579101563,1
2.189380645751953,1
2.011349678039551,1
2.1431961059570313,1
2.060398578643799,1
2.206310272216797,1
2.5012974739074707,1
1.7098677158355713,1
2.4779467582702637,1
2.064894914627075,1
2.852479934692383,1
3.127790689468384,1
2.3156185150146484,1
1.9165067672729492,1
2.274685859680176,1
2.372697114944458,1
2.4763145446777344,1
2.554626703262329,1
2.2960758209228516,1
2.191255569458008,1
2.6440892219543457,1
1.9279887676239014,1
1.9116482734680176,1
2.4346182346343994,1
2.8465447425842285,1
2.23974609375,1
2.3432211875915527,1
3.0499966144561768,1
2.260989189147949,1
2.501967668533325,1
1.9330205917358398,1
2.0615761280059814,1
1.9992015361785889,1
2.046130657196045,1
2.5034022331237793,1
2.5753884315490723,1
2.8441367149353027,1
2.241570472717285,1
2.2853875160217285,1
2.5661404132843018,1
1.9294049739837646,1
2.242929458618164,1
2.0353050231933594,1
2.2057645320892334,1
2.848189353942871,1
2.2119028568267822,1
2.338285207748413,1
2.1804463863372803,1
2.538883686065674,1
2.314060926437378,1
2.094794273376465,1
2.9912593364715576,1
2.033236026763916,1
2.827617645263672,1
2.6090023517608643,1
3.019756317138672,1
2.419395923614502,1
2.0214409828186035,1
1.9423878192901611,1
2.4616308212280273,1
2.0952069759368896,1
2.1393535137176514,1
2.2858786582946777,1
2.8302407264709473,1
1.848888874053955,1
2.308931827545166,1
2.059666633605957,1
2.4906108379364014,1
2.731651782989502,1
1.8800181150436401,1
1.9924638271331787,1
2.297226905822754,1
2.4214224815368652,1
2.2161331176757813,1
2.020056962966919,1
1.7036104202270508,1
2.240105628967285,1
2.1956801414489746,1
2.3999714851379395,1
2.0800437927246094,1
2.572727680206299,1
2.7737340927124023,1
1.7325589656829834,1
2.1884944438934326,1
2.0365846157073975,1
1.922518253326416,1
1.9834020137786865,1
2.0367376804351807,1
1.7918120622634888,1
2.9973409175872803,1
2.113349199295044,1
2.362224578857422,1
2.34635853767395,1
1.871220588684082,1
2.3406028747558594,1
2.140746593475342,1
2.088695526123047,1
1.850078821182251,1
2.416949510574341,1
2.014503240585327,1
2.6615357398986816,1
2.0093698501586914,1
2.2415621280670166,1
1.9031788110733032,1
2.4622161388397217,1
1.7860400676727295,1
2.315060615539551,1
2.1890053749084473,1
2.19754958152771,1
2.3819618225097656,1
2.701110363006592,1
1.9572945833206177,1
1.9352160692214966,1
2.273453712463379,1
2.5539865493774414,1
2.802513599395752,1
2.5957415103912354,1
2.1153650283813477,1
2.202151298522949,1
3.4029603004455566,1
2.288827419281006,1
2.711564064025879,1
1.8210926055908203,1
2.5884037017822266,1
2.3561482429504395,1
3.3768277168273926,1
3.1142566204071045,1
2.084350347518921,1
2.580569267272949,1
2.0854439735412598,1
2.474571704864502,1
3.583766460418701,1
2.500823974609375,1
3.502319574356079,1
2.3465068340301514,1
2.11045503616333,1
2.8861122131347656,1
2.4352235794067383,1
3.449672222137451,1
2.4414212703704834,1
2.1240499019622803,1
2.2267050743103027,1
2.793381452560425,1
2.2208564281463623,1
2.4860458374023438,1
3.0653531551361084,1
3.092697858810425,1
2.52053165435791,1
2.9997968673706055,1
2.4146697521209717,1
2.8655714988708496,1
3.177495241165161,1
2.9629344940185547,1
2.6021578311920166,1
2.2896881103515625,1
2.710606813430786,1
2.081177234649658,1
2.2411983013153076,1
2.4435269832611084,1
2.3781979084014893,1
2.8820128440856934,1
2.514744281768799,1
2.6477227210998535,1
1.9307875633239746,1
2.093883752822876,1
2.3598732948303223,1
2.241852045059204,1
2.4402384757995605,1
2.0479257106781006,1
2.850017786026001,1
2.7871804237365723,1
2.520484447479248,1
2.2733421325683594,1
1.8819553852081299,1
2.418470859527588,1
2.1733808517456055,1
2.085585594177246,1
2.441382646560669,1
2.2335970401763916,1
2.5421481132507324,1
2.4642062187194824,1
2.6545090675354004,1
2.7222719192504883,1
2.13608455657959,1
2.77810001373291,1
2.5677216053009033,1
2.282106876373291,1
2.1673736572265625,1
2.0545172691345215,1
2.597805976867676,1
2.381387233734131,1
2.798295259475708,1
2.6767935752868652,1
2.2770988941192627,1
1.7455912828445435,1
2.3039231300354004,1
2.257054090499878,1
2.38975191116333,1
2.6342453956604004,1
2.385267734527588,1
2.8041162490844727,1
2.4574837684631348,1
1.646103858947754,1
2.276242256164551,1
2.3225889205932617,1
2.245417594909668,1
2.512752056121826,1
2.3373048305511475,1
2.460299253463745,1
2.463578939437866,1
1.9886800050735474,1
2.5261926651000977,1
2.372036933898926,1
2.061328887939453,1
1.9374784231185913,1
2.1024770736694336,1
2.5180044174194336,1
2.228391408920288,1
2.2792844772338867,1
2.0391886234283447,1
2.3192219734191895,1
2.0422441959381104,1
1.832761287689209,1
1.989362359046936,1
2.442394256591797,1
2.044098138809204,1
2.165881395339966,1
1.559309720993042,1
2.278637409210205,1
2.675447463989258,1
2.082024097442627,1
2.104888916015625,1
2.4080934524536133,1
2.101012706756592,1
3.2053489685058594,1
2.250710964202881,1
2.7300031185150146,1
2.7152695655822754,1
2.137756824493408,1
1.8959413766860962,1
2.252912998199463,1
2.189319372177124,1
2.6618778705596924,1
1.901494026184082,1
2.190796375274658,1
1.9603230953216553,1
2.3427677154541016,1
2.0777034759521484,1
2.511533260345459,1
2.516345262527466,1
3.090294361114502,1
2.4031577110290527,1
2.942901372909546,1
1.8909080028533936,1
1.7572810649871826,1
2.2286782264709473,1
2.7246816158294678,1
2.619060754776001,1
1.95426344871521,1
2.306774139404297,1
2.205756187438965,1
2.4318017959594727,1
2.762228488922119,1
2.4499847888946533,1
2.964167594909668,1
2.695263624191284,1
2.2118170261383057,1
3.0653750896453857,1
1.902825117111206,1
2.6291003227233887,1
1.9664380550384521,1
2.746466636657715,1
2.6232094764709473,1
2.204403877258301,1
3.029139518737793,1
3.0812392234802246,1
2.53334379196167,1
2.654014825820923,1
2.2135908603668213,1
2.4081366062164307,1
2.0512490272521973,1
2.5835089683532715,1
2.705961227416992,1
2.241295337677002,1
3.1122493743896484,1
2.1023993492126465,1
2.882173776626587,1
2.380626916885376,1
2.8975989818573,1
2.629110813140869,1
2.013411045074463,1
1.902104377746582,1
1.9176044464111328,1
2.4307632446289063,1
1.848123550415039,1
1.7136495113372803,1
2.197464942932129,1
2.8453292846679688,1
2.2035484313964844,1
1.8350857496261597,1
2.4955554008483887,1
1.8218879699707031,1
2.1935126781463623,1
2.1664390563964844,1
2.058952808380127,1
2.042177677154541,1
2.626538038253784,1
1.9017542600631714,1
2.152683973312378,1
1.8483796119689941,1
1.8584133386611938,1
2.6175739765167236,1
1.9655731916427612,1
1.8534982204437256,1
2.597602605819702,1
2.6116418838500977,1
1.927093505859375,1
2.4756178855895996,1
2.293409824371338,1
1.824675440788269,1
2.8453187942504883,1
2.016279697418213,1
2.0622611045837402,1
2.7796053886413574,1
3.7961297035217285,1
2.207364320755005,1
2.295398235321045,1
3.3266139030456543,1
3.580064535140991,1
2.2798948287963867,1
2.6932597160339355,1
2.384674072265625,1
2.2946505546569824,1
2.5892252922058105,1
2.41060733795166,1
2.362471103668213,1
1.9691176414489746,1
1.7922227382659912,1
2.445068597793579,1
2.9781112670898438,1
2.1753618717193604,1
2.2480485439300537,1
2.524503469467163,1
2.9749646186828613,1
2.3693699836730957,1
2.6440203189849854,1
2.413186550140381,1
2.0684468746185303,1
2.1164002418518066,1
3.058633804321289,1
2.208141803741455,1
1.9507988691329956,1
1.9701030254364014,1
1.7394330501556396,1
2.4087424278259277,1
2.0010664463043213,1
3.791714668273926,1
2.0315709114074707,1
2.222987174987793,1
2.4589242935180664,1
2.4901726245880127,1
2.0912251472473145,1
1.6955032348632813,1
2.769688606262207,1
2.3722190856933594,1
2.42105770111084,1
2.739112138748169,1
3.0654542446136475,1
2.061788558959961,1
1.958927869796753,1
2.196807861328125,1
1.5610157251358032,1
3.0232081413269043,1
2.6100354194641113,1
2.183952569961548,1
1.8131749629974365,1
2.4932122230529785,1
1.8881959915161133,1
2.2408127784729004,1
2.5572805404663086,1
2.258620262145996,1
2.4741673469543457,1
2.376873254776001,1
2.3490567207336426,1
2.708352565765381,1
2.305980682373047,1
2.061014175415039,1
1.832946538925171,1
2.309318780899048,1
2.3569552898406982,1
1.675842046737671,1
1.8969569206237793,1
3.0620741844177246,1
2.955322027206421,1
2.5478928089141846,1
2.457735061645508,1
2.5272417068481445,1
2.717257022857666,1
2.410475492477417,1
2.193932294845581,1
1.6911146640777588,1
1.8273359537124634,1
2.3669075965881348,1
2.5432236194610596,1
2.175386428833008,1
2.36030912399292,1
1.934720516204834,1
2.1747069358825684,1
1.8435935974121094,1
2.352489471435547,1
2.6681933403015137,1
1.8369710445404053,1
2.539565086364746,1
1.9862616062164307,1
2.284837007522583,1
2.685978412628174,1
2.038630723953247,1
2.111821174621582,1
2.04292631149292,1
2.326083183288574,1
2.1114630699157715,1
2.2354979515075684,1
2.303201675415039,1
2.40029239654541,1
2.3640646934509277,1
2.253483772277832,1
2.5235161781311035,1
2.097090005874634,1
2.553834915161133,1
2.047293186187744,1
2.724367141723633,1
2.1179089546203613,1
2.524498462677002,1
2.1637744903564453,1
2.428431987762451,1
2.173020362854004,1
2.1605186462402344,1
1.8993678092956543,1
2.3245415687561035,1
2.7790424823760986,1
1.9008257389068604,1
2.4553961753845215,1
2.0727996826171875,1
2.5598440170288086,1
2.549960136413574,1
2.3914794921875,1
2.470458984375,1
2.443148374557495,1
2.286996603012085,1
2.3621857166290283,1
2.559901714324951,1
2.3872358798980713,1
2.7424726486206055,1
2.1191680431365967,1
2.124382257461548,1
2.4502649307250977,1
2.133138656616211,1
1.9814571142196655,1
1.8870574235916138,1
2.436528205871582,1
2.2588980197906494,1
2.2523765563964844,1
2.303720235824585,1
2.32838773727417,1
2.3066089153289795,1
2.0392088890075684,1
1.877784013748169,1
1.9032316207885742,1
2.209326982498169,1
2.7472100257873535,1
1.607572317123413,1
2.5040342807769775,1
2.2877023220062256,1
3.5487048625946045,1
3.178499698638916,1
2.059056520462036,1
1.998769760131836,1
2.4981565475463867,1
2.5594711303710938,1
2.346266746520996,1
2.2130086421966553,1
2.1766116619110107,1
2.5029191970825195,1
2.2828831672668457,1
2.257248878479004,1
2.4327831268310547,1
1.9116694927215576,1
2.2869691848754883,1
2.813830614089966,1
2.590127944946289,1
2.0045228004455566,1
2.008253812789917,1
2.0853562355041504,1
2.2896788120269775,1
2.8684158325195313,1
2.2636590003967285,1
2.032602548599243,1
2.051436424255371,1
2.1795239448547363,1
2.501582384109497,1
3.0569982528686523,1
1.916473388671875,1
1.963560938835144,1
2.0541129112243652,1
2.422856330871582,1
2.370194911956787,1
2.4894895553588867,1
2.6510729789733887,1
1.8655917644500732,1
2.5159339904785156,1
2.2232906818389893,1
1.9911885261535645,1
2.5470023155212402,1
2.5747644901275635,1
2.680056571960449,1
2.5408756732940674,1
2.423609733581543,1
2.0385019779205322,1
2.976907730102539,1
2.2989487648010254,1
2.651155948638916,1
2.4678070545196533,1
2.4083945751190186,1
2.7014236450195313,1
1.9591768980026245,1
1.7667956352233887,1
1.6634923219680786,1
2.173675537109375,1
2.0764434337615967,1
3.2635581493377686,1
2.375499963760376,1
2.343355655670166,1
2.0472612380981445,1
2.559385299682617,1
2.3703014850616455,1
1.700911045074463,1
1.5111634731292725,1
2.1898865699768066,1
2.2795681953430176,1
2.1618237495422363,1
1.7127735614776611,1
1.9242615699768066,1
2.7819347381591797,1
2.201033115386963,1
2.4396281242370605,1
2.4182896614074707,1
2.69026780128479,1
2.7398252487182617,1
2.3465678691864014,1
2.298562526702881,1
2.8340134620666504,1
2.4865708351135254,1
1.8409090042114258,1
2.415195941925049,1
2.0615243911743164,1
2.095977783203125,1
2.4912376403808594,1
1.9525818824768066,1
2.068730354309082,1
2.951107978820801,1
1.9744480848312378,1
2.5448625087738037,1
2.0435242652893066,1
2.323422431945801,1
2.4766154289245605,1
2.429835081100464,1
2.248019218444824,1
2.4903385639190674,1
2.573072671890259,1
2.918585777282715,1
2.28348970413208,1
1.7620961666107178,1
2.2540218830108643,1
2.235471725463867,1
2.537128210067749,1
2.7120683193206787,1
1.891472339630127,1
1.9888191223144531,1
2.348026752471924,1
1.8590774536132813,1
1.970987319946289,1
2.4498562812805176,1
2.245203971862793,1
1.9614604711532593,1
1.8460062742233276,1
1.9882807731628418,1
2.2190232276916504,1
2.7664499282836914,1
2.8188140392303467,1
1.9243441820144653,1
2.106915235519409,1
2.784228801727295,1
2.863420009613037,1
2.886758804321289,1
2.29976749420166,1
2.6770827770233154,1
1.9909379482269287,1
2.099712371826172,1
3.0958964824676514,1
2.558149576187134,1
1.9902348518371582,1
2.789060354232788,1
2.872269630432129,1
2.1708507537841797,1
2.4570164680480957,1
2.3756375312805176,1
2.5296220779418945,1
1.7831217050552368,1
2.985706090927124,1
2.3571908473968506,1
3.3087780475616455,1
2.275690793991089,1
3.0883567333221436,1
2.1675987243652344,1
3.9865384101867676,1
3.489429235458374,1
2.2065930366516113,1
2.0853538513183594,1
1.9998351335525513,1
2.679797410964966,1
3.187389373779297,1
2.61340594291687,1
2.987553358078003,1
2.6575918197631836,1
2.2470757961273193,1
2.727569818496704,1
2.841064929962158,1
2.223013162612915,1
2.759589672088623,1
2.609504222869873,1
3.064183235168457,1
2.7591702938079834,1
2.205942153930664,1
3.3135361671447754,1
2.6398048400878906,1
3.486457347869873,1
2.803769588470459,1
2.6751465797424316,1
2.9773268699645996,1
2.2102322578430176,1
2.4554686546325684,1
3.936899423599243,1
2.671298027038574,1
2.402500629425049,1
2.3522982597351074,1
2.456561326980591,1
2.492702007293701,1
2.235043525695801,1
2.0758745670318604,1
2.7533161640167236,1
2.458271026611328,1
2.4563446044921875,1
1.9837591648101807,1
2.54529070854187,1
3.046077013015747,1
2.22745943069458,1
2.42836332321167,1
2.5426247119903564,1
2.682770252227783,1
2.7008743286132813,1
3.100271701812744,1
2.4730024337768555,1
2.4037952423095703,1
2.812870502471924,1
2.1400160789489746,1
2.7760605812072754,1
2.0999083518981934,1
2.5239510536193848,1
2.2689883708953857,1
2.1358513832092285,1
2.3293566703796387,1
1.843981146812439,1
2.214869260787964,1
2.2414374351501465,1
2.235703945159912,1
2.0594420433044434,1
2.3200716972351074,1
1.7266396284103394,1
2.3245575428009033,1
1.9247632026672363,1
2.1415915489196777,1
2.1700968742370605,1
1.9178435802459717,1
2.0180673599243164,1
3.669066905975342,1
2.684307813644409,1
2.284916400909424,1
2.030646562576294,1
1.9408018589019775,1
2.262619733810425,1
2.091794967651367,1
2.891932249069214,1
2.572598457336426,1
2.276078939437866,1
2.2398452758789063,1
1.2792973518371582,1
2.3820247650146484,1
2.4208810329437256,1
2.1402976512908936,1
2.6207480430603027,1
2.0066792964935303,1
1.7611024379730225,1
2.278909921646118,1
2.2172837257385254,1
1.8637462854385376,1
1.5619267225265503,1
2.25300931930542,1
2.000452995300293,1
2.0909347534179688,1
2.063640594482422,1
2.008732318878174,1
2.3905622959136963,1
1.8513301610946655,1
2.733964443206787,1
2.1450955867767334,1
2.092590570449829,1
2.3210291862487793,1
2.013336420059204,1
2.774534225463867,1
3.0568060874938965,1
2.2878589630126953,1
2.369568347930908,1
2.6638307571411133,1
2.8114709854125977,1
2.321377992630005,1
1.687964677810669,1
2.4346868991851807,1
1.838215708732605,1
1.9677832126617432,1
3.235203504562378,1
3.1130831241607666,1
2.103372097015381,1
2.6159517765045166,1
3.380391836166382,1
2.0866498947143555,1
2.842339038848877,1
2.4218297004699707,1
2.133476972579956,1
2.2121529579162598,1
2.6084365844726563,1
2.713075637817383,1
2.1464316844940186,1
1.899135947227478,1
1.792123556137085,1
3.2023167610168457,1
2.502985954284668,1
2.537517786026001,1
2.2100799083709717,1
2.6564078330993652,1
2.1639885902404785,1
2.1136374473571777,1
2.50956392288208,1
2.822901725769043,1
2.728694438934326,1
2.5077834129333496,1
1.8468601703643799,1
2.928591728210449,1
2.5502772331237793,1
2.9879114627838135,1
2.467423915863037,1
2.345999240875244,1
2.4550397396087646,1
2.5989792346954346,1
2.8032522201538086,1
2.6157078742980957,1
2.160449743270874,1
2.746466875076294,1
2.9249839782714844,1
2.7455053329467773,1
1.9080350399017334,1
2.453331708908081,1
2.5995678901672363,1
3.2283377647399902,1
2.6724801063537598,1
2.2344789505004883,1
2.5728559494018555,1
2.5179243087768555,1
3.1096243858337402,1
2.8313467502593994,1
2.558678150177002,1
2.1297378540039063,1
2.6255781650543213,1
2.615692615509033,1
4.4749603271484375,1
2.431779384613037,1
2.412431240081787,1
2.6417109966278076,1
2.712202310562134,1
2.7291979789733887,1
2.1211578845977783,1
2.8703970909118652,1
2.532632827758789,1
2.929251194000244,1
2.339486837387085,1
2.4436087608337402,1
2.514700174331665,1
2.7040886878967285,1
2.1618540287017822,1
2.4310336112976074,1
2.521294116973877,1
2.363795280456543,1
2.0336475372314453,1
2.6002864837646484,1
2.867396831512451,1
2.2222306728363037,1
2.157188892364502,1
2.4855613708496094,1
2.12789249420166,1
2.489264488220215,1
2.630330801010132,1
2.580599308013916,1
2.289170265197754,1
1.898364782333374,1
2.5015735626220703,1
2.6245856285095215,1
2.922823429107666,1
2.0263559818267822,1
1.6361569166183472,1
2.0713438987731934,1
2.090388536453247,1
2.4742431640625,1
1.9435678720474243,1
2.650181531906128,1
2.719001054763794,1
2.1642909049987793,1
2.309065818786621,1
2.291907787322998,1
2.682015895843506,1
1.8376022577285767,1
2.3970870971679688,1
2.653038501739502,1
2.9388515949249268,1
2.0285074710845947,1
1.8890235424041748,1
1.7288185358047485,1
2.2135915756225586,1
2.4435904026031494,1
2.6480631828308105,1
2.0958781242370605,1
2.2138707637786865,1
2.1411638259887695,1
2.181649684906006,1
1.8679245710372925,1
2.293883800506592,1
2.4774796962738037,1
2.0878803730010986,1
1.6124813556671143,1
2.7063381671905518,1
1.9548019170761108,1
1.9604132175445557,1
2.2963063716888428,1
2.2745351791381836,1
2.0863046646118164,1
1.624833583831787,1
1.9362471103668213,1
2.0811362266540527,1
2.1493120193481445,1
2.2856130599975586,1
1.97261381149292,1
2.225630760192871,1
2.7268054485321045,1
2.4722094535827637,1
2.256312847137451,1
2.2668914794921875,1
2.009873151779175,1
2.458998918533325,1
2.04940128326416,1
2.2181780338287354,1
1.5402170419692993,1
1.923029899597168,1
2.403348922729492,1
2.293031692504883,1
2.3350777626037598,1
3.1441097259521484,1
2.416816234588623,1
2.2826390266418457,1
2.7085154056549072,1
2.5049796104431152,1
2.288541555404663,1
1.5127527713775635,1
2.552290201187134,1
2.2263565063476563,1
1.8679556846618652,1
2.35848331451416,1
2.0943310260772705,1
2.469660758972168,1
2.18788480758667,1
2.3184072971343994,1
2.828831672668457,1
2.6754093170166016,1
2.26336669921875,1
1.7486884593963623,1
2.120537281036377,1
1.524612307548523,1
2.110755205154419,1
2.933633804321289,1
1.9983737468719482,1
1.7836766242980957,1
2.1737608909606934,1
2.371800422668457,1
2.846433162689209,1
1.9818027019500732,1
2.5318353176116943,1
1.9544322490692139,1
2.8733439445495605,1
2.236212968826294,1
2.47739315032959,1
1.9889966249465942,1
2.367461681365967,1
2.3384575843811035,1
2.8521924018859863,1
2.3957085609436035,1
2.430391788482666,1
2.7856082916259766,1
2.89111328125,1
2.2681519985198975,1
3.109283447265625,1
2.621016025543213,1
2.251345634460449,1
2.1467816829681396,1
1.8041553497314453,1
2.669168472290039,1
2.0988667011260986,1
2.3556787967681885,1
2.1960344314575195,1
1.964735507965088,1
2.096498727798462,1
2.1525588035583496,1
2.661073684692383,1
2.8010098934173584,1
2.1373374462127686,1
1.9600610733032227,1
2.129159927368164,1
2.180650234222412,1
2.2955546379089355,1
2.389230966567993,1
1.9372215270996094,1
2.3490238189697266,1
2.6006789207458496,1
2.4050862789154053,1
2.118032932281494,1
2.7321066856384277,1
2.0391764640808105,1
2.3979084491729736,1
2.342783212661743,1
2.4079604148864746,1
2.109140396118164,1
2.3432867527008057,1
2.661195993423462,1
2.2932846546173096,1
1.9015141725540161,1
2.0521836280822754,1
3.993741035461426,1
2.3137874603271484,1
2.1391513347625732,1
2.57222056388855,1
2.443899631500244,1
1.9336113929748535,1
2.0592188835144043,1
3.075441837310791,1
2.1372313499450684,1
2.470608711242676,1
2.095644474029541,1
2.631004571914673,1
2.413522720336914,1
2.0392794609069824,1
2.0097954273223877,1
2.4568357467651367,1
2.328017234802246,1
2.0482120513916016,1
2.0271170139312744,1
2.535982370376587,1
1.943307876586914,1
2.6694376468658447,1
2.3768234252929688,1
2.0728540420532227,1
2.935575485229492,1
2.065185785293579,1
2.527808427810669,1
2.1329874992370605,1
2.178736448287964,1
2.417524814605713,1
2.2247672080993652,1
2.0452311038970947,1
2.8155012130737305,1
2.120023250579834,1
1.8437168598175049,1
2.652499198913574,1
2.2600278854370117,1
2.5534560680389404,1
1.9684897661209106,1
2.2244434356689453,1
2.489375352859497,1
1.7048453092575073,1
1.8763787746429443,1
2.9514126777648926,1
2.1942484378814697,1
2.0161972045898438,1
1.9188525676727295,1
2.0711328983306885,1
2.9042372703552246,1
2.462967872619629,1
2.2017698287963867,1
2.3908133506774902,1
2.7656784057617188,1
2.8125383853912354,1
2.653531312942505,1
1.673519253730774,1
2.5243563652038574,1
2.4155330657958984,1
3.0765278339385986,1
2.3073291778564453,1
2.8675506114959717,1
2.488009452819824,1
2.5980820655822754,1
2.1338694095611572,1
2.619112014770508,1
2.160442590713501,1
2.2550017833709717,1
2.41778564453125,1
2.780644416809082,1
2.8182449340820313,1
2.5677146911621094,1
2.3823132514953613,1
2.54360032081604,1
2.888570785522461,1
3.185370683670044,1
2.1271908283233643,1
2.2713756561279297,1
2.1445817947387695,1
2.1693358421325684,1
2.546604871749878,1
2.7398061752319336,1
2.2417593002319336,1
2.748525857925415,1
2.245518922805786,1
2.1795144081115723,1
2.638612985610962,1
1.8244247436523438,1
2.4296717643737793,1
2.0754594802856445,1
2.3380589485168457,1
1.878783941268921,1
2.540269374847412,1
2.6019554138183594,1
2.47245717048645,1
2.2391812801361084,1
2.6958606243133545,1
2.4203085899353027,1
1.5338890552520752,1
2.0474178791046143,1
1.9764268398284912,1
2.3087453842163086,1
1.709644079208374,1
2.2978196144104004,1
2.5863494873046875,1
2.042386770248413,1
2.3026819229125977,1
2.04628324508667,1
2.162749767303467,1
2.157284736633301,1
2.4144182205200195,1
2.2966926097869873,1
2.169106960296631,1
3.104386329650879,1
1.6205227375030518,1
2.3454794883728027,1
2.291457176208496,1
2.267381191253662,1
2.271914005279541,1
3.048171043395996,1
2.37091326713562,1
2.3181583881378174,1
2.6104650497436523,1
2.511223077774048,1
1.7932170629501343,1
2.1424829959869385,1
2.169074535369873,1
2.2488138675689697,1
2.4294562339782715,1
2.1302733421325684,1
2.134620189666748,1
2.28867244720459,1
2.302945613861084,1
2.2363297939300537,1
2.4475626945495605,1
2.3389105796813965,1
1.7291505336761475,1
2.0844621658325195,1
2.265075206756592,1
2.3082737922668457,1
2.185434579849243,1
2.0972681045532227,1
1.911634922027588,1
1.7777003049850464,1
2.1148183345794678,1
2.3056044578552246,1
2.4221203327178955,1
2.4837095737457275,1
1.560278058052063,1
2.8889739513397217,1
2.3307957649230957,1
2.0331950187683105,1
2.3175365924835205,1
2.559907913208008,1
1.9862370491027832,1
2.43587589263916,1
2.096165657043457,1
2.6957268714904785,1
3.742471933364868,1
2.605833053588867,1
2.0317680835723877,1
2.4865381717681885,1
2.059645891189575,1
2.2953763008117676,1
2.3645224571228027,1
2.368312120437622,1
2.4426002502441406,1
2.285651683807373,1
2.318911075592041,1
2.0102086067199707,1
2.311164617538452,1
2.347783327102661,1
1.943489670753479,1
2.9836926460266113,1
1.4589226245880127,1
2.2552542686462402,1
2.397677421569824,1
2.4489541053771973,1
2.2558233737945557,1
2.2831828594207764,1
1.8739594221115112,1
2.770258903503418,1
2.835641860961914,1
1.6574890613555908,1
2.566190719604492,1
2.0228235721588135,1
2.295957088470459,1
1.9313807487487793,1
3.0230460166931152,1
2.9945623874664307,1
2.926541566848755,1
2.1508586406707764,1
2.321748733520508,1
2.3009142875671387,1
2.590878486633301,1
3.0505523681640625,1
1.9988093376159668,1
2.0133039951324463,1
2.1907169818878174,1
2.778134822845459,1
2.8455097675323486,1
2.614701271057129,1
2.4223673343658447,1
2.8584256172180176,1
2.3762869834899902,1
2.584256649017334,1
1.836573839187622,1
2.2860426902770996,1
2.1062049865722656,1
2.5842885971069336,1
2.6989312171936035,1
2.4288487434387207,1
1.8815990686416626,1
2.4119772911071777,1
1.9201034307479858,1
2.752293586730957,1
2.9881694316864014,1
2.424057960510254,1
2.899869441986084,1
2.470470428466797,1
2.096524477005005,1
2.247065544128418,1
2.21201229095459,1
2.2522828578948975,1
2.690847635269165,1
2.5143282413482666,1
2.370394229888916,1
1.5339430570602417,1
2.0045502185821533,1
1.7025163173675537,1
2.0132834911346436,1
2.0601871013641357,1
2.210313320159912,1
1.7405604124069214,1
2.354517698287964,1
2.2902300357818604,1
2.1069769859313965,1
1.7820990085601807,1
1.9113526344299316,1
2.458804130554199,1
1.940140962600708,1
1.8234615325927734,1
1.9938112497329712,1
2.2661516666412354,1
2.16038179397583,1
2.186285972595215,1
2.084193468093872,1
1.851940631866455,1
1.747941017150879,1
2.2544660568237305,1
2.45184326171875,1
2.294745445251465,1
1.9616813659667969,1
2.576162338256836,1
2.5657668113708496,1
1.9399861097335815,1
2.4017834663391113,1
3.116586446762085,1
2.3846993446350098,1
2.8328614234924316,1
3.052631378173828,1
2.1960508823394775,1
2.698615312576294,1
1.9209871292114258,1
2.339484214782715,1
2.372798442840576,1
2.64860200881958,1
2.373058795928955,1
1.8360687494277954,1
2.3606088161468506,1
1.5791585445404053,1
1.7918215990066528,1
1.9849483966827393,1
2.2119669914245605,1
2.1930325031280518,1
2.401487112045288,1
2.276475667953491,1
2.6024272441864014,1
2.763943672180176,1
2.5846495628356934,1
1.8345410823822021,1
1.9861599206924438,1
2.5579066276550293,1
2.312962532043457,1
2.1679680347442627,1
2.040208578109741,1
2.680661678314209,1
2.7084693908691406,1
2.869027614593506,1
2.188045024871826,1
2.28444504737854,1
2.2860872745513916,1
2.979691743850708,1
1.9545332193374634,1
2.0135860443115234,1
2.382206916809082,1
2.5263381004333496,1
2.2956833839416504,1
1.9561461210250854,1
2.53597354888916,1
2.1284422874450684,1
2.297579288482666,1
2.499020576477051,1
2.115912437438965,1
2.578423023223877,1
2.1870596408843994,1
2.402214288711548,1
2.386474609375,1
3.090310573577881,1
2.2047946453094482,1
2.0858988761901855,1
2.252007246017456,1
2.618067502975464,1
2.1031148433685303,1
2.874020576477051,1
2.5378355979919434,1
2.2049574851989746,1
1.9844785928726196,1
2.6812164783477783,1
2.6723392009735107,1
1.9193589687347412,1
2.2373366355895996,1
1.9249727725982666,1
2.4805150032043457,1
2.112051010131836,1
2.0272159576416016,1
2.2939107418060303,1
2.6175460815429688,1
1.9419541358947754,1
2.5843935012817383,1
2.1772336959838867,1
2.8544957637786865,1
2.6973214149475098,1
2.731987714767456,1
1.915834903717041,1
2.6175122261047363,1
2.4168925285339355,1
1.9932055473327637,1
2.6330504417419434,1
2.27913498878479,1
2.1741127967834473,1
1.8324575424194336,1
1.989121437072754,1
2.1656155586242676,1
1.9974957704544067,1
1.847000241279602,1
2.590773105621338,1
2.051262855529785,1
2.6474456787109375,1
2.4762682914733887,1
1.7712925672531128,1
2.658900737762451,1
2.1942663192749023,1
2.159615993499756,1
2.296466112136841,1
2.047182083129883,1
2.436490058898926,1
2.566822052001953,1
1.696385383605957,1
1.8490839004516602,1
2.237211227416992,1
2.255807399749756,1
1.7972866296768188,1
3.091980218887329,1
2.788519859313965,1
2.202995777130127,1
2.4425601959228516,1
2.668379783630371,1
2.276226043701172,1
3.214542865753174,1
1.9393693208694458,1
2.3927297592163086,1
2.5367188453674316,1
2.0714075565338135,1
2.0003480911254883,1
2.1466352939605713,1
2.1095540523529053,1
2.0202701091766357,1
1.927132487297058,1
2.4768762588500977,1
2.42466402053833,1
1.9810221195220947,1
2.250307559967041,1
2.155941963195801,1
2.5520389080047607,1
2.88069748878479,1
2.1653170585632324,1
2.3792383670806885,1
2.4530539512634277,1
2.3544774055480957,1
2.6797351837158203,1
2.9507341384887695,1
2.277327537536621,1
2.0200047492980957,1
3.194000244140625,1
2.0247647762298584,1
1.7958686351776123,1
2.217533826828003,1
1.9336464405059814,1
2.5003838539123535,1
1.9159547090530396,1
2.3230457305908203,1
1.765953779220581,1
1.8062217235565186,1
2.659571647644043,1
1.8966927528381348,1
2.6670749187469482,1
2.582151174545288,1
2.622878313064575,1
2.033341407775879,1
2.2032511234283447,1
2.219822883605957,1
2.5920324325561523,1
2.5527865886688232,1
2.2868077754974365,1
2.14809513092041,1
2.0688695907592773,1
2.3831186294555664,1
2.489631175994873,1
2.349058151245117,1
2.8574442863464355,1
2.693301200866699,1
2.0314254760742188,1
1.5726935863494873,1
1.9914591312408447,1
2.0642435550689697,1
1.6823482513427734,1
2.4743313789367676,1
2.5402557849884033,1
2.7660341262817383,1
2.5255842208862305,1
3.008495330810547,1
2.386404514312744,1
2.695805072784424,1
2.2826528549194336,1
3.5491037368774414,1
2.1213746070861816,1
1.9262901544570923,1
2.7514820098876953,1
3.2117667198181152,1
2.7942018508911133,1
2.6726818084716797,1
3.4872918128967285,1
3.7598021030426025,1
3.7713236808776855,1
2.419313430786133,1
2.67279052734375,1
2.2531356811523438,1
2.6912946701049805,1
2.4909839630126953,1
2.5507314205169678,1
2.404201030731201,1
2.5008738040924072,1
2.032944917678833,1
1.94093918800354,1
2.11447811126709,1
2.4629735946655273,1
2.2789595127105713,1
2.647216320037842,1
2.349341869354248,1
2.1174514293670654,1
2.2283577919006348,1
2.809162139892578,1
2.0252811908721924,1
1.9453558921813965,1
2.6841917037963867,1
3.1573100090026855,1
2.1236844062805176,1
2.1576013565063477,1
2.7623515129089355,1
2.8449039459228516,1
2.1594491004943848,1
2.742112159729004,1
2.7100181579589844,1
1.8829436302185059,1
2.6653389930725098,1
2.2081127166748047,1
2.016622543334961,1
3.0518746376037598,1
2.7718453407287598,1
2.48553729057312,1
2.113682270050049,1
2.330284595489502,1
2.8717188835144043,1
3.0221424102783203,1
2.940673351287842,1
2.4075071811676025,1
2.1354148387908936,1
2.0492403507232666,1
3.288675308227539,1
3.0025157928466797,1
2.146996021270752,1
2.722337007522583,1
2.597076177597046,1
2.3850913047790527,1
3.5934104919433594,1
2.706160545349121,1
2.6378931999206543,1
2.4360666275024414,1
2.62812876701355,1
2.6099131107330322,1
1.9600238800048828,1
2.416290521621704,1
2.772555351257324,1
2.1508829593658447,1
2.2103350162506104,1
3.1966934204101563,1
2.0573296546936035,1
2.875609874725342,1
2.3007473945617676,1
3.2804720401763916,1
2.4390687942504883,1
2.9438424110412598,1
2.743276357650757,1
2.8488950729370117,1
1.8506824970245361,1
2.7907168865203857,1
2.3443450927734375,1
2.3100056648254395,1
2.8989315032958984,1
2.2671959400177,1
3.319345712661743,1
3.8021373748779297,1
2.2494759559631348,1
2.906264305114746,1
3.3608040809631348,1
4.175395488739014,1
3.3609347343444824,1
3.149261951446533,1
3.009721279144287,1
2.8434207439422607,1
2.5677268505096436,1
3.2002451419830322,1
3.2267441749572754,1
2.2650580406188965,1
2.2194113731384277,1
1.9984931945800781,1
2.4626872539520264,1
2.6907167434692383,1
3.016580581665039,1
2.1745707988739014,1
3.0054240226745605,1
2.3688058853149414,1
2.426433801651001,1
2.4301528930664063,1
3.0175156593322754,1
2.555972099304199,1
3.062168598175049,1
2.2470648288726807,1
2.543635606765747,1
3.056506395339966,1
2.456831455230713,1
2.1370632648468018,1
2.5902442932128906,1
2.484189510345459,1
2.212531805038452,1
2.1496658325195313,1
2.722048282623291,1
2.7236151695251465,1
2.0383036136627197,1
2.2510528564453125,1
2.2369604110717773,1
1.6620692014694214,1
2.470104217529297,1
2.066035032272339,1
2.4036645889282227,1
2.6231350898742676,1
2.594398021697998,1
2.4057788848876953,1
2.3436641693115234,1
2.6225249767303467,1
2.518251657485962,1
1.9904412031173706,1
2.1716578006744385,1
2.480445384979248,1
2.6215131282806396,1
3.013566493988037,1
2.379868984222412,1
2.350473642349243,1
2.3662068843841553,1
2.311405658721924,1
2.0046310424804688,1
2.343447208404541,1
2.70552659034729,1
2.001479387283325,1
2.1985671520233154,1
2.2248928546905518,1
2.1873884201049805,1
2.620058298110962,1
2.3462233543395996,1
1.7227954864501953,1
2.0790562629699707,1
2.583134889602661,1
1.6691758632659912,1
2.242213726043701,1
2.669036865234375,1
2.1089634895324707,1
2.965714454650879,1
2.7848575115203857,1
2.0884976387023926,1
2.2519752979278564,1
2.827394962310791,1
2.017210006713867,1
2.4292519092559814,1
2.620805263519287,1
2.4804813861846924,1
2.2295022010803223,1
2.509754180908203,1
3.0069313049316406,1
2.0434746742248535,1
1.9830262660980225,1
3.0477170944213867,1
2.2832446098327637,1
2.5939598083496094,1
2.553478479385376,1
1.6732441186904907,1
1.9323564767837524,1
1.9278538227081299,1
2.30206036567688,1
2.4918625354766846,1
2.269261360168457,1
2.5580410957336426,1
2.406369686126709,1
2.032559871673584,1
2.1642744541168213,1
1.7010488510131836,1
1.819197654724121,1
2.5642354488372803,1
1.8262627124786377,1
2.269059419631958,1
2.21988582611084,1
2.1103196144104004,1
2.2101423740386963,1
2.3734309673309326,1
2.2882285118103027,1
2.33237361907959,1
2.1886372566223145,1
1.9374098777770996,1
1.9475226402282715,1
2.3377106189727783,1
2.539382219314575,1
3.078461170196533,1
2.0691587924957275,1
2.2538976669311523,1
2.197679281234741,1
2.612473487854004,1
2.084942102432251,1
2.542588710784912,1
2.3055176734924316,1
2.22137188911438,1
2.1778454780578613,1
2.327854871749878,1
2.7056663036346436,1
1.5399274826049805,1
3.2066683769226074,1
2.3437459468841553,1
2.996030807495117,1
2.444599151611328,1
2.431401252746582,1
2.3775925636291504,1
2.212594509124756,1
2.5005648136138916,1
2.252246856689453,1
2.7928950786590576,1
2.1806375980377197,1
2.4468562602996826,1
2.2758283615112305,1
2.0597927570343018,1
1.8340506553649902,1
2.067070245742798,1
2.4437379837036133,1
2.363401412963867,1
2.055354356765747,1
2.4450197219848633,1
2.5497589111328125,1
2.0004165172576904,1
2.023613214492798,1
2.401094913482666,1
2.6977052688598633,1
1.8749788999557495,1
2.0990874767303467,1
2.248411178588867,1
2.4023475646972656,1
2.6721994876861572,1
3.2204396724700928,1
2.086298942565918,1
2.243466854095459,1
2.5804057121276855,1
2.020268201828003,1
2.4212288856506348,1
2.58440899848938,1
2.0119707584381104,1
2.003390312194824,1
2.439828395843506,1
2.176614284515381,1
2.0588724613189697,1
2.282179355621338,1
2.529575824737549,1
1.862904667854309,1
2.150599956512451,1
1.8481309413909912,1
3.219747543334961,1
2.2671923637390137,1
2.8061695098876953,1
2.044717788696289,1
1.894620656967163,1
1.9873569011688232,1
2.664560079574585,1
2.2408227920532227,1
2.105478048324585,1
2.516050338745117,1
2.2738142013549805,1
2.25247859954834,1
2.417114734649658,1
2.436981201171875,1
2.75093674659729,1
2.7558414936065674,1
3.50022554397583,1
2.1026177406311035,1
3.1418685913085938,1
3.0263164043426514,1
3.1199769973754883,1
3.123246908187866,1
2.7117810249328613,1
1.9665831327438354,1
2.926027297973633,1
3.4655799865722656,1
3.9988937377929688,1
2.4792537689208984,1
2.3852601051330566,1
2.583118200302124,1
2.3958864212036133,1
3.4671244621276855,1
3.4014458656311035,1
3.047239303588867,1
2.6091325283050537,1
2.645580291748047,1
2.769102096557617,1
2.2870874404907227,1
2.1476082801818848,1
2.3565924167633057,1
2.4086947441101074,1
2.7622416019439697,1
2.1356687545776367,1
3.0521957874298096,1
2.3486268520355225,1
1.8191313743591309,1
2.201450824737549,1
2.442498207092285,1
2.165710926055908,1
2.0567970275878906,1
2.059476852416992,1
2.1400465965270996,1
2.0809779167175293,1
2.5431694984436035,1
2.0504610538482666,1
1.6623611450195313,1
1.8891749382019043,1
2.8613548278808594,1
2.960216760635376,1
2.2487587928771973,1
3.1054348945617676,1
2.053889751434326,1
2.502349376678467,1
2.082225799560547,1
2.86264705657959,1
2.3715121746063232,1
2.024670362472534,1
2.200298547744751,1
2.672168731689453,1
2.343665361404419,1
1.9628076553344727,1
2.9811506271362305,1
2.1133780479431152,1
2.2271926403045654,1
2.5993618965148926,1
2.345581531524658,1
2.459134101867676,1
1.9811327457427979,1
2.298118829727173,1
2.8230533599853516,1
1.8355629444122314,1
2.341063976287842,1
1.9132204055786133,1
1.786573886871338,1
2.443983554840088,1
2.2388362884521484,1
2.582380771636963,1
2.4191274642944336,1
2.3264551162719727,1
2.2066235542297363,1
2.7172439098358154,1
2.123304843902588,1
2.336851119995117,1
2.4771645069122314,1
2.3321340084075928,1
2.371802806854248,1
2.69518780708313,1
1.9335801601409912,1
2.6294026374816895,1
2.528066873550415,1
2.7861759662628174,1
1.752537727355957,1
2.544778347015381,1
2.3279640674591064,1
2.2335355281829834,1
2.5361642837524414,1
2.0179052352905273,1
2.016981840133667,1
2.359394073486328,1
2.199721336364746,1
2.155062675476074,1
2.6520211696624756,1
2.4947283267974854,1
2.4902026653289795,1
2.122572183609009,1
2.3648762702941895,1
3.08638334274292,1
2.0594189167022705,1
1.9355988502502441,1
2.6633079051971436,1
2.374912738800049,1
2.4200682640075684,1
1.8505020141601563,1
3.227789878845215,1
2.017782211303711,1
2.5961577892303467,1
2.2903592586517334,1
2.0857605934143066,1
2.910278797149658,1
2.283762216567993,1
2.0990121364593506,1
2.551398277282715,1
2.308842658996582,1
2.0767621994018555,1
2.2749581336975098,1
2.73103666305542,1
2.5432400703430176,1
2.9618406295776367,1
2.5377206802368164,1
2.508772134780884,1
2.334486722946167,1
2.239532947540283,1
2.0249850749969482,1
2.645895481109619,1
2.761627197265625,1
4.531364440917969,1
3.2430033683776855,1
2.8832061290740967,1
2.146411180496216,1
2.5721561908721924,1
1.6584147214889526,1
2.7732467651367188,1
2.8267080783843994,1
2.6804540157318115,1
2.3505821228027344,1
2.787907600402832,1
2.8275742530822754,1
2.462614059448242,1
2.8019638061523438,1
2.721470355987549,1
2.0147790908813477,1
2.4711179733276367,1
2.779747724533081,1
2.071650981903076,1
2.1430323123931885,1
2.3553853034973145,1
2.3308067321777344,1
2.1832966804504395,1
2.676525831222534,1
2.5769920349121094,1
2.053302764892578,1
2.8196475505828857,1
2.7155115604400635,1
1.8911691904067993,1
2.261896848678589,1
2.158818244934082,1
2.264153242111206,1
2.2672972679138184,1
2.5644607543945313,1
2.225809097290039,1
2.049342155456543,1
2.2898197174072266,1
2.571124792098999,1
3.172947645187378,1
2.070343494415283,1
2.2425169944763184,1
2.290280818939209,1
1.8190151453018188,1
2.652435302734375,1
2.249804973602295,1
1.950764775276184,1
2.519594430923462,1
2.3349366188049316,1
2.687224864959717,1
2.441666603088379,1
2.325244665145874,1
3.1602025032043457,1
2.205890655517578,1
2.5206756591796875,1
2.6815812587738037,1
2.573223114013672,1
2.142758369445801,1
2.4347610473632813,1
2.5285260677337646,1
2.2619199752807617,1
2.396120309829712,1
2.0805537700653076,1
2.4785847663879395,1
2.0474443435668945,1
2.3519859313964844,1
2.2259104251861572,1
2.3198819160461426,1
2.108635425567627,1
2.573512554168701,1
2.33119535446167,1
1.996074914932251,1
1.8680524826049805,1
2.2572665214538574,1
2.9199564456939697,1
2.047105312347412,1
2.411041259765625,1
1.9262694120407104,1
2.247438430786133,1
2.3573529720306396,1
2.6327638626098633,1
2.1184535026550293,1
1.9599263668060303,1
2.276455879211426,1
2.215603828430176,1
2.035522222518921,1
2.158341646194458,1
2.1985082626342773,1
2.062488079071045,1
3.0941123962402344,1
2.6260640621185303,1
2.3878188133239746,1
2.3285675048828125,1
2.5390379428863525,1
2.421281337738037,1
2.539353847503662,1
2.326474189758301,1
2.70192289352417,1
2.3067259788513184,1
2.9765701293945313,1
2.7425179481506348,1
3.0361664295196533,1
2.8013715744018555,1
2.7319369316101074,1
2.0860869884490967,1
3.102673053741455,1
2.325688600540161,1
2.187807083129883,1
2.6906039714813232,1
2.3869571685791016,1
2.9995481967926025,1
2.927678108215332,1
3.2636139392852783,1
2.66080904006958,1
2.8072586059570313,1
2.8567965030670166,1
2.494060516357422,1
2.647231101989746,1
2.1064815521240234,1
2.501755714416504,1
2.6145758628845215,1
2.6918632984161377,1
2.627333164215088,1
2.601663827896118,1
2.1793601512908936,1
1.9624671936035156,1
2.1920533180236816,1
2.24936580657959,1
2.396634817123413,1
2.5603301525115967,1
2.0132405757904053,1
2.0098228454589844,1
2.7037289142608643,1
2.624741554260254,1
2.8437485694885254,1
2.5856056213378906,1
2.055652618408203,1
2.5814433097839355,1
2.190077304840088,1
2.072706937789917,1
2.924863338470459,1
2.519779920578003,1
3.0676255226135254,1
2.212491750717163,1
2.287992000579834,1
2.4176278114318848,1
2.823906898498535,1
2.638082504272461,1
2.21579647064209,1
2.2230687141418457,1
4.477075576782227,1
2.3799500465393066,1
2.9830939769744873,1
2.4897918701171875,1
3.2977631092071533,1
2.7631642818450928,1
2.0731353759765625,1
2.3757572174072266,1
2.2811732292175293,1
2.6058130264282227,1
2.826648235321045,1
2.2660722732543945,1
2.787288188934326,1
2.2980990409851074,1
1.945749282836914,1
2.2880685329437256,1
3.128612518310547,1
2.3493223190307617,1
2.422877788543701,1
1.8823953866958618,1
2.387953281402588,1
2.7901101112365723,1
2.109041213989258,1
2.6366701126098633,1
3.23538875579834,1
2.857940196990967,1
2.8814690113067627,1
2.527158260345459,1
2.133700370788574,1
1.5405755043029785,1
2.5068485736846924,1
2.4043498039245605,1
1.945282220840454,1
2.498090982437134,1
2.1868772506713867,1
2.239621162414551,1
2.470099449157715,1
2.1980233192443848,1
2.241102457046509,1
2.1000475883483887,1
2.8752365112304688,1
2.308778762817383,1
2.1385350227355957,1
2.203179359436035,1
2.256747007369995,1
3.122814178466797,1
3.2657852172851563,1
2.730076313018799,1
2.099015474319458,1
2.616726875305176,1
2.9741530418395996,1
2.6364827156066895,1
2.7717361450195313,1
2.4421162605285645,1
2.6619858741760254,1
1.7540535926818848,1
2.4009523391723633,1
2.273200035095215,1
2.3074231147766113,1
1.875008225440979,1
2.855851173400879,1
2.6216747760772705,1
2.161161184310913,1
2.186873435974121,1
2.013258934020996,1
2.3663594722747803,1
2.239226818084717,1
2.203516721725464,1
2.3742661476135254,1
2.4610376358032227,1
1.7784547805786133,1
2.4997730255126953,1
2.7441205978393555,1
2.343585252761841,1
2.9871373176574707,1
2.6043941974639893,1
2.1049442291259766,1
2.1575281620025635,1
2.4281651973724365,1
2.344322681427002,1
2.6851813793182373,1
1.982383131980896,1
2.4814066886901855,1
2.703195571899414,1
2.000455856323242,1
2.182996988296509,1
2.3646669387817383,1
2.000572443008423,1
2.367652654647827,1
2.144717216491699,1
1.8440169095993042,1
2.104729175567627,1
1.8477094173431396,1
2.6365506649017334,1
2.067359447479248,1
2.430685043334961,1
1.775851845741272,1
2.073444128036499,1
2.314229726791382,1
2.118572950363159,1
2.0240478515625,1
1.9114749431610107,1
2.4435248374938965,1
2.1064960956573486,1
2.3723397254943848,1
2.3995847702026367,1
2.4631519317626953,1
3.088554620742798,1
2.0507242679595947,1
1.9994194507598877,1
2.4761717319488525,1
2.184077739715576,1
1.906482219696045,1
2.943164825439453,1
1.8885104656219482,1
1.9819221496582031,1
2.4052178859710693,1
2.2862377166748047,1
2.200523853302002,1
2.2682080268859863,1
2.8467659950256348,1
3.3431200981140137,1
1.9578931331634521,1
1.7749091386795044,1
2.480558395385742,1
2.633821964263916,1
2.943382740020752,1
2.049778461456299,1
2.1779375076293945,1
1.9875036478042603,1
2.19842529296875,1
2.0971245765686035,1
1.9861726760864258,1
2.1952407360076904,1
2.7406649589538574,1
1.9115066528320313,1
2.380398988723755,1
2.551133632659912,1
2.6722452640533447,1
2.038026809692383,1
2.0193517208099365,1
2.210972309112549,1
2.1664819717407227,1
2.9770748615264893,1
2.3970160484313965,1
2.5373542308807373,1
2.791407585144043,1
2.8037972450256348,1
2.344208002090454,1
2.009753704071045,1
2.003124475479126,1
2.385255813598633,1
2.9306154251098633,1
1.9152510166168213,1
2.54093337059021,1
2.414916515350342,1
2.5508899688720703,1
2.48305606842041,1
1.969589114189148,1
2.442498207092285,1
2.702683210372925,1
2.2635374069213867,1
2.5745010375976563,1
3.206491470336914,1
1.764796257019043,1
1.9050264358520508,1
2.4585065841674805,1
2.267573595046997,1
1.9604530334472656,1
2.1154050827026367,1
2.2266879081726074,1
2.301846981048584,1
2.3651723861694336,1
2.706610679626465,1
2.279017210006714,1
2.250014305114746,1
2.284153938293457,1
2.689725637435913,1
2.5259153842926025,1
2.5704398155212402,1
1.7294572591781616,1
2.6057450771331787,1
1.7055009603500366,1
2.3713254928588867,1
2.202605724334717,1
3.0264339447021484,1
2.56290340423584,1
2.3943114280700684,1
2.2904324531555176,1
2.481287956237793,1
2.362659215927124,1
2.010618209838867,1
2.6261324882507324,1
2.2550554275512695,1
2.4614672660827637,1
2.051518440246582,1
2.486083507537842,1
2.4254605770111084,1
2.224999189376831,1
2.2841122150421143,1
2.0593996047973633,1
2.339083194732666,1
2.6822426319122314,1
1.8059287071228027,1
2.899329900741577,1
2.751072645187378,1
2.621285915374756,1
2.931422472000122,1
2.5346739292144775,1
1.830024003982544,1
2.227571487426758,1
2.499985694885254,1
2.2144994735717773,1
2.4181573390960693,1
2.24904203414917,1
2.119266986846924,1
2.5165817737579346,1
2.132394790649414,1
2.279637575149536,1
3.382789134979248,1
1.9255764484405518,1
2.2416677474975586,1
1.9240756034851074,1
3.522757053375244,1
2.3288943767547607,1
2.3225975036621094,1
1.7076457738876343,1
2.5313289165496826,1
1.897237777709961,1
2.863069534301758,1
1.8608509302139282,1
1.8827272653579712,1
2.5418546199798584,1
2.6931934356689453,1
2.5882019996643066,1
2.422264337539673,1
2.322878837585449,1
2.6556286811828613,1
1.8557214736938477,1
2.2607264518737793,1
2.5413827896118164,1
2.3850650787353516,1
1.9595768451690674,1
2.8510637283325195,1
2.870175838470459,1
2.113847255706787,1
2.0215158462524414,1
1.9045648574829102,1
2.319927215576172,1
2.5586869716644287,1
2.198214530944824,1
3.1552648544311523,1
2.3279452323913574,1
2.655081033706665,1
2.889831066131592,1
1.8637936115264893,1
2.139829158782959,1
1.950516939163208,1
2.2412936687469482,1
2.3296475410461426,1
1.900580883026123,1
2.347604990005493,1
2.368954658508301,1
2.2156565189361572,1
2.342144012451172,1
1.9341732263565063,1
2.236537218093872,1
1.8929344415664673,1
2.2787861824035645,1
2.578883171081543,1
2.0377073287963867,1
2.1293785572052,1
2.173887252807617,1
1.696137547492981,1
1.955012321472168,1
2.5083494186401367,1
2.216737747192383,1
2.032179355621338,1
2.079543352127075,1
2.4387712478637695,1
2.203514814376831,1
2.1762866973876953,1
1.5922613143920898,1
1.8082095384597778,1
2.3714911937713623,1
2.215298652648926,1
2.0912697315216064,1
2.2757277488708496,1
2.2306318283081055,1
2.966114044189453,1
2.3831143379211426,1
2.32875394821167,1
2.1988649368286133,1
2.2211954593658447,1
2.187917709350586,1
2.2680211067199707,1
2.502253293991089,1
2.340287446975708,1
2.134695053100586,1
1.8172128200531006,1
2.3980228900909424,1
3.0360236167907715,1
2.7328977584838867,1
2.9136815071105957,1
2.7835781574249268,1
2.682976722717285,1
2.0681777000427246,1
1.8874115943908691,1
2.8566644191741943,1
2.5642354488372803,1
2.319251775741577,1
2.64534854888916,1
2.646881580352783,1
2.2096731662750244,1
2.477388858795166,1
3.1075868606567383,1
1.8540418148040771,1
2.5271410942077637,1
2.039046049118042,1
2.932246208190918,1
2.5135536193847656,1
2.411224365234375,1
2.708617687225342,1
2.435258388519287,1
2.710911512374878,1
2.420966625213623,1
2.7150919437408447,1
3.017425775527954,1
2.359658718109131,1
2.2325847148895264,1
2.970789909362793,1
2.6265532970428467,1
2.263542652130127,1
2.82964825630188,1
2.722128391265869,1
2.013662338256836,1
2.572469711303711,1
2.5557780265808105,1
2.058804988861084,1
2.9600119590759277,1
3.186802864074707,1
2.5381453037261963,1
3.315037488937378,1
3.282308578491211,1
2.4162917137145996,1
2.2421350479125977,1
2.480506181716919,1
1.754417061805725,1
2.377246379852295,1
2.3197200298309326,1
1.904567003250122,1
3.158961772918701,1
2.6391587257385254,1
2.1350083351135254,1
3.2021450996398926,1
3.458606243133545,1
2.4886717796325684,1
1.8679215908050537,1
2.0927088260650635,1
2.42877459526062,1
2.5219969749450684,1
2.3277883529663086,1
2.190629482269287,1
2.6312379837036133,1
2.597397804260254,1
2.427708148956299,1
2.609844446182251,1
2.1140565872192383,1
2.0520102977752686,1
1.8412997722625732,1
2.3638339042663574,1
2.828726291656494,1
1.5525208711624146,1
2.5490050315856934,1
1.7171986103057861,1
2.4013493061065674,1
2.602487087249756,1
2.0463500022888184,1
2.2793264389038086,1
2.270798683166504,1
2.4834940433502197,1
2.266536235809326,1
2.056769847869873,1
1.9102489948272705,1
2.1987338066101074,1
2.4087493419647217,1
2.1059157848358154,1
1.72926664352417,1
2.2449629306793213,1
2.6868391036987305,1
2.3698253631591797,1
2.745788335800171,1
1.6054418087005615,1
2.2944092750549316,1
1.8021485805511475,1
2.1035523414611816,1
2.265188217163086,1
2.6228418350219727,1
2.3999276161193848,1
3.2987663745880127,1
3.07075834274292,1
2.377197265625,1
1.5843515396118164,1
2.1502199172973633,1
2.7716565132141113,1
2.8487300872802734,1
2.559340715408325,1
2.396946430206299,1
3.116511821746826,1
2.5777251720428467,1
2.2293825149536133,1
2.7706170082092285,1
2.110988140106201,1
2.308797836303711,1
2.326371669769287,1
2.417421817779541,1
2.7047457695007324,1
2.278975486755371,1
1.8769018650054932,1
2.1939640045166016,1
2.798598289489746,1
2.722869873046875,1
2.051166534423828,1
1.910569667816162,1
2.5894875526428223,1
2.295077323913574,1
2.756974220275879,1
2.6253271102905273,1
1.9408848285675049,1
2.7237954139709473,1
2.858793258666992,1
2.6190390586853027,1
2.0503733158111572,1
2.4579458236694336,1
2.07456111907959,1
2.591496467590332,1
2.206688642501831,1
2.3869943618774414,1
2.167773485183716,1
2.022897720336914,1
2.141937494277954,1
1.7754127979278564,1
1.8595119714736938,1
2.4812986850738525,1
2.764038324356079,1
2.0507407188415527,1
2.746833324432373,1
2.2371623516082764,1
2.7494261264801025,1
1.7783578634262085,1
2.511110305786133,1
2.2151355743408203,1
2.5799081325531006,1
2.619513988494873,1
2.459693431854248,1
2.6962084770202637,1
2.0408167839050293,1
2.1414334774017334,1
2.0659265518188477,1
1.625111699104309,1
2.304442882537842,1
2.2302708625793457,1
1.9255785942077637,1
2.1603379249572754,1
2.0067873001098633,1
2.6561951637268066,1
2.1634745597839355,1
2.024138927459717,1
2.2682127952575684,1
2.584085464477539,1
2.116109848022461,1
1.9722075462341309,1
2.066448211669922,1
2.6323509216308594,1
2.337872266769409,1
1.7721220254898071,1
2.9055016040802,1
2.192884922027588,1
2.7383873462677,1
2.4398627281188965,1
2.4882395267486572,1
3.2555766105651855,1
2.4749960899353027,1
2.435105085372925,1
2.6296896934509277,1
2.376713752746582,1
2.703577995300293,1
2.0936617851257324,1
2.474123001098633,1
2.3238494396209717,1
1.8908804655075073,1
2.1297590732574463,1
2.3454947471618652,1
1.6865930557250977,1
2.9343676567077637,1
2.015300750732422,1
1.7778043746948242,1
2.6572446823120117,1
2.018576145172119,1
2.264841079711914,1
2.7639377117156982,1
2.4293770790100098,1
1.7869917154312134,1
2.862250804901123,1
2.8161535263061523,1
1.8710272312164307,1
2.085829257965088,1
1.8445547819137573,1
2.172764301300049,1
2.2262582778930664,1
2.2746529579162598,1
2.752549171447754,1
1.9677927494049072,1
2.394493579864502,1
1.7467732429504395,1
1.9378411769866943,1
3.251371383666992,1
2.147787570953369,1
2.6571640968322754,1
2.213128089904785,1
2.3224945068359375,1
1.997891902923584,1
2.390353202819824,1
3.090129852294922,1
2.5813629627227783,1
2.000166416168213,1
2.273468255996704,1
1.9654858112335205,1
2.749243974685669,1
2.114196300506592,1
1.510677695274353,1
3.0452938079833984,1
2.1455729007720947,1
2.155900001525879,1
1.7717082500457764,1
2.594526767730713,1
2.475947618484497,1
2.3668789863586426,1
2.6423592567443848,1
2.3461623191833496,1
2.3521060943603516,1
3.197671890258789,1
1.771679162979126,1
1.8702757358551025,1
2.3621442317962646,1
2.796538829803467,1
1.8845064640045166,1
2.5400495529174805,1
1.670145034790039,1
2.342968702316284,1
2.663818359375,1
2.002412796020508,1
2.758453369140625,1
2.390310049057007,1
2.4385344982147217,1
1.6502622365951538,1
2.525984287261963,1
2.2008347511291504,1
2.17158842086792,1
1.7243906259536743,1
2.895984411239624,1
2.432002305984497,1
2.885079860687256,1
2.008181571960449,1
2.1252126693725586,1
1.9093395471572876,1
2.012697219848633,1
2.773130416870117,1
2.1694133281707764,1
2.8424506187438965,1
2.7694296836853027,1
2.0556211471557617,1
1.9928399324417114,1
2.2139992713928223,1
2.6561503410339355,1
2.983168601989746,1
2.655001401901245,1
2.2458300590515137,1
2.6451172828674316,1
1.842247486114502,1
2.8043243885040283,1
1.924272060394287,1
2.592266082763672,1
1.6893386840820313,1
