4.225533962249756,1
4.510798454284668,1
3.979823589324951,1
3.9283828735351563,1
3.512589693069458,1
4.378012657165527,1
3.4739134311676025,1
4.640852451324463,1
3.4012434482574463,1
4.376238822937012,1
4.017689228057861,1
4.084303855895996,1
4.576217174530029,1
3.920428991317749,1
4.69334602355957,1
4.031850814819336,1
4.217540740966797,1
4.54298210144043,1
4.391311168670654,1
3.287346124649048,1
4.047782897949219,1
4.25435733795166,1
4.594394683837891,1
4.100937843322754,1
3.9493184089660645,1
3.7676029205322266,1
3.799234390258789,1
4.248836517333984,1
3.4769515991210938,1
3.9131784439086914,1
3.1811890602111816,1
3.1014957427978516,1
4.209659576416016,1
3.2530276775360107,1
3.1895976066589355,1
3.419189453125,1
3.152390480041504,1
3.1983633041381836,1
3.7400434017181396,1
2.492422103881836,1
2.8271594047546387,1
3.775970935821533,1
3.300792932510376,1
3.3746933937072754,1
3.654589891433716,1
5.364389419555664,1
4.990293979644775,1
3.6662657260894775,1
3.217360496520996,1
3.3616878986358643,1
3.467519521713257,1
3.669496774673462,1
3.665311336517334,1
3.4974493980407715,1
2.6465516090393066,1
3.5683650970458984,1
3.6815080642700195,1
3.2291383743286133,1
3.77956485748291,1
3.204472064971924,1
4.146348476409912,1
3.383106231689453,1
2.868940591812134,1
3.729731559753418,1
3.4733989238739014,1
3.4779467582702637,1
3.491732120513916,1
3.2119789123535156,1
2.7725441455841064,1
3.63242769241333,1
2.739320993423462,1
3.5042221546173096,1
4.149574279785156,1
3.3143956661224365,1
3.29158353805542,1
3.352996349334717,1
4.249941349029541,1
4.103628158569336,1
3.825760841369629,1
3.3563718795776367,1
4.098261833190918,1
3.871797800064087,1
3.25156569480896,1
3.9688072204589844,1
3.363125801086426,1
3.285431385040283,1
3.408487558364868,1
3.4752912521362305,1
3.8771140575408936,1
3.130401849746704,1
2.886470317840576,1
4.276578903198242,1
3.828305244445801,1
3.504708766937256,1
3.8509531021118164,1
4.017090797424316,1
3.5615060329437256,1
3.7958734035491943,1
3.8366715908050537,1
3.9097023010253906,1
3.4814181327819824,1
2.574822425842285,1
4.193836212158203,1
2.7492213249206543,1
3.5979230403900146,1
3.6313443183898926,1
3.0626282691955566,1
3.2213122844696045,1
2.84684419631958,1
3.349337577819824,1
3.55804181098938,1
3.4895782470703125,1
3.1210813522338867,1
3.6852340698242188,1
3.9283852577209473,1
3.8391597270965576,1
3.4908995628356934,1
3.5044567584991455,1
3.720195770263672,1
3.5446343421936035,1
3.8438329696655273,1
3.4408369064331055,1
3.6747756004333496,1
3.1112520694732666,1
2.811246395111084,1
2.9553003311157227,1
2.8974761962890625,1
3.041869640350342,1
3.475264072418213,1
3.7373225688934326,1
3.7615530490875244,1
3.199052333831787,1
3.3190865516662598,1
2.8017044067382813,1
3.6124422550201416,1
3.2750046253204346,1
2.509161949157715,1
3.4138240814208984,1
3.736095428466797,1
3.4077634811401367,1
4.075545310974121,1
3.7160801887512207,1
3.0160441398620605,1
3.2464599609375,1
3.1593923568725586,1
2.964573383331299,1
3.1836376190185547,1
3.867112398147583,1
3.415745735168457,1
3.078131675720215,1
3.189788818359375,1
3.469060182571411,1
3.445939064025879,1
3.5619308948516846,1
3.2677602767944336,1
3.0808725357055664,1
4.76987361907959,1
3.4143502712249756,1
3.5354225635528564,1
3.667672634124756,1
3.211066246032715,1
3.127019166946411,1
3.045454502105713,1
3.655499219894409,1
3.073929786682129,1
3.475031852722168,1
3.4370174407958984,1
3.2566781044006348,1
3.1279983520507813,1
3.608624219894409,1
3.5703306198120117,1
3.296635389328003,1
3.2830846309661865,1
3.353346824645996,1
3.955338478088379,1
2.9731194972991943,1
3.5078024864196777,1
3.8009443283081055,1
3.604656219482422,1
3.9499850273132324,1
3.3493611812591553,1
3.444333791732788,1
3.2471704483032227,1
3.549006938934326,1
3.537363290786743,1
3.763674736022949,1
3.8695597648620605,1
4.5394744873046875,1
5.22097110748291,1
3.6171178817749023,1
3.762190341949463,1
4.288296699523926,1
3.540221691131592,1
4.581405162811279,1
3.882768154144287,1
3.9940357208251953,1
3.6245455741882324,1
3.718634605407715,1
4.2200446128845215,1
2.9745736122131348,1
3.239248275756836,1
4.158809661865234,1
3.377854824066162,1
2.928307056427002,1
2.449985980987549,1
2.8170504570007324,1
3.839719772338867,1
3.3915066719055176,1
2.8362202644348145,1
3.182588577270508,1
3.1137280464172363,1
3.8427252769470215,1
3.261836528778076,1
3.1548328399658203,1
4.1104936599731445,1
3.6720261573791504,1
3.5128931999206543,1
3.5859594345092773,1
2.948598623275757,1
3.04561710357666,1
3.86208438873291,1
3.221858024597168,1
3.381850242614746,1
2.837804079055786,1
3.1419904232025146,1
2.7497472763061523,1
3.1974377632141113,1
3.5314524173736572,1
3.0448389053344727,1
2.9762566089630127,1
3.434410572052002,1
3.2587099075317383,1
3.201436758041382,1
2.8217861652374268,1
3.412505626678467,1
3.6667256355285645,1
2.979346513748169,1
3.3738961219787598,1
3.483222484588623,1
3.6174070835113525,1
2.7119975090026855,1
3.5056657791137695,1
3.095524311065674,1
3.5549356937408447,1
3.1125457286834717,1
3.5405125617980957,1
3.9946274757385254,1
3.1935949325561523,1
3.061948299407959,1
2.9889075756073,1
3.2265398502349854,1
3.101396083831787,1
3.908796548843384,1
3.3835556507110596,1
3.1892590522766113,1
3.68135929107666,1
3.4287471771240234,1
3.313025951385498,1
3.179111957550049,1
2.9421074390411377,1
3.4729509353637695,1
3.8634018898010254,1
4.213534832000732,1
3.90107798576355,1
2.7458600997924805,1
3.8916287422180176,1
3.08115291595459,1
4.054574012756348,1
3.0458736419677734,1
2.772838830947876,1
2.752389430999756,1
3.6197948455810547,1
2.909374952316284,1
3.530862331390381,1
3.7501978874206543,1
3.4027395248413086,1
2.8475780487060547,1
3.902205467224121,1
3.355135440826416,1
3.6723406314849854,1
4.245338439941406,1
3.532386541366577,1
2.8063058853149414,1
3.514732599258423,1
3.8312196731567383,1
3.3752074241638184,1
3.4797887802124023,1
2.791611433029175,1
2.854764461517334,1
3.7445855140686035,1
3.0567808151245117,1
3.1080524921417236,1
4.126144886016846,1
3.0090155601501465,1
4.465489387512207,1
3.788532257080078,1
3.2819607257843018,1
4.169412612915039,1
3.26162052154541,1
3.364320755004883,1
3.4719817638397217,1
3.6788063049316406,1
3.755474805831909,1
3.0298848152160645,1
4.4071044921875,1
3.398824691772461,1
3.5920498371124268,1
3.238603353500366,1
2.992459774017334,1
3.5303285121917725,1
2.9661641120910645,1
3.1966540813446045,1
2.973783016204834,1
2.925217628479004,1
3.357329845428467,1
3.0490970611572266,1
3.6688718795776367,1
3.8630857467651367,1
3.477890729904175,1
3.998805046081543,1
3.2467846870422363,1
5.0090789794921875,1
3.648040533065796,1
4.088491916656494,1
3.440500259399414,1
3.115300416946411,1
4.231926441192627,1
3.349515438079834,1
3.357088327407837,1
3.493264675140381,1
3.078822135925293,1
3.3372604846954346,1
3.3520889282226563,1
3.36572527885437,1
3.4824414253234863,1
3.282940149307251,1
4.375619411468506,1
3.391195774078369,1
2.9556145668029785,1
2.9948129653930664,1
3.263566017150879,1
3.5281519889831543,1
3.437126636505127,1
3.7111763954162598,1
2.8578672409057617,1
3.427304983139038,1
3.399925947189331,1
3.185286521911621,1
3.2214064598083496,1
3.3433003425598145,1
3.1768202781677246,1
3.4393277168273926,1
3.05439829826355,1
3.197291374206543,1
3.1788554191589355,1
3.7010862827301025,1
2.634993076324463,1
3.026066780090332,1
2.5695645809173584,1
3.877173900604248,1
3.432910203933716,1
2.8752408027648926,1
2.5822033882141113,1
2.5180933475494385,1
3.1408607959747314,1
2.729677438735962,1
3.2515745162963867,1
3.2205147743225098,1
3.0896999835968018,1
2.5091023445129395,1
2.8829712867736816,1
3.201686382293701,1
3.5529181957244873,1
4.423905372619629,1
3.7150111198425293,1
3.797286033630371,1
4.508570671081543,1
3.3246827125549316,1
2.8904848098754883,1
3.849985122680664,1
3.8970084190368652,1
3.3101887702941895,1
3.3337016105651855,1
3.433640956878662,1
3.5122885704040527,1
3.766735553741455,1
4.198437213897705,1
4.253737449645996,1
3.980858564376831,1
4.105341911315918,1
3.520836591720581,1
3.475459337234497,1
3.20308780670166,1
3.322641134262085,1
3.8066964149475098,1
3.705521821975708,1
3.2663145065307617,1
3.7906572818756104,1
3.848620891571045,1
3.6023497581481934,1
3.6063270568847656,1
3.1730823516845703,1
3.2755470275878906,1
4.4969096183776855,1
3.5797948837280273,1
3.603208303451538,1
3.1659512519836426,1
3.4455018043518066,1
3.030973434448242,1
3.608536958694458,1
3.6225199699401855,1
3.9404425621032715,1
3.552149772644043,1
3.0516397953033447,1
3.4200572967529297,1
3.71321964263916,1
3.923220634460449,1
4.088070392608643,1
3.59159517288208,1
3.247804641723633,1
4.001737594604492,1
3.2159323692321777,1
3.1023478507995605,1
3.597294569015503,1
2.9457526206970215,1
3.5049099922180176,1
3.1196706295013428,1
3.429788589477539,1
3.7143352031707764,1
3.0889105796813965,1
3.8621532917022705,1
2.317857265472412,1
3.824338912963867,1
3.3669533729553223,1
3.3114938735961914,1
3.277205467224121,1
3.1741480827331543,1
3.9667000770568848,1
3.6896731853485107,1
3.5367283821105957,1
3.1403214931488037,1
3.959017515182495,1
4.317259788513184,1
4.3261919021606445,1
3.65085768699646,1
3.5560264587402344,1
3.4240164756774902,1
2.9469122886657715,1
2.935591697692871,1
2.7893834114074707,1
3.0140843391418457,1
3.4869232177734375,1
3.3795247077941895,1
3.756364583969116,1
3.45025372505188,1
3.4640109539031982,1
3.345094680786133,1
3.1607375144958496,1
3.9865403175354004,1
3.906186103820801,1
3.113074779510498,1
3.2812883853912354,1
3.447704315185547,1
3.721465826034546,1
3.766793727874756,1
3.9363503456115723,1
3.997997760772705,1
3.670793294906616,1
3.0451035499572754,1
3.7235960960388184,1
3.578195571899414,1
3.855269432067871,1
5.056135177612305,1
4.272651195526123,1
3.507777214050293,1
3.2160208225250244,1
3.730785369873047,1
3.7250823974609375,1
3.521099328994751,1
3.147989273071289,1
4.031897068023682,1
3.558988571166992,1
3.2948007583618164,1
3.113342761993408,1
3.3199357986450195,1
3.3180437088012695,1
3.8358781337738037,1
3.001964569091797,1
3.8042116165161133,1
3.72818660736084,1
3.159188747406006,1
3.2608258724212646,1
3.592041015625,1
3.123441696166992,1
2.8459229469299316,1
3.322357177734375,1
4.317860126495361,1
3.041809320449829,1
3.0801219940185547,1
3.9453301429748535,1
3.105842351913452,1
3.44787859916687,1
3.6322450637817383,1
4.167421340942383,1
3.486603260040283,1
3.2498319149017334,1
2.9065048694610596,1
3.810206651687622,1
3.7956409454345703,1
3.729706287384033,1
3.9009859561920166,1
5.291533470153809,1
3.818117618560791,1
3.793872117996216,1
2.918929100036621,1
3.0544238090515137,1
3.364748477935791,1
3.706961154937744,1
3.505612373352051,1
3.2464945316314697,1
3.7559335231781006,1
3.879011869430542,1
3.146087646484375,1
3.143897294998169,1
2.9097046852111816,1
2.6743078231811523,1
3.2035508155822754,1
3.275909423828125,1
3.551424503326416,1
3.9253015518188477,1
3.5275468826293945,1
3.5468173027038574,1
3.279031276702881,1
3.156956195831299,1
3.0128464698791504,1
3.4528520107269287,1
3.606618881225586,1
3.226134777069092,1
3.0709948539733887,1
3.358936309814453,1
3.0982699394226074,1
2.9397432804107666,1
3.5726680755615234,1
3.614675521850586,1
3.797342538833618,1
3.7423300743103027,1
2.6057803630828857,1
3.497133255004883,1
2.929710626602173,1
3.0610361099243164,1
3.2045745849609375,1
2.8415026664733887,1
3.122568130493164,1
2.9028921127319336,1
3.0619306564331055,1
3.159677267074585,1
3.976177930831909,1
3.4821524620056152,1
3.6147634983062744,1
2.9551525115966797,1
3.323655605316162,1
3.602194309234619,1
3.694406032562256,1
3.4920997619628906,1
4.374055862426758,1
4.231929779052734,1
6.089259147644043,1
4.123908996582031,1
3.916505813598633,1
3.0392496585845947,1
3.947826862335205,1
3.6464357376098633,1
3.0039265155792236,1
3.2808079719543457,1
3.4649624824523926,1
3.7473371028900146,1
3.300656795501709,1
3.361116886138916,1
3.069145441055298,1
3.259561061859131,1
3.2142696380615234,1
3.2968151569366455,1
3.1624302864074707,1
3.288909435272217,1
3.357752799987793,1
3.2340331077575684,1
2.9516515731811523,1
3.372256278991699,1
3.054192066192627,1
3.0516014099121094,1
3.3137454986572266,1
3.246603012084961,1
3.214787006378174,1
2.4025774002075195,1
4.412424087524414,1
2.6987156867980957,1
2.5409975051879883,1
2.9560251235961914,1
3.454221725463867,1
2.719902515411377,1
3.3954038619995117,1
3.886612892150879,1
3.9494991302490234,1
3.963831901550293,1
4.05242919921875,1
3.03962779045105,1
3.15726375579834,1
4.178972244262695,1
4.343095779418945,1
4.254019737243652,1
4.447277545928955,1
4.640890121459961,1
3.7672433853149414,1
3.743659257888794,1
4.156766891479492,1
3.3279712200164795,1
3.1453843116760254,1
2.5135154724121094,1
3.2093148231506348,1
4.8834228515625,1
3.440633773803711,1
3.138242483139038,1
2.9813413619995117,1
3.891449451446533,1
2.3902833461761475,1
3.6380972862243652,1
3.349313497543335,1
3.8024020195007324,1
3.2927582263946533,1
4.177393436431885,1
3.4532151222229004,1
3.1366071701049805,1
3.749631643295288,1
3.1457443237304688,1
3.6063296794891357,1
2.5310757160186768,1
4.127232551574707,1
3.7274980545043945,1
3.4245080947875977,1
3.169273614883423,1
3.2782793045043945,1
3.4066944122314453,1
2.8430750370025635,1
3.34220027923584,1
3.6972105503082275,1
2.7237422466278076,1
2.9931397438049316,1
3.255467414855957,1
2.924517869949341,1
3.489375591278076,1
3.3251633644104004,1
3.3369646072387695,1
3.8182809352874756,1
3.8351149559020996,1
5.036562919616699,1
3.708982229232788,1
4.4558424949646,1
3.806705951690674,1
4.297110557556152,1
3.153724193572998,1
3.246441602706909,1
3.582043170928955,1
3.339752435684204,1
3.7167835235595703,1
3.8144662380218506,1
3.6162796020507813,1
4.225827217102051,1
3.8361902236938477,1
3.1100404262542725,1
3.1077687740325928,1
4.279632568359375,1
3.020392417907715,1
3.9190688133239746,1
3.981637954711914,1
3.756317615509033,1
4.209775924682617,1
3.481325149536133,1
2.9843623638153076,1
3.157060146331787,1
4.475534439086914,1
4.425839900970459,1
3.7824223041534424,1
4.287832260131836,1
5.127253532409668,1
3.4062063694000244,1
3.705420970916748,1
2.608149528503418,1
3.3398072719573975,1
3.053558826446533,1
3.7417938709259033,1
3.462155818939209,1
3.6049489974975586,1
3.381805181503296,1
2.6058337688446045,1
2.5843358039855957,1
3.331742286682129,1
3.554016590118408,1
3.731071710586548,1
3.258183002471924,1
3.6324589252471924,1
2.7273545265197754,1
2.808746576309204,1
3.2280611991882324,1
2.8569371700286865,1
3.649257183074951,1
3.133162021636963,1
3.159133195877075,1
3.246933698654175,1
3.9197723865509033,1
2.953152894973755,1
3.4475347995758057,1
3.1165823936462402,1
3.350346565246582,1
2.941310167312622,1
3.1012301445007324,1
2.8337411880493164,1
3.6998026371002197,1
4.5851569175720215,1
3.940230131149292,1
3.9590768814086914,1
4.410423755645752,1
3.690438985824585,1
3.199930429458618,1
2.757012128829956,1
3.781731128692627,1
3.6715307235717773,1
3.0183544158935547,1
3.3767566680908203,1
3.686892509460449,1
3.339643955230713,1
3.3125157356262207,1
2.5108437538146973,1
3.2144715785980225,1
2.8289451599121094,1
4.059673309326172,1
3.4745864868164063,1
3.4733119010925293,1
2.9620702266693115,1
3.3113627433776855,1
3.0735201835632324,1
2.9974093437194824,1
3.731240749359131,1
3.7099690437316895,1
3.6350631713867188,1
3.6698520183563232,1
4.4887285232543945,1
3.7832822799682617,1
3.8070802688598633,1
4.652658462524414,1
4.160979270935059,1
3.691225051879883,1
3.3677120208740234,1
3.838010311126709,1
4.135162353515625,1
3.609192371368408,1
3.9389095306396484,1
3.764357089996338,1
5.395049095153809,1
4.3544182777404785,1
4.601250648498535,1
4.515941143035889,1
4.393216133117676,1
4.2436065673828125,1
3.7369306087493896,1
4.292068958282471,1
3.4493775367736816,1
3.349457263946533,1
3.7623863220214844,1
3.5577855110168457,1
3.2097020149230957,1
3.2012581825256348,1
3.262908458709717,1
3.2726516723632813,1
3.6076161861419678,1
2.7706968784332275,1
3.0578644275665283,1
3.148115396499634,1
3.1126723289489746,1
3.2700932025909424,1
4.29774284362793,1
3.12377667427063,1
3.2913379669189453,1
2.8607351779937744,1
3.86899733543396,1
3.6536526679992676,1
3.4993860721588135,1
3.9476404190063477,1
3.1857848167419434,1
3.21871280670166,1
4.015649795532227,1
3.463292360305786,1
2.3533623218536377,1
3.199553966522217,1
3.0571799278259277,1
3.2471275329589844,1
3.583759307861328,1
3.1632566452026367,1
2.999724864959717,1
4.35498046875,1
3.6966567039489746,1
3.3544559478759766,1
4.370423793792725,1
3.153022289276123,1
3.120907783508301,1
3.156219005584717,1
3.100806713104248,1
3.090426445007324,1
2.7978734970092773,1
3.2201099395751953,1
3.33920955657959,1
3.69346284866333,1
3.5935845375061035,1
3.6225297451019287,1
4.358659267425537,1
4.871581077575684,1
3.985746383666992,1
3.428116798400879,1
3.0252442359924316,1
3.0841193199157715,1
3.0195705890655518,1
4.962414264678955,1
3.5619101524353027,1
3.3369648456573486,1
3.0376334190368652,1
3.471780300140381,1
3.1967029571533203,1
3.8389055728912354,1
3.562142848968506,1
4.2000274658203125,1
2.7824995517730713,1
3.602832317352295,1
3.9450316429138184,1
3.1358847618103027,1
3.4640872478485107,1
3.2051844596862793,1
4.538390159606934,1
3.3079607486724854,1
3.731566905975342,1
2.978611946105957,1
3.0026886463165283,1
4.313271999359131,1
3.0429441928863525,1
3.150587320327759,1
3.2134947776794434,1
3.0331928730010986,1
2.796008825302124,1
3.2127232551574707,1
3.5381314754486084,1
4.609107971191406,1
3.6210131645202637,1
3.299046754837036,1
3.8237452507019043,1
4.116896629333496,1
2.7037577629089355,1
4.676248073577881,1
4.2427215576171875,1
4.1647047996521,1
3.296072006225586,1
2.9353983402252197,1
3.5320258140563965,1
3.533552408218384,1
2.929685115814209,1
3.6527624130249023,1
3.6930863857269287,1
3.6184535026550293,1
3.4186015129089355,1
3.6023852825164795,1
3.2720947265625,1
2.790893793106079,1
3.768305778503418,1
3.913782835006714,1
3.555842399597168,1
4.167722702026367,1
3.1520466804504395,1
3.416405439376831,1
3.3943800926208496,1
4.109883785247803,1
3.4217007160186768,1
3.950746536254883,1
3.4807753562927246,1
3.81209397315979,1
3.6229424476623535,1
3.4486937522888184,1
3.733893394470215,1
3.297339916229248,1
3.7009403705596924,1
3.3773112297058105,1
3.54672908782959,1
4.470417499542236,1
3.347597360610962,1
3.04392147064209,1
3.1579854488372803,1
3.2593207359313965,1
3.7507922649383545,1
4.219449043273926,1
3.2320175170898438,1
3.5356149673461914,1
3.4927196502685547,1
3.2703373432159424,1
3.392429828643799,1
4.616426467895508,1
3.301600694656372,1
4.221955299377441,1
3.5366268157958984,1
3.6372482776641846,1
3.4110240936279297,1
3.0721306800842285,1
3.370790481567383,1
4.061567306518555,1
4.097723007202148,1
4.014453887939453,1
3.6923789978027344,1
3.7580370903015137,1
3.351672887802124,1
3.620229482650757,1
3.352151393890381,1
3.9145421981811523,1
4.102461338043213,1
4.519228458404541,1
5.403951168060303,1
3.739844560623169,1
3.6195313930511475,1
3.4238317012786865,1
3.388129234313965,1
2.937591552734375,1
3.7711825370788574,1
4.041647911071777,1
3.795668840408325,1
3.2201969623565674,1
2.9587066173553467,1
3.6944918632507324,1
3.827322483062744,1
4.00478982925415,1
3.725566864013672,1
3.820266008377075,1
2.944688081741333,1
2.6754980087280273,1
2.889406204223633,1
3.675856351852417,1
3.1337294578552246,1
3.739718198776245,1
3.363084316253662,1
4.699177265167236,1
4.889712333679199,1
3.2313952445983887,1
3.589345693588257,1
3.9142708778381348,1
4.473018169403076,1
3.1774754524230957,1
3.158784866333008,1
3.5729148387908936,1
4.2441816329956055,1
3.0016775131225586,1
3.7361087799072266,1
3.2693541049957275,1
3.7805981636047363,1
3.888335943222046,1
3.485085964202881,1
3.7916882038116455,1
4.067213535308838,1
3.4747724533081055,1
4.8252058029174805,1
4.041938781738281,1
4.613534927368164,1
3.759981155395508,1
4.464504241943359,1
3.631295919418335,1
3.331472873687744,1
3.5898494720458984,1
4.673172950744629,1
3.7442541122436523,1
3.743569850921631,1
4.347896575927734,1
3.3324480056762695,1
3.6518704891204834,1
3.160787343978882,1
3.653547763824463,1
3.7223286628723145,1
4.218845367431641,1
3.6122357845306396,1
2.936460018157959,1
3.3947196006774902,1
3.1835155487060547,1
2.9352264404296875,1
3.454772472381592,1
3.240013599395752,1
3.7451729774475098,1
3.348541259765625,1
2.465945243835449,1
3.5120108127593994,1
3.241670846939087,1
3.339263677597046,1
3.378574848175049,1
3.593273639678955,1
4.029866695404053,1
3.297322988510132,1
3.774742841720581,1
3.2638468742370605,1
3.0749006271362305,1
4.421408653259277,1
3.4772093296051025,1
2.904012680053711,1
3.0544068813323975,1
4.218180179595947,1
3.6997413635253906,1
4.187342166900635,1
3.2331385612487793,1
3.9200525283813477,1
3.1381096839904785,1
3.327515125274658,1
3.098508358001709,1
3.434452533721924,1
3.2838642597198486,1
3.0059423446655273,1
2.7774367332458496,1
3.013206720352173,1
3.4980525970458984,1
2.992401123046875,1
3.343390464782715,1
4.259382724761963,1
3.4614381790161133,1
2.900904417037964,1
2.8496456146240234,1
3.4835028648376465,1
3.587000846862793,1
3.043221950531006,1
3.2601003646850586,1
3.3840365409851074,1
3.558785915374756,1
3.1563456058502197,1
4.216502666473389,1
3.474246025085449,1
3.9362621307373047,1
3.3719475269317627,1
2.9488518238067627,1
3.3356289863586426,1
3.894406795501709,1
2.7903828620910645,1
3.9734339714050293,1
4.024587631225586,1
3.582064151763916,1
3.5365304946899414,1
3.1724820137023926,1
3.389268398284912,1
3.4627585411071777,1
3.9345579147338867,1
4.911849021911621,1
4.3332295417785645,1
3.0687379837036133,1
3.137972831726074,1
3.7590250968933105,1
3.7907729148864746,1
3.0599660873413086,1
3.459409236907959,1
3.8122191429138184,1
3.306232452392578,1
3.586282968521118,1
3.5287318229675293,1
2.694199323654175,1
2.504472255706787,1
3.5439453125,1
3.7441372871398926,1
4.642796516418457,1
3.891172409057617,1
3.3639025688171387,1
3.581085443496704,1
2.8167779445648193,1
3.611001491546631,1
2.8818931579589844,1
3.3398008346557617,1
3.1011385917663574,1
4.418297290802002,1
3.4400434494018555,1
4.065980434417725,1
3.974207878112793,1
2.9941043853759766,1
2.951838970184326,1
3.2627007961273193,1
3.73972749710083,1
2.842550277709961,1
3.863285541534424,1
2.635446071624756,1
3.2062785625457764,1
3.5155463218688965,1
3.733546018600464,1
3.267991065979004,1
3.4846725463867188,1
2.744716167449951,1
4.066786766052246,1
3.227975368499756,1
3.5674991607666016,1
3.651005983352661,1
3.0867958068847656,1
4.174213409423828,1
3.9354281425476074,1
3.655590534210205,1
4.1071343421936035,1
3.7813286781311035,1
3.243452787399292,1
3.555417537689209,1
4.048699378967285,1
3.4739902019500732,1
3.707895278930664,1
3.4890503883361816,1
3.3575985431671143,1
2.8552658557891846,1
3.5035338401794434,1
3.6730082035064697,1
3.0040268898010254,1
2.732974052429199,1
2.890632390975952,1
3.4182305335998535,1
2.485180377960205,1
3.511714220046997,1
2.9945240020751953,1
2.970550298690796,1
4.016983985900879,1
3.8075766563415527,1
2.978832244873047,1
3.262993812561035,1
3.1219539642333984,1
2.8177499771118164,1
3.8239498138427734,1
3.659289836883545,1
2.9779019355773926,1
3.3153603076934814,1
3.2638368606567383,1
3.3554024696350098,1
3.6069600582122803,1
3.927201271057129,1
2.82045841217041,1
3.646644115447998,1
3.4715065956115723,1
3.7380685806274414,1
3.3663840293884277,1
3.541219711303711,1
3.780395984649658,1
3.2672576904296875,1
4.945168972015381,1
4.052173614501953,1
2.9578654766082764,1
3.6801741123199463,1
3.541330575942993,1
3.5369277000427246,1
3.6867635250091553,1
4.044987201690674,1
3.8452987670898438,1
4.10246467590332,1
3.486311912536621,1
3.4984822273254395,1
4.356990337371826,1
2.734264850616455,1
3.5840468406677246,1
3.59682559967041,1
3.320773124694824,1
3.398344039916992,1
3.4237680435180664,1
3.3689918518066406,1
4.173172950744629,1
3.4959006309509277,1
3.9444453716278076,1
4.082968711853027,1
3.7415924072265625,1
3.8667092323303223,1
3.8142595291137695,1
3.574136972427368,1
3.077148675918579,1
3.826700210571289,1
2.95291805267334,1
3.8415884971618652,1
3.926076889038086,1
3.70326566696167,1
2.933535099029541,1
2.7833874225616455,1
3.7397332191467285,1
3.6786651611328125,1
4.493291854858398,1
3.6382312774658203,1
3.14068603515625,1
3.480125904083252,1
3.4951367378234863,1
3.673872709274292,1
2.7215216159820557,1
3.1483073234558105,1
2.791614532470703,1
2.594691038131714,1
3.1513962745666504,1
2.7441935539245605,1
3.3206119537353516,1
3.3380768299102783,1
3.198943853378296,1
2.710639476776123,1
3.0738439559936523,1
3.641145944595337,1
3.6091248989105225,1
3.107516288757324,1
2.745452880859375,1
3.74196195602417,1
2.799405574798584,1
3.900264024734497,1
3.569322109222412,1
3.1292076110839844,1
2.9739153385162354,1
3.108480930328369,1
3.8669567108154297,1
4.341550350189209,1
3.034733772277832,1
3.0713019371032715,1
3.630866050720215,1
3.440061092376709,1
3.4235100746154785,1
3.646808385848999,1
4.147562026977539,1
4.201290607452393,1
4.227957725524902,1
5.135500907897949,1
4.373695373535156,1
4.347729682922363,1
3.173030376434326,1
3.7450056076049805,1
3.7030887603759766,1
3.5060830116271973,1
3.321256160736084,1
3.502990245819092,1
4.155837535858154,1
4.138295650482178,1
3.3165476322174072,1
3.0298829078674316,1
3.2285051345825195,1
3.0001068115234375,1
3.0942208766937256,1
2.9839367866516113,1
3.3554489612579346,1
3.1963837146759033,1
3.2844796180725098,1
3.9495363235473633,1
3.102055549621582,1
3.084733486175537,1
3.6590940952301025,1
3.546685218811035,1
3.6127281188964844,1
3.2679357528686523,1
4.012882709503174,1
4.255568027496338,1
3.22357177734375,1
3.0666017532348633,1
3.1238784790039063,1
2.9789133071899414,1
4.099663734436035,1
3.2337989807128906,1
3.7681479454040527,1
3.463926315307617,1
3.936835527420044,1
3.2602720260620117,1
3.7921388149261475,1
3.9258854389190674,1
3.4641880989074707,1
2.880842685699463,1
4.96278190612793,1
2.7556214332580566,1
4.089373588562012,1
3.8504955768585205,1
4.086112976074219,1
4.048069000244141,1
3.573350429534912,1
3.478207588195801,1
3.809856414794922,1
3.6089234352111816,1
4.03788948059082,1
3.50203800201416,1
3.4440417289733887,1
3.1830296516418457,1
3.5106890201568604,1
4.164454460144043,1
3.8875465393066406,1
3.9294114112854004,1
3.4252822399139404,1
3.6825201511383057,1
4.007484436035156,1
3.9749135971069336,1
4.2347869873046875,1
3.300809860229492,1
4.262041091918945,1
2.9485244750976563,1
3.2630581855773926,1
3.77121639251709,1
3.7956948280334473,1
2.825716495513916,1
3.9464406967163086,1
3.3539810180664063,1
3.049165725708008,1
3.838407278060913,1
3.106637477874756,1
4.13232421875,1
3.1451797485351563,1
3.570462226867676,1
3.61665678024292,1
3.0465803146362305,1
2.7381253242492676,1
2.9524316787719727,1
3.3490991592407227,1
3.500152587890625,1
3.2317917346954346,1
3.0594942569732666,1
3.9367661476135254,1
3.5844922065734863,1
3.8195977210998535,1
4.7759294509887695,1
4.601296424865723,1
3.1947293281555176,1
3.6176211833953857,1
2.533700942993164,1
3.1271724700927734,1
3.0282368659973145,1
3.7083520889282227,1
2.9614903926849365,1
2.956638813018799,1
2.9541335105895996,1
3.4017598628997803,1
3.3508858680725098,1
3.388680934906006,1
2.6009209156036377,1
3.0776588916778564,1
3.4920620918273926,1
3.8441853523254395,1
3.6045844554901123,1
3.3034825325012207,1
3.4007585048675537,1
3.1952171325683594,1
3.256824493408203,1
3.6153337955474854,1
3.304670810699463,1
2.9346559047698975,1
2.41321063041687,1
3.094376802444458,1
3.946406841278076,1
3.818307399749756,1
3.254744052886963,1
3.6929945945739746,1
3.335723638534546,1
3.7335972785949707,1
3.3199915885925293,1
3.2188615798950195,1
3.784447193145752,1
2.9858639240264893,1
4.646413326263428,1
3.016432285308838,1
4.319497108459473,1
2.948399543762207,1
3.2097558975219727,1
3.521718740463257,1
3.695345878601074,1
3.364029884338379,1
3.720646619796753,1
3.4133381843566895,1
3.6136531829833984,1
3.2449827194213867,1
3.010317802429199,1
3.960994005203247,1
2.759779930114746,1
3.120236873626709,1
2.960643768310547,1
2.767726182937622,1
3.4446983337402344,1
4.215398788452148,1
3.854304313659668,1
3.660946846008301,1
3.156797409057617,1
3.1545982360839844,1
3.589005708694458,1
4.181509971618652,1
4.009560585021973,1
3.939850330352783,1
4.027326583862305,1
2.914457082748413,1
3.6099348068237305,1
2.918940782546997,1
3.1739001274108887,1
3.9547057151794434,1
3.394021511077881,1
3.9983162879943848,1
2.2568159103393555,1
3.950424909591675,1
2.5925283432006836,1
3.2591195106506348,1
3.7506051063537598,1
3.62787127494812,1
3.086890459060669,1
3.5866079330444336,1
3.6720943450927734,1
3.4133353233337402,1
3.2718582153320313,1
4.169919967651367,1
3.450169563293457,1
3.381951332092285,1
3.2736148834228516,1
2.953019857406616,1
3.420062303543091,1
3.239802360534668,1
3.390636682510376,1
3.048834800720215,1
2.8219714164733887,1
2.5757923126220703,1
3.313206434249878,1
2.8064370155334473,1
3.145390033721924,1
2.05306077003479,1
2.6760482788085938,1
3.6672961711883545,1
3.2596688270568848,1
3.7426438331604004,1
3.0028979778289795,1
4.051792144775391,1
3.487236738204956,1
3.0834460258483887,1
3.5719141960144043,1
3.132765769958496,1
3.325901985168457,1
3.1463441848754883,1
3.9809865951538086,1
3.4608657360076904,1
2.3012123107910156,1
4.848522186279297,1
4.329179763793945,1
2.9933061599731445,1
3.6385574340820313,1
3.6935553550720215,1
3.438112258911133,1
3.359405279159546,1
3.875807046890259,1
3.628978729248047,1
3.320128917694092,1
4.404293060302734,1
3.7290754318237305,1
3.2577314376831055,1
3.923673629760742,1
3.858476400375366,1
4.123561859130859,1
3.3336668014526367,1
2.8378543853759766,1
3.142596960067749,1
3.7040493488311768,1
4.556439399719238,1
3.1792960166931152,1
3.387993097305298,1
4.09248161315918,1
4.103490829467773,1
4.254899978637695,1
2.826117992401123,1
2.779421091079712,1
3.6830191612243652,1
3.2184553146362305,1
3.5206847190856934,1
3.3334879875183105,1
3.403193473815918,1
3.0649874210357666,1
3.225335121154785,1
2.950993537902832,1
3.2976179122924805,1
3.6427297592163086,1
2.5899741649627686,1
3.258068084716797,1
3.1753954887390137,1
2.833528757095337,1
3.381302833557129,1
3.393951416015625,1
3.431304454803467,1
3.9788811206817627,1
3.0181007385253906,1
2.578566789627075,1
3.1616146564483643,1
3.190293788909912,1
3.521742105484009,1
2.934390068054199,1
5.119722366333008,1
3.6924991607666016,1
3.872533082962036,1
3.067739963531494,1
3.739882707595825,1
2.9625470638275146,1
3.314112901687622,1
4.0379791259765625,1
3.717717170715332,1
3.72340726852417,1
2.9340384006500244,1
3.348221778869629,1
3.2317616939544678,1
4.320782661437988,1
4.052263259887695,1
3.6106743812561035,1
3.4604597091674805,1
3.2670140266418457,1
3.5869979858398438,1
3.6606712341308594,1
3.47788667678833,1
3.345324993133545,1
3.803018569946289,1
3.2868189811706543,1
3.739638328552246,1
3.84415340423584,1
3.265308380126953,1
3.364612340927124,1
3.0397186279296875,1
3.3897693157196045,1
3.917924404144287,1
3.8043808937072754,1
3.3917856216430664,1
4.197074890136719,1
3.2889962196350098,1
3.0827860832214355,1
4.437682628631592,1
3.454308032989502,1
3.678779363632202,1
3.8732516765594482,1
3.7509210109710693,1
3.4758315086364746,1
2.7732698917388916,1
3.857175827026367,1
4.166370391845703,1
3.521707534790039,1
3.9797544479370117,1
3.3061952590942383,1
4.148216724395752,1
3.5387730598449707,1
3.810547113418579,1
3.751603364944458,1
3.274369239807129,1
3.5798001289367676,1
3.385067939758301,1
3.607722759246826,1
3.927349090576172,1
3.3720850944519043,1
3.7838990688323975,1
3.20064640045166,1
3.3197083473205566,1
3.5745596885681152,1
3.030932903289795,1
3.3350324630737305,1
2.735478401184082,1
3.45619797706604,1
3.509955883026123,1
3.265101909637451,1
3.873906373977661,1
3.355268955230713,1
3.317871570587158,1
4.0081987380981445,1
4.367862701416016,1
3.474782705307007,1
3.5889198780059814,1
4.098677635192871,1
4.99212646484375,1
3.4018940925598145,1
3.72910737991333,1
3.65474271774292,1
3.617884635925293,1
3.4706578254699707,1
3.34438157081604,1
3.4326910972595215,1
4.152100563049316,1
4.319483757019043,1
3.2965707778930664,1
3.620809555053711,1
3.221029281616211,1
3.652104377746582,1
2.968501567840576,1
3.903740882873535,1
4.072149276733398,1
4.291552543640137,1
3.314645767211914,1
3.8869850635528564,1
3.1957449913024902,1
3.418548822402954,1
3.3056390285491943,1
3.4139790534973145,1
3.286980152130127,1
3.4098081588745117,1
2.807121753692627,1
3.5245003700256348,1
2.855337142944336,1
3.045901298522949,1
3.741209030151367,1
3.0726189613342285,1
3.938328504562378,1
3.3651556968688965,1
4.112519264221191,1
4.354458332061768,1
3.486135959625244,1
3.270214080810547,1
3.2163524627685547,1
4.53015661239624,1
4.225666046142578,1
3.494396924972534,1
4.0070319175720215,1
3.5770153999328613,1
2.7206201553344727,1
3.8474903106689453,1
2.9096579551696777,1
3.4596920013427734,1
3.1982922554016113,1
3.6390724182128906,1
3.225008964538574,1
3.7732691764831543,1
3.2705917358398438,1
2.8346378803253174,1
3.5426626205444336,1
3.2358858585357666,1
3.653869152069092,1
3.8656716346740723,1
3.5094738006591797,1
3.28289794921875,1
3.233140468597412,1
3.681814193725586,1
3.273763656616211,1
3.594707489013672,1
2.982844352722168,1
3.5241119861602783,1
3.252371311187744,1
3.4429023265838623,1
3.203239917755127,1
3.5566978454589844,1
2.7074663639068604,1
3.5701682567596436,1
2.9667861461639404,1
3.4840216636657715,1
3.0300164222717285,1
3.686150550842285,1
3.167721748352051,1
3.0806655883789063,1
3.1981658935546875,1
4.0456647872924805,1
4.243644714355469,1
4.265630722045898,1
3.5839643478393555,1
3.571768045425415,1
3.5229411125183105,1
3.638437032699585,1
3.456789255142212,1
3.521944284439087,1
3.5890517234802246,1
3.698042392730713,1
3.6012086868286133,1
3.2195751667022705,1
3.865233898162842,1
3.39115047454834,1
3.281395435333252,1
2.969174861907959,1
3.45595645904541,1
3.0506467819213867,1
2.660439968109131,1
3.6601505279541016,1
2.3689656257629395,1
3.13451886177063,1
3.309307813644409,1
3.4262702465057373,1
3.610764741897583,1
3.6524786949157715,1
4.044456958770752,1
3.5320448875427246,1
2.9500863552093506,1
2.7952418327331543,1
4.559055328369141,1
3.3888068199157715,1
3.732233762741089,1
2.9113142490386963,1
2.69913911819458,1
2.733053207397461,1
2.8688387870788574,1
3.395784854888916,1
3.787435531616211,1
3.973881483078003,1
2.832172393798828,1
3.7412869930267334,1
2.970378875732422,1
4.142042636871338,1
3.278292655944824,1
3.581312894821167,1
2.9169907569885254,1
2.5851235389709473,1
3.0439724922180176,1
3.1787586212158203,1
3.551234722137451,1
3.688629627227783,1
3.7213616371154785,1
3.3212716579437256,1
2.818089485168457,1
2.580167293548584,1
3.347229480743408,1
3.4683752059936523,1
5.243063926696777,1
3.1103806495666504,1
4.082936763763428,1
4.27277946472168,1
3.570009708404541,1
3.25862979888916,1
4.122815132141113,1
3.871410369873047,1
3.6841468811035156,1
3.1603662967681885,1
3.359340190887451,1
3.479701280593872,1
3.3404970169067383,1
3.39644718170166,1
3.709378242492676,1
3.297611713409424,1
2.723149299621582,1
3.129366397857666,1
3.578598737716675,1
3.353353500366211,1
4.206629753112793,1
3.0235118865966797,1
3.953256607055664,1
2.5951480865478516,1
2.775045394897461,1
3.605234146118164,1
3.893064022064209,1
4.613787651062012,1
3.4071123600006104,1
3.4113781452178955,1
3.8416359424591064,1
4.6785078048706055,1
3.58229923248291,1
3.5297036170959473,1
3.6783194541931152,1
4.170929908752441,1
3.5998663902282715,1
3.2189464569091797,1
3.6870720386505127,1
2.8661882877349854,1
3.2302141189575195,1
3.79660964012146,1
3.5768680572509766,1
3.3910396099090576,1
3.664238929748535,1
3.22123384475708,1
3.381352424621582,1
3.366542100906372,1
3.23945951461792,1
3.0881619453430176,1
3.525242805480957,1
3.8642044067382813,1
3.1327412128448486,1
3.323012351989746,1
3.688689947128296,1
2.8183770179748535,1
3.4486026763916016,1
3.7141337394714355,1
3.5133376121520996,1
4.19679069519043,1
3.4137446880340576,1
3.6960716247558594,1
3.941208839416504,1
3.939211845397949,1
3.894307851791382,1
3.011992931365967,1
3.1981310844421387,1
3.7579550743103027,1
3.9954257011413574,1
3.6442623138427734,1
3.7248783111572266,1
3.265242099761963,1
3.5062437057495117,1
4.5147905349731445,1
3.857464075088501,1
3.2963671684265137,1
3.9854750633239746,1
3.2140469551086426,1
3.0113461017608643,1
3.3888919353485107,1
3.081627607345581,1
3.9797372817993164,1
3.9987564086914063,1
4.132101535797119,1
3.4094643592834473,1
3.5571279525756836,1
3.773670196533203,1
4.758020401000977,1
2.7368249893188477,1
3.4014222621917725,1
3.3525829315185547,1
3.5985050201416016,1
3.241396188735962,1
3.0299606323242188,1
3.2520902156829834,1
3.2600278854370117,1
3.3594915866851807,1
3.541797161102295,1
3.7587473392486572,1
3.6437697410583496,1
4.1188812255859375,1
3.4990296363830566,1
3.167846441268921,1
3.7043890953063965,1
3.5773026943206787,1
3.621860980987549,1
3.1146187782287598,1
3.5949554443359375,1
3.6064600944519043,1
3.5845913887023926,1
3.5341906547546387,1
3.472620725631714,1
3.651555061340332,1
3.3751566410064697,1
3.9017601013183594,1
2.5488061904907227,1
3.783763885498047,1
4.12512731552124,1
3.9855833053588867,1
3.658027410507202,1
3.905824899673462,1
3.5372610092163086,1
3.3693182468414307,1
3.2227652072906494,1
3.539945602416992,1
4.065251350402832,1
3.8710339069366455,1
3.754549503326416,1
3.499345541000366,1
3.318950891494751,1
3.2353267669677734,1
2.951357364654541,1
3.49834942817688,1
2.5573205947875977,1
3.1914238929748535,1
3.2764086723327637,1
3.143174171447754,1
3.8611643314361572,1
3.51879620552063,1
2.5545482635498047,1
2.8601627349853516,1
4.1953206062316895,1
3.6333508491516113,1
3.463416576385498,1
3.3069651126861572,1
3.4830827713012695,1
2.5814096927642822,1
3.693533420562744,1
3.1474955081939697,1
2.9550890922546387,1
2.6012368202209473,1
3.0256080627441406,1
2.904047966003418,1
4.089747428894043,1
3.0202345848083496,1
2.775134563446045,1
3.139256238937378,1
3.8114383220672607,1
3.3845067024230957,1
2.866575241088867,1
3.645504951477051,1
3.175614833831787,1
3.514080762863159,1
3.175881862640381,1
3.3460395336151123,1
3.709160089492798,1
2.622636318206787,1
2.9590299129486084,1
3.410672664642334,1
3.5103559494018555,1
2.956007480621338,1
3.528982639312744,1
3.440012216567993,1
4.878058433532715,1
2.8394932746887207,1
4.049719333648682,1
2.5829293727874756,1
3.40614914894104,1
3.7268543243408203,1
4.003291130065918,1
3.52874493598938,1
3.9142627716064453,1
3.2952775955200195,1
3.437417984008789,1
3.143922805786133,1
3.2760238647460938,1
2.8650636672973633,1
3.350027561187744,1
4.692122459411621,1
4.217808723449707,1
3.4902405738830566,1
3.8821797370910645,1
2.8972721099853516,1
3.108710527420044,1
3.056220769882202,1
3.533992290496826,1
4.313713073730469,1
3.1546578407287598,1
3.488600015640259,1
3.676593780517578,1
3.8826239109039307,1
2.9281864166259766,1
3.433603525161743,1
3.8031866550445557,1
3.460273027420044,1
2.798112154006958,1
3.511669635772705,1
3.3987157344818115,1
2.6208600997924805,1
3.363698959350586,1
2.588573932647705,1
2.86529541015625,1
2.8503336906433105,1
3.1748764514923096,1
3.025730609893799,1
2.8991341590881348,1
3.3628861904144287,1
3.303831100463867,1
3.4346601963043213,1
3.0087170600891113,1
3.045151472091675,1
4.090580940246582,1
3.1242237091064453,1
2.797377109527588,1
3.1136209964752197,1
3.360751152038574,1
4.570214748382568,1
3.6833019256591797,1
3.090667247772217,1
3.8279497623443604,1
3.5301499366760254,1
2.8478574752807617,1
2.6899120807647705,1
3.5265676975250244,1
3.0755486488342285,1
3.2973334789276123,1
3.1312379837036133,1
3.203497886657715,1
3.033677577972412,1
3.6143765449523926,1
2.7059617042541504,1
2.8808608055114746,1
3.2214300632476807,1
3.4120655059814453,1
3.4431302547454834,1
3.998722553253174,1
3.0784993171691895,1
3.44187331199646,1
3.4884746074676514,1
3.657844066619873,1
2.758457660675049,1
3.4600636959075928,1
3.1217784881591797,1
3.3162803649902344,1
3.29640531539917,1
3.4426870346069336,1
3.9236958026885986,1
3.4242053031921387,1
2.8521595001220703,1
2.9947049617767334,1
2.771620750427246,1
3.791348457336426,1
3.0876922607421875,1
2.9451184272766113,1
4.0581464767456055,1
3.6100666522979736,1
3.217844009399414,1
3.6031641960144043,1
3.7367076873779297,1
3.889500617980957,1
3.051640033721924,1
3.873828172683716,1
3.7348198890686035,1
3.8582923412323,1
3.1831846237182617,1
3.1158318519592285,1
3.0042378902435303,1
3.9665544033050537,1
3.438260555267334,1
3.4162068367004395,1
3.5946056842803955,1
3.346951484680176,1
4.001430034637451,1
3.768953561782837,1
3.21388578414917,1
3.261967182159424,1
3.4610798358917236,1
3.2156457901000977,1
3.8786990642547607,1
3.152834415435791,1
2.9309916496276855,1
3.7108843326568604,1
3.44754695892334,1
3.40619158744812,1
2.8900246620178223,1
3.5552492141723633,1
4.885435104370117,1
3.5629401206970215,1
4.521066188812256,1
3.5183379650115967,1
3.56843900680542,1
3.446074962615967,1
4.444911956787109,1
4.305793762207031,1
4.499490737915039,1
3.340160369873047,1
3.680041551589966,1
3.977846145629883,1
3.3816425800323486,1
3.449568748474121,1
4.322436332702637,1
4.0558624267578125,1
4.2131171226501465,1
3.746462821960449,1
3.574669361114502,1
3.0526037216186523,1
3.090096950531006,1
3.8878517150878906,1
3.6835508346557617,1
3.4508752822875977,1
4.318561553955078,1
3.580129623413086,1
3.7053887844085693,1
3.3876700401306152,1
3.40761661529541,1
3.372702121734619,1
3.710012674331665,1
4.459507942199707,1
3.9216880798339844,1
4.331962585449219,1
3.4179413318634033,1
5.185885906219482,1
4.713963508605957,1
4.083786964416504,1
3.830141544342041,1
5.106321334838867,1
3.807335138320923,1
4.9351019859313965,1
5.146547317504883,1
4.939948081970215,1
4.098360061645508,1
3.581475019454956,1
3.5961380004882813,1
3.8931784629821777,1
3.9692773818969727,1
3.7217087745666504,1
3.2869131565093994,1
3.9543094635009766,1
3.3709259033203125,1
4.354760646820068,1
3.7007875442504883,1
3.007307529449463,1
3.4469046592712402,1
3.6931986808776855,1
4.237608432769775,1
5.120024681091309,1
4.088527679443359,1
3.2481391429901123,1
3.9545865058898926,1
3.9775753021240234,1
5.560648441314697,1
4.391898155212402,1
4.080016136169434,1
3.2037806510925293,1
3.794290065765381,1
4.257204055786133,1
4.612000465393066,1
3.8466084003448486,1
3.9758474826812744,1
3.9838473796844482,1
3.9688992500305176,1
3.583921432495117,1
3.706639051437378,1
3.12121319770813,1
3.1857616901397705,1
3.262101650238037,1
3.243037700653076,1
3.6882004737854004,1
3.2129807472229004,1
4.54469108581543,1
3.4696297645568848,1
3.061821937561035,1
2.9654951095581055,1
3.3636035919189453,1
3.3368613719940186,1
3.261768102645874,1
2.743758201599121,1
3.170759916305542,1
3.5583512783050537,1
3.669886350631714,1
3.680695056915283,1
3.719776153564453,1
3.542414665222168,1
4.091808795928955,1
2.6194944381713867,1
3.0724823474884033,1
2.8792080879211426,1
3.7192068099975586,1
3.1244640350341797,1
3.4981203079223633,1
3.4032344818115234,1
3.6229043006896973,1
3.6847853660583496,1
3.6593430042266846,1
2.3781890869140625,1
3.212080955505371,1
3.2855308055877686,1
3.113426685333252,1
4.085104942321777,1
3.4755020141601563,1
3.6409006118774414,1
3.1939616203308105,1
3.139101028442383,1
2.719099998474121,1
2.9023585319519043,1
3.139472484588623,1
3.796480178833008,1
3.268521308898926,1
2.4817967414855957,1
3.590909481048584,1
2.861727237701416,1
2.819140672683716,1
3.2600951194763184,1
3.2674832344055176,1
2.9438633918762207,1
4.308767318725586,1
3.8900063037872314,1
3.1770949363708496,1
3.3577048778533936,1
2.9855332374572754,1
3.090630531311035,1
3.8238418102264404,1
3.764827013015747,1
3.5860860347747803,1
3.4594264030456543,1
3.1747164726257324,1
4.079381942749023,1
3.511481761932373,1
3.3174595832824707,1
3.028832197189331,1
3.146038055419922,1
2.932878255844116,1
3.566042423248291,1
3.2761406898498535,1
3.266735553741455,1
3.620224952697754,1
3.3675966262817383,1
3.863694429397583,1
3.4424586296081543,1
3.770627021789551,1
4.020933151245117,1
4.129237174987793,1
4.4194512367248535,1
3.849125862121582,1
4.625319004058838,1
3.819382905960083,1
4.6447882652282715,1
3.7472872734069824,1
3.568349838256836,1
4.0945281982421875,1
4.045864582061768,1
3.687652111053467,1
4.119950294494629,1
3.3289432525634766,1
3.5102591514587402,1
3.858055353164673,1
3.244413137435913,1
4.1865644454956055,1
3.6403355598449707,1
3.578343391418457,1
3.871682643890381,1
3.3888587951660156,1
3.3068270683288574,1
4.336152076721191,1
3.330779552459717,1
3.878990650177002,1
3.99110746383667,1
3.468684434890747,1
3.836960792541504,1
5.43177604675293,1
3.9764962196350098,1
4.322259902954102,1
2.8466999530792236,1
3.370112895965576,1
3.7300796508789063,1
3.703340768814087,1
3.5588676929473877,1
2.8872756958007813,1
3.725886821746826,1
2.9485793113708496,1
2.5991225242614746,1
3.161510467529297,1
3.151045322418213,1
3.4584591388702393,1
3.599071502685547,1
3.2831356525421143,1
3.4961423873901367,1
3.53039288520813,1
3.4177989959716797,1
3.5610060691833496,1
3.3371188640594482,1
4.263528347015381,1
3.6541342735290527,1
3.12577748298645,1
3.136878490447998,1
3.274675130844116,1
3.4788296222686768,1
2.751079559326172,1
2.971278190612793,1
3.1166653633117676,1
3.514540195465088,1
3.4520633220672607,1
3.2624573707580566,1
3.035395622253418,1
3.2886228561401367,1
2.9022748470306396,1
4.526973724365234,1
3.524646282196045,1
3.7927777767181396,1
3.7171759605407715,1
3.4193472862243652,1
3.6621949672698975,1
3.16050124168396,1
3.583224296569824,1
3.815018892288208,1
3.8075356483459473,1
3.781383991241455,1
3.6101293563842773,1
2.965787410736084,1
2.8813819885253906,1
3.803312063217163,1
3.6738548278808594,1
4.352653503417969,1
3.9355087280273438,1
3.274592399597168,1
2.9752745628356934,1
3.832289695739746,1
3.518193483352661,1
4.284280776977539,1
3.920880079269409,1
4.555492877960205,1
3.7423479557037354,1
3.7301950454711914,1
3.2089619636535645,1
3.520723342895508,1
3.364898920059204,1
4.225568771362305,1
3.3917348384857178,1
3.308227062225342,1
4.274230003356934,1
2.764883518218994,1
4.474254131317139,1
4.018551349639893,1
3.951813220977783,1
3.7111058235168457,1
3.421743869781494,1
2.7129671573638916,1
3.43217134475708,1
3.9414172172546387,1
3.5801780223846436,1
3.1172971725463867,1
3.290916681289673,1
3.7046360969543457,1
3.3365368843078613,1
2.7822985649108887,1
2.7022671699523926,1
3.9870402812957764,1
3.493802547454834,1
4.081107139587402,1
3.4924161434173584,1
2.9317214488983154,1
2.5389223098754883,1
3.4016828536987305,1
3.8516311645507813,1
2.6245055198669434,1
3.4002976417541504,1
3.014708995819092,1
3.6157913208007813,1
4.46152400970459,1
3.0027785301208496,1
4.240798473358154,1
3.4382376670837402,1
2.7189764976501465,1
3.2812767028808594,1
3.2244811058044434,1
3.755311965942383,1
3.114413022994995,1
3.6596102714538574,1
3.847648859024048,1
4.157704830169678,1
2.9320974349975586,1
2.8838610649108887,1
3.1661086082458496,1
3.3206686973571777,1
3.332873821258545,1
4.323200225830078,1
3.3420119285583496,1
3.6862716674804688,1
3.1260645389556885,1
3.236895799636841,1
3.4611215591430664,1
4.075931549072266,1
2.9558115005493164,1
3.3082973957061768,1
3.7632179260253906,1
3.4492805004119873,1
4.2787580490112305,1
3.698033094406128,1
3.5217089653015137,1
3.7037978172302246,1
3.416714668273926,1
3.4928414821624756,1
2.960928440093994,1
3.010244846343994,1
3.2913875579833984,1
3.4058852195739746,1
4.229032516479492,1
3.5322468280792236,1
3.9535932540893555,1
3.0069825649261475,1
3.9023211002349854,1
3.5822343826293945,1
3.414494752883911,1
3.5402069091796875,1
3.92922306060791,1
3.0455501079559326,1
3.447150707244873,1
3.704954147338867,1
3.8014092445373535,1
4.065412521362305,1
4.203729629516602,1
3.577773332595825,1
4.081768989562988,1
3.633969306945801,1
4.419302940368652,1
3.9662885665893555,1
4.318711280822754,1
5.20245885848999,1
4.647639751434326,1
3.659278631210327,1
4.816015243530273,1
3.6362268924713135,1
4.311182022094727,1
3.9528298377990723,1
3.4709880352020264,1
3.6044669151306152,1
4.434136867523193,1
4.97057580947876,1
4.700695991516113,1
4.555530071258545,1
4.266899585723877,1
3.7762036323547363,1
3.3863635063171387,1
4.144606590270996,1
3.570732593536377,1
3.9451608657836914,1
4.20671272277832,1
4.110965728759766,1
4.615896224975586,1
3.094902515411377,1
3.93617582321167,1
3.1920387744903564,1
3.49290132522583,1
3.169477701187134,1
3.3826122283935547,1
2.7948882579803467,1
2.809945583343506,1
3.733214855194092,1
3.532301664352417,1
3.397921085357666,1
3.8575663566589355,1
4.301408767700195,1
3.4889888763427734,1
4.114229202270508,1
3.8205811977386475,1
4.1425018310546875,1
4.874577045440674,1
4.0891618728637695,1
4.441667556762695,1
4.844351768493652,1
4.129377365112305,1
5.284485816955566,1
5.960122585296631,1
3.4294447898864746,1
3.9884867668151855,1
3.6741206645965576,1
4.523035049438477,1
4.125598907470703,1
4.03463888168335,1
3.757099151611328,1
4.248477935791016,1
4.345235824584961,1
5.009867191314697,1
4.212025165557861,1
3.8730125427246094,1
4.630525588989258,1
3.236464023590088,1
3.2725939750671387,1
3.446225643157959,1
3.551694631576538,1
3.605102062225342,1
3.326244831085205,1
3.600558280944824,1
3.7279133796691895,1
3.567981719970703,1
3.381962776184082,1
3.152914524078369,1
3.7135653495788574,1
2.9103047847747803,1
3.8648650646209717,1
3.3886752128601074,1
3.5135645866394043,1
4.732525825500488,1
3.8024182319641113,1
4.257810115814209,1
3.5639326572418213,1
4.431186676025391,1
4.028668403625488,1
3.2229833602905273,1
3.754509449005127,1
3.7709522247314453,1
3.2653825283050537,1
3.5478508472442627,1
3.763038396835327,1
3.107121706008911,1
4.0451812744140625,1
3.6176414489746094,1
3.6212522983551025,1
3.6224284172058105,1
3.37996506690979,1
3.8568649291992188,1
3.4773788452148438,1
3.137176036834717,1
3.502753257751465,1
3.4233241081237793,1
4.032230377197266,1
3.765977382659912,1
3.2432003021240234,1
3.51889705657959,1
3.033702850341797,1
3.55346941947937,1
3.636807918548584,1
3.535541534423828,1
3.75640869140625,1
3.250777244567871,1
4.913577079772949,1
3.800239086151123,1
3.3283843994140625,1
2.532938003540039,1
3.1502232551574707,1
3.3749489784240723,1
3.1564648151397705,1
3.5245208740234375,1
2.8120803833007813,1
3.2115392684936523,1
3.522671699523926,1
2.939767360687256,1
3.339878559112549,1
3.043151378631592,1
3.4193716049194336,1
3.6823818683624268,1
3.414309024810791,1
3.774171829223633,1
3.892054319381714,1
3.4614555835723877,1
3.702242612838745,1
3.192331552505493,1
3.97442364692688,1
3.3797836303710938,1
3.9964256286621094,1
3.645097255706787,1
3.9128599166870117,1
3.2461047172546387,1
3.423215866088867,1
3.8042778968811035,1
4.2582197189331055,1
3.156214714050293,1
3.336897850036621,1
3.941277027130127,1
3.7992539405822754,1
3.174877166748047,1
3.6205906867980957,1
3.5596489906311035,1
3.7416563034057617,1
3.2228477001190186,1
3.634456157684326,1
3.0377917289733887,1
3.6018662452697754,1
3.6907975673675537,1
2.9104456901550293,1
3.957575798034668,1
3.7526164054870605,1
4.418741703033447,1
6.443733215332031,1
3.3180742263793945,1
3.854962110519409,1
3.6619038581848145,1
3.581195831298828,1
4.087050914764404,1
4.258886337280273,1
4.177492141723633,1
3.7948529720306396,1
3.4977364540100098,1
3.5862526893615723,1
3.6160240173339844,1
6.176307678222656,1
7.338685512542725,1
4.480074882507324,1
4.073905944824219,1
2.9858970642089844,1
3.2696053981781006,1
4.094825744628906,1
4.472202301025391,1
3.043189525604248,1
3.640385866165161,1
3.210099697113037,1
4.463951110839844,1
4.226415634155273,1
4.3015031814575195,1
3.4635000228881836,1
3.508134365081787,1
3.3864874839782715,1
3.7322967052459717,1
3.5663950443267822,1
3.0328590869903564,1
3.9036478996276855,1
3.697134494781494,1
3.8905696868896484,1
4.1045427322387695,1
3.2921533584594727,1
2.7953619956970215,1
3.5726919174194336,1
3.6930699348449707,1
3.5197441577911377,1
3.531282424926758,1
3.651923656463623,1
4.220308303833008,1
3.152963876724243,1
3.1230177879333496,1
2.969290018081665,1
3.5977466106414795,1
2.98488712310791,1
3.2708027362823486,1
3.605391263961792,1
3.7138254642486572,1
3.97817063331604,1
3.1588313579559326,1
3.2343344688415527,1
2.975026845932007,1
2.9058022499084473,1
3.475625514984131,1
3.574465036392212,1
3.9929165840148926,1
2.828092098236084,1
3.2603344917297363,1
3.474925994873047,1
3.156831741333008,1
3.678102493286133,1
4.281589031219482,1
3.8917760848999023,1
3.5871071815490723,1
3.6043879985809326,1
3.479315757751465,1
3.428513765335083,1
3.5292482376098633,1
3.758152961730957,1
3.7987732887268066,1
4.424828052520752,1
3.393653154373169,1
3.563260555267334,1
3.221640110015869,1
4.949548721313477,1
3.5556154251098633,1
3.4463555812835693,1
3.4368107318878174,1
3.15261173248291,1
3.4224298000335693,1
3.925797462463379,1
2.9587950706481934,1
3.790030002593994,1
3.086926221847534,1
3.3973093032836914,1
2.8675954341888428,1
2.9667015075683594,1
3.337482452392578,1
3.5817675590515137,1
3.717661142349243,1
3.705554485321045,1
3.626603603363037,1
3.406531810760498,1
3.426069736480713,1
3.3369131088256836,1
3.137282609939575,1
3.3314528465270996,1
3.809147834777832,1
2.546055793762207,1
2.834397792816162,1
3.7065906524658203,1
4.219540596008301,1
3.117684841156006,1
3.218416213989258,1
2.960824966430664,1
3.6614267826080322,1
3.2003443241119385,1
4.13566255569458,1
3.291090250015259,1
3.610358476638794,1
3.515669345855713,1
4.190151214599609,1
3.203660488128662,1
3.2422983646392822,1
3.530242443084717,1
3.171489715576172,1
3.198859691619873,1
3.76485538482666,1
3.7768826484680176,1
3.6117358207702637,1
3.060605764389038,1
3.2480013370513916,1
3.197999954223633,1
3.4464359283447266,1
3.4799578189849854,1
4.070943355560303,1
3.312105655670166,1
3.5476584434509277,1
4.077458381652832,1
3.223391056060791,1
3.213038444519043,1
2.9128828048706055,1
3.5207886695861816,1
2.9679923057556152,1
2.78464412689209,1
2.992642641067505,1
3.8634934425354004,1
3.2398509979248047,1
3.0740714073181152,1
2.7916181087493896,1
3.221501350402832,1
3.7586734294891357,1
3.7288856506347656,1
4.001460075378418,1
3.1096763610839844,1
3.1797947883605957,1
3.5742788314819336,1
3.5015172958374023,1
3.9897801876068115,1
3.2346150875091553,1
3.020646810531616,1
3.302513599395752,1
3.0037808418273926,1
3.452770471572876,1
3.1010730266571045,1
3.3107614517211914,1
3.2144289016723633,1
3.5514748096466064,1
2.627495765686035,1
3.0180225372314453,1
2.9353466033935547,1
3.056149959564209,1
3.766364812850952,1
3.6604623794555664,1
2.8860983848571777,1
3.324057102203369,1
3.473884105682373,1
3.895245313644409,1
2.934948444366455,1
3.2584187984466553,1
3.0939435958862305,1
3.575216293334961,1
3.473808765411377,1
3.338042974472046,1
2.9463136196136475,1
3.544496774673462,1
3.0421390533447266,1
4.04368782043457,1
3.685579776763916,1
4.004480838775635,1
3.2743027210235596,1
2.7824788093566895,1
3.3480992317199707,1
2.535916566848755,1
3.220513343811035,1
3.91489839553833,1
4.3551130294799805,1
4.077062606811523,1
3.3031184673309326,1
3.483268976211548,1
3.144455909729004,1
3.309720039367676,1
3.311764717102051,1
3.3539071083068848,1
3.559147834777832,1
3.8181705474853516,1
3.154690742492676,1
3.6742751598358154,1
3.81864857673645,1
3.8761489391326904,1
3.5410544872283936,1
3.553300380706787,1
2.966362237930298,1
3.7057838439941406,1
4.2822089195251465,1
3.675686836242676,1
4.470385551452637,1
3.3935046195983887,1
3.1580357551574707,1
3.7263054847717285,1
3.5039470195770264,1
3.643157720565796,1
3.2846508026123047,1
4.260752201080322,1
3.5277109146118164,1
3.2081422805786133,1
3.595172882080078,1
2.916675329208374,1
2.99395751953125,1
3.42423677444458,1
4.004299163818359,1
3.7376842498779297,1
2.7183849811553955,1
3.058490514755249,1
2.963589668273926,1
2.6508121490478516,1
3.9688990116119385,1
3.3780384063720703,1
3.912975311279297,1
3.214714527130127,1
3.2829999923706055,1
3.5064821243286133,1
4.085783958435059,1
4.105655670166016,1
3.829035758972168,1
3.162020683288574,1
2.8512954711914063,1
4.51158332824707,1
3.4102730751037598,1
4.053585529327393,1
3.863264799118042,1
4.032943248748779,1
2.8454079627990723,1
3.2150793075561523,1
3.7809154987335205,1
3.5196661949157715,1
3.0099077224731445,1
3.5148985385894775,1
2.6858010292053223,1
4.1497673988342285,1
3.365980625152588,1
3.5872862339019775,1
4.0583014488220215,1
4.100955963134766,1
3.8593270778656006,1
3.344031572341919,1
3.4239540100097656,1
3.3255324363708496,1
3.754291534423828,1
3.902275323867798,1
3.819000244140625,1
3.3551859855651855,1
3.7791481018066406,1
4.037098407745361,1
3.375356435775757,1
4.450926780700684,1
5.37798547744751,1
3.7912137508392334,1
3.910810947418213,1
3.8810534477233887,1
3.4379026889801025,1
3.7417826652526855,1
3.4442477226257324,1
4.2032318115234375,1
3.469965934753418,1
3.6753482818603516,1
3.0456676483154297,1
3.4011268615722656,1
3.7337217330932617,1
4.079568862915039,1
2.8082146644592285,1
2.798405647277832,1
3.129734992980957,1
3.5444931983947754,1
2.5950188636779785,1
3.389008045196533,1
4.069141387939453,1
3.9040603637695313,1
2.6095004081726074,1
3.334101676940918,1
3.4194514751434326,1
3.735691547393799,1
3.269596576690674,1
3.6952149868011475,1
3.865457057952881,1
2.9998342990875244,1
2.685420036315918,1
3.591635227203369,1
3.560636281967163,1
4.549005031585693,1
3.4173736572265625,1
2.85395884513855,1
2.8815441131591797,1
3.6109471321105957,1
2.7136616706848145,1
3.7595715522766113,1
3.794356346130371,1
3.416785717010498,1
3.2256197929382324,1
3.1834707260131836,1
3.3292360305786133,1
3.5045385360717773,1
3.2911300659179688,1
3.423682451248169,1
2.8896830081939697,1
3.2094740867614746,1
3.561455249786377,1
3.494715929031372,1
3.9444923400878906,1
3.892838478088379,1
4.1410369873046875,1
3.925590991973877,1
4.671075344085693,1
3.6331443786621094,1
3.9374728202819824,1
4.084132194519043,1
3.7898237705230713,1
4.495530128479004,1
3.4480109214782715,1
3.8985424041748047,1
4.291960716247559,1
4.067420482635498,1
4.228466510772705,1
3.8300585746765137,1
3.816187858581543,1
4.106240272521973,1
4.753234386444092,1
3.319729804992676,1
3.9162049293518066,1
4.051831245422363,1
3.114745616912842,1
3.9546804428100586,1
3.3380537033081055,1
4.30362606048584,1
3.7089991569519043,1
3.3167943954467773,1
3.825589179992676,1
3.510162591934204,1
3.5356926918029785,1
3.8012747764587402,1
3.4662556648254395,1
3.6372733116149902,1
2.616497278213501,1
3.6353282928466797,1
3.3855321407318115,1
3.128753185272217,1
2.7584187984466553,1
3.3239152431488037,1
3.0106427669525146,1
3.1674907207489014,1
2.63318133354187,1
3.926387310028076,1
3.833860397338867,1
3.098696231842041,1
2.903337240219116,1
3.363738536834717,1
3.7441515922546387,1
5.699756145477295,1
3.1082875728607178,1
3.659606456756592,1
3.6843717098236084,1
3.187831401824951,1
4.463533401489258,1
3.5627310276031494,1
3.0111145973205566,1
3.419070243835449,1
4.004693984985352,1
3.110750198364258,1
3.3325254917144775,1
5.178347110748291,1
3.5374202728271484,1
4.0059428215026855,1
3.639828681945801,1
3.3281283378601074,1
3.446117401123047,1
3.4984958171844482,1
3.4386701583862305,1
3.122812509536743,1
3.0702767372131348,1
2.929086208343506,1
3.2658140659332275,1
3.2869153022766113,1
3.4175963401794434,1
3.392906427383423,1
3.9989523887634277,1
3.392728328704834,1
2.550936222076416,1
3.3857054710388184,1
3.0545907020568848,1
3.0563817024230957,1
2.7610111236572266,1
2.741006851196289,1
3.3744964599609375,1
3.487852096557617,1
2.6958558559417725,1
3.293339490890503,1
2.8787243366241455,1
3.78773832321167,1
3.2982289791107178,1
3.468407154083252,1
3.7992289066314697,1
3.707078456878662,1
3.0777699947357178,1
3.854612112045288,1
3.56288743019104,1
3.9081130027770996,1
3.228919744491577,1
4.008062362670898,1
3.6928629875183105,1
3.2512612342834473,1
3.9240195751190186,1
2.496596097946167,1
3.28016996383667,1
2.976382255554199,1
3.9154958724975586,1
3.2766411304473877,1
3.4894659519195557,1
3.299630641937256,1
3.306342363357544,1
3.0277650356292725,1
3.1515369415283203,1
3.4521126747131348,1
2.7659640312194824,1
3.293644905090332,1
3.2702646255493164,1
3.1101489067077637,1
3.8453781604766846,1
4.70007848739624,1
4.386653423309326,1
4.264898300170898,1
3.9635791778564453,1
3.8416714668273926,1
4.584755897521973,1
4.164729118347168,1
4.142490386962891,1
3.5368807315826416,1
3.58019757270813,1
3.651477336883545,1
3.4632229804992676,1
2.924783229827881,1
3.506409168243408,1
3.5069191455841064,1
3.884695291519165,1
3.046078681945801,1
3.189393997192383,1
3.4780757427215576,1
3.250023126602173,1
3.5565128326416016,1
3.5045385360717773,1
3.303990125656128,1
4.349087238311768,1
4.34171199798584,1
4.548168659210205,1
3.9672389030456543,1
3.789795398712158,1
3.779998302459717,1
3.5569889545440674,1
4.103335380554199,1
3.923321485519409,1
3.580195903778076,1
3.9324862957000732,1
4.436122894287109,1
3.7957346439361572,1
4.0358171463012695,1
4.51118803024292,1
5.678501129150391,1
3.7937469482421875,1
4.453516960144043,1
3.798039436340332,1
4.025155067443848,1
3.2577295303344727,1
4.676176071166992,1
2.788832426071167,1
4.090552806854248,1
3.105506420135498,1
3.242624044418335,1
3.313699960708618,1
3.4490957260131836,1
3.569563150405884,1
2.9701414108276367,1
3.546858787536621,1
3.2937440872192383,1
3.8472914695739746,1
3.5410807132720947,1
2.6354403495788574,1
3.0147552490234375,1
3.3140978813171387,1
3.0984883308410645,1
3.1693451404571533,1
3.043947219848633,1
2.7890472412109375,1
3.797140598297119,1
2.820981502532959,1
3.400852680206299,1
3.9054317474365234,1
4.186398983001709,1
2.583629608154297,1
3.9338862895965576,1
3.3828396797180176,1
3.573849678039551,1
2.816042423248291,1
4.008884429931641,1
2.7711362838745117,1
2.9081153869628906,1
3.5134358406066895,1
3.7903478145599365,1
4.03346586227417,1
3.396057605743408,1
3.0611860752105713,1
3.0647850036621094,1
3.0010032653808594,1
3.351353406906128,1
4.033002853393555,1
4.272019386291504,1
3.569479465484619,1
3.1217615604400635,1
4.375040054321289,1
3.574154853820801,1
3.594595432281494,1
3.565244197845459,1
4.272645473480225,1
3.4167728424072266,1
5.54062557220459,1
3.6331946849823,1
3.3798255920410156,1
3.7137908935546875,1
3.6305644512176514,1
3.4630863666534424,1
3.6946277618408203,1
3.742588758468628,1
4.022924900054932,1
3.5328853130340576,1
2.7610208988189697,1
3.2372922897338867,1
3.1620657444000244,1
2.848989486694336,1
2.9210963249206543,1
2.7996485233306885,1
3.8196206092834473,1
3.640097141265869,1
3.446436882019043,1
3.796193838119507,1
3.4635491371154785,1
3.634648323059082,1
3.4221274852752686,1
4.166632652282715,1
3.6041276454925537,1
3.0231919288635254,1
3.4053797721862793,1
3.210054397583008,1
3.4863386154174805,1
4.146666049957275,1
3.435554027557373,1
3.729369640350342,1
4.687501907348633,1
3.353691577911377,1
3.969545602798462,1
3.86659574508667,1
3.9211878776550293,1
4.00787878036499,1
3.5492911338806152,1
3.0110974311828613,1
3.609675884246826,1
3.0957679748535156,1
3.0755157470703125,1
2.8384995460510254,1
3.568779706954956,1
3.6794562339782715,1
4.179625988006592,1
2.7396774291992188,1
2.4971680641174316,1
3.4342832565307617,1
2.9105491638183594,1
3.586134910583496,1
3.1625657081604004,1
3.531656265258789,1
4.236623287200928,1
3.236358880996704,1
3.9609222412109375,1
4.42437744140625,1
3.196368455886841,1
3.9438652992248535,1
3.7412972450256348,1
2.7345969676971436,1
3.211834669113159,1
2.8254926204681396,1
3.306978702545166,1
3.5159780979156494,1
3.6774935722351074,1
5.229681491851807,1
3.38900089263916,1
4.07000207901001,1
3.54477858543396,1
2.897301197052002,1
3.74444580078125,1
3.5089845657348633,1
3.2450172901153564,1
3.57826828956604,1
3.9968838691711426,1
4.097959995269775,1
4.87055778503418,1
3.0459654331207275,1
4.104394435882568,1
3.751251220703125,1
3.688025951385498,1
3.548215627670288,1
3.871138572692871,1
3.745375156402588,1
3.2863707542419434,1
3.32554030418396,1
3.915709972381592,1
3.3276734352111816,1
3.3585052490234375,1
3.498922348022461,1
3.979954242706299,1
3.7276482582092285,1
4.507686614990234,1
3.618413209915161,1
4.369254112243652,1
4.236940383911133,1
3.3624911308288574,1
3.603929281234741,1
3.5097436904907227,1
4.120485305786133,1
3.1568055152893066,1
3.2856969833374023,1
3.7950942516326904,1
3.774064540863037,1
3.7825191020965576,1
3.034548759460449,1
3.22563099861145,1
4.014854431152344,1
3.6745524406433105,1
2.9700045585632324,1
3.4074957370758057,1
2.9369659423828125,1
2.7652201652526855,1
3.557314395904541,1
3.108572483062744,1
3.235812187194824,1
2.7875986099243164,1
3.835376262664795,1
3.3889193534851074,1
2.7898733615875244,1
3.656421661376953,1
3.3012962341308594,1
3.0800938606262207,1
3.5344624519348145,1
3.6430282592773438,1
3.5688693523406982,1
3.1865689754486084,1
2.8230929374694824,1
3.7681870460510254,1
3.2565691471099854,1
3.2586421966552734,1
3.238006591796875,1
3.8061699867248535,1
2.9828994274139404,1
2.721283435821533,1
3.433182716369629,1
3.457765579223633,1
3.783362865447998,1
3.521439552307129,1
3.402686357498169,1
3.735905647277832,1
3.5438919067382813,1
