3.8344907760620117,1
4.153293609619141,1
3.637866497039795,1
3.6622965335845947,1
3.2979862689971924,1
3.4336891174316406,1
3.4257030487060547,1
3.5616512298583984,1
3.440462589263916,1
3.870083808898926,1
3.5524754524230957,1
3.9995675086975098,1
3.7469382286071777,1
3.8298938274383545,1
3.910710334777832,1
3.421412467956543,1
3.358332872390747,1
3.5534393787384033,1
3.60984468460083,1
3.7066996097564697,1
3.7240214347839355,1
3.6469528675079346,1
3.3458900451660156,1
3.4203450679779053,1
3.335334062576294,1
3.893782377243042,1
3.6331465244293213,1
3.995544910430908,1
3.3791682720184326,1
3.657656669616699,1
3.745398998260498,1
3.6690902709960938,1
3.1511740684509277,1
3.479910373687744,1
3.9041404724121094,1
3.4593875408172607,1
4.0539984703063965,1
3.5142905712127686,1
3.6802914142608643,1
3.559492349624634,1
3.6482410430908203,1
3.736353635787964,1
3.8202831745147705,1
3.3659119606018066,1
3.574491500854492,1
4.08469820022583,1
3.6228671073913574,1
3.718642234802246,1
3.785891056060791,1
3.8933417797088623,1
3.8626792430877686,1
4.111551761627197,1
3.327139139175415,1
3.942441463470459,1
4.279575347900391,1
3.699287176132202,1
3.8728935718536377,1
3.544182538986206,1
3.8361105918884277,1
3.6951730251312256,1
3.603546142578125,1
3.892456531524658,1
3.4866108894348145,1
3.3867106437683105,1
4.666306018829346,1
3.980994462966919,1
3.612151861190796,1
3.4155690670013428,1
3.79679536819458,1
3.772017002105713,1
3.3287384510040283,1
4.204165458679199,1
3.8674325942993164,1
3.840158462524414,1
4.190166473388672,1
3.966810703277588,1
3.6171743869781494,1
3.922959566116333,1
3.2472245693206787,1
3.4360198974609375,1
3.580836057662964,1
3.970250129699707,1
3.618708610534668,1
3.07302188873291,1
4.076542854309082,1
3.4816477298736572,1
3.752309560775757,1
4.1677141189575195,1
3.316716194152832,1
3.7687337398529053,1
3.454943895339966,1
3.698093891143799,1
3.8359949588775635,1
3.4257564544677734,1
4.502501487731934,1
3.1420698165893555,1
4.012542724609375,1
3.9866466522216797,1
3.856436252593994,1
3.4335436820983887,1
3.680576801300049,1
3.6792240142822266,1
3.5663902759552,1
3.8909473419189453,1
4.379258632659912,1
3.676184892654419,1
3.2485368251800537,1
3.9325520992279053,1
3.752984046936035,1
3.6884663105010986,1
3.836085319519043,1
3.6902217864990234,1
3.6178739070892334,1
3.3746726512908936,1
3.150209665298462,1
4.130425453186035,1
3.5781610012054443,1
3.915300130844116,1
4.08074951171875,1
3.5332236289978027,1
3.6678106784820557,1
3.71444034576416,1
3.7423508167266846,1
3.8607053756713867,1
3.6383209228515625,1
3.5325560569763184,1
4.185887813568115,1
3.9451146125793457,1
3.785613536834717,1
3.619053840637207,1
3.954479932785034,1
4.232766151428223,1
3.705993890762329,1
3.301732301712036,1
3.761655569076538,1
3.8868720531463623,1
4.488534450531006,1
4.042990684509277,1
3.7866458892822266,1
3.456592321395874,1
3.3567371368408203,1
3.5874242782592773,1
3.300048828125,1
4.0628886222839355,1
3.407672643661499,1
3.325300455093384,1
3.4413723945617676,1
3.411611318588257,1
3.378148078918457,1
3.741220235824585,1
3.687192678451538,1
2.996105909347534,1
3.608489990234375,1
3.6677446365356445,1
3.1353676319122314,1
3.6404361724853516,1
3.564828872680664,1
3.7676026821136475,1
3.5367746353149414,1
3.097296714782715,1
3.6227798461914063,1
3.282041549682617,1
3.171647310256958,1
3.9515979290008545,1
3.468130111694336,1
3.7290377616882324,1
4.373924732208252,1
3.641674757003784,1
3.4194908142089844,1
3.9935293197631836,1
4.120036602020264,1
3.5180177688598633,1
3.752305030822754,1
3.453768730163574,1
4.161076545715332,1
3.2211661338806152,1
2.782660722732544,1
3.793057918548584,1
3.7704577445983887,1
3.2424466609954834,1
4.609729766845703,1
3.996218681335449,1
3.858686923980713,1
3.348606586456299,1
4.173707962036133,1
4.000066757202148,1
4.1564130783081055,1
3.7490780353546143,1
3.756612777709961,1
4.116081237792969,1
3.882951259613037,1
3.719766855239868,1
4.203957557678223,1
4.074856281280518,1
3.9390885829925537,1
3.424987316131592,1
3.773878574371338,1
3.552738666534424,1
3.6032018661499023,1
3.501642942428589,1
3.547145128250122,1
3.508277416229248,1
3.9302210807800293,1
4.04218864440918,1
3.2410383224487305,1
3.0848171710968018,1
3.6524581909179688,1
3.4682815074920654,1
3.384459972381592,1
4.2781829833984375,1
3.4246795177459717,1
4.053930282592773,1
3.6500372886657715,1
3.330775260925293,1
4.136784553527832,1
3.4788596630096436,1
3.6947169303894043,1
3.418436288833618,1
3.2830305099487305,1
3.7399425506591797,1
3.254645347595215,1
2.980634927749634,1
3.7134363651275635,1
3.5876564979553223,1
3.4347057342529297,1
3.566549777984619,1
3.289124011993408,1
4.06851863861084,1
2.9903078079223633,1
4.411288261413574,1
3.911691188812256,1
3.5672495365142822,1
3.89803147315979,1
3.461916208267212,1
3.8491673469543457,1
3.9411776065826416,1
3.599180221557617,1
4.462033271789551,1
3.7442593574523926,1
3.69195556640625,1
3.8211278915405273,1
4.531294345855713,1
4.1483941078186035,1
3.519345760345459,1
3.961477756500244,1
3.9283764362335205,1
3.6286187171936035,1
3.5062415599823,1
3.3644094467163086,1
3.935422897338867,1
3.732424020767212,1
3.904574394226074,1
3.6992239952087402,1
3.614037036895752,1
3.344080924987793,1
3.9685492515563965,1
3.14259934425354,1
3.406177043914795,1
3.6272025108337402,1
3.389394760131836,1
3.345629930496216,1
3.8210110664367676,1
3.7013885974884033,1
3.916382074356079,1
4.311114311218262,1
3.9520649909973145,1
3.7118709087371826,1
3.916172981262207,1
3.62221097946167,1
3.3691186904907227,1
3.998544454574585,1
3.721740245819092,1
4.138731956481934,1
3.391359329223633,1
3.3736965656280518,1
3.397153615951538,1
3.4379496574401855,1
3.56329345703125,1
3.8097798824310303,1
4.161287307739258,1
3.4119744300842285,1
3.0975899696350098,1
4.072592258453369,1
4.648273944854736,1
3.6453912258148193,1
3.9510176181793213,1
3.9854183197021484,1
3.3665122985839844,1
3.2343108654022217,1
3.488452911376953,1
3.9658071994781494,1
3.86647891998291,1
3.711075782775879,1
3.5498266220092773,1
3.0863490104675293,1
3.487739324569702,1
3.2924764156341553,1
3.632181406021118,1
3.3107259273529053,1
3.924731969833374,1
3.440124034881592,1
3.2987804412841797,1
3.808440685272217,1
2.7732462882995605,1
3.9300544261932373,1
3.7611758708953857,1
3.491342067718506,1
3.421743154525757,1
3.7354273796081543,1
3.7681407928466797,1
3.681234121322632,1
3.7869958877563477,1
3.787649631500244,1
4.254451751708984,1
3.3899528980255127,1
4.0611724853515625,1
3.479931116104126,1
3.8760690689086914,1
3.3705291748046875,1
3.4702184200286865,1
3.6315534114837646,1
4.014779567718506,1
3.7678604125976563,1
3.293262481689453,1
3.408278703689575,1
4.121010780334473,1
3.8043317794799805,1
4.352986812591553,1
3.572117805480957,1
3.2976722717285156,1
3.6789894104003906,1
3.787686824798584,1
3.4142775535583496,1
3.7181835174560547,1
3.516601085662842,1
3.347583055496216,1
3.2739884853363037,1
3.370243549346924,1
3.3159379959106445,1
3.9322915077209473,1
3.245079517364502,1
3.840311050415039,1
3.602133274078369,1
4.3234028816223145,1
4.101874828338623,1
3.3264920711517334,1
3.4681782722473145,1
4.287197113037109,1
3.7583844661712646,1
3.5431041717529297,1
3.269801616668701,1
3.6787991523742676,1
3.3673079013824463,1
3.3720908164978027,1
3.9268476963043213,1
3.5387649536132813,1
3.629279851913452,1
4.361798286437988,1
3.7427754402160645,1
3.702542781829834,1
3.582284450531006,1
4.753769874572754,1
3.789846658706665,1
3.6975178718566895,1
4.119595527648926,1
4.496209621429443,1
4.239858627319336,1
3.674009323120117,1
4.175392150878906,1
4.517586708068848,1
3.357012987136841,1
3.301496982574463,1
3.6781582832336426,1
4.483540058135986,1
3.915787935256958,1
3.784712314605713,1
3.7423601150512695,1
3.0051941871643066,1
4.684612274169922,1
3.476571559906006,1
3.3391404151916504,1
3.5142974853515625,1
3.541562557220459,1
3.5345749855041504,1
3.561338424682617,1
3.2523932456970215,1
3.5899157524108887,1
3.527395725250244,1
3.327122926712036,1
3.379755735397339,1
3.8317880630493164,1
3.717007637023926,1
3.8539247512817383,1
3.496879816055298,1
3.240482807159424,1
3.4047958850860596,1
3.3579092025756836,1
3.161832094192505,1
3.587822914123535,1
3.560298442840576,1
3.3869853019714355,1
3.565394163131714,1
3.982988119125366,1
3.4829325675964355,1
3.492265224456787,1
3.3243753910064697,1
4.087337493896484,1
3.730945587158203,1
3.7259974479675293,1
3.538719654083252,1
3.5178205966949463,1
3.4509549140930176,1
3.0212807655334473,1
3.8227944374084473,1
3.5860090255737305,1
3.7098941802978516,1
3.6329753398895264,1
3.1504526138305664,1
3.633662223815918,1
3.7700462341308594,1
3.1580252647399902,1
3.8959553241729736,1
3.533815622329712,1
3.777693748474121,1
3.574253797531128,1
4.123909950256348,1
4.275898456573486,1
3.4412331581115723,1
3.4607133865356445,1
3.870992422103882,1
3.5693817138671875,1
3.2183046340942383,1
4.2032318115234375,1
3.789858102798462,1
3.6391263008117676,1
3.5381808280944824,1
3.0683345794677734,1
3.462218761444092,1
3.59310245513916,1
4.042461395263672,1
3.4180030822753906,1
3.95296049118042,1
3.752492904663086,1
3.533707618713379,1
3.6149039268493652,1
3.381991147994995,1
4.044382572174072,1
3.103538990020752,1
4.02860164642334,1
3.144859790802002,1
3.611284017562866,1
3.565918207168579,1
3.9182798862457275,1
3.2445220947265625,1
4.133393287658691,1
4.629245281219482,1
3.6344194412231445,1
3.784806251525879,1
4.012225151062012,1
3.441185474395752,1
3.6329526901245117,1
3.7104921340942383,1
3.755727767944336,1
3.437713146209717,1
4.071731090545654,1
3.3180031776428223,1
3.5525131225585938,1
3.9416959285736084,1
3.757279396057129,1
3.7281429767608643,1
3.7827441692352295,1
3.908486843109131,1
4.160003185272217,1
3.8214311599731445,1
3.741943597793579,1
4.075186729431152,1
4.491489887237549,1
3.64878511428833,1
3.511227607727051,1
3.7463104724884033,1
3.904045343399048,1
3.704420566558838,1
3.6390750408172607,1
3.8428752422332764,1
3.8283638954162598,1
4.034755229949951,1
3.4009010791778564,1
3.201571464538574,1
3.4211959838867188,1
4.068112373352051,1
3.2235209941864014,1
3.3762927055358887,1
3.0882089138031006,1
3.647549867630005,1
2.948808431625366,1
3.492541790008545,1
4.127713203430176,1
3.1682488918304443,1
3.257351875305176,1
3.8698816299438477,1
4.000117301940918,1
3.7702157497406006,1
3.732151508331299,1
3.4376392364501953,1
3.8822638988494873,1
3.7185425758361816,1
3.535956859588623,1
3.764082908630371,1
3.3643312454223633,1
3.4399664402008057,1
3.8834187984466553,1
4.521001815795898,1
3.6429624557495117,1
3.5697648525238037,1
3.8407421112060547,1
3.6448726654052734,1
3.3605923652648926,1
4.0253520011901855,1
3.4263508319854736,1
3.055479049682617,1
3.842280864715576,1
3.9742558002471924,1
3.001791477203369,1
3.4882006645202637,1
3.6727170944213867,1
4.176182746887207,1
3.645139217376709,1
3.284334897994995,1
3.815945863723755,1
3.465592861175537,1
3.245408535003662,1
4.070795059204102,1
3.494724750518799,1
4.220895767211914,1
3.1483452320098877,1
3.6913373470306396,1
3.32848858833313,1
3.304786443710327,1
3.9629616737365723,1
3.16810941696167,1
4.224409103393555,1
4.201303005218506,1
3.803740978240967,1
3.6565608978271484,1
4.049279689788818,1
3.533550262451172,1
3.3869051933288574,1
3.7404441833496094,1
3.746896982192993,1
3.869098663330078,1
3.38811993598938,1
3.4434261322021484,1
3.65262770652771,1
3.48022198677063,1
3.261209487915039,1
3.419229745864868,1
3.1769070625305176,1
3.8174214363098145,1
3.6511523723602295,1
2.8765358924865723,1
3.2393016815185547,1
3.7858502864837646,1
3.430814743041992,1
3.942488670349121,1
3.759100914001465,1
3.7126622200012207,1
3.5021162033081055,1
3.41509747505188,1
4.206719398498535,1
3.172602891921997,1
4.20249080657959,1
3.3201842308044434,1
4.048513889312744,1
4.3162384033203125,1
3.5802440643310547,1
3.7562222480773926,1
3.939491033554077,1
3.3040995597839355,1
3.3082447052001953,1
3.455310821533203,1
3.4934043884277344,1
3.931425094604492,1
3.3519234657287598,1
3.717233180999756,1
3.575151205062866,1
3.6397323608398438,1
4.169720649719238,1
3.388801336288452,1
3.504193067550659,1
3.352257251739502,1
3.811131715774536,1
3.584649085998535,1
3.2849090099334717,1
3.547351360321045,1
3.736393928527832,1
3.8162684440612793,1
4.114762306213379,1
3.570528745651245,1
3.6354219913482666,1
3.680356025695801,1
3.629127025604248,1
3.3329920768737793,1
3.359201431274414,1
3.78016996383667,1
3.464963674545288,1
3.983213186264038,1
3.2590832710266113,1
3.5170679092407227,1
4.632448673248291,1
3.0942978858947754,1
4.196780681610107,1
4.044678211212158,1
3.4524447917938232,1
3.7249341011047363,1
4.087345123291016,1
3.7347874641418457,1
4.431774139404297,1
3.8724205493927,1
3.58512020111084,1
3.956562042236328,1
4.2072577476501465,1
3.5856404304504395,1
3.3674564361572266,1
4.295060157775879,1
4.694973945617676,1
3.200279474258423,1
3.9521780014038086,1
3.508401393890381,1
3.602515697479248,1
3.634390354156494,1
3.4078845977783203,1
3.7126200199127197,1
3.411247730255127,1
3.2823667526245117,1
4.043805122375488,1
2.8970258235931396,1
3.4734854698181152,1
3.321585178375244,1
3.2235536575317383,1
3.8013529777526855,1
3.7908735275268555,1
3.331420421600342,1
3.658193826675415,1
3.1158318519592285,1
3.6067118644714355,1
4.0007171630859375,1
3.3816511631011963,1
3.4253642559051514,1
3.304100751876831,1
2.9860892295837402,1
3.700899600982666,1
3.8049631118774414,1
4.090733528137207,1
3.4648232460021973,1
3.3774871826171875,1
3.7577552795410156,1
3.933995246887207,1
3.305300712585449,1
3.8437368869781494,1
3.201007843017578,1
3.627380609512329,1
3.725386619567871,1
3.7979660034179688,1
3.543330192565918,1
3.3706765174865723,1
4.288590908050537,1
3.5428712368011475,1
3.7508411407470703,1
3.4159693717956543,1
3.5496459007263184,1
4.0788679122924805,1
3.6797032356262207,1
3.711149215698242,1
4.002832412719727,1
3.774275779724121,1
4.271270751953125,1
3.3817038536071777,1
3.5161163806915283,1
3.876929998397827,1
3.397038459777832,1
3.4779129028320313,1
3.6038568019866943,1
3.352461099624634,1
4.1938886642456055,1
3.5135958194732666,1
3.6355347633361816,1
4.149607181549072,1
3.4642860889434814,1
3.4032936096191406,1
3.607618808746338,1
3.149306535720825,1
3.896066904067993,1
3.3519296646118164,1
3.686599016189575,1
3.5391876697540283,1
3.6611979007720947,1
3.248760461807251,1
3.376885175704956,1
4.243132591247559,1
3.535548686981201,1
3.275268793106079,1
3.1196072101593018,1
3.5582971572875977,1
3.701693534851074,1
3.8819198608398438,1
3.809844970703125,1
3.5490245819091797,1
3.1594858169555664,1
3.6085519790649414,1
3.674253225326538,1
3.944728374481201,1
4.004778861999512,1
3.4198708534240723,1
3.4407668113708496,1
3.2041401863098145,1
3.325051784515381,1
3.1723804473876953,1
3.731396198272705,1
3.804377555847168,1
3.9315056800842285,1
3.8675684928894043,1
3.196068286895752,1
3.380065679550171,1
3.430741310119629,1
3.5297203063964844,1
3.8259594440460205,1
3.816392660140991,1
3.3782854080200195,1
3.5477468967437744,1
3.3828959465026855,1
3.3623807430267334,1
3.670518636703491,1
4.080782890319824,1
3.6471776962280273,1
3.701606273651123,1
3.7518630027770996,1
4.5707902908325195,1
3.8790268898010254,1
4.0504150390625,1
4.074988842010498,1
3.793400287628174,1
3.695809841156006,1
3.8510308265686035,1
3.467942237854004,1
3.184295177459717,1
3.4779739379882813,1
4.10438871383667,1
3.864346504211426,1
3.894589900970459,1
3.5397653579711914,1
4.170785903930664,1
3.833596706390381,1
3.663465976715088,1
3.8279242515563965,1
3.6690616607666016,1
3.635571002960205,1
3.8163368701934814,1
3.7034473419189453,1
3.892554521560669,1
3.881197690963745,1
3.591670036315918,1
3.661506175994873,1
3.425240993499756,1
3.1759912967681885,1
3.790194272994995,1
3.264604330062866,1
4.211239337921143,1
3.889153480529785,1
3.5368080139160156,1
3.466701030731201,1
3.2782373428344727,1
4.788660049438477,1
3.619309663772583,1
3.3067376613616943,1
3.5241034030914307,1
3.2969532012939453,1
3.5025734901428223,1
3.640821933746338,1
3.5086283683776855,1
3.505915880203247,1
3.522993326187134,1
3.3186097145080566,1
3.793112277984619,1
3.3821496963500977,1
3.1950831413269043,1
3.4140682220458984,1
4.108041763305664,1
3.36441707611084,1
3.4568827152252197,1
3.794699192047119,1
3.6189255714416504,1
3.409186840057373,1
4.169136047363281,1
3.8861608505249023,1
4.038593769073486,1
3.655766487121582,1
3.6089704036712646,1
3.7406375408172607,1
3.6084072589874268,1
3.6722655296325684,1
3.5505282878875732,1
3.4410033226013184,1
3.5031440258026123,1
3.751934289932251,1
3.372264862060547,1
3.536769390106201,1
3.336545467376709,1
3.4799699783325195,1
3.467134952545166,1
3.7555689811706543,1
3.2529377937316895,1
3.6685400009155273,1
4.060609340667725,1
3.8473870754241943,1
4.064935207366943,1
4.090179920196533,1
3.6395092010498047,1
3.879176139831543,1
4.022641181945801,1
3.6685104370117188,1
3.6131904125213623,1
3.4154698848724365,1
4.131277561187744,1
3.8963396549224854,1
3.531543731689453,1
4.303417205810547,1
3.4285638332366943,1
3.721768379211426,1
4.219391822814941,1
3.7725648880004883,1
4.008872985839844,1
3.718876838684082,1
3.1881210803985596,1
3.4786343574523926,1
4.023114204406738,1
3.593000888824463,1
3.3196535110473633,1
4.180074214935303,1
3.641632318496704,1
3.337289333343506,1
4.273982048034668,1
3.7854554653167725,1
3.607701539993286,1
3.6778016090393066,1
3.661940574645996,1
3.0951530933380127,1
3.843374013900757,1
3.6834018230438232,1
3.52876877784729,1
3.752163887023926,1
3.2828640937805176,1
3.491626024246216,1
3.397155523300171,1
3.3485496044158936,1
3.7156858444213867,1
3.723398208618164,1
3.600987434387207,1
3.5036303997039795,1
3.354262351989746,1
3.345139980316162,1
3.744039535522461,1
3.623293161392212,1
3.534116744995117,1
3.652157783508301,1
3.620698928833008,1
3.4655020236968994,1
3.895082950592041,1
4.2118024826049805,1
4.0961809158325195,1
4.012564659118652,1
4.068207263946533,1
3.018486976623535,1
3.5290181636810303,1
4.235940933227539,1
3.8507466316223145,1
4.0108819007873535,1
4.239331245422363,1
3.930224895477295,1
3.4432435035705566,1
3.67795729637146,1
4.053058624267578,1
3.305939197540283,1
3.272596836090088,1
3.808579444885254,1
4.039278507232666,1
3.3388452529907227,1
3.665264844894409,1
3.73671817779541,1
3.3993940353393555,1
3.9969570636749268,1
3.5604710578918457,1
3.355517864227295,1
3.4497642517089844,1
3.412391185760498,1
3.5475845336914063,1
3.9376280307769775,1
3.9925806522369385,1
3.4376678466796875,1
3.2839059829711914,1
3.374403953552246,1
2.973454475402832,1
3.0715320110321045,1
3.2134270668029785,1
3.8689417839050293,1
3.798982858657837,1
3.702932357788086,1
3.583679437637329,1
3.901622772216797,1
3.437427043914795,1
4.03226900100708,1
3.7770838737487793,1
3.3289575576782227,1
3.9124903678894043,1
3.473224639892578,1
3.5906543731689453,1
4.135107040405273,1
3.53309965133667,1
4.004392623901367,1
3.82041335105896,1
3.1962368488311768,1
3.255842685699463,1
4.433411598205566,1
4.362468242645264,1
3.603067398071289,1
3.746466636657715,1
4.2403244972229,1
3.5167927742004395,1
4.326470851898193,1
3.5172739028930664,1
4.121769905090332,1
3.7088780403137207,1
3.375882148742676,1
3.121951103210449,1
3.8829739093780518,1
3.682225227355957,1
3.5274460315704346,1
3.9151358604431152,1
3.5568833351135254,1
3.883666515350342,1
3.3474345207214355,1
3.4326066970825195,1
3.9785304069519043,1
3.202672004699707,1
3.527811288833618,1
3.378309965133667,1
3.5350112915039063,1
3.5236048698425293,1
3.3756096363067627,1
3.449770450592041,1
3.649414300918579,1
3.4651522636413574,1
3.3558788299560547,1
4.470116138458252,1
3.762157440185547,1
3.496157646179199,1
3.5616350173950195,1
3.5602450370788574,1
3.0121560096740723,1
3.2831320762634277,1
3.4969725608825684,1
3.0598506927490234,1
3.6079304218292236,1
4.493183135986328,1
3.6563544273376465,1
3.660737991333008,1
3.6698155403137207,1
3.145447254180908,1
3.763350009918213,1
3.852397918701172,1
3.7500922679901123,1
3.9057557582855225,1
3.7129549980163574,1
4.262956619262695,1
3.9144845008850098,1
3.0934221744537354,1
4.016284942626953,1
4.277111530303955,1
3.8310818672180176,1
2.9421815872192383,1
3.881937026977539,1
3.6332621574401855,1
3.586162805557251,1
3.8758814334869385,1
4.094082355499268,1
3.4394898414611816,1
4.262828826904297,1
3.404813766479492,1
3.239107608795166,1
3.777846574783325,1
3.3184733390808105,1
3.3037190437316895,1
3.6461966037750244,1
2.885897636413574,1
3.3079781532287598,1
2.9449973106384277,1
3.8149287700653076,1
4.1781697273254395,1
3.4589667320251465,1
3.5597667694091797,1
3.5221498012542725,1
3.5118002891540527,1
3.8527045249938965,1
3.3666951656341553,1
3.2219135761260986,1
3.4427506923675537,1
3.1783361434936523,1
3.0233325958251953,1
3.699276924133301,1
3.6721622943878174,1
3.469465732574463,1
3.93784499168396,1
3.6029062271118164,1
3.641230821609497,1
3.3197402954101563,1
3.266584873199463,1
3.4458510875701904,1
3.4141461849212646,1
3.370511531829834,1
3.826284408569336,1
4.203983783721924,1
3.4206995964050293,1
3.714540958404541,1
3.6115365028381348,1
3.0908398628234863,1
3.246990203857422,1
4.228455066680908,1
3.527130603790283,1
3.351217269897461,1
4.019200325012207,1
3.6404261589050293,1
3.8649203777313232,1
4.546167373657227,1
3.801560401916504,1
3.812159538269043,1
3.557373046875,1
3.0722579956054688,1
3.8776674270629883,1
3.7119390964508057,1
4.604031562805176,1
3.5036892890930176,1
4.138938903808594,1
4.396010398864746,1
3.5331788063049316,1
4.270745277404785,1
3.6855201721191406,1
3.9056572914123535,1
3.7253708839416504,1
3.7293014526367188,1
3.526817560195923,1
4.303950309753418,1
3.4912776947021484,1
3.5829062461853027,1
3.7342138290405273,1
3.7021565437316895,1
3.358551025390625,1
4.536898612976074,1
4.037650108337402,1
3.9699912071228027,1
3.7536959648132324,1
3.9092812538146973,1
3.5904033184051514,1
3.5350821018218994,1
3.5843920707702637,1
3.7087297439575195,1
3.444153308868408,1
3.823417901992798,1
3.724004030227661,1
3.8953170776367188,1
3.6252994537353516,1
3.2515268325805664,1
3.430295467376709,1
3.6867923736572266,1
3.9263768196105957,1
3.7151548862457275,1
3.2905421257019043,1
3.615194320678711,1
3.57655930519104,1
3.6465563774108887,1
3.4505395889282227,1
3.944552421569824,1
3.656357526779175,1
3.540342092514038,1
3.531691551208496,1
3.5567383766174316,1
3.074108123779297,1
3.7250938415527344,1
4.059643745422363,1
3.6037259101867676,1
3.182562828063965,1
3.347832441329956,1
3.4072775840759277,1
4.031807899475098,1
3.4692471027374268,1
3.3930439949035645,1
3.50820255279541,1
3.4980995655059814,1
3.565713882446289,1
3.95511794090271,1
3.7546188831329346,1
3.4310426712036133,1
3.481839895248413,1
3.1365342140197754,1
3.0352163314819336,1
3.0922067165374756,1
2.863443374633789,1
3.9814112186431885,1
3.626948595046997,1
3.7186131477355957,1
4.0877790451049805,1
3.343722105026245,1
3.257147789001465,1
4.182211875915527,1
3.783308982849121,1
3.6975088119506836,1
3.6906747817993164,1
3.530949115753174,1
3.413990020751953,1
3.3187332153320313,1
3.5706865787506104,1
3.681591749191284,1
3.38787841796875,1
3.714292049407959,1
4.373486518859863,1
3.679558038711548,1
4.084326267242432,1
4.120324611663818,1
3.6205241680145264,1
3.6979236602783203,1
4.0593156814575195,1
3.6916236877441406,1
3.0106921195983887,1
4.160462379455566,1
3.7260804176330566,1
3.855309247970581,1
3.5555901527404785,1
3.423257827758789,1
4.549452781677246,1
3.9655838012695313,1
4.166643142700195,1
4.030370235443115,1
3.8096563816070557,1
3.508842945098877,1
3.928013324737549,1
3.5742225646972656,1
3.643784523010254,1
3.6958398818969727,1
3.7109615802764893,1
3.7992382049560547,1
3.4616177082061768,1
3.1515469551086426,1
3.248070240020752,1
4.5125837326049805,1
4.141304969787598,1
3.9083359241485596,1
4.906354904174805,1
3.63039493560791,1
3.465381622314453,1
3.3895397186279297,1
4.312006950378418,1
3.7450623512268066,1
4.162742614746094,1
3.6112823486328125,1
3.7890539169311523,1
3.8579025268554688,1
3.7617533206939697,1
3.5934886932373047,1
3.5971617698669434,1
3.3089919090270996,1
3.811427116394043,1
4.090017318725586,1
3.5354130268096924,1
3.924177885055542,1
4.524933815002441,1
4.183916091918945,1
3.6818299293518066,1
4.003140449523926,1
3.830702781677246,1
3.9981017112731934,1
3.368168830871582,1
3.665891408920288,1
3.3536505699157715,1
3.5293538570404053,1
3.7508130073547363,1
2.912655830383301,1
3.0483689308166504,1
3.272696018218994,1
3.726308822631836,1
4.194370269775391,1
3.797860860824585,1
3.1153745651245117,1
3.6758203506469727,1
3.89231014251709,1
3.4149727821350098,1
3.0939128398895264,1
3.9185032844543457,1
3.590424060821533,1
3.2304248809814453,1
2.852281332015991,1
4.382243633270264,1
3.0752463340759277,1
3.2612357139587402,1
3.9999561309814453,1
4.089759826660156,1
3.5195517539978027,1
3.976161003112793,1
2.960036039352417,1
3.372591495513916,1
3.126352310180664,1
3.5039920806884766,1
3.847277879714966,1
3.460167407989502,1
3.225473165512085,1
3.4227521419525146,1
3.7090044021606445,1
3.727877616882324,1
3.0232126712799072,1
3.843165397644043,1
3.1997230052948,1
3.702146530151367,1
3.6540563106536865,1
3.5520315170288086,1
3.3557941913604736,1
3.720076560974121,1
3.803506851196289,1
4.11207389831543,1
3.5070583820343018,1
3.918459415435791,1
4.063048362731934,1
3.647486686706543,1
4.063401222229004,1
3.6177189350128174,1
3.782545804977417,1
3.6968729496002197,1
3.819892406463623,1
3.474421739578247,1
3.637449264526367,1
3.677919387817383,1
3.8390727043151855,1
3.1052441596984863,1
3.7829041481018066,1
3.4535932540893555,1
3.7097954750061035,1
4.183892250061035,1
3.3031692504882813,1
3.16558837890625,1
3.269031524658203,1
3.543612480163574,1
3.8629343509674072,1
3.1729602813720703,1
3.0586190223693848,1
3.7455573081970215,1
3.767754077911377,1
3.387814998626709,1
3.4047889709472656,1
3.7673656940460205,1
3.5295403003692627,1
4.346574306488037,1
3.6482315063476563,1
3.8422696590423584,1
3.4355342388153076,1
4.104437828063965,1
3.3979625701904297,1
3.5311226844787598,1
4.526521682739258,1
3.588339328765869,1
3.322549819946289,1
3.68825101852417,1
3.480536699295044,1
3.520876884460449,1
3.4768004417419434,1
3.7228903770446777,1
3.841139554977417,1
3.062372922897339,1
3.5409207344055176,1
3.4039433002471924,1
3.553072452545166,1
3.7208118438720703,1
4.046236038208008,1
3.843531370162964,1
3.4973204135894775,1
3.575773239135742,1
4.340505599975586,1
4.155529499053955,1
3.698486089706421,1
3.656139373779297,1
4.330089092254639,1
3.3452839851379395,1
3.2120778560638428,1
4.223986625671387,1
4.184335708618164,1
3.941762924194336,1
3.8514556884765625,1
3.8374595642089844,1
3.4513626098632813,1
4.2269287109375,1
3.398655414581299,1
3.752241849899292,1
4.015803337097168,1
4.050863742828369,1
3.4869868755340576,1
3.8804805278778076,1
3.713603973388672,1
3.833822250366211,1
3.4220545291900635,1
3.111194610595703,1
3.7511370182037354,1
3.6685028076171875,1
3.43418025970459,1
3.4287567138671875,1
4.536566734313965,1
3.941063404083252,1
3.314875602722168,1
3.1638011932373047,1
3.289449691772461,1
3.941338539123535,1
3.456638813018799,1
3.1182310581207275,1
3.7281479835510254,1
3.6023552417755127,1
2.9876210689544678,1
3.2643730640411377,1
3.4193334579467773,1
3.968851089477539,1
4.197486877441406,1
3.975623369216919,1
3.44342041015625,1
3.747446298599243,1
3.0140388011932373,1
3.407733678817749,1
3.4317638874053955,1
3.5525259971618652,1
3.2229013442993164,1
3.3662877082824707,1
3.760481357574463,1
3.636709213256836,1
3.5985360145568848,1
3.5887093544006348,1
3.244490146636963,1
3.6777329444885254,1
3.363259792327881,1
3.432056188583374,1
3.962656259536743,1
4.013655662536621,1
3.8733181953430176,1
3.287982225418091,1
4.070225715637207,1
3.6822619438171387,1
4.001796245574951,1
3.4870824813842773,1
3.820707321166992,1
3.458620071411133,1
3.8546791076660156,1
4.081604957580566,1
3.2015368938446045,1
3.282287120819092,1
3.6136159896850586,1
3.4667930603027344,1
3.6136138439178467,1
3.7744834423065186,1
4.369606971740723,1
3.701542377471924,1
3.787416458129883,1
4.464592456817627,1
3.7126283645629883,1
3.627073049545288,1
4.117495536804199,1
5.013230323791504,1
3.698162794113159,1
3.373875379562378,1
3.664055824279785,1
3.679394245147705,1
3.6848039627075195,1
3.8488407135009766,1
3.8666982650756836,1
3.4368598461151123,1
3.409848690032959,1
3.3174262046813965,1
3.657979726791382,1
3.451357364654541,1
3.413135528564453,1
3.1939148902893066,1
3.695720672607422,1
3.602062702178955,1
4.039356231689453,1
3.41867733001709,1
3.4185659885406494,1
3.6311376094818115,1
3.692422866821289,1
3.4394092559814453,1
3.7199244499206543,1
3.2947750091552734,1
3.4992332458496094,1
3.221052408218384,1
3.5207462310791016,1
3.624675750732422,1
3.363224983215332,1
4.173757076263428,1
3.882721424102783,1
4.147861480712891,1
3.513397693634033,1
3.5392723083496094,1
4.116128444671631,1
3.6816906929016113,1
3.7431483268737793,1
4.25606632232666,1
4.1990156173706055,1
3.4602198600769043,1
3.1033935546875,1
4.110694885253906,1
3.5522494316101074,1
3.8022139072418213,1
3.3426265716552734,1
3.549717903137207,1
3.6650149822235107,1
3.6417508125305176,1
3.2777066230773926,1
3.7947587966918945,1
3.5965020656585693,1
3.9319252967834473,1
3.2967090606689453,1
3.5332815647125244,1
3.3325772285461426,1
2.994809627532959,1
3.695906162261963,1
3.903459310531616,1
3.8735616207122803,1
4.046359062194824,1
3.1955437660217285,1
3.4866843223571777,1
3.552980899810791,1
2.5814433097839355,1
3.5790061950683594,1
3.3977255821228027,1
4.819509983062744,1
4.042640686035156,1
3.5846683979034424,1
3.7540969848632813,1
4.191004276275635,1
3.5497922897338867,1
4.258951187133789,1
4.080048561096191,1
3.6801023483276367,1
3.7398693561553955,1
3.4700448513031006,1
3.5045111179351807,1
3.8869071006774902,1
3.4197797775268555,1
3.768455982208252,1
4.548310279846191,1
3.34533953666687,1
3.4843621253967285,1
3.730576515197754,1
3.8052332401275635,1
3.3897528648376465,1
3.747621774673462,1
4.149849891662598,1
3.6081974506378174,1
4.083107948303223,1
3.300910472869873,1
3.3905391693115234,1
3.2205810546875,1
3.7752761840820313,1
3.2015068531036377,1
3.6069726943969727,1
3.490858793258667,1
4.163873195648193,1
3.4105706214904785,1
4.872237682342529,1
3.6105566024780273,1
3.3966445922851563,1
3.064099073410034,1
3.431739330291748,1
3.5923590660095215,1
3.3914947509765625,1
3.1615049839019775,1
3.3138930797576904,1
3.5220274925231934,1
3.5923075675964355,1
3.547703266143799,1
2.977182388305664,1
3.5610508918762207,1
3.4185454845428467,1
3.1289610862731934,1
3.36055850982666,1
3.4713521003723145,1
3.583984851837158,1
3.703977346420288,1
3.2960400581359863,1
3.6422996520996094,1
3.490689754486084,1
3.7400944232940674,1
3.6989364624023438,1
3.9747562408447266,1
3.8172507286071777,1
4.330123424530029,1
3.4808478355407715,1
3.8036580085754395,1
3.865074872970581,1
4.072976589202881,1
3.9200310707092285,1
3.3131303787231445,1
3.506588935852051,1
3.9550065994262695,1
3.699608325958252,1
3.4805636405944824,1
3.280168056488037,1
3.2577121257781982,1
3.1770501136779785,1
3.522054672241211,1
3.8615922927856445,1
3.5123238563537598,1
4.228104591369629,1
3.878312110900879,1
3.305525302886963,1
3.918504476547241,1
3.8826026916503906,1
3.670048952102661,1
3.708918333053589,1
3.534327983856201,1
3.7234199047088623,1
3.517979860305786,1
3.7396292686462402,1
3.828462600708008,1
3.1276540756225586,1
3.6262826919555664,1
3.772331476211548,1
3.5370099544525146,1
3.7076311111450195,1
3.4900927543640137,1
3.2658443450927734,1
3.8343522548675537,1
4.1070942878723145,1
3.061842679977417,1
3.8298749923706055,1
3.644033432006836,1
3.640273094177246,1
3.6984872817993164,1
3.815687656402588,1
3.4183366298675537,1
3.848754405975342,1
3.865899085998535,1
3.732877731323242,1
3.6623952388763428,1
3.4644577503204346,1
3.2624974250793457,1
4.839831352233887,1
3.835603713989258,1
3.570842981338501,1
3.1236653327941895,1
3.8850831985473633,1
4.145252227783203,1
3.3400635719299316,1
3.746255397796631,1
3.9464757442474365,1
3.577638864517212,1
3.4181182384490967,1
3.678358554840088,1
3.621662139892578,1
3.9561750888824463,1
3.916995048522949,1
3.2975099086761475,1
3.974177837371826,1
3.702246904373169,1
3.6118311882019043,1
3.4469146728515625,1
3.4264731407165527,1
3.166968822479248,1
3.6580593585968018,1
3.763488292694092,1
3.5877954959869385,1
3.4513211250305176,1
3.4239120483398438,1
3.688508987426758,1
3.4121055603027344,1
2.9084601402282715,1
3.2427690029144287,1
3.8000404834747314,1
3.3941586017608643,1
3.5934343338012695,1
3.722701072692871,1
3.4493095874786377,1
3.7462944984436035,1
3.205057144165039,1
3.416447162628174,1
3.7370617389678955,1
3.860330820083618,1
4.691237926483154,1
3.312039375305176,1
3.1289031505584717,1
4.135462760925293,1
3.6580891609191895,1
3.703718662261963,1
3.574974536895752,1
3.9456067085266113,1
3.7186689376831055,1
3.260451316833496,1
3.904045581817627,1
3.5879218578338623,1
3.294426918029785,1
3.549009323120117,1
3.594923496246338,1
3.243851900100708,1
3.424238681793213,1
3.5973639488220215,1
3.2985873222351074,1
3.543532609939575,1
3.4154253005981445,1
3.881176471710205,1
3.4582483768463135,1
3.645315647125244,1
3.5156517028808594,1
3.261167049407959,1
3.389646530151367,1
3.755518913269043,1
3.872345447540283,1
3.6959433555603027,1
3.3250839710235596,1
3.256089448928833,1
4.096904754638672,1
3.2836391925811768,1
3.7715840339660645,1
4.264203071594238,1
3.3762316703796387,1
3.214526653289795,1
3.4256162643432617,1
4.612069606781006,1
3.54494309425354,1
3.659853458404541,1
3.575012683868408,1
3.521651029586792,1
3.458223342895508,1
3.118628978729248,1
2.8981058597564697,1
2.9526472091674805,1
3.750298023223877,1
3.6209683418273926,1
3.102858543395996,1
3.29400897026062,1
3.8846302032470703,1
3.93679141998291,1
3.7929577827453613,1
3.4164509773254395,1
3.223738193511963,1
3.592949628829956,1
3.873826503753662,1
3.249971628189087,1
3.5027902126312256,1
3.2915537357330322,1
3.787346363067627,1
3.3457987308502197,1
3.7168211936950684,1
4.739542484283447,1
3.3360724449157715,1
3.3093254566192627,1
3.5648765563964844,1
3.809554100036621,1
3.8109543323516846,1
3.341836452484131,1
3.5976524353027344,1
3.8153610229492188,1
3.9119553565979004,1
3.5068306922912598,1
3.5967020988464355,1
4.036087989807129,1
3.161257266998291,1
3.383667230606079,1
3.728144645690918,1
3.642284870147705,1
3.513688564300537,1
3.6973516941070557,1
3.5581917762756348,1
3.4729456901550293,1
3.249687910079956,1
3.506173610687256,1
3.510054111480713,1
3.9054994583129883,1
3.497677803039551,1
3.4710307121276855,1
3.5994038581848145,1
4.344724655151367,1
3.984173059463501,1
3.7613048553466797,1
3.6271796226501465,1
4.4734296798706055,1
4.5145769119262695,1
3.9247355461120605,1
3.692415714263916,1
3.8945913314819336,1
3.8724863529205322,1
3.924150228500366,1
3.8338255882263184,1
3.295194387435913,1
3.8190770149230957,1
4.244533538818359,1
3.6034693717956543,1
3.9886937141418457,1
3.019641399383545,1
4.376564979553223,1
3.2610206604003906,1
3.5572214126586914,1
3.1213724613189697,1
3.5879101753234863,1
3.579232931137085,1
3.158383369445801,1
3.1836657524108887,1
3.7393102645874023,1
3.1986091136932373,1
3.6447505950927734,1
3.0572152137756348,1
3.126315116882324,1
3.0425097942352295,1
3.3571228981018066,1
3.2599434852600098,1
3.062659740447998,1
3.471651792526245,1
3.2030234336853027,1
3.904019355773926,1
3.446173906326294,1
3.381880760192871,1
3.211552143096924,1
3.6466944217681885,1
3.5729007720947266,1
3.1618120670318604,1
3.2900142669677734,1
3.4078638553619385,1
3.2711172103881836,1
3.7995071411132813,1
3.0423121452331543,1
3.7037220001220703,1
3.4109346866607666,1
3.1576080322265625,1
3.3106751441955566,1
3.531620979309082,1
3.6465024948120117,1
4.126981735229492,1
4.280732154846191,1
4.017498016357422,1
2.9972877502441406,1
3.6806654930114746,1
3.9974708557128906,1
4.279339790344238,1
3.7335174083709717,1
3.4862916469573975,1
4.329961776733398,1
3.8426513671875,1
4.177896499633789,1
3.5248594284057617,1
4.012245178222656,1
3.9814441204071045,1
3.791215419769287,1
3.067664623260498,1
3.767486333847046,1
3.148683547973633,1
3.2515523433685303,1
3.106555461883545,1
3.6977109909057617,1
3.430727481842041,1
3.2890191078186035,1
3.4166789054870605,1
3.2182915210723877,1
3.451159715652466,1
3.608423948287964,1
3.317305088043213,1
3.6241726875305176,1
3.564361810684204,1
3.7799367904663086,1
3.283534288406372,1
3.3169755935668945,1
3.4734349250793457,1
3.5587830543518066,1
3.889878749847412,1
3.5145041942596436,1
3.5168232917785645,1
3.375702381134033,1
3.653308391571045,1
3.6037943363189697,1
3.73472261428833,1
3.288267135620117,1
3.6462559700012207,1
3.398770332336426,1
3.9836745262145996,1
3.1875617504119873,1
3.573700189590454,1
3.7714524269104004,1
3.580345630645752,1
3.876589059829712,1
3.8931491374969482,1
3.5800085067749023,1
3.4234302043914795,1
3.7489140033721924,1
3.8402695655822754,1
3.6779849529266357,1
3.219698429107666,1
3.9643633365631104,1
3.958712339401245,1
3.980588674545288,1
3.768446922302246,1
3.4212563037872314,1
3.3629677295684814,1
3.665806293487549,1
3.199761390686035,1
3.6968209743499756,1
3.2907819747924805,1
3.187209129333496,1
3.244851589202881,1
3.3451991081237793,1
3.511500358581543,1
4.142983436584473,1
4.712449550628662,1
3.6713600158691406,1
3.361949920654297,1
4.046217918395996,1
4.048264503479004,1
3.864974021911621,1
3.835829257965088,1
3.823464870452881,1
3.8668904304504395,1
3.8918497562408447,1
3.446549892425537,1
3.0936427116394043,1
3.4356353282928467,1
2.914170265197754,1
4.011237144470215,1
3.396313190460205,1
3.508759021759033,1
3.65766978263855,1
3.213343620300293,1
3.5839953422546387,1
3.7086992263793945,1
3.838613510131836,1
4.047909736633301,1
3.544905662536621,1
3.209519624710083,1
3.418869972229004,1
3.5582165718078613,1
3.712618350982666,1
3.5120043754577637,1
3.315037965774536,1
3.813579797744751,1
3.718177318572998,1
3.1813933849334717,1
3.9428820610046387,1
4.760322570800781,1
3.109745979309082,1
3.318256378173828,1
3.566636800765991,1
4.159879207611084,1
3.305631160736084,1
3.807462215423584,1
3.3538079261779785,1
4.579641342163086,1
4.050604820251465,1
3.3847527503967285,1
3.636141061782837,1
3.2702603340148926,1
3.6786084175109863,1
3.575160503387451,1
3.6282684803009033,1
3.4417805671691895,1
3.7877511978149414,1
3.696765661239624,1
3.30564546585083,1
3.6525819301605225,1
3.7055230140686035,1
3.3299713134765625,1
3.8267927169799805,1
3.0978875160217285,1
3.189894437789917,1
3.7588388919830322,1
3.418534755706787,1
3.7089433670043945,1
3.465627431869507,1
3.118427276611328,1
3.330349922180176,1
3.207897663116455,1
3.7979683876037598,1
3.3103995323181152,1
3.3240058422088623,1
3.5418076515197754,1
3.2615647315979004,1
3.451578140258789,1
3.485440254211426,1
3.610266923904419,1
3.9466991424560547,1
3.5299596786499023,1
3.9941787719726563,1
3.5881245136260986,1
3.7419161796569824,1
3.451645851135254,1
3.57515025138855,1
3.403710126876831,1
3.725379705429077,1
2.9324893951416016,1
3.8476104736328125,1
3.2359073162078857,1
3.657789707183838,1
3.18837833404541,1
3.309019088745117,1
4.2274394035339355,1
3.427145004272461,1
4.160200595855713,1
3.9993298053741455,1
4.543099403381348,1
3.5469326972961426,1
3.706775665283203,1
3.6739673614501953,1
2.958087921142578,1
4.115621566772461,1
3.910660743713379,1
3.3415422439575195,1
3.693948268890381,1
3.074777841567993,1
3.506899833679199,1
4.146099090576172,1
3.846376419067383,1
4.381834506988525,1
4.139324188232422,1
3.1572492122650146,1
2.7345428466796875,1
4.6016950607299805,1
4.301377773284912,1
3.2788467407226563,1
3.495577812194824,1
3.5779802799224854,1
3.576822519302368,1
3.2159667015075684,1
3.659698247909546,1
3.4067013263702393,1
2.8633952140808105,1
3.657637357711792,1
3.9291884899139404,1
3.223196029663086,1
3.6924452781677246,1
3.3985812664031982,1
3.9453749656677246,1
3.330906629562378,1
3.2462449073791504,1
4.1666107177734375,1
3.722973346710205,1
3.101672410964966,1
3.178269863128662,1
3.7128632068634033,1
3.5001585483551025,1
3.741609811782837,1
3.4286043643951416,1
3.670018196105957,1
3.5582070350646973,1
3.4433236122131348,1
4.251955986022949,1
3.9280784130096436,1
3.133531093597412,1
4.56082820892334,1
3.2419071197509766,1
3.5360054969787598,1
3.6899290084838867,1
3.946371078491211,1
4.23225212097168,1
3.7682013511657715,1
3.4400508403778076,1
4.1851701736450195,1
3.9552254676818848,1
3.7486023902893066,1
3.6997694969177246,1
2.9867115020751953,1
3.6075034141540527,1
3.191688060760498,1
3.370736837387085,1
3.751845359802246,1
3.1888394355773926,1
3.2482590675354004,1
3.3731203079223633,1
5.329638481140137,1
3.2744104862213135,1
3.6300747394561768,1
3.8797144889831543,1
3.476184606552124,1
3.3958864212036133,1
3.3018252849578857,1
3.4829440116882324,1
3.5177125930786133,1
3.525986671447754,1
3.5105090141296387,1
3.474700450897217,1
3.4253885746002197,1
3.598339557647705,1
3.1198315620422363,1
3.754462957382202,1
3.4389138221740723,1
4.4861226081848145,1
4.0511274337768555,1
3.618922710418701,1
4.234404563903809,1
4.19519567489624,1
3.6282782554626465,1
3.2017345428466797,1
3.2280359268188477,1
3.9163851737976074,1
3.6848978996276855,1
3.4369311332702637,1
3.455451250076294,1
3.771028757095337,1
3.8517191410064697,1
3.3023133277893066,1
3.512200355529785,1
3.6023519039154053,1
3.572904586791992,1
3.3764688968658447,1
3.2479333877563477,1
3.8888204097747803,1
3.5964651107788086,1
3.9469449520111084,1
3.3353114128112793,1
3.6671276092529297,1
3.6451311111450195,1
4.017063617706299,1
3.687127113342285,1
3.534778594970703,1
3.1917829513549805,1
3.566382884979248,1
3.7436532974243164,1
3.041008710861206,1
3.4931600093841553,1
3.4776434898376465,1
3.060375213623047,1
4.005344390869141,1
3.2650790214538574,1
3.4323737621307373,1
3.5939040184020996,1
3.5179286003112793,1
3.3995919227600098,1
3.5281639099121094,1
3.654613733291626,1
3.2079837322235107,1
4.183905601501465,1
3.2347731590270996,1
3.235836982727051,1
3.359102249145508,1
3.44008731842041,1
3.0562236309051514,1
3.8543663024902344,1
3.0555686950683594,1
4.072286605834961,1
3.3529045581817627,1
3.4939770698547363,1
4.0699543952941895,1
3.6300759315490723,1
3.266159772872925,1
3.5361204147338867,1
3.3279597759246826,1
3.433091640472412,1
3.4365367889404297,1
3.7679202556610107,1
3.451508045196533,1
3.431884765625,1
3.5927202701568604,1
3.5028109550476074,1
3.804718017578125,1
3.464622974395752,1
3.767496109008789,1
3.610884428024292,1
3.407884359359741,1
3.721590995788574,1
3.7419180870056152,1
3.4899792671203613,1
3.462063789367676,1
3.8318495750427246,1
3.6008927822113037,1
3.710240602493286,1
3.2000808715820313,1
3.2100324630737305,1
3.9306747913360596,1
3.37318754196167,1
4.255799293518066,1
3.6361353397369385,1
3.9207265377044678,1
3.829986572265625,1
3.5205798149108887,1
3.2967238426208496,1
3.361098289489746,1
4.515961647033691,1
3.656339168548584,1
3.838362216949463,1
3.902146816253662,1
3.3133959770202637,1
3.0595364570617676,1
3.4728050231933594,1
3.073091983795166,1
3.312458038330078,1
3.1872968673706055,1
3.3663125038146973,1
3.7228217124938965,1
3.077833414077759,1
3.2356338500976563,1
3.592710018157959,1
3.7189416885375977,1
3.8007302284240723,1
3.4319820404052734,1
3.3978662490844727,1
3.8739817142486572,1
3.605098247528076,1
3.9105467796325684,1
3.2977147102355957,1
2.989431381225586,1
3.605935573577881,1
3.8071303367614746,1
3.2296648025512695,1
3.415849208831787,1
4.7083845138549805,1
4.110115051269531,1
3.103994846343994,1
3.5965752601623535,1
3.258441925048828,1
3.609023094177246,1
3.470982551574707,1
3.233696460723877,1
5.039835453033447,1
3.4831066131591797,1
3.363414764404297,1
4.074223041534424,1
4.263776779174805,1
3.4077696800231934,1
3.9239470958709717,1
3.5507302284240723,1
3.8301525115966797,1
3.1480393409729004,1
3.17500638961792,1
3.569967269897461,1
3.270293712615967,1
3.4035592079162598,1
3.8956427574157715,1
3.1534183025360107,1
3.7033491134643555,1
3.3170220851898193,1
3.562783718109131,1
3.790426254272461,1
3.7968997955322266,1
4.028101444244385,1
3.5844955444335938,1
3.6383776664733887,1
3.7570290565490723,1
2.9695897102355957,1
3.450411319732666,1
3.2578272819519043,1
3.791461944580078,1
3.8363680839538574,1
4.24070405960083,1
3.6403231620788574,1
3.249537944793701,1
3.755643367767334,1
3.5036473274230957,1
2.8699567317962646,1
3.9544386863708496,1
3.368633985519409,1
3.4940147399902344,1
3.4498205184936523,1
3.226943016052246,1
3.5170557498931885,1
3.1505894660949707,1
3.554212808609009,1
3.757269859313965,1
3.542175769805908,1
3.3465940952301025,1
3.12214994430542,1
3.6707661151885986,1
3.8095076084136963,1
3.6866350173950195,1
3.7451250553131104,1
3.5614137649536133,1
3.45084285736084,1
3.842223644256592,1
3.3537182807922363,1
3.71622371673584,1
3.8248767852783203,1
3.4475111961364746,1
3.3881711959838867,1
3.7896854877471924,1
3.3499855995178223,1
3.132538318634033,1
3.4062209129333496,1
3.2484114170074463,1
3.746368885040283,1
2.983490228652954,1
3.296322822570801,1
4.148771286010742,1
3.4574732780456543,1
3.189246892929077,1
3.4449853897094727,1
3.5422091484069824,1
3.6046066284179688,1
3.8863108158111572,1
3.3092241287231445,1
3.1396236419677734,1
3.572216272354126,1
4.163565158843994,1
3.6588826179504395,1
3.832615852355957,1
4.146573066711426,1
3.351560115814209,1
3.359966516494751,1
3.316493511199951,1
3.339754104614258,1
3.7208609580993652,1
3.415428876876831,1
3.4673800468444824,1
3.739640951156616,1
3.6120474338531494,1
3.1947760581970215,1
3.1096954345703125,1
3.4795756340026855,1
3.747319221496582,1
3.5872061252593994,1
3.618607521057129,1
3.9171652793884277,1
3.6601333618164063,1
3.401336193084717,1
3.6818790435791016,1
3.8417062759399414,1
3.824571132659912,1
3.6477696895599365,1
3.908209800720215,1
3.5882163047790527,1
3.949244260787964,1
3.778355121612549,1
3.0827462673187256,1
3.4007608890533447,1
3.5935261249542236,1
3.8920392990112305,1
4.22435188293457,1
3.579988956451416,1
3.160341739654541,1
3.940938711166382,1
4.677145004272461,1
3.908839225769043,1
3.3637807369232178,1
3.6832478046417236,1
3.874298572540283,1
3.9585976600646973,1
3.3594069480895996,1
3.7257823944091797,1
3.0221996307373047,1
3.9535369873046875,1
3.630466938018799,1
4.025692939758301,1
3.660529136657715,1
3.7083144187927246,1
3.7597250938415527,1
3.6227638721466064,1
3.459646701812744,1
4.265450954437256,1
4.1198272705078125,1
3.191964864730835,1
3.0251126289367676,1
3.361004590988159,1
3.6728696823120117,1
3.479198455810547,1
3.993885040283203,1
3.318638324737549,1
3.345551013946533,1
3.7017431259155273,1
3.770336866378784,1
3.6579418182373047,1
3.166780948638916,1
3.049750328063965,1
3.602290630340576,1
3.4556500911712646,1
3.513298749923706,1
3.490400791168213,1
3.799546718597412,1
3.356955051422119,1
3.4573960304260254,1
3.6783812046051025,1
3.3725500106811523,1
3.6245176792144775,1
3.8008217811584473,1
3.535227060317993,1
3.680521011352539,1
3.69927978515625,1
3.5852720737457275,1
3.715827226638794,1
3.1960127353668213,1
3.1124558448791504,1
3.6401984691619873,1
3.173504114151001,1
3.3604183197021484,1
3.482506275177002,1
3.251133441925049,1
2.945378541946411,1
3.2139601707458496,1
3.573613166809082,1
3.4709599018096924,1
3.6453654766082764,1
4.527339935302734,1
3.340306043624878,1
3.239943265914917,1
4.164033889770508,1
3.7241458892822266,1
3.4132444858551025,1
4.000893592834473,1
4.116521835327148,1
3.757955551147461,1
3.6658895015716553,1
4.403799533843994,1
3.1386499404907227,1
3.502890110015869,1
3.6524100303649902,1
3.6840908527374268,1
3.5169167518615723,1
3.9582269191741943,1
2.965714454650879,1
3.5747811794281006,1
3.2693915367126465,1
3.0658304691314697,1
3.7612814903259277,1
3.8055810928344727,1
3.5543935298919678,1
3.3272063732147217,1
3.3795108795166016,1
3.464644432067871,1
3.436734676361084,1
3.921229839324951,1
3.360856533050537,1
3.7353806495666504,1
3.6465039253234863,1
3.802227020263672,1
3.7578353881835938,1
3.1726136207580566,1
3.520845890045166,1
3.7512149810791016,1
4.124902725219727,1
4.182193279266357,1
3.5688533782958984,1
3.426853895187378,1
3.1245880126953125,1
3.719604015350342,1
3.995400905609131,1
3.321690559387207,1
3.5856423377990723,1
2.986178398132324,1
3.3554117679595947,1
3.524156093597412,1
3.356729030609131,1
3.355768918991089,1
3.7096385955810547,1
3.3113884925842285,1
3.4103260040283203,1
3.3461339473724365,1
3.9721620082855225,1
3.726879119873047,1
3.2267043590545654,1
3.3413052558898926,1
3.2797231674194336,1
3.487992763519287,1
3.290325403213501,1
3.7294325828552246,1
3.1807808876037598,1
3.0811567306518555,1
3.1081111431121826,1
3.0793118476867676,1
3.514122486114502,1
3.338261604309082,1
3.4357290267944336,1
3.733865737915039,1
3.437589406967163,1
3.488900661468506,1
3.816544771194458,1
3.486830711364746,1
3.682257890701294,1
3.613290548324585,1
3.6668691635131836,1
3.371614933013916,1
4.077911376953125,1
4.037405014038086,1
3.082859992980957,1
3.4847252368927,1
3.169440269470215,1
3.4945125579833984,1
3.563640594482422,1
3.5715320110321045,1
3.5943260192871094,1
3.67421555519104,1
3.149397373199463,1
3.1417675018310547,1
2.919639825820923,1
3.61826753616333,1
3.7212791442871094,1
3.18133544921875,1
3.85018253326416,1
2.775076150894165,1
3.251875400543213,1
4.246729850769043,1
3.2046446800231934,1
3.844320774078369,1
3.4808201789855957,1
3.715806007385254,1
3.497464179992676,1
3.1094179153442383,1
3.209092617034912,1
3.0490150451660156,1
3.5500144958496094,1
3.5365545749664307,1
3.9538180828094482,1
4.003223419189453,1
3.975221872329712,1
3.3357937335968018,1
3.890064239501953,1
3.531068801879883,1
3.5264639854431152,1
3.4551122188568115,1
3.2205681800842285,1
3.15499210357666,1
3.915013551712036,1
3.5983309745788574,1
3.7734432220458984,1
4.019600868225098,1
3.5307493209838867,1
3.4029293060302734,1
3.6229729652404785,1
3.1455154418945313,1
3.395026206970215,1
3.7883763313293457,1
3.610337257385254,1
3.8763937950134277,1
3.570449113845825,1
4.010857582092285,1
3.7474451065063477,1
3.3366827964782715,1
3.467684745788574,1
4.126669883728027,1
3.9273061752319336,1
3.587820529937744,1
4.798364639282227,1
3.613352060317993,1
3.6362192630767822,1
3.853271961212158,1
3.6036150455474854,1
3.82397723197937,1
4.246251106262207,1
3.6584784984588623,1
3.6984007358551025,1
3.672182321548462,1
3.791743516921997,1
3.9585719108581543,1
3.8793439865112305,1
3.77766489982605,1
4.605768203735352,1
3.3631749153137207,1
3.882351875305176,1
3.980412006378174,1
3.3010730743408203,1
3.025134325027466,1
3.6502180099487305,1
3.883702278137207,1
3.211718797683716,1
4.074189186096191,1
3.6500144004821777,1
3.787517547607422,1
4.024393081665039,1
3.744633197784424,1
3.239516258239746,1
3.4939892292022705,1
4.5119781494140625,1
3.197681427001953,1
3.630112648010254,1
3.5017800331115723,1
4.088727951049805,1
3.339200735092163,1
3.272904872894287,1
3.8216593265533447,1
3.91428279876709,1
2.9600744247436523,1
4.237943172454834,1
3.313265323638916,1
5.004732131958008,1
3.5303597450256348,1
3.60457181930542,1
3.849750518798828,1
3.6151270866394043,1
3.2938876152038574,1
4.0491943359375,1
3.361332416534424,1
3.277759313583374,1
3.72298264503479,1
3.514915704727173,1
3.8623604774475098,1
3.737520217895508,1
3.3998098373413086,1
3.615839719772339,1
3.3679378032684326,1
3.3378705978393555,1
3.093341827392578,1
3.134148597717285,1
3.839777946472168,1
3.384582281112671,1
3.671649217605591,1
3.849414587020874,1
3.3316428661346436,1
3.6181387901306152,1
3.7557172775268555,1
3.2696168422698975,1
3.6262927055358887,1
3.4204633235931396,1
3.399418354034424,1
3.29307222366333,1
3.333434581756592,1
3.7934679985046387,1
3.621338367462158,1
3.553521156311035,1
3.3047432899475098,1
3.8719606399536133,1
3.6541969776153564,1
4.271131992340088,1
3.3438873291015625,1
3.6761507987976074,1
4.098011493682861,1
3.8518171310424805,1
3.451425075531006,1
3.7241311073303223,1
3.557748556137085,1
3.659487247467041,1
3.702554225921631,1
3.364658832550049,1
3.5810375213623047,1
3.514982223510742,1
3.4894394874572754,1
3.371612071990967,1
3.2368323802948,1
3.5090949535369873,1
3.382995367050171,1
3.759889602661133,1
3.4565582275390625,1
3.4554128646850586,1
3.1468825340270996,1
3.0052549839019775,1
4.031651496887207,1
3.367091655731201,1
3.368105411529541,1
3.7534892559051514,1
4.268421173095703,1
3.2842512130737305,1
3.7333970069885254,1
3.3261497020721436,1
3.2396223545074463,1
3.575871467590332,1
3.159554958343506,1
3.2397513389587402,1
3.252640724182129,1
3.6192169189453125,1
3.717974901199341,1
3.3582637310028076,1
3.5781760215759277,1
3.3020238876342773,1
3.209496259689331,1
3.2774910926818848,1
3.0391528606414795,1
3.730151891708374,1
5.244968414306641,1
3.9511499404907227,1
3.478787899017334,1
4.1638689041137695,1
3.4087977409362793,1
3.245171070098877,1
4.107765197753906,1
3.6752054691314697,1
3.3488118648529053,1
3.706433057785034,1
3.8875844478607178,1
4.09697151184082,1
3.8824687004089355,1
3.9199106693267822,1
3.706749677658081,1
3.999262809753418,1
3.8273725509643555,1
2.963258743286133,1
3.5623538494110107,1
3.8070759773254395,1
3.7057294845581055,1
3.823061227798462,1
3.117342472076416,1
3.387120485305786,1
3.5021743774414063,1
3.317371368408203,1
3.1230082511901855,1
3.0135297775268555,1
3.5322182178497314,1
3.5503976345062256,1
3.5077085494995117,1
3.2578647136688232,1
3.4040160179138184,1
2.9845476150512695,1
3.579367160797119,1
3.1470999717712402,1
3.279050350189209,1
3.609731674194336,1
3.648494243621826,1
4.130790710449219,1
3.891819953918457,1
2.7126708030700684,1
3.0325374603271484,1
3.536109447479248,1
3.5286049842834473,1
3.6256496906280518,1
3.5262436866760254,1
3.200155735015869,1
3.344511032104492,1
3.192255973815918,1
3.4819416999816895,1
3.0981693267822266,1
3.8352560997009277,1
3.5320534706115723,1
3.4550063610076904,1
4.005228042602539,1
3.526949167251587,1
3.155613899230957,1
3.8682894706726074,1
3.226823091506958,1
3.1671667098999023,1
3.3858118057250977,1
3.9240145683288574,1
3.1723058223724365,1
3.967564105987549,1
3.4272942543029785,1
3.5623764991760254,1
3.347283363342285,1
3.4243133068084717,1
3.905423879623413,1
2.9128708839416504,1
3.965864896774292,1
3.8842520713806152,1
3.3797478675842285,1
3.473947286605835,1
3.1763927936553955,1
3.859684944152832,1
4.649301052093506,1
3.0686373710632324,1
4.785800457000732,1
3.9825079441070557,1
3.7913174629211426,1
3.232165813446045,1
3.5869247913360596,1
3.839571237564087,1
3.871434450149536,1
3.5951967239379883,1
3.937213897705078,1
3.531872510910034,1
3.4133920669555664,1
4.071316719055176,1
3.6670093536376953,1
3.8171589374542236,1
4.019323348999023,1
3.1900973320007324,1
3.4123659133911133,1
4.069820404052734,1
3.1879544258117676,1
3.323780059814453,1
3.397073745727539,1
3.160501480102539,1
4.049781799316406,1
4.10825777053833,1
3.592230796813965,1
3.6178030967712402,1
3.6482725143432617,1
3.5395278930664063,1
3.592681646347046,1
3.8117990493774414,1
3.3841452598571777,1
3.6103601455688477,1
3.4903366565704346,1
3.6909706592559814,1
3.0560128688812256,1
3.526463031768799,1
2.934279441833496,1
3.2487523555755615,1
3.6359188556671143,1
3.7808399200439453,1
4.18478536605835,1
3.340994358062744,1
3.321915626525879,1
3.076510429382324,1
3.712202548980713,1
3.136624336242676,1
3.287587881088257,1
3.2720255851745605,1
3.3100500106811523,1
3.566174268722534,1
4.067521095275879,1
3.996657371520996,1
3.68923282623291,1
3.577461004257202,1
3.94854474067688,1
4.0203704833984375,1
3.765406370162964,1
3.4434566497802734,1
3.1898393630981445,1
4.5289306640625,1
3.1222829818725586,1
3.5599584579467773,1
4.1302313804626465,1
4.071418762207031,1
3.605043888092041,1
3.9170823097229004,1
3.91532039642334,1
3.236424446105957,1
2.9678232669830322,1
4.202397346496582,1
3.8871848583221436,1
3.500812292098999,1
3.6494393348693848,1
3.15925931930542,1
3.6287894248962402,1
3.8991918563842773,1
3.437696695327759,1
3.6151628494262695,1
3.2747292518615723,1
3.566406488418579,1
3.297699213027954,1
3.7098639011383057,1
3.6667721271514893,1
3.3415472507476807,1
3.2536799907684326,1
3.453054666519165,1
3.0700900554656982,1
3.8493118286132813,1
3.5164852142333984,1
3.1489317417144775,1
4.1616644859313965,1
3.7974963188171387,1
3.809520959854126,1
3.8221774101257324,1
3.5659255981445313,1
3.136923313140869,1
4.270373821258545,1
4.079937934875488,1
3.4008045196533203,1
3.5657527446746826,1
4.383535861968994,1
3.6614739894866943,1
3.474949359893799,1
3.5956904888153076,1
3.3167920112609863,1
3.6075291633605957,1
3.5794646739959717,1
3.413159132003784,1
3.1898975372314453,1
3.7894210815429688,1
3.574455499649048,1
3.5291996002197266,1
3.552079200744629,1
3.309864044189453,1
3.5384840965270996,1
3.5283360481262207,1
2.835794448852539,1
3.6153531074523926,1
3.0822737216949463,1
3.391597270965576,1
3.6022934913635254,1
2.981963872909546,1
3.1093735694885254,1
3.7818803787231445,1
3.402315139770508,1
3.8596372604370117,1
3.726680278778076,1
3.594496011734009,1
3.956541061401367,1
3.467538356781006,1
3.4025087356567383,1
3.8320322036743164,1
3.800467014312744,1
3.4386329650878906,1
3.980921506881714,1
2.960911750793457,1
4.022909164428711,1
3.530305862426758,1
3.7569470405578613,1
3.4215450286865234,1
4.558694839477539,1
3.2250421047210693,1
3.1888575553894043,1
3.101590633392334,1
3.680854320526123,1
3.5855517387390137,1
3.951507091522217,1
3.3587944507598877,1
3.675929069519043,1
3.328378915786743,1
3.8014144897460938,1
3.8092682361602783,1
3.227512836456299,1
3.1138553619384766,1
3.7361056804656982,1
3.3658454418182373,1
3.3095266819000244,1
3.4639029502868652,1
3.7010819911956787,1
3.822697639465332,1
3.5521721839904785,1
4.240915298461914,1
3.841212749481201,1
3.2654924392700195,1
4.310794830322266,1
4.198331832885742,1
3.572401285171509,1
3.478761911392212,1
3.657382011413574,1
3.5287246704101563,1
3.6942532062530518,1
3.582383155822754,1
3.801936626434326,1
4.312830924987793,1
3.6279759407043457,1
3.9498555660247803,1
4.3837738037109375,1
3.888296127319336,1
3.592169761657715,1
3.6026182174682617,1
3.331437587738037,1
3.9837241172790527,1
4.049448490142822,1
3.7588582038879395,1
3.5290699005126953,1
3.730926990509033,1
4.118109703063965,1
3.7467517852783203,1
3.93642520904541,1
3.367832660675049,1
4.0141730308532715,1
3.7062034606933594,1
3.7405784130096436,1
3.5068440437316895,1
3.4970645904541016,1
3.64593505859375,1
3.424675941467285,1
3.5232462882995605,1
3.7125191688537598,1
4.189609527587891,1
3.585500478744507,1
3.9088504314422607,1
3.3671844005584717,1
3.438371181488037,1
3.1476011276245117,1
3.039669990539551,1
3.696065664291382,1
3.2394189834594727,1
3.648911714553833,1
3.8884811401367188,1
3.6309139728546143,1
3.9401729106903076,1
3.224792242050171,1
3.7330729961395264,1
3.844350814819336,1
3.1446187496185303,1
3.647447109222412,1
3.6469643115997314,1
3.128350019454956,1
3.795793056488037,1
3.7322206497192383,1
3.4692540168762207,1
3.209449291229248,1
3.451153516769409,1
3.3901875019073486,1
3.5552353858947754,1
3.541207790374756,1
3.5106732845306396,1
3.7483608722686768,1
3.409420967102051,1
3.8784327507019043,1
4.1257004737854,1
3.4100394248962402,1
3.2203869819641113,1
3.156158924102783,1
3.732755661010742,1
3.957986831665039,1
3.791930675506592,1
3.850275993347168,1
3.5448973178863525,1
3.716265916824341,1
3.208411693572998,1
3.1362061500549316,1
2.9799561500549316,1
3.6493232250213623,1
3.103219985961914,1
3.4888756275177,1
3.4997801780700684,1
3.6963236331939697,1
3.459263801574707,1
3.418041706085205,1
3.6590025424957275,1
3.3467600345611572,1
3.3103725910186768,1
3.4815516471862793,1
2.9624390602111816,1
3.5019495487213135,1
3.123845100402832,1
3.19671630859375,1
4.015641212463379,1
3.84775447845459,1
3.2844700813293457,1
2.9532511234283447,1
4.083468914031982,1
3.7166967391967773,1
4.120092391967773,1
3.3854711055755615,1
3.806873321533203,1
3.5979838371276855,1
3.9991848468780518,1
3.7105753421783447,1
3.210500717163086,1
3.868579149246216,1
3.7437214851379395,1
3.2321062088012695,1
4.183303356170654,1
3.7566652297973633,1
3.260043144226074,1
3.9379308223724365,1
3.1281232833862305,1
3.01501202583313,1
3.6084699630737305,1
3.55029034614563,1
3.4647722244262695,1
4.245017051696777,1
2.874112606048584,1
3.5898938179016113,1
3.590878486633301,1
3.4833884239196777,1
3.9659807682037354,1
3.354076385498047,1
3.852146625518799,1
3.707289934158325,1
3.3298046588897705,1
3.86411714553833,1
3.1931943893432617,1
3.4951882362365723,1
3.9148542881011963,1
3.1743271350860596,1
4.40948486328125,1
3.576551914215088,1
4.045947074890137,1
3.5551669597625732,1
3.3575916290283203,1
3.078158378601074,1
3.1372179985046387,1
3.2566452026367188,1
3.619408130645752,1
3.2685647010803223,1
3.5931925773620605,1
3.089118480682373,1
3.120952606201172,1
3.121718406677246,1
3.628383159637451,1
3.503760576248169,1
3.489406108856201,1
3.9462249279022217,1
4.267303943634033,1
3.3602688312530518,1
3.661911964416504,1
3.2727320194244385,1
3.5498740673065186,1
3.590178966522217,1
3.67824125289917,1
3.6327643394470215,1
3.4984030723571777,1
3.1844441890716553,1
3.786355495452881,1
4.249477386474609,1
3.8212780952453613,1
3.718221426010132,1
3.610161781311035,1
3.579357385635376,1
3.8177647590637207,1
4.372527122497559,1
3.5103869438171387,1
3.810410737991333,1
3.6120848655700684,1
4.493206977844238,1
3.332019567489624,1
3.5895133018493652,1
3.3956961631774902,1
4.207241058349609,1
2.9616165161132813,1
3.082083225250244,1
3.282721519470215,1
3.343402862548828,1
3.1617698669433594,1
3.7297744750976563,1
2.935384750366211,1
3.3276939392089844,1
3.7610971927642822,1
4.241789817810059,1
3.935506820678711,1
3.132542610168457,1
3.9298715591430664,1
3.3283510208129883,1
3.501265525817871,1
4.014223098754883,1
3.4720377922058105,1
3.579270601272583,1
4.009969234466553,1
3.848562717437744,1
3.784266233444214,1
3.660153388977051,1
3.282985210418701,1
3.760321617126465,1
3.437455177307129,1
3.4641709327697754,1
3.1798083782196045,1
4.049483299255371,1
3.4909064769744873,1
3.414424180984497,1
3.6804702281951904,1
4.0122575759887695,1
3.5701491832733154,1
3.985485076904297,1
3.3980462551116943,1
3.5630998611450195,1
3.155423402786255,1
3.030637741088867,1
3.2926578521728516,1
3.4519338607788086,1
3.1339640617370605,1
4.119020938873291,1
3.3706321716308594,1
3.2046334743499756,1
3.9916820526123047,1
3.7874531745910645,1
3.9326772689819336,1
3.8402438163757324,1
3.8765029907226563,1
3.4871926307678223,1
3.773876428604126,1
3.5816080570220947,1
3.3487658500671387,1
3.1896591186523438,1
3.133101224899292,1
3.5796988010406494,1
3.1970558166503906,1
4.0991621017456055,1
3.403968334197998,1
3.3917956352233887,1
3.7447516918182373,1
3.568976879119873,1
3.505774974822998,1
3.0858774185180664,1
3.458232879638672,1
3.747241973876953,1
3.6301827430725098,1
4.005706310272217,1
3.3345584869384766,1
3.5442142486572266,1
3.5237669944763184,1
5.127994060516357,1
3.9507272243499756,1
3.6560938358306885,1
3.819953680038452,1
4.200808525085449,1
3.6740198135375977,1
4.038390159606934,1
3.351296901702881,1
3.8211145401000977,1
3.7657761573791504,1
3.7044601440429688,1
3.8288040161132813,1
3.5900192260742188,1
3.305290699005127,1
3.7540369033813477,1
3.9593868255615234,1
3.3809738159179688,1
3.3219690322875977,1
3.484588146209717,1
3.512274742126465,1
3.674642562866211,1
3.248494863510132,1
3.5612106323242188,1
3.5707497596740723,1
3.903595447540283,1
3.370487689971924,1
3.658168315887451,1
3.371807098388672,1
3.886944055557251,1
3.83396053314209,1
3.4184460639953613,1
3.4034693241119385,1
3.1623241901397705,1
3.5141677856445313,1
3.487485408782959,1
3.2131547927856445,1
2.9821434020996094,1
3.1822288036346436,1
3.4832539558410645,1
3.289536714553833,1
4.185213088989258,1
3.630655527114868,1
3.9411702156066895,1
3.426903247833252,1
3.5693368911743164,1
3.672779083251953,1
3.666694164276123,1
4.1101531982421875,1
3.7798824310302734,1
2.9512977600097656,1
3.3337185382843018,1
3.1201229095458984,1
3.273378849029541,1
3.60657000541687,1
3.1852269172668457,1
3.388278007507324,1
3.2282352447509766,1
4.168888568878174,1
3.549612045288086,1
4.008410453796387,1
3.388737678527832,1
3.331024646759033,1
3.25839900970459,1
4.020611763000488,1
2.9237308502197266,1
3.5962345600128174,1
3.5848183631896973,1
3.42594051361084,1
3.3771934509277344,1
3.757948160171509,1
3.900684356689453,1
3.2957074642181396,1
3.270400047302246,1
3.0028700828552246,1
4.216433525085449,1
3.9370760917663574,1
3.888486385345459,1
3.5125179290771484,1
3.6804873943328857,1
4.3537397384643555,1
4.067707538604736,1
3.900301933288574,1
3.3617873191833496,1
3.3464818000793457,1
3.52992844581604,1
4.0316009521484375,1
3.935960531234741,1
3.865597724914551,1
4.076766014099121,1
3.604645252227783,1
3.2047324180603027,1
4.031929016113281,1
3.440255641937256,1
2.804715156555176,1
3.6016266345977783,1
3.3963799476623535,1
3.3441028594970703,1
3.1610097885131836,1
3.751746892929077,1
4.045558452606201,1
3.4802732467651367,1
4.61283016204834,1
4.018747329711914,1
3.824366569519043,1
4.751718521118164,1
4.80557918548584,1
4.104251384735107,1
3.585190773010254,1
3.351986885070801,1
4.659734725952148,1
3.6848926544189453,1
4.091965198516846,1
4.1349005699157715,1
