5.278289794921875,1
5.213397979736328,1
5.246140956878662,1
5.205066680908203,1
5.304290294647217,1
5.254574775695801,1
5.259127616882324,1
5.284574031829834,1
5.172003746032715,1
5.306097030639648,1
5.327451705932617,1
5.289140701293945,1
5.176017761230469,1
5.161369323730469,1
5.193601608276367,1
5.1790971755981445,1
5.204165458679199,1
5.256429195404053,1
5.312516689300537,1
5.192953109741211,1
5.222906112670898,1
5.208036422729492,1
5.192252159118652,1
5.254978179931641,1
5.1888322830200195,1
5.251331329345703,1
5.280766487121582,1
5.334279537200928,1
5.3061113357543945,1
5.301280498504639,1
5.257563591003418,1
5.2755537033081055,1
5.170003890991211,1
5.233090400695801,1
5.212124824523926,1
5.2797346115112305,1
5.2685089111328125,1
5.142834663391113,1
5.180273056030273,1
5.214437484741211,1
5.189631462097168,1
5.26277494430542,1
5.212080001831055,1
5.1345319747924805,1
5.184450149536133,1
5.284812927246094,1
5.254925727844238,1
5.26886510848999,1
5.277709007263184,1
5.258035659790039,1
5.215715408325195,1
5.311556816101074,1
5.218771934509277,1
5.258182048797607,1
5.200245380401611,1
5.263294219970703,1
5.218937397003174,1
5.261889934539795,1
5.238571643829346,1
5.244196891784668,1
5.275923728942871,1
5.289043426513672,1
5.257762432098389,1
5.223330497741699,1
5.250754356384277,1
5.214771270751953,1
5.298069477081299,1
5.174762725830078,1
5.285817623138428,1
5.325435161590576,1
5.196372032165527,1
5.356846809387207,1
5.154243469238281,1
5.264040946960449,1
5.2364702224731445,1
5.202812194824219,1
5.18367862701416,1
5.311866760253906,1
5.303653717041016,1
5.268518447875977,1
5.308704853057861,1
5.260575294494629,1
5.2521209716796875,1
5.076290130615234,1
5.332014083862305,1
5.332341194152832,1
5.2363128662109375,1
5.333123207092285,1
5.196634292602539,1
5.337550163269043,1
5.236182689666748,1
5.308058738708496,1
5.231531143188477,1
5.197175025939941,1
5.336544990539551,1
5.177412986755371,1
5.290643692016602,1
5.217690467834473,1
5.172055244445801,1
5.237773895263672,1
5.312028884887695,1
5.277032852172852,1
5.245963096618652,1
5.235395431518555,1
5.320152759552002,1
5.3168182373046875,1
5.275322914123535,1
5.179823875427246,1
5.19140625,1
5.210364818572998,1
5.300376892089844,1
5.293344974517822,1
5.224353313446045,1
5.201797008514404,1
5.22459602355957,1
5.226541519165039,1
5.269324779510498,1
5.240897178649902,1
5.256678104400635,1
5.205721378326416,1
5.1635661125183105,1
5.234785079956055,1
5.176512718200684,1
5.259507179260254,1
5.223214149475098,1
5.2358927726745605,1
5.274558067321777,1
5.2515363693237305,1
5.242849349975586,1
5.2407941818237305,1
5.177438735961914,1
5.2448625564575195,1
5.275638580322266,1
5.246036529541016,1
5.210944175720215,1
5.260251998901367,1
5.248510360717773,1
5.294478416442871,1
5.237401962280273,1
5.182943344116211,1
5.3249664306640625,1
5.24091911315918,1
5.210302352905273,1
5.221112251281738,1
5.148853302001953,1
5.206700325012207,1
5.166693687438965,1
5.273528099060059,1
5.244962692260742,1
5.262799263000488,1
5.269913673400879,1
5.151931285858154,1
5.267293930053711,1
5.205158233642578,1
5.2121357917785645,1
5.268685340881348,1
5.173426628112793,1
5.216099262237549,1
5.264743804931641,1
5.270543098449707,1
5.212460517883301,1
5.288309097290039,1
5.224964141845703,1
5.292660713195801,1
5.2089948654174805,1
5.263218879699707,1
5.1404128074646,1
5.288420677185059,1
5.234805107116699,1
5.204310417175293,1
5.2817559242248535,1
5.2150163650512695,1
5.342597961425781,1
5.210505485534668,1
5.265332221984863,1
5.299429893493652,1
5.228487968444824,1
5.179914474487305,1
5.274018287658691,1
5.2754716873168945,1
5.263113975524902,1
5.220202445983887,1
5.192899227142334,1
5.18648624420166,1
5.227460861206055,1
5.212032318115234,1
5.2776923179626465,1
5.254624366760254,1
5.252884864807129,1
5.20344352722168,1
5.1923980712890625,1
5.1906280517578125,1
5.255418300628662,1
5.255200386047363,1
5.363602638244629,1
5.171220779418945,1
5.263375759124756,1
5.22404670715332,1
5.2591729164123535,1
5.293257713317871,1
5.323637008666992,1
5.217164039611816,1
5.208203315734863,1
5.329504489898682,1
5.213338851928711,1
5.221463203430176,1
5.221677303314209,1
5.254251480102539,1
5.236703872680664,1
5.28438663482666,1
5.210516452789307,1
5.233834266662598,1
5.260443687438965,1
5.208878517150879,1
5.272684097290039,1
5.286557674407959,1
5.326535224914551,1
5.224100112915039,1
5.260251522064209,1
5.261937141418457,1
5.281227111816406,1
5.123028755187988,1
5.240730285644531,1
5.181384086608887,1
5.2150163650512695,1
5.198620319366455,1
5.134828567504883,1
5.208259582519531,1
5.232945442199707,1
5.290392875671387,1
5.3328166007995605,1
5.17219877243042,1
5.214705467224121,1
5.181245803833008,1
5.3174214363098145,1
5.3248491287231445,1
5.248212814331055,1
5.217826843261719,1
5.349704742431641,1
5.266883373260498,1
5.2184271812438965,1
5.123764991760254,1
5.330081462860107,1
5.178445339202881,1
5.279455184936523,1
5.136227130889893,1
5.294003963470459,1
5.275801658630371,1
5.268048286437988,1
5.3039445877075195,1
5.1836256980896,1
5.233188629150391,1
5.155146598815918,1
5.268119812011719,1
5.269095420837402,1
5.327823638916016,1
5.231194019317627,1
5.241995811462402,1
5.221227645874023,1
5.151052474975586,1
5.183667182922363,1
5.241365909576416,1
5.320980072021484,1
5.163753509521484,1
5.296869277954102,1
5.2448835372924805,1
5.219515800476074,1
5.167708396911621,1
5.225987911224365,1
5.289771556854248,1
5.25823450088501,1
5.223840713500977,1
5.25709867477417,1
5.188640117645264,1
5.228780269622803,1
5.130672454833984,1
5.2028093338012695,1
5.221973419189453,1
5.1258134841918945,1
5.2813720703125,1
5.181750297546387,1
5.277143955230713,1
5.336118698120117,1
5.289142608642578,1
5.0949931144714355,1
5.240505218505859,1
5.18080472946167,1
5.280853271484375,1
5.208629608154297,1
5.158626079559326,1
5.252598762512207,1
5.305999755859375,1
5.2501020431518555,1
5.208612442016602,1
5.219239711761475,1
5.2956767082214355,1
5.281525135040283,1
5.147048473358154,1
5.247973918914795,1
5.332174777984619,1
5.262234210968018,1
5.212013244628906,1
5.226885795593262,1
5.162802696228027,1
5.189604759216309,1
5.277413368225098,1
5.157040596008301,1
5.31825065612793,1
5.270353317260742,1
5.36048698425293,1
5.374237060546875,1
5.284415245056152,1
5.286291122436523,1
5.218726634979248,1
5.268913269042969,1
5.257870197296143,1
5.19866943359375,1
5.186275005340576,1
5.197530746459961,1
5.174779891967773,1
5.105833053588867,1
5.200980186462402,1
5.161215782165527,1
5.294468879699707,1
5.253354549407959,1
5.199283123016357,1
5.306764602661133,1
5.337007522583008,1
5.218860149383545,1
5.224821090698242,1
5.176138877868652,1
5.226880073547363,1
5.324878692626953,1
5.269077777862549,1
5.26302433013916,1
5.285326957702637,1
5.2520904541015625,1
5.184335708618164,1
5.145724296569824,1
5.2939252853393555,1
5.214986324310303,1
5.2201642990112305,1
5.262245178222656,1
5.356514930725098,1
5.351437091827393,1
5.16232442855835,1
5.285088539123535,1
5.3268818855285645,1
5.184091567993164,1
5.311577796936035,1
5.222782135009766,1
5.251608848571777,1
5.226895332336426,1
5.204681396484375,1
5.254676818847656,1
5.264873027801514,1
5.209149360656738,1
5.264731407165527,1
5.220490455627441,1
5.319331169128418,1
5.091981410980225,1
5.296401023864746,1
5.253658771514893,1
5.220897674560547,1
5.207030296325684,1
5.332472801208496,1
5.162804126739502,1
5.201789855957031,1
5.252224922180176,1
5.155152797698975,1
5.268229961395264,1
5.190619945526123,1
5.249272346496582,1
5.3100199699401855,1
5.308677673339844,1
5.197599411010742,1
5.292356014251709,1
5.251149654388428,1
5.379950523376465,1
5.148678779602051,1
5.213109016418457,1
5.243003845214844,1
5.189993858337402,1
5.243192195892334,1
5.203375816345215,1
5.235899448394775,1
5.254995346069336,1
5.233264446258545,1
5.2106828689575195,1
5.205946922302246,1
5.206753253936768,1
5.271304130554199,1
5.277445316314697,1
5.155290126800537,1
5.285120964050293,1
5.289047718048096,1
5.286540508270264,1
5.1863203048706055,1
5.201632976531982,1
5.272760391235352,1
5.2954840660095215,1
5.201657772064209,1
5.355285167694092,1
5.2735066413879395,1
5.233983993530273,1
5.259259223937988,1
5.2703022956848145,1
5.1963653564453125,1
5.191234588623047,1
5.219623565673828,1
5.152342319488525,1
5.254484176635742,1
5.281279563903809,1
5.154852867126465,1
5.239358425140381,1
5.327463150024414,1
5.271457672119141,1
5.214487075805664,1
5.193594455718994,1
5.251298427581787,1
5.212070465087891,1
5.236056327819824,1
5.282536506652832,1
5.331447601318359,1
5.255307674407959,1
5.233872413635254,1
5.2841386795043945,1
5.253117084503174,1
5.131780624389648,1
5.272889137268066,1
5.295533657073975,1
5.264213562011719,1
5.209568977355957,1
5.22377872467041,1
5.256145477294922,1
5.247196197509766,1
5.1683430671691895,1
5.272422790527344,1
5.1663618087768555,1
5.275559902191162,1
5.173951148986816,1
5.223932266235352,1
5.291074752807617,1
5.235740661621094,1
5.236470699310303,1
5.360902786254883,1
5.261910438537598,1
5.262366771697998,1
5.294214248657227,1
5.224666595458984,1
5.234745979309082,1
5.183173656463623,1
5.233369827270508,1
5.265827178955078,1
5.264575481414795,1
5.271714210510254,1
5.221738815307617,1
5.259550094604492,1
5.33540153503418,1
5.3276214599609375,1
5.252006530761719,1
5.15521240234375,1
5.241885185241699,1
5.281975746154785,1
5.23225212097168,1
5.222888946533203,1
5.243943214416504,1
5.211988925933838,1
5.278590679168701,1
5.229006767272949,1
5.2822957038879395,1
5.291909217834473,1
5.299440383911133,1
5.267826080322266,1
5.279235363006592,1
5.277511119842529,1
5.245223045349121,1
5.2490620613098145,1
5.300810813903809,1
5.239823341369629,1
5.251622200012207,1
5.368738651275635,1
5.271895408630371,1
5.160351753234863,1
5.3322343826293945,1
5.292660713195801,1
5.238706111907959,1
5.151433944702148,1
5.199508190155029,1
5.2350358963012695,1
5.26987361907959,1
5.257594108581543,1
5.151516437530518,1
5.3058576583862305,1
5.191020965576172,1
5.163867950439453,1
5.24176549911499,1
5.325701713562012,1
5.310294151306152,1
5.2961225509643555,1
5.33872127532959,1
5.3129167556762695,1
5.334925651550293,1
5.29087495803833,1
5.240409851074219,1
5.188323020935059,1
5.280525207519531,1
5.202938556671143,1
5.180899620056152,1
5.248462677001953,1
5.117882251739502,1
5.26296329498291,1
5.217634677886963,1
5.2739362716674805,1
5.3139872550964355,1
5.256567001342773,1
5.236781120300293,1
5.301301002502441,1
5.315531253814697,1
5.301886558532715,1
5.261069297790527,1
5.218018531799316,1
5.221103191375732,1
5.173515319824219,1
5.3572845458984375,1
5.2905778884887695,1
5.179074287414551,1
5.252643585205078,1
5.214535713195801,1
5.2148237228393555,1
5.264023780822754,1
5.2940216064453125,1
5.239396095275879,1
5.2891645431518555,1
5.280889987945557,1
5.220460414886475,1
5.341383457183838,1
5.2270188331604,1
5.315298557281494,1
5.180372714996338,1
5.346175193786621,1
5.190697193145752,1
5.279048442840576,1
5.302584648132324,1
5.211460113525391,1
5.185335159301758,1
5.2068634033203125,1
5.207025527954102,1
5.202280044555664,1
5.239718914031982,1
5.183387279510498,1
5.206789016723633,1
5.277111053466797,1
5.170433521270752,1
5.192608833312988,1
5.247067451477051,1
5.249338626861572,1
5.222811698913574,1
5.322312355041504,1
5.207639694213867,1
5.283008575439453,1
5.275209903717041,1
5.320952415466309,1
5.194146633148193,1
5.22679328918457,1
5.201214790344238,1
5.213528633117676,1
5.193551540374756,1
5.282393455505371,1
5.255641937255859,1
5.290398120880127,1
5.262941360473633,1
5.340536117553711,1
5.303829193115234,1
5.269052505493164,1
5.275149822235107,1
5.21237850189209,1
5.217371940612793,1
5.206734657287598,1
5.164420127868652,1
5.2197418212890625,1
5.28744649887085,1
5.108190536499023,1
5.257335186004639,1
5.270528316497803,1
5.239699840545654,1
5.234336853027344,1
5.267498016357422,1
5.224025249481201,1
5.1944966316223145,1
5.334648132324219,1
5.245543479919434,1
5.327287673950195,1
5.144335746765137,1
5.264848232269287,1
5.207797050476074,1
5.324308395385742,1
5.246608734130859,1
5.230410575866699,1
5.213963508605957,1
5.245127201080322,1
5.144959449768066,1
5.158805847167969,1
5.3241472244262695,1
5.160181999206543,1
5.2643656730651855,1
5.2191290855407715,1
5.247514247894287,1
5.353094100952148,1
5.270617485046387,1
5.370185852050781,1
5.213177680969238,1
5.218634605407715,1
5.330838203430176,1
5.246769905090332,1
5.209343910217285,1
5.268622398376465,1
5.3173675537109375,1
5.213296890258789,1
5.220746040344238,1
5.233150482177734,1
5.230898857116699,1
5.1922383308410645,1
5.222705841064453,1
5.219577789306641,1
5.227933883666992,1
5.262758255004883,1
5.249396324157715,1
5.202634811401367,1
5.175730228424072,1
5.224747657775879,1
5.236845016479492,1
5.200294494628906,1
5.2476654052734375,1
5.166329383850098,1
5.279175758361816,1
5.246442794799805,1
5.2536420822143555,1
5.210464000701904,1
5.344015598297119,1
5.2785468101501465,1
5.263844013214111,1
5.266452789306641,1
5.195773124694824,1
5.209095001220703,1
5.2337799072265625,1
5.253895282745361,1
5.274457931518555,1
5.215151309967041,1
5.320100784301758,1
5.210386276245117,1
5.306669235229492,1
5.23250675201416,1
5.235432147979736,1
5.252780914306641,1
5.250082492828369,1
5.310587406158447,1
5.214212417602539,1
5.251361846923828,1
5.204374313354492,1
5.279690265655518,1
5.279402732849121,1
5.2514190673828125,1
5.220043182373047,1
5.278282642364502,1
5.329768180847168,1
5.268962860107422,1
5.339165687561035,1
5.275394916534424,1
5.20100212097168,1
5.1996870040893555,1
5.198946952819824,1
5.143824100494385,1
5.247523307800293,1
5.191732406616211,1
5.183820724487305,1
5.1398606300354,1
5.29925537109375,1
5.285665988922119,1
5.220777988433838,1
5.214631080627441,1
5.237468242645264,1
5.163922309875488,1
5.233724117279053,1
5.260861396789551,1
5.168538570404053,1
5.370002746582031,1
5.219440937042236,1
5.2468671798706055,1
5.2016801834106445,1
5.265654563903809,1
5.2649383544921875,1
5.219742774963379,1
5.2448930740356445,1
5.173376083374023,1
5.200140953063965,1
5.216403484344482,1
5.1966962814331055,1
5.195651054382324,1
5.237295150756836,1
5.2090044021606445,1
5.199049949645996,1
5.226485252380371,1
5.22315788269043,1
5.333757400512695,1
5.259530067443848,1
5.29489803314209,1
5.238376617431641,1
5.232446670532227,1
5.13937520980835,1
5.273697853088379,1
5.250944137573242,1
5.269155979156494,1
5.241034984588623,1
5.295768737792969,1
5.215889930725098,1
5.2474517822265625,1
5.263506889343262,1
5.302276134490967,1
5.228031158447266,1
5.324634075164795,1
5.263099670410156,1
5.226041793823242,1
5.186529636383057,1
5.286230564117432,1
5.2999796867370605,1
5.19246768951416,1
5.239221572875977,1
5.2028093338012695,1
5.14000129699707,1
5.223929405212402,1
5.283139228820801,1
5.327939033508301,1
5.25050163269043,1
5.261392593383789,1
5.2080512046813965,1
5.361092567443848,1
5.30776834487915,1
5.211660861968994,1
5.280667304992676,1
5.273036479949951,1
5.150637149810791,1
5.284348011016846,1
5.221075057983398,1
5.337886810302734,1
5.253313064575195,1
5.251352310180664,1
5.293212413787842,1
5.338259220123291,1
5.2518768310546875,1
5.247742652893066,1
5.2241010665893555,1
5.202114105224609,1
5.317828178405762,1
5.3099212646484375,1
5.3025593757629395,1
5.290299415588379,1
5.261802673339844,1
5.2794599533081055,1
5.224408149719238,1
5.260528087615967,1
5.235609531402588,1
5.241594314575195,1
5.256998538970947,1
5.226511001586914,1
5.241443634033203,1
5.200984001159668,1
5.2630205154418945,1
5.302013397216797,1
5.130942344665527,1
5.296420574188232,1
5.243762016296387,1
5.186898708343506,1
5.145851135253906,1
5.230966091156006,1
5.216390609741211,1
5.186077117919922,1
5.275289535522461,1
5.2689056396484375,1
5.394901275634766,1
5.271298885345459,1
5.2586259841918945,1
5.3176374435424805,1
5.192415237426758,1
5.1878509521484375,1
5.220974445343018,1
5.2462592124938965,1
5.222713470458984,1
5.172835350036621,1
5.289277076721191,1
5.278196811676025,1
5.198966979980469,1
5.184804916381836,1
5.277243137359619,1
5.269522666931152,1
5.279024124145508,1
5.24110221862793,1
5.305481910705566,1
5.233083724975586,1
5.264822959899902,1
5.278779029846191,1
5.252163887023926,1
5.290614128112793,1
5.237370014190674,1
5.2303361892700195,1
5.224788665771484,1
5.232787132263184,1
5.233994483947754,1
5.320013999938965,1
5.2429304122924805,1
5.155191421508789,1
5.204690933227539,1
5.225087642669678,1
5.281135082244873,1
5.161961078643799,1
5.173309326171875,1
5.231216907501221,1
5.213619232177734,1
5.161215305328369,1
5.24282169342041,1
5.3299055099487305,1
5.245530605316162,1
5.264652252197266,1
5.339378356933594,1
5.242443084716797,1
5.201624870300293,1
5.188185214996338,1
5.221290111541748,1
5.261500835418701,1
5.228351593017578,1
5.230527877807617,1
5.270332336425781,1
5.219365119934082,1
5.11759090423584,1
5.218769073486328,1
5.2025370597839355,1
5.150476932525635,1
5.268110275268555,1
5.228979110717773,1
5.225683212280273,1
5.215065956115723,1
5.221405982971191,1
5.239694595336914,1
5.263937950134277,1
5.250372409820557,1
5.108730316162109,1
5.180607795715332,1
5.3198347091674805,1
5.270435333251953,1
5.249532222747803,1
5.242905139923096,1
5.232143402099609,1
5.213715553283691,1
5.305708408355713,1
5.282496452331543,1
5.240483283996582,1
5.281402111053467,1
5.2468485832214355,1
5.295056343078613,1
5.269844055175781,1
5.240828514099121,1
5.181346416473389,1
5.2174391746521,1
5.159517288208008,1
5.285395622253418,1
5.292360305786133,1
5.225558280944824,1
5.1806182861328125,1
5.215401649475098,1
5.263554573059082,1
5.2741780281066895,1
5.203958988189697,1
5.244898319244385,1
5.326608657836914,1
5.201492786407471,1
5.26551628112793,1
5.209482192993164,1
5.216662406921387,1
5.230228424072266,1
5.206272125244141,1
5.28198766708374,1
5.214892387390137,1
5.290729522705078,1
5.29203987121582,1
5.240110397338867,1
5.206573963165283,1
5.257455825805664,1
5.2843170166015625,1
5.301872253417969,1
5.3019819259643555,1
5.190845489501953,1
5.234575271606445,1
5.339411735534668,1
5.25289249420166,1
5.17736291885376,1
5.298755645751953,1
5.285168647766113,1
5.1965227127075195,1
5.232000827789307,1
5.257148742675781,1
5.193603515625,1
5.245179176330566,1
5.180325031280518,1
5.265908718109131,1
5.285249710083008,1
5.199884414672852,1
5.335926055908203,1
5.21888542175293,1
5.182228088378906,1
5.231395721435547,1
5.290755271911621,1
5.2915754318237305,1
5.347596645355225,1
5.203699111938477,1
5.2783002853393555,1
5.241743087768555,1
5.278887748718262,1
5.258813858032227,1
5.292970657348633,1
5.150742053985596,1
5.229218482971191,1
5.13723087310791,1
5.268222808837891,1
5.225249290466309,1
5.335244655609131,1
5.284791946411133,1
5.199917793273926,1
5.319788455963135,1
5.212530136108398,1
5.223076820373535,1
5.198261260986328,1
5.155490398406982,1
5.293572902679443,1
5.303157329559326,1
5.299912452697754,1
5.382261276245117,1
5.142210006713867,1
5.256665229797363,1
5.339028358459473,1
5.172327041625977,1
5.301820755004883,1
5.254673480987549,1
5.268256664276123,1
5.185094833374023,1
5.179830551147461,1
5.157497406005859,1
5.310996055603027,1
5.221162796020508,1
5.25212287902832,1
5.211745262145996,1
5.275829315185547,1
5.222951889038086,1
5.185153961181641,1
5.150507926940918,1
5.223511695861816,1
5.299612998962402,1
5.279675483703613,1
5.198363304138184,1
5.191061973571777,1
5.170516014099121,1
5.27227783203125,1
5.338859558105469,1
5.231870651245117,1
5.222439289093018,1
5.229664325714111,1
5.193524360656738,1
5.181679725646973,1
5.240337371826172,1
5.260373592376709,1
5.217221736907959,1
5.201850414276123,1
5.242903232574463,1
5.226780414581299,1
5.24606990814209,1
5.338564395904541,1
5.21329402923584,1
5.232610702514648,1
5.241098403930664,1
5.206939697265625,1
5.256683826446533,1
5.235630989074707,1
5.177885055541992,1
5.175656318664551,1
5.267736911773682,1
5.31093168258667,1
5.241767406463623,1
5.212915897369385,1
5.131516933441162,1
5.303668975830078,1
5.168242454528809,1
5.274294853210449,1
5.2956647872924805,1
5.1612629890441895,1
5.215195178985596,1
5.205855846405029,1
5.373858451843262,1
5.256994247436523,1
5.281538009643555,1
5.321654796600342,1
5.338281154632568,1
5.237511157989502,1
5.258998394012451,1
5.141412258148193,1
5.278463363647461,1
5.255291938781738,1
5.214441776275635,1
5.182450294494629,1
5.261797904968262,1
5.287139415740967,1
5.220298767089844,1
5.238068580627441,1
5.290586471557617,1
5.247227668762207,1
5.14553165435791,1
5.230138778686523,1
5.234903335571289,1
5.1435017585754395,1
5.173465251922607,1
5.310087203979492,1
5.247416973114014,1
5.335845947265625,1
5.336629390716553,1
5.210684776306152,1
5.1809468269348145,1
5.201717376708984,1
5.349199295043945,1
5.29990291595459,1
5.201005458831787,1
5.178516387939453,1
5.199334144592285,1
5.358983993530273,1
5.285505294799805,1
5.2593183517456055,1
5.226225852966309,1
5.207131385803223,1
5.189549922943115,1
5.250376224517822,1
5.303935527801514,1
5.259970664978027,1
5.184780120849609,1
5.2986979484558105,1
5.175375461578369,1
5.22020149230957,1
5.350889682769775,1
5.261652946472168,1
5.210573196411133,1
5.2217183113098145,1
5.233199119567871,1
5.228567123413086,1
5.149572372436523,1
5.2791748046875,1
5.2418060302734375,1
5.288605213165283,1
5.233120918273926,1
5.190468788146973,1
5.427839279174805,1
5.299588203430176,1
5.171248435974121,1
5.197417259216309,1
5.297773361206055,1
5.212945938110352,1
5.224418640136719,1
5.25869083404541,1
5.259031295776367,1
5.258492469787598,1
5.270301818847656,1
5.285738468170166,1
5.317097187042236,1
5.168572425842285,1
5.248749732971191,1
5.255148887634277,1
5.26436185836792,1
5.219089508056641,1
5.221713066101074,1
5.200038909912109,1
5.241331577301025,1
5.218719005584717,1
5.325664520263672,1
5.200106620788574,1
5.2843499183654785,1
5.141163349151611,1
5.254894733428955,1
5.267611503601074,1
5.26237154006958,1
5.306070327758789,1
5.179548263549805,1
5.242796421051025,1
5.311070442199707,1
5.157371520996094,1
5.2949090003967285,1
5.154858589172363,1
5.265402793884277,1
5.215581893920898,1
5.223807334899902,1
5.228525161743164,1
5.222629547119141,1
5.235171318054199,1
5.175646781921387,1
5.31525182723999,1
5.1953887939453125,1
5.1757049560546875,1
5.197593688964844,1
5.228199481964111,1
5.167011260986328,1
5.27400016784668,1
5.121667385101318,1
5.182893753051758,1
5.317619323730469,1
5.221043586730957,1
5.248724937438965,1
5.269213676452637,1
5.217825412750244,1
5.21966552734375,1
5.324367523193359,1
5.2665252685546875,1
5.225456714630127,1
5.177057266235352,1
5.210164546966553,1
5.183318138122559,1
5.188236713409424,1
5.245421886444092,1
5.340102195739746,1
5.2590484619140625,1
5.3573503494262695,1
5.257667541503906,1
5.288084030151367,1
5.252468585968018,1
5.269349098205566,1
5.245357513427734,1
5.2574076652526855,1
5.189380645751953,1
5.366241931915283,1
5.2838616371154785,1
5.304508209228516,1
5.194901466369629,1
5.189645290374756,1
5.180644989013672,1
5.200999736785889,1
5.225689888000488,1
5.26335334777832,1
5.299777030944824,1
5.199739456176758,1
5.278007984161377,1
5.2537713050842285,1
5.241943359375,1
5.175334930419922,1
5.189361095428467,1
5.30382776260376,1
5.297526836395264,1
5.211766719818115,1
5.281022071838379,1
5.268082141876221,1
5.316084384918213,1
5.254071235656738,1
5.306169509887695,1
5.274646282196045,1
5.284212112426758,1
5.279043197631836,1
5.214221000671387,1
5.205646514892578,1
5.170164108276367,1
5.219124794006348,1
5.292477130889893,1
5.220383644104004,1
5.302276134490967,1
5.21907901763916,1
5.313480854034424,1
5.2816667556762695,1
5.231825351715088,1
5.2693376541137695,1
5.215610980987549,1
5.246047019958496,1
5.232179641723633,1
5.276778221130371,1
5.325757026672363,1
5.186128616333008,1
5.194464206695557,1
5.322137832641602,1
5.200518608093262,1
5.1847639083862305,1
5.182171821594238,1
5.135122299194336,1
5.207115173339844,1
5.211843490600586,1
5.080993175506592,1
5.216818332672119,1
5.240724086761475,1
5.273024559020996,1
5.361725807189941,1
5.227895736694336,1
5.173058986663818,1
5.317584037780762,1
5.2188849449157715,1
5.309069633483887,1
5.268341064453125,1
5.227472305297852,1
5.225600242614746,1
5.3406877517700195,1
5.247457981109619,1
5.201378345489502,1
5.2187652587890625,1
5.259808540344238,1
5.290664196014404,1
5.188088417053223,1
5.14222526550293,1
5.299099445343018,1
5.22523307800293,1
5.239135265350342,1
5.205060958862305,1
5.124856472015381,1
5.187711238861084,1
5.15045690536499,1
5.159056663513184,1
5.2706298828125,1
5.257485389709473,1
5.268388748168945,1
5.2967424392700195,1
5.20389461517334,1
5.3271379470825195,1
5.2374162673950195,1
5.2076568603515625,1
5.2248334884643555,1
5.238898277282715,1
5.247469902038574,1
5.242910385131836,1
5.223559379577637,1
5.220002174377441,1
5.2588791847229,1
5.207568168640137,1
5.195967197418213,1
5.182821273803711,1
5.169729709625244,1
5.233001232147217,1
5.338618278503418,1
5.14700984954834,1
5.121577262878418,1
5.200160980224609,1
5.260928153991699,1
5.244290351867676,1
5.246849060058594,1
5.347683906555176,1
5.212543487548828,1
5.352826118469238,1
5.250873565673828,1
5.205347061157227,1
5.231801986694336,1
5.277129173278809,1
5.32136344909668,1
5.240754127502441,1
5.208793640136719,1
5.281247138977051,1
5.311699867248535,1
5.1761980056762695,1
5.263697624206543,1
5.206871509552002,1
5.251776695251465,1
5.264522552490234,1
5.332077503204346,1
5.215981960296631,1
5.184878349304199,1
5.301456451416016,1
5.184570789337158,1
5.113938331604004,1
5.270276069641113,1
5.2534050941467285,1
5.200641632080078,1
5.206852912902832,1
5.268474578857422,1
5.121311187744141,1
5.221758842468262,1
5.20351505279541,1
5.127896308898926,1
5.187936305999756,1
5.30185079574585,1
5.251105308532715,1
5.103381156921387,1
5.27386474609375,1
5.340987205505371,1
5.275589942932129,1
5.271298408508301,1
5.152899742126465,1
5.261987686157227,1
5.277487754821777,1
5.263492107391357,1
5.188424587249756,1
5.200181007385254,1
5.253129959106445,1
5.260683059692383,1
5.270804405212402,1
5.199394226074219,1
5.199648857116699,1
5.147388458251953,1
5.268242835998535,1
5.209376811981201,1
5.201127052307129,1
5.275556564331055,1
5.181151390075684,1
5.17648983001709,1
5.2036027908325195,1
5.257319450378418,1
5.246586799621582,1
5.218108654022217,1
5.232475280761719,1
5.226053237915039,1
5.167682647705078,1
5.283926963806152,1
5.242335319519043,1
5.349614143371582,1
5.242763996124268,1
5.32919454574585,1
5.195586204528809,1
5.230601787567139,1
5.235213279724121,1
5.251386642456055,1
5.260869979858398,1
5.364068508148193,1
5.179581642150879,1
5.211589336395264,1
5.307104587554932,1
5.214407920837402,1
5.215207099914551,1
5.201923370361328,1
5.347044944763184,1
5.201207637786865,1
5.23792839050293,1
5.282289505004883,1
5.195650100708008,1
5.246279716491699,1
5.156553745269775,1
5.211913585662842,1
5.365210056304932,1
5.247172832489014,1
5.195379257202148,1
5.239871978759766,1
5.250240325927734,1
5.176652431488037,1
5.349522590637207,1
5.2171783447265625,1
5.282936096191406,1
5.315702438354492,1
5.152491569519043,1
5.243147850036621,1
5.383355617523193,1
5.262332916259766,1
5.26207971572876,1
5.32971715927124,1
5.323207378387451,1
5.3777875900268555,1
5.103865623474121,1
5.323606491088867,1
5.244856834411621,1
5.261040210723877,1
5.280023574829102,1
5.275384426116943,1
5.195778846740723,1
5.2762651443481445,1
5.229814529418945,1
5.171673774719238,1
5.206317901611328,1
5.2747111320495605,1
5.226916313171387,1
5.182747840881348,1
5.35935115814209,1
5.291814804077148,1
5.258596420288086,1
5.239107131958008,1
5.278794288635254,1
5.206071376800537,1
5.289578914642334,1
5.252525806427002,1
5.25131368637085,1
5.299201965332031,1
5.1971306800842285,1
5.186962127685547,1
5.376857757568359,1
5.204862594604492,1
5.21734094619751,1
5.361188888549805,1
5.322278022766113,1
5.314698219299316,1
5.110201358795166,1
5.26431941986084,1
5.221692085266113,1
5.312334060668945,1
5.248579978942871,1
5.225363254547119,1
5.2472734451293945,1
5.195917129516602,1
5.211650371551514,1
5.205686092376709,1
5.212777137756348,1
5.262635231018066,1
5.330834865570068,1
5.325178623199463,1
5.311529159545898,1
5.2086710929870605,1
5.22982120513916,1
5.302135944366455,1
5.242259979248047,1
5.200343132019043,1
5.257472515106201,1
5.173222541809082,1
5.2179741859436035,1
5.193472385406494,1
5.354565620422363,1
5.184017181396484,1
5.205440521240234,1
5.276597023010254,1
5.280081748962402,1
5.1619873046875,1
5.302207946777344,1
5.172422409057617,1
5.234313488006592,1
5.259098052978516,1
5.286953449249268,1
5.231221675872803,1
5.283708095550537,1
5.2545013427734375,1
5.276767730712891,1
5.215595245361328,1
5.254970550537109,1
5.212677955627441,1
5.201307773590088,1
5.203289031982422,1
5.294554710388184,1
5.300464630126953,1
5.2709197998046875,1
5.283392906188965,1
5.2379913330078125,1
5.1769256591796875,1
5.135083198547363,1
5.264631271362305,1
5.2110795974731445,1
5.192229270935059,1
5.377138137817383,1
5.311100482940674,1
5.29426383972168,1
5.294970512390137,1
5.229242324829102,1
5.268192768096924,1
5.252427101135254,1
5.220342636108398,1
5.252191543579102,1
5.193790912628174,1
5.237895965576172,1
5.2314324378967285,1
5.234743118286133,1
5.225345134735107,1
5.238295555114746,1
5.2911696434021,1
5.199027061462402,1
5.305850982666016,1
5.284463405609131,1
5.257508277893066,1
5.31761360168457,1
5.2704362869262695,1
5.263347148895264,1
5.186979293823242,1
5.2857184410095215,1
5.191162109375,1
5.325529098510742,1
5.273176193237305,1
5.2561750411987305,1
5.293968200683594,1
5.318835258483887,1
5.343811511993408,1
5.127768516540527,1
5.211704730987549,1
5.341144561767578,1
5.1773810386657715,1
5.214336395263672,1
5.249695301055908,1
5.325542449951172,1
5.210689067840576,1
5.3162736892700195,1
5.224307537078857,1
5.274138450622559,1
5.247173309326172,1
5.303320407867432,1
5.192447662353516,1
5.216769218444824,1
5.31573486328125,1
5.307409286499023,1
5.253525733947754,1
5.167494773864746,1
5.265958786010742,1
5.261686325073242,1
5.252621650695801,1
5.211331844329834,1
5.25120735168457,1
5.210909366607666,1
5.241795539855957,1
5.257645606994629,1
5.179959774017334,1
5.152872085571289,1
5.1890459060668945,1
5.280869007110596,1
5.2817063331604,1
5.315471649169922,1
5.222893714904785,1
5.32018518447876,1
5.341886520385742,1
5.228640079498291,1
5.217261791229248,1
5.285985946655273,1
5.242329120635986,1
5.163059234619141,1
5.180584907531738,1
5.328483581542969,1
5.226204872131348,1
5.180454254150391,1
5.301297187805176,1
5.34346342086792,1
5.290202617645264,1
5.314167022705078,1
5.293938636779785,1
5.199995040893555,1
5.279313564300537,1
5.171966552734375,1
5.336799621582031,1
5.257777690887451,1
5.191727638244629,1
5.18460750579834,1
5.166356563568115,1
5.3078413009643555,1
5.249028205871582,1
5.180198669433594,1
5.344887733459473,1
5.342976093292236,1
5.239258766174316,1
5.284313201904297,1
5.315943717956543,1
5.190607070922852,1
5.266161918640137,1
5.283347129821777,1
5.193836688995361,1
5.248325347900391,1
5.286660671234131,1
5.279995918273926,1
5.271474838256836,1
5.2736406326293945,1
5.2922468185424805,1
5.242783069610596,1
5.225678443908691,1
5.261385917663574,1
5.208145618438721,1
5.246574401855469,1
5.290560722351074,1
5.220078468322754,1
5.290543556213379,1
5.175939559936523,1
5.146123886108398,1
5.25767707824707,1
5.157092094421387,1
5.288054466247559,1
5.181675434112549,1
5.184990406036377,1
5.280950546264648,1
5.290130615234375,1
5.20658016204834,1
5.106821060180664,1
5.2689008712768555,1
5.238491058349609,1
5.215291976928711,1
5.258613109588623,1
5.253267288208008,1
5.281125068664551,1
5.3521833419799805,1
5.298356533050537,1
5.243833541870117,1
5.3467302322387695,1
5.212393760681152,1
5.278499603271484,1
5.20749568939209,1
5.227781772613525,1
5.130753517150879,1
5.25950813293457,1
5.202698230743408,1
5.24575662612915,1
5.417118072509766,1
5.211870193481445,1
5.266862869262695,1
5.27565336227417,1
5.290876865386963,1
5.218518257141113,1
5.216512203216553,1
5.201709747314453,1
5.2132954597473145,1
5.261883735656738,1
5.399216175079346,1
5.206086158752441,1
5.192775726318359,1
5.295968532562256,1
5.301959991455078,1
5.419899940490723,1
5.151632308959961,1
5.226686477661133,1
5.340522766113281,1
5.251870155334473,1
5.289549827575684,1
5.185670852661133,1
5.20379638671875,1
5.260871887207031,1
5.323123931884766,1
5.2745256423950195,1
5.214836120605469,1
5.204410076141357,1
5.171995162963867,1
5.2964019775390625,1
5.341607093811035,1
5.244990348815918,1
5.113467216491699,1
5.217500686645508,1
5.225028038024902,1
5.214611053466797,1
5.303097248077393,1
5.234841346740723,1
5.200242042541504,1
5.393831729888916,1
5.158786296844482,1
5.234553337097168,1
5.25081205368042,1
5.203252792358398,1
5.271395683288574,1
5.313938140869141,1
5.238336563110352,1
5.243776321411133,1
5.248945236206055,1
5.237730026245117,1
5.209760665893555,1
5.231951713562012,1
5.262957572937012,1
5.167968273162842,1
5.2212982177734375,1
5.265425682067871,1
5.255475997924805,1
5.3009748458862305,1
5.187083721160889,1
5.271498203277588,1
5.313027858734131,1
5.242451190948486,1
5.288158893585205,1
5.287784576416016,1
5.206392765045166,1
5.28831672668457,1
5.24725341796875,1
5.279643535614014,1
5.174415111541748,1
5.241550922393799,1
5.267195701599121,1
5.2571492195129395,1
5.19901180267334,1
5.194920539855957,1
5.143477439880371,1
5.248488426208496,1
5.262031555175781,1
5.26777982711792,1
5.1877336502075195,1
5.177338123321533,1
5.219725608825684,1
5.260910511016846,1
5.193239212036133,1
5.288862705230713,1
5.234249114990234,1
5.278707504272461,1
5.248365879058838,1
5.2161970138549805,1
5.202380180358887,1
5.295042037963867,1
5.186860084533691,1
5.236924648284912,1
5.30338191986084,1
5.239499568939209,1
5.2248148918151855,1
5.285223960876465,1
5.297379970550537,1
5.210826873779297,1
5.148940563201904,1
5.322381019592285,1
5.318351745605469,1
5.296606063842773,1
5.269481658935547,1
5.189885139465332,1
5.242241859436035,1
5.29192590713501,1
5.332955837249756,1
5.149125576019287,1
5.311856269836426,1
5.246447563171387,1
5.294197082519531,1
5.196730613708496,1
5.2223405838012695,1
5.213308811187744,1
5.22649621963501,1
5.244775772094727,1
5.279345989227295,1
5.184109210968018,1
5.230044841766357,1
5.178377628326416,1
5.2060956954956055,1
5.220056533813477,1
5.252786636352539,1
5.253634452819824,1
5.2355217933654785,1
5.257423400878906,1
5.3053483963012695,1
5.201870441436768,1
5.259506702423096,1
5.166013240814209,1
5.221377849578857,1
5.273521423339844,1
5.209076881408691,1
5.223173141479492,1
5.167858123779297,1
5.25186824798584,1
5.275714874267578,1
5.201858997344971,1
5.239078521728516,1
5.223150253295898,1
5.342258453369141,1
5.181243419647217,1
5.266942501068115,1
5.276357173919678,1
5.28026008605957,1
5.279443740844727,1
5.227569580078125,1
5.318807601928711,1
5.301711082458496,1
5.2774200439453125,1
5.2534074783325195,1
5.341119766235352,1
5.16359806060791,1
5.241067886352539,1
5.290867805480957,1
5.271331787109375,1
5.212799072265625,1
5.29634428024292,1
5.226485252380371,1
5.271721839904785,1
5.276663780212402,1
5.258004665374756,1
5.218538284301758,1
5.220436096191406,1
5.145102500915527,1
5.279353141784668,1
5.246271133422852,1
5.1022796630859375,1
5.2797040939331055,1
5.273999214172363,1
5.2041473388671875,1
5.2090349197387695,1
5.296060085296631,1
5.16667366027832,1
5.202337265014648,1
5.249757766723633,1
5.191073417663574,1
5.209506988525391,1
5.235928535461426,1
5.242326736450195,1
5.240450859069824,1
5.233516693115234,1
5.263270378112793,1
5.261168479919434,1
5.2626953125,1
5.319494247436523,1
5.2190046310424805,1
5.238462448120117,1
5.256863594055176,1
5.225714683532715,1
5.169066429138184,1
5.264487266540527,1
5.221479415893555,1
5.211899280548096,1
5.15727424621582,1
5.142801284790039,1
5.2351226806640625,1
5.153598308563232,1
5.202624797821045,1
5.271458625793457,1
5.150278091430664,1
5.183082580566406,1
5.20577335357666,1
5.195640563964844,1
5.204048156738281,1
5.239453315734863,1
5.277824401855469,1
5.207212448120117,1
5.214514255523682,1
5.190206527709961,1
5.163978099822998,1
5.2047271728515625,1
5.223148345947266,1
5.193667888641357,1
5.204751014709473,1
5.247568130493164,1
5.286429405212402,1
5.25724983215332,1
5.239627838134766,1
5.115650653839111,1
5.256371021270752,1
5.180852890014648,1
5.205718040466309,1
5.176804542541504,1
5.249529838562012,1
5.154576301574707,1
5.192076206207275,1
5.215120315551758,1
5.267230987548828,1
5.274145603179932,1
5.285536289215088,1
5.26164436340332,1
5.266460418701172,1
5.293815612792969,1
5.309737205505371,1
5.318110466003418,1
5.254317760467529,1
5.2226738929748535,1
5.2507500648498535,1
5.321576118469238,1
5.256659984588623,1
5.2278642654418945,1
5.1308207511901855,1
5.264120101928711,1
5.2474870681762695,1
5.246910095214844,1
5.188375473022461,1
5.283569812774658,1
5.2424635887146,1
5.247122764587402,1
5.164135456085205,1
5.246609687805176,1
5.309567451477051,1
5.223143577575684,1
5.208354949951172,1
5.284966945648193,1
5.233705520629883,1
5.245750427246094,1
5.326211929321289,1
5.220164775848389,1
5.2282891273498535,1
5.230734825134277,1
5.2733612060546875,1
5.178234100341797,1
5.180752277374268,1
5.254179000854492,1
5.242719650268555,1
5.19966983795166,1
5.272411823272705,1
5.219661712646484,1
5.217530250549316,1
5.182251930236816,1
5.258378505706787,1
5.260576248168945,1
5.21063232421875,1
5.259073257446289,1
5.316925048828125,1
5.2959089279174805,1
5.262236595153809,1
5.1648850440979,1
5.244137763977051,1
5.234349727630615,1
5.3064680099487305,1
5.195405006408691,1
5.193686485290527,1
5.243785858154297,1
5.243154525756836,1
5.249895095825195,1
5.254300117492676,1
5.304642200469971,1
5.287411689758301,1
5.218363285064697,1
5.219721794128418,1
5.145143032073975,1
5.256299018859863,1
5.341286659240723,1
5.267383575439453,1
5.3172478675842285,1
5.154047012329102,1
5.166884899139404,1
5.230000019073486,1
5.338561058044434,1
5.24787712097168,1
5.225620269775391,1
5.314789772033691,1
5.235949993133545,1
5.275363445281982,1
5.179532051086426,1
5.239758491516113,1
5.287622451782227,1
5.288334846496582,1
5.2149577140808105,1
5.292843818664551,1
5.246301174163818,1
5.165575981140137,1
5.287962913513184,1
5.241959571838379,1
5.22935676574707,1
5.2537126541137695,1
5.245536804199219,1
5.130945205688477,1
5.217815399169922,1
5.299093246459961,1
5.230556488037109,1
5.28480863571167,1
5.282308578491211,1
5.156964302062988,1
5.1972174644470215,1
5.345643997192383,1
5.240335464477539,1
5.231267929077148,1
5.280874252319336,1
5.1824870109558105,1
5.240753173828125,1
5.2745161056518555,1
5.243273735046387,1
5.137640953063965,1
5.267073154449463,1
5.215783596038818,1
5.225096702575684,1
5.339787483215332,1
5.2132415771484375,1
5.215681076049805,1
5.245074272155762,1
5.283139705657959,1
5.129068374633789,1
5.217029571533203,1
5.222344398498535,1
5.240309238433838,1
5.21140193939209,1
5.215946197509766,1
5.168690204620361,1
5.338923454284668,1
5.317165851593018,1
5.22186279296875,1
5.197460174560547,1
5.26282262802124,1
5.284876823425293,1
5.223511695861816,1
5.242031097412109,1
5.192206382751465,1
5.144667625427246,1
5.28816032409668,1
5.18554162979126,1
5.2634053230285645,1
5.333296775817871,1
5.297148704528809,1
5.325131416320801,1
5.22450065612793,1
5.294829368591309,1
5.296520233154297,1
5.1373467445373535,1
5.338677406311035,1
5.211976051330566,1
5.16829776763916,1
5.2704572677612305,1
5.1866302490234375,1
5.2846574783325195,1
5.2178635597229,1
5.304267883300781,1
5.226792812347412,1
5.297232627868652,1
5.281749725341797,1
5.298026084899902,1
5.302420616149902,1
5.336239337921143,1
5.196329116821289,1
5.208667755126953,1
5.306468963623047,1
5.2082672119140625,1
5.150034427642822,1
5.155987739562988,1
5.236055850982666,1
5.152111053466797,1
5.224705696105957,1
5.292932033538818,1
5.2244391441345215,1
5.262289047241211,1
5.277364253997803,1
5.1949143409729,1
5.248790740966797,1
5.29543924331665,1
5.2853899002075195,1
5.162357807159424,1
5.227632522583008,1
5.254823207855225,1
5.209594249725342,1
5.262811660766602,1
5.15374231338501,1
5.208683967590332,1
5.178022384643555,1
5.32649040222168,1
5.263673782348633,1
5.259188652038574,1
5.244149208068848,1
5.289020538330078,1
5.187141418457031,1
5.18373441696167,1
5.230157375335693,1
5.198393821716309,1
5.16084098815918,1
5.294966697692871,1
5.298871040344238,1
5.204050540924072,1
5.163722038269043,1
5.277676582336426,1
5.2437238693237305,1
5.223412036895752,1
5.218874931335449,1
5.240654945373535,1
5.18538761138916,1
5.22454309463501,1
5.1714019775390625,1
5.250123023986816,1
5.283753395080566,1
5.341212749481201,1
5.3050689697265625,1
5.229473114013672,1
5.2231645584106445,1
5.187814712524414,1
5.332492828369141,1
5.202790260314941,1
5.193974018096924,1
5.305589199066162,1
5.2141218185424805,1
5.293363571166992,1
5.1735334396362305,1
5.223762512207031,1
5.2674713134765625,1
5.277277946472168,1
5.1980791091918945,1
5.222862720489502,1
5.209019660949707,1
5.1880598068237305,1
5.367706298828125,1
5.260370254516602,1
5.2602763175964355,1
5.310303688049316,1
5.278977394104004,1
5.23066520690918,1
5.238956451416016,1
5.199770927429199,1
5.233680725097656,1
5.295596122741699,1
5.224509239196777,1
5.270282745361328,1
5.280490398406982,1
5.284656524658203,1
5.2015228271484375,1
5.247004508972168,1
5.277464866638184,1
5.220367908477783,1
5.306813716888428,1
5.200123310089111,1
5.26192045211792,1
5.244602203369141,1
5.163248062133789,1
5.228463172912598,1
5.176836013793945,1
5.267301559448242,1
5.2153425216674805,1
5.160845756530762,1
5.365081787109375,1
5.252730369567871,1
5.141889572143555,1
5.2737884521484375,1
5.226968765258789,1
5.242234230041504,1
5.220345497131348,1
5.194871425628662,1
5.177057266235352,1
5.246459007263184,1
5.187959671020508,1
5.342002868652344,1
5.24995231628418,1
5.186258792877197,1
5.246500492095947,1
5.242128849029541,1
5.3503875732421875,1
5.2618937492370605,1
5.201399803161621,1
5.338623523712158,1
5.258285999298096,1
5.283710956573486,1
5.176967620849609,1
5.136899948120117,1
5.210209846496582,1
5.162809371948242,1
5.281612396240234,1
5.303708553314209,1
5.264509201049805,1
5.21660041809082,1
5.243616104125977,1
5.296926498413086,1
5.21055269241333,1
5.2438201904296875,1
5.251603126525879,1
5.284010410308838,1
5.261162281036377,1
5.344043254852295,1
5.1714067459106445,1
5.332491874694824,1
5.33369779586792,1
5.195812225341797,1
5.150686740875244,1
5.2274699211120605,1
5.271262168884277,1
5.195681095123291,1
5.205427646636963,1
5.308738708496094,1
5.263139724731445,1
5.297698020935059,1
5.280421257019043,1
5.209475040435791,1
5.234269142150879,1
5.195190906524658,1
5.2081098556518555,1
5.237161636352539,1
5.206070899963379,1
5.292548656463623,1
5.314723968505859,1
5.199464321136475,1
5.229016304016113,1
5.208087921142578,1
5.244161128997803,1
5.233250617980957,1
5.306891918182373,1
5.307464599609375,1
5.216906547546387,1
5.274628162384033,1
5.260836601257324,1
5.151122093200684,1
5.217836856842041,1
5.216191291809082,1
5.220177173614502,1
5.272581100463867,1
5.309114933013916,1
5.245511054992676,1
5.182746887207031,1
5.285624980926514,1
5.142495155334473,1
5.261804580688477,1
5.23870849609375,1
5.335044860839844,1
5.217879772186279,1
5.21270751953125,1
5.291904449462891,1
5.204239845275879,1
5.205206871032715,1
5.298150062561035,1
5.2921462059021,1
5.324104309082031,1
5.242483139038086,1
5.253314018249512,1
5.291171550750732,1
5.235287189483643,1
5.2491960525512695,1
5.273287773132324,1
5.24743127822876,1
5.346200942993164,1
5.190279960632324,1
5.224193572998047,1
5.207033157348633,1
5.371615886688232,1
5.196896076202393,1
5.151669502258301,1
5.241593360900879,1
5.392772197723389,1
5.187788963317871,1
5.220363140106201,1
5.2423200607299805,1
5.2395453453063965,1
5.260645866394043,1
5.219996452331543,1
5.223552703857422,1
5.185628414154053,1
5.349955081939697,1
5.283990859985352,1
5.233457565307617,1
5.2410125732421875,1
5.240052223205566,1
5.19720458984375,1
5.302898406982422,1
5.1966071128845215,1
5.265798568725586,1
5.240668296813965,1
5.170598030090332,1
5.186110973358154,1
5.3117218017578125,1
5.1809258460998535,1
5.283748626708984,1
5.226034164428711,1
5.22476863861084,1
5.308564186096191,1
5.265830993652344,1
5.264802932739258,1
5.266842842102051,1
5.243618011474609,1
5.2513227462768555,1
5.2245774269104,1
5.267890453338623,1
5.194790840148926,1
5.210760116577148,1
5.251246452331543,1
5.276803016662598,1
5.201340198516846,1
5.226741313934326,1
5.228255748748779,1
5.217525482177734,1
5.249711513519287,1
5.229300498962402,1
5.223716735839844,1
5.286274433135986,1
5.268589019775391,1
5.2865400314331055,1
5.244266033172607,1
5.2880144119262695,1
5.379965305328369,1
5.297065258026123,1
5.341955184936523,1
5.225866317749023,1
5.206851005554199,1
5.231376647949219,1
5.171602249145508,1
5.212374687194824,1
5.249177932739258,1
5.2248945236206055,1
5.128994941711426,1
5.213836193084717,1
5.2612690925598145,1
5.19236946105957,1
5.194723129272461,1
5.159738540649414,1
5.217916011810303,1
5.270779609680176,1
5.344752311706543,1
5.218584060668945,1
5.240447044372559,1
5.269033908843994,1
5.190676689147949,1
5.220553874969482,1
5.22048807144165,1
5.1760640144348145,1
5.166532039642334,1
5.196841239929199,1
5.242015361785889,1
5.239874839782715,1
5.255780220031738,1
5.293565273284912,1
5.242321014404297,1
5.248516082763672,1
5.202316761016846,1
5.34114408493042,1
5.144242286682129,1
5.32016134262085,1
5.248449325561523,1
5.221181392669678,1
5.26701021194458,1
5.241396903991699,1
5.230922698974609,1
5.371119022369385,1
5.1834893226623535,1
5.177251815795898,1
5.1856279373168945,1
5.285336017608643,1
5.244926929473877,1
5.204136848449707,1
5.325578689575195,1
5.143215179443359,1
5.31149435043335,1
5.2403645515441895,1
5.216946601867676,1
5.254526138305664,1
5.149109840393066,1
5.249987602233887,1
5.257059097290039,1
5.2434515953063965,1
5.217860221862793,1
5.260987281799316,1
5.222576141357422,1
5.3095245361328125,1
5.258663654327393,1
5.3066511154174805,1
5.229851722717285,1
5.290308475494385,1
5.215310096740723,1
5.24024772644043,1
5.202279090881348,1
5.220794677734375,1
5.231097221374512,1
5.247512340545654,1
5.285640716552734,1
5.272085189819336,1
5.2109246253967285,1
5.2764997482299805,1
5.28914737701416,1
5.152590751647949,1
5.273843288421631,1
5.275862693786621,1
5.27616024017334,1
5.15069580078125,1
5.184812545776367,1
5.15206241607666,1
5.111362457275391,1
5.251031875610352,1
5.24650239944458,1
5.197945594787598,1
5.3019304275512695,1
5.323986530303955,1
5.188514709472656,1
5.227391242980957,1
5.254235744476318,1
5.292216777801514,1
5.257767200469971,1
5.259894371032715,1
5.272610664367676,1
5.190131187438965,1
5.248582363128662,1
5.20671272277832,1
5.327118873596191,1
5.288576602935791,1
5.1325154304504395,1
5.229526996612549,1
5.20142126083374,1
5.187993049621582,1
5.24570894241333,1
5.188559055328369,1
5.199313640594482,1
5.217658042907715,1
5.216775894165039,1
5.337649345397949,1
5.199920654296875,1
5.125319480895996,1
5.227591037750244,1
5.2335004806518555,1
5.262800216674805,1
5.21759557723999,1
5.204459190368652,1
5.190835952758789,1
5.247276782989502,1
5.213137149810791,1
5.188703536987305,1
5.228638648986816,1
5.246150970458984,1
5.219573020935059,1
5.25102424621582,1
5.276597023010254,1
5.230328559875488,1
5.173740386962891,1
5.2448344230651855,1
5.265124320983887,1
5.23647403717041,1
5.239637851715088,1
5.194316864013672,1
5.271461486816406,1
5.187931060791016,1
5.229506015777588,1
5.147734642028809,1
5.1728010177612305,1
5.209689140319824,1
5.239649772644043,1
5.250050067901611,1
5.295921325683594,1
5.182411193847656,1
5.224012851715088,1
5.380976676940918,1
5.176544666290283,1
5.246035575866699,1
5.277785301208496,1
5.277397155761719,1
5.192117214202881,1
5.258317470550537,1
5.281550884246826,1
5.243846416473389,1
5.237305641174316,1
5.2226128578186035,1
5.187203407287598,1
5.161981582641602,1
5.25911808013916,1
5.218196868896484,1
5.266284942626953,1
5.195992469787598,1
5.237336158752441,1
5.237829208374023,1
5.252960681915283,1
5.246536731719971,1
5.274373531341553,1
5.270036220550537,1
5.292881011962891,1
5.292511940002441,1
5.2313947677612305,1
5.165585041046143,1
5.206976890563965,1
5.234880447387695,1
5.292611122131348,1
5.195526123046875,1
5.2662858963012695,1
5.183737277984619,1
5.225817680358887,1
5.237689018249512,1
5.331925868988037,1
5.225530624389648,1
5.3066301345825195,1
5.304962158203125,1
5.227807998657227,1
5.252442359924316,1
5.263669490814209,1
5.36295223236084,1
5.241697311401367,1
5.195333480834961,1
5.223448753356934,1
5.192722320556641,1
5.226179122924805,1
5.184340953826904,1
5.215433597564697,1
5.322757244110107,1
5.290185928344727,1
5.291698455810547,1
5.252082347869873,1
5.32952880859375,1
5.31908655166626,1
5.35591983795166,1
5.2298455238342285,1
5.3062663078308105,1
5.281800746917725,1
5.236454010009766,1
5.254158020019531,1
5.2186279296875,1
5.222073554992676,1
5.206821441650391,1
5.187573432922363,1
5.2279887199401855,1
5.197510719299316,1
5.1983232498168945,1
5.273749351501465,1
5.325063705444336,1
5.204374313354492,1
5.320217132568359,1
5.3167009353637695,1
5.1751179695129395,1
5.2705512046813965,1
5.184797286987305,1
5.147160530090332,1
5.370182991027832,1
5.20463752746582,1
5.312635898590088,1
5.224695682525635,1
5.258582592010498,1
5.234304428100586,1
5.227416038513184,1
5.25977897644043,1
5.224050045013428,1
5.319930076599121,1
5.254586219787598,1
5.294005393981934,1
5.336664199829102,1
5.173257350921631,1
5.159581661224365,1
5.226054668426514,1
5.269442558288574,1
5.166304111480713,1
5.194428443908691,1
5.271409034729004,1
5.3421549797058105,1
5.296053886413574,1
5.312759876251221,1
5.228985786437988,1
5.336906433105469,1
5.22955846786499,1
5.19001579284668,1
5.262816429138184,1
5.268050670623779,1
5.269454002380371,1
5.234409809112549,1
5.284599304199219,1
5.311065673828125,1
5.296281814575195,1
5.316743850708008,1
5.247528076171875,1
5.271965980529785,1
5.128203392028809,1
5.215065002441406,1
5.240376949310303,1
5.268465518951416,1
5.230323314666748,1
5.236167907714844,1
5.175943851470947,1
5.248854160308838,1
5.21070671081543,1
5.179276466369629,1
5.207259178161621,1
5.201953887939453,1
5.3324127197265625,1
5.284680366516113,1
5.276679992675781,1
5.212684631347656,1
5.152037620544434,1
5.280298233032227,1
5.266985893249512,1
5.146937847137451,1
5.31464958190918,1
5.270135402679443,1
5.336483001708984,1
5.200554370880127,1
5.273177146911621,1
5.307684898376465,1
5.247106075286865,1
5.241892337799072,1
5.262834548950195,1
5.375463008880615,1
5.2431793212890625,1
5.232517242431641,1
5.24754524230957,1
5.273270606994629,1
5.267507553100586,1
5.206716537475586,1
5.240915298461914,1
5.226537704467773,1
5.171992301940918,1
5.219107627868652,1
5.338974475860596,1
5.272834777832031,1
5.233924865722656,1
5.251038074493408,1
5.178647041320801,1
5.255520820617676,1
5.27398681640625,1
5.172911643981934,1
5.157576560974121,1
5.32902717590332,1
5.225194454193115,1
5.187408924102783,1
5.194182395935059,1
5.240688323974609,1
5.268706321716309,1
5.347112655639648,1
5.107976913452148,1
5.409479141235352,1
5.185901641845703,1
5.236591815948486,1
5.190019130706787,1
5.206643581390381,1
5.243022918701172,1
5.193717956542969,1
5.240558624267578,1
5.221798419952393,1
5.237430572509766,1
5.245149612426758,1
5.231728553771973,1
5.216482162475586,1
5.095818042755127,1
5.178997993469238,1
5.281735897064209,1
5.118073463439941,1
5.235213279724121,1
5.199794769287109,1
5.30792236328125,1
5.3951029777526855,1
5.099052429199219,1
5.263915538787842,1
5.255154132843018,1
5.159901142120361,1
5.218759536743164,1
5.222588539123535,1
5.267773628234863,1
5.191009521484375,1
5.209664344787598,1
5.251701354980469,1
5.271735668182373,1
5.2770280838012695,1
5.21163272857666,1
5.1598663330078125,1
5.437093734741211,1
5.194095611572266,1
5.238377571105957,1
5.236908912658691,1
5.368194580078125,1
5.230147361755371,1
5.168896675109863,1
5.142043590545654,1
5.296867847442627,1
5.28835391998291,1
5.25875186920166,1
5.190605640411377,1
5.2907490730285645,1
5.233811378479004,1
5.2416462898254395,1
5.208859920501709,1
5.250886917114258,1
5.266523838043213,1
5.228666305541992,1
5.266401767730713,1
5.1972246170043945,1
5.269431114196777,1
5.228869438171387,1
5.172939300537109,1
5.226714134216309,1
5.229918956756592,1
5.199294090270996,1
5.192383289337158,1
5.176431179046631,1
5.211462020874023,1
5.304943084716797,1
5.229067802429199,1
5.176064968109131,1
5.248730182647705,1
5.164725303649902,1
5.1451826095581055,1
5.176915168762207,1
5.2269134521484375,1
5.332616806030273,1
5.1909565925598145,1
5.280417442321777,1
5.252242088317871,1
5.239199161529541,1
5.217238903045654,1
5.2249298095703125,1
5.214657783508301,1
5.285564422607422,1
5.178420543670654,1
5.2835845947265625,1
5.22122859954834,1
5.2377824783325195,1
5.330264568328857,1
5.168741226196289,1
5.166615962982178,1
5.280018329620361,1
5.253934383392334,1
5.2270402908325195,1
5.291676998138428,1
5.20457649230957,1
5.2230634689331055,1
5.337996959686279,1
5.227236747741699,1
5.18888521194458,1
5.177455902099609,1
5.318678855895996,1
5.195581436157227,1
5.160545825958252,1
5.286480903625488,1
5.2619171142578125,1
5.315760135650635,1
5.238420486450195,1
5.156783103942871,1
5.189573287963867,1
5.213258743286133,1
5.271252632141113,1
5.289032936096191,1
5.1582841873168945,1
5.247207164764404,1
5.255313873291016,1
5.1324968338012695,1
5.2927422523498535,1
5.213056564331055,1
5.198008060455322,1
5.311197280883789,1
5.239935874938965,1
5.125883102416992,1
5.123166561126709,1
5.192987442016602,1
5.2506232261657715,1
5.300017833709717,1
5.289496421813965,1
5.284079551696777,1
5.288696765899658,1
5.33004093170166,1
5.285747051239014,1
5.198820114135742,1
5.216590881347656,1
5.189990997314453,1
5.318850040435791,1
5.246302604675293,1
5.176612854003906,1
5.245088577270508,1
5.240389347076416,1
5.233611106872559,1
5.21857213973999,1
5.229902744293213,1
5.211029052734375,1
5.301847457885742,1
5.259538650512695,1
5.185664176940918,1
5.227380752563477,1
5.182192802429199,1
5.204995632171631,1
5.277867794036865,1
5.297273635864258,1
5.272991180419922,1
5.230368137359619,1
5.182924270629883,1
5.183884143829346,1
5.265361785888672,1
5.208250045776367,1
5.232529640197754,1
5.314993858337402,1
5.216285705566406,1
5.29539155960083,1
5.282711029052734,1
5.239119529724121,1
5.111724853515625,1
5.259920120239258,1
5.263613700866699,1
5.207053184509277,1
5.145752906799316,1
5.202702522277832,1
5.255496501922607,1
5.199446678161621,1
5.1938300132751465,1
5.230873107910156,1
5.1922712326049805,1
5.2489213943481445,1
5.300905704498291,1
5.281116962432861,1
5.241030693054199,1
5.306809902191162,1
5.214348793029785,1
5.31178092956543,1
5.227632522583008,1
5.2848920822143555,1
5.298836708068848,1
5.255974769592285,1
5.189676284790039,1
5.200002193450928,1
5.2659125328063965,1
5.19651985168457,1
5.287808895111084,1
5.293844223022461,1
5.272091865539551,1
5.200172424316406,1
5.274870872497559,1
5.2227349281311035,1
5.3625993728637695,1
5.34604549407959,1
5.224791526794434,1
5.2478532791137695,1
5.298933029174805,1
5.230586528778076,1
5.189013957977295,1
5.239723205566406,1
5.23553991317749,1
5.159907341003418,1
5.256075859069824,1
5.153772830963135,1
5.306246757507324,1
5.251838684082031,1
5.299381732940674,1
5.247807025909424,1
5.274685859680176,1
5.284390449523926,1
5.3347063064575195,1
5.281834125518799,1
5.127814769744873,1
5.208025932312012,1
5.317692756652832,1
5.269681930541992,1
5.228218078613281,1
5.153777599334717,1
5.194572448730469,1
5.217093467712402,1
5.313177585601807,1
5.230112552642822,1
5.218405246734619,1
5.273872375488281,1
5.201985836029053,1
5.2474365234375,1
5.271416664123535,1
5.239178657531738,1
5.263297080993652,1
5.258768558502197,1
5.223596572875977,1
5.191963195800781,1
5.343689918518066,1
5.0787482261657715,1
5.254684925079346,1
5.191980361938477,1
5.267962455749512,1
5.231088638305664,1
5.2328081130981445,1
5.285168647766113,1
5.221734046936035,1
5.145105361938477,1
5.320728302001953,1
5.210832118988037,1
5.216156005859375,1
5.217785835266113,1
5.207578182220459,1
5.224681854248047,1
5.321359634399414,1
5.163718223571777,1
5.296475410461426,1
5.113799095153809,1
5.282928466796875,1
5.221685409545898,1
5.2255048751831055,1
5.297519683837891,1
5.269207000732422,1
5.215221405029297,1
5.238720417022705,1
5.172658920288086,1
5.2779340744018555,1
5.252499580383301,1
5.193325996398926,1
5.267855167388916,1
5.110284328460693,1
5.180544376373291,1
5.272841453552246,1
5.194593906402588,1
5.250243186950684,1
5.153409004211426,1
5.254056453704834,1
5.232571601867676,1
5.275800704956055,1
5.22089958190918,1
5.133125305175781,1
5.139623165130615,1
5.123055458068848,1
5.278869152069092,1
5.1834282875061035,1
5.263201713562012,1
5.270758152008057,1
5.251976013183594,1
5.257880210876465,1
5.219183444976807,1
5.249991416931152,1
5.331389904022217,1
5.276880264282227,1
5.191673278808594,1
5.25063943862915,1
5.2503342628479,1
5.212730407714844,1
5.1826090812683105,1
5.280585765838623,1
5.284987449645996,1
5.251223087310791,1
5.192965507507324,1
5.3093671798706055,1
5.144423961639404,1
5.295387268066406,1
5.198688983917236,1
5.101572513580322,1
5.183534622192383,1
5.29361629486084,1
5.216094970703125,1
5.299509048461914,1
5.175546169281006,1
5.270586967468262,1
5.2809858322143555,1
5.220268726348877,1
5.3187737464904785,1
5.2530670166015625,1
5.237812042236328,1
5.350987434387207,1
5.234886169433594,1
5.235065937042236,1
5.200681686401367,1
5.265856742858887,1
5.24585485458374,1
5.207259178161621,1
5.216878890991211,1
5.238743782043457,1
5.2329559326171875,1
5.300266742706299,1
5.24041748046875,1
5.223639488220215,1
5.198097229003906,1
5.198296546936035,1
5.294101238250732,1
5.178800106048584,1
5.234138011932373,1
5.162692070007324,1
5.300353050231934,1
5.314544200897217,1
5.174986839294434,1
5.2850236892700195,1
5.217020034790039,1
5.274398326873779,1
5.187010765075684,1
5.2282304763793945,1
5.204052925109863,1
5.298859596252441,1
5.273940563201904,1
5.204912185668945,1
5.171294212341309,1
5.171363830566406,1
5.247673988342285,1
5.2852020263671875,1
5.201849937438965,1
5.22963285446167,1
5.233914375305176,1
5.13016414642334,1
5.292072772979736,1
5.220137596130371,1
5.264745235443115,1
5.1467695236206055,1
5.185176372528076,1
5.267970085144043,1
5.269641399383545,1
5.266565799713135,1
5.252487659454346,1
5.364144325256348,1
5.351194381713867,1
5.183484077453613,1
5.218340873718262,1
5.304375648498535,1
5.326324462890625,1
5.356205940246582,1
5.147490978240967,1
5.3193817138671875,1
5.313568115234375,1
5.1795196533203125,1
5.289825439453125,1
5.205886363983154,1
5.280239105224609,1
5.384715557098389,1
5.176495552062988,1
5.1591997146606445,1
5.267765522003174,1
5.358063220977783,1
5.244640350341797,1
5.278185844421387,1
5.186666488647461,1
5.238523483276367,1
5.274909019470215,1
5.233250617980957,1
5.239367961883545,1
5.247572422027588,1
5.289876937866211,1
5.138561248779297,1
5.251914978027344,1
5.263393402099609,1
5.234422206878662,1
5.249880790710449,1
5.201787948608398,1
5.259932518005371,1
5.2334723472595215,1
5.265114784240723,1
5.347672462463379,1
5.2005205154418945,1
5.256784915924072,1
5.182258129119873,1
5.230409622192383,1
5.177005767822266,1
5.202427864074707,1
5.286765098571777,1
5.201520919799805,1
5.192227363586426,1
5.185782432556152,1
5.177663326263428,1
5.225460052490234,1
5.257684707641602,1
5.250518798828125,1
5.32641077041626,1
5.17051887512207,1
5.251075744628906,1
5.1274495124816895,1
5.281070232391357,1
5.314241409301758,1
5.236232757568359,1
5.251018047332764,1
5.1885786056518555,1
5.192470550537109,1
5.304797172546387,1
5.190130710601807,1
5.113767623901367,1
5.191050052642822,1
5.2225518226623535,1
5.197963714599609,1
5.297327041625977,1
5.2806396484375,1
5.293540954589844,1
5.296015739440918,1
5.313104629516602,1
5.226759910583496,1
5.279596328735352,1
5.202829360961914,1
5.337388038635254,1
5.251951694488525,1
5.307300567626953,1
5.19826602935791,1
5.194318771362305,1
5.219669818878174,1
5.240503787994385,1
5.26146936416626,1
5.2936248779296875,1
5.139043807983398,1
5.306525230407715,1
5.192807197570801,1
5.2547454833984375,1
5.302842140197754,1
5.343624114990234,1
5.229941368103027,1
5.279666900634766,1
5.216544151306152,1
5.259661674499512,1
5.206634044647217,1
5.295509338378906,1
5.281091690063477,1
5.201316833496094,1
5.274059295654297,1
5.190427780151367,1
5.242569446563721,1
5.237688064575195,1
5.310585021972656,1
5.23297119140625,1
5.168145179748535,1
5.251745223999023,1
5.151192665100098,1
5.204744338989258,1
5.269340515136719,1
5.381298065185547,1
5.201580047607422,1
5.228127479553223,1
5.26888370513916,1
5.188147068023682,1
5.135496139526367,1
5.240451335906982,1
5.244903564453125,1
5.207483291625977,1
5.178753852844238,1
5.244365692138672,1
5.311639785766602,1
5.233218193054199,1
5.211987495422363,1
5.129133701324463,1
5.272087097167969,1
5.176089286804199,1
5.281322002410889,1
5.2197699546813965,1
5.321855545043945,1
5.209916591644287,1
5.267538547515869,1
5.273464202880859,1
5.241184234619141,1
5.194300651550293,1
5.289193153381348,1
5.213835716247559,1
5.1899518966674805,1
5.232049942016602,1
5.300239086151123,1
5.197074890136719,1
5.26887845993042,1
5.18958854675293,1
5.223173141479492,1
5.253535270690918,1
5.191647052764893,1
5.256825923919678,1
5.208688735961914,1
5.265610218048096,1
5.278440475463867,1
5.293027400970459,1
5.297092437744141,1
5.280325889587402,1
5.18232536315918,1
5.264956474304199,1
5.242693901062012,1
5.38128662109375,1
5.1861724853515625,1
5.307860374450684,1
5.240699768066406,1
5.265584945678711,1
5.312950611114502,1
5.224761009216309,1
5.17823600769043,1
5.251245021820068,1
5.316839218139648,1
5.127272129058838,1
5.224392890930176,1
5.128145217895508,1
5.371647834777832,1
5.249235153198242,1
5.157451152801514,1
5.220096111297607,1
5.306168556213379,1
5.315727233886719,1
5.232304573059082,1
5.3011555671691895,1
5.225909233093262,1
5.3587751388549805,1
5.1556243896484375,1
5.205599308013916,1
5.2780537605285645,1
5.261404037475586,1
5.21262788772583,1
5.21368932723999,1
5.247995376586914,1
5.247629165649414,1
5.170352935791016,1
5.189149379730225,1
5.305064678192139,1
5.301374435424805,1
5.281362533569336,1
5.204895496368408,1
5.319130897521973,1
5.220892429351807,1
5.266350746154785,1
5.263994216918945,1
5.3057780265808105,1
5.191249847412109,1
5.185525894165039,1
5.2681074142456055,1
5.306699752807617,1
5.276313781738281,1
5.2654242515563965,1
5.2210001945495605,1
5.188591480255127,1
5.161826133728027,1
5.205529689788818,1
5.202125549316406,1
5.277263641357422,1
5.172342300415039,1
5.218602657318115,1
5.214008808135986,1
5.243619918823242,1
5.197966575622559,1
5.271059989929199,1
5.159417152404785,1
5.229742050170898,1
5.280097007751465,1
5.30397891998291,1
5.221395492553711,1
5.275700569152832,1
5.274279594421387,1
5.1087846755981445,1
5.269373893737793,1
5.177608966827393,1
5.313661575317383,1
5.27866792678833,1
5.319052219390869,1
5.272422790527344,1
5.270073890686035,1
5.206620216369629,1
5.1764678955078125,1
5.160704135894775,1
5.214471817016602,1
5.356449127197266,1
5.151033401489258,1
5.212577819824219,1
5.272566318511963,1
5.244903087615967,1
5.23440408706665,1
5.270331382751465,1
5.292779922485352,1
5.302377700805664,1
5.2335615158081055,1
5.272871017456055,1
5.202597141265869,1
5.211147308349609,1
5.228036880493164,1
5.179908752441406,1
5.231539249420166,1
5.2270660400390625,1
5.30543327331543,1
5.281297206878662,1
5.268703460693359,1
5.183789253234863,1
5.261146545410156,1
5.261838436126709,1
5.229388236999512,1
5.258664608001709,1
5.260343551635742,1
5.2498884201049805,1
5.2030930519104,1
