3.379925012588501,1
3.954277992248535,1
3.82100510597229,1
3.4770727157592773,1
3.5878872871398926,1
3.5694823265075684,1
3.4320976734161377,1
4.035386085510254,1
3.219841957092285,1
3.770484209060669,1
3.6610794067382813,1
4.178621292114258,1
3.4084174633026123,1
3.393240213394165,1
3.738508701324463,1
3.5823898315429688,1
3.2615432739257813,1
3.831813335418701,1
3.3953568935394287,1
3.3324828147888184,1
3.7398743629455566,1
3.4035422801971436,1
4.32216739654541,1
3.919189691543579,1
4.205416679382324,1
3.538231372833252,1
3.496884346008301,1
3.3999154567718506,1
3.4519753456115723,1
3.593766450881958,1
3.8168163299560547,1
3.540912628173828,1
3.698207378387451,1
3.371901512145996,1
4.09354305267334,1
3.6112349033355713,1
3.074784755706787,1
3.049567222595215,1
3.2354087829589844,1
4.01367712020874,1
3.8668084144592285,1
3.823143243789673,1
4.109492301940918,1
3.636645793914795,1
3.6721367835998535,1
5.246377468109131,1
3.5201849937438965,1
3.5275139808654785,1
3.5502190589904785,1
3.594538688659668,1
3.8681180477142334,1
3.6082143783569336,1
3.4944164752960205,1
3.9635848999023438,1
3.594788074493408,1
3.251433849334717,1
3.468029022216797,1
3.3974976539611816,1
4.021159648895264,1
3.4979662895202637,1
3.2431640625,1
3.6988308429718018,1
4.273440361022949,1
3.230403423309326,1
4.36015510559082,1
3.3771772384643555,1
3.310940742492676,1
3.2282986640930176,1
3.7509617805480957,1
3.9057607650756836,1
3.159268379211426,1
3.409914493560791,1
3.4506049156188965,1
3.1341793537139893,1
3.616856098175049,1
3.9102048873901367,1
3.1394691467285156,1
3.5807816982269287,1
3.576456308364868,1
3.4698963165283203,1
3.735318183898926,1
3.3222732543945313,1
3.3259429931640625,1
3.67820405960083,1
3.3960564136505127,1
3.4657180309295654,1
3.582301139831543,1
3.2887380123138428,1
3.325424909591675,1
3.5786449909210205,1
3.356928825378418,1
3.476228713989258,1
3.211779832839966,1
3.335038185119629,1
3.1937060356140137,1
3.629507064819336,1
3.3261361122131348,1
3.6421120166778564,1
3.4930477142333984,1
4.0703840255737305,1
3.3348116874694824,1
3.3621461391448975,1
3.902364730834961,1
3.8833351135253906,1
3.9472169876098633,1
2.923093557357788,1
3.70658540725708,1
3.749448299407959,1
3.801868200302124,1
3.277066230773926,1
3.373847246170044,1
3.6647510528564453,1
3.530810594558716,1
3.457456588745117,1
3.4254236221313477,1
3.5475237369537354,1
3.4150390625,1
3.6847405433654785,1
3.3392233848571777,1
3.3685050010681152,1
3.217345952987671,1
3.7368359565734863,1
4.270583152770996,1
3.4487979412078857,1
3.74094557762146,1
2.789268732070923,1
2.8846921920776367,1
3.3481974601745605,1
3.9390389919281006,1
3.5138540267944336,1
3.80440092086792,1
4.106809139251709,1
3.4895849227905273,1
3.55825138092041,1
3.5270986557006836,1
3.4255130290985107,1
3.3468167781829834,1
3.3131096363067627,1
3.2059431076049805,1
3.1844141483306885,1
3.7486250400543213,1
2.996307611465454,1
3.381563186645508,1
3.5784430503845215,1
3.519643545150757,1
3.1369261741638184,1
3.713202476501465,1
3.7516164779663086,1
3.8752551078796387,1
3.8985209465026855,1
3.4447343349456787,1
3.6177806854248047,1
3.3532979488372803,1
3.861661911010742,1
4.1286163330078125,1
3.409482955932617,1
3.7013816833496094,1
3.703770637512207,1
4.679094314575195,1
3.854233741760254,1
3.6953678131103516,1
4.101417541503906,1
3.680290699005127,1
3.482741594314575,1
4.8856658935546875,1
3.9273951053619385,1
3.963390827178955,1
3.7126662731170654,1
3.5819406509399414,1
4.090581893920898,1
3.7839407920837402,1
3.5661191940307617,1
3.493360996246338,1
3.322659969329834,1
3.640446901321411,1
3.215888738632202,1
3.467656373977661,1
3.4588942527770996,1
3.2776660919189453,1
3.479842185974121,1
3.6415276527404785,1
3.5103774070739746,1
3.4669876098632813,1
3.2895004749298096,1
3.0989484786987305,1
3.901141881942749,1
4.301817893981934,1
3.307262420654297,1
3.6154956817626953,1
3.5529909133911133,1
3.819486618041992,1
3.9261345863342285,1
3.377312183380127,1
3.941685676574707,1
3.8454363346099854,1
4.12476921081543,1
3.4574637413024902,1
3.4170033931732178,1
3.3089652061462402,1
3.5958142280578613,1
4.140816688537598,1
3.6283321380615234,1
3.9736101627349854,1
3.3545143604278564,1
3.643951177597046,1
3.2736976146698,1
3.569728374481201,1
4.210888385772705,1
3.6989681720733643,1
3.6891751289367676,1
3.1743648052215576,1
3.2807424068450928,1
3.4299252033233643,1
3.740265130996704,1
3.5388453006744385,1
3.5991334915161133,1
4.188976287841797,1
3.5489115715026855,1
3.791959762573242,1
3.485291004180908,1
3.5174667835235596,1
3.938981056213379,1
3.431790590286255,1
3.56007719039917,1
3.754379987716675,1
3.951259136199951,1
3.3290340900421143,1
3.965935707092285,1
4.378435134887695,1
3.1991660594940186,1
3.2399637699127197,1
3.2628841400146484,1
3.7142562866210938,1
3.6231162548065186,1
4.640298843383789,1
3.483849287033081,1
4.021819591522217,1
4.355039119720459,1
2.768277168273926,1
3.668626546859741,1
3.197981357574463,1
3.75954270362854,1
3.8712260723114014,1
4.097238540649414,1
3.8412680625915527,1
3.826920747756958,1
3.515718936920166,1
3.877056121826172,1
3.5143206119537354,1
4.090770721435547,1
2.973064422607422,1
4.536841869354248,1
4.327702522277832,1
3.328127145767212,1
3.4269042015075684,1
3.4665563106536865,1
3.772338390350342,1
4.020464897155762,1
3.5090138912200928,1
3.617551803588867,1
3.685162305831909,1
3.306812047958374,1
3.403841018676758,1
3.47566556930542,1
3.5207715034484863,1
3.763896942138672,1
3.556393623352051,1
2.9754059314727783,1
3.8344192504882813,1
3.7880301475524902,1
3.49343204498291,1
3.5130820274353027,1
3.701052665710449,1
3.4531941413879395,1
3.400063991546631,1
3.133787155151367,1
3.255080461502075,1
3.296689987182617,1
3.7863731384277344,1
3.530378818511963,1
3.882709503173828,1
3.65993595123291,1
3.7474656105041504,1
3.1387884616851807,1
3.4132986068725586,1
3.4335904121398926,1
3.4682717323303223,1
3.2639236450195313,1
3.6995911598205566,1
3.7806224822998047,1
3.7119665145874023,1
3.3590288162231445,1
3.4291062355041504,1
3.4403295516967773,1
3.590163230895996,1
3.840823173522949,1
3.7673227787017822,1
3.4321258068084717,1
3.8499040603637695,1
4.253045082092285,1
3.148272752761841,1
3.7937874794006348,1
3.8849453926086426,1
3.3143298625946045,1
3.4033584594726563,1
3.9932429790496826,1
3.701202392578125,1
2.8051106929779053,1
3.3842859268188477,1
3.770813226699829,1
3.4584524631500244,1
3.819361686706543,1
4.2067975997924805,1
4.342166423797607,1
3.4925694465637207,1
3.924565315246582,1
4.242232799530029,1
3.6995439529418945,1
3.395864725112915,1
3.5482897758483887,1
4.038789749145508,1
4.150286674499512,1
3.3310813903808594,1
3.980076313018799,1
3.987301826477051,1
4.196375370025635,1
3.2138633728027344,1
3.150573253631592,1
3.36472749710083,1
4.1755781173706055,1
3.1145215034484863,1
3.6276464462280273,1
3.8599119186401367,1
3.8706443309783936,1
3.4127495288848877,1
3.17024564743042,1
3.4521121978759766,1
4.00258207321167,1
3.2393739223480225,1
2.939690113067627,1
4.281833171844482,1
3.4942731857299805,1
3.7302956581115723,1
3.1705169677734375,1
3.748271942138672,1
3.2728829383850098,1
3.6992127895355225,1
2.9492061138153076,1
3.598123073577881,1
3.5366158485412598,1
3.8444650173187256,1
3.6949546337127686,1
3.4374923706054688,1
3.2380917072296143,1
3.4335384368896484,1
4.024349689483643,1
3.1928422451019287,1
4.032591342926025,1
3.310896158218384,1
3.418564796447754,1
3.9685873985290527,1
3.894007444381714,1
3.2884109020233154,1
3.7379188537597656,1
3.58068585395813,1
3.4996871948242188,1
3.9893851280212402,1
3.841902732849121,1
3.6245317459106445,1
3.9110546112060547,1
4.059597492218018,1
3.089273452758789,1
3.6199517250061035,1
3.175297260284424,1
3.389662265777588,1
3.270986557006836,1
3.6366381645202637,1
4.310196876525879,1
3.9360287189483643,1
3.0750837326049805,1
3.539252281188965,1
3.3004603385925293,1
3.7899224758148193,1
3.5546631813049316,1
3.589500665664673,1
3.7733213901519775,1
3.3175878524780273,1
3.3720779418945313,1
4.190908908843994,1
3.5529701709747314,1
3.852816343307495,1
3.135122776031494,1
3.529665231704712,1
3.390080690383911,1
3.078474998474121,1
3.6461453437805176,1
4.95340633392334,1
3.795149087905884,1
2.996211051940918,1
4.054811000823975,1
4.530549049377441,1
3.8292033672332764,1
3.78310489654541,1
3.7509865760803223,1
4.240983963012695,1
4.524199485778809,1
3.530791997909546,1
3.6912033557891846,1
3.8000917434692383,1
3.630629539489746,1
4.071858882904053,1
3.613158702850342,1
3.621654510498047,1
3.6077237129211426,1
3.7662606239318848,1
3.718996047973633,1
3.6381702423095703,1
3.359555721282959,1
3.731227159500122,1
3.526874542236328,1
3.8971810340881348,1
3.731205463409424,1
4.103546142578125,1
3.315751552581787,1
3.789278030395508,1
2.9567244052886963,1
3.3293895721435547,1
3.8422491550445557,1
3.1550283432006836,1
3.223849058151245,1
3.663914680480957,1
3.5120935440063477,1
3.1093664169311523,1
3.2241156101226807,1
3.1623494625091553,1
3.397372245788574,1
3.550147294998169,1
3.8706469535827637,1
3.729403018951416,1
3.2970523834228516,1
3.9379820823669434,1
5.444616317749023,1
3.1988115310668945,1
3.7869324684143066,1
4.106606483459473,1
3.933994770050049,1
4.067073345184326,1
3.5362448692321777,1
3.795520782470703,1
4.290945053100586,1
4.082461833953857,1
3.1567230224609375,1
3.2184817790985107,1
3.3770248889923096,1
4.998908519744873,1
3.9681715965270996,1
3.755115270614624,1
4.51912784576416,1
4.733536720275879,1
3.7128491401672363,1
3.7869811058044434,1
3.516630172729492,1
3.661135196685791,1
4.180925369262695,1
3.6525564193725586,1
3.7284398078918457,1
3.5935592651367188,1
3.6534838676452637,1
3.55975341796875,1
3.928541660308838,1
3.0418848991394043,1
3.2336366176605225,1
3.5878653526306152,1
4.240265846252441,1
3.19079852104187,1
3.4088282585144043,1
3.8190555572509766,1
3.2934465408325195,1
3.478084087371826,1
3.826176643371582,1
3.0848922729492188,1
3.163137912750244,1
3.2950496673583984,1
3.571169137954712,1
3.353966474533081,1
3.7850191593170166,1
3.865100383758545,1
3.420057773590088,1
3.216423511505127,1
3.439866542816162,1
3.6846094131469727,1
3.706392288208008,1
4.506941795349121,1
3.031001567840576,1
3.1280019283294678,1
4.330898761749268,1
3.7146658897399902,1
3.88692045211792,1
3.7889599800109863,1
3.570817232131958,1
4.059823989868164,1
3.0675153732299805,1
3.6962835788726807,1
4.431272506713867,1
3.917750597000122,1
3.734548568725586,1
3.4293437004089355,1
4.979879379272461,1
3.6780195236206055,1
3.2722086906433105,1
4.4151458740234375,1
3.6480350494384766,1
3.4715795516967773,1
3.028489351272583,1
3.546046733856201,1
2.964076042175293,1
3.7919368743896484,1
3.4611127376556396,1
3.538637399673462,1
3.483595848083496,1
3.6697239875793457,1
3.2537660598754883,1
3.718841791152954,1
3.5944933891296387,1
3.643049716949463,1
3.3651018142700195,1
3.4311280250549316,1
3.385468006134033,1
3.671480894088745,1
3.2405333518981934,1
3.858163595199585,1
3.7642552852630615,1
3.53725004196167,1
3.5951757431030273,1
3.60465669631958,1
3.6402859687805176,1
3.4758834838867188,1
3.8073904514312744,1
3.8908350467681885,1
3.5224685668945313,1
3.1731715202331543,1
3.2192697525024414,1
3.348003387451172,1
3.242159366607666,1
3.6109375953674316,1
3.196077346801758,1
3.480161666870117,1
3.327630043029785,1
3.6590301990509033,1
4.108039855957031,1
3.276564836502075,1
3.4590916633605957,1
3.4825384616851807,1
3.573335647583008,1
3.497180223464966,1
3.2544283866882324,1
3.7785725593566895,1
3.680971384048462,1
3.5877580642700195,1
3.609221935272217,1
3.9578444957733154,1
3.630866527557373,1
3.319512367248535,1
3.9000306129455566,1
3.497784376144409,1
3.03092098236084,1
2.958530902862549,1
3.5815045833587646,1
3.530672073364258,1
4.077652931213379,1
3.4158072471618652,1
3.3884594440460205,1
3.3039445877075195,1
3.698160171508789,1
3.913048267364502,1
3.3209445476531982,1
3.6908881664276123,1
3.9815256595611572,1
3.3667988777160645,1
4.161201000213623,1
3.793940782546997,1
3.436178207397461,1
3.6595780849456787,1
3.4234116077423096,1
3.2481346130371094,1
3.2237675189971924,1
3.552844524383545,1
3.735177516937256,1
3.480485200881958,1
3.352804183959961,1
3.8781938552856445,1
3.5501675605773926,1
3.6307780742645264,1
4.239465713500977,1
3.3855953216552734,1
3.7302849292755127,1
3.9015843868255615,1
4.523293495178223,1
3.594914674758911,1
3.7179720401763916,1
3.9537243843078613,1
4.216841697692871,1
3.3319358825683594,1
3.7429795265197754,1
4.261902809143066,1
4.559129238128662,1
4.456796646118164,1
3.421863079071045,1
3.659939765930176,1
3.8889920711517334,1
3.7481343746185303,1
3.681443452835083,1
3.9111790657043457,1
3.1679396629333496,1
4.285756587982178,1
3.8263659477233887,1
3.0367462635040283,1
3.4500601291656494,1
3.6907029151916504,1
3.4413862228393555,1
3.6301422119140625,1
4.052486896514893,1
3.625237464904785,1
3.6955599784851074,1
2.6721625328063965,1
3.6948962211608887,1
3.81190824508667,1
3.642878770828247,1
3.3884143829345703,1
3.7055211067199707,1
3.7712090015411377,1
3.778109550476074,1
3.4828433990478516,1
3.3864009380340576,1
3.6603288650512695,1
3.35573673248291,1
3.87687349319458,1
3.5886762142181396,1
3.7219958305358887,1
3.289975643157959,1
3.867860794067383,1
3.194824695587158,1
3.947169542312622,1
3.8142027854919434,1
3.497048854827881,1
3.862381935119629,1
3.2123560905456543,1
3.723874807357788,1
3.248337745666504,1
3.438263416290283,1
3.285604476928711,1
3.5701773166656494,1
3.490041732788086,1
3.8901607990264893,1
2.902571201324463,1
3.4575445652008057,1
3.438490867614746,1
3.5266647338867188,1
3.647270917892456,1
4.065576076507568,1
3.5306825637817383,1
3.5377659797668457,1
3.5426316261291504,1
3.302737236022949,1
3.8412861824035645,1
3.7943780422210693,1
3.610197067260742,1
3.157733678817749,1
3.613652229309082,1
3.7927041053771973,1
2.9134693145751953,1
3.1718950271606445,1
3.1123158931732178,1
3.067580223083496,1
3.918752431869507,1
3.7798686027526855,1
2.891772747039795,1
3.9379162788391113,1
3.872464179992676,1
3.619907855987549,1
4.11891508102417,1
3.1851940155029297,1
3.8221216201782227,1
3.9339773654937744,1
3.821108818054199,1
3.219240665435791,1
3.053948402404785,1
4.137558937072754,1
3.344254493713379,1
3.6226744651794434,1
3.35888671875,1
3.5317187309265137,1
3.617034912109375,1
3.3889684677124023,1
3.3366427421569824,1
3.608290195465088,1
3.794935941696167,1
3.7250611782073975,1
3.7476210594177246,1
3.6060123443603516,1
4.512414455413818,1
3.276346206665039,1
3.2970175743103027,1
3.4155049324035645,1
3.0384938716888428,1
3.675999402999878,1
3.61557674407959,1
4.022308349609375,1
3.4925689697265625,1
4.081530570983887,1
3.881894588470459,1
3.1988308429718018,1
3.505774974822998,1
3.71254563331604,1
3.313553810119629,1
3.341136932373047,1
3.3806662559509277,1
3.476461887359619,1
3.3782434463500977,1
3.7601356506347656,1
3.8551154136657715,1
3.4521758556365967,1
3.573333501815796,1
3.1412243843078613,1
3.17869234085083,1
3.573366403579712,1
3.249945640563965,1
3.295071601867676,1
2.9746546745300293,1
3.215456008911133,1
3.378533363342285,1
4.135379791259766,1
3.9856135845184326,1
3.761378288269043,1
3.966427803039551,1
3.4949679374694824,1
3.307805061340332,1
3.827930450439453,1
3.284160614013672,1
3.483788013458252,1
3.832155704498291,1
3.6025991439819336,1
3.5522618293762207,1
3.923247814178467,1
2.956575393676758,1
3.8716821670532227,1
3.273376703262329,1
3.8239498138427734,1
3.423337936401367,1
3.7191274166107178,1
4.404842376708984,1
3.2612528800964355,1
3.080630302429199,1
3.571005344390869,1
4.007534027099609,1
3.5971217155456543,1
3.2108826637268066,1
2.88535737991333,1
3.5168638229370117,1
3.524268865585327,1
3.656378746032715,1
3.338125705718994,1
3.6547582149505615,1
3.952538251876831,1
3.777289390563965,1
3.7313284873962402,1
3.822162628173828,1
3.2808613777160645,1
3.4329280853271484,1
3.308558940887451,1
3.899445056915283,1
3.5418202877044678,1
3.418895721435547,1
3.416982650756836,1
3.765455722808838,1
3.188749074935913,1
3.8052356243133545,1
3.3026297092437744,1
2.933291435241699,1
4.136015892028809,1
3.103334426879883,1
4.224082946777344,1
3.428650140762329,1
2.898555278778076,1
3.52209734916687,1
3.303183078765869,1
3.3376646041870117,1
3.0323870182037354,1
3.7081098556518555,1
4.049091815948486,1
4.106622219085693,1
3.9353725910186768,1
4.241824150085449,1
3.263719081878662,1
3.1281936168670654,1
3.5739102363586426,1
2.975862503051758,1
3.417309522628784,1
3.8166847229003906,1
3.930699348449707,1
3.0232558250427246,1
3.1232590675354004,1
3.741441011428833,1
3.195343494415283,1
4.003523349761963,1
3.5013322830200195,1
3.199946880340576,1
3.5785365104675293,1
3.2093629837036133,1
4.001341819763184,1
3.350503444671631,1
3.3311808109283447,1
3.331815242767334,1
3.602207899093628,1
3.513993978500366,1
3.198514461517334,1
4.623560428619385,1
3.0859034061431885,1
3.7612953186035156,1
3.991942882537842,1
4.103030681610107,1
3.4927854537963867,1
3.183615207672119,1
4.401237487792969,1
3.671250820159912,1
3.3845696449279785,1
3.42842960357666,1
4.15264892578125,1
3.5683302879333496,1
3.7202959060668945,1
3.4093985557556152,1
3.682670831680298,1
3.5055325031280518,1
3.1682369709014893,1
3.451580762863159,1
3.457674980163574,1
3.9263381958007813,1
3.6341967582702637,1
3.513730764389038,1
3.070645570755005,1
3.170565605163574,1
3.4485135078430176,1
3.525338649749756,1
3.7636561393737793,1
3.9518704414367676,1
3.604395866394043,1
2.9963998794555664,1
3.59737229347229,1
3.274369716644287,1
2.925518751144409,1
2.8361313343048096,1
4.502880573272705,1
3.6148271560668945,1
3.3066508769989014,1
4.973649978637695,1
4.180160999298096,1
3.6698508262634277,1
3.9312474727630615,1
4.154049873352051,1
4.081200122833252,1
3.6020383834838867,1
3.7289774417877197,1
3.8103203773498535,1
3.418933391571045,1
3.2205543518066406,1
3.466383457183838,1
3.73641037940979,1
3.3067209720611572,1
3.645493745803833,1
3.6558141708374023,1
3.704547882080078,1
3.2476773262023926,1
3.8312859535217285,1
3.715040683746338,1
3.334684371948242,1
3.9303202629089355,1
3.3473093509674072,1
4.16714334487915,1
3.9392738342285156,1
3.456075429916382,1
3.8187570571899414,1
2.9892003536224365,1
3.4175472259521484,1
3.193706750869751,1
3.8667454719543457,1
3.903165340423584,1
3.157316207885742,1
4.0464887619018555,1
4.56174898147583,1
3.5875189304351807,1
3.9345388412475586,1
3.7877562046051025,1
3.959209442138672,1
3.9486663341522217,1
3.917961597442627,1
3.475830078125,1
3.4822163581848145,1
3.872591972351074,1
3.4103269577026367,1
3.842662811279297,1
3.1630735397338867,1
3.543394088745117,1
3.500882148742676,1
3.486258029937744,1
3.627997398376465,1
2.890115261077881,1
3.416356086730957,1
3.5285916328430176,1
3.680203914642334,1
3.6911721229553223,1
3.476346254348755,1
3.304346799850464,1
3.85910701751709,1
3.1891932487487793,1
3.276027202606201,1
3.2893617153167725,1
4.406088829040527,1
3.3007431030273438,1
3.7012088298797607,1
3.518894672393799,1
3.21856689453125,1
3.7327818870544434,1
4.158029556274414,1
3.459090232849121,1
3.664991855621338,1
4.360318183898926,1
4.129896640777588,1
4.024810314178467,1
3.8888611793518066,1
3.46950101852417,1
3.5487725734710693,1
3.130527973175049,1
3.1591501235961914,1
3.616258382797241,1
3.345773220062256,1
3.4904870986938477,1
3.724015235900879,1
3.4486072063446045,1
3.527329444885254,1
3.8193798065185547,1
3.4814486503601074,1
3.2915101051330566,1
4.108963966369629,1
3.587416172027588,1
3.8489339351654053,1
3.1258797645568848,1
3.130411148071289,1
3.199734926223755,1
3.315645456314087,1
3.8122856616973877,1
3.7635867595672607,1
3.8636667728424072,1
3.877988815307617,1
3.820417881011963,1
3.3892781734466553,1
3.722362518310547,1
3.1699838638305664,1
3.7192013263702393,1
3.348140239715576,1
3.781710624694824,1
2.977700710296631,1
3.7839412689208984,1
4.148204803466797,1
4.077754497528076,1
3.811079978942871,1
3.9700915813446045,1
3.476585865020752,1
3.365316390991211,1
4.357364654541016,1
3.5414857864379883,1
3.470050096511841,1
3.2730019092559814,1
3.8266243934631348,1
3.897303819656372,1
3.9251229763031006,1
3.1774396896362305,1
3.1824429035186768,1
3.3006272315979004,1
3.4254026412963867,1
3.919771432876587,1
3.4087533950805664,1
3.5044729709625244,1
3.105525493621826,1
3.9349722862243652,1
3.162033796310425,1
2.8693466186523438,1
3.684145212173462,1
3.0727062225341797,1
3.492396354675293,1
3.6285600662231445,1
3.8743057250976563,1
3.310393810272217,1
3.9722023010253906,1
3.8920493125915527,1
3.6182966232299805,1
3.7469894886016846,1
3.5951383113861084,1
3.610748767852783,1
3.858510732650757,1
3.710066556930542,1
3.6619369983673096,1
3.463752269744873,1
3.5044450759887695,1
2.8810598850250244,1
3.5891783237457275,1
3.301225423812866,1
3.341926097869873,1
3.516294002532959,1
3.4888272285461426,1
3.589507579803467,1
3.2685751914978027,1
3.3037164211273193,1
3.296416759490967,1
3.813450336456299,1
3.4839000701904297,1
3.3426952362060547,1
3.718905448913574,1
3.173651695251465,1
3.8979763984680176,1
3.714596748352051,1
3.8970370292663574,1
3.0475213527679443,1
3.809220790863037,1
3.470505714416504,1
3.823776960372925,1
3.9786934852600098,1
3.6013247966766357,1
3.860753297805786,1
3.5762922763824463,1
3.3660409450531006,1
3.683056354522705,1
3.8999598026275635,1
3.4646053314208984,1
3.1474266052246094,1
3.5405890941619873,1
2.825098991394043,1
2.8943448066711426,1
4.216752529144287,1
3.8273327350616455,1
3.421070098876953,1
3.9016826152801514,1
3.6791014671325684,1
3.826807975769043,1
3.5200905799865723,1
3.3747048377990723,1
3.320817470550537,1
4.298373222351074,1
3.2277345657348633,1
3.9937679767608643,1
3.4271230697631836,1
3.511904001235962,1
3.691032886505127,1
3.3945281505584717,1
3.2152206897735596,1
3.690011501312256,1
3.408499002456665,1
3.2908763885498047,1
3.5089261531829834,1
3.0404446125030518,1
5.59437894821167,1
3.5614964962005615,1
4.371088981628418,1
4.865403175354004,1
4.043646335601807,1
3.409649133682251,1
3.955933094024658,1
4.542126655578613,1
3.9221112728118896,1
3.700810670852661,1
3.497002124786377,1
3.7069077491760254,1
3.5630366802215576,1
3.6703686714172363,1
3.3411223888397217,1
4.463372230529785,1
3.988227128982544,1
3.410573959350586,1
3.392082452774048,1
4.124479293823242,1
3.3965582847595215,1
3.1060192584991455,1
3.806209087371826,1
4.701964378356934,1
3.4376211166381836,1
3.4200034141540527,1
4.149666786193848,1
3.880194664001465,1
4.123242378234863,1
3.733346462249756,1
4.082448482513428,1
3.9211337566375732,1
3.374973773956299,1
3.159297466278076,1
3.614809274673462,1
3.3364038467407227,1
3.754824638366699,1
3.318100929260254,1
3.609997272491455,1
2.9145724773406982,1
3.4303407669067383,1
2.822556734085083,1
3.7524986267089844,1
3.648747444152832,1
3.578059673309326,1
3.4404470920562744,1
3.120002031326294,1
3.4191746711730957,1
3.5537853240966797,1
3.5999345779418945,1
3.919881582260132,1
3.3145079612731934,1
4.325089931488037,1
3.749858856201172,1
3.5947890281677246,1
3.7881648540496826,1
3.813729763031006,1
4.013847351074219,1
3.5484626293182373,1
3.220785140991211,1
3.8189616203308105,1
3.4305388927459717,1
3.3391127586364746,1
3.5508792400360107,1
3.526488780975342,1
3.5272762775421143,1
3.52331280708313,1
3.0597636699676514,1
3.468367576599121,1
3.793471574783325,1
3.1600377559661865,1
4.097240924835205,1
3.8000526428222656,1
4.174986839294434,1
3.5313923358917236,1
3.425175189971924,1
4.271537780761719,1
3.542940616607666,1
3.6831045150756836,1
2.8294057846069336,1
3.537174701690674,1
3.4141464233398438,1
3.6926331520080566,1
3.346608877182007,1
4.039782524108887,1
3.0555789470672607,1
3.644801616668701,1
4.094165802001953,1
3.5204811096191406,1
3.560159206390381,1
3.72658109664917,1
3.458911418914795,1
3.1860010623931885,1
3.303647994995117,1
4.016149997711182,1
3.1594080924987793,1
3.8098998069763184,1
3.4033639430999756,1
3.0939531326293945,1
3.9609007835388184,1
3.574777126312256,1
3.9035701751708984,1
3.8848931789398193,1
3.8140971660614014,1
3.7172462940216064,1
3.300111770629883,1
3.87203311920166,1
3.15781831741333,1
3.345364809036255,1
3.8601579666137695,1
3.4484519958496094,1
3.4977967739105225,1
3.7845845222473145,1
3.3177475929260254,1
2.9946489334106445,1
3.8007662296295166,1
3.48045015335083,1
3.477811574935913,1
3.869596004486084,1
3.6738109588623047,1
3.1018881797790527,1
3.506174325942993,1
4.6017656326293945,1
3.3319029808044434,1
4.043310165405273,1
3.9876413345336914,1
3.9562630653381348,1
3.641798257827759,1
3.6170990467071533,1
3.1296277046203613,1
3.9485702514648438,1
3.065826892852783,1
3.1871256828308105,1
3.342388391494751,1
3.4441022872924805,1
3.3508830070495605,1
3.185251474380493,1
3.7887701988220215,1
3.6530447006225586,1
3.4822943210601807,1
3.7280497550964355,1
3.636922836303711,1
3.4509711265563965,1
3.3885836601257324,1
3.8857421875,1
3.9160146713256836,1
3.362478256225586,1
3.5154306888580322,1
3.562385082244873,1
3.4618797302246094,1
2.9161064624786377,1
3.5544281005859375,1
3.9741296768188477,1
3.7891268730163574,1
3.6461338996887207,1
3.577922821044922,1
3.7388319969177246,1
3.378725290298462,1
3.591294288635254,1
3.4456357955932617,1
3.322864532470703,1
2.999687671661377,1
3.388728618621826,1
3.5107381343841553,1
3.3188183307647705,1
3.6099693775177,1
3.823833703994751,1
3.4962525367736816,1
3.356477975845337,1
3.401933431625366,1
3.579892635345459,1
3.4942054748535156,1
3.5848686695098877,1
3.642521858215332,1
3.7693138122558594,1
3.476877212524414,1
4.094676971435547,1
4.4080281257629395,1
3.5592527389526367,1
3.431387186050415,1
3.484269142150879,1
3.3604981899261475,1
3.6058833599090576,1
3.6619324684143066,1
3.6824679374694824,1
3.676539421081543,1
3.5429065227508545,1
3.5899085998535156,1
3.0603649616241455,1
3.4725260734558105,1
3.7259843349456787,1
3.596480369567871,1
3.044229030609131,1
3.300551652908325,1
3.722358465194702,1
4.039956092834473,1
3.0785160064697266,1
3.4757633209228516,1
3.553560495376587,1
3.4540653228759766,1
4.005025863647461,1
3.3012535572052,1
3.538595676422119,1
3.707169771194458,1
3.9700355529785156,1
3.634418487548828,1
3.2996468544006348,1
3.9968791007995605,1
2.795795202255249,1
3.371354341506958,1
3.744053363800049,1
3.4304556846618652,1
3.5428519248962402,1
3.7523903846740723,1
3.709895133972168,1
3.42478609085083,1
3.7591981887817383,1
3.534623146057129,1
3.235248327255249,1
3.54740047454834,1
3.60209584236145,1
3.744668960571289,1
3.5409634113311768,1
3.3290748596191406,1
3.117161273956299,1
3.554476261138916,1
3.6548233032226563,1
3.233551502227783,1
2.912721633911133,1
3.6061789989471436,1
3.6238596439361572,1
3.7268753051757813,1
4.237713813781738,1
3.805603504180908,1
3.584552049636841,1
3.618797779083252,1
3.9001071453094482,1
3.291635274887085,1
2.917029857635498,1
3.6096127033233643,1
3.933954954147339,1
3.968106985092163,1
3.336238384246826,1
3.3238019943237305,1
3.955352783203125,1
3.771580696105957,1
3.4924917221069336,1
3.5416388511657715,1
3.3109235763549805,1
3.5961668491363525,1
3.3624069690704346,1
3.19382381439209,1
3.735297679901123,1
3.203584671020508,1
3.4196767807006836,1
3.6585657596588135,1
3.642096996307373,1
3.478271484375,1
3.451876640319824,1
3.6120529174804688,1
3.0718793869018555,1
4.068042278289795,1
3.5152549743652344,1
3.863861560821533,1
3.2084760665893555,1
3.198507070541382,1
3.2105910778045654,1
3.349278450012207,1
3.5466232299804688,1
3.9295873641967773,1
3.907607078552246,1
4.029542922973633,1
2.9393813610076904,1
3.5155510902404785,1
3.869128704071045,1
3.0787055492401123,1
3.2301077842712402,1
3.623753309249878,1
3.3989527225494385,1
3.101217031478882,1
4.2646942138671875,1
3.5012104511260986,1
3.425788164138794,1
3.691946029663086,1
3.5495784282684326,1
3.6778759956359863,1
3.3684940338134766,1
3.7730064392089844,1
3.579742193222046,1
4.021315574645996,1
3.511935234069824,1
3.4369940757751465,1
3.7309372425079346,1
2.896589517593384,1
4.34095573425293,1
3.1071949005126953,1
3.359368324279785,1
3.4736242294311523,1
3.327066421508789,1
3.3633527755737305,1
3.6029202938079834,1
3.27587890625,1
3.613875389099121,1
3.73171329498291,1
3.001920700073242,1
3.4545817375183105,1
3.8544859886169434,1
3.9223220348358154,1
3.6149253845214844,1
3.2029342651367188,1
3.621342420578003,1
3.7262508869171143,1
3.620332717895508,1
3.51870059967041,1
3.6529603004455566,1
3.4080095291137695,1
3.939274549484253,1
3.18955659866333,1
3.28739857673645,1
4.293999195098877,1
3.309126377105713,1
3.397686004638672,1
3.241055488586426,1
3.702528476715088,1
3.785515308380127,1
3.4040138721466064,1
3.1372504234313965,1
3.625114917755127,1
3.5047264099121094,1
3.9399290084838867,1
3.210921287536621,1
3.8412108421325684,1
3.233835220336914,1
4.035106658935547,1
3.762192964553833,1
3.6628308296203613,1
3.775073528289795,1
3.7459986209869385,1
2.905303478240967,1
3.4917798042297363,1
3.4596962928771973,1
3.664968729019165,1
3.837061882019043,1
3.6037962436676025,1
3.2482032775878906,1
2.9718403816223145,1
3.0061910152435303,1
3.3932573795318604,1
3.761664867401123,1
3.615079879760742,1
4.231416702270508,1
3.075359344482422,1
2.9434127807617188,1
3.7896482944488525,1
3.957554578781128,1
3.5726704597473145,1
3.625657320022583,1
3.5416383743286133,1
3.385859727859497,1
3.1302318572998047,1
3.4900028705596924,1
3.4111814498901367,1
3.98249888420105,1
3.6669704914093018,1
3.7207577228546143,1
3.840451240539551,1
3.573963165283203,1
3.5591139793395996,1
3.708014488220215,1
3.4189794063568115,1
3.2565817832946777,1
3.1679749488830566,1
3.395597457885742,1
3.277822971343994,1
2.951988458633423,1
3.750706434249878,1
3.979074239730835,1
3.8782958984375,1
3.705447196960449,1
3.6369760036468506,1
2.966210126876831,1
3.164583444595337,1
3.091561794281006,1
3.494520664215088,1
3.3171145915985107,1
3.6343326568603516,1
3.6403799057006836,1
3.490177869796753,1
3.4214911460876465,1
3.289635419845581,1
3.549908399581909,1
3.696918249130249,1
3.8239290714263916,1
3.739511013031006,1
3.532379150390625,1
3.090470552444458,1
3.6885390281677246,1
3.468794345855713,1
3.9950876235961914,1
3.823753833770752,1
3.0635929107666016,1
3.7573490142822266,1
3.269538164138794,1
3.4327893257141113,1
3.5657958984375,1
3.753417491912842,1
3.428703784942627,1
3.1029629707336426,1
3.871494770050049,1
3.380507230758667,1
3.4492580890655518,1
3.5556774139404297,1
3.725454330444336,1
3.3815884590148926,1
3.9166388511657715,1
3.413339138031006,1
3.406315803527832,1
4.054233074188232,1
3.2260780334472656,1
3.604515314102173,1
3.957643985748291,1
3.339864730834961,1
3.4682018756866455,1
3.4603159427642822,1
3.950814962387085,1
4.488465309143066,1
3.5670881271362305,1
4.079397201538086,1
4.496779441833496,1
3.322352170944214,1
3.7058467864990234,1
3.7359161376953125,1
4.118695259094238,1
3.9522862434387207,1
3.37339186668396,1
3.666283130645752,1
3.6813364028930664,1
4.1386590003967285,1
3.317932367324829,1
3.3385355472564697,1
3.6708507537841797,1
3.336878776550293,1
3.2565414905548096,1
3.516533851623535,1
2.9349584579467773,1
3.849426031112671,1
3.488295078277588,1
3.1615121364593506,1
3.861132860183716,1
3.178126573562622,1
2.9025399684906006,1
3.667985439300537,1
3.3413496017456055,1
3.4766180515289307,1
3.3474292755126953,1
3.734128475189209,1
3.2787351608276367,1
3.0706043243408203,1
3.1826326847076416,1
3.510010004043579,1
2.990922689437866,1
3.1989235877990723,1
3.596647262573242,1
4.5607123374938965,1
3.5855746269226074,1
4.4122514724731445,1
4.253548622131348,1
3.7660179138183594,1
3.582406520843506,1
4.033172130584717,1
3.4490549564361572,1
3.9738993644714355,1
2.8752217292785645,1
3.231534957885742,1
3.457587242126465,1
3.546243190765381,1
3.1357460021972656,1
3.1313557624816895,1
4.069033145904541,1
3.0546388626098633,1
2.8503851890563965,1
3.2013020515441895,1
3.0118014812469482,1
3.2019872665405273,1
3.714210271835327,1
3.9008419513702393,1
3.8512043952941895,1
3.8610591888427734,1
3.964240550994873,1
3.609717845916748,1
3.5939016342163086,1
3.666384220123291,1
3.761021614074707,1
4.019153594970703,1
3.541865587234497,1
3.846903085708618,1
4.273467540740967,1
3.662639617919922,1
3.713085889816284,1
3.7948248386383057,1
3.732193946838379,1
4.004388809204102,1
3.234407901763916,1
3.6281230449676514,1
3.8090298175811768,1
3.2299752235412598,1
4.163257598876953,1
3.666463851928711,1
3.8471312522888184,1
3.015794277191162,1
3.4787087440490723,1
3.5920562744140625,1
3.426365852355957,1
3.6832942962646484,1
3.653660774230957,1
4.442946910858154,1
3.713635206222534,1
3.253770112991333,1
3.375622510910034,1
3.755855083465576,1
3.4935014247894287,1
3.6600501537323,1
3.5842342376708984,1
4.044246673583984,1
3.9143080711364746,1
3.4071407318115234,1
3.2844936847686768,1
3.3614583015441895,1
3.708065986633301,1
3.3463337421417236,1
3.63663911819458,1
3.9778099060058594,1
3.0236549377441406,1
4.635502815246582,1
4.238058090209961,1
3.2709388732910156,1
3.1291303634643555,1
3.3955137729644775,1
3.7487878799438477,1
3.53444504737854,1
3.84432315826416,1
3.7083957195281982,1
3.6438608169555664,1
3.0984947681427,1
3.840332508087158,1
3.5550920963287354,1
3.8483870029449463,1
3.808948040008545,1
3.359072208404541,1
3.4109854698181152,1
3.1295695304870605,1
3.4099385738372803,1
3.36619234085083,1
3.523542881011963,1
3.4409279823303223,1
3.591279983520508,1
3.3626675605773926,1
3.213642120361328,1
3.7874231338500977,1
3.6178126335144043,1
3.474921464920044,1
3.761796474456787,1
3.230186939239502,1
3.523261070251465,1
3.2074060440063477,1
3.3146488666534424,1
3.772268772125244,1
2.9186923503875732,1
3.25312876701355,1
4.050686836242676,1
3.3511009216308594,1
3.4330098628997803,1
3.9322447776794434,1
3.7096903324127197,1
3.34464955329895,1
3.980466842651367,1
3.2495474815368652,1
3.492366313934326,1
3.335775136947632,1
5.172141075134277,1
3.5579569339752197,1
3.507615089416504,1
4.257942199707031,1
3.9051403999328613,1
3.5576157569885254,1
3.4292097091674805,1
4.33889627456665,1
3.5773301124572754,1
3.77852201461792,1
3.632918357849121,1
4.038598537445068,1
4.565496444702148,1
4.161784648895264,1
3.9359898567199707,1
3.700767755508423,1
4.093977928161621,1
3.5042781829833984,1
3.9910366535186768,1
3.1413187980651855,1
3.8331031799316406,1
3.4837610721588135,1
3.927517890930176,1
3.7596242427825928,1
3.7498068809509277,1
3.5879907608032227,1
3.5556812286376953,1
3.375515937805176,1
3.2647669315338135,1
4.102283477783203,1
3.8812475204467773,1
3.419862747192383,1
3.2321524620056152,1
3.553056478500366,1
3.671469211578369,1
3.6315131187438965,1
3.7257039546966553,1
4.056654930114746,1
3.651401996612549,1
3.497732400894165,1
3.179084300994873,1
3.8645641803741455,1
3.6627535820007324,1
3.7027530670166016,1
3.63629150390625,1
3.231915235519409,1
3.763572931289673,1
3.179631233215332,1
3.4769930839538574,1
3.451319694519043,1
4.200148582458496,1
3.985243320465088,1
3.6001269817352295,1
3.399409294128418,1
3.4427847862243652,1
3.3070502281188965,1
3.12249755859375,1
3.692122459411621,1
3.870744228363037,1
3.7913379669189453,1
3.6788582801818848,1
4.255963325500488,1
3.7356319427490234,1
3.9417009353637695,1
3.228933334350586,1
3.3822357654571533,1
3.3738369941711426,1
3.0051581859588623,1
3.600626230239868,1
3.629004955291748,1
3.824545383453369,1
3.435417413711548,1
3.6402294635772705,1
3.292118787765503,1
3.628148078918457,1
3.7460665702819824,1
3.5549116134643555,1
3.3540053367614746,1
3.316129684448242,1
3.3358728885650635,1
4.194451808929443,1
2.942300796508789,1
3.3507444858551025,1
2.8449060916900635,1
3.1765918731689453,1
3.4789657592773438,1
3.318000555038452,1
3.9782378673553467,1
3.5753493309020996,1
3.484316825866699,1
3.7326090335845947,1
3.411383628845215,1
4.01858377456665,1
3.2602672576904297,1
3.243847370147705,1
3.8878746032714844,1
3.7262353897094727,1
3.5317881107330322,1
3.1928038597106934,1
3.6053686141967773,1
3.723811149597168,1
3.4834513664245605,1
2.7571005821228027,1
3.4510645866394043,1
3.363114356994629,1
4.038891792297363,1
3.466871738433838,1
3.8043627738952637,1
3.255847454071045,1
3.789506435394287,1
3.1086692810058594,1
3.0370736122131348,1
3.128349781036377,1
3.5912182331085205,1
3.7983384132385254,1
3.5659055709838867,1
4.058985233306885,1
3.0246691703796387,1
3.359208345413208,1
3.699488639831543,1
3.1476938724517822,1
3.869391679763794,1
3.681450366973877,1
3.7203776836395264,1
3.834378242492676,1
3.4343624114990234,1
4.358860015869141,1
3.050494909286499,1
3.854996681213379,1
3.6864678859710693,1
2.8321127891540527,1
3.484238624572754,1
4.342341423034668,1
3.671947479248047,1
3.3889732360839844,1
3.681151866912842,1
3.537031650543213,1
3.2424960136413574,1
3.7253949642181396,1
3.3006725311279297,1
3.388514280319214,1
3.431252956390381,1
3.6816484928131104,1
3.7802011966705322,1
3.912968158721924,1
3.5845913887023926,1
3.1019465923309326,1
3.6474945545196533,1
3.8541901111602783,1
3.50842547416687,1
3.81455135345459,1
3.5088248252868652,1
3.8343262672424316,1
4.105756759643555,1
2.968815803527832,1
3.8731892108917236,1
3.400210380554199,1
3.1297194957733154,1
2.9477179050445557,1
4.471138954162598,1
3.5513577461242676,1
4.0824689865112305,1
3.5675370693206787,1
3.692502498626709,1
3.4864888191223145,1
3.1751022338867188,1
3.845827341079712,1
3.7278048992156982,1
3.22220516204834,1
3.845928192138672,1
3.448702812194824,1
3.1775436401367188,1
2.966029405593872,1
3.477743625640869,1
3.1186609268188477,1
3.6747307777404785,1
3.9589686393737793,1
3.8885498046875,1
3.213151216506958,1
3.794600486755371,1
3.68819522857666,1
3.339785575866699,1
4.104776859283447,1
3.329805374145508,1
3.316361427307129,1
2.9435012340545654,1
3.4642672538757324,1
3.845404624938965,1
3.499691963195801,1
3.2999303340911865,1
3.6799232959747314,1
4.179236888885498,1
3.515493869781494,1
3.122917652130127,1
3.8702948093414307,1
3.3074612617492676,1
3.3004608154296875,1
3.6304221153259277,1
3.287221908569336,1
3.361644744873047,1
3.3585336208343506,1
3.34938383102417,1
3.2753467559814453,1
3.842268705368042,1
3.555293560028076,1
3.8735032081604004,1
3.8301730155944824,1
3.6275439262390137,1
3.7379696369171143,1
3.37479305267334,1
3.6695027351379395,1
3.4220502376556396,1
3.4558944702148438,1
3.79424786567688,1
3.857605457305908,1
3.2094526290893555,1
3.5005781650543213,1
3.6519012451171875,1
4.866650104522705,1
3.230449914932251,1
4.12998628616333,1
3.6041481494903564,1
3.67966890335083,1
3.53194522857666,1
4.135948181152344,1
3.8301029205322266,1
3.4010934829711914,1
3.38269305229187,1
3.866420269012451,1
3.1608171463012695,1
3.418811798095703,1
3.688701629638672,1
3.4131598472595215,1
4.124327182769775,1
3.387294292449951,1
3.5221028327941895,1
2.363201141357422,1
3.464404582977295,1
3.0364551544189453,1
3.108806610107422,1
4.4081902503967285,1
3.294499397277832,1
2.950362205505371,1
3.8544540405273438,1
4.416922092437744,1
3.0455124378204346,1
3.3253097534179688,1
3.7368521690368652,1
3.7796449661254883,1
3.613399028778076,1
2.956027030944824,1
3.8892314434051514,1
2.91568660736084,1
3.2765865325927734,1
3.9021077156066895,1
3.361856460571289,1
4.175858020782471,1
3.3724520206451416,1
3.5597281455993652,1
5.8603620529174805,1
4.023697853088379,1
3.132505416870117,1
3.383462429046631,1
4.006709575653076,1
3.5274596214294434,1
3.2777674198150635,1
3.221884250640869,1
3.2704687118530273,1
3.381619691848755,1
3.7325525283813477,1
3.119837760925293,1
3.655165672302246,1
3.2935822010040283,1
3.4987714290618896,1
3.388251781463623,1
3.099364757537842,1
3.309792995452881,1
3.244011163711548,1
3.1727676391601563,1
3.496812343597412,1
3.3194656372070313,1
3.576221466064453,1
3.4336743354797363,1
3.643540859222412,1
3.7602241039276123,1
3.7179372310638428,1
3.465890884399414,1
3.2977352142333984,1
3.4023990631103516,1
2.9931259155273438,1
3.2446346282958984,1
3.3067848682403564,1
3.460482120513916,1
3.23066782951355,1
3.433469772338867,1
4.202153205871582,1
3.2890408039093018,1
3.0923781394958496,1
3.184870719909668,1
3.104621410369873,1
3.5963964462280273,1
3.558271884918213,1
3.59721302986145,1
3.3955347537994385,1
4.756956577301025,1
3.4496045112609863,1
3.3663229942321777,1
3.5926218032836914,1
3.1738734245300293,1
3.4365105628967285,1
4.3648481369018555,1
3.3372724056243896,1
3.305105209350586,1
3.426589250564575,1
3.8057005405426025,1
3.788583278656006,1
3.4509530067443848,1
3.6320114135742188,1
3.5957465171813965,1
3.8916585445404053,1
4.195216178894043,1
3.3849573135375977,1
3.7357442378997803,1
3.079909086227417,1
3.231250762939453,1
3.3279099464416504,1
3.2880747318267822,1
3.428501844406128,1
3.750361919403076,1
2.758042812347412,1
4.134311199188232,1
3.4757678508758545,1
3.4020650386810303,1
3.693105936050415,1
3.23105525970459,1
3.3548526763916016,1
3.8651647567749023,1
3.4500012397766113,1
3.1832571029663086,1
3.1330959796905518,1
4.3130106925964355,1
3.164015769958496,1
3.4555296897888184,1
3.2522835731506348,1
3.285489082336426,1
4.020947456359863,1
3.328761100769043,1
3.7137527465820313,1
3.463139057159424,1
3.5788562297821045,1
4.2214202880859375,1
3.5192158222198486,1
3.298778772354126,1
3.537435531616211,1
4.02434778213501,1
3.276726245880127,1
3.3803720474243164,1
3.696262836456299,1
3.4185872077941895,1
3.1936120986938477,1
3.8217926025390625,1
3.7615883350372314,1
3.602443218231201,1
3.3991870880126953,1
3.5237932205200195,1
3.7506117820739746,1
3.61293888092041,1
3.7109127044677734,1
3.818448305130005,1
3.184452533721924,1
3.0215632915496826,1
3.275261402130127,1
3.679568290710449,1
2.931452989578247,1
3.481950283050537,1
3.663292169570923,1
3.621643543243408,1
3.1743428707122803,1
3.217543125152588,1
3.4828386306762695,1
3.3653464317321777,1
3.5177135467529297,1
3.136965274810791,1
3.2278788089752197,1
3.2037339210510254,1
3.4277148246765137,1
3.2273354530334473,1
3.884833335876465,1
3.0680999755859375,1
3.5138773918151855,1
3.418531656265259,1
3.3976058959960938,1
3.14479660987854,1
3.418116331100464,1
3.327732563018799,1
3.464160442352295,1
3.8553929328918457,1
3.40529203414917,1
2.822049617767334,1
3.6021015644073486,1
3.4880268573760986,1
3.1888277530670166,1
3.280585765838623,1
3.331254482269287,1
3.6166229248046875,1
3.6053686141967773,1
3.2764806747436523,1
3.4457879066467285,1
3.899527072906494,1
3.88143253326416,1
4.225390434265137,1
3.568573474884033,1
3.1636762619018555,1
3.523904323577881,1
3.231079578399658,1
4.056177616119385,1
3.645315647125244,1
3.510971784591675,1
3.4695756435394287,1
3.8704452514648438,1
3.38339900970459,1
3.9471423625946045,1
3.851729393005371,1
3.329350471496582,1
3.447392463684082,1
3.37226939201355,1
3.366224765777588,1
3.949230194091797,1
3.7862701416015625,1
4.082114219665527,1
3.30635404586792,1
3.3995676040649414,1
3.2732057571411133,1
3.479520320892334,1
3.8275632858276367,1
3.0174078941345215,1
3.5544562339782715,1
3.792996883392334,1
3.809863805770874,1
3.6055796146392822,1
3.631511926651001,1
3.9793336391448975,1
2.9140684604644775,1
4.0636515617370605,1
3.69645619392395,1
3.572456121444702,1
3.8148322105407715,1
3.3262829780578613,1
3.4647390842437744,1
3.6582908630371094,1
3.6651394367218018,1
3.6552748680114746,1
3.363537311553955,1
3.786489248275757,1
3.3571741580963135,1
3.8630948066711426,1
3.6704154014587402,1
3.8801236152648926,1
3.842989444732666,1
3.545616865158081,1
3.41593861579895,1
3.5189194679260254,1
4.380777359008789,1
4.458416938781738,1
3.152008533477783,1
3.671647548675537,1
3.7147817611694336,1
3.269460678100586,1
3.214341163635254,1
3.690927743911743,1
3.5177054405212402,1
4.119672775268555,1
3.7894749641418457,1
3.3664705753326416,1
3.3436222076416016,1
3.918762445449829,1
3.7695140838623047,1
3.2964320182800293,1
3.4714105129241943,1
3.174602508544922,1
3.3240725994110107,1
3.8995044231414795,1
3.295171022415161,1
3.3786492347717285,1
3.364229202270508,1
3.215689182281494,1
3.7271690368652344,1
3.267245054244995,1
2.8823163509368896,1
3.7878952026367188,1
3.8547050952911377,1
3.700446605682373,1
3.234158515930176,1
3.4187464714050293,1
3.6743783950805664,1
3.245853900909424,1
3.449759006500244,1
3.6267099380493164,1
3.3608813285827637,1
3.4706099033355713,1
3.3759617805480957,1
3.5650129318237305,1
3.8422861099243164,1
4.0393877029418945,1
3.8358569145202637,1
3.3826496601104736,1
3.8469181060791016,1
4.511831283569336,1
4.1720757484436035,1
3.2701656818389893,1
3.1036620140075684,1
3.284437894821167,1
3.315959930419922,1
3.697584390640259,1
4.041025161743164,1
3.5664849281311035,1
3.3121533393859863,1
3.5261435508728027,1
3.5467793941497803,1
4.007380485534668,1
2.945539951324463,1
3.2941675186157227,1
3.769892692565918,1
3.4096765518188477,1
4.056608200073242,1
4.112306594848633,1
3.717160701751709,1
3.9505953788757324,1
3.069605827331543,1
3.5502777099609375,1
4.2516326904296875,1
4.074692726135254,1
3.8782219886779785,1
3.957113742828369,1
4.29744815826416,1
4.174522399902344,1
3.5377840995788574,1
3.843933582305908,1
3.476810932159424,1
4.201578140258789,1
2.9974260330200195,1
3.6410012245178223,1
3.5010056495666504,1
3.1837072372436523,1
3.8194479942321777,1
3.9140753746032715,1
3.3409194946289063,1
2.990372896194458,1
3.8957467079162598,1
3.5205492973327637,1
3.456265687942505,1
2.673426389694214,1
4.049898147583008,1
3.3677515983581543,1
3.577092170715332,1
4.354097366333008,1
3.7025341987609863,1
3.2579092979431152,1
2.7119476795196533,1
3.2825353145599365,1
3.5058751106262207,1
4.071579933166504,1
3.239105224609375,1
3.7869410514831543,1
3.3005189895629883,1
3.2440690994262695,1
3.0346388816833496,1
2.884462356567383,1
4.0812907218933105,1
3.391418695449829,1
3.366030693054199,1
3.358654737472534,1
3.7236180305480957,1
2.7365708351135254,1
3.4710636138916016,1
3.394198417663574,1
3.3862693309783936,1
3.893245220184326,1
3.411923408508301,1
3.563978672027588,1
3.41994571685791,1
3.5324318408966064,1
3.851466655731201,1
3.520317554473877,1
3.0947742462158203,1
2.8391802310943604,1
3.385565996170044,1
3.401125907897949,1
3.074124574661255,1
3.0848491191864014,1
3.18070125579834,1
4.0649518966674805,1
3.998718738555908,1
3.4169397354125977,1
4.236175060272217,1
3.8023505210876465,1
3.6464972496032715,1
3.728752374649048,1
3.5935072898864746,1
3.2736058235168457,1
3.8377366065979004,1
3.7712578773498535,1
3.299856185913086,1
3.8811235427856445,1
3.538586378097534,1
3.390918731689453,1
3.4903340339660645,1
3.375797748565674,1
3.9450623989105225,1
3.2116260528564453,1
3.3937835693359375,1
3.9775009155273438,1
3.1798675060272217,1
3.3838605880737305,1
3.4254679679870605,1
3.3241801261901855,1
2.9861011505126953,1
3.465791940689087,1
3.591564416885376,1
3.5556600093841553,1
3.566138744354248,1
3.2726078033447266,1
3.0596513748168945,1
4.046779632568359,1
3.2102842330932617,1
3.3573477268218994,1
3.540609836578369,1
3.377554416656494,1
4.4710469245910645,1
4.282291412353516,1
3.0235695838928223,1
4.235342979431152,1
3.64060640335083,1
3.1456449031829834,1
4.058107852935791,1
3.694474220275879,1
3.029630184173584,1
3.603619337081909,1
3.517076015472412,1
2.911393404006958,1
3.83957576751709,1
3.5539443492889404,1
3.1265006065368652,1
3.382126569747925,1
3.6926112174987793,1
2.854325771331787,1
3.4376516342163086,1
3.287649154663086,1
3.6005454063415527,1
3.134761333465576,1
3.0813522338867188,1
3.050568103790283,1
3.0892691612243652,1
3.385420799255371,1
3.1266887187957764,1
4.115180015563965,1
4.011561870574951,1
3.278090476989746,1
3.4406845569610596,1
3.732638359069824,1
3.3157296180725098,1
3.3944602012634277,1
3.8491320610046387,1
3.1677184104919434,1
3.5271353721618652,1
3.2728307247161865,1
3.918546676635742,1
3.6671111583709717,1
3.516239881515503,1
3.371124505996704,1
4.1282958984375,1
3.287276268005371,1
2.944241523742676,1
3.3084986209869385,1
3.678704261779785,1
3.390644073486328,1
3.518160820007324,1
3.6393356323242188,1
2.9989795684814453,1
3.9135217666625977,1
3.1742029190063477,1
3.4393692016601563,1
3.685884475708008,1
3.1189894676208496,1
4.426087856292725,1
3.2289979457855225,1
3.5101075172424316,1
3.8291049003601074,1
3.4464967250823975,1
3.2212626934051514,1
3.798464775085449,1
3.9222512245178223,1
3.4146523475646973,1
3.2744085788726807,1
3.4292032718658447,1
3.686222553253174,1
3.6430115699768066,1
3.460665225982666,1
4.173956871032715,1
3.8365044593811035,1
3.605281352996826,1
3.2004666328430176,1
3.7726316452026367,1
3.898653030395508,1
3.673490285873413,1
3.0160844326019287,1
3.7121806144714355,1
4.742437362670898,1
3.470630168914795,1
3.5786526203155518,1
3.648282527923584,1
3.62058162689209,1
3.1262731552124023,1
3.140075445175171,1
3.6284375190734863,1
4.908276557922363,1
3.018939971923828,1
3.843013048171997,1
3.8194239139556885,1
4.113012790679932,1
3.624521017074585,1
4.12276554107666,1
3.16705322265625,1
3.5782461166381836,1
3.613863468170166,1
3.4469268321990967,1
3.2241196632385254,1
3.477252244949341,1
3.155958652496338,1
3.7779223918914795,1
3.2676405906677246,1
3.2031335830688477,1
3.9340832233428955,1
3.448991298675537,1
3.3449387550354004,1
3.3502864837646484,1
3.266681432723999,1
3.9316821098327637,1
3.6673974990844727,1
3.3450417518615723,1
4.056975364685059,1
3.6840953826904297,1
4.293036460876465,1
3.4245901107788086,1
3.2637577056884766,1
3.995056629180908,1
3.8439743518829346,1
3.3433737754821777,1
3.867746114730835,1
3.904177188873291,1
3.398679494857788,1
3.9054479598999023,1
3.276650905609131,1
3.341336250305176,1
3.3858752250671387,1
3.336207866668701,1
3.266375780105591,1
3.3944571018218994,1
4.547452926635742,1
3.424462080001831,1
3.528402805328369,1
3.822373628616333,1
4.055731296539307,1
3.391524314880371,1
3.3010549545288086,1
3.8694443702697754,1
3.3988442420959473,1
2.7994589805603027,1
3.4121742248535156,1
3.5022952556610107,1
3.6153175830841064,1
3.5188817977905273,1
3.4398226737976074,1
3.6527888774871826,1
4.104557991027832,1
4.078726291656494,1
3.5372815132141113,1
3.350377082824707,1
3.298311233520508,1
3.657322406768799,1
3.129875421524048,1
3.8630127906799316,1
3.676657199859619,1
3.857757568359375,1
3.191598892211914,1
3.5741491317749023,1
3.097961902618408,1
3.250998020172119,1
3.129115581512451,1
3.388303279876709,1
3.2159271240234375,1
2.9804527759552,1
3.6301841735839844,1
4.167529582977295,1
3.765949249267578,1
3.41780948638916,1
3.55064058303833,1
3.6047017574310303,1
3.8511791229248047,1
3.371938943862915,1
2.7578353881835938,1
3.5720412731170654,1
3.070504903793335,1
3.565304756164551,1
3.7855286598205566,1
3.380065679550171,1
3.702220916748047,1
3.436913251876831,1
3.6208481788635254,1
3.646052598953247,1
3.568699359893799,1
3.3045334815979004,1
3.863497257232666,1
3.4982059001922607,1
3.4384684562683105,1
3.454930305480957,1
4.19383430480957,1
3.4470229148864746,1
4.004134178161621,1
3.4786508083343506,1
3.9624500274658203,1
3.893078565597534,1
3.462289571762085,1
3.3687071800231934,1
3.862823009490967,1
3.563042163848877,1
3.7068920135498047,1
3.466233730316162,1
3.030735969543457,1
3.2287724018096924,1
3.4619083404541016,1
4.167568683624268,1
2.982271432876587,1
4.0580668449401855,1
3.9157605171203613,1
2.9825878143310547,1
3.489441394805908,1
3.3555822372436523,1
3.468261241912842,1
3.8394477367401123,1
3.640488862991333,1
3.5843892097473145,1
3.518996000289917,1
3.2656383514404297,1
3.2102043628692627,1
4.01043701171875,1
3.782001495361328,1
3.922680616378784,1
3.599327564239502,1
3.7251381874084473,1
3.2199511528015137,1
3.280285358428955,1
3.7449121475219727,1
3.23368501663208,1
3.3913817405700684,1
3.7012381553649902,1
4.524709224700928,1
3.3981871604919434,1
3.7375731468200684,1
3.1134707927703857,1
3.5986735820770264,1
3.3897600173950195,1
2.946274995803833,1
3.7418909072875977,1
3.150036096572876,1
3.7954649925231934,1
3.5420947074890137,1
3.207371950149536,1
3.5358619689941406,1
3.249627113342285,1
3.39945650100708,1
3.594532012939453,1
3.726714611053467,1
3.2230334281921387,1
3.5170881748199463,1
3.8879733085632324,1
3.804011106491089,1
4.065611362457275,1
4.031970977783203,1
3.393775463104248,1
3.7504279613494873,1
3.908061981201172,1
3.9181764125823975,1
3.5105080604553223,1
3.5808708667755127,1
4.081780433654785,1
4.489283561706543,1
3.3649544715881348,1
3.196349620819092,1
3.7297983169555664,1
3.4201037883758545,1
3.544328212738037,1
3.1868796348571777,1
3.686391592025757,1
3.46087646484375,1
3.336372137069702,1
3.9357190132141113,1
3.6961069107055664,1
3.262756824493408,1
3.5485751628875732,1
3.763842821121216,1
3.3492393493652344,1
3.2624154090881348,1
3.4733314514160156,1
3.656188488006592,1
3.4119668006896973,1
3.74558162689209,1
3.5469818115234375,1
3.8558483123779297,1
3.3582239151000977,1
3.9636430740356445,1
3.439185619354248,1
3.85933780670166,1
3.826427936553955,1
3.5024139881134033,1
3.601804494857788,1
3.3312573432922363,1
3.068592071533203,1
4.2048492431640625,1
3.1884264945983887,1
3.2275571823120117,1
3.695230484008789,1
3.7897865772247314,1
3.1938304901123047,1
3.4470224380493164,1
3.10518741607666,1
3.610642433166504,1
3.0371899604797363,1
3.3682265281677246,1
2.7025012969970703,1
4.042816162109375,1
3.3073458671569824,1
3.429692029953003,1
3.423088550567627,1
3.573331356048584,1
3.296989917755127,1
3.0533642768859863,1
3.5642828941345215,1
3.413154125213623,1
3.517871379852295,1
3.77353572845459,1
3.6928212642669678,1
3.349963665008545,1
4.254329681396484,1
3.6275782585144043,1
3.4125239849090576,1
3.5284180641174316,1
3.6458733081817627,1
3.7198219299316406,1
3.7291998863220215,1
4.051212787628174,1
3.46160888671875,1
3.400949478149414,1
3.5734901428222656,1
3.7119107246398926,1
3.8839995861053467,1
3.616898536682129,1
3.55487060546875,1
2.942936420440674,1
3.9948956966400146,1
3.6983699798583984,1
3.531017780303955,1
3.4742836952209473,1
3.945209264755249,1
3.4394476413726807,1
3.8696677684783936,1
3.379848003387451,1
3.2442033290863037,1
3.62174129486084,1
3.1950550079345703,1
3.4228172302246094,1
3.590470552444458,1
3.657313108444214,1
3.177755355834961,1
3.3899881839752197,1
3.0238473415374756,1
3.2546324729919434,1
3.4982151985168457,1
3.141084671020508,1
3.257650375366211,1
4.063233375549316,1
3.4319534301757813,1
3.3141446113586426,1
3.9131789207458496,1
3.9407167434692383,1
3.3610281944274902,1
3.6547012329101563,1
3.8168373107910156,1
3.2103748321533203,1
3.8980579376220703,1
3.9641621112823486,1
3.715728282928467,1
3.298819065093994,1
3.456770896911621,1
3.6213908195495605,1
3.7356598377227783,1
3.621811628341675,1
3.53403377532959,1
3.1865367889404297,1
3.7152013778686523,1
3.297201156616211,1
3.6770176887512207,1
3.5808520317077637,1
3.6445152759552,1
2.8037374019622803,1
3.1317555904388428,1
3.3644351959228516,1
3.866410732269287,1
3.0971946716308594,1
4.040858745574951,1
3.9150631427764893,1
3.050682783126831,1
4.133334636688232,1
3.6462459564208984,1
3.2119970321655273,1
3.9857583045959473,1
3.5604543685913086,1
3.4925599098205566,1
3.4052507877349854,1
3.256412982940674,1
3.786367654800415,1
3.726238250732422,1
3.4845423698425293,1
4.554634094238281,1
4.357061386108398,1
3.2737433910369873,1
3.3048291206359863,1
3.23984432220459,1
3.67161226272583,1
3.685906171798706,1
3.419070243835449,1
3.4516420364379883,1
3.401026725769043,1
3.0740842819213867,1
4.000635147094727,1
3.5466184616088867,1
4.001465797424316,1
3.3500993251800537,1
3.7692277431488037,1
4.671911239624023,1
4.153373718261719,1
3.2831480503082275,1
3.52262806892395,1
3.5635461807250977,1
3.2615575790405273,1
3.505885601043701,1
3.5482048988342285,1
3.0133304595947266,1
3.94221830368042,1
3.6149518489837646,1
3.4766581058502197,1
3.2141056060791016,1
4.376150608062744,1
3.1015090942382813,1
3.3746540546417236,1
3.544736862182617,1
3.472323417663574,1
3.5942578315734863,1
3.8037829399108887,1
3.8998780250549316,1
3.867940902709961,1
4.0020599365234375,1
2.9898622035980225,1
3.025399684906006,1
4.009787082672119,1
3.3173508644104004,1
3.5846006870269775,1
4.908459663391113,1
2.849860191345215,1
3.7394399642944336,1
3.7450432777404785,1
3.550387382507324,1
4.005120277404785,1
3.3200464248657227,1
2.9131245613098145,1
3.6748971939086914,1
3.350698232650757,1
3.580538749694824,1
3.550379991531372,1
3.278679609298706,1
3.634531259536743,1
4.459225654602051,1
3.724061965942383,1
3.65990948677063,1
3.524430990219116,1
3.5159964561462402,1
3.8498010635375977,1
4.220706939697266,1
3.194460868835449,1
3.3737006187438965,1
3.6617941856384277,1
3.255927085876465,1
3.720973491668701,1
3.0999035835266113,1
3.591252326965332,1
3.530453681945801,1
3.6305923461914063,1
3.1913094520568848,1
3.0495686531066895,1
3.6485981941223145,1
3.3468856811523438,1
3.050090789794922,1
3.4469716548919678,1
3.590075731277466,1
3.5552008152008057,1
2.974074363708496,1
3.3887648582458496,1
3.2658214569091797,1
3.5632712841033936,1
3.2011845111846924,1
3.7148988246917725,1
3.6278867721557617,1
3.2262027263641357,1
3.7203073501586914,1
3.271300792694092,1
3.5791735649108887,1
3.112152338027954,1
2.9748928546905518,1
3.4522552490234375,1
3.1641812324523926,1
3.473942995071411,1
3.644613742828369,1
3.4454493522644043,1
3.0496742725372314,1
3.1787843704223633,1
3.1481146812438965,1
3.073136806488037,1
3.2711429595947266,1
3.863771677017212,1
3.401766061782837,1
3.065338611602783,1
2.475918769836426,1
3.574573040008545,1
3.4601051807403564,1
2.8927319049835205,1
3.490175724029541,1
3.2617876529693604,1
4.484264850616455,1
3.314828395843506,1
3.196432113647461,1
3.082768201828003,1
3.704472303390503,1
3.7455217838287354,1
3.7027769088745117,1
4.6886796951293945,1
3.4290106296539307,1
3.4052844047546387,1
3.547170639038086,1
4.258504867553711,1
3.389408826828003,1
4.379701137542725,1
3.693418502807617,1
3.567534923553467,1
3.6167001724243164,1
3.299652099609375,1
3.587779998779297,1
3.735761880874634,1
2.9650638103485107,1
3.189575672149658,1
3.9890449047088623,1
3.461930274963379,1
3.3212244510650635,1
3.6919617652893066,1
3.4876396656036377,1
3.671445846557617,1
3.6395492553710938,1
3.458768844604492,1
3.847132682800293,1
3.6856942176818848,1
3.734938383102417,1
3.863631010055542,1
3.121877670288086,1
3.228843927383423,1
3.4389657974243164,1
3.7868053913116455,1
3.2987709045410156,1
2.9099977016448975,1
3.2416958808898926,1
3.3918542861938477,1
3.3459720611572266,1
3.187267780303955,1
3.213440418243408,1
2.8154187202453613,1
3.988906145095825,1
3.6824088096618652,1
3.629434585571289,1
4.001830101013184,1
3.6881909370422363,1
3.4206652641296387,1
3.844006061553955,1
3.1374361515045166,1
3.5521159172058105,1
3.8453783988952637,1
3.6248531341552734,1
3.489901304244995,1
3.9142708778381348,1
3.5798630714416504,1
2.847578525543213,1
3.566385507583618,1
3.2088875770568848,1
3.768934726715088,1
3.1016006469726563,1
3.4055919647216797,1
4.332931041717529,1
3.6396689414978027,1
3.153200149536133,1
3.8273136615753174,1
3.2601304054260254,1
3.4836549758911133,1
3.6928133964538574,1
3.6238365173339844,1
3.4374470710754395,1
3.064999580383301,1
3.148432731628418,1
3.455239772796631,1
4.085659503936768,1
3.2240753173828125,1
3.4974513053894043,1
3.8277013301849365,1
3.317966938018799,1
3.6775879859924316,1
3.4573006629943848,1
3.561870574951172,1
3.1166844367980957,1
3.7685561180114746,1
3.340721607208252,1
2.9018301963806152,1
3.4647841453552246,1
3.354541778564453,1
2.921529531478882,1
3.4719855785369873,1
3.94740629196167,1
3.404113292694092,1
3.3978867530822754,1
3.472554922103882,1
3.922354221343994,1
3.2312493324279785,1
3.8273215293884277,1
4.436505317687988,1
3.6481504440307617,1
3.3937621116638184,1
3.7645840644836426,1
3.857616424560547,1
3.855137348175049,1
4.637819290161133,1
3.631941080093384,1
3.8471946716308594,1
3.640727996826172,1
3.6106395721435547,1
3.7034659385681152,1
3.5866858959198,1
3.539422035217285,1
3.462106704711914,1
3.130373954772949,1
2.969552993774414,1
3.3383095264434814,1
3.177802085876465,1
3.1879584789276123,1
3.2182929515838623,1
3.287868022918701,1
4.00301456451416,1
3.202226161956787,1
3.4109363555908203,1
3.708010196685791,1
3.707326650619507,1
3.491065502166748,1
3.453392744064331,1
3.3104820251464844,1
3.3012266159057617,1
3.3820877075195313,1
3.6967053413391113,1
2.890099048614502,1
3.696537971496582,1
3.683316230773926,1
3.6350104808807373,1
3.436087131500244,1
3.204312324523926,1
3.0574417114257813,1
2.9858345985412598,1
3.5303213596343994,1
3.4321670532226563,1
3.3634519577026367,1
3.4035263061523438,1
3.5779471397399902,1
3.1563503742218018,1
3.139871597290039,1
3.924705982208252,1
3.313019275665283,1
3.975680351257324,1
3.4360780715942383,1
3.798968553543091,1
3.2161362171173096,1
3.273299217224121,1
3.3033838272094727,1
4.107969284057617,1
4.3632073402404785,1
3.9043712615966797,1
3.9345946311950684,1
3.2820582389831543,1
3.313755989074707,1
3.7175207138061523,1
3.2429399490356445,1
3.554722785949707,1
3.6498751640319824,1
3.765007972717285,1
3.386160373687744,1
3.539214611053467,1
3.3258767127990723,1
3.418896198272705,1
3.3056235313415527,1
4.221094131469727,1
3.994905710220337,1
3.1295113563537598,1
3.7474753856658936,1
3.453702688217163,1
3.327986240386963,1
3.2934744358062744,1
3.450068473815918,1
3.537346601486206,1
2.9930403232574463,1
3.4981818199157715,1
3.743852138519287,1
3.225395441055298,1
3.5386252403259277,1
3.486861228942871,1
3.154952049255371,1
4.144164085388184,1
3.999664783477783,1
3.7283430099487305,1
4.219825744628906,1
3.9037184715270996,1
3.5465996265411377,1
3.2871506214141846,1
4.0550217628479,1
3.559213876724243,1
3.1710591316223145,1
3.7564430236816406,1
3.6399025917053223,1
3.347078800201416,1
3.3762264251708984,1
3.459987163543701,1
3.940448760986328,1
3.392000198364258,1
3.110527753829956,1
3.2959723472595215,1
3.5349087715148926,1
3.8424277305603027,1
3.4547324180603027,1
3.3370232582092285,1
3.217838764190674,1
3.139021873474121,1
3.258301258087158,1
3.880946159362793,1
3.4225401878356934,1
3.4494810104370117,1
3.5033986568450928,1
3.4825477600097656,1
4.47804069519043,1
3.4206440448760986,1
4.394098281860352,1
4.190202713012695,1
3.937793254852295,1
3.664361000061035,1
4.076659202575684,1
3.711327075958252,1
3.5793542861938477,1
3.40408992767334,1
3.790753126144409,1
3.9634475708007813,1
3.3032426834106445,1
3.5497589111328125,1
3.1129586696624756,1
3.567171573638916,1
3.352908134460449,1
3.38314151763916,1
3.9410476684570313,1
3.6339268684387207,1
3.716221332550049,1
3.5012781620025635,1
3.03579044342041,1
3.2686359882354736,1
3.4149951934814453,1
3.4678664207458496,1
3.6355504989624023,1
3.584744453430176,1
3.793224811553955,1
3.2919044494628906,1
3.963585376739502,1
3.250309467315674,1
3.600332736968994,1
4.2915754318237305,1
3.0160703659057617,1
3.44132399559021,1
4.607658386230469,1
3.3128421306610107,1
3.5406956672668457,1
3.4303998947143555,1
3.854557514190674,1
2.8384759426116943,1
3.623748302459717,1
2.7013163566589355,1
3.6849894523620605,1
3.643533706665039,1
3.7286579608917236,1
3.1080048084259033,1
3.3702993392944336,1
3.2639975547790527,1
3.073179244995117,1
3.6352651119232178,1
3.7589759826660156,1
3.7810139656066895,1
2.8373756408691406,1
3.350787878036499,1
3.102733612060547,1
3.2630605697631836,1
3.640406847000122,1
3.2370548248291016,1
3.3681697845458984,1
3.483649253845215,1
3.7159605026245117,1
3.3262267112731934,1
3.7689526081085205,1
3.4093337059020996,1
3.9169301986694336,1
2.903608798980713,1
2.928581714630127,1
3.039893388748169,1
3.125760078430176,1
2.829711437225342,1
3.5508108139038086,1
3.266859292984009,1
4.1152849197387695,1
3.7877042293548584,1
3.489345073699951,1
3.5181021690368652,1
3.737630844116211,1
3.3952090740203857,1
3.5429458618164063,1
3.9698050022125244,1
3.439932346343994,1
2.9733376502990723,1
3.897944927215576,1
3.58259916305542,1
3.522536277770996,1
3.471695899963379,1
3.6144490242004395,1
3.131943702697754,1
3.641824722290039,1
3.409715175628662,1
3.9368703365325928,1
3.5148825645446777,1
3.769059181213379,1
3.5325965881347656,1
3.6686344146728516,1
3.732903480529785,1
3.375720977783203,1
3.1134514808654785,1
3.3441009521484375,1
3.2662758827209473,1
3.5416159629821777,1
3.50345516204834,1
3.4517621994018555,1
3.2238426208496094,1
3.760390281677246,1
2.988436222076416,1
3.2894058227539063,1
3.4026143550872803,1
3.3688831329345703,1
3.4633548259735107,1
3.340946912765503,1
3.994387626647949,1
3.58774995803833,1
3.5421652793884277,1
3.9808263778686523,1
3.011350154876709,1
3.882205009460449,1
3.212470054626465,1
3.6944189071655273,1
3.7689619064331055,1
3.5096423625946045,1
3.7910523414611816,1
3.1189117431640625,1
3.257631778717041,1
3.0006308555603027,1
3.5197486877441406,1
3.3430352210998535,1
3.502497911453247,1
3.7331924438476563,1
3.428856372833252,1
3.2888827323913574,1
3.5065712928771973,1
3.0213379859924316,1
3.4380569458007813,1
3.7003908157348633,1
3.146536350250244,1
3.6305019855499268,1
3.171022891998291,1
3.464092254638672,1
3.0362894535064697,1
3.711845874786377,1
3.477001190185547,1
4.252386093139648,1
3.785951614379883,1
3.2997894287109375,1
3.540219306945801,1
2.8155665397644043,1
3.0623936653137207,1
3.8672995567321777,1
3.3830060958862305,1
3.7310867309570313,1
3.796213150024414,1
3.325739860534668,1
3.2167465686798096,1
3.3212456703186035,1
3.4186019897460938,1
3.9713940620422363,1
3.3905045986175537,1
3.0620620250701904,1
3.025578022003174,1
3.3737921714782715,1
3.4926657676696777,1
3.4015369415283203,1
3.1959328651428223,1
