3.1383399963378906,1
3.2844245433807373,1
3.1302638053894043,1
3.878988265991211,1
4.208443641662598,1
3.4929418563842773,1
2.681082010269165,1
3.25272274017334,1
3.0048840045928955,1
3.3291401863098145,1
3.438765287399292,1
3.870081663131714,1
4.105641841888428,1
3.9818379878997803,1
2.9521703720092773,1
3.37070631980896,1
3.4502992630004883,1
3.988468647003174,1
3.5528430938720703,1
3.2468316555023193,1
3.2568345069885254,1
3.256962299346924,1
2.745140552520752,1
2.8726119995117188,1
5.013326168060303,1
4.900240898132324,1
2.6975669860839844,1
2.8134803771972656,1
2.781959056854248,1
3.261937379837036,1
4.604728698730469,1
3.081111192703247,1
3.217034101486206,1
3.0981643199920654,1
3.5930676460266113,1
5.33535099029541,1
3.4804906845092773,1
4.212758541107178,1
3.6150736808776855,1
3.835603713989258,1
2.9779834747314453,1
3.286771774291992,1
4.06677770614624,1
3.7839455604553223,1
3.7403111457824707,1
3.712401866912842,1
2.628251075744629,1
3.581543445587158,1
3.1072704792022705,1
2.7813892364501953,1
2.4939327239990234,1
2.912520408630371,1
2.4816877841949463,1
3.2380449771881104,1
3.1799607276916504,1
2.6244208812713623,1
2.7617640495300293,1
4.766899585723877,1
3.3493964672088623,1
2.995565891265869,1
2.6943283081054688,1
3.518186569213867,1
3.2242562770843506,1
3.9011006355285645,1
3.057985305786133,1
4.139579772949219,1
3.37252140045166,1
2.805927038192749,1
3.144235134124756,1
4.272887229919434,1
3.5324888229370117,1
3.0507984161376953,1
3.613096237182617,1
3.277768611907959,1
2.622023582458496,1
3.6095876693725586,1
2.908686637878418,1
2.579575538635254,1
2.6518421173095703,1
3.2466092109680176,1
3.8864543437957764,1
4.024899005889893,1
3.930527925491333,1
3.4263687133789063,1
3.0630438327789307,1
3.5031068325042725,1
2.7120931148529053,1
3.108400344848633,1
3.251781463623047,1
3.185020923614502,1
3.5807271003723145,1
3.091218948364258,1
3.338029146194458,1
3.0136518478393555,1
3.6861112117767334,1
2.4813225269317627,1
2.6295976638793945,1
2.9909839630126953,1
2.7769274711608887,1
3.0995819568634033,1
2.9883832931518555,1
3.570060968399048,1
2.9810404777526855,1
3.106370449066162,1
2.570206880569458,1
2.7290782928466797,1
2.3444294929504395,1
2.7052054405212402,1
2.520991325378418,1
2.600159168243408,1
3.162492036819458,1
2.883861780166626,1
2.008589267730713,1
3.3576202392578125,1
3.241363286972046,1
2.616626739501953,1
3.9669792652130127,1
2.354999542236328,1
2.760702133178711,1
3.4069104194641113,1
3.574651002883911,1
2.4605727195739746,1
2.6013998985290527,1
3.5875144004821777,1
4.385564804077148,1
3.179419994354248,1
3.1375226974487305,1
2.8472189903259277,1
2.676675796508789,1
2.684493064880371,1
2.874760150909424,1
2.9188647270202637,1
3.463444709777832,1
2.9881749153137207,1
2.9246747493743896,1
2.6291017532348633,1
2.565139055252075,1
2.569978713989258,1
3.2845325469970703,1
3.471256971359253,1
3.1058120727539063,1
2.35557222366333,1
2.8830275535583496,1
3.3625354766845703,1
2.745652198791504,1
2.4544472694396973,1
2.8768842220306396,1
2.608410358428955,1
2.8982419967651367,1
2.6447010040283203,1
3.353091239929199,1
2.8305935859680176,1
2.912339687347412,1
2.321570634841919,1
3.8456616401672363,1
3.4766225814819336,1
3.1281442642211914,1
2.8266372680664063,1
3.1752548217773438,1
3.8214893341064453,1
3.264090061187744,1
4.232036590576172,1
3.510805368423462,1
2.728302478790283,1
3.511600971221924,1
3.26448917388916,1
2.6367030143737793,1
3.38232421875,1
2.907970428466797,1
4.110474586486816,1
2.6963772773742676,1
3.199227809906006,1
2.9331440925598145,1
2.6018190383911133,1
2.949049234390259,1
4.1804094314575195,1
3.204859972000122,1
3.382784605026245,1
3.125142812728882,1
3.6083946228027344,1
3.401866912841797,1
3.4234557151794434,1
2.7859957218170166,1
2.755391836166382,1
3.7455549240112305,1
3.3611888885498047,1
3.724985361099243,1
3.823035955429077,1
2.7829298973083496,1
3.340608596801758,1
2.9135961532592773,1
4.06013822555542,1
3.790536403656006,1
3.369478225708008,1
2.647549629211426,1
2.73372220993042,1
3.2099342346191406,1
3.6903247833251953,1
3.863497495651245,1
3.241466760635376,1
3.5653421878814697,1
3.422032356262207,1
3.0273289680480957,1
3.3588571548461914,1
2.611426591873169,1
2.967217445373535,1
3.0787315368652344,1
2.971160888671875,1
2.946307897567749,1
2.7366137504577637,1
4.1292595863342285,1
4.440293788909912,1
3.8210391998291016,1
2.860321521759033,1
2.7823405265808105,1
2.6205830574035645,1
3.710488796234131,1
2.995964527130127,1
3.2297279834747314,1
2.7760252952575684,1
3.224576234817505,1
3.082606554031372,1
3.5814123153686523,1
2.614121675491333,1
2.9789159297943115,1
2.56341552734375,1
2.6542811393737793,1
2.979199171066284,1
2.4666528701782227,1
3.932016372680664,1
3.0088367462158203,1
3.62939453125,1
4.300050735473633,1
3.472374439239502,1
3.628034830093384,1
3.880417585372925,1
2.4560606479644775,1
3.291407585144043,1
2.853729486465454,1
2.3851284980773926,1
3.088742733001709,1
3.337538242340088,1
3.131321907043457,1
2.4850549697875977,1
3.0680012702941895,1
2.873497486114502,1
4.074859619140625,1
3.660637378692627,1
3.282527208328247,1
3.199730396270752,1
3.036316156387329,1
3.1789774894714355,1
3.145026922225952,1
3.5548949241638184,1
3.1336193084716797,1
3.186305284500122,1
2.923548460006714,1
3.144965648651123,1
3.8840034008026123,1
2.762826442718506,1
2.8330347537994385,1
3.280211925506592,1
2.557272434234619,1
3.0426292419433594,1
3.5826046466827393,1
3.4580557346343994,1
2.6199402809143066,1
2.865156888961792,1
3.0329906940460205,1
4.410928726196289,1
3.833228588104248,1
3.933342218399048,1
3.2010560035705566,1
4.217794895172119,1
3.228722095489502,1
3.4332327842712402,1
4.19219970703125,1
3.6032557487487793,1
4.005770683288574,1
2.9469454288482666,1
3.003040313720703,1
2.9866833686828613,1
3.6841907501220703,1
2.496004581451416,1
3.5639233589172363,1
2.800339698791504,1
2.7354979515075684,1
3.610832452774048,1
3.088921070098877,1
3.377586841583252,1
3.2865843772888184,1
3.1954870223999023,1
3.3719050884246826,1
3.1687874794006348,1
4.048367977142334,1
3.6474156379699707,1
2.6945085525512695,1
3.187516689300537,1
3.037709951400757,1
2.708348274230957,1
3.0956826210021973,1
3.0320489406585693,1
1.9852306842803955,1
3.9038636684417725,1
3.9256088733673096,1
3.8252968788146973,1
2.6555428504943848,1
3.9042391777038574,1
4.148390769958496,1
3.325591564178467,1
2.953908920288086,1
3.6344780921936035,1
3.4592888355255127,1
3.3958797454833984,1
3.6100754737854004,1
3.330718755722046,1
3.049201726913452,1
3.5195164680480957,1
3.7044358253479004,1
3.5185365676879883,1
2.7610812187194824,1
2.713776111602783,1
2.8567895889282227,1
2.3126537799835205,1
3.0712318420410156,1
3.3515496253967285,1
4.168098449707031,1
2.8820314407348633,1
3.1513824462890625,1
2.2997875213623047,1
3.639207601547241,1
2.888362407684326,1
2.9462783336639404,1
3.2829294204711914,1
3.5462327003479004,1
4.139167785644531,1
3.8910627365112305,1
3.1626176834106445,1
3.020723581314087,1
3.6185593605041504,1
3.0750465393066406,1
2.5850441455841064,1
3.173016309738159,1
2.892185688018799,1
2.9357540607452393,1
3.6499438285827637,1
3.0032644271850586,1
3.678244113922119,1
3.5516088008880615,1
3.612854242324829,1
3.539454936981201,1
3.562018871307373,1
3.940511703491211,1
3.3234362602233887,1
3.4297828674316406,1
3.2043867111206055,1
2.927581548690796,1
2.8734374046325684,1
3.0019261837005615,1
2.7928409576416016,1
2.8468151092529297,1
3.838777780532837,1
2.840341091156006,1
3.730837821960449,1
3.5786092281341553,1
3.1886935234069824,1
3.04085636138916,1
2.9074089527130127,1
3.0903589725494385,1
2.91021466255188,1
2.538748264312744,1
3.844877243041992,1
3.4796202182769775,1
3.4663639068603516,1
2.732877731323242,1
3.260934352874756,1
2.9189810752868652,1
3.9450747966766357,1
3.116438388824463,1
3.4306859970092773,1
3.693861961364746,1
3.2840590476989746,1
2.9693102836608887,1
2.9533119201660156,1
3.276643991470337,1
3.0033538341522217,1
3.037445068359375,1
3.5799169540405273,1
2.8706679344177246,1
3.1455039978027344,1
2.8904242515563965,1
3.293694496154785,1
3.438692808151245,1
3.7584877014160156,1
3.589012384414673,1
3.532787799835205,1
2.7390947341918945,1
2.731121063232422,1
3.0201215744018555,1
3.3592469692230225,1
3.363030433654785,1
3.5085537433624268,1
3.4733731746673584,1
2.956368923187256,1
2.68890118598938,1
2.6942787170410156,1
2.9016270637512207,1
2.96106219291687,1
2.742962121963501,1
3.2494897842407227,1
3.1008076667785645,1
3.6442272663116455,1
3.811086893081665,1
2.8000221252441406,1
2.3260433673858643,1
2.997321844100952,1
3.1789450645446777,1
3.8399553298950195,1
3.1138672828674316,1
4.421513080596924,1
3.6875061988830566,1
3.3419618606567383,1
3.1519336700439453,1
3.0373761653900146,1
2.803083896636963,1
3.3397059440612793,1
3.490683078765869,1
2.61618709564209,1
2.482722043991089,1
2.2731471061706543,1
2.758575439453125,1
2.3634033203125,1
4.230920791625977,1
2.7258520126342773,1
2.7725038528442383,1
2.1419036388397217,1
4.044410705566406,1
4.751243591308594,1
3.7846906185150146,1
2.3798580169677734,1
3.120317220687866,1
2.974879264831543,1
3.387360095977783,1
2.9550600051879883,1
3.372279167175293,1
3.6564552783966064,1
3.0695390701293945,1
2.3331997394561768,1
2.707772731781006,1
3.45979905128479,1
2.626567840576172,1
3.574962615966797,1
3.502808094024658,1
3.059983253479004,1
2.6933512687683105,1
2.4773640632629395,1
2.4388415813446045,1
3.210195779800415,1
2.6737139225006104,1
3.5601859092712402,1
2.7809863090515137,1
2.8261682987213135,1
2.3758606910705566,1
2.5644235610961914,1
2.6623635292053223,1
2.7956714630126953,1
3.068472146987915,1
3.552712917327881,1
3.0775160789489746,1
2.708761692047119,1
2.064544200897217,1
2.887787103652954,1
3.543945550918579,1
3.830214500427246,1
2.639965057373047,1
3.083604335784912,1
2.7922163009643555,1
2.748279571533203,1
3.0564351081848145,1
3.2582619190216064,1
3.1040635108947754,1
3.611252546310425,1
3.879204750061035,1
3.186662197113037,1
3.0589351654052734,1
3.176970958709717,1
2.9281980991363525,1
3.5194873809814453,1
3.845601797103882,1
3.5040183067321777,1
3.6365725994110107,1
4.391323089599609,1
3.7353973388671875,1
3.2411210536956787,1
2.8920493125915527,1
3.637974739074707,1
3.5919079780578613,1
3.054703712463379,1
3.7233660221099854,1
3.4651780128479004,1
3.2829456329345703,1
3.10622239112854,1
3.19464373588562,1
3.219759702682495,1
3.1267573833465576,1
2.9318442344665527,1
3.806663990020752,1
3.641538143157959,1
3.0013303756713867,1
3.483839511871338,1
3.510141372680664,1
3.0553762912750244,1
3.9362852573394775,1
3.4316694736480713,1
2.3134050369262695,1
3.251499652862549,1
3.450237274169922,1
2.939455986022949,1
3.1237287521362305,1
3.036710739135742,1
3.283085823059082,1
3.395794153213501,1
3.830251455307007,1
4.894047260284424,1
4.061924457550049,1
3.0419368743896484,1
4.157517910003662,1
5.3907012939453125,1
4.01483154296875,1
5.574680328369141,1
3.5743181705474854,1
4.301724910736084,1
5.227738380432129,1
3.6537699699401855,1
3.58947491645813,1
4.1673126220703125,1
3.0520219802856445,1
4.216806411743164,1
3.696329116821289,1
3.1633119583129883,1
2.6560487747192383,1
2.7135305404663086,1
3.305349588394165,1
3.240022897720337,1
2.9978818893432617,1
4.8766632080078125,1
3.6292166709899902,1
4.607737064361572,1
3.2856838703155518,1
3.1042158603668213,1
2.946798801422119,1
2.3881049156188965,1
3.2384748458862305,1
2.9905338287353516,1
3.5288424491882324,1
2.660230875015259,1
3.155386209487915,1
3.228590250015259,1
3.270381212234497,1
3.0223283767700195,1
3.4210691452026367,1
2.5247132778167725,1
2.714500904083252,1
3.06719970703125,1
4.103829383850098,1
2.8359436988830566,1
3.838824510574341,1
3.3483312129974365,1
3.3465514183044434,1
2.472256660461426,1
2.67210054397583,1
3.206760883331299,1
3.4008567333221436,1
4.398642539978027,1
2.8695316314697266,1
3.3080711364746094,1
3.785188913345337,1
3.2128000259399414,1
3.027531147003174,1
2.674525737762451,1
2.663087844848633,1
2.7820019721984863,1
2.6599535942077637,1
4.014762878417969,1
3.0623459815979004,1
3.5857930183410645,1
2.4994020462036133,1
3.2759552001953125,1
2.7067582607269287,1
2.7997331619262695,1
2.7581727504730225,1
3.062441825866699,1
3.551499843597412,1
3.666902542114258,1
3.5771615505218506,1
3.762986183166504,1
3.1640267372131348,1
3.021127223968506,1
3.8092751502990723,1
2.7444658279418945,1
2.7827939987182617,1
3.3156864643096924,1
2.896022319793701,1
3.565342664718628,1
4.323040008544922,1
3.180248260498047,1
2.8523292541503906,1
2.8626868724823,1
3.5254786014556885,1
4.065231800079346,1
3.9321341514587402,1
4.493417739868164,1
3.730289936065674,1
3.809509754180908,1
3.9806506633758545,1
3.659182071685791,1
3.9610066413879395,1
3.323235511779785,1
3.583264112472534,1
3.0913238525390625,1
3.5958456993103027,1
3.731137752532959,1
3.8606362342834473,1
4.3699951171875,1
3.7964580059051514,1
3.7530362606048584,1
2.357004165649414,1
3.2598061561584473,1
3.9512507915496826,1
2.9702701568603516,1
3.303954839706421,1
2.9951095581054688,1
3.124912738800049,1
3.4471468925476074,1
3.586510181427002,1
3.1353745460510254,1
3.4900944232940674,1
4.4375200271606445,1
3.1883206367492676,1
2.941866874694824,1
3.2544331550598145,1
3.155071973800659,1
2.9774365425109863,1
2.837756633758545,1
3.47432804107666,1
3.5688552856445313,1
3.284501552581787,1
3.1929855346679688,1
2.962354898452759,1
3.0593910217285156,1
3.442129135131836,1
3.829436779022217,1
3.9136152267456055,1
3.1371731758117676,1
3.2708048820495605,1
3.1744821071624756,1
2.5433998107910156,1
3.763502836227417,1
2.4719276428222656,1
3.162930727005005,1
3.249864101409912,1
2.5954933166503906,1
3.162041187286377,1
2.298396348953247,1
3.39508056640625,1
2.575075387954712,1
3.552028179168701,1
2.4485530853271484,1
2.705369472503662,1
3.222421169281006,1
3.074023962020874,1
2.559762477874756,1
3.5121829509735107,1
2.3952696323394775,1
4.749466896057129,1
4.061771392822266,1
2.9961328506469727,1
3.050492763519287,1
2.9020087718963623,1
2.976854085922241,1
3.1417558193206787,1
3.9136691093444824,1
2.8715662956237793,1
3.523808479309082,1
2.8263227939605713,1
2.9238967895507813,1
2.503976345062256,1
3.0083694458007813,1
2.211092472076416,1
2.4055747985839844,1
3.5217509269714355,1
3.1335794925689697,1
2.6361255645751953,1
3.1964733600616455,1
2.618849992752075,1
2.592090129852295,1
2.5719494819641113,1
3.0363032817840576,1
2.693188190460205,1
4.079104423522949,1
2.753467559814453,1
3.4800100326538086,1
3.024674415588379,1
2.7650327682495117,1
3.256965160369873,1
3.4217658042907715,1
3.4596152305603027,1
2.694072723388672,1
3.0802066326141357,1
2.8912529945373535,1
2.812020778656006,1
2.544841766357422,1
3.3619422912597656,1
2.271653652191162,1
2.4406867027282715,1
2.515951633453369,1
2.8162620067596436,1
4.946646690368652,1
3.424036979675293,1
3.463176965713501,1
3.8456614017486572,1
2.826996088027954,1
3.0763773918151855,1
3.831160545349121,1
3.0329158306121826,1
3.4992332458496094,1
4.537282466888428,1
4.1236572265625,1
2.955634832382202,1
3.217808246612549,1
3.2547974586486816,1
3.478076696395874,1
2.125382900238037,1
3.114628553390503,1
2.871472120285034,1
3.548638343811035,1
2.954508066177368,1
3.8468260765075684,1
3.7686069011688232,1
3.9254560470581055,1
3.3452134132385254,1
3.2300333976745605,1
2.861607313156128,1
3.1375768184661865,1
3.7534804344177246,1
3.7237160205841064,1
2.847048759460449,1
4.039552688598633,1
4.203588485717773,1
3.280592441558838,1
3.607484817504883,1
2.6903343200683594,1
4.117152214050293,1
3.8576250076293945,1
3.080610990524292,1
3.2707571983337402,1
3.1520512104034424,1
3.647186040878296,1
2.8192286491394043,1
2.560779333114624,1
3.5361976623535156,1
2.8928582668304443,1
2.6234278678894043,1
2.866403579711914,1
2.708066463470459,1
2.9826955795288086,1
3.3654630184173584,1
3.0055060386657715,1
2.5374464988708496,1
2.998106002807617,1
3.3935365676879883,1
2.6675148010253906,1
3.2433979511260986,1
3.3280715942382813,1
2.8576130867004395,1
2.9679489135742188,1
2.9339802265167236,1
2.3487234115600586,1
2.5441107749938965,1
3.003384590148926,1
4.026493072509766,1
3.250718832015991,1
3.1535959243774414,1
3.3772735595703125,1
3.809277057647705,1
3.056513786315918,1
3.0953845977783203,1
3.1940364837646484,1
2.9843173027038574,1
3.524869203567505,1
3.2728796005249023,1
4.869273662567139,1
2.3459949493408203,1
2.9295008182525635,1
2.781677722930908,1
2.5190789699554443,1
3.6550111770629883,1
3.9196174144744873,1
3.130113124847412,1
3.212292194366455,1
2.6857056617736816,1
4.241707801818848,1
3.376596450805664,1
2.449186325073242,1
3.403496026992798,1
4.172298908233643,1
3.2983055114746094,1
3.441925048828125,1
3.356358051300049,1
3.4079666137695313,1
3.5718493461608887,1
2.494962215423584,1
2.8523807525634766,1
2.749917507171631,1
2.960726261138916,1
2.8690285682678223,1
2.923471212387085,1
2.7379672527313232,1
2.600247859954834,1
3.259037971496582,1
2.537848949432373,1
2.495163679122925,1
2.488926410675049,1
4.285110950469971,1
4.186153411865234,1
3.1000499725341797,1
3.499885082244873,1
3.347231864929199,1
2.621405601501465,1
3.87717342376709,1
3.3420209884643555,1
3.3023478984832764,1
3.2260243892669678,1
4.630663871765137,1
4.076498985290527,1
3.203787326812744,1
3.446836471557617,1
3.5260915756225586,1
3.336284637451172,1
3.3613224029541016,1
3.749497413635254,1
2.663886547088623,1
2.4908342361450195,1
2.5655770301818848,1
3.1207058429718018,1
2.9474520683288574,1
2.7006583213806152,1
2.1143546104431152,1
3.2337896823883057,1
2.4105546474456787,1
3.2981772422790527,1
2.828092098236084,1
3.2388851642608643,1
3.023104667663574,1
4.361884593963623,1
3.1596169471740723,1
4.328519344329834,1
2.7634809017181396,1
3.2685792446136475,1
2.579977035522461,1
2.733463764190674,1
3.1254782676696777,1
2.775383949279785,1
3.4644713401794434,1
5.154547691345215,1
4.056793212890625,1
3.252277374267578,1
2.7897138595581055,1
3.7208251953125,1
3.425014019012451,1
3.2279114723205566,1
3.5932986736297607,1
3.9346046447753906,1
3.619431972503662,1
3.4117722511291504,1
3.332521915435791,1
3.8343896865844727,1
3.4411091804504395,1
4.109847068786621,1
3.872469186782837,1
2.9851207733154297,1
3.279874324798584,1
3.3378102779388428,1
2.522538661956787,1
3.1789650917053223,1
2.851091146469116,1
3.197551965713501,1
3.7144064903259277,1
4.432498931884766,1
2.692739725112915,1
3.61460280418396,1
2.66573429107666,1
2.70211124420166,1
3.300678014755249,1
3.6892409324645996,1
3.398876667022705,1
4.28890323638916,1
2.7796425819396973,1
3.7184131145477295,1
3.3857460021972656,1
3.7505834102630615,1
3.608725070953369,1
4.034735202789307,1
4.298511505126953,1
2.971829891204834,1
2.2278361320495605,1
3.596883535385132,1
3.89943528175354,1
3.313523292541504,1
3.503824234008789,1
2.7004270553588867,1
3.236929178237915,1
4.016513824462891,1
3.4910874366760254,1
3.1504855155944824,1
3.5638175010681152,1
3.3850276470184326,1
2.7592175006866455,1
3.206813335418701,1
3.8595516681671143,1
3.5903663635253906,1
2.63527774810791,1
2.6463637351989746,1
3.300891399383545,1
2.761132001876831,1
3.0755228996276855,1
2.7414441108703613,1
2.414534568786621,1
3.1294960975646973,1
2.575040578842163,1
2.838836193084717,1
2.688417434692383,1
3.713067054748535,1
2.779228687286377,1
3.281029462814331,1
2.5510106086730957,1
2.5906758308410645,1
2.980290412902832,1
2.647446393966675,1
3.384587049484253,1
3.151538848876953,1
2.61848783493042,1
2.5519680976867676,1
2.938126564025879,1
2.2817838191986084,1
2.6072840690612793,1
3.147446393966675,1
3.518824815750122,1
1.955091953277588,1
2.1560826301574707,1
2.0502216815948486,1
3.355469226837158,1
3.8861846923828125,1
2.845658779144287,1
2.962282180786133,1
2.694136142730713,1
2.699601173400879,1
3.121971368789673,1
2.7344353199005127,1
3.2664623260498047,1
2.7406091690063477,1
2.8805487155914307,1
2.9073715209960938,1
2.695255756378174,1
3.340942859649658,1
3.5298209190368652,1
2.192655563354492,1
3.1059789657592773,1
3.0358848571777344,1
5.442768573760986,1
3.3503756523132324,1
2.657156229019165,1
3.1064162254333496,1
3.378661632537842,1
3.0908617973327637,1
3.705070972442627,1
2.857964038848877,1
2.5842113494873047,1
2.9111812114715576,1
2.5236899852752686,1
2.445998430252075,1
2.799635410308838,1
2.4964311122894287,1
3.0969278812408447,1
2.915276050567627,1
2.9471817016601563,1
2.6602587699890137,1
1.919750690460205,1
2.8265380859375,1
3.058953285217285,1
2.5479307174682617,1
3.2434821128845215,1
2.2805018424987793,1
3.367427349090576,1
2.396481990814209,1
2.793598175048828,1
3.2588419914245605,1
3.3731093406677246,1
2.5538012981414795,1
2.5321121215820313,1
2.8710219860076904,1
2.833250045776367,1
2.937507390975952,1
3.603694438934326,1
3.9658215045928955,1
2.8317835330963135,1
2.9785094261169434,1
2.581609010696411,1
2.9715774059295654,1
2.987246036529541,1
2.784120798110962,1
1.7903884649276733,1
2.8308281898498535,1
2.624159336090088,1
2.890148639678955,1
4.173988342285156,1
2.9109482765197754,1
3.229665756225586,1
3.8151588439941406,1
2.9672937393188477,1
3.4396181106567383,1
2.9723825454711914,1
3.8745436668395996,1
3.230410575866699,1
3.397413492202759,1
2.5309901237487793,1
3.8200464248657227,1
3.884525775909424,1
2.9322409629821777,1
2.928983211517334,1
2.6019673347473145,1
3.6050851345062256,1
3.577087879180908,1
2.467419147491455,1
2.877291679382324,1
2.105276107788086,1
3.6979660987854004,1
2.3253629207611084,1
2.50368070602417,1
2.3169302940368652,1
3.5083630084991455,1
3.1886367797851563,1
2.9184608459472656,1
2.6493186950683594,1
3.3481202125549316,1
2.521622657775879,1
3.0430500507354736,1
2.570387125015259,1
2.6644701957702637,1
2.7437682151794434,1
2.956495523452759,1
3.3283071517944336,1
2.8078970909118652,1
2.863527774810791,1
2.9589762687683105,1
2.4984490871429443,1
2.9234137535095215,1
2.1958365440368652,1
2.437549591064453,1
2.968806743621826,1
2.583954334259033,1
2.066218376159668,1
2.4263453483581543,1
3.0053725242614746,1
2.7322001457214355,1
2.497605323791504,1
4.123822212219238,1
3.8864853382110596,1
3.274932384490967,1
2.273749351501465,1
3.4156112670898438,1
2.8281946182250977,1
3.009350538253784,1
3.286604881286621,1
2.789809465408325,1
2.3570961952209473,1
2.8111658096313477,1
3.1606247425079346,1
2.3222599029541016,1
3.160207509994507,1
2.7931406497955322,1
3.511458158493042,1
2.8030762672424316,1
3.3774728775024414,1
2.891608476638794,1
2.9376168251037598,1
3.126964807510376,1
3.154017448425293,1
3.6408541202545166,1
4.364126205444336,1
3.6229934692382813,1
4.031077861785889,1
3.333937883377075,1
2.601285457611084,1
3.796093463897705,1
3.301480293273926,1
3.697878360748291,1
2.4881839752197266,1
4.987607955932617,1
2.3487319946289063,1
2.9930825233459473,1
2.9437990188598633,1
2.331380844116211,1
2.637641191482544,1
3.0467371940612793,1
2.8117129802703857,1
3.016643524169922,1
2.6878249645233154,1
2.9638752937316895,1
2.518052339553833,1
2.5701406002044678,1
2.737938404083252,1
3.043593406677246,1
4.350000381469727,1
3.2063241004943848,1
3.235485076904297,1
2.840837001800537,1
2.7609567642211914,1
2.2143383026123047,1
2.4105679988861084,1
2.8103761672973633,1
2.9462249279022217,1
2.836202621459961,1
3.619039535522461,1
2.651259660720825,1
2.9036660194396973,1
3.1208202838897705,1
3.028703212738037,1
2.390554904937744,1
2.6476988792419434,1
3.486934185028076,1
2.370983362197876,1
2.8178858757019043,1
2.7499077320098877,1
3.2668673992156982,1
3.6012442111968994,1
3.10115909576416,1
2.7692809104919434,1
2.5528385639190674,1
3.560438632965088,1
2.9461209774017334,1
2.9598000049591064,1
3.241349697113037,1
2.9379043579101563,1
3.651733875274658,1
3.0959925651550293,1
2.0978550910949707,1
3.3968398571014404,1
3.051860809326172,1
3.1094017028808594,1
2.7342796325683594,1
2.7311387062072754,1
2.7932474613189697,1
3.100874423980713,1
2.7886266708374023,1
2.885164737701416,1
2.131765127182007,1
3.19541597366333,1
2.733525276184082,1
3.780630588531494,1
3.027400016784668,1
3.4449005126953125,1
2.700540542602539,1
3.40169620513916,1
2.8767337799072266,1
3.30867600440979,1
3.5170369148254395,1
2.853513717651367,1
2.758618116378784,1
3.095630168914795,1
3.5242996215820313,1
4.254212856292725,1
2.6402509212493896,1
2.5970840454101563,1
2.2946054935455322,1
3.550656318664551,1
3.1841602325439453,1
2.8662428855895996,1
3.4646739959716797,1
2.618910789489746,1
3.775146245956421,1
3.0497093200683594,1
2.840383291244507,1
3.0371434688568115,1
3.2486870288848877,1
3.213564157485962,1
2.100944995880127,1
3.3144209384918213,1
3.6812310218811035,1
3.4565482139587402,1
2.764249801635742,1
2.836132764816284,1
3.2731170654296875,1
3.770956516265869,1
3.0016307830810547,1
2.7357428073883057,1
2.854036808013916,1
2.9912233352661133,1
3.1560189723968506,1
3.263733386993408,1
4.2451276779174805,1
2.7210350036621094,1
3.242617130279541,1
4.377223491668701,1
3.7711756229400635,1
3.108902931213379,1
3.0121054649353027,1
2.9957473278045654,1
2.9052789211273193,1
2.8905234336853027,1
3.3180739879608154,1
2.6631100177764893,1
2.9177134037017822,1
3.1869125366210938,1
3.0388503074645996,1
3.1717758178710938,1
2.751445770263672,1
3.713252544403076,1
2.747684955596924,1
3.4262092113494873,1
2.471282720565796,1
2.8321800231933594,1
2.4466042518615723,1
3.2372941970825195,1
2.4532461166381836,1
3.0001308917999268,1
2.675969123840332,1
2.2707679271698,1
3.154289960861206,1
3.1979498863220215,1
4.105794906616211,1
3.334120273590088,1
3.171691417694092,1
3.005784511566162,1
2.9681901931762695,1
3.2742462158203125,1
2.6841025352478027,1
3.3094046115875244,1
3.6868577003479004,1
3.1587562561035156,1
2.654552459716797,1
2.708853244781494,1
1.997910737991333,1
2.4623794555664063,1
2.9371542930603027,1
2.420215129852295,1
2.416663408279419,1
3.1611204147338867,1
4.070039749145508,1
3.132396697998047,1
4.102719783782959,1
4.406144142150879,1
3.546025276184082,1
2.802541494369507,1
3.4805126190185547,1
2.813951015472412,1
4.0906572341918945,1
3.1690096855163574,1
2.637669086456299,1
2.742959499359131,1
2.550577163696289,1
3.1491007804870605,1
4.906442642211914,1
3.0817208290100098,1
3.122774600982666,1
7.049064636230469,1
2.747504711151123,1
3.2118592262268066,1
2.79598069190979,1
3.513829231262207,1
3.307645797729492,1
3.263099193572998,1
3.034479856491089,1
3.2840957641601563,1
2.6691949367523193,1
3.152963876724243,1
2.9439470767974854,1
3.603872776031494,1
3.445089340209961,1
2.6799490451812744,1
2.6135342121124268,1
3.5864779949188232,1
2.86378812789917,1
2.9865036010742188,1
3.131246328353882,1
4.012091636657715,1
2.9513447284698486,1
2.531256914138794,1
3.3810839653015137,1
2.678593158721924,1
3.5951099395751953,1
2.7661800384521484,1
2.9313604831695557,1
3.328334331512451,1
2.9573416709899902,1
2.4863202571868896,1
2.4950978755950928,1
2.573953628540039,1
2.542729377746582,1
3.028892993927002,1
3.557374954223633,1
2.83764910697937,1
2.8428540229797363,1
2.6137397289276123,1
2.6769940853118896,1
2.323665142059326,1
2.1233723163604736,1
3.943723201751709,1
2.8124191761016846,1
2.9196105003356934,1
3.6371355056762695,1
3.0094056129455566,1
2.7059152126312256,1
2.48384690284729,1
3.3341856002807617,1
2.4297986030578613,1
2.5806994438171387,1
3.4530508518218994,1
2.5763583183288574,1
2.9927687644958496,1
3.439546823501587,1
2.7756223678588867,1
2.1371257305145264,1
2.575505256652832,1
3.4611825942993164,1
3.4276089668273926,1
3.1129708290100098,1
2.8500871658325195,1
3.6138668060302734,1
3.2329893112182617,1
4.145833492279053,1
3.207048177719116,1
3.024519920349121,1
3.417433261871338,1
3.028808116912842,1
3.021491765975952,1
3.2247228622436523,1
2.9436328411102295,1
2.6487605571746826,1
3.187598705291748,1
2.8342459201812744,1
3.2761754989624023,1
4.8029093742370605,1
2.816689968109131,1
4.248905181884766,1
2.8721625804901123,1
3.3212289810180664,1
2.8962059020996094,1
2.995572566986084,1
3.132054090499878,1
2.8716585636138916,1
2.611067771911621,1
2.1949329376220703,1
2.2394986152648926,1
3.3887457847595215,1
3.2912540435791016,1
4.478863716125488,1
3.52921986579895,1
3.433743476867676,1
3.246534585952759,1
3.252244472503662,1
2.64632511138916,1
4.310538291931152,1
4.438660621643066,1
3.2980246543884277,1
3.3668408393859863,1
3.6665186882019043,1
6.707452297210693,1
3.1017398834228516,1
2.212332248687744,1
2.3621392250061035,1
2.877305746078491,1
2.981724500656128,1
4.66956090927124,1
3.228153705596924,1
2.595339298248291,1
2.737032413482666,1
3.087069272994995,1
3.0310535430908203,1
3.291459321975708,1
2.638892889022827,1
2.8789114952087402,1
3.7070472240448,1
3.3573551177978516,1
2.7996134757995605,1
3.372199296951294,1
3.228963851928711,1
2.7857673168182373,1
3.364863872528076,1
3.5396177768707275,1
3.0112249851226807,1
2.8229691982269287,1
3.091679811477661,1
3.491305112838745,1
3.094524621963501,1
2.4157819747924805,1
2.940807342529297,1
3.417222499847412,1
2.800395965576172,1
3.4514222145080566,1
2.657360553741455,1
3.7638940811157227,1
2.655679225921631,1
3.860447406768799,1
3.2397470474243164,1
2.84863018989563,1
3.1813342571258545,1
3.225423812866211,1
2.8733441829681396,1
3.1837172508239746,1
3.4043288230895996,1
2.590034008026123,1
2.8272252082824707,1
3.2227325439453125,1
2.9505038261413574,1
3.562997817993164,1
2.834878444671631,1
2.764225721359253,1
3.128818988800049,1
2.300046443939209,1
2.41924786567688,1
2.5219900608062744,1
3.144838571548462,1
2.3475513458251953,1
2.5237603187561035,1
3.011016607284546,1
3.0291976928710938,1
3.266794204711914,1
2.5779404640197754,1
2.869877815246582,1
2.8113181591033936,1
2.8804221153259277,1
2.5488121509552,1
2.644552707672119,1
2.292421340942383,1
3.117133617401123,1
3.3382444381713867,1
3.1383848190307617,1
3.140063524246216,1
3.1636385917663574,1
2.892000436782837,1
2.2218098640441895,1
2.9393539428710938,1
2.7731432914733887,1
3.3366951942443848,1
3.51005482673645,1
3.1605124473571777,1
3.323005437850952,1
2.968883514404297,1
3.815129041671753,1
3.1064350605010986,1
3.155716896057129,1
3.442758798599243,1
3.058236837387085,1
2.850703239440918,1
3.1283748149871826,1
3.789041519165039,1
4.581295967102051,1
3.9917333126068115,1
3.335024833679199,1
3.022710084915161,1
2.6836130619049072,1
2.8730292320251465,1
3.0849556922912598,1
3.6320700645446777,1
2.771799087524414,1
3.739516258239746,1
2.8700764179229736,1
2.587296962738037,1
2.7720046043395996,1
3.5168557167053223,1
3.389370918273926,1
2.9180335998535156,1
2.3663816452026367,1
2.288239002227783,1
2.253618001937866,1
3.033738613128662,1
2.695671558380127,1
2.8479363918304443,1
4.312735557556152,1
3.2913479804992676,1
2.5805540084838867,1
3.2180163860321045,1
2.8337507247924805,1
2.969128131866455,1
2.787220001220703,1
2.7905373573303223,1
2.5896668434143066,1
3.458094596862793,1
3.0760929584503174,1
2.949688196182251,1
2.909559488296509,1
3.191540241241455,1
2.8323745727539063,1
2.2852301597595215,1
3.102324962615967,1
3.233552932739258,1
3.5302810668945313,1
3.4648995399475098,1
3.5567688941955566,1
3.069446563720703,1
3.0430691242218018,1
2.381559371948242,1
3.537226676940918,1
2.815617561340332,1
4.084490776062012,1
4.16307258605957,1
3.051894426345825,1
3.942391872406006,1
4.601397514343262,1
2.909203052520752,1
2.485447406768799,1
2.755326509475708,1
2.760776996612549,1
2.080209732055664,1
3.3898746967315674,1
3.1483840942382813,1
2.7965645790100098,1
3.1847915649414063,1
3.639477252960205,1
3.46478009223938,1
3.04490327835083,1
3.0613222122192383,1
2.753939151763916,1
4.271461486816406,1
3.3867392539978027,1
3.0201287269592285,1
3.5964479446411133,1
4.604123115539551,1
3.039928913116455,1
2.8456006050109863,1
2.7483839988708496,1
2.5275652408599854,1
3.767428398132324,1
2.5902113914489746,1
3.614898204803467,1
2.6231658458709717,1
2.560908317565918,1
3.273604393005371,1
2.5395216941833496,1
3.3321869373321533,1
4.28682279586792,1
3.0186939239501953,1
3.008711338043213,1
2.752739191055298,1
2.9849274158477783,1
3.0526342391967773,1
3.255284309387207,1
2.497238874435425,1
3.2222890853881836,1
3.787325143814087,1
3.0373969078063965,1
2.2844066619873047,1
2.7724432945251465,1
2.5909252166748047,1
3.259723663330078,1
2.60029935836792,1
2.611574649810791,1
3.0674238204956055,1
3.1667566299438477,1
2.310401678085327,1
3.041733741760254,1
2.6136035919189453,1
2.8061389923095703,1
3.2389183044433594,1
2.300502061843872,1
2.6917572021484375,1
3.252002239227295,1
2.762153148651123,1
2.7974400520324707,1
2.842257499694824,1
3.14239501953125,1
2.915205240249634,1
3.1116528511047363,1
3.9102249145507813,1
3.072854995727539,1
2.9081602096557617,1
3.7078309059143066,1
2.5665640830993652,1
2.5626368522644043,1
2.2732748985290527,1
2.4838762283325195,1
2.870246410369873,1
2.737759828567505,1
2.418903350830078,1
3.91398024559021,1
2.76723313331604,1
3.172412872314453,1
3.1679959297180176,1
2.36124324798584,1
2.7141780853271484,1
2.8546507358551025,1
2.867617130279541,1
3.0968780517578125,1
3.914048194885254,1
2.6673502922058105,1
2.4507548809051514,1
3.9574451446533203,1
3.000960350036621,1
2.5366249084472656,1
3.2262277603149414,1
2.948225498199463,1
2.221285343170166,1
2.4903101921081543,1
2.9072346687316895,1
2.494210958480835,1
3.1129515171051025,1
2.794583797454834,1
3.4145705699920654,1
2.370574474334717,1
2.991236925125122,1
3.2156338691711426,1
3.6902408599853516,1
3.0799551010131836,1
3.443228244781494,1
3.62614107131958,1
3.598287582397461,1
3.5477540493011475,1
3.219257354736328,1
3.2530229091644287,1
2.9856410026550293,1
3.517399311065674,1
3.094085454940796,1
2.9311635494232178,1
2.7219510078430176,1
2.428797721862793,1
2.485184669494629,1
3.086639165878296,1
2.9966750144958496,1
3.15041446685791,1
3.1368536949157715,1
3.527132987976074,1
3.3350915908813477,1
3.312222957611084,1
2.6435775756835938,1
2.909832000732422,1
2.466956615447998,1
3.446218490600586,1
3.2604613304138184,1
3.0642025470733643,1
3.012765407562256,1
3.7638251781463623,1
3.3480257987976074,1
2.169161796569824,1
2.71042799949646,1
2.8205389976501465,1
3.237680673599243,1
2.431081533432007,1
3.2263875007629395,1
4.619422912597656,1
2.7440316677093506,1
2.900233507156372,1
3.3134236335754395,1
2.766955852508545,1
2.4018173217773438,1
2.763032913208008,1
3.3019471168518066,1
3.0485622882843018,1
4.1582536697387695,1
2.916901111602783,1
4.2723236083984375,1
3.1381940841674805,1
3.850987195968628,1
3.9371085166931152,1
3.5846481323242188,1
3.184192180633545,1
3.452517032623291,1
3.4087014198303223,1
3.439920425415039,1
3.6861634254455566,1
4.078150749206543,1
2.6348955631256104,1
3.3380277156829834,1
2.7592649459838867,1
3.0975637435913086,1
3.9839651584625244,1
2.7832725048065186,1
3.7065370082855225,1
3.0102853775024414,1
3.6960787773132324,1
3.12093448638916,1
2.714935302734375,1
2.388566255569458,1
2.686325788497925,1
2.806264877319336,1
2.8252902030944824,1
2.5734572410583496,1
2.7432174682617188,1
2.615696430206299,1
3.3071236610412598,1
2.9932146072387695,1
2.6503143310546875,1
3.42187237739563,1
2.705812931060791,1
2.380600690841675,1
2.854649066925049,1
2.6382668018341064,1
3.0954620838165283,1
2.5041778087615967,1
3.9754788875579834,1
2.7986366748809814,1
2.2568931579589844,1
2.9002623558044434,1
4.19204044342041,1
2.9923930168151855,1
3.1335415840148926,1
3.2842345237731934,1
3.016303300857544,1
4.261622428894043,1
2.9040064811706543,1
3.1395578384399414,1
3.5274481773376465,1
3.6449592113494873,1
3.072625160217285,1
3.109407901763916,1
3.2209386825561523,1
2.9048285484313965,1
4.142724990844727,1
4.16262674331665,1
4.270169258117676,1
2.8070082664489746,1
3.0234591960906982,1
4.0214691162109375,1
5.750794887542725,1
4.211399555206299,1
2.7659058570861816,1
4.390348434448242,1
3.863859176635742,1
2.645672559738159,1
3.822772979736328,1
3.424248695373535,1
4.267454147338867,1
3.8001298904418945,1
2.3709373474121094,1
3.257103443145752,1
3.022563934326172,1
3.597487449645996,1
3.2957022190093994,1
3.3777925968170166,1
3.2563164234161377,1
3.2547407150268555,1
3.4276039600372314,1
3.3955414295196533,1
3.7615296840667725,1
3.3341023921966553,1
3.0857179164886475,1
3.0622668266296387,1
3.072913885116577,1
3.3317456245422363,1
3.0834598541259766,1
3.2695834636688232,1
3.6157875061035156,1
3.1401586532592773,1
4.1026811599731445,1
4.148402214050293,1
2.7900922298431396,1
2.8792476654052734,1
3.4073479175567627,1
2.4315617084503174,1
3.378805160522461,1
2.427459955215454,1
2.9436187744140625,1
2.969205617904663,1
2.6408114433288574,1
2.628689765930176,1
3.1279706954956055,1
3.323840618133545,1
2.478553295135498,1
2.8221139907836914,1
2.525298833847046,1
2.453301429748535,1
2.6069326400756836,1
3.39117431640625,1
3.295863628387451,1
3.507535934448242,1
3.0161983966827393,1
2.7647905349731445,1
2.987684488296509,1
2.908979654312134,1
4.088522911071777,1
3.6625356674194336,1
3.563817024230957,1
3.5944931507110596,1
3.5436863899230957,1
2.755847454071045,1
2.5498058795928955,1
3.233328342437744,1
3.543335437774658,1
3.3034095764160156,1
2.886406898498535,1
2.9866316318511963,1
3.4806816577911377,1
3.1505157947540283,1
3.468700885772705,1
2.772212028503418,1
2.885340929031372,1
2.695591688156128,1
2.9965131282806396,1
3.278942108154297,1
2.8980627059936523,1
3.6146655082702637,1
3.638178825378418,1
3.384155750274658,1
4.143654823303223,1
6.140419006347656,1
4.454575538635254,1
3.3418893814086914,1
3.3185677528381348,1
4.430573463439941,1
6.04056453704834,1
6.076932430267334,1
4.024625778198242,1
3.1778459548950195,1
3.8850173950195313,1
3.2865850925445557,1
3.3221776485443115,1
3.744978666305542,1
4.010279655456543,1
7.254117012023926,1
3.9153974056243896,1
3.5713839530944824,1
3.1013131141662598,1
3.314703941345215,1
3.446976900100708,1
3.4934372901916504,1
3.607945442199707,1
3.124253273010254,1
2.7957000732421875,1
2.8845953941345215,1
2.8528499603271484,1
2.915358781814575,1
4.784396171569824,1
3.2227959632873535,1
3.747044086456299,1
4.197229385375977,1
4.550323486328125,1
3.62713360786438,1
2.7446086406707764,1
3.1535210609436035,1
3.46474027633667,1
3.359952688217163,1
3.656090497970581,1
3.3797507286071777,1
3.7260537147521973,1
4.05879020690918,1
4.649186134338379,1
4.255249977111816,1
3.296596050262451,1
3.757981777191162,1
3.1920833587646484,1
4.045685768127441,1
4.123292922973633,1
3.5378217697143555,1
4.289257526397705,1
3.827937602996826,1
4.433013439178467,1
3.4951207637786865,1
3.4867067337036133,1
4.072172164916992,1
3.7803897857666016,1
4.228202819824219,1
3.1700949668884277,1
2.7373416423797607,1
3.3994908332824707,1
3.2759974002838135,1
3.9434688091278076,1
4.23733377456665,1
3.521331310272217,1
3.515038013458252,1
3.497596502304077,1
3.6403374671936035,1
3.0321764945983887,1
3.904904842376709,1
2.903716564178467,1
3.4173102378845215,1
3.075035572052002,1
2.798232316970825,1
2.6690988540649414,1
2.5102314949035645,1
2.6009955406188965,1
3.2018611431121826,1
3.6846024990081787,1
2.979926109313965,1
3.29201602935791,1
3.4573493003845215,1
3.004885673522949,1
2.8693385124206543,1
3.077960968017578,1
2.5068044662475586,1
2.678813934326172,1
3.802764415740967,1
4.4702935218811035,1
3.118234157562256,1
3.780268669128418,1
3.7765512466430664,1
2.6391355991363525,1
5.298165321350098,1
3.622971296310425,1
3.031376361846924,1
3.2031140327453613,1
3.514331817626953,1
2.670715808868408,1
2.5476415157318115,1
3.440431833267212,1
3.9614620208740234,1
3.3660645484924316,1
3.196721076965332,1
2.386592388153076,1
2.235344648361206,1
2.9754040241241455,1
3.1868128776550293,1
2.6342034339904785,1
3.3510165214538574,1
2.4650800228118896,1
2.382978677749634,1
2.5390427112579346,1
3.072808265686035,1
5.903424263000488,1
4.707514762878418,1
3.7801785469055176,1
2.985691785812378,1
2.576906442642212,1
2.6589367389678955,1
2.899444580078125,1
3.8523612022399902,1
3.562249183654785,1
3.515897512435913,1
3.1861963272094727,1
3.637312173843384,1
3.4147510528564453,1
3.4927191734313965,1
3.3357648849487305,1
3.9898221492767334,1
3.4079484939575195,1
3.7456095218658447,1
2.4053030014038086,1
3.0435004234313965,1
2.665884017944336,1
3.530292510986328,1
3.699221134185791,1
3.5737252235412598,1
3.5059685707092285,1
3.8174397945404053,1
3.381763458251953,1
3.7418885231018066,1
3.8054921627044678,1
4.127671241760254,1
4.892196178436279,1
3.0285964012145996,1
2.532038450241089,1
2.9540553092956543,1
3.309396982192993,1
3.9620563983917236,1
3.3205840587615967,1
2.5235729217529297,1
3.285025119781494,1
3.7145638465881348,1
3.8879990577697754,1
3.7079274654388428,1
4.139828681945801,1
3.4729115962982178,1
3.875941753387451,1
3.8113551139831543,1
3.2322487831115723,1
3.3219258785247803,1
3.0032100677490234,1
3.3671555519104004,1
2.623605251312256,1
2.7949888706207275,1
4.237802982330322,1
3.007378578186035,1
2.9488179683685303,1
2.5169076919555664,1
3.7846412658691406,1
3.116950035095215,1
3.494317054748535,1
2.9823901653289795,1
2.731368064880371,1
3.41103458404541,1
2.9766387939453125,1
3.5618340969085693,1
2.963047504425049,1
3.946678638458252,1
2.6246118545532227,1
2.5819501876831055,1
4.439303398132324,1
2.9710848331451416,1
3.5934410095214844,1
3.199681282043457,1
2.842925548553467,1
2.965933322906494,1
3.047581672668457,1
3.682375192642212,1
3.2629475593566895,1
3.049673318862915,1
3.5956010818481445,1
3.08404541015625,1
2.277641534805298,1
2.756178855895996,1
2.685929298400879,1
2.591277837753296,1
3.2157232761383057,1
3.675271511077881,1
2.6077709197998047,1
3.008984327316284,1
2.960235357284546,1
2.5043020248413086,1
3.480257511138916,1
2.6698391437530518,1
3.0138795375823975,1
3.1986846923828125,1
2.312875986099243,1
3.1966683864593506,1
3.2347021102905273,1
3.354456663131714,1
3.277559280395508,1
3.4326462745666504,1
3.449850559234619,1
3.0903713703155518,1
3.3962254524230957,1
3.2578439712524414,1
2.440948724746704,1
3.1618666648864746,1
3.6056506633758545,1
3.3426663875579834,1
4.879087448120117,1
2.9057915210723877,1
3.7281389236450195,1
3.8421430587768555,1
3.812089681625366,1
3.204914093017578,1
3.0665407180786133,1
4.69072961807251,1
3.92094087600708,1
6.520324230194092,1
4.222524642944336,1
3.07761287689209,1
3.805811882019043,1
3.6180245876312256,1
2.7897629737854004,1
3.495814561843872,1
3.5742573738098145,1
2.847189426422119,1
3.784872531890869,1
3.8520405292510986,1
3.1538524627685547,1
2.866024971008301,1
3.197937488555908,1
3.9898054599761963,1
3.263049364089966,1
3.5496535301208496,1
3.795524835586548,1
2.5826528072357178,1
2.952418088912964,1
3.2620201110839844,1
4.302852153778076,1
3.2339928150177,1
2.580300807952881,1
2.4005699157714844,1
3.7193026542663574,1
3.7011332511901855,1
3.3308398723602295,1
3.6996006965637207,1
3.326503276824951,1
3.827815294265747,1
3.2469048500061035,1
3.0074715614318848,1
2.5658159255981445,1
3.271167039871216,1
3.797741413116455,1
3.1731514930725098,1
3.1221776008605957,1
2.439012289047241,1
3.2595131397247314,1
3.1811342239379883,1
3.0340521335601807,1
3.391449451446533,1
3.886474132537842,1
2.6598165035247803,1
3.1294100284576416,1
2.7600741386413574,1
3.280465841293335,1
3.702324151992798,1
3.244642496109009,1
4.769583702087402,1
4.201644420623779,1
3.064800262451172,1
2.654625654220581,1
3.155879497528076,1
2.933415412902832,1
3.3940396308898926,1
3.6230461597442627,1
2.759232521057129,1
2.8774752616882324,1
3.5121119022369385,1
3.5165252685546875,1
2.2690210342407227,1
2.747767925262451,1
2.768778085708618,1
2.843205451965332,1
4.004757881164551,1
3.821779251098633,1
4.257372856140137,1
3.6235904693603516,1
3.311450958251953,1
2.8698880672454834,1
4.006697654724121,1
3.136516571044922,1
3.8332533836364746,1
2.999694347381592,1
2.6306395530700684,1
3.9803860187530518,1
2.8217852115631104,1
2.2893218994140625,1
3.3102126121520996,1
4.571824073791504,1
3.226085662841797,1
3.375422239303589,1
3.4573452472686768,1
3.120654582977295,1
2.767894744873047,1
2.702277660369873,1
3.0754871368408203,1
2.60032057762146,1
2.119114637374878,1
3.1411190032958984,1
4.015251159667969,1
3.1784586906433105,1
2.348947525024414,1
3.176398277282715,1
2.7037181854248047,1
2.9425578117370605,1
2.676088333129883,1
2.5244569778442383,1
2.818795680999756,1
3.662013292312622,1
3.8387532234191895,1
3.935667037963867,1
3.173109292984009,1
3.015852689743042,1
3.558505058288574,1
4.561992168426514,1
3.79144549369812,1
2.898935317993164,1
2.9520645141601563,1
2.7111358642578125,1
3.035579204559326,1
4.181626796722412,1
2.942573070526123,1
3.5168561935424805,1
3.9935483932495117,1
2.5733482837677,1
3.2452287673950195,1
4.095677375793457,1
6.355245590209961,1
3.712231397628784,1
2.9864654541015625,1
2.938021659851074,1
2.8995790481567383,1
4.091137409210205,1
3.9492619037628174,1
4.005249977111816,1
4.005440711975098,1
3.4987263679504395,1
2.7361559867858887,1
2.6207518577575684,1
3.344031810760498,1
3.6142759323120117,1
3.4032387733459473,1
3.0616836547851563,1
2.940095901489258,1
4.038527488708496,1
2.917358875274658,1
3.1591386795043945,1
3.0690412521362305,1
3.3362317085266113,1
3.057555675506592,1
2.833113193511963,1
2.9184012413024902,1
3.771310806274414,1
2.603921413421631,1
3.9769668579101563,1
3.552645683288574,1
3.1057162284851074,1
2.721968173980713,1
2.496985912322998,1
3.744884490966797,1
3.382046699523926,1
3.262847661972046,1
3.3194565773010254,1
3.0101985931396484,1
2.6284685134887695,1
3.739072561264038,1
2.710073709487915,1
2.817199468612671,1
3.1358981132507324,1
4.032998085021973,1
3.0307540893554688,1
2.538471221923828,1
3.5146021842956543,1
3.0771210193634033,1
3.9367787837982178,1
3.6873414516448975,1
3.9737699031829834,1
3.0982532501220703,1
2.8293185234069824,1
2.9927804470062256,1
3.0933611392974854,1
3.0445940494537354,1
3.2487266063690186,1
4.521177291870117,1
3.8057119846343994,1
3.0792722702026367,1
3.1518263816833496,1
3.828507423400879,1
2.820284128189087,1
3.096146583557129,1
2.893808364868164,1
2.9946675300598145,1
2.7623252868652344,1
3.05224609375,1
2.7161383628845215,1
2.936343193054199,1
2.8566198348999023,1
2.3897109031677246,1
2.696986198425293,1
2.1403770446777344,1
2.370711326599121,1
2.9491145610809326,1
2.5349626541137695,1
3.5464940071105957,1
2.560791492462158,1
2.8169543743133545,1
3.340595245361328,1
2.8693795204162598,1
2.826326847076416,1
2.689046859741211,1
2.0884063243865967,1
2.667750597000122,1
3.519893169403076,1
2.5636680126190186,1
2.2288460731506348,1
2.8843867778778076,1
4.025712013244629,1
4.69106388092041,1
3.169588088989258,1
3.422699213027954,1
4.633800506591797,1
3.9392950534820557,1
3.7317113876342773,1
3.463156223297119,1
5.028038024902344,1
4.887439727783203,1
4.264893531799316,1
3.2052481174468994,1
3.3214643001556396,1
2.936156988143921,1
3.1059556007385254,1
3.4579052925109863,1
3.797429084777832,1
3.969147205352783,1
2.844076633453369,1
2.9394993782043457,1
3.5970633029937744,1
3.6554012298583984,1
3.3837575912475586,1
3.7483890056610107,1
3.0799851417541504,1
3.062119960784912,1
3.058844566345215,1
3.80204176902771,1
4.396271705627441,1
3.314845561981201,1
3.9279651641845703,1
2.8358302116394043,1
3.240651845932007,1
2.9885075092315674,1
4.268636703491211,1
2.9023194313049316,1
2.883009910583496,1
3.069797992706299,1
3.5927581787109375,1
3.9487195014953613,1
2.5156378746032715,1
2.0583057403564453,1
3.983222484588623,1
4.753104209899902,1
3.0147624015808105,1
3.8313565254211426,1
4.88624382019043,1
3.222668170928955,1
2.850829601287842,1
3.580596923828125,1
3.451627731323242,1
3.0244030952453613,1
3.2849771976470947,1
2.602940320968628,1
3.7872188091278076,1
2.520967960357666,1
3.9804680347442627,1
3.2608115673065186,1
3.5856103897094727,1
2.5634260177612305,1
2.5021371841430664,1
2.978134870529175,1
3.0989608764648438,1
4.050234794616699,1
3.4052062034606934,1
3.042271852493286,1
3.3651161193847656,1
3.2605133056640625,1
3.2425835132598877,1
3.977775812149048,1
4.052543640136719,1
3.896679401397705,1
3.598393440246582,1
3.4824132919311523,1
2.9685826301574707,1
3.3208208084106445,1
4.034655570983887,1
4.039855003356934,1
2.771010398864746,1
3.138904094696045,1
3.1932287216186523,1
2.5135719776153564,1
2.915689468383789,1
2.733748435974121,1
2.484968900680542,1
2.9847781658172607,1
2.6991610527038574,1
2.8198628425598145,1
3.2282891273498535,1
4.419027805328369,1
3.9266724586486816,1
2.6198172569274902,1
2.13859486579895,1
3.69545578956604,1
3.0681800842285156,1
3.1041769981384277,1
3.8230268955230713,1
2.792346239089966,1
3.3062453269958496,1
2.5743765830993652,1
2.620069742202759,1
3.480691432952881,1
3.47938871383667,1
3.2474799156188965,1
2.850795269012451,1
2.722411632537842,1
3.17207670211792,1
3.042609691619873,1
3.7572286128997803,1
3.0211403369903564,1
4.075322151184082,1
3.3918049335479736,1
2.9399096965789795,1
3.1892623901367188,1
3.018646717071533,1
3.165217876434326,1
2.765204906463623,1
3.9283580780029297,1
3.223597764968872,1
2.954159736633301,1
2.8038086891174316,1
3.46309232711792,1
2.7910056114196777,1
2.033017635345459,1
2.687199592590332,1
2.838477373123169,1
2.761699914932251,1
2.652919292449951,1
2.5890896320343018,1
3.2726712226867676,1
3.722594976425171,1
2.9216103553771973,1
2.1531333923339844,1
2.8220791816711426,1
2.680771589279175,1
3.3547096252441406,1
2.9421498775482178,1
3.3565011024475098,1
3.168372392654419,1
3.086362361907959,1
2.737083911895752,1
2.645270347595215,1
2.9271602630615234,1
2.2760517597198486,1
3.5766637325286865,1
3.0521397590637207,1
2.718090295791626,1
2.8353309631347656,1
2.9895741939544678,1
2.4751696586608887,1
2.735625743865967,1
2.809432029724121,1
2.9994096755981445,1
3.248793601989746,1
2.594679832458496,1
2.8229618072509766,1
2.2663471698760986,1
2.6411001682281494,1
4.1407270431518555,1
1.810335397720337,1
3.109445333480835,1
2.559441566467285,1
3.006305694580078,1
2.5427513122558594,1
2.9339849948883057,1
3.3331501483917236,1
2.8303964138031006,1
3.842886447906494,1
3.131147623062134,1
3.385023593902588,1
3.356374740600586,1
3.447849988937378,1
3.838022232055664,1
3.214252471923828,1
3.332738161087036,1
3.5768094062805176,1
3.276130199432373,1
3.6642627716064453,1
3.16955304145813,1
3.447390079498291,1
2.8315958976745605,1
3.8563194274902344,1
3.199622869491577,1
3.3502371311187744,1
2.889418125152588,1
3.2081139087677,1
3.265000343322754,1
2.867305278778076,1
3.3006784915924072,1
3.335862398147583,1
2.2782678604125977,1
3.1386332511901855,1
2.8304598331451416,1
2.9549331665039063,1
2.451857566833496,1
3.0012221336364746,1
3.1036911010742188,1
3.117927074432373,1
2.7852985858917236,1
2.9314284324645996,1
2.9355626106262207,1
3.101041555404663,1
3.8363277912139893,1
3.171140193939209,1
3.774557590484619,1
3.7483975887298584,1
3.479994297027588,1
3.4035708904266357,1
3.2058849334716797,1
3.3730764389038086,1
2.876711845397949,1
2.8489646911621094,1
3.009383201599121,1
2.7668344974517822,1
3.7396657466888428,1
3.3176422119140625,1
3.527822971343994,1
2.9381103515625,1
3.3079819679260254,1
3.776984691619873,1
3.2653748989105225,1
3.795210361480713,1
3.5232300758361816,1
3.200697422027588,1
3.0534098148345947,1
2.8773694038391113,1
2.935582399368286,1
2.8503870964050293,1
3.6300857067108154,1
3.750669479370117,1
4.261916160583496,1
3.797290802001953,1
2.8249735832214355,1
2.843362331390381,1
3.1485438346862793,1
2.788593292236328,1
4.125725269317627,1
2.6647372245788574,1
2.5866141319274902,1
2.983774423599243,1
3.232966184616089,1
4.703668594360352,1
4.135894298553467,1
2.8170368671417236,1
3.2054524421691895,1
2.9443891048431396,1
3.1694209575653076,1
3.763015031814575,1
2.9250082969665527,1
2.7125954627990723,1
3.2971088886260986,1
2.330948829650879,1
3.7518701553344727,1
3.103296995162964,1
2.710040807723999,1
3.563579559326172,1
3.3402955532073975,1
3.598172187805176,1
3.7060928344726563,1
2.6646368503570557,1
2.891571044921875,1
3.291908025741577,1
3.1287591457366943,1
3.4224982261657715,1
4.329148292541504,1
2.6987552642822266,1
3.7344608306884766,1
4.364439010620117,1
4.597949028015137,1
3.814389705657959,1
3.158226251602173,1
3.0821728706359863,1
3.5058131217956543,1
3.158477306365967,1
3.1993675231933594,1
3.6670265197753906,1
3.102764368057251,1
3.0422630310058594,1
3.979631185531616,1
4.78077507019043,1
2.804037094116211,1
3.651731014251709,1
3.1210665702819824,1
3.681472063064575,1
4.007899761199951,1
3.035060405731201,1
3.4669017791748047,1
3.616209030151367,1
3.8278682231903076,1
4.142657279968262,1
2.3626811504364014,1
3.6295559406280518,1
3.853302240371704,1
3.800187349319458,1
2.9383504390716553,1
3.552800416946411,1
2.6841611862182617,1
2.782850742340088,1
3.5118300914764404,1
3.7453174591064453,1
2.6026086807250977,1
3.502272844314575,1
2.925502300262451,1
3.692450761795044,1
3.905036211013794,1
2.928521156311035,1
2.8166627883911133,1
2.906615972518921,1
3.1650917530059814,1
3.78031849861145,1
3.2818450927734375,1
3.3250861167907715,1
3.170095205307007,1
2.5816664695739746,1
2.6599838733673096,1
3.6302151679992676,1
3.0884432792663574,1
3.1868362426757813,1
2.9161486625671387,1
2.5308094024658203,1
3.697359561920166,1
2.806464195251465,1
2.9385321140289307,1
2.616074800491333,1
2.777186393737793,1
2.7405459880828857,1
3.1685233116149902,1
3.1492741107940674,1
3.2761096954345703,1
3.6676533222198486,1
3.1731345653533936,1
3.192248821258545,1
3.116300582885742,1
2.315746307373047,1
4.007606029510498,1
2.9932303428649902,1
3.7076525688171387,1
2.4728004932403564,1
2.7303996086120605,1
2.576242685317993,1
3.1838254928588867,1
2.9314122200012207,1
2.4997122287750244,1
3.19820499420166,1
2.9347915649414063,1
3.820500135421753,1
3.595947504043579,1
2.745272636413574,1
3.1113317012786865,1
3.422515392303467,1
3.799124240875244,1
4.048790454864502,1
4.0279340744018555,1
2.807206869125366,1
3.0458993911743164,1
3.849522113800049,1
3.5382142066955566,1
3.4421606063842773,1
3.3887276649475098,1
3.8099257946014404,1
2.514331817626953,1
2.8434231281280518,1
3.437926769256592,1
3.045619487762451,1
3.525822877883911,1
3.1175484657287598,1
2.870898485183716,1
3.36767578125,1
3.7304024696350098,1
3.4829487800598145,1
3.7203214168548584,1
2.9695072174072266,1
3.2230496406555176,1
3.1969821453094482,1
3.295320749282837,1
3.2492194175720215,1
3.139376640319824,1
2.407364845275879,1
2.545365810394287,1
2.5345458984375,1
3.0697808265686035,1
3.049710988998413,1
2.9416697025299072,1
3.525867223739624,1
2.9167001247406006,1
3.3834500312805176,1
2.948847770690918,1
2.8905487060546875,1
2.7709269523620605,1
3.4324750900268555,1
3.29697847366333,1
2.7978856563568115,1
2.941150188446045,1
3.650287628173828,1
2.0967695713043213,1
2.7417078018188477,1
2.1535873413085938,1
2.440816640853882,1
2.7423300743103027,1
2.757969856262207,1
4.238879680633545,1
3.0757412910461426,1
3.5195651054382324,1
2.7436399459838867,1
2.4211652278900146,1
2.8264427185058594,1
3.0904550552368164,1
3.724184989929199,1
4.422573566436768,1
3.7183008193969727,1
3.313105583190918,1
3.510707378387451,1
2.296018600463867,1
2.8937175273895264,1
2.9141149520874023,1
5.585836410522461,1
2.2424445152282715,1
2.4768104553222656,1
4.7323408126831055,1
2.7900264263153076,1
3.0740184783935547,1
3.181915283203125,1
2.9280810356140137,1
3.0362343788146973,1
3.503340244293213,1
2.801621913909912,1
2.9872021675109863,1
2.8999381065368652,1
4.06545877456665,1
3.0254173278808594,1
2.290818929672241,1
3.0906686782836914,1
3.02662992477417,1
2.7385735511779785,1
3.0865321159362793,1
3.3861396312713623,1
2.868002414703369,1
2.8349549770355225,1
3.3604066371917725,1
3.8756637573242188,1
1.7936135530471802,1
3.34268856048584,1
4.493740081787109,1
3.2715651988983154,1
2.991114854812622,1
2.715569019317627,1
2.963850975036621,1
3.725192070007324,1
2.935311794281006,1
3.6440038681030273,1
2.677730083465576,1
3.6852774620056152,1
3.2231411933898926,1
2.175632953643799,1
2.457695245742798,1
2.6675944328308105,1
2.6760873794555664,1
3.34747314453125,1
3.659468650817871,1
2.826047420501709,1
2.7529213428497314,1
2.598755359649658,1
3.1559300422668457,1
2.7381317615509033,1
3.129977226257324,1
3.0935158729553223,1
3.5917234420776367,1
3.454131603240967,1
3.098555564880371,1
3.690885543823242,1
3.3899526596069336,1
3.4176738262176514,1
3.188464403152466,1
2.6724648475646973,1
3.641571044921875,1
2.6330065727233887,1
3.111537456512451,1
2.7319984436035156,1
3.199497699737549,1
2.3231897354125977,1
3.915977716445923,1
3.0087289810180664,1
3.4551005363464355,1
3.126404285430908,1
3.1312923431396484,1
2.9770631790161133,1
3.706270694732666,1
2.595015525817871,1
2.9853525161743164,1
2.8109850883483887,1
2.497175455093384,1
3.497332811355591,1
2.9772729873657227,1
2.70383358001709,1
2.521221160888672,1
3.7120509147644043,1
2.8667421340942383,1
3.6746528148651123,1
2.9466614723205566,1
3.674065113067627,1
3.2309060096740723,1
3.5981035232543945,1
3.2156167030334473,1
2.860753059387207,1
3.170754909515381,1
3.197991371154785,1
3.186004638671875,1
2.8188655376434326,1
2.632960796356201,1
2.869344711303711,1
2.611924648284912,1
3.00423002243042,1
2.814023017883301,1
2.741959810256958,1
3.233353614807129,1
3.8188230991363525,1
2.823740005493164,1
3.06221342086792,1
2.545250177383423,1
2.840824604034424,1
2.854902744293213,1
2.9733777046203613,1
3.0993635654449463,1
2.356262683868408,1
3.976320505142212,1
3.7397050857543945,1
3.57470440864563,1
3.266921043395996,1
3.6829934120178223,1
2.8037853240966797,1
3.2443084716796875,1
3.1740784645080566,1
4.049975395202637,1
3.7007646560668945,1
4.192099571228027,1
3.8649134635925293,1
4.9369096755981445,1
3.9452483654022217,1
4.409018516540527,1
4.267714500427246,1
4.664877891540527,1
4.813715934753418,1
4.285218238830566,1
4.024797439575195,1
3.9131577014923096,1
3.853775978088379,1
3.456136465072632,1
3.6210460662841797,1
4.618538856506348,1
3.4205985069274902,1
4.725519180297852,1
4.812686443328857,1
3.8504629135131836,1
4.127025127410889,1
3.8717751502990723,1
3.8839688301086426,1
3.155019998550415,1
2.937124729156494,1
2.993478298187256,1
3.2210659980773926,1
3.0988035202026367,1
3.070291519165039,1
3.558588981628418,1
2.6862711906433105,1
3.135485887527466,1
2.544919967651367,1
3.606813430786133,1
2.6997830867767334,1
2.4600839614868164,1
2.5917773246765137,1
3.3099024295806885,1
3.4279823303222656,1
2.7873194217681885,1
3.341309070587158,1
2.578134059906006,1
3.5899062156677246,1
3.1962456703186035,1
3.0147595405578613,1
2.7843236923217773,1
3.7574591636657715,1
4.01744270324707,1
3.1766176223754883,1
3.1155200004577637,1
2.7963790893554688,1
3.098444938659668,1
3.9172067642211914,1
2.1719610691070557,1
3.366342782974243,1
2.3769288063049316,1
3.162938117980957,1
3.3817381858825684,1
2.8215646743774414,1
3.6247196197509766,1
3.5508944988250732,1
2.5014443397521973,1
2.911085844039917,1
2.392622709274292,1
2.635474681854248,1
2.4454336166381836,1
2.9137825965881348,1
2.272507667541504,1
2.3378520011901855,1
2.507112503051758,1
3.360990285873413,1
3.0597238540649414,1
2.605165481567383,1
2.861863136291504,1
3.1050798892974854,1
2.177471399307251,1
2.356208086013794,1
2.2718207836151123,1
2.902597427368164,1
2.993896007537842,1
3.268259048461914,1
3.8282670974731445,1
2.5316929817199707,1
2.74752140045166,1
3.282449960708618,1
3.594381809234619,1
3.158267021179199,1
2.6569912433624268,1
3.489314556121826,1
2.73042631149292,1
3.7560508251190186,1
3.6468918323516846,1
3.5980987548828125,1
3.1920504570007324,1
3.303704261779785,1
2.8343334197998047,1
3.3759264945983887,1
2.8119258880615234,1
4.159848213195801,1
2.9129385948181152,1
2.712045192718506,1
3.4250009059906006,1
4.153904438018799,1
3.71132755279541,1
2.7469911575317383,1
3.3966503143310547,1
3.1549434661865234,1
4.2964935302734375,1
2.78621244430542,1
3.0269675254821777,1
2.8308911323547363,1
2.6924304962158203,1
3.6505203247070313,1
3.375796318054199,1
3.004502058029175,1
3.2593226432800293,1
3.18496036529541,1
3.221737861633301,1
4.086448669433594,1
4.245214462280273,1
3.2593932151794434,1
3.3220386505126953,1
3.337000846862793,1
3.4340620040893555,1
3.536318302154541,1
3.7366209030151367,1
3.7724032402038574,1
3.4617624282836914,1
2.930063247680664,1
3.570530414581299,1
2.9986493587493896,1
2.5735557079315186,1
3.0534462928771973,1
2.9623613357543945,1
3.1856470108032227,1
4.008084297180176,1
2.5311412811279297,1
2.5388031005859375,1
2.9800944328308105,1
2.8578717708587646,1
3.0755808353424072,1
3.2034144401550293,1
4.529331207275391,1
2.933307409286499,1
3.9662857055664063,1
2.5565757751464844,1
2.8362789154052734,1
2.521022319793701,1
3.2308316230773926,1
2.9454493522644043,1
2.636909008026123,1
2.7603659629821777,1
2.778810739517212,1
2.6430349349975586,1
2.733680248260498,1
2.4822568893432617,1
3.0104284286499023,1
2.549680709838867,1
3.297342300415039,1
3.4279916286468506,1
3.8393945693969727,1
3.739311695098877,1
2.949280261993408,1
3.3532023429870605,1
2.950273036956787,1
3.0768051147460938,1
3.3675739765167236,1
3.4674415588378906,1
2.8578381538391113,1
2.9220685958862305,1
4.123985767364502,1
2.347012519836426,1
3.1057755947113037,1
3.7882986068725586,1
2.7437729835510254,1
3.8453664779663086,1
2.659886360168457,1
3.0342373847961426,1
2.760298728942871,1
3.4865949153900146,1
4.441756248474121,1
4.098696708679199,1
4.385245323181152,1
4.594266891479492,1
3.498288631439209,1
3.1540627479553223,1
3.2438149452209473,1
3.2331960201263428,1
3.6601972579956055,1
2.934357166290283,1
4.547891616821289,1
3.1063265800476074,1
2.943913221359253,1
3.656726360321045,1
3.9966700077056885,1
3.0267536640167236,1
3.518420457839966,1
3.525604486465454,1
3.19582462310791,1
3.375779628753662,1
3.546048641204834,1
3.244725227355957,1
4.318346977233887,1
4.24738883972168,1
3.9507102966308594,1
3.400050640106201,1
3.231639862060547,1
3.9997148513793945,1
3.7178921699523926,1
3.5894107818603516,1
3.689638137817383,1
3.5219316482543945,1
3.5594356060028076,1
3.0659499168395996,1
3.6706204414367676,1
4.2053375244140625,1
3.873405694961548,1
4.401458740234375,1
3.2858633995056152,1
2.792462110519409,1
2.9523282051086426,1
3.770113468170166,1
3.2465085983276367,1
3.26869535446167,1
2.961015462875366,1
3.3628149032592773,1
2.8976733684539795,1
2.8118348121643066,1
3.030501365661621,1
3.398582935333252,1
2.6435294151306152,1
3.8214001655578613,1
3.0564792156219482,1
2.863203525543213,1
2.5705618858337402,1
3.0409817695617676,1
3.676112651824951,1
2.956864833831787,1
3.067762851715088,1
3.3555221557617188,1
2.9941115379333496,1
3.3221893310546875,1
3.4275927543640137,1
3.090466022491455,1
3.5552868843078613,1
3.418886184692383,1
3.041330337524414,1
3.5034847259521484,1
2.8119497299194336,1
2.5072174072265625,1
3.390432834625244,1
3.5385489463806152,1
2.943718433380127,1
3.420679807662964,1
3.3278870582580566,1
3.3466434478759766,1
2.5358710289001465,1
3.421349048614502,1
3.29995059967041,1
2.5359721183776855,1
3.306210994720459,1
3.0519907474517822,1
3.329516887664795,1
3.306306838989258,1
4.017881393432617,1
3.018777847290039,1
3.0140082836151123,1
3.5038254261016846,1
3.3952555656433105,1
2.9065773487091064,1
2.3582663536071777,1
2.8603627681732178,1
3.0779194831848145,1
3.4212048053741455,1
3.2123427391052246,1
3.011941909790039,1
2.604128837585449,1
3.1423215866088867,1
2.9542174339294434,1
2.9569592475891113,1
2.9114933013916016,1
2.5848097801208496,1
2.900575637817383,1
2.5419633388519287,1
3.2388901710510254,1
3.246760845184326,1
2.649258613586426,1
4.917476177215576,1
4.612336158752441,1
3.1287941932678223,1
3.656351089477539,1
3.2938740253448486,1
4.569286346435547,1
2.8751564025878906,1
3.057929754257202,1
3.096393585205078,1
3.3692970275878906,1
2.858997344970703,1
3.7981326580047607,1
3.3760383129119873,1
3.7300777435302734,1
2.9979071617126465,1
2.7359073162078857,1
2.788429021835327,1
2.7334365844726563,1
4.42750358581543,1
3.342998743057251,1
2.5435237884521484,1
3.2037792205810547,1
2.837467670440674,1
3.0683910846710205,1
3.3374977111816406,1
3.279728889465332,1
2.9787511825561523,1
3.796280860900879,1
2.6383776664733887,1
2.6021387577056885,1
2.9233341217041016,1
3.433953046798706,1
3.1638808250427246,1
3.3152365684509277,1
3.152651071548462,1
3.6669816970825195,1
3.869987964630127,1
3.2210793495178223,1
3.796145439147949,1
2.172790050506592,1
2.9385428428649902,1
3.0712711811065674,1
3.158621072769165,1
2.482473850250244,1
2.8063554763793945,1
3.2918052673339844,1
2.4866795539855957,1
3.9369640350341797,1
3.023149251937866,1
3.064572334289551,1
3.044933795928955,1
3.4288487434387207,1
2.8486063480377197,1
3.021756887435913,1
3.0219006538391113,1
3.2560219764709473,1
3.305081367492676,1
2.880544662475586,1
4.031803131103516,1
2.6518173217773438,1
3.0502922534942627,1
2.9634439945220947,1
3.670595407485962,1
4.259378433227539,1
3.4400367736816406,1
3.375845432281494,1
2.910943031311035,1
2.7691547870635986,1
2.4758167266845703,1
2.628690004348755,1
3.2330427169799805,1
4.027663230895996,1
2.736135959625244,1
3.308690071105957,1
3.667778730392456,1
3.071047782897949,1
3.697709321975708,1
2.439474582672119,1
3.110717296600342,1
3.1170759201049805,1
2.9656124114990234,1
3.6210601329803467,1
2.456233501434326,1
3.1998207569122314,1
3.241300344467163,1
3.1253371238708496,1
3.7500522136688232,1
2.3424389362335205,1
3.0904340744018555,1
3.6599204540252686,1
3.2578628063201904,1
3.4153571128845215,1
2.422574996948242,1
3.3519392013549805,1
2.88065767288208,1
3.293193817138672,1
2.4836437702178955,1
2.937594175338745,1
