5.2141218185424805,1
5.395151138305664,1
5.265481948852539,1
5.182450294494629,1
5.265625,1
5.254281997680664,1
5.246060371398926,1
5.180861473083496,1
5.223909854888916,1
5.153563022613525,1
5.243541240692139,1
5.341649055480957,1
5.239090442657471,1
5.3661909103393555,1
5.327665328979492,1
5.370352745056152,1
5.212028980255127,1
5.225344181060791,1
5.343710422515869,1
5.2864885330200195,1
5.230496406555176,1
5.171803951263428,1
5.419294357299805,1
5.3597917556762695,1
5.207344055175781,1
5.267806053161621,1
5.410707473754883,1
5.293305397033691,1
5.176088333129883,1
5.210841655731201,1
5.208951950073242,1
5.182409763336182,1
5.297313690185547,1
5.22913932800293,1
5.282371520996094,1
5.209338188171387,1
5.218687534332275,1
5.303695201873779,1
5.3164801597595215,1
5.239670276641846,1
5.346421241760254,1
5.151564598083496,1
5.249911785125732,1
5.237710475921631,1
5.213074684143066,1
5.209988594055176,1
5.187805652618408,1
5.389553546905518,1
5.18842077255249,1
5.246232986450195,1
5.197718620300293,1
5.211685657501221,1
5.215190410614014,1
5.295960426330566,1
5.254273414611816,1
5.286505222320557,1
5.276529312133789,1
5.226601600646973,1
5.283653259277344,1
5.20466423034668,1
5.225147247314453,1
5.186371803283691,1
5.325629234313965,1
5.273833274841309,1
5.136974334716797,1
5.222677230834961,1
5.2070417404174805,1
5.285552024841309,1
5.289525032043457,1
5.286418914794922,1
5.2082085609436035,1
5.257496356964111,1
5.280844211578369,1
5.218713283538818,1
5.317187309265137,1
5.213760852813721,1
5.284250259399414,1
5.304083824157715,1
5.234675884246826,1
5.249166488647461,1
5.299773216247559,1
5.248924255371094,1
5.170365333557129,1
5.206574440002441,1
5.296975135803223,1
5.230088233947754,1
5.230364799499512,1
5.305116176605225,1
5.212796688079834,1
5.252051830291748,1
5.236194610595703,1
5.206486701965332,1
5.267767906188965,1
5.229763984680176,1
5.18780517578125,1
5.187465667724609,1
5.158851623535156,1
5.312801361083984,1
5.246833801269531,1
5.301675796508789,1
5.177740573883057,1
5.151222229003906,1
5.232077598571777,1
5.210521221160889,1
5.323651313781738,1
5.1700849533081055,1
5.284806251525879,1
5.316634178161621,1
5.150641918182373,1
5.224730491638184,1
5.263622283935547,1
5.189385414123535,1
5.231775760650635,1
5.276638507843018,1
5.27282190322876,1
5.304059982299805,1
5.239889144897461,1
5.247441291809082,1
5.1737823486328125,1
5.249327182769775,1
5.236120700836182,1
5.2714152336120605,1
5.213588714599609,1
5.166687965393066,1
5.263645172119141,1
5.208801746368408,1
5.1911749839782715,1
5.154129981994629,1
5.201336860656738,1
5.198935508728027,1
5.232722282409668,1
5.300246238708496,1
5.233041763305664,1
5.178436279296875,1
5.127257823944092,1
5.232702255249023,1
5.163518905639648,1
5.219581127166748,1
5.2847900390625,1
5.345983505249023,1
5.227765083312988,1
5.21296501159668,1
5.285650253295898,1
5.243714332580566,1
5.228744029998779,1
5.192862033843994,1
5.268590450286865,1
5.267536163330078,1
5.220282554626465,1
5.23340368270874,1
5.3037919998168945,1
5.186652183532715,1
5.192106246948242,1
5.1330108642578125,1
5.303859233856201,1
5.236164093017578,1
5.234034538269043,1
5.203362464904785,1
5.213425159454346,1
5.097995281219482,1
5.26179313659668,1
5.3512115478515625,1
5.290787220001221,1
5.1695451736450195,1
5.227163314819336,1
5.271585464477539,1
5.147568225860596,1
5.185649871826172,1
5.344208240509033,1
5.195488929748535,1
5.273105621337891,1
5.293759822845459,1
5.207320213317871,1
5.23495626449585,1
5.230353355407715,1
5.173974990844727,1
5.18724250793457,1
5.283934116363525,1
5.173208713531494,1
5.230827331542969,1
5.218339920043945,1
5.253957748413086,1
5.254212379455566,1
5.370234966278076,1
5.227599143981934,1
5.245021820068359,1
5.178569793701172,1
5.242839813232422,1
5.212420463562012,1
5.2549357414245605,1
5.412738800048828,1
5.276483535766602,1
5.279534816741943,1
5.257474422454834,1
5.254091262817383,1
5.217258453369141,1
5.256128787994385,1
5.189915657043457,1
5.230299472808838,1
5.217913627624512,1
5.282656669616699,1
5.1635613441467285,1
5.311120986938477,1
5.313628673553467,1
5.27720832824707,1
5.2259111404418945,1
5.2960357666015625,1
5.327226638793945,1
5.309869289398193,1
5.216972351074219,1
5.163263320922852,1
5.275043487548828,1
5.232695579528809,1
5.350289344787598,1
5.24766206741333,1
5.263935089111328,1
5.328104019165039,1
5.368221282958984,1
5.226755142211914,1
5.259777545928955,1
5.150041103363037,1
5.228835582733154,1
5.158631324768066,1
5.297206878662109,1
5.11550760269165,1
5.297287940979004,1
5.237998962402344,1
5.239524841308594,1
5.26330041885376,1
5.308872699737549,1
5.1579132080078125,1
5.206636428833008,1
5.311639785766602,1
5.250187873840332,1
5.152098655700684,1
5.264195919036865,1
5.237753868103027,1
5.239020347595215,1
5.299620151519775,1
5.286677360534668,1
5.240605354309082,1
5.218601226806641,1
5.177358150482178,1
5.259784698486328,1
5.230340957641602,1
5.201528549194336,1
5.225748062133789,1
5.210060119628906,1
5.266345500946045,1
5.203401565551758,1
5.172084331512451,1
5.243530750274658,1
5.275520324707031,1
5.204123497009277,1
5.193548202514648,1
5.238539695739746,1
5.164573669433594,1
5.177526473999023,1
5.18265438079834,1
5.273795127868652,1
5.21350622177124,1
5.284646034240723,1
5.236155986785889,1
5.199419021606445,1
5.19460916519165,1
5.305938720703125,1
5.19572639465332,1
5.20521354675293,1
5.217648029327393,1
5.211634635925293,1
5.216285228729248,1
5.161768913269043,1
5.271381378173828,1
5.266104698181152,1
5.2054667472839355,1
5.199105262756348,1
5.155091285705566,1
5.2067718505859375,1
5.297271728515625,1
5.209404945373535,1
5.255056381225586,1
5.242918014526367,1
5.261776447296143,1
5.218246936798096,1
5.226500034332275,1
5.257281303405762,1
5.312279224395752,1
5.265719890594482,1
5.199285984039307,1
5.155879020690918,1
5.170039176940918,1
5.3138580322265625,1
5.219712734222412,1
5.222657203674316,1
5.337343215942383,1
5.199590682983398,1
5.2073845863342285,1
5.145194053649902,1
5.24644136428833,1
5.2343621253967285,1
5.214508056640625,1
5.186033248901367,1
5.319024085998535,1
5.284084320068359,1
5.234251976013184,1
5.263589859008789,1
5.289719581604004,1
5.1930646896362305,1
5.269536972045898,1
5.272717475891113,1
5.339274883270264,1
5.211248397827148,1
5.273589134216309,1
5.291263580322266,1
5.338354110717773,1
5.221339225769043,1
5.1396684646606445,1
5.235780715942383,1
5.196897983551025,1
5.214052200317383,1
5.169718265533447,1
5.174592018127441,1
5.280197620391846,1
5.260821342468262,1
5.172804832458496,1
5.267702579498291,1
5.29966402053833,1
5.12060022354126,1
5.221236228942871,1
5.214942455291748,1
5.315280914306641,1
5.353030204772949,1
5.298663139343262,1
5.274026870727539,1
5.286826133728027,1
5.232132911682129,1
5.153324127197266,1
5.210117816925049,1
5.28743839263916,1
5.261725425720215,1
5.317373275756836,1
5.197776794433594,1
5.181659698486328,1
5.234258651733398,1
5.1900529861450195,1
5.261420726776123,1
5.208017349243164,1
5.212011337280273,1
5.2588090896606445,1
5.166988372802734,1
5.212449550628662,1
5.238621711730957,1
5.20653772354126,1
5.252540111541748,1
5.1193342208862305,1
5.249760627746582,1
5.3277740478515625,1
5.140934944152832,1
5.241765975952148,1
5.185473442077637,1
5.215295791625977,1
5.20736026763916,1
5.175302505493164,1
5.29069709777832,1
5.291559219360352,1
5.179121971130371,1
5.257948875427246,1
5.226069450378418,1
5.171681880950928,1
5.22702693939209,1
5.1880083084106445,1
5.192981719970703,1
5.163287162780762,1
5.2142229080200195,1
5.199172019958496,1
5.2246856689453125,1
5.276028156280518,1
5.312006950378418,1
5.2419328689575195,1
5.238193035125732,1
5.291101455688477,1
5.298244476318359,1
5.219857215881348,1
5.300848007202148,1
5.3465046882629395,1
5.160379409790039,1
5.290212631225586,1
5.241031646728516,1
5.2052226066589355,1
5.3083720207214355,1
5.2041473388671875,1
5.18017053604126,1
5.232659339904785,1
5.185540199279785,1
5.292280197143555,1
5.270906448364258,1
5.198657989501953,1
5.241748332977295,1
5.130305290222168,1
5.182697772979736,1
5.314364910125732,1
5.242225646972656,1
5.182100296020508,1
5.198551177978516,1
5.253654479980469,1
5.151865482330322,1
5.299015998840332,1
5.286506652832031,1
5.3432722091674805,1
5.306338787078857,1
5.193860054016113,1
5.2139787673950195,1
5.252457141876221,1
5.287075996398926,1
5.245546340942383,1
5.234662055969238,1
5.190462589263916,1
5.245555400848389,1
5.249894142150879,1
5.21803092956543,1
5.220615386962891,1
5.241098880767822,1
5.2193498611450195,1
5.313543319702148,1
5.214617729187012,1
5.201684951782227,1
5.201523780822754,1
5.21136474609375,1
5.17440128326416,1
5.194433212280273,1
5.320091247558594,1
5.273775577545166,1
5.31153678894043,1
5.273987770080566,1
5.222903251647949,1
5.301795959472656,1
5.270369052886963,1
5.250062942504883,1
5.195982933044434,1
5.247291564941406,1
5.321276664733887,1
5.208719730377197,1
5.304831504821777,1
5.256443023681641,1
5.199305534362793,1
5.257707118988037,1
5.223478317260742,1
5.270623207092285,1
5.2740159034729,1
5.226330757141113,1
5.265167713165283,1
5.276820659637451,1
5.29099702835083,1
5.2207441329956055,1
5.230330467224121,1
5.271507740020752,1
5.293387413024902,1
5.263174057006836,1
5.202219486236572,1
5.184154510498047,1
5.136186599731445,1
5.152566432952881,1
5.240757942199707,1
5.295016765594482,1
5.228581428527832,1
5.190221309661865,1
5.342662811279297,1
5.2901225090026855,1
5.290526866912842,1
5.228376388549805,1
5.20874547958374,1
5.226764678955078,1
5.208965301513672,1
5.273807048797607,1
5.2699360847473145,1
5.30389404296875,1
5.2287211418151855,1
5.282832145690918,1
5.26407527923584,1
5.272123336791992,1
5.253129005432129,1
5.325620174407959,1
5.332142353057861,1
5.250387191772461,1
5.191821575164795,1
5.311981678009033,1
5.260056018829346,1
5.277187824249268,1
5.283089637756348,1
5.24575662612915,1
5.29972505569458,1
5.247026443481445,1
5.186252593994141,1
5.306460380554199,1
5.167661190032959,1
5.189758777618408,1
5.266209602355957,1
5.245361328125,1
5.275633811950684,1
5.23710823059082,1
5.196314811706543,1
5.153464317321777,1
5.236034393310547,1
5.158106327056885,1
5.281888008117676,1
5.222088813781738,1
5.244579315185547,1
5.3247880935668945,1
5.277254581451416,1
5.2751946449279785,1
5.258901596069336,1
5.321777820587158,1
5.265410900115967,1
5.2146100997924805,1
5.1561479568481445,1
5.398208141326904,1
5.249605178833008,1
5.280821323394775,1
5.255887031555176,1
5.205513954162598,1
5.191714286804199,1
5.310722351074219,1
5.17635440826416,1
5.178227424621582,1
5.266012191772461,1
5.266716480255127,1
5.25777530670166,1
5.233137607574463,1
5.261387825012207,1
5.249738693237305,1
5.263986587524414,1
5.310327529907227,1
5.154102325439453,1
5.196146011352539,1
5.29233455657959,1
5.3745317459106445,1
5.194149971008301,1
5.186774253845215,1
5.22205114364624,1
5.1846208572387695,1
5.2199296951293945,1
5.359703063964844,1
5.220158100128174,1
5.31062126159668,1
5.303684234619141,1
5.315394401550293,1
5.2164764404296875,1
5.2071638107299805,1
5.279029846191406,1
5.334798812866211,1
5.190039157867432,1
5.32885217666626,1
5.319751739501953,1
5.257198333740234,1
5.221570014953613,1
5.180285453796387,1
5.139679908752441,1
5.2673139572143555,1
5.329705238342285,1
5.286550521850586,1
5.279930114746094,1
5.202367782592773,1
5.284317493438721,1
5.199289321899414,1
5.297523021697998,1
5.317714691162109,1
5.232221603393555,1
5.331611633300781,1
5.3462324142456055,1
5.259983062744141,1
5.257513046264648,1
5.273517608642578,1
5.07122278213501,1
5.256917953491211,1
5.22900390625,1
5.2575531005859375,1
5.244045734405518,1
5.193115711212158,1
5.284095287322998,1
5.126552581787109,1
5.293257713317871,1
5.203215599060059,1
5.269697189331055,1
5.299993515014648,1
5.090730667114258,1
5.332077980041504,1
5.204922199249268,1
5.292730331420898,1
5.269820213317871,1
5.2356157302856445,1
5.266263008117676,1
5.149956703186035,1
5.327239513397217,1
5.25101375579834,1
5.21346378326416,1
5.201788902282715,1
5.220485210418701,1
5.242057800292969,1
5.286307334899902,1
5.187511444091797,1
5.271335601806641,1
5.2464680671691895,1
5.211792469024658,1
5.316570281982422,1
5.221327781677246,1
5.173466682434082,1
5.242727279663086,1
5.2916669845581055,1
5.220129013061523,1
5.215060234069824,1
5.284722328186035,1
5.17708683013916,1
5.240571022033691,1
5.243278503417969,1
5.224354267120361,1
5.249390602111816,1
5.210386753082275,1
5.299031734466553,1
5.24931526184082,1
5.282309532165527,1
5.233359336853027,1
5.365764617919922,1
5.192404270172119,1
5.384044647216797,1
5.264589309692383,1
5.246674537658691,1
5.33560037612915,1
5.174070835113525,1
5.2704010009765625,1
5.28066873550415,1
5.237640857696533,1
5.276094436645508,1
5.285840034484863,1
5.2931036949157715,1
5.246015548706055,1
5.262129306793213,1
5.25372838973999,1
5.297296524047852,1
5.223153591156006,1
5.21922492980957,1
5.169771671295166,1
5.157081604003906,1
5.264780521392822,1
5.24783992767334,1
5.361103057861328,1
5.2866411209106445,1
5.2286906242370605,1
5.191810607910156,1
5.190910816192627,1
5.190211296081543,1
5.255748748779297,1
5.363460540771484,1
5.303434371948242,1
5.189392566680908,1
5.277482986450195,1
5.160345077514648,1
5.256311893463135,1
5.191140174865723,1
5.183627128601074,1
5.197373867034912,1
5.268195152282715,1
5.251041889190674,1
5.308453559875488,1
5.356489658355713,1
5.200661659240723,1
5.240225791931152,1
5.187243461608887,1
5.225621223449707,1
5.238833427429199,1
5.243946075439453,1
5.184902191162109,1
5.195154190063477,1
5.289795875549316,1
5.274628162384033,1
5.194680690765381,1
5.245394229888916,1
5.240644454956055,1
5.261469841003418,1
5.1570844650268555,1
5.31805419921875,1
5.202238082885742,1
5.164693355560303,1
5.3224310874938965,1
5.182633876800537,1
5.180139541625977,1
5.329538345336914,1
5.281396389007568,1
5.152365684509277,1
5.274372577667236,1
5.265732765197754,1
5.110715866088867,1
5.298472881317139,1
5.253223896026611,1
5.300927639007568,1
5.323254108428955,1
5.171211242675781,1
5.205757141113281,1
5.224688529968262,1
5.285168647766113,1
5.252729415893555,1
5.266249179840088,1
5.252401351928711,1
5.2771124839782715,1
5.225347995758057,1
5.269004821777344,1
5.284669876098633,1
5.250339984893799,1
5.354419231414795,1
5.219663619995117,1
5.214777946472168,1
5.150246620178223,1
5.209487438201904,1
5.2892937660217285,1
5.20145320892334,1
5.2560858726501465,1
5.205062389373779,1
5.28754186630249,1
5.268952369689941,1
5.18427038192749,1
5.1957597732543945,1
5.1958208084106445,1
5.21084451675415,1
5.190045356750488,1
5.304413795471191,1
5.347938060760498,1
5.280176162719727,1
5.25296688079834,1
5.176264762878418,1
5.213735580444336,1
5.27783203125,1
5.192348480224609,1
5.272549152374268,1
5.351056098937988,1
5.165553092956543,1
5.212693691253662,1
5.2228193283081055,1
5.254894733428955,1
5.227903842926025,1
5.341034889221191,1
5.2314300537109375,1
5.321295261383057,1
5.180441379547119,1
5.271836280822754,1
5.260610103607178,1
5.26285457611084,1
5.286310195922852,1
5.217647075653076,1
5.265348434448242,1
5.224728584289551,1
5.275256633758545,1
5.248406410217285,1
5.267979621887207,1
5.230825424194336,1
5.2612738609313965,1
5.277090072631836,1
5.275001525878906,1
5.297082424163818,1
5.310723781585693,1
5.149030685424805,1
5.227146625518799,1
5.217853546142578,1
5.193901062011719,1
5.316305637359619,1
5.325368881225586,1
5.250770568847656,1
5.173559188842773,1
5.180506229400635,1
5.392678737640381,1
5.097816467285156,1
5.264528751373291,1
5.219127655029297,1
5.216931343078613,1
5.250632286071777,1
5.377912521362305,1
5.220531940460205,1
5.250384330749512,1
5.164528846740723,1
5.274991035461426,1
5.207267761230469,1
5.249541282653809,1
5.240468502044678,1
5.265543460845947,1
5.234959602355957,1
5.272234916687012,1
5.240510940551758,1
5.2880988121032715,1
5.169063568115234,1
5.293215751647949,1
5.2229108810424805,1
5.277815341949463,1
5.238842964172363,1
5.194721221923828,1
5.302750587463379,1
5.238702297210693,1
5.191502571105957,1
5.184909820556641,1
5.202946662902832,1
5.262782096862793,1
5.2314605712890625,1
5.229736328125,1
5.2201008796691895,1
5.276576042175293,1
5.301374435424805,1
5.27937126159668,1
5.307053565979004,1
5.192868709564209,1
5.216193675994873,1
5.170498847961426,1
5.204961776733398,1
5.208829879760742,1
5.251601219177246,1
5.259533882141113,1
5.18934440612793,1
5.198156833648682,1
5.1837053298950195,1
5.180300235748291,1
5.1548967361450195,1
5.285637378692627,1
5.167043685913086,1
5.2941765785217285,1
5.350595474243164,1
5.195558547973633,1
5.207409858703613,1
5.215600967407227,1
5.241374969482422,1
5.284468173980713,1
5.219813823699951,1
5.175034523010254,1
5.246201992034912,1
5.180417060852051,1
5.24666690826416,1
5.290622711181641,1
5.256748676300049,1
5.263663291931152,1
5.164048194885254,1
5.210785388946533,1
5.245314598083496,1
5.277646064758301,1
5.14500093460083,1
5.213358402252197,1
5.2594523429870605,1
5.192967414855957,1
5.266672134399414,1
5.196877479553223,1
5.241707801818848,1
5.230391025543213,1
5.241323947906494,1
5.274852752685547,1
5.258430480957031,1
5.334142684936523,1
5.303032398223877,1
5.276470184326172,1
5.285398483276367,1
5.177374839782715,1
5.206587791442871,1
5.272818088531494,1
5.232149600982666,1
5.234720230102539,1
5.113572120666504,1
5.261923789978027,1
5.175800323486328,1
5.227997303009033,1
5.285611152648926,1
5.260903358459473,1
5.243118762969971,1
5.239980697631836,1
5.42827033996582,1
5.174317359924316,1
5.272704601287842,1
5.237944602966309,1
5.275331497192383,1
5.191344738006592,1
5.2675862312316895,1
5.302893161773682,1
5.185795307159424,1
5.2373480796813965,1
5.2029829025268555,1
5.2603044509887695,1
5.3051018714904785,1
5.222352027893066,1
5.257848262786865,1
5.338162899017334,1
5.270353317260742,1
5.284075736999512,1
5.1950788497924805,1
5.182353973388672,1
5.213177680969238,1
5.349723815917969,1
5.215583801269531,1
5.2465620040893555,1
5.260708808898926,1
5.268795490264893,1
5.131365776062012,1
5.18177604675293,1
5.162719249725342,1
5.256557464599609,1
5.197553634643555,1
5.217972755432129,1
5.2846174240112305,1
5.338639259338379,1
5.237226486206055,1
5.276792049407959,1
5.262433052062988,1
5.185559272766113,1
5.2692461013793945,1
5.314309120178223,1
5.220676898956299,1
5.226898193359375,1
5.256991386413574,1
5.261429309844971,1
5.252242088317871,1
5.275064468383789,1
5.29439640045166,1
5.160965919494629,1
5.211867332458496,1
5.179535865783691,1
5.189563751220703,1
5.159948348999023,1
5.28179931640625,1
5.2650957107543945,1
5.324100494384766,1
5.203336715698242,1
5.127403259277344,1
5.242671966552734,1
5.38383674621582,1
5.205437660217285,1
5.2735676765441895,1
5.263001441955566,1
5.25331449508667,1
5.260028839111328,1
5.245888710021973,1
5.291706085205078,1
5.333410263061523,1
5.198703765869141,1
5.2613325119018555,1
5.30369758605957,1
5.265095233917236,1
5.236107349395752,1
5.314972877502441,1
5.244882106781006,1
5.324825286865234,1
5.149893760681152,1
5.196043491363525,1
5.110668182373047,1
5.326013565063477,1
5.213998317718506,1
5.232266426086426,1
5.220591068267822,1
5.443933010101318,1
5.252235412597656,1
5.314735412597656,1
5.244167327880859,1
5.149713039398193,1
5.301182746887207,1
5.233210563659668,1
5.250445365905762,1
5.326933860778809,1
5.215826034545898,1
5.269082069396973,1
5.307080268859863,1
5.318896293640137,1
5.1887969970703125,1
5.253392219543457,1
5.158079147338867,1
5.18679141998291,1
5.29462194442749,1
5.166959762573242,1
5.175928592681885,1
5.213808059692383,1
5.240089416503906,1
5.219263076782227,1
5.229867935180664,1
5.279899597167969,1
5.200706481933594,1
5.197571754455566,1
5.185719013214111,1
5.28240966796875,1
5.301212310791016,1
5.228499412536621,1
5.2470197677612305,1
5.309525966644287,1
5.164268493652344,1
5.362701416015625,1
5.266875267028809,1
5.285053253173828,1
5.207683086395264,1
5.1966962814331055,1
5.298731803894043,1
5.159692764282227,1
5.24073600769043,1
5.223003387451172,1
5.323026657104492,1
5.179754257202148,1
5.245067596435547,1
5.24050760269165,1
5.187414646148682,1
5.214076995849609,1
5.1727752685546875,1
5.176315784454346,1
5.325654983520508,1
5.299465656280518,1
5.291818141937256,1
5.253011703491211,1
5.228918075561523,1
5.229685306549072,1
5.325165748596191,1
5.24930477142334,1
5.195987701416016,1
5.283979892730713,1
5.248501777648926,1
5.175993919372559,1
5.212625503540039,1
5.225075721740723,1
5.175625324249268,1
5.251282691955566,1
5.215752601623535,1
5.28535270690918,1
5.225069999694824,1
5.2015061378479,1
5.264141082763672,1
5.304052352905273,1
5.2500081062316895,1
5.196001052856445,1
5.170392036437988,1
5.198090553283691,1
5.3376593589782715,1
5.261763572692871,1
5.202862739562988,1
5.170140266418457,1
5.1629638671875,1
5.293037414550781,1
5.201082229614258,1
5.233031749725342,1
5.219611167907715,1
5.248740196228027,1
5.343726634979248,1
5.333546161651611,1
5.265929698944092,1
5.21848201751709,1
5.22407341003418,1
5.341791152954102,1
5.331775665283203,1
5.200524806976318,1
5.2247138023376465,1
5.163449287414551,1
5.245509147644043,1
5.2440290451049805,1
5.236946105957031,1
5.191173553466797,1
5.2199554443359375,1
5.212515354156494,1
5.33662223815918,1
5.385493278503418,1
5.265380382537842,1
5.183232307434082,1
5.131026744842529,1
5.245194435119629,1
5.332181930541992,1
5.345154285430908,1
5.291420936584473,1
5.227052688598633,1
5.245640754699707,1
5.139089584350586,1
5.298737525939941,1
5.271402835845947,1
5.202585220336914,1
5.218881130218506,1
5.261294364929199,1
5.203649520874023,1
5.281991958618164,1
5.259795188903809,1
5.243826866149902,1
5.303801536560059,1
5.20191764831543,1
5.222711563110352,1
5.197473526000977,1
5.254462718963623,1
5.273809909820557,1
5.27290153503418,1
5.348069667816162,1
5.265946388244629,1
5.236421585083008,1
5.215473175048828,1
5.272788047790527,1
5.2637786865234375,1
5.221587657928467,1
5.268283843994141,1
5.1797966957092285,1
5.278314113616943,1
5.273978233337402,1
5.218682289123535,1
5.351401329040527,1
5.30928897857666,1
5.2434892654418945,1
5.347986698150635,1
5.181436538696289,1
5.228030204772949,1
5.216788291931152,1
5.140740394592285,1
5.260358810424805,1
5.276371002197266,1
5.293632507324219,1
5.217825889587402,1
5.133957862854004,1
5.062407493591309,1
5.239249229431152,1
5.146873474121094,1
5.180388450622559,1
5.307912826538086,1
5.255960464477539,1
5.271000862121582,1
5.183103561401367,1
5.209080219268799,1
5.3146538734436035,1
5.258431434631348,1
5.237557411193848,1
5.332469463348389,1
5.285135746002197,1
5.164730072021484,1
5.302191734313965,1
5.2661027908325195,1
5.364749908447266,1
5.360527992248535,1
5.275632858276367,1
5.2232842445373535,1
5.195333480834961,1
5.343472003936768,1
5.241978645324707,1
5.253323554992676,1
5.266239166259766,1
5.2320098876953125,1
5.283837795257568,1
5.200873851776123,1
5.199149131774902,1
5.24121618270874,1
5.2476654052734375,1
5.305939674377441,1
5.351299285888672,1
5.1820902824401855,1
5.309741973876953,1
5.270688056945801,1
5.292107582092285,1
5.1789350509643555,1
5.200987815856934,1
5.174392223358154,1
5.228118896484375,1
5.259058475494385,1
5.158566474914551,1
5.195947647094727,1
5.429079055786133,1
5.346705436706543,1
5.237378120422363,1
5.218961715698242,1
5.361621856689453,1
5.197024822235107,1
5.213249683380127,1
5.325483322143555,1
5.193879127502441,1
5.224730491638184,1
5.228513240814209,1
5.308209419250488,1
5.296263694763184,1
5.221713066101074,1
5.2901387214660645,1
5.262409210205078,1
5.1680498123168945,1
5.323019504547119,1
5.189631938934326,1
5.146049499511719,1
5.219254493713379,1
5.220545768737793,1
5.205354690551758,1
5.254218101501465,1
5.202390670776367,1
5.225748062133789,1
5.253520965576172,1
5.264999866485596,1
5.248536586761475,1
5.309087753295898,1
5.230884552001953,1
5.165937900543213,1
5.275447845458984,1
5.116003036499023,1
5.301265239715576,1
5.246830940246582,1
5.279485702514648,1
5.204132080078125,1
5.1581830978393555,1
5.17996883392334,1
5.274421691894531,1
5.2466607093811035,1
5.192896842956543,1
5.351977348327637,1
5.218338489532471,1
5.256414413452148,1
5.236630439758301,1
5.192676544189453,1
5.201015472412109,1
5.295583248138428,1
5.1361541748046875,1
5.222480773925781,1
5.160168647766113,1
5.20945930480957,1
5.33277702331543,1
5.21173095703125,1
5.293837547302246,1
5.273009777069092,1
5.313067436218262,1
5.219377517700195,1
5.21681022644043,1
5.125890731811523,1
5.278899192810059,1
5.314968109130859,1
5.136696815490723,1
5.169249057769775,1
5.351893424987793,1
5.2660980224609375,1
5.183871269226074,1
5.269208908081055,1
5.259644508361816,1
5.198601722717285,1
5.2491044998168945,1
5.256448745727539,1
5.367580413818359,1
5.206793785095215,1
5.249448776245117,1
5.203785419464111,1
5.300791263580322,1
5.220595359802246,1
5.289256572723389,1
5.299365043640137,1
5.163250923156738,1
5.215549468994141,1
5.236103057861328,1
5.321419715881348,1
5.171022415161133,1
5.231584072113037,1
5.2990803718566895,1
5.2120208740234375,1
5.211639404296875,1
5.257639408111572,1
5.25223445892334,1
5.2184834480285645,1
5.246588706970215,1
5.268841743469238,1
5.148288726806641,1
5.195773124694824,1
5.198740482330322,1
5.353254318237305,1
5.220762252807617,1
5.281645774841309,1
5.232566833496094,1
5.3139190673828125,1
5.179093837738037,1
5.2903852462768555,1
5.202692031860352,1
5.205580711364746,1
5.304814338684082,1
5.274794578552246,1
5.186535358428955,1
5.271544456481934,1
5.212734699249268,1
5.272616386413574,1
5.2053632736206055,1
5.22265100479126,1
5.20017147064209,1
5.234783172607422,1
5.206145286560059,1
5.253452301025391,1
5.252744197845459,1
5.166851043701172,1
5.246829032897949,1
5.1767120361328125,1
5.134761333465576,1
5.215026378631592,1
5.296557903289795,1
5.243921279907227,1
5.316251277923584,1
5.289604187011719,1
5.231930732727051,1
5.227280139923096,1
5.188757419586182,1
5.245892524719238,1
5.303464889526367,1
5.221097946166992,1
5.228152275085449,1
5.247600555419922,1
5.3122968673706055,1
5.2499165534973145,1
5.236517906188965,1
5.150257587432861,1
5.246172904968262,1
5.215511322021484,1
5.1401047706604,1
5.203787803649902,1
5.2763261795043945,1
5.2887773513793945,1
5.2671732902526855,1
5.240769863128662,1
5.264296531677246,1
5.204577445983887,1
5.281088829040527,1
5.175169467926025,1
5.328118801116943,1
5.276976585388184,1
5.236448287963867,1
5.203849792480469,1
5.274320602416992,1
5.319871425628662,1
5.225837230682373,1
5.228610038757324,1
5.340180397033691,1
5.220030784606934,1
5.211560249328613,1
5.280555725097656,1
5.283761978149414,1
5.226086616516113,1
5.217861652374268,1
5.222344398498535,1
5.277190685272217,1
5.215620517730713,1
5.2943315505981445,1
5.1585540771484375,1
5.320822715759277,1
5.305922508239746,1
5.219382286071777,1
5.30165958404541,1
5.1979570388793945,1
5.2251176834106445,1
5.258146286010742,1
5.189665794372559,1
5.163788318634033,1
5.236927509307861,1
5.220670223236084,1
5.214351654052734,1
5.214713096618652,1
5.1868062019348145,1
5.273170471191406,1
5.244998455047607,1
5.253376483917236,1
5.243654727935791,1
5.29298210144043,1
5.2512102127075195,1
5.224531173706055,1
5.1627583503723145,1
5.232992649078369,1
5.254372596740723,1
5.241408348083496,1
5.195346355438232,1
5.218382835388184,1
5.249374866485596,1
5.43074893951416,1
5.261281967163086,1
5.2225871086120605,1
5.237388610839844,1
5.127217769622803,1
5.211062431335449,1
5.31443452835083,1
5.279000282287598,1
5.241001605987549,1
5.241556167602539,1
5.261047840118408,1
5.223718643188477,1
5.211832523345947,1
5.342612266540527,1
5.214190483093262,1
5.172008037567139,1
5.283182144165039,1
5.274430274963379,1
5.168758392333984,1
5.258973121643066,1
5.297751426696777,1
5.219930648803711,1
5.279667854309082,1
5.313237190246582,1
5.332841873168945,1
5.1765594482421875,1
5.223505973815918,1
5.237966537475586,1
5.261302471160889,1
5.155083656311035,1
5.214120864868164,1
5.263823509216309,1
5.179566383361816,1
5.286222457885742,1
5.234757900238037,1
5.270393371582031,1
5.217916011810303,1
5.311152458190918,1
5.277167320251465,1
5.256092071533203,1
5.271378517150879,1
5.295962333679199,1
5.372629642486572,1
5.275305271148682,1
5.214346885681152,1
5.363576412200928,1
5.203981399536133,1
5.263714790344238,1
5.190094470977783,1
5.275012969970703,1
5.256453990936279,1
5.236617088317871,1
5.2341156005859375,1
5.177525520324707,1
5.284202575683594,1
5.203324794769287,1
5.203921318054199,1
5.216526508331299,1
5.330053329467773,1
5.268830299377441,1
5.338194847106934,1
5.118257999420166,1
5.179317474365234,1
5.282478332519531,1
5.366321086883545,1
5.256804466247559,1
5.138797283172607,1
5.274163722991943,1
5.320245742797852,1
5.29240608215332,1
5.209228515625,1
5.251328945159912,1
5.204505920410156,1
5.256434440612793,1
5.284388542175293,1
5.287036895751953,1
5.1779022216796875,1
5.243181228637695,1
5.298199653625488,1
5.220982074737549,1
5.288417816162109,1
5.212393760681152,1
5.253417015075684,1
5.202099800109863,1
5.158598899841309,1
5.275496006011963,1
5.224211692810059,1
5.252684593200684,1
5.229018688201904,1
5.362852096557617,1
5.173901557922363,1
5.259603023529053,1
5.20603084564209,1
5.352962017059326,1
5.214066028594971,1
5.210485935211182,1
5.225735187530518,1
5.22071647644043,1
5.277535915374756,1
5.156940460205078,1
5.199311256408691,1
5.222362518310547,1
5.210506916046143,1
5.258811950683594,1
5.159497261047363,1
5.275084972381592,1
5.252498626708984,1
5.234569072723389,1
5.258408546447754,1
5.273430824279785,1
5.313302993774414,1
5.316191673278809,1
5.285694122314453,1
5.199219703674316,1
5.288899898529053,1
5.214621543884277,1
5.266001224517822,1
5.392498970031738,1
5.276505470275879,1
5.288122653961182,1
5.244961738586426,1
5.250051498413086,1
5.135979652404785,1
5.214420318603516,1
5.207025527954102,1
5.189796447753906,1
5.156294822692871,1
5.193142890930176,1
5.201927185058594,1
5.2720794677734375,1
5.267925262451172,1
5.198307991027832,1
5.2428975105285645,1
5.2245378494262695,1
5.137331008911133,1
5.295825958251953,1
5.210134983062744,1
5.227739334106445,1
5.2812042236328125,1
5.35785436630249,1
5.235752105712891,1
5.220398902893066,1
5.249148845672607,1
5.26170539855957,1
5.286263465881348,1
5.224555015563965,1
5.177292346954346,1
5.213801383972168,1
5.267958641052246,1
5.2045369148254395,1
5.190785884857178,1
5.206031322479248,1
5.157812118530273,1
5.1648759841918945,1
5.207206726074219,1
5.176708221435547,1
5.267787933349609,1
5.271148681640625,1
5.2215118408203125,1
5.25818395614624,1
5.27841854095459,1
5.253387451171875,1
5.265432834625244,1
5.2809906005859375,1
5.175632953643799,1
5.311944961547852,1
5.201590538024902,1
5.165248870849609,1
5.189591884613037,1
5.245967864990234,1
5.212255001068115,1
5.221916675567627,1
5.2939605712890625,1
5.135932922363281,1
5.280768394470215,1
5.290644645690918,1
5.198209762573242,1
5.238146781921387,1
5.201034069061279,1
5.240185737609863,1
5.341284275054932,1
5.237178802490234,1
5.239593505859375,1
5.349184989929199,1
5.301021099090576,1
5.238372802734375,1
5.202762603759766,1
5.311304092407227,1
5.24245548248291,1
5.224507808685303,1
5.205658912658691,1
5.214333534240723,1
5.299156188964844,1
5.288991451263428,1
5.197583198547363,1
5.2471160888671875,1
5.2009148597717285,1
5.173279285430908,1
5.262036323547363,1
5.296450138092041,1
5.2723517417907715,1
5.229684829711914,1
5.172348976135254,1
5.25209903717041,1
5.250064373016357,1
5.29536247253418,1
5.22388219833374,1
5.230415344238281,1
5.138104438781738,1
5.25285005569458,1
5.294746398925781,1
5.251152038574219,1
5.2509260177612305,1
5.313592433929443,1
5.223329067230225,1
5.25688362121582,1
5.248124122619629,1
5.33894157409668,1
5.2362565994262695,1
5.219818115234375,1
5.178906440734863,1
5.245102882385254,1
5.205500602722168,1
5.276066780090332,1
5.17784309387207,1
5.176807403564453,1
5.286669731140137,1
5.291721820831299,1
5.212887763977051,1
5.238987922668457,1
5.252776145935059,1
5.284290790557861,1
5.325782775878906,1
5.303922176361084,1
5.2390666007995605,1
5.164399147033691,1
5.21476936340332,1
5.214797019958496,1
5.282116413116455,1
5.239592552185059,1
5.302900314331055,1
5.272531509399414,1
5.172769546508789,1
5.253811836242676,1
5.210696220397949,1
5.136297225952148,1
5.228789806365967,1
5.193687915802002,1
5.276605606079102,1
5.246922492980957,1
5.215368270874023,1
5.203879356384277,1
5.132328987121582,1
5.274606704711914,1
5.284907341003418,1
5.268416404724121,1
5.223668098449707,1
5.15754508972168,1
5.280801296234131,1
5.192569732666016,1
5.245116233825684,1
5.226655960083008,1
5.239743232727051,1
5.198964595794678,1
5.251239776611328,1
5.284906387329102,1
5.224200248718262,1
5.223448753356934,1
5.277560234069824,1
5.254323959350586,1
5.243752479553223,1
5.239540100097656,1
5.199603080749512,1
5.273658275604248,1
5.306373596191406,1
5.291170120239258,1
5.173008918762207,1
5.263050079345703,1
5.311820983886719,1
5.331077575683594,1
5.193533897399902,1
5.277523040771484,1
5.3123779296875,1
5.335007190704346,1
5.198381423950195,1
5.228410720825195,1
5.259771823883057,1
5.291551113128662,1
5.3152055740356445,1
5.368511199951172,1
5.183665752410889,1
5.267096519470215,1
5.3034210205078125,1
5.3286051750183105,1
5.242199420928955,1
5.268423080444336,1
5.273752212524414,1
5.241000175476074,1
5.209344387054443,1
5.227026462554932,1
5.243835926055908,1
5.321231842041016,1
5.257325172424316,1
5.219602108001709,1
5.185858726501465,1
5.138612747192383,1
5.196083068847656,1
5.17303466796875,1
5.154147148132324,1
5.185140609741211,1
5.169008255004883,1
5.180603981018066,1
5.2596354484558105,1
5.201141357421875,1
5.276674270629883,1
5.208049297332764,1
5.348058700561523,1
5.224932670593262,1
5.213441848754883,1
5.141010284423828,1
5.234143257141113,1
5.218216896057129,1
5.254717826843262,1
5.3146209716796875,1
5.25147819519043,1
5.361135482788086,1
5.2915472984313965,1
5.181455612182617,1
5.313286781311035,1
5.253818035125732,1
5.237536430358887,1
5.151335716247559,1
5.188643455505371,1
5.188985824584961,1
5.087123394012451,1
5.172214508056641,1
5.206809997558594,1
5.230201244354248,1
5.224287509918213,1
5.14885139465332,1
5.246645927429199,1
5.282468795776367,1
5.222808837890625,1
5.283104419708252,1
5.333707809448242,1
5.339316368103027,1
5.200594902038574,1
5.214663505554199,1
5.222716331481934,1
5.300713539123535,1
5.222888946533203,1
5.315794467926025,1
5.235347270965576,1
5.2928009033203125,1
5.228910446166992,1
5.260006904602051,1
5.23328971862793,1
5.219555854797363,1
5.245813369750977,1
5.229322910308838,1
5.188279151916504,1
5.290347099304199,1
5.233325481414795,1
5.221628189086914,1
5.21809196472168,1
5.182927131652832,1
5.231828689575195,1
5.297151565551758,1
5.2178754806518555,1
5.160915851593018,1
5.210826396942139,1
5.249017715454102,1
5.241031646728516,1
5.254988670349121,1
5.191615104675293,1
5.233998775482178,1
5.224535942077637,1
5.21730899810791,1
5.377089500427246,1
5.231461048126221,1
5.141732215881348,1
5.216080665588379,1
5.16598653793335,1
5.313318252563477,1
5.145112991333008,1
5.276678085327148,1
5.192582130432129,1
5.314920425415039,1
5.247249603271484,1
5.2680840492248535,1
5.12673282623291,1
5.250459671020508,1
5.364630699157715,1
5.260088920593262,1
5.225613594055176,1
5.13050651550293,1
5.169421672821045,1
5.278311252593994,1
5.275338649749756,1
5.309728145599365,1
5.2088165283203125,1
5.251621246337891,1
5.281611919403076,1
5.257939338684082,1
5.266031265258789,1
5.220372200012207,1
5.191833019256592,1
5.160007476806641,1
5.153881072998047,1
5.203777313232422,1
5.283834457397461,1
5.212992191314697,1
5.23225736618042,1
5.215459823608398,1
5.155233383178711,1
5.133295059204102,1
5.27163028717041,1
5.294158935546875,1
5.2878851890563965,1
5.237372398376465,1
5.270913124084473,1
5.203493595123291,1
5.229334831237793,1
5.1983442306518555,1
5.19255256652832,1
5.213591575622559,1
5.202324867248535,1
5.380765914916992,1
5.25101375579834,1
5.220905780792236,1
5.26540470123291,1
5.235296249389648,1
5.195826530456543,1
5.202778339385986,1
5.220650672912598,1
5.195984363555908,1
5.24298095703125,1
5.185150146484375,1
5.22292423248291,1
5.257742404937744,1
5.221991539001465,1
5.290039539337158,1
5.307247161865234,1
5.355984687805176,1
5.179766654968262,1
5.382927417755127,1
5.241353988647461,1
5.155888080596924,1
5.158969879150391,1
5.159236431121826,1
5.281659126281738,1
5.226429462432861,1
5.221527576446533,1
5.196619033813477,1
5.231706619262695,1
5.2558817863464355,1
5.188449859619141,1
5.191776275634766,1
5.237392425537109,1
5.19211483001709,1
5.177458763122559,1
5.219101428985596,1
5.311875343322754,1
5.277789115905762,1
5.304232120513916,1
5.206997871398926,1
5.196358680725098,1
5.356414794921875,1
5.240736484527588,1
5.250469207763672,1
5.220890998840332,1
5.212432861328125,1
5.257908821105957,1
5.234663009643555,1
5.255360126495361,1
5.158653259277344,1
5.246822834014893,1
5.255285263061523,1
5.221437454223633,1
5.291288375854492,1
5.2338457107543945,1
5.245119094848633,1
5.257959365844727,1
5.178234100341797,1
5.215628623962402,1
5.16254186630249,1
5.24061393737793,1
5.206390380859375,1
5.162267684936523,1
5.248743057250977,1
5.27475643157959,1
5.206499099731445,1
5.269396781921387,1
5.286871433258057,1
5.318790912628174,1
5.267156600952148,1
5.254495620727539,1
5.230851650238037,1
5.283636569976807,1
5.386765956878662,1
5.329374313354492,1
5.208849906921387,1
5.244344711303711,1
5.184664726257324,1
5.3175153732299805,1
5.143980026245117,1
5.249667644500732,1
5.255336761474609,1
5.250575065612793,1
5.219814300537109,1
5.294546127319336,1
5.2418975830078125,1
5.091371536254883,1
5.250861167907715,1
5.11444091796875,1
5.265816688537598,1
5.234408855438232,1
5.170719146728516,1
5.288192272186279,1
5.183383941650391,1
5.300607681274414,1
5.2502031326293945,1
5.240647315979004,1
5.242066383361816,1
5.130593299865723,1
5.210310459136963,1
5.163313865661621,1
5.285914421081543,1
5.272052764892578,1
5.274669170379639,1
5.271524429321289,1
5.3389387130737305,1
5.307503700256348,1
5.244922637939453,1
5.230138301849365,1
5.258526802062988,1
5.340734481811523,1
5.336976528167725,1
5.279308795928955,1
5.257739067077637,1
5.252040863037109,1
5.157238960266113,1
5.274857997894287,1
5.2041168212890625,1
5.22597599029541,1
5.251060962677002,1
5.285758018493652,1
5.2718892097473145,1
5.169323921203613,1
5.251280784606934,1
5.235939979553223,1
5.279333114624023,1
5.1854705810546875,1
5.266688346862793,1
5.24991512298584,1
5.260818004608154,1
5.250021457672119,1
5.1892547607421875,1
5.1595282554626465,1
5.297014236450195,1
5.307845592498779,1
5.228228569030762,1
5.260008335113525,1
5.1830735206604,1
5.325333595275879,1
5.3124799728393555,1
5.286684036254883,1
5.344078540802002,1
5.200855255126953,1
5.127537727355957,1
5.1723527908325195,1
5.266107559204102,1
5.184347152709961,1
5.293515205383301,1
5.272149085998535,1
5.310523509979248,1
5.116695880889893,1
5.306151390075684,1
5.321831226348877,1
5.234527111053467,1
5.253090858459473,1
5.327570915222168,1
5.236886024475098,1
5.379621505737305,1
5.343487739562988,1
5.148629188537598,1
5.3215532302856445,1
5.242256164550781,1
5.2215776443481445,1
5.273777008056641,1
5.259073257446289,1
5.216102600097656,1
5.269753456115723,1
5.231122016906738,1
5.26371955871582,1
5.193657875061035,1
5.172782897949219,1
5.19248104095459,1
5.152435302734375,1
5.292216777801514,1
5.253793716430664,1
5.315909385681152,1
5.149471759796143,1
5.25297212600708,1
5.135592460632324,1
5.286726951599121,1
5.224513053894043,1
5.16096305847168,1
5.148252964019775,1
5.283384799957275,1
5.23847770690918,1
5.489015579223633,1
5.203629493713379,1
5.216403961181641,1
5.236505508422852,1
5.240833282470703,1
5.252419471740723,1
5.270825386047363,1
5.338282585144043,1
5.266714096069336,1
5.3484063148498535,1
5.295249938964844,1
5.204568862915039,1
5.241866111755371,1
5.328285217285156,1
5.276252746582031,1
5.317039966583252,1
5.260322570800781,1
5.275699615478516,1
5.146964073181152,1
5.1808695793151855,1
5.29154634475708,1
5.167503833770752,1
5.216965675354004,1
5.182828426361084,1
5.390158653259277,1
5.271030426025391,1
5.180781841278076,1
5.23095703125,1
5.347121238708496,1
5.171867370605469,1
5.198554515838623,1
5.199263095855713,1
5.223706245422363,1
5.232120990753174,1
5.37197208404541,1
5.3295488357543945,1
5.336027145385742,1
5.186240196228027,1
5.2879743576049805,1
5.200212478637695,1
5.187491416931152,1
5.291035175323486,1
5.190337181091309,1
5.2404961585998535,1
5.3678059577941895,1
5.246625900268555,1
5.172632217407227,1
5.180081367492676,1
5.251247406005859,1
5.246023178100586,1
5.198888301849365,1
5.1967573165893555,1
5.2035112380981445,1
5.297374725341797,1
5.2832794189453125,1
5.159107208251953,1
5.183105945587158,1
5.1746015548706055,1
5.300898551940918,1
5.336075305938721,1
5.213935852050781,1
5.218508720397949,1
5.222356796264648,1
5.25840425491333,1
5.247761249542236,1
5.264038562774658,1
5.169511795043945,1
5.158308029174805,1
5.1954803466796875,1
5.21105432510376,1
5.329369068145752,1
5.249602317810059,1
5.250419616699219,1
5.290925025939941,1
5.243941307067871,1
5.296520233154297,1
5.300429821014404,1
5.161297798156738,1
5.157113075256348,1
5.217045307159424,1
5.302456855773926,1
5.262445449829102,1
5.31281852722168,1
5.202895641326904,1
5.201253890991211,1
5.264641284942627,1
5.33029842376709,1
5.208202362060547,1
5.290859699249268,1
5.215123176574707,1
5.256987571716309,1
5.21201229095459,1
5.200432777404785,1
5.243324279785156,1
5.2028608322143555,1
5.300849437713623,1
5.192326545715332,1
5.120980262756348,1
5.275260925292969,1
5.284564018249512,1
5.22821044921875,1
5.262546539306641,1
5.257554531097412,1
5.250939846038818,1
5.191767692565918,1
5.300021171569824,1
5.232194423675537,1
5.211227893829346,1
5.287271499633789,1
5.276207447052002,1
5.248959541320801,1
5.275778770446777,1
5.286017417907715,1
5.271313667297363,1
5.227291107177734,1
5.224387168884277,1
5.301858901977539,1
5.190953254699707,1
5.1075215339660645,1
5.176333427429199,1
5.277927398681641,1
5.3008904457092285,1
5.187564373016357,1
5.218156814575195,1
5.240579605102539,1
5.23084831237793,1
5.192386627197266,1
5.2919182777404785,1
5.191576957702637,1
5.2987961769104,1
5.161990165710449,1
5.316750526428223,1
5.314808368682861,1
5.137877464294434,1
5.164038181304932,1
5.224476337432861,1
5.232995986938477,1
5.247048377990723,1
5.2388105392456055,1
5.232233047485352,1
5.198755264282227,1
5.179215431213379,1
5.242788314819336,1
5.220747470855713,1
5.193933963775635,1
5.238053321838379,1
5.265934467315674,1
5.272948265075684,1
5.276699542999268,1
5.227319240570068,1
5.249897003173828,1
5.288043975830078,1
5.1936540603637695,1
5.285104751586914,1
5.201059341430664,1
5.205425262451172,1
5.252889156341553,1
5.182068347930908,1
5.189023971557617,1
5.19872522354126,1
5.201303005218506,1
5.222515106201172,1
5.172663688659668,1
5.2254743576049805,1
5.2323994636535645,1
5.270320892333984,1
5.261590957641602,1
5.233407020568848,1
5.2825164794921875,1
5.259252548217773,1
5.2342209815979,1
5.337444305419922,1
5.240405082702637,1
5.203376770019531,1
5.180271148681641,1
5.409122467041016,1
5.31272029876709,1
5.173254013061523,1
5.237715244293213,1
5.224569320678711,1
5.217852592468262,1
5.20192289352417,1
5.259738922119141,1
5.303506851196289,1
5.196878433227539,1
5.187146186828613,1
5.306275844573975,1
5.264347553253174,1
5.223333358764648,1
5.223402500152588,1
5.257376194000244,1
5.245687007904053,1
5.2300214767456055,1
5.275032043457031,1
5.1544270515441895,1
5.224261283874512,1
5.3503737449646,1
5.259808540344238,1
5.22586727142334,1
5.235506057739258,1
5.159573554992676,1
5.234219551086426,1
5.204582214355469,1
5.342710971832275,1
5.241175174713135,1
5.211177349090576,1
5.203608512878418,1
5.207353591918945,1
5.187891483306885,1
5.223781108856201,1
5.257198333740234,1
5.197629928588867,1
5.290394306182861,1
5.243969440460205,1
5.247276782989502,1
5.2626190185546875,1
5.1230573654174805,1
5.206394195556641,1
5.292600631713867,1
5.269136905670166,1
5.176571369171143,1
5.27256965637207,1
5.224094867706299,1
5.347929000854492,1
5.220491409301758,1
5.332825183868408,1
5.197549343109131,1
5.206482410430908,1
5.245184421539307,1
5.262211322784424,1
5.323995590209961,1
5.359094619750977,1
5.279314041137695,1
5.191512107849121,1
5.2573418617248535,1
5.217700958251953,1
5.171146392822266,1
5.296164512634277,1
5.25697135925293,1
5.239204406738281,1
5.146977424621582,1
5.304259777069092,1
5.283326148986816,1
5.210663318634033,1
5.327829837799072,1
5.2565765380859375,1
5.200165748596191,1
5.172022342681885,1
5.173255443572998,1
5.332090377807617,1
5.212386131286621,1
5.236845970153809,1
5.193739891052246,1
5.171568870544434,1
5.2885589599609375,1
5.283192157745361,1
5.266701698303223,1
5.191336154937744,1
5.2782182693481445,1
5.206882476806641,1
5.237607002258301,1
5.187757968902588,1
5.2120256423950195,1
5.233473300933838,1
5.2944536209106445,1
5.332197189331055,1
5.236907005310059,1
5.202308654785156,1
5.202532768249512,1
5.250729560852051,1
5.239326477050781,1
5.185993194580078,1
5.302563667297363,1
5.136225700378418,1
5.292839050292969,1
5.210618019104004,1
5.201048851013184,1
5.219881057739258,1
5.279213905334473,1
5.229846954345703,1
5.244015693664551,1
5.272159099578857,1
5.222092628479004,1
5.2493391036987305,1
5.241436004638672,1
5.324397563934326,1
5.223472595214844,1
5.134485244750977,1
5.266552925109863,1
5.29788064956665,1
5.262753486633301,1
5.2152252197265625,1
5.170994281768799,1
5.174830436706543,1
5.235755443572998,1
5.243910789489746,1
5.22536563873291,1
5.221834659576416,1
5.226250648498535,1
5.274728775024414,1
5.244049072265625,1
5.252572059631348,1
5.230644702911377,1
5.274252414703369,1
5.222208023071289,1
5.296056747436523,1
5.3196210861206055,1
5.214937210083008,1
5.1101226806640625,1
5.164185523986816,1
5.334109306335449,1
5.2549262046813965,1
5.285889148712158,1
5.3053879737854,1
5.364591598510742,1
5.307599067687988,1
5.287625789642334,1
5.191823482513428,1
5.251635551452637,1
5.283116340637207,1
5.186148643493652,1
5.2826032638549805,1
5.239677906036377,1
5.216886043548584,1
5.1664886474609375,1
5.222909450531006,1
5.176286220550537,1
5.270086288452148,1
5.250128269195557,1
5.354172706604004,1
5.355509281158447,1
5.234768867492676,1
5.217218399047852,1
5.262975215911865,1
5.247168064117432,1
5.234594345092773,1
5.1809282302856445,1
5.230544090270996,1
5.175721645355225,1
5.265528678894043,1
5.152972221374512,1
5.30319356918335,1
5.288211822509766,1
5.2673797607421875,1
5.242829322814941,1
5.194613456726074,1
5.143617630004883,1
5.176980972290039,1
5.223069190979004,1
5.158490180969238,1
5.238835334777832,1
5.198835372924805,1
5.28836727142334,1
5.261117935180664,1
5.379508972167969,1
5.282020092010498,1
5.287304878234863,1
5.234598636627197,1
5.34288215637207,1
5.196160316467285,1
5.206667900085449,1
5.266916275024414,1
5.2340216636657715,1
5.178188323974609,1
5.214875221252441,1
5.175721645355225,1
5.256327152252197,1
5.27827787399292,1
5.305067539215088,1
5.238214492797852,1
5.286292552947998,1
5.292428970336914,1
5.3604631423950195,1
5.330998420715332,1
5.221439361572266,1
5.089681625366211,1
5.219387531280518,1
5.207791805267334,1
5.264254570007324,1
5.1623334884643555,1
5.231020927429199,1
5.272231101989746,1
5.309755325317383,1
5.268100738525391,1
5.254395484924316,1
5.232637405395508,1
5.248649597167969,1
5.213932037353516,1
5.165066242218018,1
5.244001388549805,1
5.302554130554199,1
5.19575834274292,1
5.156578063964844,1
5.232304573059082,1
5.298515319824219,1
5.277008056640625,1
5.274328708648682,1
5.2684645652771,1
5.214738845825195,1
5.130101680755615,1
5.274315357208252,1
5.275981426239014,1
5.242284297943115,1
5.157674789428711,1
5.284079074859619,1
5.222667694091797,1
5.191003799438477,1
5.223737716674805,1
5.252010345458984,1
5.241097450256348,1
5.140725135803223,1
5.175629615783691,1
5.2340497970581055,1
5.1829376220703125,1
5.234283447265625,1
5.3155975341796875,1
5.141607761383057,1
5.243602275848389,1
5.209751605987549,1
5.220951080322266,1
5.336852073669434,1
5.369352340698242,1
5.165426254272461,1
5.280524730682373,1
5.255180358886719,1
5.221691131591797,1
5.2360358238220215,1
5.233072280883789,1
5.257225513458252,1
5.1807403564453125,1
5.227060794830322,1
5.2888994216918945,1
5.319013595581055,1
5.330057621002197,1
5.191582679748535,1
5.211341857910156,1
5.2399187088012695,1
5.28986930847168,1
5.330227375030518,1
5.192429542541504,1
5.149649620056152,1
5.256343841552734,1
5.258186340332031,1
5.198269844055176,1
5.136674880981445,1
5.359176158905029,1
5.218750953674316,1
5.289438247680664,1
5.252772331237793,1
5.168059349060059,1
5.283746242523193,1
5.147649765014648,1
5.272687911987305,1
5.2380876541137695,1
5.2493815422058105,1
5.223496913909912,1
5.255037307739258,1
5.21435546875,1
5.2578911781311035,1
5.251484394073486,1
5.255782127380371,1
5.236432075500488,1
5.300373554229736,1
5.238382339477539,1
5.219193458557129,1
5.170567512512207,1
5.180485248565674,1
5.204947471618652,1
5.305427074432373,1
5.294641494750977,1
5.216882705688477,1
5.162765026092529,1
5.282470703125,1
5.269052982330322,1
5.190255165100098,1
5.161968231201172,1
5.244085788726807,1
5.278232574462891,1
5.274820327758789,1
5.173371315002441,1
5.2036285400390625,1
5.2587571144104,1
5.317925453186035,1
5.323736190795898,1
5.232662200927734,1
5.261988639831543,1
5.252315521240234,1
5.208222389221191,1
5.253567695617676,1
5.29327917098999,1
5.222342491149902,1
5.301002502441406,1
5.267520904541016,1
5.162892818450928,1
5.233828067779541,1
5.210341453552246,1
5.232783794403076,1
5.307302474975586,1
5.173430919647217,1
5.1999101638793945,1
5.204881191253662,1
5.254795074462891,1
5.327038288116455,1
5.247006416320801,1
5.229559898376465,1
5.243494033813477,1
5.200998306274414,1
5.185922145843506,1
5.2366862297058105,1
5.173442840576172,1
5.3420610427856445,1
5.225115776062012,1
5.267718315124512,1
5.232356071472168,1
5.22801399230957,1
5.247788429260254,1
5.271716117858887,1
5.303133010864258,1
5.320145606994629,1
5.238099575042725,1
5.302499771118164,1
5.298596382141113,1
5.236488342285156,1
5.194814682006836,1
5.218884468078613,1
5.249985694885254,1
5.274641036987305,1
5.202675819396973,1
5.279416561126709,1
5.164517402648926,1
5.342647075653076,1
5.264123916625977,1
5.317254066467285,1
5.27370548248291,1
5.292219161987305,1
5.137972831726074,1
5.235673904418945,1
5.364477157592773,1
5.283900260925293,1
5.1844096183776855,1
5.211645126342773,1
5.2175140380859375,1
5.299386978149414,1
5.268782615661621,1
5.1639933586120605,1
5.294672012329102,1
5.202945709228516,1
5.079874038696289,1
5.252919673919678,1
5.249773025512695,1
5.318172931671143,1
5.279486656188965,1
5.205142974853516,1
5.203815460205078,1
5.334717750549316,1
5.244227886199951,1
5.11642599105835,1
5.285064697265625,1
5.236839771270752,1
5.1765851974487305,1
5.245547294616699,1
5.222424507141113,1
5.216440200805664,1
5.283420562744141,1
5.225736618041992,1
5.252142906188965,1
5.266295909881592,1
5.244250297546387,1
5.214086532592773,1
5.202872276306152,1
5.2854695320129395,1
5.17320442199707,1
5.297191619873047,1
5.268703460693359,1
5.216353893280029,1
5.118040084838867,1
5.242689609527588,1
5.176644325256348,1
5.249631881713867,1
5.163883209228516,1
5.260809898376465,1
5.248815059661865,1
5.129961967468262,1
5.18586540222168,1
5.183138847351074,1
5.288206577301025,1
5.229111194610596,1
5.226960182189941,1
5.316727161407471,1
5.19108772277832,1
5.2023186683654785,1
5.17778205871582,1
5.216297149658203,1
5.188899517059326,1
5.229137420654297,1
5.180417537689209,1
5.295171737670898,1
5.353083610534668,1
5.281120777130127,1
5.285226345062256,1
5.321669578552246,1
5.19587516784668,1
5.234723091125488,1
5.293089866638184,1
5.304524898529053,1
5.25912618637085,1
5.263343334197998,1
5.3131890296936035,1
5.191461563110352,1
5.266328811645508,1
5.173094272613525,1
5.228914260864258,1
5.236696720123291,1
5.277334213256836,1
5.174880027770996,1
5.189555644989014,1
5.16584587097168,1
5.238959312438965,1
5.359311580657959,1
5.225805759429932,1
5.268612384796143,1
5.214327812194824,1
5.293409824371338,1
5.276546478271484,1
5.319327354431152,1
5.281566143035889,1
5.2717132568359375,1
5.266122341156006,1
5.195512294769287,1
5.182104110717773,1
5.3086628913879395,1
5.144835472106934,1
5.294473648071289,1
5.305782318115234,1
5.215297698974609,1
5.30577278137207,1
5.192594528198242,1
5.279113292694092,1
5.262324333190918,1
5.238537311553955,1
5.242401599884033,1
5.318957805633545,1
5.205738067626953,1
5.240333557128906,1
5.234243392944336,1
5.2832932472229,1
5.187985420227051,1
5.346238613128662,1
5.207184791564941,1
5.186635971069336,1
5.30951452255249,1
5.1963067054748535,1
5.188019752502441,1
5.2548418045043945,1
5.146038055419922,1
5.276923656463623,1
5.237351417541504,1
5.224452972412109,1
5.246912479400635,1
5.3047590255737305,1
5.180903434753418,1
5.306958198547363,1
5.156357765197754,1
5.26202392578125,1
5.193355560302734,1
5.323936939239502,1
5.234539985656738,1
5.239579677581787,1
5.185335636138916,1
5.218071937561035,1
5.167337417602539,1
5.191544532775879,1
5.259143829345703,1
5.2729339599609375,1
5.283226490020752,1
5.201723098754883,1
5.28220272064209,1
5.2652363777160645,1
5.141238689422607,1
5.166259765625,1
5.297358512878418,1
5.177893161773682,1
5.2282023429870605,1
5.248091697692871,1
5.233543395996094,1
5.23434591293335,1
5.240026473999023,1
5.288538455963135,1
5.335995197296143,1
5.304926872253418,1
5.1755781173706055,1
5.259880065917969,1
5.360227584838867,1
5.248105049133301,1
5.22313928604126,1
5.328653812408447,1
5.198452949523926,1
5.229781150817871,1
5.201067924499512,1
5.3111114501953125,1
5.264664649963379,1
5.2158002853393555,1
5.232237815856934,1
5.2797088623046875,1
5.164994239807129,1
5.266432285308838,1
5.274050235748291,1
5.266780376434326,1
5.323513031005859,1
5.304831504821777,1
5.205533027648926,1
5.250455379486084,1
5.200736045837402,1
5.160938262939453,1
5.209934234619141,1
5.306502342224121,1
5.262590408325195,1
5.278935432434082,1
5.3424272537231445,1
5.124754905700684,1
5.139856338500977,1
5.165323257446289,1
5.270542621612549,1
5.1884765625,1
5.181301116943359,1
5.250706672668457,1
5.268290042877197,1
5.198090553283691,1
5.182023048400879,1
5.3197922706604,1
5.273641586303711,1
5.212973594665527,1
5.286556720733643,1
5.237438201904297,1
5.120854377746582,1
5.257959365844727,1
5.276536464691162,1
5.246814727783203,1
5.2232866287231445,1
5.234783172607422,1
5.144289493560791,1
5.21646785736084,1
5.258824348449707,1
5.3195953369140625,1
5.313953399658203,1
5.2042694091796875,1
5.221696853637695,1
5.229772567749023,1
5.19680118560791,1
5.227414131164551,1
5.268791198730469,1
5.167868614196777,1
5.202794551849365,1
5.281927108764648,1
5.22141170501709,1
5.221393585205078,1
5.172865867614746,1
5.2544732093811035,1
5.237091064453125,1
5.353691101074219,1
5.20887565612793,1
5.274228096008301,1
5.2720489501953125,1
5.304017066955566,1
5.322866916656494,1
5.239768981933594,1
5.194823741912842,1
5.2328948974609375,1
5.163059234619141,1
5.255605697631836,1
5.1504411697387695,1
5.242969989776611,1
5.178149700164795,1
5.192755699157715,1
5.296286106109619,1
5.241174697875977,1
5.227260589599609,1
5.170733451843262,1
5.278449058532715,1
5.255498886108398,1
5.210745811462402,1
5.184480667114258,1
5.171911716461182,1
5.255449295043945,1
5.304811000823975,1
5.138892650604248,1
5.2674336433410645,1
5.264143943786621,1
5.198010444641113,1
5.305405616760254,1
5.1346330642700195,1
5.328335762023926,1
5.294681549072266,1
5.256527900695801,1
5.233015060424805,1
5.341670513153076,1
5.199024200439453,1
5.298123836517334,1
5.0968732833862305,1
5.211583614349365,1
5.1854352951049805,1
5.3480329513549805,1
5.257334232330322,1
5.3248820304870605,1
5.158924579620361,1
5.339397430419922,1
5.2102813720703125,1
5.2781476974487305,1
5.263876914978027,1
5.227017879486084,1
5.264822959899902,1
5.154280662536621,1
5.24675178527832,1
5.277121067047119,1
5.25772762298584,1
5.192296981811523,1
5.236607551574707,1
5.232131004333496,1
5.371926784515381,1
5.235239028930664,1
5.145341396331787,1
5.320298194885254,1
5.263655662536621,1
5.2515363693237305,1
5.248488426208496,1
5.316539287567139,1
5.27530574798584,1
5.2417073249816895,1
5.286355495452881,1
5.288752555847168,1
5.2166900634765625,1
5.164335250854492,1
5.310943126678467,1
5.260585784912109,1
5.168680667877197,1
5.239769458770752,1
5.2459564208984375,1
5.209842205047607,1
5.263854026794434,1
5.1958723068237305,1
5.250871658325195,1
5.29604434967041,1
5.228314399719238,1
5.205774307250977,1
5.355391502380371,1
5.2311859130859375,1
5.131991386413574,1
5.3010663986206055,1
5.227180480957031,1
5.184447765350342,1
5.211679458618164,1
5.259555816650391,1
5.287725448608398,1
5.173638343811035,1
5.3264079093933105,1
5.202703952789307,1
5.261298656463623,1
5.189264297485352,1
5.2213521003723145,1
5.251256942749023,1
5.135768413543701,1
5.238347053527832,1
5.31082820892334,1
5.214186668395996,1
5.173243999481201,1
5.265537738800049,1
5.254329681396484,1
5.2359490394592285,1
5.2214202880859375,1
5.179892539978027,1
5.263269424438477,1
5.207564353942871,1
5.197353839874268,1
5.248967170715332,1
5.2501373291015625,1
5.249217987060547,1
5.157733917236328,1
5.231588840484619,1
5.273290634155273,1
5.274624824523926,1
5.196669101715088,1
5.258005619049072,1
5.188432216644287,1
5.274296760559082,1
5.324173450469971,1
5.198394775390625,1
5.227021217346191,1
5.272687911987305,1
5.224684238433838,1
5.153105735778809,1
5.222707271575928,1
5.18815803527832,1
5.139832496643066,1
5.211335182189941,1
5.32684850692749,1
5.271923542022705,1
5.230685234069824,1
5.178006649017334,1
5.251569747924805,1
5.18177604675293,1
5.2666425704956055,1
5.186953544616699,1
5.213195323944092,1
5.221010684967041,1
5.308151721954346,1
5.125265121459961,1
5.251935005187988,1
5.203042984008789,1
5.259992599487305,1
5.238719940185547,1
5.284875869750977,1
5.260531425476074,1
5.265366077423096,1
5.192577362060547,1
5.176325798034668,1
5.334213733673096,1
5.280893325805664,1
5.278757095336914,1
5.16493558883667,1
5.355525493621826,1
5.159739971160889,1
5.3022260665893555,1
5.209070205688477,1
5.272439479827881,1
5.284428596496582,1
5.251410961151123,1
5.233062744140625,1
5.249919891357422,1
5.223024368286133,1
5.198596000671387,1
5.2799072265625,1
5.326879501342773,1
5.29074239730835,1
5.355616569519043,1
5.188697814941406,1
5.15269660949707,1
5.2026472091674805,1
5.26163387298584,1
5.351728439331055,1
5.154201507568359,1
5.267467498779297,1
5.263926982879639,1
5.21723747253418,1
5.177928924560547,1
5.26108455657959,1
5.237003326416016,1
5.2059736251831055,1
5.207932949066162,1
5.288306713104248,1
5.303593158721924,1
5.283512592315674,1
5.277917861938477,1
5.2048115730285645,1
5.149109840393066,1
5.264247417449951,1
5.228620529174805,1
5.322885036468506,1
5.187689781188965,1
5.220816612243652,1
5.178534030914307,1
5.189542770385742,1
5.289732933044434,1
5.18504524230957,1
5.293904781341553,1
5.385444641113281,1
5.267156600952148,1
5.244900226593018,1
5.182158470153809,1
5.311897277832031,1
5.2839555740356445,1
5.227806568145752,1
5.241974353790283,1
5.196784973144531,1
5.241653919219971,1
5.220965385437012,1
5.188220500946045,1
5.231973171234131,1
5.230199337005615,1
5.206876277923584,1
5.254792213439941,1
5.232314109802246,1
5.271810531616211,1
5.281856060028076,1
5.221446990966797,1
5.273736953735352,1
5.2396955490112305,1
5.248199939727783,1
5.264179229736328,1
5.218017578125,1
5.321324348449707,1
5.191230773925781,1
5.132702827453613,1
5.1944050788879395,1
5.301634788513184,1
5.270805358886719,1
5.130791664123535,1
5.239272117614746,1
5.306694030761719,1
5.335711479187012,1
5.375450134277344,1
5.228954792022705,1
5.182632923126221,1
5.30394172668457,1
5.131440162658691,1
5.291910171508789,1
5.323402404785156,1
5.181866645812988,1
5.289524078369141,1
5.354550361633301,1
5.3358154296875,1
5.0871806144714355,1
5.212431907653809,1
5.29420280456543,1
5.267216205596924,1
5.386418342590332,1
5.192526817321777,1
5.2655205726623535,1
5.303380012512207,1
5.297281265258789,1
5.292991638183594,1
5.229296684265137,1
5.325112342834473,1
5.28217077255249,1
5.342390537261963,1
5.200648307800293,1
5.292760848999023,1
5.151142120361328,1
5.220156669616699,1
5.346830368041992,1
5.24909782409668,1
5.202995300292969,1
5.227005481719971,1
5.206192970275879,1
5.196394443511963,1
5.231265544891357,1
5.224549293518066,1
5.357521057128906,1
5.232681751251221,1
5.316193580627441,1
5.283473014831543,1
5.288902282714844,1
5.165503025054932,1
5.27295446395874,1
5.214495658874512,1
5.258464336395264,1
5.1952385902404785,1
5.335343360900879,1
5.168778419494629,1
5.134215354919434,1
5.243956565856934,1
5.2746405601501465,1
5.232538223266602,1
5.153587818145752,1
5.215085983276367,1
5.322201251983643,1
5.3258819580078125,1
5.310965538024902,1
5.178216934204102,1
5.218127250671387,1
5.258045196533203,1
5.226301193237305,1
5.214735984802246,1
5.222644805908203,1
5.307895660400391,1
5.153903484344482,1
5.273942470550537,1
5.2222113609313965,1
5.278892993927002,1
5.225046157836914,1
5.218257904052734,1
5.2927565574646,1
5.241501808166504,1
5.181084632873535,1
5.244572162628174,1
5.2339253425598145,1
5.266931533813477,1
5.259902000427246,1
5.322207450866699,1
5.2617082595825195,1
5.244032859802246,1
5.248222827911377,1
5.314055442810059,1
5.229926109313965,1
5.243871212005615,1
5.056980133056641,1
5.271633625030518,1
5.295378684997559,1
5.226137161254883,1
5.283364295959473,1
5.2400054931640625,1
5.2528181076049805,1
5.2627105712890625,1
5.163028240203857,1
5.259425163269043,1
5.206653594970703,1
5.2292985916137695,1
5.133009910583496,1
5.188626766204834,1
5.220593452453613,1
5.194061756134033,1
5.2406005859375,1
5.328067302703857,1
5.225034713745117,1
5.295964241027832,1
5.2537970542907715,1
5.183260917663574,1
5.289921283721924,1
5.251285552978516,1
5.2023701667785645,1
5.23809814453125,1
5.286438941955566,1
5.287206172943115,1
5.223761558532715,1
5.205149173736572,1
5.260970115661621,1
5.234436988830566,1
5.2525553703308105,1
5.314643859863281,1
5.192060470581055,1
5.274514198303223,1
5.351629734039307,1
5.265460968017578,1
5.159451961517334,1
5.2603559494018555,1
5.258753299713135,1
5.203915596008301,1
5.216613292694092,1
5.256835460662842,1
5.291623115539551,1
5.254821300506592,1
5.2748260498046875,1
5.283637523651123,1
5.297780990600586,1
5.270470142364502,1
5.225201606750488,1
5.188344955444336,1
5.264587879180908,1
5.230345726013184,1
5.237679481506348,1
5.258488655090332,1
5.209973335266113,1
5.237061500549316,1
5.211523056030273,1
5.174254894256592,1
5.182703495025635,1
5.230956077575684,1
5.198062419891357,1
5.278039455413818,1
5.249466896057129,1
5.2040486335754395,1
5.355389595031738,1
5.154667854309082,1
5.2790117263793945,1
5.299948692321777,1
5.28282356262207,1
5.23997688293457,1
5.252963066101074,1
5.162266254425049,1
5.234632968902588,1
5.29940128326416,1
5.287590026855469,1
5.212623119354248,1
5.202685832977295,1
5.211126327514648,1
5.2777605056762695,1
5.346559047698975,1
5.196998596191406,1
5.250629901885986,1
5.184607028961182,1
5.192781448364258,1
5.248956203460693,1
5.235785961151123,1
5.285374164581299,1
5.238544464111328,1
5.282505989074707,1
5.174386978149414,1
5.225120544433594,1
5.3701300621032715,1
5.142117023468018,1
5.228435039520264,1
5.233609199523926,1
5.4050140380859375,1
5.2594709396362305,1
5.308823108673096,1
5.322766304016113,1
5.275533199310303,1
5.310482978820801,1
5.272954940795898,1
5.285708427429199,1
5.1867499351501465,1
5.295722007751465,1
5.215595722198486,1
5.156373977661133,1
5.293030738830566,1
5.266294479370117,1
5.2128586769104,1
5.208328723907471,1
5.269506454467773,1
5.298900127410889,1
