5.260730266571045,1
5.320686340332031,1
5.222357749938965,1
5.17455530166626,1
5.238541603088379,1
5.236667633056641,1
5.2849907875061035,1
5.22052526473999,1
5.2792463302612305,1
5.139157772064209,1
5.25864315032959,1
5.303745269775391,1
5.25186824798584,1
5.339578151702881,1
5.138944625854492,1
5.0876312255859375,1
5.3144941329956055,1
5.2131218910217285,1
5.222273826599121,1
5.2648749351501465,1
5.277164459228516,1
5.21127986907959,1
5.251707077026367,1
5.234461307525635,1
5.392838478088379,1
5.265115737915039,1
5.245586395263672,1
5.237325668334961,1
5.266440391540527,1
5.258883476257324,1
5.223821640014648,1
5.237025260925293,1
5.213238716125488,1
5.241049766540527,1
5.318068981170654,1
5.238944053649902,1
5.124540328979492,1
5.215341567993164,1
5.241117477416992,1
5.1996564865112305,1
5.2829203605651855,1
5.2498626708984375,1
5.22166109085083,1
5.225776195526123,1
5.292693614959717,1
5.196696758270264,1
5.265929222106934,1
5.337124347686768,1
5.233072280883789,1
5.273355484008789,1
5.2076263427734375,1
5.257993698120117,1
5.259330749511719,1
5.162788391113281,1
5.250096321105957,1
5.3862409591674805,1
5.269399166107178,1
5.295007705688477,1
5.16806697845459,1
5.256043434143066,1
5.301454067230225,1
5.150631904602051,1
5.204014301300049,1
5.309482097625732,1
5.252132415771484,1
5.323921203613281,1
5.26412296295166,1
5.144237995147705,1
5.188189506530762,1
5.280217170715332,1
5.2782301902771,1
5.294890880584717,1
5.329009532928467,1
5.203726291656494,1
5.304470539093018,1
5.227333068847656,1
5.193517684936523,1
5.2150373458862305,1
5.210380554199219,1
5.243146896362305,1
5.325610637664795,1
5.224225997924805,1
5.165689468383789,1
5.281777858734131,1
5.239744663238525,1
5.185338020324707,1
5.345856666564941,1
5.26447057723999,1
5.260071277618408,1
5.220846176147461,1
5.238999366760254,1
5.270204544067383,1
5.281734943389893,1
5.237797737121582,1
5.242096900939941,1
5.252148628234863,1
5.243431091308594,1
5.280346870422363,1
5.20534086227417,1
5.254147529602051,1
5.217325687408447,1
5.1852898597717285,1
5.169687271118164,1
5.279364585876465,1
5.185089111328125,1
5.31044340133667,1
5.247616767883301,1
5.300673484802246,1
5.276496887207031,1
5.179842472076416,1
5.416327476501465,1
5.264993667602539,1
5.219944953918457,1
5.226223945617676,1
5.442534446716309,1
5.231754302978516,1
5.231818199157715,1
5.229559898376465,1
5.196410179138184,1
5.252206325531006,1
5.2135772705078125,1
5.195487022399902,1
5.354728698730469,1
5.208893775939941,1
5.344943046569824,1
5.249600410461426,1
5.19649600982666,1
5.216072082519531,1
5.212141036987305,1
5.259702682495117,1
5.272095680236816,1
5.200684547424316,1
5.2643513679504395,1
5.311291694641113,1
5.233564376831055,1
5.264254570007324,1
5.351122856140137,1
5.292271614074707,1
5.253513813018799,1
5.199926376342773,1
5.307496070861816,1
5.133034706115723,1
5.216595649719238,1
5.185880184173584,1
5.27131462097168,1
5.27687931060791,1
5.23895788192749,1
5.201951026916504,1
5.2237749099731445,1
5.190164089202881,1
5.285065650939941,1
5.242159843444824,1
5.300245761871338,1
5.131592750549316,1
5.210384845733643,1
5.21311616897583,1
5.25129508972168,1
5.219116687774658,1
5.166374206542969,1
5.2531938552856445,1
5.251711368560791,1
5.188323974609375,1
5.195791244506836,1
5.204282283782959,1
5.266381740570068,1
5.324365139007568,1
5.250131607055664,1
5.168497085571289,1
5.309609413146973,1
5.230539798736572,1
5.273116588592529,1
5.171936988830566,1
5.224821090698242,1
5.3206329345703125,1
5.373389720916748,1
5.203531742095947,1
5.3293304443359375,1
5.225428104400635,1
5.22294807434082,1
5.2582807540893555,1
5.242759704589844,1
5.179831027984619,1
5.186652183532715,1
5.29526424407959,1
5.343526363372803,1
5.147366523742676,1
5.344371795654297,1
5.231215476989746,1
5.283482551574707,1
5.263151168823242,1
5.2098774909973145,1
5.273162841796875,1
5.238079071044922,1
5.279869079589844,1
5.337935447692871,1
5.276595115661621,1
5.195405006408691,1
5.274088382720947,1
5.141915321350098,1
5.227936744689941,1
5.319035053253174,1
5.228301048278809,1
5.305288791656494,1
5.182154655456543,1
5.2446417808532715,1
5.273216724395752,1
5.266369819641113,1
5.188830852508545,1
5.325442790985107,1
5.2508721351623535,1
5.311334609985352,1
5.288853168487549,1
5.170096397399902,1
5.309351921081543,1
5.221477508544922,1
5.202714443206787,1
5.255350112915039,1
5.359831809997559,1
5.22208309173584,1
5.221536636352539,1
5.180245399475098,1
5.137794494628906,1
5.308286190032959,1
5.233802795410156,1
5.18011474609375,1
5.186609268188477,1
5.239005088806152,1
5.284516334533691,1
5.285836219787598,1
5.201545238494873,1
5.264908790588379,1
5.254748344421387,1
5.230786323547363,1
5.21049165725708,1
5.235760688781738,1
5.280795574188232,1
5.263350486755371,1
5.24627685546875,1
5.233796119689941,1
5.180698871612549,1
5.220122337341309,1
5.197713851928711,1
5.17260217666626,1
5.2032694816589355,1
5.202610015869141,1
5.224214553833008,1
5.210099697113037,1
5.203797817230225,1
5.235599517822266,1
5.289500713348389,1
5.2533698081970215,1
5.250053882598877,1
5.336366653442383,1
5.202775955200195,1
5.2344970703125,1
5.325307846069336,1
5.257148742675781,1
5.318480491638184,1
5.144170761108398,1
5.2922515869140625,1
5.198994159698486,1
5.196829795837402,1
5.222967624664307,1
5.1344170570373535,1
5.1598711013793945,1
5.150785446166992,1
5.342100143432617,1
5.210456848144531,1
5.245335578918457,1
5.235705852508545,1
5.184820652008057,1
5.296724796295166,1
5.316349029541016,1
5.197136878967285,1
5.2402496337890625,1
5.284152507781982,1
5.333193302154541,1
5.268708229064941,1
5.306434154510498,1
5.236126899719238,1
5.248580455780029,1
5.25533390045166,1
5.317334175109863,1
5.253931999206543,1
5.256711483001709,1
5.200584411621094,1
5.243480682373047,1
5.1835551261901855,1
5.276303768157959,1
5.2428717613220215,1
5.305144309997559,1
5.370527267456055,1
5.266874313354492,1
5.281023025512695,1
5.311020851135254,1
5.260643005371094,1
5.209640026092529,1
5.224420547485352,1
5.171085357666016,1
5.285177230834961,1
5.251357078552246,1
5.272221088409424,1
5.28652286529541,1
5.2884063720703125,1
5.215070724487305,1
5.322566986083984,1
5.175229549407959,1
5.193947792053223,1
5.1953864097595215,1
5.216331481933594,1
5.155871868133545,1
5.278755187988281,1
5.274044036865234,1
5.138655662536621,1
5.154050827026367,1
5.225475788116455,1
5.177789211273193,1
5.22747802734375,1
5.208252906799316,1
5.235506057739258,1
5.265902519226074,1
5.291311264038086,1
5.229737281799316,1
5.385501861572266,1
5.148660659790039,1
5.277164459228516,1
5.238493919372559,1
5.267993927001953,1
5.1784162521362305,1
5.24273681640625,1
5.174365043640137,1
5.2416486740112305,1
5.256255149841309,1
5.256695747375488,1
5.169526100158691,1
5.21596097946167,1
5.2460103034973145,1
5.241866111755371,1
5.26773738861084,1
5.190495491027832,1
5.238444805145264,1
5.190182685852051,1
5.161299705505371,1
5.205469131469727,1
5.304599761962891,1
5.2993950843811035,1
5.227017402648926,1
5.144239902496338,1
5.2915496826171875,1
5.22608757019043,1
5.248373985290527,1
5.266869068145752,1
5.268576622009277,1
5.187054634094238,1
5.196802616119385,1
5.287411689758301,1
5.240020751953125,1
5.216220855712891,1
5.321102142333984,1
5.2122273445129395,1
5.228964805603027,1
5.367124557495117,1
5.29230260848999,1
5.258062839508057,1
5.244421005249023,1
5.280550003051758,1
5.146175861358643,1
5.231107234954834,1
5.206781387329102,1
5.175516128540039,1
5.1680908203125,1
5.275476455688477,1
5.205996036529541,1
5.276551246643066,1
5.171426773071289,1
5.1839280128479,1
5.227438926696777,1
5.197534561157227,1
5.244657039642334,1
5.286513328552246,1
5.219789505004883,1
5.239961624145508,1
5.323309898376465,1
5.218714714050293,1
5.228000640869141,1
5.115543842315674,1
5.113475322723389,1
5.201987266540527,1
5.182961463928223,1
5.111583232879639,1
5.236698627471924,1
5.260809898376465,1
5.357855319976807,1
5.320664405822754,1
5.254673004150391,1
5.308028221130371,1
5.15770149230957,1
5.239202499389648,1
5.29718017578125,1
5.356999397277832,1
5.302367210388184,1
5.320613384246826,1
5.24008846282959,1
5.344376564025879,1
5.22742223739624,1
5.278176307678223,1
5.226212978363037,1
5.187335014343262,1
5.250097751617432,1
5.223428726196289,1
5.311985969543457,1
5.244465351104736,1
5.280566215515137,1
5.221023082733154,1
5.301807403564453,1
5.120416641235352,1
5.2437968254089355,1
5.217860221862793,1
5.270688056945801,1
5.31263542175293,1
5.294921875,1
5.210641860961914,1
5.219734191894531,1
5.229987621307373,1
5.261689186096191,1
5.2619757652282715,1
5.286769866943359,1
5.2484354972839355,1
5.160797595977783,1
5.310815811157227,1
5.305031776428223,1
5.243245601654053,1
5.341606140136719,1
5.235506057739258,1
5.3189697265625,1
5.198529243469238,1
5.384440898895264,1
5.279299736022949,1
5.201571464538574,1
5.282580852508545,1
5.213160037994385,1
5.339210510253906,1
5.294816970825195,1
5.261765480041504,1
5.189668655395508,1
5.179459571838379,1
5.230628967285156,1
5.292539596557617,1
5.306291580200195,1
5.249884605407715,1
5.233175754547119,1
5.26937198638916,1
5.350302219390869,1
5.083322048187256,1
5.192334175109863,1
5.176602363586426,1
5.247000217437744,1
5.167919635772705,1
5.215895652770996,1
5.292281627655029,1
5.2961626052856445,1
5.192118167877197,1
5.214707374572754,1
5.258018493652344,1
5.2242231369018555,1
5.287475109100342,1
5.2296271324157715,1
5.24252986907959,1
5.21574592590332,1
5.240567207336426,1
5.152673721313477,1
5.2452712059021,1
5.209636211395264,1
5.215248107910156,1
5.185827255249023,1
5.270698070526123,1
5.291010856628418,1
5.256709098815918,1
5.208448886871338,1
5.30273962020874,1
5.28599214553833,1
5.17937707901001,1
5.3098297119140625,1
5.309585094451904,1
5.304393768310547,1
5.22271728515625,1
5.231410980224609,1
5.165667533874512,1
5.227859020233154,1
5.163748741149902,1
5.262925148010254,1
5.232492446899414,1
5.162319660186768,1
5.313415050506592,1
5.357560157775879,1
5.1854400634765625,1
5.275707244873047,1
5.289614677429199,1
5.219145774841309,1
5.2397027015686035,1
5.285223007202148,1
5.269084930419922,1
5.156727313995361,1
5.251673221588135,1
5.352804183959961,1
5.299661636352539,1
5.367317199707031,1
5.325767517089844,1
5.211080074310303,1
5.1722517013549805,1
5.283037185668945,1
5.251792907714844,1
5.304850101470947,1
5.3430023193359375,1
5.22672176361084,1
5.115516662597656,1
5.273364067077637,1
5.293957710266113,1
5.258583068847656,1
5.297250747680664,1
5.277256965637207,1
5.127254486083984,1
5.234219551086426,1
5.303896903991699,1
5.231005668640137,1
5.298554420471191,1
5.247696399688721,1
5.181783676147461,1
5.201049327850342,1
5.232820987701416,1
5.1904473304748535,1
5.291031837463379,1
5.234142303466797,1
5.1812052726745605,1
5.265744686126709,1
5.213103294372559,1
5.230523109436035,1
5.25843620300293,1
5.312020778656006,1
5.228055000305176,1
5.217635154724121,1
5.295676231384277,1
5.323251724243164,1
5.18237829208374,1
5.21054744720459,1
5.227821350097656,1
5.328570365905762,1
5.259549140930176,1
5.263808250427246,1
5.252781391143799,1
5.230119228363037,1
5.141476154327393,1
5.245499134063721,1
5.201027870178223,1
5.096254348754883,1
5.248096942901611,1
5.248313903808594,1
5.203426361083984,1
5.273767948150635,1
5.346124649047852,1
5.188991546630859,1
5.350013256072998,1
5.230167388916016,1
5.22510290145874,1
5.221707344055176,1
5.2455058097839355,1
5.261850357055664,1
5.237674713134766,1
5.2660698890686035,1
5.283969402313232,1
5.154729843139648,1
5.253742218017578,1
5.249693393707275,1
5.184457778930664,1
5.1863298416137695,1
5.234016418457031,1
5.156039237976074,1
5.284767150878906,1
5.245513916015625,1
5.221478462219238,1
5.236187934875488,1
5.22345495223999,1
5.222506999969482,1
5.1354289054870605,1
5.165184020996094,1
5.244240760803223,1
5.301169395446777,1
5.274975776672363,1
5.266235828399658,1
5.266699314117432,1
5.267242431640625,1
5.248254299163818,1
5.200575828552246,1
5.205799102783203,1
5.304603576660156,1
5.2408928871154785,1
5.195794105529785,1
5.216395378112793,1
5.152622222900391,1
5.187126159667969,1
5.3356194496154785,1
5.272736549377441,1
5.268522262573242,1
5.162361145019531,1
5.264841079711914,1
5.254489898681641,1
5.318792819976807,1
5.284324645996094,1
5.199596405029297,1
5.232120037078857,1
5.226154804229736,1
5.151271820068359,1
5.2115888595581055,1
5.3029069900512695,1
5.372071743011475,1
5.096438884735107,1
5.181077003479004,1
5.226111888885498,1
5.216531753540039,1
5.298139572143555,1
5.309728145599365,1
5.268892288208008,1
5.259735107421875,1
5.336448669433594,1
5.183864593505859,1
5.218938827514648,1
5.2417378425598145,1
5.283097267150879,1
5.255115509033203,1
5.2942328453063965,1
5.236187934875488,1
5.1992387771606445,1
5.278319358825684,1
5.233961582183838,1
5.236154556274414,1
5.130023956298828,1
5.215341567993164,1
5.182509422302246,1
5.118040561676025,1
5.209353923797607,1
5.172656059265137,1
5.2563018798828125,1
5.262897491455078,1
5.264900207519531,1
5.289977550506592,1
5.277703285217285,1
5.23960018157959,1
5.222480773925781,1
5.216710567474365,1
5.236841678619385,1
5.2044572830200195,1
5.2843098640441895,1
5.136898994445801,1
5.136922359466553,1
5.257580757141113,1
5.302233695983887,1
5.2316694259643555,1
5.34715461730957,1
5.219067573547363,1
5.332801818847656,1
5.240403652191162,1
5.272557258605957,1
5.203275680541992,1
5.285212993621826,1
5.153837203979492,1
5.178684711456299,1
5.234420299530029,1
5.226665019989014,1
5.284945011138916,1
5.180674076080322,1
5.181406021118164,1
5.153171062469482,1
5.147834777832031,1
5.13636589050293,1
5.299747943878174,1
5.259521484375,1
5.247842311859131,1
5.317235946655273,1
5.1566667556762695,1
5.265172481536865,1
5.251708984375,1
5.151152610778809,1
5.20851469039917,1
5.188088893890381,1
5.280249118804932,1
5.233905792236328,1
5.234431743621826,1
5.1762566566467285,1
5.213077545166016,1
5.374000549316406,1
5.232702732086182,1
5.2940521240234375,1
5.198300361633301,1
5.255029201507568,1
5.321294784545898,1
5.241550445556641,1
5.2038397789001465,1
5.245199203491211,1
5.216603755950928,1
5.3120245933532715,1
5.26576566696167,1
5.253719329833984,1
5.232907295227051,1
5.177131175994873,1
5.223701477050781,1
5.296616077423096,1
5.1532697677612305,1
5.252507209777832,1
5.283298492431641,1
5.262270450592041,1
5.264421463012695,1
5.285962104797363,1
5.2056884765625,1
5.3536176681518555,1
5.269369125366211,1
5.14760160446167,1
5.198519706726074,1
5.141199111938477,1
5.290278911590576,1
5.309595584869385,1
5.256934642791748,1
5.2346343994140625,1
5.21582555770874,1
5.238717079162598,1
5.264642715454102,1
5.254206657409668,1
5.226047039031982,1
5.235984802246094,1
5.257645130157471,1
5.190586566925049,1
5.197131156921387,1
5.2885236740112305,1
5.2462873458862305,1
5.149317264556885,1
5.270205497741699,1
5.147026062011719,1
5.211282730102539,1
5.224029064178467,1
5.218845367431641,1
5.2314558029174805,1
5.310764789581299,1
5.280248641967773,1
5.210721969604492,1
5.235016822814941,1
5.223639488220215,1
5.167097091674805,1
5.2537031173706055,1
5.3133440017700195,1
5.217298984527588,1
5.214408874511719,1
5.239931583404541,1
5.25175666809082,1
5.16737174987793,1
5.2228593826293945,1
5.21291446685791,1
5.28599739074707,1
5.275936603546143,1
5.380552291870117,1
5.278329849243164,1
5.304950714111328,1
5.230507850646973,1
5.25632381439209,1
5.222300052642822,1
5.227024078369141,1
5.225110054016113,1
5.239193916320801,1
5.09427547454834,1
5.255889415740967,1
5.315914154052734,1
5.212666034698486,1
5.254599571228027,1
5.201315879821777,1
5.19161319732666,1
5.253135681152344,1
5.170501708984375,1
5.1951470375061035,1
5.225362777709961,1
5.234624862670898,1
5.208606243133545,1
5.360314846038818,1
5.155109405517578,1
5.252330780029297,1
5.28167724609375,1
5.246549129486084,1
5.224733352661133,1
5.240456581115723,1
5.335623741149902,1
5.294487953186035,1
5.361483573913574,1
5.226790428161621,1
5.19912576675415,1
5.218901634216309,1
5.109353542327881,1
5.288785934448242,1
5.325597286224365,1
5.2037353515625,1
5.1756486892700195,1
5.209824562072754,1
5.173586845397949,1
5.298242092132568,1
5.305273056030273,1
5.257961750030518,1
5.231873035430908,1
5.244757175445557,1
5.219209671020508,1
5.280659198760986,1
5.161561012268066,1
5.283268928527832,1
5.283594131469727,1
5.240682125091553,1
5.187020301818848,1
5.200070858001709,1
5.279535293579102,1
5.263472557067871,1
5.3267693519592285,1
5.2240400314331055,1
5.229874610900879,1
5.234134197235107,1
5.165674209594727,1
5.250229835510254,1
5.147465705871582,1
5.30727481842041,1
5.251707077026367,1
5.1880974769592285,1
5.189173698425293,1
5.180876731872559,1
5.3123273849487305,1
5.329565525054932,1
5.269927024841309,1
5.1373796463012695,1
5.244256019592285,1
5.2928786277771,1
5.242315292358398,1
5.26213264465332,1
5.256002902984619,1
5.177769184112549,1
5.2881903648376465,1
5.1980156898498535,1
5.180150985717773,1
5.223055839538574,1
5.171868324279785,1
5.233393669128418,1
5.255496978759766,1
5.200111389160156,1
5.271599292755127,1
5.278059005737305,1
5.23532772064209,1
5.353399276733398,1
5.302440643310547,1
5.316125869750977,1
5.286539077758789,1
5.17909049987793,1
5.260814666748047,1
5.229816436767578,1
5.280121803283691,1
5.20093297958374,1
5.182190895080566,1
5.368995189666748,1
5.226917266845703,1
5.181624412536621,1
5.18487548828125,1
5.176822662353516,1
5.3132758140563965,1
5.145444393157959,1
5.233806133270264,1
5.226579189300537,1
5.3024821281433105,1
5.28121280670166,1
5.274308204650879,1
5.170392036437988,1
5.230881214141846,1
5.188351154327393,1
5.302934646606445,1
5.240243911743164,1
5.255769729614258,1
5.272438049316406,1
5.343450546264648,1
5.327664375305176,1
5.236772537231445,1
5.218202590942383,1
5.149592399597168,1
5.274641036987305,1
5.242976188659668,1
5.276878356933594,1
5.292011737823486,1
5.18128776550293,1
5.299931526184082,1
5.1943817138671875,1
5.17759895324707,1
5.176565170288086,1
5.27775239944458,1
5.223397731781006,1
5.228876113891602,1
5.160153388977051,1
5.301034927368164,1
5.187379837036133,1
5.232964992523193,1
5.214180946350098,1
5.211554527282715,1
5.281479358673096,1
5.149796962738037,1
5.1654534339904785,1
5.138116359710693,1
5.335713863372803,1
5.183198928833008,1
5.291727066040039,1
5.237471580505371,1
5.248155117034912,1
5.290170669555664,1
5.169808864593506,1
5.259857177734375,1
5.284873962402344,1
5.257279396057129,1
5.273208141326904,1
5.245070934295654,1
5.32066535949707,1
5.2764692306518555,1
5.2079057693481445,1
5.215183258056641,1
5.3250017166137695,1
5.2364115715026855,1
5.2422261238098145,1
5.23136043548584,1
5.254307746887207,1
5.1610918045043945,1
5.240804672241211,1
5.294478416442871,1
5.23734712600708,1
5.282824516296387,1
5.256061553955078,1
5.1992597579956055,1
5.213837623596191,1
5.134415149688721,1
5.197031021118164,1
5.261721611022949,1
5.310218334197998,1
5.1660356521606445,1
5.2597527503967285,1
5.200706481933594,1
5.279016494750977,1
5.173002243041992,1
5.165919303894043,1
5.281512260437012,1
5.244630813598633,1
5.312508583068848,1
5.2498860359191895,1
5.1834869384765625,1
5.294814109802246,1
5.284889221191406,1
5.25872278213501,1
5.247193336486816,1
5.152532577514648,1
5.222184181213379,1
5.203303337097168,1
5.20108699798584,1
5.165981292724609,1
5.285685062408447,1
5.2448906898498535,1
5.232929229736328,1
5.202189922332764,1
5.220767021179199,1
5.278098106384277,1
5.160525321960449,1
5.216800689697266,1
5.296728610992432,1
5.259881019592285,1
5.218806266784668,1
5.2316670417785645,1
5.201066017150879,1
5.323808670043945,1
5.360372543334961,1
5.189859390258789,1
5.27439022064209,1
5.275067329406738,1
5.257968902587891,1
5.321974277496338,1
5.272475719451904,1
5.209153175354004,1
5.271335601806641,1
5.313541412353516,1
5.287877082824707,1
5.209044456481934,1
5.201272010803223,1
5.2103424072265625,1
5.184124946594238,1
5.203436851501465,1
5.30639123916626,1
5.322752952575684,1
5.300785064697266,1
5.399950981140137,1
5.20289945602417,1
5.345007419586182,1
5.217913627624512,1
5.234738349914551,1
5.180479049682617,1
5.204949378967285,1
5.174897193908691,1
5.327049255371094,1
5.3145599365234375,1
5.356472969055176,1
5.330132007598877,1
5.241940498352051,1
5.210350036621094,1
5.177680492401123,1
5.281023979187012,1
5.230538368225098,1
5.321930408477783,1
5.113965034484863,1
5.172208786010742,1
5.277280330657959,1
5.347323417663574,1
5.188350677490234,1
5.186182498931885,1
5.363755226135254,1
5.316154479980469,1
5.2625885009765625,1
5.210789203643799,1
5.273271083831787,1
5.243664741516113,1
5.270053863525391,1
5.173816680908203,1
5.356311321258545,1
5.226017951965332,1
5.278505325317383,1
5.1947197914123535,1
5.221930027008057,1
5.232280731201172,1
5.262289524078369,1
5.236244201660156,1
5.245927810668945,1
5.249302864074707,1
5.1264495849609375,1
5.311986446380615,1
5.152004718780518,1
5.238065719604492,1
5.303157806396484,1
5.209834575653076,1
5.204950332641602,1
5.250659942626953,1
5.2334794998168945,1
5.220958709716797,1
5.226941108703613,1
5.221145153045654,1
5.236583709716797,1
5.239529132843018,1
5.232149600982666,1
5.226210117340088,1
5.174860954284668,1
5.170159339904785,1
5.26340913772583,1
5.24116849899292,1
5.21911096572876,1
5.2775559425354,1
5.277857303619385,1
5.224394798278809,1
5.277248382568359,1
5.250950813293457,1
5.402886390686035,1
5.226688385009766,1
5.228459358215332,1
5.273709297180176,1
5.297350883483887,1
5.297087669372559,1
5.192651748657227,1
5.287632942199707,1
5.28877067565918,1
5.367227554321289,1
5.242488861083984,1
5.172492504119873,1
5.196736812591553,1
5.18380880355835,1
5.272533893585205,1
5.211626052856445,1
5.259554862976074,1
5.279171943664551,1
5.2021260261535645,1
5.291901588439941,1
5.305089950561523,1
5.151169776916504,1
5.276365756988525,1
5.157765865325928,1
5.294771194458008,1
5.23626708984375,1
5.311257362365723,1
5.191207408905029,1
5.2812981605529785,1
5.252392768859863,1
5.270430564880371,1
5.276878356933594,1
5.345564842224121,1
5.170961380004883,1
5.320868492126465,1
5.254587650299072,1
5.340370178222656,1
5.302497863769531,1
5.285434246063232,1
5.2545366287231445,1
5.208714962005615,1
5.190431594848633,1
5.248891353607178,1
5.234210014343262,1
5.226274490356445,1
5.25996732711792,1
5.2053327560424805,1
5.228366851806641,1
5.2691755294799805,1
5.178160667419434,1
5.157574653625488,1
5.226092338562012,1
5.227533340454102,1
5.256195545196533,1
5.3280205726623535,1
5.305413246154785,1
5.113324165344238,1
5.249094009399414,1
5.080277442932129,1
5.335444927215576,1
5.279958724975586,1
5.32551383972168,1
5.290833473205566,1
5.238256931304932,1
5.167716979980469,1
5.206468105316162,1
5.230485916137695,1
5.303459167480469,1
5.142826080322266,1
5.176814079284668,1
5.3220319747924805,1
5.2830963134765625,1
5.224518775939941,1
5.202378273010254,1
5.217446804046631,1
5.258631229400635,1
5.234070777893066,1
5.307703971862793,1
5.2564191818237305,1
5.173444747924805,1
5.306642532348633,1
5.243255138397217,1
5.293099880218506,1
5.240458965301514,1
5.2875776290893555,1
5.2504143714904785,1
5.316182613372803,1
5.299343109130859,1
5.245761871337891,1
5.348528861999512,1
5.180150985717773,1
5.197946548461914,1
5.232059478759766,1
5.222079277038574,1
5.2324090003967285,1
5.262459754943848,1
5.132131576538086,1
5.289353847503662,1
5.247503280639648,1
5.201145172119141,1
5.237297058105469,1
5.162936210632324,1
5.234563827514648,1
5.207274913787842,1
5.185552597045898,1
5.232171058654785,1
5.125946521759033,1
5.259126663208008,1
5.204958915710449,1
5.180233955383301,1
5.175006866455078,1
5.214094161987305,1
5.373623847961426,1
5.185793876647949,1
5.176994800567627,1
5.228765487670898,1
5.179991245269775,1
5.224220275878906,1
5.267117500305176,1
5.3207597732543945,1
5.209504127502441,1
5.2236738204956055,1
5.2711896896362305,1
5.375317096710205,1
5.257696628570557,1
5.270364761352539,1
5.346766471862793,1
5.205045700073242,1
5.23358154296875,1
5.298670768737793,1
5.1733880043029785,1
5.160758972167969,1
5.316257476806641,1
5.260929107666016,1
5.241826057434082,1
5.2199859619140625,1
5.191247940063477,1
5.215254783630371,1
5.143874168395996,1
5.255138874053955,1
5.239299297332764,1
5.356490612030029,1
5.235544204711914,1
5.206569194793701,1
5.248233795166016,1
5.324190139770508,1
5.284452438354492,1
5.245029926300049,1
5.223169326782227,1
5.291230201721191,1
5.2206525802612305,1
5.1447248458862305,1
5.30649471282959,1
5.239124774932861,1
5.282115459442139,1
5.222510814666748,1
5.318001747131348,1
5.1177239418029785,1
5.311546325683594,1
5.227772235870361,1
5.241532325744629,1
5.216274738311768,1
5.297537803649902,1
5.166126728057861,1
5.309629440307617,1
5.281329154968262,1
5.330141067504883,1
5.150650501251221,1
5.208889007568359,1
5.119945526123047,1
5.211945533752441,1
5.346035957336426,1
5.224802017211914,1
5.2618842124938965,1
5.241134166717529,1
5.181877136230469,1
5.291689872741699,1
5.213507652282715,1
5.21015739440918,1
5.281243801116943,1
5.250460624694824,1
5.280388832092285,1
5.288663864135742,1
5.208038806915283,1
5.251459121704102,1
5.289745330810547,1
5.249787330627441,1
5.245232582092285,1
5.196088790893555,1
5.275595664978027,1
5.187079429626465,1
5.274835586547852,1
5.31763219833374,1
5.222935676574707,1
5.14970588684082,1
5.1924848556518555,1
5.298530101776123,1
5.312814235687256,1
5.196341037750244,1
5.28242301940918,1
5.19728946685791,1
5.282888412475586,1
5.257321357727051,1
5.234597206115723,1
5.251584053039551,1
5.2696309089660645,1
5.297825813293457,1
5.181522369384766,1
5.24660587310791,1
5.275552749633789,1
5.283576011657715,1
5.281319618225098,1
5.253263473510742,1
5.183232307434082,1
5.196651458740234,1
5.1723480224609375,1
5.329914569854736,1
5.326875686645508,1
5.319177627563477,1
5.1507086753845215,1
5.296019554138184,1
5.207857131958008,1
5.346636772155762,1
5.232539176940918,1
5.217631816864014,1
5.207184791564941,1
5.285728454589844,1
5.257635593414307,1
5.1823883056640625,1
5.313497543334961,1
5.217689037322998,1
5.219695091247559,1
5.237573623657227,1
5.3255391120910645,1
5.19332218170166,1
5.234097480773926,1
5.251162052154541,1
5.263077259063721,1
5.210831642150879,1
5.26530122756958,1
5.244443893432617,1
5.162201881408691,1
5.238074779510498,1
5.287872314453125,1
5.210684776306152,1
5.200845718383789,1
5.284114360809326,1
5.192646503448486,1
5.27962589263916,1
5.229569911956787,1
5.233969688415527,1
5.204512119293213,1
5.286095142364502,1
5.3262529373168945,1
5.255451202392578,1
5.156558990478516,1
5.303382873535156,1
5.200161933898926,1
5.212959289550781,1
5.296274662017822,1
5.21926212310791,1
5.239070892333984,1
5.303662300109863,1
5.261497497558594,1
5.199910640716553,1
5.187479496002197,1
5.184882640838623,1
5.232903480529785,1
5.25070333480835,1
5.254904747009277,1
5.2163777351379395,1
5.242986679077148,1
5.192518711090088,1
5.233208179473877,1
5.2083740234375,1
5.150846481323242,1
5.236888885498047,1
5.272148132324219,1
5.167444229125977,1
5.214963912963867,1
5.224865913391113,1
5.181575775146484,1
5.277660369873047,1
5.291961669921875,1
5.284373760223389,1
5.261512756347656,1
5.188559055328369,1
5.263424873352051,1
5.330232620239258,1
5.265748023986816,1
5.214434623718262,1
5.263824462890625,1
5.326128005981445,1
5.227010250091553,1
5.227565765380859,1
5.319858551025391,1
5.234922409057617,1
5.257710933685303,1
5.171344757080078,1
5.152182579040527,1
5.287208080291748,1
5.163013458251953,1
5.214571952819824,1
5.2123188972473145,1
5.216940879821777,1
5.192954063415527,1
5.344006538391113,1
5.228703022003174,1
5.246440410614014,1
5.177750587463379,1
5.293267250061035,1
5.238524436950684,1
5.308958053588867,1
5.253021240234375,1
5.176695346832275,1
5.265584945678711,1
5.241947174072266,1
5.218450546264648,1
5.258283615112305,1
5.2423248291015625,1
5.290094375610352,1
5.205990791320801,1
5.267187118530273,1
5.268606185913086,1
5.21773624420166,1
5.2570343017578125,1
5.202774524688721,1
5.214885234832764,1
5.317598342895508,1
5.279549598693848,1
5.390949249267578,1
5.204536437988281,1
5.315062522888184,1
5.264240264892578,1
5.195286750793457,1
5.258180141448975,1
5.336255073547363,1
5.234666347503662,1
5.175202369689941,1
5.281918525695801,1
5.231119155883789,1
5.274103164672852,1
5.187404632568359,1
5.261575698852539,1
5.233964920043945,1
5.2439374923706055,1
5.33006477355957,1
5.253357887268066,1
5.139954566955566,1
5.190267562866211,1
5.242980480194092,1
5.255350112915039,1
5.191725254058838,1
5.309073448181152,1
5.311374664306641,1
5.263347625732422,1
5.21854305267334,1
5.325701713562012,1
5.28165864944458,1
5.175724029541016,1
5.216107368469238,1
5.263045310974121,1
5.210834503173828,1
5.243844985961914,1
5.260457515716553,1
5.29340934753418,1
5.231069564819336,1
5.336047649383545,1
5.275002479553223,1
5.197757720947266,1
5.277994155883789,1
5.1952009201049805,1
5.266486167907715,1
5.238269329071045,1
5.262842178344727,1
5.269993782043457,1
5.213261604309082,1
5.283397674560547,1
5.240454196929932,1
5.2816314697265625,1
5.209285736083984,1
5.313528060913086,1
5.225153923034668,1
5.338299751281738,1
5.151679039001465,1
5.189203262329102,1
5.34092903137207,1
5.228445053100586,1
5.278273582458496,1
5.260638236999512,1
5.233756065368652,1
5.231053352355957,1
5.32902717590332,1
5.203701019287109,1
5.237967491149902,1
5.30670690536499,1
5.221543312072754,1
5.302725791931152,1
5.214174747467041,1
5.203028678894043,1
5.295895576477051,1
5.224874496459961,1
5.279892921447754,1
5.308287143707275,1
5.253304958343506,1
5.17549991607666,1
5.276371002197266,1
5.263306617736816,1
5.207028388977051,1
5.230698585510254,1
5.251298904418945,1
5.2761945724487305,1
5.250436782836914,1
5.292147159576416,1
5.176660537719727,1
5.28958797454834,1
5.275794982910156,1
5.265748977661133,1
5.132070541381836,1
5.244791030883789,1
5.194562911987305,1
5.271429061889648,1
5.3084306716918945,1
5.212519645690918,1
5.248053073883057,1
5.2663373947143555,1
5.212045192718506,1
5.22047233581543,1
5.220227241516113,1
5.2004852294921875,1
5.245736598968506,1
5.2865753173828125,1
5.1672210693359375,1
5.19618034362793,1
5.259289741516113,1
5.273806571960449,1
5.2334747314453125,1
5.288753509521484,1
5.192629814147949,1
5.2964935302734375,1
5.23140287399292,1
5.256667137145996,1
5.214840888977051,1
5.2440690994262695,1
5.189621448516846,1
5.241032600402832,1
5.300520420074463,1
5.272385597229004,1
5.217484474182129,1
5.305567264556885,1
5.248213768005371,1
5.278720378875732,1
5.247275352478027,1
5.273477554321289,1
5.2208967208862305,1
5.25376033782959,1
5.203090667724609,1
5.250927925109863,1
5.2507123947143555,1
5.181769847869873,1
5.255073070526123,1
5.210477828979492,1
5.2564191818237305,1
5.2017107009887695,1
5.307991981506348,1
5.173784255981445,1
5.168704986572266,1
5.305454254150391,1
5.340295791625977,1
5.286627769470215,1
5.2898664474487305,1
5.223989486694336,1
5.179271697998047,1
5.304998397827148,1
5.293279647827148,1
5.256389141082764,1
5.273438930511475,1
5.301068305969238,1
5.1464643478393555,1
5.309104919433594,1
5.256626129150391,1
5.227100372314453,1
5.290355682373047,1
5.2885422706604,1
5.284132957458496,1
5.375795841217041,1
5.203884124755859,1
5.267797946929932,1
5.256976127624512,1
5.158888339996338,1
5.338299751281738,1
5.271451950073242,1
5.169002056121826,1
5.286540985107422,1
5.152817726135254,1
5.266145706176758,1
5.219060897827148,1
5.265326023101807,1
5.27186918258667,1
5.3477396965026855,1
5.252569198608398,1
5.241551399230957,1
5.260136127471924,1
5.265305995941162,1
5.235377311706543,1
5.168179988861084,1
5.324332237243652,1
5.209465503692627,1
5.251265525817871,1
5.395017623901367,1
5.2543745040893555,1
5.137075901031494,1
5.285677909851074,1
5.227200031280518,1
5.228516578674316,1
5.266713619232178,1
5.195999622344971,1
5.159834384918213,1
5.331269264221191,1
5.291168689727783,1
5.215969085693359,1
5.29702091217041,1
5.259716987609863,1
5.205801010131836,1
5.257847785949707,1
5.257853031158447,1
5.22764778137207,1
5.272461891174316,1
5.3122663497924805,1
5.2073822021484375,1
5.2574872970581055,1
5.254601001739502,1
5.194482326507568,1
5.2757768630981445,1
5.195894241333008,1
5.278966426849365,1
5.274228096008301,1
5.323060989379883,1
5.314380645751953,1
5.213613033294678,1
5.304762840270996,1
5.217452049255371,1
5.227108001708984,1
5.263991355895996,1
5.270526885986328,1
5.233266830444336,1
5.233503818511963,1
5.230902671813965,1
5.226960182189941,1
5.212734222412109,1
5.2292656898498535,1
5.238037109375,1
5.282548904418945,1
5.16321325302124,1
5.287417411804199,1
5.246862888336182,1
5.316834926605225,1
5.246683120727539,1
5.23555850982666,1
5.240206718444824,1
5.193143367767334,1
5.187222480773926,1
5.207476615905762,1
5.192696571350098,1
5.293397426605225,1
5.1952314376831055,1
5.183744430541992,1
5.246381759643555,1
5.206417083740234,1
5.274717330932617,1
5.307284355163574,1
5.18724250793457,1
5.3573126792907715,1
5.205092906951904,1
5.201583385467529,1
5.259793758392334,1
5.250496864318848,1
5.299699783325195,1
5.291350364685059,1
5.264261722564697,1
5.23126220703125,1
5.244913101196289,1
5.286701202392578,1
5.260114669799805,1
5.286789417266846,1
5.214114189147949,1
5.195601463317871,1
5.188638687133789,1
5.240992546081543,1
5.237603664398193,1
5.2542290687561035,1
5.2254319190979,1
5.217113018035889,1
5.211898326873779,1
5.305700302124023,1
5.221552848815918,1
5.224149227142334,1
5.187628746032715,1
5.227774620056152,1
5.247302532196045,1
5.225847244262695,1
5.2139787673950195,1
5.279419898986816,1
5.278528213500977,1
5.257758140563965,1
5.1668901443481445,1
5.20947790145874,1
5.298344612121582,1
5.2058491706848145,1
5.212191104888916,1
5.217767715454102,1
5.270545959472656,1
5.259377479553223,1
5.261059761047363,1
5.240789413452148,1
5.278623580932617,1
5.25678014755249,1
5.3444013595581055,1
5.2111968994140625,1
5.318667411804199,1
5.28055477142334,1
5.273585796356201,1
5.222407817840576,1
5.184006690979004,1
5.170607566833496,1
5.251590251922607,1
5.314163684844971,1
5.201969623565674,1
5.264979362487793,1
5.240619659423828,1
5.333583354949951,1
5.185950756072998,1
5.230351448059082,1
5.315222263336182,1
5.270898818969727,1
5.202101230621338,1
5.197015285491943,1
5.301958084106445,1
5.301111221313477,1
5.23709774017334,1
5.279728412628174,1
5.331259727478027,1
5.255331039428711,1
5.260557651519775,1
5.175780296325684,1
5.282352447509766,1
5.24461555480957,1
5.2360663414001465,1
5.330236434936523,1
5.260676383972168,1
5.226423263549805,1
5.275430679321289,1
5.2282185554504395,1
5.192523002624512,1
5.259607791900635,1
5.203054904937744,1
5.168630599975586,1
5.1901774406433105,1
5.211038589477539,1
5.293891906738281,1
5.2996015548706055,1
5.2338714599609375,1
5.358944892883301,1
5.159688949584961,1
5.16757869720459,1
5.260196685791016,1
5.279735565185547,1
5.203953742980957,1
5.27175760269165,1
5.23313045501709,1
5.197458744049072,1
5.22215461730957,1
5.23330020904541,1
5.162076473236084,1
5.258781433105469,1
5.293489933013916,1
5.184898376464844,1
5.318230152130127,1
5.226268291473389,1
5.324941635131836,1
5.178193092346191,1
5.221207141876221,1
5.308445453643799,1
5.226851463317871,1
5.241571426391602,1
5.314874649047852,1
5.281060218811035,1
5.222128868103027,1
5.243424415588379,1
5.274119853973389,1
5.222020626068115,1
5.208559513092041,1
5.1990814208984375,1
5.186764717102051,1
5.211069107055664,1
5.226665496826172,1
5.246522426605225,1
5.186017036437988,1
5.234060764312744,1
5.221530437469482,1
5.212862491607666,1
5.245841979980469,1
5.198633193969727,1
5.356351852416992,1
5.2451324462890625,1
5.302494525909424,1
5.159058570861816,1
5.216615200042725,1
5.2450456619262695,1
5.281691074371338,1
5.250276565551758,1
5.265778541564941,1
5.30159330368042,1
5.329394340515137,1
5.290783882141113,1
5.167585372924805,1
5.246230125427246,1
5.245833396911621,1
5.240640640258789,1
5.281170845031738,1
5.2201738357543945,1
5.235733985900879,1
5.167688369750977,1
5.2454447746276855,1
5.174114227294922,1
5.258396625518799,1
5.27312707901001,1
5.360220909118652,1
5.276281833648682,1
5.313595771789551,1
5.211669445037842,1
5.294074535369873,1
5.314678192138672,1
5.218096733093262,1
5.234062194824219,1
5.240973472595215,1
5.235934257507324,1
5.155799388885498,1
5.151340484619141,1
5.1690850257873535,1
5.268563270568848,1
5.210433006286621,1
5.214092254638672,1
5.315915107727051,1
5.221070766448975,1
5.353797435760498,1
5.121194839477539,1
5.320494651794434,1
5.277682304382324,1
5.201276779174805,1
5.333714962005615,1
5.274419784545898,1
5.160801410675049,1
5.205042362213135,1
5.220267295837402,1
5.251204490661621,1
5.160464286804199,1
5.248415946960449,1
5.19398832321167,1
5.282743453979492,1
5.2314958572387695,1
5.2619099617004395,1
5.26885986328125,1
5.178339958190918,1
5.184650897979736,1
5.288517951965332,1
5.249353885650635,1
5.1653923988342285,1
5.1895294189453125,1
5.267509937286377,1
5.289740085601807,1
5.192458152770996,1
5.269941329956055,1
5.194043159484863,1
5.289041519165039,1
5.330410957336426,1
5.3136138916015625,1
5.323202133178711,1
5.285495758056641,1
5.219935417175293,1
5.247765064239502,1
5.352482795715332,1
5.400424957275391,1
5.15474796295166,1
5.377616882324219,1
5.227812767028809,1
5.222958564758301,1
5.159563064575195,1
5.332691669464111,1
5.221839427947998,1
5.331841468811035,1
5.152889251708984,1
5.232539653778076,1
5.254005432128906,1
5.214515686035156,1
5.142794609069824,1
5.231507778167725,1
5.233433723449707,1
5.239046096801758,1
5.215409755706787,1
5.300276756286621,1
5.237709045410156,1
5.215771675109863,1
5.2886223793029785,1
5.304597854614258,1
5.29572868347168,1
5.231103897094727,1
5.2914323806762695,1
5.220815658569336,1
5.163124084472656,1
5.340566635131836,1
5.293057441711426,1
5.246150016784668,1
5.239757537841797,1
5.243391513824463,1
5.13564395904541,1
5.2726850509643555,1
5.217461585998535,1
5.259142875671387,1
5.224881172180176,1
5.243743419647217,1
5.248464107513428,1
5.169807434082031,1
5.2331366539001465,1
5.271294593811035,1
5.176485538482666,1
5.3558502197265625,1
5.3110737800598145,1
5.070713996887207,1
5.216731548309326,1
5.321227073669434,1
5.210550308227539,1
5.230031967163086,1
5.252053260803223,1
5.293401718139648,1
5.202755928039551,1
5.231073379516602,1
5.262347221374512,1
5.318782806396484,1
5.320816993713379,1
5.253133773803711,1
5.146855354309082,1
5.2093658447265625,1
5.294078350067139,1
5.227146148681641,1
5.152092933654785,1
5.201401710510254,1
5.2408952713012695,1
5.244032859802246,1
5.255457401275635,1
5.2376861572265625,1
5.21796989440918,1
5.24666690826416,1
5.2335615158081055,1
5.289011478424072,1
5.3107452392578125,1
5.291204452514648,1
5.1887993812561035,1
5.2563066482543945,1
5.245953559875488,1
5.2554779052734375,1
5.188261985778809,1
5.245016098022461,1
5.201847076416016,1
5.2361955642700195,1
5.193824768066406,1
5.171859264373779,1
5.3761091232299805,1
5.15180778503418,1
5.220261573791504,1
5.2217512130737305,1
5.218761444091797,1
5.274807929992676,1
5.170996189117432,1
5.243175506591797,1
5.185121536254883,1
5.206338882446289,1
5.189300060272217,1
5.231962203979492,1
5.269154071807861,1
5.180397033691406,1
5.298688888549805,1
5.1990132331848145,1
5.141146659851074,1
5.3245086669921875,1
5.284190654754639,1
5.193263053894043,1
5.239373207092285,1
5.176905155181885,1
5.256091594696045,1
5.199954986572266,1
5.208362102508545,1
5.29857873916626,1
5.289640426635742,1
5.2721428871154785,1
5.212972640991211,1
5.157074928283691,1
5.264008522033691,1
5.322202682495117,1
5.21143913269043,1
5.230746746063232,1
5.203485488891602,1
5.247425079345703,1
5.192291736602783,1
5.184368133544922,1
5.191326141357422,1
5.271265983581543,1
5.166675567626953,1
5.242493152618408,1
5.294317245483398,1
5.2266435623168945,1
5.187875747680664,1
5.2519989013671875,1
5.207627296447754,1
5.3103790283203125,1
5.246612548828125,1
5.392411708831787,1
5.323643684387207,1
5.182187080383301,1
5.334903717041016,1
5.303699493408203,1
5.203214645385742,1
5.325647354125977,1
5.271941184997559,1
5.272012233734131,1
5.230607032775879,1
5.244767189025879,1
5.178802490234375,1
5.199410915374756,1
5.224461555480957,1
5.314842224121094,1
5.274797439575195,1
5.252656936645508,1
5.277482509613037,1
5.193879127502441,1
5.272425174713135,1
5.211367607116699,1
5.302550315856934,1
5.315422534942627,1
5.271403789520264,1
5.27724552154541,1
5.261398792266846,1
5.23043155670166,1
5.133001804351807,1
5.233506202697754,1
5.283187389373779,1
5.285068988800049,1
5.310779094696045,1
5.254798889160156,1
5.242717742919922,1
5.256657600402832,1
5.304088592529297,1
5.135674953460693,1
5.276741027832031,1
5.19998025894165,1
5.270229339599609,1
5.294450759887695,1
5.244268417358398,1
5.247138023376465,1
5.216187477111816,1
5.203550338745117,1
5.198052883148193,1
5.261482238769531,1
5.247507095336914,1
5.30778694152832,1
5.234943866729736,1
5.278906345367432,1
5.265378952026367,1
5.228704929351807,1
5.193368434906006,1
5.273331642150879,1
5.189688682556152,1
5.164970874786377,1
5.242051124572754,1
5.2255072593688965,1
5.202075958251953,1
5.289897441864014,1
5.162422180175781,1
5.148984909057617,1
5.240974426269531,1
5.237374782562256,1
5.223419189453125,1
5.221551895141602,1
5.3141937255859375,1
5.281535625457764,1
5.300806045532227,1
5.233595371246338,1
5.27673864364624,1
5.233662128448486,1
5.22225284576416,1
5.184503555297852,1
5.188309669494629,1
5.260128974914551,1
5.246393203735352,1
5.288373947143555,1
5.228960990905762,1
5.200505256652832,1
5.313860893249512,1
5.294275283813477,1
5.281762599945068,1
5.25330114364624,1
5.181073188781738,1
5.344090938568115,1
5.230246067047119,1
5.229111194610596,1
5.144155502319336,1
5.344454765319824,1
5.203338623046875,1
5.25486946105957,1
5.273161888122559,1
5.22940731048584,1
5.215085983276367,1
5.291891098022461,1
5.221647262573242,1
5.185729026794434,1
5.20299768447876,1
5.187014579772949,1
5.2330193519592285,1
5.245539665222168,1
5.2693915367126465,1
5.150437355041504,1
5.146631240844727,1
5.297856330871582,1
5.292426109313965,1
5.267894268035889,1
5.267579078674316,1
5.252939224243164,1
5.254308700561523,1
5.233072757720947,1
5.330305576324463,1
5.288908004760742,1
5.265632152557373,1
5.227229595184326,1
5.149606704711914,1
5.297886848449707,1
5.249869346618652,1
5.311893463134766,1
5.250533103942871,1
5.259486198425293,1
5.20489501953125,1
5.247894763946533,1
5.217782974243164,1
5.211408615112305,1
5.240070819854736,1
5.226902961730957,1
5.25384521484375,1
5.260045051574707,1
5.262960433959961,1
5.3038740158081055,1
5.259597301483154,1
5.183704376220703,1
5.187676429748535,1
5.212334632873535,1
5.217280387878418,1
5.229805946350098,1
5.215157508850098,1
5.250692367553711,1
5.209664821624756,1
5.199832916259766,1
5.203922748565674,1
5.244968414306641,1
5.281984329223633,1
5.160645484924316,1
5.281528949737549,1
5.211509704589844,1
5.177168846130371,1
5.148002624511719,1
5.326160430908203,1
5.21592903137207,1
5.266744613647461,1
5.283957481384277,1
5.29732608795166,1
5.156754970550537,1
5.211906433105469,1
5.266454696655273,1
5.238338947296143,1
5.231427192687988,1
5.354625701904297,1
5.207056045532227,1
5.252476215362549,1
5.223888397216797,1
5.255775451660156,1
5.247726917266846,1
5.266561508178711,1
5.189891815185547,1
5.252386093139648,1
5.243668556213379,1
5.174943923950195,1
5.249429225921631,1
5.229180335998535,1
5.193821907043457,1
5.230730056762695,1
5.241825580596924,1
5.205892562866211,1
5.273107528686523,1
5.251853942871094,1
5.244922637939453,1
5.216763496398926,1
5.274640083312988,1
5.219626426696777,1
5.334405899047852,1
5.177909851074219,1
5.227783203125,1
5.278111457824707,1
5.208954811096191,1
5.284324645996094,1
5.347492694854736,1
5.283939361572266,1
5.290982246398926,1
5.226914882659912,1
5.277586936950684,1
5.183764934539795,1
5.291329860687256,1
5.156003952026367,1
5.3631463050842285,1
5.142568588256836,1
5.255867958068848,1
5.331384181976318,1
5.219086647033691,1
5.263663291931152,1
5.251409530639648,1
5.2873992919921875,1
5.199563026428223,1
5.183816432952881,1
5.308194637298584,1
5.186295509338379,1
5.3191938400268555,1
5.210607528686523,1
5.248936653137207,1
5.134265899658203,1
5.199647903442383,1
5.207672119140625,1
5.309728622436523,1
5.206048965454102,1
5.222505569458008,1
5.2487406730651855,1
5.17540168762207,1
5.231575012207031,1
5.253085136413574,1
5.235915184020996,1
5.219722747802734,1
5.23797082901001,1
5.244921684265137,1
5.224266529083252,1
5.169881820678711,1
5.418134689331055,1
5.335062503814697,1
5.236921310424805,1
5.2439775466918945,1
5.2463555335998535,1
5.166298866271973,1
5.278487205505371,1
5.23626708984375,1
5.2449870109558105,1
5.245787143707275,1
5.255797863006592,1
5.229401588439941,1
5.254730701446533,1
5.192365646362305,1
5.183048248291016,1
5.176578521728516,1
5.232255935668945,1
5.256112575531006,1
5.230552673339844,1
5.18791389465332,1
5.34592342376709,1
5.1784868240356445,1
5.203289031982422,1
5.272046089172363,1
5.311317443847656,1
5.1543684005737305,1
5.345281600952148,1
5.201464653015137,1
5.223299980163574,1
5.256422996520996,1
5.16990852355957,1
5.2009429931640625,1
5.243343353271484,1
5.266356945037842,1
5.226735591888428,1
5.226005554199219,1
5.178171157836914,1
5.270959377288818,1
5.275830268859863,1
5.289910793304443,1
5.233290195465088,1
5.272317409515381,1
5.240537166595459,1
5.2080841064453125,1
5.306967735290527,1
5.198943138122559,1
5.2375593185424805,1
5.1404218673706055,1
5.301877021789551,1
5.253087997436523,1
5.21277379989624,1
5.21928596496582,1
5.186812400817871,1
5.196990489959717,1
5.251646995544434,1
5.222660064697266,1
5.2239789962768555,1
5.270679950714111,1
5.30379056930542,1
5.227681636810303,1
5.389906883239746,1
5.338242530822754,1
5.23009729385376,1
5.215362071990967,1
5.255857467651367,1
5.21466064453125,1
5.231086254119873,1
5.15213680267334,1
5.109279155731201,1
5.212836265563965,1
5.190035820007324,1
5.2194623947143555,1
5.244478225708008,1
5.28594970703125,1
5.132448196411133,1
5.284867763519287,1
5.216931343078613,1
5.168069839477539,1
5.175968170166016,1
5.221590995788574,1
5.286248207092285,1
5.141251564025879,1
5.274304389953613,1
5.195138931274414,1
5.260141372680664,1
5.154564380645752,1
5.276721000671387,1
5.148499488830566,1
5.2202534675598145,1
5.187644004821777,1
5.293038368225098,1
5.170770645141602,1
5.173232078552246,1
5.241946697235107,1
5.18658447265625,1
5.176671028137207,1
5.314875602722168,1
5.267353534698486,1
5.140005588531494,1
5.214539051055908,1
5.292243003845215,1
5.160780906677246,1
5.16766881942749,1
5.359543800354004,1
5.209369659423828,1
5.1358442306518555,1
5.2017598152160645,1
5.272459983825684,1
5.154964447021484,1
5.227883815765381,1
5.220464706420898,1
5.243843078613281,1
5.235226631164551,1
5.252460479736328,1
5.218671798706055,1
5.205286026000977,1
5.228061676025391,1
5.279802322387695,1
5.275860786437988,1
5.18813419342041,1
5.21678352355957,1
5.386191368103027,1
5.2499237060546875,1
5.136511325836182,1
5.281312942504883,1
5.180933952331543,1
5.2446088790893555,1
5.262625694274902,1
5.220445156097412,1
5.22514009475708,1
5.287300109863281,1
5.2505106925964355,1
5.257977485656738,1
5.2335920333862305,1
5.230046272277832,1
5.19511079788208,1
5.245230197906494,1
5.218071460723877,1
5.14042329788208,1
5.2879533767700195,1
5.195161819458008,1
5.279661178588867,1
5.296332359313965,1
5.197566509246826,1
5.155543327331543,1
5.198239326477051,1
5.253701210021973,1
5.2356157302856445,1
5.265286922454834,1
5.244229793548584,1
5.149211883544922,1
5.296028137207031,1
5.186005592346191,1
5.274097442626953,1
5.272097587585449,1
5.353280067443848,1
5.242544174194336,1
5.181820869445801,1
5.265813827514648,1
5.172143936157227,1
5.19428825378418,1
5.271121978759766,1
5.3121514320373535,1
5.305376052856445,1
5.248840808868408,1
5.096789360046387,1
5.283390045166016,1
5.228029251098633,1
5.2330403327941895,1
5.227639675140381,1
5.17497444152832,1
5.351879119873047,1
5.144689559936523,1
5.234100341796875,1
5.2864789962768555,1
5.287236213684082,1
5.194921493530273,1
5.241973876953125,1
5.235674858093262,1
5.267544746398926,1
5.1758832931518555,1
5.191068172454834,1
5.221255779266357,1
5.187680244445801,1
5.2139739990234375,1
5.2685980796813965,1
5.240799903869629,1
5.2755022048950195,1
5.352568626403809,1
5.280168056488037,1
5.323554515838623,1
5.220381736755371,1
5.320529460906982,1
5.193889617919922,1
5.211230278015137,1
5.2961015701293945,1
5.200921058654785,1
5.324285507202148,1
5.174907684326172,1
5.220711708068848,1
5.287564754486084,1
5.176225662231445,1
5.204767227172852,1
5.274068355560303,1
5.216028213500977,1
5.241894721984863,1
5.228900909423828,1
5.3238701820373535,1
5.204375267028809,1
5.318111419677734,1
5.216839790344238,1
5.3480939865112305,1
5.3286237716674805,1
5.296956539154053,1
5.245755195617676,1
5.11836051940918,1
5.196145057678223,1
5.244132041931152,1
5.26780366897583,1
5.219696998596191,1
5.176084995269775,1
5.242730617523193,1
5.305178642272949,1
5.246133804321289,1
5.291919708251953,1
5.227487564086914,1
5.170064926147461,1
5.343384265899658,1
5.197389602661133,1
5.18018102645874,1
5.198375701904297,1
5.122801303863525,1
5.153486728668213,1
5.290837287902832,1
5.243609428405762,1
5.172135353088379,1
5.27734375,1
5.196254730224609,1
5.11946439743042,1
5.1735992431640625,1
5.249342918395996,1
5.337841987609863,1
5.312402725219727,1
5.210728645324707,1
5.277798652648926,1
5.233711242675781,1
5.241635322570801,1
5.208545207977295,1
5.270557403564453,1
5.254426956176758,1
5.250642776489258,1
5.218896389007568,1
5.2995405197143555,1
5.288599491119385,1
5.220632553100586,1
5.151962757110596,1
5.196760654449463,1
5.1446452140808105,1
5.301674842834473,1
5.247579097747803,1
5.182182312011719,1
5.160566806793213,1
5.242091655731201,1
5.261396408081055,1
5.280379772186279,1
5.2962327003479,1
5.268435955047607,1
5.2364068031311035,1
5.238106727600098,1
5.310266971588135,1
5.27353572845459,1
5.183075428009033,1
5.421694755554199,1
5.181998252868652,1
5.255702018737793,1
5.302824020385742,1
5.269170761108398,1
5.31134033203125,1
5.22772741317749,1
5.306456089019775,1
5.321260452270508,1
5.256927490234375,1
5.22699499130249,1
5.278088569641113,1
5.147193908691406,1
5.375069618225098,1
5.254997253417969,1
5.244140625,1
5.210002899169922,1
5.235366344451904,1
5.167507171630859,1
5.184470176696777,1
5.260537147521973,1
5.208841800689697,1
5.2050371170043945,1
5.253846168518066,1
5.297793865203857,1
5.28561544418335,1
5.2092437744140625,1
5.196481704711914,1
5.305205821990967,1
5.184332847595215,1
5.264760971069336,1
5.253499984741211,1
5.284974575042725,1
5.282546520233154,1
5.23112154006958,1
5.23142147064209,1
5.328157901763916,1
5.213809013366699,1
5.192038536071777,1
5.154052734375,1
5.213077068328857,1
5.3111138343811035,1
5.305174827575684,1
5.255319595336914,1
5.207368850708008,1
5.220378398895264,1
5.245605945587158,1
5.314017295837402,1
5.268069267272949,1
5.27051305770874,1
5.178063869476318,1
5.222066879272461,1
5.241227149963379,1
5.134894371032715,1
5.232553482055664,1
5.200776100158691,1
5.235142707824707,1
5.156130790710449,1
5.278144836425781,1
5.2068772315979,1
5.2981719970703125,1
5.229774475097656,1
5.222254276275635,1
5.211108207702637,1
5.1518449783325195,1
5.198391437530518,1
5.220462799072266,1
5.162339210510254,1
5.171950817108154,1
5.234617233276367,1
5.233630180358887,1
5.196164608001709,1
5.286741733551025,1
5.264127731323242,1
5.213277816772461,1
5.241877555847168,1
5.231531620025635,1
5.234567165374756,1
5.201606750488281,1
5.257532596588135,1
5.296897888183594,1
5.155766010284424,1
5.3177008628845215,1
5.178804874420166,1
5.191588401794434,1
5.159972667694092,1
5.256377220153809,1
5.100749492645264,1
5.213595390319824,1
5.307733535766602,1
5.138495445251465,1
5.1641106605529785,1
5.190530300140381,1
5.2816877365112305,1
5.339634418487549,1
5.208946228027344,1
5.272369384765625,1
5.14968204498291,1
5.194568157196045,1
5.314033508300781,1
5.27471923828125,1
5.181009769439697,1
5.193612098693848,1
5.193916320800781,1
5.1833343505859375,1
5.234952926635742,1
5.166553497314453,1
5.237666130065918,1
5.235185623168945,1
5.112025260925293,1
5.203371047973633,1
5.2815070152282715,1
5.159812927246094,1
5.244463920593262,1
5.172967910766602,1
5.321471691131592,1
5.277468681335449,1
5.280209541320801,1
5.164013862609863,1
5.311634540557861,1
5.239021301269531,1
5.275416374206543,1
5.184439659118652,1
5.193436622619629,1
5.159560203552246,1
5.219715118408203,1
5.16962194442749,1
5.195676326751709,1
5.1849446296691895,1
5.351075172424316,1
5.326482772827148,1
5.176414966583252,1
5.080231189727783,1
5.344590663909912,1
5.184259414672852,1
5.2228803634643555,1
5.233062744140625,1
5.26810884475708,1
5.321308135986328,1
5.136322975158691,1
5.209243297576904,1
5.286648750305176,1
5.3223724365234375,1
5.225832939147949,1
5.376978397369385,1
5.216214179992676,1
5.331811904907227,1
5.187353134155273,1
5.25244140625,1
5.1939849853515625,1
5.268101692199707,1
5.234492301940918,1
5.308475017547607,1
5.271022796630859,1
5.314976692199707,1
5.303340911865234,1
5.403507232666016,1
5.2741594314575195,1
5.210628509521484,1
5.289529323577881,1
5.1753926277160645,1
5.301098823547363,1
5.17299747467041,1
5.185164451599121,1
5.390765190124512,1
5.255977630615234,1
5.296617031097412,1
5.201508045196533,1
5.1118879318237305,1
5.268586158752441,1
5.031176567077637,1
5.22327995300293,1
5.286606788635254,1
5.302964210510254,1
5.167786121368408,1
5.214561462402344,1
5.259278297424316,1
5.264767646789551,1
5.183683395385742,1
5.375480651855469,1
5.2546210289001465,1
5.2046284675598145,1
5.308620929718018,1
5.2623467445373535,1
5.169221878051758,1
5.12568473815918,1
5.27260160446167,1
5.247119903564453,1
5.368935585021973,1
5.221031188964844,1
5.237542152404785,1
5.235167503356934,1
5.3318047523498535,1
5.284842491149902,1
5.206275939941406,1
5.204666614532471,1
5.291651248931885,1
5.275590896606445,1
5.245887756347656,1
5.19965124130249,1
5.30387020111084,1
5.2573442459106445,1
5.250743865966797,1
5.210937023162842,1
5.2523112297058105,1
5.274580001831055,1
5.204207897186279,1
5.219425201416016,1
5.191654682159424,1
5.228196144104004,1
5.218457221984863,1
5.167660713195801,1
5.195886611938477,1
5.207204818725586,1
5.152526378631592,1
5.229030609130859,1
5.301361560821533,1
5.165583610534668,1
5.2415337562561035,1
5.266085147857666,1
5.3207316398620605,1
5.315150737762451,1
5.201691627502441,1
5.2924275398254395,1
5.22805118560791,1
5.22011661529541,1
5.231581687927246,1
5.305813312530518,1
5.320792198181152,1
5.182694435119629,1
5.265840530395508,1
5.150850296020508,1
5.164917945861816,1
5.3184494972229,1
5.337800025939941,1
5.158008575439453,1
5.27231502532959,1
5.299018859863281,1
5.2835822105407715,1
5.182197570800781,1
5.15951681137085,1
5.196452617645264,1
5.322575569152832,1
5.250096321105957,1
5.253958702087402,1
5.256436347961426,1
5.2596588134765625,1
5.239672660827637,1
5.219135284423828,1
5.244233131408691,1
5.195317268371582,1
5.277958393096924,1
5.1583757400512695,1
5.411308288574219,1
5.2147297859191895,1
5.114241123199463,1
5.292402744293213,1
5.274535179138184,1
5.245614528656006,1
5.2178802490234375,1
5.160525321960449,1
5.273393630981445,1
5.246626853942871,1
5.227563381195068,1
5.231695175170898,1
5.28099250793457,1
5.200049877166748,1
5.214178085327148,1
5.246883869171143,1
5.277073860168457,1
5.176244735717773,1
5.186402320861816,1
5.309802055358887,1
5.246773719787598,1
5.225696563720703,1
5.248783111572266,1
5.30070686340332,1
5.177663803100586,1
5.242663383483887,1
5.239160060882568,1
5.253103256225586,1
5.237435817718506,1
5.199729919433594,1
5.2712297439575195,1
5.234143257141113,1
5.293992042541504,1
5.23503303527832,1
5.247607231140137,1
5.3100128173828125,1
5.271219253540039,1
5.274325370788574,1
5.259244918823242,1
5.241201400756836,1
5.211390018463135,1
5.157587051391602,1
5.269678115844727,1
5.222673416137695,1
5.117283344268799,1
5.227570056915283,1
5.218188285827637,1
5.211674690246582,1
5.22559118270874,1
5.238765716552734,1
5.2496724128723145,1
5.336055755615234,1
5.282766342163086,1
5.261600971221924,1
5.175991058349609,1
5.18582820892334,1
5.281022071838379,1
5.296659469604492,1
5.170632362365723,1
5.228790760040283,1
5.2865891456604,1
5.258749961853027,1
5.286891937255859,1
5.129865646362305,1
5.264616966247559,1
5.167756080627441,1
5.1107378005981445,1
5.2213053703308105,1
5.190011024475098,1
5.228009223937988,1
5.282343864440918,1
5.2807817459106445,1
5.186089515686035,1
5.319313049316406,1
5.301567554473877,1
5.254278182983398,1
5.366655349731445,1
5.217242240905762,1
5.1680707931518555,1
5.276871204376221,1
5.212644577026367,1
5.166016578674316,1
5.127140045166016,1
5.221205234527588,1
5.10926628112793,1
5.250257968902588,1
5.224401473999023,1
5.1903557777404785,1
5.269725799560547,1
5.256478786468506,1
5.198414325714111,1
5.271834373474121,1
5.178794860839844,1
5.216506481170654,1
5.268550395965576,1
5.130314350128174,1
5.277055263519287,1
5.21864128112793,1
5.280368804931641,1
5.194635391235352,1
5.303865432739258,1
5.232756614685059,1
5.141472816467285,1
5.31650447845459,1
5.192827224731445,1
5.172633171081543,1
5.188419818878174,1
5.316800117492676,1
5.155555248260498,1
5.244880199432373,1
5.281898498535156,1
5.205132484436035,1
5.201948165893555,1
5.2326202392578125,1
5.266648292541504,1
5.1189680099487305,1
5.1576738357543945,1
5.208028793334961,1
5.321077346801758,1
5.162440776824951,1
5.208930015563965,1
5.291224479675293,1
5.247722148895264,1
5.274894714355469,1
5.249688148498535,1
5.208356857299805,1
5.198526859283447,1
5.263095855712891,1
5.3342485427856445,1
5.307443618774414,1
5.283420085906982,1
5.247242450714111,1
5.244556427001953,1
5.193917274475098,1
5.252321243286133,1
5.1694183349609375,1
5.263236999511719,1
5.2121124267578125,1
5.319785118103027,1
5.246034622192383,1
5.266406536102295,1
5.340681552886963,1
5.2951154708862305,1
5.228637218475342,1
5.309008598327637,1
5.244438648223877,1
5.2449951171875,1
5.207643508911133,1
5.2191925048828125,1
5.342483043670654,1
5.247986316680908,1
5.254617691040039,1
5.162766456604004,1
5.2696404457092285,1
5.334001064300537,1
5.247179985046387,1
5.203200340270996,1
5.264945983886719,1
5.200152397155762,1
5.319255352020264,1
5.296545028686523,1
5.209887981414795,1
5.2748517990112305,1
5.224704265594482,1
5.232712268829346,1
5.205358982086182,1
5.131553649902344,1
5.240187168121338,1
5.206669807434082,1
5.272180557250977,1
5.238469123840332,1
5.276236534118652,1
5.2625017166137695,1
5.252263069152832,1
5.205906867980957,1
5.253401756286621,1
5.293190956115723,1
5.172514915466309,1
5.342272758483887,1
5.33803653717041,1
5.2775187492370605,1
5.302732944488525,1
5.403930187225342,1
5.30868673324585,1
5.080173492431641,1
5.267195701599121,1
5.279513359069824,1
5.187688827514648,1
5.215350151062012,1
5.276198387145996,1
5.264388561248779,1
5.343295097351074,1
5.330787181854248,1
5.2623982429504395,1
5.182834625244141,1
5.329803466796875,1
5.2838006019592285,1
5.222795486450195,1
5.312837600708008,1
5.2948527336120605,1
5.241254806518555,1
5.176968097686768,1
5.27277946472168,1
5.328483581542969,1
5.222648620605469,1
5.28873348236084,1
5.13890266418457,1
5.255766868591309,1
5.353608131408691,1
5.22443962097168,1
5.1127028465271,1
5.299455165863037,1
5.233921051025391,1
5.304403305053711,1
5.308931350708008,1
5.244898796081543,1
5.190042495727539,1
5.244841575622559,1
5.198003768920898,1
5.21116304397583,1
5.217211723327637,1
5.282019138336182,1
5.170111179351807,1
5.250754356384277,1
5.247496128082275,1
5.30289363861084,1
5.268515110015869,1
5.227790832519531,1
5.272942543029785,1
5.249556541442871,1
5.155645370483398,1
5.221169471740723,1
5.285795211791992,1
5.2429518699646,1
5.209961891174316,1
5.2357330322265625,1
5.262773036956787,1
5.277068138122559,1
5.231467247009277,1
5.242161750793457,1
5.405545711517334,1
5.214905738830566,1
5.188959121704102,1
5.17902135848999,1
5.2422285079956055,1
5.167764663696289,1
5.291077613830566,1
5.301516056060791,1
5.172415256500244,1
5.255853652954102,1
5.379096984863281,1
5.2839555740356445,1
5.353201866149902,1
5.247851848602295,1
5.245914459228516,1
5.16197395324707,1
5.2798309326171875,1
5.228066444396973,1
5.172804355621338,1
5.15985107421875,1
5.221616744995117,1
5.180150508880615,1
5.299132347106934,1
5.208757400512695,1
5.259690284729004,1
5.3017377853393555,1
5.229357719421387,1
5.18834114074707,1
5.174823760986328,1
5.220889091491699,1
5.321661472320557,1
5.353564262390137,1
5.16505241394043,1
5.314572334289551,1
5.202568531036377,1
5.334682464599609,1
5.270414352416992,1
5.3224077224731445,1
5.362407684326172,1
5.184697151184082,1
5.166276931762695,1
5.266505718231201,1
5.321436882019043,1
5.295596122741699,1
5.235286712646484,1
5.27913761138916,1
5.265153884887695,1
5.196118354797363,1
5.215417861938477,1
5.125492095947266,1
5.220956802368164,1
5.268131732940674,1
5.259626388549805,1
5.3396806716918945,1
5.237480163574219,1
5.249851703643799,1
5.1876935958862305,1
5.332633972167969,1
5.255370140075684,1
5.226168155670166,1
5.23549747467041,1
5.2838215827941895,1
5.1807098388671875,1
5.162017822265625,1
5.325525283813477,1
5.227259159088135,1
5.246222496032715,1
5.125369071960449,1
5.334493637084961,1
5.257901668548584,1
5.284427165985107,1
5.251363754272461,1
5.227104187011719,1
5.204882621765137,1
5.247051239013672,1
5.178139686584473,1
5.187482833862305,1
5.246783256530762,1
5.305758476257324,1
5.240893363952637,1
5.204495429992676,1
5.183154106140137,1
5.1654534339904785,1
5.370863914489746,1
5.174263000488281,1
5.20540189743042,1
5.24015998840332,1
5.303072929382324,1
5.2372894287109375,1
5.269077301025391,1
5.245625972747803,1
5.299299716949463,1
5.230629920959473,1
5.283624649047852,1
5.072803497314453,1
5.221731662750244,1
5.352626800537109,1
5.25439453125,1
5.21208381652832,1
5.150443077087402,1
5.2656941413879395,1
5.180998802185059,1
5.194179534912109,1
5.117406368255615,1
5.303593635559082,1
5.253759384155273,1
5.224853515625,1
5.234445571899414,1
5.183623313903809,1
5.230354309082031,1
5.254839897155762,1
5.2611236572265625,1
5.277377128601074,1
5.22499418258667,1
5.302661418914795,1
5.289298057556152,1
5.224613189697266,1
5.125200271606445,1
5.205998420715332,1
5.188292503356934,1
5.200997829437256,1
5.238609313964844,1
5.244744300842285,1
5.235951900482178,1
5.218454360961914,1
5.22859525680542,1
5.320874214172363,1
5.316530227661133,1
5.268660545349121,1
5.28972864151001,1
5.2967529296875,1
5.363631725311279,1
5.212818145751953,1
5.286721229553223,1
5.283642292022705,1
5.295090675354004,1
5.279489517211914,1
5.293069362640381,1
5.2470011711120605,1
5.239495754241943,1
5.294688701629639,1
5.294608116149902,1
5.192774295806885,1
5.2792510986328125,1
5.326854705810547,1
5.227492332458496,1
5.241255760192871,1
5.166537284851074,1
5.2895894050598145,1
5.332249641418457,1
5.171858787536621,1
5.317625045776367,1
5.273411750793457,1
5.1681342124938965,1
5.329233169555664,1
5.265537261962891,1
5.24160099029541,1
5.173494815826416,1
5.287312030792236,1
5.199069976806641,1
5.244370937347412,1
5.142542839050293,1
5.300839424133301,1
5.253997802734375,1
5.267360687255859,1
5.141201972961426,1
5.230801582336426,1
5.254398345947266,1
5.172883033752441,1
5.190705299377441,1
5.18660306930542,1
5.335962772369385,1
5.1857829093933105,1
5.242154121398926,1
5.197822570800781,1
5.217334270477295,1
5.277237892150879,1
5.354685306549072,1
5.077028274536133,1
5.186481475830078,1
5.186758041381836,1
5.272742748260498,1
5.147725582122803,1
5.383004665374756,1
5.15519380569458,1
5.357307434082031,1
5.162248134613037,1
5.231926918029785,1
5.148021221160889,1
5.220256805419922,1
5.210453987121582,1
5.213730812072754,1
5.313438415527344,1
5.316989421844482,1
