5.1353325843811035,1
5.294551849365234,1
5.293379783630371,1
5.280880928039551,1
5.2928876876831055,1
5.233190059661865,1
5.315755844116211,1
5.176210403442383,1
5.204517841339111,1
5.2831621170043945,1
5.1853251457214355,1
5.179110527038574,1
5.270744323730469,1
5.14531135559082,1
5.2219696044921875,1
5.215428352355957,1
5.160051345825195,1
5.235986709594727,1
5.195932388305664,1
5.274735927581787,1
5.237900733947754,1
5.194827079772949,1
5.194246292114258,1
5.211974143981934,1
5.202950954437256,1
5.325473785400391,1
5.269825458526611,1
5.205657958984375,1
5.221168518066406,1
5.242132186889648,1
5.132733345031738,1
5.232407569885254,1
5.253022193908691,1
5.141491889953613,1
5.132918357849121,1
5.264275074005127,1
5.262509822845459,1
5.330667972564697,1
5.196849822998047,1
5.258227825164795,1
5.190253734588623,1
5.195089817047119,1
5.277868270874023,1
5.299084663391113,1
5.252573013305664,1
5.196337699890137,1
5.303168296813965,1
5.137814521789551,1
5.303465366363525,1
5.198369979858398,1
5.168641567230225,1
5.209982395172119,1
5.188616752624512,1
5.215137481689453,1
5.22154426574707,1
5.2394256591796875,1
5.176356315612793,1
5.2038421630859375,1
5.290966987609863,1
5.307245254516602,1
5.319192886352539,1
5.233689308166504,1
5.2240142822265625,1
5.260738849639893,1
5.213700771331787,1
5.2525482177734375,1
5.18023157119751,1
5.20195198059082,1
5.279524803161621,1
5.12183141708374,1
5.171166896820068,1
5.26491641998291,1
5.240819931030273,1
5.165182113647461,1
5.317800521850586,1
5.215770721435547,1
5.285915851593018,1
5.24419641494751,1
5.328680992126465,1
5.325435638427734,1
5.262157440185547,1
5.210683822631836,1
5.231224060058594,1
5.3595685958862305,1
5.203018665313721,1
5.102913856506348,1
5.299921989440918,1
5.233401775360107,1
5.343367576599121,1
5.303995132446289,1
5.312463760375977,1
5.3275628089904785,1
5.1934051513671875,1
5.176471710205078,1
5.208401203155518,1
5.240426063537598,1
5.233917236328125,1
5.2418365478515625,1
5.205726146697998,1
5.140103340148926,1
5.2030205726623535,1
5.147688388824463,1
5.311216354370117,1
5.203725814819336,1
5.245995998382568,1
5.243740558624268,1
5.204206466674805,1
5.303234100341797,1
5.20974063873291,1
5.2793121337890625,1
5.161066055297852,1
5.2312517166137695,1
5.28313684463501,1
5.1977009773254395,1
5.25112771987915,1
5.315428256988525,1
5.186090469360352,1
5.27154016494751,1
5.273731708526611,1
5.270457744598389,1
5.25545597076416,1
5.154387474060059,1
5.233420372009277,1
5.225044250488281,1
5.214847564697266,1
5.281224250793457,1
5.109574317932129,1
5.274491310119629,1
5.2389912605285645,1
5.179440498352051,1
5.184108734130859,1
5.204463005065918,1
5.236045837402344,1
5.23311710357666,1
5.2888288497924805,1
5.168412685394287,1
5.290097236633301,1
5.2401123046875,1
5.236392974853516,1
5.193950653076172,1
5.183337211608887,1
5.26346492767334,1
5.199668884277344,1
5.231640815734863,1
5.178537368774414,1
5.175512313842773,1
5.23997688293457,1
5.246760368347168,1
5.24726676940918,1
5.220856189727783,1
5.266304016113281,1
5.234667778015137,1
5.232064723968506,1
5.1795501708984375,1
5.396810531616211,1
5.282380104064941,1
5.305323600769043,1
5.084712028503418,1
5.3245038986206055,1
5.2700395584106445,1
5.2275543212890625,1
5.199939727783203,1
5.176323890686035,1
5.2650909423828125,1
5.245807647705078,1
5.254343509674072,1
5.253036022186279,1
5.220745086669922,1
5.226500511169434,1
5.280959606170654,1
5.262087821960449,1
5.151282787322998,1
5.251927852630615,1
5.20426082611084,1
5.277571678161621,1
5.23938512802124,1
5.165187835693359,1
5.245852947235107,1
5.193572044372559,1
5.357247352600098,1
5.158147811889648,1
5.234697341918945,1
5.285042762756348,1
5.198840618133545,1
5.335335731506348,1
5.129726409912109,1
5.261195182800293,1
5.204319000244141,1
5.3106513023376465,1
5.276349067687988,1
5.1180338859558105,1
5.21513032913208,1
5.2290940284729,1
5.199445724487305,1
5.417149066925049,1
5.225881099700928,1
5.169347286224365,1
5.1518754959106445,1
5.261988162994385,1
5.262367248535156,1
5.254021644592285,1
5.290825366973877,1
5.247743606567383,1
5.354304790496826,1
5.265575408935547,1
5.250062942504883,1
5.185698509216309,1
5.14171028137207,1
5.195071697235107,1
5.3221025466918945,1
5.314889907836914,1
5.201898574829102,1
5.380402088165283,1
5.268977642059326,1
5.193369388580322,1
5.256390571594238,1
5.278626441955566,1
5.200064182281494,1
5.282756805419922,1
5.3579607009887695,1
5.312976360321045,1
5.289298057556152,1
5.242348670959473,1
5.244686126708984,1
5.2521538734436035,1
5.307440757751465,1
5.231212615966797,1
5.132760047912598,1
5.156248092651367,1
5.30471658706665,1
5.3266472816467285,1
5.282210350036621,1
5.225254058837891,1
5.179475784301758,1
5.238495826721191,1
5.1908769607543945,1
5.218916893005371,1
5.237898826599121,1
5.173165321350098,1
5.249750137329102,1
5.23962926864624,1
5.343437194824219,1
5.214046478271484,1
5.296943664550781,1
5.264857769012451,1
5.242717742919922,1
5.246581077575684,1
5.220348358154297,1
5.164045333862305,1
5.2927680015563965,1
5.272984504699707,1
5.31336784362793,1
5.223656177520752,1
5.284364700317383,1
5.183622360229492,1
5.262310028076172,1
5.284836292266846,1
5.325597763061523,1
5.214585304260254,1
5.169213771820068,1
5.224574565887451,1
5.243893623352051,1
5.221441268920898,1
5.214452266693115,1
5.313990116119385,1
5.291873931884766,1
5.258744239807129,1
5.236701011657715,1
5.23396110534668,1
5.2920308113098145,1
5.229496955871582,1
5.304398059844971,1
5.273179054260254,1
5.217043876647949,1
5.279658317565918,1
5.166399955749512,1
5.291213035583496,1
5.249025344848633,1
5.251538276672363,1
5.297944068908691,1
5.165420055389404,1
5.243948459625244,1
5.141660690307617,1
5.188260078430176,1
5.274161338806152,1
5.320409774780273,1
5.280265808105469,1
5.218349933624268,1
5.239926338195801,1
5.249029636383057,1
5.284180641174316,1
5.275050163269043,1
5.163009166717529,1
5.269325256347656,1
5.166642189025879,1
5.211426258087158,1
5.259311676025391,1
5.1889753341674805,1
5.205537796020508,1
5.250611305236816,1
5.191781997680664,1
5.217775821685791,1
5.238577842712402,1
5.226578712463379,1
5.325295448303223,1
5.179786205291748,1
5.083751201629639,1
5.250629425048828,1
5.273855209350586,1
5.340126991271973,1
5.193990707397461,1
5.319512367248535,1
5.2046613693237305,1
5.269008636474609,1
5.16292667388916,1
5.218758583068848,1
5.203547477722168,1
5.217072486877441,1
5.2228875160217285,1
5.318114757537842,1
5.322139739990234,1
5.219226837158203,1
5.244339942932129,1
5.20035457611084,1
5.312976837158203,1
5.274184703826904,1
5.2646989822387695,1
5.113996505737305,1
5.201766490936279,1
5.319879531860352,1
5.243025779724121,1
5.2336530685424805,1
5.228852272033691,1
5.130655765533447,1
5.17427921295166,1
5.317892551422119,1
5.226314544677734,1
5.285538673400879,1
5.180033206939697,1
5.2930073738098145,1
5.284733295440674,1
5.293648719787598,1
5.213038444519043,1
5.218299865722656,1
5.149389266967773,1
5.323002338409424,1
5.182146072387695,1
5.293847560882568,1
5.290946006774902,1
5.223857879638672,1
5.22451114654541,1
5.185936450958252,1
5.255043029785156,1
5.253435134887695,1
5.290679931640625,1
5.318072319030762,1
5.284909248352051,1
5.221450328826904,1
5.203121185302734,1
5.25334358215332,1
5.2102813720703125,1
5.381087303161621,1
5.179343223571777,1
5.315013885498047,1
5.173752784729004,1
5.291668891906738,1
5.186892509460449,1
5.245292663574219,1
5.264041900634766,1
5.3619232177734375,1
5.20815896987915,1
5.228792190551758,1
5.303869247436523,1
5.214563846588135,1
5.2428178787231445,1
5.238271713256836,1
5.2986741065979,1
5.29656982421875,1
5.218658447265625,1
5.220660209655762,1
5.174647331237793,1
5.231500625610352,1
5.296221733093262,1
5.228835582733154,1
5.213467121124268,1
5.317480087280273,1
5.317602634429932,1
5.25966739654541,1
5.191216468811035,1
5.302983283996582,1
5.222607612609863,1
5.213840484619141,1
5.144893646240234,1
5.143265724182129,1
5.265488624572754,1
5.351691246032715,1
5.269762992858887,1
5.223990440368652,1
5.174715518951416,1
5.232128143310547,1
5.280840873718262,1
5.261463165283203,1
5.278072357177734,1
5.221545219421387,1
5.243073463439941,1
5.207502365112305,1
5.2900071144104,1
5.285635948181152,1
5.326906204223633,1
5.275015830993652,1
5.2875776290893555,1
5.220548629760742,1
5.21230411529541,1
5.232039451599121,1
5.257494926452637,1
5.224723815917969,1
5.314398765563965,1
5.174566268920898,1
5.2651262283325195,1
5.245844841003418,1
5.212198257446289,1
5.265342712402344,1
5.285466194152832,1
5.1748199462890625,1
5.143531799316406,1
5.250737190246582,1
5.2594895362854,1
5.300179481506348,1
5.2213029861450195,1
5.262667655944824,1
5.197633743286133,1
5.225888252258301,1
5.215012073516846,1
5.256897926330566,1
5.435924530029297,1
5.245959758758545,1
5.252435207366943,1
5.243734359741211,1
5.275979995727539,1
5.249971866607666,1
5.244232177734375,1
5.21795129776001,1
5.2790679931640625,1
5.273158550262451,1
5.25180721282959,1
5.253388404846191,1
5.307544708251953,1
5.228135108947754,1
5.26401424407959,1
5.217597961425781,1
5.296708106994629,1
5.160274028778076,1
5.2969536781311035,1
5.239405632019043,1
5.234122276306152,1
5.236231803894043,1
5.258213043212891,1
5.119217872619629,1
5.078327655792236,1
5.2461018562316895,1
5.283123016357422,1
5.444847106933594,1
5.219692230224609,1
5.107071399688721,1
5.258006572723389,1
5.238870620727539,1
5.208927154541016,1
5.259809970855713,1
5.29457426071167,1
5.222251892089844,1
5.237209796905518,1
5.276795387268066,1
5.1285810470581055,1
5.241079807281494,1
5.280328273773193,1
5.294224739074707,1
5.303272724151611,1
5.250666618347168,1
5.2059125900268555,1
5.342438697814941,1
5.206968307495117,1
5.280065536499023,1
5.336542129516602,1
5.257010459899902,1
5.172911643981934,1
5.170382976531982,1
5.302820205688477,1
5.316318511962891,1
5.221748352050781,1
5.158353805541992,1
5.331928253173828,1
5.180201053619385,1
5.273459434509277,1
5.325737953186035,1
5.207009792327881,1
5.253036975860596,1
5.172901630401611,1
5.304141521453857,1
5.235073089599609,1
5.168012619018555,1
5.203397750854492,1
5.238595962524414,1
5.174960613250732,1
5.247104644775391,1
5.206319808959961,1
5.262731552124023,1
5.218133926391602,1
5.293646812438965,1
5.2765960693359375,1
5.250485897064209,1
5.162149906158447,1
5.278285026550293,1
5.201521873474121,1
5.205857276916504,1
5.274890899658203,1
5.2860798835754395,1
5.241394996643066,1
5.297473907470703,1
5.197397708892822,1
5.286806106567383,1
5.257391929626465,1
5.226288795471191,1
5.296121597290039,1
5.254345417022705,1
5.248997688293457,1
5.225694179534912,1
5.2023468017578125,1
5.179431915283203,1
5.333130359649658,1
5.084133625030518,1
5.193596363067627,1
5.262768268585205,1
5.269620895385742,1
5.292698860168457,1
5.208242416381836,1
5.192812919616699,1
5.3119096755981445,1
5.170506477355957,1
5.217443943023682,1
5.232944488525391,1
5.332831859588623,1
5.232175827026367,1
5.2835283279418945,1
5.227912902832031,1
5.267034530639648,1
5.268854141235352,1
5.266539573669434,1
5.2157673835754395,1
5.259032726287842,1
5.386526584625244,1
5.2959303855896,1
5.195977687835693,1
5.340961456298828,1
5.279091835021973,1
5.284381866455078,1
5.1697587966918945,1
5.252532958984375,1
5.1694231033325195,1
5.192893981933594,1
5.267450332641602,1
5.2462568283081055,1
5.33426570892334,1
5.249885559082031,1
5.265901565551758,1
5.181878089904785,1
5.232446670532227,1
5.219084739685059,1
5.273154258728027,1
5.2844648361206055,1
5.283743858337402,1
5.252415657043457,1
5.269423007965088,1
5.304268836975098,1
5.2874250411987305,1
5.2231340408325195,1
5.253742218017578,1
5.2967987060546875,1
5.208001136779785,1
5.267183303833008,1
5.298798561096191,1
5.2359395027160645,1
5.24470853805542,1
5.272342205047607,1
5.338584899902344,1
5.208743572235107,1
5.222487449645996,1
5.18609619140625,1
5.205934524536133,1
5.241517066955566,1
5.301036357879639,1
5.31465482711792,1
5.218343734741211,1
5.296490669250488,1
5.297991752624512,1
5.2774128913879395,1
5.308830261230469,1
5.333956718444824,1
5.31733512878418,1
5.228204250335693,1
5.2282257080078125,1
5.199024200439453,1
5.219357967376709,1
5.281925678253174,1
5.207209587097168,1
5.242922782897949,1
5.252158164978027,1
5.336998462677002,1
5.280612945556641,1
5.334552764892578,1
5.2151641845703125,1
5.192207336425781,1
5.236161231994629,1
5.140356540679932,1
5.171937942504883,1
5.2599945068359375,1
5.16251802444458,1
5.1824235916137695,1
5.285621643066406,1
5.2247772216796875,1
5.295594692230225,1
5.15656852722168,1
5.257623195648193,1
5.230684280395508,1
5.1262712478637695,1
5.225520610809326,1
5.2503862380981445,1
5.286504745483398,1
5.250678062438965,1
5.197010517120361,1
5.1236796379089355,1
5.405333518981934,1
5.2225494384765625,1
5.305609226226807,1
5.24710750579834,1
5.226588726043701,1
5.184925079345703,1
5.28239107131958,1
5.2327985763549805,1
5.240456581115723,1
5.246474266052246,1
5.167965888977051,1
5.333085060119629,1
5.2513933181762695,1
5.149941444396973,1
5.164983749389648,1
5.2269134521484375,1
5.158824920654297,1
5.24330997467041,1
5.208338260650635,1
5.140953063964844,1
5.372770309448242,1
5.240650653839111,1
5.16625452041626,1
5.219537258148193,1
5.321778774261475,1
5.290872097015381,1
5.207469940185547,1
5.290657997131348,1
5.263753414154053,1
5.244664192199707,1
5.310412406921387,1
5.214011192321777,1
5.1526594161987305,1
5.17872428894043,1
5.182336807250977,1
5.305376052856445,1
5.166374206542969,1
5.201216697692871,1
5.220396041870117,1
5.237070083618164,1
5.170768737792969,1
5.170934677124023,1
5.379709243774414,1
5.254467487335205,1
5.188933372497559,1
5.253741264343262,1
5.2693986892700195,1
5.294013023376465,1
5.262473106384277,1
5.179976940155029,1
5.24319314956665,1
5.175168991088867,1
5.29293966293335,1
5.28887939453125,1
5.29069185256958,1
5.2841410636901855,1
5.184755325317383,1
5.260618686676025,1
5.292959213256836,1
5.144857883453369,1
5.337357044219971,1
5.214940071105957,1
5.214501857757568,1
5.256168365478516,1
5.232148170471191,1
5.147534370422363,1
5.266134262084961,1
5.223603248596191,1
5.206635475158691,1
5.2971601486206055,1
5.149648666381836,1
5.247084140777588,1
5.327216148376465,1
5.3173604011535645,1
5.282296657562256,1
5.197396755218506,1
5.240719318389893,1
5.227241516113281,1
5.238102912902832,1
5.297781467437744,1
5.282073020935059,1
5.272371768951416,1
5.209874153137207,1
5.260910987854004,1
5.223101615905762,1
5.2443366050720215,1
5.276325225830078,1
5.227210521697998,1
5.283596992492676,1
5.184255123138428,1
5.325235366821289,1
5.196423530578613,1
5.219248294830322,1
5.363354682922363,1
5.305619239807129,1
5.235775947570801,1
5.150632381439209,1
5.170697212219238,1
5.241885662078857,1
5.203185081481934,1
5.267149925231934,1
5.229583740234375,1
5.209928512573242,1
5.25877571105957,1
5.292187213897705,1
5.184727191925049,1
5.316532135009766,1
5.201014518737793,1
5.2545061111450195,1
5.287540435791016,1
5.255290985107422,1
5.153825283050537,1
5.299008369445801,1
5.200274467468262,1
5.247758865356445,1
5.2837700843811035,1
5.239542007446289,1
5.232029914855957,1
5.236306190490723,1
5.193084716796875,1
5.228394508361816,1
5.248600959777832,1
5.179512977600098,1
5.246926784515381,1
5.321981906890869,1
5.151601791381836,1
5.269955635070801,1
5.215456008911133,1
5.2170939445495605,1
5.249643325805664,1
5.232938766479492,1
5.249234199523926,1
5.328476905822754,1
5.253106594085693,1
5.248135566711426,1
5.217790603637695,1
5.360206604003906,1
5.271637439727783,1
5.2567949295043945,1
5.219631195068359,1
5.227786540985107,1
5.200654983520508,1
5.090100288391113,1
5.204133033752441,1
5.209754467010498,1
5.177860260009766,1
5.21796989440918,1
5.207200050354004,1
5.2820305824279785,1
5.150461673736572,1
5.194546699523926,1
5.202389240264893,1
5.1967363357543945,1
5.27164888381958,1
5.083438396453857,1
5.220720291137695,1
5.186212539672852,1
5.261025428771973,1
5.310519218444824,1
5.222476005554199,1
5.177526473999023,1
5.236763954162598,1
5.2478485107421875,1
5.201488494873047,1
5.2009382247924805,1
5.152193069458008,1
5.295326232910156,1
5.252793312072754,1
5.29219388961792,1
5.259180068969727,1
5.270489692687988,1
5.142439842224121,1
5.292756080627441,1
5.194683074951172,1
5.236811637878418,1
5.318960189819336,1
5.259654998779297,1
5.249981880187988,1
5.240594863891602,1
5.316404342651367,1
5.179529190063477,1
5.200153350830078,1
5.306912899017334,1
5.2482476234436035,1
5.282697677612305,1
5.186427593231201,1
5.253255844116211,1
5.245753288269043,1
5.304802894592285,1
5.304271221160889,1
5.116497993469238,1
5.2110137939453125,1
5.247220993041992,1
5.26703405380249,1
5.304368019104004,1
5.250567436218262,1
5.150969982147217,1
5.182349681854248,1
5.279170036315918,1
5.225193977355957,1
5.203909397125244,1
5.238636016845703,1
5.2189459800720215,1
5.226408958435059,1
5.331012725830078,1
5.226693153381348,1
5.18122673034668,1
5.248600959777832,1
5.162896633148193,1
5.238774299621582,1
5.227522850036621,1
5.135436534881592,1
5.241475582122803,1
5.265735626220703,1
5.245086193084717,1
5.256443977355957,1
5.274378776550293,1
5.336289405822754,1
5.282164573669434,1
5.225919723510742,1
5.23062801361084,1
5.209628105163574,1
5.177622318267822,1
5.334646224975586,1
5.313863754272461,1
5.171222686767578,1
5.242400169372559,1
5.193060398101807,1
5.237960338592529,1
5.327914237976074,1
5.271559238433838,1
5.355241775512695,1
5.2677154541015625,1
5.192242622375488,1
5.295975208282471,1
5.1946210861206055,1
5.166251182556152,1
5.325277328491211,1
5.268969535827637,1
5.239816665649414,1
5.212345123291016,1
5.201323509216309,1
5.292206764221191,1
5.219036102294922,1
5.3002142906188965,1
5.2737579345703125,1
5.276461601257324,1
5.249307155609131,1
5.265140533447266,1
5.293182373046875,1
5.314960956573486,1
5.100285530090332,1
5.277827262878418,1
5.209275245666504,1
5.289922714233398,1
5.233509063720703,1
5.2090911865234375,1
5.1551642417907715,1
5.298448085784912,1
5.264069557189941,1
5.185741424560547,1
5.180356025695801,1
5.2875189781188965,1
5.305154800415039,1
5.357128143310547,1
5.225895881652832,1
5.19449520111084,1
5.3061017990112305,1
5.2189249992370605,1
5.170413494110107,1
5.240738868713379,1
5.2804856300354,1
5.243064880371094,1
5.224818229675293,1
5.27156925201416,1
5.205147743225098,1
5.273408889770508,1
5.248579025268555,1
5.197288513183594,1
5.157485485076904,1
5.188823699951172,1
5.30226993560791,1
5.264797687530518,1
5.328360557556152,1
5.199067115783691,1
5.184768199920654,1
5.247682571411133,1
5.22618293762207,1
5.326709747314453,1
5.240053653717041,1
5.198126792907715,1
5.177654266357422,1
5.336925983428955,1
5.242488861083984,1
5.247188568115234,1
5.261746406555176,1
5.212817668914795,1
5.211770534515381,1
5.323201656341553,1
5.304567337036133,1
5.190270900726318,1
5.280117034912109,1
5.220761299133301,1
5.214982032775879,1
5.244864463806152,1
5.223423004150391,1
5.129852294921875,1
5.337057590484619,1
5.262566566467285,1
5.12969970703125,1
5.184836387634277,1
5.296690464019775,1
5.275512218475342,1
5.230700969696045,1
5.318524360656738,1
5.18581485748291,1
5.230422496795654,1
5.308221817016602,1
5.249100685119629,1
5.104794025421143,1
5.144644737243652,1
5.3271026611328125,1
5.293909072875977,1
5.274570465087891,1
5.276337146759033,1
5.347211837768555,1
5.162507057189941,1
5.286313533782959,1
5.2499494552612305,1
5.287193775177002,1
5.286441802978516,1
5.196511268615723,1
5.312443733215332,1
5.266138076782227,1
5.211735725402832,1
5.233426094055176,1
5.196382999420166,1
5.258048057556152,1
5.246053695678711,1
5.268233299255371,1
5.369900703430176,1
5.242940425872803,1
5.320021152496338,1
5.273140907287598,1
5.213919162750244,1
5.175183296203613,1
5.19590950012207,1
5.18505859375,1
5.224365234375,1
5.238470077514648,1
5.234689712524414,1
5.216210842132568,1
5.304959297180176,1
5.371673583984375,1
5.215737342834473,1
5.253731727600098,1
5.178830146789551,1
5.251153469085693,1
5.133143901824951,1
5.320335388183594,1
5.26248836517334,1
5.267003059387207,1
5.227618217468262,1
5.341684341430664,1
5.206092834472656,1
5.212165832519531,1
5.3248291015625,1
5.215616703033447,1
5.292173385620117,1
5.235518455505371,1
5.253215789794922,1
5.321358680725098,1
5.270055770874023,1
5.247343063354492,1
5.186820983886719,1
5.187026023864746,1
5.185398101806641,1
5.24036169052124,1
5.236132621765137,1
5.243164539337158,1
5.214943885803223,1
5.278641700744629,1
5.2709808349609375,1
5.112823486328125,1
5.206996917724609,1
5.341989994049072,1
5.165283203125,1
5.256555557250977,1
5.2616472244262695,1
5.241672039031982,1
5.250368118286133,1
5.154025554656982,1
5.151300430297852,1
5.2276811599731445,1
5.291805267333984,1
5.246942520141602,1
5.261623382568359,1
5.226778984069824,1
5.169379234313965,1
5.251695156097412,1
5.175539016723633,1
5.210747241973877,1
5.226449012756348,1
5.262906551361084,1
5.2202558517456055,1
5.331974983215332,1
5.294698715209961,1
5.339163780212402,1
5.19494104385376,1
5.2711992263793945,1
5.205304145812988,1
5.266185760498047,1
5.1463117599487305,1
5.232360363006592,1
5.237327575683594,1
5.233457565307617,1
5.237548828125,1
5.187075614929199,1
5.159048080444336,1
5.226911544799805,1
5.1466593742370605,1
5.2684478759765625,1
5.135564804077148,1
5.181193828582764,1
5.154099464416504,1
5.217400074005127,1
5.3372321128845215,1
5.288605690002441,1
5.215675354003906,1
5.248625755310059,1
5.249706268310547,1
5.214947700500488,1
5.224817276000977,1
5.294066429138184,1
5.261736869812012,1
5.271606922149658,1
5.195669651031494,1
5.2127532958984375,1
5.280702590942383,1
5.2050042152404785,1
5.151710033416748,1
5.234401702880859,1
5.297612190246582,1
5.2771406173706055,1
5.356474876403809,1
5.276828289031982,1
5.226742267608643,1
5.281894683837891,1
5.216118812561035,1
5.2170610427856445,1
5.220712661743164,1
5.208815574645996,1
5.274502754211426,1
5.294517993927002,1
5.225440979003906,1
5.246976852416992,1
5.175692081451416,1
5.190113067626953,1
5.306356430053711,1
5.16348123550415,1
5.201910972595215,1
5.235662460327148,1
5.11879825592041,1
5.32396936416626,1
5.267670154571533,1
5.205792427062988,1
5.341012001037598,1
5.324702262878418,1
5.200018882751465,1
5.201137542724609,1
5.291806697845459,1
5.182839393615723,1
5.2838134765625,1
5.154407501220703,1
5.216514587402344,1
5.215879917144775,1
5.13339900970459,1
5.322378158569336,1
5.196531772613525,1
5.253893852233887,1
5.2677507400512695,1
5.23805046081543,1
5.334403991699219,1
5.181732177734375,1
5.285342693328857,1
5.269832611083984,1
5.229813575744629,1
5.176682949066162,1
5.272098064422607,1
5.2427215576171875,1
5.329951286315918,1
5.211363792419434,1
5.257534027099609,1
5.1713337898254395,1
5.212343692779541,1
5.251372337341309,1
5.199695587158203,1
5.218303203582764,1
5.2118730545043945,1
5.2545647621154785,1
5.321903228759766,1
5.189136505126953,1
5.27576208114624,1
5.255444526672363,1
5.240214824676514,1
5.1985063552856445,1
5.224299907684326,1
5.271007061004639,1
5.248788356781006,1
5.280550956726074,1
5.291073322296143,1
5.145810127258301,1
5.289324760437012,1
5.164999008178711,1
5.206998348236084,1
5.287489891052246,1
5.072436809539795,1
5.249085426330566,1
5.220816135406494,1
5.22974967956543,1
5.279932975769043,1
5.197617053985596,1
5.333224773406982,1
5.360415935516357,1
5.230175018310547,1
5.336147308349609,1
5.30753231048584,1
5.153212070465088,1
5.26315450668335,1
5.318512916564941,1
5.23486852645874,1
5.308027267456055,1
5.157519340515137,1
5.161159515380859,1
5.217369079589844,1
5.1849260330200195,1
5.125669479370117,1
5.374947547912598,1
5.220914840698242,1
5.174372673034668,1
5.1897149085998535,1
5.266480445861816,1
5.176022529602051,1
5.265656471252441,1
5.2680511474609375,1
5.172332763671875,1
5.319958686828613,1
5.25019645690918,1
5.297476768493652,1
5.399635314941406,1
5.172015190124512,1
5.215231418609619,1
5.263911724090576,1
5.221913814544678,1
5.27610969543457,1
5.2856364250183105,1
5.285898208618164,1
5.174863338470459,1
5.279192924499512,1
5.187346458435059,1
5.304952621459961,1
5.163811683654785,1
5.273653507232666,1
5.143503189086914,1
5.162245273590088,1
5.182792663574219,1
5.259142875671387,1
5.241283416748047,1
5.357576847076416,1
5.276003837585449,1
5.279125690460205,1
5.145806789398193,1
5.276662826538086,1
5.290126800537109,1
5.210858345031738,1
5.3092360496521,1
5.181681156158447,1
5.2327752113342285,1
5.264829635620117,1
5.18937873840332,1
5.234774589538574,1
5.251416206359863,1
5.259212493896484,1
5.267580986022949,1
5.256636619567871,1
5.335287094116211,1
5.196468353271484,1
5.314172267913818,1
5.260686874389648,1
5.2872209548950195,1
5.274232387542725,1
5.246161460876465,1
5.208610534667969,1
5.251654624938965,1
5.287815093994141,1
5.138734817504883,1
5.279494762420654,1
5.215324878692627,1
5.330524444580078,1
5.292830467224121,1
5.233121395111084,1
5.224196434020996,1
5.252115249633789,1
5.329493999481201,1
5.2551679611206055,1
5.344411849975586,1
5.226446151733398,1
5.323415279388428,1
5.170367240905762,1
5.180773735046387,1
5.209221839904785,1
5.268050670623779,1
5.277968406677246,1
5.276378154754639,1
5.240220069885254,1
5.33452033996582,1
5.259543418884277,1
5.393223762512207,1
5.1927690505981445,1
5.165214538574219,1
5.320065975189209,1
5.2191643714904785,1
5.330678462982178,1
5.260064601898193,1
5.298977375030518,1
5.261854648590088,1
5.312503337860107,1
5.310552597045898,1
5.347123622894287,1
5.203531265258789,1
5.197434425354004,1
5.249372959136963,1
5.215827941894531,1
5.25314998626709,1
5.281874656677246,1
5.262691020965576,1
5.2985382080078125,1
5.1581525802612305,1
5.200530052185059,1
5.286754608154297,1
5.2202558517456055,1
5.214804649353027,1
5.283481597900391,1
5.250789642333984,1
5.20513391494751,1
5.198526382446289,1
5.332085609436035,1
5.279759407043457,1
5.377285003662109,1
5.191454887390137,1
5.272474765777588,1
5.288394451141357,1
5.225628852844238,1
5.1790385246276855,1
5.279656887054443,1
5.209651947021484,1
5.166747093200684,1
5.252290725708008,1
5.256231307983398,1
5.204162120819092,1
5.298510551452637,1
5.177729606628418,1
5.235500335693359,1
5.247196197509766,1
5.221169471740723,1
5.252758979797363,1
5.266330718994141,1
5.276546001434326,1
5.209261417388916,1
5.235927104949951,1
5.210028648376465,1
5.270679950714111,1
5.253169536590576,1
5.15744686126709,1
5.2391557693481445,1
5.25981330871582,1
5.241925239562988,1
5.175426006317139,1
5.257716655731201,1
5.265511512756348,1
5.200037002563477,1
5.2134199142456055,1
5.1951799392700195,1
5.3045148849487305,1
5.208767890930176,1
5.253865718841553,1
5.318062782287598,1
5.184273719787598,1
5.237789630889893,1
5.323504447937012,1
5.2276411056518555,1
5.207767963409424,1
5.209726333618164,1
5.245593070983887,1
5.2357025146484375,1
5.240387916564941,1
5.299686908721924,1
5.245136737823486,1
5.1710381507873535,1
5.24863862991333,1
5.181929588317871,1
5.243964672088623,1
5.349640846252441,1
5.372895240783691,1
5.2387285232543945,1
5.158740043640137,1
5.313412189483643,1
5.293789863586426,1
5.20358419418335,1
5.276700496673584,1
5.372438430786133,1
5.273158073425293,1
5.260371208190918,1
5.246814250946045,1
5.333164215087891,1
5.223829746246338,1
5.3152923583984375,1
5.273130416870117,1
5.332361698150635,1
5.330000877380371,1
5.235307693481445,1
5.256204605102539,1
5.216399192810059,1
5.30368709564209,1
5.211711406707764,1
5.213560581207275,1
5.187892913818359,1
5.191897392272949,1
5.209559440612793,1
5.2468342781066895,1
5.25093936920166,1
5.204166412353516,1
5.270991802215576,1
5.220010757446289,1
5.194127559661865,1
5.1979570388793945,1
5.258208274841309,1
5.212214946746826,1
5.2170515060424805,1
5.307031631469727,1
5.165925979614258,1
5.172618865966797,1
5.200905799865723,1
5.206582069396973,1
5.252190589904785,1
5.205844402313232,1
5.2830047607421875,1
5.278752326965332,1
5.188540458679199,1
5.262476444244385,1
5.1769561767578125,1
5.263211727142334,1
5.209268569946289,1
5.308573246002197,1
5.2910871505737305,1
5.171660423278809,1
5.187880039215088,1
5.223158359527588,1
5.29119873046875,1
5.201044082641602,1
5.276557445526123,1
5.173011779785156,1
5.310192108154297,1
5.202390670776367,1
5.346271514892578,1
5.264561653137207,1
5.286159515380859,1
5.240122318267822,1
5.260214328765869,1
5.306519508361816,1
5.218672275543213,1
5.197519779205322,1
5.262049198150635,1
5.299856185913086,1
5.304535865783691,1
5.281357765197754,1
5.159357070922852,1
5.26030158996582,1
5.254909515380859,1
5.252058029174805,1
5.270801067352295,1
5.267061233520508,1
5.370357513427734,1
5.198927879333496,1
5.2909135818481445,1
5.271021842956543,1
5.251590251922607,1
5.176231861114502,1
5.188534259796143,1
5.200051307678223,1
5.2588276863098145,1
5.251299858093262,1
5.254244804382324,1
5.275528907775879,1
5.309870719909668,1
5.2688984870910645,1
5.2704925537109375,1
5.276325225830078,1
5.310073375701904,1
5.150764465332031,1
5.31710958480835,1
5.340513229370117,1
5.292104721069336,1
5.281293869018555,1
5.27907657623291,1
5.1543378829956055,1
5.271561145782471,1
5.195055961608887,1
5.237519264221191,1
5.201105117797852,1
5.193289756774902,1
5.3007988929748535,1
5.200630187988281,1
5.265937805175781,1
5.204880714416504,1
5.201030731201172,1
5.330630302429199,1
5.2503461837768555,1
5.274188041687012,1
5.308426856994629,1
5.280004978179932,1
5.204484462738037,1
5.165388107299805,1
5.191154956817627,1
5.178049564361572,1
5.184002876281738,1
5.259121894836426,1
5.217166900634766,1
5.23680305480957,1
5.147528648376465,1
5.263813018798828,1
5.215240001678467,1
5.211926460266113,1
5.154129981994629,1
5.237867832183838,1
5.263401985168457,1
5.286836624145508,1
5.227932453155518,1
5.27700662612915,1
5.20982551574707,1
5.2368903160095215,1
5.368895530700684,1
5.283404350280762,1
5.119063377380371,1
5.207679748535156,1
5.213930130004883,1
5.297482967376709,1
5.275363445281982,1
5.249311923980713,1
5.240588188171387,1
5.199399471282959,1
5.1746673583984375,1
5.277095794677734,1
5.1787261962890625,1
5.310070991516113,1
5.193354606628418,1
5.202727794647217,1
5.198335647583008,1
5.311093330383301,1
5.209111213684082,1
5.160036087036133,1
5.238808631896973,1
5.2537736892700195,1
5.225501537322998,1
5.263981819152832,1
5.317965507507324,1
5.23035192489624,1
5.257321357727051,1
5.301576614379883,1
5.211869716644287,1
5.26430606842041,1
5.209118843078613,1
5.201535224914551,1
5.260917663574219,1
5.25054931640625,1
5.2615203857421875,1
5.270706653594971,1
5.341883182525635,1
5.267897129058838,1
5.16834831237793,1
5.142403602600098,1
5.263989448547363,1
5.298313140869141,1
5.182751655578613,1
5.173539161682129,1
5.136630058288574,1
5.216452121734619,1
5.238921642303467,1
5.227446556091309,1
5.247120380401611,1
5.220911979675293,1
5.204840660095215,1
5.28975772857666,1
5.17103385925293,1
5.378698348999023,1
5.277725696563721,1
5.240899562835693,1
5.299627780914307,1
5.369335174560547,1
5.206707954406738,1
5.294376373291016,1
5.206788539886475,1
5.1235671043396,1
5.237039566040039,1
5.178830146789551,1
5.239443302154541,1
5.207571029663086,1
5.2436323165893555,1
5.135988235473633,1
5.211797714233398,1
5.337337493896484,1
5.269211769104004,1
5.331335067749023,1
5.207721710205078,1
5.297602653503418,1
5.284075736999512,1
5.189704895019531,1
5.325915813446045,1
5.2158708572387695,1
5.202482223510742,1
5.239555835723877,1
5.235692977905273,1
5.204947471618652,1
5.199553489685059,1
5.278887748718262,1
5.204545497894287,1
5.175351142883301,1
5.274235248565674,1
5.278726100921631,1
5.172919273376465,1
5.242763519287109,1
5.21807336807251,1
5.152112007141113,1
5.309062480926514,1
5.228044033050537,1
5.169279098510742,1
5.174013137817383,1
5.2222700119018555,1
5.257817268371582,1
5.272609233856201,1
5.270090103149414,1
5.216998100280762,1
5.174612998962402,1
5.323680877685547,1
5.199803829193115,1
5.154090881347656,1
5.230263710021973,1
5.192057132720947,1
5.299522399902344,1
5.312607765197754,1
5.268874168395996,1
5.254691123962402,1
5.130993366241455,1
5.281368255615234,1
5.254731178283691,1
5.189521789550781,1
5.190573215484619,1
5.241273880004883,1
5.221570014953613,1
5.1233110427856445,1
5.230926990509033,1
5.269366264343262,1
5.2747063636779785,1
5.113153457641602,1
5.254887104034424,1
5.235718727111816,1
5.307068824768066,1
5.196558952331543,1
5.1771240234375,1
5.245083808898926,1
5.166285514831543,1
5.181344509124756,1
5.29835319519043,1
5.2061543464660645,1
5.218171119689941,1
5.242168426513672,1
5.166182518005371,1
5.318470001220703,1
5.193531513214111,1
5.1941328048706055,1
5.241708755493164,1
5.312324523925781,1
5.265265464782715,1
5.32628059387207,1
5.21442985534668,1
5.213647842407227,1
5.235750198364258,1
5.215344429016113,1
5.356897830963135,1
5.245794296264648,1
5.243114948272705,1
5.303290367126465,1
5.225533962249756,1
5.210602760314941,1
5.283105850219727,1
5.261618614196777,1
5.207721710205078,1
5.214544296264648,1
5.209996700286865,1
5.1651811599731445,1
5.128905773162842,1
5.233498573303223,1
5.221182823181152,1
5.210359573364258,1
5.1890106201171875,1
5.27001428604126,1
5.28410530090332,1
5.242000579833984,1
5.350285530090332,1
5.294837951660156,1
5.278387069702148,1
5.221733570098877,1
5.262794494628906,1
5.140281677246094,1
5.323910713195801,1
5.309403419494629,1
5.166565895080566,1
5.285658836364746,1
5.155442237854004,1
5.272387981414795,1
5.206620216369629,1
5.109350681304932,1
5.207695960998535,1
5.239475727081299,1
5.245205879211426,1
5.1660637855529785,1
5.274078369140625,1
5.2503156661987305,1
5.202638626098633,1
5.215224266052246,1
5.325844764709473,1
5.210479736328125,1
5.199367046356201,1
5.263420104980469,1
5.308845520019531,1
5.231809139251709,1
5.213441371917725,1
5.211265563964844,1
5.213031768798828,1
5.155909538269043,1
5.246163845062256,1
5.197727680206299,1
5.213893890380859,1
5.210824012756348,1
5.345233917236328,1
5.249911308288574,1
5.322159767150879,1
5.250118255615234,1
5.249483108520508,1
5.2355122566223145,1
5.124642372131348,1
5.215158462524414,1
5.159271240234375,1
5.226130485534668,1
5.376972198486328,1
5.220706939697266,1
5.14129638671875,1
5.184421539306641,1
5.297906398773193,1
5.306487083435059,1
5.2227678298950195,1
5.2298688888549805,1
5.241048812866211,1
5.255293846130371,1
5.223339080810547,1
5.1865739822387695,1
5.237492561340332,1
5.288700103759766,1
5.26483154296875,1
5.229984283447266,1
5.165383338928223,1
5.409011363983154,1
5.233282566070557,1
5.1893229484558105,1
5.129992485046387,1
5.177761554718018,1
5.307855129241943,1
5.280855178833008,1
5.266983509063721,1
5.209425926208496,1
5.229689598083496,1
5.269955635070801,1
5.300657272338867,1
5.261135101318359,1
5.2941508293151855,1
5.325719356536865,1
5.231025695800781,1
5.201733112335205,1
5.311349868774414,1
5.263065338134766,1
5.1738080978393555,1
5.240130424499512,1
5.227517604827881,1
5.235910415649414,1
5.234348773956299,1
5.16989278793335,1
5.274076461791992,1
5.336311340332031,1
5.3044633865356445,1
5.209500789642334,1
5.209763526916504,1
5.2401018142700195,1
5.209445953369141,1
5.195740699768066,1
5.276197910308838,1
5.3204827308654785,1
5.361808776855469,1
5.230603218078613,1
5.223379135131836,1
5.224231719970703,1
5.173807144165039,1
5.240420818328857,1
5.208456039428711,1
5.260096073150635,1
5.165188789367676,1
5.304373264312744,1
5.152923583984375,1
5.271811008453369,1
5.260587692260742,1
5.24984884262085,1
5.239684104919434,1
5.350308895111084,1
5.429766654968262,1
5.205361366271973,1
5.240145683288574,1
5.234071731567383,1
5.338591575622559,1
5.229592323303223,1
5.243990898132324,1
5.314677715301514,1
5.216505527496338,1
5.281815528869629,1
5.309036731719971,1
5.287649631500244,1
5.269719123840332,1
5.231954097747803,1
5.328763008117676,1
5.351417541503906,1
5.3161301612854,1
5.172399997711182,1
5.160836219787598,1
5.251203536987305,1
5.311646461486816,1
5.314237117767334,1
5.196479320526123,1
5.224322319030762,1
5.316769599914551,1
5.240935325622559,1
5.14630651473999,1
5.289797782897949,1
5.2032670974731445,1
5.241608619689941,1
5.253754615783691,1
5.230548858642578,1
5.243950366973877,1
5.214862823486328,1
5.252093315124512,1
5.230549335479736,1
5.269781112670898,1
5.200482368469238,1
5.289623260498047,1
5.327142238616943,1
5.1868367195129395,1
5.244509696960449,1
5.1754937171936035,1
5.2451863288879395,1
5.287309169769287,1
5.2431159019470215,1
5.290205478668213,1
5.334013938903809,1
5.292572021484375,1
5.268847465515137,1
5.246347904205322,1
5.243673324584961,1
5.1498823165893555,1
5.224266052246094,1
5.298595905303955,1
5.232256889343262,1
5.357100486755371,1
5.300055980682373,1
5.248726844787598,1
5.215267658233643,1
5.252225875854492,1
5.282873153686523,1
5.346399784088135,1
5.355463027954102,1
5.173867225646973,1
5.236952304840088,1
5.205901622772217,1
5.3624491691589355,1
5.283041954040527,1
5.182470798492432,1
5.281235694885254,1
5.29008150100708,1
5.299847602844238,1
5.262063980102539,1
5.220157623291016,1
5.2778239250183105,1
5.267430305480957,1
5.186499118804932,1
5.297118186950684,1
5.220747947692871,1
5.19749641418457,1
5.274062156677246,1
5.217160701751709,1
5.261953353881836,1
5.323375225067139,1
5.220627307891846,1
5.207911491394043,1
5.279157638549805,1
5.215047836303711,1
5.299293518066406,1
5.1911234855651855,1
5.315921306610107,1
5.187941074371338,1
5.253357887268066,1
5.264365196228027,1
5.255699634552002,1
5.286311149597168,1
5.222790718078613,1
5.168247699737549,1
5.223135948181152,1
5.19737434387207,1
5.245124816894531,1
5.153457164764404,1
5.334586143493652,1
5.227849960327148,1
5.29736852645874,1
5.2800703048706055,1
5.2322001457214355,1
5.17584228515625,1
5.290229797363281,1
5.245489120483398,1
5.267825126647949,1
5.244009971618652,1
5.359892845153809,1
5.226312637329102,1
5.2955098152160645,1
5.306535720825195,1
5.33463191986084,1
5.296159267425537,1
5.253078460693359,1
5.1219611167907715,1
5.18720006942749,1
5.220175266265869,1
5.264036178588867,1
5.276435852050781,1
5.309399604797363,1
5.163477420806885,1
5.292997360229492,1
5.211795806884766,1
5.0946855545043945,1
5.212604522705078,1
5.228200912475586,1
5.173763275146484,1
5.184459686279297,1
5.288287162780762,1
5.1855268478393555,1
5.229695796966553,1
5.27236270904541,1
5.2961626052856445,1
5.233563423156738,1
5.236077308654785,1
5.2330169677734375,1
5.211440086364746,1
5.260991096496582,1
5.346372604370117,1
5.249150276184082,1
5.21274471282959,1
5.18842887878418,1
5.3227949142456055,1
5.254917144775391,1
5.232296466827393,1
5.231480598449707,1
5.1525983810424805,1
5.254636764526367,1
5.2748260498046875,1
5.263100624084473,1
5.258681297302246,1
5.198786735534668,1
5.2601518630981445,1
5.232551574707031,1
5.1560773849487305,1
5.274432182312012,1
5.276384353637695,1
5.3502302169799805,1
5.2807207107543945,1
5.266453742980957,1
5.126424312591553,1
5.238413333892822,1
5.310318946838379,1
5.161529541015625,1
5.303194046020508,1
5.140043258666992,1
5.361572742462158,1
5.163792610168457,1
5.213146209716797,1
5.243587017059326,1
5.228963851928711,1
5.259027004241943,1
5.311421871185303,1
5.260875701904297,1
5.308663845062256,1
5.256602764129639,1
5.325390815734863,1
5.221685886383057,1
5.16288948059082,1
5.294865608215332,1
5.286079406738281,1
5.215416431427002,1
5.342212677001953,1
5.20463752746582,1
5.18595027923584,1
5.248468399047852,1
5.153741359710693,1
5.2663092613220215,1
5.214836597442627,1
5.240018367767334,1
5.172060489654541,1
5.3054046630859375,1
5.192737579345703,1
5.208385467529297,1
5.2053680419921875,1
5.2849225997924805,1
5.234083652496338,1
5.2710041999816895,1
5.211623668670654,1
5.212644100189209,1
5.275631427764893,1
5.187444686889648,1
5.233148574829102,1
5.171634674072266,1
5.144399642944336,1
5.243123531341553,1
5.225645542144775,1
5.268834114074707,1
5.220578193664551,1
5.262381076812744,1
5.191962242126465,1
5.244992733001709,1
5.216665267944336,1
5.311180591583252,1
5.206765651702881,1
5.265683650970459,1
5.183188438415527,1
5.290310859680176,1
5.262728214263916,1
5.280203819274902,1
5.211628437042236,1
5.221006393432617,1
5.2360382080078125,1
5.293990135192871,1
5.269510269165039,1
5.302213668823242,1
5.204633712768555,1
5.201218128204346,1
5.354582786560059,1
5.357186317443848,1
5.153435707092285,1
5.207310199737549,1
5.353662014007568,1
5.265218734741211,1
5.2955803871154785,1
5.224483489990234,1
5.318714618682861,1
5.220930099487305,1
5.239518165588379,1
5.221088886260986,1
5.222860336303711,1
5.245506286621094,1
5.267089366912842,1
5.245956897735596,1
5.240052700042725,1
5.310067176818848,1
5.26702356338501,1
5.279550552368164,1
5.2042694091796875,1
5.197919845581055,1
5.221062660217285,1
5.214851379394531,1
5.161555290222168,1
5.276247024536133,1
5.177918910980225,1
5.202567100524902,1
5.172915935516357,1
5.296602249145508,1
5.177704811096191,1
5.206549644470215,1
5.217031478881836,1
5.218579292297363,1
5.23345947265625,1
5.246273994445801,1
5.300346851348877,1
5.231867790222168,1
5.207010269165039,1
5.337697982788086,1
5.320683479309082,1
5.272802352905273,1
5.27798318862915,1
5.301218032836914,1
5.279367446899414,1
5.274088382720947,1
5.223616123199463,1
5.24079704284668,1
5.195762634277344,1
5.167550086975098,1
5.259157657623291,1
5.213840007781982,1
5.1917290687561035,1
5.224708557128906,1
5.196136951446533,1
5.225759506225586,1
5.243165016174316,1
5.286379337310791,1
5.232815742492676,1
5.18385124206543,1
5.249778747558594,1
5.29392147064209,1
5.267599582672119,1
5.3418169021606445,1
5.225299835205078,1
5.278938293457031,1
5.142380237579346,1
5.164633750915527,1
5.192413330078125,1
5.1878342628479,1
5.241369247436523,1
5.182796478271484,1
5.293076515197754,1
5.226374626159668,1
5.259560585021973,1
5.271039009094238,1
5.236950874328613,1
5.191951751708984,1
5.24131965637207,1
5.290563583374023,1
5.197554111480713,1
5.229410648345947,1
5.247654914855957,1
5.380037307739258,1
5.213597297668457,1
5.363574028015137,1
5.197490692138672,1
5.209050178527832,1
5.305474758148193,1
5.290951728820801,1
5.320924758911133,1
5.242768287658691,1
5.184179782867432,1
5.146376132965088,1
5.242415428161621,1
5.286619663238525,1
5.232099533081055,1
5.24050235748291,1
5.309138774871826,1
5.172822952270508,1
5.232893943786621,1
5.2186689376831055,1
5.316892623901367,1
5.156529426574707,1
5.265508651733398,1
5.184659004211426,1
5.249929428100586,1
5.173111915588379,1
5.234899520874023,1
5.194942474365234,1
5.242415428161621,1
5.218355655670166,1
5.246561050415039,1
5.23744535446167,1
5.210875511169434,1
5.197112560272217,1
5.286160945892334,1
5.270975589752197,1
5.145183086395264,1
5.176709175109863,1
5.256955146789551,1
5.132562160491943,1
5.329880237579346,1
5.289804458618164,1
5.236577987670898,1
5.275632858276367,1
5.282567977905273,1
5.301632881164551,1
5.453167915344238,1
5.223363876342773,1
5.220506191253662,1
5.205862998962402,1
5.195234298706055,1
5.2490997314453125,1
5.179293632507324,1
5.314632415771484,1
5.286849021911621,1
5.248809814453125,1
5.206521511077881,1
5.213089942932129,1
5.1810078620910645,1
5.204093933105469,1
5.232137203216553,1
5.240279674530029,1
5.244637489318848,1
5.279458522796631,1
5.329741477966309,1
5.247366905212402,1
5.161312103271484,1
5.240063667297363,1
5.279017925262451,1
5.280486106872559,1
5.1490559577941895,1
5.1749067306518555,1
5.196772575378418,1
5.267004013061523,1
5.1627984046936035,1
5.264066696166992,1
5.317009925842285,1
5.169367790222168,1
5.2367095947265625,1
5.218811988830566,1
5.262474060058594,1
5.197711944580078,1
5.348062515258789,1
5.278201103210449,1
5.1715593338012695,1
5.227007865905762,1
5.272739887237549,1
5.167795181274414,1
5.271535873413086,1
5.220021724700928,1
5.3196821212768555,1
5.13175106048584,1
5.224524974822998,1
5.143032550811768,1
5.238189220428467,1
5.155953407287598,1
5.189807891845703,1
5.212430000305176,1
5.264235973358154,1
5.151158332824707,1
5.193808078765869,1
5.352813243865967,1
5.284954071044922,1
5.1785664558410645,1
5.212114334106445,1
5.198183536529541,1
5.194653511047363,1
5.243869781494141,1
5.25928258895874,1
5.238141059875488,1
5.254658222198486,1
5.267714500427246,1
5.220710277557373,1
5.207923412322998,1
5.314597129821777,1
5.248865127563477,1
5.328771591186523,1
5.288679122924805,1
5.170792102813721,1
5.238925457000732,1
5.3055853843688965,1
5.348321437835693,1
5.267868995666504,1
5.140615940093994,1
5.223221778869629,1
5.3300347328186035,1
5.174358367919922,1
5.217801094055176,1
5.285186767578125,1
5.18813419342041,1
5.179347991943359,1
5.295828342437744,1
5.215923309326172,1
5.313362121582031,1
5.186151027679443,1
5.327524185180664,1
5.271718502044678,1
5.214427947998047,1
5.235208034515381,1
5.350975036621094,1
5.165467262268066,1
5.190595626831055,1
5.185556888580322,1
5.190369606018066,1
5.232143878936768,1
5.232809543609619,1
5.26381254196167,1
5.241084098815918,1
5.234323501586914,1
5.333197116851807,1
5.265528202056885,1
5.2144904136657715,1
5.276159286499023,1
5.248623847961426,1
5.242956638336182,1
5.225517749786377,1
5.131103515625,1
5.28695821762085,1
5.317859649658203,1
5.269285202026367,1
5.18082332611084,1
5.20896053314209,1
5.320803642272949,1
5.270936965942383,1
5.174540996551514,1
5.181850433349609,1
5.357325077056885,1
5.236323356628418,1
5.225519180297852,1
5.349316120147705,1
5.287184715270996,1
5.358269214630127,1
5.278702735900879,1
5.180702209472656,1
5.314567565917969,1
5.288084030151367,1
5.340798377990723,1
5.256277084350586,1
5.149542808532715,1
5.230978965759277,1
5.288741588592529,1
5.325910568237305,1
5.16140079498291,1
5.252776145935059,1
5.266640663146973,1
5.248533248901367,1
5.230476379394531,1
5.3184709548950195,1
5.21223258972168,1
5.2165679931640625,1
5.248650074005127,1
5.265532493591309,1
5.186613082885742,1
5.198516368865967,1
5.247176170349121,1
5.223854064941406,1
5.216038227081299,1
5.3395795822143555,1
5.159319877624512,1
5.299093246459961,1
5.2165846824646,1
5.227846622467041,1
5.233081817626953,1
5.3536200523376465,1
5.297259330749512,1
5.272407054901123,1
5.157837390899658,1
5.257298946380615,1
5.269765853881836,1
5.276894569396973,1
5.148737907409668,1
5.257250785827637,1
5.252964973449707,1
5.163974285125732,1
5.27524995803833,1
5.2079572677612305,1
5.216807842254639,1
5.193583965301514,1
5.22645902633667,1
5.278082370758057,1
5.214314937591553,1
5.178955078125,1
5.152557373046875,1
5.287483215332031,1
5.230426788330078,1
5.2587127685546875,1
5.189185619354248,1
5.224344730377197,1
5.272961616516113,1
5.23990535736084,1
5.166573524475098,1
5.19495964050293,1
5.21092414855957,1
5.335977554321289,1
5.29949951171875,1
5.259068012237549,1
5.226312160491943,1
5.254132270812988,1
5.237912178039551,1
5.230647087097168,1
5.23763370513916,1
5.271743297576904,1
5.295170783996582,1
5.221435546875,1
5.266879081726074,1
5.227362155914307,1
5.223685264587402,1
5.173046112060547,1
5.249667644500732,1
5.236135482788086,1
5.180434226989746,1
5.114872932434082,1
5.259613513946533,1
5.196648597717285,1
5.2855305671691895,1
5.209807872772217,1
5.234760284423828,1
5.189240455627441,1
5.294618606567383,1
5.230630397796631,1
5.293684482574463,1
5.159430503845215,1
5.2229108810424805,1
5.260566711425781,1
5.178156852722168,1
5.245979309082031,1
5.238095283508301,1
5.250030517578125,1
5.1727824211120605,1
5.247699737548828,1
5.263586044311523,1
5.222289562225342,1
5.264286518096924,1
5.1456146240234375,1
5.21767520904541,1
5.20039176940918,1
5.279204368591309,1
5.203088760375977,1
5.214290618896484,1
5.34417200088501,1
5.262619972229004,1
5.325389862060547,1
5.309762954711914,1
5.231939315795898,1
5.263087272644043,1
5.310740947723389,1
5.208642959594727,1
5.194308280944824,1
5.394026279449463,1
5.182255268096924,1
5.212690353393555,1
5.297143936157227,1
5.181947708129883,1
5.24043083190918,1
5.269900321960449,1
5.246020793914795,1
5.265347480773926,1
5.29299259185791,1
5.19489860534668,1
5.300865173339844,1
5.23358678817749,1
5.197599411010742,1
5.240817070007324,1
5.151735305786133,1
5.260924339294434,1
5.219446182250977,1
5.240969657897949,1
5.300722122192383,1
5.247199058532715,1
5.2280964851379395,1
5.204714298248291,1
5.19014835357666,1
5.298591613769531,1
5.282636642456055,1
5.215993404388428,1
5.208761215209961,1
5.233036518096924,1
5.196198463439941,1
5.186861991882324,1
5.26314640045166,1
5.215885639190674,1
5.224917411804199,1
5.197713375091553,1
5.112860679626465,1
5.262880325317383,1
5.237028121948242,1
5.219887733459473,1
5.198547840118408,1
5.343034744262695,1
5.304333686828613,1
5.241490364074707,1
5.297364234924316,1
5.138710975646973,1
5.181997299194336,1
5.178324222564697,1
5.259289264678955,1
5.278350353240967,1
5.268552780151367,1
5.232491493225098,1
5.266599655151367,1
5.2567596435546875,1
5.293269634246826,1
5.336191177368164,1
5.386735916137695,1
5.211843490600586,1
5.35839319229126,1
5.193082332611084,1
5.323520183563232,1
5.2320990562438965,1
5.24709415435791,1
5.142655372619629,1
5.149554252624512,1
5.285234451293945,1
5.225656032562256,1
5.260881423950195,1
5.228713035583496,1
5.23551082611084,1
5.245540618896484,1
5.150631904602051,1
5.212822914123535,1
5.248079299926758,1
5.1408915519714355,1
5.279290199279785,1
5.261068344116211,1
5.413568496704102,1
5.282374382019043,1
5.249568939208984,1
5.192142009735107,1
5.260529518127441,1
5.307888984680176,1
5.236397743225098,1
5.267102241516113,1
5.253257751464844,1
5.250054359436035,1
5.270875930786133,1
5.214717864990234,1
5.294118404388428,1
5.174565315246582,1
5.300501823425293,1
5.214829444885254,1
5.2680253982543945,1
5.262006759643555,1
5.240572452545166,1
5.253779411315918,1
5.287256240844727,1
5.248346328735352,1
5.226820945739746,1
5.178485870361328,1
5.246081829071045,1
5.386378288269043,1
5.250720500946045,1
5.328385353088379,1
5.18491268157959,1
5.2836761474609375,1
5.209258079528809,1
5.260692119598389,1
5.20837926864624,1
5.265613079071045,1
5.2548112869262695,1
5.269552707672119,1
5.229257583618164,1
5.287520408630371,1
5.280060291290283,1
5.343976974487305,1
5.171931743621826,1
5.176723957061768,1
5.270147323608398,1
5.242829322814941,1
5.253976345062256,1
5.23781681060791,1
5.28801965713501,1
5.202498912811279,1
5.254924774169922,1
5.1996026039123535,1
5.288056373596191,1
5.264265537261963,1
5.196406364440918,1
5.3246541023254395,1
5.241095066070557,1
5.210392951965332,1
5.274975776672363,1
5.18309211730957,1
5.253878593444824,1
5.258828163146973,1
5.260344982147217,1
5.304233551025391,1
5.234899044036865,1
5.261257171630859,1
5.189361572265625,1
5.282618045806885,1
5.251906394958496,1
5.310041904449463,1
5.278434753417969,1
5.262214183807373,1
5.205484867095947,1
5.324660301208496,1
5.188238620758057,1
5.225994110107422,1
5.314608097076416,1
5.209563732147217,1
5.20792293548584,1
5.24100399017334,1
5.23008918762207,1
5.284783363342285,1
5.242205619812012,1
5.356919288635254,1
5.288150787353516,1
5.205120086669922,1
5.108420372009277,1
5.247891902923584,1
5.169908046722412,1
5.239736557006836,1
5.292351722717285,1
5.299532890319824,1
5.300092697143555,1
5.2356462478637695,1
5.296333312988281,1
5.36214542388916,1
5.259352207183838,1
5.251830101013184,1
5.225274085998535,1
5.323694705963135,1
5.182879447937012,1
5.224626541137695,1
5.329754829406738,1
5.293980598449707,1
5.129533767700195,1
5.29478645324707,1
5.185732364654541,1
5.369319438934326,1
5.26301908493042,1
5.235091209411621,1
5.333905220031738,1
5.214138507843018,1
5.236758232116699,1
5.201947212219238,1
5.310572624206543,1
5.258328437805176,1
5.251155853271484,1
5.208148956298828,1
5.223990440368652,1
5.199350357055664,1
5.257693290710449,1
5.19907808303833,1
5.22830867767334,1
5.242264747619629,1
5.240117073059082,1
5.18367862701416,1
5.171078681945801,1
5.294721603393555,1
5.227653503417969,1
5.371276378631592,1
5.268271446228027,1
5.206678867340088,1
5.170085906982422,1
5.265942573547363,1
5.1838836669921875,1
5.249256610870361,1
5.230983734130859,1
5.22340202331543,1
5.281703472137451,1
5.192441463470459,1
5.223036766052246,1
5.2876877784729,1
5.287402629852295,1
5.219808578491211,1
5.22711181640625,1
5.204308032989502,1
5.240904808044434,1
5.237340450286865,1
5.274993419647217,1
5.236011505126953,1
5.156167030334473,1
5.151482582092285,1
5.217398643493652,1
5.295106410980225,1
5.2363739013671875,1
5.368791580200195,1
5.223583221435547,1
5.280611038208008,1
5.3021135330200195,1
5.128859519958496,1
5.258576393127441,1
5.247242450714111,1
5.249425888061523,1
5.221916198730469,1
5.309230327606201,1
5.210631370544434,1
5.204662322998047,1
5.317331314086914,1
5.188109397888184,1
5.241144180297852,1
5.282666206359863,1
5.221611022949219,1
5.240796089172363,1
5.134626388549805,1
5.148580074310303,1
5.2070631980896,1
5.281414985656738,1
5.327278137207031,1
5.244765758514404,1
5.293371200561523,1
5.232572555541992,1
5.192113876342773,1
5.22760009765625,1
5.248664855957031,1
5.195672988891602,1
5.2802886962890625,1
5.266101360321045,1
5.370541095733643,1
5.256915092468262,1
5.209842681884766,1
5.223376274108887,1
5.289612770080566,1
5.231105804443359,1
5.350198745727539,1
5.250516414642334,1
5.194795608520508,1
5.157469272613525,1
5.270580291748047,1
5.230857849121094,1
5.269581317901611,1
5.272639274597168,1
5.393284797668457,1
5.229457378387451,1
5.261937618255615,1
5.262767791748047,1
5.221260070800781,1
5.2320427894592285,1
5.250936985015869,1
5.256258964538574,1
5.225762367248535,1
5.30596399307251,1
5.266782283782959,1
5.162748336791992,1
5.194849967956543,1
5.3818464279174805,1
5.1931023597717285,1
5.330916404724121,1
5.250543594360352,1
5.31141996383667,1
5.2813005447387695,1
5.256420135498047,1
5.286600112915039,1
5.213687419891357,1
5.293643474578857,1
5.232583999633789,1
5.291192531585693,1
5.26341438293457,1
5.282601356506348,1
5.1964030265808105,1
5.196384429931641,1
5.2305474281311035,1
5.202643394470215,1
5.2518720626831055,1
5.22967529296875,1
5.26771879196167,1
5.174464225769043,1
5.260002613067627,1
5.194358825683594,1
5.249278545379639,1
5.195822715759277,1
5.339367389678955,1
5.296450614929199,1
5.251120567321777,1
5.260315418243408,1
5.245192527770996,1
5.17128324508667,1
5.256980895996094,1
5.222036361694336,1
5.359966278076172,1
5.227166652679443,1
5.29508113861084,1
5.187100410461426,1
5.25440788269043,1
5.2770586013793945,1
5.21114444732666,1
5.135753631591797,1
5.229296684265137,1
5.231328964233398,1
5.1792473793029785,1
5.298625946044922,1
5.189022064208984,1
5.236586570739746,1
5.176709175109863,1
5.223339080810547,1
5.200235366821289,1
5.286576271057129,1
5.262104034423828,1
5.231684684753418,1
5.242530822753906,1
5.19534969329834,1
5.232274055480957,1
5.241364479064941,1
5.217150688171387,1
5.2583465576171875,1
5.16363525390625,1
5.2503790855407715,1
5.2422590255737305,1
5.128370761871338,1
5.275754928588867,1
5.302863121032715,1
5.258932113647461,1
5.2515363693237305,1
5.142299652099609,1
5.3744988441467285,1
5.211727142333984,1
5.345339298248291,1
5.231204509735107,1
5.228493690490723,1
5.288793563842773,1
5.2229390144348145,1
5.214722633361816,1
5.255303382873535,1
5.2715911865234375,1
5.226966857910156,1
5.238029479980469,1
5.197930812835693,1
5.231913089752197,1
5.253863334655762,1
5.2138776779174805,1
5.165596008300781,1
5.295979022979736,1
5.254055976867676,1
5.154845237731934,1
5.204177379608154,1
5.161076068878174,1
5.222377300262451,1
5.252462387084961,1
5.306504249572754,1
5.182014465332031,1
5.181707382202148,1
5.174109935760498,1
5.2149505615234375,1
5.346858978271484,1
5.2176995277404785,1
5.2754225730896,1
5.315505027770996,1
5.188058853149414,1
5.2784624099731445,1
5.30272102355957,1
5.289421081542969,1
5.252452850341797,1
5.269015789031982,1
5.215723037719727,1
5.193047523498535,1
5.189854145050049,1
5.313073635101318,1
5.2772440910339355,1
5.234404563903809,1
5.237396717071533,1
5.265286445617676,1
5.279636859893799,1
5.216269493103027,1
5.24838924407959,1
5.204524993896484,1
5.281039714813232,1
5.200028419494629,1
5.3608012199401855,1
5.21589469909668,1
5.389324188232422,1
5.201253414154053,1
5.154528617858887,1
5.238699913024902,1
5.267029762268066,1
5.2709221839904785,1
5.150492191314697,1
5.168813705444336,1
5.165590286254883,1
5.257242202758789,1
5.1675705909729,1
5.264834403991699,1
5.251116752624512,1
5.163938045501709,1
5.269631862640381,1
5.1705474853515625,1
5.226801872253418,1
5.28488302230835,1
5.239004611968994,1
5.286334037780762,1
5.286526679992676,1
5.248892307281494,1
5.180353164672852,1
5.288717269897461,1
5.238090991973877,1
5.210880279541016,1
5.250652313232422,1
5.27379846572876,1
5.243253707885742,1
5.227025985717773,1
5.229991912841797,1
5.1322021484375,1
5.193119049072266,1
5.32564640045166,1
5.220749855041504,1
5.210072040557861,1
5.2288336753845215,1
5.2622270584106445,1
5.2949442863464355,1
5.255797386169434,1
5.3476715087890625,1
5.236100673675537,1
5.2113189697265625,1
5.219549179077148,1
5.205196857452393,1
5.321895599365234,1
5.282989025115967,1
5.297615051269531,1
5.2336907386779785,1
5.2496819496154785,1
5.200893402099609,1
5.180332183837891,1
5.246537685394287,1
5.204405784606934,1
5.285090446472168,1
5.286460876464844,1
5.254210472106934,1
5.206301689147949,1
5.174769401550293,1
5.28989315032959,1
5.26806640625,1
5.22752571105957,1
5.191989421844482,1
5.304269790649414,1
5.185213088989258,1
5.153951168060303,1
5.122921466827393,1
5.1891984939575195,1
5.193397521972656,1
5.352996349334717,1
5.224555015563965,1
5.311820983886719,1
5.32935094833374,1
5.208560943603516,1
5.307374000549316,1
5.205475807189941,1
5.195381164550781,1
5.238504409790039,1
5.265848159790039,1
5.252413749694824,1
5.224567413330078,1
5.242860794067383,1
5.232823371887207,1
5.175922393798828,1
5.190278053283691,1
5.20145320892334,1
5.265659332275391,1
5.24372673034668,1
5.328996658325195,1
5.185601234436035,1
5.174090385437012,1
5.2582316398620605,1
5.224613666534424,1
5.228237152099609,1
5.315515518188477,1
5.1610541343688965,1
5.162945747375488,1
5.292056083679199,1
5.15872049331665,1
5.319788455963135,1
5.266517639160156,1
5.131802082061768,1
5.218832969665527,1
5.296625137329102,1
5.2283549308776855,1
5.278944969177246,1
5.161332607269287,1
5.275339126586914,1
5.1833343505859375,1
5.275742530822754,1
5.239187240600586,1
5.201755523681641,1
5.154682159423828,1
5.283814907073975,1
5.30643367767334,1
5.336970329284668,1
5.21392822265625,1
5.209846496582031,1
5.1852617263793945,1
5.202434539794922,1
5.270398139953613,1
5.265409469604492,1
5.3029584884643555,1
5.200521469116211,1
5.224328994750977,1
5.261914253234863,1
5.222677230834961,1
5.228296756744385,1
5.222476959228516,1
5.220482349395752,1
5.191532135009766,1
5.216580390930176,1
5.272026062011719,1
5.233811378479004,1
5.214848041534424,1
5.225372314453125,1
5.168427467346191,1
5.260736465454102,1
5.223520278930664,1
5.273036003112793,1
5.25960111618042,1
5.244256019592285,1
5.209515571594238,1
5.200424671173096,1
5.1947340965271,1
5.260530471801758,1
5.18262243270874,1
5.258613586425781,1
5.311334609985352,1
5.249491214752197,1
5.1949687004089355,1
5.274337291717529,1
5.304347515106201,1
5.282546043395996,1
5.203546524047852,1
5.235381126403809,1
5.254604339599609,1
5.211646556854248,1
5.267718315124512,1
5.2177886962890625,1
5.19583797454834,1
5.317084312438965,1
5.290894985198975,1
5.200376987457275,1
5.132586479187012,1
5.280357837677002,1
5.2320709228515625,1
5.116040229797363,1
5.2812933921813965,1
5.257223129272461,1
5.202598571777344,1
5.240152359008789,1
5.310842037200928,1
5.296130180358887,1
5.22792387008667,1
5.271435260772705,1
5.340536117553711,1
5.228214263916016,1
5.232989311218262,1
5.268618583679199,1
5.2395830154418945,1
5.186497688293457,1
5.173162937164307,1
5.152339935302734,1
5.208271026611328,1
5.319417953491211,1
5.194088459014893,1
5.25693941116333,1
5.317414283752441,1
5.217741966247559,1
5.331870079040527,1
5.149867057800293,1
5.238532066345215,1
5.199634552001953,1
5.169949054718018,1
5.225839138031006,1
5.260272026062012,1
5.263843536376953,1
5.198024272918701,1
5.283977508544922,1
5.245650291442871,1
5.239418983459473,1
5.19276237487793,1
5.269403457641602,1
5.237312316894531,1
5.284731864929199,1
5.163557052612305,1
5.284851551055908,1
5.197856426239014,1
5.276058673858643,1
5.226223945617676,1
5.163999557495117,1
5.192901611328125,1
5.218410491943359,1
5.178714752197266,1
5.287987232208252,1
5.253588676452637,1
5.192503452301025,1
5.145323753356934,1
5.1306257247924805,1
5.196994781494141,1
5.1468706130981445,1
5.241805076599121,1
5.2452473640441895,1
5.303640842437744,1
5.1669769287109375,1
5.169702529907227,1
5.2760090827941895,1
5.232666969299316,1
5.265754699707031,1
5.242547988891602,1
5.207106113433838,1
5.232796669006348,1
5.272455215454102,1
5.199175834655762,1
5.1890034675598145,1
5.262403964996338,1
5.202282905578613,1
5.266550064086914,1
5.230141639709473,1
5.247001647949219,1
5.1989030838012695,1
5.1949286460876465,1
5.174282073974609,1
5.1894211769104,1
5.333725929260254,1
5.311897277832031,1
5.195730209350586,1
5.219278335571289,1
5.227321147918701,1
5.399288177490234,1
5.40269660949707,1
5.251720428466797,1
5.184150695800781,1
5.2371416091918945,1
5.271099090576172,1
5.202110290527344,1
5.224375247955322,1
5.265000343322754,1
5.215173721313477,1
5.248442649841309,1
5.161921977996826,1
5.142244338989258,1
5.327754497528076,1
5.275417327880859,1
5.300487518310547,1
5.166511058807373,1
5.242597579956055,1
5.220685005187988,1
5.152425765991211,1
5.253048896789551,1
5.2198805809021,1
5.356409549713135,1
5.278223991394043,1
5.211360931396484,1
5.323692321777344,1
5.265388011932373,1
5.1179070472717285,1
5.194438934326172,1
5.262103080749512,1
5.173154354095459,1
5.277009010314941,1
5.299056053161621,1
5.230517864227295,1
5.261203765869141,1
5.30776309967041,1
5.252194404602051,1
5.185153007507324,1
5.311676025390625,1
5.123859882354736,1
5.26037073135376,1
5.2682671546936035,1
5.210939407348633,1
5.210413455963135,1
5.198197364807129,1
5.182448387145996,1
5.2879414558410645,1
5.235668182373047,1
5.152285575866699,1
5.169985294342041,1
5.328348159790039,1
5.142871856689453,1
5.1902875900268555,1
5.280129432678223,1
5.259866237640381,1
5.261200428009033,1
5.280162334442139,1
5.400979995727539,1
5.307610988616943,1
5.157915115356445,1
5.372304439544678,1
5.238936901092529,1
5.214381694793701,1
5.3504509925842285,1
5.194007873535156,1
5.273564338684082,1
5.295635223388672,1
5.20062780380249,1
5.241458892822266,1
5.2066216468811035,1
5.199140548706055,1
5.212395668029785,1
5.208881378173828,1
5.2950005531311035,1
5.298279285430908,1
5.144328594207764,1
5.254798889160156,1
5.185765266418457,1
5.165924549102783,1
5.2132463455200195,1
5.276498794555664,1
5.256801605224609,1
5.172632217407227,1
5.19575309753418,1
5.240139961242676,1
5.268848896026611,1
5.19771146774292,1
5.317689895629883,1
5.248502731323242,1
5.231071472167969,1
5.183841705322266,1
5.249579429626465,1
5.288110256195068,1
5.227983474731445,1
5.205702304840088,1
5.2289228439331055,1
5.273394584655762,1
5.230257034301758,1
5.157989501953125,1
5.263150215148926,1
5.332706928253174,1
5.253084182739258,1
5.201951026916504,1
5.2706403732299805,1
5.191471099853516,1
5.286533355712891,1
5.298684597015381,1
5.239034175872803,1
5.231622219085693,1
5.149443626403809,1
5.219788074493408,1
5.274173736572266,1
5.231982231140137,1
5.2085723876953125,1
5.205718040466309,1
5.18992805480957,1
5.1991376876831055,1
5.1570329666137695,1
5.259965896606445,1
5.314444541931152,1
5.264309883117676,1
5.253675937652588,1
5.197360992431641,1
5.178561687469482,1
5.407833576202393,1
5.302281379699707,1
5.243818283081055,1
5.21556282043457,1
5.190467357635498,1
5.316187381744385,1
5.179652214050293,1
5.226151943206787,1
5.123392105102539,1
5.238213062286377,1
5.2427778244018555,1
5.281638145446777,1
5.275760650634766,1
5.241859436035156,1
5.180920600891113,1
5.225539207458496,1
5.278038501739502,1
5.269789218902588,1
5.35924768447876,1
