3.1127679347991943,1
2.8585970401763916,1
2.51324462890625,1
2.887463331222534,1
3.7595109939575195,1
2.677175998687744,1
2.399661064147949,1
3.733346939086914,1
3.1557023525238037,1
2.6518759727478027,1
3.4681010246276855,1
3.6056313514709473,1
3.1459457874298096,1
3.410975217819214,1
2.594337224960327,1
2.899928569793701,1
2.921751022338867,1
2.737323760986328,1
2.699737548828125,1
3.174537420272827,1
2.2352423667907715,1
2.7054765224456787,1
3.0627365112304688,1
3.172255754470825,1
2.4323172569274902,1
2.473182201385498,1
3.2906460762023926,1
3.1926960945129395,1
2.8354454040527344,1
3.0068087577819824,1
2.9788713455200195,1
3.2679364681243896,1
2.7811408042907715,1
2.8633832931518555,1
3.0504252910614014,1
3.5269150733947754,1
3.2831878662109375,1
3.0193376541137695,1
3.1990575790405273,1
3.1395840644836426,1
3.6360085010528564,1
3.1690759658813477,1
3.4060769081115723,1
2.679201602935791,1
3.5305943489074707,1
2.787961483001709,1
3.337406635284424,1
2.7291364669799805,1
2.561791181564331,1
2.403015375137329,1
2.4267358779907227,1
3.2238845825195313,1
3.140453815460205,1
3.1116926670074463,1
3.924973487854004,1
3.965946912765503,1
3.6618635654449463,1
3.5541534423828125,1
3.371751308441162,1
3.0983171463012695,1
3.4180588722229004,1
3.339770555496216,1
3.295954942703247,1
4.060362339019775,1
2.900420665740967,1
3.1836702823638916,1
3.0078444480895996,1
2.9044880867004395,1
2.854508399963379,1
3.049801826477051,1
3.10261869430542,1
2.9405736923217773,1
2.2927660942077637,1
3.4747366905212402,1
2.7066750526428223,1
3.040687084197998,1
2.996919631958008,1
2.9843549728393555,1
3.2071280479431152,1
2.5160632133483887,1
4.080574035644531,1
3.1599254608154297,1
3.075202465057373,1
2.3385555744171143,1
3.2468199729919434,1
3.0387942790985107,1
3.0724668502807617,1
3.591891288757324,1
2.320343017578125,1
2.3551974296569824,1
3.1020290851593018,1
3.279933214187622,1
2.936884641647339,1
2.715710163116455,1
2.4734528064727783,1
2.9088709354400635,1
2.886183261871338,1
2.40059494972229,1
2.7541086673736572,1
2.711982250213623,1
3.240462064743042,1
3.050544023513794,1
3.3695597648620605,1
2.272714138031006,1
3.240772247314453,1
4.43477725982666,1
3.5375170707702637,1
3.4181623458862305,1
3.7303731441497803,1
3.4358608722686768,1
2.8879852294921875,1
2.476609468460083,1
3.1799278259277344,1
3.5266687870025635,1
3.340456485748291,1
3.504002094268799,1
3.63601016998291,1
3.501850128173828,1
3.7711262702941895,1
3.4583547115325928,1
3.594984531402588,1
4.169899940490723,1
4.034982681274414,1
3.893609046936035,1
3.7972607612609863,1
3.942934513092041,1
4.765057563781738,1
4.378001689910889,1
4.196392059326172,1
4.16300630569458,1
2.9140491485595703,1
3.3040008544921875,1
3.72347092628479,1
3.5167932510375977,1
3.7952706813812256,1
3.5926060676574707,1
4.3454790115356445,1
3.7111659049987793,1
3.588175058364868,1
3.8578755855560303,1
3.032285690307617,1
3.4484310150146484,1
3.3711609840393066,1
3.8105669021606445,1
3.322019577026367,1
3.000535249710083,1
3.0955119132995605,1
2.6604435443878174,1
3.415024757385254,1
3.571216583251953,1
3.2198281288146973,1
3.529478073120117,1
3.0912513732910156,1
2.425686836242676,1
2.928833246231079,1
2.3957653045654297,1
2.4926681518554688,1
2.906696081161499,1
3.024078845977783,1
3.3022310733795166,1
2.8159422874450684,1
2.811375141143799,1
2.7462897300720215,1
3.1720666885375977,1
4.121739387512207,1
2.6090283393859863,1
3.1778461933135986,1
3.0196452140808105,1
3.038259983062744,1
3.5763087272644043,1
2.9203734397888184,1
3.8968660831451416,1
3.2236104011535645,1
2.5174622535705566,1
3.519571542739868,1
3.7237467765808105,1
3.8574297428131104,1
2.870058059692383,1
3.0751519203186035,1
2.955510139465332,1
3.158970832824707,1
3.1843464374542236,1
3.2695016860961914,1
3.7446279525756836,1
3.9880335330963135,1
3.544506549835205,1
3.653275966644287,1
3.4002320766448975,1
2.7301082611083984,1
3.414062261581421,1
3.311755657196045,1
3.89933443069458,1
2.96700382232666,1
3.342245101928711,1
5.054936408996582,1
4.569279670715332,1
2.6640257835388184,1
3.0838088989257813,1
3.381267786026001,1
4.59782600402832,1
3.1922855377197266,1
3.204949140548706,1
3.120000123977661,1
3.7227706909179688,1
3.013413906097412,1
2.6296088695526123,1
3.4463613033294678,1
4.6545209884643555,1
3.3529911041259766,1
2.7512731552124023,1
2.1654956340789795,1
4.030970573425293,1
2.577691078186035,1
3.022505283355713,1
3.4445018768310547,1
2.6894595623016357,1
2.6801838874816895,1
3.400364637374878,1
3.7731714248657227,1
3.3541197776794434,1
3.4678573608398438,1
2.5946285724639893,1
2.802690029144287,1
2.8728315830230713,1
4.534032821655273,1
3.8430893421173096,1
3.8591113090515137,1
3.5672855377197266,1
4.122384071350098,1
3.6179518699645996,1
3.8779256343841553,1
3.893369674682617,1
3.0898663997650146,1
4.398680686950684,1
4.433958530426025,1
3.6520302295684814,1
2.9670767784118652,1
2.8655834197998047,1
2.749922275543213,1
3.2466440200805664,1
2.6016135215759277,1
3.223928213119507,1
2.45889949798584,1
2.758059024810791,1
3.3011207580566406,1
3.5473647117614746,1
3.399980068206787,1
3.472594738006592,1
3.052032470703125,1
3.792618989944458,1
3.0389633178710938,1
4.6249165534973145,1
3.736259937286377,1
4.547562599182129,1
3.6340489387512207,1
3.1552841663360596,1
3.960507392883301,1
4.029313087463379,1
3.89247727394104,1
3.2389111518859863,1
3.827418327331543,1
3.026651620864868,1
3.534660816192627,1
4.4018049240112305,1
3.0988197326660156,1
3.157150983810425,1
3.107475519180298,1
3.3299193382263184,1
4.280730247497559,1
3.298989772796631,1
3.174117088317871,1
4.405002593994141,1
4.008612632751465,1
3.5804059505462646,1
3.240337610244751,1
3.8381152153015137,1
3.1670827865600586,1
2.9696884155273438,1
3.0598902702331543,1
3.678849697113037,1
3.241757869720459,1
3.6363534927368164,1
3.7168784141540527,1
4.019520282745361,1
3.4921181201934814,1
3.092155694961548,1
4.303769111633301,1
3.345116376876831,1
3.177884340286255,1
3.61887788772583,1
4.341038703918457,1
3.7552268505096436,1
3.4674949645996094,1
3.744837522506714,1
3.048600673675537,1
3.817674160003662,1
3.608494758605957,1
3.6639766693115234,1
3.028726816177368,1
3.160564422607422,1
3.404207229614258,1
3.7164783477783203,1
4.582562446594238,1
3.509272575378418,1
4.278477191925049,1
3.662693500518799,1
3.5599746704101563,1
3.920377492904663,1
4.252771854400635,1
3.768000602722168,1
5.700187683105469,1
3.9272947311401367,1
5.131721019744873,1
6.410091400146484,1
3.4263763427734375,1
3.7185850143432617,1
3.6382341384887695,1
4.033481121063232,1
3.268465518951416,1
2.520122528076172,1
3.375030040740967,1
3.3827571868896484,1
3.6073122024536133,1
4.388394355773926,1
2.7604126930236816,1
2.964343547821045,1
4.493348121643066,1
3.675567388534546,1
2.520881175994873,1
3.450155258178711,1
3.2776594161987305,1
3.814281702041626,1
4.137784481048584,1
3.138075351715088,1
2.8237733840942383,1
2.3600845336914063,1
2.4596800804138184,1
2.5016403198242188,1
2.928177833557129,1
2.7617554664611816,1
2.9108901023864746,1
2.7347567081451416,1
2.9505200386047363,1
3.832925796508789,1
3.2286083698272705,1
2.828011989593506,1
2.6828064918518066,1
3.769486427307129,1
3.406404495239258,1
2.5769639015197754,1
3.507295608520508,1
2.2897491455078125,1
3.007206916809082,1
3.4578561782836914,1
3.124039888381958,1
2.3299002647399902,1
3.158073902130127,1
3.0929317474365234,1
3.1574723720550537,1
3.144224166870117,1
3.1841628551483154,1
3.507559299468994,1
3.2431206703186035,1
2.8860208988189697,1
3.4338021278381348,1
3.3268473148345947,1
4.890233516693115,1
2.914762020111084,1
2.456516742706299,1
3.6115307807922363,1
3.9327619075775146,1
3.2722482681274414,1
3.0835959911346436,1
3.3398618698120117,1
3.1090574264526367,1
3.1051931381225586,1
3.199662685394287,1
2.9243698120117188,1
2.7356491088867188,1
3.112107515335083,1
3.0316781997680664,1
3.356170654296875,1
2.9469950199127197,1
2.4654858112335205,1
2.664912462234497,1
4.081769943237305,1
2.3303709030151367,1
2.8149421215057373,1
2.6261916160583496,1
5.152817726135254,1
5.355246067047119,1
3.7194230556488037,1
3.5243539810180664,1
3.55234694480896,1
3.398672580718994,1
4.1727776527404785,1
3.2857003211975098,1
4.106942176818848,1
3.4569928646087646,1
3.0284414291381836,1
3.134754180908203,1
3.2540643215179443,1
3.690598964691162,1
3.487691879272461,1
2.6086974143981934,1
3.017188310623169,1
3.090245485305786,1
3.686227798461914,1
3.9568674564361572,1
3.3135828971862793,1
3.1713428497314453,1
3.1323556900024414,1
3.259988307952881,1
2.718601703643799,1
2.5717697143554688,1
2.9471421241760254,1
3.0438666343688965,1
2.7747960090637207,1
1.9609806537628174,1
3.746607542037964,1
2.8523788452148438,1
2.69398832321167,1
2.984485149383545,1
3.42384672164917,1
3.0188846588134766,1
3.1073648929595947,1
3.0766713619232178,1
2.0503616333007813,1
3.232484817504883,1
2.791900396347046,1
3.0305886268615723,1
2.9176464080810547,1
3.3247244358062744,1
3.019228219985962,1
3.23264741897583,1
3.34442400932312,1
5.613770961761475,1
2.71315598487854,1
3.1541411876678467,1
2.868133783340454,1
3.3167343139648438,1
3.9233357906341553,1
2.499864339828491,1
3.2959280014038086,1
2.7494938373565674,1
3.230501174926758,1
3.4159412384033203,1
3.2493674755096436,1
5.810041904449463,1
3.5782675743103027,1
3.912444829940796,1
2.5795068740844727,1
3.042212963104248,1
3.77706241607666,1
3.5273661613464355,1
2.8813376426696777,1
3.219834804534912,1
3.5236213207244873,1
2.7445366382598877,1
3.2740707397460938,1
2.937321186065674,1
3.0411031246185303,1
3.1049108505249023,1
2.7401041984558105,1
2.94702410697937,1
2.5512282848358154,1
3.5974113941192627,1
3.2276487350463867,1
2.712462902069092,1
1.6896051168441772,1
3.519455671310425,1
2.8811283111572266,1
3.0694942474365234,1
2.918595314025879,1
2.796947479248047,1
2.868230104446411,1
3.5863475799560547,1
3.340904474258423,1
2.5530292987823486,1
2.660353899002075,1
4.085361957550049,1
2.726358652114868,1
2.957730531692505,1
2.950253486633301,1
3.2908217906951904,1
2.646204948425293,1
3.020874500274658,1
2.589625358581543,1
3.6194989681243896,1
2.929760456085205,1
3.053685426712036,1
3.1798181533813477,1
3.006486654281616,1
3.6258060932159424,1
2.634847640991211,1
3.0643668174743652,1
2.6977410316467285,1
3.319087266921997,1
2.759406566619873,1
3.32766056060791,1
2.842167377471924,1
3.716986656188965,1
2.9600753784179688,1
3.0174694061279297,1
3.3268847465515137,1
2.8921327590942383,1
2.878981113433838,1
2.794066905975342,1
4.133871078491211,1
3.809048652648926,1
3.6368942260742188,1
2.779917001724243,1
3.019243001937866,1
3.1130154132843018,1
2.8288421630859375,1
3.541879653930664,1
3.6187381744384766,1
3.4941539764404297,1
3.9172563552856445,1
3.444939613342285,1
3.531144618988037,1
2.2811102867126465,1
2.9634265899658203,1
2.8080015182495117,1
3.241307020187378,1
3.1991515159606934,1
2.3487191200256348,1
2.9400153160095215,1
2.8204445838928223,1
4.668950080871582,1
2.23195743560791,1
2.919792652130127,1
2.4427566528320313,1
3.1520888805389404,1
2.679677724838257,1
2.522566318511963,1
2.386308193206787,1
3.2350270748138428,1
3.530433416366577,1
3.506345748901367,1
2.8847084045410156,1
2.5425100326538086,1
3.0429160594940186,1
3.016268014907837,1
2.7636208534240723,1
2.880610466003418,1
3.134599447250366,1
3.342867374420166,1
2.8470818996429443,1
3.304523229598999,1
2.921816825866699,1
3.6020710468292236,1
2.927339553833008,1
3.910727024078369,1
2.983290672302246,1
2.231665849685669,1
2.934849739074707,1
3.2064895629882813,1
2.9535670280456543,1
3.123093843460083,1
2.752037525177002,1
3.563455104827881,1
3.7476093769073486,1
3.1552205085754395,1
3.7974777221679688,1
3.032820224761963,1
3.5002288818359375,1
2.545827627182007,1
3.0276994705200195,1
3.015763759613037,1
3.1275227069854736,1
2.788118362426758,1
3.3342761993408203,1
3.140721321105957,1
2.902113914489746,1
3.315242290496826,1
2.948448896408081,1
2.797837734222412,1
2.3999695777893066,1
4.179297924041748,1
2.884493589401245,1
2.9442176818847656,1
2.9307587146759033,1
2.8436388969421387,1
2.1913418769836426,1
2.726414680480957,1
2.6927387714385986,1
3.323030710220337,1
3.2967002391815186,1
3.321560859680176,1
3.4860148429870605,1
3.646860361099243,1
3.4341013431549072,1
2.7249598503112793,1
3.0486366748809814,1
2.3230044841766357,1
2.465930461883545,1
2.8006231784820557,1
2.9948458671569824,1
2.8997716903686523,1
2.9945530891418457,1
3.0615758895874023,1
3.127941131591797,1
2.604919672012329,1
3.3546195030212402,1
2.976466178894043,1
2.9376213550567627,1
2.896221160888672,1
2.649632453918457,1
3.241580009460449,1
3.0377633571624756,1
3.151427745819092,1
2.7978878021240234,1
5.539885520935059,1
3.9516797065734863,1
3.058364152908325,1
3.638869285583496,1
3.043334722518921,1
3.397020101547241,1
3.481409788131714,1
2.9897470474243164,1
2.7115213871002197,1
2.662261486053467,1
3.1859352588653564,1
3.119494915008545,1
3.335183620452881,1
3.1185452938079834,1
3.200855255126953,1
2.7483861446380615,1
2.68395733833313,1
3.5718741416931152,1
4.000861167907715,1
2.574855089187622,1
2.7659215927124023,1
2.543301582336426,1
3.2842836380004883,1
2.7070178985595703,1
2.452207088470459,1
3.49751615524292,1
2.3738107681274414,1
3.396733045578003,1
2.6033639907836914,1
3.1685733795166016,1
2.712277412414551,1
3.5676469802856445,1
3.081002950668335,1
2.7144124507904053,1
4.253482818603516,1
3.507552146911621,1
4.725246429443359,1
2.4102001190185547,1
2.649568557739258,1
2.8552913665771484,1
3.425747871398926,1
2.743769884109497,1
2.7645468711853027,1
4.004680633544922,1
2.917539596557617,1
2.898939609527588,1
2.9589767456054688,1
2.4275214672088623,1
3.168642282485962,1
2.4818100929260254,1
3.558140277862549,1
2.9864768981933594,1
2.1996874809265137,1
2.9338128566741943,1
2.4887642860412598,1
2.948516368865967,1
3.158370018005371,1
3.1059579849243164,1
2.9919939041137695,1
3.2918410301208496,1
4.585209369659424,1
3.1703858375549316,1
3.594865322113037,1
3.607356548309326,1
2.6556448936462402,1
2.9926226139068604,1
4.190778732299805,1
2.6253156661987305,1
3.1240124702453613,1
3.7160911560058594,1
4.659041404724121,1
4.001652717590332,1
3.3634324073791504,1
4.200534343719482,1
3.7320189476013184,1
3.225062131881714,1
3.0594482421875,1
3.341005325317383,1
5.232655048370361,1
3.7921600341796875,1
3.238283157348633,1
3.0483593940734863,1
3.157541513442993,1
3.449489116668701,1
4.4659833908081055,1
3.235067129135132,1
3.0560109615325928,1
3.1877074241638184,1
2.7992048263549805,1
2.9459261894226074,1
3.4093003273010254,1
3.914008140563965,1
3.394227981567383,1
3.165050506591797,1
3.08624529838562,1
2.993332624435425,1
3.7678990364074707,1
3.1729164123535156,1
3.725998878479004,1
3.129457712173462,1
3.6869170665740967,1
3.426769733428955,1
3.4372105598449707,1
3.2237937450408936,1
2.8569459915161133,1
2.585664987564087,1
3.1626639366149902,1
3.0252294540405273,1
3.117187023162842,1
2.696943521499634,1
2.8577888011932373,1
3.0513362884521484,1
2.5833308696746826,1
2.4147119522094727,1
3.5352418422698975,1
2.886941909790039,1
3.1284914016723633,1
2.2386741638183594,1
3.0685086250305176,1
2.5547518730163574,1
3.3353071212768555,1
2.5828685760498047,1
2.9280190467834473,1
2.6437230110168457,1
2.85831880569458,1
2.689601421356201,1
2.977476119995117,1
3.487643003463745,1
3.467217206954956,1
3.3774125576019287,1
2.715543508529663,1
3.958035945892334,1
3.106921672821045,1
3.0419468879699707,1
3.0700881481170654,1
3.0660195350646973,1
3.174356698989868,1
2.756990432739258,1
3.064627170562744,1
3.1121537685394287,1
2.9497809410095215,1
3.2508490085601807,1
2.910214424133301,1
2.3703372478485107,1
3.09102725982666,1
2.4330475330352783,1
3.821291446685791,1
3.400989055633545,1
2.8544671535491943,1
2.9509036540985107,1
3.128270149230957,1
3.0931286811828613,1
3.0568058490753174,1
2.6996946334838867,1
3.0633275508880615,1
3.3867921829223633,1
3.0366411209106445,1
2.8198165893554688,1
2.5147995948791504,1
2.6904773712158203,1
3.1330366134643555,1
3.5014748573303223,1
3.6116631031036377,1
3.7069385051727295,1
4.393651008605957,1
3.4878811836242676,1
3.367520809173584,1
2.6951050758361816,1
3.037550926208496,1
3.5739171504974365,1
3.0316617488861084,1
3.2216098308563232,1
2.619296073913574,1
2.6183078289031982,1
5.916676998138428,1
3.010732889175415,1
3.806540012359619,1
2.6820101737976074,1
4.608471870422363,1
3.6538126468658447,1
3.4463775157928467,1
2.904510498046875,1
2.5760231018066406,1
2.6725730895996094,1
3.3377420902252197,1
2.693552017211914,1
3.5119218826293945,1
3.27013897895813,1
3.49188232421875,1
2.843743324279785,1
3.211635112762451,1
2.968564033508301,1
2.0948381423950195,1
2.7487659454345703,1
3.095682144165039,1
3.1050093173980713,1
3.1518568992614746,1
2.5823428630828857,1
2.981065034866333,1
2.9559919834136963,1
2.752229690551758,1
4.137564659118652,1
3.4006905555725098,1
3.561339855194092,1
3.3959603309631348,1
2.430117130279541,1
3.6471333503723145,1
3.3486905097961426,1
3.1477723121643066,1
3.181976795196533,1
3.536482572555542,1
3.0812320709228516,1
2.815885543823242,1
4.4160051345825195,1
3.240370273590088,1
3.3967576026916504,1
3.000373363494873,1
2.7885570526123047,1
3.1380367279052734,1
2.8230011463165283,1
4.001656532287598,1
3.57633900642395,1
2.877284526824951,1
3.46372127532959,1
3.71284818649292,1
4.028953552246094,1
3.933497905731201,1
3.0762882232666016,1
2.680314302444458,1
3.5245275497436523,1
3.199223041534424,1
2.935464382171631,1
2.602022886276245,1
3.6590452194213867,1
3.427737236022949,1
3.127314805984497,1
2.923980236053467,1
3.6788787841796875,1
2.4626097679138184,1
2.2414608001708984,1
3.6647396087646484,1
3.1373934745788574,1
2.907658100128174,1
2.8258557319641113,1
3.189821720123291,1
2.907914876937866,1
3.103140354156494,1
2.8328728675842285,1
2.8517813682556152,1
3.205578327178955,1
3.1966824531555176,1
2.2783994674682617,1
3.8346681594848633,1
3.145432472229004,1
2.6761629581451416,1
2.625331401824951,1
3.0193653106689453,1
3.2760467529296875,1
3.676502227783203,1
3.112614631652832,1
2.776920795440674,1
2.3788628578186035,1
2.9707322120666504,1
2.86824369430542,1
2.7499685287475586,1
3.3747215270996094,1
4.675909996032715,1
3.272031307220459,1
2.78350830078125,1
3.6386027336120605,1
3.1568360328674316,1
3.1333374977111816,1
4.070092678070068,1
3.050823926925659,1
2.858503818511963,1
3.022277355194092,1
2.983614444732666,1
2.7704455852508545,1
2.6867239475250244,1
2.185671091079712,1
3.2680697441101074,1
3.333533763885498,1
3.136323928833008,1
2.7110462188720703,1
3.111701488494873,1
3.0136806964874268,1
2.817913770675659,1
2.782745122909546,1
2.7274680137634277,1
2.803251028060913,1
2.7477455139160156,1
2.7353200912475586,1
3.475210189819336,1
3.1087779998779297,1
3.3737854957580566,1
3.0381040573120117,1
3.091681718826294,1
2.6803317070007324,1
2.089266538619995,1
3.961601734161377,1
2.753648281097412,1
2.823899269104004,1
3.0477991104125977,1
2.4132492542266846,1
3.127445697784424,1
3.1423251628875732,1
2.660735607147217,1
2.387169361114502,1
3.1073496341705322,1
3.183074712753296,1
3.555337905883789,1
2.9105257987976074,1
2.9273159503936768,1
3.5840559005737305,1
3.16050386428833,1
2.4502010345458984,1
3.312828302383423,1
3.7146153450012207,1
3.687570095062256,1
3.1888179779052734,1
3.3922836780548096,1
3.950860023498535,1
3.248518466949463,1
3.2547988891601563,1
3.148554801940918,1
3.4625773429870605,1
3.945265769958496,1
4.601719856262207,1
3.865061044692993,1
3.402325391769409,1
5.576996803283691,1
3.9169023036956787,1
3.851191997528076,1
3.737987756729126,1
4.190394401550293,1
3.5342679023742676,1
3.265322208404541,1
3.821768283843994,1
3.4791579246520996,1
3.5168542861938477,1
3.531949758529663,1
2.753006935119629,1
3.10286808013916,1
3.5284652709960938,1
4.245711803436279,1
2.530932903289795,1
2.6758241653442383,1
2.784661054611206,1
2.6903610229492188,1
4.093315601348877,1
3.6118125915527344,1
2.679050922393799,1
3.2502026557922363,1
4.010873794555664,1
3.6212780475616455,1
2.867523193359375,1
3.137913703918457,1
3.46539306640625,1
3.0738048553466797,1
4.460047721862793,1
3.119898796081543,1
2.5789737701416016,1
3.1825249195098877,1
2.3311753273010254,1
2.557358980178833,1
2.6583914756774902,1
3.1681385040283203,1
2.4057459831237793,1
3.357982635498047,1
3.5287749767303467,1
2.1549277305603027,1
2.221461772918701,1
2.8241679668426514,1
2.4612042903900146,1
2.6081604957580566,1
2.5558323860168457,1
2.8834228515625,1
2.6162471771240234,1
2.890847682952881,1
2.7340686321258545,1
2.2577624320983887,1
3.117476463317871,1
3.0721068382263184,1
3.351412773132324,1
3.083808660507202,1
2.8638088703155518,1
2.735971689224243,1
2.843465805053711,1
2.872981071472168,1
2.9075965881347656,1
3.246446132659912,1
2.8847203254699707,1
3.507465362548828,1
3.0045392513275146,1
2.337153911590576,1
3.4647161960601807,1
2.9154317378997803,1
2.982227325439453,1
2.6970906257629395,1
3.757591962814331,1
3.029926061630249,1
2.8410139083862305,1
3.566375970840454,1
3.8693161010742188,1
3.388853073120117,1
4.283297538757324,1
3.2308425903320313,1
3.1383042335510254,1
3.5709385871887207,1
5.926589012145996,1
3.188093900680542,1
2.5228042602539063,1
5.267787933349609,1
3.5198798179626465,1
3.85091233253479,1
3.373908281326294,1
2.8552870750427246,1
3.259965658187866,1
3.1001672744750977,1
3.4219794273376465,1
2.717228412628174,1
3.509605884552002,1
3.0951650142669678,1
2.6954729557037354,1
3.415811061859131,1
3.5526771545410156,1
4.299179553985596,1
3.4887542724609375,1
2.743305206298828,1
2.8810110092163086,1
3.1056671142578125,1
2.9490017890930176,1
3.336397647857666,1
4.350617408752441,1
3.1597492694854736,1
3.5006229877471924,1
3.7456893920898438,1
3.780209541320801,1
3.1835598945617676,1
3.87308406829834,1
3.221719264984131,1
3.6724164485931396,1
3.7093095779418945,1
4.582494735717773,1
4.38793420791626,1
4.135159015655518,1
2.7464027404785156,1
2.1738462448120117,1
3.153867244720459,1
3.1181023120880127,1
3.084624767303467,1
3.9116463661193848,1
3.496427536010742,1
2.6415212154388428,1
2.914113759994507,1
3.257449150085449,1
2.713991165161133,1
3.0718483924865723,1
3.45737361907959,1
3.0044374465942383,1
3.125243902206421,1
2.8853611946105957,1
2.670602798461914,1
2.6922221183776855,1
3.4975595474243164,1
2.8840882778167725,1
3.2341058254241943,1
2.797943592071533,1
2.5746970176696777,1
2.5305840969085693,1
3.817883014678955,1
3.1307930946350098,1
2.6351776123046875,1
3.2058005332946777,1
3.3551857471466064,1
3.1474485397338867,1
3.0395724773406982,1
3.024763345718384,1
3.49758243560791,1
2.5642826557159424,1
2.3505735397338867,1
2.5246777534484863,1
3.424449920654297,1
3.84920334815979,1
3.8004565238952637,1
4.050915241241455,1
3.7168068885803223,1
2.872567653656006,1
3.2380471229553223,1
3.459988594055176,1
3.1161041259765625,1
3.585193634033203,1
2.7866573333740234,1
2.743288040161133,1
2.635284423828125,1
3.5373549461364746,1
2.9769468307495117,1
2.751311779022217,1
3.115518569946289,1
3.2757811546325684,1
3.5543160438537598,1
3.2271370887756348,1
3.020608901977539,1
3.5550904273986816,1
2.2708394527435303,1
2.354696273803711,1
3.5183191299438477,1
3.0986547470092773,1
3.1629958152770996,1
2.8320608139038086,1
2.799116849899292,1
2.775797128677368,1
2.6523547172546387,1
2.6992299556732178,1
2.594143867492676,1
2.90960955619812,1
2.9474539756774902,1
4.1489691734313965,1
3.188565492630005,1
3.472520351409912,1
3.443052053451538,1
3.7890830039978027,1
3.038691282272339,1
2.8500306606292725,1
3.6691505908966064,1
4.411332607269287,1
3.1275367736816406,1
3.9265754222869873,1
3.419276714324951,1
4.084808349609375,1
3.332491874694824,1
4.160323143005371,1
4.197846412658691,1
2.8346505165100098,1
4.576167583465576,1
4.441374778747559,1
4.528966426849365,1
4.250934600830078,1
4.6294169425964355,1
3.331103801727295,1
2.860488176345825,1
3.646085023880005,1
4.703665733337402,1
6.095670223236084,1
4.8220086097717285,1
4.042487144470215,1
4.100337028503418,1
3.059479236602783,1
3.536357879638672,1
4.582948684692383,1
4.102970600128174,1
4.223484992980957,1
3.781172513961792,1
4.087487697601318,1
3.2675328254699707,1
3.008728504180908,1
3.424790620803833,1
3.2805016040802,1
4.635101318359375,1
3.2756903171539307,1
3.1595029830932617,1
3.3878214359283447,1
2.9241626262664795,1
2.7014451026916504,1
3.007889986038208,1
2.8617866039276123,1
3.9136245250701904,1
2.9112493991851807,1
3.742990493774414,1
3.679002046585083,1
4.603774070739746,1
3.372363567352295,1
2.9583492279052734,1
2.6413960456848145,1
3.029850959777832,1
3.414073944091797,1
3.1673190593719482,1
2.709808349609375,1
2.8059005737304688,1
3.989729166030884,1
2.2910940647125244,1
3.160857677459717,1
2.9843523502349854,1
3.058408260345459,1
4.386776924133301,1
3.89540958404541,1
2.8187613487243652,1
3.630253791809082,1
3.864309072494507,1
4.231256484985352,1
3.0517125129699707,1
3.599982738494873,1
3.9444360733032227,1
3.2888669967651367,1
3.159547805786133,1
3.223545551300049,1
4.345479965209961,1
3.705207109451294,1
3.915961503982544,1
3.225236654281616,1
3.2617461681365967,1
3.4536314010620117,1
3.5720834732055664,1
3.6510846614837646,1
3.018136739730835,1
3.902003765106201,1
2.965616464614868,1
4.102315902709961,1
3.6105856895446777,1
3.265596866607666,1
4.289882183074951,1
3.5031533241271973,1
2.8895792961120605,1
3.183032512664795,1
3.39194917678833,1
3.1345090866088867,1
3.1925156116485596,1
3.6484363079071045,1
2.868473529815674,1
3.4253382682800293,1
3.183222532272339,1
3.0249390602111816,1
3.677828311920166,1
3.273602247238159,1
2.8218774795532227,1
2.667642116546631,1
3.530951976776123,1
3.7247982025146484,1
2.581042766571045,1
3.6902828216552734,1
3.2683064937591553,1
2.8912580013275146,1
2.682262897491455,1
3.3783438205718994,1
2.7285470962524414,1
3.615450382232666,1
2.801575183868408,1
3.427750587463379,1
3.531399965286255,1
2.9003052711486816,1
3.7989110946655273,1
4.037741184234619,1
2.7694530487060547,1
3.483241558074951,1
3.5537829399108887,1
3.0051941871643066,1
3.926607847213745,1
2.5551767349243164,1
3.000711441040039,1
3.609572410583496,1
3.229020595550537,1
2.9010417461395264,1
3.4094295501708984,1
2.912834644317627,1
3.198234796524048,1
2.6295862197875977,1
3.0531349182128906,1
3.39858078956604,1
4.041677474975586,1
3.7416324615478516,1
3.332751750946045,1
3.661102294921875,1
2.7897469997406006,1
2.750465154647827,1
2.8415842056274414,1
3.20823335647583,1
3.48698091506958,1
3.4977176189422607,1
3.38895320892334,1
2.843081474304199,1
2.980410099029541,1
3.6072542667388916,1
3.5281314849853516,1
3.7709121704101563,1
3.561649799346924,1
3.483001470565796,1
3.1752383708953857,1
3.2565693855285645,1
3.8115086555480957,1
3.3498411178588867,1
3.844359874725342,1
3.3390698432922363,1
3.9024930000305176,1
3.288715362548828,1
3.189326047897339,1
3.8492226600646973,1
3.3780527114868164,1
3.3236000537872314,1
3.8733227252960205,1
3.3726181983947754,1
2.8402581214904785,1
3.112308979034424,1
3.583810567855835,1
3.7208969593048096,1
2.840852737426758,1
3.885347366333008,1
3.2391715049743652,1
3.6151018142700195,1
3.177260398864746,1
3.605356216430664,1
3.801818609237671,1
3.122833728790283,1
3.7303335666656494,1
5.006535530090332,1
3.0225436687469482,1
2.971198081970215,1
3.2054545879364014,1
3.0608396530151367,1
3.681198835372925,1
3.9062633514404297,1
3.124302387237549,1
3.3527767658233643,1
3.4101943969726563,1
3.2618982791900635,1
3.504408836364746,1
3.1892528533935547,1
3.23685884475708,1
3.516066312789917,1
4.818393707275391,1
3.3337302207946777,1
2.9489998817443848,1
3.7383193969726563,1
3.366833209991455,1
3.673738718032837,1
3.0480000972747803,1
3.486741781234741,1
3.9871528148651123,1
2.7164950370788574,1
3.616560459136963,1
3.512578010559082,1
3.930544137954712,1
3.969395160675049,1
3.698838233947754,1
3.4256999492645264,1
3.627920150756836,1
2.9457173347473145,1
2.9567978382110596,1
3.0851778984069824,1
2.8390610218048096,1
3.9057013988494873,1
2.559329032897949,1
3.603705883026123,1
3.48378324508667,1
3.194544792175293,1
4.304253578186035,1
2.808065414428711,1
2.6960301399230957,1
2.9935104846954346,1
2.8649373054504395,1
3.0625534057617188,1
2.637603759765625,1
3.4230003356933594,1
2.7937822341918945,1
2.910254716873169,1
3.1580255031585693,1
2.7296090126037598,1
4.039400100708008,1
3.840348243713379,1
3.520254611968994,1
3.187127113342285,1
2.904888868331909,1
3.207923412322998,1
3.4391260147094727,1
3.309457778930664,1
2.553316116333008,1
3.8120784759521484,1
2.853026866912842,1
2.3914899826049805,1
2.8316283226013184,1
3.1552352905273438,1
2.63407039642334,1
3.3177967071533203,1
4.006603240966797,1
3.2044436931610107,1
2.80240535736084,1
3.8746726512908936,1
3.053100109100342,1
3.333930492401123,1
2.8312201499938965,1
2.996304988861084,1
3.0836358070373535,1
3.9647669792175293,1
3.442239999771118,1
3.900420665740967,1
3.6414077281951904,1
4.426132678985596,1
3.1676101684570313,1
3.814155340194702,1
3.426393985748291,1
3.78279447555542,1
4.385659694671631,1
3.4434547424316406,1
3.357240676879883,1
3.2962515354156494,1
3.644467830657959,1
4.168308258056641,1
3.6320724487304688,1
3.6100525856018066,1
3.1418027877807617,1
3.0175094604492188,1
3.2508749961853027,1
3.6870079040527344,1
3.4270968437194824,1
3.5807955265045166,1
4.098126411437988,1
3.275994300842285,1
3.470003128051758,1
3.657564163208008,1
3.5083937644958496,1
3.1706159114837646,1
2.9005141258239746,1
3.6686391830444336,1
3.7091846466064453,1
2.5475828647613525,1
3.7781615257263184,1
3.653665065765381,1
3.4833099842071533,1
2.868382453918457,1
3.140838623046875,1
3.6872119903564453,1
3.4629788398742676,1
2.9242966175079346,1
3.2996068000793457,1
3.457045555114746,1
2.2880630493164063,1
3.2319164276123047,1
5.661907196044922,1
3.531409740447998,1
4.254822731018066,1
3.0945749282836914,1
4.0428080558776855,1
3.702522039413452,1
3.5379767417907715,1
4.209996223449707,1
3.720306873321533,1
4.060947895050049,1
3.756380796432495,1
3.837524175643921,1
3.061396837234497,1
3.456613540649414,1
3.311103343963623,1
4.656473636627197,1
3.6550750732421875,1
3.5488271713256836,1
3.3977737426757813,1
3.679898738861084,1
3.921544313430786,1
3.7908802032470703,1
3.6865830421447754,1
3.9588139057159424,1
3.8258180618286133,1
4.585601806640625,1
3.185542583465576,1
3.2899084091186523,1
3.7902157306671143,1
2.5898962020874023,1
3.122737407684326,1
3.0119595527648926,1
3.4176549911499023,1
4.5982818603515625,1
3.8374552726745605,1
2.7184858322143555,1
2.6299519538879395,1
3.246748208999634,1
4.365270137786865,1
3.7772912979125977,1
3.514486789703369,1
4.233125686645508,1
2.8640780448913574,1
2.9573159217834473,1
3.4556820392608643,1
3.7988176345825195,1
3.312635898590088,1
3.715308666229248,1
4.549228191375732,1
2.866011142730713,1
3.2200915813446045,1
3.604763984680176,1
3.2470784187316895,1
4.312355995178223,1
3.3151631355285645,1
3.2261762619018555,1
4.071722030639648,1
3.7447023391723633,1
3.5251455307006836,1
2.9342637062072754,1
2.967256546020508,1
3.24061918258667,1
2.5330467224121094,1
3.32641863822937,1
3.134608745574951,1
3.2473185062408447,1
3.739790439605713,1
2.614392042160034,1
3.8346805572509766,1
3.4419775009155273,1
3.1136417388916016,1
3.645723342895508,1
3.3829994201660156,1
4.391003131866455,1
3.065211296081543,1
3.1381425857543945,1
3.2390341758728027,1
3.315998077392578,1
3.162198066711426,1
4.214015483856201,1
3.0319974422454834,1
3.238724708557129,1
3.297304630279541,1
3.533055305480957,1
3.3231961727142334,1
3.3581743240356445,1
3.6534345149993896,1
4.322978496551514,1
3.267514228820801,1
3.6316161155700684,1
3.262026309967041,1
2.4934115409851074,1
3.3935184478759766,1
3.6196680068969727,1
3.047435760498047,1
3.146087646484375,1
2.934859037399292,1
2.7279345989227295,1
3.4783530235290527,1
3.189556360244751,1
3.184023857116699,1
2.607278823852539,1
2.6670610904693604,1
3.697089672088623,1
3.5891470909118652,1
3.7032599449157715,1
4.318469047546387,1
3.839625120162964,1
3.1146111488342285,1
3.376927137374878,1
4.314663887023926,1
2.867525577545166,1
3.0817885398864746,1
4.328690052032471,1
3.6316089630126953,1
2.3286595344543457,1
3.4136576652526855,1
3.426628828048706,1
3.3904359340667725,1
3.1138758659362793,1
3.254201889038086,1
3.4563186168670654,1
2.8551344871520996,1
4.0074663162231445,1
2.9315147399902344,1
2.899797201156616,1
2.9387693405151367,1
2.950957775115967,1
3.1682331562042236,1
2.3323898315429688,1
3.3130011558532715,1
3.100633382797241,1
4.288796424865723,1
3.14785099029541,1
3.639641761779785,1
3.6670305728912354,1
4.310737609863281,1
3.6666126251220703,1
3.462150812149048,1
3.9702272415161133,1
3.0369386672973633,1
3.6476221084594727,1
3.026888370513916,1
4.125672817230225,1
3.368736743927002,1
2.6623423099517822,1
2.970776081085205,1
3.7683258056640625,1
4.167627334594727,1
3.5770349502563477,1
3.485990047454834,1
2.8874258995056152,1
3.190805435180664,1
3.019458055496216,1
3.222008228302002,1
3.3338003158569336,1
3.3430356979370117,1
3.294677257537842,1
2.9199671745300293,1
3.0548648834228516,1
3.2596726417541504,1
3.1188340187072754,1
3.237489938735962,1
4.101995468139648,1
3.274155616760254,1
3.1537814140319824,1
4.112893104553223,1
3.3504345417022705,1
2.741036891937256,1
3.2689132690429688,1
3.3113303184509277,1
3.5417098999023438,1
3.5944526195526123,1
3.4757964611053467,1
3.5166196823120117,1
2.980703115463257,1
4.3453803062438965,1
2.4570538997650146,1
3.83891224861145,1
2.9013755321502686,1
3.1656785011291504,1
3.201300621032715,1
3.586609125137329,1
5.411347389221191,1
3.259094715118408,1
3.8517751693725586,1
4.284085273742676,1
3.940727710723877,1
3.179047107696533,1
3.4092841148376465,1
2.9692182540893555,1
4.3219404220581055,1
3.32488751411438,1
4.835416793823242,1
3.8321309089660645,1
3.3744993209838867,1
3.4413421154022217,1
3.280733108520508,1
4.048373222351074,1
3.5730173587799072,1
3.5513806343078613,1
3.5051138401031494,1
4.022677421569824,1
4.05628776550293,1
4.369866371154785,1
4.456637859344482,1
4.323307991027832,1
3.685084819793701,1
3.5951647758483887,1
3.6441726684570313,1
6.2908782958984375,1
5.157866477966309,1
5.201862812042236,1
3.9463582038879395,1
3.7040152549743652,1
4.612210273742676,1
3.2269420623779297,1
3.9518818855285645,1
3.6740458011627197,1
3.4065349102020264,1
3.7137365341186523,1
3.6563339233398438,1
2.9579246044158936,1
3.4499435424804688,1
3.5035266876220703,1
3.6813406944274902,1
3.6792736053466797,1
3.5263454914093018,1
3.362985849380493,1
3.458005428314209,1
3.6768128871917725,1
2.7567338943481445,1
3.1661899089813232,1
3.0100951194763184,1
3.034526824951172,1
3.50620698928833,1
3.2770581245422363,1
2.9039487838745117,1
2.6519925594329834,1
3.8210511207580566,1
3.8205533027648926,1
3.6041598320007324,1
3.381232261657715,1
3.2839221954345703,1
2.9567999839782715,1
3.447683334350586,1
3.3199119567871094,1
3.0221495628356934,1
3.8144304752349854,1
4.090268135070801,1
3.5693297386169434,1
3.140918493270874,1
2.9524409770965576,1
2.9852592945098877,1
3.3983428478240967,1
3.7262754440307617,1
3.4932267665863037,1
3.6292872428894043,1
2.6057863235473633,1
4.2343010902404785,1
4.127843856811523,1
2.985579490661621,1
3.118236541748047,1
3.178142547607422,1
2.9557149410247803,1
3.7860970497131348,1
3.4229636192321777,1
3.542491912841797,1
3.690051555633545,1
3.2944815158843994,1
3.092153549194336,1
3.1464664936065674,1
3.5227837562561035,1
3.208446502685547,1
2.7941818237304688,1
3.128603935241699,1
3.374112367630005,1
3.4116711616516113,1
3.745868682861328,1
2.6633872985839844,1
3.3107972145080566,1
3.156151056289673,1
3.610076427459717,1
3.0539536476135254,1
3.0493199825286865,1
3.5296518802642822,1
3.109464168548584,1
3.3393633365631104,1
3.0081241130828857,1
2.7025129795074463,1
3.6524977684020996,1
3.375262498855591,1
3.2779598236083984,1
3.113525629043579,1
2.987936496734619,1
2.967967987060547,1
3.001443386077881,1
3.3532872200012207,1
4.411067485809326,1
3.636082172393799,1
3.368961811065674,1
3.118353843688965,1
2.779480457305908,1
3.021620988845825,1
2.872751235961914,1
3.4007515907287598,1
3.4820609092712402,1
3.713724136352539,1
4.022873401641846,1
3.2257893085479736,1
2.934694290161133,1
2.543851852416992,1
4.222282409667969,1
3.524022340774536,1
3.1106767654418945,1
3.1700384616851807,1
2.8270833492279053,1
3.167015314102173,1
2.8794829845428467,1
3.487175464630127,1
3.0934810638427734,1
2.71340274810791,1
3.0924625396728516,1
2.4893798828125,1
2.726707935333252,1
3.4278666973114014,1
2.773155689239502,1
3.3263843059539795,1
2.8225104808807373,1
3.35666561126709,1
2.8887264728546143,1
3.5574841499328613,1
3.5576939582824707,1
3.0413622856140137,1
3.186950206756592,1
2.956026792526245,1
3.313100814819336,1
3.282078742980957,1
3.0459213256835938,1
2.99139404296875,1
3.8587303161621094,1
3.19610595703125,1
3.4037961959838867,1
3.3952484130859375,1
3.2364797592163086,1
3.2448391914367676,1
3.277628183364868,1
4.112948417663574,1
2.97306489944458,1
4.232666969299316,1
3.127885341644287,1
2.98705792427063,1
2.9472224712371826,1
3.1824421882629395,1
3.0791566371917725,1
3.15980863571167,1
3.2263855934143066,1
4.122753143310547,1
3.4492647647857666,1
3.4487109184265137,1
2.6026532649993896,1
4.05059814453125,1
2.9963631629943848,1
3.733762502670288,1
5.3122639656066895,1
3.1278786659240723,1
3.7053160667419434,1
3.886817455291748,1
2.9136219024658203,1
3.645064353942871,1
3.2408623695373535,1
4.281905174255371,1
3.2539210319519043,1
3.257256031036377,1
3.0982613563537598,1
2.772705554962158,1
2.9903008937835693,1
3.5922327041625977,1
4.305737495422363,1
3.0672500133514404,1
2.9369077682495117,1
3.3217201232910156,1
3.4296090602874756,1
3.1507625579833984,1
3.530623435974121,1
3.506030797958374,1
3.869476318359375,1
3.3509817123413086,1
2.801060676574707,1
3.470942258834839,1
4.096355438232422,1
2.8908884525299072,1
3.3086977005004883,1
3.4259958267211914,1
2.8790340423583984,1
3.185666799545288,1
3.076436758041382,1
3.2388782501220703,1
3.278892993927002,1
3.7516307830810547,1
3.029003620147705,1
2.8834421634674072,1
3.624715566635132,1
4.321658134460449,1
2.632930278778076,1
4.339651107788086,1
3.523542642593384,1
3.486629009246826,1
3.4605586528778076,1
4.975564956665039,1
3.9912912845611572,1
3.712812900543213,1
3.2521724700927734,1
3.482032537460327,1
3.320465087890625,1
4.137724876403809,1
3.8754138946533203,1
4.436914920806885,1
4.105284690856934,1
3.903001546859741,1
3.6845226287841797,1
5.033846855163574,1
4.095972537994385,1
3.671107053756714,1
4.5901618003845215,1
3.479097843170166,1
2.8253917694091797,1
2.7598178386688232,1
3.6304702758789063,1
4.051969528198242,1
3.824617624282837,1
3.3293042182922363,1
3.609699010848999,1
3.3089118003845215,1
3.0387606620788574,1
4.742651462554932,1
3.5697007179260254,1
3.6990764141082764,1
3.20418643951416,1
3.0957422256469727,1
4.244735240936279,1
3.711808681488037,1
3.27988338470459,1
2.8625359535217285,1
3.2679202556610107,1
3.3974313735961914,1
2.7825284004211426,1
3.1670641899108887,1
3.240999698638916,1
2.621829032897949,1
2.5774574279785156,1
3.436946392059326,1
3.342155933380127,1
2.696505069732666,1
3.072329044342041,1
3.1474051475524902,1
3.702885627746582,1
2.910040855407715,1
3.4806079864501953,1
3.1115643978118896,1
2.8546600341796875,1
3.2367477416992188,1
2.256704568862915,1
2.850897789001465,1
4.179964065551758,1
3.6401588916778564,1
2.6786041259765625,1
3.539330005645752,1
3.411004066467285,1
2.925516128540039,1
3.9441299438476563,1
3.1476199626922607,1
3.357598304748535,1
3.0028347969055176,1
2.8938283920288086,1
3.035727024078369,1
3.198352575302124,1
2.5713980197906494,1
3.1115546226501465,1
2.773503541946411,1
2.956939697265625,1
3.0382890701293945,1
3.2620584964752197,1
3.8388829231262207,1
3.3091652393341064,1
3.191293716430664,1
2.708120822906494,1
3.557403564453125,1
3.56412410736084,1
3.7560153007507324,1
2.9207253456115723,1
3.2349846363067627,1
3.655043601989746,1
2.792994976043701,1
4.476160526275635,1
3.6192002296447754,1
3.6439292430877686,1
3.1520485877990723,1
3.7130379676818848,1
3.0821285247802734,1
4.053622722625732,1
3.3471879959106445,1
4.199634552001953,1
3.3837952613830566,1
3.309321880340576,1
3.21351957321167,1
4.320248126983643,1
3.0120368003845215,1
3.2872629165649414,1
3.6616945266723633,1
3.2700369358062744,1
3.1356732845306396,1
2.9382381439208984,1
3.777033567428589,1
3.4714221954345703,1
3.115907669067383,1
4.014095306396484,1
3.3028934001922607,1
3.45086669921875,1
3.2577714920043945,1
3.248792886734009,1
3.2082412242889404,1
3.271430015563965,1
3.569366455078125,1
2.956867218017578,1
3.0956106185913086,1
3.6709277629852295,1
3.658686876296997,1
3.7238903045654297,1
2.9291810989379883,1
3.5783562660217285,1
3.5836100578308105,1
3.5879569053649902,1
3.6015539169311523,1
3.4024198055267334,1
3.3519973754882813,1
4.743933200836182,1
3.0491981506347656,1
3.567110061645508,1
4.092316627502441,1
3.358823776245117,1
2.3781309127807617,1
4.084444046020508,1
4.219977855682373,1
3.757960557937622,1
3.3217978477478027,1
2.9733290672302246,1
3.2500624656677246,1
2.7442095279693604,1
3.5637354850769043,1
2.8058042526245117,1
3.066227436065674,1
3.49072265625,1
3.4121503829956055,1
2.597536563873291,1
3.349825382232666,1
3.1419835090637207,1
3.4383034706115723,1
3.300863742828369,1
3.0278162956237793,1
3.047760009765625,1
3.0510623455047607,1
3.604494094848633,1
3.0688798427581787,1
3.7124552726745605,1
3.8862497806549072,1
2.9997243881225586,1
3.184743642807007,1
3.7931036949157715,1
3.225675582885742,1
2.352491617202759,1
2.580935478210449,1
2.7560110092163086,1
3.438927412033081,1
3.4184396266937256,1
3.457159996032715,1
2.7748987674713135,1
2.920436143875122,1
3.0763931274414063,1
3.6639645099639893,1
3.012392997741699,1
3.5063862800598145,1
3.764488697052002,1
3.641679286956787,1
3.428476333618164,1
3.534994602203369,1
3.9108080863952637,1
3.01800537109375,1
3.0127878189086914,1
3.6160662174224854,1
3.936007499694824,1
2.9654173851013184,1
3.199181079864502,1
3.6072285175323486,1
3.901780128479004,1
4.271784782409668,1
3.425640106201172,1
2.693190097808838,1
2.906431198120117,1
3.5858535766601563,1
3.523069143295288,1
2.5844764709472656,1
2.9998207092285156,1
3.4025514125823975,1
3.315857172012329,1
2.9838106632232666,1
2.2438910007476807,1
2.582345485687256,1
3.125643730163574,1
3.150716543197632,1
3.4406237602233887,1
3.5598435401916504,1
2.9503345489501953,1
3.3794286251068115,1
3.175262451171875,1
3.7423462867736816,1
3.321213483810425,1
3.2452073097229004,1
2.9569244384765625,1
3.552830696105957,1
3.6671271324157715,1
2.8362936973571777,1
3.671448230743408,1
2.92539381980896,1
3.175813913345337,1
3.374340772628784,1
3.058377265930176,1
3.2188949584960938,1
3.771608829498291,1
4.54339599609375,1
3.0634727478027344,1
3.081183910369873,1
4.3771514892578125,1
3.3452670574188232,1
4.054987907409668,1
3.907334804534912,1
3.0035767555236816,1
3.1267237663269043,1
2.556567668914795,1
3.0273947715759277,1
3.3888847827911377,1
3.761730909347534,1
3.090196371078491,1
3.4130477905273438,1
3.868974208831787,1
4.630646705627441,1
3.4992189407348633,1
4.575810432434082,1
4.936107635498047,1
3.922483205795288,1
4.446480751037598,1
3.19476580619812,1
3.6862740516662598,1
3.5960092544555664,1
4.8401689529418945,1
3.371840000152588,1
4.320806980133057,1
3.3876876831054688,1
3.8155770301818848,1
3.7942309379577637,1
3.455460548400879,1
3.2235918045043945,1
3.344543218612671,1
3.4347715377807617,1
3.578754186630249,1
3.0792551040649414,1
4.140639305114746,1
3.146982431411743,1
2.9197452068328857,1
3.6401023864746094,1
3.058605194091797,1
3.033130407333374,1
2.660884380340576,1
2.4764459133148193,1
3.3433139324188232,1
3.302090644836426,1
2.8520469665527344,1
3.1863088607788086,1
3.2152161598205566,1
3.3370919227600098,1
3.293783187866211,1
4.097821235656738,1
3.867518424987793,1
3.4603819847106934,1
2.648921012878418,1
3.6361842155456543,1
2.873178720474243,1
2.678067684173584,1
3.0229434967041016,1
3.2012124061584473,1
3.4046883583068848,1
3.779010057449341,1
3.1600611209869385,1
2.794628858566284,1
4.202959060668945,1
3.950016498565674,1
3.5462679862976074,1
4.46500301361084,1
3.798403024673462,1
3.6031761169433594,1
3.122344493865967,1
3.3074631690979004,1
2.632230520248413,1
3.202256441116333,1
2.7767698764801025,1
2.833636522293091,1
3.6931512355804443,1
2.812044620513916,1
3.2276315689086914,1
2.91328501701355,1
3.4135260581970215,1
3.092437267303467,1
2.8548946380615234,1
2.6810953617095947,1
3.67653226852417,1
3.6502490043640137,1
2.583827018737793,1
3.2019572257995605,1
2.913708209991455,1
2.9598662853240967,1
3.0558323860168457,1
3.256857395172119,1
2.799351215362549,1
2.645765542984009,1
2.8485546112060547,1
3.750354528427124,1
3.0185160636901855,1
3.416290760040283,1
3.4524545669555664,1
3.4479916095733643,1
3.540098190307617,1
3.0580806732177734,1
3.3177781105041504,1
3.3400216102600098,1
2.615868091583252,1
3.488410472869873,1
3.3731374740600586,1
3.4700868129730225,1
3.6713461875915527,1
2.7193520069122314,1
3.584437370300293,1
2.841623306274414,1
3.2636070251464844,1
3.2442071437835693,1
3.0765862464904785,1
3.1830382347106934,1
3.1918702125549316,1
3.2844059467315674,1
3.3183069229125977,1
3.458771228790283,1
3.468222141265869,1
2.960817575454712,1
2.710254669189453,1
3.287838935852051,1
3.8895630836486816,1
3.7178092002868652,1
3.2659494876861572,1
3.1325864791870117,1
2.958373546600342,1
2.9389498233795166,1
3.6478099822998047,1
3.167555332183838,1
4.309203624725342,1
3.09277606010437,1
3.037370204925537,1
3.3095293045043945,1
4.274141311645508,1
3.8239030838012695,1
3.524232864379883,1
3.3035171031951904,1
2.9450371265411377,1
3.3487043380737305,1
3.5036869049072266,1
3.0728583335876465,1
2.9203381538391113,1
3.7219936847686768,1
2.9688313007354736,1
3.6884169578552246,1
2.9480929374694824,1
4.132612228393555,1
3.574069023132324,1
3.3938395977020264,1
2.9769766330718994,1
3.465327024459839,1
3.288404941558838,1
4.327956676483154,1
4.658623695373535,1
4.413285732269287,1
3.4953486919403076,1
3.770878791809082,1
3.1809496879577637,1
3.592803955078125,1
2.95439076423645,1
3.4058141708374023,1
3.7342135906219482,1
3.018104076385498,1
2.4181604385375977,1
2.855534076690674,1
4.588354110717773,1
3.4005908966064453,1
3.0219810009002686,1
2.828045129776001,1
2.857846736907959,1
3.1182847023010254,1
3.354733467102051,1
3.3384146690368652,1
3.1237196922302246,1
3.2935705184936523,1
3.6268062591552734,1
3.5910048484802246,1
2.987253189086914,1
3.5157792568206787,1
4.4116530418396,1
2.88805890083313,1
3.466768741607666,1
3.409045696258545,1
2.4158682823181152,1
4.227283000946045,1
4.635138034820557,1
2.7817842960357666,1
3.523449420928955,1
3.7977070808410645,1
3.5222113132476807,1
3.708203077316284,1
3.523557186126709,1
3.1863644123077393,1
3.975682258605957,1
3.713524103164673,1
3.974978446960449,1
3.409364700317383,1
3.3304078578948975,1
3.5074808597564697,1
3.83701753616333,1
3.675844192504883,1
4.015150547027588,1
3.7179903984069824,1
3.1904408931732178,1
3.4579100608825684,1
3.4760141372680664,1
2.818544387817383,1
3.417886257171631,1
3.3344314098358154,1
3.6094954013824463,1
3.667116403579712,1
3.6263957023620605,1
3.5443248748779297,1
3.22597074508667,1
3.831587314605713,1
3.8154711723327637,1
3.3944573402404785,1
3.78713321685791,1
3.1229138374328613,1
3.1890110969543457,1
3.3822193145751953,1
3.006558895111084,1
3.9890918731689453,1
2.7109389305114746,1
3.8119895458221436,1
2.8457911014556885,1
3.059278964996338,1
2.6536030769348145,1
3.178267002105713,1
3.334714412689209,1
3.21686053276062,1
4.475075721740723,1
2.806086301803589,1
2.7518858909606934,1
3.546626567840576,1
3.623867988586426,1
3.168095111846924,1
3.1019129753112793,1
3.2370476722717285,1
3.812431812286377,1
2.9381065368652344,1
3.5197367668151855,1
3.7716224193573,1
3.433628559112549,1
3.283806085586548,1
3.359419822692871,1
3.807126045227051,1
3.6416664123535156,1
2.7242431640625,1
2.824596881866455,1
3.129788398742676,1
3.1397647857666016,1
3.4529175758361816,1
3.3111801147460938,1
3.6539146900177,1
3.9550271034240723,1
3.078580856323242,1
3.292677402496338,1
3.4222497940063477,1
3.4476242065429688,1
4.080415725708008,1
4.224774360656738,1
3.220215082168579,1
3.788007974624634,1
3.779977798461914,1
3.1437950134277344,1
3.8588991165161133,1
3.460577964782715,1
4.062969207763672,1
3.0744857788085938,1
3.5200228691101074,1
3.0670340061187744,1
2.728846549987793,1
3.347342014312744,1
3.240875720977783,1
3.2096004486083984,1
3.706540584564209,1
3.2088232040405273,1
2.9307632446289063,1
2.6477065086364746,1
2.8914237022399902,1
3.4255616664886475,1
3.705470323562622,1
3.091472864151001,1
2.8226840496063232,1
3.0070791244506836,1
3.1121602058410645,1
3.1684327125549316,1
3.98751163482666,1
3.024505853652954,1
3.3024911880493164,1
2.9652156829833984,1
3.231949806213379,1
2.986313819885254,1
3.2793760299682617,1
3.2440292835235596,1
3.3222436904907227,1
3.5783257484436035,1
3.575221538543701,1
2.843372106552124,1
2.8573155403137207,1
3.243271827697754,1
2.6193766593933105,1
3.446155548095703,1
5.33732795715332,1
3.105332136154175,1
3.408438205718994,1
3.1131508350372314,1
3.5588879585266113,1
3.3698511123657227,1
3.5398459434509277,1
3.2967238426208496,1
3.112362861633301,1
3.5063118934631348,1
4.283143520355225,1
3.485954999923706,1
4.238430976867676,1
4.222705841064453,1
3.6989588737487793,1
3.2316794395446777,1
2.999469757080078,1
3.216884136199951,1
3.2627851963043213,1
2.8791487216949463,1
3.8026254177093506,1
4.304654598236084,1
2.9357619285583496,1
2.543642997741699,1
3.1902284622192383,1
3.1109580993652344,1
2.83223295211792,1
4.108800888061523,1
3.5255911350250244,1
3.208041191101074,1
3.1037449836730957,1
3.690103769302368,1
3.68019962310791,1
4.437690258026123,1
3.005582809448242,1
4.176192283630371,1
3.309511423110962,1
3.4003095626831055,1
3.632737874984741,1
3.2500765323638916,1
3.2139837741851807,1
2.954998016357422,1
3.816453695297241,1
2.6467201709747314,1
3.8310086727142334,1
3.4562325477600098,1
2.4860143661499023,1
3.1308343410491943,1
3.92075514793396,1
3.0574498176574707,1
2.8045363426208496,1
3.09301495552063,1
3.7959272861480713,1
2.8275625705718994,1
3.785191059112549,1
3.7599406242370605,1
3.4505462646484375,1
3.9616456031799316,1
3.2533657550811768,1
3.6624653339385986,1
3.6413462162017822,1
3.2977452278137207,1
4.106914520263672,1
3.9493749141693115,1
3.769904613494873,1
4.054107189178467,1
3.9012155532836914,1
3.4296085834503174,1
2.6556358337402344,1
3.7125141620635986,1
3.094390392303467,1
3.6328649520874023,1
3.1791930198669434,1
3.184445381164551,1
3.7153539657592773,1
3.5858283042907715,1
3.5022759437561035,1
3.155823230743408,1
3.074066638946533,1
4.055652141571045,1
3.5422322750091553,1
3.6417651176452637,1
3.3357603549957275,1
2.79038667678833,1
2.917433261871338,1
3.4940476417541504,1
2.927422523498535,1
3.0228781700134277,1
3.120288848876953,1
2.9289512634277344,1
3.0172269344329834,1
2.9046473503112793,1
3.2363076210021973,1
3.083108425140381,1
3.665052890777588,1
3.6351754665374756,1
3.915113925933838,1
3.200838327407837,1
2.960878372192383,1
2.578463554382324,1
4.0182085037231445,1
2.710758686065674,1
3.044773578643799,1
4.878202438354492,1
3.430487632751465,1
2.630797863006592,1
3.41998291015625,1
3.113309621810913,1
2.9487972259521484,1
3.149282455444336,1
3.5885891914367676,1
4.615523338317871,1
3.41292667388916,1
3.6119303703308105,1
2.9839107990264893,1
3.061610221862793,1
3.138091564178467,1
3.86317777633667,1
3.4916679859161377,1
3.651336908340454,1
2.711200714111328,1
3.9474048614501953,1
3.5213475227355957,1
2.998797655105591,1
3.231193780899048,1
3.0349888801574707,1
3.6439547538757324,1
3.4752254486083984,1
3.1311683654785156,1
3.2431106567382813,1
3.8977346420288086,1
4.254704475402832,1
2.807096242904663,1
3.0992512702941895,1
4.007876396179199,1
3.1943886280059814,1
3.327688694000244,1
3.4315872192382813,1
2.831106185913086,1
3.4442672729492188,1
3.757011651992798,1
3.6438939571380615,1
3.3588709831237793,1
3.481527328491211,1
2.9581761360168457,1
3.0585553646087646,1
3.3192214965820313,1
3.6626219749450684,1
3.8251161575317383,1
2.2808380126953125,1
3.0687103271484375,1
3.0097875595092773,1
3.968684434890747,1
4.074880599975586,1
3.438699245452881,1
2.96231746673584,1
3.327611207962036,1
3.1046669483184814,1
2.866623878479004,1
2.8867032527923584,1
3.609682559967041,1
3.9289491176605225,1
4.723263740539551,1
3.208195686340332,1
3.3783023357391357,1
3.375607490539551,1
2.9951295852661133,1
3.7758517265319824,1
3.7618632316589355,1
4.239912033081055,1
3.631850242614746,1
2.9110641479492188,1
3.5344371795654297,1
3.605398178100586,1
4.130465030670166,1
3.843494415283203,1
3.3241827487945557,1
2.7943649291992188,1
3.2093746662139893,1
2.9944560527801514,1
3.0909972190856934,1
2.600249767303467,1
3.5510268211364746,1
4.151186943054199,1
3.0957798957824707,1
2.9350738525390625,1
3.2278928756713867,1
3.483255386352539,1
2.7535786628723145,1
3.970250129699707,1
3.348266839981079,1
3.658090829849243,1
2.909681558609009,1
3.3336057662963867,1
2.967350959777832,1
4.026033401489258,1
3.4257655143737793,1
2.916278600692749,1
3.509956121444702,1
3.4041528701782227,1
2.788304090499878,1
2.933802604675293,1
3.317686080932617,1
3.323391914367676,1
3.3626654148101807,1
2.5305075645446777,1
2.9898571968078613,1
3.189364433288574,1
3.1096441745758057,1
3.28640079498291,1
3.074392080307007,1
3.7810072898864746,1
3.5327794551849365,1
4.509247779846191,1
3.6573877334594727,1
3.1824474334716797,1
4.17990255355835,1
4.085165977478027,1
3.770265579223633,1
4.5803680419921875,1
3.5020699501037598,1
4.640471458435059,1
3.4970996379852295,1
3.9030566215515137,1
3.9086415767669678,1
3.47102689743042,1
3.481931686401367,1
3.9559388160705566,1
3.483409881591797,1
3.4382259845733643,1
3.6253700256347656,1
3.3221778869628906,1
3.7850046157836914,1
3.074930191040039,1
3.3399391174316406,1
3.7620551586151123,1
3.0846993923187256,1
3.339510917663574,1
3.647806406021118,1
3.516659736633301,1
3.7720327377319336,1
3.6221864223480225,1
4.145800590515137,1
3.286198139190674,1
3.5431010723114014,1
3.761277437210083,1
4.768401145935059,1
3.404900074005127,1
3.515751361846924,1
3.736905574798584,1
3.2524428367614746,1
3.436246871948242,1
3.5777199268341064,1
3.606020927429199,1
3.6379172801971436,1
4.2752909660339355,1
4.508004665374756,1
3.8344836235046387,1
3.065782070159912,1
3.8778302669525146,1
3.4470701217651367,1
5.042218208312988,1
3.720999240875244,1
3.346813201904297,1
3.535238265991211,1
3.7678608894348145,1
4.9925031661987305,1
3.8829448223114014,1
3.0010316371917725,1
3.2299728393554688,1
4.24630069732666,1
3.378391742706299,1
3.300976514816284,1
2.9468393325805664,1
3.8519396781921387,1
3.6804118156433105,1
2.656034469604492,1
3.6648025512695313,1
3.1527657508850098,1
3.813504457473755,1
3.5811243057250977,1
4.308549880981445,1
2.5426032543182373,1
3.2471256256103516,1
3.522440195083618,1
3.6714892387390137,1
3.4843521118164063,1
3.3123812675476074,1
3.4205455780029297,1
3.2066497802734375,1
3.256631851196289,1
3.1315736770629883,1
3.3396975994110107,1
2.771345853805542,1
3.198413133621216,1
2.943450450897217,1
2.7312827110290527,1
3.984823226928711,1
3.3098630905151367,1
2.6568257808685303,1
2.971186876296997,1
3.3192663192749023,1
3.191041946411133,1
4.309288024902344,1
3.176826000213623,1
4.014184474945068,1
3.5513577461242676,1
3.1357078552246094,1
3.370694637298584,1
3.0725913047790527,1
3.46871018409729,1
3.267873764038086,1
3.2248926162719727,1
3.0310442447662354,1
3.0464134216308594,1
3.0115878582000732,1
2.770897388458252,1
3.020113468170166,1
3.3116366863250732,1
2.5781397819519043,1
3.296438694000244,1
3.360832691192627,1
2.890928030014038,1
3.2759923934936523,1
2.7611513137817383,1
3.502103328704834,1
2.3468146324157715,1
3.0409963130950928,1
4.343505859375,1
2.8693220615386963,1
3.0469155311584473,1
3.4297256469726563,1
3.5577683448791504,1
3.2325892448425293,1
3.7956321239471436,1
3.0269720554351807,1
2.932798385620117,1
3.66328763961792,1
3.0577757358551025,1
2.88051700592041,1
3.711148738861084,1
3.0999915599823,1
2.7557010650634766,1
3.2655577659606934,1
3.7238869667053223,1
3.343961000442505,1
3.22973370552063,1
3.0238327980041504,1
3.264577865600586,1
3.2998485565185547,1
3.12276029586792,1
3.1324009895324707,1
2.7761435508728027,1
3.218085765838623,1
3.795940399169922,1
2.6730003356933594,1
3.2609119415283203,1
3.4919731616973877,1
3.380934953689575,1
3.2122678756713867,1
3.30470609664917,1
2.811612129211426,1
2.631824016571045,1
2.892298936843872,1
3.9150304794311523,1
3.426631450653076,1
2.9152181148529053,1
2.543762445449829,1
3.704463243484497,1
3.409968614578247,1
3.1746692657470703,1
2.612708568572998,1
3.3383800983428955,1
3.292267322540283,1
2.498371124267578,1
3.884345531463623,1
3.205317497253418,1
3.084571361541748,1
3.4499382972717285,1
4.916598320007324,1
4.42764949798584,1
3.4743101596832275,1
4.245915412902832,1
4.878943920135498,1
3.508033275604248,1
3.7434096336364746,1
3.675976037979126,1
4.046600341796875,1
3.7097907066345215,1
3.6930813789367676,1
2.932762384414673,1
3.07948899269104,1
3.332139730453491,1
4.249936103820801,1
3.6111793518066406,1
2.9787392616271973,1
3.51596736907959,1
4.005800247192383,1
2.9335665702819824,1
3.2635040283203125,1
3.0783517360687256,1
3.236100435256958,1
3.258955955505371,1
2.8843493461608887,1
3.5854954719543457,1
3.7882699966430664,1
2.9128379821777344,1
3.3134117126464844,1
3.613302707672119,1
3.3618690967559814,1
3.717010021209717,1
3.5134763717651367,1
3.77917218208313,1
3.156890392303467,1
4.193509101867676,1
2.858668327331543,1
4.114312171936035,1
4.311844825744629,1
3.723896026611328,1
3.9429569244384766,1
2.7927446365356445,1
3.7169628143310547,1
2.9037654399871826,1
3.333610773086548,1
3.4730186462402344,1
3.246626138687134,1
3.393389940261841,1
3.832170009613037,1
3.578425645828247,1
3.8802061080932617,1
3.554621696472168,1
3.20304012298584,1
2.7605953216552734,1
3.254889726638794,1
3.578878164291382,1
3.46089506149292,1
3.604147434234619,1
3.1481099128723145,1
3.4811465740203857,1
4.035512924194336,1
4.1965413093566895,1
3.674370765686035,1
3.7048099040985107,1
3.053910493850708,1
4.0864667892456055,1
3.8477425575256348,1
4.131557464599609,1
2.81174635887146,1
4.179710865020752,1
3.1094772815704346,1
3.4378042221069336,1
3.1512110233306885,1
4.449333190917969,1
2.941049575805664,1
3.53409743309021,1
3.6166069507598877,1
3.1279757022857666,1
2.977994680404663,1
3.8391318321228027,1
3.6459925174713135,1
3.592933177947998,1
3.848518133163452,1
3.919252872467041,1
3.1211800575256348,1
4.552363872528076,1
3.1244897842407227,1
2.80149245262146,1
3.2469630241394043,1
4.061984062194824,1
3.3054661750793457,1
3.2278637886047363,1
2.9929239749908447,1
2.8049049377441406,1
3.1603078842163086,1
3.6818997859954834,1
3.051222324371338,1
2.5469799041748047,1
2.9398155212402344,1
2.5389997959136963,1
3.5057973861694336,1
3.009103536605835,1
3.1198654174804688,1
2.6260433197021484,1
3.1105880737304688,1
2.6538450717926025,1
3.2232611179351807,1
3.744927406311035,1
3.073586940765381,1
2.740427017211914,1
2.9999802112579346,1
2.608081579208374,1
3.0179386138916016,1
3.0367555618286133,1
4.100673198699951,1
2.741227865219116,1
3.241408586502075,1
3.360112190246582,1
3.7412071228027344,1
3.5879597663879395,1
3.4584834575653076,1
3.3064401149749756,1
3.211913824081421,1
3.529383897781372,1
3.4825003147125244,1
2.9809927940368652,1
3.6662676334381104,1
2.9878506660461426,1
3.1941046714782715,1
3.5836126804351807,1
2.8835792541503906,1
2.8424274921417236,1
4.445329666137695,1
3.559077739715576,1
3.011655330657959,1
3.338768720626831,1
3.1614835262298584,1
2.70133900642395,1
3.7358558177948,1
4.366954803466797,1
3.1956419944763184,1
3.336813449859619,1
3.080375909805298,1
3.7077250480651855,1
3.368934154510498,1
3.695655584335327,1
3.4919369220733643,1
3.2575254440307617,1
3.917661428451538,1
4.519051551818848,1
4.2898054122924805,1
3.406804323196411,1
2.74303936958313,1
3.5920114517211914,1
3.5122199058532715,1
3.030414342880249,1
3.0799291133880615,1
3.7576675415039063,1
4.1550445556640625,1
4.0206298828125,1
2.7192821502685547,1
3.3275604248046875,1
3.890397071838379,1
3.910498857498169,1
2.733149528503418,1
3.9022200107574463,1
3.597909688949585,1
2.8058269023895264,1
3.3506016731262207,1
3.594653606414795,1
3.840395450592041,1
3.2818992137908936,1
2.9632322788238525,1
3.820847749710083,1
3.293750286102295,1
3.7137367725372314,1
3.081989049911499,1
4.359822750091553,1
4.533690452575684,1
3.7861104011535645,1
3.9250333309173584,1
2.5672922134399414,1
2.8526697158813477,1
3.1745145320892334,1
3.091485023498535,1
3.298077344894409,1
4.420809268951416,1
3.74770188331604,1
3.721189498901367,1
3.9742066860198975,1
2.7243733406066895,1
3.9850516319274902,1
4.222835540771484,1
3.603451728820801,1
4.198918342590332,1
3.7102081775665283,1
4.895384788513184,1
3.3646388053894043,1
3.57253098487854,1
3.5595414638519287,1
3.236942768096924,1
3.288391590118408,1
3.360555648803711,1
3.4657037258148193,1
3.8286895751953125,1
3.604438066482544,1
3.6785495281219482,1
2.6916871070861816,1
3.2252259254455566,1
4.360605239868164,1
3.1310067176818848,1
3.593441963195801,1
3.472245693206787,1
3.0545926094055176,1
2.7239603996276855,1
2.9034383296966553,1
3.2956490516662598,1
3.1687846183776855,1
2.776217222213745,1
3.0057644844055176,1
3.2000949382781982,1
2.9173450469970703,1
3.1943349838256836,1
3.190324544906616,1
4.627012729644775,1
3.3440825939178467,1
3.2417359352111816,1
3.4143214225769043,1
3.5800845623016357,1
2.9781782627105713,1
3.0186710357666016,1
3.5028858184814453,1
3.4315242767333984,1
3.497471570968628,1
3.7616496086120605,1
3.177504777908325,1
2.7679927349090576,1
4.035931587219238,1
3.2021076679229736,1
3.155627965927124,1
3.185279369354248,1
3.2069597244262695,1
3.259768486022949,1
3.6552369594573975,1
2.0946545600891113,1
2.8824503421783447,1
2.2293601036071777,1
3.4365389347076416,1
4.360477447509766,1
2.196877956390381,1
2.687333345413208,1
4.032629013061523,1
3.5047974586486816,1
2.856964588165283,1
3.2658920288085938,1
2.872011184692383,1
3.107977867126465,1
3.453608512878418,1
2.8960037231445313,1
2.533045768737793,1
2.865363121032715,1
4.264717102050781,1
3.0315279960632324,1
3.7853899002075195,1
4.010730743408203,1
2.9105448722839355,1
2.667083740234375,1
3.4919278621673584,1
2.9512901306152344,1
3.3508808612823486,1
4.111053943634033,1
3.941943645477295,1
3.55721116065979,1
3.054755687713623,1
3.3199105262756348,1
3.910264492034912,1
3.2460360527038574,1
3.1792707443237305,1
3.1528568267822266,1
2.9655566215515137,1
3.513714551925659,1
2.904696226119995,1
2.546052932739258,1
2.9014079570770264,1
3.0123658180236816,1
2.826610803604126,1
2.983337640762329,1
2.979494094848633,1
3.1280252933502197,1
3.4142212867736816,1
2.517228603363037,1
3.643258810043335,1
3.235395908355713,1
3.1854798793792725,1
3.087493896484375,1
2.919351100921631,1
2.810748338699341,1
2.581204652786255,1
3.366745948791504,1
3.000272750854492,1
2.580284833908081,1
3.043583631515503,1
3.7403273582458496,1
3.043181896209717,1
3.0051872730255127,1
3.1217753887176514,1
2.7539424896240234,1
2.879490375518799,1
3.06247615814209,1
3.3258681297302246,1
3.004955530166626,1
2.910311698913574,1
3.3339552879333496,1
3.500152349472046,1
2.8141703605651855,1
2.9779396057128906,1
2.5871665477752686,1
3.6351394653320313,1
3.1706414222717285,1
4.0493059158325195,1
3.1666371822357178,1
3.08465576171875,1
3.4994096755981445,1
4.229762077331543,1
3.697385787963867,1
3.120760917663574,1
3.336181879043579,1
2.9467456340789795,1
3.757600784301758,1
3.5137228965759277,1
2.8763997554779053,1
3.6451025009155273,1
2.8348209857940674,1
3.951861619949341,1
3.811321258544922,1
3.5525283813476563,1
2.5598831176757813,1
2.917306661605835,1
3.9496726989746094,1
4.176809310913086,1
4.683474540710449,1
4.240635871887207,1
4.226546287536621,1
3.6984941959381104,1
3.083954095840454,1
3.783181667327881,1
3.329538583755493,1
3.152170181274414,1
3.1933369636535645,1
3.284323215484619,1
4.32582950592041,1
3.315852642059326,1
2.9690775871276855,1
2.4895553588867188,1
3.535490036010742,1
3.981003761291504,1
3.6053414344787598,1
3.522911548614502,1
3.035768508911133,1
3.153506278991699,1
2.7043564319610596,1
2.7734837532043457,1
3.680912494659424,1
3.274794101715088,1
3.445767402648926,1
3.020951747894287,1
2.846162796020508,1
3.2569708824157715,1
2.52913498878479,1
2.9395387172698975,1
3.513582944869995,1
3.8032455444335938,1
3.40517520904541,1
2.609867572784424,1
3.2006702423095703,1
3.0828423500061035,1
2.972438335418701,1
3.401186466217041,1
3.0102739334106445,1
3.7396271228790283,1
3.1942620277404785,1
3.179694175720215,1
3.7440078258514404,1
3.2970354557037354,1
4.242381572723389,1
3.8671882152557373,1
3.8413052558898926,1
3.4438798427581787,1
3.249110221862793,1
3.943856716156006,1
2.906383514404297,1
3.6842427253723145,1
3.4894914627075195,1
3.6076605319976807,1
3.0226776599884033,1
2.7795305252075195,1
3.3563501834869385,1
3.050330638885498,1
3.552212953567505,1
3.5222482681274414,1
3.8772640228271484,1
2.978882312774658,1
3.539073944091797,1
3.0848188400268555,1
3.944296360015869,1
2.8282275199890137,1
