5.269315242767334,1
5.2752838134765625,1
5.244086742401123,1
5.2276716232299805,1
5.252885341644287,1
5.202013969421387,1
5.243120193481445,1
5.184334754943848,1
5.270603656768799,1
5.273273944854736,1
5.199936866760254,1
5.2145795822143555,1
5.145607948303223,1
5.294363021850586,1
5.250160217285156,1
5.172574043273926,1
5.29734992980957,1
5.117215156555176,1
5.253435134887695,1
5.2602338790893555,1
5.207376480102539,1
5.272789001464844,1
5.21646785736084,1
5.306529998779297,1
5.231533050537109,1
5.267545700073242,1
5.291086673736572,1
5.222207069396973,1
5.213415622711182,1
5.297454357147217,1
5.187664985656738,1
5.229178428649902,1
5.310633182525635,1
5.287263870239258,1
5.264094829559326,1
5.259548187255859,1
5.257740497589111,1
5.226248741149902,1
5.136584758758545,1
5.246491432189941,1
5.238077163696289,1
5.215191841125488,1
5.124490737915039,1
5.179888725280762,1
5.255257606506348,1
5.255295753479004,1
5.275160312652588,1
5.235944747924805,1
5.200335502624512,1
5.193093299865723,1
5.239125728607178,1
5.286186218261719,1
5.214788436889648,1
5.301224231719971,1
5.292366027832031,1
5.321234703063965,1
5.231565475463867,1
5.282738208770752,1
5.260008811950684,1
5.2903008460998535,1
5.244375705718994,1
5.253445625305176,1
5.219710350036621,1
5.307555198669434,1
5.1226959228515625,1
5.215075969696045,1
5.2896223068237305,1
5.243368148803711,1
5.174140930175781,1
5.156259059906006,1
5.3094940185546875,1
5.253317356109619,1
5.2524518966674805,1
5.212414264678955,1
5.222723960876465,1
5.233166217803955,1
5.298945426940918,1
5.290813446044922,1
5.223851680755615,1
5.20021915435791,1
5.23881721496582,1
5.284154891967773,1
5.312384605407715,1
5.303313255310059,1
5.259071350097656,1
5.267118453979492,1
5.284651756286621,1
5.291406631469727,1
5.186272621154785,1
5.248445987701416,1
5.238152980804443,1
5.130959510803223,1
5.212606430053711,1
5.273007392883301,1
5.199413776397705,1
5.274125099182129,1
5.253993034362793,1
5.241971969604492,1
5.24036979675293,1
5.335049629211426,1
5.299274444580078,1
5.258837699890137,1
5.278563499450684,1
5.297780990600586,1
5.246776580810547,1
5.29247522354126,1
5.28403902053833,1
5.259482383728027,1
5.348307132720947,1
5.208244800567627,1
5.302253723144531,1
5.197842597961426,1
5.207494258880615,1
5.228327751159668,1
5.259005546569824,1
5.186958312988281,1
5.268515110015869,1
5.221707820892334,1
5.273309707641602,1
5.2047929763793945,1
5.2034382820129395,1
5.303413391113281,1
5.212912559509277,1
5.324716091156006,1
5.19190788269043,1
5.206385135650635,1
5.248803615570068,1
5.171378135681152,1
5.242305755615234,1
5.24850606918335,1
5.220709800720215,1
5.359524726867676,1
5.250447750091553,1
5.239187240600586,1
5.299985885620117,1
5.2614312171936035,1
5.188541412353516,1
5.274665355682373,1
5.303948402404785,1
5.216814994812012,1
5.338382244110107,1
5.184858322143555,1
5.2311692237854,1
5.250062942504883,1
5.326957702636719,1
5.26023006439209,1
5.2657575607299805,1
5.3247785568237305,1
5.152920246124268,1
5.253731727600098,1
5.206686019897461,1
5.157822132110596,1
5.208350658416748,1
5.188864707946777,1
5.241068363189697,1
5.301841735839844,1
5.124821662902832,1
5.170694351196289,1
5.26542329788208,1
5.221794128417969,1
5.252740859985352,1
5.2248430252075195,1
5.168436050415039,1
5.246326446533203,1
5.164011001586914,1
5.216395378112793,1
5.235202789306641,1
5.22942590713501,1
5.200691223144531,1
5.300775527954102,1
5.31188440322876,1
5.214715003967285,1
5.330373764038086,1
5.222245693206787,1
5.221222400665283,1
5.277880668640137,1
5.225637435913086,1
5.113419532775879,1
5.265841484069824,1
5.2223124504089355,1
5.306171417236328,1
5.244479656219482,1
5.287742614746094,1
5.185450553894043,1
5.26520299911499,1
5.281055450439453,1
5.217044830322266,1
5.269915580749512,1
5.238533973693848,1
5.238439083099365,1
5.2404584884643555,1
5.359781265258789,1
5.276451587677002,1
5.2750959396362305,1
5.270183563232422,1
5.219050884246826,1
5.283053398132324,1
5.208738327026367,1
5.232646942138672,1
5.3149919509887695,1
5.202091217041016,1
5.27919864654541,1
5.1816301345825195,1
5.257813453674316,1
5.265162467956543,1
5.22269868850708,1
5.172989845275879,1
5.274960041046143,1
5.260518550872803,1
5.2073974609375,1
5.195313453674316,1
5.163053512573242,1
5.286905288696289,1
5.237852096557617,1
5.243840217590332,1
5.212102890014648,1
5.254098892211914,1
5.126979827880859,1
5.197464466094971,1
5.252766132354736,1
5.343923568725586,1
5.276120185852051,1
5.222137451171875,1
5.25795841217041,1
5.225582122802734,1
5.295326232910156,1
5.236261367797852,1
5.264815330505371,1
5.223039627075195,1
5.168498516082764,1
5.2722320556640625,1
5.291409492492676,1
5.1926374435424805,1
5.168322563171387,1
5.290523529052734,1
5.260688781738281,1
5.207443714141846,1
5.219597816467285,1
5.274392127990723,1
5.332486152648926,1
5.214787483215332,1
5.193827152252197,1
5.2443389892578125,1
5.261770725250244,1
5.253448486328125,1
5.2241363525390625,1
5.286690711975098,1
5.239040374755859,1
5.244053840637207,1
5.156272888183594,1
5.274653911590576,1
5.13895320892334,1
5.285157680511475,1
5.217951774597168,1
5.32490348815918,1
5.2418975830078125,1
5.316470146179199,1
5.228525638580322,1
5.135083198547363,1
5.24171257019043,1
5.264248847961426,1
5.240155220031738,1
5.078490257263184,1
5.195324897766113,1
5.19261360168457,1
5.256404399871826,1
5.267136096954346,1
5.226134300231934,1
5.333080768585205,1
5.189650535583496,1
5.235136032104492,1
5.348474979400635,1
5.2218828201293945,1
5.289906024932861,1
5.257169246673584,1
5.170941352844238,1
5.236730098724365,1
5.2198052406311035,1
5.2613525390625,1
5.273444175720215,1
5.31466007232666,1
5.28795051574707,1
5.333533763885498,1
5.270904541015625,1
5.258966445922852,1
5.381502151489258,1
5.287841320037842,1
5.2137908935546875,1
5.192409038543701,1
5.127386569976807,1
5.201234817504883,1
5.277253150939941,1
5.1786394119262695,1
5.2142109870910645,1
5.230786323547363,1
5.288982391357422,1
5.317694664001465,1
5.2287468910217285,1
5.246326446533203,1
5.335385799407959,1
5.1956329345703125,1
5.273271560668945,1
5.18202018737793,1
5.308906555175781,1
5.1312575340271,1
5.282120704650879,1
5.220521450042725,1
5.239804267883301,1
5.261994361877441,1
5.170588970184326,1
5.268144607543945,1
5.25435733795166,1
5.146876811981201,1
5.161170959472656,1
5.245881080627441,1
5.260417938232422,1
5.19937801361084,1
5.273528575897217,1
5.225118637084961,1
5.306565284729004,1
5.158865928649902,1
5.310655117034912,1
5.227571487426758,1
5.21918249130249,1
5.243989944458008,1
5.208453178405762,1
5.248069763183594,1
5.187644958496094,1
5.260356903076172,1
5.24378776550293,1
5.340609550476074,1
5.26862907409668,1
5.196372032165527,1
5.281556606292725,1
5.215390205383301,1
5.229531288146973,1
5.221024513244629,1
5.207484722137451,1
5.320118427276611,1
5.262085914611816,1
5.162915229797363,1
5.222583293914795,1
5.116503715515137,1
5.2151312828063965,1
5.163205146789551,1
5.277453422546387,1
5.152228355407715,1
5.183588981628418,1
5.18508243560791,1
5.217158794403076,1
5.263876914978027,1
5.208909034729004,1
5.2548089027404785,1
5.30397367477417,1
5.243804931640625,1
5.113826751708984,1
5.208247184753418,1
5.262001991271973,1
5.348391056060791,1
5.288269996643066,1
5.263087272644043,1
5.188126564025879,1
5.3040056228637695,1
5.2636003494262695,1
5.245342254638672,1
5.310710906982422,1
5.144737243652344,1
5.250182151794434,1
5.256039619445801,1
5.26419734954834,1
5.308667182922363,1
5.305259704589844,1
5.216189861297607,1
5.207711219787598,1
5.278745651245117,1
5.261666297912598,1
5.162288188934326,1
5.143331527709961,1
5.186790466308594,1
5.26466178894043,1
5.2351884841918945,1
5.274567604064941,1
5.2511162757873535,1
5.291224956512451,1
5.270633697509766,1
5.129396915435791,1
5.252138137817383,1
5.306941986083984,1
5.312701225280762,1
5.207664489746094,1
5.196638107299805,1
5.251518726348877,1
5.195657253265381,1
5.20981502532959,1
5.213913440704346,1
5.234487533569336,1
5.193930149078369,1
5.175250053405762,1
5.259938716888428,1
5.179449081420898,1
5.277619361877441,1
5.186429023742676,1
5.277284622192383,1
5.2673163414001465,1
5.219438552856445,1
5.319411754608154,1
5.195150375366211,1
5.221312522888184,1
5.160538196563721,1
5.317839622497559,1
5.26124382019043,1
5.236830711364746,1
5.2349982261657715,1
5.2275004386901855,1
5.203777313232422,1
5.2111921310424805,1
5.186720848083496,1
5.357797622680664,1
5.200952529907227,1
5.223088264465332,1
5.197251796722412,1
5.280061721801758,1
5.29538631439209,1
5.306187629699707,1
5.134891033172607,1
5.328903675079346,1
5.2746381759643555,1
5.305931091308594,1
5.277111530303955,1
5.381048202514648,1
5.299354553222656,1
5.240970611572266,1
5.187445640563965,1
5.280623435974121,1
5.201549053192139,1
5.178005218505859,1
5.292510509490967,1
5.318225383758545,1
5.246223449707031,1
5.172478199005127,1
5.258088111877441,1
5.279712677001953,1
5.155429840087891,1
5.288460731506348,1
5.391814231872559,1
5.181490898132324,1
5.228743553161621,1
5.220192909240723,1
5.157625675201416,1
5.247963905334473,1
5.210390090942383,1
5.273996353149414,1
5.2735137939453125,1
5.186429023742676,1
5.246872901916504,1
5.261681079864502,1
5.283073425292969,1
5.2062764167785645,1
5.24268102645874,1
5.272026538848877,1
5.139288902282715,1
5.2206950187683105,1
5.223300933837891,1
5.248016834259033,1
5.25701904296875,1
5.3332719802856445,1
5.256750583648682,1
5.234719753265381,1
5.190138339996338,1
5.27522087097168,1
5.180264472961426,1
5.1899189949035645,1
5.140533447265625,1
5.275664329528809,1
5.228569984436035,1
5.211181163787842,1
5.247254848480225,1
5.242157936096191,1
5.269932746887207,1
5.164470672607422,1
5.214159965515137,1
5.285775661468506,1
5.130793571472168,1
5.215215682983398,1
5.2064361572265625,1
5.226642608642578,1
5.249797821044922,1
5.21908712387085,1
5.397515296936035,1
5.223329067230225,1
5.211366653442383,1
5.240755081176758,1
5.161569595336914,1
5.213298320770264,1
5.169742584228516,1
5.277812480926514,1
5.166011810302734,1
5.237277984619141,1
5.29874849319458,1
5.242130279541016,1
5.2875871658325195,1
5.2477922439575195,1
5.269341945648193,1
5.316106796264648,1
5.30597448348999,1
5.258445739746094,1
5.244420528411865,1
5.285314559936523,1
5.2277607917785645,1
5.201904296875,1
5.168267250061035,1
5.203788757324219,1
5.269514083862305,1
5.244834899902344,1
5.252812385559082,1
5.272345542907715,1
5.387894630432129,1
5.256435394287109,1
5.240862846374512,1
5.212108135223389,1
5.287247180938721,1
5.307197570800781,1
5.262035369873047,1
5.2790679931640625,1
5.180243492126465,1
5.238994121551514,1
5.302651405334473,1
5.278926849365234,1
5.239936351776123,1
5.1852593421936035,1
5.283077716827393,1
5.3189496994018555,1
5.281851291656494,1
5.282916069030762,1
5.27223539352417,1
5.291684627532959,1
5.206644058227539,1
5.265935897827148,1
5.279483795166016,1
5.149696350097656,1
5.316587448120117,1
5.28975772857666,1
5.249537467956543,1
5.227056503295898,1
5.163666248321533,1
5.3455095291137695,1
5.249729156494141,1
5.214164733886719,1
5.277402877807617,1
5.221384525299072,1
5.211466312408447,1
5.258491516113281,1
5.237873077392578,1
5.1734819412231445,1
5.227947235107422,1
5.125075340270996,1
5.199206829071045,1
5.263918399810791,1
5.235274314880371,1
5.299920082092285,1
5.178427696228027,1
5.200054168701172,1
5.30643892288208,1
5.257861137390137,1
5.284403324127197,1
5.253783702850342,1
5.262627601623535,1
5.161112308502197,1
5.311655044555664,1
5.271812438964844,1
5.200214385986328,1
5.173575401306152,1
5.192729473114014,1
5.33881950378418,1
5.2243170738220215,1
5.3084611892700195,1
5.275205135345459,1
5.23893928527832,1
5.189634799957275,1
5.2657365798950195,1
5.335735321044922,1
5.180249214172363,1
5.081215858459473,1
5.268919944763184,1
5.2585272789001465,1
5.1849822998046875,1
5.226642608642578,1
5.223939895629883,1
5.251853942871094,1
5.266416549682617,1
5.263586521148682,1
5.264564514160156,1
5.182845115661621,1
5.184483051300049,1
5.209685325622559,1
5.299975395202637,1
5.364716529846191,1
5.322495460510254,1
5.197638034820557,1
5.248142242431641,1
5.330389022827148,1
5.224477291107178,1
5.2545976638793945,1
5.250620365142822,1
5.287335395812988,1
5.283985614776611,1
5.236055374145508,1
5.246945381164551,1
5.213839530944824,1
5.233471870422363,1
5.24765157699585,1
5.245290756225586,1
5.2066755294799805,1
5.32082462310791,1
5.169917106628418,1
5.203907012939453,1
5.282380104064941,1
5.246437072753906,1
5.14341402053833,1
5.250986099243164,1
5.259629726409912,1
5.286655426025391,1
5.206007957458496,1
5.1759538650512695,1
5.195391654968262,1
5.288354396820068,1
5.183550834655762,1
5.306466579437256,1
5.248948097229004,1
5.236532211303711,1
5.250792980194092,1
5.198541164398193,1
5.319968223571777,1
5.238389492034912,1
5.291220664978027,1
5.198637962341309,1
5.222163200378418,1
5.175370216369629,1
5.295644760131836,1
5.250871181488037,1
5.328141689300537,1
5.188962936401367,1
5.276925086975098,1
5.272428035736084,1
5.208218574523926,1
5.18525505065918,1
5.306079864501953,1
5.226757049560547,1
5.275445461273193,1
5.1889967918396,1
5.177342414855957,1
5.204957962036133,1
5.256534576416016,1
5.267539024353027,1
5.2304582595825195,1
5.349669456481934,1
5.200280666351318,1
5.290853500366211,1
5.2044477462768555,1
5.242132186889648,1
5.287456512451172,1
5.1775946617126465,1
5.246146202087402,1
5.167294025421143,1
5.306430339813232,1
5.209911346435547,1
5.3559722900390625,1
5.2599992752075195,1
5.247499465942383,1
5.248540878295898,1
5.224501609802246,1
5.252754211425781,1
5.252667427062988,1
5.274191856384277,1
5.200955390930176,1
5.300346374511719,1
5.299247741699219,1
5.242239952087402,1
5.262284755706787,1
5.244082450866699,1
5.192581653594971,1
5.242395401000977,1
5.168212890625,1
5.294466972351074,1
5.219762802124023,1
5.301473617553711,1
5.203555107116699,1
5.3613128662109375,1
5.284111976623535,1
5.254532814025879,1
5.230798721313477,1
5.229100704193115,1
5.272541046142578,1
5.276772499084473,1
5.2960968017578125,1
5.249795913696289,1
5.161124229431152,1
5.1881513595581055,1
5.393365859985352,1
5.229633331298828,1
5.240663528442383,1
5.274405479431152,1
5.27923583984375,1
5.228517055511475,1
5.257018089294434,1
5.254848480224609,1
5.285768508911133,1
5.279974460601807,1
5.200900077819824,1
5.203611373901367,1
5.238090991973877,1
5.239216327667236,1
5.326976299285889,1
5.2803497314453125,1
5.268359184265137,1
5.201711177825928,1
5.279728889465332,1
5.264751434326172,1
5.297085285186768,1
5.305184364318848,1
5.255147933959961,1
5.283420562744141,1
5.251934051513672,1
5.175281524658203,1
5.272584915161133,1
5.253582000732422,1
5.241824150085449,1
5.241614818572998,1
5.202784538269043,1
5.206310749053955,1
5.304299354553223,1
5.376163959503174,1
5.172817230224609,1
5.225929260253906,1
5.207134246826172,1
5.281643867492676,1
5.309892177581787,1
5.216750621795654,1
5.289516448974609,1
5.265910625457764,1
5.1551313400268555,1
5.192879676818848,1
5.344368934631348,1
5.218600273132324,1
5.273961067199707,1
5.241378307342529,1
5.3233747482299805,1
5.26093053817749,1
5.216922760009766,1
5.266360282897949,1
5.189496040344238,1
5.323064804077148,1
5.2278032302856445,1
5.264405250549316,1
5.2122321128845215,1
5.190866470336914,1
5.15249490737915,1
5.226431846618652,1
5.289553642272949,1
5.226052284240723,1
5.297966957092285,1
5.265417098999023,1
5.218327522277832,1
5.203159809112549,1
5.170963764190674,1
5.338326930999756,1
5.275033950805664,1
5.267094135284424,1
5.2432684898376465,1
5.182173728942871,1
5.2743682861328125,1
5.21693229675293,1
5.2433671951293945,1
5.17560338973999,1
5.304304599761963,1
5.285341739654541,1
5.306982517242432,1
5.257388591766357,1
5.2386932373046875,1
5.23018741607666,1
5.280880928039551,1
5.209174156188965,1
5.3065385818481445,1
5.18071174621582,1
5.325531959533691,1
5.18322229385376,1
5.24842643737793,1
5.222415924072266,1
5.2927141189575195,1
5.198622703552246,1
5.222183704376221,1
5.25201416015625,1
5.245766639709473,1
5.19831657409668,1
5.275136947631836,1
5.261232376098633,1
5.248193740844727,1
5.257567405700684,1
5.156008720397949,1
5.2988505363464355,1
5.240941524505615,1
5.186285972595215,1
5.249319076538086,1
5.230072498321533,1
5.243664741516113,1
5.221781253814697,1
5.286436557769775,1
5.180482864379883,1
5.217009544372559,1
5.1877055168151855,1
5.236594200134277,1
5.237416744232178,1
5.257115840911865,1
5.201389312744141,1
5.206070899963379,1
5.220026969909668,1
5.2485761642456055,1
5.197817325592041,1
5.190557956695557,1
5.161513328552246,1
5.226509094238281,1
5.199101448059082,1
5.211366653442383,1
5.309634685516357,1
5.172146797180176,1
5.238142490386963,1
5.246125221252441,1
5.290061950683594,1
5.256779193878174,1
5.30198335647583,1
5.11549186706543,1
5.25738525390625,1
5.268530368804932,1
5.2513203620910645,1
5.144769668579102,1
5.213099956512451,1
5.220877647399902,1
5.232771873474121,1
5.321573257446289,1
5.26154899597168,1
5.205779075622559,1
5.259679794311523,1
5.121079444885254,1
5.356582164764404,1
5.190741539001465,1
5.363847255706787,1
5.197239398956299,1
5.191071510314941,1
5.14575719833374,1
5.1967363357543945,1
5.307807922363281,1
5.156776428222656,1
5.236818790435791,1
5.2206010818481445,1
5.294571876525879,1
5.236704349517822,1
5.200930118560791,1
5.240763187408447,1
5.246830940246582,1
5.275545597076416,1
5.24940299987793,1
5.207507610321045,1
5.233292102813721,1
5.301234245300293,1
5.299472808837891,1
5.1838579177856445,1
5.1896209716796875,1
5.178825378417969,1
5.307932376861572,1
5.295406818389893,1
5.171901226043701,1
5.183579444885254,1
5.318695545196533,1
5.1994218826293945,1
5.177838325500488,1
5.355044841766357,1
5.2788896560668945,1
5.270859241485596,1
5.191629409790039,1
5.301529407501221,1
5.242013931274414,1
5.138328552246094,1
5.260084629058838,1
5.213515758514404,1
5.16367769241333,1
5.15499210357666,1
5.161660194396973,1
5.3413848876953125,1
5.257503032684326,1
5.363719940185547,1
5.32264518737793,1
5.243558883666992,1
5.3193769454956055,1
5.255171775817871,1
5.283712863922119,1
5.272489070892334,1
5.225507736206055,1
5.239021301269531,1
5.277935981750488,1
5.300076484680176,1
5.217652320861816,1
5.234509468078613,1
5.318353652954102,1
5.282209396362305,1
5.233059883117676,1
5.193687915802002,1
5.287962913513184,1
5.314233303070068,1
5.210521697998047,1
5.245168685913086,1
5.285338401794434,1
5.200697898864746,1
5.25090217590332,1
5.331995010375977,1
5.368340015411377,1
5.223882675170898,1
5.181685447692871,1
5.264154434204102,1
5.205944061279297,1
5.2957892417907715,1
5.19453239440918,1
5.264558792114258,1
5.218059539794922,1
5.227267265319824,1
5.2226362228393555,1
5.223744869232178,1
5.315244197845459,1
5.248198509216309,1
5.267305850982666,1
5.199378490447998,1
5.154934883117676,1
5.178766250610352,1
5.236987590789795,1
5.216890811920166,1
5.21058464050293,1
5.296814918518066,1
5.2640156745910645,1
5.252373695373535,1
5.195675849914551,1
5.244071006774902,1
5.216665744781494,1
5.3012237548828125,1
5.206557273864746,1
5.228919982910156,1
5.274369239807129,1
5.344422340393066,1
5.300250053405762,1
5.279580116271973,1
5.245815753936768,1
5.253081321716309,1
5.327322959899902,1
5.254467964172363,1
5.226055145263672,1
5.234061241149902,1
5.21745491027832,1
5.31201171875,1
5.255917072296143,1
5.201555252075195,1
5.214577674865723,1
5.2121734619140625,1
5.1762495040893555,1
5.2544403076171875,1
5.221864223480225,1
5.254120349884033,1
5.295226097106934,1
5.157416820526123,1
5.286755084991455,1
5.278048515319824,1
5.24246883392334,1
5.285712242126465,1
5.184744358062744,1
5.277636528015137,1
5.348032474517822,1
5.245718002319336,1
5.276800155639648,1
5.2736334800720215,1
5.242594242095947,1
5.207621097564697,1
5.312126159667969,1
5.206841468811035,1
5.261244773864746,1
5.208635330200195,1
5.226107120513916,1
5.324860572814941,1
5.235678672790527,1
5.191382884979248,1
5.207074165344238,1
5.207015037536621,1
5.229855060577393,1
5.251492023468018,1
5.226492404937744,1
5.26296329498291,1
5.249456405639648,1
5.323493480682373,1
5.285477638244629,1
5.260820388793945,1
5.251884460449219,1
5.284561634063721,1
5.240160942077637,1
5.208309650421143,1
5.208865165710449,1
5.327994346618652,1
5.3055596351623535,1
5.21888542175293,1
5.242671966552734,1
5.312278747558594,1
5.1903557777404785,1
5.2733154296875,1
5.179300308227539,1
5.224133014678955,1
5.174293518066406,1
5.268851280212402,1
5.206770420074463,1
5.278133869171143,1
5.289756774902344,1
5.2322468757629395,1
5.234869956970215,1
5.259394645690918,1
5.191745758056641,1
5.284985542297363,1
5.243465423583984,1
5.30129337310791,1
5.304409027099609,1
5.20025634765625,1
5.170650482177734,1
5.218626022338867,1
5.293674468994141,1
5.28837776184082,1
5.180039405822754,1
5.275629043579102,1
5.287357807159424,1
5.162656784057617,1
5.189263343811035,1
5.262800693511963,1
5.162517547607422,1
5.2947893142700195,1
5.186673164367676,1
5.211756229400635,1
5.2382097244262695,1
5.235790252685547,1
5.264578819274902,1
5.1827006340026855,1
5.129519939422607,1
5.268027305603027,1
5.268013000488281,1
5.305517196655273,1
5.23697566986084,1
5.201270580291748,1
5.2846245765686035,1
5.169579982757568,1
5.230767726898193,1
5.257586479187012,1
5.347260475158691,1
5.175592422485352,1
5.289961338043213,1
5.2835693359375,1
5.240225315093994,1
5.251931190490723,1
5.242094993591309,1
5.203771591186523,1
5.209399223327637,1
5.265988349914551,1
5.206596374511719,1
5.2104315757751465,1
5.18474006652832,1
5.239144802093506,1
5.34655237197876,1
5.214859485626221,1
5.236546039581299,1
5.2146525382995605,1
5.22420597076416,1
5.287528991699219,1
5.281038284301758,1
5.303343772888184,1
5.242561340332031,1
5.225740432739258,1
5.255141258239746,1
5.212843894958496,1
5.204882621765137,1
5.131307601928711,1
5.26913595199585,1
5.146888732910156,1
5.1591339111328125,1
5.219114780426025,1
5.2780914306640625,1
5.250414848327637,1
5.212319850921631,1
5.290628433227539,1
5.323202133178711,1
5.2843403816223145,1
5.279950141906738,1
5.264418601989746,1
5.286883354187012,1
5.314228057861328,1
5.242193222045898,1
5.281496047973633,1
5.260117530822754,1
5.255602836608887,1
5.196467399597168,1
5.233910083770752,1
5.24071741104126,1
5.323939323425293,1
5.231273651123047,1
5.267935276031494,1
5.236993789672852,1
5.283102512359619,1
5.157048225402832,1
5.203608989715576,1
5.2292046546936035,1
5.253406524658203,1
5.240669250488281,1
5.269988059997559,1
5.304582595825195,1
5.2381181716918945,1
5.284144878387451,1
5.255182266235352,1
5.299340724945068,1
5.208300590515137,1
5.238410949707031,1
5.265758037567139,1
5.186903953552246,1
5.207320690155029,1
5.256451606750488,1
5.192685127258301,1
5.219949722290039,1
5.204076766967773,1
5.190325736999512,1
5.20808219909668,1
5.238248825073242,1
5.29494571685791,1
5.2177042961120605,1
5.257053375244141,1
5.237115383148193,1
5.285243034362793,1
5.206018447875977,1
5.2703633308410645,1
5.1911187171936035,1
5.360100746154785,1
5.310425758361816,1
5.228622913360596,1
5.168955326080322,1
5.228212356567383,1
5.270749092102051,1
5.315413475036621,1
5.276126384735107,1
5.188965797424316,1
5.181571960449219,1
5.107909202575684,1
5.287334442138672,1
5.21760368347168,1
5.207120418548584,1
5.192568302154541,1
5.287107467651367,1
5.256911754608154,1
5.293979644775391,1
5.196558475494385,1
5.195832252502441,1
5.251075744628906,1
5.12471342086792,1
5.3794097900390625,1
5.171929836273193,1
5.292539596557617,1
5.276205062866211,1
5.19931697845459,1
5.313812255859375,1
5.237098217010498,1
5.19822883605957,1
5.274072647094727,1
5.177548408508301,1
5.3215532302856445,1
5.258706569671631,1
5.286113262176514,1
5.2634782791137695,1
5.248519420623779,1
5.195121765136719,1
5.328397274017334,1
5.229719638824463,1
5.282673358917236,1
5.1761345863342285,1
5.231185436248779,1
5.177641868591309,1
5.13963508605957,1
5.156200408935547,1
5.204164505004883,1
5.3397979736328125,1
5.280100345611572,1
5.251344680786133,1
5.168868064880371,1
5.2388811111450195,1
5.219916343688965,1
5.140069484710693,1
5.295775413513184,1
5.259917736053467,1
5.281282424926758,1
5.251931190490723,1
5.309516906738281,1
5.14877986907959,1
5.187173843383789,1
5.219705104827881,1
5.274819374084473,1
5.269426345825195,1
5.204395294189453,1
5.282564163208008,1
5.2037177085876465,1
5.1875457763671875,1
5.272744655609131,1
5.203071117401123,1
5.255613327026367,1
5.171352863311768,1
5.320548057556152,1
5.2143354415893555,1
5.149855136871338,1
5.196440696716309,1
5.183862686157227,1
5.221944808959961,1
5.360002040863037,1
5.196033477783203,1
5.267678260803223,1
5.289997577667236,1
5.098479270935059,1
5.249917984008789,1
5.219420433044434,1
5.224921703338623,1
5.233703136444092,1
5.162492752075195,1
5.23974609375,1
5.169110298156738,1
5.198111057281494,1
5.328017234802246,1
5.298562526702881,1
5.2257537841796875,1
5.175323486328125,1
5.260347366333008,1
5.175539970397949,1
5.219531059265137,1
5.340841770172119,1
5.324980735778809,1
5.2164764404296875,1
5.2379679679870605,1
5.221179962158203,1
5.263319969177246,1
5.229883193969727,1
5.116334915161133,1
5.2917704582214355,1
5.232731819152832,1
5.156888961791992,1
5.251907825469971,1
5.323983192443848,1
5.22016716003418,1
5.347805976867676,1
5.255107879638672,1
5.2683796882629395,1
5.254695415496826,1
5.274594306945801,1
5.239696502685547,1
5.2091755867004395,1
5.261265754699707,1
5.26542854309082,1
5.126243591308594,1
5.240905284881592,1
5.356509208679199,1
5.249273300170898,1
5.265395641326904,1
5.308633804321289,1
5.2908124923706055,1
5.174825668334961,1
5.25347375869751,1
5.286190986633301,1
5.227794647216797,1
5.193121433258057,1
5.32396125793457,1
5.199224948883057,1
5.263033866882324,1
5.298702239990234,1
5.203080177307129,1
5.276346206665039,1
5.1680450439453125,1
5.217109680175781,1
5.273684501647949,1
5.326934337615967,1
5.220343112945557,1
5.1798248291015625,1
5.289696216583252,1
5.251791954040527,1
5.14008903503418,1
5.222701072692871,1
5.261542797088623,1
5.2486186027526855,1
5.3037943840026855,1
5.0794172286987305,1
5.2236151695251465,1
5.207118511199951,1
5.186901092529297,1
5.218800067901611,1
5.220674514770508,1
5.236268043518066,1
5.280828475952148,1
5.203144073486328,1
5.320184707641602,1
5.23040246963501,1
5.262701034545898,1
5.331514358520508,1
5.195590496063232,1
5.261882781982422,1
5.240933418273926,1
5.293202877044678,1
5.157689571380615,1
5.205672740936279,1
5.256278991699219,1
5.2371931076049805,1
5.234259605407715,1
5.2091593742370605,1
5.238546371459961,1
5.103510856628418,1
5.42262077331543,1
5.215479850769043,1
5.236163139343262,1
5.258934020996094,1
5.251446723937988,1
5.200517654418945,1
5.240950107574463,1
5.249017715454102,1
5.299118518829346,1
5.283651351928711,1
5.250561237335205,1
5.323647499084473,1
5.270961284637451,1
5.208534240722656,1
5.213989734649658,1
5.353278160095215,1
5.262937068939209,1
5.217961311340332,1
5.207489967346191,1
5.178075790405273,1
5.149189472198486,1
5.25092077255249,1
5.214608192443848,1
5.277361869812012,1
5.246530532836914,1
5.330365180969238,1
5.262437343597412,1
5.233145713806152,1
5.269563674926758,1
5.2284440994262695,1
5.27085018157959,1
5.264517307281494,1
5.311091423034668,1
5.203802585601807,1
5.143998622894287,1
5.364042282104492,1
5.110818386077881,1
5.290756702423096,1
5.203399658203125,1
5.216172218322754,1
5.237740516662598,1
5.303164958953857,1
5.098272800445557,1
5.321390151977539,1
5.2862958908081055,1
5.2576470375061035,1
5.20985746383667,1
5.273118019104004,1
5.210919380187988,1
5.231144905090332,1
5.202878952026367,1
5.227314472198486,1
5.322147846221924,1
5.211884498596191,1
5.275457382202148,1
5.252564430236816,1
5.187441349029541,1
5.243404388427734,1
5.232999324798584,1
5.16207218170166,1
5.20612907409668,1
5.337467670440674,1
5.202091693878174,1
5.142101287841797,1
5.245264530181885,1
5.248652458190918,1
5.272216796875,1
5.171382427215576,1
5.238122940063477,1
5.3065505027771,1
5.209235191345215,1
5.156647205352783,1
5.232118129730225,1
5.172224044799805,1
5.203182697296143,1
5.2529778480529785,1
5.220273017883301,1
5.280607223510742,1
5.156198978424072,1
5.206908226013184,1
5.268704414367676,1
5.176898956298828,1
5.28337287902832,1
5.211105823516846,1
5.193169593811035,1
5.265516757965088,1
5.145085334777832,1
5.233820915222168,1
5.299144744873047,1
5.165082931518555,1
5.13357400894165,1
5.265083312988281,1
5.24022102355957,1
5.285305500030518,1
5.171781539916992,1
5.161757946014404,1
5.336146354675293,1
5.265041351318359,1
5.220785617828369,1
5.242681503295898,1
5.198983192443848,1
5.245234489440918,1
5.190572261810303,1
5.221149444580078,1
5.254941463470459,1
5.163715362548828,1
5.202821254730225,1
5.263164520263672,1
5.270064353942871,1
5.266911506652832,1
5.218189239501953,1
5.384239673614502,1
5.263108730316162,1
5.303346157073975,1
5.116809844970703,1
5.268314361572266,1
5.101411819458008,1
5.2615156173706055,1
5.234253883361816,1
5.300000190734863,1
5.199657917022705,1
5.141458511352539,1
5.247124671936035,1
5.242140769958496,1
5.260065078735352,1
5.219322204589844,1
5.236854553222656,1
5.394820213317871,1
5.155270576477051,1
5.183562278747559,1
5.213046550750732,1
5.28682804107666,1
5.273443222045898,1
5.231123924255371,1
5.207330703735352,1
5.2639899253845215,1
5.248936653137207,1
5.269658088684082,1
5.227326393127441,1
5.26085090637207,1
5.299582481384277,1
5.1786651611328125,1
5.359088897705078,1
5.302709579467773,1
5.2634663581848145,1
5.304666519165039,1
5.289529323577881,1
5.267844200134277,1
5.27794885635376,1
5.208047389984131,1
5.265752792358398,1
5.319517612457275,1
5.1490912437438965,1
5.301393032073975,1
5.263375282287598,1
5.228074550628662,1
5.2986345291137695,1
5.174996852874756,1
5.230154991149902,1
5.220030784606934,1
5.225274562835693,1
5.2110981941223145,1
5.236870288848877,1
5.172659873962402,1
5.2899322509765625,1
5.186975955963135,1
5.226710319519043,1
5.173590660095215,1
5.207979202270508,1
5.3759446144104,1
5.195472717285156,1
5.294188976287842,1
5.362732887268066,1
5.253913879394531,1
5.2063398361206055,1
5.170913219451904,1
5.259642601013184,1
5.242820739746094,1
5.278750896453857,1
5.237285137176514,1
5.303112983703613,1
5.284136772155762,1
5.194557189941406,1
5.262948989868164,1
5.262162208557129,1
5.236151695251465,1
5.189302921295166,1
5.241525650024414,1
5.181519031524658,1
5.405785083770752,1
5.375393867492676,1
5.255716800689697,1
5.308672904968262,1
5.233953952789307,1
5.23166561126709,1
5.231437683105469,1
5.214046478271484,1
5.284840106964111,1
5.200082302093506,1
5.337461948394775,1
5.207977294921875,1
5.215995788574219,1
5.171222686767578,1
5.22777795791626,1
5.253324031829834,1
5.293901443481445,1
5.250588417053223,1
5.317373275756836,1
5.232670783996582,1
5.161322116851807,1
5.151158332824707,1
5.293340682983398,1
5.261315822601318,1
5.2650227546691895,1
5.226452827453613,1
5.334274768829346,1
5.328840255737305,1
5.19650936126709,1
5.2601847648620605,1
5.178615093231201,1
5.2020087242126465,1
5.261937618255615,1
5.433213233947754,1
5.23946475982666,1
5.186397075653076,1
5.156443119049072,1
5.218453407287598,1
5.338266372680664,1
5.318578243255615,1
5.190587520599365,1
5.312030792236328,1
5.295015335083008,1
5.228224754333496,1
5.198879241943359,1
5.252676486968994,1
5.186274528503418,1
5.254994869232178,1
5.219086170196533,1
5.2340216636657715,1
5.2848920822143555,1
5.1401543617248535,1
5.2129364013671875,1
5.2830705642700195,1
5.256986618041992,1
5.178325653076172,1
5.321616172790527,1
5.208873748779297,1
5.218998908996582,1
5.189840316772461,1
5.321559906005859,1
5.19645881652832,1
5.266385078430176,1
5.326212406158447,1
5.250600814819336,1
5.150761604309082,1
5.241147994995117,1
5.247708320617676,1
5.270156383514404,1
5.2705230712890625,1
5.158959865570068,1
5.264500141143799,1
5.329914093017578,1
5.262193202972412,1
5.224527359008789,1
5.264991283416748,1
5.210732460021973,1
5.193814754486084,1
5.266933917999268,1
5.227365493774414,1
5.280111312866211,1
5.16731595993042,1
5.303288459777832,1
5.345265865325928,1
5.33615779876709,1
5.223515510559082,1
5.25623083114624,1
5.1849517822265625,1
5.274687767028809,1
5.198668479919434,1
5.211059093475342,1
5.210522174835205,1
5.296839714050293,1
5.1519646644592285,1
5.277115821838379,1
5.308606147766113,1
5.255684852600098,1
5.192371368408203,1
5.172980785369873,1
5.176131248474121,1
5.194212913513184,1
5.221793174743652,1
5.235475540161133,1
5.162553310394287,1
5.246147632598877,1
5.254364013671875,1
5.293773651123047,1
5.224491119384766,1
5.212635517120361,1
5.212661266326904,1
5.256919860839844,1
5.194461345672607,1
5.2562642097473145,1
5.244226932525635,1
5.210002899169922,1
5.16316032409668,1
5.239001274108887,1
5.253401756286621,1
5.205724716186523,1
5.280011177062988,1
5.204801559448242,1
5.225707054138184,1
5.231479167938232,1
5.214878082275391,1
5.267906188964844,1
5.272343635559082,1
5.211521625518799,1
5.25423526763916,1
5.199959754943848,1
5.24380350112915,1
5.23012638092041,1
5.208348274230957,1
5.299586296081543,1
5.240961074829102,1
5.154919624328613,1
5.226988315582275,1
5.138936519622803,1
5.204628944396973,1
5.309509754180908,1
5.226275444030762,1
5.255471229553223,1
5.183753967285156,1
5.291849136352539,1
5.175927639007568,1
5.30302619934082,1
5.240103244781494,1
5.114516258239746,1
5.279409408569336,1
5.263652324676514,1
5.23996114730835,1
5.248716354370117,1
5.289997100830078,1
5.123936176300049,1
5.272479057312012,1
5.136686325073242,1
5.283176422119141,1
5.242515563964844,1
5.253253936767578,1
5.271015167236328,1
5.227360725402832,1
5.266118049621582,1
5.188924789428711,1
5.1951775550842285,1
5.295328140258789,1
5.319912910461426,1
5.208941459655762,1
5.229219913482666,1
5.224055767059326,1
5.243124008178711,1
5.243159294128418,1
5.266456604003906,1
5.300937652587891,1
5.197351932525635,1
5.253419876098633,1
5.148712158203125,1
5.309659957885742,1
5.240333557128906,1
5.3056416511535645,1
5.274392604827881,1
5.243429183959961,1
5.339206218719482,1
5.144248008728027,1
5.185642719268799,1
5.291012287139893,1
5.285852909088135,1
5.214452266693115,1
5.20857048034668,1
5.196836471557617,1
5.217535018920898,1
5.214749813079834,1
5.156186580657959,1
5.247868537902832,1
5.367734909057617,1
5.2231597900390625,1
5.228361129760742,1
5.23892068862915,1
5.210511207580566,1
5.209125518798828,1
5.218059062957764,1
5.206315040588379,1
5.193826198577881,1
5.176589012145996,1
5.2888665199279785,1
5.308470726013184,1
5.221192836761475,1
5.174287796020508,1
5.241699695587158,1
5.257895469665527,1
5.270919322967529,1
5.367848873138428,1
5.260880947113037,1
5.26356315612793,1
5.213600158691406,1
5.277997016906738,1
5.265977382659912,1
5.194255828857422,1
5.2345733642578125,1
5.2504425048828125,1
5.211483478546143,1
5.202004432678223,1
5.337767601013184,1
5.23234224319458,1
5.185667514801025,1
5.280332565307617,1
5.220211982727051,1
5.193314552307129,1
5.244379997253418,1
5.242664337158203,1
5.259777069091797,1
5.309903144836426,1
5.26280403137207,1
5.220149040222168,1
5.284427642822266,1
5.254652976989746,1
5.235119819641113,1
5.206806182861328,1
5.15728759765625,1
5.251807689666748,1
5.204069137573242,1
5.300687313079834,1
5.331211566925049,1
5.225428581237793,1
5.265728950500488,1
5.274923324584961,1
5.337825775146484,1
5.211542129516602,1
5.177335739135742,1
5.2245707511901855,1
5.1982011795043945,1
5.191373825073242,1
5.201950550079346,1
5.239484786987305,1
5.300884246826172,1
5.245017051696777,1
5.172290325164795,1
5.20094108581543,1
5.2624053955078125,1
5.271942138671875,1
5.225515842437744,1
5.233059883117676,1
5.235361099243164,1
5.214085578918457,1
5.226696491241455,1
5.207795143127441,1
5.168670654296875,1
5.236907005310059,1
5.3328752517700195,1
5.325432300567627,1
5.21727180480957,1
5.211241722106934,1
5.208623886108398,1
5.193758964538574,1
5.302184104919434,1
5.245488166809082,1
5.3373613357543945,1
5.221792221069336,1
5.243256568908691,1
5.271225929260254,1
5.269231796264648,1
5.216137886047363,1
5.244128704071045,1
5.320497035980225,1
5.333249092102051,1
5.320786952972412,1
5.218649864196777,1
5.208971977233887,1
5.370462894439697,1
5.192975997924805,1
5.287402153015137,1
5.203799247741699,1
5.2652740478515625,1
5.223834991455078,1
5.230790138244629,1
5.205602169036865,1
5.3106770515441895,1
5.140554428100586,1
5.304642677307129,1
5.224569320678711,1
5.3476972579956055,1
5.2250447273254395,1
5.25326681137085,1
5.175457954406738,1
5.254971981048584,1
5.207104682922363,1
5.2759246826171875,1
5.195744037628174,1
5.2326836585998535,1
5.218625068664551,1
5.266331672668457,1
5.200432777404785,1
5.333852767944336,1
5.179144382476807,1
5.272008895874023,1
5.273689270019531,1
5.187026023864746,1
5.261756896972656,1
5.281790733337402,1
5.265916347503662,1
5.234334945678711,1
5.256338119506836,1
5.339967727661133,1
5.228537559509277,1
5.211784839630127,1
5.221797466278076,1
5.188432693481445,1
5.22588586807251,1
5.244178771972656,1
5.285429954528809,1
5.248398780822754,1
5.407700061798096,1
5.199088096618652,1
5.228708744049072,1
5.123487949371338,1
5.223390579223633,1
5.211590766906738,1
5.374162197113037,1
5.24327278137207,1
5.149356842041016,1
5.237152576446533,1
5.197853088378906,1
5.281558990478516,1
5.290937423706055,1
5.218132019042969,1
5.224584579467773,1
5.195773124694824,1
5.214443206787109,1
5.198355674743652,1
5.174259185791016,1
5.180232048034668,1
5.279499530792236,1
5.256438732147217,1
5.073785781860352,1
5.155218124389648,1
5.2836527824401855,1
5.119999408721924,1
5.137052059173584,1
5.24067497253418,1
5.290546894073486,1
5.287203788757324,1
5.206864356994629,1
5.328608512878418,1
5.250736236572266,1
5.3037614822387695,1
5.2285847663879395,1
5.227022171020508,1
5.293857574462891,1
5.258479118347168,1
5.169893264770508,1
5.296234607696533,1
5.223487854003906,1
5.170371055603027,1
5.323634624481201,1
5.282011985778809,1
5.285000324249268,1
5.2939677238464355,1
5.249545097351074,1
5.32632303237915,1
5.273841381072998,1
5.123114109039307,1
5.247835159301758,1
5.210822105407715,1
5.113898277282715,1
5.137734413146973,1
5.322697639465332,1
5.171480178833008,1
5.2431321144104,1
5.22504186630249,1
5.248845100402832,1
5.221282958984375,1
5.176600933074951,1
5.247903347015381,1
5.266722679138184,1
5.282040596008301,1
5.287353038787842,1
5.241852283477783,1
5.255533695220947,1
5.305831432342529,1
5.236977577209473,1
5.277300834655762,1
5.19965934753418,1
5.2728166580200195,1
5.259530067443848,1
5.3743133544921875,1
5.248198509216309,1
5.2776055335998535,1
5.325453758239746,1
5.29679012298584,1
5.199609279632568,1
5.2270097732543945,1
5.225068092346191,1
5.2819743156433105,1
5.110184669494629,1
5.219468116760254,1
5.2354736328125,1
5.226115703582764,1
5.2526044845581055,1
5.350860595703125,1
5.170265197753906,1
5.281536102294922,1
5.25148868560791,1
5.239020824432373,1
5.400617599487305,1
5.220250129699707,1
5.2753448486328125,1
5.207231521606445,1
5.178394317626953,1
5.296027183532715,1
5.331499099731445,1
5.189244270324707,1
5.26943302154541,1
5.250973701477051,1
5.307796955108643,1
5.274187088012695,1
5.2752275466918945,1
5.2654619216918945,1
5.24339485168457,1
5.292669296264648,1
5.287725448608398,1
5.270865440368652,1
5.280104160308838,1
5.283084869384766,1
5.193353652954102,1
5.202932357788086,1
5.1990766525268555,1
5.264904975891113,1
5.179103851318359,1
5.192812919616699,1
5.244484901428223,1
5.318345069885254,1
5.214728355407715,1
5.248321056365967,1
5.249835014343262,1
5.229571342468262,1
5.185624122619629,1
5.2003936767578125,1
5.199400901794434,1
5.20742130279541,1
5.2000555992126465,1
5.281337738037109,1
5.29019021987915,1
5.255121231079102,1
5.301294326782227,1
5.253787040710449,1
5.301984786987305,1
5.212289810180664,1
5.2334513664245605,1
5.207483291625977,1
5.308346271514893,1
5.2275519371032715,1
5.301016807556152,1
5.345308780670166,1
5.246452331542969,1
5.2480974197387695,1
5.213200569152832,1
5.209949016571045,1
5.256173610687256,1
5.2852301597595215,1
5.261610507965088,1
5.297407627105713,1
5.186168670654297,1
5.208852767944336,1
5.215423583984375,1
5.256030082702637,1
5.282169818878174,1
5.164340972900391,1
5.234138488769531,1
5.263252258300781,1
5.229705810546875,1
5.264991283416748,1
5.290515899658203,1
5.287032604217529,1
5.281113624572754,1
5.138833522796631,1
5.373287200927734,1
5.1755218505859375,1
5.226166725158691,1
5.327768325805664,1
5.322338104248047,1
5.264349460601807,1
5.276432991027832,1
5.223639011383057,1
5.238570690155029,1
5.161812782287598,1
5.1947340965271,1
5.317588806152344,1
5.291721343994141,1
5.143377304077148,1
5.194468021392822,1
5.198878765106201,1
5.251404762268066,1
5.281401634216309,1
5.229125022888184,1
5.166424751281738,1
5.208695411682129,1
5.174523830413818,1
5.304364204406738,1
5.185230731964111,1
5.141602039337158,1
5.245786190032959,1
5.234431266784668,1
5.2521514892578125,1
5.250703811645508,1
5.214061260223389,1
5.368598461151123,1
5.174560546875,1
5.182380676269531,1
5.214354038238525,1
5.162561416625977,1
5.304407596588135,1
5.258187294006348,1
5.296680450439453,1
5.342554092407227,1
5.234640121459961,1
5.2881975173950195,1
5.208794593811035,1
5.235657215118408,1
5.1830153465271,1
5.263630390167236,1
5.17965030670166,1
5.1829633712768555,1
5.187352180480957,1
5.230714797973633,1
5.203454494476318,1
5.264595985412598,1
5.237940311431885,1
5.25732421875,1
5.1039137840271,1
5.26738166809082,1
5.265095233917236,1
5.244283676147461,1
5.238570213317871,1
5.190990447998047,1
5.232792377471924,1
5.268677711486816,1
5.276148796081543,1
5.286750316619873,1
5.310847282409668,1
5.238702774047852,1
5.263673782348633,1
5.173554420471191,1
5.192861080169678,1
5.2075629234313965,1
5.285930633544922,1
5.271785736083984,1
5.191862106323242,1
5.262362957000732,1
5.3927764892578125,1
5.241812705993652,1
5.15433406829834,1
5.28540563583374,1
5.2424163818359375,1
5.264741897583008,1
5.328944683074951,1
5.29486083984375,1
5.17432975769043,1
5.298129081726074,1
5.185284614562988,1
5.211476802825928,1
5.326995372772217,1
5.193326950073242,1
5.287601470947266,1
5.1537065505981445,1
5.232942581176758,1
5.265761375427246,1
5.310614585876465,1
5.277100563049316,1
5.263041973114014,1
5.307059288024902,1
5.183617115020752,1
5.232449531555176,1
5.208096027374268,1
5.1993913650512695,1
5.216306209564209,1
5.313732624053955,1
5.211338520050049,1
5.308521270751953,1
5.223952293395996,1
5.228081703186035,1
5.240151405334473,1
5.253411293029785,1
5.193398475646973,1
5.169103622436523,1
5.208703517913818,1
5.211627960205078,1
5.2725677490234375,1
5.219851970672607,1
5.236477851867676,1
5.17125129699707,1
5.239671230316162,1
5.274356842041016,1
5.324138164520264,1
5.234795570373535,1
5.309952735900879,1
5.203124046325684,1
5.299135208129883,1
5.257024765014648,1
5.2085161209106445,1
5.240673542022705,1
5.246289253234863,1
5.2653374671936035,1
5.214746952056885,1
5.181107521057129,1
5.251565933227539,1
5.194192409515381,1
5.209643363952637,1
5.322849273681641,1
5.300406455993652,1
5.2305498123168945,1
5.211211204528809,1
5.333017349243164,1
5.24687385559082,1
5.208546161651611,1
5.2960309982299805,1
5.19466495513916,1
5.356064319610596,1
5.214982986450195,1
5.156510353088379,1
5.2733845710754395,1
5.257512092590332,1
5.233246326446533,1
5.180805206298828,1
5.288722991943359,1
5.183494567871094,1
5.115943908691406,1
5.241631984710693,1
5.173032283782959,1
5.277716636657715,1
5.246511459350586,1
5.225643157958984,1
5.274548053741455,1
5.153008937835693,1
5.247757911682129,1
5.197778701782227,1
5.190621852874756,1
5.251591205596924,1
5.183038711547852,1
5.313504219055176,1
5.2565717697143555,1
5.236217975616455,1
5.310548305511475,1
5.231412887573242,1
5.195549011230469,1
5.312238693237305,1
5.252877235412598,1
5.337958335876465,1
5.276383399963379,1
5.202754974365234,1
5.299255847930908,1
5.34311580657959,1
5.366257667541504,1
5.26466178894043,1
5.233532905578613,1
5.250192642211914,1
5.239238262176514,1
5.226433753967285,1
5.249984264373779,1
5.222846031188965,1
5.3005757331848145,1
5.2949371337890625,1
5.130572319030762,1
5.2330217361450195,1
5.182483196258545,1
5.262120246887207,1
5.238534927368164,1
5.193600654602051,1
5.1752777099609375,1
5.2128448486328125,1
5.155460357666016,1
5.343620300292969,1
5.261942386627197,1
5.225823402404785,1
5.2940545082092285,1
5.304936408996582,1
5.22454833984375,1
5.273820877075195,1
5.230220794677734,1
5.263391971588135,1
5.182041168212891,1
5.313083648681641,1
5.257487773895264,1
5.272359848022461,1
5.2597150802612305,1
5.2133660316467285,1
5.267184734344482,1
5.306044101715088,1
5.224355697631836,1
5.231978416442871,1
5.302233695983887,1
5.265964984893799,1
5.230879783630371,1
5.256826400756836,1
5.231318473815918,1
5.309881210327148,1
5.223553657531738,1
5.24478816986084,1
5.295574188232422,1
5.206486701965332,1
5.209765434265137,1
5.224747657775879,1
5.187359809875488,1
5.2572431564331055,1
5.234081268310547,1
5.225497245788574,1
5.2708306312561035,1
5.209226608276367,1
5.093028545379639,1
5.313962936401367,1
5.276072978973389,1
5.1719465255737305,1
5.196059703826904,1
5.293262481689453,1
5.247302532196045,1
5.2994384765625,1
5.192690849304199,1
5.115727424621582,1
5.177743911743164,1
5.212450981140137,1
5.162546157836914,1
5.214908599853516,1
5.263815879821777,1
5.236374855041504,1
5.245408058166504,1
5.304882526397705,1
5.235264778137207,1
5.283971309661865,1
5.28482723236084,1
5.224963665008545,1
5.381705284118652,1
5.265166282653809,1
5.242610931396484,1
5.283135414123535,1
5.187507152557373,1
5.229533672332764,1
5.281713485717773,1
5.172527313232422,1
5.252493858337402,1
5.216607570648193,1
5.211935520172119,1
5.262154579162598,1
5.197231769561768,1
5.29719352722168,1
5.193431854248047,1
5.359614372253418,1
5.165736198425293,1
5.311489105224609,1
5.230961799621582,1
5.292684078216553,1
5.244888782501221,1
5.25062370300293,1
5.1874566078186035,1
5.229333400726318,1
5.261813163757324,1
5.297179222106934,1
5.210402488708496,1
5.2812652587890625,1
5.16848611831665,1
5.232797145843506,1
5.226431846618652,1
5.295482635498047,1
5.279041290283203,1
5.22913932800293,1
5.264769554138184,1
5.245527267456055,1
5.224289894104004,1
5.260331153869629,1
5.260002136230469,1
5.190350532531738,1
5.191518306732178,1
5.23710298538208,1
5.192664623260498,1
5.286993980407715,1
5.167444705963135,1
5.188060283660889,1
5.219813346862793,1
5.237405300140381,1
5.224035263061523,1
5.315544605255127,1
5.27330207824707,1
5.27817964553833,1
5.347245216369629,1
5.200801849365234,1
5.248274803161621,1
5.176708221435547,1
5.271081447601318,1
5.310324668884277,1
5.218639373779297,1
5.247373104095459,1
5.278497219085693,1
5.235799789428711,1
5.247158527374268,1
5.2212114334106445,1
5.2972822189331055,1
5.213301181793213,1
5.323332786560059,1
5.241454124450684,1
5.266960144042969,1
5.263962745666504,1
5.269611358642578,1
5.167553901672363,1
5.186004638671875,1
5.231211185455322,1
5.21739387512207,1
5.307030200958252,1
5.171317100524902,1
5.344977378845215,1
5.278096675872803,1
5.305494785308838,1
5.271780014038086,1
5.316417694091797,1
5.218342304229736,1
5.329203128814697,1
5.265252113342285,1
5.137438774108887,1
5.273621559143066,1
5.203455924987793,1
5.206112861633301,1
5.2578043937683105,1
5.305093765258789,1
5.359756946563721,1
5.203775405883789,1
5.200038433074951,1
5.244544982910156,1
5.387137413024902,1
5.178584098815918,1
5.208175182342529,1
5.267182350158691,1
5.24635124206543,1
5.230808734893799,1
5.260986804962158,1
5.329525470733643,1
5.181319236755371,1
5.125567436218262,1
5.158312797546387,1
5.313848495483398,1
5.223361015319824,1
5.230922222137451,1
5.213003158569336,1
5.262323379516602,1
5.263038158416748,1
5.2591705322265625,1
5.302523612976074,1
5.271157741546631,1
5.228880882263184,1
5.206766605377197,1
5.2327775955200195,1
5.282723426818848,1
5.175281524658203,1
5.261236190795898,1
5.257668495178223,1
5.2043232917785645,1
5.239224433898926,1
5.294159412384033,1
5.14609432220459,1
5.21379280090332,1
5.24183464050293,1
5.183651447296143,1
5.19852352142334,1
5.339771270751953,1
5.282981872558594,1
5.162148952484131,1
5.211577415466309,1
5.212624549865723,1
5.190238952636719,1
5.192853927612305,1
5.3138580322265625,1
5.298980712890625,1
5.222290515899658,1
5.249327182769775,1
5.291146278381348,1
5.230304718017578,1
5.266256332397461,1
5.351613998413086,1
5.256204128265381,1
5.234532356262207,1
5.284127235412598,1
5.230559825897217,1
5.225811004638672,1
5.17484188079834,1
5.28676700592041,1
5.2459306716918945,1
5.265074729919434,1
5.318438529968262,1
5.266443252563477,1
5.273894309997559,1
5.356614112854004,1
5.203544616699219,1
5.285595417022705,1
5.314666748046875,1
5.1416730880737305,1
5.314850330352783,1
5.227150917053223,1
5.275188446044922,1
5.201892375946045,1
5.306144714355469,1
5.263059616088867,1
5.245694160461426,1
5.163003921508789,1
5.181763648986816,1
5.250258922576904,1
5.234399795532227,1
5.240265846252441,1
5.126413822174072,1
5.204834461212158,1
5.198188781738281,1
5.26371955871582,1
5.190555572509766,1
5.32264518737793,1
5.189172267913818,1
5.171323776245117,1
5.308714866638184,1
5.263826370239258,1
5.27272891998291,1
5.2709197998046875,1
5.203782081604004,1
5.162298202514648,1
5.132345199584961,1
5.225130081176758,1
5.21030855178833,1
5.368045806884766,1
5.192385196685791,1
5.313237190246582,1
5.2616705894470215,1
5.186239242553711,1
5.207314968109131,1
5.28963565826416,1
5.2486042976379395,1
5.283886909484863,1
5.287344932556152,1
5.336329460144043,1
5.169429302215576,1
5.237483978271484,1
5.199664115905762,1
5.200890064239502,1
5.2687530517578125,1
5.167024612426758,1
5.2495808601379395,1
5.465555191040039,1
5.232303142547607,1
5.265965461730957,1
5.248574256896973,1
5.2738752365112305,1
5.342006683349609,1
5.183688163757324,1
5.2207794189453125,1
5.188864707946777,1
5.235962390899658,1
5.26568078994751,1
5.227105140686035,1
5.234745025634766,1
5.345762729644775,1
5.264774322509766,1
5.23990535736084,1
5.224611282348633,1
5.206994533538818,1
5.285505294799805,1
5.2646002769470215,1
5.234450817108154,1
5.202888488769531,1
5.255115509033203,1
5.215427398681641,1
5.260745048522949,1
5.1189799308776855,1
5.248427391052246,1
5.244002342224121,1
5.213503360748291,1
5.161263942718506,1
5.221286296844482,1
5.3283281326293945,1
5.259227752685547,1
5.140525817871094,1
5.17012882232666,1
5.1816511154174805,1
5.249570846557617,1
5.311296463012695,1
5.192184925079346,1
5.240695476531982,1
5.201981544494629,1
5.241795539855957,1
5.218327522277832,1
5.239557266235352,1
5.168813228607178,1
5.274285316467285,1
5.293964385986328,1
5.214593887329102,1
5.184166431427002,1
5.229972839355469,1
5.196584701538086,1
5.190000534057617,1
5.200278282165527,1
5.260822296142578,1
5.236697196960449,1
5.213564395904541,1
5.273032188415527,1
5.308253288269043,1
5.218789100646973,1
5.235027313232422,1
5.197795391082764,1
5.248596668243408,1
5.289240837097168,1
5.245306968688965,1
5.310229778289795,1
5.233628273010254,1
5.188079833984375,1
5.213829517364502,1
5.169322490692139,1
5.184462547302246,1
5.266467094421387,1
5.324625492095947,1
5.220118522644043,1
5.220152854919434,1
5.2427778244018555,1
5.17637825012207,1
5.170158386230469,1
5.277936935424805,1
5.23321008682251,1
5.298154354095459,1
5.2450408935546875,1
5.292835235595703,1
5.276787757873535,1
5.243381977081299,1
5.247064590454102,1
5.302699089050293,1
5.295918941497803,1
5.242580413818359,1
5.211284637451172,1
5.3029375076293945,1
5.3028411865234375,1
5.271228790283203,1
5.233138084411621,1
5.2732648849487305,1
5.240978240966797,1
5.179285526275635,1
5.169028282165527,1
5.2463765144348145,1
5.174087047576904,1
5.277715682983398,1
5.310400009155273,1
5.268772125244141,1
5.246816158294678,1
5.277851104736328,1
5.260290145874023,1
5.248210906982422,1
5.217360973358154,1
5.183631896972656,1
5.196515083312988,1
5.18779182434082,1
5.306328773498535,1
5.154505729675293,1
5.2689995765686035,1
5.206823825836182,1
5.348664283752441,1
5.067028999328613,1
5.223766326904297,1
5.190036296844482,1
5.263491630554199,1
5.230885028839111,1
5.31595516204834,1
5.295743465423584,1
5.210772514343262,1
5.270463943481445,1
5.21311092376709,1
5.267539024353027,1
5.190035820007324,1
5.188769340515137,1
5.270031929016113,1
5.329905986785889,1
5.247566223144531,1
5.282814025878906,1
5.225314140319824,1
5.255608558654785,1
5.196200370788574,1
5.270665168762207,1
5.205605506896973,1
5.275803565979004,1
5.2536516189575195,1
5.306779384613037,1
5.239696025848389,1
5.294661521911621,1
5.206860542297363,1
5.219416618347168,1
5.2159953117370605,1
5.201472282409668,1
5.1708455085754395,1
5.2606000900268555,1
5.183443546295166,1
5.236104965209961,1
5.1778244972229,1
5.2852783203125,1
5.181385040283203,1
5.185480117797852,1
5.322482109069824,1
5.258379936218262,1
5.2261810302734375,1
5.393561363220215,1
5.203094482421875,1
5.230825424194336,1
5.16038703918457,1
5.18122673034668,1
5.26411771774292,1
5.226153373718262,1
5.278882026672363,1
5.179574966430664,1
5.213338851928711,1
5.259689807891846,1
5.373019218444824,1
5.2814812660217285,1
5.18368673324585,1
5.221431732177734,1
5.195986747741699,1
5.269635200500488,1
5.295232772827148,1
5.215585708618164,1
5.173709869384766,1
5.2576189041137695,1
5.282573699951172,1
5.311468601226807,1
5.190598011016846,1
5.315634727478027,1
5.276973724365234,1
5.162239074707031,1
5.182221412658691,1
5.2529616355896,1
5.22130012512207,1
5.170107841491699,1
5.254410743713379,1
5.234341144561768,1
5.253400802612305,1
5.206040859222412,1
5.212075233459473,1
5.171598434448242,1
5.351901054382324,1
5.263327598571777,1
5.328458786010742,1
5.2879838943481445,1
5.325030326843262,1
5.237013816833496,1
5.226611137390137,1
5.208422660827637,1
5.28956413269043,1
5.204163551330566,1
5.238287925720215,1
5.284079551696777,1
5.263863563537598,1
5.291090965270996,1
5.190540313720703,1
5.156645774841309,1
5.286972999572754,1
5.232427597045898,1
5.279592037200928,1
5.272770881652832,1
5.1692023277282715,1
5.2490949630737305,1
5.1847381591796875,1
5.170060634613037,1
5.192727088928223,1
5.200644016265869,1
5.284496784210205,1
5.218777656555176,1
5.223931789398193,1
5.238116264343262,1
5.29401969909668,1
5.187151908874512,1
5.271613597869873,1
5.201900482177734,1
5.272497177124023,1
5.271615982055664,1
5.266989707946777,1
5.2764177322387695,1
5.355362892150879,1
5.194478988647461,1
5.236292362213135,1
5.302277565002441,1
5.228860855102539,1
5.209232330322266,1
5.274456977844238,1
5.202761650085449,1
5.209278106689453,1
5.3346452713012695,1
5.233007431030273,1
5.308821201324463,1
5.17034912109375,1
5.21525764465332,1
5.215256690979004,1
5.189018249511719,1
5.297893524169922,1
5.209782123565674,1
5.24483585357666,1
5.233069896697998,1
5.2464704513549805,1
5.266607284545898,1
5.32228422164917,1
5.3390655517578125,1
5.308844566345215,1
5.254147529602051,1
5.307796478271484,1
5.268535614013672,1
5.265994071960449,1
5.280481338500977,1
5.2081379890441895,1
5.162215232849121,1
5.286932945251465,1
5.343533992767334,1
5.198709011077881,1
5.241189002990723,1
5.33270263671875,1
5.202016830444336,1
5.227919101715088,1
5.272741317749023,1
5.22949743270874,1
5.2861480712890625,1
5.186071395874023,1
5.340078353881836,1
5.238215446472168,1
5.322141170501709,1
5.213815689086914,1
5.138753890991211,1
5.2445831298828125,1
5.280603408813477,1
5.189769268035889,1
5.2449140548706055,1
5.225834846496582,1
5.181889057159424,1
5.2815141677856445,1
5.243901252746582,1
5.290801048278809,1
5.215256214141846,1
5.227616310119629,1
5.163048267364502,1
5.300929069519043,1
5.190642356872559,1
5.263799667358398,1
5.229386329650879,1
5.281170845031738,1
5.283867359161377,1
5.204050064086914,1
5.1384501457214355,1
5.298316955566406,1
5.207294940948486,1
5.186270713806152,1
5.198797702789307,1
5.255823612213135,1
5.252132415771484,1
5.221905708312988,1
5.2932610511779785,1
5.305238723754883,1
5.2178497314453125,1
5.268948554992676,1
5.261787414550781,1
5.277853965759277,1
5.191195487976074,1
5.157137393951416,1
5.211854457855225,1
5.261377811431885,1
5.236701011657715,1
5.262852668762207,1
5.212540626525879,1
5.171383857727051,1
5.175400733947754,1
5.325594902038574,1
5.253728866577148,1
5.32102108001709,1
5.183269500732422,1
5.231058120727539,1
5.318452835083008,1
5.134906768798828,1
5.233672618865967,1
5.24237585067749,1
5.175732135772705,1
5.210570335388184,1
5.229813575744629,1
5.300268173217773,1
5.17197847366333,1
5.337673187255859,1
5.228421211242676,1
5.204456329345703,1
5.262489318847656,1
5.30213737487793,1
5.138134956359863,1
5.218551158905029,1
5.258884429931641,1
5.236687183380127,1
5.317108631134033,1
5.189846038818359,1
5.289236068725586,1
5.210467338562012,1
5.2493062019348145,1
5.300211429595947,1
5.183155059814453,1
5.248579025268555,1
5.29249382019043,1
5.163886547088623,1
5.096290588378906,1
5.303743362426758,1
5.281176567077637,1
5.264544486999512,1
5.331059455871582,1
5.302938461303711,1
5.178328990936279,1
5.298282623291016,1
5.285879135131836,1
5.250034332275391,1
5.249406814575195,1
5.215119361877441,1
5.337900161743164,1
5.268319129943848,1
5.150693416595459,1
5.178214073181152,1
5.164427757263184,1
5.236863136291504,1
5.233691215515137,1
5.2518768310546875,1
5.130799293518066,1
5.208351135253906,1
5.35720682144165,1
5.246531009674072,1
5.253363609313965,1
5.219076156616211,1
5.2493205070495605,1
5.237868309020996,1
5.227353096008301,1
5.230449676513672,1
5.228892803192139,1
5.1679534912109375,1
5.130125045776367,1
5.226749420166016,1
5.204596996307373,1
5.373133659362793,1
5.257232666015625,1
5.25807523727417,1
5.2670698165893555,1
5.218424320220947,1
5.269174098968506,1
5.317864894866943,1
5.229389190673828,1
5.202547550201416,1
5.2404680252075195,1
5.263162612915039,1
5.228768348693848,1
5.164821147918701,1
5.263372898101807,1
5.287964344024658,1
5.328575611114502,1
5.219690322875977,1
5.127155303955078,1
5.243758201599121,1
5.240234375,1
5.289346694946289,1
5.248344421386719,1
5.328591346740723,1
5.219090461730957,1
5.276765823364258,1
5.229176044464111,1
5.352095603942871,1
5.288241386413574,1
5.253544807434082,1
5.2527618408203125,1
5.263203144073486,1
5.209852695465088,1
5.244977951049805,1
5.248134136199951,1
5.152233600616455,1
5.353071689605713,1
5.2035112380981445,1
5.194886207580566,1
5.174799919128418,1
5.237364292144775,1
5.214996337890625,1
5.236819267272949,1
5.314822196960449,1
5.281024932861328,1
5.18497371673584,1
5.200486183166504,1
5.226782321929932,1
5.202304840087891,1
5.234101295471191,1
5.327805519104004,1
5.147363662719727,1
5.269738674163818,1
5.285176753997803,1
5.250085830688477,1
5.173329830169678,1
5.228407382965088,1
5.161612510681152,1
5.248815536499023,1
5.301445960998535,1
5.207250595092773,1
5.189454078674316,1
5.175076007843018,1
5.245331764221191,1
5.162205696105957,1
5.201115608215332,1
5.205657482147217,1
5.282467842102051,1
5.1230363845825195,1
5.231799602508545,1
5.286078453063965,1
5.334691047668457,1
5.212505340576172,1
5.290064811706543,1
5.184262275695801,1
5.313015937805176,1
5.319479942321777,1
5.219329833984375,1
5.079789161682129,1
5.2472076416015625,1
5.268491744995117,1
5.236070156097412,1
5.167181968688965,1
5.247241020202637,1
5.248224258422852,1
5.20241641998291,1
5.245796203613281,1
5.326058387756348,1
5.1875457763671875,1
5.253308296203613,1
5.209547996520996,1
5.188324928283691,1
5.198393821716309,1
5.2201104164123535,1
5.225457191467285,1
5.224145889282227,1
5.1919331550598145,1
5.220541000366211,1
5.207679271697998,1
5.3042402267456055,1
5.297469139099121,1
5.289138317108154,1
5.161738872528076,1
5.239908218383789,1
5.286343574523926,1
5.198248863220215,1
5.285825252532959,1
5.243577003479004,1
5.424981594085693,1
5.345369815826416,1
5.194730281829834,1
5.224438667297363,1
5.256069183349609,1
5.2033843994140625,1
5.2432026863098145,1
5.28570032119751,1
5.325407028198242,1
5.301759719848633,1
5.256711006164551,1
5.219425201416016,1
5.342484474182129,1
5.231172561645508,1
5.271585941314697,1
5.265861511230469,1
5.27995491027832,1
5.223504066467285,1
5.311031341552734,1
5.217029571533203,1
5.267739295959473,1
5.251423358917236,1
5.209498405456543,1
5.238738059997559,1
5.195473670959473,1
5.2383012771606445,1
5.368006706237793,1
5.2213921546936035,1
5.195154190063477,1
5.190489768981934,1
5.243605136871338,1
5.245327949523926,1
5.1987457275390625,1
5.200164794921875,1
5.267940998077393,1
5.247097015380859,1
5.309591293334961,1
5.29000186920166,1
5.255643844604492,1
5.3037261962890625,1
5.225232124328613,1
5.212198257446289,1
5.159453392028809,1
5.3014678955078125,1
5.254912376403809,1
5.169824123382568,1
5.1814188957214355,1
5.209774971008301,1
5.195407390594482,1
5.276721954345703,1
5.230783939361572,1
5.251970291137695,1
5.212871074676514,1
5.2119140625,1
5.221966743469238,1
5.114676475524902,1
5.39283561706543,1
5.270832061767578,1
5.2542724609375,1
5.197726249694824,1
5.149839401245117,1
5.231114387512207,1
5.297404766082764,1
5.269842147827148,1
5.230535507202148,1
5.186531066894531,1
5.220834255218506,1
5.201886177062988,1
5.191885948181152,1
5.159958839416504,1
5.3012542724609375,1
5.297412872314453,1
5.300401210784912,1
5.217730522155762,1
5.224992752075195,1
5.225124359130859,1
5.258217811584473,1
5.201686382293701,1
5.269102096557617,1
5.382279396057129,1
5.231878280639648,1
5.248048305511475,1
5.267449378967285,1
5.104303359985352,1
5.25821590423584,1
5.195134162902832,1
5.205805778503418,1
5.236812591552734,1
5.22813606262207,1
5.214621543884277,1
5.198920726776123,1
5.158430099487305,1
5.215637683868408,1
5.287127494812012,1
5.212326526641846,1
5.215751647949219,1
5.223150730133057,1
5.234133720397949,1
5.144366264343262,1
5.3143630027771,1
5.259549140930176,1
5.241952896118164,1
5.1610517501831055,1
5.177419185638428,1
5.251008987426758,1
5.29951286315918,1
5.243169784545898,1
5.236230850219727,1
5.210226058959961,1
5.202312469482422,1
5.314789295196533,1
5.255792617797852,1
5.199336528778076,1
5.251004219055176,1
5.25365686416626,1
5.3304009437561035,1
5.2863359451293945,1
5.22298526763916,1
5.317041873931885,1
5.2757720947265625,1
5.276453495025635,1
5.165619373321533,1
5.2225260734558105,1
5.176479816436768,1
5.355129241943359,1
5.2111921310424805,1
5.126778602600098,1
5.1032185554504395,1
5.133812427520752,1
5.186081886291504,1
5.264828205108643,1
5.238794803619385,1
5.202764511108398,1
5.228144645690918,1
5.287600517272949,1
5.301324844360352,1
5.241671085357666,1
5.39918327331543,1
5.228726863861084,1
5.188182830810547,1
5.244065761566162,1
5.329185962677002,1
5.206017017364502,1
5.191778182983398,1
5.162508010864258,1
5.272845268249512,1
5.3256402015686035,1
5.327804088592529,1
5.327029228210449,1
5.206329345703125,1
5.2536234855651855,1
5.332956314086914,1
5.316242218017578,1
5.196030616760254,1
5.197391510009766,1
5.199400901794434,1
5.297599792480469,1
5.247626304626465,1
5.387389659881592,1
5.234738349914551,1
5.249399662017822,1
5.266158103942871,1
5.2219133377075195,1
5.293070316314697,1
5.209371566772461,1
5.26979923248291,1
5.193428039550781,1
5.264547348022461,1
5.262277126312256,1
5.322704315185547,1
5.290335655212402,1
5.22803258895874,1
5.235588073730469,1
5.248371601104736,1
5.197012424468994,1
5.300405025482178,1
5.192506790161133,1
5.325451850891113,1
5.174861907958984,1
5.202709197998047,1
5.203281402587891,1
5.252501487731934,1
5.210823059082031,1
5.2286505699157715,1
5.2782368659973145,1
5.171688079833984,1
5.2480149269104,1
5.268060684204102,1
5.220996856689453,1
5.258576393127441,1
5.3153791427612305,1
5.312922477722168,1
5.260636329650879,1
5.349223613739014,1
5.197746753692627,1
5.217738151550293,1
5.184194564819336,1
5.195695400238037,1
5.22469425201416,1
5.156054496765137,1
5.212483882904053,1
5.178752899169922,1
5.213508605957031,1
5.256889820098877,1
5.264342784881592,1
