5.183340072631836,1
5.271338939666748,1
5.235858917236328,1
5.1757402420043945,1
5.264138698577881,1
5.22619104385376,1
5.292954921722412,1
5.297242164611816,1
5.363813877105713,1
5.238192558288574,1
5.12132453918457,1
5.308837890625,1
5.354499816894531,1
5.181721210479736,1
5.283307075500488,1
5.279584884643555,1
5.280998229980469,1
5.210306644439697,1
5.231265544891357,1
5.2029829025268555,1
5.2937726974487305,1
5.261016845703125,1
5.2030415534973145,1
5.167049407958984,1
5.210441589355469,1
5.24398946762085,1
5.245790481567383,1
5.246350288391113,1
5.180482864379883,1
5.190546035766602,1
5.159359455108643,1
5.328957557678223,1
5.23069953918457,1
5.18864107131958,1
5.302579402923584,1
5.30269718170166,1
5.26900577545166,1
5.201298236846924,1
5.201459884643555,1
5.22761344909668,1
5.266529083251953,1
5.266993999481201,1
5.243474960327148,1
5.279222011566162,1
5.311773777008057,1
5.240972995758057,1
5.251529216766357,1
5.306001663208008,1
5.225282192230225,1
5.248683929443359,1
5.320112705230713,1
5.345688819885254,1
5.268171787261963,1
5.270345687866211,1
5.307963848114014,1
5.178463935852051,1
5.305256366729736,1
5.2546234130859375,1
5.1288251876831055,1
5.300180435180664,1
5.2540740966796875,1
5.206272602081299,1
5.322360038757324,1
5.2433319091796875,1
5.228377342224121,1
5.221018314361572,1
5.261372089385986,1
5.375047206878662,1
5.254936218261719,1
5.292693138122559,1
5.2801713943481445,1
5.21769905090332,1
5.259932518005371,1
5.302520751953125,1
5.277251243591309,1
5.300410747528076,1
5.287807941436768,1
5.292510986328125,1
5.18653678894043,1
5.209980487823486,1
5.28303337097168,1
5.344112396240234,1
5.233011722564697,1
5.293554306030273,1
5.348712921142578,1
5.17035436630249,1
5.296742916107178,1
5.247461318969727,1
5.252923011779785,1
5.219274520874023,1
5.1558685302734375,1
5.268908500671387,1
5.181067943572998,1
5.246527671813965,1
5.215420722961426,1
5.256368637084961,1
5.277463912963867,1
5.253637790679932,1
5.1464128494262695,1
5.282052993774414,1
5.20482873916626,1
5.186534881591797,1
5.254403114318848,1
5.184051513671875,1
5.201531410217285,1
5.245941638946533,1
5.265311241149902,1
5.2679243087768555,1
5.188358306884766,1
5.113150596618652,1
5.267502307891846,1
5.264642715454102,1
5.173125743865967,1
5.235931396484375,1
5.201148986816406,1
5.297798156738281,1
5.226872444152832,1
5.161047458648682,1
5.148261070251465,1
5.247756481170654,1
5.28455924987793,1
5.306206703186035,1
5.246278762817383,1
5.211302757263184,1
5.226034164428711,1
5.222196578979492,1
5.184942245483398,1
5.19297981262207,1
5.283537864685059,1
5.2585954666137695,1
5.284364223480225,1
5.311153411865234,1
5.188660621643066,1
5.264073848724365,1
5.153759956359863,1
5.295450210571289,1
5.288045883178711,1
5.251885890960693,1
5.265664100646973,1
5.304944038391113,1
5.284658908843994,1
5.135705947875977,1
5.1548309326171875,1
5.288671493530273,1
5.21598482131958,1
5.185606002807617,1
5.239753723144531,1
5.230895042419434,1
5.262097358703613,1
5.285168170928955,1
5.23751974105835,1
5.2463178634643555,1
5.215436935424805,1
5.195349216461182,1
5.188590049743652,1
5.208202362060547,1
5.210968017578125,1
5.169512748718262,1
5.130782127380371,1
5.238229751586914,1
5.245331287384033,1
5.228001594543457,1
5.194881916046143,1
5.260988712310791,1
5.230627536773682,1
5.312697410583496,1
5.285653114318848,1
5.194597244262695,1
5.2123260498046875,1
5.3133015632629395,1
5.2180657386779785,1
5.2197065353393555,1
5.211820602416992,1
5.231566429138184,1
5.2719316482543945,1
5.252902030944824,1
5.184071063995361,1
5.211232662200928,1
5.279364585876465,1
5.222278594970703,1
5.320529937744141,1
5.265213966369629,1
5.234586715698242,1
5.280905723571777,1
5.231327056884766,1
5.197373390197754,1
5.214293479919434,1
5.287325859069824,1
5.206476211547852,1
5.310181617736816,1
5.230180740356445,1
5.21476936340332,1
5.2487897872924805,1
5.203953266143799,1
5.175501823425293,1
5.242919921875,1
5.218520164489746,1
5.268431663513184,1
5.270485877990723,1
5.179059982299805,1
5.255815505981445,1
5.265071392059326,1
5.2150559425354,1
5.234160900115967,1
5.226663589477539,1
5.26896858215332,1
5.292740821838379,1
5.202571868896484,1
5.185339450836182,1
5.243993759155273,1
5.27373743057251,1
5.221468925476074,1
5.254208087921143,1
5.273427963256836,1
5.223000526428223,1
5.267338752746582,1
5.205290794372559,1
5.240494728088379,1
5.245672702789307,1
5.295951843261719,1
5.143878936767578,1
5.286796569824219,1
5.19255256652832,1
5.214748382568359,1
5.298291206359863,1
5.2634782791137695,1
5.202632904052734,1
5.2122087478637695,1
5.2897562980651855,1
5.25840950012207,1
5.112214088439941,1
5.238460063934326,1
5.20918083190918,1
5.356267929077148,1
5.117359161376953,1
5.242629051208496,1
5.141105651855469,1
5.219386100769043,1
5.237489223480225,1
5.291345119476318,1
5.236924171447754,1
5.181680679321289,1
5.313549041748047,1
5.234109401702881,1
5.200456619262695,1
5.195234298706055,1
5.288603782653809,1
5.213362693786621,1
5.176130294799805,1
5.264066696166992,1
5.32496452331543,1
5.344728469848633,1
5.22133731842041,1
5.2028703689575195,1
5.135380744934082,1
5.261154651641846,1
5.262774467468262,1
5.267261981964111,1
5.279756546020508,1
5.2002410888671875,1
5.230267524719238,1
5.1472368240356445,1
5.2649030685424805,1
5.28046178817749,1
5.2193803787231445,1
5.215828895568848,1
5.193386554718018,1
5.246592044830322,1
5.224541187286377,1
5.152930736541748,1
5.167829513549805,1
5.286235809326172,1
5.223968505859375,1
5.2643513679504395,1
5.257843017578125,1
5.215717315673828,1
5.1812639236450195,1
5.315767288208008,1
5.180986404418945,1
5.228157043457031,1
5.328339576721191,1
5.167211532592773,1
5.231193542480469,1
5.28640604019165,1
5.225088596343994,1
5.293723106384277,1
5.204318046569824,1
5.256983757019043,1
5.20849609375,1
5.25685977935791,1
5.252538204193115,1
5.189144611358643,1
5.233567237854004,1
5.188727855682373,1
5.167401313781738,1
5.221497535705566,1
5.1794843673706055,1
5.3280205726623535,1
5.3250322341918945,1
5.356481552124023,1
5.24114465713501,1
5.205569267272949,1
5.216472625732422,1
5.152890682220459,1
5.303131580352783,1
5.205883502960205,1
5.262585163116455,1
5.25324821472168,1
5.326234817504883,1
5.351227283477783,1
5.253419399261475,1
5.294310092926025,1
5.225161075592041,1
5.260148048400879,1
5.198329925537109,1
5.261523246765137,1
5.271217346191406,1
5.202718734741211,1
5.1901397705078125,1
5.250391006469727,1
5.319153785705566,1
5.191540718078613,1
5.286816596984863,1
5.2584638595581055,1
5.249422073364258,1
5.238100528717041,1
5.334249496459961,1
5.250870227813721,1
5.26114559173584,1
5.285830497741699,1
5.18879508972168,1
5.255044937133789,1
5.248599052429199,1
5.179305076599121,1
5.278342247009277,1
5.227691173553467,1
5.173766613006592,1
5.201471328735352,1
5.264225006103516,1
5.261620044708252,1
5.288796424865723,1
5.424184322357178,1
5.161107063293457,1
5.234136581420898,1
5.250217914581299,1
5.298039436340332,1
5.260486602783203,1
5.30819845199585,1
5.275629997253418,1
5.213430404663086,1
5.2455339431762695,1
5.290688514709473,1
5.1429948806762695,1
5.204045295715332,1
5.17172384262085,1
5.278865814208984,1
5.312103748321533,1
5.2566399574279785,1
5.158905029296875,1
5.21544885635376,1
5.324758529663086,1
5.245702743530273,1
5.256481647491455,1
5.284297943115234,1
5.161876678466797,1
5.246936798095703,1
5.219172477722168,1
5.277978897094727,1
5.268261909484863,1
5.252211093902588,1
5.324236869812012,1
5.334400653839111,1
5.258568286895752,1
5.202943325042725,1
5.252208709716797,1
5.273139953613281,1
5.151578903198242,1
5.283570289611816,1
5.149178504943848,1
5.272895336151123,1
5.127044200897217,1
5.186250686645508,1
5.267339706420898,1
5.27064323425293,1
5.316399574279785,1
5.17693567276001,1
5.262584209442139,1
5.2801432609558105,1
5.2105865478515625,1
5.312806129455566,1
5.26521110534668,1
5.141565799713135,1
5.174304962158203,1
5.2630510330200195,1
5.2506818771362305,1
5.251020431518555,1
5.275564670562744,1
5.220088005065918,1
5.200066566467285,1
5.239921569824219,1
5.274729251861572,1
5.234393119812012,1
5.316754341125488,1
5.347617149353027,1
5.311944007873535,1
5.186087608337402,1
5.19715690612793,1
5.212948322296143,1
5.264196395874023,1
5.268978595733643,1
5.334787368774414,1
5.228447437286377,1
5.225154399871826,1
5.2097625732421875,1
5.213153839111328,1
5.16604471206665,1
5.177700042724609,1
5.1523871421813965,1
5.307077407836914,1
5.241153240203857,1
5.123988628387451,1
5.259007453918457,1
5.229762077331543,1
5.186063289642334,1
5.280035495758057,1
5.27175235748291,1
5.244790077209473,1
5.327906131744385,1
5.299227714538574,1
5.234982490539551,1
5.172099590301514,1
5.269695281982422,1
5.232841491699219,1
5.237024784088135,1
5.228872299194336,1
5.2514328956604,1
5.211398124694824,1
5.207025527954102,1
5.226194381713867,1
5.202818870544434,1
5.141476154327393,1
5.260351657867432,1
5.191834449768066,1
5.286660671234131,1
5.2043256759643555,1
5.26308536529541,1
5.2835588455200195,1
5.27996826171875,1
5.248501300811768,1
5.282087802886963,1
5.196908950805664,1
5.2589898109436035,1
5.209263801574707,1
5.323392868041992,1
5.2744574546813965,1
5.234697341918945,1
5.280763626098633,1
5.1911725997924805,1
5.196648120880127,1
5.336659908294678,1
5.30191707611084,1
5.227994918823242,1
5.271543502807617,1
5.222986221313477,1
5.275213241577148,1
5.247622489929199,1
5.177779197692871,1
5.341618061065674,1
5.322707653045654,1
5.266218185424805,1
5.197900772094727,1
5.256983757019043,1
5.223153591156006,1
5.312743186950684,1
5.245418071746826,1
5.201539993286133,1
5.260591983795166,1
5.249542236328125,1
5.260952949523926,1
5.304168701171875,1
5.234011173248291,1
5.244698524475098,1
5.304040908813477,1
5.215732574462891,1
5.222400665283203,1
5.259413719177246,1
5.190848350524902,1
5.323314666748047,1
5.194736480712891,1
5.174188137054443,1
5.177206516265869,1
5.1059489250183105,1
5.246604919433594,1
5.292697906494141,1
5.217475891113281,1
5.20266580581665,1
5.189180374145508,1
5.2511796951293945,1
5.164875030517578,1
5.2629852294921875,1
5.265545845031738,1
5.27855920791626,1
5.345973968505859,1
5.259535789489746,1
5.197854042053223,1
5.244755268096924,1
5.139871120452881,1
5.2359418869018555,1
5.211513519287109,1
5.22728157043457,1
5.232219696044922,1
5.234292030334473,1
5.284642696380615,1
5.316697120666504,1
5.358970642089844,1
5.225735187530518,1
5.213040828704834,1
5.27130126953125,1
5.280590534210205,1
5.179868698120117,1
5.216067314147949,1
5.218230247497559,1
5.206162929534912,1
5.1792144775390625,1
5.24013614654541,1
5.284121513366699,1
5.250607013702393,1
5.187888145446777,1
5.228638172149658,1
5.211427688598633,1
5.323103904724121,1
5.255344390869141,1
5.223766326904297,1
5.314182281494141,1
5.257485389709473,1
5.211712837219238,1
5.202371597290039,1
5.255524635314941,1
5.142941951751709,1
5.303956031799316,1
5.22563362121582,1
5.195773601531982,1
5.229100227355957,1
5.253376007080078,1
5.2253923416137695,1
5.2218523025512695,1
5.315619945526123,1
5.341787338256836,1
5.249659061431885,1
5.323552131652832,1
5.214588165283203,1
5.234980583190918,1
5.184871673583984,1
5.2173357009887695,1
5.2718353271484375,1
5.250532150268555,1
5.144801139831543,1
5.3044514656066895,1
5.208169937133789,1
5.238308906555176,1
5.22567081451416,1
5.164298057556152,1
5.184210777282715,1
5.289559364318848,1
5.268376350402832,1
5.182795524597168,1
5.321002006530762,1
5.242744445800781,1
5.254846572875977,1
5.270986557006836,1
5.17453670501709,1
5.183266639709473,1
5.189916610717773,1
5.165631294250488,1
5.219804286956787,1
5.188534736633301,1
5.264348030090332,1
5.218088150024414,1
5.181723117828369,1
5.192148208618164,1
5.200963020324707,1
5.3756208419799805,1
5.341732025146484,1
5.25605583190918,1
5.124385833740234,1
5.29774808883667,1
5.32133150100708,1
5.292522430419922,1
5.297236919403076,1
5.309808731079102,1
5.236959457397461,1
5.243736267089844,1
5.18337345123291,1
5.154274940490723,1
5.245786666870117,1
5.2353925704956055,1
5.1753973960876465,1
5.214855194091797,1
5.281487941741943,1
5.227357387542725,1
5.1963982582092285,1
5.244476318359375,1
5.140742778778076,1
5.31675910949707,1
5.258181571960449,1
5.292928695678711,1
5.292055606842041,1
5.2909698486328125,1
5.260000228881836,1
5.265538215637207,1
5.2516655921936035,1
5.231391906738281,1
5.25393533706665,1
5.181597709655762,1
5.272270202636719,1
5.23691987991333,1
5.291086196899414,1
5.2293243408203125,1
5.205284595489502,1
5.171947002410889,1
5.202489852905273,1
5.272680282592773,1
5.229936599731445,1
5.190260410308838,1
5.253452301025391,1
5.298051834106445,1
5.362834453582764,1
5.40521240234375,1
5.228239059448242,1
5.192243576049805,1
5.1977152824401855,1
5.275152206420898,1
5.243631362915039,1
5.284064292907715,1
5.2064714431762695,1
5.243635654449463,1
5.350008487701416,1
5.197939395904541,1
5.215919017791748,1
5.1979522705078125,1
5.151329040527344,1
5.181149482727051,1
5.284863471984863,1
5.275055885314941,1
5.176473617553711,1
5.375403881072998,1
5.320491790771484,1
5.234536647796631,1
5.3114447593688965,1
5.180268287658691,1
5.256028652191162,1
5.2515130043029785,1
5.266702651977539,1
5.3631486892700195,1
5.227556228637695,1
5.232403755187988,1
5.253738880157471,1
5.20952844619751,1
5.2541608810424805,1
5.193614482879639,1
5.287609100341797,1
5.337047100067139,1
5.301355361938477,1
5.232590675354004,1
5.354676723480225,1
5.149386405944824,1
5.3198418617248535,1
5.30250358581543,1
5.321171760559082,1
5.252429008483887,1
5.227099895477295,1
5.204602241516113,1
5.222719669342041,1
5.310937881469727,1
5.265385627746582,1
5.2360100746154785,1
5.1515116691589355,1
5.2850341796875,1
5.228876113891602,1
5.23761510848999,1
5.171875,1
5.29068660736084,1
5.294500350952148,1
5.209894180297852,1
5.203357219696045,1
5.194235801696777,1
5.20231819152832,1
5.202498435974121,1
5.278784275054932,1
5.208059310913086,1
5.15626335144043,1
5.1444268226623535,1
5.25238561630249,1
5.218174934387207,1
5.260363578796387,1
5.227483749389648,1
5.294645309448242,1
5.151802062988281,1
5.216660499572754,1
5.270381927490234,1
5.28938102722168,1
5.302900314331055,1
5.17213249206543,1
5.2256011962890625,1
5.288642406463623,1
5.298356056213379,1
5.202258110046387,1
5.24193811416626,1
5.182769775390625,1
5.241769790649414,1
5.356295585632324,1
5.289411544799805,1
5.299424171447754,1
5.221824645996094,1
5.2864885330200195,1
5.353448867797852,1
5.202545642852783,1
5.24266242980957,1
5.258437633514404,1
5.194197654724121,1
5.296279430389404,1
5.265343189239502,1
5.192808628082275,1
5.164488792419434,1
5.180093288421631,1
5.209829330444336,1
5.246925354003906,1
5.239171504974365,1
5.252790451049805,1
5.209926128387451,1
5.288866996765137,1
5.216200828552246,1
5.2760820388793945,1
5.188961982727051,1
5.233342170715332,1
5.255721092224121,1
5.178379535675049,1
5.291609764099121,1
5.201870918273926,1
5.217007637023926,1
5.128177642822266,1
5.260730266571045,1
5.234612464904785,1
5.313310623168945,1
5.158093452453613,1
5.231074810028076,1
5.278329849243164,1
5.288329124450684,1
5.277951240539551,1
5.295194625854492,1
5.23679780960083,1
5.219210147857666,1
5.286022186279297,1
5.229866981506348,1
5.200045585632324,1
5.3366169929504395,1
5.147954940795898,1
5.241335868835449,1
5.212258815765381,1
5.166452407836914,1
5.167723655700684,1
5.258310317993164,1
5.272525787353516,1
5.32090950012207,1
5.277932167053223,1
5.295625686645508,1
5.2625508308410645,1
5.256817817687988,1
5.230314254760742,1
5.1988115310668945,1
5.185664176940918,1
5.185786247253418,1
5.174114227294922,1
5.248701095581055,1
5.253345489501953,1
5.2532148361206055,1
5.2615275382995605,1
5.29316520690918,1
5.212921619415283,1
5.264011383056641,1
5.276434898376465,1
5.322715759277344,1
5.318972110748291,1
5.4036664962768555,1
5.2319746017456055,1
5.253676414489746,1
5.215054988861084,1
5.421390533447266,1
5.258954048156738,1
5.289224624633789,1
5.282087326049805,1
5.251705646514893,1
5.348144054412842,1
5.280492782592773,1
5.212696075439453,1
5.326366424560547,1
5.181934356689453,1
5.201322555541992,1
5.2437825202941895,1
5.200222969055176,1
5.2870330810546875,1
5.296232223510742,1
5.209212303161621,1
5.204644203186035,1
5.16606330871582,1
5.234396934509277,1
5.259339332580566,1
5.230106353759766,1
5.2049126625061035,1
5.294857025146484,1
5.314469814300537,1
5.2415385246276855,1
5.230110168457031,1
5.265960693359375,1
5.212982177734375,1
5.262304306030273,1
5.249528884887695,1
5.232389450073242,1
5.156276702880859,1
5.177900314331055,1
5.293406009674072,1
5.172666549682617,1
5.1656389236450195,1
5.208597660064697,1
5.245200157165527,1
5.337316036224365,1
5.230334281921387,1
5.230639457702637,1
5.132847785949707,1
5.22713565826416,1
5.175921440124512,1
5.138150215148926,1
5.311402320861816,1
5.220681190490723,1
5.190057277679443,1
5.229275703430176,1
5.2737250328063965,1
5.278567314147949,1
5.194431781768799,1
5.300294399261475,1
5.2372918128967285,1
5.280032634735107,1
5.182624816894531,1
5.22660493850708,1
5.204526901245117,1
5.225188732147217,1
5.213262557983398,1
5.147666931152344,1
5.253730773925781,1
5.230609893798828,1
5.197022438049316,1
5.195653915405273,1
5.241703510284424,1
5.178775787353516,1
5.27577018737793,1
5.186468124389648,1
5.207850933074951,1
5.246670722961426,1
5.288800239562988,1
5.274540901184082,1
5.205994606018066,1
5.237471580505371,1
5.283851623535156,1
5.278463840484619,1
5.294124603271484,1
5.343184471130371,1
5.174460411071777,1
5.23507833480835,1
5.291355133056641,1
5.2813825607299805,1
5.336554527282715,1
5.278833389282227,1
5.220051288604736,1
5.173274993896484,1
5.259660720825195,1
5.197543144226074,1
5.3021650314331055,1
5.205013275146484,1
5.201623916625977,1
5.168734550476074,1
5.283782958984375,1
5.1641435623168945,1
5.2288055419921875,1
5.228724479675293,1
5.218044281005859,1
5.299053192138672,1
5.206730365753174,1
5.281894683837891,1
5.277024269104004,1
5.225622177124023,1
5.273950576782227,1
5.2183756828308105,1
5.25559663772583,1
5.2004852294921875,1
5.229859828948975,1
5.225743293762207,1
5.233031749725342,1
5.296034336090088,1
5.276982307434082,1
5.284498691558838,1
5.189947605133057,1
5.058524131774902,1
5.3000288009643555,1
5.261961936950684,1
5.2591633796691895,1
5.224102973937988,1
5.251944541931152,1
5.258536338806152,1
5.28494930267334,1
5.152182579040527,1
5.160642623901367,1
5.235375881195068,1
5.335704803466797,1
5.216158390045166,1
5.265795707702637,1
5.140664100646973,1
5.194128036499023,1
5.289615631103516,1
5.162171363830566,1
5.2782440185546875,1
5.1824212074279785,1
5.257428169250488,1
5.334270000457764,1
5.158507347106934,1
5.224330902099609,1
5.284675598144531,1
5.221372604370117,1
5.238137245178223,1
5.326224327087402,1
5.183567523956299,1
5.223484039306641,1
5.179164886474609,1
5.246138572692871,1
5.199976444244385,1
5.261080741882324,1
5.244783401489258,1
5.273640155792236,1
5.287753105163574,1
5.209041595458984,1
5.267416954040527,1
5.22918701171875,1
5.191458702087402,1
5.183579444885254,1
5.211935997009277,1
5.1640944480896,1
5.249017238616943,1
5.126270294189453,1
5.299410820007324,1
5.302495002746582,1
5.172863006591797,1
5.1848344802856445,1
5.366098880767822,1
5.1918134689331055,1
5.21299934387207,1
5.237787246704102,1
5.246376991271973,1
5.1927595138549805,1
5.260231971740723,1
5.205459117889404,1
5.226682186126709,1
5.318371772766113,1
5.19655704498291,1
5.233543395996094,1
5.236554145812988,1
5.3221564292907715,1
5.161783218383789,1
5.279025077819824,1
5.155222415924072,1
5.248368263244629,1
5.2599945068359375,1
5.159218788146973,1
5.261204242706299,1
5.25148868560791,1
5.259289264678955,1
5.3316426277160645,1
5.227241039276123,1
5.222846508026123,1
5.243957042694092,1
5.13311243057251,1
5.221784591674805,1
5.2846221923828125,1
5.259641647338867,1
5.247824668884277,1
5.209163665771484,1
5.226090431213379,1
5.2452192306518555,1
5.127552509307861,1
5.161860466003418,1
5.303443908691406,1
5.258791923522949,1
5.341191291809082,1
5.27719783782959,1
5.228424072265625,1
5.22052001953125,1
5.224294662475586,1
5.085152626037598,1
5.199127197265625,1
5.338525295257568,1
5.154950141906738,1
5.289464950561523,1
5.174383163452148,1
5.2359113693237305,1
5.229869365692139,1
5.177825927734375,1
5.297052383422852,1
5.121866226196289,1
5.317796230316162,1
5.261147499084473,1
5.286783218383789,1
5.288823127746582,1
5.272723197937012,1
5.275881767272949,1
5.169472694396973,1
5.219740867614746,1
5.220145225524902,1
5.277273178100586,1
5.27195405960083,1
5.240826606750488,1
5.2016496658325195,1
5.189423561096191,1
5.206435680389404,1
5.2651872634887695,1
5.189876556396484,1
5.321504592895508,1
5.245949745178223,1
5.185330390930176,1
5.293177127838135,1
5.3189215660095215,1
5.238550186157227,1
5.241567611694336,1
5.183681964874268,1
5.257909774780273,1
5.194570541381836,1
5.213467121124268,1
5.201030731201172,1
5.283049583435059,1
5.200769424438477,1
5.19699239730835,1
5.259177207946777,1
5.3809356689453125,1
5.199223041534424,1
5.278522491455078,1
5.276395797729492,1
5.287351608276367,1
5.2514543533325195,1
5.327714920043945,1
5.282741546630859,1
5.161484718322754,1
5.305549621582031,1
5.166147708892822,1
5.244129180908203,1
5.191655158996582,1
5.319026470184326,1
5.321829795837402,1
5.284396171569824,1
5.268038749694824,1
5.341090202331543,1
5.251686096191406,1
5.34536075592041,1
5.244532585144043,1
5.293698310852051,1
5.291327476501465,1
5.1951775550842285,1
5.3024492263793945,1
5.250367164611816,1
5.340338230133057,1
5.168444633483887,1
5.251019477844238,1
5.237936496734619,1
5.236574172973633,1
5.266633987426758,1
5.200473308563232,1
5.288354396820068,1
5.270678520202637,1
5.31876802444458,1
5.260685920715332,1
5.237159252166748,1
5.295599937438965,1
5.288863182067871,1
5.275814533233643,1
5.300871849060059,1
5.3209733963012695,1
5.260230541229248,1
5.206881523132324,1
5.158351898193359,1
5.289667129516602,1
5.297334671020508,1
5.269876480102539,1
5.179568290710449,1
5.185559272766113,1
5.143836975097656,1
5.335522651672363,1
5.2178239822387695,1
5.121353626251221,1
5.237305641174316,1
5.194876194000244,1
5.250226020812988,1
5.272429466247559,1
5.144281387329102,1
5.2436065673828125,1
5.28589391708374,1
5.319769382476807,1
5.3137526512146,1
5.311617374420166,1
5.259091377258301,1
5.336643695831299,1
5.235020637512207,1
5.1954345703125,1
5.21634578704834,1
5.192981719970703,1
5.359434127807617,1
5.223823070526123,1
5.233521461486816,1
5.253094673156738,1
5.141426086425781,1
5.330440998077393,1
5.213006973266602,1
5.2931108474731445,1
5.174092769622803,1
5.228813171386719,1
5.32834529876709,1
5.290462017059326,1
5.304422378540039,1
5.182221412658691,1
5.21502685546875,1
5.275511264801025,1
5.223873138427734,1
5.2374677658081055,1
5.175107002258301,1
5.253190040588379,1
5.137907028198242,1
5.388089656829834,1
5.249514579772949,1
5.264363765716553,1
5.275485992431641,1
5.258249282836914,1
5.235324859619141,1
5.307908058166504,1
5.210385799407959,1
5.289906024932861,1
5.320566654205322,1
5.250409126281738,1
5.310755729675293,1
5.209334373474121,1
5.2492995262146,1
5.2434916496276855,1
5.257479667663574,1
5.149269104003906,1
5.192873477935791,1
5.265677452087402,1
5.177628040313721,1
5.2808427810668945,1
5.25675106048584,1
5.210131645202637,1
5.24547004699707,1
5.155914306640625,1
5.305596351623535,1
5.172842502593994,1
5.243130207061768,1
5.236117362976074,1
5.223664283752441,1
5.198118209838867,1
5.180610179901123,1
5.194438934326172,1
5.208442687988281,1
5.213480472564697,1
5.257729530334473,1
5.208259582519531,1
5.266685485839844,1
5.218193531036377,1
5.234901428222656,1
5.281408309936523,1
5.224290370941162,1
5.222827911376953,1
5.234256744384766,1
5.244542598724365,1
5.272167682647705,1
5.275558948516846,1
5.168903350830078,1
5.309685707092285,1
5.209071636199951,1
5.2123823165893555,1
5.306272029876709,1
5.184730529785156,1
5.2593207359313965,1
5.272610664367676,1
5.173592567443848,1
5.17708683013916,1
5.223076820373535,1
5.335072994232178,1
5.214822769165039,1
5.220308780670166,1
5.250011444091797,1
5.271717071533203,1
5.155994415283203,1
5.216794013977051,1
5.306762218475342,1
5.21272087097168,1
5.315210342407227,1
5.21705436706543,1
5.306479454040527,1
5.232846260070801,1
5.2877960205078125,1
5.278827667236328,1
5.246011734008789,1
5.229482650756836,1
5.20717191696167,1
5.251163482666016,1
5.156790256500244,1
5.200976371765137,1
5.306893348693848,1
5.355355262756348,1
5.21736478805542,1
5.242450714111328,1
5.293484210968018,1
5.19742488861084,1
5.196835517883301,1
5.22466516494751,1
5.147037506103516,1
5.219442844390869,1
5.254762172698975,1
5.249853134155273,1
5.211326599121094,1
5.216436386108398,1
5.253187656402588,1
5.237575531005859,1
5.335722923278809,1
5.273365497589111,1
5.307080268859863,1
5.293408393859863,1
5.236711025238037,1
5.248361110687256,1
5.1496076583862305,1
5.215331077575684,1
5.138884544372559,1
5.254465103149414,1
5.297734260559082,1
5.2141523361206055,1
5.184861183166504,1
5.256312370300293,1
5.210195541381836,1
5.226941108703613,1
5.226954460144043,1
5.159245491027832,1
5.2480268478393555,1
5.274270534515381,1
5.246155738830566,1
5.326309680938721,1
5.285075664520264,1
5.312324047088623,1
5.200281143188477,1
5.147055625915527,1
5.163661003112793,1
5.222155570983887,1
5.218355178833008,1
5.246031761169434,1
5.167064666748047,1
5.215859413146973,1
5.325516700744629,1
5.221494674682617,1
5.257720947265625,1
5.25811767578125,1
5.210927963256836,1
5.315431118011475,1
5.210981369018555,1
5.252172470092773,1
5.216945648193359,1
5.344937324523926,1
5.237800121307373,1
5.1980485916137695,1
5.161313056945801,1
5.187490463256836,1
5.396476745605469,1
5.172406196594238,1
5.194532871246338,1
5.213534355163574,1
5.320720672607422,1
5.183633804321289,1
5.159221172332764,1
5.2709503173828125,1
5.200974464416504,1
5.176526069641113,1
5.216583251953125,1
5.269718647003174,1
5.121896266937256,1
5.269476413726807,1
5.235279083251953,1
5.180582046508789,1
5.285536766052246,1
5.1778459548950195,1
5.274105548858643,1
5.407752513885498,1
5.207201957702637,1
5.3163323402404785,1
5.325206756591797,1
5.248284816741943,1
5.253157615661621,1
5.325835227966309,1
5.192130088806152,1
5.160283088684082,1
5.274690628051758,1
5.290849685668945,1
5.103043556213379,1
5.224387168884277,1
5.225852966308594,1
5.1612091064453125,1
5.325788974761963,1
5.300722599029541,1
5.246644020080566,1
5.227536201477051,1
5.194736957550049,1
5.255096912384033,1
5.177270412445068,1
5.173771858215332,1
5.247867584228516,1
5.29604434967041,1
5.225828647613525,1
5.2002129554748535,1
5.312839508056641,1
5.25829553604126,1
5.277355194091797,1
5.16886568069458,1
5.197596549987793,1
5.273355484008789,1
5.2105712890625,1
5.182682037353516,1
5.173041343688965,1
5.273559093475342,1
5.291783332824707,1
5.248724460601807,1
5.142836093902588,1
5.282278537750244,1
5.27709436416626,1
5.270516395568848,1
5.284692764282227,1
5.186550617218018,1
5.353243827819824,1
5.304647445678711,1
5.26490592956543,1
5.225619316101074,1
5.233203887939453,1
5.26770544052124,1
5.189062595367432,1
5.28056526184082,1
5.280880928039551,1
5.230779647827148,1
5.355048179626465,1
5.165634632110596,1
5.129175186157227,1
5.195295810699463,1
5.262991905212402,1
5.354338645935059,1
5.240035533905029,1
5.224743843078613,1
5.332582473754883,1
5.207607269287109,1
5.145565986633301,1
5.242783546447754,1
5.24193000793457,1
5.257996559143066,1
5.275308132171631,1
5.205354690551758,1
5.290496826171875,1
5.199376106262207,1
5.110805034637451,1
5.2509989738464355,1
5.32424259185791,1
5.305864334106445,1
5.223340034484863,1
5.223686695098877,1
5.2015790939331055,1
5.24334716796875,1
5.264636039733887,1
5.243771553039551,1
5.302513122558594,1
5.179777145385742,1
5.114236831665039,1
5.248620510101318,1
5.306896209716797,1
5.366352081298828,1
5.281206130981445,1
5.201093673706055,1
5.176543235778809,1
5.231710433959961,1
5.278351306915283,1
5.313928604125977,1
5.313462257385254,1
5.217866897583008,1
5.175447940826416,1
5.272285461425781,1
5.259721755981445,1
5.2319488525390625,1
5.237018585205078,1
5.2512359619140625,1
5.216214179992676,1
5.3155364990234375,1
5.2520976066589355,1
5.2940168380737305,1
5.268630027770996,1
5.294259071350098,1
5.302667140960693,1
5.250632286071777,1
5.202329635620117,1
5.200089931488037,1
5.211764812469482,1
5.289886474609375,1
5.21527099609375,1
5.2280354499816895,1
5.202568531036377,1
5.265041351318359,1
5.17751407623291,1
5.359933853149414,1
5.317540645599365,1
5.230838775634766,1
5.1527299880981445,1
5.13148307800293,1
5.246715545654297,1
5.245339393615723,1
5.236968994140625,1
5.248457908630371,1
5.2385640144348145,1
5.175736427307129,1
5.19797420501709,1
5.3082194328308105,1
5.26207971572876,1
5.167286396026611,1
5.28848934173584,1
5.261061668395996,1
5.26790714263916,1
5.355473518371582,1
5.206974029541016,1
5.182523727416992,1
5.25597620010376,1
5.388092994689941,1
5.192404747009277,1
5.16903829574585,1
5.220465183258057,1
5.322852611541748,1
5.216233730316162,1
5.321425914764404,1
5.331766128540039,1
5.2010369300842285,1
5.339764595031738,1
5.302650451660156,1
5.264942169189453,1
5.329710006713867,1
5.236851692199707,1
5.236556053161621,1
5.313040733337402,1
5.289975643157959,1
5.137414932250977,1
5.153563499450684,1
5.265087127685547,1
5.199854373931885,1
5.205633163452148,1
5.242610931396484,1
5.205498695373535,1
5.3056640625,1
5.303679466247559,1
5.230813026428223,1
5.276238441467285,1
5.176421642303467,1
5.187498092651367,1
5.254766464233398,1
5.223694324493408,1
5.20111083984375,1
5.286768913269043,1
5.203878402709961,1
5.198476791381836,1
5.232283592224121,1
5.29692268371582,1
5.221683979034424,1
5.162335395812988,1
5.261486053466797,1
5.279726505279541,1
5.282315254211426,1
5.284784317016602,1
5.270810127258301,1
5.157975196838379,1
5.230013847351074,1
5.2363152503967285,1
5.165616989135742,1
5.194761753082275,1
5.200285911560059,1
5.255880355834961,1
5.20355224609375,1
5.210000991821289,1
5.230188369750977,1
5.284276962280273,1
5.257259368896484,1
5.220418930053711,1
5.193672180175781,1
5.219671726226807,1
5.214376449584961,1
5.30609130859375,1
5.178204536437988,1
5.174277305603027,1
5.168517112731934,1
5.202005386352539,1
5.304927825927734,1
5.224465370178223,1
5.234076499938965,1
5.367440700531006,1
5.18403959274292,1
5.22283935546875,1
5.289471626281738,1
5.193456649780273,1
5.214502334594727,1
5.230757713317871,1
5.223170280456543,1
5.286818504333496,1
5.190598011016846,1
5.130288124084473,1
5.266645431518555,1
5.32646369934082,1
5.182636260986328,1
5.297881126403809,1
5.338918685913086,1
5.326786041259766,1
5.327060699462891,1
5.244389533996582,1
5.223198890686035,1
5.26765775680542,1
5.215952396392822,1
5.2227301597595215,1
5.254673480987549,1
5.169214248657227,1
5.266417980194092,1
5.254621982574463,1
5.260204792022705,1
5.195768356323242,1
5.23139762878418,1
5.258111953735352,1
5.304718971252441,1
5.188843727111816,1
5.168584823608398,1
5.249371528625488,1
5.213761329650879,1
5.249377250671387,1
5.244650840759277,1
5.234309196472168,1
5.175823211669922,1
5.265876770019531,1
5.274023056030273,1
5.244531154632568,1
5.196449279785156,1
5.208254814147949,1
5.294483184814453,1
5.3858323097229,1
5.263419151306152,1
5.23507022857666,1
5.188822269439697,1
5.344353675842285,1
5.283186912536621,1
5.271182060241699,1
5.187154769897461,1
5.198897361755371,1
5.156455993652344,1
5.248764514923096,1
5.2968974113464355,1
5.180616855621338,1
5.278792381286621,1
5.253872871398926,1
5.203094482421875,1
5.29761266708374,1
5.258007049560547,1
5.224569320678711,1
5.353549003601074,1
5.283829689025879,1
5.231201171875,1
5.266985893249512,1
5.243765354156494,1
5.260358810424805,1
5.304287910461426,1
5.158527374267578,1
5.316566467285156,1
5.364877700805664,1
5.277186393737793,1
5.275796890258789,1
5.260565757751465,1
5.258065223693848,1
5.273994445800781,1
5.255231857299805,1
5.2364606857299805,1
5.322352409362793,1
5.22617244720459,1
5.207733154296875,1
5.1948323249816895,1
5.182392597198486,1
5.239121437072754,1
5.285465717315674,1
5.213069915771484,1
5.2245354652404785,1
5.251938819885254,1
5.345578193664551,1
5.312851905822754,1
5.203508377075195,1
5.23178768157959,1
5.176112174987793,1
5.130882263183594,1
5.241352558135986,1
5.236940383911133,1
5.2388014793396,1
5.176560401916504,1
5.164890289306641,1
5.196826934814453,1
5.238482475280762,1
5.296106815338135,1
5.243693828582764,1
5.256447792053223,1
5.245058059692383,1
5.314512252807617,1
5.247270107269287,1
5.120454788208008,1
5.295068740844727,1
5.366528511047363,1
5.170158386230469,1
5.252391338348389,1
5.285830497741699,1
5.308186054229736,1
5.195782661437988,1
5.210223197937012,1
5.264890193939209,1
5.3911356925964355,1
5.208775520324707,1
5.187976837158203,1
5.194543838500977,1
5.255135536193848,1
5.3712992668151855,1
5.2366557121276855,1
5.24163293838501,1
5.2814483642578125,1
5.306936740875244,1
5.233280181884766,1
5.295738220214844,1
5.268060684204102,1
5.411942005157471,1
5.2874436378479,1
5.259906768798828,1
5.281954765319824,1
5.3396782875061035,1
5.30113410949707,1
5.260465621948242,1
5.233705997467041,1
5.180478096008301,1
5.204317092895508,1
5.221587657928467,1
5.245898723602295,1
5.312900066375732,1
5.293240070343018,1
5.2733306884765625,1
5.184652328491211,1
5.214199066162109,1
5.165619373321533,1
5.303999900817871,1
5.275976657867432,1
5.145092487335205,1
5.310803413391113,1
5.296899795532227,1
5.317428112030029,1
5.159716606140137,1
5.278335094451904,1
5.199196815490723,1
5.170320510864258,1
5.273869514465332,1
5.1563920974731445,1
5.249288558959961,1
5.244210720062256,1
5.24716854095459,1
5.305814743041992,1
5.218716144561768,1
5.249937534332275,1
5.316822052001953,1
5.244296073913574,1
5.201887130737305,1
5.171865463256836,1
5.285255432128906,1
5.238680362701416,1
5.3082733154296875,1
5.248357772827148,1
5.179439544677734,1
5.311522006988525,1
5.1780900955200195,1
5.232058048248291,1
5.207634925842285,1
5.203319549560547,1
5.170568466186523,1
5.275600433349609,1
5.234416961669922,1
5.209043025970459,1
5.281284332275391,1
5.292959690093994,1
5.25259256362915,1
5.263849258422852,1
5.216938018798828,1
5.223280429840088,1
5.244153022766113,1
5.205202102661133,1
5.20594596862793,1
5.187372207641602,1
5.266199588775635,1
5.2427897453308105,1
5.172245502471924,1
5.25233268737793,1
5.308717250823975,1
5.223056793212891,1
5.2558417320251465,1
5.227815628051758,1
5.2504987716674805,1
5.174066543579102,1
5.2349700927734375,1
5.185646057128906,1
5.267775535583496,1
5.189620494842529,1
5.223295211791992,1
5.2721710205078125,1
5.182239532470703,1
5.167400360107422,1
5.241325378417969,1
5.201437950134277,1
5.246694564819336,1
5.325455665588379,1
5.307615280151367,1
5.247525691986084,1
5.172840118408203,1
5.3191819190979,1
5.248161315917969,1
5.20993709564209,1
5.227668762207031,1
5.279532432556152,1
5.215451240539551,1
5.243964195251465,1
5.161182403564453,1
5.19822359085083,1
5.172215461730957,1
5.192789077758789,1
5.2647809982299805,1
5.2999067306518555,1
5.218471050262451,1
5.145696640014648,1
5.275631427764893,1
5.318824768066406,1
5.3037919998168945,1
5.291463375091553,1
5.2366180419921875,1
5.285058975219727,1
5.360263824462891,1
5.286390781402588,1
5.159670829772949,1
5.2233052253723145,1
5.171055316925049,1
5.271596908569336,1
5.237245559692383,1
5.258692741394043,1
5.211420059204102,1
5.2450666427612305,1
5.219708442687988,1
5.175055503845215,1
5.231059551239014,1
5.208919525146484,1
5.244474411010742,1
5.281403064727783,1
5.187308311462402,1
5.147028923034668,1
5.350306510925293,1
5.159423351287842,1
5.234477519989014,1
5.334489822387695,1
5.237192153930664,1
5.167572021484375,1
5.241058349609375,1
5.247282028198242,1
5.258870601654053,1
5.273303508758545,1
5.200316429138184,1
5.283749580383301,1
5.248483657836914,1
5.284749984741211,1
5.2113213539123535,1
5.247822284698486,1
5.212360382080078,1
5.2099609375,1
5.139498710632324,1
5.301725387573242,1
5.284399509429932,1
5.239911079406738,1
5.174017906188965,1
5.258759498596191,1
5.246462821960449,1
5.247737407684326,1
5.2272539138793945,1
5.215063095092773,1
5.216695785522461,1
5.347048759460449,1
5.253263473510742,1
5.228669166564941,1
5.248235702514648,1
5.189977645874023,1
5.177681922912598,1
5.198447227478027,1
5.243875503540039,1
5.269097805023193,1
5.252130508422852,1
5.310212135314941,1
5.19484806060791,1
5.224798202514648,1
5.218080520629883,1
5.230313777923584,1
5.163951873779297,1
5.219372272491455,1
5.335901737213135,1
5.311027526855469,1
5.213835716247559,1
5.1840643882751465,1
5.188242435455322,1
5.167726516723633,1
5.204076766967773,1
5.263710975646973,1
5.264468193054199,1
5.377712249755859,1
5.2886152267456055,1
5.1983184814453125,1
5.306131362915039,1
5.229312896728516,1
5.2491655349731445,1
5.301273345947266,1
5.210355758666992,1
5.255050182342529,1
5.299136161804199,1
5.249004364013672,1
5.26637601852417,1
5.178808212280273,1
5.2001752853393555,1
5.240405082702637,1
5.154468536376953,1
5.331678867340088,1
5.279060363769531,1
5.320077896118164,1
5.292540073394775,1
5.18496036529541,1
5.2525434494018555,1
5.179718017578125,1
5.183249473571777,1
5.171216011047363,1
5.311368942260742,1
5.295725345611572,1
5.372368812561035,1
5.23745059967041,1
5.224800109863281,1
5.242455005645752,1
5.286831855773926,1
5.139382362365723,1
5.224660873413086,1
5.203198432922363,1
5.314960479736328,1
5.324796676635742,1
5.214383125305176,1
5.1818976402282715,1
5.178892135620117,1
5.286825180053711,1
5.2961344718933105,1
5.281203269958496,1
5.206995010375977,1
5.223951816558838,1
5.304475784301758,1
5.233781814575195,1
5.300631999969482,1
5.225676536560059,1
5.21981954574585,1
5.227189064025879,1
5.1464996337890625,1
5.190019607543945,1
5.252203941345215,1
5.342209339141846,1
5.236740589141846,1
5.26342248916626,1
5.311893939971924,1
5.274271011352539,1
5.322086334228516,1
5.285091400146484,1
5.243223190307617,1
5.164664268493652,1
5.289141654968262,1
5.220921993255615,1
5.148458480834961,1
5.325647354125977,1
5.2413740158081055,1
5.2824578285217285,1
5.187840461730957,1
5.183543682098389,1
5.174982070922852,1
5.1770710945129395,1
5.30190896987915,1
5.27436637878418,1
5.25208044052124,1
5.292209625244141,1
5.298887252807617,1
5.192592620849609,1
5.323065280914307,1
5.259438514709473,1
5.223109245300293,1
5.273307800292969,1
5.209625244140625,1
5.280696868896484,1
5.199438095092773,1
5.259288311004639,1
5.195986747741699,1
5.199329376220703,1
5.261456489562988,1
5.236946105957031,1
5.161749839782715,1
5.251051902770996,1
5.199017524719238,1
5.261013984680176,1
5.307254791259766,1
5.289140701293945,1
5.267546653747559,1
5.140628814697266,1
5.244340896606445,1
5.201901912689209,1
5.219103813171387,1
5.216491222381592,1
5.275321006774902,1
5.242997169494629,1
5.2557172775268555,1
5.195590972900391,1
5.273811340332031,1
5.266592979431152,1
5.218842029571533,1
5.250462532043457,1
5.169137954711914,1
5.195037364959717,1
5.18133544921875,1
5.247282028198242,1
5.23460578918457,1
5.241499900817871,1
5.166806221008301,1
5.219365119934082,1
5.259774208068848,1
5.183132171630859,1
5.176807403564453,1
5.324577331542969,1
5.277244567871094,1
5.215750694274902,1
5.261059284210205,1
5.179521560668945,1
5.193866729736328,1
5.150277614593506,1
5.271825790405273,1
5.199374198913574,1
5.215791702270508,1
5.259006977081299,1
5.251866340637207,1
5.238859176635742,1
5.25307035446167,1
5.310873985290527,1
5.282989501953125,1
5.243768215179443,1
5.2655839920043945,1
5.263432502746582,1
5.232805252075195,1
5.27763557434082,1
5.313611030578613,1
5.154378890991211,1
5.1115617752075195,1
5.301105976104736,1
5.289467811584473,1
5.222358703613281,1
5.191164970397949,1
5.204184055328369,1
5.158962726593018,1
5.259496688842773,1
5.23370885848999,1
5.3047943115234375,1
5.23008918762207,1
5.273821830749512,1
5.250817775726318,1
5.21232795715332,1
5.2866644859313965,1
5.234884262084961,1
5.302057266235352,1
5.216694355010986,1
5.217483997344971,1
5.257116794586182,1
5.228285789489746,1
5.206448078155518,1
5.181687355041504,1
5.354086875915527,1
5.224645137786865,1
5.292916297912598,1
5.2766265869140625,1
5.163263320922852,1
5.362725734710693,1
5.217215538024902,1
5.262484550476074,1
5.216324329376221,1
5.227577209472656,1
5.204092979431152,1
5.200019836425781,1
5.210690498352051,1
5.344615936279297,1
5.273857116699219,1
5.265127182006836,1
5.173951148986816,1
5.293025970458984,1
5.243478298187256,1
5.173848628997803,1
5.331143379211426,1
5.238000869750977,1
5.223058700561523,1
5.192085266113281,1
5.246015548706055,1
5.251148223876953,1
5.2494988441467285,1
5.251219272613525,1
5.171289920806885,1
5.334291934967041,1
5.275417327880859,1
5.244255542755127,1
5.233024597167969,1
5.303806304931641,1
5.20557165145874,1
5.232255458831787,1
5.249400615692139,1
5.179826259613037,1
5.211921215057373,1
5.247725963592529,1
5.329117298126221,1
5.213034629821777,1
5.246241569519043,1
5.176354885101318,1
5.157284736633301,1
5.301737308502197,1
5.305628776550293,1
5.244746208190918,1
5.366357803344727,1
5.15386438369751,1
5.357934474945068,1
5.260138988494873,1
5.16994571685791,1
5.272511959075928,1
5.238667964935303,1
5.129875183105469,1
5.222612380981445,1
5.21660852432251,1
5.295096397399902,1
5.231311798095703,1
5.176424503326416,1
5.247511863708496,1
5.259465217590332,1
5.240359306335449,1
5.184391975402832,1
5.32700777053833,1
5.242876052856445,1
5.272678375244141,1
5.25247049331665,1
5.152907371520996,1
5.213239669799805,1
5.3220624923706055,1
5.2327375411987305,1
5.266420841217041,1
5.1554741859436035,1
5.2689666748046875,1
5.166263580322266,1
5.263811111450195,1
5.2143073081970215,1
5.237789154052734,1
5.3665266036987305,1
5.352148056030273,1
5.204362869262695,1
5.147120475769043,1
5.262939453125,1
5.192379474639893,1
5.295315265655518,1
5.252757549285889,1
5.2295379638671875,1
5.280496597290039,1
5.151787757873535,1
5.193033218383789,1
5.261813640594482,1
5.249222755432129,1
5.2105607986450195,1
5.187262058258057,1
5.267996311187744,1
5.260307312011719,1
5.2130022048950195,1
5.245940208435059,1
5.163750648498535,1
5.177573204040527,1
5.159830093383789,1
5.236942768096924,1
5.376311779022217,1
5.252492904663086,1
5.142549514770508,1
5.346802711486816,1
5.242002010345459,1
5.266231536865234,1
5.201199054718018,1
5.076354026794434,1
5.268304824829102,1
5.233539581298828,1
5.208705902099609,1
5.216527938842773,1
5.164628028869629,1
5.307538986206055,1
5.275984287261963,1
5.184024333953857,1
5.192473888397217,1
5.354729652404785,1
5.278207778930664,1
5.2329630851745605,1
5.291444778442383,1
5.152082920074463,1
5.246829032897949,1
5.270074367523193,1
5.121553897857666,1
5.288550853729248,1
5.226628303527832,1
5.220357418060303,1
5.149139404296875,1
5.258120536804199,1
5.278757572174072,1
5.261173248291016,1
5.252317428588867,1
5.230068683624268,1
5.239299297332764,1
5.244949817657471,1
5.23584508895874,1
5.198215961456299,1
5.229800701141357,1
5.0920491218566895,1
5.248878479003906,1
5.293649673461914,1
5.316276550292969,1
5.360462188720703,1
5.220887184143066,1
5.155754566192627,1
5.1807861328125,1
5.236172199249268,1
5.2159624099731445,1
5.3083391189575195,1
5.233752250671387,1
5.207587718963623,1
5.154209136962891,1
5.141095161437988,1
5.138223171234131,1
5.226293087005615,1
5.326595783233643,1
5.187150001525879,1
5.108439922332764,1
5.246186256408691,1
5.207279682159424,1
5.301434516906738,1
5.207897663116455,1
5.126588821411133,1
5.25734806060791,1
5.234745979309082,1
5.337126731872559,1
5.231561660766602,1
5.159196853637695,1
5.294557094573975,1
5.27747917175293,1
5.268096923828125,1
5.251002311706543,1
5.258001327514648,1
5.1786789894104,1
5.209423065185547,1
5.164955139160156,1
5.284110069274902,1
5.205992221832275,1
5.243326187133789,1
5.1673736572265625,1
5.1931657791137695,1
5.264711380004883,1
5.214653015136719,1
5.263531684875488,1
5.298042297363281,1
5.2313103675842285,1
5.226700782775879,1
5.314861297607422,1
5.272149085998535,1
5.201894760131836,1
5.253843307495117,1
5.286189079284668,1
5.255362033843994,1
5.230834007263184,1
5.282646179199219,1
5.339974403381348,1
5.303261756896973,1
5.2083940505981445,1
5.279839038848877,1
5.348545551300049,1
5.298065185546875,1
5.325845718383789,1
5.190612316131592,1
5.1485114097595215,1
5.19101619720459,1
5.25419807434082,1
5.201777458190918,1
5.230010986328125,1
5.276968002319336,1
5.251031875610352,1
5.215199947357178,1
5.190371513366699,1
5.268024444580078,1
5.176829814910889,1
5.233213424682617,1
5.187338829040527,1
5.238512992858887,1
5.314650535583496,1
5.2273993492126465,1
5.200453758239746,1
5.139020919799805,1
5.289880752563477,1
5.263088226318359,1
5.269492149353027,1
5.145340919494629,1
5.254770755767822,1
5.363822937011719,1
5.1944661140441895,1
5.277172088623047,1
5.33347749710083,1
5.175350666046143,1
5.200181007385254,1
5.261107444763184,1
5.234920978546143,1
5.279112815856934,1
5.25637674331665,1
5.214924335479736,1
5.172667503356934,1
5.186125755310059,1
5.167839050292969,1
5.200034141540527,1
5.310288429260254,1
5.229860305786133,1
5.262725830078125,1
5.212193489074707,1
5.257430076599121,1
5.216655731201172,1
5.204285621643066,1
5.2932257652282715,1
5.178156852722168,1
5.1916985511779785,1
5.18367862701416,1
5.337967872619629,1
5.243773460388184,1
5.330386161804199,1
5.388234615325928,1
5.18031644821167,1
5.2502617835998535,1
5.147748947143555,1
5.337382793426514,1
5.285965442657471,1
5.285407066345215,1
5.195589542388916,1
5.190661907196045,1
5.188591480255127,1
5.319171905517578,1
5.190934181213379,1
5.259922981262207,1
5.265369415283203,1
5.21451997756958,1
5.393041610717773,1
5.216822624206543,1
5.200793266296387,1
5.237584114074707,1
5.219277381896973,1
5.231069564819336,1
5.276994705200195,1
5.23721981048584,1
5.294081687927246,1
5.2143168449401855,1
5.242225170135498,1
5.324363708496094,1
5.276678562164307,1
5.317273139953613,1
5.321378707885742,1
5.247337818145752,1
5.250814437866211,1
5.233039379119873,1
5.167698860168457,1
5.280660629272461,1
5.164670944213867,1
5.241613388061523,1
5.297814846038818,1
5.350440979003906,1
5.302103519439697,1
5.282439708709717,1
5.19206428527832,1
5.337570667266846,1
5.232785224914551,1
5.245883941650391,1
5.195237159729004,1
5.267611503601074,1
5.255606651306152,1
5.254167556762695,1
5.268603324890137,1
5.302433490753174,1
5.2055864334106445,1
5.257433891296387,1
5.188011169433594,1
5.196759223937988,1
5.1872735023498535,1
5.2835469245910645,1
5.180530548095703,1
5.255990982055664,1
5.232519149780273,1
5.291304588317871,1
5.283782005310059,1
5.299477577209473,1
5.21387243270874,1
5.1761064529418945,1
5.222806930541992,1
5.212375640869141,1
5.255880355834961,1
5.354288578033447,1
5.211250305175781,1
5.3188796043396,1
5.256235122680664,1
5.254385948181152,1
5.133131980895996,1
5.190937519073486,1
5.333281517028809,1
5.262613296508789,1
5.180214881896973,1
5.267145156860352,1
5.133843421936035,1
5.177105903625488,1
5.162662506103516,1
5.243216037750244,1
5.289710998535156,1
5.345134735107422,1
5.224242687225342,1
5.298153400421143,1
5.200618743896484,1
5.315764904022217,1
5.173110008239746,1
5.2834577560424805,1
5.352655410766602,1
5.19490909576416,1
5.2350873947143555,1
5.173880577087402,1
5.168088436126709,1
5.401815891265869,1
5.210053443908691,1
5.166959762573242,1
5.271790504455566,1
5.33285665512085,1
5.234947204589844,1
5.303158760070801,1
5.2075300216674805,1
5.197023391723633,1
5.260721206665039,1
5.239998817443848,1
5.235030174255371,1
5.2970709800720215,1
5.184462547302246,1
5.297544479370117,1
5.2305684089660645,1
5.253163814544678,1
5.311289310455322,1
5.209322929382324,1
5.236037254333496,1
5.203137397766113,1
5.260522842407227,1
5.260817527770996,1
5.306948184967041,1
5.2677435874938965,1
5.240847587585449,1
5.233089447021484,1
5.273906230926514,1
5.204985618591309,1
5.2381062507629395,1
5.189704895019531,1
5.201511383056641,1
5.265101909637451,1
5.271271705627441,1
5.175504684448242,1
5.221642971038818,1
5.2253265380859375,1
5.242086410522461,1
5.205905914306641,1
5.1445088386535645,1
5.278084754943848,1
5.2853498458862305,1
5.226719856262207,1
5.267132759094238,1
5.191287994384766,1
5.219018936157227,1
5.2849884033203125,1
5.25249719619751,1
5.220128536224365,1
5.271774768829346,1
5.252176284790039,1
5.198516845703125,1
5.3106536865234375,1
5.173011302947998,1
5.280874252319336,1
5.257681369781494,1
5.248629093170166,1
5.175090312957764,1
5.270613670349121,1
5.238356590270996,1
5.205196380615234,1
5.254670143127441,1
5.223389625549316,1
5.1747660636901855,1
5.282781600952148,1
5.073673248291016,1
5.214015960693359,1
5.289580821990967,1
5.300624847412109,1
5.218595504760742,1
5.241207599639893,1
5.355691909790039,1
5.305099964141846,1
5.259958267211914,1
5.309350967407227,1
5.253514289855957,1
5.2705979347229,1
5.201360702514648,1
5.256438255310059,1
5.237700462341309,1
5.232920169830322,1
5.24324893951416,1
5.317528247833252,1
5.2470550537109375,1
5.242733478546143,1
5.253841876983643,1
5.328634262084961,1
5.230377197265625,1
5.268640518188477,1
5.220385551452637,1
5.285829544067383,1
5.154661178588867,1
5.315749168395996,1
5.180444717407227,1
5.32600212097168,1
5.268056869506836,1
5.318198204040527,1
5.225039005279541,1
5.143866539001465,1
5.240689754486084,1
5.286459922790527,1
5.236322402954102,1
5.134782791137695,1
5.219507217407227,1
5.214044570922852,1
5.254693031311035,1
5.244363784790039,1
5.285045146942139,1
5.3019700050354,1
5.172169208526611,1
5.286706924438477,1
5.256205081939697,1
5.330303192138672,1
5.189244270324707,1
5.280378341674805,1
5.315780162811279,1
5.171626091003418,1
5.209751129150391,1
5.243017196655273,1
5.233826637268066,1
5.161311626434326,1
5.2940993309021,1
5.204486846923828,1
5.2593488693237305,1
5.286563873291016,1
5.305759429931641,1
5.236608505249023,1
5.250907897949219,1
5.198101043701172,1
5.286084175109863,1
5.342541694641113,1
5.23178768157959,1
5.327935695648193,1
5.251438617706299,1
5.246042251586914,1
5.262287139892578,1
5.265532493591309,1
5.148213863372803,1
5.209431171417236,1
5.237210273742676,1
5.289286136627197,1
5.3033270835876465,1
5.188006401062012,1
5.252105712890625,1
5.263883590698242,1
5.327991485595703,1
5.220986366271973,1
5.317610263824463,1
5.277432441711426,1
5.306426048278809,1
5.335238456726074,1
5.299981117248535,1
5.362567901611328,1
5.254227161407471,1
5.228610992431641,1
5.28342342376709,1
5.255391597747803,1
5.278391361236572,1
5.135660171508789,1
5.194901466369629,1
5.330440521240234,1
5.184319496154785,1
5.26782751083374,1
5.2624993324279785,1
5.238088607788086,1
5.231234550476074,1
5.224355697631836,1
5.181851863861084,1
5.196440696716309,1
5.169742584228516,1
5.410520553588867,1
5.200957298278809,1
5.294820308685303,1
5.297204971313477,1
5.243251323699951,1
5.210972785949707,1
5.0824151039123535,1
5.285304546356201,1
5.291093826293945,1
5.188389778137207,1
5.249521255493164,1
5.216939926147461,1
5.23979377746582,1
5.197140216827393,1
5.201262950897217,1
5.222516059875488,1
5.327402114868164,1
5.2498650550842285,1
5.259113311767578,1
5.207776069641113,1
5.275465965270996,1
5.207949161529541,1
5.132518768310547,1
5.167095184326172,1
5.260602951049805,1
5.244803428649902,1
5.157884120941162,1
5.194952964782715,1
5.227845191955566,1
5.29971981048584,1
5.299253463745117,1
5.251603126525879,1
5.1880083084106445,1
5.171383857727051,1
5.263405799865723,1
5.1871538162231445,1
5.206367492675781,1
5.285856246948242,1
5.200677871704102,1
5.284210205078125,1
5.29876708984375,1
5.17708158493042,1
5.309709548950195,1
5.2351226806640625,1
5.280389785766602,1
5.3325324058532715,1
5.1599531173706055,1
5.2383270263671875,1
5.252043724060059,1
5.223523139953613,1
5.303755760192871,1
5.355322360992432,1
5.149441242218018,1
5.245828628540039,1
5.189680099487305,1
5.206652641296387,1
5.323975563049316,1
5.253714084625244,1
5.215677261352539,1
5.254612445831299,1
5.305487632751465,1
5.197718143463135,1
5.252652645111084,1
5.293534755706787,1
5.20100212097168,1
5.229063034057617,1
5.264035224914551,1
5.280981063842773,1
5.322012424468994,1
5.206678867340088,1
5.2816667556762695,1
5.21031379699707,1
5.236560821533203,1
5.175777435302734,1
5.2531208992004395,1
5.265436172485352,1
5.202383995056152,1
5.294285297393799,1
5.211041450500488,1
5.235076427459717,1
5.243081092834473,1
5.22052001953125,1
5.253072738647461,1
5.2033915519714355,1
5.280811786651611,1
5.2067461013793945,1
5.275056838989258,1
5.378693103790283,1
5.246337413787842,1
5.246503829956055,1
5.2052412033081055,1
5.251039981842041,1
5.178493022918701,1
5.184991836547852,1
5.1518235206604,1
5.247317314147949,1
5.230004787445068,1
5.273273468017578,1
5.208988189697266,1
5.2027387619018555,1
5.258767604827881,1
5.204807758331299,1
5.29970121383667,1
5.241501808166504,1
5.192780494689941,1
5.163300514221191,1
5.150275230407715,1
5.24376106262207,1
5.3017425537109375,1
5.25883150100708,1
5.257646560668945,1
5.240002632141113,1
5.285946369171143,1
5.090524196624756,1
5.261070251464844,1
5.20191764831543,1
5.282620906829834,1
5.182977676391602,1
5.314584732055664,1
5.165379047393799,1
5.212943077087402,1
5.230844497680664,1
5.269097328186035,1
5.20991325378418,1
5.245996475219727,1
5.232328414916992,1
5.293417453765869,1
5.260746002197266,1
5.370609760284424,1
5.206874370574951,1
5.19966983795166,1
5.132555961608887,1
5.2638630867004395,1
5.222714424133301,1
5.268520832061768,1
5.233497619628906,1
5.2406110763549805,1
5.215837478637695,1
5.287296295166016,1
5.1881422996521,1
5.244083404541016,1
5.209128379821777,1
5.235911846160889,1
5.202219009399414,1
5.263210773468018,1
5.309877872467041,1
5.197084903717041,1
5.2298431396484375,1
5.16664981842041,1
5.275901794433594,1
5.153177738189697,1
5.322179317474365,1
5.269737243652344,1
5.293213367462158,1
5.245141983032227,1
5.2606425285339355,1
5.2547454833984375,1
5.205937385559082,1
5.291900157928467,1
5.2308526039123535,1
5.3140058517456055,1
5.199803352355957,1
5.27993106842041,1
5.190034866333008,1
5.237344264984131,1
5.291260242462158,1
5.21849250793457,1
5.298426151275635,1
5.183222770690918,1
5.208551406860352,1
5.319482326507568,1
5.3034138679504395,1
5.150303363800049,1
5.2290120124816895,1
5.2308197021484375,1
5.239408493041992,1
5.318478584289551,1
5.215142726898193,1
5.276754379272461,1
5.1395978927612305,1
5.265827178955078,1
5.297903060913086,1
5.322485446929932,1
5.233046054840088,1
5.342398643493652,1
5.359369277954102,1
5.220855712890625,1
5.25699520111084,1
5.181575775146484,1
5.195082664489746,1
5.303753852844238,1
5.335226058959961,1
5.207307815551758,1
5.215418815612793,1
5.353540897369385,1
5.33620548248291,1
5.234400749206543,1
5.257811546325684,1
5.353387832641602,1
5.218084335327148,1
5.243452072143555,1
5.1367645263671875,1
5.126413345336914,1
5.37490177154541,1
5.2600603103637695,1
5.32694149017334,1
5.232763290405273,1
5.200680732727051,1
5.359199047088623,1
5.431208610534668,1
5.296013832092285,1
5.202627658843994,1
5.372013568878174,1
5.197188377380371,1
5.288945198059082,1
5.25485897064209,1
5.252202033996582,1
5.18979024887085,1
5.1538848876953125,1
5.208710670471191,1
5.188503742218018,1
5.186389923095703,1
5.2231245040893555,1
5.244541168212891,1
5.136336803436279,1
5.334018707275391,1
5.240826606750488,1
5.2220778465271,1
5.259672164916992,1
5.247377872467041,1
5.142255783081055,1
5.281421661376953,1
5.182622909545898,1
5.172278881072998,1
5.34079647064209,1
5.214372634887695,1
5.203365325927734,1
5.224416732788086,1
5.319953441619873,1
5.305517196655273,1
5.203371047973633,1
5.329839706420898,1
5.237827301025391,1
5.249117374420166,1
5.223194122314453,1
5.220236301422119,1
5.2213053703308105,1
5.28648567199707,1
5.298308372497559,1
5.152246952056885,1
5.214151382446289,1
5.205448627471924,1
5.349645614624023,1
5.198032379150391,1
5.234482288360596,1
5.168583869934082,1
5.211997985839844,1
5.183503150939941,1
5.110596656799316,1
5.2030510902404785,1
5.291654586791992,1
5.29856014251709,1
5.209147930145264,1
5.298309326171875,1
5.321160316467285,1
5.16370153427124,1
5.254352569580078,1
5.145756721496582,1
5.247915267944336,1
5.135993003845215,1
5.285081386566162,1
5.271275520324707,1
5.18482780456543,1
5.232120513916016,1
5.28433895111084,1
5.292616844177246,1
5.2894368171691895,1
5.194742202758789,1
5.2489166259765625,1
5.266787052154541,1
5.241621017456055,1
5.1911516189575195,1
5.159974098205566,1
5.201656818389893,1
5.211426734924316,1
5.2601776123046875,1
5.239070892333984,1
5.289590835571289,1
5.22477912902832,1
5.192706108093262,1
5.2312140464782715,1
5.274367809295654,1
5.257622718811035,1
5.261512756347656,1
5.304409027099609,1
5.315724849700928,1
5.2501540184021,1
5.282221794128418,1
5.267194747924805,1
5.234274864196777,1
5.222259998321533,1
5.239544868469238,1
5.2968244552612305,1
5.215142250061035,1
5.204052925109863,1
5.293094635009766,1
5.220207214355469,1
5.287840366363525,1
5.244468688964844,1
5.282324314117432,1
5.2363691329956055,1
5.297938346862793,1
5.276788234710693,1
5.171255111694336,1
5.171657562255859,1
5.1918134689331055,1
5.320176124572754,1
5.126373291015625,1
5.27094030380249,1
5.342475891113281,1
5.193032264709473,1
5.206168174743652,1
5.160277366638184,1
5.251889228820801,1
5.266399383544922,1
5.183834075927734,1
5.173160552978516,1
5.238021373748779,1
5.2121124267578125,1
5.216890335083008,1
5.213719367980957,1
5.1965789794921875,1
5.28338098526001,1
5.1865153312683105,1
5.212480545043945,1
5.276059627532959,1
5.174269199371338,1
5.228096961975098,1
5.24744987487793,1
5.22015380859375,1
5.280495643615723,1
5.171438217163086,1
5.336931228637695,1
5.264488220214844,1
5.235724449157715,1
5.275724411010742,1
5.3430328369140625,1
5.281179428100586,1
5.180368900299072,1
5.3035173416137695,1
5.257561683654785,1
5.214588165283203,1
5.326094150543213,1
5.265651702880859,1
5.273009300231934,1
5.21655797958374,1
5.2093987464904785,1
5.231830596923828,1
5.273123741149902,1
5.326229095458984,1
5.216838836669922,1
5.222332000732422,1
5.275473594665527,1
5.198512077331543,1
5.208311080932617,1
5.179895877838135,1
5.219565391540527,1
5.188038349151611,1
5.276416778564453,1
5.26166296005249,1
5.254127025604248,1
5.161404132843018,1
5.310695171356201,1
5.278007507324219,1
5.297643661499023,1
5.231749534606934,1
5.274715900421143,1
5.121767044067383,1
5.192744255065918,1
5.266270637512207,1
5.287569999694824,1
5.254477024078369,1
5.155106544494629,1
5.258399486541748,1
5.310594081878662,1
5.138525009155273,1
5.206119537353516,1
5.275264263153076,1
5.244721412658691,1
5.329317092895508,1
5.3058061599731445,1
5.120674133300781,1
5.281057357788086,1
5.217296600341797,1
5.261540412902832,1
5.370784759521484,1
5.25233268737793,1
5.254293441772461,1
5.266417503356934,1
5.100244522094727,1
5.233808517456055,1
5.260005474090576,1
5.236784934997559,1
5.303248405456543,1
5.1307549476623535,1
5.237175941467285,1
5.274855136871338,1
5.215865612030029,1
5.240626811981201,1
5.171198844909668,1
5.110452651977539,1
5.354867458343506,1
5.289701461791992,1
5.211276054382324,1
5.262266159057617,1
5.243863105773926,1
5.24659538269043,1
5.269367218017578,1
5.335550308227539,1
5.22294807434082,1
5.257944107055664,1
5.324223518371582,1
5.286977767944336,1
5.321624279022217,1
5.295446395874023,1
5.225534439086914,1
5.263647079467773,1
5.188050746917725,1
5.352995872497559,1
5.14096212387085,1
5.204878807067871,1
5.2151288986206055,1
5.245286464691162,1
5.323999404907227,1
5.242396354675293,1
5.241040229797363,1
5.235766410827637,1
5.232654571533203,1
5.282622337341309,1
5.329588890075684,1
5.214137077331543,1
5.271994113922119,1
5.265168190002441,1
5.222733497619629,1
5.178954124450684,1
5.270431041717529,1
5.218428134918213,1
5.221282005310059,1
5.273504257202148,1
5.195395469665527,1
5.189621925354004,1
5.206255912780762,1
5.266411304473877,1
5.263820648193359,1
5.24182653427124,1
5.293269634246826,1
5.322648048400879,1
5.216888427734375,1
5.288238525390625,1
5.262776851654053,1
5.27506160736084,1
5.191592216491699,1
5.117434024810791,1
5.2383527755737305,1
5.316271781921387,1
5.270493507385254,1
5.350586891174316,1
5.126217842102051,1
5.300132751464844,1
5.263075351715088,1
5.207945823669434,1
5.233088970184326,1
5.265826225280762,1
5.280758857727051,1
5.275071144104004,1
5.100799083709717,1
5.246272087097168,1
5.273205757141113,1
5.204939842224121,1
5.228285789489746,1
5.341672897338867,1
5.210227012634277,1
5.242745399475098,1
5.249621391296387,1
5.237451553344727,1
5.2113142013549805,1
5.30507230758667,1
5.251095771789551,1
5.310035705566406,1
5.170709609985352,1
5.20147180557251,1
5.2820658683776855,1
5.221944808959961,1
5.248108863830566,1
5.25793981552124,1
5.165143966674805,1
5.217824935913086,1
5.235671043395996,1
5.209388256072998,1
5.197004318237305,1
5.349017143249512,1
5.186151504516602,1
5.253979682922363,1
5.243244171142578,1
5.295168876647949,1
5.280182838439941,1
5.238827705383301,1
5.299833297729492,1
5.23807954788208,1
5.20559024810791,1
5.187278747558594,1
5.217642784118652,1
5.253393650054932,1
5.241785049438477,1
5.197727680206299,1
5.318884372711182,1
5.193557262420654,1
5.343392848968506,1
5.241068363189697,1
5.201939582824707,1
5.2727460861206055,1
5.171696662902832,1
5.2680463790893555,1
5.299067497253418,1
5.115172386169434,1
5.305948734283447,1
5.240342617034912,1
5.174030780792236,1
5.238792896270752,1
5.29980993270874,1
5.222982406616211,1
5.256636142730713,1
5.222220420837402,1
5.272616863250732,1
5.243996620178223,1
5.265876293182373,1
5.242584705352783,1
5.219359397888184,1
5.2675395011901855,1
5.1723480224609375,1
5.299639701843262,1
5.225968360900879,1
5.244260311126709,1
5.251428127288818,1
5.295187950134277,1
5.245009422302246,1
5.247313022613525,1
5.208859443664551,1
5.112678527832031,1
5.237703800201416,1
5.23089599609375,1
5.296627044677734,1
5.252676486968994,1
5.233828544616699,1
5.20588493347168,1
5.24120569229126,1
5.297025680541992,1
5.168026924133301,1
5.238428115844727,1
5.252676010131836,1
5.216967582702637,1
5.276747226715088,1
5.271241188049316,1
5.22242546081543,1
5.301628112792969,1
5.22071647644043,1
5.272090911865234,1
5.170845031738281,1
5.21728515625,1
5.328094959259033,1
5.249841690063477,1
5.184487342834473,1
5.186505317687988,1
5.264613151550293,1
5.230747699737549,1
5.202520370483398,1
5.223562717437744,1
5.207035064697266,1
5.347305774688721,1
5.29083251953125,1
5.207192420959473,1
5.270397186279297,1
5.2754106521606445,1
5.194181442260742,1
5.294107437133789,1
5.232769966125488,1
5.277618885040283,1
5.221756935119629,1
5.259214401245117,1
5.200416564941406,1
5.252380847930908,1
5.137338161468506,1
5.31331729888916,1
5.2486772537231445,1
5.240298271179199,1
5.224239349365234,1
5.233337879180908,1
5.230815887451172,1
5.243011474609375,1
5.236375331878662,1
5.274135589599609,1
5.207366943359375,1
5.156854152679443,1
5.262162685394287,1
5.267913818359375,1
5.286026954650879,1
5.336848258972168,1
5.223389625549316,1
5.252310276031494,1
5.269659996032715,1
5.2851667404174805,1
5.32427453994751,1
5.175298690795898,1
5.319149971008301,1
5.110042572021484,1
5.272228240966797,1
5.255764007568359,1
5.235915660858154,1
5.361946105957031,1
5.241654396057129,1
5.1691131591796875,1
5.201806545257568,1
5.209230422973633,1
5.296126365661621,1
5.199132919311523,1
5.186845779418945,1
5.307629108428955,1
5.269299507141113,1
5.309044361114502,1
5.208611488342285,1
5.315471649169922,1
5.195949554443359,1
5.168165683746338,1
5.304164886474609,1
5.286487102508545,1
5.14338493347168,1
5.296238899230957,1
5.217747688293457,1
5.273396968841553,1
5.207856178283691,1
5.369995594024658,1
5.238110542297363,1
5.258427619934082,1
5.128866195678711,1
5.238038539886475,1
5.237758636474609,1
5.282465934753418,1
5.198225975036621,1
