3.3648171424865723,1
6.761437892913818,1
3.712754726409912,1
4.374637126922607,1
3.417196750640869,1
3.5234625339508057,1
4.053271293640137,1
4.655019760131836,1
3.442589044570923,1
3.096038818359375,1
4.07692289352417,1
3.4431309700012207,1
3.319524049758911,1
3.4915874004364014,1
3.149723529815674,1
3.3263769149780273,1
3.741847038269043,1
4.073670864105225,1
3.2813682556152344,1
3.748763084411621,1
3.1977620124816895,1
3.5478720664978027,1
3.362452507019043,1
3.3979663848876953,1
3.765298843383789,1
3.3126015663146973,1
3.6262459754943848,1
3.2431719303131104,1
3.2524173259735107,1
3.50166654586792,1
3.7542154788970947,1
3.0829105377197266,1
3.73667573928833,1
3.5002424716949463,1
3.479579210281372,1
3.422290086746216,1
3.5592658519744873,1
3.5510497093200684,1
3.211305856704712,1
3.43778920173645,1
2.638801097869873,1
3.4442427158355713,1
3.4397799968719482,1
3.905334234237671,1
3.363223075866699,1
3.191978931427002,1
4.602994918823242,1
3.182434558868408,1
3.35203218460083,1
4.025683879852295,1
3.86069393157959,1
3.173229694366455,1
3.6752090454101563,1
3.7583460807800293,1
3.52638578414917,1
3.7079527378082275,1
4.019838333129883,1
3.8308773040771484,1
3.4393484592437744,1
3.510251045227051,1
3.2459919452667236,1
3.3454504013061523,1
3.2329862117767334,1
3.274334192276001,1
4.078936576843262,1
4.42832088470459,1
3.0070385932922363,1
3.68546724319458,1
3.334343671798706,1
3.918790340423584,1
3.775719165802002,1
3.2979650497436523,1
3.809262990951538,1
3.7452263832092285,1
3.5996663570404053,1
2.8155059814453125,1
3.552971601486206,1
3.351255178451538,1
3.3032596111297607,1
3.16827392578125,1
3.157564163208008,1
3.3838720321655273,1
3.954801082611084,1
3.5487637519836426,1
2.9734177589416504,1
2.701295852661133,1
3.29797625541687,1
3.4791650772094727,1
3.5105128288269043,1
2.7537083625793457,1
3.504523515701294,1
3.5828745365142822,1
3.6402533054351807,1
3.6510181427001953,1
3.250246047973633,1
3.9598278999328613,1
4.775249004364014,1
3.4022626876831055,1
3.7475643157958984,1
4.3345489501953125,1
3.0769906044006348,1
3.1333141326904297,1
3.7880756855010986,1
3.8059990406036377,1
3.4160335063934326,1
3.2846341133117676,1
3.8367319107055664,1
4.7259135246276855,1
4.251764297485352,1
3.0384764671325684,1
3.629956007003784,1
4.031049728393555,1
3.024343967437744,1
4.190131187438965,1
3.395838737487793,1
3.8604483604431152,1
3.0435755252838135,1
3.0685184001922607,1
3.493046760559082,1
3.244452953338623,1
3.357131242752075,1
3.1541223526000977,1
2.9584150314331055,1
3.6158299446105957,1
3.8211350440979004,1
3.3398990631103516,1
3.4245781898498535,1
3.3081722259521484,1
3.6519222259521484,1
3.767324447631836,1
3.498731851577759,1
3.572235584259033,1
3.0608296394348145,1
3.2524404525756836,1
3.9957151412963867,1
3.8216209411621094,1
3.278749465942383,1
3.4640798568725586,1
3.185549259185791,1
3.8692569732666016,1
3.5321614742279053,1
3.073131561279297,1
3.2469449043273926,1
3.6271657943725586,1
4.3131842613220215,1
3.42598295211792,1
3.2007641792297363,1
3.4731831550598145,1
3.586892604827881,1
3.3022689819335938,1
3.2001047134399414,1
3.421375274658203,1
3.5673506259918213,1
3.215118646621704,1
3.380770206451416,1
3.788005828857422,1
2.9741547107696533,1
3.1354479789733887,1
3.244049072265625,1
2.8261196613311768,1
3.259896755218506,1
3.4716649055480957,1
3.4943313598632813,1
3.1964664459228516,1
3.6050004959106445,1
4.101890563964844,1
3.7659945487976074,1
3.463350296020508,1
3.2392120361328125,1
3.763256072998047,1
3.8986032009124756,1
3.443439483642578,1
3.2596545219421387,1
3.704529285430908,1
3.6955056190490723,1
3.2998127937316895,1
3.2351999282836914,1
3.893690824508667,1
3.286897659301758,1
3.2523093223571777,1
3.4312362670898438,1
3.2427821159362793,1
3.4976954460144043,1
3.65321946144104,1
3.47878360748291,1
3.888587474822998,1
3.319169044494629,1
3.8056883811950684,1
3.960162878036499,1
3.7975502014160156,1
3.403799057006836,1
3.636190414428711,1
3.8837268352508545,1
3.592172145843506,1
2.950258731842041,1
3.6465888023376465,1
4.637940883636475,1
3.4227914810180664,1
4.380223274230957,1
3.7326602935791016,1
4.189233779907227,1
3.7542200088500977,1
4.091239929199219,1
3.8576431274414063,1
3.424311637878418,1
3.816758632659912,1
3.875703811645508,1
3.1839113235473633,1
4.114116668701172,1
2.5653440952301025,1
4.033771514892578,1
4.149358749389648,1
3.6527369022369385,1
3.224562168121338,1
3.4395878314971924,1
3.764686346054077,1
4.235018730163574,1
3.2813162803649902,1
3.7023980617523193,1
3.76865291595459,1
3.6006054878234863,1
3.469481945037842,1
3.6544017791748047,1
3.103776454925537,1
3.756664276123047,1
3.5838162899017334,1
3.796210289001465,1
3.39687442779541,1
3.9820570945739746,1
3.666034698486328,1
3.2836880683898926,1
3.5408377647399902,1
3.770826816558838,1
3.588050365447998,1
3.862511157989502,1
3.8032965660095215,1
3.7183804512023926,1
3.4136805534362793,1
3.3919553756713867,1
3.5674071311950684,1
3.303950786590576,1
4.433274269104004,1
2.932953119277954,1
3.7327911853790283,1
3.5211009979248047,1
3.4768595695495605,1
3.765697956085205,1
3.753188371658325,1
3.9095749855041504,1
3.438937187194824,1
3.2389488220214844,1
3.3663201332092285,1
2.8901774883270264,1
3.428192615509033,1
3.146603584289551,1
3.212904214859009,1
3.950546979904175,1
3.8370864391326904,1
3.5452351570129395,1
3.214672803878784,1
2.8206214904785156,1
3.7930941581726074,1
3.4307968616485596,1
3.4346041679382324,1
3.472752332687378,1
3.32344388961792,1
2.5759925842285156,1
4.360769271850586,1
3.40685772895813,1
3.6671576499938965,1
3.763673782348633,1
3.3537209033966064,1
3.5970892906188965,1
3.402470588684082,1
3.138683319091797,1
3.2977423667907715,1
3.5785984992980957,1
3.5815792083740234,1
3.138622760772705,1
3.5403823852539063,1
2.8952479362487793,1
3.2869763374328613,1
4.138223171234131,1
3.2506842613220215,1
3.7632994651794434,1
3.7673654556274414,1
3.387340784072876,1
3.0561304092407227,1
4.101977348327637,1
3.884317398071289,1
3.495175838470459,1
3.457153797149658,1
3.0300498008728027,1
3.8734235763549805,1
4.0341796875,1
2.8391377925872803,1
3.6184778213500977,1
3.3671517372131348,1
3.407606601715088,1
2.9484612941741943,1
3.376330852508545,1
3.5667800903320313,1
3.203608989715576,1
3.523852825164795,1
3.6886024475097656,1
3.4886107444763184,1
3.299752950668335,1
3.4145889282226563,1
3.155895709991455,1
3.6562886238098145,1
4.363948345184326,1
3.907700538635254,1
6.808553695678711,1
3.3759877681732178,1
3.1886043548583984,1
3.736387252807617,1
3.389925003051758,1
3.351616382598877,1
3.890626907348633,1
3.088508129119873,1
2.6726396083831787,1
3.9441885948181152,1
3.7402045726776123,1
2.973282814025879,1
3.264660120010376,1
3.3310837745666504,1
3.3857972621917725,1
2.9964609146118164,1
2.9856796264648438,1
3.69977068901062,1
3.2744669914245605,1
3.379991054534912,1
3.6877074241638184,1
3.8021655082702637,1
3.889036178588867,1
4.027553081512451,1
4.147706985473633,1
3.1482245922088623,1
3.5820822715759277,1
3.9469447135925293,1
3.6151552200317383,1
3.7782349586486816,1
4.196986198425293,1
3.0419483184814453,1
3.846388101577759,1
3.4850282669067383,1
4.1263322830200195,1
3.5416083335876465,1
3.1974446773529053,1
4.372119903564453,1
2.977388858795166,1
3.288679838180542,1
3.3390657901763916,1
3.4937782287597656,1
3.5010509490966797,1
3.652517318725586,1
3.6146278381347656,1
3.336789846420288,1
3.7826695442199707,1
3.893195629119873,1
3.5828256607055664,1
3.3581924438476563,1
3.1348843574523926,1
3.4319076538085938,1
3.4642586708068848,1
2.8094022274017334,1
3.7090604305267334,1
3.3243062496185303,1
3.9284508228302,1
3.5429954528808594,1
3.4029290676116943,1
3.229220151901245,1
3.1517605781555176,1
3.4116954803466797,1
3.3009419441223145,1
2.876847743988037,1
3.519859790802002,1
3.015355110168457,1
3.6874098777770996,1
3.187008857727051,1
3.002959728240967,1
3.6849496364593506,1
3.55446195602417,1
3.5222182273864746,1
3.3853964805603027,1
3.68638277053833,1
3.147989511489868,1
3.0112082958221436,1
3.1862332820892334,1
2.7365386486053467,1
3.6270968914031982,1
3.2939696311950684,1
3.081439971923828,1
3.0401957035064697,1
3.494401454925537,1
3.109131336212158,1
2.957400321960449,1
2.7618682384490967,1
3.50756573677063,1
3.8813624382019043,1
4.696688652038574,1
3.166672706604004,1
3.2723870277404785,1
3.6122641563415527,1
4.476524353027344,1
2.781796455383301,1
3.299607276916504,1
3.220616102218628,1
3.1885857582092285,1
2.784013271331787,1
3.6109869480133057,1
3.283975601196289,1
3.2433223724365234,1
3.9280827045440674,1
3.9482524394989014,1
3.70670747756958,1
3.5010669231414795,1
3.8331942558288574,1
3.491987466812134,1
3.1583046913146973,1
4.1317243576049805,1
3.672358989715576,1
3.482621669769287,1
3.288858413696289,1
3.2682979106903076,1
3.218627452850342,1
4.779394149780273,1
4.060864448547363,1
3.4797370433807373,1
4.370201110839844,1
4.174188137054443,1
3.7648329734802246,1
3.4815585613250732,1
3.6856918334960938,1
4.192709445953369,1
3.2924230098724365,1
4.153497695922852,1
3.7259879112243652,1
4.74063777923584,1
3.796529531478882,1
3.7485365867614746,1
3.4822893142700195,1
3.5595736503601074,1
3.6416454315185547,1
3.7023301124572754,1
3.6690926551818848,1
3.207523822784424,1
4.119768142700195,1
4.329648017883301,1
2.9281535148620605,1
4.405956268310547,1
3.550748586654663,1
4.028992652893066,1
3.3019580841064453,1
2.8838305473327637,1
3.05839204788208,1
3.145644426345825,1
3.1934568881988525,1
2.9557132720947266,1
2.9912357330322266,1
3.153424024581909,1
3.5568795204162598,1
3.0551352500915527,1
3.392951011657715,1
3.4894022941589355,1
3.7030081748962402,1
3.476006507873535,1
3.659630298614502,1
3.9803028106689453,1
3.0845916271209717,1
3.2412221431732178,1
3.9122836589813232,1
3.5482828617095947,1
3.6720900535583496,1
3.7952044010162354,1
3.3066887855529785,1
3.0921716690063477,1
2.943537950515747,1
3.4883270263671875,1
3.6080989837646484,1
3.9065661430358887,1
3.950712203979492,1
3.3374476432800293,1
3.23236083984375,1
3.465616464614868,1
3.557229995727539,1
3.2581980228424072,1
3.2469570636749268,1
3.2531867027282715,1
3.268160581588745,1
3.2909297943115234,1
3.8513593673706055,1
4.699118614196777,1
2.9929516315460205,1
2.891939163208008,1
3.648299217224121,1
3.3527939319610596,1
3.8837947845458984,1
3.443220615386963,1
3.2522082328796387,1
3.005875587463379,1
3.1933107376098633,1
3.69199800491333,1
3.186324119567871,1
3.6730220317840576,1
3.6153154373168945,1
3.1160881519317627,1
3.0865650177001953,1
2.9720330238342285,1
3.553439140319824,1
3.7968788146972656,1
3.770155191421509,1
3.3658342361450195,1
3.4121475219726563,1
3.3124313354492188,1
3.794419765472412,1
4.135924816131592,1
3.3940560817718506,1
3.1662468910217285,1
4.0356292724609375,1
3.651571750640869,1
3.623256206512451,1
3.2630615234375,1
3.336575984954834,1
3.8995447158813477,1
3.3217360973358154,1
4.442547798156738,1
3.1170709133148193,1
2.8382012844085693,1
3.602522850036621,1
3.1253304481506348,1
3.529379367828369,1
3.616697311401367,1
3.5886764526367188,1
4.0065765380859375,1
3.084941864013672,1
3.83375883102417,1
3.2699265480041504,1
3.6976823806762695,1
2.770202398300171,1
3.178532600402832,1
3.1147074699401855,1
3.7762064933776855,1
4.023735046386719,1
4.280538082122803,1
3.6627368927001953,1
3.3758630752563477,1
3.82422137260437,1
3.7564711570739746,1
4.188526630401611,1
3.4516897201538086,1
2.8532350063323975,1
3.3486886024475098,1
3.058741569519043,1
3.5548746585845947,1
2.829429864883423,1
3.9530320167541504,1
3.6913623809814453,1
3.0669198036193848,1
3.9414305686950684,1
4.619311332702637,1
3.309706211090088,1
3.1400628089904785,1
3.564979076385498,1
3.551215887069702,1
3.5752224922180176,1
2.9877402782440186,1
3.7594540119171143,1
3.459719657897949,1
3.3361334800720215,1
3.9992384910583496,1
4.079413890838623,1
4.169374465942383,1
3.550468683242798,1
3.6391634941101074,1
3.457406759262085,1
3.614847183227539,1
3.7317633628845215,1
3.6766953468322754,1
3.2892518043518066,1
3.299710750579834,1
3.758378267288208,1
3.748321533203125,1
3.239588737487793,1
3.4355123043060303,1
2.9910852909088135,1
3.3162543773651123,1
3.944941997528076,1
3.044238567352295,1
2.9365386962890625,1
3.7722268104553223,1
3.4853675365448,1
4.272520065307617,1
3.334127187728882,1
3.5194544792175293,1
4.0861639976501465,1
3.246330499649048,1
3.344439744949341,1
3.752898693084717,1
3.4123661518096924,1
3.600904941558838,1
3.5788180828094482,1
3.6030197143554688,1
3.7465498447418213,1
3.545077323913574,1
3.6631622314453125,1
3.677574634552002,1
3.3273048400878906,1
3.5750999450683594,1
4.101189136505127,1
3.3072876930236816,1
3.462380886077881,1
3.6494812965393066,1
3.494479179382324,1
3.2906975746154785,1
3.1641249656677246,1
4.002435684204102,1
3.4247732162475586,1
3.8046822547912598,1
3.6147308349609375,1
3.8679404258728027,1
4.019168853759766,1
3.7015540599823,1
3.6763105392456055,1
3.717559576034546,1
3.8870954513549805,1
3.3460612297058105,1
3.557344436645508,1
4.1452412605285645,1
3.3433942794799805,1
3.550328254699707,1
3.592495918273926,1
3.3508429527282715,1
4.573738098144531,1
4.340181827545166,1
3.916430711746216,1
3.6475071907043457,1
3.364421844482422,1
4.5121541023254395,1
3.120873212814331,1
3.43578839302063,1
3.7441513538360596,1
3.636739492416382,1
3.8580105304718018,1
3.254328489303589,1
3.6666321754455566,1
3.636180877685547,1
3.219897747039795,1
3.7292544841766357,1
3.390066385269165,1
3.513813018798828,1
3.373382806777954,1
3.201845645904541,1
3.060342788696289,1
3.2681262493133545,1
3.292320489883423,1
3.462552070617676,1
3.9449455738067627,1
3.293076992034912,1
3.7454206943511963,1
3.4382028579711914,1
3.3195502758026123,1
3.700763463973999,1
3.2271177768707275,1
3.4301931858062744,1
3.642411470413208,1
3.0818440914154053,1
3.251342296600342,1
3.6778063774108887,1
3.2960734367370605,1
3.0009989738464355,1
3.771721363067627,1
3.951507806777954,1
3.332859516143799,1
3.09922194480896,1
3.0849361419677734,1
3.4355459213256836,1
3.070633888244629,1
3.74161958694458,1
3.4265408515930176,1
3.258795976638794,1
3.5530190467834473,1
3.021946668624878,1
3.738234519958496,1
3.5413978099823,1
3.3147709369659424,1
2.8434767723083496,1
3.3619627952575684,1
2.6828320026397705,1
3.156032085418701,1
3.518270492553711,1
3.2245349884033203,1
3.6151487827301025,1
3.2595701217651367,1
3.199714422225952,1
3.016974449157715,1
2.846737861633301,1
3.499034881591797,1
3.125967025756836,1
3.836433172225952,1
3.4312174320220947,1
3.5739850997924805,1
3.710214376449585,1
3.605783224105835,1
3.272171974182129,1
4.087539196014404,1
3.229189157485962,1
3.1725430488586426,1
4.225933074951172,1
3.2931108474731445,1
3.202141284942627,1
3.406944990158081,1
3.388068199157715,1
2.9362924098968506,1
4.166847229003906,1
3.6583328247070313,1
4.051778793334961,1
3.848790407180786,1
4.159082889556885,1
3.639131546020508,1
4.294819355010986,1
3.567197561264038,1
3.502079486846924,1
3.4132158756256104,1
3.3093676567077637,1
3.26674222946167,1
3.56174373626709,1
3.6549878120422363,1
3.798867702484131,1
3.321847915649414,1
3.4282708168029785,1
2.8823437690734863,1
3.0599429607391357,1
4.065025329589844,1
3.024887800216675,1
3.337186813354492,1
3.3943896293640137,1
3.668893814086914,1
4.1149702072143555,1
4.662384986877441,1
4.519975662231445,1
4.179507732391357,1
4.423578262329102,1
3.509979248046875,1
3.708770751953125,1
3.4865336418151855,1
3.186365842819214,1
2.8556435108184814,1
4.530612945556641,1
3.75777268409729,1
3.777406930923462,1
3.9273152351379395,1
3.798585891723633,1
4.421088218688965,1
3.491422176361084,1
3.799314498901367,1
3.930147647857666,1
3.486685037612915,1
3.2767157554626465,1
2.9898929595947266,1
3.663133144378662,1
3.0535049438476563,1
3.127596378326416,1
3.3111989498138428,1
3.3748953342437744,1
3.1077189445495605,1
3.321086883544922,1
2.9250502586364746,1
3.4833474159240723,1
2.840114116668701,1
2.5315310955047607,1
3.8026480674743652,1
4.390250205993652,1
3.682429075241089,1
3.4977149963378906,1
3.7899882793426514,1
3.586857795715332,1
3.6126506328582764,1
4.15044641494751,1
3.6665923595428467,1
5.201088905334473,1
3.95485258102417,1
4.573810577392578,1
4.631194591522217,1
3.8771347999572754,1
3.641049385070801,1
3.401959180831909,1
3.9658901691436768,1
3.4879209995269775,1
3.996579170227051,1
3.7031188011169434,1
3.612506151199341,1
3.865762710571289,1
3.848595142364502,1
3.5902509689331055,1
3.7992820739746094,1
3.936427354812622,1
4.252167701721191,1
3.7807278633117676,1
2.946455240249634,1
3.4494471549987793,1
3.3879823684692383,1
3.427229404449463,1
3.5182435512542725,1
3.5771262645721436,1
3.7894978523254395,1
3.2520408630371094,1
4.285153388977051,1
3.3694753646850586,1
3.854444742202759,1
4.24950647354126,1
3.01832914352417,1
3.9577324390411377,1
3.8822269439697266,1
3.8017513751983643,1
3.810514450073242,1
3.613401174545288,1
3.2872984409332275,1
3.5731468200683594,1
3.5209732055664063,1
3.5703518390655518,1
3.4270870685577393,1
3.5232038497924805,1
3.02963924407959,1
3.2753758430480957,1
2.8932533264160156,1
3.3816699981689453,1
3.2079482078552246,1
3.2930450439453125,1
3.606708526611328,1
3.6608693599700928,1
3.527122735977173,1
3.4380388259887695,1
2.7826826572418213,1
3.1130223274230957,1
2.9718050956726074,1
2.981844425201416,1
3.83335280418396,1
3.641932487487793,1
3.122687339782715,1
3.6431260108947754,1
3.308955192565918,1
3.970072031021118,1
3.4331774711608887,1
4.181447982788086,1
4.487967014312744,1
3.279918670654297,1
3.5541157722473145,1
3.4937186241149902,1
4.159543037414551,1
4.384830951690674,1
3.528716564178467,1
3.462289810180664,1
4.490645408630371,1
3.5879392623901367,1
3.7945027351379395,1
4.626649856567383,1
3.6032187938690186,1
3.316787004470825,1
3.294900417327881,1
3.2391974925994873,1
3.063404083251953,1
3.335585594177246,1
3.5337095260620117,1
3.226867198944092,1
3.7869882583618164,1
4.008392333984375,1
4.05167293548584,1
3.4567341804504395,1
3.1643552780151367,1
4.361119270324707,1
4.862522602081299,1
4.2068634033203125,1
5.750865936279297,1
5.670741081237793,1
4.418757915496826,1
3.838074207305908,1
4.244746685028076,1
4.861628532409668,1
5.021444797515869,1
4.937775135040283,1
4.108635425567627,1
3.805799722671509,1
4.239462852478027,1
3.4821293354034424,1
3.476604461669922,1
3.642796516418457,1
3.2448601722717285,1
3.2935168743133545,1
2.9834957122802734,1
3.894365072250366,1
3.425516128540039,1
4.149374961853027,1
4.009141445159912,1
4.536654472351074,1
3.649885892868042,1
3.942272186279297,1
3.839297294616699,1
3.3298540115356445,1
3.9374403953552246,1
3.6832003593444824,1
3.543330669403076,1
3.8127269744873047,1
3.1573386192321777,1
3.4127373695373535,1
3.265310764312744,1
3.147152900695801,1
3.426225185394287,1
3.3469276428222656,1
4.0908098220825195,1
3.708158016204834,1
3.227323532104492,1
4.470823287963867,1
3.865963935852051,1
3.354841470718384,1
3.5333950519561768,1
3.996208667755127,1
3.347470998764038,1
3.3869857788085938,1
3.3945980072021484,1
4.252432823181152,1
3.4496803283691406,1
2.896132469177246,1
3.298466682434082,1
2.8924918174743652,1
3.102653980255127,1
3.0508506298065186,1
3.084009885787964,1
3.189934253692627,1
3.4200072288513184,1
3.535411834716797,1
3.452702045440674,1
3.639761447906494,1
3.3749423027038574,1
3.2390317916870117,1
3.342834949493408,1
3.594351053237915,1
3.490154266357422,1
4.5053253173828125,1
4.078446865081787,1
3.35494065284729,1
3.1354379653930664,1
3.6960458755493164,1
3.6266891956329346,1
3.5502185821533203,1
3.415018081665039,1
4.122394561767578,1
3.3360424041748047,1
3.7158446311950684,1
3.482484817504883,1
3.0790152549743652,1
3.675661563873291,1
2.943474054336548,1
2.9876232147216797,1
3.571103096008301,1
3.0687646865844727,1
3.1442317962646484,1
3.016345500946045,1
2.9989242553710938,1
4.034670352935791,1
4.648530960083008,1
4.9710893630981445,1
3.9270901679992676,1
3.931215763092041,1
3.9745004177093506,1
3.4801058769226074,1
3.041947603225708,1
4.758570671081543,1
3.5364484786987305,1
3.5123040676116943,1
3.761685609817505,1
4.004945278167725,1
3.404374122619629,1
3.9955809116363525,1
3.5304009914398193,1
3.646965742111206,1
3.720837116241455,1
3.2368171215057373,1
2.9869484901428223,1
3.562272548675537,1
3.8793201446533203,1
3.2307682037353516,1
3.356903076171875,1
3.1952013969421387,1
3.2705905437469482,1
3.687645435333252,1
3.5070531368255615,1
3.2634615898132324,1
3.4021873474121094,1
3.389601945877075,1
2.6596250534057617,1
2.98984956741333,1
3.8032402992248535,1
4.010432243347168,1
2.716186285018921,1
3.463392496109009,1
3.2397570610046387,1
3.19266939163208,1
3.8465983867645264,1
3.100231885910034,1
3.8818700313568115,1
3.146977424621582,1
2.6391682624816895,1
3.2640843391418457,1
3.334062337875366,1
3.1312191486358643,1
3.078535556793213,1
3.6354174613952637,1
3.497525930404663,1
3.827472686767578,1
3.8869032859802246,1
3.0432894229888916,1
3.2675516605377197,1
2.8902223110198975,1
3.3769874572753906,1
4.305910110473633,1
3.7785377502441406,1
3.2782936096191406,1
3.843928337097168,1
2.5028181076049805,1
3.594303846359253,1
3.537703514099121,1
3.401003837585449,1
3.169900417327881,1
3.3706307411193848,1
3.1175806522369385,1
4.245981216430664,1
3.9144089221954346,1
3.877953052520752,1
4.0400567054748535,1
3.7275168895721436,1
3.61879825592041,1
3.681993246078491,1
3.1707327365875244,1
3.3917012214660645,1
3.009977340698242,1
4.1264238357543945,1
3.222280263900757,1
3.1757495403289795,1
3.3094539642333984,1
4.433291912078857,1
3.6508617401123047,1
3.856297254562378,1
4.260218620300293,1
3.418525218963623,1
3.1399495601654053,1
3.7288577556610107,1
3.508938789367676,1
3.4124436378479004,1
3.3507022857666016,1
4.018887519836426,1
4.112958908081055,1
3.034181594848633,1
3.305962562561035,1
3.124335289001465,1
3.1512703895568848,1
3.472726821899414,1
3.0611538887023926,1
3.3684256076812744,1
3.3979501724243164,1
3.9411563873291016,1
3.7895898818969727,1
3.0157976150512695,1
3.450606107711792,1
3.126976490020752,1
3.1083569526672363,1
3.1902103424072266,1
3.565230131149292,1
3.28531551361084,1
2.9018373489379883,1
3.371262788772583,1
3.864292621612549,1
3.2467541694641113,1
3.4749279022216797,1
3.6443448066711426,1
3.222006320953369,1
3.7122693061828613,1
3.4539172649383545,1
3.6490089893341064,1
3.239718437194824,1
4.4445953369140625,1
3.8297312259674072,1
3.3446741104125977,1
3.169600248336792,1
3.7953338623046875,1
3.8452091217041016,1
3.4142816066741943,1
3.3930301666259766,1
2.820810556411743,1
3.0456557273864746,1
4.221760272979736,1
4.1133246421813965,1
3.1452226638793945,1
3.7413864135742188,1
3.5839946269989014,1
3.401303291320801,1
4.3705902099609375,1
3.4052085876464844,1
3.160158634185791,1
3.44083571434021,1
3.8278956413269043,1
3.984097480773926,1
2.9808425903320313,1
3.2983412742614746,1
3.8954038619995117,1
3.9466392993927,1
3.1655890941619873,1
4.027355194091797,1
4.3035383224487305,1
3.867689609527588,1
3.3538155555725098,1
3.282588481903076,1
4.094752788543701,1
3.262660026550293,1
3.4959795475006104,1
3.9387001991271973,1
3.914090871810913,1
3.7632222175598145,1
3.2157139778137207,1
3.7325329780578613,1
3.6503663063049316,1
3.7842302322387695,1
2.934194564819336,1
3.2828869819641113,1
3.6491336822509766,1
3.122203826904297,1
3.1605608463287354,1
3.6434950828552246,1
3.3884568214416504,1
3.4973745346069336,1
3.4814252853393555,1
3.769953727722168,1
2.488508701324463,1
3.5275232791900635,1
3.751685619354248,1
3.7108633518218994,1
3.2879042625427246,1
3.932992696762085,1
3.6342334747314453,1
4.056584358215332,1
3.431499719619751,1
3.567033052444458,1
3.68021559715271,1
3.845348834991455,1
3.323978900909424,1
3.3793976306915283,1
3.6255321502685547,1
4.134450435638428,1
3.258117437362671,1
3.902684211730957,1
3.4402809143066406,1
3.4722962379455566,1
3.4282889366149902,1
3.1410841941833496,1
3.2724719047546387,1
3.226740837097168,1
2.834214210510254,1
3.409214973449707,1
3.4302403926849365,1
3.456104040145874,1
3.6722612380981445,1
3.774932861328125,1
3.006730318069458,1
3.8506546020507813,1
3.1828722953796387,1
3.1297860145568848,1
3.3987114429473877,1
2.9484691619873047,1
4.038623809814453,1
3.7773962020874023,1
3.2741527557373047,1
3.639040946960449,1
3.5355911254882813,1
3.5520520210266113,1
3.722344398498535,1
4.229148864746094,1
3.2664029598236084,1
2.82258939743042,1
3.646420955657959,1
3.94924259185791,1
2.800164222717285,1
3.597571849822998,1
2.212245464324951,1
3.1667709350585938,1
3.51991605758667,1
3.0345425605773926,1
2.9713988304138184,1
3.0055837631225586,1
3.2326860427856445,1
3.636852741241455,1
3.422149419784546,1
3.1563189029693604,1
3.747875690460205,1
3.5139925479888916,1
3.8127431869506836,1
3.712123394012451,1
3.247368812561035,1
3.6882376670837402,1
4.049360275268555,1
3.7020750045776367,1
3.9714107513427734,1
2.8527472019195557,1
3.677237033843994,1
3.189094066619873,1
3.5782461166381836,1
3.3798506259918213,1
3.3300938606262207,1
3.3343563079833984,1
3.7737269401550293,1
3.239272356033325,1
3.231105089187622,1
3.415019989013672,1
3.1283369064331055,1
3.641908884048462,1
3.5454070568084717,1
3.7041361331939697,1
2.628178119659424,1
4.194258213043213,1
3.262636184692383,1
4.171985626220703,1
3.2881288528442383,1
3.2513980865478516,1
3.367685079574585,1
3.2253646850585938,1
2.9851348400115967,1
3.9277138710021973,1
3.3419039249420166,1
2.785564422607422,1
4.006889343261719,1
3.641894817352295,1
3.835569381713867,1
4.1381731033325195,1
3.395833969116211,1
3.306993007659912,1
3.8469014167785645,1
3.3142411708831787,1
3.142326593399048,1
3.41855788230896,1
3.3426735401153564,1
3.448089122772217,1
3.4077508449554443,1
3.2410058975219727,1
2.7918710708618164,1
3.5353238582611084,1
3.588576316833496,1
3.8691225051879883,1
3.7369589805603027,1
3.212888240814209,1
2.9868240356445313,1
3.3625731468200684,1
4.216557025909424,1
3.3809447288513184,1
2.874323606491089,1
3.3833751678466797,1
3.905661106109619,1
3.4075608253479004,1
3.5017106533050537,1
3.6095821857452393,1
3.2147412300109863,1
3.5714263916015625,1
3.557732105255127,1
4.203525066375732,1
3.973343849182129,1
3.4076528549194336,1
4.709556579589844,1
4.39877462387085,1
3.827589511871338,1
3.7268049716949463,1
3.5340957641601563,1
3.897759437561035,1
3.4070208072662354,1
3.4496347904205322,1
3.900336742401123,1
3.441683769226074,1
3.8504738807678223,1
3.5627691745758057,1
4.09126615524292,1
3.4935693740844727,1
3.4466073513031006,1
3.5198140144348145,1
3.2721099853515625,1
3.565295696258545,1
3.2181520462036133,1
3.2724320888519287,1
3.1442012786865234,1
3.4000532627105713,1
3.191779136657715,1
3.4530985355377197,1
3.803049087524414,1
3.114792823791504,1
3.9077935218811035,1
3.319458484649658,1
3.185178279876709,1
3.832460403442383,1
3.4023807048797607,1
3.62990140914917,1
3.6049609184265137,1
3.4834351539611816,1
3.0002124309539795,1
3.8169751167297363,1
3.413424491882324,1
3.42488694190979,1
4.103653907775879,1
3.7694122791290283,1
3.4808762073516846,1
4.2558488845825195,1
3.801938533782959,1
4.0430779457092285,1
3.367924690246582,1
3.7640833854675293,1
4.100815773010254,1
3.897052764892578,1
4.131623268127441,1
2.8366594314575195,1
3.796252727508545,1
3.3701632022857666,1
3.3519437313079834,1
3.3951616287231445,1
4.0070695877075195,1
3.310138463973999,1
3.9613027572631836,1
3.476583480834961,1
3.712679862976074,1
3.5268449783325195,1
3.5754880905151367,1
3.82568359375,1
3.7236039638519287,1
3.706047773361206,1
4.200097560882568,1
4.007025241851807,1
3.666044235229492,1
3.5241787433624268,1
3.394166946411133,1
3.2186737060546875,1
3.8487353324890137,1
3.3994781970977783,1
3.647221565246582,1
4.308393478393555,1
3.198760509490967,1
3.421319007873535,1
4.091058254241943,1
3.9675259590148926,1
4.216795444488525,1
3.06107497215271,1
3.105940818786621,1
3.3445072174072266,1
3.9839718341827393,1
4.08756685256958,1
3.456831455230713,1
3.533421516418457,1
3.9476897716522217,1
3.866135835647583,1
2.907047748565674,1
3.455420732498169,1
3.6627726554870605,1
3.331495761871338,1
3.511706590652466,1
3.5159878730773926,1
2.983480930328369,1
3.720515012741089,1
3.6219568252563477,1
3.635000228881836,1
3.5875322818756104,1
3.874642848968506,1
3.938129425048828,1
3.769822597503662,1
3.0687155723571777,1
3.1578354835510254,1
3.1236915588378906,1
3.0443313121795654,1
3.2954726219177246,1
3.6026840209960938,1
3.4355552196502686,1
3.280461311340332,1
3.884634256362915,1
3.4514846801757813,1
3.7335586547851563,1
3.100461721420288,1
3.379302978515625,1
3.583794593811035,1
3.2191879749298096,1
3.308070659637451,1
2.9010488986968994,1
3.7697181701660156,1
2.8708252906799316,1
4.284494400024414,1
3.5068490505218506,1
3.436927318572998,1
3.9190404415130615,1
3.821641445159912,1
4.12306022644043,1
3.298356056213379,1
3.78768253326416,1
4.161378860473633,1
3.1777262687683105,1
3.222790241241455,1
3.269137144088745,1
3.2973361015319824,1
3.154049873352051,1
3.0244321823120117,1
3.2151167392730713,1
3.499607563018799,1
3.1258468627929688,1
3.1761722564697266,1
2.9148521423339844,1
3.2001538276672363,1
3.325672149658203,1
3.6457605361938477,1
3.2776436805725098,1
3.8941798210144043,1
3.474694013595581,1
3.0444087982177734,1
3.8031630516052246,1
3.446751117706299,1
3.5356385707855225,1
3.1073825359344482,1
3.3065290451049805,1
3.5734493732452393,1
4.538656711578369,1
3.924180746078491,1
3.616727352142334,1
3.8105452060699463,1
3.476715326309204,1
3.5705461502075195,1
3.475985527038574,1
4.063566207885742,1
3.630573272705078,1
4.122651100158691,1
3.1694283485412598,1
3.1042628288269043,1
4.325079917907715,1
3.7956345081329346,1
3.5071654319763184,1
3.4141783714294434,1
3.3694822788238525,1
3.030534029006958,1
3.432703971862793,1
3.3912954330444336,1
4.426860332489014,1
3.476102113723755,1
3.879337787628174,1
3.11572265625,1
3.5205321311950684,1
3.4353275299072266,1
3.813551902770996,1
4.447366714477539,1
3.1853206157684326,1
3.552274227142334,1
3.419633388519287,1
3.6494219303131104,1
3.4525132179260254,1
3.4612631797790527,1
3.2108302116394043,1
3.1494312286376953,1
3.203636407852173,1
3.660651922225952,1
3.7215936183929443,1
3.148837089538574,1
3.5345234870910645,1
3.8722095489501953,1
3.4716262817382813,1
2.5141379833221436,1
3.3555378913879395,1
3.119676351547241,1
3.2954912185668945,1
3.327554702758789,1
3.726729393005371,1
4.010672569274902,1
3.903681755065918,1
4.2619781494140625,1
3.6303014755249023,1
3.7511134147644043,1
2.921257495880127,1
3.200312852859497,1
3.684964656829834,1
3.3589272499084473,1
3.4869489669799805,1
4.145170211791992,1
3.483242988586426,1
4.039371967315674,1
4.46607780456543,1
3.2215795516967773,1
3.43251895904541,1
3.581615924835205,1
3.41060209274292,1
3.6416380405426025,1
3.294053554534912,1
3.2538580894470215,1
4.168194770812988,1
3.7082109451293945,1
3.644507646560669,1
3.2477598190307617,1
3.53120756149292,1
3.664055585861206,1
4.5205535888671875,1
3.897289752960205,1
4.244331359863281,1
3.1966848373413086,1
3.572864532470703,1
3.590162754058838,1
3.5408682823181152,1
4.107109069824219,1
3.4334962368011475,1
2.993541717529297,1
3.4606118202209473,1
2.9790475368499756,1
3.654019832611084,1
3.3347277641296387,1
3.261115550994873,1
3.4928061962127686,1
2.9260478019714355,1
3.4548723697662354,1
3.3056583404541016,1
3.5919694900512695,1
3.1599225997924805,1
3.2495343685150146,1
2.8740453720092773,1
3.0730700492858887,1
3.272162437438965,1
3.505981683731079,1
3.35758638381958,1
3.1670031547546387,1
3.6012320518493652,1
4.591807842254639,1
3.3852906227111816,1
3.7321605682373047,1
3.335745334625244,1
3.5386648178100586,1
3.1867258548736572,1
3.014991283416748,1
3.220773458480835,1
3.0813193321228027,1
4.04077672958374,1
3.448394298553467,1
2.9741053581237793,1
3.408264636993408,1
3.476825714111328,1
3.258315086364746,1
3.620122194290161,1
2.73690128326416,1
3.5579349994659424,1
3.680210590362549,1
3.0566911697387695,1
3.7892873287200928,1
3.6953914165496826,1
3.614610433578491,1
3.8682897090911865,1
3.999361038208008,1
3.5022401809692383,1
3.078904151916504,1
3.5711002349853516,1
3.0550999641418457,1
4.1469526290893555,1
3.948784828186035,1
3.2811295986175537,1
3.0272841453552246,1
3.607290267944336,1
3.1965270042419434,1
3.465176582336426,1
3.247011184692383,1
2.84359073638916,1
3.2317376136779785,1
3.2368993759155273,1
3.1917338371276855,1
3.194474220275879,1
3.106172800064087,1
3.032275676727295,1
3.4283061027526855,1
4.000889778137207,1
3.9521288871765137,1
3.548855781555176,1
3.8436875343322754,1
4.558769702911377,1
3.2938623428344727,1
4.050924301147461,1
4.257565498352051,1
4.134054660797119,1
3.2007899284362793,1
3.6589856147766113,1
3.388519287109375,1
3.5053904056549072,1
3.201888084411621,1
4.14483642578125,1
3.415006399154663,1
3.4352636337280273,1
3.3053832054138184,1
3.130125045776367,1
3.478724479675293,1
4.195372581481934,1
3.8698043823242188,1
2.801532745361328,1
2.970529556274414,1
4.4794158935546875,1
3.4201536178588867,1
3.165470600128174,1
2.9776577949523926,1
2.9742209911346436,1
3.417443037033081,1
3.433058738708496,1
3.206993579864502,1
2.765897035598755,1
3.6536998748779297,1
3.2951033115386963,1
3.350386142730713,1
3.2499194145202637,1
3.733771800994873,1
4.058609962463379,1
3.190007209777832,1
3.4376797676086426,1
3.324308395385742,1
3.1686439514160156,1
3.46523118019104,1
3.5782477855682373,1
3.7202343940734863,1
3.3903422355651855,1
2.9110591411590576,1
3.304305076599121,1
3.069230079650879,1
3.193948745727539,1
3.4320974349975586,1
3.1240665912628174,1
3.181812286376953,1
3.390738010406494,1
2.945824146270752,1
3.828366994857788,1
3.2557950019836426,1
2.987149477005005,1
3.4825429916381836,1
3.687532901763916,1
3.951975107192993,1
3.579737663269043,1
3.441018581390381,1
3.430652141571045,1
3.6714673042297363,1
3.1819515228271484,1
3.122581958770752,1
4.28899621963501,1
3.229950189590454,1
2.6704297065734863,1
3.8478353023529053,1
3.4134140014648438,1
3.192002773284912,1
3.774507522583008,1
3.6138670444488525,1
3.114227533340454,1
3.680868625640869,1
4.450364112854004,1
3.202376365661621,1
3.2972450256347656,1
4.416531562805176,1
3.3916993141174316,1
3.720097541809082,1
3.048084259033203,1
3.559497117996216,1
3.038755416870117,1
3.465524911880493,1
3.10319447517395,1
2.9595870971679688,1
3.3943939208984375,1
3.4084529876708984,1
3.4591808319091797,1
3.409842014312744,1
3.649564266204834,1
3.8408656120300293,1
3.1119565963745117,1
3.5251779556274414,1
3.9847421646118164,1
3.426370143890381,1
3.503652572631836,1
3.4677083492279053,1
3.9118707180023193,1
3.5502431392669678,1
3.523437976837158,1
3.433701515197754,1
3.649940013885498,1
3.689268112182617,1
3.674903631210327,1
3.859997510910034,1
3.28090238571167,1
3.015897750854492,1
3.3699193000793457,1
3.5053787231445313,1
3.0133612155914307,1
3.4068775177001953,1
3.4592392444610596,1
2.525542736053467,1
3.404184579849243,1
3.0497994422912598,1
3.0705690383911133,1
3.311098098754883,1
3.851464033126831,1
3.0401363372802734,1
3.61769437789917,1
3.3745059967041016,1
3.021242141723633,1
3.3597617149353027,1
3.4598422050476074,1
3.153439998626709,1
4.272346019744873,1
3.597701072692871,1
3.9386818408966064,1
3.127525568008423,1
2.717149257659912,1
4.466212272644043,1
3.4423656463623047,1
3.2111008167266846,1
4.036383628845215,1
3.4170382022857666,1
3.360549211502075,1
2.759331226348877,1
3.4509501457214355,1
3.454298496246338,1
3.569511890411377,1
3.5799615383148193,1
3.2011852264404297,1
3.1282060146331787,1
2.808910369873047,1
3.2228307723999023,1
3.4853715896606445,1
3.7380876541137695,1
4.147634506225586,1
3.316838264465332,1
3.92854642868042,1
3.1293020248413086,1
3.358675718307495,1
3.234753131866455,1
3.619295120239258,1
3.5011990070343018,1
3.674398422241211,1
3.5706896781921387,1
2.894676685333252,1
3.8403658866882324,1
3.650587558746338,1
3.7617597579956055,1
3.5524532794952393,1
3.2794604301452637,1
3.16511607170105,1
3.839594841003418,1
3.511991500854492,1
3.1137571334838867,1
3.176745891571045,1
3.8661956787109375,1
3.877129554748535,1
3.6830644607543945,1
3.4191012382507324,1
3.5699567794799805,1
4.137091159820557,1
3.6942176818847656,1
3.1121437549591064,1
5.1098761558532715,1
3.9159622192382813,1
3.264549493789673,1
4.042460918426514,1
4.684816360473633,1
2.9966940879821777,1
3.841207265853882,1
5.081504821777344,1
3.279780864715576,1
3.467266082763672,1
4.342543601989746,1
4.795257568359375,1
4.918767929077148,1
3.8010029792785645,1
3.8988945484161377,1
4.8333940505981445,1
4.424768447875977,1
3.3110404014587402,1
3.650848627090454,1
3.9599552154541016,1
3.991300106048584,1
4.053021430969238,1
3.7910356521606445,1
3.6924984455108643,1
3.990463972091675,1
3.318317413330078,1
3.551680088043213,1
3.0354299545288086,1
3.680079221725464,1
3.5628318786621094,1
3.910200595855713,1
3.9893438816070557,1
3.9148504734039307,1
3.681157112121582,1
3.71572208404541,1
4.210042476654053,1
4.08827543258667,1
3.9409615993499756,1
3.981055974960327,1
3.4587278366088867,1
3.892183780670166,1
3.201525926589966,1
3.0492396354675293,1
4.627841949462891,1
4.069545745849609,1
4.586686134338379,1
3.885146379470825,1
3.681126117706299,1
3.654852867126465,1
3.088627815246582,1
3.9301021099090576,1
3.3187708854675293,1
3.759669303894043,1
4.152022361755371,1
3.5750129222869873,1
3.7006404399871826,1
3.2683448791503906,1
2.9270224571228027,1
3.5297904014587402,1
3.4485630989074707,1
4.71768856048584,1
3.5772206783294678,1
3.9761266708374023,1
3.999742031097412,1
3.804060220718384,1
3.2811102867126465,1
5.247854232788086,1
4.738405704498291,1
5.023525238037109,1
3.5499284267425537,1
3.801375150680542,1
4.128696441650391,1
3.932037591934204,1
3.877511978149414,1
4.433533191680908,1
3.122361660003662,1
3.8787992000579834,1
4.972859859466553,1
4.2895050048828125,1
3.147557497024536,1
3.5253264904022217,1
3.475116729736328,1
4.222846984863281,1
3.6339597702026367,1
3.4963810443878174,1
4.818243026733398,1
4.495458602905273,1
3.221630096435547,1
3.248347759246826,1
3.936394691467285,1
4.310343265533447,1
3.798344612121582,1
3.753331422805786,1
4.030298233032227,1
3.765730381011963,1
3.9506497383117676,1
3.6623921394348145,1
4.592278003692627,1
3.6567440032958984,1
3.398881673812866,1
3.562882900238037,1
3.4632034301757813,1
3.542119026184082,1
3.771660804748535,1
3.4345507621765137,1
3.4402995109558105,1
3.4114015102386475,1
3.2147324085235596,1
3.6893978118896484,1
3.358018636703491,1
3.348501205444336,1
4.088296890258789,1
3.447324514389038,1
3.2018938064575195,1
3.6507296562194824,1
4.059030055999756,1
3.2383899688720703,1
3.5756449699401855,1
3.9170937538146973,1
3.5975170135498047,1
4.073620319366455,1
3.4399166107177734,1
3.227635383605957,1
3.919459104537964,1
3.6348657608032227,1
3.3919787406921387,1
4.032004356384277,1
4.222675323486328,1
3.291529655456543,1
2.981411933898926,1
3.423384666442871,1
3.5892162322998047,1
3.0488040447235107,1
3.8451571464538574,1
3.435452938079834,1
3.7559316158294678,1
3.8961312770843506,1
3.888977527618408,1
3.2468366622924805,1
3.5160505771636963,1
3.6408939361572266,1
3.5380916595458984,1
3.4005022048950195,1
3.398287296295166,1
3.532728910446167,1
3.583919048309326,1
3.170200824737549,1
3.3414394855499268,1
3.835181474685669,1
3.8361196517944336,1
3.5493228435516357,1
3.512150764465332,1
3.8191380500793457,1
3.3033804893493652,1
3.4898600578308105,1
3.223025321960449,1
2.6303951740264893,1
4.0221333503723145,1
3.309087038040161,1
3.6181678771972656,1
3.246580123901367,1
2.966400623321533,1
3.0741515159606934,1
3.645460844039917,1
3.3744382858276367,1
2.7330679893493652,1
3.2048540115356445,1
3.517666816711426,1
4.1642255783081055,1
3.6263673305511475,1
3.1999878883361816,1
3.6187987327575684,1
3.5004873275756836,1
3.795989990234375,1
4.102807998657227,1
4.069188594818115,1
3.4265778064727783,1
3.0022897720336914,1
3.3124494552612305,1
4.209020614624023,1
3.196049213409424,1
3.3566908836364746,1
3.3345839977264404,1
4.2851362228393555,1
3.395689010620117,1
3.7223267555236816,1
4.278850078582764,1
3.568112373352051,1
2.9082179069519043,1
3.9752745628356934,1
3.653900146484375,1
3.529057264328003,1
3.911540985107422,1
3.6919233798980713,1
3.7241592407226563,1
3.3575143814086914,1
3.8504066467285156,1
3.7567849159240723,1
3.9142813682556152,1
4.016257286071777,1
3.6259570121765137,1
3.376448392868042,1
3.6007885932922363,1
3.5892109870910645,1
3.2317800521850586,1
2.4768459796905518,1
3.739691972732544,1
3.955150842666626,1
4.143511772155762,1
3.705111026763916,1
3.3514811992645264,1
3.1597256660461426,1
3.636230945587158,1
3.2298641204833984,1
3.2517740726470947,1
3.2048168182373047,1
2.71744441986084,1
3.6453890800476074,1
3.712477684020996,1
3.675936698913574,1
3.298295259475708,1
3.0189261436462402,1
3.315702438354492,1
3.775146007537842,1
3.38693904876709,1
3.901120662689209,1
3.929466962814331,1
3.8194568157196045,1
3.3107762336730957,1
3.659738302230835,1
3.2931957244873047,1
4.0115532875061035,1
3.82094407081604,1
3.235086441040039,1
3.1670119762420654,1
3.1162538528442383,1
3.7983627319335938,1
3.7626192569732666,1
3.6004767417907715,1
2.8343687057495117,1
3.0157556533813477,1
3.1811747550964355,1
3.4861598014831543,1
2.960090160369873,1
2.8764781951904297,1
3.4870686531066895,1
3.9260165691375732,1
2.9805941581726074,1
3.305734157562256,1
3.8560853004455566,1
3.804647922515869,1
3.59346866607666,1
2.938969850540161,1
3.7918922901153564,1
3.095172882080078,1
3.836088180541992,1
3.554955005645752,1
3.3861773014068604,1
3.4225025177001953,1
3.32271146774292,1
4.003218650817871,1
3.3005971908569336,1
3.546156883239746,1
4.443431854248047,1
3.4011569023132324,1
3.8202600479125977,1
4.0586371421813965,1
3.4605603218078613,1
3.6134796142578125,1
3.1789772510528564,1
3.6202688217163086,1
3.1399130821228027,1
3.1218743324279785,1
3.7539191246032715,1
4.052920341491699,1
4.320849418640137,1
4.019349098205566,1
4.276937007904053,1
3.6921679973602295,1
3.4475629329681396,1
2.7601213455200195,1
4.244372844696045,1
4.644258975982666,1
3.4856066703796387,1
3.2063610553741455,1
4.008171081542969,1
4.1737213134765625,1
3.9653730392456055,1
3.950282573699951,1
4.168729782104492,1
3.5804381370544434,1
3.4360382556915283,1
3.491335868835449,1
3.777904987335205,1
4.392897129058838,1
3.229806423187256,1
2.903226613998413,1
4.838910102844238,1
3.3918604850769043,1
3.4940812587738037,1
3.5214953422546387,1
3.475480318069458,1
3.3050050735473633,1
2.546203136444092,1
3.2279720306396484,1
3.769474983215332,1
2.840733051300049,1
3.255127191543579,1
3.8199687004089355,1
3.3961539268493652,1
3.431908130645752,1
3.2221577167510986,1
3.8744397163391113,1
3.45501446723938,1
3.202322483062744,1
3.4808132648468018,1
3.9637045860290527,1
3.8884520530700684,1
3.2447454929351807,1
2.7908241748809814,1
3.6364071369171143,1
3.128932476043701,1
3.433333396911621,1
3.578462600708008,1
4.3210296630859375,1
3.1075515747070313,1
4.739248275756836,1
4.08439826965332,1
3.348992347717285,1
3.457150936126709,1
4.13447380065918,1
4.0969390869140625,1
3.5865015983581543,1
3.507016181945801,1
2.9954090118408203,1
3.895963191986084,1
3.6129329204559326,1
3.475994110107422,1
3.6310088634490967,1
4.676910400390625,1
3.43648624420166,1
3.6133174896240234,1
3.8568735122680664,1
4.932944297790527,1
3.253570795059204,1
3.532888889312744,1
4.103341102600098,1
5.004208087921143,1
3.8755688667297363,1
3.868389368057251,1
4.436387062072754,1
3.2100651264190674,1
3.9701285362243652,1
3.123875856399536,1
3.7808713912963867,1
3.541980266571045,1
3.4828126430511475,1
3.685699939727783,1
3.514636516571045,1
3.0847649574279785,1
3.174887180328369,1
3.0716190338134766,1
3.0856399536132813,1
2.890918254852295,1
3.2384161949157715,1
3.208865165710449,1
3.3205928802490234,1
3.8681325912475586,1
3.639801263809204,1
3.1148452758789063,1
4.0339202880859375,1
3.8756208419799805,1
3.4342546463012695,1
3.6672322750091553,1
3.9528985023498535,1
3.4841771125793457,1
4.259006500244141,1
3.8470258712768555,1
3.453805923461914,1
3.549920082092285,1
3.4630513191223145,1
3.8836207389831543,1
5.609732151031494,1
3.5760905742645264,1
3.046560287475586,1
3.7395243644714355,1
3.9976646900177,1
4.2361741065979,1
3.4603819847106934,1
3.2791647911071777,1
3.6569604873657227,1
3.790363311767578,1
4.1168389320373535,1
4.496051788330078,1
3.7509050369262695,1
3.6221282482147217,1
3.6962294578552246,1
4.254409313201904,1
4.053481101989746,1
3.4763810634613037,1
3.7696166038513184,1
4.764796257019043,1
4.198020935058594,1
4.470681190490723,1
3.374070167541504,1
3.817765235900879,1
3.6684823036193848,1
3.9066731929779053,1
3.0102267265319824,1
4.019396781921387,1
3.8839733600616455,1
3.3615851402282715,1
3.4678659439086914,1
3.4919188022613525,1
3.9697775840759277,1
3.067446231842041,1
3.5830516815185547,1
3.11576509475708,1
3.711946964263916,1
3.090249538421631,1
2.8702330589294434,1
2.756141185760498,1
3.908540964126587,1
3.2010459899902344,1
3.2919681072235107,1
3.8971054553985596,1
3.166238784790039,1
3.552199125289917,1
3.313420534133911,1
3.3761210441589355,1
4.5129876136779785,1
3.704148769378662,1
3.782510995864868,1
4.024062156677246,1
3.826598882675171,1
3.254368543624878,1
3.221601963043213,1
3.3588058948516846,1
3.7687768936157227,1
3.34162974357605,1
3.7996745109558105,1
3.4466440677642822,1
3.852823257446289,1
3.6107866764068604,1
2.8239710330963135,1
4.0146803855896,1
5.459680557250977,1
3.679079055786133,1
3.0474026203155518,1
4.169023513793945,1
4.143801212310791,1
4.163661956787109,1
4.618720531463623,1
2.931908369064331,1
2.960444927215576,1
4.217390060424805,1
3.495154619216919,1
3.748291015625,1
2.7125446796417236,1
3.718755006790161,1
3.535973310470581,1
3.4173874855041504,1
3.735339879989624,1
3.2944443225860596,1
3.3889570236206055,1
3.62619686126709,1
3.930938959121704,1
4.65350341796875,1
4.755828857421875,1
3.6728339195251465,1
4.018765926361084,1
2.983581066131592,1
3.335134744644165,1
3.501366376876831,1
3.73903489112854,1
3.6355502605438232,1
3.6668453216552734,1
3.4179916381835938,1
3.7261569499969482,1
4.3673295974731445,1
3.994231700897217,1
3.5196118354797363,1
3.6030454635620117,1
3.047633171081543,1
3.2963035106658936,1
3.4314322471618652,1
3.2263426780700684,1
3.3542439937591553,1
3.581538677215576,1
3.7288002967834473,1
3.1874046325683594,1
2.8219804763793945,1
3.2503225803375244,1
3.295258045196533,1
3.3262887001037598,1
3.2233126163482666,1
3.178776741027832,1
3.5494251251220703,1
3.5669307708740234,1
3.2621045112609863,1
4.024852752685547,1
3.9495785236358643,1
3.1991679668426514,1
3.2238428592681885,1
3.268340587615967,1
3.953101634979248,1
3.0640013217926025,1
3.513150215148926,1
3.8609418869018555,1
3.856657028198242,1
3.047898530960083,1
3.719869613647461,1
3.3506898880004883,1
3.6453728675842285,1
3.2504305839538574,1
3.720689535140991,1
3.475491523742676,1
2.8928184509277344,1
3.2886242866516113,1
3.4781250953674316,1
3.893828868865967,1
3.5040016174316406,1
3.6461524963378906,1
3.2683191299438477,1
3.1773695945739746,1
4.12135124206543,1
3.592285633087158,1
3.6390857696533203,1
3.3084030151367188,1
3.6675310134887695,1
4.075829029083252,1
4.169367790222168,1
3.2873735427856445,1
3.872311592102051,1
2.9840292930603027,1
3.2475290298461914,1
3.5999579429626465,1
3.132364273071289,1
3.05853533744812,1
3.45971941947937,1
3.5817975997924805,1
5.173418045043945,1
3.396078109741211,1
3.1648573875427246,1
4.217789649963379,1
3.0502004623413086,1
3.3864872455596924,1
3.2666165828704834,1
3.3265275955200195,1
3.7764532566070557,1
3.631218194961548,1
3.427565813064575,1
3.262460708618164,1
3.099717378616333,1
3.715233087539673,1
2.9303359985351563,1
3.2633883953094482,1
4.469058036804199,1
3.6003851890563965,1
3.5513486862182617,1
3.707990884780884,1
3.0157599449157715,1
3.4879043102264404,1
4.003885269165039,1
3.002372980117798,1
3.293790817260742,1
3.4000186920166016,1
3.2242894172668457,1
3.696011543273926,1
3.4361801147460938,1
3.195281744003296,1
3.1663451194763184,1
2.3671765327453613,1
3.232323408126831,1
3.5005850791931152,1
2.9990484714508057,1
3.8707780838012695,1
3.6306204795837402,1
2.900747299194336,1
3.4215455055236816,1
2.89846134185791,1
2.6473093032836914,1
3.689985990524292,1
3.4215972423553467,1
3.4493675231933594,1
2.9165072441101074,1
3.2135729789733887,1
3.442493438720703,1
3.7455646991729736,1
3.462289571762085,1
3.462155818939209,1
3.3715872764587402,1
3.103771209716797,1
3.138875961303711,1
3.570556640625,1
3.393281936645508,1
3.2475028038024902,1
3.9694101810455322,1
4.287319183349609,1
3.547696113586426,1
2.426365613937378,1
4.032047748565674,1
3.877902030944824,1
3.82285737991333,1
3.6916425228118896,1
3.669113874435425,1
5.588109016418457,1
4.136299133300781,1
3.9826388359069824,1
4.9216413497924805,1
4.145005226135254,1
3.994236946105957,1
4.152862071990967,1
3.7634923458099365,1
3.7403011322021484,1
3.5241239070892334,1
4.35917854309082,1
4.02626895904541,1
3.7210874557495117,1
3.477940082550049,1
3.185511350631714,1
3.9313602447509766,1
3.4949705600738525,1
3.2165603637695313,1
3.27711820602417,1
3.7490456104278564,1
3.3003382682800293,1
3.3824703693389893,1
3.299700975418091,1
4.52121639251709,1
3.9368579387664795,1
4.199583053588867,1
3.7461090087890625,1
3.7095096111297607,1
3.9183402061462402,1
3.2104554176330566,1
3.332465410232544,1
3.2286882400512695,1
3.6355881690979004,1
3.444878339767456,1
3.279252529144287,1
3.569626808166504,1
3.4627490043640137,1
3.9065372943878174,1
3.408557415008545,1
3.8453454971313477,1
3.7677454948425293,1
3.120023250579834,1
2.963555097579956,1
3.5928659439086914,1
2.8245885372161865,1
3.5568690299987793,1
3.4839372634887695,1
4.59250545501709,1
3.308244466781616,1
3.287254810333252,1
3.176684856414795,1
3.1447441577911377,1
3.2462620735168457,1
3.843877077102661,1
3.324960708618164,1
2.929330825805664,1
3.3472988605499268,1
4.766221523284912,1
3.678607225418091,1
2.62725830078125,1
3.8776183128356934,1
3.7302303314208984,1
3.6672329902648926,1
3.4331583976745605,1
3.2094149589538574,1
3.272430419921875,1
5.055290222167969,1
3.3251147270202637,1
3.948451519012451,1
2.9613547325134277,1
4.221097946166992,1
4.008484840393066,1
4.03256893157959,1
4.050705432891846,1
4.163429260253906,1
3.5312747955322266,1
3.843533754348755,1
3.7324254512786865,1
5.195436477661133,1
3.7446110248565674,1
3.565321445465088,1
3.4383397102355957,1
3.368842124938965,1
3.481536865234375,1
3.376953601837158,1
3.320664882659912,1
2.723796844482422,1
3.350154399871826,1
3.550407886505127,1
4.42221736907959,1
3.5367612838745117,1
3.647264003753662,1
4.432537078857422,1
4.195570945739746,1
3.3644258975982666,1
3.605468511581421,1
4.012621879577637,1
4.360909938812256,1
4.038269519805908,1
3.931333303451538,1
4.253018379211426,1
3.9828851222991943,1
3.47976016998291,1
3.3480682373046875,1
3.3484787940979004,1
3.702308177947998,1
3.8713812828063965,1
3.2053847312927246,1
3.8848986625671387,1
3.8694839477539063,1
3.5447282791137695,1
3.4318103790283203,1
3.3664169311523438,1
2.935969352722168,1
3.226250648498535,1
3.4468348026275635,1
3.8981423377990723,1
3.3068974018096924,1
3.908090353012085,1
3.427945375442505,1
4.087606906890869,1
3.4921951293945313,1
3.475450038909912,1
3.7580671310424805,1
3.9086670875549316,1
3.223789691925049,1
3.421294689178467,1
3.515845537185669,1
3.7042036056518555,1
3.9155588150024414,1
3.1727166175842285,1
2.999742269515991,1
4.218698501586914,1
3.495805501937866,1
4.284249305725098,1
3.786923408508301,1
4.514873504638672,1
4.137847423553467,1
4.089007377624512,1
3.1710355281829834,1
3.832841396331787,1
5.114845275878906,1
4.145605087280273,1
3.637253761291504,1
3.8326492309570313,1
4.023067951202393,1
4.06448221206665,1
4.168013572692871,1
4.08724308013916,1
3.111982822418213,1
3.0918772220611572,1
4.086528778076172,1
3.864553213119507,1
3.4819884300231934,1
3.6055116653442383,1
3.5147509574890137,1
3.877638578414917,1
3.1260790824890137,1
3.495455026626587,1
3.662214756011963,1
3.2191176414489746,1
3.3856759071350098,1
3.5766043663024902,1
3.558518886566162,1
4.274201393127441,1
3.9159321784973145,1
3.285799026489258,1
3.4925589561462402,1
3.0892868041992188,1
4.035455703735352,1
3.373948574066162,1
3.238424777984619,1
2.9048538208007813,1
3.30214786529541,1
3.3909568786621094,1
3.5819592475891113,1
4.344512939453125,1
3.600830078125,1
2.9013712406158447,1
3.3768961429595947,1
3.1612536907196045,1
4.191481590270996,1
3.4951303005218506,1
3.629709243774414,1
3.0757126808166504,1
3.8301589488983154,1
3.266174077987671,1
3.5954017639160156,1
3.2292795181274414,1
4.1488938331604,1
3.724053144454956,1
3.792508602142334,1
3.77778697013855,1
3.5522913932800293,1
2.990266799926758,1
3.395792007446289,1
3.683109998703003,1
4.112346649169922,1
3.181504011154175,1
4.022515296936035,1
3.5907418727874756,1
3.1488256454467773,1
3.0500664710998535,1
3.3624799251556396,1
4.18707799911499,1
3.2310123443603516,1
3.271529197692871,1
3.642399311065674,1
3.597144603729248,1
2.9021706581115723,1
3.1050615310668945,1
3.275266647338867,1
3.5278093814849854,1
3.2633659839630127,1
3.2845945358276367,1
3.4861741065979004,1
3.4280576705932617,1
3.2788124084472656,1
3.8395113945007324,1
2.9582269191741943,1
3.2669167518615723,1
3.3945364952087402,1
3.2634470462799072,1
4.3529276847839355,1
3.595907211303711,1
3.562450885772705,1
3.7668349742889404,1
4.0129241943359375,1
3.8643734455108643,1
4.285408020019531,1
3.7190566062927246,1
3.4704079627990723,1
3.8846492767333984,1
3.4636001586914063,1
3.5402495861053467,1
3.668099880218506,1
2.981710433959961,1
3.9910497665405273,1
3.4619598388671875,1
4.692546844482422,1
3.6497962474823,1
3.3280272483825684,1
3.5252013206481934,1
3.4020328521728516,1
3.0056943893432617,1
3.1628785133361816,1
3.167029619216919,1
2.9164657592773438,1
3.5385336875915527,1
2.9777588844299316,1
3.3266758918762207,1
3.9224910736083984,1
3.755856513977051,1
4.030394554138184,1
3.670597791671753,1
3.990056037902832,1
3.481360673904419,1
3.41621470451355,1
3.510654926300049,1
3.3797383308410645,1
2.844534158706665,1
3.6638684272766113,1
2.7597832679748535,1
3.203756809234619,1
4.411346435546875,1
2.9005258083343506,1
3.520059585571289,1
3.7422375679016113,1
3.91430926322937,1
3.1686863899230957,1
3.930593967437744,1
3.9348642826080322,1
3.369438648223877,1
3.647930145263672,1
3.475048542022705,1
3.752041816711426,1
3.492750644683838,1
3.3548269271850586,1
4.323566436767578,1
4.173009395599365,1
4.607430934906006,1
3.864790678024292,1
3.803220510482788,1
3.287841796875,1
3.9647274017333984,1
3.564162015914917,1
3.4848978519439697,1
3.267327308654785,1
3.6920742988586426,1
3.3886308670043945,1
3.670804023742676,1
3.2659406661987305,1
3.039609432220459,1
3.3666248321533203,1
3.06374192237854,1
3.415753126144409,1
2.9764387607574463,1
3.4236574172973633,1
3.553612470626831,1
3.1174097061157227,1
3.4712677001953125,1
3.3701231479644775,1
2.9719128608703613,1
3.5491695404052734,1
3.6928458213806152,1
3.110416889190674,1
3.9704325199127197,1
3.510101795196533,1
3.407471179962158,1
4.144476890563965,1
3.4324259757995605,1
3.516000986099243,1
4.138399124145508,1
3.944683074951172,1
3.4106216430664063,1
3.322136163711548,1
3.1484534740448,1
3.3369011878967285,1
3.1636385917663574,1
3.3000423908233643,1
3.708543539047241,1
3.3867170810699463,1
2.9758408069610596,1
3.15022611618042,1
3.345858573913574,1
3.5207550525665283,1
3.8728928565979004,1
3.639589786529541,1
3.0484607219696045,1
3.3505771160125732,1
4.933554172515869,1
3.2443509101867676,1
4.155557632446289,1
4.449667930603027,1
4.273866653442383,1
3.0705323219299316,1
3.7736895084381104,1
4.168333053588867,1
3.8647258281707764,1
4.143520832061768,1
3.5659806728363037,1
3.8113346099853516,1
4.859797954559326,1
4.101839542388916,1
4.2978668212890625,1
4.227579116821289,1
3.6184799671173096,1
3.418868064880371,1
3.8281607627868652,1
3.579071521759033,1
4.454736709594727,1
3.753772258758545,1
3.930419683456421,1
3.9608631134033203,1
4.435719966888428,1
4.068109035491943,1
3.78188157081604,1
3.9251291751861572,1
3.8343636989593506,1
3.7272708415985107,1
3.8432979583740234,1
3.790781021118164,1
3.1552529335021973,1
3.4644927978515625,1
3.2283754348754883,1
3.5944855213165283,1
5.273919105529785,1
3.0190646648406982,1
3.6041259765625,1
2.9096760749816895,1
3.320711135864258,1
3.053546905517578,1
3.91690993309021,1
3.404572010040283,1
3.207137107849121,1
3.221282482147217,1
2.6596384048461914,1
3.234558582305908,1
3.245750904083252,1
3.283505916595459,1
3.560657501220703,1
4.1522016525268555,1
3.8246259689331055,1
2.92370867729187,1
2.6777186393737793,1
3.1850500106811523,1
3.312835454940796,1
3.2515292167663574,1
3.2088375091552734,1
3.4650776386260986,1
3.3793716430664063,1
3.6650211811065674,1
3.451704978942871,1
3.860687255859375,1
3.686591625213623,1
3.6206278800964355,1
3.8702199459075928,1
4.189019203186035,1
3.165964126586914,1
3.107128143310547,1
3.6031265258789063,1
3.435659885406494,1
3.0810813903808594,1
4.588143348693848,1
3.161208152770996,1
3.4617714881896973,1
3.710965156555176,1
3.62915301322937,1
3.3719890117645264,1
4.190797805786133,1
5.03999137878418,1
2.922100067138672,1
3.5311062335968018,1
3.4138221740722656,1
3.83860182762146,1
3.405595064163208,1
3.200549602508545,1
3.986921548843384,1
3.257328510284424,1
2.9883737564086914,1
3.1691410541534424,1
4.184902191162109,1
3.252882719039917,1
3.755232810974121,1
3.5396242141723633,1
3.0785694122314453,1
3.1433982849121094,1
3.361381769180298,1
4.103533744812012,1
3.1844594478607178,1
3.6147446632385254,1
3.597041368484497,1
2.8132362365722656,1
3.988226890563965,1
3.586376667022705,1
3.269120693206787,1
3.8874940872192383,1
3.4273171424865723,1
3.7355005741119385,1
4.14035701751709,1
3.7362818717956543,1
3.535740852355957,1
3.4692163467407227,1
3.387883186340332,1
3.3927135467529297,1
2.980886459350586,1
3.2372870445251465,1
3.9597339630126953,1
3.727194309234619,1
3.8333144187927246,1
3.5043394565582275,1
3.421168327331543,1
3.6820623874664307,1
3.6981775760650635,1
3.5775599479675293,1
3.492705821990967,1
3.6694412231445313,1
4.225166320800781,1
2.9517834186553955,1
3.564828395843506,1
3.5747499465942383,1
4.217341423034668,1
3.5462005138397217,1
3.4908270835876465,1
3.0730135440826416,1
3.0914034843444824,1
3.5577900409698486,1
3.3836984634399414,1
3.5917820930480957,1
4.318490982055664,1
3.7017035484313965,1
3.799661636352539,1
3.224792242050171,1
3.73891544342041,1
4.2581329345703125,1
3.2900490760803223,1
3.602741003036499,1
3.468602418899536,1
2.9416089057922363,1
4.020645618438721,1
3.560758113861084,1
3.614619255065918,1
3.192617654800415,1
3.5287246704101563,1
3.518096446990967,1
3.373359203338623,1
3.256037473678589,1
3.296844720840454,1
3.3120055198669434,1
3.909559965133667,1
3.4992623329162598,1
3.053048849105835,1
3.7283878326416016,1
3.32157039642334,1
3.3779149055480957,1
2.876614809036255,1
2.7654857635498047,1
3.767932415008545,1
3.5525431632995605,1
3.8090031147003174,1
2.8249402046203613,1
3.678283929824829,1
3.6733264923095703,1
3.657851219177246,1
3.4345192909240723,1
3.808138370513916,1
3.5801730155944824,1
4.348078727722168,1
3.9777004718780518,1
3.13586163520813,1
3.907789468765259,1
3.705904960632324,1
3.0182981491088867,1
3.2889962196350098,1
3.908738374710083,1
3.31575608253479,1
3.4635651111602783,1
4.699770450592041,1
3.4292654991149902,1
3.5231781005859375,1
3.297706127166748,1
4.463096618652344,1
3.6845364570617676,1
3.6936564445495605,1
3.4980287551879883,1
3.410429000854492,1
3.536196708679199,1
3.2091894149780273,1
3.369595766067505,1
3.938983917236328,1
3.55379581451416,1
3.344644546508789,1
3.4187262058258057,1
3.5597376823425293,1
3.378788948059082,1
3.173241138458252,1
3.816249132156372,1
2.8595328330993652,1
3.4573745727539063,1
3.3204617500305176,1
3.2682244777679443,1
3.9393014907836914,1
3.5148892402648926,1
3.6523022651672363,1
4.004701614379883,1
3.7908596992492676,1
4.183636665344238,1
3.0267512798309326,1
3.2674875259399414,1
3.190498113632202,1
2.866016387939453,1
3.166691303253174,1
3.032329797744751,1
3.405529022216797,1
3.4895012378692627,1
3.1996426582336426,1
3.257550001144409,1
3.6369516849517822,1
3.0830047130584717,1
3.252549648284912,1
3.16475248336792,1
3.369685649871826,1
3.2970328330993652,1
4.296271324157715,1
3.5004496574401855,1
3.6576900482177734,1
3.519690752029419,1
3.6935086250305176,1
2.9558959007263184,1
3.191075325012207,1
3.1541786193847656,1
4.1603851318359375,1
3.542522430419922,1
4.12638521194458,1
4.145475387573242,1
3.4487743377685547,1
3.6474666595458984,1
3.8486695289611816,1
3.4021949768066406,1
3.57271671295166,1
3.2837343215942383,1
3.3714003562927246,1
3.7899703979492188,1
3.7475790977478027,1
3.6909117698669434,1
3.4684271812438965,1
3.9502601623535156,1
2.79728364944458,1
3.2490224838256836,1
4.013569355010986,1
3.5791406631469727,1
3.765625,1
3.451317548751831,1
3.561490297317505,1
3.155991554260254,1
3.7320992946624756,1
3.4933040142059326,1
4.521653175354004,1
3.3256256580352783,1
3.800342559814453,1
3.706055164337158,1
3.6562659740448,1
3.8725290298461914,1
3.6100308895111084,1
3.6050710678100586,1
3.4733786582946777,1
3.5329978466033936,1
4.037184715270996,1
4.488496780395508,1
3.701871633529663,1
3.118729591369629,1
5.156479358673096,1
2.9732775688171387,1
3.7637133598327637,1
4.324699401855469,1
4.013500213623047,1
4.254306316375732,1
3.313725471496582,1
3.5322225093841553,1
3.1643805503845215,1
4.7435150146484375,1
3.9482648372650146,1
2.8159451484680176,1
3.504713535308838,1
3.17335844039917,1
3.764106273651123,1
3.404010772705078,1
3.0649325847625732,1
3.2547614574432373,1
3.1186389923095703,1
4.382321357727051,1
3.3453922271728516,1
3.307835817337036,1
3.1534650325775146,1
3.6904408931732178,1
4.13046932220459,1
3.9068491458892822,1
3.087167501449585,1
4.086386680603027,1
3.572780132293701,1
3.331747055053711,1
3.871486186981201,1
3.034782886505127,1
3.380227565765381,1
3.4596927165985107,1
3.8643064498901367,1
3.265392541885376,1
3.4402453899383545,1
3.6364593505859375,1
4.047438621520996,1
3.3213553428649902,1
3.7458229064941406,1
3.4205002784729004,1
3.684875011444092,1
3.5968704223632813,1
3.428410053253174,1
3.583606243133545,1
3.4349794387817383,1
3.262584924697876,1
3.7033307552337646,1
3.699824571609497,1
3.0484707355499268,1
4.021570205688477,1
3.970689535140991,1
3.404097318649292,1
3.605241298675537,1
4.348104953765869,1
3.274472713470459,1
3.574629545211792,1
2.749804973602295,1
3.1983280181884766,1
3.145073175430298,1
3.1124584674835205,1
3.7360763549804688,1
3.9049131870269775,1
3.740017890930176,1
3.4574334621429443,1
4.3397040367126465,1
3.322418689727783,1
3.2467103004455566,1
3.3517539501190186,1
3.6541481018066406,1
3.938066005706787,1
3.3385257720947266,1
3.464198589324951,1
3.123713970184326,1
3.556972026824951,1
3.4541115760803223,1
4.035408020019531,1
3.390782117843628,1
3.829071521759033,1
3.304039716720581,1
3.157322883605957,1
3.863988161087036,1
3.8145885467529297,1
3.411635398864746,1
3.6862330436706543,1
3.10634183883667,1
3.291952610015869,1
3.6992287635803223,1
3.4049363136291504,1
3.665978193283081,1
3.113030195236206,1
3.4120635986328125,1
3.023815393447876,1
2.9700422286987305,1
3.6151716709136963,1
3.4508912563323975,1
3.8359673023223877,1
3.9734997749328613,1
2.8942317962646484,1
3.0131754875183105,1
3.663081645965576,1
4.113219738006592,1
3.227783679962158,1
3.530895233154297,1
3.539360523223877,1
3.0155129432678223,1
3.395237445831299,1
4.221240997314453,1
3.8149194717407227,1
3.228872299194336,1
2.85520076751709,1
3.5939879417419434,1
3.924490451812744,1
3.5455427169799805,1
3.6453874111175537,1
3.9305813312530518,1
2.892038106918335,1
3.1415188312530518,1
3.193533182144165,1
3.4060676097869873,1
3.1022939682006836,1
3.6681430339813232,1
3.2514126300811768,1
3.493539810180664,1
2.953350067138672,1
3.2546546459198,1
3.578112840652466,1
2.963660717010498,1
3.4440746307373047,1
3.309593677520752,1
3.315843105316162,1
3.840055465698242,1
2.9455983638763428,1
3.9301164150238037,1
3.420598030090332,1
3.0927648544311523,1
3.564239501953125,1
3.053868055343628,1
3.178798198699951,1
3.2881431579589844,1
3.7828567028045654,1
3.9504618644714355,1
4.888589382171631,1
3.396923303604126,1
3.69677996635437,1
4.111934661865234,1
4.176191329956055,1
3.586827516555786,1
4.166632652282715,1
4.12210750579834,1
3.1050002574920654,1
3.8121933937072754,1
3.9086427688598633,1
3.585533857345581,1
3.6574158668518066,1
3.4935462474823,1
3.33078670501709,1
3.547916889190674,1
4.39365816116333,1
3.8987960815429688,1
4.058807849884033,1
4.242142677307129,1
3.635899543762207,1
3.310236692428589,1
3.994311809539795,1
3.527650833129883,1
3.656045436859131,1
4.664300918579102,1
2.983217477798462,1
2.875777244567871,1
3.907778263092041,1
4.259690284729004,1
3.3864994049072266,1
3.4827470779418945,1
3.579362392425537,1
3.8503122329711914,1
3.0818471908569336,1
3.76515531539917,1
3.3907930850982666,1
3.1887598037719727,1
3.8664989471435547,1
3.3136281967163086,1
3.4998626708984375,1
3.3292462825775146,1
4.074497699737549,1
4.041623115539551,1
3.7504875659942627,1
3.61265230178833,1
3.2812275886535645,1
3.528701066970825,1
3.5744051933288574,1
3.5974819660186768,1
3.49363374710083,1
3.684326171875,1
