2.4337337017059326,1
2.666055202484131,1
2.375678539276123,1
2.9121854305267334,1
1.774949073791504,1
1.880804181098938,1
1.7729034423828125,1
2.175727367401123,1
2.1696882247924805,1
2.799126148223877,1
2.840020179748535,1
2.5233495235443115,1
2.281512975692749,1
3.3912277221679688,1
1.8426614999771118,1
2.1651554107666016,1
2.2465295791625977,1
2.1002092361450195,1
2.1933372020721436,1
2.9423398971557617,1
2.262381076812744,1
2.284975051879883,1
2.2163407802581787,1
2.1920247077941895,1
2.589437484741211,1
2.6224284172058105,1
2.4996392726898193,1
2.288759708404541,1
3.5205459594726563,1
2.1833877563476563,1
2.608150005340576,1
2.83504581451416,1
3.0723440647125244,1
2.227954149246216,1
2.4680819511413574,1
2.1659467220306396,1
1.7362313270568848,1
2.28043794631958,1
2.404905080795288,1
2.463365077972412,1
2.4297666549682617,1
2.9313087463378906,1
2.4078783988952637,1
2.520751714706421,1
2.700950860977173,1
2.2598624229431152,1
2.3387956619262695,1
2.3559436798095703,1
2.72598934173584,1
2.061861991882324,1
2.412943124771118,1
2.41343355178833,1
1.9885234832763672,1
1.6955722570419312,1
2.694061517715454,1
1.6566760540008545,1
1.8014425039291382,1
2.4428672790527344,1
2.9551939964294434,1
3.060927391052246,1
3.249563217163086,1
2.554232597351074,1
2.876671314239502,1
2.122087001800537,1
2.766204833984375,1
2.7365379333496094,1
2.5477218627929688,1
2.0572762489318848,1
2.6634535789489746,1
2.9837522506713867,1
3.041914463043213,1
2.107638120651245,1
2.6698176860809326,1
2.55029559135437,1
3.2002949714660645,1
2.029787540435791,1
2.150179862976074,1
2.3770103454589844,1
2.5800373554229736,1
2.512969970703125,1
2.569120168685913,1
2.4804649353027344,1
2.3131189346313477,1
2.4900963306427,1
2.4734809398651123,1
2.7032952308654785,1
2.187361717224121,1
2.766852378845215,1
2.6328258514404297,1
2.4977667331695557,1
3.277235507965088,1
2.2960565090179443,1
2.788369655609131,1
2.175111770629883,1
2.526865005493164,1
1.9505162239074707,1
2.279971122741699,1
2.332296848297119,1
2.10067081451416,1
2.5276055335998535,1
2.2458386421203613,1
2.218747854232788,1
2.6377458572387695,1
2.2235240936279297,1
2.3890199661254883,1
2.1132194995880127,1
2.2947165966033936,1
2.4187819957733154,1
2.940113067626953,1
2.916982412338257,1
2.2055230140686035,1
2.2793989181518555,1
2.4887614250183105,1
2.4923386573791504,1
2.119197368621826,1
2.1283340454101563,1
2.4489243030548096,1
2.6239871978759766,1
2.707172155380249,1
3.0137856006622314,1
2.989086866378784,1
2.8363754749298096,1
2.785625457763672,1
1.7945048809051514,1
2.108205795288086,1
2.5119991302490234,1
3.1124377250671387,1
2.310189962387085,1
3.508953094482422,1
2.532520294189453,1
2.449212074279785,1
2.6928486824035645,1
2.7272133827209473,1
2.6319925785064697,1
2.2385079860687256,1
3.120318651199341,1
1.8752243518829346,1
3.934581995010376,1
2.7018556594848633,1
2.8674697875976563,1
3.023651599884033,1
2.739670753479004,1
2.7752552032470703,1
1.784923791885376,1
2.2570748329162598,1
2.444676399230957,1
2.8651554584503174,1
2.52841854095459,1
1.9551551342010498,1
2.3967671394348145,1
2.3543763160705566,1
2.043900966644287,1
3.1358909606933594,1
2.2387681007385254,1
2.245335578918457,1
2.5433993339538574,1
1.8848124742507935,1
1.9058597087860107,1
2.6639814376831055,1
2.892310619354248,1
3.299356698989868,1
2.109358072280884,1
3.3221964836120605,1
2.184696674346924,1
2.887712240219116,1
2.3469009399414063,1
2.754208564758301,1
2.577887535095215,1
2.5561683177948,1
2.7715249061584473,1
2.559586763381958,1
2.6229352951049805,1
2.0862739086151123,1
2.1078481674194336,1
2.5981292724609375,1
2.4402427673339844,1
2.0261993408203125,1
2.524137020111084,1
2.3038034439086914,1
2.38033390045166,1
2.280879497528076,1
2.5849533081054688,1
2.464219570159912,1
1.7947262525558472,1
1.6455131769180298,1
2.480335235595703,1
2.0055315494537354,1
2.4482057094573975,1
2.2179994583129883,1
1.9158962965011597,1
2.0377025604248047,1
2.7128233909606934,1
1.7695679664611816,1
2.4648823738098145,1
2.480246067047119,1
2.009183406829834,1
2.507469654083252,1
2.2296743392944336,1
2.7533764839172363,1
1.7016661167144775,1
2.477846622467041,1
2.678466558456421,1
2.6784415245056152,1
2.4279379844665527,1
2.0914220809936523,1
2.347567558288574,1
1.879023551940918,1
2.538745880126953,1
2.1605849266052246,1
1.987564206123352,1
2.100663423538208,1
1.9788014888763428,1
3.621530294418335,1
1.7450506687164307,1
2.4487860202789307,1
2.470306158065796,1
1.8856260776519775,1
2.2556025981903076,1
2.5536954402923584,1
2.318887710571289,1
2.933385133743286,1
2.3923697471618652,1
2.1622371673583984,1
2.506865978240967,1
1.9779338836669922,1
1.9639484882354736,1
2.0640053749084473,1
2.4491076469421387,1
2.5386013984680176,1
2.089837074279785,1
1.7434778213500977,1
2.8066725730895996,1
2.0257644653320313,1
2.4337940216064453,1
2.6162142753601074,1
2.142535448074341,1
2.360139846801758,1
2.1836366653442383,1
1.9579286575317383,1
2.428102731704712,1
2.56117844581604,1
2.344102382659912,1
2.487783908843994,1
2.2515954971313477,1
2.3144075870513916,1
2.341984272003174,1
2.6122751235961914,1
2.7357258796691895,1
3.1009936332702637,1
2.0696210861206055,1
2.723755121231079,1
2.2722816467285156,1
1.9603137969970703,1
1.7993723154067993,1
2.5288991928100586,1
2.480743169784546,1
1.9126136302947998,1
2.170902729034424,1
2.280465602874756,1
2.3935089111328125,1
2.0827748775482178,1
2.447657823562622,1
2.9705541133880615,1
2.2606685161590576,1
2.5360021591186523,1
2.7174429893493652,1
2.268955707550049,1
2.2440080642700195,1
2.244326591491699,1
2.0628323554992676,1
2.6792044639587402,1
2.6665334701538086,1
2.6196842193603516,1
1.6918401718139648,1
2.4549503326416016,1
2.88022518157959,1
2.934713363647461,1
2.445136785507202,1
3.243582248687744,1
2.3436460494995117,1
3.3642449378967285,1
2.4558963775634766,1
2.708618640899658,1
3.33782958984375,1
2.296873092651367,1
2.6682262420654297,1
2.553248882293701,1
3.08450984954834,1
2.3082215785980225,1
1.8287196159362793,1
2.773758888244629,1
2.2693402767181396,1
3.2751259803771973,1
2.8075380325317383,1
2.4380574226379395,1
2.0904221534729004,1
2.582463026046753,1
2.072193145751953,1
1.7823457717895508,1
2.0127735137939453,1
2.244462013244629,1
2.250258445739746,1
2.3492555618286133,1
2.3625197410583496,1
2.0758590698242188,1
2.5457777976989746,1
2.5470614433288574,1
2.2923731803894043,1
2.2660775184631348,1
1.9918321371078491,1
2.061849594116211,1
2.8588738441467285,1
2.973820686340332,1
3.5640132427215576,1
2.5697648525238037,1
2.5861520767211914,1
2.0425426959991455,1
2.419790029525757,1
1.8244717121124268,1
2.4364418983459473,1
2.4358878135681152,1
3.0062761306762695,1
2.2831664085388184,1
2.621389865875244,1
2.525501251220703,1
2.158559799194336,1
2.905811071395874,1
2.358792543411255,1
1.9682021141052246,1
2.269709587097168,1
2.4381680488586426,1
1.9164209365844727,1
2.339211940765381,1
2.599644422531128,1
2.7441346645355225,1
2.282529830932617,1
2.305508613586426,1
2.448961019515991,1
2.758331537246704,1
2.9690260887145996,1
2.6076035499572754,1
2.3536627292633057,1
2.1733431816101074,1
2.845792531967163,1
2.7992608547210693,1
2.4954185485839844,1
1.924966812133789,1
1.931225061416626,1
1.8979227542877197,1
2.576630115509033,1
1.790870189666748,1
1.731765866279602,1
1.8250172138214111,1
2.310398578643799,1
2.4419047832489014,1
2.4791054725646973,1
2.3776040077209473,1
2.604832649230957,1
2.713499069213867,1
2.3407936096191406,1
2.3140769004821777,1
2.27303409576416,1
2.4567720890045166,1
2.339428186416626,1
2.319809913635254,1
1.673473596572876,1
2.4338536262512207,1
2.280468463897705,1
2.038146495819092,1
2.022393226623535,1
1.9720590114593506,1
2.4766130447387695,1
1.854479193687439,1
1.7281314134597778,1
2.117015838623047,1
2.3339059352874756,1
2.2603917121887207,1
2.6186954975128174,1
2.386075019836426,1
2.960083484649658,1
2.322474479675293,1
2.3011996746063232,1
2.1039538383483887,1
2.5097477436065674,1
2.643411874771118,1
2.0340821743011475,1
2.397132158279419,1
2.779791831970215,1
2.1866402626037598,1
2.5634591579437256,1
2.0622358322143555,1
2.395380973815918,1
2.9487838745117188,1
2.646198272705078,1
2.560992479324341,1
2.366656541824341,1
2.0295467376708984,1
2.006509780883789,1
2.153139591217041,1
2.726914167404175,1
2.2815208435058594,1
1.9584732055664063,1
2.017435073852539,1
2.1535074710845947,1
3.1544337272644043,1
3.0986199378967285,1
2.8994362354278564,1
2.6048851013183594,1
2.0831522941589355,1
2.120199680328369,1
2.144972801208496,1
2.421786069869995,1
2.267590045928955,1
2.721835136413574,1
2.7490804195404053,1
2.7431116104125977,1
2.812009334564209,1
2.234750270843506,1
2.2866625785827637,1
2.851820468902588,1
3.693892002105713,1
3.8473939895629883,1
3.1388747692108154,1
2.683417320251465,1
2.5665102005004883,1
3.0066781044006348,1
4.326953887939453,1
3.1095681190490723,1
2.112485885620117,1
2.498081684112549,1
3.8131601810455322,1
3.104161024093628,1
2.785642385482788,1
2.2289211750030518,1
2.8567991256713867,1
2.671234369277954,1
2.792508363723755,1
2.1129531860351563,1
2.519418716430664,1
2.4809212684631348,1
2.500812530517578,1
2.9478206634521484,1
3.0225653648376465,1
2.6201934814453125,1
2.170919418334961,1
2.3949437141418457,1
2.9130921363830566,1
2.271658182144165,1
2.001833915710449,1
2.072411060333252,1
2.6827921867370605,1
2.661135673522949,1
2.2648305892944336,1
2.651179790496826,1
2.5525360107421875,1
2.6982245445251465,1
2.1673038005828857,1
1.8571324348449707,1
1.7770339250564575,1
2.5176548957824707,1
2.639702320098877,1
2.6394364833831787,1
2.1104531288146973,1
1.8988659381866455,1
2.239959478378296,1
2.8917574882507324,1
2.1836469173431396,1
2.210608959197998,1
2.384216070175171,1
2.1010825634002686,1
2.1275837421417236,1
1.811517357826233,1
2.1151163578033447,1
2.3585329055786133,1
2.4652035236358643,1
2.039006233215332,1
2.7390918731689453,1
2.0275449752807617,1
2.1837472915649414,1
2.1028521060943604,1
2.917062282562256,1
2.3587450981140137,1
2.148218870162964,1
2.087940216064453,1
2.277574062347412,1
2.6035590171813965,1
2.6329922676086426,1
2.27150821685791,1
2.2760186195373535,1
2.2737643718719482,1
2.290428400039673,1
3.59379243850708,1
1.9563268423080444,1
2.995584011077881,1
1.9373496770858765,1
1.8424975872039795,1
2.479321002960205,1
2.434858798980713,1
2.7187652587890625,1
2.4880805015563965,1
1.964057207107544,1
2.5159060955047607,1
2.6816234588623047,1
2.4655344486236572,1
2.845620632171631,1
1.9427783489227295,1
2.707127571105957,1
2.6245739459991455,1
2.0802674293518066,1
2.3539388179779053,1
2.160691261291504,1
1.9938645362854004,1
1.7676665782928467,1
1.6577117443084717,1
2.406733989715576,1
2.3898134231567383,1
2.846238374710083,1
2.665215015411377,1
3.3080904483795166,1
2.673638105392456,1
2.5326573848724365,1
2.390911340713501,1
1.9824203252792358,1
2.332399845123291,1
1.7109652757644653,1
2.9167985916137695,1
2.6141841411590576,1
2.0489039421081543,1
2.152768135070801,1
2.610058546066284,1
2.3877339363098145,1
2.351304054260254,1
1.6197013854980469,1
2.4767730236053467,1
2.4841408729553223,1
1.901139736175537,1
2.4268836975097656,1
2.5161333084106445,1
2.4024014472961426,1
2.393214702606201,1
2.148573398590088,1
2.470132827758789,1
1.9914824962615967,1
2.483527421951294,1
2.4642438888549805,1
2.3316707611083984,1
1.9090951681137085,1
2.6302855014801025,1
2.7261223793029785,1
2.382725954055786,1
2.072561025619507,1
2.0975451469421387,1
2.2183613777160645,1
2.467128276824951,1
2.5337562561035156,1
2.220740795135498,1
2.3847854137420654,1
2.510249137878418,1
2.208070755004883,1
2.7929036617279053,1
2.2522194385528564,1
2.684161424636841,1
2.3543124198913574,1
2.2743489742279053,1
2.643475294113159,1
3.016385078430176,1
3.092036247253418,1
2.2247824668884277,1
2.150601863861084,1
2.252873659133911,1
3.794212579727173,1
2.7903366088867188,1
2.371424436569214,1
2.3871893882751465,1
1.9848742485046387,1
2.9832234382629395,1
3.05914306640625,1
2.4889984130859375,1
2.06903338432312,1
2.199861526489258,1
2.9984471797943115,1
2.4469025135040283,1
2.516450881958008,1
1.8726211786270142,1
2.4791107177734375,1
2.3582890033721924,1
2.3444101810455322,1
2.0639524459838867,1
2.5336806774139404,1
2.04581880569458,1
2.379305362701416,1
1.8920866250991821,1
2.743291139602661,1
2.964357614517212,1
2.129977226257324,1
1.9107760190963745,1
2.4396252632141113,1
1.9440311193466187,1
2.807331085205078,1
2.5534934997558594,1
2.120739459991455,1
2.125283718109131,1
2.466947555541992,1
3.551173210144043,1
2.7108941078186035,1
2.539141893386841,1
2.243414878845215,1
2.832826852798462,1
2.459991455078125,1
3.2701096534729004,1
2.9062554836273193,1
2.006103038787842,1
2.4604644775390625,1
1.6546298265457153,1
2.247166872024536,1
3.1197762489318848,1
3.159900665283203,1
2.783545970916748,1
2.741760492324829,1
2.6362404823303223,1
1.9109781980514526,1
2.1443257331848145,1
2.350749969482422,1
2.1788816452026367,1
2.635235548019409,1
2.806246757507324,1
2.6828837394714355,1
2.9102425575256348,1
2.220215320587158,1
2.6791491508483887,1
2.5636963844299316,1
2.1464247703552246,1
2.6519417762756348,1
2.418304204940796,1
2.5146522521972656,1
2.9389162063598633,1
2.12610125541687,1
2.294727325439453,1
2.4360952377319336,1
2.1921043395996094,1
2.140350341796875,1
2.3890039920806885,1
1.8982990980148315,1
2.067331075668335,1
1.7579917907714844,1
2.6567511558532715,1
3.0163164138793945,1
2.716989040374756,1
2.2206389904022217,1
2.1056623458862305,1
2.3876376152038574,1
1.9972552061080933,1
2.2049148082733154,1
2.4423329830169678,1
2.2053728103637695,1
2.186439275741577,1
2.091759204864502,1
3.220677375793457,1
2.399693727493286,1
2.0813748836517334,1
2.1702003479003906,1
2.0855603218078613,1
2.4480879306793213,1
2.1944453716278076,1
2.2005581855773926,1
2.5086476802825928,1
2.1006789207458496,1
2.7426815032958984,1
2.791242837905884,1
2.747180461883545,1
2.4807024002075195,1
2.230544328689575,1
2.9450037479400635,1
1.8381415605545044,1
2.4295506477355957,1
2.5326859951019287,1
2.107226848602295,1
2.885887622833252,1
2.596196413040161,1
2.2643611431121826,1
1.8637118339538574,1
2.697688579559326,1
2.5437333583831787,1
2.3049957752227783,1
2.7220513820648193,1
2.253817558288574,1
2.385573387145996,1
2.2579073905944824,1
2.3980369567871094,1
2.1314096450805664,1
2.571990489959717,1
2.412846326828003,1
1.984876275062561,1
2.5308728218078613,1
2.222564220428467,1
2.354875087738037,1
1.9105443954467773,1
1.943084478378296,1
2.0401225090026855,1
2.080230236053467,1
2.204953908920288,1
2.510983943939209,1
3.2386434078216553,1
2.523646831512451,1
2.086246967315674,1
3.0426721572875977,1
2.907963752746582,1
2.422027587890625,1
1.8134708404541016,1
2.3885698318481445,1
2.654040813446045,1
3.009463310241699,1
2.1983213424682617,1
2.8339931964874268,1
1.8323376178741455,1
2.7735793590545654,1
2.5721356868743896,1
2.051292657852173,1
2.5329198837280273,1
2.268404483795166,1
2.0019612312316895,1
2.996030330657959,1
2.4228506088256836,1
2.378309965133667,1
1.9044620990753174,1
1.9399175643920898,1
2.195800304412842,1
2.4846253395080566,1
2.166505813598633,1
2.0341315269470215,1
2.6971864700317383,1
1.97329580783844,1
1.8957656621932983,1
2.8645894527435303,1
2.6650562286376953,1
2.61909556388855,1
2.3570094108581543,1
2.703920364379883,1
2.542952060699463,1
2.5777029991149902,1
2.0502700805664063,1
2.8235971927642822,1
2.0773234367370605,1
2.7987401485443115,1
2.045543670654297,1
2.2964277267456055,1
2.712233304977417,1
2.96335506439209,1
2.7915453910827637,1
2.592325210571289,1
1.853016972541809,1
2.6083619594573975,1
2.4114277362823486,1
1.9929044246673584,1
2.251997470855713,1
2.096031665802002,1
2.0664660930633545,1
2.2738189697265625,1
2.0500192642211914,1
2.3237998485565186,1
2.6258420944213867,1
2.6306941509246826,1
2.557746410369873,1
2.393206834793091,1
2.017078399658203,1
2.7235097885131836,1
2.4332447052001953,1
3.295839309692383,1
2.774070978164673,1
2.2801451683044434,1
2.7174792289733887,1
2.072636127471924,1
2.316132068634033,1
2.2547593116760254,1
2.2909724712371826,1
2.196098566055298,1
1.9673657417297363,1
2.54461669921875,1
2.326371908187866,1
2.130711317062378,1
2.233436346054077,1
2.609560012817383,1
2.108132839202881,1
2.2505531311035156,1
2.1257872581481934,1
1.978667974472046,1
2.0112481117248535,1
2.309299945831299,1
2.47823429107666,1
2.388033866882324,1
2.56601619720459,1
2.309332847595215,1
2.341226816177368,1
2.129979133605957,1
2.2035226821899414,1
2.4747023582458496,1
3.124734878540039,1
2.4560437202453613,1
3.017956256866455,1
3.5753207206726074,1
2.2025575637817383,1
2.6096458435058594,1
2.625852108001709,1
2.5182151794433594,1
2.207822322845459,1
2.3578224182128906,1
2.6349024772644043,1
2.7357864379882813,1
2.734433174133301,1
2.657334566116333,1
2.4739413261413574,1
2.4176554679870605,1
1.8041064739227295,1
1.9546465873718262,1
2.731267213821411,1
2.3095622062683105,1
2.7830348014831543,1
2.1348490715026855,1
2.789844274520874,1
2.1396431922912598,1
2.6851165294647217,1
2.456385850906372,1
2.418463706970215,1
2.7736830711364746,1
2.512638807296753,1
2.8454537391662598,1
2.1456594467163086,1
2.2439558506011963,1
2.2512307167053223,1
3.313023567199707,1
2.4720284938812256,1
2.824411153793335,1
2.449777841567993,1
2.583092212677002,1
2.2451653480529785,1
1.9985077381134033,1
2.698577642440796,1
2.3968617916107178,1
2.3989315032958984,1
3.094545841217041,1
2.4483296871185303,1
1.9355196952819824,1
2.3242106437683105,1
2.5425679683685303,1
2.175931930541992,1
2.442077875137329,1
2.0995335578918457,1
1.9616386890411377,1
2.306323528289795,1
2.029181480407715,1
1.8402432203292847,1
2.712521553039551,1
2.3996331691741943,1
2.25872540473938,1
2.387854814529419,1
3.0191736221313477,1
2.0800271034240723,1
2.265636920928955,1
2.876152992248535,1
2.9729270935058594,1
2.814246892929077,1
2.0501177310943604,1
2.5661001205444336,1
1.9577594995498657,1
1.8822320699691772,1
2.2227718830108643,1
2.411937952041626,1
2.2320027351379395,1
2.505399227142334,1
2.463104009628296,1
2.1167244911193848,1
2.1113104820251465,1
3.4847545623779297,1
2.7922706604003906,1
2.068502902984619,1
3.463881492614746,1
2.5533785820007324,1
2.0781145095825195,1
2.2704570293426514,1
2.6842777729034424,1
2.4423108100891113,1
3.0806350708007813,1
1.9303351640701294,1
2.8037729263305664,1
2.530515193939209,1
2.087432384490967,1
2.2477784156799316,1
1.8247475624084473,1
2.16658878326416,1
2.3317432403564453,1
2.7376108169555664,1
2.0266737937927246,1
2.206421375274658,1
3.1029202938079834,1
2.3234386444091797,1
2.299438953399658,1
2.731196880340576,1
2.3946588039398193,1
2.1152400970458984,1
2.192984104156494,1
2.197561740875244,1
1.9203674793243408,1
3.1426074504852295,1
2.1153032779693604,1
1.9470716714859009,1
2.5048704147338867,1
3.0156595706939697,1
2.0383458137512207,1
2.213334083557129,1
1.7101213932037354,1
2.6303019523620605,1
2.338674545288086,1
2.5475516319274902,1
2.4750115871429443,1
2.573977470397949,1
3.165938138961792,1
1.7584792375564575,1
2.189781904220581,1
2.218944787979126,1
1.9851748943328857,1
2.985659599304199,1
2.4357593059539795,1
2.124739646911621,1
2.242269277572632,1
2.658299446105957,1
2.3221333026885986,1
2.5851120948791504,1
1.701977014541626,1
2.1466281414031982,1
2.3236284255981445,1
2.799894332885742,1
2.517854690551758,1
2.0477306842803955,1
2.6965365409851074,1
2.4746108055114746,1
2.518298864364624,1
2.3340563774108887,1
2.1278724670410156,1
2.3463215827941895,1
2.2797012329101563,1
2.3454737663269043,1
2.6971559524536133,1
2.5500869750976563,1
2.576409339904785,1
2.4395623207092285,1
2.9400038719177246,1
2.6897685527801514,1
1.670482873916626,1
2.6404571533203125,1
3.309450626373291,1
2.794487953186035,1
2.4061508178710938,1
2.4941916465759277,1
1.2743160724639893,1
2.643988609313965,1
2.0922203063964844,1
2.29144287109375,1
2.982179880142212,1
3.208113670349121,1
2.1655280590057373,1
2.1369645595550537,1
2.715137481689453,1
2.6163597106933594,1
2.8269546031951904,1
2.1220271587371826,1
2.153437376022339,1
2.617410182952881,1
2.682372808456421,1
1.933882236480713,1
2.5755882263183594,1
2.1448593139648438,1
2.0291800498962402,1
2.5167789459228516,1
2.101613998413086,1
2.1769254207611084,1
2.3005170822143555,1
2.0858821868896484,1
1.9938035011291504,1
2.015109062194824,1
2.4391746520996094,1
2.23630690574646,1
2.064704656600952,1
2.2069177627563477,1
3.064195156097412,1
2.436582565307617,1
1.838683843612671,1
2.703704357147217,1
2.6047635078430176,1
3.420306444168091,1
2.75264835357666,1
2.856691837310791,1
2.0092194080352783,1
2.504990816116333,1
3.6185946464538574,1
1.9528610706329346,1
2.550813674926758,1
2.1661744117736816,1
2.093604564666748,1
2.332551956176758,1
2.0959951877593994,1
2.242648124694824,1
2.3165011405944824,1
1.8077669143676758,1
2.5341970920562744,1
2.34199857711792,1
2.6978864669799805,1
2.530783176422119,1
1.9871951341629028,1
2.2551474571228027,1
2.716782331466675,1
2.7796988487243652,1
1.7901185750961304,1
2.8495078086853027,1
2.007059335708618,1
2.378695487976074,1
2.3636999130249023,1
2.753743886947632,1
2.1829347610473633,1
2.4751884937286377,1
2.376807689666748,1
2.8771350383758545,1
2.176010847091675,1
1.7783688306808472,1
2.029561996459961,1
2.4904730319976807,1
2.7983438968658447,1
2.579911231994629,1
2.3075132369995117,1
2.14627742767334,1
2.569807529449463,1
1.9301378726959229,1
3.4541261196136475,1
1.9165703058242798,1
2.0644373893737793,1
1.964641809463501,1
2.332455635070801,1
1.7780553102493286,1
2.2295851707458496,1
2.57424259185791,1
1.6762503385543823,1
1.8804636001586914,1
2.5660414695739746,1
1.6396870613098145,1
2.3117003440856934,1
2.5624284744262695,1
2.2669026851654053,1
1.8525269031524658,1
2.9638843536376953,1
2.217609167098999,1
2.422667980194092,1
2.672008514404297,1
2.347162961959839,1
2.061497211456299,1
2.919102668762207,1
2.5690999031066895,1
2.232644557952881,1
2.5687732696533203,1
2.133542060852051,1
2.498664140701294,1
3.335742950439453,1
2.726348400115967,1
2.6573405265808105,1
1.943588137626648,1
2.5567939281463623,1
2.828580856323242,1
2.481245994567871,1
2.7124528884887695,1
2.873213768005371,1
3.106884241104126,1
2.859926223754883,1
1.9505518674850464,1
1.9932430982589722,1
2.3360486030578613,1
2.232609272003174,1
1.6113979816436768,1
3.863227367401123,1
3.0539710521698,1
1.7384319305419922,1
1.990260124206543,1
2.5336484909057617,1
2.7889084815979004,1
2.3202908039093018,1
2.3332319259643555,1
2.3758699893951416,1
2.462315559387207,1
1.8960494995117188,1
2.3285131454467773,1
2.806225061416626,1
2.9299986362457275,1
3.4916083812713623,1
3.1381096839904785,1
2.835710048675537,1
2.274080991744995,1
2.3198063373565674,1
2.176391124725342,1
2.7376694679260254,1
2.394524097442627,1
3.156877279281616,1
2.5886693000793457,1
2.3476788997650146,1
2.1200809478759766,1
2.9450831413269043,1
2.9684760570526123,1
2.453706741333008,1
3.176131248474121,1
1.914415717124939,1
2.55941104888916,1
1.9208265542984009,1
2.288395643234253,1
2.389122486114502,1
2.492105722427368,1
2.152130365371704,1
1.896761417388916,1
1.718963861465454,1
1.9181277751922607,1
2.039731979370117,1
2.1342196464538574,1
2.3993406295776367,1
2.4106478691101074,1
2.2554073333740234,1
2.2946314811706543,1
2.223947048187256,1
2.7778871059417725,1
2.6334681510925293,1
2.280940532684326,1
1.7877559661865234,1
2.552398681640625,1
3.0631022453308105,1
2.776947259902954,1
2.184817314147949,1
2.237187623977661,1
2.33502197265625,1
3.0979950428009033,1
2.1627540588378906,1
2.6032652854919434,1
2.513540267944336,1
3.193324327468872,1
2.81345796585083,1
2.718651294708252,1
2.9882850646972656,1
2.520886182785034,1
2.5939998626708984,1
2.8479130268096924,1
2.807249069213867,1
2.3201417922973633,1
2.722198724746704,1
2.445032835006714,1
1.9301068782806396,1
2.288376808166504,1
2.5618631839752197,1
2.215489387512207,1
2.2150022983551025,1
2.169893264770508,1
2.5118913650512695,1
2.1740598678588867,1
1.9960930347442627,1
1.8934946060180664,1
2.3768069744110107,1
1.9171491861343384,1
2.527221202850342,1
2.095017910003662,1
2.285799026489258,1
1.9920001029968262,1
2.452000617980957,1
2.501129627227783,1
1.9096529483795166,1
2.6985220909118652,1
2.555112361907959,1
2.600261926651001,1
1.6505770683288574,1
1.9968533515930176,1
1.9373719692230225,1
2.1670618057250977,1
2.1925153732299805,1
2.40877103805542,1
2.7996602058410645,1
2.6663811206817627,1
1.7462213039398193,1
3.123723030090332,1
1.944007396697998,1
2.8941476345062256,1
2.7083306312561035,1
2.6690313816070557,1
2.187180280685425,1
2.0831704139709473,1
2.215472459793091,1
2.648977756500244,1
2.707698345184326,1
2.0746002197265625,1
3.9144692420959473,1
2.989403247833252,1
2.7335731983184814,1
2.9568066596984863,1
2.018397569656372,1
2.953279733657837,1
2.874192714691162,1
2.0942821502685547,1
3.5677456855773926,1
1.910079002380371,1
2.830777883529663,1
2.258984327316284,1
2.8851375579833984,1
2.349774122238159,1
2.6593265533447266,1
2.2035324573516846,1
2.9670231342315674,1
2.789320945739746,1
2.744391918182373,1
2.235124111175537,1
2.9641623497009277,1
2.4057037830352783,1
2.628973960876465,1
2.3550868034362793,1
2.783629894256592,1
2.678427219390869,1
2.4319067001342773,1
2.5873260498046875,1
3.6267104148864746,1
3.3463621139526367,1
3.8126773834228516,1
2.7357542514801025,1
2.6606931686401367,1
2.010502338409424,1
2.3103952407836914,1
3.3380637168884277,1
3.041350841522217,1
2.056840419769287,1
2.620898485183716,1
2.6962432861328125,1
3.4000391960144043,1
2.4571924209594727,1
2.07472825050354,1
2.3046774864196777,1
3.223560333251953,1
2.49865984916687,1
2.1025404930114746,1
2.9182028770446777,1
1.9964382648468018,1
2.2471117973327637,1
2.1874489784240723,1
2.1817970275878906,1
2.18754243850708,1
3.0141406059265137,1
3.274221420288086,1
2.8707151412963867,1
2.0343120098114014,1
2.4114043712615967,1
2.964998245239258,1
2.6063218116760254,1
2.2291128635406494,1
2.739079475402832,1
2.330759048461914,1
2.7975523471832275,1
2.013248920440674,1
2.2590315341949463,1
2.374828815460205,1
2.691791534423828,1
2.617206573486328,1
2.3289835453033447,1
2.4052557945251465,1
2.655369997024536,1
2.3502159118652344,1
2.483940839767456,1
1.614261507987976,1
2.455350399017334,1
2.1491641998291016,1
2.491492748260498,1
2.1349425315856934,1
2.3036558628082275,1
2.4480040073394775,1
2.313352584838867,1
2.424899101257324,1
2.8452978134155273,1
2.4785752296447754,1
2.279933214187622,1
2.756044864654541,1
2.415243148803711,1
1.9809893369674683,1
2.221980571746826,1
2.182427406311035,1
2.320237159729004,1
2.5276272296905518,1
2.2220375537872314,1
2.6465790271759033,1
2.4862353801727295,1
1.8805477619171143,1
2.538031578063965,1
2.359890937805176,1
2.4157018661499023,1
2.6190009117126465,1
2.2845168113708496,1
2.0799460411071777,1
2.7558488845825195,1
2.214547634124756,1
2.695436954498291,1
1.9130054712295532,1
1.9098738431930542,1
2.017439603805542,1
2.4035980701446533,1
2.786548614501953,1
2.5842366218566895,1
2.969925880432129,1
2.53041410446167,1
2.3219425678253174,1
2.3977549076080322,1
1.4632580280303955,1
2.2668657302856445,1
2.285611867904663,1
2.384622097015381,1
1.4385597705841064,1
2.782733917236328,1
2.403289794921875,1
1.6715071201324463,1
2.7431092262268066,1
2.420713186264038,1
1.9813590049743652,1
1.9667991399765015,1
2.7050862312316895,1
2.5958099365234375,1
2.1179187297821045,1
2.0152711868286133,1
2.2711892127990723,1
2.3932201862335205,1
2.6666746139526367,1
1.9031020402908325,1
2.1326141357421875,1
2.7842471599578857,1
2.4845123291015625,1
2.009998083114624,1
2.340304136276245,1
2.147408962249756,1
2.2701852321624756,1
2.8281142711639404,1
2.7702882289886475,1
2.434788227081299,1
2.498964786529541,1
2.928396701812744,1
2.746518611907959,1
2.5588784217834473,1
3.03433895111084,1
3.0557026863098145,1
3.6533994674682617,1
2.322233200073242,1
2.4255428314208984,1
2.5666966438293457,1
2.619645833969116,1
2.7300455570220947,1
2.3142173290252686,1
2.2738380432128906,1
3.0965232849121094,1
2.056339979171753,1
3.3654682636260986,1
2.7968969345092773,1
2.8424432277679443,1
2.88955020904541,1
2.0033206939697266,1
2.9455060958862305,1
2.9860668182373047,1
4.8727264404296875,1
3.293853759765625,1
2.578817129135132,1
2.235974073410034,1
2.6891884803771973,1
2.3179922103881836,1
2.8264050483703613,1
2.674391269683838,1
2.8164944648742676,1
2.7941946983337402,1
2.825859308242798,1
2.4782652854919434,1
2.14534330368042,1
2.384429693222046,1
2.6039440631866455,1
2.839712619781494,1
3.3097450733184814,1
2.433476686477661,1
2.683445692062378,1
2.557429790496826,1
2.3783934116363525,1
2.6601991653442383,1
2.2547268867492676,1
2.317291498184204,1
2.1769964694976807,1
2.025452136993408,1
3.2720115184783936,1
2.9891533851623535,1
2.85182523727417,1
2.7669882774353027,1
2.733792304992676,1
2.008594036102295,1
2.0398824214935303,1
2.2945947647094727,1
3.0570411682128906,1
2.392507553100586,1
2.1563549041748047,1
2.2733030319213867,1
3.149054527282715,1
2.651042938232422,1
2.2470383644104004,1
2.7210655212402344,1
1.9317224025726318,1
2.185587167739868,1
2.2600555419921875,1
3.0041234493255615,1
1.9471180438995361,1
2.419337511062622,1
2.8539934158325195,1
2.4582951068878174,1
2.4505550861358643,1
1.9271373748779297,1
2.6049599647521973,1
2.3363869190216064,1
2.5766377449035645,1
2.473132371902466,1
1.9170241355895996,1
2.133314371109009,1
2.367607593536377,1
2.6581296920776367,1
2.228415012359619,1
2.8235044479370117,1
2.5136356353759766,1
2.1516990661621094,1
2.1081607341766357,1
2.549785614013672,1
2.271883487701416,1
3.773876190185547,1
2.290659189224243,1
2.786015033721924,1
1.9653122425079346,1
2.966210126876831,1
2.1234631538391113,1
3.0342845916748047,1
2.5694918632507324,1
2.4448766708374023,1
2.469404935836792,1
2.4049911499023438,1
2.4150447845458984,1
2.466289758682251,1
2.4709997177124023,1
2.569263458251953,1
2.668307065963745,1
2.2729403972625732,1
2.090756416320801,1
2.236626625061035,1
2.115938663482666,1
2.2690138816833496,1
2.8107552528381348,1
2.220020294189453,1
2.2330074310302734,1
2.8232927322387695,1
2.2782821655273438,1
2.1695756912231445,1
2.2858009338378906,1
2.0930726528167725,1
2.2553482055664063,1
3.3192238807678223,1
2.4993534088134766,1
2.5378096103668213,1
2.430440902709961,1
2.323729991912842,1
2.7399110794067383,1
2.730058193206787,1
3.0890138149261475,1
3.2799224853515625,1
2.267073154449463,1
2.509354829788208,1
2.7670650482177734,1
2.4367761611938477,1
3.1774699687957764,1
1.9463045597076416,1
2.108238697052002,1
2.0687222480773926,1
2.639732837677002,1
2.491722345352173,1
2.1143064498901367,1
2.9534921646118164,1
2.7393081188201904,1
2.2244858741760254,1
2.5891330242156982,1
2.89860463142395,1
2.442049980163574,1
2.439028263092041,1
1.6087698936462402,1
2.630640745162964,1
2.3784403800964355,1
2.3068928718566895,1
2.2398080825805664,1
2.3718690872192383,1
2.3457393646240234,1
2.2877395153045654,1
2.806779384613037,1
2.318178653717041,1
2.1926889419555664,1
2.4230356216430664,1
2.4855778217315674,1
2.1118152141571045,1
2.3836357593536377,1
2.072758436203003,1
2.3777318000793457,1
2.6441650390625,1
2.5765581130981445,1
2.963571071624756,1
2.6745502948760986,1
2.59194278717041,1
2.663100242614746,1
2.6704235076904297,1
2.88166880607605,1
2.6699423789978027,1
2.625243663787842,1
2.5011367797851563,1
2.364896297454834,1
1.9284727573394775,1
2.4200124740600586,1
3.0917091369628906,1
2.0614380836486816,1
2.1185977458953857,1
3.3315606117248535,1
2.2018001079559326,1
3.3323450088500977,1
3.071648120880127,1
2.8543553352355957,1
2.2910947799682617,1
2.402489185333252,1
2.259972095489502,1
2.3433761596679688,1
2.7434182167053223,1
2.3659558296203613,1
2.201108455657959,1
2.766019821166992,1
2.7019705772399902,1
2.8180036544799805,1
1.8185415267944336,1
2.154815435409546,1
2.0774312019348145,1
2.326925039291382,1
2.90967059135437,1
2.2365589141845703,1
2.524946451187134,1
2.504434108734131,1
2.0832769870758057,1
2.028377056121826,1
2.594442844390869,1
2.3726019859313965,1
2.596442699432373,1
2.181314468383789,1
2.247313976287842,1
2.186725616455078,1
2.2059733867645264,1
1.8459129333496094,1
2.5642940998077393,1
2.584451198577881,1
2.4695236682891846,1
2.4427590370178223,1
2.500713348388672,1
1.9902312755584717,1
2.6753950119018555,1
2.4340569972991943,1
3.092999219894409,1
1.895349383354187,1
2.084794521331787,1
2.357112407684326,1
2.068545341491699,1
2.6474063396453857,1
2.686047077178955,1
2.4249346256256104,1
1.898154854774475,1
2.4342331886291504,1
3.348324775695801,1
2.5142016410827637,1
1.697756052017212,1
2.817594051361084,1
2.55830717086792,1
3.1565628051757813,1
2.4075212478637695,1
1.9957810640335083,1
2.2953362464904785,1
2.7576820850372314,1
2.4151549339294434,1
2.2787508964538574,1
2.7834997177124023,1
2.525269031524658,1
2.344316244125366,1
2.0316011905670166,1
1.9842900037765503,1
1.909597396850586,1
2.182649612426758,1
3.0117709636688232,1
2.166785717010498,1
2.502838611602783,1
2.5186824798583984,1
2.9574971199035645,1
2.3482413291931152,1
2.5583410263061523,1
2.075763702392578,1
3.4040098190307617,1
2.5301363468170166,1
2.4900965690612793,1
2.0900802612304688,1
2.6619014739990234,1
2.4738550186157227,1
2.610929250717163,1
2.3050832748413086,1
2.0693318843841553,1
2.21933650970459,1
2.594597578048706,1
2.3688266277313232,1
2.427687644958496,1
2.7457096576690674,1
1.9038755893707275,1
2.2350311279296875,1
2.4761829376220703,1
2.474173069000244,1
2.301602840423584,1
2.155879020690918,1
2.1841025352478027,1
2.1650443077087402,1
2.646357536315918,1
2.713153123855591,1
2.4541664123535156,1
2.2977538108825684,1
2.439347743988037,1
2.5648140907287598,1
2.2010695934295654,1
2.3467531204223633,1
2.3052732944488525,1
1.975045919418335,1
2.378699779510498,1
2.195098400115967,1
3.033275604248047,1
2.2827117443084717,1
2.4168972969055176,1
2.3549976348876953,1
2.397902011871338,1
2.152022361755371,1
3.1173112392425537,1
2.2837371826171875,1
1.934257984161377,1
2.3242344856262207,1
3.5186822414398193,1
2.6906051635742188,1
1.898591160774231,1
3.5568981170654297,1
2.927898406982422,1
2.8858957290649414,1
3.540210247039795,1
2.239840507507324,1
2.759230136871338,1
2.7460784912109375,1
3.333463191986084,1
2.7771315574645996,1
2.8265132904052734,1
2.289102792739868,1
2.701310634613037,1
2.9110159873962402,1
2.4971923828125,1
2.5868616104125977,1
3.309462070465088,1
3.0510921478271484,1
2.3322670459747314,1
2.325958728790283,1
2.677149772644043,1
2.2746200561523438,1
1.8590360879898071,1
2.0852322578430176,1
2.2286128997802734,1
1.734540343284607,1
2.8584542274475098,1
2.5511274337768555,1
2.337569236755371,1
2.7507004737854004,1
2.8581478595733643,1
1.9263553619384766,1
2.752577543258667,1
2.0279810428619385,1
2.100700855255127,1
3.3965444564819336,1
2.2021567821502686,1
1.99758780002594,1
2.1082773208618164,1
1.818943977355957,1
2.852933406829834,1
2.1613430976867676,1
2.1753220558166504,1
3.427269458770752,1
1.8231617212295532,1
2.5457329750061035,1
2.3256866931915283,1
2.525381326675415,1
1.8751332759857178,1
2.475088596343994,1
3.769686222076416,1
2.8082823753356934,1
2.5072360038757324,1
1.9280447959899902,1
2.6058666706085205,1
2.193183422088623,1
2.0130293369293213,1
1.9540932178497314,1
2.4543843269348145,1
2.4461021423339844,1
2.2762937545776367,1
2.355401039123535,1
3.0433149337768555,1
2.0241169929504395,1
2.5097622871398926,1
2.7155439853668213,1
2.1518545150756836,1
2.633216381072998,1
1.9715945720672607,1
2.403677463531494,1
2.7483620643615723,1
1.7742080688476563,1
2.0000202655792236,1
1.95649254322052,1
2.4509215354919434,1
1.9267406463623047,1
2.4001598358154297,1
2.208951950073242,1
2.051511287689209,1
2.9846627712249756,1
2.8311567306518555,1
2.307736396789551,1
2.256500720977783,1
2.3629660606384277,1
2.145829439163208,1
2.5143351554870605,1
2.388998031616211,1
2.148411273956299,1
3.123293399810791,1
2.5516600608825684,1
2.291217565536499,1
1.8147392272949219,1
2.3505606651306152,1
1.8395535945892334,1
2.2795450687408447,1
1.8486723899841309,1
2.4514074325561523,1
2.2534914016723633,1
2.8397469520568848,1
2.546070098876953,1
3.57021427154541,1
1.8682498931884766,1
2.369170665740967,1
2.4600234031677246,1
3.3895528316497803,1
3.8013486862182617,1
3.1100168228149414,1
2.8891825675964355,1
2.976179599761963,1
3.2629427909851074,1
3.042602062225342,1
2.1050214767456055,1
3.4218533039093018,1
2.666048049926758,1
3.0534114837646484,1
3.2945709228515625,1
3.3198628425598145,1
4.920770645141602,1
3.407111883163452,1
3.1741280555725098,1
2.767922878265381,1
2.5143442153930664,1
2.5991110801696777,1
3.179093360900879,1
2.835148334503174,1
2.2409181594848633,1
2.9240498542785645,1
2.5207386016845703,1
3.8447365760803223,1
3.0190300941467285,1
2.4591622352600098,1
3.13749098777771,1
2.4753289222717285,1
2.386812210083008,1
3.2001872062683105,1
2.8164896965026855,1
2.1809163093566895,1
2.095036745071411,1
2.764559268951416,1
2.9621853828430176,1
2.7680861949920654,1
2.35697603225708,1
2.5842161178588867,1
2.265231132507324,1
2.989687442779541,1
2.9620490074157715,1
3.3914380073547363,1
3.061417579650879,1
2.566394805908203,1
3.102816104888916,1
3.106377124786377,1
2.107451915740967,1
3.1588830947875977,1
1.897540807723999,1
2.260821580886841,1
2.366746425628662,1
2.438497543334961,1
3.16738224029541,1
2.6399195194244385,1
2.2547969818115234,1
2.4951539039611816,1
2.7286667823791504,1
2.1743948459625244,1
2.3573813438415527,1
2.5850539207458496,1
2.5135207176208496,1
2.3361082077026367,1
2.379429817199707,1
2.8017959594726563,1
2.1817753314971924,1
2.8406009674072266,1
2.76400089263916,1
3.0412940979003906,1
2.919607639312744,1
2.736827850341797,1
2.761502742767334,1
2.9513914585113525,1
3.188415050506592,1
2.658926486968994,1
1.8838787078857422,1
2.13067364692688,1
2.163762092590332,1
3.3824844360351563,1
2.7543628215789795,1
2.277135133743286,1
1.9871559143066406,1
2.2068233489990234,1
2.116638422012329,1
2.0007753372192383,1
2.252091884613037,1
2.620133399963379,1
2.621433973312378,1
2.387424945831299,1
2.297344207763672,1
2.499541759490967,1
2.4458062648773193,1
2.080216646194458,1
2.1227972507476807,1
2.8816206455230713,1
2.4422106742858887,1
2.230677604675293,1
1.8697452545166016,1
2.2257375717163086,1
2.101475477218628,1
2.7203683853149414,1
1.8220725059509277,1
2.806910991668701,1
2.619124174118042,1
2.928499221801758,1
2.1916275024414063,1
2.5494234561920166,1
2.3670122623443604,1
1.8575925827026367,1
2.6855998039245605,1
3.36698579788208,1
2.444275379180908,1
2.4238269329071045,1
2.4833812713623047,1
2.2152280807495117,1
2.6027162075042725,1
2.12833309173584,1
2.112640619277954,1
2.728813886642456,1
2.2704434394836426,1
2.608030080795288,1
2.055399179458618,1
3.593200445175171,1
2.0854332447052,1
2.191521167755127,1
2.080132007598877,1
2.925830602645874,1
2.798828601837158,1
3.004575729370117,1
2.19663667678833,1
2.581634283065796,1
3.942276954650879,1
2.5449373722076416,1
2.46877121925354,1
1.7541751861572266,1
3.109517812728882,1
2.659651279449463,1
2.6585776805877686,1
2.4041430950164795,1
3.036012887954712,1
2.6132147312164307,1
2.172637462615967,1
2.060098171234131,1
2.0707690715789795,1
2.2742316722869873,1
2.451908588409424,1
2.2195096015930176,1
2.7963719367980957,1
2.3967933654785156,1
2.5435543060302734,1
2.3783581256866455,1
2.7638497352600098,1
1.974165439605713,1
2.672178268432617,1
2.3826065063476563,1
2.289489269256592,1
3.0284829139709473,1
2.7199575901031494,1
2.629444122314453,1
2.7220120429992676,1
2.181569814682007,1
2.790489673614502,1
2.036525011062622,1
2.5617501735687256,1
2.957479476928711,1
2.486046552658081,1
2.954209804534912,1
3.0983941555023193,1
2.909733295440674,1
2.0928711891174316,1
2.6835241317749023,1
1.91527259349823,1
2.858802556991577,1
2.640632152557373,1
2.2969536781311035,1
2.638401985168457,1
1.9540446996688843,1
2.443403720855713,1
3.1660661697387695,1
2.452179431915283,1
3.173266887664795,1
3.008523941040039,1
2.5387959480285645,1
2.5436952114105225,1
2.4613637924194336,1
2.0862622261047363,1
3.3083415031433105,1
2.0453696250915527,1
3.017849922180176,1
3.06235408782959,1
2.626619338989258,1
2.8649027347564697,1
2.228766918182373,1
2.1645169258117676,1
2.824589967727661,1
2.8571360111236572,1
2.842677116394043,1
2.664703845977783,1
2.359612464904785,1
2.666060447692871,1
2.46964955329895,1
3.316995143890381,1
1.9463977813720703,1
2.621138334274292,1
1.7532055377960205,1
2.097083568572998,1
1.732464075088501,1
2.908616304397583,1
2.3785500526428223,1
2.069218158721924,1
3.2618448734283447,1
2.3625001907348633,1
3.325852394104004,1
1.8245642185211182,1
1.9921585321426392,1
2.01417875289917,1
2.132413148880005,1
2.1488571166992188,1
2.6899900436401367,1
2.2131152153015137,1
2.9140210151672363,1
2.449923038482666,1
2.5565474033355713,1
2.4132304191589355,1
1.9328582286834717,1
1.8106920719146729,1
3.0751290321350098,1
2.596318483352661,1
2.531513214111328,1
1.9707865715026855,1
2.543701410293579,1
2.7731707096099854,1
1.660459041595459,1
2.112448215484619,1
2.373556613922119,1
2.9318318367004395,1
2.225381851196289,1
2.7362959384918213,1
2.8203728199005127,1
2.9264755249023438,1
2.450930118560791,1
2.0701050758361816,1
2.341860771179199,1
2.670846700668335,1
2.144214630126953,1
3.778515338897705,1
2.5557408332824707,1
2.673912525177002,1
2.270221710205078,1
2.5737154483795166,1
3.0805439949035645,1
2.459714889526367,1
2.5339298248291016,1
2.28879714012146,1
2.4130632877349854,1
2.4315671920776367,1
2.4371390342712402,1
2.8069729804992676,1
2.5024924278259277,1
2.4668281078338623,1
1.9258842468261719,1
2.733206033706665,1
2.153510093688965,1
4.324726581573486,1
2.5942883491516113,1
2.4053738117218018,1
2.052858829498291,1
3.113530158996582,1
2.6440415382385254,1
3.4024081230163574,1
3.0560085773468018,1
2.175457000732422,1
2.4461669921875,1
2.8067917823791504,1
2.2572407722473145,1
4.188425540924072,1
2.6116271018981934,1
2.6546554565429688,1
2.2236404418945313,1
2.4525716304779053,1
2.5492708683013916,1
2.6260743141174316,1
2.419963836669922,1
1.8966410160064697,1
2.295255184173584,1
2.179039478302002,1
2.0725951194763184,1
2.962541103363037,1
2.5919971466064453,1
3.1254305839538574,1
2.1767616271972656,1
2.1493282318115234,1
2.6675424575805664,1
2.0869088172912598,1
2.2082629203796387,1
2.526048183441162,1
2.166048526763916,1
2.739962100982666,1
2.888768196105957,1
2.458127021789551,1
2.177750587463379,1
2.3367648124694824,1
2.7193007469177246,1
2.2034196853637695,1
2.1079704761505127,1
2.336313009262085,1
3.2934322357177734,1
2.564481258392334,1
2.6837096214294434,1
3.4492599964141846,1
2.4353549480438232,1
2.830179452896118,1
2.6215357780456543,1
2.0520410537719727,1
2.385098457336426,1
2.242208480834961,1
2.4697322845458984,1
2.550307512283325,1
2.2882206439971924,1
2.121004104614258,1
2.536135673522949,1
2.2840452194213867,1
1.9089016914367676,1
2.4543023109436035,1
2.544154167175293,1
2.2000768184661865,1
3.202766180038452,1
2.7069895267486572,1
2.2851672172546387,1
2.5215539932250977,1
2.4350686073303223,1
1.7385597229003906,1
1.738638162612915,1
2.0168731212615967,1
2.578653573989868,1
2.900986909866333,1
2.149069309234619,1
2.731245517730713,1
2.239579200744629,1
2.629873752593994,1
3.158536434173584,1
2.865898609161377,1
2.524470806121826,1
2.2661051750183105,1
3.0862183570861816,1
2.9905929565429688,1
2.223574161529541,1
2.00761079788208,1
4.398575782775879,1
2.185344696044922,1
2.6825850009918213,1
3.614039897918701,1
2.983361005783081,1
3.088326930999756,1
2.6653614044189453,1
2.1501426696777344,1
2.4705028533935547,1
2.8571791648864746,1
2.6012439727783203,1
3.060110092163086,1
3.373628616333008,1
2.4917538166046143,1
2.8093910217285156,1
2.1232876777648926,1
2.7714200019836426,1
2.4173831939697266,1
3.1686058044433594,1
2.5472464561462402,1
2.640634059906006,1
2.613490581512451,1
2.3951876163482666,1
2.464897632598877,1
3.127910614013672,1
2.5245718955993652,1
2.228353500366211,1
2.408212184906006,1
2.2757954597473145,1
3.0805866718292236,1
3.0301480293273926,1
3.2197442054748535,1
2.308969497680664,1
2.554218292236328,1
2.166522741317749,1
2.311046600341797,1
1.7695468664169312,1
2.720336437225342,1
3.172196388244629,1
3.0677242279052734,1
2.85825252532959,1
1.9943171739578247,1
2.828934907913208,1
2.1857526302337646,1
2.875865936279297,1
2.0891900062561035,1
2.993955612182617,1
2.861001968383789,1
2.4296300411224365,1
2.5188040733337402,1
1.7895500659942627,1
2.5956966876983643,1
2.241485357284546,1
2.1885156631469727,1
2.415637254714966,1
1.745600938796997,1
2.071573495864868,1
2.156378746032715,1
2.707761764526367,1
2.4232516288757324,1
2.0965754985809326,1
2.836697578430176,1
2.536257028579712,1
2.9297993183135986,1
2.6299843788146973,1
3.003469944000244,1
1.9902851581573486,1
3.0538129806518555,1
1.9110262393951416,1
2.464740753173828,1
2.2798357009887695,1
1.86948823928833,1
2.157698631286621,1
2.7816150188446045,1
2.24997615814209,1
2.35829758644104,1
2.361192226409912,1
1.997279167175293,1
2.1923930644989014,1
1.9578628540039063,1
3.0744118690490723,1
1.947556734085083,1
2.504671573638916,1
2.6518702507019043,1
2.2389371395111084,1
2.1760001182556152,1
2.084855079650879,1
2.4534449577331543,1
3.1504499912261963,1
2.076866388320923,1
1.9754118919372559,1
2.1545639038085938,1
2.633002519607544,1
1.9025697708129883,1
2.435720205307007,1
2.222658395767212,1
1.8877061605453491,1
2.6563186645507813,1
2.151535749435425,1
2.5428948402404785,1
2.0299367904663086,1
1.7885668277740479,1
2.731297492980957,1
1.5690932273864746,1
3.3272831439971924,1
2.7595009803771973,1
2.2280542850494385,1
2.1654670238494873,1
2.639832019805908,1
3.611363172531128,1
2.1613712310791016,1
2.3052926063537598,1
2.7923099994659424,1
2.294010639190674,1
2.5807394981384277,1
2.5517868995666504,1
2.077815532684326,1
2.1728148460388184,1
3.0439553260803223,1
2.332399845123291,1
2.38783860206604,1
2.5472607612609863,1
2.385018825531006,1
1.832083821296692,1
2.5106077194213867,1
2.547071933746338,1
2.0843467712402344,1
2.346017599105835,1
2.4042086601257324,1
2.1044933795928955,1
2.150038719177246,1
2.3553919792175293,1
2.3281216621398926,1
2.299304962158203,1
2.291555643081665,1
3.0461392402648926,1
1.7203571796417236,1
1.6891545057296753,1
2.215390205383301,1
2.701167106628418,1
2.4716973304748535,1
1.8013932704925537,1
2.4704761505126953,1
2.1748552322387695,1
2.1090846061706543,1
2.641481637954712,1
2.461725950241089,1
2.7730600833892822,1
2.8115925788879395,1
2.847778797149658,1
3.1683297157287598,1
1.8695515394210815,1
3.5413951873779297,1
2.6362881660461426,1
3.0656867027282715,1
2.477949619293213,1
2.9114010334014893,1
2.4914748668670654,1
2.514448642730713,1
2.6233017444610596,1
2.955190658569336,1
2.0172853469848633,1
3.0031023025512695,1
2.483294725418091,1
1.8779901266098022,1
2.4686055183410645,1
2.575948715209961,1
2.6140904426574707,1
2.762075185775757,1
2.574760913848877,1
2.755096912384033,1
2.7014000415802,1
2.7774658203125,1
1.9657559394836426,1
2.592585325241089,1
1.9841535091400146,1
3.4196701049804688,1
2.2983884811401367,1
2.8173296451568604,1
2.309957981109619,1
2.470478057861328,1
2.5324883460998535,1
1.8624258041381836,1
2.3790154457092285,1
2.3923001289367676,1
2.3676042556762695,1
3.166060447692871,1
3.2783432006835938,1
2.148059844970703,1
2.7974812984466553,1
2.4208030700683594,1
1.9980953931808472,1
2.2432363033294678,1
3.038483142852783,1
2.6563684940338135,1
2.364346981048584,1
2.4031167030334473,1
2.2759838104248047,1
2.153045177459717,1
3.518181085586548,1
3.3384575843811035,1
2.9459517002105713,1
2.397700786590576,1
2.2679965496063232,1
2.5760889053344727,1
3.285660982131958,1
3.5049681663513184,1
2.791724681854248,1
2.209904670715332,1
2.5271100997924805,1
2.876192092895508,1
2.9319896697998047,1
3.3285984992980957,1
1.9704790115356445,1
2.75858473777771,1
2.449458599090576,1
3.2257423400878906,1
2.908524751663208,1
2.9431090354919434,1
1.9889470338821411,1
3.331129550933838,1
2.8421006202697754,1
3.6368634700775146,1
3.000582456588745,1
2.6141905784606934,1
2.6373229026794434,1
2.701798915863037,1
2.611339807510376,1
2.608987808227539,1
2.7553811073303223,1
4.048845291137695,1
3.008312940597534,1
2.37007737159729,1
2.6594343185424805,1
3.742298126220703,1
2.727458953857422,1
3.047844886779785,1
2.316000461578369,1
1.9828935861587524,1
2.3055942058563232,1
3.241276502609253,1
3.334035634994507,1
2.978907585144043,1
2.9195752143859863,1
3.4867355823516846,1
3.1865897178649902,1
2.7468485832214355,1
2.657252311706543,1
2.7487220764160156,1
2.5789294242858887,1
3.0525403022766113,1
3.30509614944458,1
2.7055821418762207,1
2.786158561706543,1
2.20766019821167,1
2.152988910675049,1
3.6876370906829834,1
2.5518717765808105,1
2.2910547256469727,1
2.7806129455566406,1
2.9420838356018066,1
2.1388797760009766,1
2.8402655124664307,1
2.4525532722473145,1
2.9427871704101563,1
2.255647659301758,1
3.2341933250427246,1
3.2582807540893555,1
2.6676831245422363,1
2.6921133995056152,1
2.070493698120117,1
1.77854323387146,1
2.163501262664795,1
1.952042579650879,1
3.2842655181884766,1
2.7128326892852783,1
2.2711243629455566,1
2.0149145126342773,1
2.551208972930908,1
2.3460311889648438,1
2.4328112602233887,1
2.2700085639953613,1
2.7146849632263184,1
2.4448459148406982,1
2.7175726890563965,1
2.916679620742798,1
2.4249393939971924,1
3.0409412384033203,1
2.3059239387512207,1
2.75249981880188,1
2.3099517822265625,1
2.74210262298584,1
2.2916035652160645,1
2.3196048736572266,1
2.1047985553741455,1
2.817060708999634,1
2.6488780975341797,1
1.937926173210144,1
2.253002166748047,1
2.318868637084961,1
2.269853115081787,1
2.616361379623413,1
2.5342700481414795,1
2.678414821624756,1
2.015129566192627,1
2.2909622192382813,1
2.542557716369629,1
2.3775014877319336,1
2.0363690853118896,1
2.051340103149414,1
2.405672550201416,1
1.6300201416015625,1
2.079240322113037,1
2.5131032466888428,1
2.1401782035827637,1
2.0675737857818604,1
2.2731847763061523,1
2.59781551361084,1
2.0400586128234863,1
2.4469361305236816,1
2.464918851852417,1
2.1442646980285645,1
2.8878865242004395,1
2.535393238067627,1
2.3191728591918945,1
2.3583083152770996,1
2.618797779083252,1
2.1084043979644775,1
2.8253233432769775,1
2.7923672199249268,1
2.304507255554199,1
1.9812917709350586,1
2.4878182411193848,1
2.2718043327331543,1
2.8250339031219482,1
2.7435874938964844,1
2.9591269493103027,1
2.7885212898254395,1
1.9163472652435303,1
2.6078453063964844,1
2.375901222229004,1
2.1411845684051514,1
2.239156723022461,1
2.3668529987335205,1
2.1354353427886963,1
2.189188003540039,1
1.9871593713760376,1
1.4673519134521484,1
3.2383337020874023,1
2.2870395183563232,1
2.750494956970215,1
2.2528021335601807,1
2.2063722610473633,1
1.8400471210479736,1
1.779512643814087,1
2.267454147338867,1
2.6885900497436523,1
2.408292055130005,1
2.3707125186920166,1
2.8861474990844727,1
2.24753737449646,1
1.5026202201843262,1
2.313704490661621,1
2.689542293548584,1
2.7465529441833496,1
2.308140277862549,1
2.6303811073303223,1
2.346741199493408,1
2.1698670387268066,1
2.359522819519043,1
2.119541645050049,1
2.196056365966797,1
3.236161708831787,1
2.00773549079895,1
2.170581102371216,1
2.214216709136963,1
2.3826136589050293,1
2.6828370094299316,1
2.855154037475586,1
3.383389472961426,1
2.4524059295654297,1
2.3085639476776123,1
2.381359815597534,1
2.6842260360717773,1
2.2443251609802246,1
2.614727735519409,1
2.594611883163452,1
2.242140293121338,1
3.477565288543701,1
2.8079636096954346,1
2.9345993995666504,1
2.885321855545044,1
2.4937729835510254,1
2.235275983810425,1
2.4213688373565674,1
3.5196657180786133,1
3.1123037338256836,1
2.8501553535461426,1
2.6802186965942383,1
2.9190495014190674,1
2.1596591472625732,1
2.0159106254577637,1
2.8406012058258057,1
3.0513408184051514,1
2.1714742183685303,1
2.4516632556915283,1
2.3798441886901855,1
2.102860927581787,1
2.1026179790496826,1
2.1838560104370117,1
2.419046640396118,1
2.3991925716400146,1
2.432559013366699,1
2.758671283721924,1
3.0361216068267822,1
2.822643280029297,1
2.3222861289978027,1
2.587576389312744,1
2.7826907634735107,1
2.9589571952819824,1
1.8315184116363525,1
2.1981797218322754,1
3.302610158920288,1
2.0153088569641113,1
2.6462419033050537,1
2.313599109649658,1
2.3968379497528076,1
2.3556694984436035,1
2.7342076301574707,1
2.8097763061523438,1
3.039773464202881,1
2.5178842544555664,1
2.0057153701782227,1
2.0450735092163086,1
1.9149222373962402,1
2.384896755218506,1
3.041656494140625,1
2.3578996658325195,1
2.774946689605713,1
1.7804133892059326,1
2.1967310905456543,1
3.4583981037139893,1
2.6982312202453613,1
2.233745574951172,1
2.051816940307617,1
2.5335636138916016,1
2.1285345554351807,1
2.0517325401306152,1
2.3367412090301514,1
2.190927028656006,1
2.4738779067993164,1
2.621365547180176,1
2.610929250717163,1
2.182393789291382,1
2.070342540740967,1
2.4024150371551514,1
2.295666217803955,1
2.7223944664001465,1
3.0985374450683594,1
2.182098865509033,1
3.287799596786499,1
2.8150529861450195,1
2.687276601791382,1
2.4085843563079834,1
2.335994243621826,1
2.3494412899017334,1
3.1153340339660645,1
2.4142708778381348,1
3.2077603340148926,1
2.518580436706543,1
2.621176242828369,1
3.4237542152404785,1
2.7302112579345703,1
2.7233219146728516,1
2.221043109893799,1
2.297624111175537,1
3.280078411102295,1
2.305598258972168,1
2.6191725730895996,1
2.932816505432129,1
2.370441436767578,1
3.128499984741211,1
2.4435620307922363,1
2.0862393379211426,1
2.2023050785064697,1
2.6298837661743164,1
2.019474744796753,1
3.059274196624756,1
2.8078980445861816,1
2.1395821571350098,1
2.539721965789795,1
2.4613356590270996,1
2.627587080001831,1
2.554140090942383,1
2.4294676780700684,1
2.7461349964141846,1
2.218454360961914,1
2.0554652214050293,1
2.0896799564361572,1
1.8074815273284912,1
2.5723328590393066,1
2.3297572135925293,1
2.7272820472717285,1
3.304863929748535,1
2.1466493606567383,1
2.6320056915283203,1
2.7104969024658203,1
2.554537773132324,1
2.501315116882324,1
2.1251797676086426,1
2.9576005935668945,1
2.2727677822113037,1
2.860076904296875,1
2.049546480178833,1
2.6834068298339844,1
3.0627942085266113,1
2.265127658843994,1
2.2378334999084473,1
2.2621498107910156,1
2.492750644683838,1
2.2176856994628906,1
2.2282261848449707,1
2.182900905609131,1
1.761545181274414,1
2.130540609359741,1
2.09543514251709,1
2.429196357727051,1
2.0670509338378906,1
2.5188212394714355,1
2.070697546005249,1
2.116729497909546,1
2.983502149581909,1
2.121734619140625,1
2.4577903747558594,1
1.906958818435669,1
2.4311728477478027,1
2.2087831497192383,1
1.4837087392807007,1
2.217381477355957,1
2.732078790664673,1
1.8477177619934082,1
2.325124979019165,1
2.258357048034668,1
2.2164146900177,1
2.90985107421875,1
2.180896520614624,1
2.144623279571533,1
1.5146477222442627,1
2.5077269077301025,1
2.769423246383667,1
2.743936777114868,1
2.24226975440979,1
2.6800272464752197,1
2.300295114517212,1
3.13748836517334,1
2.6090445518493652,1
2.9772331714630127,1
3.3334760665893555,1
2.004521369934082,1
2.683520793914795,1
2.316479206085205,1
2.449510097503662,1
2.065610408782959,1
2.267705202102661,1
3.9856064319610596,1
2.194941997528076,1
2.7295079231262207,1
2.807509422302246,1
2.4085779190063477,1
2.2588977813720703,1
2.2980518341064453,1
2.7594962120056152,1
2.1918420791625977,1
1.9661415815353394,1
2.118384838104248,1
2.7507498264312744,1
2.4965577125549316,1
3.0252785682678223,1
2.681384563446045,1
2.161597728729248,1
2.590660572052002,1
2.0138537883758545,1
2.9071896076202393,1
2.3169002532958984,1
2.380485773086548,1
2.500854253768921,1
2.0366477966308594,1
2.3683316707611084,1
2.570791721343994,1
2.472815990447998,1
2.9118762016296387,1
2.165454387664795,1
2.4408068656921387,1
2.53562068939209,1
2.346102237701416,1
2.7212793827056885,1
2.2871198654174805,1
2.1980032920837402,1
2.6812522411346436,1
1.7625112533569336,1
2.2841758728027344,1
2.7675979137420654,1
2.5469095706939697,1
2.1554617881774902,1
2.0792179107666016,1
2.229156970977783,1
2.2260377407073975,1
2.361090660095215,1
2.0330190658569336,1
2.8733344078063965,1
1.9158724546432495,1
2.834967613220215,1
2.1982946395874023,1
2.0170257091522217,1
2.1088733673095703,1
2.872258186340332,1
2.59165620803833,1
2.8769378662109375,1
2.7451300621032715,1
5.538016319274902,1
2.4268031120300293,1
2.9202632904052734,1
2.0384936332702637,1
2.5987164974212646,1
3.466052293777466,1
2.9354496002197266,1
3.1396138668060303,1
2.593320369720459,1
2.4643843173980713,1
2.278061866760254,1
3.115675449371338,1
3.068108081817627,1
3.3409619331359863,1
2.0860326290130615,1
2.69348406791687,1
3.2369678020477295,1
2.7036144733428955,1
2.645169973373413,1
2.4896326065063477,1
2.1132142543792725,1
2.2558727264404297,1
2.3819146156311035,1
2.4382033348083496,1
2.4353222846984863,1
2.6052608489990234,1
2.3824310302734375,1
2.320894241333008,1
2.4851434230804443,1
2.5323901176452637,1
2.0943474769592285,1
2.9443917274475098,1
2.638310432434082,1
2.6023526191711426,1
2.8218562602996826,1
2.5950474739074707,1
1.939255952835083,1
2.9035563468933105,1
2.4758434295654297,1
2.2501001358032227,1
2.214874744415283,1
2.2830169200897217,1
2.521313428878784,1
2.2558698654174805,1
1.8435288667678833,1
2.46652889251709,1
2.0190510749816895,1
2.1878795623779297,1
2.1884403228759766,1
2.9588379859924316,1
2.201961040496826,1
2.735095262527466,1
2.532095432281494,1
1.9199482202529907,1
2.047637939453125,1
2.4976139068603516,1
2.480830192565918,1
2.5131583213806152,1
2.4556851387023926,1
2.8188724517822266,1
2.3919293880462646,1
1.956801176071167,1
2.509489059448242,1
2.3918590545654297,1
3.0450496673583984,1
2.9398796558380127,1
2.4735114574432373,1
1.8596971035003662,1
2.1475117206573486,1
2.5357251167297363,1
3.4638867378234863,1
2.4235618114471436,1
3.8463616371154785,1
3.0937576293945313,1
2.188211679458618,1
2.1270947456359863,1
2.6763200759887695,1
2.2493677139282227,1
2.0603585243225098,1
2.9809281826019287,1
2.469167947769165,1
2.9824604988098145,1
2.386695623397827,1
2.5268774032592773,1
2.460747003555298,1
2.9639344215393066,1
2.667280912399292,1
2.8132429122924805,1
2.7670021057128906,1
2.282888889312744,1
2.7268614768981934,1
2.6113052368164063,1
2.304196834564209,1
2.4624600410461426,1
2.616109609603882,1
2.7028446197509766,1
2.4436230659484863,1
2.4602346420288086,1
3.222400188446045,1
2.332261800765991,1
2.4906606674194336,1
2.7587921619415283,1
1.990283489227295,1
2.3110830783843994,1
3.4265024662017822,1
2.185905933380127,1
2.9818358421325684,1
2.287334442138672,1
2.0841763019561768,1
2.4276490211486816,1
2.678607940673828,1
2.294623374938965,1
1.9384946823120117,1
2.345512628555298,1
2.220146894454956,1
3.041260242462158,1
2.143878221511841,1
2.2065916061401367,1
2.2505481243133545,1
2.7612838745117188,1
3.0938544273376465,1
1.8622233867645264,1
2.3337833881378174,1
2.181769847869873,1
2.4880404472351074,1
2.245198965072632,1
2.4614791870117188,1
2.4364161491394043,1
2.209399700164795,1
2.498436212539673,1
2.4686338901519775,1
2.6170573234558105,1
1.9270319938659668,1
2.3123717308044434,1
2.2197656631469727,1
2.18949294090271,1
2.27339768409729,1
2.230687141418457,1
2.3284859657287598,1
2.096874237060547,1
1.9080791473388672,1
2.2450246810913086,1
3.0146846771240234,1
2.3296444416046143,1
1.8240060806274414,1
2.7319674491882324,1
2.326809883117676,1
1.8981833457946777,1
1.8721370697021484,1
2.3331079483032227,1
2.327475070953369,1
2.7743852138519287,1
2.5823092460632324,1
2.1212568283081055,1
2.277224063873291,1
2.9704842567443848,1
3.114955425262451,1
2.580690622329712,1
2.3323709964752197,1
2.154299259185791,1
2.6568799018859863,1
2.723886013031006,1
2.547480583190918,1
1.821041464805603,1
2.229074478149414,1
2.3675789833068848,1
2.2227542400360107,1
1.6046046018600464,1
1.6641464233398438,1
2.1704959869384766,1
1.8949464559555054,1
2.112769365310669,1
2.2933411598205566,1
2.017879009246826,1
2.202320098876953,1
2.0344550609588623,1
2.669135093688965,1
2.669743061065674,1
2.6556882858276367,1
2.0809009075164795,1
2.8484067916870117,1
2.5854907035827637,1
2.949456214904785,1
2.3457272052764893,1
2.2310667037963867,1
2.2127647399902344,1
2.000061511993408,1
2.792428731918335,1
2.3314123153686523,1
2.1048595905303955,1
2.358668327331543,1
3.4708364009857178,1
2.309782028198242,1
3.0110692977905273,1
3.1996283531188965,1
3.2951061725616455,1
2.0560221672058105,1
2.44307804107666,1
2.639235019683838,1
2.9811391830444336,1
2.5269203186035156,1
2.259683847427368,1
2.4268789291381836,1
2.291344165802002,1
2.080982208251953,1
2.652127504348755,1
2.5131781101226807,1
2.4103636741638184,1
2.398810386657715,1
2.306942939758301,1
2.006148099899292,1
2.614929437637329,1
3.248168706893921,1
3.2350425720214844,1
2.4779083728790283,1
2.720519542694092,1
2.4842851161956787,1
2.5367369651794434,1
1.8397458791732788,1
2.3068342208862305,1
2.638791561126709,1
2.4420409202575684,1
2.470534086227417,1
2.5713586807250977,1
2.2873923778533936,1
2.3629164695739746,1
2.557236909866333,1
3.0182034969329834,1
2.4012181758880615,1
2.5308380126953125,1
2.419826030731201,1
2.075044870376587,1
2.9656386375427246,1
2.666038990020752,1
2.326866626739502,1
2.4114573001861572,1
2.304475784301758,1
2.045900821685791,1
2.4731972217559814,1
1.6409574747085571,1
2.450727939605713,1
2.469647169113159,1
1.7910680770874023,1
2.2362959384918213,1
2.0395638942718506,1
2.4869933128356934,1
2.0087504386901855,1
1.7388077974319458,1
2.160947799682617,1
2.330291748046875,1
2.599149465560913,1
2.232825517654419,1
2.3551673889160156,1
2.8534657955169678,1
2.2957520484924316,1
2.353663921356201,1
2.398451805114746,1
3.3775689601898193,1
3.1417794227600098,1
2.0975255966186523,1
2.0034828186035156,1
2.4664206504821777,1
2.2083818912506104,1
2.0370981693267822,1
2.1354501247406006,1
2.416166305541992,1
1.8870913982391357,1
2.4650321006774902,1
2.285060167312622,1
2.6690447330474854,1
2.8698933124542236,1
2.665083646774292,1
3.878481864929199,1
2.50176739692688,1
2.157503128051758,1
2.3206419944763184,1
2.246821403503418,1
2.5203452110290527,1
2.6522140502929688,1
2.0955495834350586,1
2.7340869903564453,1
2.492771625518799,1
2.5026652812957764,1
2.2987723350524902,1
2.3879191875457764,1
2.907552719116211,1
1.8218116760253906,1
2.1400747299194336,1
1.6846338510513306,1
2.092902183532715,1
2.2250871658325195,1
1.8392746448516846,1
3.214596748352051,1
3.2901346683502197,1
2.4098188877105713,1
1.9758890867233276,1
2.2108054161071777,1
2.4845657348632813,1
2.1463704109191895,1
2.538580894470215,1
2.0161142349243164,1
2.4606528282165527,1
3.123835325241089,1
2.5110418796539307,1
2.9295244216918945,1
1.8416774272918701,1
2.1651995182037354,1
2.4653983116149902,1
2.302454948425293,1
2.4884233474731445,1
2.486846923828125,1
1.920268177986145,1
2.0997397899627686,1
1.929257869720459,1
2.696709394454956,1
2.1832807064056396,1
2.312847852706909,1
2.3785243034362793,1
2.7645325660705566,1
2.459390163421631,1
2.3133857250213623,1
2.4203219413757324,1
2.5386180877685547,1
2.179591417312622,1
2.3015732765197754,1
1.798667550086975,1
2.18961238861084,1
2.4700050354003906,1
2.316403388977051,1
2.2334232330322266,1
2.390765905380249,1
2.0680465698242188,1
2.024827480316162,1
2.414057731628418,1
2.8997092247009277,1
2.2984089851379395,1
2.2462480068206787,1
2.2677242755889893,1
3.371922492980957,1
2.8786425590515137,1
2.12185001373291,1
2.568112850189209,1
1.9917595386505127,1
2.4086387157440186,1
2.319279670715332,1
2.5641183853149414,1
2.000840663909912,1
2.5213260650634766,1
1.8349453210830688,1
2.2866899967193604,1
2.8404111862182617,1
2.9216206073760986,1
2.473939895629883,1
2.279461145401001,1
2.402712345123291,1
2.252530574798584,1
2.2905311584472656,1
2.4959633350372314,1
2.0177035331726074,1
2.5522708892822266,1
2.9529972076416016,1
2.548065662384033,1
2.1595497131347656,1
2.1904730796813965,1
2.2738053798675537,1
2.673419952392578,1
2.5078580379486084,1
2.979531764984131,1
3.0156428813934326,1
2.869051933288574,1
2.3183209896087646,1
2.0040597915649414,1
2.4249324798583984,1
2.284626007080078,1
2.4122917652130127,1
1.7482010126113892,1
2.294823169708252,1
2.7012312412261963,1
2.141866683959961,1
2.9650259017944336,1
2.2554290294647217,1
3.0755200386047363,1
2.3495988845825195,1
2.326043128967285,1
2.00352144241333,1
2.960176944732666,1
2.3424782752990723,1
2.439586877822876,1
2.761230707168579,1
2.64909291267395,1
1.9403605461120605,1
1.9030838012695313,1
2.2959635257720947,1
2.061755657196045,1
2.7208478450775146,1
2.0720560550689697,1
2.310685157775879,1
2.4220528602600098,1
2.7298922538757324,1
2.1979997158050537,1
2.372164487838745,1
2.0101490020751953,1
1.845752239227295,1
2.316614866256714,1
2.4121360778808594,1
2.6138570308685303,1
2.104208469390869,1
2.7355942726135254,1
2.08317232131958,1
1.9412760734558105,1
2.5295963287353516,1
2.281299591064453,1
2.573857545852661,1
2.3066959381103516,1
2.1389951705932617,1
2.9140031337738037,1
1.787294626235962,1
2.0857081413269043,1
2.504241466522217,1
2.781254291534424,1
2.3432087898254395,1
2.7757794857025146,1
2.292238712310791,1
2.651486873626709,1
2.3475441932678223,1
2.8964476585388184,1
2.4629406929016113,1
1.8616855144500732,1
2.4060235023498535,1
1.7636507749557495,1
2.0313634872436523,1
2.821521759033203,1
2.0767903327941895,1
1.7750095129013062,1
2.6144237518310547,1
2.43792986869812,1
1.8206918239593506,1
2.4676425457000732,1
2.4843640327453613,1
2.615462064743042,1
2.1629748344421387,1
2.6718435287475586,1
3.255902051925659,1
2.3677048683166504,1
2.473158836364746,1
2.5327086448669434,1
2.473551034927368,1
2.5952115058898926,1
2.1286702156066895,1
2.518805980682373,1
