1.3838462829589844,1
1.293957233428955,1
0.9301343560218811,1
1.70350980758667,1
1.537988543510437,1
1.95590078830719,1
1.7282758951187134,1
2.2480108737945557,1
0.9811779856681824,1
1.35357666015625,1
1.7325763702392578,1
1.2400522232055664,1
1.6525369882583618,1
1.1095443964004517,1
1.082231879234314,1
1.3359477519989014,1
1.3889119625091553,1
1.4915339946746826,1
0.7467527985572815,1
1.2649996280670166,1
1.0001044273376465,1
1.8259155750274658,1
0.924508810043335,1
1.222517967224121,1
1.0715471506118774,1
1.2225112915039063,1
1.4120198488235474,1
1.110923171043396,1
0.6703740358352661,1
1.049813151359558,1
0.9799075126647949,1
1.0576437711715698,1
0.7336191534996033,1
1.016460657119751,1
0.8462649583816528,1
0.6956267952919006,1
0.5468915700912476,1
0.48908257484436035,1
0.7000318169593811,1
0.9639376401901245,1
1.8571922779083252,1
0.7879049777984619,1
1.005435824394226,1
0.5954641699790955,1
0.44428640604019165,1
0.9093334078788757,1
0.6887993216514587,1
1.4933459758758545,1
0.4571000337600708,1
0.9225929975509644,1
1.2920942306518555,1
0.8179177045822144,1
0.8320919275283813,1
1.1147089004516602,1
0.7381788492202759,1
1.6808218955993652,1
1.3866344690322876,1
0.9171923398971558,1
2.2889842987060547,1
1.5533413887023926,1
0.9716353416442871,1
2.109485626220703,1
1.9483757019042969,1
1.8858411312103271,1
2.021165132522583,1
1.4568395614624023,1
0.9915104508399963,1
0.7943117618560791,1
1.071046233177185,1
1.3724515438079834,1
1.3397375345230103,1
1.2841811180114746,1
0.9923273324966431,1
1.1047999858856201,1
0.7145809531211853,1
1.180897831916809,1
0.5774147510528564,1
0.8960299491882324,1
0.7185118198394775,1
1.047584056854248,1
0.7663265466690063,1
0.8108184933662415,1
0.5913856029510498,1
1.2640368938446045,1
0.7177363634109497,1
0.6862643957138062,1
1.156433343887329,1
1.0788757801055908,1
0.7157183885574341,1
0.8151996731758118,1
0.828238308429718,1
1.0268964767456055,1
1.2524278163909912,1
1.0075258016586304,1
1.3628596067428589,1
0.995604395866394,1
0.8013523817062378,1
0.909464955329895,1
0.6916937828063965,1
0.8562486171722412,1
0.9455515146255493,1
0.9338893890380859,1
1.0941977500915527,1
0.7375600337982178,1
0.8174042701721191,1
1.3549293279647827,1
1.2251806259155273,1
1.125023603439331,1
0.8261221051216125,1
0.8038705587387085,1
1.4946625232696533,1
0.7433014512062073,1
0.7675089240074158,1
1.290094256401062,1
0.578938364982605,1
0.6792190074920654,1
1.3788577318191528,1
0.9834614396095276,1
0.613429605960846,1
1.142336368560791,1
1.1448328495025635,1
0.8918585777282715,1
1.1493277549743652,1
1.8525416851043701,1
4.004055023193359,1
1.7724192142486572,1
1.0231759548187256,1
2.0326125621795654,1
1.0328705310821533,1
1.8802802562713623,1
2.235511541366577,1
1.484723448753357,1
1.3576854467391968,1
1.075405240058899,1
1.3163261413574219,1
2.098912000656128,1
0.8597798347473145,1
1.1509504318237305,1
1.0068657398223877,1
0.6865842938423157,1
1.1755685806274414,1
1.4286717176437378,1
0.6516938209533691,1
0.8420298099517822,1
0.9474995136260986,1
0.7463386654853821,1
1.1797646284103394,1
0.7442874908447266,1
0.9496282339096069,1
0.6442241072654724,1
0.4458773136138916,1
0.948522686958313,1
1.5965843200683594,1
1.263437271118164,1
1.359018325805664,1
1.3833584785461426,1
1.0486431121826172,1
0.8182644844055176,1
1.1942349672317505,1
1.0163530111312866,1
0.7284853458404541,1
0.8927461504936218,1
1.3718831539154053,1
1.3818340301513672,1
1.778653621673584,1
1.6085481643676758,1
1.1927050352096558,1
0.8345848321914673,1
1.314657211303711,1
1.0237537622451782,1
0.7092397212982178,1
0.693091869354248,1
1.442732810974121,1
1.0283622741699219,1
0.6009156703948975,1
0.7810118794441223,1
0.8551613092422485,1
1.2854527235031128,1
1.1327202320098877,1
1.113690733909607,1
1.4987220764160156,1
1.7813878059387207,1
1.0413106679916382,1
0.8872167468070984,1
0.617087721824646,1
0.8809058666229248,1
1.1346869468688965,1
1.7521843910217285,1
0.7010626792907715,1
1.087576150894165,1
1.0021370649337769,1
0.6017986536026001,1
0.7937436103820801,1
0.62382972240448,1
0.48965707421302795,1
1.1440452337265015,1
0.9499536752700806,1
0.955469012260437,1
0.6193842887878418,1
0.7699635028839111,1
1.537833333015442,1
1.264782428741455,1
1.7543962001800537,1
0.7551083564758301,1
2.0851519107818604,1
1.5704386234283447,1
1.4292786121368408,1
1.7846590280532837,1
1.4457824230194092,1
1.6774699687957764,1
1.923555850982666,1
1.600476861000061,1
0.7731496691703796,1
0.8337843418121338,1
0.7352612018585205,1
1.0930969715118408,1
1.3842486143112183,1
0.8166499733924866,1
0.8397042751312256,1
1.0575149059295654,1
1.3388139009475708,1
1.2054669857025146,1
1.1216747760772705,1
1.2712593078613281,1
1.2613849639892578,1
0.5104923248291016,1
1.4200325012207031,1
0.8097084760665894,1
1.4826314449310303,1
0.7214796543121338,1
0.8495899438858032,1
1.0941369533538818,1
0.7383009195327759,1
0.8789112567901611,1
1.002978801727295,1
0.838239312171936,1
0.5706260800361633,1
1.441803216934204,1
0.8608611822128296,1
1.0826326608657837,1
0.845207154750824,1
0.9874306917190552,1
0.5206360816955566,1
0.5226671695709229,1
0.9564661979675293,1
0.629180908203125,1
1.217843770980835,1
1.2624194622039795,1
1.4299815893173218,1
0.8054226040840149,1
0.6256812214851379,1
0.6184284687042236,1
0.35484233498573303,1
0.8469136953353882,1
1.4938222169876099,1
0.5629158020019531,1
0.6060501337051392,1
1.3687684535980225,1
0.7216750383377075,1
0.8967347741127014,1
1.0813567638397217,1
0.8523890972137451,1
0.7266548275947571,1
0.9915829300880432,1
0.9509629607200623,1
0.891466498374939,1
0.7488062381744385,1
1.1168129444122314,1
1.4070155620574951,1
1.718219518661499,1
0.9882813692092896,1
0.6275017857551575,1
0.6133702993392944,1
1.3445872068405151,1
0.8188072443008423,1
0.6299426555633545,1
0.8230712413787842,1
0.7457829713821411,1
1.2005641460418701,1
0.9638247489929199,1
0.9095104932785034,1
1.0860337018966675,1
1.7294918298721313,1
0.602534830570221,1
1.2448463439941406,1
0.647880494594574,1
1.0970125198364258,1
1.553937554359436,1
3.688396453857422,1
1.5387665033340454,1
0.789634108543396,1
1.3003393411636353,1
0.9279913902282715,1
1.7414847612380981,1
1.4585692882537842,1
1.6090106964111328,1
1.893120527267456,1
1.4654890298843384,1
1.2188955545425415,1
1.487971544265747,1
2.6003360748291016,1
1.7434347867965698,1
0.7202083468437195,1
1.491150975227356,1
1.364795207977295,1
1.0636370182037354,1
2.2455039024353027,1
1.9433163404464722,1
1.249004602432251,1
0.8687000274658203,1
1.0747557878494263,1
1.4745502471923828,1
1.3844959735870361,1
1.4540328979492188,1
0.7227421998977661,1
0.6798752546310425,1
0.863911509513855,1
0.772829532623291,1
0.5892908573150635,1
1.0560379028320313,1
0.8574374914169312,1
0.914098858833313,1
0.4271654784679413,1
1.1479672193527222,1
0.3931732177734375,1
1.3456941843032837,1
0.60370934009552,1
1.0225640535354614,1
0.7714964151382446,1
0.6343114972114563,1
1.1107654571533203,1
1.4109611511230469,1
0.8767166137695313,1
1.198162317276001,1
0.8821781873703003,1
1.010955810546875,1
0.9296555519104004,1
0.6449943780899048,1
0.643707275390625,1
0.7904025316238403,1
0.6075462102890015,1
0.8980782628059387,1
0.738190770149231,1
1.045401930809021,1
0.5304310917854309,1
1.3799338340759277,1
0.7202712893486023,1
0.5690094232559204,1
0.881987452507019,1
0.6703283786773682,1
1.8221368789672852,1
1.0536316633224487,1
1.0693342685699463,1
1.0030672550201416,1
1.5777099132537842,1
1.0964045524597168,1
0.8405713438987732,1
1.0829339027404785,1
0.611483097076416,1
1.172457218170166,1
1.1332417726516724,1
0.8525341153144836,1
0.9691665768623352,1
0.6840925216674805,1
0.9109858274459839,1
0.8913388252258301,1
1.109783411026001,1
1.0415799617767334,1
1.0188212394714355,1
0.4287945330142975,1
1.0193262100219727,1
0.7603678107261658,1
0.9647812247276306,1
0.6655529737472534,1
1.013076663017273,1
1.2902073860168457,1
1.3528847694396973,1
0.7392578125,1
1.45168936252594,1
0.5158228278160095,1
1.6258561611175537,1
0.8849664926528931,1
1.368346929550171,1
1.0575700998306274,1
2.2625467777252197,1
1.395422101020813,1
1.6198227405548096,1
1.3672571182250977,1
1.57356595993042,1
1.6535660028457642,1
3.381649971008301,1
1.1162415742874146,1
1.2939627170562744,1
1.4771318435668945,1
2.4263176918029785,1
1.1620874404907227,1
1.421949863433838,1
1.0040948390960693,1
0.994188666343689,1
1.2270526885986328,1
1.3292527198791504,1
1.0924694538116455,1
1.1786799430847168,1
1.259670615196228,1
1.1291472911834717,1
0.9170494079589844,1
1.3989129066467285,1
1.5757896900177002,1
0.4743661880493164,1
0.8082162141799927,1
0.9808958768844604,1
0.8853278160095215,1
0.8340181112289429,1
0.5307820439338684,1
0.9613057374954224,1
0.9811758399009705,1
0.9257779121398926,1
1.4178553819656372,1
0.5577431321144104,1
0.8008062243461609,1
1.050894021987915,1
1.1162834167480469,1
0.5367482900619507,1
0.742145299911499,1
1.0955582857131958,1
0.48660582304000854,1
0.7613525986671448,1
0.524392306804657,1
0.7845331430435181,1
1.1498432159423828,1
0.768226146697998,1
0.3209744393825531,1
0.7786935567855835,1
0.9288434386253357,1
0.14363324642181396,1
1.767162799835205,1
0.7223503589630127,1
0.9094619750976563,1
0.9006215929985046,1
0.7999804615974426,1
0.8277562856674194,1
0.8903818726539612,1
0.8825024366378784,1
0.36846843361854553,1
1.7434682846069336,1
1.904703974723816,1
0.7231653332710266,1
0.9096417427062988,1
0.9987066984176636,1
0.8215388059616089,1
0.7810269594192505,1
0.8846535086631775,1
1.4192577600479126,1
0.8987690806388855,1
1.452089548110962,1
1.720657467842102,1
1.3040004968643188,1
0.9336085319519043,1
0.9594957232475281,1
0.95773845911026,1
0.9991698265075684,1
0.9019606113433838,1
0.9299835562705994,1
1.058620572090149,1
0.7653186321258545,1
0.8780160546302795,1
0.5807802677154541,1
0.8753178119659424,1
1.8351688385009766,1
0.7583580017089844,1
1.2230076789855957,1
0.918104350566864,1
0.6281774044036865,1
1.0810773372650146,1
0.9316627979278564,1
0.4413435161113739,1
0.9274139404296875,1
1.256553292274475,1
0.8738181591033936,1
0.44200295209884644,1
0.5527967214584351,1
1.0405144691467285,1
1.181753158569336,1
0.8516321778297424,1
1.294351577758789,1
0.7824501991271973,1
1.0101962089538574,1
0.5769799947738647,1
0.46499526500701904,1
1.0482184886932373,1
1.0421040058135986,1
1.2328764200210571,1
0.7983348369598389,1
0.5336153507232666,1
1.040483832359314,1
0.707775354385376,1
0.7485141754150391,1
0.6827633380889893,1
0.6191993355751038,1
0.9904272556304932,1
0.4619951546192169,1
1.0441932678222656,1
1.2983704805374146,1
0.835198163986206,1
0.6517974138259888,1
0.7416056394577026,1
1.0139245986938477,1
0.8284012079238892,1
0.8176952004432678,1
0.649484395980835,1
0.7609681487083435,1
0.9035195708274841,1
0.8978012800216675,1
0.9238113760948181,1
0.7541995048522949,1
3.145982027053833,1
3.388960123062134,1
1.2597556114196777,1
0.8987631797790527,1
1.50321626663208,1
1.8071508407592773,1
0.934505820274353,1
1.0633255243301392,1
1.033899188041687,1
0.872538685798645,1
0.8162908554077148,1
1.8930060863494873,1
0.7294888496398926,1
0.5993801951408386,1
0.5102032423019409,1
0.6748352646827698,1
1.1817506551742554,1
0.8632550239562988,1
1.062859058380127,1
1.4814879894256592,1
0.5836436748504639,1
1.0463908910751343,1
1.5147062540054321,1
0.9963184595108032,1
1.2934256792068481,1
1.1116187572479248,1
1.1315302848815918,1
1.1235387325286865,1
1.517141342163086,1
0.7316359281539917,1
0.7789484858512878,1
1.1742666959762573,1
0.7109891176223755,1
1.2198622226715088,1
1.0817170143127441,1
1.069696068763733,1
2.028496265411377,1
1.721659541130066,1
9.475727081298828,1
4.283673286437988,1
2.743840456008911,1
2.959832191467285,1
3.401268720626831,1
2.532050132751465,1
2.2450876235961914,1
3.6656813621520996,1
2.0611371994018555,1
2.448838710784912,1
1.926018238067627,1
3.1174840927124023,1
2.2789039611816406,1
1.6601816415786743,1
1.264277696609497,1
1.5523388385772705,1
1.6743953227996826,1
1.3091275691986084,1
1.3244528770446777,1
1.7011220455169678,1
1.3364630937576294,1
1.4514660835266113,1
2.1715164184570313,1
0.9272528886795044,1
1.7988361120224,1
1.4547914266586304,1
1.2335548400878906,1
0.8082697987556458,1
1.757152795791626,1
0.9575918912887573,1
1.3130061626434326,1
1.4903063774108887,1
1.0271010398864746,1
1.1998720169067383,1
1.3294793367385864,1
1.1201837062835693,1
0.9611684679985046,1
1.6203603744506836,1
1.1709239482879639,1
0.8280854225158691,1
0.9902023077011108,1
0.8721354007720947,1
0.8969826698303223,1
1.2898797988891602,1
0.746425449848175,1
0.5516073703765869,1
0.5585140585899353,1
0.7073923349380493,1
0.6179890632629395,1
1.3587586879730225,1
1.0217050313949585,1
1.1017794609069824,1
1.378455638885498,1
1.2287390232086182,1
0.9269428253173828,1
1.1142311096191406,1
1.0271762609481812,1
0.8699557781219482,1
1.2722375392913818,1
1.276404619216919,1
1.130158543586731,1
0.9185471534729004,1
1.1151793003082275,1
1.035546064376831,1
0.7423960566520691,1
1.1205315589904785,1
2.089827060699463,1
0.7058538198471069,1
0.41096991300582886,1
0.5806642174720764,1
1.4182960987091064,1
1.39323890209198,1
1.3853464126586914,1
1.4172065258026123,1
1.083845615386963,1
0.700896143913269,1
0.9901165962219238,1
1.1315826177597046,1
1.0914196968078613,1
0.7920980453491211,1
0.7782018184661865,1
0.4523996114730835,1
1.0773245096206665,1
0.7749941349029541,1
1.0997885465621948,1
0.8840383291244507,1
1.011476755142212,1
1.100463628768921,1
3.2757768630981445,1
1.6688318252563477,1
0.8790932297706604,1
1.1727441549301147,1
0.9836539626121521,1
0.6136980056762695,1
0.5617833733558655,1
0.6618724465370178,1
0.7821950316429138,1
1.0658925771713257,1
1.0230531692504883,1
1.3265314102172852,1
1.1186959743499756,1
1.2132644653320313,1
0.9064501523971558,1
0.9973671436309814,1
1.2230749130249023,1
1.8319342136383057,1
1.2091460227966309,1
3.307157516479492,1
1.5479367971420288,1
1.46979820728302,1
0.8759670257568359,1
1.2351524829864502,1
1.0340754985809326,1
1.139068603515625,1
0.9500855803489685,1
1.0300322771072388,1
1.2881712913513184,1
1.0152701139450073,1
1.390105962753296,1
1.2452497482299805,1
1.2268798351287842,1
0.7455313205718994,1
2.4547691345214844,1
1.2557588815689087,1
0.5631566047668457,1
1.0343507528305054,1
1.360579013824463,1
2.4200758934020996,1
1.6505308151245117,1
0.9002248644828796,1
0.9076480865478516,1
1.9692282676696777,1
2.372814178466797,1
2.171082019805908,1
1.0356721878051758,1
1.090185284614563,1
2.1202399730682373,1
2.0371861457824707,1
1.750921607017517,1
1.6307926177978516,1
0.9838905334472656,1
2.1940863132476807,1
2.1153764724731445,1
1.738226056098938,1
0.9109758138656616,1
1.074068546295166,1
0.9148500561714172,1
0.9639387130737305,1
1.1118123531341553,1
0.8871716260910034,1
1.7520091533660889,1
1.1262928247451782,1
1.1649506092071533,1
1.149397611618042,1
0.6044268608093262,1
0.7404507398605347,1
0.5235610008239746,1
0.8572920560836792,1
0.7051497101783752,1
0.8717647790908813,1
0.6342884302139282,1
0.983309268951416,1
1.627054214477539,1
1.947803020477295,1
1.1235857009887695,1
0.7441998720169067,1
0.9448979496955872,1
1.037905216217041,1
0.8811937570571899,1
1.3870811462402344,1
1.537758469581604,1
1.0351978540420532,1
1.554075002670288,1
1.4249763488769531,1
1.1013107299804688,1
1.1729692220687866,1
0.814828634262085,1
1.9277328252792358,1
1.0193283557891846,1
0.9398608207702637,1
2.284675121307373,1
1.2760885953903198,1
1.1070636510849,1
0.886095404624939,1
0.6866700053215027,1
1.0780131816864014,1
1.4007126092910767,1
0.7093361020088196,1
1.1948928833007813,1
1.1028876304626465,1
0.6869361400604248,1
0.6684668064117432,1
0.8418338298797607,1
0.9453856945037842,1
1.5172853469848633,1
0.8423671722412109,1
1.0105103254318237,1
1.3811285495758057,1
1.1477208137512207,1
1.296156883239746,1
1.2629590034484863,1
1.3443078994750977,1
1.4015214443206787,1
1.0197798013687134,1
1.7312724590301514,1
1.548174262046814,1
1.1406278610229492,1
1.427894949913025,1
0.789095401763916,1
0.9635086059570313,1
1.115872859954834,1
0.8643684387207031,1
1.3835606575012207,1
1.0532360076904297,1
0.9539391994476318,1
1.062447190284729,1
1.173259973526001,1
1.0073293447494507,1
0.5911792516708374,1
1.0956029891967773,1
0.8204787969589233,1
1.3250701427459717,1
0.8339511156082153,1
1.205468773841858,1
0.808622419834137,1
1.6591150760650635,1
1.0074677467346191,1
0.9361602067947388,1
0.46677201986312866,1
1.166109561920166,1
1.2374093532562256,1
0.7315921783447266,1
0.9619661569595337,1
1.063754677772522,1
1.0301364660263062,1
1.2401390075683594,1
2.0907888412475586,1
0.9978219270706177,1
1.2976521253585815,1
1.3650226593017578,1
1.4919317960739136,1
1.2190759181976318,1
1.832587718963623,1
1.1808720827102661,1
1.1076996326446533,1
0.9450731873512268,1
0.9908626079559326,1
1.4495229721069336,1
0.775193989276886,1
0.8267818689346313,1
1.2279398441314697,1
0.7720171213150024,1
1.116175651550293,1
0.8569052219390869,1
0.66786789894104,1
0.5582307577133179,1
0.7484521865844727,1
1.5801842212677002,1
0.9955816268920898,1
1.3541876077651978,1
1.0787218809127808,1
1.125957727432251,1
1.173142671585083,1
1.2054964303970337,1
1.366631269454956,1
1.282289981842041,1
1.5196433067321777,1
1.0866374969482422,1
1.5069961547851563,1
0.867666482925415,1
1.108545184135437,1
1.2598634958267212,1
1.9757251739501953,1
1.4012287855148315,1
1.961626648902893,1
2.8954391479492188,1
1.3490920066833496,1
0.749714732170105,1
3.564866304397583,1
1.1275825500488281,1
1.1761443614959717,1
1.033812165260315,1
0.7923321723937988,1
1.2536451816558838,1
0.8730137348175049,1
1.5075387954711914,1
1.444413661956787,1
2.3265748023986816,1
1.0917832851409912,1
1.1295686960220337,1
0.8820902109146118,1
0.753738522529602,1
1.0584568977355957,1
1.0096991062164307,1
1.0441467761993408,1
0.9470884203910828,1
0.7641220092773438,1
1.1915287971496582,1
1.4099422693252563,1
0.37480273842811584,1
0.7028110027313232,1
0.680496335029602,1
1.0748357772827148,1
0.714718222618103,1
0.8796106576919556,1
0.8367477059364319,1
0.5547540187835693,1
0.6718266606330872,1
1.5265371799468994,1
1.1061713695526123,1
0.5642586946487427,1
1.0906527042388916,1
0.9238115549087524,1
1.8140630722045898,1
1.4242397546768188,1
1.127403974533081,1
0.9846819639205933,1
1.4702461957931519,1
1.0709792375564575,1
1.030869483947754,1
1.0169569253921509,1
0.5341147780418396,1
0.638740062713623,1
0.9424808025360107,1
1.3242244720458984,1
0.6939096450805664,1
0.8586326837539673,1
0.6103705167770386,1
0.5708394050598145,1
0.9903239011764526,1
1.2498526573181152,1
0.7008635401725769,1
0.6171861886978149,1
0.46010684967041016,1
0.6276842951774597,1
0.49816033244132996,1
0.802222728729248,1
0.8379550576210022,1
0.8466920256614685,1
0.3992941975593567,1
0.6652907729148865,1
2.0116655826568604,1
0.6302528381347656,1
0.5384446382522583,1
1.2279884815216064,1
0.8704222440719604,1
0.7304301857948303,1
0.6278750896453857,1
0.6979206204414368,1
0.7429337501525879,1
1.099245309829712,1
0.8020073175430298,1
1.2796865701675415,1
0.956502377986908,1
0.5962405204772949,1
0.9198083281517029,1
1.2820760011672974,1
0.8848990797996521,1
0.9183521270751953,1
0.8262796401977539,1
2.024484157562256,1
0.8599323630332947,1
0.8914536833763123,1
1.1421775817871094,1
0.6686962246894836,1
1.3257427215576172,1
0.9557986855506897,1
0.8524158000946045,1
0.9500420689582825,1
0.578094482421875,1
0.8955091238021851,1
1.1143912076950073,1
0.7870584726333618,1
0.6186203360557556,1
0.915153980255127,1
1.1307023763656616,1
1.0519165992736816,1
0.7838459014892578,1
0.8491193056106567,1
1.0910601615905762,1
1.0584940910339355,1
1.0793712139129639,1
0.7212387323379517,1
0.8513965606689453,1
1.168445110321045,1
0.465202271938324,1
0.7141845226287842,1
0.7553761005401611,1
0.6454892158508301,1
0.45838674902915955,1
0.5386645793914795,1
0.957626461982727,1
0.8783100843429565,1
1.2369840145111084,1
0.7136942148208618,1
2.1011219024658203,1
1.8499513864517212,1
1.2074562311172485,1
0.7707179188728333,1
1.201866865158081,1
1.096861720085144,1
0.9248124361038208,1
1.769766092300415,1
1.26202392578125,1
1.1027638912200928,1
1.2245618104934692,1
1.4729130268096924,1
0.7243355512619019,1
1.9461791515350342,1
1.1203155517578125,1
0.837909460067749,1
0.8365448713302612,1
1.0713624954223633,1
0.8396740555763245,1
0.9107339382171631,1
0.6155879497528076,1
0.6859650611877441,1
1.4938633441925049,1
1.6318039894104004,1
1.2956078052520752,1
0.989652156829834,1
0.8692101836204529,1
0.9501389861106873,1
1.155768632888794,1
1.639682412147522,1
0.8046313524246216,1
1.0972247123718262,1
0.9533144235610962,1
1.39229154586792,1
0.7000560760498047,1
0.7116717100143433,1
0.9917037487030029,1
1.2178690433502197,1
1.692009449005127,1
0.9243024587631226,1
1.0170962810516357,1
1.0844016075134277,1
1.121164321899414,1
1.3095355033874512,1
0.8750482797622681,1
1.1480106115341187,1
0.8763030171394348,1
1.103980302810669,1
1.1802326440811157,1
0.9548279643058777,1
0.8597107529640198,1
1.092531442642212,1
0.7541518211364746,1
0.9177103042602539,1
0.9091441035270691,1
0.7733705639839172,1
0.8979441523551941,1
1.2806257009506226,1
0.8109126687049866,1
1.2752997875213623,1
1.2148171663284302,1
0.7265838980674744,1
1.0985217094421387,1
1.470542550086975,1
1.006664514541626,1
0.8102626800537109,1
0.9865691661834717,1
0.4890613853931427,1
1.1473240852355957,1
1.869330644607544,1
1.4421157836914063,1
1.2236573696136475,1
0.940384566783905,1
1.0325791835784912,1
0.7362388372421265,1
1.08634352684021,1
2.0107269287109375,1
1.266379714012146,1
1.7925266027450562,1
1.0701799392700195,1
0.970423698425293,1
1.6243984699249268,1
1.0840682983398438,1
1.123508095741272,1
0.9260685443878174,1
1.1443467140197754,1
0.7942559123039246,1
0.9519942998886108,1
0.7893211245536804,1
0.9351038336753845,1
1.0642950534820557,1
1.4196863174438477,1
1.0285475254058838,1
0.7145431637763977,1
1.0004589557647705,1
1.2951182126998901,1
0.9859646558761597,1
0.9746434092521667,1
1.1326587200164795,1
1.0042285919189453,1
1.1647491455078125,1
1.218515157699585,1
1.7826753854751587,1
0.5866074562072754,1
0.7559561729431152,1
0.5961793661117554,1
0.8109720945358276,1
0.8015323877334595,1
0.8490570187568665,1
1.7953659296035767,1
1.197056770324707,1
1.178059697151184,1
1.283459186553955,1
1.433993935585022,1
1.5365471839904785,1
1.0712494850158691,1
1.7229045629501343,1
1.48276686668396,1
1.3100398778915405,1
1.3098615407943726,1
1.4780187606811523,1
1.3116856813430786,1
1.7691088914871216,1
1.3302240371704102,1
0.9682826399803162,1
0.957778811454773,1
0.7842158079147339,1
1.488027811050415,1
1.1445860862731934,1
0.7392442226409912,1
0.5835256576538086,1
1.3283159732818604,1
1.0066115856170654,1
0.9333778619766235,1
1.1024532318115234,1
1.8352055549621582,1
1.1368286609649658,1
1.0111229419708252,1
1.2719932794570923,1
1.4531643390655518,1
1.0249543190002441,1
0.6927609443664551,1
0.9005575180053711,1
1.346840500831604,1
0.5253894329071045,1
1.1361072063446045,1
0.6311016082763672,1
1.0487637519836426,1
0.9987130761146545,1
0.9820607900619507,1
1.0670881271362305,1
0.8398739099502563,1
0.568616509437561,1
0.49382805824279785,1
1.6171776056289673,1
0.8841410279273987,1
0.687566876411438,1
0.898800253868103,1
1.9174559116363525,1
1.044409990310669,1
0.4821765720844269,1
1.6917991638183594,1
1.1367460489273071,1
1.5940065383911133,1
0.8142504692077637,1
0.9889490008354187,1
0.9713066816329956,1
0.9643805027008057,1
0.5485062599182129,1
1.3691235780715942,1
0.698108434677124,1
2.0716259479522705,1
0.42965346574783325,1
0.456451952457428,1
1.1262733936309814,1
1.1766211986541748,1
0.7300359010696411,1
0.8095859289169312,1
1.415003776550293,1
1.0499851703643799,1
1.5418674945831299,1
1.2442240715026855,1
1.1060359477996826,1
3.001504421234131,1
2.0485620498657227,1
2.365722179412842,1
1.4816678762435913,1
2.506096839904785,1
0.9920562505722046,1
1.0988852977752686,1
2.554436206817627,1
1.7331119775772095,1
2.024648427963257,1
1.87743079662323,1
1.3481882810592651,1
1.3582730293273926,1
1.2014816999435425,1
1.329076886177063,1
1.954686164855957,1
1.8143521547317505,1
1.8519947528839111,1
1.3947640657424927,1
2.1258535385131836,1
0.9645134210586548,1
0.6509244441986084,1
0.9876874685287476,1
0.895726203918457,1
1.28049635887146,1
2.172075033187866,1
0.9508829116821289,1
1.3120720386505127,1
1.0536401271820068,1
1.0638188123703003,1
0.9984164237976074,1
1.4127788543701172,1
1.2262067794799805,1
0.6911917328834534,1
1.116058588027954,1
1.1554219722747803,1
0.4946689009666443,1
1.2116458415985107,1
1.4128143787384033,1
0.8544425964355469,1
1.3575551509857178,1
0.8653644919395447,1
1.369258165359497,1
1.1065425872802734,1
0.9229646921157837,1
0.5586017370223999,1
0.9603567123413086,1
0.9659432172775269,1
1.0365264415740967,1
0.7563721537590027,1
1.3968980312347412,1
1.0984001159667969,1
1.4524238109588623,1
0.959015429019928,1
0.7483389377593994,1
0.9807582497596741,1
0.7696608304977417,1
0.7754092216491699,1
1.1999318599700928,1
1.4757368564605713,1
1.0119127035140991,1
1.1458919048309326,1
0.7195716500282288,1
0.8770955204963684,1
1.4092907905578613,1
1.6077189445495605,1
0.7203084230422974,1
2.605441093444824,1
2.042158842086792,1
0.8951587677001953,1
1.1137052774429321,1
1.085425615310669,1
1.0416755676269531,1
1.3243569135665894,1
1.122208833694458,1
1.7279624938964844,1
1.08992600440979,1
1.6189736127853394,1
1.760857105255127,1
1.2535393238067627,1
0.783144474029541,1
1.5743902921676636,1
1.1007866859436035,1
1.382611632347107,1
1.0288646221160889,1
1.0539393424987793,1
2.3263180255889893,1
0.9550076723098755,1
1.298643708229065,1
1.4570040702819824,1
1.9260287284851074,1
1.8804670572280884,1
1.7896137237548828,1
1.2338193655014038,1
1.1821281909942627,1
0.8358868956565857,1
0.9948505163192749,1
1.719386100769043,1
0.8711680173873901,1
1.3932878971099854,1
0.9961857199668884,1
0.6569276452064514,1
0.799859881401062,1
1.0361328125,1
1.3962092399597168,1
0.9351333379745483,1
0.7752499580383301,1
1.153836965560913,1
0.9343602061271667,1
1.0549899339675903,1
0.9197076559066772,1
1.2784605026245117,1
0.5818990468978882,1
1.3078291416168213,1
1.7059533596038818,1
1.6576204299926758,1
0.6617536544799805,1
0.48132389783859253,1
0.9039033651351929,1
1.011062741279602,1
1.5133399963378906,1
0.8914929628372192,1
0.5919421911239624,1
0.6974339485168457,1
0.5184439420700073,1
1.094444990158081,1
1.3391791582107544,1
0.6207687258720398,1
1.129104495048523,1
1.0396778583526611,1
0.6658815145492554,1
0.9068287014961243,1
0.7120703458786011,1
0.9566932320594788,1
0.7746020555496216,1
0.7738546133041382,1
1.1226975917816162,1
0.7378031611442566,1
0.4634539484977722,1
0.5885307788848877,1
1.2869335412979126,1
0.8249286413192749,1
0.8725024461746216,1
0.4469168186187744,1
0.918384313583374,1
0.654273509979248,1
0.41178715229034424,1
0.8562367558479309,1
0.5786383748054504,1
0.7445412278175354,1
0.9125310182571411,1
0.8359633684158325,1
1.0494555234909058,1
0.5421766042709351,1
1.3904712200164795,1
1.4226324558258057,1
1.3660049438476563,1
1.3743116855621338,1
0.6427589654922485,1
0.6989137530326843,1
0.846537172794342,1
1.0188312530517578,1
1.011034369468689,1
1.4059288501739502,1
0.9735232591629028,1
0.495210200548172,1
0.5194584131240845,1
0.641038179397583,1
0.8710501790046692,1
0.8841302394866943,1
0.8662012815475464,1
0.8750598430633545,1
0.6507713794708252,1
0.5695780515670776,1
0.9725344181060791,1
0.9983754754066467,1
0.8901306986808777,1
1.370084285736084,1
0.893604040145874,1
0.6997635364532471,1
1.7174944877624512,1
1.0392062664031982,1
0.47353172302246094,1
0.968387246131897,1
1.239320158958435,1
0.9854991436004639,1
0.8633428812026978,1
0.5224379897117615,1
0.6025720834732056,1
0.7828691005706787,1
1.0311673879623413,1
0.6070774793624878,1
0.8106000423431396,1
1.3579070568084717,1
1.2828750610351563,1
1.0393173694610596,1
0.8252685070037842,1
0.5595142841339111,1
0.7557370662689209,1
0.9767844676971436,1
1.5035101175308228,1
0.7490628957748413,1
0.8209363222122192,1
1.5188629627227783,1
0.67330402135849,1
1.1597495079040527,1
0.8310169577598572,1
1.0703535079956055,1
0.38302910327911377,1
1.234055995941162,1
0.6362369060516357,1
0.9993454217910767,1
0.9435579776763916,1
0.6341625452041626,1
0.9997385740280151,1
0.9216182231903076,1
1.1004621982574463,1
1.29794180393219,1
1.488050937652588,1
1.4962100982666016,1
1.4059433937072754,1
1.6776094436645508,1
1.2450013160705566,1
0.9403783082962036,1
0.8280133008956909,1
0.7329388856887817,1
0.9473811388015747,1
0.9031641483306885,1
0.7831915616989136,1
0.6552358269691467,1
0.7351060509681702,1
0.8773407936096191,1
1.0052436590194702,1
0.6655104160308838,1
0.7488811016082764,1
0.46667346358299255,1
1.7442063093185425,1
1.2013881206512451,1
0.7744733691215515,1
0.7051207423210144,1
1.2505154609680176,1
1.0818732976913452,1
1.012289047241211,1
0.8713364601135254,1
0.887976884841919,1
0.7346985340118408,1
0.4684831500053406,1
1.1777706146240234,1
0.8748438358306885,1
0.5347286462783813,1
1.2174453735351563,1
1.607771873474121,1
1.6550875902175903,1
1.4888770580291748,1
0.8477534651756287,1
1.2448073625564575,1
1.006103754043579,1
1.3815784454345703,1
1.002231478691101,1
2.0023043155670166,1
2.6678621768951416,1
0.8701773285865784,1
1.0342220067977905,1
1.0973007678985596,1
1.6531457901000977,1
1.288915753364563,1
1.4332494735717773,1
2.0979607105255127,1
0.9921547174453735,1
0.9850449562072754,1
0.7324666976928711,1
1.5570003986358643,1
1.0127763748168945,1
0.613421618938446,1
1.2639670372009277,1
0.5877029299736023,1
0.9033368825912476,1
0.8174983859062195,1
0.8719978928565979,1
0.7705090641975403,1
1.14274263381958,1
0.842835009098053,1
0.8463608026504517,1
0.9142041802406311,1
1.1094036102294922,1
0.6672549247741699,1
1.0288338661193848,1
1.1525856256484985,1
1.6337109804153442,1
1.2353579998016357,1
0.9179840087890625,1
1.170951008796692,1
1.0506832599639893,1
1.472796082496643,1
0.9830648899078369,1
0.9928079843521118,1
1.0760583877563477,1
0.7696670293807983,1
0.9477051496505737,1
1.2136445045471191,1
1.4257302284240723,1
0.8470698595046997,1
1.4364655017852783,1
0.9178919792175293,1
0.7673814296722412,1
0.9554829597473145,1
0.7956222295761108,1
0.9545773267745972,1
0.769551694393158,1
0.9364324808120728,1
0.7850910425186157,1
0.8086038827896118,1
0.8802913427352905,1
0.8418079018592834,1
0.9435136318206787,1
0.3992171883583069,1
0.7217113375663757,1
0.6520830392837524,1
0.5915136337280273,1
0.8421975374221802,1
0.6101500391960144,1
0.7934107184410095,1
0.7632163763046265,1
0.8719735741615295,1
0.5866382122039795,1
0.6435985565185547,1
1.050641417503357,1
1.1623685359954834,1
0.9632428288459778,1
1.4353083372116089,1
0.7749035358428955,1
1.2184622287750244,1
0.6551737785339355,1
0.7568843364715576,1
1.041459321975708,1
0.9061369895935059,1
0.682047963142395,1
0.607171893119812,1
0.9086301326751709,1
1.1205389499664307,1
1.036777138710022,1
1.4180047512054443,1
0.8848801851272583,1
1.0046724081039429,1
1.3318053483963013,1
1.2791774272918701,1
1.1916182041168213,1
1.3053231239318848,1
1.554526448249817,1
1.4612749814987183,1
1.0603621006011963,1
0.8504520654678345,1
1.4676072597503662,1
1.3488245010375977,1
1.0309303998947144,1
1.084192156791687,1
1.0822474956512451,1
1.2366527318954468,1
1.1078864336013794,1
2.3777825832366943,1
1.2359203100204468,1
1.5910242795944214,1
1.650408148765564,1
0.7230463027954102,1
0.9967643022537231,1
1.9879329204559326,1
1.1515333652496338,1
1.5326703786849976,1
0.8968993425369263,1
1.15350341796875,1
0.4988003373146057,1
1.794485092163086,1
0.8064588308334351,1
0.7379049062728882,1
0.5468742251396179,1
1.5064893960952759,1
1.0822265148162842,1
0.902297854423523,1
0.5361928939819336,1
1.1809372901916504,1
0.9504870176315308,1
0.9519822597503662,1
1.5699292421340942,1
1.4391164779663086,1
0.8526432514190674,1
1.3261545896530151,1
1.8260431289672852,1
1.3985826969146729,1
1.3878041505813599,1
0.6988994479179382,1
1.0360281467437744,1
1.6333189010620117,1
1.0757390260696411,1
1.3424181938171387,1
1.3232924938201904,1
1.611506700515747,1
1.5573614835739136,1
0.467801570892334,1
0.7208850383758545,1
1.5881810188293457,1
1.089226484298706,1
1.0693174600601196,1
0.7564505338668823,1
1.3981151580810547,1
0.81265789270401,1
1.1426212787628174,1
1.0538618564605713,1
1.089066743850708,1
1.3615435361862183,1
1.2650790214538574,1
1.0091962814331055,1
0.9304839968681335,1
1.0634045600891113,1
0.833835244178772,1
1.2985084056854248,1
1.5040128231048584,1
1.3018290996551514,1
1.2706737518310547,1
1.3005549907684326,1
1.6839021444320679,1
1.0784696340560913,1
1.2558537721633911,1
1.1653856039047241,1
1.8448066711425781,1
0.7729947566986084,1
1.040541410446167,1
1.7077356576919556,1
1.4565410614013672,1
1.1571928262710571,1
1.390967845916748,1
1.0730615854263306,1
1.9325612783432007,1
1.5808929204940796,1
1.2579936981201172,1
0.9143122434616089,1
0.7205031514167786,1
3.287929058074951,1
1.9368565082550049,1
2.188061237335205,1
1.145788311958313,1
1.777945637702942,1
2.980344295501709,1
2.956270694732666,1
1.0811493396759033,1
1.7770932912826538,1
1.027543544769287,1
1.4512954950332642,1
2.070155143737793,1
1.9092085361480713,1
1.1762523651123047,1
