5.183182239532471,1
5.2841410636901855,1
5.223684787750244,1
5.31540060043335,1
5.336026191711426,1
5.239988327026367,1
5.2103071212768555,1
5.262824058532715,1
5.189033508300781,1
5.238053798675537,1
5.3110857009887695,1
5.181862831115723,1
5.225664138793945,1
5.122549057006836,1
5.09721565246582,1
5.212863922119141,1
5.259751319885254,1
5.366886138916016,1
5.163861274719238,1
5.270497798919678,1
5.210945129394531,1
5.283629417419434,1
5.264946460723877,1
5.178246974945068,1
5.223111152648926,1
5.243075370788574,1
5.171523571014404,1
5.179808616638184,1
5.31832218170166,1
5.256387233734131,1
5.195188999176025,1
5.219977378845215,1
5.294307708740234,1
5.280300140380859,1
5.176947593688965,1
5.237066745758057,1
5.352334499359131,1
5.187155723571777,1
5.228418827056885,1
5.202653884887695,1
5.206709861755371,1
5.238986968994141,1
5.209322929382324,1
5.240797996520996,1
5.245035171508789,1
5.256227016448975,1
5.215020179748535,1
5.229189395904541,1
5.23112678527832,1
5.281323432922363,1
5.2433295249938965,1
5.289731025695801,1
5.240909099578857,1
5.22458553314209,1
5.295301914215088,1
5.295051097869873,1
5.205119609832764,1
5.284451961517334,1
5.241855621337891,1
5.257519721984863,1
5.238107681274414,1
5.263996124267578,1
5.273473739624023,1
5.078669548034668,1
5.273416996002197,1
5.3141679763793945,1
5.231612205505371,1
5.207067012786865,1
5.3011884689331055,1
5.244501113891602,1
5.244658946990967,1
5.254253387451172,1
5.189361572265625,1
5.287635803222656,1
5.274236679077148,1
5.262819290161133,1
5.22977352142334,1
5.182437896728516,1
5.18278694152832,1
5.2665863037109375,1
5.228619575500488,1
5.21589469909668,1
5.164605140686035,1
5.214612007141113,1
5.160182476043701,1
5.165367126464844,1
5.325873374938965,1
5.333460807800293,1
5.234226703643799,1
5.124181747436523,1
5.215882301330566,1
5.2725443840026855,1
5.207552909851074,1
5.278535842895508,1
5.282654762268066,1
5.3594865798950195,1
5.233009338378906,1
5.272305488586426,1
5.2256317138671875,1
5.222084999084473,1
5.3233747482299805,1
5.247565269470215,1
5.221419334411621,1
5.184136390686035,1
5.224557876586914,1
5.146362781524658,1
5.190783500671387,1
5.2384033203125,1
5.255614757537842,1
5.245032787322998,1
5.20515775680542,1
5.287891387939453,1
5.1664886474609375,1
5.328061103820801,1
5.198315143585205,1
5.259533882141113,1
5.1969804763793945,1
5.214297294616699,1
5.204984664916992,1
5.189210891723633,1
5.238193511962891,1
5.249907970428467,1
5.130972385406494,1
5.166682243347168,1
5.301260948181152,1
5.247095108032227,1
5.246552467346191,1
5.28244686126709,1
5.2788777351379395,1
5.205280303955078,1
5.211220741271973,1
5.238735198974609,1
5.148502826690674,1
5.2488484382629395,1
5.229958534240723,1
5.269239902496338,1
5.159661293029785,1
5.233240127563477,1
5.121179580688477,1
5.177680492401123,1
5.228734016418457,1
5.163492202758789,1
5.360555648803711,1
5.1781086921691895,1
5.15826416015625,1
5.251076698303223,1
5.2484025955200195,1
5.262292861938477,1
5.169995307922363,1
5.330811023712158,1
5.241086483001709,1
5.294400691986084,1
5.209163188934326,1
5.180727005004883,1
5.320197582244873,1
5.345264434814453,1
5.155891418457031,1
5.172661781311035,1
5.2541046142578125,1
5.1651201248168945,1
5.383060932159424,1
5.284709930419922,1
5.206158638000488,1
5.239706993103027,1
5.2823638916015625,1
5.412367820739746,1
5.179579734802246,1
5.314716339111328,1
5.264488220214844,1
5.296507835388184,1
5.238909721374512,1
5.286466121673584,1
5.230433940887451,1
5.288125038146973,1
5.206939220428467,1
5.21975564956665,1
5.17050838470459,1
5.283040523529053,1
5.232999324798584,1
5.2499589920043945,1
5.241933822631836,1
5.205748081207275,1
5.338225364685059,1
5.190600872039795,1
5.2187418937683105,1
5.361631393432617,1
5.300080299377441,1
5.175014495849609,1
5.186720848083496,1
5.283961296081543,1
5.188958168029785,1
5.365349292755127,1
5.207311153411865,1
5.16385555267334,1
5.262228965759277,1
5.258707523345947,1
5.244573593139648,1
5.26096248626709,1
5.263088226318359,1
5.349093437194824,1
5.148233890533447,1
5.221912860870361,1
5.262341022491455,1
5.135855674743652,1
5.171990394592285,1
5.171477317810059,1
5.230992317199707,1
5.2137227058410645,1
5.176072120666504,1
5.165256023406982,1
5.237281799316406,1
5.324294567108154,1
5.269553184509277,1
5.209873676300049,1
5.260638236999512,1
5.173727035522461,1
5.210854530334473,1
5.16607666015625,1
5.175689697265625,1
5.3564453125,1
5.310136795043945,1
5.237020969390869,1
5.2548112869262695,1
5.213747501373291,1
5.17966365814209,1
5.206999778747559,1
5.257730960845947,1
5.355033874511719,1
5.374717712402344,1
5.306431770324707,1
5.23974609375,1
5.258092403411865,1
5.2586541175842285,1
5.297696590423584,1
5.276576995849609,1
5.238105773925781,1
5.247126579284668,1
5.17184591293335,1
5.300080299377441,1
5.202356338500977,1
5.200103759765625,1
5.200806140899658,1
5.167664527893066,1
5.203897476196289,1
5.241565227508545,1
5.184882640838623,1
5.247469902038574,1
5.28245735168457,1
5.248111248016357,1
5.322872161865234,1
5.283945083618164,1
5.239594459533691,1
5.258847236633301,1
5.088507175445557,1
5.210132598876953,1
5.245750427246094,1
5.261252403259277,1
5.121108531951904,1
5.262726783752441,1
5.224926471710205,1
5.177396297454834,1
5.140992164611816,1
5.10279655456543,1
5.254436492919922,1
5.125461578369141,1
5.308343887329102,1
5.22749137878418,1
5.281224250793457,1
5.141911506652832,1
5.329373836517334,1
5.206523895263672,1
5.306959629058838,1
5.269473075866699,1
5.218378067016602,1
5.284212112426758,1
5.211953163146973,1
5.260480880737305,1
5.30859375,1
5.210856914520264,1
5.217025279998779,1
5.15546989440918,1
5.161428451538086,1
5.36902379989624,1
5.188579082489014,1
5.349010467529297,1
5.210503578186035,1
5.242119789123535,1
5.206662178039551,1
5.226535797119141,1
5.331116676330566,1
5.20946741104126,1
5.269230842590332,1
5.222146987915039,1
5.253719806671143,1
5.233061790466309,1
5.191016674041748,1
5.265204906463623,1
5.19002628326416,1
5.237381935119629,1
5.3571672439575195,1
5.207894325256348,1
5.271347999572754,1
5.182062149047852,1
5.215193748474121,1
5.30996036529541,1
5.218539714813232,1
5.287001609802246,1
5.236820697784424,1
5.195525646209717,1
5.190878391265869,1
5.271062850952148,1
5.362853050231934,1
5.214893341064453,1
5.190154075622559,1
5.259219169616699,1
5.224677085876465,1
5.219681262969971,1
5.209534645080566,1
5.177361488342285,1
5.225000381469727,1
5.301601409912109,1
5.221499919891357,1
5.2208709716796875,1
5.277986526489258,1
5.215016841888428,1
5.227181911468506,1
5.293838024139404,1
5.1929779052734375,1
5.277035236358643,1
5.248595237731934,1
5.174317359924316,1
5.197697639465332,1
5.282966613769531,1
5.348225116729736,1
5.261498928070068,1
5.268970489501953,1
5.250138759613037,1
5.249650955200195,1
5.24356746673584,1
5.246038913726807,1
5.297956943511963,1
5.353903770446777,1
5.2303314208984375,1
5.241386413574219,1
5.197849273681641,1
5.376060485839844,1
5.12935733795166,1
5.221249580383301,1
5.266432762145996,1
5.325470924377441,1
5.326565742492676,1
5.227688789367676,1
5.346652984619141,1
5.257508277893066,1
5.240760326385498,1
5.346576690673828,1
5.289900302886963,1
5.167158126831055,1
5.249370098114014,1
5.309815406799316,1
5.31418514251709,1
5.239730358123779,1
5.171291351318359,1
5.248456954956055,1
5.237383842468262,1
5.223146438598633,1
5.178605556488037,1
5.294564723968506,1
5.210030555725098,1
5.193317413330078,1
5.250090599060059,1
5.2223734855651855,1
5.235997676849365,1
5.307147026062012,1
5.17979621887207,1
5.3080902099609375,1
5.276640892028809,1
5.268425941467285,1
5.296186447143555,1
5.100580215454102,1
5.195794582366943,1
5.2669782638549805,1
5.134746074676514,1
5.2576904296875,1
5.31959342956543,1
5.240669250488281,1
5.2128143310546875,1
5.359730243682861,1
5.1566572189331055,1
5.179207801818848,1
5.29317569732666,1
5.181950569152832,1
5.251864433288574,1
5.204975605010986,1
5.0960540771484375,1
5.213901519775391,1
5.251465797424316,1
5.234153747558594,1
5.270679473876953,1
5.365985870361328,1
5.306791305541992,1
5.181757926940918,1
5.288234710693359,1
5.271304130554199,1
5.369418144226074,1
5.113885879516602,1
5.255268096923828,1
5.23747444152832,1
5.189711570739746,1
5.171333312988281,1
5.259490966796875,1
5.308163642883301,1
5.244359016418457,1
5.293177604675293,1
5.263144493103027,1
5.2880682945251465,1
5.269627094268799,1
5.278660774230957,1
5.226372241973877,1
5.178428649902344,1
5.211289405822754,1
5.230512619018555,1
5.276462554931641,1
5.308104515075684,1
5.282223701477051,1
5.399096965789795,1
5.2171854972839355,1
5.254624366760254,1
5.256263732910156,1
5.243876934051514,1
5.236370086669922,1
5.200045585632324,1
5.226619720458984,1
5.129820823669434,1
5.189919471740723,1
5.118639945983887,1
5.2757978439331055,1
5.229275226593018,1
5.24014139175415,1
5.18230676651001,1
5.257198333740234,1
5.176810264587402,1
5.216623306274414,1
5.282214164733887,1
5.3023223876953125,1
5.263718605041504,1
5.190637588500977,1
5.186555862426758,1
5.197368144989014,1
5.2239484786987305,1
5.259356498718262,1
5.216920375823975,1
5.32209587097168,1
5.255796909332275,1
5.218613624572754,1
5.236171245574951,1
5.181797981262207,1
5.261265754699707,1
5.208468437194824,1
5.244218826293945,1
5.166038513183594,1
5.325018882751465,1
5.2064056396484375,1
5.372861862182617,1
5.307946681976318,1
5.196375846862793,1
5.204402923583984,1
5.23320198059082,1
5.317535877227783,1
5.308202266693115,1
5.266019344329834,1
5.233695983886719,1
5.367099761962891,1
5.246798515319824,1
5.229337692260742,1
5.273691177368164,1
5.2887959480285645,1
5.248513221740723,1
5.2391815185546875,1
5.257431983947754,1
5.220492362976074,1
5.252729892730713,1
5.205572128295898,1
5.271412372589111,1
5.2372918128967285,1
5.211350440979004,1
5.288388729095459,1
5.198781967163086,1
5.306264877319336,1
5.1419878005981445,1
5.159204006195068,1
5.268301486968994,1
5.269079685211182,1
5.277729034423828,1
5.157670021057129,1
5.296881675720215,1
5.212519645690918,1
5.29665470123291,1
5.257865905761719,1
5.284123420715332,1
5.2041497230529785,1
5.204151630401611,1
5.200664520263672,1
5.150857448577881,1
5.308810710906982,1
5.21408224105835,1
5.127170562744141,1
5.19525146484375,1
5.205440521240234,1
5.289152145385742,1
5.225396633148193,1
5.224117279052734,1
5.2228593826293945,1
5.240569114685059,1
5.306242942810059,1
5.1689348220825195,1
5.39845609664917,1
5.16938591003418,1
5.2484917640686035,1
5.243914604187012,1
5.243513584136963,1
5.268167495727539,1
5.280018329620361,1
5.181888103485107,1
5.298310279846191,1
5.289183139801025,1
5.183459281921387,1
5.182521343231201,1
5.182711124420166,1
5.238173484802246,1
5.232068061828613,1
5.208338260650635,1
5.177361011505127,1
5.300638198852539,1
5.2293782234191895,1
5.23066520690918,1
5.256239891052246,1
5.358929634094238,1
5.249178409576416,1
5.206545829772949,1
5.197696208953857,1
5.223376750946045,1
5.292970180511475,1
5.237393379211426,1
5.254524230957031,1
5.322872638702393,1
5.156113624572754,1
5.2383131980896,1
5.358089923858643,1
5.171429634094238,1
5.267664909362793,1
5.27595853805542,1
5.2149505615234375,1
5.313483238220215,1
5.228008270263672,1
5.215545654296875,1
5.268237113952637,1
5.241917610168457,1
5.214930534362793,1
5.217227935791016,1
5.318511962890625,1
5.243596076965332,1
5.230116844177246,1
5.237663269042969,1
5.2043914794921875,1
5.170370101928711,1
5.117213726043701,1
5.301427841186523,1
5.273935794830322,1
5.185697555541992,1
5.342309951782227,1
5.234838008880615,1
5.272709369659424,1
5.2109785079956055,1
5.1714887619018555,1
5.268725872039795,1
5.194682598114014,1
5.279120445251465,1
5.192922115325928,1
5.213785171508789,1
5.1723480224609375,1
5.199070453643799,1
5.275274276733398,1
5.232824802398682,1
5.250187397003174,1
5.217041492462158,1
5.209807395935059,1
5.239501953125,1
5.280274391174316,1
5.2529296875,1
5.231350898742676,1
5.227475166320801,1
5.289424896240234,1
5.279531478881836,1
5.3027238845825195,1
5.223224639892578,1
5.247037410736084,1
5.254556179046631,1
5.255652904510498,1
5.200514793395996,1
5.312952041625977,1
5.234127044677734,1
5.226837158203125,1
5.253159523010254,1
5.22367000579834,1
5.267795562744141,1
5.29633903503418,1
5.199151039123535,1
5.314253807067871,1
5.209842681884766,1
5.172383785247803,1
5.339102745056152,1
5.331276893615723,1
5.209336280822754,1
5.165546894073486,1
5.188826560974121,1
5.314752101898193,1
5.219294548034668,1
5.316013336181641,1
5.2000885009765625,1
5.294829845428467,1
5.314775466918945,1
5.243548393249512,1
5.175503253936768,1
5.265007019042969,1
5.277987957000732,1
5.286252975463867,1
5.200673580169678,1
5.244441986083984,1
5.234346866607666,1
5.199380874633789,1
5.314096450805664,1
5.330775260925293,1
5.306458473205566,1
5.263973236083984,1
5.205051422119141,1
5.242682933807373,1
5.24043083190918,1
5.279738903045654,1
5.167293071746826,1
5.154869079589844,1
5.283915042877197,1
5.245216369628906,1
5.313959121704102,1
5.271713733673096,1
5.327651023864746,1
5.210735321044922,1
5.272065162658691,1
5.269373893737793,1
5.214450836181641,1
5.25643253326416,1
5.231759071350098,1
5.25936222076416,1
5.166481971740723,1
5.203257083892822,1
5.272797107696533,1
5.294979095458984,1
5.333697319030762,1
5.238884925842285,1
5.201435089111328,1
5.28316068649292,1
5.218396186828613,1
5.254173278808594,1
5.207241058349609,1
5.1720147132873535,1
5.205019950866699,1
5.195505142211914,1
5.203649520874023,1
5.151847839355469,1
5.271097183227539,1
5.281116008758545,1
5.2174882888793945,1
5.224186897277832,1
5.310702323913574,1
5.174102306365967,1
5.26641845703125,1
5.256321907043457,1
5.160878658294678,1
5.318336009979248,1
5.269023895263672,1
5.212957382202148,1
5.210308074951172,1
5.140122413635254,1
5.295945167541504,1
5.271525859832764,1
5.236745834350586,1
5.305108070373535,1
5.207437515258789,1
5.218695640563965,1
5.310185432434082,1
5.2734055519104,1
5.27155065536499,1
5.242832660675049,1
5.207690715789795,1
5.233462810516357,1
5.165289878845215,1
5.256213188171387,1
5.206096649169922,1
5.255306243896484,1
5.2611775398254395,1
5.322610378265381,1
5.16996955871582,1
5.21446418762207,1
5.188363075256348,1
5.324629783630371,1
5.150671005249023,1
5.306025505065918,1
5.269606113433838,1
5.25853157043457,1
5.204046249389648,1
5.230979919433594,1
5.217062950134277,1
5.273157596588135,1
5.232156753540039,1
5.315468788146973,1
5.317340850830078,1
5.306282997131348,1
5.225890159606934,1
5.253175258636475,1
5.294370651245117,1
5.20988655090332,1
5.128011703491211,1
5.1057963371276855,1
5.221349716186523,1
5.386540412902832,1
5.184917449951172,1
5.234373092651367,1
5.332479476928711,1
5.276116371154785,1
5.19133186340332,1
5.17318058013916,1
5.230177879333496,1
5.197690963745117,1
5.356718063354492,1
5.210487365722656,1
5.2636823654174805,1
5.262978553771973,1
5.219182968139648,1
5.239021301269531,1
5.199980735778809,1
5.351187705993652,1
5.206521987915039,1
5.326281547546387,1
5.232532501220703,1
5.242290496826172,1
5.21824312210083,1
5.229401588439941,1
5.181695461273193,1
5.247536659240723,1
5.224398612976074,1
5.251589775085449,1
5.233997821807861,1
5.205806732177734,1
5.252033710479736,1
5.263885974884033,1
5.342281341552734,1
5.363515377044678,1
5.235184669494629,1
5.172641754150391,1
5.164012908935547,1
5.252357482910156,1
5.272150993347168,1
5.148059844970703,1
5.170714378356934,1
5.22730016708374,1
5.173818588256836,1
5.250252723693848,1
5.189743518829346,1
5.158041954040527,1
5.175539016723633,1
5.182103633880615,1
5.186331272125244,1
5.377406120300293,1
5.288614749908447,1
5.241820335388184,1
5.159794330596924,1
5.181926727294922,1
5.1490888595581055,1
5.231775283813477,1
5.36854887008667,1
5.229063510894775,1
5.239993095397949,1
5.265410900115967,1
5.242778778076172,1
5.304398536682129,1
5.276822566986084,1
5.190825462341309,1
5.234845161437988,1
5.1274824142456055,1
5.250028610229492,1
5.379056453704834,1
5.180232048034668,1
5.237616539001465,1
5.302829265594482,1
5.2075653076171875,1
5.353564739227295,1
5.276279449462891,1
5.226616859436035,1
5.298333168029785,1
5.264386177062988,1
5.23333215713501,1
5.172947883605957,1
5.242246627807617,1
5.4295454025268555,1
5.226564407348633,1
5.309534072875977,1
5.154498100280762,1
5.298332214355469,1
5.219230651855469,1
5.23844051361084,1
5.282017230987549,1
5.249667167663574,1
5.291460990905762,1
5.224310874938965,1
5.327875137329102,1
5.1902666091918945,1
5.260350227355957,1
5.262331962585449,1
5.179841041564941,1
5.207582950592041,1
5.298522472381592,1
5.248145580291748,1
5.338637351989746,1
5.233482837677002,1
5.190921783447266,1
5.283634185791016,1
5.20156192779541,1
5.181905746459961,1
5.197128772735596,1
5.214439868927002,1
5.201200485229492,1
5.216777324676514,1
5.1935834884643555,1
5.108935356140137,1
5.1663618087768555,1
5.294238090515137,1
5.171567916870117,1
5.293539524078369,1
5.30855131149292,1
5.162422180175781,1
5.33261775970459,1
5.195853233337402,1
5.170381546020508,1
5.193697929382324,1
5.26909065246582,1
5.2025861740112305,1
5.220954895019531,1
5.227093696594238,1
5.2207536697387695,1
5.255427837371826,1
5.225188255310059,1
5.168058395385742,1
5.29226016998291,1
5.351223945617676,1
5.284712314605713,1
5.277027130126953,1
5.280574321746826,1
5.350641250610352,1
5.2440948486328125,1
5.156502723693848,1
5.174476623535156,1
5.2199015617370605,1
5.289461135864258,1
5.165698051452637,1
5.159788608551025,1
5.23076057434082,1
5.31311559677124,1
5.222666263580322,1
5.291844367980957,1
5.26003360748291,1
5.222241401672363,1
5.2234392166137695,1
5.23163366317749,1
5.2860870361328125,1
5.261301040649414,1
5.214053153991699,1
5.24275016784668,1
5.3697428703308105,1
5.25882625579834,1
5.24392032623291,1
5.213444709777832,1
5.257748603820801,1
5.302257537841797,1
5.128155708312988,1
5.146051406860352,1
5.241189002990723,1
5.243891716003418,1
5.312931060791016,1
5.161770820617676,1
5.18222713470459,1
5.271214485168457,1
5.335127353668213,1
5.281278133392334,1
5.296377658843994,1
5.2498579025268555,1
5.232646942138672,1
5.297863960266113,1
5.180883407592773,1
5.279949188232422,1
5.138664245605469,1
5.2634148597717285,1
5.29312801361084,1
5.249925136566162,1
5.211495876312256,1
5.221138954162598,1
5.265450954437256,1
5.362060070037842,1
5.1755146980285645,1
5.110988616943359,1
5.308927059173584,1
5.137871742248535,1
5.266569137573242,1
5.276834964752197,1
5.2296905517578125,1
5.222755432128906,1
5.17588996887207,1
5.237364768981934,1
5.332254886627197,1
5.131002902984619,1
5.163578987121582,1
5.2529401779174805,1
5.265574932098389,1
5.331369876861572,1
5.2606658935546875,1
5.240737438201904,1
5.201933860778809,1
5.267229080200195,1
5.320498466491699,1
5.214201927185059,1
5.245891571044922,1
5.258152484893799,1
5.238629341125488,1
5.305542945861816,1
5.260702133178711,1
5.267292499542236,1
5.224593162536621,1
5.21804666519165,1
5.301057815551758,1
5.292078018188477,1
5.1926398277282715,1
5.255344390869141,1
5.269980430603027,1
5.227541446685791,1
5.256325721740723,1
5.271998882293701,1
5.299386978149414,1
5.250411033630371,1
5.13603401184082,1
5.178350448608398,1
5.296944618225098,1
5.157747268676758,1
5.304451942443848,1
5.138023376464844,1
5.206036567687988,1
5.245570182800293,1
5.23844575881958,1
5.332551002502441,1
5.183065414428711,1
5.23674201965332,1
5.287123203277588,1
5.267906188964844,1
5.337300777435303,1
5.319705963134766,1
5.280881881713867,1
5.290619373321533,1
5.367382049560547,1
5.245022773742676,1
5.256270885467529,1
5.208433628082275,1
5.228764533996582,1
5.3058671951293945,1
5.1824188232421875,1
5.228822231292725,1
5.263699531555176,1
5.211064338684082,1
5.307262420654297,1
5.203888893127441,1
5.290287017822266,1
5.256372928619385,1
5.226327896118164,1
5.315852165222168,1
5.243347644805908,1
5.226436614990234,1
5.293582916259766,1
5.299384117126465,1
5.242955207824707,1
5.245641231536865,1
5.151341438293457,1
5.223563194274902,1
5.351310729980469,1
5.180058479309082,1
5.205023765563965,1
5.239243507385254,1
5.332066535949707,1
5.222640514373779,1
5.290486812591553,1
5.234585762023926,1
5.329697608947754,1
5.236032485961914,1
5.1636176109313965,1
5.1834611892700195,1
5.213718414306641,1
5.197079658508301,1
5.226649284362793,1
5.253580093383789,1
5.184401512145996,1
5.343149185180664,1
5.1417670249938965,1
5.364757061004639,1
5.224953651428223,1
5.253145217895508,1
5.1474103927612305,1
5.2266106605529785,1
5.170795917510986,1
5.2800798416137695,1
5.208706378936768,1
5.288329601287842,1
5.2616868019104,1
5.211301803588867,1
5.188613414764404,1
5.301872253417969,1
5.288714408874512,1
5.240438461303711,1
5.175014495849609,1
5.231743812561035,1
5.221736907958984,1
5.230484962463379,1
5.302673816680908,1
5.2655863761901855,1
5.259527206420898,1
5.296281814575195,1
5.269407749176025,1
5.266024589538574,1
5.210513114929199,1
5.21012020111084,1
5.170587539672852,1
5.233333587646484,1
5.185554504394531,1
5.2681050300598145,1
5.236661911010742,1
5.280568599700928,1
5.214176654815674,1
5.243980407714844,1
5.284719467163086,1
5.31486701965332,1
5.30759334564209,1
5.272128105163574,1
5.30050802230835,1
5.196527481079102,1
5.240133285522461,1
5.258686065673828,1
5.349725723266602,1
5.242336750030518,1
5.229411602020264,1
5.243956089019775,1
5.179347038269043,1
5.270934104919434,1
5.2662153244018555,1
5.249987602233887,1
5.338763236999512,1
5.297395706176758,1
5.179567813873291,1
5.253702163696289,1
5.254588603973389,1
5.254230499267578,1
5.2586259841918945,1
5.209592819213867,1
5.245519638061523,1
5.236544609069824,1
5.149724006652832,1
5.234048366546631,1
5.213911056518555,1
5.280950546264648,1
5.203332901000977,1
5.177280426025391,1
5.296528339385986,1
5.224898338317871,1
5.23488712310791,1
5.223715782165527,1
5.187348365783691,1
5.213800430297852,1
5.209924697875977,1
5.209519863128662,1
5.2379255294799805,1
5.309967041015625,1
5.196803092956543,1
5.292481422424316,1
5.286818981170654,1
5.18990421295166,1
5.2245893478393555,1
5.213953018188477,1
5.136323928833008,1
5.241957664489746,1
5.161444187164307,1
5.2474517822265625,1
5.166088104248047,1
5.313122749328613,1
5.237611770629883,1
5.260237693786621,1
5.208592414855957,1
5.207263469696045,1
5.205930709838867,1
5.206263542175293,1
5.213416576385498,1
5.155791282653809,1
5.270181179046631,1
5.269671440124512,1
5.238462924957275,1
5.2257280349731445,1
5.233753204345703,1
5.2206926345825195,1
5.127708435058594,1
5.169384956359863,1
5.226252555847168,1
5.294614791870117,1
5.252388000488281,1
5.292985916137695,1
5.183777809143066,1
5.210650444030762,1
5.185506820678711,1
5.234163284301758,1
5.207343101501465,1
5.211915969848633,1
5.274383068084717,1
5.166403770446777,1
5.167153358459473,1
5.162413597106934,1
5.19592809677124,1
5.288577556610107,1
5.307318210601807,1
5.328486919403076,1
5.142937660217285,1
5.21978759765625,1
5.2352070808410645,1
5.2321248054504395,1
5.277995586395264,1
5.309440612792969,1
5.194530963897705,1
5.270525932312012,1
5.26367712020874,1
5.339101791381836,1
5.20989990234375,1
5.264200210571289,1
5.365105628967285,1
5.256576061248779,1
5.266732215881348,1
5.2373199462890625,1
5.380819797515869,1
5.197596549987793,1
5.202178955078125,1
5.21461296081543,1
5.300417423248291,1
5.278873443603516,1
5.284218788146973,1
5.233658790588379,1
5.244021415710449,1
5.277046203613281,1
5.294933795928955,1
5.270825386047363,1
5.201620101928711,1
5.354674339294434,1
5.220968246459961,1
5.281702518463135,1
5.26412296295166,1
5.313661098480225,1
5.308540344238281,1
5.262749671936035,1
5.193681240081787,1
5.2780609130859375,1
5.2689056396484375,1
5.26876163482666,1
5.272676467895508,1
5.2756147384643555,1
5.2530517578125,1
5.2819085121154785,1
5.272119522094727,1
5.166842460632324,1
5.220114707946777,1
5.2255144119262695,1
5.291730880737305,1
5.196711540222168,1
5.153844833374023,1
5.18731689453125,1
5.216243743896484,1
5.310882091522217,1
5.293175220489502,1
5.201613426208496,1
5.255136966705322,1
5.2379350662231445,1
5.187615394592285,1
5.245327949523926,1
5.271616458892822,1
5.213573455810547,1
5.238631248474121,1
5.355470180511475,1
5.253781318664551,1
5.238430976867676,1
5.239741802215576,1
5.267055034637451,1
5.224224090576172,1
5.342610836029053,1
5.224881172180176,1
5.2516045570373535,1
5.188026428222656,1
5.184839248657227,1
5.281776428222656,1
5.158903121948242,1
5.290286540985107,1
5.3121795654296875,1
5.223907470703125,1
5.181313514709473,1
5.240270137786865,1
5.214598655700684,1
5.293220043182373,1
5.22417688369751,1
5.270873069763184,1
5.161506175994873,1
5.320013046264648,1
5.172430992126465,1
5.218119144439697,1
5.21868371963501,1
5.1668701171875,1
5.3886003494262695,1
5.180339813232422,1
5.314483165740967,1
5.27570104598999,1
5.311393737792969,1
5.207932472229004,1
5.202125549316406,1
5.185361385345459,1
5.251721382141113,1
5.315174579620361,1
5.217747688293457,1
5.169773101806641,1
5.239691257476807,1
5.212147235870361,1
5.13457727432251,1
5.284939765930176,1
5.277176856994629,1
5.27142858505249,1
5.200498580932617,1
5.295037269592285,1
5.197207450866699,1
5.3044891357421875,1
5.245065212249756,1
5.13336181640625,1
5.216896057128906,1
5.181647300720215,1
5.210014820098877,1
5.311840057373047,1
5.325878143310547,1
5.268276214599609,1
5.127164840698242,1
5.260986328125,1
5.215694427490234,1
5.17271614074707,1
5.318731307983398,1
5.291101455688477,1
5.259725570678711,1
5.308399200439453,1
5.174955368041992,1
5.332356929779053,1
5.2228288650512695,1
5.179759502410889,1
5.331463813781738,1
5.226860523223877,1
5.33552360534668,1
5.242635726928711,1
5.1871843338012695,1
5.204949378967285,1
5.250409126281738,1
5.320703983306885,1
5.222870826721191,1
5.2812180519104,1
5.333707809448242,1
5.252938270568848,1
5.210193157196045,1
5.207409858703613,1
5.269759178161621,1
5.268907070159912,1
5.265800952911377,1
5.223688125610352,1
5.106894493103027,1
5.251879692077637,1
5.228885173797607,1
5.327445983886719,1
5.344198703765869,1
5.223337173461914,1
5.243998050689697,1
5.324189186096191,1
5.202104568481445,1
5.250749588012695,1
5.261639595031738,1
5.23331356048584,1
5.232912063598633,1
5.281097412109375,1
5.203273296356201,1
5.207012176513672,1
5.094664573669434,1
5.2441229820251465,1
5.247448921203613,1
5.208669662475586,1
5.361133098602295,1
5.25686502456665,1
5.35606575012207,1
5.254044532775879,1
5.208703994750977,1
5.235517501831055,1
5.199091911315918,1
5.287323951721191,1
5.2366838455200195,1
5.21696662902832,1
5.170319557189941,1
5.133655548095703,1
5.255540370941162,1
5.230549335479736,1
5.225004196166992,1
5.220512390136719,1
5.230530738830566,1
5.205063819885254,1
5.268251419067383,1
5.2194623947143555,1
5.175135612487793,1
5.214900493621826,1
5.293547630310059,1
5.244052410125732,1
5.205746650695801,1
5.161130428314209,1
5.202768802642822,1
5.277883529663086,1
5.3239898681640625,1
5.326590538024902,1
5.300057411193848,1
5.253518104553223,1
5.248067378997803,1
5.25869607925415,1
5.196213722229004,1
5.3405070304870605,1
5.180845260620117,1
5.175865173339844,1
5.223623275756836,1
5.296831130981445,1
5.2078022956848145,1
5.241321563720703,1
5.227975845336914,1
5.284370422363281,1
5.3006439208984375,1
5.138213157653809,1
5.126581192016602,1
5.236008167266846,1
5.291022300720215,1
5.253409385681152,1
5.172569274902344,1
5.175397872924805,1
5.257765769958496,1
5.247346878051758,1
5.311394214630127,1
5.2596282958984375,1
5.212337493896484,1
5.250962734222412,1
5.229219913482666,1
5.2971577644348145,1
5.186361312866211,1
5.280154228210449,1
5.170553684234619,1
5.366528034210205,1
5.189072132110596,1
5.177089691162109,1
5.1455769538879395,1
5.396936893463135,1
5.255535125732422,1
5.280653953552246,1
5.194106101989746,1
5.221762180328369,1
5.34025239944458,1
5.26324462890625,1
5.2724456787109375,1
5.211024284362793,1
5.271956920623779,1
5.185467720031738,1
5.169310569763184,1
5.3226728439331055,1
5.241297721862793,1
5.278558731079102,1
5.210137367248535,1
5.2469305992126465,1
5.1257524490356445,1
5.140336990356445,1
5.238398551940918,1
5.370950222015381,1
5.29569149017334,1
5.294368743896484,1
5.4042534828186035,1
5.265254497528076,1
5.160487651824951,1
5.225709915161133,1
5.235963344573975,1
5.1506805419921875,1
5.222318172454834,1
5.148545265197754,1
5.1951117515563965,1
5.325575828552246,1
5.214442253112793,1
5.268733024597168,1
5.249895095825195,1
5.210657119750977,1
5.328067779541016,1
5.202142715454102,1
5.252007961273193,1
5.206788539886475,1
5.199065208435059,1
5.209758758544922,1
5.24223518371582,1
5.26604700088501,1
5.280108451843262,1
5.2602128982543945,1
5.330482482910156,1
5.299511432647705,1
5.1537184715271,1
5.102055549621582,1
5.2166314125061035,1
5.249483108520508,1
5.210183143615723,1
5.252275466918945,1
5.269383430480957,1
5.281734466552734,1
5.348698616027832,1
5.3028411865234375,1
5.200058937072754,1
5.117834568023682,1
5.272942543029785,1
5.247052192687988,1
5.243345260620117,1
5.160853385925293,1
5.178938388824463,1
5.23246955871582,1
5.196498870849609,1
5.333128929138184,1
5.255244255065918,1
5.160256385803223,1
5.215734958648682,1
5.1847381591796875,1
5.262414932250977,1
5.282191276550293,1
5.194890022277832,1
5.349323272705078,1
5.221735000610352,1
5.346935272216797,1
5.260258674621582,1
5.265569686889648,1
5.256534576416016,1
5.315121650695801,1
5.30993127822876,1
5.226509094238281,1
5.232790946960449,1
5.296481132507324,1
5.2829670906066895,1
5.193694114685059,1
5.112884044647217,1
5.260846138000488,1
5.2389936447143555,1
5.226003646850586,1
5.158374786376953,1
5.225200653076172,1
5.279237270355225,1
5.219473838806152,1
5.23759651184082,1
5.202406883239746,1
5.264128684997559,1
5.22767448425293,1
5.226311683654785,1
5.216509819030762,1
5.260499000549316,1
5.139613628387451,1
5.353488922119141,1
5.206048011779785,1
5.202664852142334,1
5.192327976226807,1
5.208546161651611,1
5.320319175720215,1
5.301483154296875,1
5.21095085144043,1
5.251157760620117,1
5.159811973571777,1
5.169129371643066,1
5.145803928375244,1
5.222555637359619,1
5.2248382568359375,1
5.276851654052734,1
5.2385454177856445,1
5.204041957855225,1
5.238271713256836,1
5.192690372467041,1
5.311594009399414,1
5.24017333984375,1
5.194574356079102,1
5.260737895965576,1
5.268642425537109,1
5.206248760223389,1
5.305461883544922,1
5.242613792419434,1
5.220849990844727,1
5.314743995666504,1
5.156044006347656,1
5.183115005493164,1
5.197497844696045,1
5.273928642272949,1
5.2235307693481445,1
5.197690010070801,1
5.181290626525879,1
5.246376991271973,1
5.200132369995117,1
5.170138835906982,1
5.200839042663574,1
5.30527925491333,1
5.269026756286621,1
5.262075424194336,1
5.250524997711182,1
5.265849590301514,1
5.156867027282715,1
5.311351299285889,1
5.154773712158203,1
5.202566623687744,1
5.352618217468262,1
5.2742156982421875,1
5.324097633361816,1
5.299415588378906,1
5.211915969848633,1
5.225263595581055,1
5.25571346282959,1
5.263131141662598,1
5.19912052154541,1
5.311367988586426,1
5.223100662231445,1
5.145638465881348,1
5.297394752502441,1
5.327218055725098,1
5.247021675109863,1
5.280875205993652,1
5.285452842712402,1
5.255937576293945,1
5.218998908996582,1
5.215766906738281,1
5.274141311645508,1
5.334448337554932,1
5.243438720703125,1
5.415838241577148,1
5.267459869384766,1
5.18126106262207,1
5.190481185913086,1
5.40639066696167,1
5.142541885375977,1
5.242578506469727,1
5.264717102050781,1
5.29625129699707,1
5.284765243530273,1
5.194331169128418,1
5.19661808013916,1
5.221677780151367,1
5.254162788391113,1
5.187263011932373,1
5.165472030639648,1
5.180752754211426,1
5.234875679016113,1
5.299470901489258,1
5.263621807098389,1
5.254731178283691,1
5.196035385131836,1
5.329267501831055,1
5.18095588684082,1
5.200565338134766,1
5.200291633605957,1
5.233938217163086,1
5.201402187347412,1
5.425689697265625,1
5.284613609313965,1
5.214271068572998,1
5.238074779510498,1
5.234678745269775,1
5.218024253845215,1
5.310550689697266,1
5.25483512878418,1
5.270241737365723,1
5.178653240203857,1
5.222228527069092,1
5.249863624572754,1
5.2154951095581055,1
5.256195545196533,1
5.330683708190918,1
5.293520927429199,1
5.2024078369140625,1
5.303340435028076,1
5.252108097076416,1
5.297966957092285,1
5.203598976135254,1
5.234433650970459,1
5.1838836669921875,1
5.3697309494018555,1
5.211320877075195,1
5.2184529304504395,1
5.179414749145508,1
5.193606853485107,1
5.18687629699707,1
5.207705497741699,1
5.273037910461426,1
5.384164810180664,1
5.285630226135254,1
5.255382537841797,1
5.311993598937988,1
5.132342338562012,1
5.26424503326416,1
5.218912601470947,1
5.220330238342285,1
5.290821075439453,1
5.299466133117676,1
5.143864631652832,1
5.222067832946777,1
5.311972618103027,1
5.221000671386719,1
5.229777812957764,1
5.200758934020996,1
5.220129013061523,1
5.256560325622559,1
5.1581525802612305,1
5.174815654754639,1
5.223475456237793,1
5.179239273071289,1
5.241369247436523,1
5.264171600341797,1
5.182490825653076,1
5.251460075378418,1
5.227306842803955,1
5.221064567565918,1
5.284598350524902,1
5.287757396697998,1
5.307519912719727,1
5.30988883972168,1
5.23954439163208,1
5.268540859222412,1
5.231518745422363,1
5.293227195739746,1
5.233761787414551,1
5.25759220123291,1
5.1849775314331055,1
5.146883964538574,1
5.250156402587891,1
5.287348747253418,1
5.227685928344727,1
5.231858730316162,1
5.306975841522217,1
5.248093605041504,1
5.186958312988281,1
5.186606407165527,1
5.206587314605713,1
5.296046257019043,1
5.326818943023682,1
5.223597526550293,1
5.214925289154053,1
5.306461811065674,1
5.2739715576171875,1
5.232170104980469,1
5.261420726776123,1
5.261199951171875,1
5.287300109863281,1
5.288509368896484,1
5.2275872230529785,1
5.341137886047363,1
5.14680814743042,1
5.26820182800293,1
5.271144866943359,1
5.266414642333984,1
5.250967979431152,1
5.152121543884277,1
5.244054794311523,1
5.381092071533203,1
5.201520919799805,1
5.258752346038818,1
5.2902655601501465,1
5.220465183258057,1
5.2768402099609375,1
5.25616455078125,1
5.183496475219727,1
5.1450910568237305,1
5.2908525466918945,1
5.186715126037598,1
5.2712507247924805,1
5.2465596199035645,1
5.207075119018555,1
5.2692461013793945,1
5.365871906280518,1
5.373020648956299,1
5.241254806518555,1
5.251031398773193,1
5.370401382446289,1
5.190525054931641,1
5.196331977844238,1
5.354325294494629,1
5.2269086837768555,1
5.341558456420898,1
5.217789649963379,1
5.2101826667785645,1
5.144683361053467,1
5.163959980010986,1
5.35734748840332,1
5.338732719421387,1
5.2346086502075195,1
5.2887773513793945,1
5.301573276519775,1
5.262439727783203,1
5.221687316894531,1
5.206803321838379,1
5.302329063415527,1
5.269247055053711,1
5.188323020935059,1
5.281830310821533,1
5.267674922943115,1
5.164276123046875,1
5.217306137084961,1
5.333230495452881,1
5.283312797546387,1
5.284130573272705,1
5.225469589233398,1
5.2340006828308105,1
5.187272071838379,1
5.249671936035156,1
5.1710944175720215,1
5.318089485168457,1
5.206509590148926,1
5.244314193725586,1
5.264976978302002,1
5.246882438659668,1
5.28148078918457,1
5.330478668212891,1
5.286924362182617,1
5.252290725708008,1
5.1687517166137695,1
5.281750202178955,1
5.242103099822998,1
5.238221168518066,1
5.257929801940918,1
5.244126319885254,1
5.33406925201416,1
5.279343605041504,1
5.330001354217529,1
5.213281631469727,1
5.214164733886719,1
5.2352495193481445,1
5.270855903625488,1
5.127864837646484,1
5.242086410522461,1
5.1710662841796875,1
5.281417369842529,1
5.203558444976807,1
5.263934135437012,1
5.264704704284668,1
5.243730545043945,1
5.282296657562256,1
5.183048248291016,1
5.271902561187744,1
5.2357282638549805,1
5.308806896209717,1
5.311861991882324,1
5.26496696472168,1
5.27177619934082,1
5.274541854858398,1
5.288540840148926,1
5.269876956939697,1
5.182961463928223,1
5.196628570556641,1
5.331100940704346,1
5.180655002593994,1
5.232098579406738,1
5.217678070068359,1
5.18017053604126,1
5.206574440002441,1
5.229945182800293,1
5.208174705505371,1
5.244513511657715,1
5.215489864349365,1
5.283743858337402,1
5.220723628997803,1
5.203275680541992,1
5.24018669128418,1
5.163698673248291,1
5.2690277099609375,1
5.241289138793945,1
5.308798313140869,1
5.375759601593018,1
5.298910140991211,1
5.223270416259766,1
5.2239885330200195,1
5.2757415771484375,1
5.2455244064331055,1
5.129217624664307,1
5.29880428314209,1
5.305972099304199,1
5.271624565124512,1
5.2509565353393555,1
5.192644119262695,1
5.2736968994140625,1
5.278273105621338,1
5.2263994216918945,1
5.202348709106445,1
5.325168609619141,1
5.341225624084473,1
5.163312911987305,1
5.231685638427734,1
5.2375993728637695,1
5.206785202026367,1
5.347382545471191,1
5.288093566894531,1
5.282200813293457,1
5.2433271408081055,1
5.277361869812012,1
5.170597076416016,1
5.223935127258301,1
5.202441215515137,1
5.308746814727783,1
5.3030548095703125,1
5.225113868713379,1
5.389652252197266,1
5.2721381187438965,1
5.269646644592285,1
5.199770927429199,1
5.237226486206055,1
5.330126762390137,1
5.147926330566406,1
5.2545037269592285,1
5.175746917724609,1
5.250055313110352,1
5.139490127563477,1
5.222580432891846,1
5.271895408630371,1
5.177361488342285,1
5.277846813201904,1
5.233210563659668,1
5.238010406494141,1
5.163235664367676,1
5.230727195739746,1
5.287559509277344,1
5.285889625549316,1
5.261850357055664,1
5.338898181915283,1
5.225199222564697,1
5.2625322341918945,1
5.185145378112793,1
5.277194976806641,1
5.316375255584717,1
5.325412750244141,1
5.201683044433594,1
5.20690393447876,1
5.305668830871582,1
5.2378082275390625,1
5.3108344078063965,1
5.214405059814453,1
5.233062744140625,1
5.262938976287842,1
5.279253959655762,1
5.244820594787598,1
5.2886223793029785,1
5.310065746307373,1
5.22233772277832,1
5.250111103057861,1
5.193492889404297,1
5.125520706176758,1
5.145135402679443,1
5.188760280609131,1
5.160485744476318,1
5.200768947601318,1
5.227231979370117,1
5.267264366149902,1
5.248200416564941,1
5.207988262176514,1
5.147461891174316,1
5.258134841918945,1
5.203722953796387,1
5.269810199737549,1
5.235057830810547,1
5.195667743682861,1
5.16624116897583,1
5.168816566467285,1
5.207680702209473,1
5.292344570159912,1
5.281608581542969,1
5.319549560546875,1
5.282708644866943,1
5.265208721160889,1
5.217247009277344,1
5.2309370040893555,1
5.177015781402588,1
5.280088424682617,1
5.176514148712158,1
5.200260162353516,1
5.1940813064575195,1
5.297299385070801,1
5.107972145080566,1
5.228343963623047,1
5.290760517120361,1
5.25488805770874,1
5.280855178833008,1
5.237431526184082,1
5.2827887535095215,1
5.205838203430176,1
5.291802406311035,1
5.224246025085449,1
5.205058574676514,1
5.3163838386535645,1
5.30838680267334,1
5.2302703857421875,1
5.301043510437012,1
5.263400077819824,1
5.251983642578125,1
5.277957916259766,1
5.374814987182617,1
5.281295299530029,1
5.120908260345459,1
5.229897499084473,1
5.167462348937988,1
5.327868461608887,1
5.289187431335449,1
5.195852279663086,1
5.140277862548828,1
5.282459259033203,1
5.306972503662109,1
5.258855819702148,1
5.272839069366455,1
5.178662300109863,1
5.222489356994629,1
5.298467636108398,1
5.277953147888184,1
5.2484941482543945,1
5.362884521484375,1
5.244695663452148,1
5.253018856048584,1
5.213134765625,1
5.286293983459473,1
5.211417198181152,1
5.16436767578125,1
5.328811168670654,1
5.257499694824219,1
5.237531661987305,1
5.264955043792725,1
5.2912516593933105,1
5.250553607940674,1
5.254147052764893,1
5.265064716339111,1
5.246162414550781,1
5.192700386047363,1
5.212376594543457,1
5.057939529418945,1
5.2388081550598145,1
5.191369533538818,1
5.285932540893555,1
5.1861252784729,1
5.152862548828125,1
5.295756816864014,1
5.147950172424316,1
5.301985263824463,1
5.2674760818481445,1
5.407000541687012,1
5.1908416748046875,1
5.183277130126953,1
5.171566009521484,1
5.324405193328857,1
5.171480178833008,1
5.277380466461182,1
5.117042541503906,1
5.24285364151001,1
5.250377655029297,1
5.242072105407715,1
5.241312026977539,1
5.252243995666504,1
5.185755729675293,1
5.164011001586914,1
5.225061416625977,1
5.230716228485107,1
5.269871711730957,1
5.226668834686279,1
5.272289276123047,1
5.348492622375488,1
5.3580427169799805,1
5.202378273010254,1
5.227966785430908,1
5.124987602233887,1
5.303003787994385,1
5.2947893142700195,1
5.256355285644531,1
5.298919677734375,1
5.2364678382873535,1
5.209286212921143,1
5.21649169921875,1
5.240962505340576,1
5.180401802062988,1
5.195788860321045,1
5.286426067352295,1
5.239627361297607,1
5.141363143920898,1
5.283820152282715,1
5.089024543762207,1
5.265011310577393,1
5.148634910583496,1
5.177077770233154,1
5.205397605895996,1
5.2938551902771,1
5.255888938903809,1
5.2852888107299805,1
5.266937255859375,1
5.245283126831055,1
5.245046138763428,1
5.261216163635254,1
5.312008380889893,1
5.259112358093262,1
5.1819539070129395,1
5.2015228271484375,1
5.18998908996582,1
5.331798553466797,1
5.2912421226501465,1
5.239363670349121,1
5.194640159606934,1
5.244886875152588,1
5.24491024017334,1
5.247203350067139,1
5.216907501220703,1
5.261488437652588,1
5.31086540222168,1
5.26677131652832,1
5.237347602844238,1
5.257546901702881,1
5.0986175537109375,1
5.234708786010742,1
5.224907875061035,1
5.206299781799316,1
5.258173942565918,1
5.291123390197754,1
5.30679988861084,1
5.280154228210449,1
5.2457380294799805,1
5.2795562744140625,1
5.212882041931152,1
5.21396541595459,1
5.2328033447265625,1
5.289451599121094,1
5.1849846839904785,1
5.135948181152344,1
5.280882358551025,1
5.12368106842041,1
5.196181774139404,1
5.2463483810424805,1
5.278597354888916,1
5.221233367919922,1
5.194741725921631,1
5.213515281677246,1
5.258877277374268,1
5.197735786437988,1
5.258514881134033,1
5.148103713989258,1
5.310582637786865,1
5.264740943908691,1
5.290803909301758,1
5.19489860534668,1
5.231598854064941,1
5.253130912780762,1
5.203136444091797,1
5.315386772155762,1
5.189446449279785,1
5.279817581176758,1
5.246071815490723,1
5.179986953735352,1
5.232796669006348,1
5.113032817840576,1
5.2461748123168945,1
5.237459182739258,1
5.27830696105957,1
5.313981056213379,1
5.208809852600098,1
5.310108661651611,1
5.285233020782471,1
5.220588684082031,1
5.324746131896973,1
5.170609474182129,1
5.290213108062744,1
5.344622611999512,1
5.334146499633789,1
5.219059944152832,1
5.198920249938965,1
5.268002033233643,1
5.207025527954102,1
5.283991813659668,1
5.169155597686768,1
5.195161819458008,1
5.2134599685668945,1
5.194738388061523,1
5.289233207702637,1
5.174934387207031,1
5.313374996185303,1
5.247683525085449,1
5.291893482208252,1
5.254106521606445,1
5.356741905212402,1
5.261998176574707,1
5.165274143218994,1
5.278717041015625,1
5.227989196777344,1
5.294404029846191,1
5.316194534301758,1
5.175217628479004,1
5.245537757873535,1
5.193074703216553,1
5.21364688873291,1
5.26458740234375,1
5.307137489318848,1
5.317930221557617,1
5.272432804107666,1
5.2846455574035645,1
5.294931888580322,1
5.199946403503418,1
5.182102203369141,1
5.291019439697266,1
5.307925701141357,1
5.235964775085449,1
5.354522228240967,1
5.2983903884887695,1
5.237155914306641,1
5.215997695922852,1
5.192294120788574,1
5.2216901779174805,1
5.2869954109191895,1
5.286649703979492,1
5.2211737632751465,1
5.193614959716797,1
5.129327774047852,1
5.229878902435303,1
5.201672554016113,1
5.202628135681152,1
5.222712516784668,1
5.248510360717773,1
5.337872505187988,1
5.311003684997559,1
5.225784778594971,1
5.224907875061035,1
5.227518558502197,1
5.146831512451172,1
5.23154878616333,1
5.247802257537842,1
5.1501569747924805,1
5.317137241363525,1
5.091845512390137,1
5.131866455078125,1
5.1833720207214355,1
5.306676864624023,1
5.291345596313477,1
5.211198806762695,1
5.226107597351074,1
5.243993759155273,1
5.331875801086426,1
5.212255001068115,1
5.183211803436279,1
5.239169120788574,1
5.305453777313232,1
5.333865165710449,1
5.221655368804932,1
5.202410697937012,1
5.2937469482421875,1
5.302611827850342,1
5.1479573249816895,1
5.30693244934082,1
5.193387985229492,1
5.260709285736084,1
5.201368808746338,1
5.160426616668701,1
5.17817497253418,1
5.253289222717285,1
5.192298412322998,1
5.247401237487793,1
5.191174507141113,1
5.26338529586792,1
5.230963706970215,1
5.1607561111450195,1
5.201789379119873,1
5.203617095947266,1
5.338501453399658,1
5.242329120635986,1
5.266529083251953,1
5.258456230163574,1
5.136420249938965,1
5.328133583068848,1
5.329022407531738,1
5.318767547607422,1
5.252263069152832,1
5.215602397918701,1
5.260668754577637,1
5.180829048156738,1
5.242696762084961,1
5.24908971786499,1
5.300716876983643,1
5.247410774230957,1
5.200809478759766,1
5.303569316864014,1
5.195024490356445,1
5.207291126251221,1
5.135171890258789,1
5.347517967224121,1
5.297116279602051,1
5.320402145385742,1
5.24376106262207,1
5.165453910827637,1
5.345773220062256,1
5.285345554351807,1
5.249891757965088,1
5.249894142150879,1
5.313462257385254,1
5.273807048797607,1
5.248713493347168,1
5.359716415405273,1
5.221097946166992,1
5.23871374130249,1
5.249610900878906,1
5.205807685852051,1
5.322819232940674,1
5.224557876586914,1
5.251063823699951,1
5.299060344696045,1
5.13616418838501,1
5.245484352111816,1
5.333456993103027,1
5.219511985778809,1
5.189124584197998,1
5.31191349029541,1
5.169681072235107,1
5.34913444519043,1
5.304786682128906,1
5.303051948547363,1
5.210069179534912,1
5.2616868019104,1
5.258203983306885,1
5.1633758544921875,1
5.181976795196533,1
5.188547134399414,1
5.238292217254639,1
5.123263359069824,1
5.156947135925293,1
5.262971878051758,1
5.286654949188232,1
5.254500389099121,1
5.1601972579956055,1
5.22930908203125,1
5.2739715576171875,1
5.235919952392578,1
5.23250150680542,1
5.243643760681152,1
5.169438362121582,1
5.249748229980469,1
5.236086845397949,1
5.229861259460449,1
5.171881198883057,1
5.214748382568359,1
5.183355808258057,1
5.151389122009277,1
5.331925392150879,1
5.277332782745361,1
5.187094688415527,1
5.244899272918701,1
5.283413887023926,1
5.255505561828613,1
5.294449806213379,1
5.254935264587402,1
5.206304550170898,1
5.1890645027160645,1
5.303816795349121,1
5.2499518394470215,1
5.202394485473633,1
5.268773078918457,1
5.181849479675293,1
5.232522010803223,1
5.3212890625,1
5.195143699645996,1
5.27734375,1
5.256300926208496,1
5.2426276206970215,1
5.188599586486816,1
5.250551700592041,1
5.288348197937012,1
5.156993865966797,1
5.257936477661133,1
5.153541564941406,1
5.251695156097412,1
5.247313976287842,1
5.2348527908325195,1
5.26418924331665,1
5.219356060028076,1
5.255794525146484,1
5.157657623291016,1
5.265777587890625,1
5.254863739013672,1
5.306579113006592,1
5.301062107086182,1
5.281304359436035,1
5.301714897155762,1
5.219058990478516,1
5.275932312011719,1
5.246952533721924,1
5.349379539489746,1
5.325470924377441,1
5.310107231140137,1
5.27013635635376,1
5.24764347076416,1
5.220934867858887,1
5.2653021812438965,1
5.12337589263916,1
5.2156782150268555,1
5.212490081787109,1
5.2087554931640625,1
5.237861633300781,1
5.231986999511719,1
5.2596940994262695,1
5.271533012390137,1
5.264883995056152,1
5.245578289031982,1
5.249913215637207,1
5.234776973724365,1
5.326756477355957,1
5.23133659362793,1
5.243247985839844,1
5.229433059692383,1
5.199948310852051,1
5.3469743728637695,1
5.223401069641113,1
5.162382125854492,1
5.176674842834473,1
5.159173488616943,1
5.246461868286133,1
5.194013595581055,1
5.289678573608398,1
5.148938179016113,1
5.2398576736450195,1
5.1576972007751465,1
5.131808757781982,1
5.292214393615723,1
5.220693111419678,1
5.325146675109863,1
5.241564750671387,1
5.2308807373046875,1
5.208318710327148,1
5.224221229553223,1
5.225053787231445,1
5.243131637573242,1
5.188009738922119,1
5.279274940490723,1
5.235081195831299,1
5.193911552429199,1
5.273934364318848,1
5.315459728240967,1
5.288596153259277,1
5.16984748840332,1
5.332802772521973,1
5.242824077606201,1
5.305421352386475,1
5.294183731079102,1
5.335029602050781,1
5.333460807800293,1
5.174424171447754,1
5.252906799316406,1
5.219769477844238,1
5.173886299133301,1
5.366617202758789,1
5.174354553222656,1
5.156067848205566,1
5.2725605964660645,1
5.216803550720215,1
5.206057548522949,1
5.365886688232422,1
5.20293664932251,1
5.137004852294922,1
5.276157379150391,1
5.199953079223633,1
5.261916160583496,1
5.31436014175415,1
5.234047889709473,1
5.328999996185303,1
5.185712814331055,1
5.301741123199463,1
5.329129219055176,1
5.410057067871094,1
5.242881774902344,1
5.254970550537109,1
5.247530937194824,1
5.161775588989258,1
5.263565540313721,1
5.200349807739258,1
5.307159423828125,1
5.259697914123535,1
5.387042045593262,1
5.230203628540039,1
5.248695373535156,1
5.295417785644531,1
5.302667617797852,1
5.126596450805664,1
5.234827041625977,1
5.251657962799072,1
5.219542503356934,1
5.3950514793396,1
5.211423873901367,1
5.256105422973633,1
5.311832427978516,1
5.203899383544922,1
5.252549171447754,1
5.127119541168213,1
5.28639554977417,1
5.2595062255859375,1
5.327475070953369,1
5.189999103546143,1
5.199982166290283,1
5.204100608825684,1
5.323126792907715,1
5.133680820465088,1
5.247773170471191,1
5.21668004989624,1
5.31180477142334,1
5.305570602416992,1
5.208850860595703,1
5.229100227355957,1
5.212599277496338,1
5.189732074737549,1
5.287631988525391,1
5.413238525390625,1
5.228950023651123,1
5.238531112670898,1
5.355677604675293,1
5.13026237487793,1
5.221570014953613,1
5.177604675292969,1
5.242023468017578,1
5.279877185821533,1
5.305905342102051,1
5.325511932373047,1
5.210736274719238,1
5.184731960296631,1
5.227293968200684,1
5.211466312408447,1
5.181746006011963,1
5.26868200302124,1
5.265470504760742,1
5.251526832580566,1
5.119339466094971,1
5.2032880783081055,1
5.244704723358154,1
5.29110860824585,1
5.237788200378418,1
5.200971603393555,1
5.270420074462891,1
5.244194030761719,1
5.3086700439453125,1
5.242833137512207,1
5.187647819519043,1
5.230705261230469,1
5.250728607177734,1
5.205697059631348,1
5.240419387817383,1
5.187553882598877,1
5.213181495666504,1
5.299112796783447,1
5.313202381134033,1
5.267351150512695,1
5.244201183319092,1
5.298989295959473,1
5.234766483306885,1
5.240983486175537,1
5.286839962005615,1
5.354846954345703,1
5.307112216949463,1
5.152961730957031,1
5.161061763763428,1
5.241946220397949,1
5.256537437438965,1
5.299589157104492,1
5.192686557769775,1
5.24038028717041,1
5.172861099243164,1
5.186064720153809,1
5.218243598937988,1
5.284472942352295,1
5.2157793045043945,1
5.078312873840332,1
5.207292556762695,1
5.264135837554932,1
5.158919334411621,1
5.221190452575684,1
5.296224594116211,1
5.142493724822998,1
5.289462089538574,1
5.162472724914551,1
5.187778472900391,1
5.188246250152588,1
5.181333065032959,1
5.158950328826904,1
5.226291656494141,1
5.331483364105225,1
5.223221302032471,1
5.3238725662231445,1
5.2044830322265625,1
5.245169639587402,1
5.180434226989746,1
5.284964084625244,1
5.288745880126953,1
5.235274791717529,1
5.207364082336426,1
5.189901351928711,1
5.1634931564331055,1
5.229844093322754,1
5.220235824584961,1
5.337287425994873,1
5.242061614990234,1
5.220870494842529,1
5.212776184082031,1
5.289568901062012,1
5.206658840179443,1
5.167973518371582,1
5.228743076324463,1
5.276035785675049,1
5.294048309326172,1
5.27987003326416,1
5.222930908203125,1
5.302778720855713,1
5.304367542266846,1
5.181311130523682,1
5.211314678192139,1
5.155045509338379,1
5.182395935058594,1
5.29456901550293,1
5.265354156494141,1
5.277894020080566,1
5.237740516662598,1
5.248518943786621,1
5.175522327423096,1
5.258362770080566,1
5.2516889572143555,1
5.1752753257751465,1
5.287959098815918,1
5.268841743469238,1
5.210515975952148,1
5.202393531799316,1
5.114437103271484,1
5.24320125579834,1
5.245703220367432,1
5.239920616149902,1
5.249964714050293,1
5.314322471618652,1
5.281678199768066,1
5.27518367767334,1
5.12045955657959,1
5.137811660766602,1
5.322805881500244,1
5.248019695281982,1
5.24462890625,1
5.35378360748291,1
5.290744781494141,1
5.216665267944336,1
5.255670547485352,1
5.265158653259277,1
5.268012046813965,1
5.234075546264648,1
5.2602033615112305,1
5.175585746765137,1
5.315517425537109,1
5.200936794281006,1
5.138674736022949,1
5.222724437713623,1
5.292374610900879,1
5.2027764320373535,1
5.2158613204956055,1
5.223924160003662,1
5.222713470458984,1
5.253067493438721,1
5.29429817199707,1
5.264395236968994,1
5.226550102233887,1
5.178024768829346,1
5.247354984283447,1
5.227898597717285,1
5.253835201263428,1
5.198605537414551,1
5.277053356170654,1
5.249264717102051,1
5.116025924682617,1
5.2002058029174805,1
5.166051387786865,1
5.183813095092773,1
5.2466511726379395,1
5.226466655731201,1
5.280155181884766,1
5.21735954284668,1
5.264135837554932,1
5.239058017730713,1
5.24571418762207,1
5.253862380981445,1
5.190953254699707,1
5.257628440856934,1
5.2135820388793945,1
5.244001388549805,1
5.24395751953125,1
5.32530403137207,1
5.290581703186035,1
5.24991512298584,1
5.205504417419434,1
5.201395034790039,1
5.190256118774414,1
5.1564764976501465,1
5.310949325561523,1
5.334821701049805,1
5.353412628173828,1
5.199893951416016,1
5.32526969909668,1
5.2271833419799805,1
5.258191108703613,1
5.279263496398926,1
5.15130615234375,1
5.184799671173096,1
5.210445880889893,1
5.269034385681152,1
5.2627081871032715,1
5.232963562011719,1
5.320387840270996,1
5.2346367835998535,1
5.245170593261719,1
5.30537223815918,1
5.327896595001221,1
5.266839027404785,1
5.183266639709473,1
5.240973949432373,1
5.235639572143555,1
5.259414196014404,1
5.27746057510376,1
5.273806571960449,1
5.205452919006348,1
5.223632335662842,1
5.314054489135742,1
5.314659118652344,1
5.269515037536621,1
5.241188049316406,1
5.284781455993652,1
5.243681907653809,1
5.320708751678467,1
5.240104675292969,1
5.1785688400268555,1
5.222153663635254,1
5.2073588371276855,1
5.190918922424316,1
5.252757549285889,1
5.2369160652160645,1
5.324723720550537,1
5.2073845863342285,1
5.268490791320801,1
5.291409492492676,1
5.2305803298950195,1
5.252155780792236,1
5.1724371910095215,1
5.247523784637451,1
5.164866924285889,1
5.22342586517334,1
5.129279136657715,1
5.212554931640625,1
5.275043487548828,1
5.255457878112793,1
5.246773719787598,1
5.309474945068359,1
5.160959243774414,1
5.2893571853637695,1
5.381042957305908,1
5.342560768127441,1
5.314327716827393,1
5.300515651702881,1
5.3071722984313965,1
5.171030044555664,1
5.247296333312988,1
5.337970733642578,1
5.214672088623047,1
5.209687232971191,1
5.284490585327148,1
5.321399688720703,1
5.287519931793213,1
5.286108016967773,1
5.303554534912109,1
5.241218090057373,1
5.17451286315918,1
5.266055107116699,1
5.2130584716796875,1
5.312223434448242,1
5.396827697753906,1
5.266478538513184,1
5.30397367477417,1
5.167079925537109,1
5.271485328674316,1
5.1812028884887695,1
5.209905624389648,1
5.2357988357543945,1
5.245952606201172,1
5.190425872802734,1
5.2216410636901855,1
5.14697265625,1
5.254415035247803,1
5.208987236022949,1
5.19472599029541,1
5.247992038726807,1
5.151165008544922,1
5.189849853515625,1
5.277827739715576,1
5.329283714294434,1
5.250735282897949,1
5.342130661010742,1
5.312060832977295,1
5.3555908203125,1
5.22398567199707,1
5.2145233154296875,1
5.244027614593506,1
5.2436203956604,1
5.182631969451904,1
5.292496681213379,1
5.330353736877441,1
5.2334442138671875,1
5.311803340911865,1
5.325212001800537,1
5.298798084259033,1
5.289375305175781,1
5.21284294128418,1
5.18026065826416,1
5.243051052093506,1
5.19354772567749,1
5.218666076660156,1
5.2945051193237305,1
5.241394996643066,1
5.138303756713867,1
5.153761863708496,1
5.190235614776611,1
5.177165985107422,1
5.273003578186035,1
5.3033294677734375,1
5.249905586242676,1
5.365156173706055,1
5.245760440826416,1
5.179725646972656,1
5.158599376678467,1
5.1889424324035645,1
5.270934581756592,1
5.300315856933594,1
5.229397773742676,1
5.317678928375244,1
5.210959434509277,1
5.1834716796875,1
5.177980422973633,1
5.2085137367248535,1
5.25087833404541,1
5.294842720031738,1
5.231044769287109,1
5.1481757164001465,1
5.191864490509033,1
5.219002723693848,1
5.191564559936523,1
5.210685729980469,1
5.316859245300293,1
5.207309722900391,1
5.2028398513793945,1
5.184788703918457,1
5.166579723358154,1
5.273164749145508,1
5.322925567626953,1
5.284702777862549,1
5.169689655303955,1
5.2719926834106445,1
5.236163139343262,1
5.296786308288574,1
5.280458450317383,1
5.081416130065918,1
5.196599960327148,1
5.091701507568359,1
5.204212188720703,1
5.191220283508301,1
5.251652717590332,1
5.231602668762207,1
5.218434810638428,1
5.124619483947754,1
5.254010200500488,1
5.18973445892334,1
5.2584381103515625,1
5.292517185211182,1
5.182484149932861,1
5.325225830078125,1
5.215344429016113,1
5.170225143432617,1
5.317009925842285,1
5.174464225769043,1
5.247557640075684,1
5.252589225769043,1
5.25452995300293,1
5.282419681549072,1
5.259686470031738,1
5.217358589172363,1
5.291658401489258,1
5.237425327301025,1
5.290140628814697,1
5.2294511795043945,1
5.214973449707031,1
5.199362277984619,1
5.248098373413086,1
5.230894565582275,1
5.289641857147217,1
5.281988143920898,1
5.180924892425537,1
5.193816184997559,1
5.191284656524658,1
5.3143768310546875,1
5.293089389801025,1
5.316766738891602,1
5.302675247192383,1
5.211554527282715,1
5.3175787925720215,1
5.321115970611572,1
5.162291526794434,1
5.243666648864746,1
5.247381210327148,1
5.267363548278809,1
5.194389343261719,1
5.234683513641357,1
5.221232891082764,1
5.347193717956543,1
5.251093864440918,1
5.279615879058838,1
5.133828163146973,1
5.203444957733154,1
5.250209808349609,1
5.1722612380981445,1
5.2436981201171875,1
5.238079071044922,1
5.354672908782959,1
5.2459492683410645,1
5.244636058807373,1
5.32326078414917,1
5.401549339294434,1
5.21512508392334,1
5.279914855957031,1
5.2691330909729,1
5.195681571960449,1
5.211765289306641,1
5.154486179351807,1
5.26828670501709,1
5.272293567657471,1
5.284318923950195,1
5.247445583343506,1
5.166386604309082,1
5.307741165161133,1
5.207331657409668,1
5.22231388092041,1
5.149028301239014,1
5.160534381866455,1
5.232317924499512,1
5.257937431335449,1
5.192648887634277,1
5.278105735778809,1
5.288632392883301,1
5.238140106201172,1
5.17766809463501,1
5.281065940856934,1
5.156309604644775,1
5.236449718475342,1
5.312191009521484,1
5.192197799682617,1
5.263484954833984,1
5.306775093078613,1
5.164065361022949,1
5.158773899078369,1
5.269868850708008,1
5.326708793640137,1
5.307031631469727,1
5.154195785522461,1
5.1724772453308105,1
5.278216361999512,1
5.196791648864746,1
5.289618492126465,1
5.196258544921875,1
5.262409210205078,1
5.2099809646606445,1
5.20806884765625,1
5.275951385498047,1
5.232892036437988,1
5.243076324462891,1
5.301864147186279,1
5.295129776000977,1
5.274171829223633,1
5.2720627784729,1
5.199241638183594,1
5.23930549621582,1
5.333426475524902,1
5.168402671813965,1
5.267295837402344,1
5.202729225158691,1
5.240429878234863,1
5.216545581817627,1
5.269244194030762,1
5.209194183349609,1
5.2751994132995605,1
5.248425483703613,1
5.30860710144043,1
5.404553413391113,1
5.2061357498168945,1
5.25335693359375,1
5.168573379516602,1
5.2526092529296875,1
5.25405216217041,1
5.1932902336120605,1
5.306424140930176,1
5.32180118560791,1
5.21330451965332,1
5.30178689956665,1
5.205077648162842,1
5.3153839111328125,1
5.27581787109375,1
5.1824631690979,1
5.171140670776367,1
5.170786380767822,1
5.3283867835998535,1
5.315495491027832,1
5.2564568519592285,1
5.185664176940918,1
5.187812805175781,1
5.2015862464904785,1
5.269045829772949,1
5.188418388366699,1
5.3218674659729,1
5.204289436340332,1
5.1466755867004395,1
5.202376365661621,1
5.265495300292969,1
5.258035659790039,1
5.233031272888184,1
5.233553886413574,1
5.240103721618652,1
5.200461387634277,1
5.203092575073242,1
5.23831844329834,1
5.333980083465576,1
5.4092230796813965,1
5.241395950317383,1
5.304268836975098,1
5.239661693572998,1
5.3088059425354,1
5.15625,1
5.224759101867676,1
5.329499244689941,1
5.206101417541504,1
5.152308464050293,1
5.218016147613525,1
5.304516792297363,1
5.172623634338379,1
5.183060646057129,1
5.192505359649658,1
5.2520928382873535,1
5.2569475173950195,1
5.256949424743652,1
5.301677703857422,1
5.210821151733398,1
5.285610198974609,1
5.273221969604492,1
5.269961357116699,1
5.309561729431152,1
5.323802947998047,1
5.210768699645996,1
5.259049415588379,1
5.252650260925293,1
5.302473068237305,1
5.190749168395996,1
5.191230773925781,1
5.207252502441406,1
5.294502258300781,1
5.2886857986450195,1
5.0793609619140625,1
5.167667388916016,1
5.237555980682373,1
5.238202095031738,1
5.268119812011719,1
5.225608825683594,1
5.241440296173096,1
5.27948522567749,1
5.314669609069824,1
5.224793910980225,1
5.21877384185791,1
5.276894569396973,1
5.233715057373047,1
5.1531782150268555,1
5.211899757385254,1
5.156128883361816,1
5.256168842315674,1
5.269260406494141,1
5.187704086303711,1
5.244365692138672,1
5.331267356872559,1
5.186258316040039,1
5.282157897949219,1
5.268364906311035,1
5.199555397033691,1
5.193813323974609,1
5.266048908233643,1
5.267118453979492,1
5.356931686401367,1
5.248747825622559,1
5.245853900909424,1
5.248931407928467,1
5.275222301483154,1
5.237890720367432,1
5.2326860427856445,1
5.243180274963379,1
5.267248153686523,1
5.1840009689331055,1
5.2493743896484375,1
5.356021881103516,1
5.25661563873291,1
5.315346717834473,1
5.230325698852539,1
5.361490249633789,1
5.229288578033447,1
5.340311050415039,1
5.229506015777588,1
5.273763179779053,1
5.263803958892822,1
5.166838645935059,1
5.221096038818359,1
5.197742462158203,1
5.217010498046875,1
5.315881729125977,1
5.216250419616699,1
5.202364921569824,1
5.278787612915039,1
5.19703483581543,1
5.398521423339844,1
5.223176956176758,1
5.216985702514648,1
5.251702785491943,1
5.244598388671875,1
5.242850303649902,1
5.305246829986572,1
5.309208869934082,1
5.221308708190918,1
5.241972923278809,1
5.146554470062256,1
5.155769348144531,1
5.297726631164551,1
5.135509490966797,1
5.195818901062012,1
5.249293804168701,1
5.214644432067871,1
5.259232521057129,1
5.32645320892334,1
5.189770698547363,1
5.137303352355957,1
5.252198219299316,1
5.21282958984375,1
5.2348175048828125,1
5.20908260345459,1
5.221772193908691,1
5.1770100593566895,1
5.229345321655273,1
5.201949596405029,1
5.204633712768555,1
5.252237796783447,1
5.233185768127441,1
5.248032093048096,1
5.3107805252075195,1
5.217206001281738,1
5.125412464141846,1
5.243892669677734,1
5.200760364532471,1
5.194782257080078,1
5.110340118408203,1
5.21400260925293,1
5.214048385620117,1
5.216526031494141,1
5.212952613830566,1
5.273899078369141,1
5.160305500030518,1
5.1485114097595215,1
5.225897312164307,1
5.197016716003418,1
5.203660488128662,1
5.200864791870117,1
5.262228965759277,1
5.202643871307373,1
5.173061847686768,1
5.185382843017578,1
5.266258716583252,1
5.263274669647217,1
5.225041389465332,1
5.319072723388672,1
5.307808876037598,1
5.331503391265869,1
5.246783256530762,1
5.170366287231445,1
5.281127452850342,1
5.281677722930908,1
5.292539119720459,1
5.339730739593506,1
5.294870376586914,1
5.197972297668457,1
5.23716402053833,1
5.229691982269287,1
5.21050500869751,1
5.1968231201171875,1
5.315657615661621,1
5.185979843139648,1
5.195036888122559,1
5.197265625,1
5.30885124206543,1
5.28017520904541,1
5.188119411468506,1
5.361689567565918,1
5.224525451660156,1
5.293972492218018,1
5.306180000305176,1
5.139943599700928,1
5.24567985534668,1
5.2113823890686035,1
5.186934471130371,1
5.279662609100342,1
5.257397651672363,1
5.183060646057129,1
5.305611610412598,1
5.269951343536377,1
5.1843085289001465,1
5.281454086303711,1
5.260773658752441,1
5.354392051696777,1
5.302982807159424,1
5.211690425872803,1
5.255681037902832,1
5.169076919555664,1
5.296195983886719,1
5.185847282409668,1
5.27318811416626,1
5.191830635070801,1
5.206042289733887,1
5.282222270965576,1
5.3608856201171875,1
5.272650241851807,1
5.142224311828613,1
5.217064380645752,1
5.212591171264648,1
5.231855392456055,1
5.288114547729492,1
5.293905258178711,1
5.25648832321167,1
5.2945404052734375,1
5.24135160446167,1
5.225112438201904,1
5.2977986335754395,1
5.277026176452637,1
5.248543739318848,1
5.279632568359375,1
5.244637966156006,1
5.203294277191162,1
5.27534294128418,1
5.291980743408203,1
5.272242546081543,1
5.1119465827941895,1
5.413429260253906,1
