3.2310984134674072,1
4.267430782318115,1
3.5261545181274414,1
4.034918785095215,1
3.649259090423584,1
3.1778764724731445,1
3.10117769241333,1
3.363767623901367,1
3.681523084640503,1
3.2643332481384277,1
3.3157882690429688,1
3.3853397369384766,1
3.3833022117614746,1
3.4195809364318848,1
3.6345834732055664,1
3.914714813232422,1
3.3251562118530273,1
3.443202018737793,1
3.362166166305542,1
3.406642436981201,1
3.305694580078125,1
3.147576332092285,1
3.873081684112549,1
3.3034706115722656,1
3.0641965866088867,1
3.812790632247925,1
3.1445274353027344,1
3.206855058670044,1
3.43147611618042,1
2.7458996772766113,1
3.044390916824341,1
2.912247657775879,1
3.3887391090393066,1
3.9125635623931885,1
3.4226536750793457,1
3.7276716232299805,1
3.9158339500427246,1
3.615128755569458,1
3.3517327308654785,1
3.707561731338501,1
3.370608329772949,1
3.307778835296631,1
3.688756227493286,1
3.743739604949951,1
3.2270681858062744,1
3.43204927444458,1
3.6545286178588867,1
3.6402807235717773,1
3.407782554626465,1
3.3037171363830566,1
3.454857349395752,1
3.2242119312286377,1
2.8378262519836426,1
3.9560651779174805,1
3.4307732582092285,1
3.233776330947876,1
3.4660844802856445,1
4.060590744018555,1
3.571655511856079,1
3.2369332313537598,1
3.430027484893799,1
3.2579736709594727,1
3.9678268432617188,1
3.6272876262664795,1
3.0602457523345947,1
3.3579046726226807,1
3.174899101257324,1
3.83022403717041,1
3.6042370796203613,1
4.0227484703063965,1
3.3506698608398438,1
2.977651357650757,1
3.5747225284576416,1
3.489288330078125,1
3.3052425384521484,1
3.382594347000122,1
3.1224992275238037,1
3.616046190261841,1
4.393658638000488,1
3.011408567428589,1
3.8731160163879395,1
3.1846070289611816,1
3.453470230102539,1
3.4432969093322754,1
3.688671588897705,1
3.2284610271453857,1
3.6029937267303467,1
4.143014907836914,1
3.9666152000427246,1
3.540942668914795,1
4.077503204345703,1
3.230179786682129,1
3.204798460006714,1
3.1881966590881348,1
3.0642385482788086,1
3.6978302001953125,1
3.1152749061584473,1
3.369351625442505,1
3.5401735305786133,1
3.767488479614258,1
3.622244358062744,1
3.3978824615478516,1
4.2259016036987305,1
3.6238441467285156,1
4.02485466003418,1
3.37343168258667,1
3.856163263320923,1
3.3116049766540527,1
3.2418293952941895,1
2.804771900177002,1
3.4501023292541504,1
3.1871159076690674,1
3.418203592300415,1
3.4316017627716064,1
3.7829244136810303,1
3.511579990386963,1
3.138427734375,1
2.956517457962036,1
3.2373995780944824,1
3.2136826515197754,1
3.547821044921875,1
3.7026937007904053,1
3.144721031188965,1
3.410261869430542,1
3.4044899940490723,1
3.564751625061035,1
3.3974671363830566,1
3.224973201751709,1
3.907478094100952,1
3.450976610183716,1
3.1204919815063477,1
3.904003858566284,1
3.8402140140533447,1
3.23750901222229,1
3.608415126800537,1
3.5198988914489746,1
3.7988195419311523,1
3.9768216609954834,1
4.000284194946289,1
3.7204809188842773,1
3.639411211013794,1
3.985612392425537,1
3.443610906600952,1
3.3867430686950684,1
3.7032084465026855,1
4.803811073303223,1
3.820744037628174,1
3.3400444984436035,1
3.6268718242645264,1
4.191994667053223,1
3.742562770843506,1
3.8447821140289307,1
3.705955982208252,1
3.291031837463379,1
4.879796028137207,1
4.0223798751831055,1
3.1071925163269043,1
3.766847848892212,1
3.7959508895874023,1
3.9125914573669434,1
3.5477592945098877,1
3.3764443397521973,1
3.4710960388183594,1
3.3194706439971924,1
3.7874526977539063,1
3.0629076957702637,1
3.276711940765381,1
3.6966638565063477,1
3.026975631713867,1
3.5846481323242188,1
4.047236919403076,1
3.9640183448791504,1
3.444725513458252,1
3.46140193939209,1
3.835728168487549,1
3.309753894805908,1
3.0119917392730713,1
3.7091305255889893,1
3.7923333644866943,1
3.7872204780578613,1
3.213815212249756,1
3.3834824562072754,1
3.314115047454834,1
3.596330165863037,1
3.23673152923584,1
3.477971076965332,1
3.279756546020508,1
3.372068166732788,1
3.467556953430176,1
3.631742238998413,1
4.076118469238281,1
3.3245816230773926,1
3.632011890411377,1
4.110728740692139,1
2.9736928939819336,1
3.129638671875,1
3.6405773162841797,1
3.4522180557250977,1
3.739954948425293,1
3.558607339859009,1
3.2181715965270996,1
3.51951265335083,1
3.2927205562591553,1
4.0024027824401855,1
3.541036605834961,1
3.5829849243164063,1
3.9182286262512207,1
4.080083847045898,1
3.596005439758301,1
3.5536413192749023,1
3.5593185424804688,1
3.2023377418518066,1
3.4171395301818848,1
3.832674980163574,1
3.067929267883301,1
4.348025798797607,1
3.5814199447631836,1
3.4253034591674805,1
3.734434127807617,1
3.5622658729553223,1
3.406973361968994,1
3.2568368911743164,1
3.4437615871429443,1
3.5542688369750977,1
3.047234535217285,1
3.3895912170410156,1
3.1934638023376465,1
3.685059070587158,1
3.328442096710205,1
3.156007766723633,1
3.3695645332336426,1
3.3618338108062744,1
3.6952831745147705,1
3.279304027557373,1
3.683638572692871,1
3.4984421730041504,1
2.9620940685272217,1
3.3582863807678223,1
3.950812339782715,1
4.066365718841553,1
3.3907551765441895,1
3.177204132080078,1
3.5408787727355957,1
3.269923686981201,1
3.449587821960449,1
3.8432047367095947,1
3.3744919300079346,1
3.4957776069641113,1
3.144282102584839,1
3.7506978511810303,1
3.307539463043213,1
3.231724262237549,1
3.052631378173828,1
3.376194953918457,1
3.4541501998901367,1
3.3785696029663086,1
2.985663414001465,1
3.3948464393615723,1
3.183919906616211,1
3.5817816257476807,1
3.318366050720215,1
3.072551727294922,1
3.087411403656006,1
3.0754027366638184,1
3.507864475250244,1
4.016865253448486,1
3.6559464931488037,1
3.4231371879577637,1
3.2499732971191406,1
3.4034361839294434,1
3.0988054275512695,1
2.984463691711426,1
3.1740760803222656,1
3.6794474124908447,1
4.157167434692383,1
3.4783267974853516,1
4.28523588180542,1
3.5426242351531982,1
3.624363422393799,1
4.023857116699219,1
3.7596540451049805,1
3.432609796524048,1
3.3434624671936035,1
4.074878215789795,1
3.2951154708862305,1
3.4105262756347656,1
3.1333045959472656,1
3.380472183227539,1
3.120856761932373,1
4.263154029846191,1
3.5259640216827393,1
4.078276634216309,1
3.669201612472534,1
3.3283090591430664,1
3.7481696605682373,1
3.8691954612731934,1
4.1551995277404785,1
3.7441627979278564,1
2.7365481853485107,1
3.707399606704712,1
4.375598907470703,1
3.386936664581299,1
3.7130584716796875,1
4.113539695739746,1
3.7820515632629395,1
3.406801700592041,1
4.3233160972595215,1
3.804683208465576,1
3.6269378662109375,1
3.287630081176758,1
3.6630139350891113,1
4.01029109954834,1
3.742304801940918,1
3.721477508544922,1
3.717653751373291,1
3.1745221614837646,1
3.758655071258545,1
3.8397397994995117,1
3.478320598602295,1
3.333834171295166,1
2.515510082244873,1
3.8704378604888916,1
3.6780829429626465,1
3.631910562515259,1
3.2342326641082764,1
3.813559055328369,1
3.002021551132202,1
3.3649239540100098,1
3.1915369033813477,1
3.064495086669922,1
3.2714293003082275,1
3.1346490383148193,1
3.1645002365112305,1
3.533761739730835,1
3.5483663082122803,1
3.5063958168029785,1
3.746988534927368,1
3.1642701625823975,1
3.7776825428009033,1
3.624681234359741,1
3.6765241622924805,1
3.2754125595092773,1
3.4078495502471924,1
3.4217488765716553,1
4.0042924880981445,1
3.61228609085083,1
3.705885887145996,1
3.198387622833252,1
3.427867889404297,1
3.431468963623047,1
3.625767230987549,1
3.28661847114563,1
3.5078113079071045,1
3.1353602409362793,1
3.6642792224884033,1
4.226792335510254,1
3.405250072479248,1
3.161860942840576,1
3.276404857635498,1
2.8308639526367188,1
3.551501750946045,1
3.2758045196533203,1
3.908365249633789,1
3.709458827972412,1
3.84360408782959,1
4.019537448883057,1
3.5805506706237793,1
3.676177740097046,1
3.4508414268493652,1
3.5631864070892334,1
3.364506483078003,1
4.139455795288086,1
3.076165199279785,1
3.893049716949463,1
3.13407564163208,1
3.255892753601074,1
3.964439868927002,1
3.8781423568725586,1
3.3781912326812744,1
2.9321494102478027,1
3.5583596229553223,1
3.4056689739227295,1
3.387784957885742,1
3.8540444374084473,1
3.4338645935058594,1
3.4363770484924316,1
3.631784439086914,1
3.4752750396728516,1
3.8220438957214355,1
3.79331111907959,1
3.5895133018493652,1
4.097534656524658,1
3.400468111038208,1
3.095555067062378,1
3.485633134841919,1
3.528313159942627,1
3.883716106414795,1
3.728424310684204,1
3.470374584197998,1
3.215177536010742,1
3.7717669010162354,1
3.5805938243865967,1
3.7459754943847656,1
3.4713358879089355,1
3.8933675289154053,1
3.436479091644287,1
3.286353349685669,1
3.278510093688965,1
3.311187267303467,1
3.7062559127807617,1
3.5081076622009277,1
3.332958698272705,1
3.4134674072265625,1
3.5359344482421875,1
3.615837574005127,1
3.792818069458008,1
3.3057918548583984,1
3.4976208209991455,1
4.131961822509766,1
3.6544313430786133,1
3.100581169128418,1
3.6194543838500977,1
3.6390295028686523,1
3.7075023651123047,1
3.5468497276306152,1
3.3022685050964355,1
3.611311912536621,1
3.5183377265930176,1
3.4426727294921875,1
3.355475425720215,1
3.373781204223633,1
3.293562412261963,1
3.969313621520996,1
3.8116254806518555,1
3.319392681121826,1
4.1122355461120605,1
3.6684045791625977,1
3.6492669582366943,1
3.498044013977051,1
3.613823652267456,1
3.6871023178100586,1
3.673952579498291,1
3.495591163635254,1
3.468709945678711,1
4.368401050567627,1
3.280569076538086,1
2.81711483001709,1
3.6165053844451904,1
3.4609203338623047,1
3.789693593978882,1
3.5179452896118164,1
3.4372153282165527,1
3.5897443294525146,1
3.1249513626098633,1
3.479008913040161,1
3.6083436012268066,1
3.5907249450683594,1
3.6779282093048096,1
3.557854413986206,1
3.820058822631836,1
3.4019646644592285,1
3.374826431274414,1
3.402458429336548,1
3.9257869720458984,1
3.3285999298095703,1
3.1322999000549316,1
3.459355592727661,1
3.7800676822662354,1
3.7306642532348633,1
3.487687349319458,1
3.828531265258789,1
3.6004691123962402,1
3.2133893966674805,1
3.7102956771850586,1
3.8676681518554688,1
3.608567714691162,1
3.1454362869262695,1
3.385251045227051,1
3.7975997924804688,1
3.6515378952026367,1
3.201720952987671,1
3.3070292472839355,1
4.120319366455078,1
3.3071861267089844,1
3.403367757797241,1
4.147488594055176,1
3.768425464630127,1
3.7631068229675293,1
3.677069664001465,1
3.3310041427612305,1
3.4572954177856445,1
3.3487231731414795,1
3.2743916511535645,1
3.3553409576416016,1
3.2656960487365723,1
3.4636592864990234,1
3.081218719482422,1
3.439641237258911,1
3.2618942260742188,1
3.578829288482666,1
3.348021984100342,1
2.9607174396514893,1
3.3355751037597656,1
3.631283760070801,1
3.4241831302642822,1
3.675975799560547,1
3.603290557861328,1
3.4014294147491455,1
3.6542410850524902,1
3.227703332901001,1
3.643796443939209,1
3.845702648162842,1
3.800713300704956,1
3.5647666454315186,1
3.135777235031128,1
3.9413747787475586,1
3.2927041053771973,1
3.642545700073242,1
3.4083709716796875,1
3.4227218627929688,1
3.025038242340088,1
3.250347137451172,1
2.8927481174468994,1
3.846996307373047,1
3.663949489593506,1
3.5073108673095703,1
3.4829587936401367,1
3.6016881465911865,1
3.3363986015319824,1
3.456234931945801,1
3.543112277984619,1
3.3487095832824707,1
3.183776617050171,1
3.122065544128418,1
3.3724589347839355,1
4.250815391540527,1
4.132942199707031,1
4.07994270324707,1
4.45913028717041,1
3.4994373321533203,1
3.091254234313965,1
3.188876152038574,1
3.1540088653564453,1
3.22694730758667,1
4.308636665344238,1
4.045321464538574,1
3.101492166519165,1
3.6045804023742676,1
3.6299996376037598,1
3.3531250953674316,1
3.446056842803955,1
3.429389476776123,1
3.636855363845825,1
4.196171760559082,1
3.4958748817443848,1
3.71819806098938,1
3.367861270904541,1
3.4833250045776367,1
3.334555149078369,1
3.7090744972229004,1
3.8990426063537598,1
3.5006263256073,1
3.8336591720581055,1
3.3107502460479736,1
3.600963592529297,1
3.5809569358825684,1
3.4118547439575195,1
3.9019932746887207,1
3.7006783485412598,1
3.431838035583496,1
3.806900978088379,1
3.40457820892334,1
3.1962382793426514,1
3.0678396224975586,1
3.8658995628356934,1
3.071937084197998,1
3.7217817306518555,1
3.2003262042999268,1
3.6109957695007324,1
3.105106830596924,1
3.7052388191223145,1
3.6140217781066895,1
3.9758758544921875,1
3.3377633094787598,1
3.769655704498291,1
4.294303894042969,1
3.953537940979004,1
3.292365550994873,1
3.596714496612549,1
3.7525429725646973,1
3.5336923599243164,1
4.051846504211426,1
3.253403902053833,1
3.322321891784668,1
3.720139503479004,1
3.49544620513916,1
3.618659019470215,1
3.6865787506103516,1
3.2551028728485107,1
3.376995086669922,1
4.32739782333374,1
3.4340853691101074,1
3.676879405975342,1
3.534578561782837,1
3.2919018268585205,1
2.8936097621917725,1
3.210096836090088,1
3.1583735942840576,1
3.6120872497558594,1
3.8610706329345703,1
3.173506259918213,1
3.402743101119995,1
3.5711565017700195,1
3.5698978900909424,1
3.6191763877868652,1
3.5201969146728516,1
3.52081036567688,1
3.094271183013916,1
3.963042736053467,1
3.5346484184265137,1
3.603764057159424,1
3.5021920204162598,1
3.103072166442871,1
3.594350576400757,1
3.0264296531677246,1
3.6471495628356934,1
3.6838579177856445,1
3.3641357421875,1
4.025381088256836,1
3.91990065574646,1
3.3032379150390625,1
3.547720432281494,1
3.898228645324707,1
3.213348865509033,1
3.657055616378784,1
3.8212032318115234,1
3.2417995929718018,1
3.839588165283203,1
3.8088386058807373,1
3.160645008087158,1
3.7512426376342773,1
4.047924995422363,1
2.9157423973083496,1
3.20293927192688,1
3.3001248836517334,1
4.08015251159668,1
3.0012941360473633,1
3.3954358100891113,1
3.480043411254883,1
3.7238340377807617,1
3.5705819129943848,1
3.797995090484619,1
3.706218719482422,1
3.4336767196655273,1
3.606379985809326,1
3.165494918823242,1
3.0483641624450684,1
3.7391357421875,1
3.0338473320007324,1
3.6115803718566895,1
3.382289409637451,1
3.6639811992645264,1
4.168382167816162,1
3.402010917663574,1
3.3586959838867188,1
3.872601270675659,1
3.652367115020752,1
3.455948829650879,1
3.9023704528808594,1
3.701352596282959,1
3.345353603363037,1
3.5742392539978027,1
3.8509159088134766,1
4.079963684082031,1
3.3662312030792236,1
3.8770742416381836,1
3.5310733318328857,1
3.4927916526794434,1
3.356912612915039,1
3.7651736736297607,1
4.404078483581543,1
3.61676287651062,1
3.502476692199707,1
3.3689730167388916,1
3.139228343963623,1
3.3010849952697754,1
3.483687400817871,1
3.6159536838531494,1
3.4056949615478516,1
3.2634451389312744,1
2.6655850410461426,1
3.8506689071655273,1
3.2861061096191406,1
3.1382460594177246,1
3.511765241622925,1
3.6888508796691895,1
3.4188997745513916,1
3.160557746887207,1
3.251516103744507,1
3.5996673107147217,1
3.539796829223633,1
3.6421985626220703,1
3.074648857116699,1
3.518310308456421,1
3.838721752166748,1
3.264556884765625,1
3.959700345993042,1
3.3523707389831543,1
3.3375332355499268,1
3.202380895614624,1
3.286973476409912,1
2.91310453414917,1
3.374239921569824,1
3.7332146167755127,1
3.13669490814209,1
3.513795852661133,1
3.116391181945801,1
3.5298972129821777,1
3.8000974655151367,1
3.0228097438812256,1
3.569283962249756,1
3.3591556549072266,1
4.566744804382324,1
3.749833345413208,1
2.9167046546936035,1
3.0486316680908203,1
3.273932456970215,1
3.126413106918335,1
3.062504291534424,1
3.450446605682373,1
3.6044349670410156,1
3.6768321990966797,1
3.7851123809814453,1
3.3237192630767822,1
3.2025508880615234,1
3.4364075660705566,1
2.9276022911071777,1
2.971273183822632,1
3.4747722148895264,1
3.1855905055999756,1
4.055891036987305,1
3.2201576232910156,1
3.5911107063293457,1
3.6838393211364746,1
3.078256368637085,1
3.4768877029418945,1
2.8351786136627197,1
3.230069875717163,1
3.1864240169525146,1
4.138514518737793,1
3.7007393836975098,1
3.379387378692627,1
3.98482084274292,1
3.1308560371398926,1
4.0587158203125,1
4.050205707550049,1
3.238966941833496,1
3.4832382202148438,1
3.385890007019043,1
3.2092599868774414,1
3.4728951454162598,1
3.9821691513061523,1
3.571139335632324,1
3.080402374267578,1
3.7985496520996094,1
3.625432014465332,1
3.4022340774536133,1
3.3954548835754395,1
3.337871551513672,1
3.455416679382324,1
3.3052515983581543,1
3.2008347511291504,1
3.1100358963012695,1
3.4127602577209473,1
3.7290537357330322,1
3.424074172973633,1
3.9927849769592285,1
3.252959728240967,1
3.3638758659362793,1
3.7492287158966064,1
3.3394832611083984,1
3.562966823577881,1
3.8682572841644287,1
3.3502602577209473,1
3.4780211448669434,1
3.5083365440368652,1
3.5497169494628906,1
3.0228755474090576,1
4.223137855529785,1
3.848524570465088,1
3.745661497116089,1
3.4672677516937256,1
3.3282594680786133,1
3.288907051086426,1
3.418379306793213,1
3.373584747314453,1
3.9667022228240967,1
3.3878414630889893,1
3.268733501434326,1
4.101859092712402,1
3.3221328258514404,1
3.130242347717285,1
3.91550874710083,1
3.844513177871704,1
3.518125534057617,1
3.3260750770568848,1
3.637439727783203,1
3.9136528968811035,1
3.305398941040039,1
3.213738441467285,1
3.7828094959259033,1
3.836325168609619,1
3.4895834922790527,1
3.7532870769500732,1
3.372971534729004,1
3.7969958782196045,1
3.282886028289795,1
3.2270121574401855,1
3.572364568710327,1
3.2881317138671875,1
3.21250581741333,1
3.8854188919067383,1
2.630587577819824,1
4.00173282623291,1
4.3084235191345215,1
3.5668885707855225,1
3.5915489196777344,1
3.9454352855682373,1
3.370701789855957,1
3.7267751693725586,1
4.842188358306885,1
3.331517219543457,1
3.469301223754883,1
4.153466701507568,1
3.98982310295105,1
3.22902250289917,1
3.2547099590301514,1
3.517451763153076,1
3.4143638610839844,1
3.4895379543304443,1
3.446722984313965,1
3.230025291442871,1
3.7210216522216797,1
3.1931309700012207,1
3.7974190711975098,1
3.531085729598999,1
3.6748645305633545,1
3.719027519226074,1
3.8448827266693115,1
3.3977060317993164,1
3.9108126163482666,1
3.4972586631774902,1
3.7541146278381348,1
3.4630532264709473,1
3.693495273590088,1
3.9009103775024414,1
3.5470685958862305,1
2.914951801300049,1
2.8923799991607666,1
3.512373685836792,1
3.617267370223999,1
3.5557994842529297,1
3.4333672523498535,1
3.234360694885254,1
3.5338664054870605,1
3.688000440597534,1
3.80745267868042,1
3.9827072620391846,1
3.245363473892212,1
3.0905678272247314,1
3.6466894149780273,1
3.671870470046997,1
3.1921885013580322,1
3.7992613315582275,1
3.5799214839935303,1
3.9288177490234375,1
3.531877040863037,1
3.4923887252807617,1
3.632044792175293,1
3.2865242958068848,1
3.962254047393799,1
3.5220985412597656,1
3.5121731758117676,1
3.2148869037628174,1
3.4263365268707275,1
3.1273012161254883,1
3.1449904441833496,1
3.667431354522705,1
3.477024555206299,1
3.7076330184936523,1
4.08119010925293,1
3.410861015319824,1
2.8675148487091064,1
3.2346677780151367,1
4.092702388763428,1
3.5115914344787598,1
4.114874839782715,1
4.373957633972168,1
3.500328540802002,1
4.144975662231445,1
4.552170276641846,1
3.7274208068847656,1
3.4094605445861816,1
3.999138832092285,1
3.808140754699707,1
3.299833297729492,1
3.10953426361084,1
4.0401811599731445,1
3.619330406188965,1
3.6421244144439697,1
3.2583250999450684,1
3.2681827545166016,1
3.825181484222412,1
4.088861465454102,1
3.3461039066314697,1
3.6335582733154297,1
3.4675533771514893,1
3.182222843170166,1
3.2305102348327637,1
3.726264238357544,1
3.5709269046783447,1
3.5553789138793945,1
2.9690394401550293,1
3.745725631713867,1
3.9895482063293457,1
3.925138473510742,1
3.511603355407715,1
3.949338674545288,1
3.5107710361480713,1
3.5163192749023438,1
3.3957395553588867,1
3.6156997680664063,1
4.219242095947266,1
3.0040500164031982,1
3.010871410369873,1
3.5098061561584473,1
3.7764716148376465,1
3.4071249961853027,1
3.711495876312256,1
3.51945161819458,1
3.8819427490234375,1
3.4394631385803223,1
3.6097278594970703,1
3.196983814239502,1
3.860276699066162,1
3.7745249271392822,1
3.1412160396575928,1
3.553783893585205,1
4.2867326736450195,1
3.443577289581299,1
3.369734764099121,1
3.639401435852051,1
4.042337417602539,1
3.8743062019348145,1
3.4320616722106934,1
3.1961135864257813,1
3.5153379440307617,1
3.130624771118164,1
4.330767631530762,1
3.43118953704834,1
3.627017021179199,1
3.709954261779785,1
3.7378337383270264,1
2.9463460445404053,1
3.3063912391662598,1
3.873077869415283,1
3.4552927017211914,1
3.5033159255981445,1
3.216352701187134,1
3.283959150314331,1
3.5600860118865967,1
4.778592109680176,1
3.705252170562744,1
3.4087564945220947,1
3.3816845417022705,1
3.3231654167175293,1
3.393731117248535,1
3.6279773712158203,1
2.529757499694824,1
3.228461980819702,1
3.4314522743225098,1
4.200898170471191,1
3.4303910732269287,1
3.391993284225464,1
3.5755014419555664,1
3.496896505355835,1
3.2541158199310303,1
3.7211551666259766,1
3.069453716278076,1
3.668135166168213,1
3.936959743499756,1
3.8354129791259766,1
3.494277000427246,1
3.653024673461914,1
3.0950112342834473,1
3.1823086738586426,1
3.6337289810180664,1
3.0899782180786133,1
3.672964096069336,1
3.544039011001587,1
3.553684949874878,1
3.4513487815856934,1
3.5351552963256836,1
3.5360236167907715,1
3.2232658863067627,1
5.143132209777832,1
3.5953290462493896,1
3.707181453704834,1
4.279721260070801,1
3.1870498657226563,1
3.48598051071167,1
3.425792694091797,1
3.824484348297119,1
3.299027442932129,1
3.740187168121338,1
3.3296308517456055,1
3.9795210361480713,1
3.490612506866455,1
3.2748653888702393,1
3.3979954719543457,1
3.7782468795776367,1
2.8970999717712402,1
3.279721736907959,1
3.3254027366638184,1
3.5174012184143066,1
3.788898468017578,1
3.385104179382324,1
3.0695502758026123,1
3.2868926525115967,1
3.359470844268799,1
3.338332176208496,1
3.7256100177764893,1
3.302781820297241,1
3.0961194038391113,1
3.265636920928955,1
3.4076061248779297,1
3.48797607421875,1
3.272289276123047,1
3.3787593841552734,1
3.5620036125183105,1
3.1097917556762695,1
3.728868007659912,1
3.106268882751465,1
3.508427143096924,1
3.2885661125183105,1
3.3655853271484375,1
3.675154209136963,1
3.403038501739502,1
3.1795194149017334,1
3.3090381622314453,1
3.320655345916748,1
4.263645172119141,1
3.5014047622680664,1
3.7819204330444336,1
3.9669315814971924,1
3.584918975830078,1
3.503540515899658,1
3.1851930618286133,1
3.8895912170410156,1
4.239533424377441,1
3.671069383621216,1
4.176668167114258,1
4.281464576721191,1
3.4910058975219727,1
3.1228833198547363,1
3.4706170558929443,1
3.8732118606567383,1
3.088402509689331,1
3.3506839275360107,1
3.8178176879882813,1
4.124442100524902,1
3.7711830139160156,1
3.1038081645965576,1
3.4195196628570557,1
3.2950942516326904,1
3.22830867767334,1
2.962311029434204,1
3.5578126907348633,1
3.597412586212158,1
3.7047131061553955,1
3.7097702026367188,1
3.1676700115203857,1
3.5742247104644775,1
3.1797947883605957,1
3.0081005096435547,1
3.65244197845459,1
3.5314126014709473,1
2.832383632659912,1
3.3315787315368652,1
4.049458980560303,1
3.4404070377349854,1
3.1403141021728516,1
3.296830177307129,1
3.451436758041382,1
3.473299980163574,1
3.0080530643463135,1
3.0546603202819824,1
3.457813262939453,1
3.4968090057373047,1
3.3166587352752686,1
3.5178723335266113,1
3.820134162902832,1
3.565256118774414,1
3.0184953212738037,1
4.0483856201171875,1
3.3442842960357666,1
2.905925750732422,1
2.813652515411377,1
4.333155632019043,1
3.0157992839813232,1
3.6688289642333984,1
4.125097751617432,1
3.289773464202881,1
4.1255693435668945,1
4.010723114013672,1
3.3582839965820313,1
3.7378125190734863,1
3.77716064453125,1
2.9945015907287598,1
3.363267183303833,1
3.7712764739990234,1
4.110135555267334,1
3.81886625289917,1
3.443082571029663,1
3.4568846225738525,1
3.660940647125244,1
3.573324203491211,1
3.4082653522491455,1
4.621143817901611,1
3.451204538345337,1
3.905567169189453,1
3.1821274757385254,1
3.0424647331237793,1
3.393711805343628,1
3.543947458267212,1
3.2053885459899902,1
4.624277114868164,1
3.877920150756836,1
3.4199647903442383,1
3.1934268474578857,1
3.4395973682403564,1
3.7374629974365234,1
3.746271848678589,1
3.5281481742858887,1
3.4435601234436035,1
3.328026533126831,1
3.45992112159729,1
2.7423176765441895,1
3.236478805541992,1
4.124629974365234,1
3.4088377952575684,1
3.5800294876098633,1
3.419907808303833,1
3.8097176551818848,1
3.543926954269409,1
3.6295218467712402,1
3.75699782371521,1
3.6086580753326416,1
3.250202178955078,1
3.1742067337036133,1
3.5954976081848145,1
3.9022510051727295,1
3.3147501945495605,1
3.3256595134735107,1
3.530113697052002,1
3.6485066413879395,1
3.205695629119873,1
3.4281373023986816,1
3.2882776260375977,1
3.7926082611083984,1
3.0332837104797363,1
3.7347564697265625,1
3.5035457611083984,1
3.4736390113830566,1
3.3131933212280273,1
3.3911399841308594,1
3.118948221206665,1
3.439572811126709,1
3.9483766555786133,1
3.588733673095703,1
3.6323599815368652,1
3.7451953887939453,1
3.439711332321167,1
3.9343533515930176,1
3.56483793258667,1
3.290003776550293,1
3.3607430458068848,1
3.279566526412964,1
3.639263153076172,1
3.548248767852783,1
3.468060255050659,1
3.3777718544006348,1
3.4460744857788086,1
3.238819122314453,1
3.6623077392578125,1
3.307309150695801,1
3.7496492862701416,1
3.680384874343872,1
3.672452688217163,1
3.4026644229888916,1
3.330962657928467,1
3.719367027282715,1
3.270476818084717,1
3.4809210300445557,1
4.1712822914123535,1
3.5777714252471924,1
3.5387463569641113,1
4.827076435089111,1
2.9914374351501465,1
3.5631237030029297,1
4.60800838470459,1
3.884070873260498,1
3.624152660369873,1
3.306885242462158,1
3.675246238708496,1
4.145768165588379,1
3.3180463314056396,1
3.274047374725342,1
3.7136669158935547,1
3.4637134075164795,1
3.2316064834594727,1
3.4462625980377197,1
3.3783586025238037,1
3.774552345275879,1
4.143048286437988,1
3.592442512512207,1
3.148097038269043,1
3.690809726715088,1
2.5027735233306885,1
4.768043041229248,1
3.500181198120117,1
3.3645710945129395,1
3.6340832710266113,1
3.997262477874756,1
3.562288761138916,1
3.79544734954834,1
3.5759339332580566,1
3.2212748527526855,1
3.6234614849090576,1
3.7327351570129395,1
3.6664695739746094,1
3.859260082244873,1
3.6034345626831055,1
2.985907554626465,1
3.731360912322998,1
3.66530704498291,1
4.244545936584473,1
3.2087535858154297,1
4.036144256591797,1
3.7527618408203125,1
4.119545936584473,1
3.712977170944214,1
3.613253593444824,1
3.7048721313476563,1
3.8963146209716797,1
3.427995204925537,1
3.6790084838867188,1
3.388364791870117,1
3.6314139366149902,1
3.409794807434082,1
3.8526012897491455,1
3.600937843322754,1
3.468066692352295,1
3.922304391860962,1
3.733541965484619,1
3.455455780029297,1
3.476808547973633,1
4.023231506347656,1
3.6237871646881104,1
4.059173583984375,1
3.203230381011963,1
3.6713151931762695,1
3.493276596069336,1
3.287761688232422,1
2.88305401802063,1
3.1637096405029297,1
3.7076196670532227,1
3.4503936767578125,1
3.574326515197754,1
3.694575071334839,1
3.216989755630493,1
3.251462459564209,1
2.998775005340576,1
3.7301368713378906,1
2.794891595840454,1
3.883424997329712,1
3.468092441558838,1
3.875410795211792,1
3.9691333770751953,1
3.07668399810791,1
3.7453818321228027,1
3.258486270904541,1
3.5546555519104004,1
3.4218146800994873,1
3.4759232997894287,1
3.213639497756958,1
3.4177656173706055,1
4.1115570068359375,1
3.546712875366211,1
3.7796263694763184,1
3.42409348487854,1
3.1473898887634277,1
3.609647750854492,1
3.569997787475586,1
3.5857338905334473,1
3.2452354431152344,1
3.5931339263916016,1
3.5926787853240967,1
4.7843828201293945,1
3.4914612770080566,1
3.8495852947235107,1
3.6181111335754395,1
3.6594655513763428,1
3.3993606567382813,1
3.5546910762786865,1
4.019964218139648,1
3.32191801071167,1
3.034245014190674,1
3.506674289703369,1
3.3978633880615234,1
3.6089975833892822,1
3.207024574279785,1
3.3505873680114746,1
3.860886335372925,1
3.334348201751709,1
3.8668713569641113,1
3.4829015731811523,1
3.4312379360198975,1
3.435917854309082,1
3.8417181968688965,1
3.7452378273010254,1
3.041956901550293,1
3.472085475921631,1
3.271878242492676,1
3.5491271018981934,1
3.1550145149230957,1
3.7776107788085938,1
3.3954520225524902,1
3.5106475353240967,1
3.0709571838378906,1
3.5037455558776855,1
3.6677420139312744,1
4.0864362716674805,1
3.6774444580078125,1
2.4772703647613525,1
3.8488001823425293,1
4.179073810577393,1
2.954563617706299,1
3.8173341751098633,1
4.33439826965332,1
3.2222397327423096,1
3.6476168632507324,1
3.4945671558380127,1
3.426298141479492,1
3.5801169872283936,1
3.418168067932129,1
4.62656307220459,1
3.8444106578826904,1
4.268350124359131,1
3.7896535396575928,1
3.8347253799438477,1
3.442823886871338,1
3.6073966026306152,1
3.6906466484069824,1
3.77500057220459,1
3.2003064155578613,1
3.6568541526794434,1
3.61763596534729,1
3.8351073265075684,1
3.297811985015869,1
3.3661112785339355,1
3.488790988922119,1
3.3930673599243164,1
3.3248062133789063,1
3.859572410583496,1
3.317318916320801,1
3.2873170375823975,1
3.5530190467834473,1
2.9278407096862793,1
3.4618325233459473,1
3.203465461730957,1
2.8125815391540527,1
3.796962261199951,1
4.193047523498535,1
3.2957828044891357,1
3.325665235519409,1
3.9363880157470703,1
3.69830060005188,1
3.9700634479522705,1
3.392608165740967,1
3.098104476928711,1
4.06724739074707,1
3.4386749267578125,1
2.859208106994629,1
3.2627313137054443,1
3.360089063644409,1
3.653331756591797,1
3.100674867630005,1
3.800529718399048,1
3.067925453186035,1
3.3562445640563965,1
3.5276167392730713,1
3.314615249633789,1
3.546900987625122,1
3.733558177947998,1
3.2853713035583496,1
3.20147705078125,1
3.4799931049346924,1
3.4283483028411865,1
3.8943240642547607,1
3.544309616088867,1
3.8094449043273926,1
3.647857189178467,1
3.4612948894500732,1
3.623793840408325,1
3.1966307163238525,1
3.929562568664551,1
3.363191604614258,1
3.2261099815368652,1
4.114291667938232,1
3.437912940979004,1
3.0051956176757813,1
3.538357973098755,1
3.254149913787842,1
3.22890305519104,1
3.2790565490722656,1
3.4243617057800293,1
3.37876033782959,1
3.065849781036377,1
3.4256396293640137,1
3.4749202728271484,1
3.2551565170288086,1
3.76277756690979,1
3.285551071166992,1
3.1515839099884033,1
2.8142309188842773,1
3.5543875694274902,1
3.0424952507019043,1
3.464015245437622,1
3.371222972869873,1
3.760721206665039,1
2.9108359813690186,1
3.949120044708252,1
3.1169028282165527,1
4.3255510330200195,1
3.910891532897949,1
3.260777473449707,1
4.321239471435547,1
3.5868005752563477,1
3.622175693511963,1
3.415573835372925,1
3.3979547023773193,1
3.5271522998809814,1
3.1781888008117676,1
3.7598628997802734,1
2.8523874282836914,1
4.126431941986084,1
4.337571620941162,1
3.884756565093994,1
3.701206684112549,1
3.747148275375366,1
3.771162986755371,1
3.823395252227783,1
4.151129722595215,1
3.2138431072235107,1
3.6955578327178955,1
4.319838047027588,1
3.7542805671691895,1
3.4214744567871094,1
3.618479013442993,1
3.637115478515625,1
3.5535647869110107,1
3.495399236679077,1
3.188812732696533,1
3.047337055206299,1
3.614881753921509,1
4.326845169067383,1
3.3676204681396484,1
3.901451349258423,1
3.462235450744629,1
3.5662293434143066,1
3.7509889602661133,1
3.516030788421631,1
3.5639636516571045,1
3.744561195373535,1
3.4449305534362793,1
3.1467411518096924,1
3.0320417881011963,1
3.9306845664978027,1
3.329475164413452,1
3.3168225288391113,1
2.8914880752563477,1
3.0418779850006104,1
3.31048321723938,1
4.354290962219238,1
3.603006362915039,1
3.5020079612731934,1
2.8066565990448,1
3.529311180114746,1
3.073179006576538,1
3.244917392730713,1
3.4011173248291016,1
3.2318859100341797,1
4.002553939819336,1
3.201129198074341,1
3.45709228515625,1
4.275180816650391,1
2.8255181312561035,1
3.5039010047912598,1
3.321333646774292,1
3.572216033935547,1
3.6576695442199707,1
3.676636219024658,1
3.211297035217285,1
3.6661977767944336,1
3.5137195587158203,1
3.627082347869873,1
3.344841718673706,1
3.520435094833374,1
3.5056538581848145,1
4.149243354797363,1
3.6300530433654785,1
3.336224317550659,1
3.9624102115631104,1
3.7313008308410645,1
3.5785412788391113,1
4.216987609863281,1
4.288166046142578,1
3.3981995582580566,1
3.3495030403137207,1
3.6336143016815186,1
2.928183078765869,1
3.7998690605163574,1
3.867439031600952,1
4.153388977050781,1
3.9205727577209473,1
3.575165271759033,1
3.400872230529785,1
4.505923748016357,1
3.5950589179992676,1
3.445784568786621,1
3.4255800247192383,1
3.880873918533325,1
4.034861087799072,1
3.1427438259124756,1
4.385205268859863,1
4.615537166595459,1
3.473518133163452,1
3.2382140159606934,1
3.602238178253174,1
3.5753085613250732,1
3.3056108951568604,1
3.3425092697143555,1
3.2487432956695557,1
3.375868558883667,1
3.043621063232422,1
3.564117908477783,1
2.8020524978637695,1
3.569523334503174,1
3.3048477172851563,1
3.4327545166015625,1
3.3389456272125244,1
3.5029654502868652,1
3.506010055541992,1
3.306440830230713,1
2.843721866607666,1
4.716989517211914,1
3.7093043327331543,1
3.472041130065918,1
3.828331470489502,1
3.5106863975524902,1
3.611616849899292,1
3.9896631240844727,1
4.140077590942383,1
4.177319526672363,1
3.5866382122039795,1
3.657113790512085,1
4.5306620597839355,1
3.8066461086273193,1
3.35402512550354,1
3.514718532562256,1
3.685363531112671,1
4.122391223907471,1
4.551172256469727,1
3.83109188079834,1
3.165727376937866,1
3.945051670074463,1
3.891542434692383,1
4.020937442779541,1
3.4045839309692383,1
3.6406023502349854,1
3.777867078781128,1
3.7498130798339844,1
3.6202926635742188,1
3.5209970474243164,1
3.9586057662963867,1
3.5440359115600586,1
3.3256189823150635,1
4.424382209777832,1
3.101302146911621,1
3.3858041763305664,1
3.135894536972046,1
2.9011003971099854,1
3.2699952125549316,1
3.335878372192383,1
4.006298065185547,1
3.2350523471832275,1
3.416642189025879,1
3.1192665100097656,1
3.2279794216156006,1
3.1741132736206055,1
2.9169070720672607,1
3.0503525733947754,1
3.116476058959961,1
3.613253355026245,1
3.48164439201355,1
3.4305355548858643,1
3.7223658561706543,1
3.958545684814453,1
3.3209636211395264,1
3.3462724685668945,1
3.7333853244781494,1
3.30000638961792,1
3.7157654762268066,1
3.483658790588379,1
3.863473892211914,1
3.8719544410705566,1
3.280874490737915,1
3.272228240966797,1
3.8275716304779053,1
3.723904609680176,1
3.040739059448242,1
3.6582396030426025,1
3.4586284160614014,1
2.987367630004883,1
3.0892252922058105,1
3.762503147125244,1
3.186948776245117,1
4.122076511383057,1
3.8683722019195557,1
3.347808837890625,1
3.3914074897766113,1
3.2295517921447754,1
3.778017997741699,1
3.554286003112793,1
3.7873361110687256,1
3.2442550659179688,1
4.185558319091797,1
3.47926664352417,1
3.7506814002990723,1
3.57028865814209,1
3.252284288406372,1
3.4721617698669434,1
3.456505298614502,1
3.2877535820007324,1
3.3584647178649902,1
3.4428796768188477,1
3.3785526752471924,1
3.073526382446289,1
3.3104476928710938,1
3.313577175140381,1
3.351339817047119,1
3.5787930488586426,1
3.7246532440185547,1
2.8018689155578613,1
3.8348302841186523,1
3.2869043350219727,1
3.1805293560028076,1
3.608382225036621,1
3.037169933319092,1
3.239323139190674,1
3.1245551109313965,1
3.0931882858276367,1
3.9476466178894043,1
3.2516727447509766,1
2.635883092880249,1
3.7265868186950684,1
3.114774227142334,1
3.486920118331909,1
3.586652994155884,1
3.3760883808135986,1
3.210127830505371,1
3.6079726219177246,1
3.479245662689209,1
3.8645009994506836,1
4.029009819030762,1
3.5179851055145264,1
3.024536371231079,1
3.7301025390625,1
4.402642726898193,1
4.257473945617676,1
3.6320834159851074,1
3.287445068359375,1
3.2798709869384766,1
3.6435346603393555,1
3.362168788909912,1
3.3938143253326416,1
3.1355080604553223,1
3.6045761108398438,1
3.291008234024048,1
3.8150949478149414,1
3.2371368408203125,1
3.2549514770507813,1
3.1446914672851563,1
3.3900747299194336,1
3.2642393112182617,1
3.6727302074432373,1
3.3987536430358887,1
3.418849229812622,1
3.308594226837158,1
3.1541266441345215,1
4.211264610290527,1
3.568729877471924,1
2.960808753967285,1
3.8583598136901855,1
4.205516815185547,1
3.422708511352539,1
3.9283347129821777,1
3.910017967224121,1
3.569932460784912,1
3.6090006828308105,1
3.732163906097412,1
5.692557334899902,1
4.088506698608398,1
3.442483901977539,1
4.295198440551758,1
4.298571586608887,1
3.6961143016815186,1
3.2484381198883057,1
3.6062374114990234,1
3.0616769790649414,1
3.46181058883667,1
4.071414947509766,1
3.459707736968994,1
3.7173497676849365,1
3.415360450744629,1
3.6429481506347656,1
4.218377113342285,1
3.1079273223876953,1
3.33882999420166,1
3.7727575302124023,1
3.8455276489257813,1
3.736137866973877,1
3.6220860481262207,1
3.7535133361816406,1
3.6309332847595215,1
3.7608320713043213,1
3.2926836013793945,1
3.706181049346924,1
3.52685809135437,1
3.310333728790283,1
3.3732364177703857,1
4.8056440353393555,1
3.3710761070251465,1
3.807800769805908,1
3.5844969749450684,1
2.8598389625549316,1
3.2018401622772217,1
3.6930994987487793,1
3.3055524826049805,1
3.921987533569336,1
3.40435791015625,1
4.017437934875488,1
3.937041759490967,1
3.807039737701416,1
3.274691581726074,1
3.608572006225586,1
3.6162567138671875,1
3.5852701663970947,1
4.0406293869018555,1
3.1753947734832764,1
3.7464993000030518,1
3.591940402984619,1
3.314296007156372,1
3.8871657848358154,1
3.5742592811584473,1
3.3404107093811035,1
3.6878857612609863,1
3.8458242416381836,1
3.4545087814331055,1
3.827369213104248,1
3.307642936706543,1
3.2020580768585205,1
3.2694039344787598,1
3.5934829711914063,1
3.45255446434021,1
3.281538963317871,1
3.9733753204345703,1
3.3762383460998535,1
3.3144164085388184,1
4.588082313537598,1
3.9609134197235107,1
3.680842399597168,1
3.7633514404296875,1
4.058195114135742,1
2.4511313438415527,1
3.7941055297851563,1
3.3737375736236572,1
3.1832468509674072,1
3.292715549468994,1
3.4184398651123047,1
3.355677366256714,1
3.3075008392333984,1
3.8035478591918945,1
3.6012003421783447,1
3.7379212379455566,1
4.7228546142578125,1
3.3249635696411133,1
3.9047956466674805,1
3.2673113346099854,1
3.6871261596679688,1
3.1745619773864746,1
3.6993680000305176,1
3.3574397563934326,1
3.0152249336242676,1
3.528538703918457,1
3.4991843700408936,1
3.6979451179504395,1
3.824941635131836,1
3.2856204509735107,1
3.3892970085144043,1
3.2984986305236816,1
4.185276508331299,1
3.6219494342803955,1
3.306757688522339,1
4.368387699127197,1
3.8584022521972656,1
3.5344197750091553,1
3.4655635356903076,1
3.5563552379608154,1
3.663867473602295,1
3.654574394226074,1
3.0804152488708496,1
4.391279220581055,1
3.6784069538116455,1
3.2373528480529785,1
3.322181224822998,1
3.6203060150146484,1
4.38008451461792,1
5.256158828735352,1
3.77335262298584,1
3.8660647869110107,1
4.293302536010742,1
3.9197874069213867,1
3.9916696548461914,1
4.128329753875732,1
4.488950729370117,1
4.403589248657227,1
3.8176703453063965,1
3.7070422172546387,1
3.7568092346191406,1
4.625866889953613,1
3.481632709503174,1
3.506718635559082,1
3.387681007385254,1
4.4329328536987305,1
3.9442028999328613,1
3.6056127548217773,1
3.670133352279663,1
3.7799441814422607,1
3.294558048248291,1
3.5158262252807617,1
3.6572721004486084,1
3.636798858642578,1
3.8781795501708984,1
2.761254072189331,1
3.559697151184082,1
3.5268642902374268,1
2.7591991424560547,1
4.089398384094238,1
3.7204129695892334,1
3.567598581314087,1
4.079001426696777,1
3.372774124145508,1
3.191798448562622,1
3.366560459136963,1
3.539039134979248,1
3.133561134338379,1
3.6514816284179688,1
3.024925708770752,1
4.115830421447754,1
3.4628357887268066,1
3.6921141147613525,1
3.490025043487549,1
3.073552131652832,1
3.8261911869049072,1
3.2866461277008057,1
3.4704883098602295,1
3.9447197914123535,1
3.6876046657562256,1
3.7193050384521484,1
2.8702034950256348,1
4.524852275848389,1
3.34303617477417,1
3.2957992553710938,1
3.684337615966797,1
3.5181121826171875,1
3.4696202278137207,1
3.771653413772583,1
3.6719350814819336,1
3.1116998195648193,1
2.958376884460449,1
3.404120445251465,1
3.364133596420288,1
4.378185749053955,1
3.9899721145629883,1
3.6560616493225098,1
4.137304782867432,1
3.751472234725952,1
4.42349910736084,1
4.065425872802734,1
4.158710479736328,1
3.5252652168273926,1
4.471030235290527,1
4.204104900360107,1
4.3474531173706055,1
3.8532302379608154,1
4.154520034790039,1
3.714637279510498,1
3.4513673782348633,1
3.091824531555176,1
3.642383098602295,1
3.948049545288086,1
3.5439505577087402,1
3.4836459159851074,1
3.7657077312469482,1
3.6208081245422363,1
3.3156800270080566,1
3.9233036041259766,1
4.158074378967285,1
3.9163849353790283,1
3.3621232509613037,1
3.7408742904663086,1
3.9781620502471924,1
4.210951328277588,1
4.078946113586426,1
3.2064883708953857,1
3.3761610984802246,1
4.358038902282715,1
4.1767778396606445,1
3.3880667686462402,1
3.472493886947632,1
3.8591339588165283,1
3.3025760650634766,1
3.5662379264831543,1
3.581911325454712,1
3.0483529567718506,1
3.368626356124878,1
2.763551712036133,1
3.37626051902771,1
3.5671920776367188,1
3.6621193885803223,1
3.2671732902526855,1
2.460495710372925,1
3.812138080596924,1
3.3725666999816895,1
3.095200538635254,1
2.989055633544922,1
4.138159275054932,1
3.084582805633545,1
4.092694282531738,1
3.414456844329834,1
4.40823221206665,1
3.696345806121826,1
4.541081428527832,1
3.3004884719848633,1
3.5628390312194824,1
3.948129415512085,1
4.006613731384277,1
3.5456767082214355,1
3.4619510173797607,1
3.903151035308838,1
3.710411787033081,1
3.758816719055176,1
3.5443925857543945,1
3.5635604858398438,1
3.12089204788208,1
3.6166882514953613,1
2.8802170753479004,1
3.973633289337158,1
3.231576919555664,1
3.477905750274658,1
3.7308506965637207,1
3.546832323074341,1
3.309863567352295,1
3.395890712738037,1
3.917428493499756,1
3.719106435775757,1
2.973203420639038,1
4.694107532501221,1
3.622314929962158,1
3.716360569000244,1
3.6294636726379395,1
3.923051357269287,1
3.428623676300049,1
3.6987576484680176,1
3.6412315368652344,1
3.5299339294433594,1
3.4945597648620605,1
2.9563145637512207,1
3.4754786491394043,1
3.8687829971313477,1
4.212211608886719,1
3.8173460960388184,1
4.190768241882324,1
3.8763606548309326,1
4.882594585418701,1
3.6109509468078613,1
3.8721351623535156,1
3.4940614700317383,1
3.326231002807617,1
4.840446472167969,1
3.6964194774627686,1
3.486332416534424,1
4.10466194152832,1
3.885993242263794,1
4.2309980392456055,1
4.001001358032227,1
3.7526137828826904,1
3.692892551422119,1
4.206548690795898,1
3.8633532524108887,1
3.322826385498047,1
3.8057823181152344,1
3.3326056003570557,1
3.9758524894714355,1
4.1839599609375,1
3.180084228515625,1
4.094401836395264,1
3.657823085784912,1
3.2632458209991455,1
3.5120463371276855,1
4.419933319091797,1
3.8015124797821045,1
4.252272605895996,1
3.7273502349853516,1
3.8939528465270996,1
3.6612966060638428,1
3.434379816055298,1
3.2575435638427734,1
3.13480281829834,1
3.9203298091888428,1
3.2460055351257324,1
3.5961642265319824,1
3.830533981323242,1
3.8083763122558594,1
3.849318742752075,1
3.394423007965088,1
3.3685684204101563,1
3.1413486003875732,1
3.7378623485565186,1
3.2777063846588135,1
3.1876165866851807,1
3.164635419845581,1
3.5188872814178467,1
3.7477827072143555,1
3.6609108448028564,1
3.7930941581726074,1
4.784085750579834,1
3.4454870223999023,1
3.695918083190918,1
3.1509640216827393,1
3.4930219650268555,1
3.701030969619751,1
3.3169233798980713,1
3.661557197570801,1
3.3765645027160645,1
3.2002573013305664,1
3.516777276992798,1
3.558866500854492,1
3.5593957901000977,1
3.2280173301696777,1
3.3981025218963623,1
3.415722608566284,1
3.7418484687805176,1
3.9444072246551514,1
4.116258144378662,1
3.2597498893737793,1
4.14608097076416,1
4.212033748626709,1
2.9943666458129883,1
3.5523386001586914,1
4.432356357574463,1
3.788318634033203,1
3.2977356910705566,1
3.224226474761963,1
3.702394723892212,1
3.6806955337524414,1
3.508296251296997,1
3.805006504058838,1
3.3426856994628906,1
4.092142105102539,1
3.772062301635742,1
3.487609386444092,1
3.9425830841064453,1
3.6668076515197754,1
3.1669821739196777,1
3.6550498008728027,1
3.142911434173584,1
3.9149036407470703,1
3.3577303886413574,1
3.351864814758301,1
3.2817940711975098,1
3.341348648071289,1
3.610755443572998,1
4.144577980041504,1
3.4087295532226563,1
3.4258460998535156,1
4.264441967010498,1
3.5399556159973145,1
3.3254599571228027,1
3.226591110229492,1
3.7294225692749023,1
3.5248184204101563,1
3.1649129390716553,1
3.361912727355957,1
3.6915812492370605,1
3.2664742469787598,1
4.098145008087158,1
3.2472801208496094,1
3.318359851837158,1
3.1966075897216797,1
3.460850238800049,1
4.536081314086914,1
4.373510360717773,1
4.082236289978027,1
3.3300509452819824,1
3.9603819847106934,1
3.6847620010375977,1
4.033768653869629,1
3.7595059871673584,1
3.381840944290161,1
3.7453556060791016,1
3.214099884033203,1
3.922600507736206,1
3.2011661529541016,1
4.0025835037231445,1
3.911069393157959,1
3.441160202026367,1
3.7870912551879883,1
3.3981924057006836,1
3.4494900703430176,1
4.00671911239624,1
2.8687405586242676,1
4.022085666656494,1
3.7497148513793945,1
3.4633307456970215,1
3.383066415786743,1
3.6477317810058594,1
3.499282121658325,1
3.378718376159668,1
3.247763156890869,1
3.253063201904297,1
2.875448226928711,1
3.772970676422119,1
3.7460861206054688,1
3.4733831882476807,1
4.521847248077393,1
3.687804937362671,1
3.0435032844543457,1
3.625239610671997,1
3.5646889209747314,1
2.9795804023742676,1
3.3052423000335693,1
3.7707061767578125,1
3.7552337646484375,1
3.5836398601531982,1
4.598152160644531,1
4.639033317565918,1
3.2332890033721924,1
3.5180459022521973,1
4.390417575836182,1
4.034763336181641,1
3.342223882675171,1
3.7504053115844727,1
3.9773271083831787,1
4.249887466430664,1
3.3927273750305176,1
3.4905638694763184,1
4.002309322357178,1
4.252922058105469,1
3.7136669158935547,1
3.672543525695801,1
3.144688367843628,1
2.98882794380188,1
3.530182361602783,1
3.2034201622009277,1
3.8527166843414307,1
3.8261804580688477,1
3.525836229324341,1
4.055011749267578,1
4.577847480773926,1
3.9020779132843018,1
3.577977418899536,1
3.5767440795898438,1
3.0123021602630615,1
3.5335540771484375,1
3.6940979957580566,1
3.0114235877990723,1
3.8112165927886963,1
3.2868638038635254,1
3.797442674636841,1
3.595543146133423,1
3.345736503601074,1
3.391634464263916,1
4.1873674392700195,1
3.813638687133789,1
3.1064743995666504,1
3.1483540534973145,1
3.284140110015869,1
3.625352621078491,1
3.2723209857940674,1
3.597639560699463,1
4.558831691741943,1
3.005229949951172,1
3.747065544128418,1
3.9511444568634033,1
3.7855865955352783,1
3.7024216651916504,1
3.5530872344970703,1
3.773083448410034,1
3.207690477371216,1
3.2888121604919434,1
3.2826104164123535,1
3.2663209438323975,1
3.4125189781188965,1
3.6250226497650146,1
4.209392547607422,1
3.4500927925109863,1
3.0205774307250977,1
3.6537046432495117,1
3.6229469776153564,1
3.8194336891174316,1
4.485180854797363,1
3.783710479736328,1
3.417628765106201,1
4.031970024108887,1
3.974170207977295,1
3.420813798904419,1
3.4995830059051514,1
3.6908788681030273,1
3.6769652366638184,1
3.8935728073120117,1
3.6031434535980225,1
3.840264320373535,1
3.396333694458008,1
3.3426074981689453,1
3.7861125469207764,1
3.460803985595703,1
3.327782154083252,1
3.152596950531006,1
3.9266557693481445,1
3.6182308197021484,1
3.4926345348358154,1
2.9155116081237793,1
2.8209962844848633,1
4.005528450012207,1
3.410892963409424,1
3.5051586627960205,1
4.035198211669922,1
3.083116054534912,1
3.4983201026916504,1
3.486968994140625,1
3.7027573585510254,1
3.080204963684082,1
3.677353858947754,1
3.395702362060547,1
3.9823789596557617,1
3.5275967121124268,1
3.597820520401001,1
3.413339138031006,1
3.4478259086608887,1
3.705613136291504,1
3.1075339317321777,1
3.536545753479004,1
3.3322038650512695,1
3.541926860809326,1
3.53659725189209,1
3.2371559143066406,1
3.08624529838562,1
3.4311344623565674,1
3.4615230560302734,1
3.44169282913208,1
3.7867326736450195,1
3.3768362998962402,1
3.325748920440674,1
3.1506168842315674,1
3.533513069152832,1
3.1423301696777344,1
3.8907065391540527,1
3.2595725059509277,1
3.515098810195923,1
3.396421194076538,1
3.480222702026367,1
3.6896729469299316,1
3.4696297645568848,1
4.386507034301758,1
3.3524177074432373,1
3.275073528289795,1
3.3150906562805176,1
4.170007228851318,1
3.523395299911499,1
3.379988193511963,1
3.5303425788879395,1
3.247098922729492,1
3.6421046257019043,1
3.8497910499572754,1
3.945556163787842,1
3.34733510017395,1
3.119805097579956,1
3.9227347373962402,1
3.700636863708496,1
3.124922752380371,1
3.727369546890259,1
3.4942455291748047,1
3.5485527515411377,1
3.36844539642334,1
3.2649178504943848,1
3.7507996559143066,1
3.855785846710205,1
4.405617713928223,1
3.4159154891967773,1
4.092924118041992,1
3.2889225482940674,1
3.058650255203247,1
2.9415597915649414,1
3.5451951026916504,1
3.368720054626465,1
3.3650972843170166,1
3.2712173461914063,1
3.323794364929199,1
3.3052523136138916,1
3.398488998413086,1
3.4945499897003174,1
4.238709449768066,1
3.677422523498535,1
3.725592613220215,1
3.034414291381836,1
3.7821567058563232,1
3.7026596069335938,1
3.4819438457489014,1
3.150515079498291,1
3.664184331893921,1
3.497349262237549,1
3.446863889694214,1
3.3762664794921875,1
3.7117695808410645,1
3.5051488876342773,1
3.64190673828125,1
3.2462916374206543,1
2.807753562927246,1
3.578211545944214,1
4.395758628845215,1
3.417264223098755,1
4.230971336364746,1
3.4993529319763184,1
4.691341876983643,1
4.227608680725098,1
3.3608827590942383,1
3.34322190284729,1
3.59464693069458,1
3.842864990234375,1
3.374554395675659,1
3.087700605392456,1
3.386312484741211,1
3.2335903644561768,1
2.9182095527648926,1
3.840721607208252,1
3.369474411010742,1
3.763413667678833,1
4.493237018585205,1
4.065267562866211,1
2.881490707397461,1
3.4748363494873047,1
3.811967372894287,1
2.9738826751708984,1
3.226837635040283,1
3.149338722229004,1
2.844118118286133,1
3.4234280586242676,1
3.4698503017425537,1
3.0847959518432617,1
4.07374382019043,1
3.776884078979492,1
3.3924343585968018,1
3.876296043395996,1
3.4916839599609375,1
3.8106133937835693,1
3.8049569129943848,1
4.335243225097656,1
3.5856406688690186,1
3.1900627613067627,1
3.4649665355682373,1
2.7917842864990234,1
3.3249974250793457,1
3.5149526596069336,1
3.233438014984131,1
3.722759246826172,1
3.6552395820617676,1
3.353640556335449,1
3.7165191173553467,1
3.390252113342285,1
3.1277174949645996,1
3.853543281555176,1
3.954864025115967,1
3.4743294715881348,1
4.468075752258301,1
3.5659427642822266,1
3.5034379959106445,1
4.142251968383789,1
3.4767212867736816,1
3.0858356952667236,1
3.5839152336120605,1
3.4524707794189453,1
3.3491406440734863,1
3.609825849533081,1
3.684941053390503,1
3.490405797958374,1
3.680206298828125,1
3.3527369499206543,1
3.29803466796875,1
3.1768195629119873,1
3.708230972290039,1
2.9144837856292725,1
3.503561019897461,1
3.692089080810547,1
3.9467859268188477,1
3.7363996505737305,1
3.134986639022827,1
3.094465494155884,1
3.643174648284912,1
3.2873592376708984,1
3.701817035675049,1
3.3854832649230957,1
3.0266637802124023,1
3.1752231121063232,1
3.819153070449829,1
2.9571375846862793,1
3.303783416748047,1
4.077829360961914,1
3.336787700653076,1
3.4575445652008057,1
3.3609533309936523,1
3.483665943145752,1
3.448392391204834,1
3.7021994590759277,1
3.441584587097168,1
3.401798725128174,1
3.0782015323638916,1
3.516819953918457,1
3.5772132873535156,1
3.3954949378967285,1
3.6859683990478516,1
4.390078544616699,1
4.035210132598877,1
3.2038233280181885,1
3.4651453495025635,1
4.613734722137451,1
3.7403130531311035,1
3.8173227310180664,1
3.8324079513549805,1
5.324938774108887,1
3.425013542175293,1
3.365510940551758,1
3.8156754970550537,1
3.489489793777466,1
4.006592750549316,1
3.7084686756134033,1
3.404812812805176,1
3.0625901222229004,1
3.8072168827056885,1
3.9199471473693848,1
3.8196990489959717,1
3.2121033668518066,1
3.2923855781555176,1
3.6242196559906006,1
3.1852431297302246,1
4.245181083679199,1
3.228637218475342,1
3.942533016204834,1
4.397091388702393,1
3.549393653869629,1
3.952293872833252,1
3.539720296859741,1
3.605236530303955,1
3.8705270290374756,1
3.13539981842041,1
3.6684508323669434,1
3.635267496109009,1
3.710581064224243,1
3.3555350303649902,1
3.4822373390197754,1
3.38067889213562,1
3.471909999847412,1
4.367079734802246,1
3.0109076499938965,1
3.781682014465332,1
3.5714778900146484,1
3.8441567420959473,1
3.701291084289551,1
3.8838186264038086,1
3.4930787086486816,1
3.7538399696350098,1
3.198880434036255,1
3.8779284954071045,1
3.0669214725494385,1
3.624871253967285,1
3.629267692565918,1
3.5594286918640137,1
3.1250243186950684,1
2.9931392669677734,1
3.1532015800476074,1
3.6717844009399414,1
3.5614349842071533,1
3.7667784690856934,1
3.267277240753174,1
4.068009376525879,1
3.6767635345458984,1
4.277886390686035,1
3.994691848754883,1
3.199573278427124,1
3.769383192062378,1
3.5692996978759766,1
3.8316736221313477,1
3.7783493995666504,1
2.9597902297973633,1
3.8086423873901367,1
3.0459718704223633,1
3.4049456119537354,1
3.325997829437256,1
3.2484946250915527,1
3.291654109954834,1
3.859010934829712,1
2.98344087600708,1
3.896270275115967,1
3.667642593383789,1
3.461221218109131,1
3.819143295288086,1
3.7877824306488037,1
3.1975560188293457,1
3.653599739074707,1
3.5770602226257324,1
2.664994239807129,1
3.3460261821746826,1
3.305506467819214,1
3.4390339851379395,1
3.513336181640625,1
3.1887524127960205,1
3.335390567779541,1
2.9593420028686523,1
3.2422800064086914,1
3.254757881164551,1
3.5650088787078857,1
3.4798145294189453,1
3.7494800090789795,1
3.6642110347747803,1
3.032158374786377,1
3.361055374145508,1
3.6085126399993896,1
4.079773902893066,1
4.211245059967041,1
3.594940662384033,1
3.8142948150634766,1
3.9145100116729736,1
3.2533390522003174,1
3.508727788925171,1
4.0304670333862305,1
3.1867928504943848,1
3.534778594970703,1
2.9823970794677734,1
3.7207393646240234,1
2.9794628620147705,1
4.606352806091309,1
3.607504367828369,1
3.6720056533813477,1
4.030012130737305,1
3.174633741378784,1
3.68017315864563,1
3.079136848449707,1
3.1151866912841797,1
3.494821548461914,1
3.2591075897216797,1
3.290213108062744,1
3.387909412384033,1
3.3591837882995605,1
4.062105178833008,1
3.9089584350585938,1
3.790642738342285,1
3.83408260345459,1
3.2996773719787598,1
4.807361602783203,1
4.422530174255371,1
3.5528087615966797,1
3.794760227203369,1
3.886876106262207,1
3.4703261852264404,1
3.8439626693725586,1
3.4248313903808594,1
3.216740846633911,1
3.943260431289673,1
3.3579702377319336,1
3.880282163619995,1
3.590123176574707,1
3.2313475608825684,1
3.4888978004455566,1
3.287889003753662,1
3.3692052364349365,1
3.3030495643615723,1
3.20361328125,1
3.654998302459717,1
3.375528573989868,1
3.601224422454834,1
3.4352195262908936,1
3.844735622406006,1
2.8264636993408203,1
3.085296154022217,1
3.28372859954834,1
3.5246241092681885,1
4.179131507873535,1
3.168874740600586,1
3.706315279006958,1
4.200883865356445,1
3.841524124145508,1
3.621983528137207,1
3.7599940299987793,1
3.4053568840026855,1
3.5971806049346924,1
4.254173755645752,1
3.727205514907837,1
3.672234058380127,1
3.4263315200805664,1
4.111988067626953,1
3.7224552631378174,1
3.440789222717285,1
3.5198616981506348,1
3.648375988006592,1
4.294922351837158,1
3.280363082885742,1
3.264394760131836,1
3.4372940063476563,1
3.6782751083374023,1
3.864103317260742,1
3.4161806106567383,1
3.7275218963623047,1
3.3868281841278076,1
3.3984718322753906,1
4.333841323852539,1
3.634866714477539,1
2.9425599575042725,1
3.841336965560913,1
3.7855165004730225,1
3.100954294204712,1
3.740006446838379,1
4.157672882080078,1
4.176891803741455,1
3.303130626678467,1
3.546488046646118,1
4.171466827392578,1
3.8192617893218994,1
3.8666772842407227,1
3.3621935844421387,1
4.807467937469482,1
4.545196056365967,1
4.08604097366333,1
3.924990177154541,1
3.5616073608398438,1
4.346166610717773,1
4.138947486877441,1
4.050536155700684,1
3.8600544929504395,1
3.870467185974121,1
3.1946773529052734,1
3.5904815196990967,1
3.682183265686035,1
3.6208934783935547,1
3.2720589637756348,1
3.2666473388671875,1
4.0338873863220215,1
4.112514495849609,1
3.3371763229370117,1
3.662200450897217,1
2.9496665000915527,1
2.9073362350463867,1
3.464332342147827,1
3.4374520778656006,1
3.378345489501953,1
3.2711575031280518,1
3.6179490089416504,1
3.1922810077667236,1
3.887023687362671,1
3.5936875343322754,1
3.6653976440429688,1
3.4152557849884033,1
3.2335476875305176,1
3.926658868789673,1
3.2796096801757813,1
3.933600664138794,1
3.472136974334717,1
3.5573887825012207,1
3.5515239238739014,1
3.406628370285034,1
3.289102077484131,1
3.4906773567199707,1
3.7877418994903564,1
3.8963215351104736,1
3.810088634490967,1
3.3570127487182617,1
3.345139265060425,1
3.2104692459106445,1
3.284430980682373,1
4.45231819152832,1
3.277362823486328,1
3.6313116550445557,1
3.392592668533325,1
4.900343418121338,1
3.3175501823425293,1
3.450923204421997,1
3.6079578399658203,1
3.368725061416626,1
3.4746172428131104,1
3.4670777320861816,1
3.3658089637756348,1
3.1104109287261963,1
3.4111075401306152,1
3.1970314979553223,1
3.1534180641174316,1
3.808875799179077,1
3.5242879390716553,1
3.484205722808838,1
3.781121253967285,1
3.26298189163208,1
3.8979105949401855,1
3.321622371673584,1
3.0295522212982178,1
3.5032906532287598,1
3.479743242263794,1
3.5059289932250977,1
3.7789359092712402,1
2.827784538269043,1
3.0172739028930664,1
3.6059651374816895,1
2.6525044441223145,1
3.7505438327789307,1
3.616271495819092,1
3.0382213592529297,1
3.8499763011932373,1
3.9067909717559814,1
3.3314437866210938,1
3.7526421546936035,1
3.3455851078033447,1
3.408926486968994,1
4.052366733551025,1
2.9645233154296875,1
3.1460423469543457,1
3.296996593475342,1
4.342674255371094,1
3.285388469696045,1
3.9052038192749023,1
3.661961555480957,1
3.4755852222442627,1
3.354947566986084,1
4.046494007110596,1
3.084836959838867,1
3.3227031230926514,1
3.4197468757629395,1
4.0058369636535645,1
3.5390758514404297,1
3.4363222122192383,1
3.4469614028930664,1
3.7834739685058594,1
3.7335565090179443,1
4.329186916351318,1
3.757131576538086,1
3.8804471492767334,1
3.1816678047180176,1
3.115952968597412,1
3.527353286743164,1
3.166567325592041,1
3.333524703979492,1
3.2472543716430664,1
3.6195068359375,1
3.322124719619751,1
3.8698315620422363,1
3.93936824798584,1
4.232640266418457,1
3.732560157775879,1
3.298734664916992,1
4.087462902069092,1
3.551807165145874,1
3.6089890003204346,1
3.856618642807007,1
2.9874794483184814,1
5.032094955444336,1
3.9842100143432617,1
3.523977279663086,1
3.880754232406616,1
3.6370744705200195,1
3.600473642349243,1
3.2652673721313477,1
3.219815969467163,1
3.673992872238159,1
3.4291303157806396,1
3.7798612117767334,1
3.1835808753967285,1
3.173807144165039,1
3.356287956237793,1
3.611309766769409,1
3.1884069442749023,1
3.115790367126465,1
3.7446041107177734,1
4.1541547775268555,1
3.4974722862243652,1
3.9080097675323486,1
4.356233596801758,1
3.716615915298462,1
3.1462059020996094,1
3.4651334285736084,1
3.7750492095947266,1
3.6966121196746826,1
3.9032797813415527,1
3.135097026824951,1
3.290637493133545,1
2.956188201904297,1
3.763221263885498,1
3.3648452758789063,1
3.143803119659424,1
3.6610398292541504,1
3.0416316986083984,1
3.043728828430176,1
3.172807455062866,1
2.9653778076171875,1
3.1959166526794434,1
3.8354883193969727,1
3.0970523357391357,1
3.2490041255950928,1
3.793541431427002,1
3.366464614868164,1
3.480762243270874,1
2.8309969902038574,1
3.2757904529571533,1
4.802342414855957,1
3.8257765769958496,1
4.814370155334473,1
4.494077682495117,1
3.692906618118286,1
3.7142043113708496,1
4.447569847106934,1
3.5004642009735107,1
3.7643275260925293,1
3.316495418548584,1
3.521181106567383,1
3.834713935852051,1
3.6841626167297363,1
3.5871777534484863,1
3.5787410736083984,1
3.3654942512512207,1
3.4302878379821777,1
3.4582009315490723,1
3.3193211555480957,1
2.9863829612731934,1
3.7993431091308594,1
3.101674795150757,1
3.96335506439209,1
3.3171229362487793,1
3.5873007774353027,1
3.9402880668640137,1
3.363696336746216,1
2.7734451293945313,1
3.4596974849700928,1
3.0687172412872314,1
4.174846172332764,1
3.7604939937591553,1
3.2514262199401855,1
3.9928746223449707,1
3.354973793029785,1
3.99330735206604,1
4.324483394622803,1
3.1047563552856445,1
3.609630584716797,1
3.1888060569763184,1
3.270843505859375,1
3.76981258392334,1
3.0761194229125977,1
3.811549186706543,1
3.6544275283813477,1
3.4226813316345215,1
3.5565590858459473,1
4.12838077545166,1
2.949495792388916,1
3.102078914642334,1
3.6300313472747803,1
4.2008867263793945,1
3.5424246788024902,1
3.7302017211914063,1
3.714783191680908,1
3.8027048110961914,1
3.9457714557647705,1
3.4347147941589355,1
4.000229835510254,1
3.9228994846343994,1
3.5517423152923584,1
3.3618950843811035,1
4.074358940124512,1
3.7192840576171875,1
3.7748355865478516,1
3.4533541202545166,1
3.945913791656494,1
3.794668197631836,1
3.462109088897705,1
3.560957908630371,1
3.306556463241577,1
3.7616729736328125,1
3.7377207279205322,1
4.01416540145874,1
3.31917405128479,1
3.1309380531311035,1
3.751133918762207,1
3.347730875015259,1
3.3169379234313965,1
3.161317825317383,1
3.558173179626465,1
2.8991289138793945,1
3.3126001358032227,1
3.8702168464660645,1
3.595881700515747,1
3.565767288208008,1
3.7927803993225098,1
3.442901611328125,1
3.3788347244262695,1
3.3943238258361816,1
3.2927260398864746,1
3.071176290512085,1
3.807300090789795,1
3.4658405780792236,1
3.0264341831207275,1
2.9364962577819824,1
3.284918785095215,1
3.4566173553466797,1
3.0964393615722656,1
3.3842451572418213,1
3.454371690750122,1
3.4685678482055664,1
3.443114757537842,1
3.392561435699463,1
3.7460789680480957,1
3.724461555480957,1
2.859370470046997,1
3.577115297317505,1
2.8998615741729736,1
3.6180801391601563,1
3.6187705993652344,1
3.5735702514648438,1
3.3729593753814697,1
3.479081153869629,1
3.8017594814300537,1
4.680893898010254,1
3.7184648513793945,1
3.2781293392181396,1
3.906705856323242,1
3.6872646808624268,1
3.2627079486846924,1
3.3144724369049072,1
3.6019577980041504,1
3.8481802940368652,1
3.9948253631591797,1
3.278420925140381,1
3.2418580055236816,1
3.839533805847168,1
3.135838508605957,1
3.6440377235412598,1
4.263368129730225,1
3.4853601455688477,1
3.237156391143799,1
3.4281044006347656,1
4.008068084716797,1
3.760125160217285,1
4.056754112243652,1
3.314584732055664,1
3.3299922943115234,1
3.866892099380493,1
3.2134969234466553,1
3.5918827056884766,1
3.382185697555542,1
3.921081304550171,1
4.01826286315918,1
4.300939083099365,1
3.149083137512207,1
3.733797788619995,1
3.3982582092285156,1
3.1828856468200684,1
3.744037628173828,1
4.012188911437988,1
4.1458845138549805,1
3.3570756912231445,1
3.7218244075775146,1
2.9683709144592285,1
3.2934532165527344,1
3.747145652770996,1
3.976827383041382,1
3.377655506134033,1
3.495701313018799,1
3.5990548133850098,1
3.6405515670776367,1
3.5375313758850098,1
3.7422738075256348,1
3.693375825881958,1
3.7776448726654053,1
3.787367820739746,1
3.7204532623291016,1
3.0431089401245117,1
3.438321590423584,1
3.6037709712982178,1
3.1567094326019287,1
2.7884225845336914,1
3.871687412261963,1
4.001605033874512,1
3.4050087928771973,1
3.129784107208252,1
3.1833791732788086,1
2.9622364044189453,1
3.396918535232544,1
3.786916971206665,1
3.7461748123168945,1
3.516561985015869,1
3.3492631912231445,1
3.1313982009887695,1
3.46914005279541,1
3.1733155250549316,1
2.9364211559295654,1
3.303013324737549,1
3.2960963249206543,1
3.417370319366455,1
3.7355544567108154,1
3.5299313068389893,1
3.4489378929138184,1
3.8816568851470947,1
3.5132055282592773,1
4.002195835113525,1
3.483726978302002,1
4.220203399658203,1
3.541813373565674,1
3.410588502883911,1
3.681030511856079,1
3.6553540229797363,1
3.13301682472229,1
3.4962832927703857,1
3.455280303955078,1
3.6695640087127686,1
4.136895179748535,1
3.378955841064453,1
4.763539791107178,1
3.5817325115203857,1
3.3003737926483154,1
3.2165818214416504,1
3.560743570327759,1
3.7278668880462646,1
3.4611425399780273,1
3.41733455657959,1
3.3066070079803467,1
3.465277910232544,1
3.3284687995910645,1
3.0610077381134033,1
3.723505973815918,1
3.7446045875549316,1
3.6380326747894287,1
4.213580131530762,1
3.4922409057617188,1
3.0965912342071533,1
3.393620014190674,1
3.463191509246826,1
3.481790542602539,1
3.56095290184021,1
3.8562145233154297,1
3.4349844455718994,1
2.984842538833618,1
3.742379665374756,1
4.225907325744629,1
3.601632833480835,1
3.9464974403381348,1
3.57470703125,1
3.3938193321228027,1
3.306246280670166,1
3.6180825233459473,1
3.724992275238037,1
4.049594402313232,1
3.4849932193756104,1
3.5067343711853027,1
3.3356566429138184,1
3.3675436973571777,1
3.837143659591675,1
3.5240585803985596,1
3.9771876335144043,1
3.5655293464660645,1
3.35050368309021,1
3.802888870239258,1
3.4878149032592773,1
3.6387882232666016,1
3.2646889686584473,1
3.6134581565856934,1
3.381938934326172,1
3.2249224185943604,1
3.984248638153076,1
2.8840596675872803,1
4.218579292297363,1
3.7899718284606934,1
3.4609081745147705,1
3.322577953338623,1
3.6004385948181152,1
3.578287124633789,1
3.5875959396362305,1
3.4538192749023438,1
2.9365859031677246,1
3.5917117595672607,1
3.3751626014709473,1
3.5770440101623535,1
3.7504382133483887,1
3.5948076248168945,1
3.343308448791504,1
3.4495975971221924,1
3.8365416526794434,1
4.567370414733887,1
3.9842112064361572,1
4.076621055603027,1
3.8243215084075928,1
3.5405046939849854,1
3.6494717597961426,1
3.7504868507385254,1
4.391161918640137,1
3.860665798187256,1
3.900773048400879,1
3.713959217071533,1
3.3464932441711426,1
3.1024463176727295,1
3.062174081802368,1
2.9309117794036865,1
3.385049343109131,1
3.419644832611084,1
4.0321550369262695,1
3.891695022583008,1
3.331315040588379,1
3.198289632797241,1
3.8964552879333496,1
4.246390342712402,1
3.5729384422302246,1
3.5721046924591064,1
4.094446659088135,1
4.4651384353637695,1
3.675729274749756,1
3.2775778770446777,1
4.35786771774292,1
3.445404052734375,1
3.5261740684509277,1
3.513202428817749,1
3.4251203536987305,1
3.2375802993774414,1
3.6159181594848633,1
3.9817874431610107,1
3.3881430625915527,1
3.2068097591400146,1
3.7980356216430664,1
3.2271862030029297,1
