3.1760647296905518,1
2.515908718109131,1
2.9901280403137207,1
3.5929598808288574,1
3.8123466968536377,1
3.217522144317627,1
3.084566593170166,1
3.504270553588867,1
2.717893123626709,1
2.806356906890869,1
3.194281578063965,1
2.6581039428710938,1
2.918442726135254,1
3.1536238193511963,1
3.333556890487671,1
2.7380125522613525,1
3.1935811042785645,1
3.1229400634765625,1
3.3930060863494873,1
2.8718459606170654,1
3.3200745582580566,1
2.879148483276367,1
3.3935680389404297,1
3.2502622604370117,1
2.9864799976348877,1
3.9052977561950684,1
3.6884660720825195,1
2.940769672393799,1
3.714852809906006,1
3.496657133102417,1
3.2717270851135254,1
4.1911468505859375,1
5.869782447814941,1
3.2969188690185547,1
3.301182508468628,1
3.361375331878662,1
3.692944049835205,1
3.5320487022399902,1
3.84403133392334,1
4.361029624938965,1
3.5438547134399414,1
3.151836395263672,1
3.041982650756836,1
3.0872812271118164,1
2.8281702995300293,1
4.574626922607422,1
2.8480405807495117,1
2.6835076808929443,1
2.6370668411254883,1
2.6210317611694336,1
3.546934127807617,1
3.161933183670044,1
2.6383869647979736,1
2.668135643005371,1
2.9984498023986816,1
4.112441062927246,1
3.6484758853912354,1
3.515780210494995,1
3.339083194732666,1
4.287271976470947,1
3.5056605339050293,1
3.1825037002563477,1
3.006295919418335,1
3.0893898010253906,1
3.154942274093628,1
3.150848865509033,1
3.6800384521484375,1
3.9924607276916504,1
3.6332664489746094,1
3.010603189468384,1
3.885197401046753,1
3.2597832679748535,1
2.4417595863342285,1
2.910696506500244,1
3.3593921661376953,1
3.854710102081299,1
4.145831108093262,1
4.4101457595825195,1
3.115748405456543,1
3.5217437744140625,1
3.526059627532959,1
3.574005365371704,1
3.31219482421875,1
3.244997024536133,1
3.2249960899353027,1
3.4880290031433105,1
5.034616470336914,1
3.501495838165283,1
3.283357620239258,1
3.584669828414917,1
3.7053701877593994,1
3.906628370285034,1
3.8047213554382324,1
3.1246814727783203,1
3.6343936920166016,1
3.517331123352051,1
4.346717834472656,1
3.6101925373077393,1
3.2444748878479004,1
3.5628249645233154,1
3.699430465698242,1
5.016858100891113,1
5.212409019470215,1
3.7142958641052246,1
3.6962170600891113,1
3.7761824131011963,1
3.7621312141418457,1
2.7064478397369385,1
3.237252712249756,1
3.9426345825195313,1
3.3432812690734863,1
3.57167387008667,1
3.5417842864990234,1
3.4507360458374023,1
3.9809212684631348,1
3.5008459091186523,1
3.359095811843872,1
3.502929925918579,1
3.252516269683838,1
3.7359628677368164,1
3.2544960975646973,1
3.277736186981201,1
2.909454584121704,1
3.553746223449707,1
2.9760711193084717,1
3.0835094451904297,1
3.141706943511963,1
2.8416059017181396,1
3.1152215003967285,1
4.134459495544434,1
3.2448770999908447,1
3.070955991744995,1
3.799551486968994,1
3.4220619201660156,1
3.329226493835449,1
3.0268239974975586,1
3.146780490875244,1
3.2272276878356934,1
3.3891451358795166,1
3.581279754638672,1
3.282947063446045,1
2.8185434341430664,1
3.2213127613067627,1
3.475792646408081,1
3.7860472202301025,1
3.303069591522217,1
2.771657943725586,1
3.6289477348327637,1
3.7235677242279053,1
3.7397890090942383,1
3.74760103225708,1
2.9897279739379883,1
3.156695604324341,1
3.212700366973877,1
3.3059844970703125,1
3.694946765899658,1
3.08776593208313,1
3.5506343841552734,1
3.3845043182373047,1
3.297492027282715,1
3.265230178833008,1
3.660456657409668,1
3.0094518661499023,1
3.0219922065734863,1
3.2417194843292236,1
4.05767822265625,1
2.471721649169922,1
2.7323689460754395,1
2.9280948638916016,1
4.220311164855957,1
3.201113224029541,1
2.890133857727051,1
3.2099833488464355,1
3.1865458488464355,1
3.890533447265625,1
2.8697640895843506,1
3.013512134552002,1
3.13442325592041,1
3.018179178237915,1
3.1703715324401855,1
3.664994716644287,1
3.409393072128296,1
2.950068473815918,1
2.7779736518859863,1
3.374279260635376,1
3.249732255935669,1
3.5425422191619873,1
3.360659599304199,1
3.2444002628326416,1
3.376617908477783,1
2.771599769592285,1
3.455120801925659,1
3.369142532348633,1
3.863893985748291,1
3.38037109375,1
3.3982410430908203,1
2.832242965698242,1
3.9941396713256836,1
3.0445265769958496,1
2.549851417541504,1
3.6166653633117676,1
3.222520351409912,1
3.2207491397857666,1
3.5757791996002197,1
3.174001693725586,1
3.3625855445861816,1
3.12126088142395,1
2.8959217071533203,1
3.281282901763916,1
3.340269088745117,1
4.227904319763184,1
3.7113170623779297,1
3.7679121494293213,1
4.087810516357422,1
3.459200859069824,1
3.255488634109497,1
3.3438127040863037,1
4.473520278930664,1
3.5675716400146484,1
3.5418481826782227,1
3.2997219562530518,1
3.3294718265533447,1
4.363767147064209,1
3.5641751289367676,1
4.2051286697387695,1
4.075691223144531,1
2.892775297164917,1
3.720421314239502,1
4.1616315841674805,1
3.088763475418091,1
3.0490238666534424,1
3.42340087890625,1
4.394545555114746,1
4.014430046081543,1
3.0984108448028564,1
3.2726125717163086,1
2.59415340423584,1
3.3758580684661865,1
2.9631052017211914,1
2.8885412216186523,1
3.135005474090576,1
4.503376483917236,1
2.6567554473876953,1
2.5667037963867188,1
3.2066335678100586,1
3.2268052101135254,1
3.502396821975708,1
3.6831459999084473,1
3.6940064430236816,1
3.8605802059173584,1
3.315915107727051,1
3.676621675491333,1
3.2338948249816895,1
4.159322738647461,1
3.3874950408935547,1
3.4922635555267334,1
3.534472942352295,1
3.9478137493133545,1
3.8325698375701904,1
3.455141305923462,1
2.714322566986084,1
2.941978931427002,1
3.679826021194458,1
3.02189302444458,1
3.6300625801086426,1
3.8735804557800293,1
3.4018311500549316,1
3.471686840057373,1
3.0775232315063477,1
3.3202619552612305,1
3.987938642501831,1
3.3528571128845215,1
4.271245956420898,1
3.0364880561828613,1
3.0167789459228516,1
3.807065963745117,1
2.760366439819336,1
3.1680941581726074,1
3.7727131843566895,1
3.627044200897217,1
2.4991133213043213,1
3.574559211730957,1
2.9234697818756104,1
2.852509021759033,1
3.93316912651062,1
3.369628667831421,1
3.1804089546203613,1
2.724696159362793,1
2.997072458267212,1
4.0129714012146,1
2.9067726135253906,1
3.15897274017334,1
3.5544066429138184,1
2.7561798095703125,1
3.7612099647521973,1
3.7274985313415527,1
2.9807066917419434,1
3.118887424468994,1
3.0177626609802246,1
2.4145946502685547,1
3.6621131896972656,1
3.6134400367736816,1
3.7810826301574707,1
3.2748751640319824,1
3.0083272457122803,1
3.9096808433532715,1
3.089005470275879,1
2.798954486846924,1
3.619575023651123,1
3.260550022125244,1
2.6906371116638184,1
3.0508575439453125,1
3.1166772842407227,1
2.7552852630615234,1
3.104909896850586,1
3.7247047424316406,1
2.446837902069092,1
2.7483739852905273,1
3.180476665496826,1
3.0680041313171387,1
3.0437591075897217,1
2.7726635932922363,1
2.6988000869750977,1
3.7392890453338623,1
2.620576858520508,1
2.5604918003082275,1
2.792273998260498,1
3.3941211700439453,1
3.082763910293579,1
2.680011510848999,1
2.8829331398010254,1
2.980358123779297,1
3.0818328857421875,1
3.280113697052002,1
3.5292186737060547,1
2.7099080085754395,1
2.538778066635132,1
4.206189155578613,1
7.391335487365723,1
4.177012920379639,1
4.273804664611816,1
3.5211241245269775,1
4.79964542388916,1
3.391404390335083,1
2.6538474559783936,1
3.499603748321533,1
4.0285325050354,1
4.32237434387207,1
3.6175971031188965,1
3.9872851371765137,1
3.6492934226989746,1
3.1253349781036377,1
3.2854464054107666,1
3.9399189949035645,1
3.570394515991211,1
4.594527244567871,1
3.6256420612335205,1
3.365480422973633,1
2.746119499206543,1
2.735889196395874,1
3.9763550758361816,1
3.807694435119629,1
3.017237901687622,1
3.6002461910247803,1
3.2362310886383057,1
3.0307629108428955,1
2.4156394004821777,1
2.6173784732818604,1
3.369083881378174,1
2.491185426712036,1
2.973115921020508,1
4.060878753662109,1
3.4293642044067383,1
3.0233681201934814,1
2.558516502380371,1
2.7061827182769775,1
3.1163272857666016,1
2.601522922515869,1
3.216002941131592,1
2.9236087799072266,1
2.7808218002319336,1
3.0736007690429688,1
3.1493964195251465,1
3.585336685180664,1
3.328711986541748,1
2.912363052368164,1
3.241083860397339,1
3.347968101501465,1
3.103335380554199,1
2.870187997817993,1
3.262089729309082,1
3.047394275665283,1
3.9798431396484375,1
4.388436317443848,1
3.5406293869018555,1
4.018855571746826,1
3.480703830718994,1
3.291032314300537,1
3.2530899047851563,1
4.246809005737305,1
3.366607666015625,1
3.474809408187866,1
3.615619421005249,1
4.267099380493164,1
4.048223495483398,1
3.283534526824951,1
3.3946661949157715,1
2.9424619674682617,1
3.2004034519195557,1
3.237546920776367,1
3.319976329803467,1
2.961520195007324,1
3.381044387817383,1
2.569395065307617,1
3.21675443649292,1
3.3208940029144287,1
3.484370708465576,1
3.8847007751464844,1
3.4269285202026367,1
3.1909432411193848,1
2.8251283168792725,1
4.0264892578125,1
3.4405932426452637,1
3.121422290802002,1
3.3024017810821533,1
3.410475254058838,1
2.8640241622924805,1
3.0847508907318115,1
3.462751626968384,1
3.068960189819336,1
3.3313372135162354,1
3.394719123840332,1
3.069915533065796,1
3.6205122470855713,1
3.8679704666137695,1
4.194545269012451,1
3.0641183853149414,1
2.9742021560668945,1
3.233647108078003,1
4.215643405914307,1
7.246600151062012,1
3.4299726486206055,1
3.2621583938598633,1
3.672060012817383,1
4.222245216369629,1
3.13175630569458,1
2.8797576427459717,1
4.039536952972412,1
4.356597423553467,1
3.3748369216918945,1
3.399801731109619,1
3.0876941680908203,1
3.432713031768799,1
2.9871652126312256,1
4.29121208190918,1
4.798551559448242,1
4.471196174621582,1
3.9192569255828857,1
3.0568995475769043,1
3.0694663524627686,1
3.436858892440796,1
4.188652038574219,1
3.576449155807495,1
4.186434745788574,1
3.809671640396118,1
3.7450907230377197,1
3.3426592350006104,1
3.006275177001953,1
3.894939422607422,1
3.9190402030944824,1
4.158987045288086,1
4.098490238189697,1
3.7379767894744873,1
3.356818437576294,1
3.470646858215332,1
3.6369476318359375,1
3.6382768154144287,1
3.8399553298950195,1
3.3525967597961426,1
3.478088617324829,1
3.826507806777954,1
3.608891725540161,1
3.4532694816589355,1
3.5833628177642822,1
2.9276609420776367,1
4.148677825927734,1
2.9683709144592285,1
3.8605542182922363,1
3.551058769226074,1
3.8298044204711914,1
3.679553270339966,1
3.802691698074341,1
3.535153865814209,1
3.7104268074035645,1
2.93853759765625,1
3.728410243988037,1
4.017746925354004,1
3.6997230052948,1
3.8325047492980957,1
3.151125907897949,1
4.087024688720703,1
3.775665283203125,1
3.9874823093414307,1
3.8092682361602783,1
3.971342086791992,1
3.7250473499298096,1
3.701831340789795,1
2.9229674339294434,1
2.9193899631500244,1
3.8752999305725098,1
4.411476135253906,1
2.886779308319092,1
3.6209921836853027,1
3.3934731483459473,1
3.0501022338867188,1
3.9393510818481445,1
3.53360652923584,1
3.90645694732666,1
3.9419116973876953,1
3.9239296913146973,1
3.798430919647217,1
3.1124017238616943,1
4.175774574279785,1
4.572725772857666,1
4.15885591506958,1
4.0886430740356445,1
3.4698712825775146,1
3.1379945278167725,1
3.6016955375671387,1
3.0153934955596924,1
3.677675485610962,1
3.3636789321899414,1
4.176582336425781,1
4.183627128601074,1
3.2314493656158447,1
3.1419243812561035,1
4.089260101318359,1
3.1942977905273438,1
3.9409847259521484,1
4.9940056800842285,1
3.700404644012451,1
3.524005889892578,1
3.807534694671631,1
3.920783519744873,1
3.672464370727539,1
3.837557792663574,1
2.997392177581787,1
3.071873188018799,1
2.880326509475708,1
2.6689224243164063,1
2.499673843383789,1
3.0893282890319824,1
3.2857871055603027,1
3.0121495723724365,1
3.2292914390563965,1
3.1872916221618652,1
3.104689121246338,1
3.258038282394409,1
2.5424299240112305,1
2.6888880729675293,1
2.7522177696228027,1
2.6793713569641113,1
4.48420524597168,1
3.055558681488037,1
3.384688377380371,1
3.4676272869110107,1
3.902419090270996,1
2.770528793334961,1
3.481107473373413,1
3.1344656944274902,1
3.6280744075775146,1
3.6259267330169678,1
3.770791530609131,1
3.615813732147217,1
3.632185935974121,1
3.5600550174713135,1
3.363795518875122,1
2.9997100830078125,1
3.9033703804016113,1
3.66829776763916,1
3.645453453063965,1
3.3486745357513428,1
3.02490234375,1
3.2620394229888916,1
3.3474254608154297,1
2.3392395973205566,1
3.043738842010498,1
3.3542490005493164,1
3.270778179168701,1
3.341529369354248,1
3.2322235107421875,1
4.318231582641602,1
4.110667705535889,1
3.301414966583252,1
2.821058750152588,1
3.0483901500701904,1
3.2761218547821045,1
3.2993123531341553,1
6.040613651275635,1
3.929086923599243,1
3.4122583866119385,1
3.169121265411377,1
4.387814044952393,1
3.6193337440490723,1
3.597447395324707,1
3.6473076343536377,1
3.3210911750793457,1
4.11720085144043,1
3.632080078125,1
3.1759414672851563,1
3.8442440032958984,1
4.054867744445801,1
4.2325053215026855,1
3.7935073375701904,1
3.7660741806030273,1
3.731363296508789,1
3.433321475982666,1
3.6978201866149902,1
3.5179035663604736,1
3.3599166870117188,1
2.9044971466064453,1
3.7920360565185547,1
3.608536720275879,1
2.4959065914154053,1
3.6994056701660156,1
3.8465123176574707,1
3.8528318405151367,1
3.0178332328796387,1
4.56367301940918,1
2.8887667655944824,1
2.888888359069824,1
2.967345952987671,1
4.17215633392334,1
3.083066940307617,1
3.3121304512023926,1
3.273688793182373,1
3.669553518295288,1
3.687790632247925,1
2.982405662536621,1
3.833512306213379,1
3.0167109966278076,1
2.8599326610565186,1
2.9000697135925293,1
3.354172706604004,1
3.2731571197509766,1
3.0589067935943604,1
2.671262741088867,1
3.6936488151550293,1
2.820765495300293,1
2.936656951904297,1
3.290302276611328,1
3.714120626449585,1
3.655473470687866,1
3.8122341632843018,1
2.7438855171203613,1
3.6888113021850586,1
3.068709373474121,1
2.844099521636963,1
2.814258575439453,1
2.8951759338378906,1
3.5570855140686035,1
3.048691987991333,1
4.557219505310059,1
3.013798236846924,1
3.5670928955078125,1
3.031578302383423,1
3.1352500915527344,1
4.681789875030518,1
3.29077410697937,1
3.826085090637207,1
3.849479913711548,1
3.804443597793579,1
4.38828182220459,1
2.8095321655273438,1
3.6037814617156982,1
4.04620361328125,1
2.8560268878936768,1
3.116631031036377,1
4.7440900802612305,1
3.618300437927246,1
3.156944751739502,1
3.284607410430908,1
2.9719510078430176,1
3.8853440284729004,1
3.6767520904541016,1
4.297442436218262,1
3.77860164642334,1
3.5126190185546875,1
3.8266725540161133,1
3.9024574756622314,1
2.9647717475891113,1
3.6647956371307373,1
3.248988151550293,1
3.4635467529296875,1
4.003434181213379,1
2.666067123413086,1
2.9406590461730957,1
2.78458309173584,1
2.9638752937316895,1
3.0456409454345703,1
3.11258602142334,1
3.5771822929382324,1
2.9313066005706787,1
3.775453567504883,1
3.2239785194396973,1
4.781949043273926,1
4.505194664001465,1
4.0664753913879395,1
3.4929964542388916,1
3.6841206550598145,1
3.663649559020996,1
3.9926393032073975,1
3.4290361404418945,1
3.7216358184814453,1
3.35349702835083,1
3.964287757873535,1
2.986299753189087,1
3.4214301109313965,1
3.448417901992798,1
4.80955696105957,1
4.917200088500977,1
5.405309677124023,1
3.6732993125915527,1
3.01765513420105,1
3.1847968101501465,1
2.882835865020752,1
3.261892795562744,1
3.5447587966918945,1
3.614790916442871,1
4.289700984954834,1
3.8321146965026855,1
3.430561065673828,1
3.027216672897339,1
3.709827423095703,1
2.696986198425293,1
3.310917854309082,1
3.2432632446289063,1
2.816194772720337,1
2.9993371963500977,1
2.7300362586975098,1
3.87197208404541,1
3.0398943424224854,1
3.916491985321045,1
3.027449607849121,1
3.346118927001953,1
2.9483113288879395,1
3.2397735118865967,1
2.8932042121887207,1
3.597477436065674,1
3.4930238723754883,1
3.8159306049346924,1
3.631284713745117,1
3.1917948722839355,1
3.573867082595825,1
3.4502201080322266,1
3.968169927597046,1
3.4046878814697266,1
3.9544119834899902,1
3.406139850616455,1
3.446681022644043,1
4.0249247550964355,1
3.293447494506836,1
4.2920918464660645,1
3.2127232551574707,1
2.8826489448547363,1
3.3219003677368164,1
2.8883841037750244,1
3.6279711723327637,1
3.201861619949341,1
3.871819257736206,1
2.9030098915100098,1
3.1910929679870605,1
3.3775157928466797,1
3.7061686515808105,1
3.521848440170288,1
3.526723623275757,1
3.5370428562164307,1
3.0757575035095215,1
3.787386178970337,1
2.8363780975341797,1
3.365605354309082,1
3.082371234893799,1
3.422687292098999,1
3.703047752380371,1
3.0543975830078125,1
3.3991539478302,1
2.907914400100708,1
3.1708157062530518,1
3.0779755115509033,1
2.736081600189209,1
3.164149522781372,1
3.215501546859741,1
4.052907943725586,1
2.8895764350891113,1
4.0314531326293945,1
3.185579299926758,1
3.399871349334717,1
2.889075756072998,1
3.3391594886779785,1
2.955705165863037,1
4.124782562255859,1
3.178337812423706,1
3.284852981567383,1
3.106440305709839,1
3.935854434967041,1
3.389667510986328,1
3.4982612133026123,1
3.1518850326538086,1
2.9550940990448,1
3.4594688415527344,1
3.9830384254455566,1
3.4190101623535156,1
3.844727039337158,1
3.78670597076416,1
3.232527732849121,1
4.41762638092041,1
3.784966468811035,1
3.3180642127990723,1
3.682401180267334,1
4.288006782531738,1
3.3107500076293945,1
4.074882984161377,1
2.8588180541992188,1
3.1934022903442383,1
3.4376566410064697,1
2.473229169845581,1
3.454364776611328,1
3.160217761993408,1
3.6787757873535156,1
3.6339399814605713,1
4.125982284545898,1
3.5378670692443848,1
4.271306037902832,1
3.0389623641967773,1
3.294663190841675,1
3.135716676712036,1
2.8549306392669678,1
2.946824073791504,1
3.169893741607666,1
3.343601942062378,1
3.1964187622070313,1
3.08465576171875,1
2.9056320190429688,1
3.2794089317321777,1
3.2353405952453613,1
3.544677734375,1
2.881981372833252,1
3.5996766090393066,1
3.1890265941619873,1
3.2529795169830322,1
3.0378692150115967,1
3.279543161392212,1
3.041654109954834,1
2.866887092590332,1
3.473787307739258,1
3.5279340744018555,1
4.745450019836426,1
3.0478107929229736,1
2.7419285774230957,1
3.264678955078125,1
3.8420605659484863,1
3.3736400604248047,1
4.0265960693359375,1
3.47658634185791,1
3.8238136768341064,1
3.603940725326538,1
3.256613254547119,1
3.4771454334259033,1
3.507460117340088,1
3.7358803749084473,1
3.829460620880127,1
3.746685028076172,1
3.964934825897217,1
2.909069776535034,1
3.016395330429077,1
2.913189172744751,1
3.8558497428894043,1
3.8401684761047363,1
5.183713912963867,1
3.6786623001098633,1
3.4727706909179688,1
3.062136650085449,1
3.9155001640319824,1
3.8249638080596924,1
3.1027960777282715,1
3.7914233207702637,1
3.3403918743133545,1
2.385742664337158,1
3.601207733154297,1
3.1304802894592285,1
3.425429582595825,1
3.7619142532348633,1
3.0460286140441895,1
3.6072945594787598,1
3.6637673377990723,1
3.3999204635620117,1
2.6859264373779297,1
2.9264159202575684,1
2.1609232425689697,1
4.003420829772949,1
3.0168163776397705,1
2.9100139141082764,1
3.840190887451172,1
3.096632480621338,1
3.0687804222106934,1
3.4888482093811035,1
2.775824785232544,1
3.5680179595947266,1
3.0742709636688232,1
2.9772281646728516,1
3.2356929779052734,1
3.8647241592407227,1
3.7324600219726563,1
3.781649112701416,1
3.0385913848876953,1
3.9667251110076904,1
3.6571035385131836,1
3.5676631927490234,1
3.1881604194641113,1
3.1997835636138916,1
2.3738040924072266,1
3.531809091567993,1
2.9403769969940186,1
3.6408133506774902,1
4.171483993530273,1
3.192974805831909,1
3.6254985332489014,1
3.140852451324463,1
3.2118616104125977,1
5.171598434448242,1
3.482912302017212,1
3.1241865158081055,1
3.307921886444092,1
2.7774670124053955,1
3.4561827182769775,1
3.022587776184082,1
3.417850971221924,1
3.979907751083374,1
3.169663906097412,1
3.3910343647003174,1
3.4980697631835938,1
3.3229188919067383,1
3.589104175567627,1
3.7577106952667236,1
3.168330192565918,1
3.890174388885498,1
3.3358960151672363,1
2.8395557403564453,1
3.1227221488952637,1
3.2538325786590576,1
3.086064338684082,1
3.092888355255127,1
3.5587239265441895,1
3.8956046104431152,1
3.231018543243408,1
3.388566493988037,1
3.2155370712280273,1
3.3731980323791504,1
3.1347851753234863,1
3.1603474617004395,1
2.8510189056396484,1
2.920637369155884,1
3.681504249572754,1
3.220444917678833,1
3.1384801864624023,1
3.3360023498535156,1
3.8885183334350586,1
4.5731401443481445,1
3.1533145904541016,1
2.8648250102996826,1
3.6110095977783203,1
3.2989916801452637,1
3.2542567253112793,1
4.090415000915527,1
3.7575759887695313,1
3.5753159523010254,1
3.3624191284179688,1
2.7246344089508057,1
3.4692559242248535,1
3.9158663749694824,1
3.4109137058258057,1
3.917053699493408,1
3.268691062927246,1
4.162196159362793,1
3.418368339538574,1
2.7037763595581055,1
3.0023837089538574,1
4.558014392852783,1
3.645348310470581,1
3.5678083896636963,1
4.37919282913208,1
3.094620943069458,1
3.4171783924102783,1
3.121823787689209,1
3.17040753364563,1
3.7947118282318115,1
3.820631980895996,1
3.9731431007385254,1
3.520533561706543,1
3.1642391681671143,1
3.338226318359375,1
3.503694772720337,1
4.088125228881836,1
3.673694610595703,1
3.433260440826416,1
3.322645425796509,1
2.8357367515563965,1
3.6634719371795654,1
2.7211217880249023,1
5.400774955749512,1
3.8019163608551025,1
2.5552682876586914,1
3.197009801864624,1
2.9244112968444824,1
2.9155049324035645,1
3.132418155670166,1
2.7284975051879883,1
3.781574010848999,1
4.0729851722717285,1
3.899421215057373,1
3.683197259902954,1
3.1505963802337646,1
3.291450262069702,1
3.435668706893921,1
3.322683811187744,1
2.7815608978271484,1
3.2220041751861572,1
3.2356972694396973,1
3.7910385131835938,1
3.544619560241699,1
3.329392910003662,1
3.6271567344665527,1
3.7477657794952393,1
3.4218673706054688,1
3.9349019527435303,1
2.8155665397644043,1
3.618440628051758,1
4.027169704437256,1
3.0438289642333984,1
3.82873272895813,1
4.064421653747559,1
3.281710147857666,1
3.132073402404785,1
3.1330742835998535,1
3.4559288024902344,1
3.174166679382324,1
2.94179630279541,1
3.6966633796691895,1
3.210878372192383,1
3.2322545051574707,1
2.9549875259399414,1
3.160086154937744,1
2.974933624267578,1
2.8813114166259766,1
2.8793752193450928,1
2.662163496017456,1
2.6968166828155518,1
3.2211203575134277,1
3.7840800285339355,1
2.8169150352478027,1
2.8736305236816406,1
2.9927453994750977,1
3.3293399810791016,1
3.4798507690429688,1
4.222696304321289,1
3.6340250968933105,1
2.7080953121185303,1
3.34122371673584,1
2.922107458114624,1
2.725721836090088,1
3.0220491886138916,1
2.7106194496154785,1
3.4025542736053467,1
3.5725433826446533,1
3.8437612056732178,1
3.462449312210083,1
3.6708850860595703,1
4.068877696990967,1
4.696957588195801,1
2.6888577938079834,1
3.3790764808654785,1
4.248285293579102,1
3.845026969909668,1
4.004363059997559,1
4.382757186889648,1
3.1179041862487793,1
3.255535125732422,1
3.554065704345703,1
2.8815665245056152,1
3.37977933883667,1
3.420539617538452,1
2.7297863960266113,1
4.796600341796875,1
3.081291437149048,1
3.426975727081299,1
3.5211427211761475,1
3.485504627227783,1
2.8198390007019043,1
2.5873160362243652,1
3.8873345851898193,1
3.799929141998291,1
3.8395867347717285,1
3.5177254676818848,1
3.1234068870544434,1
3.0786876678466797,1
3.8424763679504395,1
3.3353958129882813,1
3.3505663871765137,1
4.742074012756348,1
4.369419574737549,1
3.4265408515930176,1
3.1412758827209473,1
3.24302339553833,1
2.8731017112731934,1
3.346930503845215,1
4.081287384033203,1
3.3242108821868896,1
3.485039234161377,1
3.5817036628723145,1
2.779484987258911,1
3.0471346378326416,1
3.7463035583496094,1
3.2849392890930176,1
3.3059277534484863,1
3.0526137351989746,1
2.691157341003418,1
3.2407021522521973,1
3.384355306625366,1
2.8516573905944824,1
3.162862539291382,1
3.185379981994629,1
3.196641206741333,1
2.889726161956787,1
2.6781623363494873,1
3.583477020263672,1
2.95277738571167,1
3.330216884613037,1
3.328989028930664,1
3.0695974826812744,1
2.430266857147217,1
3.607226848602295,1
3.3171586990356445,1
3.335035800933838,1
3.810828447341919,1
3.5896193981170654,1
3.105529308319092,1
3.4137892723083496,1
3.066009521484375,1
3.172546863555908,1
2.56614351272583,1
2.869077444076538,1
4.4518256187438965,1
2.983445882797241,1
3.15480899810791,1
2.8442330360412598,1
2.5326993465423584,1
3.2772927284240723,1
4.066601276397705,1
3.210500955581665,1
3.581512689590454,1
3.5213284492492676,1
2.496316909790039,1
3.101073741912842,1
3.1780214309692383,1
4.034763813018799,1
3.1659915447235107,1
3.297999620437622,1
2.5925586223602295,1
3.6808743476867676,1
3.644289493560791,1
2.9836459159851074,1
3.4917008876800537,1
3.257052421569824,1
3.1977295875549316,1
3.2800958156585693,1
2.911550283432007,1
4.121854782104492,1
2.9029812812805176,1
3.3455729484558105,1
3.470998764038086,1
3.4325931072235107,1
3.7530505657196045,1
2.695754051208496,1
2.632758617401123,1
2.812570095062256,1
3.046832799911499,1
3.1020960807800293,1
3.4229323863983154,1
3.4842376708984375,1
3.5519495010375977,1
2.6971335411071777,1
3.737677574157715,1
4.233654022216797,1
3.507197380065918,1
4.79841423034668,1
3.9074130058288574,1
4.12222957611084,1
3.5690624713897705,1
4.039883613586426,1
3.6604247093200684,1
3.9951648712158203,1
2.9276351928710938,1
3.2480311393737793,1
3.435285806655884,1
2.4720849990844727,1
3.709603786468506,1
3.8235256671905518,1
3.1491942405700684,1
3.468667984008789,1
2.579047918319702,1
2.7216386795043945,1
3.5340237617492676,1
3.2600064277648926,1
4.767857074737549,1
3.5234732627868652,1
2.7519283294677734,1
2.969860076904297,1
3.4984540939331055,1
3.961852550506592,1
3.3967976570129395,1
3.7475051879882813,1
4.120504379272461,1
3.7300186157226563,1
3.9274020195007324,1
3.5642781257629395,1
4.016381740570068,1
3.1982617378234863,1
3.4832444190979004,1
3.2987756729125977,1
3.5394999980926514,1
2.8978919982910156,1
2.7114274501800537,1
3.829679012298584,1
3.5683088302612305,1
3.5202343463897705,1
3.4862685203552246,1
3.5523881912231445,1
3.259392023086548,1
3.6699793338775635,1
2.8645989894866943,1
3.1970162391662598,1
3.5241549015045166,1
3.8335251808166504,1
2.9290804862976074,1
3.8954248428344727,1
3.1164960861206055,1
3.387478828430176,1
3.2450451850891113,1
3.302690029144287,1
3.514214038848877,1
2.6429848670959473,1
3.5071845054626465,1
3.3220889568328857,1
2.3955283164978027,1
3.2871248722076416,1
3.2615818977355957,1
4.221831321716309,1
3.2806458473205566,1
3.160717725753784,1
3.047388792037964,1
3.411238193511963,1
3.1414952278137207,1
4.2384796142578125,1
3.5177977085113525,1
3.127065658569336,1
3.864053249359131,1
3.521561622619629,1
3.9562783241271973,1
3.2251319885253906,1
3.372645378112793,1
3.4930410385131836,1
3.744635581970215,1
4.277482509613037,1
3.528787612915039,1
3.475207805633545,1
3.375673532485962,1
3.279148578643799,1
3.4385805130004883,1
3.510995864868164,1
2.8192176818847656,1
3.3733654022216797,1
3.934596061706543,1
3.5051612854003906,1
2.85213041305542,1
3.3033008575439453,1
3.760852575302124,1
4.247458457946777,1
4.862905979156494,1
4.06214714050293,1
3.0867815017700195,1
3.7800979614257813,1
2.8736572265625,1
2.4781923294067383,1
2.9908318519592285,1
3.079543113708496,1
3.895949363708496,1
3.577361583709717,1
3.766716718673706,1
3.898085832595825,1
4.291114807128906,1
3.4758529663085938,1
3.7706358432769775,1
2.86251163482666,1
3.7234702110290527,1
4.00132417678833,1
3.065483570098877,1
3.751450538635254,1
3.211679458618164,1
2.9398179054260254,1
4.197834491729736,1
3.210299015045166,1
3.4142322540283203,1
3.0334300994873047,1
3.1905407905578613,1
2.6106672286987305,1
4.202594757080078,1
3.761909008026123,1
2.833303451538086,1
3.0093538761138916,1
4.1096367835998535,1
3.238894462585449,1
3.6383168697357178,1
3.9295060634613037,1
3.5591211318969727,1
3.8170084953308105,1
3.510878801345825,1
3.5977139472961426,1
3.351970911026001,1
3.2675418853759766,1
3.776291847229004,1
3.1026039123535156,1
3.2391600608825684,1
3.165447235107422,1
3.5959906578063965,1
3.58872652053833,1
3.2099709510803223,1
3.096445083618164,1
2.6630146503448486,1
2.7565970420837402,1
3.7168633937835693,1
3.91261625289917,1
3.647477149963379,1
4.31812858581543,1
2.9991650581359863,1
2.874664306640625,1
3.463345527648926,1
2.6857147216796875,1
3.162142276763916,1
3.2162182331085205,1
3.431478261947632,1
3.3173165321350098,1
3.279533624649048,1
2.489804744720459,1
3.6637723445892334,1
3.3488826751708984,1
3.193920373916626,1
3.521979808807373,1
3.9186882972717285,1
3.701078414916992,1
3.263418674468994,1
3.0776190757751465,1
3.720019578933716,1
3.6190826892852783,1
4.994267463684082,1
2.698185682296753,1
3.85469913482666,1
3.631375789642334,1
3.0955896377563477,1
3.482224464416504,1
2.8802921772003174,1
3.6038336753845215,1
3.6421658992767334,1
3.4574332237243652,1
2.994377613067627,1
2.871105194091797,1
4.363509178161621,1
3.3672056198120117,1
3.123533010482788,1
3.566512107849121,1
3.1407315731048584,1
3.5064804553985596,1
3.530973434448242,1
3.777925968170166,1
3.3431320190429688,1
2.8234643936157227,1
2.6061415672302246,1
2.34098482131958,1
4.003436088562012,1
2.8665778636932373,1
3.025967597961426,1
3.1397268772125244,1
2.73888897895813,1
2.91902494430542,1
3.300487995147705,1
3.662306547164917,1
3.2512362003326416,1
2.9977641105651855,1
3.8229575157165527,1
3.9380760192871094,1
2.7442970275878906,1
3.319594383239746,1
3.4220447540283203,1
3.5665602684020996,1
3.664621591567993,1
3.2790544033050537,1
3.2148520946502686,1
3.8752236366271973,1
3.5814638137817383,1
3.1924490928649902,1
2.973010540008545,1
3.9805493354797363,1
3.481295347213745,1
3.811922073364258,1
4.086541175842285,1
3.4419422149658203,1
2.9824047088623047,1
3.15916109085083,1
2.967393398284912,1
2.57696795463562,1
3.627049207687378,1
3.001263380050659,1
3.4766738414764404,1
3.1388955116271973,1
3.0688388347625732,1
2.988327980041504,1
3.2998085021972656,1
3.1196327209472656,1
3.535433053970337,1
2.7545034885406494,1
3.472151756286621,1
3.252290964126587,1
3.0614535808563232,1
2.9948649406433105,1
2.8626317977905273,1
3.457595109939575,1
2.820815324783325,1
3.3508477210998535,1
2.9394476413726807,1
3.3753116130828857,1
3.2777462005615234,1
3.211573839187622,1
3.6503467559814453,1
2.8919365406036377,1
2.580089569091797,1
3.1388440132141113,1
3.5094008445739746,1
3.253209114074707,1
3.083815813064575,1
3.199434280395508,1
3.7843804359436035,1
3.5904664993286133,1
3.0691683292388916,1
2.55411958694458,1
3.0027053356170654,1
2.8340115547180176,1
3.5457942485809326,1
3.934884548187256,1
3.194009780883789,1
3.875208616256714,1
3.4054572582244873,1
3.241860866546631,1
2.74478816986084,1
2.5218420028686523,1
2.9467966556549072,1
4.265792369842529,1
2.788944721221924,1
3.2537131309509277,1
3.351294755935669,1
3.076603651046753,1
3.603686809539795,1
2.8401241302490234,1
2.9519383907318115,1
2.6552743911743164,1
3.249952793121338,1
3.0355920791625977,1
2.636831283569336,1
3.01607346534729,1
3.8479573726654053,1
4.291713714599609,1
3.1452548503875732,1
3.55460786819458,1
4.409567356109619,1
2.9651079177856445,1
3.916594982147217,1
4.385964393615723,1
3.104234218597412,1
3.6932291984558105,1
3.479135036468506,1
3.8091821670532227,1
3.3226003646850586,1
3.089855670928955,1
2.3888635635375977,1
3.333184242248535,1
3.183905601501465,1
2.9407284259796143,1
4.197774887084961,1
3.138051748275757,1
3.5367870330810547,1
2.9648985862731934,1
2.4106264114379883,1
3.422004222869873,1
3.396122455596924,1
4.295444488525391,1
4.206146240234375,1
3.390209197998047,1
2.94138765335083,1
2.9083709716796875,1
3.6699507236480713,1
2.9552688598632813,1
2.654693126678467,1
3.517127513885498,1
3.373497486114502,1
2.365704298019409,1
3.4867563247680664,1
3.4915504455566406,1
4.481255531311035,1
3.911886692047119,1
2.864783525466919,1
3.161447286605835,1
2.998910903930664,1
3.810722827911377,1
3.6864118576049805,1
3.2884576320648193,1
3.3137316703796387,1
3.7055139541625977,1
3.958623170852661,1
2.8672871589660645,1
3.350098133087158,1
3.15248966217041,1
2.600480794906616,1
3.114598035812378,1
3.941221237182617,1
2.9418373107910156,1
2.971933364868164,1
2.865201473236084,1
2.813397169113159,1
2.8910605907440186,1
3.673079490661621,1
3.2360098361968994,1
3.22615122795105,1
2.64434814453125,1
3.1759352684020996,1
2.913735866546631,1
2.6558713912963867,1
3.034207344055176,1
2.7174324989318848,1
2.8574395179748535,1
4.3800506591796875,1
2.6857218742370605,1
3.0724246501922607,1
3.8974132537841797,1
2.934670925140381,1
3.0551774501800537,1
3.4355053901672363,1
3.0930581092834473,1
3.760613441467285,1
3.470418930053711,1
3.750136613845825,1
3.339953660964966,1
4.227395534515381,1
3.3408260345458984,1
3.213196277618408,1
3.9856057167053223,1
3.040799379348755,1
3.052123785018921,1
3.529033660888672,1
2.7478065490722656,1
3.369574546813965,1
4.65022611618042,1
3.5257821083068848,1
3.897578239440918,1
3.7027883529663086,1
3.3940277099609375,1
3.4021263122558594,1
3.370285987854004,1
3.1521992683410645,1
3.388213872909546,1
3.278884172439575,1
2.9794936180114746,1
3.4358232021331787,1
3.075699806213379,1
3.1165690422058105,1
3.425426959991455,1
3.743656873703003,1
3.4828543663024902,1
2.889556646347046,1
3.267414093017578,1
4.523900032043457,1
3.5646209716796875,1
3.4458377361297607,1
2.664182186126709,1
3.383857250213623,1
3.629883289337158,1
3.0487544536590576,1
3.7884521484375,1
3.3961124420166016,1
3.7309935092926025,1
3.3220205307006836,1
4.140341758728027,1
2.974369525909424,1
3.3288657665252686,1
2.9920806884765625,1
2.7665393352508545,1
3.6321911811828613,1
3.1332218647003174,1
4.881738662719727,1
3.799715757369995,1
3.152923107147217,1
3.9208619594573975,1
3.158747673034668,1
3.938946485519409,1
2.8161160945892334,1
3.579477310180664,1
2.841602325439453,1
3.085991859436035,1
3.523942470550537,1
3.2275257110595703,1
3.111140251159668,1
3.2991373538970947,1
3.4919633865356445,1
3.372781276702881,1
3.6426644325256348,1
2.9654922485351563,1
2.8229055404663086,1
3.0198237895965576,1
2.9501500129699707,1
2.8651814460754395,1
3.974393367767334,1
3.436796188354492,1
3.160358428955078,1
3.214655637741089,1
2.79854154586792,1
2.8476924896240234,1
4.675405502319336,1
3.0655362606048584,1
3.078085422515869,1
3.086592197418213,1
2.941145420074463,1
3.108219861984253,1
3.436272144317627,1
3.273618221282959,1
3.70881724357605,1
3.559638500213623,1
3.0663533210754395,1
3.1073544025421143,1
3.0045888423919678,1
3.4589080810546875,1
3.060135841369629,1
3.6036672592163086,1
3.8129560947418213,1
3.051370620727539,1
3.3557631969451904,1
2.726921796798706,1
3.038794994354248,1
2.7690792083740234,1
3.80644154548645,1
2.9510438442230225,1
3.319042682647705,1
3.4370996952056885,1
3.428199529647827,1
3.784210681915283,1
3.5457682609558105,1
3.9826598167419434,1
4.007335186004639,1
3.0673418045043945,1
3.1059317588806152,1
3.8893520832061768,1
2.9318509101867676,1
3.209713935852051,1
3.118516445159912,1
2.8701889514923096,1
3.1807126998901367,1
3.197577714920044,1
2.771052360534668,1
3.468764543533325,1
3.578671455383301,1
2.831505298614502,1
3.403794288635254,1
3.299435615539551,1
3.2162537574768066,1
3.2536091804504395,1
3.3582186698913574,1
2.9229934215545654,1
4.001023292541504,1
3.7418618202209473,1
3.520021438598633,1
2.987060070037842,1
3.2808613777160645,1
4.117164611816406,1
3.9490528106689453,1
3.4772114753723145,1
3.8235583305358887,1
4.140933990478516,1
2.775594711303711,1
3.485585927963257,1
3.1738758087158203,1
3.3098325729370117,1
3.0001580715179443,1
3.4907546043395996,1
3.395678997039795,1
3.9557552337646484,1
3.2277121543884277,1
2.733462333679199,1
2.8571436405181885,1
3.0595409870147705,1
2.9429612159729004,1
2.9156599044799805,1
2.6555604934692383,1
2.5315027236938477,1
2.7785847187042236,1
3.661221981048584,1
3.383157253265381,1
2.9405765533447266,1
2.9081130027770996,1
3.630566120147705,1
3.6632885932922363,1
2.937730312347412,1
3.2597179412841797,1
3.1711316108703613,1
3.446918487548828,1
2.864088535308838,1
2.540196657180786,1
4.996371269226074,1
2.73172926902771,1
3.245603322982788,1
2.9961607456207275,1
2.9574174880981445,1
2.750999689102173,1
3.3550591468811035,1
2.781247138977051,1
3.777411460876465,1
3.557286262512207,1
3.3787617683410645,1
3.3470096588134766,1
3.5392580032348633,1
3.9577414989471436,1
2.751981258392334,1
3.0530972480773926,1
3.3308207988739014,1
2.4091415405273438,1
3.1331088542938232,1
3.462982177734375,1
2.811662197113037,1
3.6708154678344727,1
3.192237377166748,1
3.3004846572875977,1
2.9642281532287598,1
2.928879737854004,1
3.5506644248962402,1
2.953024387359619,1
3.098442554473877,1
2.8971235752105713,1
3.4288525581359863,1
3.3738651275634766,1
3.4006996154785156,1
3.168588161468506,1
3.5812344551086426,1
2.6353681087493896,1
3.7643213272094727,1
3.2920680046081543,1
3.133166790008545,1
3.1439054012298584,1
2.8032422065734863,1
2.600630760192871,1
2.6054153442382813,1
3.7822351455688477,1
2.814716100692749,1
2.9122910499572754,1
3.1189942359924316,1
3.769105911254883,1
3.578239917755127,1
2.562467336654663,1
3.031275510787964,1
4.430087089538574,1
3.4176838397979736,1
2.9975528717041016,1
3.581317901611328,1
4.002272605895996,1
3.658217668533325,1
4.182053565979004,1
4.706760406494141,1
4.517700672149658,1
3.6756958961486816,1
3.8359174728393555,1
3.6103897094726563,1
3.6118741035461426,1
3.0407073497772217,1
3.25770902633667,1
3.6011459827423096,1
3.8409621715545654,1
3.6857948303222656,1
2.868413209915161,1
3.1744985580444336,1
3.721240997314453,1
3.4170656204223633,1
4.254589557647705,1
4.211261749267578,1
3.2945713996887207,1
3.6681342124938965,1
5.116365909576416,1
4.113882064819336,1
5.148558139801025,1
3.729397773742676,1
2.7765326499938965,1
3.1813488006591797,1
3.4094398021698,1
3.7419188022613525,1
3.930142879486084,1
4.4610395431518555,1
3.917609214782715,1
3.7764859199523926,1
3.7584824562072754,1
3.460301399230957,1
2.9973254203796387,1
3.6816844940185547,1
3.1074748039245605,1
3.2584378719329834,1
3.0016121864318848,1
3.4934606552124023,1
3.199817180633545,1
3.637148380279541,1
3.3578286170959473,1
3.5488529205322266,1
3.4812798500061035,1
3.619075298309326,1
3.865623712539673,1
3.198410749435425,1
3.322831630706787,1
3.299537181854248,1
2.976268768310547,1
3.7805087566375732,1
3.5012831687927246,1
3.1999893188476563,1
3.791433811187744,1
4.317203044891357,1
4.797367095947266,1
3.2283616065979004,1
3.695068597793579,1
3.0722060203552246,1
4.38037109375,1
3.420905590057373,1
3.3320419788360596,1
2.901017665863037,1
4.150056838989258,1
3.653632164001465,1
3.0381007194519043,1
3.5017313957214355,1
3.4312939643859863,1
3.5707921981811523,1
3.8187918663024902,1
3.3556160926818848,1
3.2912425994873047,1
3.554678440093994,1
3.264784574508667,1
3.204678535461426,1
3.1845052242279053,1
3.1555774211883545,1
3.0492923259735107,1
3.3109405040740967,1
2.3618831634521484,1
3.0906527042388916,1
3.403057098388672,1
4.234329700469971,1
2.939185619354248,1
2.9586150646209717,1
3.4147346019744873,1
3.5471532344818115,1
4.045742034912109,1
4.589312553405762,1
3.1611406803131104,1
3.168426275253296,1
3.89768385887146,1
3.860872983932495,1
3.273941993713379,1
3.4921932220458984,1
2.9363622665405273,1
3.439807891845703,1
3.2112233638763428,1
3.6977381706237793,1
3.456451416015625,1
3.9010417461395264,1
3.088366985321045,1
3.4533677101135254,1
2.906726598739624,1
3.0038390159606934,1
3.1146059036254883,1
6.204404830932617,1
3.9863481521606445,1
2.9997575283050537,1
3.095808506011963,1
3.3825435638427734,1
3.1145029067993164,1
4.894078254699707,1
3.2883291244506836,1
3.7370920181274414,1
3.663273811340332,1
2.9588117599487305,1
3.1207833290100098,1
3.784226655960083,1
3.0002639293670654,1
2.9765281677246094,1
2.958077907562256,1
3.514023780822754,1
2.615370512008667,1
2.990267038345337,1
2.081392526626587,1
2.766894817352295,1
3.959645986557007,1
3.370868682861328,1
3.657611846923828,1
2.668172597885132,1
2.929173707962036,1
2.8897759914398193,1
2.871285915374756,1
3.480626344680786,1
2.8984293937683105,1
2.759129047393799,1
3.3072967529296875,1
4.718311309814453,1
3.316774368286133,1
2.911801815032959,1
3.1367526054382324,1
3.457047700881958,1
2.577683448791504,1
3.0906991958618164,1
3.4711709022521973,1
3.3345043659210205,1
3.6530961990356445,1
3.4552500247955322,1
2.8021297454833984,1
3.8613929748535156,1
3.11224365234375,1
2.786168098449707,1
3.116223096847534,1
3.722989082336426,1
3.457306385040283,1
3.748292922973633,1
3.5493109226226807,1
3.576817035675049,1
4.033645153045654,1
3.5876193046569824,1
4.011711120605469,1
3.039334535598755,1
4.010802745819092,1
3.4286692142486572,1
3.0799126625061035,1
3.7152183055877686,1
3.810565948486328,1
3.6221723556518555,1
3.856330394744873,1
3.8194494247436523,1
4.347024917602539,1
4.2583441734313965,1
3.554971694946289,1
3.4378597736358643,1
3.8966269493103027,1
3.738511085510254,1
4.318039894104004,1
3.576511859893799,1
3.6534924507141113,1
3.5792202949523926,1
2.969491481781006,1
3.6686275005340576,1
3.838325023651123,1
3.356786012649536,1
3.137118339538574,1
3.6137771606445313,1
3.4240593910217285,1
3.1103501319885254,1
3.4488093852996826,1
3.2315101623535156,1
2.6339378356933594,1
2.7540416717529297,1
3.548464775085449,1
3.169538736343384,1
3.6802430152893066,1
3.548314094543457,1
3.089231491088867,1
2.9879536628723145,1
3.355926990509033,1
2.940962076187134,1
2.325019598007202,1
3.652078628540039,1
3.5985822677612305,1
3.912581443786621,1
3.7745327949523926,1
3.401552438735962,1
3.283825397491455,1
3.3681607246398926,1
3.5047988891601563,1
2.740365505218506,1
2.919778347015381,1
3.2224762439727783,1
3.7750632762908936,1
3.441441535949707,1
3.8496129512786865,1
4.044276237487793,1
3.507702350616455,1
4.073587894439697,1
3.49655818939209,1
3.595081329345703,1
3.208484172821045,1
2.8251333236694336,1
3.512784957885742,1
3.456040620803833,1
2.455103874206543,1
3.5859971046447754,1
3.164900302886963,1
3.188632011413574,1
3.280566930770874,1
3.337778091430664,1
2.8596911430358887,1
3.2226145267486572,1
3.1877195835113525,1
3.1187798976898193,1
2.532944679260254,1
3.0489144325256348,1
3.068373680114746,1
3.4412078857421875,1
2.770704746246338,1
3.121854782104492,1
3.2133312225341797,1
3.295238494873047,1
3.645935535430908,1
3.7447075843811035,1
3.290766716003418,1
3.2528457641601563,1
3.3275227546691895,1
3.462662696838379,1
4.000265121459961,1
3.4261884689331055,1
4.040685653686523,1
4.9433770179748535,1
3.9823434352874756,1
3.701322078704834,1
3.5609025955200195,1
3.404214859008789,1
3.3085598945617676,1
3.340014934539795,1
3.0606815814971924,1
4.42307710647583,1
3.929974317550659,1
2.9067230224609375,1
2.829159736633301,1
3.0153276920318604,1
3.219865560531616,1
3.637226104736328,1
3.5059895515441895,1
2.843684673309326,1
2.9566304683685303,1
3.356734275817871,1
3.3044352531433105,1
3.5659966468811035,1
3.644026756286621,1
3.008175849914551,1
2.7436635494232178,1
2.8502309322357178,1
3.2680788040161133,1
3.1826744079589844,1
3.6691739559173584,1
3.160525321960449,1
3.038957357406616,1
2.961893081665039,1
4.205044746398926,1
5.301513195037842,1
4.808088779449463,1
2.860642433166504,1
3.1996994018554688,1
3.117845058441162,1
3.547806739807129,1
4.128164291381836,1
4.100477695465088,1
2.976318359375,1
4.203099727630615,1
2.882195472717285,1
2.8824000358581543,1
2.995830535888672,1
2.8311550617218018,1
3.0937018394470215,1
4.0382513999938965,1
2.5351057052612305,1
3.3072590827941895,1
3.3315367698669434,1
3.653651475906372,1
2.86423659324646,1
3.230105400085449,1
3.0936195850372314,1
3.5030417442321777,1
3.038473129272461,1
3.6483147144317627,1
3.5979228019714355,1
2.882444143295288,1
3.215161085128784,1
3.0058393478393555,1
3.0888257026672363,1
3.5401883125305176,1
2.8532490730285645,1
3.2250595092773438,1
3.3251142501831055,1
2.3336453437805176,1
2.800741195678711,1
2.8156685829162598,1
2.923518657684326,1
2.6352005004882813,1
3.7536988258361816,1
2.5893969535827637,1
2.831148386001587,1
3.435866355895996,1
3.3974578380584717,1
2.9976282119750977,1
2.174839973449707,1
3.099085807800293,1
3.536606788635254,1
2.912383794784546,1
3.2066032886505127,1
3.680912971496582,1
3.707200527191162,1
3.9726829528808594,1
3.6896252632141113,1
3.4934749603271484,1
4.497138977050781,1
3.2873597145080566,1
3.123486280441284,1
3.489595651626587,1
4.515881538391113,1
4.185627460479736,1
3.1800060272216797,1
3.001946449279785,1
3.7255427837371826,1
3.423645257949829,1
3.404855728149414,1
3.583557605743408,1
3.610651969909668,1
2.5666399002075195,1
2.80407977104187,1
3.0134778022766113,1
2.30678653717041,1
3.088808298110962,1
3.5172934532165527,1
3.208465576171875,1
2.9001526832580566,1
2.9352989196777344,1
3.1789233684539795,1
3.028268337249756,1
3.4541773796081543,1
3.656956195831299,1
3.345555305480957,1
3.1234211921691895,1
3.4810709953308105,1
3.499443531036377,1
3.3891000747680664,1
3.3109800815582275,1
3.1057796478271484,1
3.111727237701416,1
3.9611494541168213,1
3.829991579055786,1
3.737140655517578,1
2.938413619995117,1
3.4957833290100098,1
2.878153085708618,1
2.8780274391174316,1
2.976069688796997,1
2.8870534896850586,1
3.2420382499694824,1
3.835606575012207,1
2.869004726409912,1
3.272879123687744,1
3.0172553062438965,1
2.4320192337036133,1
3.3344998359680176,1
3.720062494277954,1
3.1896138191223145,1
3.323674440383911,1
3.748136520385742,1
3.3934149742126465,1
3.2730138301849365,1
3.075612783432007,1
3.4419894218444824,1
3.5454118251800537,1
3.7459192276000977,1
2.9254302978515625,1
3.0516698360443115,1
2.99204158782959,1
4.406641006469727,1
3.8876068592071533,1
3.0101585388183594,1
3.3240814208984375,1
3.216113567352295,1
3.2426304817199707,1
4.547131538391113,1
4.8099236488342285,1
3.347407817840576,1
3.9095280170440674,1
3.0374507904052734,1
3.2225027084350586,1
3.727133274078369,1
3.516253709793091,1
3.373216152191162,1
3.3544909954071045,1
3.546718120574951,1
3.5028076171875,1
2.9910671710968018,1
3.0188827514648438,1
3.487135410308838,1
3.069368600845337,1
3.5648691654205322,1
2.876713275909424,1
3.9476635456085205,1
3.3122339248657227,1
2.619753837585449,1
2.913461685180664,1
3.6715164184570313,1
2.817474126815796,1
3.6351840496063232,1
3.36112117767334,1
4.065868854522705,1
3.8931620121002197,1
3.625980854034424,1
2.8888370990753174,1
3.1527316570281982,1
4.028742790222168,1
3.160508632659912,1
2.8898181915283203,1
3.0245676040649414,1
3.5695526599884033,1
3.5577969551086426,1
3.5846357345581055,1
2.887791156768799,1
3.6492655277252197,1
3.1459832191467285,1
3.341541051864624,1
4.026719093322754,1
2.7073349952697754,1
2.9561214447021484,1
2.9731950759887695,1
3.519712448120117,1
3.2910685539245605,1
2.9855685234069824,1
3.201575517654419,1
3.4076895713806152,1
3.1415653228759766,1
3.639770030975342,1
3.171924114227295,1
3.455336809158325,1
2.867621421813965,1
3.971909284591675,1
3.9187662601470947,1
3.1150007247924805,1
4.471637725830078,1
4.227993011474609,1
2.998568534851074,1
3.8817505836486816,1
3.0310163497924805,1
2.554720878601074,1
3.478929281234741,1
2.7886669635772705,1
3.58268404006958,1
3.00628924369812,1
2.9100868701934814,1
2.8611907958984375,1
3.8571786880493164,1
4.4078192710876465,1
3.4479408264160156,1
3.4519495964050293,1
2.5148816108703613,1
3.236671209335327,1
3.613048791885376,1
3.710430860519409,1
3.6519737243652344,1
3.1095948219299316,1
2.6763203144073486,1
3.674347400665283,1
2.3859610557556152,1
2.838561534881592,1
2.505265235900879,1
2.734132766723633,1
2.6459975242614746,1
2.9780309200286865,1
3.0839219093322754,1
3.170301675796509,1
2.9721837043762207,1
3.2017898559570313,1
3.3268368244171143,1
3.2533631324768066,1
2.9707021713256836,1
5.554749965667725,1
2.887932777404785,1
3.034943103790283,1
3.260899066925049,1
3.5173251628875732,1
2.811497688293457,1
3.349748373031616,1
3.4320220947265625,1
3.3057732582092285,1
2.6338653564453125,1
3.1506824493408203,1
2.872655153274536,1
3.1812758445739746,1
3.4956588745117188,1
3.1529383659362793,1
3.630380630493164,1
2.3549208641052246,1
3.406752824783325,1
2.7501797676086426,1
3.887660503387451,1
3.076486110687256,1
3.2205395698547363,1
3.8741188049316406,1
3.5807530879974365,1
3.172818422317505,1
2.880211353302002,1
3.029503583908081,1
3.3483753204345703,1
4.8258466720581055,1
3.3889427185058594,1
3.3223884105682373,1
3.1391913890838623,1
3.683161735534668,1
3.4092142581939697,1
4.039278030395508,1
2.8816680908203125,1
3.8568575382232666,1
3.579012155532837,1
3.2440667152404785,1
3.0359392166137695,1
2.947641372680664,1
2.80794620513916,1
2.6526870727539063,1
3.175713062286377,1
3.2416188716888428,1
3.1774404048919678,1
2.658043146133423,1
3.4022371768951416,1
2.793199300765991,1
3.815919876098633,1
2.5744128227233887,1
3.443105697631836,1
3.7726950645446777,1
3.033489942550659,1
3.0832972526550293,1
3.0861306190490723,1
3.2859489917755127,1
2.8441851139068604,1
3.3357083797454834,1
3.141226291656494,1
4.014516830444336,1
2.7432773113250732,1
3.0165717601776123,1
3.530154228210449,1
3.8219704627990723,1
3.0213027000427246,1
2.8694875240325928,1
3.130128860473633,1
2.888233184814453,1
3.331183910369873,1
2.883932113647461,1
3.256007671356201,1
3.0290775299072266,1
3.016636610031128,1
3.51340389251709,1
2.681302547454834,1
3.2012956142425537,1
3.841639995574951,1
2.2764487266540527,1
2.907322406768799,1
2.923440933227539,1
3.3820085525512695,1
3.502650022506714,1
3.0805883407592773,1
2.9859561920166016,1
2.432175636291504,1
3.277787208557129,1
2.826066493988037,1
2.54710054397583,1
3.036376714706421,1
3.2658209800720215,1
2.897545099258423,1
3.2998905181884766,1
2.8233611583709717,1
3.4464848041534424,1
2.512803077697754,1
3.1195120811462402,1
3.075615644454956,1
3.043509006500244,1
3.3167338371276855,1
3.3771862983703613,1
4.096889972686768,1
3.1470999717712402,1
2.9929609298706055,1
3.7993733882904053,1
4.502952575683594,1
2.6927852630615234,1
2.895503044128418,1
3.537672996520996,1
2.72976016998291,1
2.4176523685455322,1
3.024991035461426,1
3.8601155281066895,1
2.7663750648498535,1
2.5953054428100586,1
2.9123666286468506,1
3.8200182914733887,1
2.6051878929138184,1
3.3059515953063965,1
2.654219388961792,1
2.75232195854187,1
3.4114742279052734,1
2.7653725147247314,1
3.756101131439209,1
3.462427854537964,1
3.2175068855285645,1
4.126630783081055,1
3.028787136077881,1
3.2621712684631348,1
3.683537483215332,1
3.8527755737304688,1
4.837683200836182,1
2.8511953353881836,1
3.398303747177124,1
2.8913488388061523,1
3.30871319770813,1
3.42661190032959,1
2.704622268676758,1
2.734825611114502,1
3.4446969032287598,1
3.1316208839416504,1
4.203266143798828,1
3.877822160720825,1
2.773336887359619,1
2.708672046661377,1
3.9641246795654297,1
3.3687360286712646,1
3.783904552459717,1
3.34395694732666,1
3.1601672172546387,1
3.3627426624298096,1
4.00517463684082,1
3.6629581451416016,1
3.3643784523010254,1
2.6361680030822754,1
3.736661434173584,1
4.07763147354126,1
2.8817458152770996,1
3.296550750732422,1
3.1403799057006836,1
3.1851797103881836,1
3.3530690670013428,1
2.499990463256836,1
5.035727500915527,1
3.833547830581665,1
3.312021493911743,1
3.904865264892578,1
3.7674055099487305,1
2.892458915710449,1
3.049546718597412,1
3.4469752311706543,1
3.1171514987945557,1
3.370360851287842,1
2.9706220626831055,1
3.2090201377868652,1
3.3655037879943848,1
3.419955015182495,1
3.087202310562134,1
2.7745633125305176,1
2.520357131958008,1
4.219635009765625,1
4.121284008026123,1
3.2996084690093994,1
2.7966859340667725,1
3.5363755226135254,1
3.5614981651306152,1
4.415823936462402,1
2.930574417114258,1
2.831906318664551,1
2.7993876934051514,1
3.5671632289886475,1
3.434746503829956,1
3.8942463397979736,1
3.858419418334961,1
3.0924198627471924,1
4.061852931976318,1
2.8416495323181152,1
2.6454644203186035,1
3.440134048461914,1
3.925865650177002,1
2.973978042602539,1
3.9877710342407227,1
3.363067626953125,1
3.315793037414551,1
2.981032371520996,1
3.3738882541656494,1
2.7923386096954346,1
2.5490128993988037,1
3.0198259353637695,1
3.273573875427246,1
3.3842930793762207,1
2.82175874710083,1
2.7791285514831543,1
2.968144416809082,1
3.9744882583618164,1
2.8406310081481934,1
3.8889012336730957,1
3.683049201965332,1
2.9458212852478027,1
2.803025484085083,1
3.3071465492248535,1
3.1335864067077637,1
3.6763858795166016,1
4.27055025100708,1
3.41800594329834,1
2.9122495651245117,1
3.1023759841918945,1
3.3402676582336426,1
3.0624382495880127,1
4.719870567321777,1
4.1442341804504395,1
3.54465389251709,1
3.6641602516174316,1
3.3320398330688477,1
3.2213127613067627,1
3.3383913040161133,1
2.6331305503845215,1
3.283613681793213,1
2.8044514656066895,1
3.6241793632507324,1
2.6736931800842285,1
3.3839850425720215,1
2.352353096008301,1
2.8179712295532227,1
3.102327823638916,1
2.6351990699768066,1
2.5429024696350098,1
2.838068962097168,1
3.565272808074951,1
3.38447642326355,1
3.1072559356689453,1
3.110304594039917,1
2.9963390827178955,1
3.3205864429473877,1
3.2470057010650635,1
3.1710548400878906,1
3.8474903106689453,1
3.269268751144409,1
3.4610023498535156,1
3.068560838699341,1
3.3737754821777344,1
2.5542502403259277,1
4.037407398223877,1
3.4114675521850586,1
3.644566774368286,1
3.1031272411346436,1
4.636224269866943,1
3.647352695465088,1
2.3492677211761475,1
3.2419166564941406,1
3.8271842002868652,1
3.9210476875305176,1
2.885692596435547,1
3.756117343902588,1
3.253157138824463,1
2.732435703277588,1
2.6892824172973633,1
3.7248754501342773,1
3.5559208393096924,1
3.381133556365967,1
3.294961929321289,1
2.856078863143921,1
2.9933600425720215,1
3.3978755474090576,1
4.381689071655273,1
3.645214557647705,1
3.9139204025268555,1
2.857478380203247,1
3.4961187839508057,1
3.3987340927124023,1
3.2341392040252686,1
3.6324496269226074,1
3.4401838779449463,1
3.300462484359741,1
3.2634100914001465,1
3.210745334625244,1
3.0031495094299316,1
2.8248045444488525,1
3.9217910766601563,1
3.15681791305542,1
2.8123021125793457,1
3.476980209350586,1
3.2293624877929688,1
2.6557981967926025,1
2.7276878356933594,1
2.767089366912842,1
2.3244471549987793,1
4.2474365234375,1
2.6279525756835938,1
3.4125313758850098,1
3.067704200744629,1
3.35968017578125,1
3.3909263610839844,1
3.600856304168701,1
3.299802541732788,1
3.733577251434326,1
2.9553146362304688,1
3.6142189502716064,1
3.1167831420898438,1
2.722254753112793,1
2.969494581222534,1
2.9587574005126953,1
3.3655056953430176,1
3.2315115928649902,1
3.0585989952087402,1
2.7261104583740234,1
2.7735767364501953,1
3.2989776134490967,1
2.692401885986328,1
3.74707293510437,1
3.0122556686401367,1
3.210453987121582,1
2.955362319946289,1
3.511638641357422,1
3.724623203277588,1
3.630927562713623,1
2.9537289142608643,1
2.710010290145874,1
3.2695600986480713,1
3.2355399131774902,1
3.2874984741210938,1
3.3564043045043945,1
3.542880058288574,1
3.4286584854125977,1
3.3411953449249268,1
3.911654233932495,1
3.0080909729003906,1
2.686039924621582,1
2.678081512451172,1
3.1214208602905273,1
3.5759522914886475,1
4.145429611206055,1
2.931598663330078,1
2.5764362812042236,1
3.283360719680786,1
2.9695229530334473,1
3.643873691558838,1
4.60202693939209,1
3.1633217334747314,1
3.658102035522461,1
3.157064437866211,1
3.5422496795654297,1
4.253308296203613,1
3.5519027709960938,1
3.8373448848724365,1
4.073429107666016,1
3.7157580852508545,1
3.5892744064331055,1
3.563649892807007,1
3.4959192276000977,1
3.8169636726379395,1
4.427937984466553,1
3.8998055458068848,1
4.114917755126953,1
3.359963893890381,1
4.593677043914795,1
2.8687620162963867,1
2.8857133388519287,1
3.214531183242798,1
3.993513584136963,1
3.9450085163116455,1
3.8847317695617676,1
3.2891578674316406,1
3.117302179336548,1
3.5582776069641113,1
4.232445240020752,1
3.469938278198242,1
3.392090082168579,1
3.2651078701019287,1
3.2579121589660645,1
4.00066614151001,1
2.6909444332122803,1
3.4892420768737793,1
3.2469680309295654,1
4.2538371086120605,1
2.5113167762756348,1
3.3604512214660645,1
3.4885125160217285,1
3.565840244293213,1
4.589747428894043,1
2.771919012069702,1
3.0689644813537598,1
3.991321086883545,1
3.4942071437835693,1
3.8019304275512695,1
3.3273351192474365,1
3.7291407585144043,1
3.399325370788574,1
3.3247487545013428,1
3.060030937194824,1
3.3767940998077393,1
3.118828296661377,1
3.3022398948669434,1
3.6867141723632813,1
3.8658576011657715,1
3.2071757316589355,1
2.9263343811035156,1
2.7585949897766113,1
2.7665395736694336,1
2.759472370147705,1
3.2658491134643555,1
3.405811309814453,1
3.0563299655914307,1
2.96738862991333,1
3.0064046382904053,1
3.270299196243286,1
2.8683502674102783,1
3.1820058822631836,1
3.176215171813965,1
2.681766986846924,1
2.794360637664795,1
3.4420018196105957,1
3.8900208473205566,1
3.596985340118408,1
3.070312738418579,1
3.0131583213806152,1
3.5806703567504883,1
3.571821451187134,1
3.201249122619629,1
3.1290059089660645,1
3.5271568298339844,1
3.168079137802124,1
4.449246406555176,1
4.127404689788818,1
3.166821241378784,1
2.947038173675537,1
3.7259082794189453,1
3.284740924835205,1
3.2095043659210205,1
3.0184597969055176,1
2.8574893474578857,1
3.6087372303009033,1
3.787489175796509,1
3.650423765182495,1
3.040813446044922,1
3.2800393104553223,1
4.128162384033203,1
4.006855487823486,1
3.1165661811828613,1
4.046546936035156,1
3.616854667663574,1
3.7555243968963623,1
3.4972329139709473,1
3.196260929107666,1
3.1966094970703125,1
3.130295753479004,1
3.6730525493621826,1
3.0773472785949707,1
3.1800408363342285,1
3.5642333030700684,1
3.3152339458465576,1
3.5456795692443848,1
2.3953068256378174,1
3.32332181930542,1
3.518627405166626,1
3.137000799179077,1
3.9388060569763184,1
3.53497576713562,1
3.239086627960205,1
3.6017351150512695,1
2.7764832973480225,1
3.4858317375183105,1
4.615399360656738,1
4.537998676300049,1
2.9341888427734375,1
3.4589927196502686,1
3.6487081050872803,1
3.710099697113037,1
2.8877153396606445,1
2.4728152751922607,1
2.9324779510498047,1
3.554824113845825,1
3.9291746616363525,1
3.4233949184417725,1
2.996880531311035,1
2.823911428451538,1
3.1113009452819824,1
3.2283856868743896,1
3.827969551086426,1
3.3237240314483643,1
3.0155558586120605,1
3.068089485168457,1
3.5417728424072266,1
3.1456587314605713,1
3.010284423828125,1
3.363223075866699,1
3.22027587890625,1
3.922133684158325,1
3.209141731262207,1
3.3151233196258545,1
3.7102432250976563,1
3.3317699432373047,1
3.484952211380005,1
2.919837236404419,1
2.9845592975616455,1
3.7041661739349365,1
3.4729561805725098,1
3.1978378295898438,1
2.8893401622772217,1
3.305115222930908,1
2.955979347229004,1
3.2687430381774902,1
3.302037477493286,1
2.66683292388916,1
3.6217689514160156,1
3.4025497436523438,1
3.8382978439331055,1
3.275538444519043,1
5.34632682800293,1
3.644207000732422,1
3.5085625648498535,1
3.2260942459106445,1
3.7142815589904785,1
2.658149242401123,1
3.2308032512664795,1
3.6152243614196777,1
2.669121742248535,1
3.1774678230285645,1
3.505774974822998,1
3.796098232269287,1
3.161191463470459,1
2.879420280456543,1
3.1766254901885986,1
3.4028549194335938,1
3.5827033519744873,1
2.813492774963379,1
2.9692201614379883,1
3.2671704292297363,1
2.9514174461364746,1
3.4498543739318848,1
3.3196892738342285,1
3.306975841522217,1
2.8597400188446045,1
3.2124252319335938,1
3.606971502304077,1
2.746540069580078,1
3.450943946838379,1
2.8122873306274414,1
3.0947632789611816,1
2.7198784351348877,1
4.022079944610596,1
3.1910057067871094,1
3.422451972961426,1
2.9027864933013916,1
3.648324489593506,1
2.8630428314208984,1
3.510988473892212,1
3.2476205825805664,1
3.912410259246826,1
3.6126327514648438,1
3.6463069915771484,1
2.793760299682617,1
3.118833541870117,1
2.7284622192382813,1
3.8263325691223145,1
3.6558876037597656,1
3.050870895385742,1
2.8659932613372803,1
3.2100634574890137,1
3.441582441329956,1
3.5536885261535645,1
3.3518762588500977,1
3.2637901306152344,1
3.255128860473633,1
3.349653720855713,1
3.10925030708313,1
2.9479470252990723,1
2.8234829902648926,1
3.2837157249450684,1
3.006385326385498,1
3.663804769515991,1
3.7786192893981934,1
2.9827535152435303,1
3.578951835632324,1
2.8796579837799072,1
4.779868125915527,1
3.00283145904541,1
3.2169251441955566,1
2.9549612998962402,1
4.346994876861572,1
3.5764822959899902,1
3.301269054412842,1
2.4927868843078613,1
4.191525936126709,1
3.127485990524292,1
4.200562477111816,1
4.150594234466553,1
4.995965003967285,1
3.766855239868164,1
2.9635708332061768,1
3.6068735122680664,1
3.0645439624786377,1
3.145637035369873,1
3.2229104042053223,1
3.5855681896209717,1
2.966679573059082,1
3.315721035003662,1
4.161430358886719,1
3.25403094291687,1
2.492633581161499,1
2.867051839828491,1
3.5722925662994385,1
3.467466354370117,1
3.1125502586364746,1
2.6965839862823486,1
2.737422227859497,1
3.74267840385437,1
3.457430601119995,1
2.949416160583496,1
2.679185390472412,1
3.6105942726135254,1
2.814319372177124,1
2.723635673522949,1
3.0017776489257813,1
4.354483127593994,1
3.2820301055908203,1
4.020305156707764,1
4.188230514526367,1
3.6921353340148926,1
4.159324645996094,1
3.5860235691070557,1
3.101792335510254,1
3.814708948135376,1
3.1330957412719727,1
3.679377317428589,1
3.6848669052124023,1
3.788234233856201,1
3.3374671936035156,1
2.8742356300354004,1
2.9116551876068115,1
2.8398592472076416,1
3.0638420581817627,1
3.565995931625366,1
4.471126079559326,1
2.5439600944519043,1
4.015578269958496,1
3.3839855194091797,1
3.556213617324829,1
3.4389090538024902,1
3.555832862854004,1
3.732607126235962,1
3.174246311187744,1
3.4766793251037598,1
2.9557371139526367,1
3.035648822784424,1
3.285714626312256,1
2.828277826309204,1
3.1848978996276855,1
3.7535080909729004,1
2.8710904121398926,1
3.2078094482421875,1
3.525374412536621,1
2.859632968902588,1
3.3887715339660645,1
4.418425559997559,1
3.0123353004455566,1
3.0837769508361816,1
2.704906702041626,1
2.849302291870117,1
3.570119619369507,1
2.8887267112731934,1
2.6921660900115967,1
2.9251627922058105,1
2.6725549697875977,1
3.2538540363311768,1
3.741753101348877,1
3.732083797454834,1
3.2207608222961426,1
2.9877030849456787,1
2.8648433685302734,1
2.4392783641815186,1
3.1894917488098145,1
3.4987549781799316,1
3.5778889656066895,1
2.882687568664551,1
3.4603357315063477,1
3.777153491973877,1
3.4009835720062256,1
3.8630590438842773,1
3.173701047897339,1
3.496898651123047,1
3.106140613555908,1
3.795948028564453,1
3.0868935585021973,1
3.39898681640625,1
3.0645511150360107,1
3.1960067749023438,1
3.755401134490967,1
2.8239552974700928,1
3.8298306465148926,1
3.303673267364502,1
2.9625771045684814,1
2.7420763969421387,1
3.0072386264801025,1
3.0651473999023438,1
2.5675466060638428,1
2.6129486560821533,1
3.0317816734313965,1
3.0738933086395264,1
2.9858005046844482,1
2.82600474357605,1
2.808774948120117,1
3.3795390129089355,1
3.5553231239318848,1
3.302037477493286,1
2.858715295791626,1
4.015628814697266,1
3.8431215286254883,1
2.8341031074523926,1
3.112605571746826,1
3.573206663131714,1
3.858687400817871,1
3.3492095470428467,1
3.461958169937134,1
3.9373722076416016,1
3.3653697967529297,1
3.0447185039520264,1
3.463136911392212,1
3.4466753005981445,1
2.546762466430664,1
3.2352418899536133,1
3.1261563301086426,1
2.821829319000244,1
3.9053101539611816,1
2.942870855331421,1
2.744246482849121,1
3.5528135299682617,1
3.102518081665039,1
2.8101720809936523,1
3.6533517837524414,1
3.4534010887145996,1
2.692161798477173,1
3.2439756393432617,1
2.9624693393707275,1
2.554914712905884,1
2.820833206176758,1
3.074005603790283,1
2.8056368827819824,1
3.030897378921509,1
3.040914535522461,1
3.4309189319610596,1
3.279799461364746,1
2.886892795562744,1
3.335411310195923,1
3.3588297367095947,1
3.404111385345459,1
2.7258005142211914,1
3.576827049255371,1
3.5975561141967773,1
3.3869454860687256,1
3.3769965171813965,1
3.1737844944000244,1
3.4674532413482666,1
3.367568016052246,1
3.4817464351654053,1
3.3194260597229004,1
3.324957847595215,1
3.2847414016723633,1
3.859656810760498,1
3.250316858291626,1
3.3282065391540527,1
3.997183322906494,1
3.4029712677001953,1
3.0551843643188477,1
3.439838409423828,1
3.046818256378174,1
3.0708823204040527,1
3.338122844696045,1
3.2189784049987793,1
4.24422550201416,1
2.918722152709961,1
3.219639778137207,1
3.53381609916687,1
3.2427845001220703,1
2.732067584991455,1
3.0492892265319824,1
3.6955182552337646,1
4.1697096824646,1
3.2154951095581055,1
3.02728009223938,1
3.0511398315429688,1
3.395132064819336,1
3.1327075958251953,1
3.8823423385620117,1
3.1989688873291016,1
3.0258188247680664,1
3.175421714782715,1
3.026978015899658,1
2.800184726715088,1
3.767141103744507,1
3.346428394317627,1
3.9082534313201904,1
3.5105199813842773,1
3.2812657356262207,1
3.378668785095215,1
3.2068324089050293,1
3.300300121307373,1
3.780380964279175,1
2.4973349571228027,1
3.314451217651367,1
3.428791046142578,1
3.660399913787842,1
2.981563091278076,1
3.680169105529785,1
3.6604418754577637,1
2.928680419921875,1
3.3994131088256836,1
3.008420944213867,1
3.429811477661133,1
3.356922149658203,1
3.672994613647461,1
3.6656196117401123,1
3.272645950317383,1
3.0412659645080566,1
3.9729244709014893,1
2.6957082748413086,1
2.87211275100708,1
3.0502266883850098,1
2.330554962158203,1
2.808628797531128,1
2.576167583465576,1
3.321030855178833,1
3.744126319885254,1
2.621108293533325,1
3.269460439682007,1
2.884385108947754,1
3.8728065490722656,1
3.533223867416382,1
2.824798107147217,1
3.075751304626465,1
3.22696852684021,1
3.080489158630371,1
3.4872357845306396,1
3.5459930896759033,1
3.8060314655303955,1
3.1886651515960693,1
3.785144329071045,1
4.052896022796631,1
3.6372804641723633,1
3.193603277206421,1
2.9082868099212646,1
3.3549118041992188,1
3.089569568634033,1
2.8882710933685303,1
3.0070080757141113,1
2.957167863845825,1
3.7304792404174805,1
3.511359214782715,1
2.97802472114563,1
3.1193060874938965,1
2.759932518005371,1
4.303621292114258,1
3.425908088684082,1
3.2750020027160645,1
3.519204616546631,1
3.051560163497925,1
