4.056936264038086,1
3.9551706314086914,1
3.0250959396362305,1
3.3452935218811035,1
4.070012092590332,1
3.0215930938720703,1
3.720526695251465,1
4.657545566558838,1
3.8054757118225098,1
3.262794017791748,1
4.082001209259033,1
3.7341604232788086,1
3.755293607711792,1
4.712972164154053,1
2.9617409706115723,1
3.275440216064453,1
3.7175159454345703,1
3.5510165691375732,1
3.258493661880493,1
3.263653516769409,1
3.4130725860595703,1
3.493011474609375,1
4.044435501098633,1
3.886992931365967,1
3.788201332092285,1
3.4378433227539063,1
3.562682628631592,1
3.4686083793640137,1
2.8583600521087646,1
3.4910149574279785,1
3.8551185131073,1
3.167987108230591,1
3.728199005126953,1
3.3279647827148438,1
2.8226072788238525,1
3.0201659202575684,1
3.468919277191162,1
3.0280251502990723,1
3.540778636932373,1
3.6925549507141113,1
3.7418406009674072,1
3.1209540367126465,1
3.0090460777282715,1
3.357171058654785,1
3.9125399589538574,1
3.7399253845214844,1
3.9515137672424316,1
3.43330717086792,1
4.439085960388184,1
3.509251594543457,1
3.7528514862060547,1
3.4857823848724365,1
3.653120756149292,1
2.9256949424743652,1
3.065984010696411,1
3.094552993774414,1
3.0648016929626465,1
3.7932028770446777,1
3.5930368900299072,1
4.597960948944092,1
3.3936562538146973,1
3.6719017028808594,1
3.8932371139526367,1
3.8225464820861816,1
4.7206268310546875,1
3.715157985687256,1
3.5451619625091553,1
3.2979679107666016,1
4.140923500061035,1
3.6445505619049072,1
3.638340711593628,1
3.7792892456054688,1
3.434926748275757,1
3.762545108795166,1
3.9342188835144043,1
3.784182071685791,1
3.409231185913086,1
3.0800070762634277,1
3.777280330657959,1
3.587221145629883,1
3.3407464027404785,1
4.357171535491943,1
3.240257501602173,1
3.5670816898345947,1
3.2763547897338867,1
4.214333534240723,1
3.6067304611206055,1
3.8087432384490967,1
4.315278053283691,1
3.415750503540039,1
3.7551159858703613,1
3.7746105194091797,1
3.9064817428588867,1
4.465593338012695,1
4.371710777282715,1
3.727604866027832,1
3.6290500164031982,1
3.5807313919067383,1
3.7141995429992676,1
3.639495849609375,1
3.2741012573242188,1
3.811241626739502,1
3.340355396270752,1
4.011534690856934,1
4.198539733886719,1
3.412289619445801,1
3.326472520828247,1
4.91159725189209,1
4.569034576416016,1
4.267875671386719,1
4.705207824707031,1
6.330379486083984,1
5.492249488830566,1
3.955610513687134,1
3.504304885864258,1
4.470267295837402,1
5.243673324584961,1
3.8065483570098877,1
5.261537075042725,1
3.9184067249298096,1
3.536543369293213,1
3.300248622894287,1
4.219708442687988,1
4.408397674560547,1
4.253020286560059,1
3.860501527786255,1
3.959040641784668,1
4.240169048309326,1
4.464684009552002,1
3.8622350692749023,1
3.845388412475586,1
4.7730889320373535,1
3.8735556602478027,1
4.137387275695801,1
4.860355377197266,1
3.991456985473633,1
4.582583427429199,1
4.180363655090332,1
4.233110427856445,1
4.417289733886719,1
4.272965431213379,1
4.407476425170898,1
3.156447410583496,1
3.9944393634796143,1
2.9129185676574707,1
4.726011276245117,1
3.4543564319610596,1
4.813305854797363,1
3.288834810256958,1
4.220710754394531,1
3.676093101501465,1
3.54044246673584,1
3.6570067405700684,1
2.7626595497131348,1
3.875655174255371,1
4.256734848022461,1
4.0261335372924805,1
4.332463264465332,1
4.062950134277344,1
3.5840470790863037,1
4.158451557159424,1
4.714241981506348,1
4.330817222595215,1
3.7006280422210693,1
3.8799312114715576,1
3.4085865020751953,1
4.365891456604004,1
4.304581165313721,1
4.281921863555908,1
4.3294878005981445,1
3.429610252380371,1
3.9126179218292236,1
4.628684997558594,1
4.778374671936035,1
3.226820468902588,1
3.624601125717163,1
3.6974825859069824,1
3.734666347503662,1
3.5816433429718018,1
3.509974241256714,1
4.012596130371094,1
4.277050495147705,1
3.0808608531951904,1
3.6149044036865234,1
3.4753432273864746,1
3.431400775909424,1
3.7615747451782227,1
4.189903259277344,1
4.617818832397461,1
3.2698593139648438,1
3.8536033630371094,1
4.406106948852539,1
3.39086651802063,1
3.364147186279297,1
3.809264659881592,1
4.312994003295898,1
3.612907648086548,1
3.8020732402801514,1
3.961869239807129,1
3.4602441787719727,1
3.911571979522705,1
3.573103189468384,1
3.8187098503112793,1
3.7906246185302734,1
3.1819779872894287,1
3.8212294578552246,1
3.763408899307251,1
3.7011141777038574,1
4.0455827713012695,1
3.1784493923187256,1
3.448887586593628,1
3.2715415954589844,1
3.658870220184326,1
3.4649300575256348,1
3.7758634090423584,1
3.444262981414795,1
3.002532958984375,1
3.4579954147338867,1
3.1875,1
3.9573864936828613,1
4.330068588256836,1
3.169255018234253,1
3.942469596862793,1
4.0695037841796875,1
3.962371826171875,1
3.5495710372924805,1
4.016669273376465,1
4.3886237144470215,1
3.5185208320617676,1
3.4830386638641357,1
3.491175889968872,1
3.777647018432617,1
4.094030857086182,1
3.5145254135131836,1
3.719142436981201,1
3.446889877319336,1
3.3981239795684814,1
4.0705037117004395,1
3.841984748840332,1
3.92337703704834,1
3.3626036643981934,1
3.838928461074829,1
4.108903884887695,1
3.526711940765381,1
3.6469240188598633,1
3.3669393062591553,1
3.7010133266448975,1
3.286996841430664,1
3.7288031578063965,1
4.308265209197998,1
3.479969024658203,1
3.351163148880005,1
3.804734706878662,1
3.741701126098633,1
3.150278091430664,1
3.270754814147949,1
3.74007248878479,1
3.331911325454712,1
3.3484549522399902,1
3.165743827819824,1
3.1829049587249756,1
3.363234043121338,1
3.2952725887298584,1
3.611562728881836,1
2.9387118816375732,1
4.1668381690979,1
3.3041324615478516,1
2.998392343521118,1
5.5108842849731445,1
4.156467437744141,1
3.4733543395996094,1
3.004889488220215,1
3.6680731773376465,1
4.790504455566406,1
3.1143527030944824,1
3.6755638122558594,1
4.167092800140381,1
3.656404972076416,1
4.880928993225098,1
3.4696812629699707,1
3.671564817428589,1
3.3225018978118896,1
3.5040292739868164,1
3.8013601303100586,1
4.178560256958008,1
3.601264476776123,1
3.8684632778167725,1
3.760551929473877,1
2.862194061279297,1
3.396662712097168,1
4.620734214782715,1
3.798920154571533,1
4.104608058929443,1
3.4407126903533936,1
3.7337992191314697,1
3.99436092376709,1
3.349670171737671,1
4.2856574058532715,1
4.199616432189941,1
3.5114684104919434,1
3.5928735733032227,1
5.066883087158203,1
4.621949672698975,1
4.053658485412598,1
4.056885719299316,1
4.193658828735352,1
3.8452823162078857,1
4.110095024108887,1
3.9279134273529053,1
3.6123974323272705,1
3.3532495498657227,1
3.936382293701172,1
3.2620253562927246,1
3.781047821044922,1
3.2970805168151855,1
3.398380756378174,1
4.419316291809082,1
4.3613600730896,1
4.085463523864746,1
4.250311851501465,1
3.5892117023468018,1
3.8841757774353027,1
4.03493595123291,1
3.311835765838623,1
3.0656986236572266,1
3.1589887142181396,1
4.811110973358154,1
4.055583477020264,1
4.668220520019531,1
3.8093252182006836,1
3.8966102600097656,1
3.9437155723571777,1
4.193995952606201,1
4.215272426605225,1
4.3485212326049805,1
3.6059861183166504,1
3.3757190704345703,1
2.921771287918091,1
3.9526398181915283,1
3.2311630249023438,1
3.842278003692627,1
3.417619228363037,1
3.635221004486084,1
4.919992446899414,1
3.9684622287750244,1
3.8892595767974854,1
5.792202949523926,1
3.851388454437256,1
3.4365103244781494,1
4.061186790466309,1
4.267824172973633,1
3.702516794204712,1
3.8902506828308105,1
4.511448860168457,1
4.0210371017456055,1
3.6935925483703613,1
4.07097864151001,1
4.322201728820801,1
3.996609926223755,1
3.7298331260681152,1
3.5678772926330566,1
3.425762176513672,1
3.519742488861084,1
3.721205472946167,1
4.478553771972656,1
3.2611794471740723,1
4.13598108291626,1
4.058413505554199,1
3.5873026847839355,1
3.3992018699645996,1
3.5537610054016113,1
3.315091133117676,1
3.382786750793457,1
3.520869255065918,1
3.6700797080993652,1
4.02202033996582,1
3.4420249462127686,1
3.7831482887268066,1
3.259941577911377,1
3.8597419261932373,1
3.553835391998291,1
3.643155574798584,1
3.2589170932769775,1
4.240537643432617,1
3.594874858856201,1
3.644902467727661,1
4.076920986175537,1
3.6267309188842773,1
3.3443846702575684,1
4.197375297546387,1
3.1031413078308105,1
3.0113067626953125,1
3.607602834701538,1
2.8102221488952637,1
3.369166374206543,1
3.651217460632324,1
2.9466705322265625,1
3.6573753356933594,1
3.2981133460998535,1
4.068299293518066,1
4.020868301391602,1
3.3257644176483154,1
3.6088931560516357,1
3.8017630577087402,1
3.596933364868164,1
3.097977638244629,1
3.423664093017578,1
3.885648488998413,1
3.623659610748291,1
3.382805109024048,1
3.3384971618652344,1
3.666290521621704,1
4.113433837890625,1
3.6027140617370605,1
3.3152575492858887,1
4.242435455322266,1
2.919304132461548,1
3.3216280937194824,1
3.46856951713562,1
3.2531962394714355,1
3.9202258586883545,1
5.321989059448242,1
4.426133155822754,1
3.752664804458618,1
3.6363840103149414,1
3.3547985553741455,1
3.9672293663024902,1
3.504121780395508,1
3.446964740753174,1
3.35394024848938,1
4.038625717163086,1
3.372697353363037,1
3.4950952529907227,1
3.2273311614990234,1
3.6878809928894043,1
3.6710219383239746,1
3.2635889053344727,1
3.776787519454956,1
3.471189022064209,1
3.2477478981018066,1
3.5001003742218018,1
3.7542316913604736,1
3.325753688812256,1
4.260313987731934,1
3.547651529312134,1
4.415841102600098,1
4.2982177734375,1
3.584430694580078,1
3.6049742698669434,1
4.067070484161377,1
3.9587442874908447,1
3.264279365539551,1
3.81919264793396,1
4.230347633361816,1
4.818904399871826,1
3.817347526550293,1
3.261474847793579,1
3.7962191104888916,1
2.861154556274414,1
3.703524589538574,1
4.287541389465332,1
3.644967555999756,1
3.3807666301727295,1
3.387061595916748,1
3.8575854301452637,1
3.383540630340576,1
3.684868097305298,1
3.4221153259277344,1
3.5250611305236816,1
3.3484508991241455,1
4.539463996887207,1
4.451224327087402,1
3.817824602127075,1
3.8648202419281006,1
3.9653818607330322,1
5.040551662445068,1
4.629411697387695,1
3.6414647102355957,1
3.59287691116333,1
4.510219097137451,1
4.517633438110352,1
3.3011810779571533,1
2.965777635574341,1
3.6863343715667725,1
4.102499008178711,1
3.454111337661743,1
3.635035514831543,1
2.865140438079834,1
4.142219543457031,1
3.793419361114502,1
3.4279632568359375,1
4.075842380523682,1
3.5645854473114014,1
3.079789400100708,1
4.746870994567871,1
3.459263801574707,1
3.4374678134918213,1
3.1926937103271484,1
3.7749080657958984,1
3.998976707458496,1
3.7819643020629883,1
3.1808924674987793,1
5.297544002532959,1
3.945378541946411,1
3.679744243621826,1
5.460993766784668,1
4.126154899597168,1
3.200356960296631,1
3.6518635749816895,1
4.026386260986328,1
3.3397459983825684,1
3.4517462253570557,1
3.980234146118164,1
3.6188535690307617,1
3.674140691757202,1
4.169431686401367,1
3.540022373199463,1
3.8186140060424805,1
3.5464470386505127,1
3.727806568145752,1
3.469949245452881,1
3.393247604370117,1
3.1467554569244385,1
3.889011859893799,1
3.0070559978485107,1
3.721148729324341,1
3.257441520690918,1
3.4219746589660645,1
3.5064620971679688,1
3.1685476303100586,1
3.9470503330230713,1
3.5133187770843506,1
3.4323978424072266,1
3.284449815750122,1
3.295271396636963,1
3.71151065826416,1
3.708977460861206,1
3.28271746635437,1
3.0309243202209473,1
2.8315534591674805,1
2.8710131645202637,1
3.8691177368164063,1
3.7859578132629395,1
3.4964699745178223,1
3.387112617492676,1
3.6832964420318604,1
3.714515209197998,1
3.6515560150146484,1
3.877711772918701,1
3.987399101257324,1
3.967179536819458,1
3.438292980194092,1
2.940159559249878,1
4.142212867736816,1
3.4282498359680176,1
3.05353045463562,1
3.8683485984802246,1
3.554777145385742,1
3.495143413543701,1
3.867708683013916,1
3.1738781929016113,1
3.9642529487609863,1
3.039360523223877,1
3.42875599861145,1
3.5460426807403564,1
3.331639289855957,1
3.8790323734283447,1
3.0570027828216553,1
3.2759854793548584,1
3.6703619956970215,1
4.025493621826172,1
4.056374549865723,1
3.9245638847351074,1
3.726534366607666,1
3.9528145790100098,1
4.19698429107666,1
3.5968713760375977,1
3.136901378631592,1
3.4857497215270996,1
3.539933681488037,1
3.6582682132720947,1
3.7550885677337646,1
4.26924467086792,1
2.796835422515869,1
2.975163698196411,1
3.774982213973999,1
3.6849067211151123,1
3.804962635040283,1
3.696953296661377,1
3.1126039028167725,1
3.1618828773498535,1
4.017200469970703,1
3.5317180156707764,1
3.7609522342681885,1
4.04314661026001,1
3.1757020950317383,1
3.3798828125,1
3.4691970348358154,1
3.6990163326263428,1
3.654430389404297,1
3.2666237354278564,1
3.5341010093688965,1
3.7451820373535156,1
3.41257905960083,1
3.968502998352051,1
3.642298460006714,1
3.5617635250091553,1
3.1379432678222656,1
3.8020639419555664,1
3.446474313735962,1
3.155500888824463,1
3.6561436653137207,1
3.5316922664642334,1
3.4417946338653564,1
3.698456048965454,1
3.6735870838165283,1
3.389420509338379,1
3.3430919647216797,1
3.5549392700195313,1
3.973262310028076,1
3.595785140991211,1
3.617215156555176,1
4.678750038146973,1
3.4592134952545166,1
4.331995010375977,1
4.611330032348633,1
3.9960803985595703,1
4.235743045806885,1
3.45923113822937,1
3.7598066329956055,1
4.12646484375,1
3.0040876865386963,1
3.826885461807251,1
3.545009136199951,1
3.66192626953125,1
3.6073386669158936,1
3.701655387878418,1
3.855663299560547,1
3.322584867477417,1
3.6504130363464355,1
3.152507781982422,1
3.9095983505249023,1
2.8579492568969727,1
3.0258355140686035,1
3.4652419090270996,1
3.4285054206848145,1
3.3877112865448,1
3.5457844734191895,1
3.568319082260132,1
3.353877544403076,1
3.3407058715820313,1
3.7044081687927246,1
3.5747902393341064,1
3.250265598297119,1
3.4971444606781006,1
4.064929008483887,1
3.523420810699463,1
3.903050422668457,1
3.6457862854003906,1
4.16500186920166,1
4.046421527862549,1
3.4161787033081055,1
3.5459702014923096,1
3.1909942626953125,1
3.389561176300049,1
3.66329288482666,1
3.8419764041900635,1
3.5658063888549805,1
3.498915195465088,1
3.620574474334717,1
3.430279016494751,1
3.8685970306396484,1
3.751920223236084,1
3.692462921142578,1
3.526075839996338,1
4.2938337326049805,1
3.8333311080932617,1
3.846804618835449,1
3.7090611457824707,1
3.687889814376831,1
3.3907322883605957,1
4.185138702392578,1
3.6966075897216797,1
3.7012953758239746,1
3.4482359886169434,1
3.9012889862060547,1
4.926942825317383,1
3.666769027709961,1
3.6054506301879883,1
3.7329657077789307,1
4.349401473999023,1
4.767007827758789,1
3.6615335941314697,1
3.5927553176879883,1
4.546562194824219,1
4.80126953125,1
4.963253974914551,1
4.427221775054932,1
4.182416915893555,1
4.376119136810303,1
3.6755869388580322,1
4.075109481811523,1
4.579651832580566,1
3.9886531829833984,1
4.794074058532715,1
3.979301691055298,1
5.000349044799805,1
4.207462787628174,1
4.507903099060059,1
4.316803455352783,1
3.8216660022735596,1
4.196118354797363,1
5.254757881164551,1
4.1087260246276855,1
3.1968283653259277,1
3.7385401725769043,1
3.4911608695983887,1
3.5287537574768066,1
3.389669418334961,1
3.5514934062957764,1
3.924680471420288,1
3.6050288677215576,1
3.6375672817230225,1
3.565929651260376,1
3.3719935417175293,1
3.771751880645752,1
4.165985107421875,1
3.8386425971984863,1
3.322765588760376,1
4.4829230308532715,1
4.861742973327637,1
4.30854606628418,1
3.4477148056030273,1
3.909844398498535,1
3.803112745285034,1
3.635941505432129,1
3.588207244873047,1
2.999147891998291,1
3.7190990447998047,1
4.02873420715332,1
3.244467258453369,1
3.7709856033325195,1
3.1680455207824707,1
3.9693384170532227,1
3.1379690170288086,1
4.200453281402588,1
4.057587623596191,1
3.4992780685424805,1
3.3421902656555176,1
3.551028251647949,1
3.215484380722046,1
3.176149845123291,1
3.8306074142456055,1
3.5832059383392334,1
3.744889736175537,1
3.472899913787842,1
3.412980079650879,1
3.8240485191345215,1
4.817579746246338,1
4.96088981628418,1
4.7724609375,1
5.291638374328613,1
4.254891395568848,1
4.29173469543457,1
3.830829381942749,1
4.1535234451293945,1
3.6683645248413086,1
3.7839787006378174,1
4.156379699707031,1
3.8982415199279785,1
4.672065258026123,1
3.9014995098114014,1
3.9192123413085938,1
3.807154417037964,1
4.122727394104004,1
3.824906349182129,1
3.8531994819641113,1
3.8175911903381348,1
3.6607542037963867,1
3.707930564880371,1
4.20998477935791,1
4.3681745529174805,1
3.561469554901123,1
4.636050224304199,1
3.431905746459961,1
3.9023947715759277,1
3.5235509872436523,1
3.8863162994384766,1
3.418595314025879,1
3.8702259063720703,1
3.8273983001708984,1
4.045217037200928,1
3.6584620475769043,1
3.9069838523864746,1
3.337230920791626,1
3.306288719177246,1
3.5831167697906494,1
3.4252233505249023,1
3.6506094932556152,1
3.3311080932617188,1
4.146958827972412,1
3.448306083679199,1
3.648780584335327,1
3.9778590202331543,1
3.690556049346924,1
3.7467217445373535,1
3.248302459716797,1
4.173285484313965,1
3.4191298484802246,1
3.6140482425689697,1
3.9332432746887207,1
3.6879947185516357,1
3.12559175491333,1
3.714447021484375,1
3.4099836349487305,1
2.894900321960449,1
3.838291645050049,1
3.9667165279388428,1
3.5839924812316895,1
3.146918296813965,1
3.4128103256225586,1
3.9492902755737305,1
3.2133870124816895,1
3.6673426628112793,1
4.089382648468018,1
3.4583892822265625,1
3.8079349994659424,1
3.809088945388794,1
4.513184070587158,1
3.8389086723327637,1
3.0987958908081055,1
3.6066603660583496,1
3.9925875663757324,1
3.798672914505005,1
3.5999693870544434,1
3.542231798171997,1
3.3165178298950195,1
3.490429162979126,1
3.753544330596924,1
3.4678640365600586,1
3.9498982429504395,1
3.0816497802734375,1
3.5130605697631836,1
3.815520763397217,1
3.3045921325683594,1
3.6997246742248535,1
3.507570266723633,1
3.7078893184661865,1
3.6475679874420166,1
4.012799263000488,1
3.8745265007019043,1
3.321845531463623,1
4.529502868652344,1
3.1610612869262695,1
3.8320631980895996,1
3.6809511184692383,1
3.2550323009490967,1
3.456320285797119,1
3.9287936687469482,1
3.2126779556274414,1
4.089949131011963,1
5.036474227905273,1
4.421828746795654,1
3.5721964836120605,1
3.7032482624053955,1
4.507570266723633,1
4.275689125061035,1
3.811309337615967,1
3.6484570503234863,1
3.1439738273620605,1
4.0346269607543945,1
2.8332855701446533,1
3.2396457195281982,1
3.7015225887298584,1
3.2583048343658447,1
4.108534812927246,1
3.934988021850586,1
3.880742073059082,1
3.707343101501465,1
3.637936592102051,1
4.367994785308838,1
3.8966076374053955,1
3.9681684970855713,1
3.8055129051208496,1
3.488987922668457,1
5.610154151916504,1
3.4667320251464844,1
3.0388343334198,1
3.454835891723633,1
3.7267541885375977,1
3.342637062072754,1
2.773026704788208,1
3.291618824005127,1
3.244338274002075,1
3.3295018672943115,1
3.7850966453552246,1
4.212667465209961,1
3.6980762481689453,1
3.0982165336608887,1
3.762751817703247,1
3.018677234649658,1
2.7796554565429688,1
3.5148203372955322,1
3.7548325061798096,1
2.8425755500793457,1
3.3450369834899902,1
3.128927707672119,1
3.0859851837158203,1
3.876516580581665,1
3.3660247325897217,1
2.7969541549682617,1
2.9143214225769043,1
3.60593318939209,1
3.487307548522949,1
2.9784302711486816,1
3.593170166015625,1
3.3618621826171875,1
4.190918922424316,1
3.145115375518799,1
3.8067338466644287,1
3.087313652038574,1
3.9249420166015625,1
2.894564628601074,1
3.837676763534546,1
3.6710615158081055,1
3.738715887069702,1
3.623849868774414,1
3.0224852561950684,1
3.2458317279815674,1
3.4855265617370605,1
3.3437705039978027,1
4.018576622009277,1
3.994468927383423,1
3.444758892059326,1
3.995339870452881,1
3.735029458999634,1
3.4966609477996826,1
3.503293037414551,1
3.3303933143615723,1
3.896059274673462,1
3.4998703002929688,1
2.9715890884399414,1
3.5237607955932617,1
3.481750965118408,1
3.143620491027832,1
3.497699737548828,1
3.2863388061523438,1
3.6703262329101563,1
2.932837963104248,1
3.9219117164611816,1
3.248290538787842,1
3.1642470359802246,1
3.5927724838256836,1
2.997692823410034,1
3.5843894481658936,1
3.7599997520446777,1
3.4482812881469727,1
3.1402249336242676,1
2.943692684173584,1
3.28292179107666,1
4.057163238525391,1
3.3886024951934814,1
4.028441905975342,1
4.128454208374023,1
3.5978915691375732,1
3.159003973007202,1
3.056511878967285,1
3.5104455947875977,1
3.5663132667541504,1
3.339961051940918,1
3.3113434314727783,1
3.315189838409424,1
3.770076274871826,1
2.8363354206085205,1
3.5446863174438477,1
3.019293785095215,1
3.7160844802856445,1
4.449091911315918,1
3.3046178817749023,1
3.108017921447754,1
2.7201156616210938,1
3.791743278503418,1
3.3586344718933105,1
3.628272771835327,1
4.058802127838135,1
3.4151110649108887,1
3.69358491897583,1
3.4839560985565186,1
3.3525490760803223,1
3.502080202102661,1
3.879868507385254,1
3.4587409496307373,1
3.947141647338867,1
3.388482093811035,1
4.3197526931762695,1
4.304091453552246,1
3.335988759994507,1
3.8456530570983887,1
4.087070941925049,1
3.5134997367858887,1
2.9476404190063477,1
3.3361706733703613,1
4.522316932678223,1
4.737985134124756,1
4.265871047973633,1
3.533747434616089,1
3.7178401947021484,1
3.2690014839172363,1
3.7991044521331787,1
3.61676025390625,1
3.7282137870788574,1
3.76153564453125,1
3.803750991821289,1
3.042043685913086,1
3.974327325820923,1
3.371432065963745,1
3.6407470703125,1
3.817659378051758,1
3.6140871047973633,1
3.377326488494873,1
3.3377699851989746,1
3.519090175628662,1
3.3623204231262207,1
3.344465732574463,1
3.680912971496582,1
3.732814311981201,1
3.6657114028930664,1
3.8554868698120117,1
3.9636924266815186,1
3.0334818363189697,1
2.7268362045288086,1
3.5052592754364014,1
4.008752822875977,1
3.53881573677063,1
3.940429925918579,1
4.2350335121154785,1
3.401704788208008,1
3.8884482383728027,1
3.472517490386963,1
4.405814170837402,1
3.7975776195526123,1
3.6368956565856934,1
3.082463264465332,1
3.448932647705078,1
3.6862149238586426,1
3.3898191452026367,1
3.9065325260162354,1
3.3666272163391113,1
3.2861251831054688,1
4.674494743347168,1
3.560776948928833,1
3.2840590476989746,1
3.449613571166992,1
4.216009616851807,1
3.4599814414978027,1
3.633711814880371,1
3.4632821083068848,1
3.462024688720703,1
3.4077301025390625,1
4.006014823913574,1
3.1969637870788574,1
3.2829949855804443,1
3.314192295074463,1
3.5375895500183105,1
3.062152862548828,1
3.2128677368164063,1
3.830451488494873,1
3.675705671310425,1
3.6941137313842773,1
3.53554105758667,1
3.0277068614959717,1
3.553489923477173,1
3.480057954788208,1
3.7382113933563232,1
3.277557611465454,1
3.5002551078796387,1
3.3647725582122803,1
2.657961368560791,1
3.4899086952209473,1
3.256380081176758,1
3.3508129119873047,1
3.898388385772705,1
4.252797603607178,1
4.167938709259033,1
3.5948326587677,1
4.217114448547363,1
3.9586689472198486,1
3.6669230461120605,1
3.0793464183807373,1
4.007371425628662,1
3.9543581008911133,1
3.610252857208252,1
3.6517491340637207,1
3.9790496826171875,1
4.288782119750977,1
3.490414619445801,1
3.414541244506836,1
3.7017619609832764,1
3.4797096252441406,1
3.4479079246520996,1
3.4720821380615234,1
3.769474506378174,1
3.331862449645996,1
3.2843127250671387,1
4.388275146484375,1
4.020506858825684,1
3.4824631214141846,1
3.233273506164551,1
3.8434834480285645,1
3.637355089187622,1
3.4947831630706787,1
3.5159082412719727,1
3.2130377292633057,1
3.166231155395508,1
3.7093498706817627,1
3.247023820877075,1
3.82879900932312,1
3.687004327774048,1
3.604189872741699,1
3.447037935256958,1
3.4156298637390137,1
3.9657063484191895,1
3.7588462829589844,1
3.6383495330810547,1
3.854259967803955,1
4.5418572425842285,1
3.655292510986328,1
3.9654645919799805,1
3.9211158752441406,1
4.734570503234863,1
5.360426902770996,1
3.9723422527313232,1
4.161695957183838,1
3.699301242828369,1
3.3912906646728516,1
3.8441758155822754,1
3.449702262878418,1
3.590909481048584,1
3.9761691093444824,1
3.3544373512268066,1
3.042116165161133,1
3.044264793395996,1
3.558525323867798,1
5.36245059967041,1
3.1897363662719727,1
4.453639507293701,1
3.587136745452881,1
3.535210132598877,1
3.57973575592041,1
3.7044882774353027,1
3.775505304336548,1
3.413010835647583,1
4.070398807525635,1
3.783064126968384,1
3.19004487991333,1
3.6067495346069336,1
3.488820791244507,1
3.9927279949188232,1
3.4808878898620605,1
3.974445104598999,1
3.5886600017547607,1
3.4406898021698,1
3.827723979949951,1
5.0486555099487305,1
4.067425727844238,1
3.9471824169158936,1
3.4698283672332764,1
4.311717510223389,1
4.130229949951172,1
3.977276563644409,1
3.09039306640625,1
4.611697673797607,1
3.8018176555633545,1
3.609332323074341,1
3.868974208831787,1
4.62004280090332,1
4.037702560424805,1
4.117652416229248,1
3.6100926399230957,1
4.025226593017578,1
3.2080981731414795,1
3.302639961242676,1
3.30250883102417,1
3.4394302368164063,1
3.013014793395996,1
3.875056266784668,1
3.6569929122924805,1
3.391430139541626,1
3.1899306774139404,1
3.209233522415161,1
3.5528669357299805,1
3.627073049545288,1
4.526736259460449,1
3.7310590744018555,1
3.4744441509246826,1
3.8162097930908203,1
3.13309383392334,1
3.26961088180542,1
3.1970958709716797,1
3.9438912868499756,1
3.5410521030426025,1
4.287347793579102,1
3.500668525695801,1
3.09743070602417,1
3.203644275665283,1
2.760000228881836,1
3.6658167839050293,1
2.838423013687134,1
3.326356887817383,1
2.9346351623535156,1
3.6834826469421387,1
3.272731304168701,1
3.2190394401550293,1
3.8411574363708496,1
2.899446964263916,1
2.987701892852783,1
3.3765692710876465,1
3.7106680870056152,1
3.2365050315856934,1
4.355945587158203,1
3.949878454208374,1
3.971968173980713,1
3.329123020172119,1
3.428459644317627,1
3.7984347343444824,1
3.504539966583252,1
3.3455350399017334,1
3.782378911972046,1
3.229912757873535,1
3.613316535949707,1
3.7219507694244385,1
3.4194302558898926,1
3.6367592811584473,1
3.81074595451355,1
3.8027753829956055,1
3.5025858879089355,1
3.5365519523620605,1
3.78303861618042,1
2.96828556060791,1
4.059452056884766,1
3.68748140335083,1
3.358367443084717,1
4.051473617553711,1
3.465608596801758,1
3.439080238342285,1
3.94242525100708,1
3.525646448135376,1
3.7429745197296143,1
3.7108497619628906,1
3.8610951900482178,1
4.293882369995117,1
4.167766571044922,1
3.7614002227783203,1
3.245126962661743,1
3.295182228088379,1
4.059013366699219,1
3.8034934997558594,1
3.847942352294922,1
3.3274333477020264,1
3.6043813228607178,1
3.082487106323242,1
4.090364456176758,1
3.1568713188171387,1
3.903465747833252,1
3.2406978607177734,1
3.6230006217956543,1
3.3915867805480957,1
3.686979293823242,1
3.8043251037597656,1
3.322328805923462,1
4.403262615203857,1
3.7514071464538574,1
4.403695106506348,1
3.8486270904541016,1
3.4001801013946533,1
3.643014430999756,1
3.841766595840454,1
3.7647500038146973,1
3.968336582183838,1
2.986952543258667,1
3.1666908264160156,1
3.704362392425537,1
4.439455986022949,1
3.8901047706604004,1
3.310828685760498,1
4.033148288726807,1
3.4713778495788574,1
3.8066015243530273,1
3.7348737716674805,1
4.130167484283447,1
4.361456871032715,1
3.5997567176818848,1
4.242703914642334,1
3.9503164291381836,1
3.7269153594970703,1
4.01474666595459,1
3.6145060062408447,1
3.5974321365356445,1
3.793099880218506,1
4.185835838317871,1
4.394566059112549,1
3.892011880874634,1
3.9149885177612305,1
3.4680466651916504,1
3.291872501373291,1
3.752734661102295,1
3.0457277297973633,1
3.322056770324707,1
3.1325507164001465,1
2.9609978199005127,1
3.458205223083496,1
3.5754952430725098,1
3.402533531188965,1
3.9973905086517334,1
4.006089687347412,1
3.251509666442871,1
3.943262815475464,1
2.7621350288391113,1
3.4290013313293457,1
3.0853781700134277,1
3.2977867126464844,1
3.5336005687713623,1
4.0833516120910645,1
4.132571220397949,1
3.761204481124878,1
4.212959289550781,1
3.239351272583008,1
3.360167980194092,1
3.637359142303467,1
3.0741875171661377,1
3.2817721366882324,1
3.5224714279174805,1
4.19879674911499,1
4.143009662628174,1
4.226078033447266,1
3.9871468544006348,1
3.9320530891418457,1
3.4790542125701904,1
4.317195415496826,1
4.008234977722168,1
3.8639864921569824,1
3.3661866188049316,1
3.7318878173828125,1
4.700223922729492,1
4.1264495849609375,1
3.6264500617980957,1
4.090009689331055,1
3.066234827041626,1
3.6934547424316406,1
3.878570795059204,1
3.7804386615753174,1
3.4080047607421875,1
3.4711551666259766,1
3.013864517211914,1
3.667604446411133,1
3.2455458641052246,1
3.8993008136749268,1
3.3498048782348633,1
3.1694443225860596,1
3.5630502700805664,1
3.590646266937256,1
2.9999375343322754,1
3.6610257625579834,1
3.719163179397583,1
3.8423588275909424,1
3.8203649520874023,1
3.668123245239258,1
3.2666077613830566,1
3.695000171661377,1
3.318704128265381,1
3.5227413177490234,1
3.500847339630127,1
3.947328805923462,1
5.98298454284668,1
4.4340434074401855,1
5.225971221923828,1
3.6436338424682617,1
4.388464450836182,1
5.511173248291016,1
4.261845588684082,1
4.726369380950928,1
4.427978515625,1
3.284740447998047,1
3.5281639099121094,1
3.8340835571289063,1
4.174361705780029,1
4.167416095733643,1
4.030893325805664,1
3.8335862159729004,1
3.6175622940063477,1
3.7966291904449463,1
3.968127727508545,1
3.9865267276763916,1
3.823138475418091,1
3.99898099899292,1
3.92258358001709,1
4.368988037109375,1
4.187962532043457,1
4.529227256774902,1
4.049887657165527,1
3.848954677581787,1
3.9059906005859375,1
3.9796817302703857,1
3.9825921058654785,1
3.3865294456481934,1
3.687610149383545,1
4.8512420654296875,1
4.0211334228515625,1
3.8671226501464844,1
3.5744338035583496,1
4.064813613891602,1
3.806492805480957,1
3.9740171432495117,1
3.988811492919922,1
3.459291934967041,1
3.4133596420288086,1
3.9550225734710693,1
3.9049079418182373,1
4.42605447769165,1
4.310004234313965,1
3.0737433433532715,1
3.6039481163024902,1
3.487218141555786,1
4.085850715637207,1
3.9997811317443848,1
3.622542381286621,1
3.718071937561035,1
4.712791919708252,1
3.258392810821533,1
3.9108877182006836,1
3.710665225982666,1
6.661686897277832,1
3.8860223293304443,1
3.34684419631958,1
3.3728582859039307,1
3.438349723815918,1
3.484325408935547,1
5.122699737548828,1
4.649105072021484,1
5.1911211013793945,1
5.655051231384277,1
5.492429733276367,1
4.447652816772461,1
4.67325496673584,1
3.914607286453247,1
3.805785655975342,1
3.235563278198242,1
4.009553909301758,1
3.720099449157715,1
4.118785858154297,1
4.013010025024414,1
4.026297569274902,1
3.7281665802001953,1
3.7078964710235596,1
3.6257407665252686,1
4.214326858520508,1
3.8161373138427734,1
3.889147996902466,1
4.278136730194092,1
3.822913646697998,1
3.3847219944000244,1
3.7300503253936768,1
3.822282314300537,1
3.7553622722625732,1
3.497021198272705,1
4.2148756980896,1
4.9332780838012695,1
3.1956214904785156,1
3.979297399520874,1
3.9123246669769287,1
2.9663009643554688,1
3.5329477787017822,1
3.893472909927368,1
3.3402605056762695,1
3.6585466861724854,1
3.754818916320801,1
3.728256940841675,1
3.6475305557250977,1
4.638896942138672,1
3.165411949157715,1
3.7798397541046143,1
3.6593000888824463,1
3.666987180709839,1
3.3136515617370605,1
3.3332436084747314,1
3.384603261947632,1
3.565232276916504,1
3.274486541748047,1
3.8436872959136963,1
3.6495442390441895,1
4.102399826049805,1
3.7566914558410645,1
3.1352386474609375,1
4.68031120300293,1
3.992464542388916,1
3.3919081687927246,1
4.124107360839844,1
3.3052878379821777,1
3.2840585708618164,1
3.518178939819336,1
3.5000267028808594,1
4.244577407836914,1
4.762748718261719,1
3.4376025199890137,1
3.584418773651123,1
5.538811206817627,1
5.3833208084106445,1
3.8612704277038574,1
3.4880056381225586,1
3.8748035430908203,1
3.7365052700042725,1
4.2535295486450195,1
3.952585220336914,1
3.174687385559082,1
4.003687858581543,1
3.9283456802368164,1
4.114983558654785,1
3.8202943801879883,1
4.055924892425537,1
4.1269097328186035,1
3.7212657928466797,1
3.9164187908172607,1
3.6526312828063965,1
3.3848464488983154,1
3.7142958641052246,1
3.726705551147461,1
3.352499008178711,1
3.534193754196167,1
4.114596366882324,1
3.9472532272338867,1
3.868906021118164,1
3.770939350128174,1
3.645125389099121,1
3.6740918159484863,1
3.2928059101104736,1
3.848344326019287,1
3.5378518104553223,1
3.1873364448547363,1
4.433407783508301,1
4.031390190124512,1
3.8590331077575684,1
3.3301734924316406,1
3.5417704582214355,1
3.572263717651367,1
4.210026741027832,1
3.96577525138855,1
4.017256259918213,1
3.607668876647949,1
3.5601212978363037,1
3.125023365020752,1
3.4886255264282227,1
4.1355767250061035,1
4.130446434020996,1
3.2490124702453613,1
3.6311302185058594,1
3.4126710891723633,1
3.016885280609131,1
4.101499557495117,1
3.4711737632751465,1
3.718559741973877,1
3.17326021194458,1
3.55502986907959,1
3.6846344470977783,1
3.9984166622161865,1
3.1454715728759766,1
3.7527475357055664,1
3.632108211517334,1
3.9408297538757324,1
3.725559949874878,1
3.1698529720306396,1
3.916313648223877,1
3.5694193840026855,1
3.4066646099090576,1
3.806043863296509,1
4.295902252197266,1
3.4866349697113037,1
4.474822044372559,1
3.856410503387451,1
3.543161153793335,1
3.074681520462036,1
3.9322550296783447,1
3.2436017990112305,1
3.714127540588379,1
3.7727630138397217,1
3.2423362731933594,1
3.1135308742523193,1
2.979670286178589,1
3.0739779472351074,1
3.361121654510498,1
3.9567408561706543,1
3.31963849067688,1
3.967482328414917,1
4.129887580871582,1
3.8738150596618652,1
3.5207009315490723,1
4.218477249145508,1
3.57417631149292,1
3.557091236114502,1
3.5555028915405273,1
4.103729248046875,1
3.7864694595336914,1
4.038361549377441,1
3.6728525161743164,1
3.8242344856262207,1
4.23859167098999,1
4.013249397277832,1
4.288923263549805,1
3.7342495918273926,1
3.1077654361724854,1
3.4290966987609863,1
3.6999330520629883,1
4.303276538848877,1
3.8989105224609375,1
3.8502864837646484,1
3.958101511001587,1
3.5831139087677,1
4.193142890930176,1
3.9049923419952393,1
3.2967023849487305,1
3.330050468444824,1
4.420338153839111,1
3.8468430042266846,1
3.2879579067230225,1
3.4939992427825928,1
4.265247344970703,1
3.6308975219726563,1
3.415590286254883,1
3.5143773555755615,1
3.567256450653076,1
3.3881359100341797,1
4.381799221038818,1
3.7885608673095703,1
3.6675353050231934,1
3.745663642883301,1
3.884474992752075,1
3.9444847106933594,1
4.069004535675049,1
3.9797914028167725,1
3.334050178527832,1
4.162224769592285,1
3.5583767890930176,1
4.167834281921387,1
3.5827534198760986,1
3.690176010131836,1
3.5933570861816406,1
3.9788432121276855,1
3.843088388442993,1
3.6552681922912598,1
3.613816261291504,1
4.090906620025635,1
3.6144659519195557,1
3.409046173095703,1
3.637746572494507,1
4.312965393066406,1
3.260554790496826,1
3.3926053047180176,1
3.8884506225585938,1
3.183194160461426,1
3.731473207473755,1
3.288072347640991,1
3.713588237762451,1
4.768004417419434,1
3.0828166007995605,1
3.501030683517456,1
3.5636703968048096,1
3.817725896835327,1
3.9528563022613525,1
3.9243669509887695,1
4.355836868286133,1
3.614410161972046,1
3.611100673675537,1
3.7809391021728516,1
3.8773374557495117,1
3.446768283843994,1
3.901690721511841,1
3.7464733123779297,1
3.6377203464508057,1
3.429564952850342,1
3.4423880577087402,1
3.604560613632202,1
3.9512598514556885,1
3.9591445922851563,1
3.4808285236358643,1
3.8761510848999023,1
3.5974133014678955,1
3.8075523376464844,1
3.503204345703125,1
3.6040916442871094,1
3.540250301361084,1
3.065453052520752,1
3.6037192344665527,1
3.4063801765441895,1
3.4452426433563232,1
3.4901933670043945,1
3.5243022441864014,1
4.22548770904541,1
3.5616939067840576,1
3.292954921722412,1
3.7342514991760254,1
3.8427069187164307,1
3.708087921142578,1
4.41294002532959,1
4.719486713409424,1
3.4153876304626465,1
3.3236606121063232,1
4.537374496459961,1
3.4884488582611084,1
2.9575765132904053,1
3.2711758613586426,1
4.010128498077393,1
3.784349203109741,1
3.9634041786193848,1
2.898036479949951,1
3.126159191131592,1
3.421963691711426,1
3.4591259956359863,1
2.9398398399353027,1
3.860363483428955,1
3.7731618881225586,1
3.7220258712768555,1
3.776765823364258,1
4.040469169616699,1
3.709104537963867,1
3.153319835662842,1
4.052215099334717,1
4.023653984069824,1
3.7403581142425537,1
3.1302356719970703,1
3.195772171020508,1
3.642012596130371,1
3.5129058361053467,1
3.971263885498047,1
3.807539939880371,1
5.358826160430908,1
3.8774476051330566,1
3.4070260524749756,1
3.2332377433776855,1
3.5529980659484863,1
4.02955436706543,1
3.7375264167785645,1
4.508387565612793,1
3.835033416748047,1
4.12244987487793,1
3.996422290802002,1
5.157827377319336,1
3.7307252883911133,1
4.327313423156738,1
3.8425228595733643,1
4.1115193367004395,1
3.864729404449463,1
4.035041809082031,1
3.6403307914733887,1
4.163463115692139,1
3.77055025100708,1
4.044865608215332,1
3.6115059852600098,1
3.9100685119628906,1
3.0461530685424805,1
3.070309638977051,1
3.5193004608154297,1
3.7791152000427246,1
3.738191843032837,1
4.060562610626221,1
4.445181846618652,1
3.885622501373291,1
3.695204973220825,1
3.473921775817871,1
3.7877235412597656,1
3.074336290359497,1
3.3045289516448975,1
3.2193503379821777,1
3.6800901889801025,1
3.3921170234680176,1
3.2496156692504883,1
3.6743955612182617,1
3.662757396697998,1
3.4224467277526855,1
3.2288098335266113,1
3.863555669784546,1
3.6787667274475098,1
4.074766159057617,1
4.103647232055664,1
4.071335315704346,1
3.654301881790161,1
4.030240058898926,1
3.312568187713623,1
3.543767213821411,1
3.934950590133667,1
3.981623649597168,1
3.76670503616333,1
3.4378271102905273,1
3.0161399841308594,1
3.2889695167541504,1
3.575455665588379,1
4.279663562774658,1
3.7667336463928223,1
3.449741840362549,1
3.556536912918091,1
4.26763916015625,1
3.374221086502075,1
3.992927074432373,1
3.687453508377075,1
2.9885730743408203,1
3.3844261169433594,1
3.925198793411255,1
3.552311897277832,1
4.012762069702148,1
3.361311912536621,1
3.9527933597564697,1
4.350582122802734,1
3.15708589553833,1
3.9694762229919434,1
3.1660869121551514,1
3.8919708728790283,1
4.116191864013672,1
3.7420995235443115,1
4.355072975158691,1
4.341162204742432,1
3.4162206649780273,1
3.6200547218322754,1
4.139317512512207,1
3.5907232761383057,1
4.488101005554199,1
3.876744270324707,1
4.57179069519043,1
3.6522858142852783,1
3.3518052101135254,1
2.987323522567749,1
4.0423712730407715,1
4.176548004150391,1
4.2380242347717285,1
3.1934218406677246,1
3.68342661857605,1
3.7049174308776855,1
3.2193593978881836,1
4.6229023933410645,1
3.8813180923461914,1
3.332106351852417,1
4.344149589538574,1
4.078897476196289,1
3.251535177230835,1
3.922985553741455,1
3.2481822967529297,1
3.6806516647338867,1
4.167794227600098,1
3.0822033882141113,1
4.131866455078125,1
3.5099406242370605,1
3.535479784011841,1
3.0699682235717773,1
3.4011478424072266,1
4.4254350662231445,1
4.138011455535889,1
2.9054856300354004,1
4.084117889404297,1
4.096112251281738,1
3.5881500244140625,1
3.61625075340271,1
3.5924899578094482,1
3.886242389678955,1
2.7265636920928955,1
3.851931571960449,1
4.103557586669922,1
3.2508461475372314,1
3.478527069091797,1
3.4107418060302734,1
3.9197003841400146,1
2.9714059829711914,1
4.236320495605469,1
3.345675468444824,1
3.922534465789795,1
4.15034818649292,1
4.2255964279174805,1
3.922811269760132,1
3.6822426319122314,1
3.452470541000366,1
4.0515642166137695,1
4.067624092102051,1
3.460709810256958,1
2.910240888595581,1
3.6782426834106445,1
3.533609390258789,1
3.5530905723571777,1
3.4679336547851563,1
3.6047425270080566,1
4.1634321212768555,1
3.815013885498047,1
3.5760202407836914,1
4.171503067016602,1
4.402134895324707,1
4.335582733154297,1
3.9756648540496826,1
3.3992583751678467,1
3.3391923904418945,1
4.029865264892578,1
4.417815685272217,1
3.387617588043213,1
3.290283203125,1
3.328795909881592,1
3.292537212371826,1
3.562702178955078,1
3.8522982597351074,1
3.8619418144226074,1
3.1546761989593506,1
3.9669716358184814,1
4.480998516082764,1
4.347124099731445,1
3.9133496284484863,1
4.793231010437012,1
4.274487495422363,1
3.9723896980285645,1
4.3293375968933105,1
3.737128496170044,1
3.9834251403808594,1
3.0156333446502686,1
3.156773567199707,1
4.000816345214844,1
4.3515119552612305,1
3.845747947692871,1
4.285869598388672,1
4.121856212615967,1
3.3148980140686035,1
3.6862118244171143,1
3.596989154815674,1
3.6889967918395996,1
3.292775869369507,1
3.2144312858581543,1
3.5918452739715576,1
3.51322340965271,1
4.004504203796387,1
3.764410972595215,1
3.5186901092529297,1
4.026105880737305,1
3.811692953109741,1
3.7221884727478027,1
4.099302291870117,1
4.275298595428467,1
3.8044638633728027,1
3.668358564376831,1
3.8822262287139893,1
3.768261194229126,1
3.807220458984375,1
3.780824661254883,1
3.492391347885132,1
3.1066837310791016,1
3.7891321182250977,1
3.4206597805023193,1
3.5027883052825928,1
4.141903877258301,1
3.1124861240386963,1
3.0323545932769775,1
4.500774383544922,1
3.944706439971924,1
3.7165794372558594,1
3.465104579925537,1
3.325763702392578,1
3.94596004486084,1
2.872143268585205,1
3.213226556777954,1
3.273578643798828,1
3.256030559539795,1
3.010155200958252,1
3.457625389099121,1
3.2063159942626953,1
3.5418622493743896,1
3.5416367053985596,1
3.444727659225464,1
3.6496734619140625,1
3.4208314418792725,1
3.8121445178985596,1
3.159829616546631,1
3.3085525035858154,1
3.5917067527770996,1
3.4830260276794434,1
3.43103289604187,1
3.5730135440826416,1
3.306123733520508,1
3.888972282409668,1
3.7820756435394287,1
3.1921887397766113,1
6.046523094177246,1
4.442501068115234,1
3.4908032417297363,1
4.433140754699707,1
4.883829593658447,1
4.205078125,1
3.668072462081909,1
3.4369773864746094,1
3.699951171875,1
4.491237163543701,1
4.125186920166016,1
3.808075428009033,1
4.206332206726074,1
4.5596923828125,1
3.6798014640808105,1
3.3700661659240723,1
3.406341075897217,1
3.9284441471099854,1
4.284822463989258,1
3.185607671737671,1
3.2149760723114014,1
3.444849967956543,1
3.7687926292419434,1
3.525343179702759,1
3.338745594024658,1
2.8207767009735107,1
3.3312840461730957,1
3.767799139022827,1
3.619865655899048,1
3.591350793838501,1
3.768890380859375,1
3.5451712608337402,1
3.7063989639282227,1
3.756086826324463,1
3.5464725494384766,1
3.5772900581359863,1
3.926828622817993,1
3.387906789779663,1
3.428556442260742,1
3.651716947555542,1
2.9151813983917236,1
3.2740659713745117,1
3.1794164180755615,1
3.847118377685547,1
3.251148223876953,1
3.699352264404297,1
3.6123218536376953,1
3.1151256561279297,1
3.7242379188537598,1
3.275885820388794,1
3.7661244869232178,1
2.915736198425293,1
4.259592056274414,1
3.929431676864624,1
3.495419502258301,1
2.8383357524871826,1
4.331290245056152,1
3.8852550983428955,1
2.856011390686035,1
3.7951040267944336,1
3.7282321453094482,1
3.855046033859253,1
3.2287440299987793,1
3.8880858421325684,1
4.164101600646973,1
4.0784101486206055,1
3.4514074325561523,1
3.5764975547790527,1
3.4395554065704346,1
3.5528881549835205,1
3.1415929794311523,1
3.3571970462799072,1
2.873922109603882,1
2.9854347705841064,1
3.5686275959014893,1
3.5764927864074707,1
3.920814037322998,1
3.381852149963379,1
3.644953489303589,1
3.9107847213745117,1
4.871064186096191,1
3.637533664703369,1
3.244880199432373,1
3.5507876873016357,1
4.233551979064941,1
3.6860175132751465,1
4.033574104309082,1
3.6245718002319336,1
3.9544894695281982,1
3.7425060272216797,1
4.124203205108643,1
3.4549927711486816,1
3.413602352142334,1
2.9653160572052,1
3.6108741760253906,1
3.1402769088745117,1
4.079561233520508,1
3.770840644836426,1
3.625088691711426,1
3.547290802001953,1
3.7481296062469482,1
3.584737777709961,1
3.6072592735290527,1
4.37795877456665,1
3.5025439262390137,1
2.9335503578186035,1
3.4936938285827637,1
4.532613754272461,1
4.578527927398682,1
4.0110626220703125,1
3.753269672393799,1
4.3725738525390625,1
4.905405521392822,1
4.127412796020508,1
3.772763967514038,1
4.303168296813965,1
4.14160680770874,1
4.021059989929199,1
3.77443790435791,1
3.5827407836914063,1
4.228899002075195,1
4.279478549957275,1
3.5887629985809326,1
4.027843475341797,1
4.0400285720825195,1
3.790584087371826,1
3.9511094093322754,1
3.2370500564575195,1
3.4317636489868164,1
4.178156852722168,1
3.8899974822998047,1
3.658116340637207,1
4.064249038696289,1
3.9047558307647705,1
3.7575416564941406,1
3.2124335765838623,1
3.5262720584869385,1
3.378826379776001,1
3.0816917419433594,1
3.4141459465026855,1
3.0355381965637207,1
3.5822343826293945,1
3.707167625427246,1
3.4787397384643555,1
3.172697067260742,1
3.6236634254455566,1
3.460057258605957,1
4.067964553833008,1
2.956610918045044,1
3.7772037982940674,1
3.807628870010376,1
3.4969840049743652,1
3.1219446659088135,1
3.0353384017944336,1
3.5705645084381104,1
3.047170639038086,1
3.954373359680176,1
3.4388294219970703,1
3.045369863510132,1
3.312272787094116,1
3.3801112174987793,1
3.760458469390869,1
3.2025420665740967,1
3.251514196395874,1
3.835397243499756,1
3.3344547748565674,1
3.4382681846618652,1
3.558703899383545,1
3.520115852355957,1
3.931389331817627,1
3.3161721229553223,1
4.352378845214844,1
3.7565197944641113,1
3.339817523956299,1
3.8954620361328125,1
3.9460129737854004,1
3.6591806411743164,1
3.6585891246795654,1
3.2230851650238037,1
3.8348793983459473,1
3.693448781967163,1
4.051740646362305,1
3.180136203765869,1
3.425546169281006,1
4.179332733154297,1
4.153480529785156,1
5.215726852416992,1
3.3985469341278076,1
5.098877906799316,1
4.057981491088867,1
3.5479934215545654,1
3.4737443923950195,1
3.309084892272949,1
3.579982042312622,1
3.7555058002471924,1
3.408294677734375,1
3.409520149230957,1
3.782494068145752,1
3.126577138900757,1
3.347703695297241,1
4.0953192710876465,1
3.936976432800293,1
3.338407039642334,1
3.402651786804199,1
3.5816309452056885,1
3.407525062561035,1
3.6389694213867188,1
3.421304225921631,1
3.404691696166992,1
2.915771245956421,1
3.416180372238159,1
3.851863384246826,1
2.984684944152832,1
3.343930959701538,1
3.2619028091430664,1
3.2988038063049316,1
4.114985942840576,1
3.1651086807250977,1
3.248134136199951,1
4.357297897338867,1
3.6003012657165527,1
3.203751802444458,1
4.157706260681152,1
3.4984805583953857,1
4.0383429527282715,1
4.143191814422607,1
4.040825366973877,1
3.2721519470214844,1
3.3838186264038086,1
4.255978107452393,1
3.587895393371582,1
3.4262337684631348,1
4.230854034423828,1
3.106846809387207,1
4.030256748199463,1
3.4320831298828125,1
3.7673025131225586,1
3.768580675125122,1
3.2100067138671875,1
3.1503522396087646,1
3.4655818939208984,1
3.1726269721984863,1
3.070039749145508,1
3.593975067138672,1
3.5163440704345703,1
3.82169771194458,1
3.4707536697387695,1
4.164828300476074,1
3.497168779373169,1
3.6085762977600098,1
3.8883934020996094,1
2.7284178733825684,1
3.1912155151367188,1
3.4862446784973145,1
3.31339955329895,1
3.5728442668914795,1
3.1301398277282715,1
3.7604260444641113,1
3.9447598457336426,1
3.3024556636810303,1
3.178760051727295,1
2.913346529006958,1
3.7573065757751465,1
3.7779955863952637,1
3.478304386138916,1
3.264869213104248,1
3.7770752906799316,1
3.217698335647583,1
3.446428060531616,1
3.5510058403015137,1
4.925328254699707,1
3.639798402786255,1
3.9877853393554688,1
4.186529636383057,1
4.093307018280029,1
3.438410997390747,1
4.278985977172852,1
3.906432867050171,1
3.702941656112671,1
3.8256096839904785,1
4.063254356384277,1
5.452610492706299,1
3.7555251121520996,1
3.284700870513916,1
4.340862274169922,1
3.2415361404418945,1
3.446831226348877,1
3.1667325496673584,1
4.052506446838379,1
3.9894680976867676,1
3.549612522125244,1
3.186328649520874,1
3.2415084838867188,1
3.3977041244506836,1
3.2051990032196045,1
3.713423252105713,1
3.5175209045410156,1
3.1398847103118896,1
2.9608287811279297,1
3.118039608001709,1
3.7970094680786133,1
3.9216549396514893,1
3.7365877628326416,1
3.4693961143493652,1
3.2897777557373047,1
3.3341338634490967,1
3.598240852355957,1
3.547654628753662,1
3.8244376182556152,1
4.447284698486328,1
3.463613510131836,1
3.7950286865234375,1
4.015534400939941,1
4.020512104034424,1
3.919987916946411,1
3.892404317855835,1
3.7833733558654785,1
3.572603702545166,1
3.9630579948425293,1
3.9617109298706055,1
3.503512144088745,1
3.246199607849121,1
3.720383882522583,1
4.563107013702393,1
3.69602370262146,1
3.5032081604003906,1
3.077625274658203,1
3.9695253372192383,1
3.46329927444458,1
3.2983736991882324,1
2.6965060234069824,1
4.109774589538574,1
4.000791549682617,1
3.6437416076660156,1
3.6348936557769775,1
2.9512014389038086,1
3.641385555267334,1
3.528249502182007,1
3.982356548309326,1
2.991738796234131,1
3.5445399284362793,1
3.0848188400268555,1
3.380213499069214,1
3.210538864135742,1
3.365422248840332,1
4.226029872894287,1
3.5830166339874268,1
3.284492015838623,1
3.410604476928711,1
3.5527920722961426,1
2.7817392349243164,1
3.3657729625701904,1
3.5743112564086914,1
3.021298885345459,1
3.6116960048675537,1
3.650156259536743,1
3.811997413635254,1
3.544674873352051,1
3.430433511734009,1
4.1487555503845215,1
3.483107328414917,1
3.9957547187805176,1
4.004962921142578,1
4.225740432739258,1
3.1825809478759766,1
3.5191588401794434,1
3.778832197189331,1
3.482208490371704,1
3.413478374481201,1
3.8260841369628906,1
4.407258987426758,1
4.578212261199951,1
3.4955031871795654,1
5.099080562591553,1
5.006255626678467,1
3.6250414848327637,1
3.7163023948669434,1
3.448751926422119,1
3.955721855163574,1
4.337395668029785,1
4.272944450378418,1
3.2718586921691895,1
3.4973526000976563,1
3.3879356384277344,1
4.377948760986328,1
3.5846495628356934,1
3.5482704639434814,1
3.7932355403900146,1
3.6705312728881836,1
3.502488613128662,1
4.331860542297363,1
4.588805198669434,1
3.876234769821167,1
3.0855698585510254,1
4.027953624725342,1
3.9492058753967285,1
3.658108711242676,1
3.995689868927002,1
3.1388394832611084,1
3.5673675537109375,1
3.300196409225464,1
3.269143581390381,1
3.07802677154541,1
3.6067590713500977,1
3.723581314086914,1
3.6422362327575684,1
3.0891079902648926,1
4.141937732696533,1
3.6553783416748047,1
2.53499174118042,1
3.609928607940674,1
3.709994316101074,1
3.970121383666992,1
4.283771514892578,1
3.4805805683135986,1
3.4444680213928223,1
3.608751058578491,1
3.157517910003662,1
3.311176300048828,1
3.44332218170166,1
3.4558515548706055,1
4.1814680099487305,1
3.57802152633667,1
3.632624626159668,1
3.572895050048828,1
3.8277688026428223,1
3.645125389099121,1
3.74862003326416,1
3.4718093872070313,1
4.057700157165527,1
4.188276767730713,1
3.313608169555664,1
3.353658676147461,1
3.6484155654907227,1
3.525358200073242,1
3.5324978828430176,1
4.102974891662598,1
3.558835983276367,1
3.901698589324951,1
3.330202579498291,1
3.5332143306732178,1
4.401728630065918,1
3.916731595993042,1
4.189355373382568,1
5.100631237030029,1
4.220184326171875,1
4.648675918579102,1
4.2150726318359375,1
3.688457489013672,1
3.143397808074951,1
4.372662544250488,1
4.468929290771484,1
3.7134816646575928,1
3.903019428253174,1
3.304117202758789,1
3.4649033546447754,1
3.887808322906494,1
3.589095115661621,1
3.533353567123413,1
3.0966765880584717,1
3.283369779586792,1
3.5627565383911133,1
3.581620216369629,1
3.7053065299987793,1
3.491132974624634,1
3.601963758468628,1
3.0159621238708496,1
3.9112956523895264,1
3.352567195892334,1
3.845803737640381,1
3.4027907848358154,1
3.6319477558135986,1
3.1679821014404297,1
3.302389144897461,1
2.818838119506836,1
3.3784689903259277,1
3.998304843902588,1
3.1051223278045654,1
3.4031102657318115,1
4.357807159423828,1
3.5157980918884277,1
3.2217020988464355,1
3.388681411743164,1
3.295131206512451,1
3.6948792934417725,1
4.176675796508789,1
3.156177043914795,1
3.894226551055908,1
3.6376771926879883,1
3.2909607887268066,1
3.829143524169922,1
3.851736068725586,1
3.3442108631134033,1
3.8883919715881348,1
3.9360883235931396,1
3.5595364570617676,1
3.631945848464966,1
3.3630425930023193,1
4.3866095542907715,1
3.4301035404205322,1
3.4880661964416504,1
3.787999153137207,1
4.220615386962891,1
3.8589606285095215,1
3.642486095428467,1
4.24222469329834,1
4.641800880432129,1
4.7270612716674805,1
3.6234488487243652,1
3.5690419673919678,1
4.84562349319458,1
5.580181121826172,1
3.488452911376953,1
3.465808391571045,1
3.5912246704101563,1
5.9802565574646,1
3.555765151977539,1
4.275323867797852,1
4.010082244873047,1
4.265040874481201,1
4.417462348937988,1
3.852186918258667,1
4.352232933044434,1
3.267345666885376,1
3.7587246894836426,1
4.247365951538086,1
3.391421318054199,1
3.885291337966919,1
3.6968042850494385,1
3.4229464530944824,1
3.7713749408721924,1
4.003292083740234,1
3.650068521499634,1
3.4451608657836914,1
3.9202170372009277,1
4.002597808837891,1
3.9328036308288574,1
3.1382124423980713,1
3.757225513458252,1
4.045947551727295,1
3.828422784805298,1
3.6026968955993652,1
3.398282766342163,1
3.4425835609436035,1
3.311453104019165,1
3.9322268962860107,1
3.7049684524536133,1
3.619609832763672,1
3.34879732131958,1
3.4040920734405518,1
3.0425775051116943,1
3.416614055633545,1
3.8626816272735596,1
3.239722490310669,1
3.531733274459839,1
3.5437145233154297,1
3.8148272037506104,1
4.029904842376709,1
3.4728152751922607,1
3.5029196739196777,1
3.631459951400757,1
3.543470621109009,1
3.1905295848846436,1
4.190267086029053,1
4.374275207519531,1
3.776822566986084,1
3.2252421379089355,1
4.395288944244385,1
3.842374324798584,1
3.369532346725464,1
3.6622254848480225,1
3.5157909393310547,1
3.6281704902648926,1
3.2132463455200195,1
4.174112319946289,1
3.229130506515503,1
3.2435877323150635,1
3.3839266300201416,1
3.5574440956115723,1
3.768247127532959,1
3.0445826053619385,1
3.595320701599121,1
3.9165639877319336,1
2.9774017333984375,1
3.615140438079834,1
3.0448789596557617,1
3.668792247772217,1
3.3787763118743896,1
3.039228677749634,1
3.0867090225219727,1
3.5623812675476074,1
3.6679904460906982,1
3.6618075370788574,1
3.909327745437622,1
3.7663259506225586,1
3.3958687782287598,1
3.519888162612915,1
4.223531246185303,1
3.236476421356201,1
3.9920549392700195,1
3.442946434020996,1
3.5644280910491943,1
3.54594349861145,1
3.5119705200195313,1
3.522944450378418,1
3.973691940307617,1
3.6913249492645264,1
3.156510353088379,1
2.7551560401916504,1
3.5565426349639893,1
3.342710018157959,1
3.5481455326080322,1
4.271421909332275,1
2.7942981719970703,1
3.337721824645996,1
4.000508785247803,1
3.8152379989624023,1
3.961315631866455,1
3.3845276832580566,1
3.8964991569519043,1
3.4035472869873047,1
4.155179023742676,1
3.4073915481567383,1
3.166929006576538,1
4.500260829925537,1
2.8625259399414063,1
3.679900646209717,1
3.7110071182250977,1
2.8202624320983887,1
3.609926700592041,1
3.390923500061035,1
3.5075783729553223,1
3.4737255573272705,1
3.327235698699951,1
3.391972303390503,1
2.586153745651245,1
2.789682388305664,1
3.195012092590332,1
3.6152729988098145,1
3.7606759071350098,1
3.831693410873413,1
3.807968854904175,1
4.718476295471191,1
3.509300708770752,1
4.317354202270508,1
3.38140869140625,1
4.24957275390625,1
3.308335781097412,1
4.013083457946777,1
3.684124231338501,1
3.175602674484253,1
3.477137804031372,1
4.037731170654297,1
4.938584327697754,1
4.196720600128174,1
3.6350066661834717,1
3.6320278644561768,1
3.401372194290161,1
3.996382713317871,1
3.555246114730835,1
3.902495861053467,1
3.1377949714660645,1
3.5409343242645264,1
3.3844878673553467,1
3.8265085220336914,1
3.328892230987549,1
3.50638484954834,1
3.160637855529785,1
4.096497058868408,1
3.3869223594665527,1
3.4872047901153564,1
3.373330593109131,1
3.036311149597168,1
3.7451205253601074,1
2.9299488067626953,1
3.298128128051758,1
3.7588090896606445,1
2.995837688446045,1
3.153944253921509,1
3.3192009925842285,1
3.076788902282715,1
3.724888801574707,1
3.8816897869110107,1
3.5424976348876953,1
2.840653896331787,1
5.010486602783203,1
3.4991068840026855,1
3.203186511993408,1
3.3744277954101563,1
4.260399341583252,1
3.6565043926239014,1
3.6836886405944824,1
3.101797103881836,1
3.2231881618499756,1
3.968040943145752,1
3.5118637084960938,1
3.4402594566345215,1
3.518289566040039,1
3.715823173522949,1
4.152715682983398,1
3.451674699783325,1
4.05986213684082,1
3.9278008937835693,1
4.170583724975586,1
3.3696742057800293,1
3.498774528503418,1
3.857949733734131,1
3.462958335876465,1
3.751505136489868,1
4.2858991622924805,1
3.8137378692626953,1
3.855957269668579,1
3.4703078269958496,1
3.703075408935547,1
4.419528484344482,1
4.172477722167969,1
3.386967182159424,1
3.841374397277832,1
5.478485107421875,1
4.355221271514893,1
4.475131988525391,1
4.783638000488281,1
4.131010055541992,1
4.157034873962402,1
4.564757823944092,1
4.419695854187012,1
3.316589593887329,1
3.7655582427978516,1
4.295839786529541,1
3.6238551139831543,1
4.60450553894043,1
4.121417045593262,1
3.8175735473632813,1
3.249868154525757,1
4.888628005981445,1
3.7604780197143555,1
4.481869220733643,1
3.6423940658569336,1
3.730771064758301,1
4.708531379699707,1
3.986520290374756,1
3.9943065643310547,1
3.8540725708007813,1
4.231169700622559,1
4.364036560058594,1
5.09769344329834,1
4.242225170135498,1
5.140256404876709,1
4.463382720947266,1
5.101423263549805,1
4.382077693939209,1
4.1594953536987305,1
3.5911598205566406,1
3.8574750423431396,1
3.2721946239471436,1
3.024738073348999,1
3.9306790828704834,1
4.258667945861816,1
3.142993450164795,1
3.195786714553833,1
3.341709613800049,1
3.6269984245300293,1
3.8660337924957275,1
3.9592509269714355,1
4.357167720794678,1
5.067227363586426,1
4.810161590576172,1
4.333461761474609,1
5.069079399108887,1
4.937094688415527,1
4.6207756996154785,1
4.788952827453613,1
4.249812126159668,1
3.71437931060791,1
3.7562026977539063,1
3.964449405670166,1
3.790738582611084,1
4.1003241539001465,1
3.6794707775115967,1
4.019813537597656,1
3.941649913787842,1
4.050296306610107,1
3.9091436862945557,1
4.518588542938232,1
4.074848175048828,1
3.409656047821045,1
3.368220806121826,1
3.653470993041992,1
3.4823074340820313,1
3.6478524208068848,1
3.8649685382843018,1
3.4237422943115234,1
3.5689375400543213,1
3.6929361820220947,1
4.045193672180176,1
3.8951237201690674,1
3.608430862426758,1
4.105968475341797,1
3.5728797912597656,1
4.460764408111572,1
3.3380181789398193,1
3.7999753952026367,1
3.144660472869873,1
3.5759878158569336,1
2.6813957691192627,1
4.704590797424316,1
3.9699342250823975,1
3.3261313438415527,1
3.713940382003784,1
3.5377962589263916,1
3.397636890411377,1
3.548248767852783,1
4.255526542663574,1
3.8881678581237793,1
3.554490089416504,1
3.870635509490967,1
3.7069597244262695,1
3.431387424468994,1
4.033147811889648,1
3.455662250518799,1
3.849259376525879,1
3.6428041458129883,1
4.337399482727051,1
4.392033576965332,1
4.074470520019531,1
3.602076292037964,1
3.8373117446899414,1
3.356111526489258,1
4.122305393218994,1
3.9300737380981445,1
4.020227432250977,1
4.124320983886719,1
4.070131301879883,1
3.4006567001342773,1
3.7513818740844727,1
5.592961311340332,1
4.817671775817871,1
4.008105278015137,1
3.873647451400757,1
3.4442100524902344,1
4.188703536987305,1
3.6670453548431396,1
3.9719274044036865,1
3.974090099334717,1
3.536513090133667,1
3.0054779052734375,1
3.774487018585205,1
3.9256772994995117,1
3.699209213256836,1
3.8118033409118652,1
4.412755489349365,1
4.274350643157959,1
3.555832624435425,1
3.587244749069214,1
4.456904411315918,1
4.373798370361328,1
4.226164817810059,1
4.377125263214111,1
3.6604321002960205,1
3.5648746490478516,1
3.440688133239746,1
3.9585494995117188,1
4.253180027008057,1
3.2315216064453125,1
3.294999599456787,1
3.734553813934326,1
4.012661933898926,1
3.557408332824707,1
3.867095470428467,1
3.4481401443481445,1
3.651301383972168,1
3.473933696746826,1
3.7221100330352783,1
4.0605854988098145,1
3.357121467590332,1
3.161776065826416,1
3.3837413787841797,1
3.612414598464966,1
3.3039746284484863,1
3.603537082672119,1
3.8451437950134277,1
3.395547866821289,1
3.0238914489746094,1
4.08736515045166,1
3.35025954246521,1
3.5083465576171875,1
3.996204137802124,1
3.6266818046569824,1
3.315520763397217,1
4.101378440856934,1
3.9609150886535645,1
3.0026535987854004,1
2.714362144470215,1
4.916301250457764,1
4.1768951416015625,1
3.7028777599334717,1
3.205181837081909,1
3.694793224334717,1
3.9368107318878174,1
3.9690616130828857,1
4.648699760437012,1
3.248744010925293,1
4.3051886558532715,1
4.452520847320557,1
3.6769485473632813,1
3.587724208831787,1
3.8302650451660156,1
4.019819259643555,1
4.21466064453125,1
4.860132217407227,1
3.535768508911133,1
3.344209671020508,1
4.301584243774414,1
3.598759651184082,1
3.843630313873291,1
4.083114147186279,1
4.210536956787109,1
3.683849811553955,1
3.7164602279663086,1
3.493039131164551,1
3.745236873626709,1
3.8124282360076904,1
3.7398343086242676,1
4.3891754150390625,1
3.3634395599365234,1
4.1778564453125,1
5.534999847412109,1
3.9813694953918457,1
4.087005138397217,1
3.5575666427612305,1
3.897033452987671,1
3.946805238723755,1
3.8223111629486084,1
3.678163528442383,1
3.942711353302002,1
4.009542465209961,1
3.5188064575195313,1
3.646632194519043,1
3.9153223037719727,1
3.82724666595459,1
3.551379680633545,1
2.983834981918335,1
3.4032554626464844,1
4.251992225646973,1
3.747448205947876,1
3.788616180419922,1
3.8289241790771484,1
4.456510066986084,1
3.327772617340088,1
3.742208957672119,1
4.071767807006836,1
4.047639846801758,1
3.210801601409912,1
4.1663031578063965,1
3.0844857692718506,1
3.508279800415039,1
4.003662109375,1
3.2714593410491943,1
3.8680994510650635,1
3.6294031143188477,1
3.408205509185791,1
3.9682388305664063,1
4.0014777183532715,1
3.9801676273345947,1
3.7176756858825684,1
3.7990050315856934,1
3.846651315689087,1
3.283388614654541,1
3.789783477783203,1
3.348356246948242,1
3.4560015201568604,1
4.640456199645996,1
3.955505609512329,1
3.6411590576171875,1
4.955819606781006,1
3.0819242000579834,1
3.562717914581299,1
3.390737533569336,1
3.547443389892578,1
3.868818759918213,1
3.7579784393310547,1
3.7699661254882813,1
3.664109468460083,1
4.059808254241943,1
4.047697067260742,1
4.074683666229248,1
3.831594228744507,1
3.1014626026153564,1
3.4244580268859863,1
4.398525238037109,1
3.9127862453460693,1
4.230481147766113,1
3.6530065536499023,1
3.5777852535247803,1
3.0379810333251953,1
3.668527126312256,1
3.3985347747802734,1
3.027933359146118,1
3.0232648849487305,1
3.2976999282836914,1
3.7455310821533203,1
4.344707012176514,1
3.169613838195801,1
3.3333988189697266,1
3.482860803604126,1
3.326723098754883,1
3.310926914215088,1
4.044585704803467,1
3.6740241050720215,1
3.6025049686431885,1
3.3660318851470947,1
3.339223861694336,1
4.107189178466797,1
4.249297618865967,1
3.6128695011138916,1
3.832162618637085,1
3.596311569213867,1
3.338761806488037,1
3.6977672576904297,1
3.9714531898498535,1
3.6908445358276367,1
3.746837615966797,1
3.6618261337280273,1
3.7285141944885254,1
3.9274845123291016,1
4.133546829223633,1
3.24723744392395,1
3.4548423290252686,1
3.670485496520996,1
4.2408881187438965,1
4.005242347717285,1
3.984656810760498,1
3.3288369178771973,1
3.930755138397217,1
4.068171501159668,1
4.0409698486328125,1
3.26295804977417,1
3.7602591514587402,1
3.405310869216919,1
4.059997081756592,1
5.621279716491699,1
3.968813180923462,1
3.780280351638794,1
4.380570411682129,1
4.663669586181641,1
3.793114185333252,1
3.4027154445648193,1
4.089937210083008,1
3.869314670562744,1
3.1298224925994873,1
3.296797752380371,1
3.288275718688965,1
3.7809548377990723,1
3.9265506267547607,1
3.4473459720611572,1
3.5856709480285645,1
3.383117914199829,1
2.9983925819396973,1
3.302950382232666,1
3.9631242752075195,1
3.779198169708252,1
3.63387131690979,1
3.8056979179382324,1
3.0675299167633057,1
3.7585277557373047,1
4.160574436187744,1
4.39668083190918,1
4.088235855102539,1
2.9692001342773438,1
3.670267105102539,1
4.414610862731934,1
3.5388240814208984,1
2.9065699577331543,1
4.227656364440918,1
3.5143187046051025,1
3.6676461696624756,1
4.896855354309082,1
4.618807792663574,1
4.275657653808594,1
4.013695240020752,1
3.7336716651916504,1
4.23178768157959,1
4.4114484786987305,1
3.9672155380249023,1
3.5264687538146973,1
3.211235284805298,1
4.290836811065674,1
3.200347423553467,1
3.8183534145355225,1
2.893336296081543,1
3.6501052379608154,1
4.112107276916504,1
3.612184524536133,1
3.155128002166748,1
3.6951212882995605,1
3.892265796661377,1
3.2727644443511963,1
3.720884084701538,1
3.114555835723877,1
3.980837345123291,1
3.505725383758545,1
3.5204997062683105,1
3.409635066986084,1
3.8524367809295654,1
3.8260021209716797,1
4.218815326690674,1
4.312047004699707,1
4.130593776702881,1
4.379731178283691,1
4.0913872718811035,1
4.394150733947754,1
3.8615479469299316,1
3.846379280090332,1
3.5413224697113037,1
3.871873378753662,1
4.025086879730225,1
3.5574498176574707,1
3.370377540588379,1
3.9781789779663086,1
4.174419403076172,1
3.6623268127441406,1
3.099001884460449,1
3.158569097518921,1
3.895193576812744,1
3.609309434890747,1
3.304625988006592,1
3.3732409477233887,1
4.276094436645508,1
4.09878396987915,1
3.920440435409546,1
3.6545469760894775,1
3.6400704383850098,1
3.3470864295959473,1
3.197216510772705,1
3.654040813446045,1
4.006916046142578,1
4.290278434753418,1
3.527622699737549,1
3.9597644805908203,1
3.6332836151123047,1
3.676945209503174,1
3.8553950786590576,1
3.784327983856201,1
5.024382591247559,1
3.4969913959503174,1
3.461972713470459,1
4.106897354125977,1
4.157742023468018,1
4.330106735229492,1
3.76739501953125,1
3.4988811016082764,1
3.4047842025756836,1
4.113004207611084,1
3.442390203475952,1
3.576284885406494,1
3.8914921283721924,1
3.8080317974090576,1
3.354255437850952,1
4.563808441162109,1
2.9714860916137695,1
5.142031669616699,1
4.069570064544678,1
3.4882407188415527,1
3.4316163063049316,1
3.646904230117798,1
3.190402030944824,1
3.2945339679718018,1
3.6971631050109863,1
3.4104418754577637,1
3.451200485229492,1
3.3199312686920166,1
3.657458782196045,1
3.886892795562744,1
3.530097246170044,1
4.535730361938477,1
4.556734085083008,1
3.9707207679748535,1
3.6222052574157715,1
3.664511203765869,1
3.314668655395508,1
4.114635944366455,1
