2.543302297592163,1
2.241974353790283,1
3.025279998779297,1
2.3403987884521484,1
2.3644490242004395,1
2.3048291206359863,1
2.9852728843688965,1
2.374403476715088,1
2.0300354957580566,1
2.5074400901794434,1
2.6357216835021973,1
2.2581543922424316,1
2.0866494178771973,1
2.207608222961426,1
1.8408308029174805,1
1.7503869533538818,1
2.6989383697509766,1
2.4855809211730957,1
2.4098048210144043,1
2.8742661476135254,1
2.5225961208343506,1
3.0343639850616455,1
2.456634521484375,1
2.7586166858673096,1
2.508896827697754,1
1.9511433839797974,1
2.2369441986083984,1
2.1224069595336914,1
2.4885103702545166,1
2.437350273132324,1
2.22123384475708,1
2.341383218765259,1
2.558365821838379,1
2.398547410964966,1
1.8292783498764038,1
2.391295909881592,1
2.5085127353668213,1
2.8175125122070313,1
2.3709681034088135,1
2.1972172260284424,1
2.197913408279419,1
2.3518640995025635,1
2.5853419303894043,1
1.9430348873138428,1
2.037550926208496,1
2.3335447311401367,1
2.517263174057007,1
3.0339691638946533,1
2.1871955394744873,1
1.965194821357727,1
1.9703377485275269,1
2.6939306259155273,1
2.0297012329101563,1
2.026127338409424,1
2.4312000274658203,1
1.643608570098877,1
2.093036651611328,1
2.178150177001953,1
1.7046434879302979,1
2.088654041290283,1
2.5029802322387695,1
2.107111930847168,1
2.2648003101348877,1
2.6797215938568115,1
2.11659574508667,1
2.089362382888794,1
2.360347032546997,1
2.4978270530700684,1
2.372769832611084,1
2.260554313659668,1
2.223963499069214,1
2.265005588531494,1
2.3076982498168945,1
2.022569417953491,1
1.941124677658081,1
2.195755958557129,1
2.592209815979004,1
3.1422362327575684,1
1.9846752882003784,1
2.157792568206787,1
3.033025026321411,1
2.329239845275879,1
2.753730297088623,1
2.714107036590576,1
2.210989475250244,1
1.6974773406982422,1
2.0809836387634277,1
2.212252140045166,1
1.8089993000030518,1
2.5713088512420654,1
3.256402015686035,1
2.5436463356018066,1
1.9509800672531128,1
2.2759833335876465,1
2.474191427230835,1
1.9197903871536255,1
2.73726749420166,1
1.8887516260147095,1
1.8249893188476563,1
2.2538418769836426,1
2.0127060413360596,1
2.168962001800537,1
2.528120756149292,1
2.38980770111084,1
1.9315167665481567,1
2.2223830223083496,1
1.8694508075714111,1
2.568999767303467,1
2.116541862487793,1
1.9952335357666016,1
2.1247057914733887,1
2.405585289001465,1
2.600018262863159,1
2.5050854682922363,1
2.248655080795288,1
2.375575065612793,1
1.905325174331665,1
2.6304550170898438,1
2.2038214206695557,1
2.469148635864258,1
2.200305461883545,1
1.953470230102539,1
2.5420143604278564,1
3.100790023803711,1
2.981220006942749,1
2.6356585025787354,1
2.3272504806518555,1
2.3017497062683105,1
2.450124740600586,1
2.2496752738952637,1
2.5113883018493652,1
2.165587902069092,1
2.17789363861084,1
2.7959611415863037,1
2.887683868408203,1
3.362553834915161,1
2.5624232292175293,1
2.017387866973877,1
1.8700028657913208,1
1.8930797576904297,1
1.875458836555481,1
2.2102174758911133,1
2.482227325439453,1
2.257380723953247,1
2.3417093753814697,1
1.825395941734314,1
2.043971061706543,1
1.9634771347045898,1
2.039976119995117,1
1.8695971965789795,1
2.7448840141296387,1
2.4236114025115967,1
1.8305282592773438,1
2.4836652278900146,1
2.1677398681640625,1
1.8512842655181885,1
2.5561041831970215,1
1.5149527788162231,1
3.2886950969696045,1
2.1557114124298096,1
2.6749863624572754,1
2.147036552429199,1
2.0640323162078857,1
2.0888311862945557,1
2.1290173530578613,1
2.4057703018188477,1
2.189058780670166,1
1.9947168827056885,1
2.8790273666381836,1
1.8024226427078247,1
2.3093442916870117,1
2.5541439056396484,1
2.0069899559020996,1
2.5502781867980957,1
2.5816023349761963,1
3.2431764602661133,1
2.2318668365478516,1
1.929253101348877,1
2.326733112335205,1
2.5022873878479004,1
2.3725621700286865,1
2.407090187072754,1
1.9913291931152344,1
2.1735892295837402,1
2.5857162475585938,1
2.030273914337158,1
2.0539677143096924,1
1.9360988140106201,1
2.6796133518218994,1
2.0693845748901367,1
2.62982439994812,1
2.5907974243164063,1
2.0657215118408203,1
2.1245453357696533,1
2.5566458702087402,1
2.2501683235168457,1
2.5083861351013184,1
2.929471492767334,1
2.4562947750091553,1
2.714240550994873,1
2.1107280254364014,1
1.8849337100982666,1
3.066427707672119,1
2.2051711082458496,1
2.8799657821655273,1
2.5074005126953125,1
2.822136878967285,1
2.6883292198181152,1
3.21585750579834,1
3.0048069953918457,1
3.3922195434570313,1
2.787734270095825,1
1.5868680477142334,1
2.0663187503814697,1
2.7931220531463623,1
2.278151273727417,1
2.7671351432800293,1
2.384183883666992,1
2.908493757247925,1
3.1983938217163086,1
2.2150635719299316,1
2.169844150543213,1
2.520780086517334,1
2.2427730560302734,1
2.678800582885742,1
2.4926681518554688,1
3.1602702140808105,1
2.157390594482422,1
2.4417150020599365,1
2.033583879470825,1
2.3999135494232178,1
2.653536081314087,1
2.3219375610351563,1
2.814624547958374,1
2.136739730834961,1
2.3296587467193604,1
2.290970802307129,1
2.753579616546631,1
2.0150351524353027,1
1.7148261070251465,1
2.205198049545288,1
2.2989611625671387,1
2.143601179122925,1
1.9436039924621582,1
2.157083034515381,1
2.339097023010254,1
2.401766777038574,1
2.374455451965332,1
2.172832489013672,1
2.2519612312316895,1
2.269958972930908,1
2.724947452545166,1
3.0779991149902344,1
2.3968591690063477,1
2.056110382080078,1
2.6214609146118164,1
2.3314356803894043,1
1.9732561111450195,1
2.0976181030273438,1
2.3768773078918457,1
2.3179519176483154,1
1.7140448093414307,1
2.3180389404296875,1
2.462639093399048,1
1.5794904232025146,1
2.3085927963256836,1
2.843127965927124,1
2.74835205078125,1
2.0639564990997314,1
3.215456008911133,1
1.9665991067886353,1
2.6558890342712402,1
1.526052474975586,1
2.264930248260498,1
1.7612589597702026,1
2.373053550720215,1
1.9383435249328613,1
1.9303641319274902,1
1.8705470561981201,1
2.4559102058410645,1
2.384640693664551,1
2.0348169803619385,1
1.699315071105957,1
2.386765956878662,1
2.359610080718994,1
1.794440746307373,1
2.1028175354003906,1
2.3640761375427246,1
1.8495501279830933,1
2.2756571769714355,1
2.225393295288086,1
1.8871079683303833,1
2.6029140949249268,1
2.1198527812957764,1
2.2441554069519043,1
2.350587844848633,1
3.4202938079833984,1
2.539144992828369,1
1.7665226459503174,1
2.265692949295044,1
1.7070565223693848,1
2.7610015869140625,1
2.4560389518737793,1
2.2309837341308594,1
3.0636465549468994,1
2.194197416305542,1
2.2044739723205566,1
2.3242249488830566,1
2.2835559844970703,1
2.8347246646881104,1
2.5599522590637207,1
2.8559532165527344,1
2.306091785430908,1
2.8344712257385254,1
1.902503252029419,1
2.130411148071289,1
2.0093908309936523,1
2.034982919692993,1
2.2595584392547607,1
2.5550479888916016,1
1.983190894126892,1
2.778162956237793,1
2.3147246837615967,1
2.370276927947998,1
2.182922840118408,1
2.7575697898864746,1
2.44370436668396,1
2.1296145915985107,1
2.098632574081421,1
2.893613338470459,1
2.9131598472595215,1
2.6974129676818848,1
2.4675047397613525,1
2.455446243286133,1
2.567227363586426,1
2.7829720973968506,1
2.558035373687744,1
2.74715518951416,1
3.564826011657715,1
3.628741502761841,1
2.401247262954712,1
1.9652632474899292,1
2.4616384506225586,1
2.287668466567993,1
2.96951961517334,1
2.518535614013672,1
3.3454108238220215,1
2.4705097675323486,1
3.025916814804077,1
1.5947822332382202,1
2.404093027114868,1
2.243847131729126,1
2.3195347785949707,1
2.680476188659668,1
1.7547404766082764,1
2.593811511993408,1
2.175532102584839,1
2.528017520904541,1
2.408759832382202,1
2.8456506729125977,1
2.1804323196411133,1
3.1876773834228516,1
2.507219076156616,1
2.516425609588623,1
2.2921652793884277,1
2.225367546081543,1
2.1779448986053467,1
2.7430505752563477,1
2.1521854400634766,1
2.04756236076355,1
2.328437089920044,1
2.1972899436950684,1
2.60957670211792,1
2.45497989654541,1
2.910078525543213,1
2.0525543689727783,1
3.0375518798828125,1
3.2122445106506348,1
2.08691143989563,1
1.8994216918945313,1
2.290524482727051,1
2.2789549827575684,1
1.9133892059326172,1
1.9346288442611694,1
2.607497215270996,1
1.5803399085998535,1
2.1938369274139404,1
1.9489631652832031,1
1.925206184387207,1
1.6446053981781006,1
2.450932741165161,1
2.5278897285461426,1
2.594740867614746,1
2.305025100708008,1
1.861375331878662,1
2.250283718109131,1
2.2330188751220703,1
2.4409334659576416,1
2.3681089878082275,1
2.1704063415527344,1
2.4272780418395996,1
2.1908822059631348,1
1.498112678527832,1
2.592256546020508,1
1.9594058990478516,1
1.6712579727172852,1
2.109978199005127,1
2.243779420852661,1
2.131587028503418,1
2.0276284217834473,1
2.009373188018799,1
2.086519479751587,1
2.156843423843384,1
1.6996102333068848,1
2.0916976928710938,1
1.7118077278137207,1
2.701096773147583,1
1.9134011268615723,1
2.2754507064819336,1
1.9269647598266602,1
2.0767312049865723,1
2.249048948287964,1
2.011366367340088,1
2.56626558303833,1
2.761950731277466,1
2.2872581481933594,1
2.320236921310425,1
2.2941715717315674,1
2.961535692214966,1
1.3752168416976929,1
1.4582573175430298,1
2.495856761932373,1
1.7830467224121094,1
3.2083921432495117,1
1.8672692775726318,1
2.7866175174713135,1
2.2602741718292236,1
2.19498348236084,1
2.5660486221313477,1
2.482459545135498,1
2.874532699584961,1
2.528017520904541,1
2.7758378982543945,1
2.0794858932495117,1
2.470404624938965,1
2.4609570503234863,1
2.107259511947632,1
2.561422824859619,1
2.8766183853149414,1
2.03420352935791,1
2.2714052200317383,1
3.0950441360473633,1
2.755986213684082,1
2.3697140216827393,1
2.6001768112182617,1
2.093865394592285,1
2.5622363090515137,1
2.6786444187164307,1
3.036100149154663,1
2.023730754852295,1
1.9680237770080566,1
2.486069917678833,1
2.000711679458618,1
2.8057608604431152,1
1.9286108016967773,1
2.690455198287964,1
1.9154903888702393,1
2.287367343902588,1
2.5738139152526855,1
2.099363327026367,1
2.3136348724365234,1
2.3509786128997803,1
2.208667039871216,1
2.261108875274658,1
2.302992105484009,1
2.1477599143981934,1
1.828080415725708,1
1.9500272274017334,1
2.1885201930999756,1
2.0834968090057373,1
2.0868401527404785,1
2.127774238586426,1
2.2896728515625,1
2.4652349948883057,1
2.379488945007324,1
1.6623479127883911,1
2.0164763927459717,1
2.3209633827209473,1
2.3200626373291016,1
1.6412115097045898,1
1.938666820526123,1
3.2865748405456543,1
2.2569479942321777,1
2.2827203273773193,1
2.609177589416504,1
1.789455533027649,1
1.848522663116455,1
2.118638277053833,1
1.8830031156539917,1
2.26918888092041,1
2.140139579772949,1
2.4761903285980225,1
2.333249568939209,1
2.0389065742492676,1
1.9392294883728027,1
1.7597063779830933,1
2.577180862426758,1
2.517228364944458,1
2.7673277854919434,1
1.8477091789245605,1
1.8951327800750732,1
1.7241239547729492,1
2.0669233798980713,1
2.1811442375183105,1
2.4497151374816895,1
2.1296982765197754,1
2.6729345321655273,1
2.2791664600372314,1
2.3137001991271973,1
1.6943204402923584,1
2.0403964519500732,1
1.7383273839950562,1
1.848129153251648,1
1.9892768859863281,1
1.903082013130188,1
2.5719785690307617,1
1.863019585609436,1
2.815448760986328,1
2.451982021331787,1
2.0656323432922363,1
2.593210458755493,1
2.5936100482940674,1
1.8361178636550903,1
1.4876201152801514,1
2.059561014175415,1
2.8291428089141846,1
2.7309722900390625,1
2.3131558895111084,1
2.726445436477661,1
2.95200514793396,1
1.9438618421554565,1
1.8868671655654907,1
1.8143272399902344,1
2.6172783374786377,1
2.0790324211120605,1
2.7096707820892334,1
2.7669224739074707,1
3.0367848873138428,1
3.024384021759033,1
3.559039831161499,1
2.344120502471924,1
2.09114146232605,1
2.861703634262085,1
1.6227192878723145,1
2.234945297241211,1
2.783997058868408,1
1.9065220355987549,1
2.7317819595336914,1
1.8939954042434692,1
2.3041493892669678,1
2.3450090885162354,1
2.478548765182495,1
2.448068618774414,1
2.5064265727996826,1
2.2624964714050293,1
2.559922695159912,1
2.070254325866699,1
2.2228405475616455,1
2.4534566402435303,1
2.1859118938446045,1
2.7448067665100098,1
2.331134796142578,1
2.798327922821045,1
2.2385053634643555,1
1.6812293529510498,1
2.3063154220581055,1
2.9691672325134277,1
2.3525381088256836,1
2.0672783851623535,1
2.5273280143737793,1
2.4281187057495117,1
2.6256978511810303,1
2.2841849327087402,1
2.500924825668335,1
2.0884652137756348,1
2.362077474594116,1
2.086139678955078,1
1.7382396459579468,1
2.204777240753174,1
2.036323070526123,1
1.8171303272247314,1
2.5324058532714844,1
1.7387328147888184,1
2.354515314102173,1
2.8915748596191406,1
1.9629687070846558,1
2.015202283859253,1
2.2142539024353027,1
2.6488513946533203,1
2.9935779571533203,1
1.3676626682281494,1
2.4583232402801514,1
2.4942755699157715,1
2.3298773765563965,1
2.919755220413208,1
2.307249069213867,1
3.304738759994507,1
1.7996599674224854,1
2.279756784439087,1
2.086308717727661,1
2.1699516773223877,1
2.8407278060913086,1
2.5116515159606934,1
1.902299165725708,1
1.8863623142242432,1
2.3266847133636475,1
2.3033862113952637,1
3.1543054580688477,1
2.330331325531006,1
2.3788278102874756,1
2.5915260314941406,1
2.306736469268799,1
1.780450463294983,1
2.1878108978271484,1
2.2110142707824707,1
2.1583166122436523,1
2.2071971893310547,1
2.574202537536621,1
2.3887577056884766,1
2.5277767181396484,1
2.6134934425354004,1
1.879476547241211,1
2.1047070026397705,1
2.2684409618377686,1
2.0660805702209473,1
2.6122145652770996,1
2.5735154151916504,1
3.251556396484375,1
2.852055788040161,1
1.8212988376617432,1
1.9712353944778442,1
1.7718477249145508,1
2.3080391883850098,1
3.4566562175750732,1
2.552910804748535,1
2.1670103073120117,1
1.8909239768981934,1
2.5951671600341797,1
2.694363594055176,1
2.4055120944976807,1
2.7571723461151123,1
1.8649017810821533,1
3.004714012145996,1
2.324888229370117,1
2.1040139198303223,1
2.217456340789795,1
2.7307822704315186,1
2.6587107181549072,1
2.6815309524536133,1
2.4537031650543213,1
2.1605305671691895,1
2.5488877296447754,1
2.1407694816589355,1
3.1650550365448,1
2.3263423442840576,1
2.389798879623413,1
2.728816032409668,1
2.514768600463867,1
2.3041956424713135,1
2.359419107437134,1
1.970485806465149,1
2.1575937271118164,1
2.2635297775268555,1
2.251685380935669,1
3.034539222717285,1
2.683379650115967,1
2.2007393836975098,1
2.3359768390655518,1
2.0214147567749023,1
2.4366579055786133,1
2.287141799926758,1
1.988853931427002,1
2.0702412128448486,1
1.6503827571868896,1
2.438138008117676,1
1.9534950256347656,1
2.1883864402770996,1
2.253790855407715,1
1.9616230726242065,1
2.0145468711853027,1
2.249596357345581,1
2.283280849456787,1
2.184739112854004,1
2.31579852104187,1
1.6417367458343506,1
2.8765053749084473,1
2.10516619682312,1
2.2131786346435547,1
2.085367202758789,1
2.7674765586853027,1
2.11700701713562,1
2.261059284210205,1
2.549922227859497,1
2.2291922569274902,1
2.3745079040527344,1
2.167309284210205,1
2.8822836875915527,1
2.4694268703460693,1
2.713155746459961,1
2.3820462226867676,1
2.0984256267547607,1
2.452897310256958,1
2.338460922241211,1
2.0312399864196777,1
2.2834362983703613,1
2.6497273445129395,1
2.346261739730835,1
1.8879938125610352,1
2.2678580284118652,1
2.143338918685913,1
2.2934794425964355,1
2.20613956451416,1
2.166571617126465,1
1.9137248992919922,1
2.5082788467407227,1
1.9690488576889038,1
2.253389835357666,1
2.664322853088379,1
2.5457382202148438,1
2.03037166595459,1
2.9410510063171387,1
2.074261426925659,1
1.9926936626434326,1
2.095813035964966,1
2.697856903076172,1
1.9211881160736084,1
1.904331922531128,1
2.0519015789031982,1
1.8290050029754639,1
2.219280481338501,1
2.421797275543213,1
2.1609907150268555,1
1.9778426885604858,1
1.9120986461639404,1
2.4019622802734375,1
2.1249473094940186,1
2.122011184692383,1
2.2018113136291504,1
2.1261379718780518,1
3.2850940227508545,1
2.5390772819519043,1
2.2158899307250977,1
2.0287461280822754,1
2.4533863067626953,1
1.8105669021606445,1
2.849766254425049,1
2.4025304317474365,1
2.352785587310791,1
3.0663857460021973,1
3.050023317337036,1
2.1688971519470215,1
2.5646395683288574,1
2.09004545211792,1
2.709534168243408,1
3.2430639266967773,1
1.553262710571289,1
1.7063987255096436,1
2.4250705242156982,1
2.9066858291625977,1
2.320167064666748,1
2.745985507965088,1
2.438079595565796,1
2.823495626449585,1
2.9873909950256348,1
3.384730339050293,1
2.4413061141967773,1
2.0912599563598633,1
2.7866578102111816,1
3.1466469764709473,1
3.3170785903930664,1
2.9520931243896484,1
2.1338703632354736,1
2.3254852294921875,1
3.7109084129333496,1
2.586452007293701,1
2.6183040142059326,1
2.5216057300567627,1
2.4866409301757813,1
2.3542447090148926,1
3.0564446449279785,1
4.182338714599609,1
2.9894521236419678,1
2.7428221702575684,1
2.936161518096924,1
2.853799343109131,1
2.6000266075134277,1
2.558772087097168,1
1.6939465999603271,1
2.1158456802368164,1
2.4623327255249023,1
2.7147531509399414,1
2.7154245376586914,1
2.4554624557495117,1
2.251948118209839,1
3.667559862136841,1
2.236945629119873,1
1.989058494567871,1
2.226102113723755,1
2.525937080383301,1
2.546814441680908,1
2.061281204223633,1
1.774482011795044,1
2.201373815536499,1
2.3876309394836426,1
2.479452133178711,1
1.8194776773452759,1
2.245999574661255,1
2.7110025882720947,1
2.4625301361083984,1
1.8206439018249512,1
1.8367221355438232,1
2.012730836868286,1
2.612992286682129,1
2.3303608894348145,1
2.644399404525757,1
2.1017818450927734,1
1.8261091709136963,1
2.877936840057373,1
1.8114813566207886,1
2.6766157150268555,1
1.843104600906372,1
2.2096822261810303,1
1.893316388130188,1
2.6281630992889404,1
2.127429485321045,1
2.7093636989593506,1
1.9729582071304321,1
2.5747883319854736,1
2.3852310180664063,1
2.2020363807678223,1
2.710616111755371,1
2.4092094898223877,1
2.1416120529174805,1
2.0611772537231445,1
2.17765474319458,1
2.2005062103271484,1
2.098667621612549,1
2.3269174098968506,1
2.128861904144287,1
1.8081103563308716,1
2.279437303543091,1
2.1183900833129883,1
1.9054657220840454,1
2.4959630966186523,1
2.318110466003418,1
2.4170174598693848,1
2.623201370239258,1
1.7717745304107666,1
2.191399097442627,1
1.7257922887802124,1
2.484004259109497,1
2.4099228382110596,1
3.0645294189453125,1
2.228574752807617,1
3.080047369003296,1
2.548002243041992,1
2.2172048091888428,1
2.442206859588623,1
2.0830636024475098,1
2.4547362327575684,1
2.6381754875183105,1
2.3575491905212402,1
2.070255756378174,1
2.78790545463562,1
1.7172681093215942,1
1.7845172882080078,1
2.6452131271362305,1
2.117549419403076,1
1.8099406957626343,1
2.6581649780273438,1
2.583538055419922,1
2.4110734462738037,1
2.6142938137054443,1
1.5856010913848877,1
3.2746481895446777,1
2.3140454292297363,1
2.4220614433288574,1
2.320849895477295,1
1.7906115055084229,1
2.3251137733459473,1
2.4923439025878906,1
2.47048282623291,1
2.5981698036193848,1
2.3794686794281006,1
2.0760533809661865,1
2.5568528175354004,1
2.20732045173645,1
1.9400403499603271,1
2.69238018989563,1
2.0060410499572754,1
2.00709867477417,1
2.7069640159606934,1
2.300330400466919,1
2.973328113555908,1
2.068798542022705,1
2.7930500507354736,1
1.9010112285614014,1
2.439542055130005,1
2.088744640350342,1
2.1942782402038574,1
2.661036968231201,1
3.1015193462371826,1
3.2901108264923096,1
3.078094482421875,1
2.821667194366455,1
2.6251139640808105,1
3.4629316329956055,1
2.7700982093811035,1
2.2883424758911133,1
2.5298566818237305,1
2.603672742843628,1
2.6088409423828125,1
2.512615203857422,1
2.591169595718384,1
2.409684896469116,1
2.8521244525909424,1
2.011239528656006,1
2.7608773708343506,1
2.3437139987945557,1
2.3894400596618652,1
2.298874855041504,1
2.077718496322632,1
2.5030908584594727,1
2.6397409439086914,1
2.4249348640441895,1
2.221235752105713,1
2.479094982147217,1
2.1691997051239014,1
1.801118016242981,1
2.5207324028015137,1
1.9176347255706787,1
1.7279396057128906,1
2.4571609497070313,1
2.2544748783111572,1
1.683880090713501,1
1.8875043392181396,1
2.0247418880462646,1
2.375854015350342,1
3.1062698364257813,1
2.510936737060547,1
2.128453254699707,1
2.442727565765381,1
1.916881799697876,1
2.2020556926727295,1
2.911095380783081,1
2.344298839569092,1
2.3232364654541016,1
2.5158627033233643,1
1.962097406387329,1
2.1442182064056396,1
2.5339245796203613,1
2.4634194374084473,1
2.617135524749756,1
2.1831789016723633,1
1.9465680122375488,1
2.4581100940704346,1
1.8200750350952148,1
2.642606258392334,1
2.434567928314209,1
1.8179504871368408,1
2.668855667114258,1
1.964801549911499,1
2.401210069656372,1
2.349341869354248,1
2.121105909347534,1
2.298226833343506,1
2.1838459968566895,1
3.0263121128082275,1
2.2889180183410645,1
2.1563074588775635,1
2.6432623863220215,1
2.081636428833008,1
2.084611415863037,1
1.8728713989257813,1
2.2576394081115723,1
2.251514196395874,1
2.4754090309143066,1
2.269355058670044,1
1.9556950330734253,1
2.20931339263916,1
2.236818313598633,1
2.547700881958008,1
2.3201894760131836,1
2.8533923625946045,1
1.8829107284545898,1
2.2433509826660156,1
1.8064806461334229,1
2.409778118133545,1
2.31345534324646,1
1.906294584274292,1
1.96890127658844,1
1.791558861732483,1
1.5578123331069946,1
1.6016772985458374,1
2.1789464950561523,1
2.188382148742676,1
2.191425085067749,1
1.6534240245819092,1
1.66064453125,1
1.4698472023010254,1
2.1325252056121826,1
2.3033385276794434,1
2.511305570602417,1
2.4053852558135986,1
2.648599147796631,1
2.537768840789795,1
2.120993137359619,1
1.7202436923980713,1
2.588616371154785,1
2.031987190246582,1
2.40531587600708,1
2.4262290000915527,1
2.520292043685913,1
2.854260206222534,1
2.8661692142486572,1
2.3472471237182617,1
2.8787622451782227,1
2.162095069885254,1
2.120816707611084,1
2.202065944671631,1
2.6367406845092773,1
2.110675811767578,1
2.070693016052246,1
2.0490736961364746,1
2.3041868209838867,1
2.0967507362365723,1
2.2069778442382813,1
2.6953415870666504,1
2.3406951427459717,1
1.6172494888305664,1
2.155588150024414,1
1.4158778190612793,1
2.2019429206848145,1
2.635965347290039,1
3.631232976913452,1
1.5760962963104248,1
2.2960195541381836,1
2.008327007293701,1
1.811246395111084,1
2.4674973487854004,1
2.7101616859436035,1
2.1980466842651367,1
2.1034882068634033,1
2.154717206954956,1
2.411282777786255,1
2.265073299407959,1
2.4194791316986084,1
2.0262374877929688,1
3.1556971073150635,1
3.044196367263794,1
3.299788236618042,1
1.8385764360427856,1
2.116638660430908,1
2.811147689819336,1
2.1116864681243896,1
1.9376294612884521,1
2.018805503845215,1
2.6383309364318848,1
1.9926767349243164,1
2.656371593475342,1
2.0209226608276367,1
2.0110256671905518,1
3.278315305709839,1
1.9432388544082642,1
2.3083648681640625,1
3.017256259918213,1
2.436394214630127,1
2.4704301357269287,1
2.328418254852295,1
3.001490354537964,1
2.4276347160339355,1
1.9650017023086548,1
2.436948776245117,1
1.8666369915008545,1
2.347745180130005,1
1.828560471534729,1
2.418771743774414,1
1.977898359298706,1
2.618938446044922,1
2.556915760040283,1
2.3111696243286133,1
3.223133087158203,1
2.6382436752319336,1
2.1442792415618896,1
2.4599056243896484,1
1.9772615432739258,1
2.48466420173645,1
1.869907259941101,1
2.332279682159424,1
2.206569194793701,1
1.5447161197662354,1
2.114311695098877,1
2.4597156047821045,1
2.3204307556152344,1
2.3827672004699707,1
2.236144542694092,1
1.9565807580947876,1
2.148190975189209,1
3.0692203044891357,1
1.9541727304458618,1
2.6284425258636475,1
2.4849071502685547,1
2.451939582824707,1
2.6196765899658203,1
2.7030394077301025,1
2.7322473526000977,1
2.4459176063537598,1
2.2046375274658203,1
2.456634283065796,1
2.4187734127044678,1
1.8019096851348877,1
1.9032080173492432,1
2.0609025955200195,1
2.299842357635498,1
1.8512678146362305,1
1.856515884399414,1
2.5860602855682373,1
2.5546975135803223,1
2.6104624271392822,1
2.036315441131592,1
3.919157028198242,1
3.5585479736328125,1
2.298710346221924,1
1.6825661659240723,1
2.2605066299438477,1
2.8916351795196533,1
2.7020487785339355,1
3.2802889347076416,1
2.0278873443603516,1
2.3373055458068848,1
2.6966757774353027,1
2.555727005004883,1
3.31589937210083,1
2.1002416610717773,1
1.924460768699646,1
2.7192888259887695,1
3.939208507537842,1
3.683722972869873,1
2.540090799331665,1
2.3156793117523193,1
2.9137301445007324,1
2.5654163360595703,1
3.0598790645599365,1
3.52006196975708,1
3.450894355773926,1
2.070448637008667,1
2.130195140838623,1
2.3480515480041504,1
3.033926010131836,1
3.339071750640869,1
3.3892855644226074,1
2.4995787143707275,1
2.480548143386841,1
2.873558521270752,1
1.8770110607147217,1
2.4672584533691406,1
2.3627967834472656,1
2.9104299545288086,1
2.563436508178711,1
2.663240909576416,1
2.4209229946136475,1
2.6402008533477783,1
2.270085573196411,1
1.9682027101516724,1
2.2694523334503174,1
1.8270666599273682,1
2.4238529205322266,1
2.130570888519287,1
1.6449251174926758,1
2.100015163421631,1
2.5645458698272705,1
2.095123529434204,1
2.423659563064575,1
2.3133203983306885,1
3.0881223678588867,1
2.0734145641326904,1
2.6301422119140625,1
2.193042755126953,1
2.3116235733032227,1
1.7321882247924805,1
1.9203360080718994,1
1.9880191087722778,1
2.1756019592285156,1
2.359421730041504,1
2.2996315956115723,1
2.6425623893737793,1
1.9985275268554688,1
2.7044382095336914,1
2.919250726699829,1
2.5666422843933105,1
1.7675187587738037,1
2.3171541690826416,1
2.043166160583496,1
2.4998834133148193,1
3.032637119293213,1
2.6652255058288574,1
2.0577542781829834,1
2.1958706378936768,1
2.0725598335266113,1
2.0310006141662598,1
2.8426151275634766,1
1.826700210571289,1
2.812485933303833,1
2.2669801712036133,1
1.7777836322784424,1
2.3537192344665527,1
2.344482660293579,1
1.9162324666976929,1
2.5441808700561523,1
2.5056116580963135,1
2.565995216369629,1
1.8959870338439941,1
2.1442947387695313,1
2.0964035987854004,1
2.257932424545288,1
1.905869483947754,1
2.861292600631714,1
2.637303352355957,1
2.020693778991699,1
1.8781919479370117,1
2.4655933380126953,1
2.1348986625671387,1
1.9743483066558838,1
2.499990940093994,1
2.410350799560547,1
2.3387935161590576,1
2.177610397338867,1
2.9656922817230225,1
3.001739501953125,1
2.2057414054870605,1
2.2196245193481445,1
2.083057403564453,1
2.4616823196411133,1
1.9671554565429688,1
2.2833237648010254,1
2.4921350479125977,1
2.9667513370513916,1
2.3877649307250977,1
1.4061815738677979,1
2.5296196937561035,1
3.152822732925415,1
2.4584274291992188,1
2.2038698196411133,1
2.291022300720215,1
3.207810878753662,1
2.4833011627197266,1
2.35599422454834,1
2.066896677017212,1
1.91582190990448,1
2.606161594390869,1
2.7821218967437744,1
2.5935111045837402,1
2.2561984062194824,1
2.047708034515381,1
2.278832197189331,1
2.3080668449401855,1
2.3812336921691895,1
2.2168593406677246,1
1.9199591875076294,1
1.8300695419311523,1
2.386540651321411,1
2.4034271240234375,1
2.096578598022461,1
2.092731237411499,1
2.3739428520202637,1
2.165814161300659,1
1.9213588237762451,1
2.5574679374694824,1
2.134669065475464,1
2.71490478515625,1
3.18721866607666,1
2.2889082431793213,1
1.9215388298034668,1
2.7343764305114746,1
1.8304898738861084,1
2.195831775665283,1
1.860650658607483,1
2.446307420730591,1
2.0392262935638428,1
2.1150879859924316,1
1.6746342182159424,1
2.3602120876312256,1
1.997275710105896,1
2.681349277496338,1
2.935380220413208,1
2.367812156677246,1
2.0424869060516357,1
1.708458662033081,1
2.0037362575531006,1
2.898016929626465,1
2.970773696899414,1
3.054445743560791,1
2.0675442218780518,1
2.0791749954223633,1
2.6798768043518066,1
3.1644644737243652,1
2.834743022918701,1
2.0826194286346436,1
2.324228525161743,1
2.2407386302948,1
3.5074758529663086,1
2.318964719772339,1
3.5541903972625732,1
2.66823410987854,1
2.6517229080200195,1
2.6101608276367188,1
2.608832359313965,1
2.3787267208099365,1
2.6031057834625244,1
2.9478225708007813,1
2.15313458442688,1
2.328197717666626,1
2.438563346862793,1
2.2523012161254883,1
2.6302709579467773,1
2.9211840629577637,1
2.5675249099731445,1
2.4426121711730957,1
2.444951295852661,1
2.327009677886963,1
1.9448219537734985,1
2.2770323753356934,1
2.340123176574707,1
2.146367311477661,1
2.0608246326446533,1
2.0134341716766357,1
2.8168587684631348,1
2.456003189086914,1
1.9977716207504272,1
1.6621291637420654,1
2.442031145095825,1
2.0666234493255615,1
1.9998631477355957,1
1.7591906785964966,1
2.542231321334839,1
2.1177146434783936,1
2.457496166229248,1
2.1807711124420166,1
1.9794647693634033,1
2.5537991523742676,1
2.1424400806427,1
2.6460800170898438,1
2.069261074066162,1
1.705568552017212,1
2.1104769706726074,1
2.045140266418457,1
2.201066017150879,1
2.0801796913146973,1
2.649474620819092,1
2.026063919067383,1
2.2739429473876953,1
2.7185590267181396,1
2.50453519821167,1
2.464994192123413,1
2.203679084777832,1
1.9859418869018555,1
2.117363929748535,1
2.210103988647461,1
2.392425775527954,1
2.430638313293457,1
2.4300451278686523,1
2.005352020263672,1
2.3839528560638428,1
2.3936235904693604,1
2.2241744995117188,1
2.3061416149139404,1
3.0134809017181396,1
2.300903797149658,1
3.0353167057037354,1
3.2119312286376953,1
2.7631711959838867,1
2.3858299255371094,1
2.0847489833831787,1
2.8607864379882813,1
2.3564562797546387,1
2.0294899940490723,1
1.882218837738037,1
2.1747188568115234,1
2.4497437477111816,1
2.245732069015503,1
2.130782127380371,1
2.192286491394043,1
2.333644390106201,1
1.9594700336456299,1
2.3913092613220215,1
2.091153621673584,1
1.7516974210739136,1
1.9548614025115967,1
2.1384177207946777,1
2.237755298614502,1
2.559640645980835,1
2.10970401763916,1
2.385713577270508,1
3.4678356647491455,1
2.3628292083740234,1
2.0726866722106934,1
2.7758445739746094,1
2.241480827331543,1
2.002042293548584,1
2.6673424243927,1
2.9372501373291016,1
1.9033164978027344,1
1.9261481761932373,1
2.2851812839508057,1
2.1620569229125977,1
1.8018932342529297,1
2.433903217315674,1
2.1557512283325195,1
1.9167399406433105,1
1.6992294788360596,1
2.1690587997436523,1
2.8025646209716797,1
3.059734582901001,1
2.2122251987457275,1
2.721928119659424,1
1.9956269264221191,1
2.690457344055176,1
1.5944727659225464,1
1.769992709159851,1
2.1773176193237305,1
2.6054561138153076,1
2.0569467544555664,1
2.2398314476013184,1
2.0590591430664063,1
1.865031123161316,1
2.260857105255127,1
2.188220739364624,1
2.3753628730773926,1
2.236311674118042,1
1.999882698059082,1
2.135652542114258,1
2.256638288497925,1
3.3690600395202637,1
2.1460156440734863,1
2.4945101737976074,1
2.114428997039795,1
2.6154685020446777,1
2.316971778869629,1
2.6012063026428223,1
2.3225722312927246,1
2.8014960289001465,1
1.7533888816833496,1
2.2096219062805176,1
2.7200186252593994,1
2.5944080352783203,1
2.8103113174438477,1
2.477224826812744,1
2.2246084213256836,1
2.5966713428497314,1
2.187201738357544,1
1.9287922382354736,1
1.78663969039917,1
1.8137271404266357,1
2.2911977767944336,1
1.6185829639434814,1
2.047288656234741,1
2.0500242710113525,1
2.4343225955963135,1
1.7521741390228271,1
2.0772345066070557,1
1.876594066619873,1
2.459758758544922,1
2.0141618251800537,1
2.2499938011169434,1
2.0507357120513916,1
2.300631523132324,1
2.4045615196228027,1
2.386960983276367,1
2.1218013763427734,1
2.148123264312744,1
2.1854634284973145,1
1.833084225654602,1
1.7375608682632446,1
2.1297669410705566,1
2.0671334266662598,1
1.9626210927963257,1
2.3383028507232666,1
1.883061408996582,1
2.046579360961914,1
2.0965182781219482,1
2.170900344848633,1
2.087280750274658,1
1.8518168926239014,1
2.58868408203125,1
2.2833235263824463,1
1.360662579536438,1
2.1165618896484375,1
2.6650285720825195,1
2.6615471839904785,1
2.1604812145233154,1
2.0282678604125977,1
2.569509267807007,1
1.948955774307251,1
2.093338966369629,1
2.1314849853515625,1
2.2723984718322754,1
1.9101500511169434,1
2.1417856216430664,1
2.23713755607605,1
1.9331002235412598,1
1.672972559928894,1
2.0749950408935547,1
2.1191294193267822,1
2.2125465869903564,1
1.9848339557647705,1
2.290877342224121,1
2.4703562259674072,1
2.388885021209717,1
1.9976706504821777,1
1.8480981588363647,1
2.028843879699707,1
3.1211514472961426,1
2.46292781829834,1
2.9133224487304688,1
2.4471511840820313,1
2.239288091659546,1
2.0896871089935303,1
2.3982644081115723,1
2.9707746505737305,1
2.5199646949768066,1
2.0677828788757324,1
2.259763240814209,1
2.110719680786133,1
3.0829780101776123,1
2.2489471435546875,1
2.0338516235351563,1
2.554141044616699,1
2.418219566345215,1
2.370821952819824,1
2.5235543251037598,1
2.330237865447998,1
2.228531837463379,1
1.8771276473999023,1
2.327819347381592,1
2.1833033561706543,1
2.683638572692871,1
2.610990285873413,1
2.713578224182129,1
1.976524829864502,1
2.309042453765869,1
2.2759838104248047,1
1.7656614780426025,1
1.784570574760437,1
2.2230958938598633,1
2.06587815284729,1
2.305647850036621,1
2.006608009338379,1
1.7185845375061035,1
1.9036493301391602,1
2.129127264022827,1
1.9124408960342407,1
1.7831556797027588,1
2.228266477584839,1
2.5210936069488525,1
2.387382745742798,1
2.430793285369873,1
2.2769782543182373,1
2.1950182914733887,1
3.3163604736328125,1
2.172616958618164,1
2.235072612762451,1
2.9540767669677734,1
2.5772149562835693,1
1.9807186126708984,1
2.8677587509155273,1
2.7666306495666504,1
2.2714200019836426,1
2.90221905708313,1
1.7568968534469604,1
2.8628454208374023,1
3.0579214096069336,1
2.1317827701568604,1
2.446226119995117,1
2.852947235107422,1
2.1031413078308105,1
3.036059617996216,1
2.548461437225342,1
2.5252861976623535,1
1.9740264415740967,1
1.7792799472808838,1
1.4889929294586182,1
2.332972764968872,1
2.7693047523498535,1
2.187514305114746,1
2.162191390991211,1
2.9249138832092285,1
2.366769313812256,1
2.690377712249756,1
2.801163911819458,1
2.4210543632507324,1
1.9435478448867798,1
2.1709210872650146,1
2.3966472148895264,1
2.2278189659118652,1
2.2019944190979004,1
2.0371339321136475,1
1.988115906715393,1
2.6854989528656006,1
2.0929043292999268,1
2.7342889308929443,1
1.6482131481170654,1
2.286120891571045,1
2.553434371948242,1
2.4128451347351074,1
2.3363161087036133,1
2.1135289669036865,1
2.0649425983428955,1
2.339810848236084,1
2.3084940910339355,1
2.0304598808288574,1
1.789225459098816,1
2.7904772758483887,1
2.297788143157959,1
2.054893970489502,1
2.025373935699463,1
2.0752615928649902,1
2.6942787170410156,1
2.344761371612549,1
2.4926462173461914,1
2.424546480178833,1
2.4891915321350098,1
2.2781925201416016,1
2.3567299842834473,1
3.230886697769165,1
2.1483089923858643,1
2.2404613494873047,1
2.4561338424682617,1
2.905592203140259,1
2.4302892684936523,1
2.6111693382263184,1
1.9416940212249756,1
2.4234957695007324,1
2.3084936141967773,1
2.302344560623169,1
2.4679298400878906,1
2.2459611892700195,1
2.4456584453582764,1
2.961280107498169,1
2.259150505065918,1
2.291440963745117,1
2.0746350288391113,1
1.8337098360061646,1
2.8270411491394043,1
2.1292152404785156,1
1.8364719152450562,1
1.8965890407562256,1
2.5281472206115723,1
1.9867690801620483,1
2.404174566268921,1
2.1508970260620117,1
2.0548229217529297,1
1.8204748630523682,1
2.5578598976135254,1
2.003554344177246,1
2.5145444869995117,1
2.0710794925689697,1
1.9114100933074951,1
2.0823071002960205,1
2.345512866973877,1
2.0871973037719727,1
3.274639368057251,1
2.8350019454956055,1
2.661280632019043,1
2.374929428100586,1
2.0263195037841797,1
2.4010939598083496,1
2.2712059020996094,1
2.0153000354766846,1
2.0346126556396484,1
2.3242554664611816,1
2.761629819869995,1
2.22332501411438,1
1.7635080814361572,1
2.1463208198547363,1
1.7705137729644775,1
2.1768016815185547,1
2.2168667316436768,1
2.7274906635284424,1
2.0967049598693848,1
1.7712136507034302,1
3.144649028778076,1
2.2353668212890625,1
2.0462865829467773,1
2.3391823768615723,1
2.280888795852661,1
2.0615286827087402,1
2.5007131099700928,1
2.058384895324707,1
1.8265842199325562,1
1.8493037223815918,1
3.2592709064483643,1
1.7201991081237793,1
1.8973238468170166,1
2.3845150470733643,1
3.165081739425659,1
2.3207414150238037,1
2.6591081619262695,1
2.218137741088867,1
2.327976703643799,1
1.9660561084747314,1
2.916454315185547,1
2.2320024967193604,1
2.1327950954437256,1
2.700399398803711,1
2.0730390548706055,1
2.031771659851074,1
2.3560893535614014,1
1.9419384002685547,1
2.2060012817382813,1
2.101558208465576,1
2.0164635181427,1
2.332270622253418,1
2.0065741539001465,1
2.1999869346618652,1
2.029790163040161,1
1.994442105293274,1
2.1582627296447754,1
2.309392213821411,1
2.218327522277832,1
2.571845054626465,1
2.4116125106811523,1
2.2102928161621094,1
2.399506092071533,1
1.9435656070709229,1
1.6886428594589233,1
1.950614333152771,1
2.0916545391082764,1
2.1196975708007813,1
2.4646694660186768,1
2.2633721828460693,1
2.851374626159668,1
2.630955696105957,1
2.117107391357422,1
2.6858959197998047,1
3.2956016063690186,1
2.3973703384399414,1
2.7821145057678223,1
1.9444717168807983,1
2.1208419799804688,1
2.1935107707977295,1
2.7642874717712402,1
2.1170566082000732,1
2.3049330711364746,1
2.1317460536956787,1
2.44864821434021,1
2.217529535293579,1
2.0742104053497314,1
2.26785945892334,1
2.850663423538208,1
2.961406946182251,1
3.609090566635132,1
2.397913932800293,1
2.4398813247680664,1
2.540560245513916,1
1.8218671083450317,1
2.19229793548584,1
2.579244375228882,1
2.5633606910705566,1
2.4135642051696777,1
2.2604150772094727,1
2.6111502647399902,1
2.252769947052002,1
1.7386772632598877,1
2.838632106781006,1
2.401134967803955,1
2.4002444744110107,1
1.800179362297058,1
2.333550214767456,1
2.120201587677002,1
2.4687983989715576,1
1.9940707683563232,1
1.6367669105529785,1
2.2986645698547363,1
2.2898972034454346,1
2.446028232574463,1
2.354362964630127,1
2.4522030353546143,1
2.2524490356445313,1
2.4098615646362305,1
2.45400333404541,1
2.6413733959198,1
2.970419406890869,1
3.1234548091888428,1
2.589474678039551,1
2.4298219680786133,1
3.0545008182525635,1
2.8960487842559814,1
2.639292001724243,1
2.0687272548675537,1
2.844041347503662,1
3.0711283683776855,1
2.0330824851989746,1
2.8486886024475098,1
2.554731845855713,1
2.5705320835113525,1
2.2269766330718994,1
2.2455854415893555,1
1.9804540872573853,1
3.306567668914795,1
2.2197999954223633,1
2.5586979389190674,1
2.2223429679870605,1
2.634852647781372,1
2.3601291179656982,1
2.2736082077026367,1
2.156886339187622,1
2.1202077865600586,1
2.079835891723633,1
2.686549425125122,1
2.168405055999756,1
2.3415915966033936,1
2.84053373336792,1
2.1732418537139893,1
1.9452661275863647,1
2.3577189445495605,1
2.376044750213623,1
2.412738800048828,1
2.721574068069458,1
2.6332483291625977,1
2.489138603210449,1
2.811666965484619,1
2.2548258304595947,1
2.6141750812530518,1
2.1935455799102783,1
2.2872796058654785,1
2.404801607131958,1
1.9303362369537354,1
2.470306634902954,1
2.7690961360931396,1
2.247551679611206,1
2.2437915802001953,1
2.3131370544433594,1
2.0631744861602783,1
1.7759997844696045,1
2.41202449798584,1
2.0673913955688477,1
2.080064296722412,1
2.262024164199829,1
2.098543167114258,1
2.210017681121826,1
2.2211267948150635,1
2.23213791847229,1
1.8275094032287598,1
2.8813910484313965,1
2.146486759185791,1
2.189377546310425,1
1.7173458337783813,1
2.109644889831543,1
2.0167038440704346,1
1.9866447448730469,1
1.8299790620803833,1
2.097532033920288,1
2.262171983718872,1
2.300124168395996,1
1.642797827720642,1
2.5997519493103027,1
2.142188549041748,1
2.346323013305664,1
2.1657423973083496,1
2.360705852508545,1
2.388406276702881,1
3.127624034881592,1
2.2531638145446777,1
2.172807216644287,1
2.1474409103393555,1
2.1172776222229004,1
2.5933876037597656,1
2.927712917327881,1
2.7868387699127197,1
2.2696146965026855,1
2.1827430725097656,1
2.0183629989624023,1
2.6203055381774902,1
2.4742679595947266,1
2.4779458045959473,1
2.658245801925659,1
3.1248960494995117,1
2.2500076293945313,1
2.229184150695801,1
2.254863739013672,1
2.390894889831543,1
2.2917885780334473,1
2.7501888275146484,1
2.6238224506378174,1
2.4126474857330322,1
2.54669189453125,1
2.3537187576293945,1
2.5246939659118652,1
2.1214652061462402,1
2.74456787109375,1
2.7917847633361816,1
2.260615587234497,1
2.5181031227111816,1
3.371554374694824,1
2.3229758739471436,1
2.6725997924804688,1
3.0736210346221924,1
2.4345309734344482,1
3.1066389083862305,1
2.3946285247802734,1
1.7819404602050781,1
3.0010604858398438,1
2.4428532123565674,1
1.9291108846664429,1
2.115273952484131,1
2.1807591915130615,1
2.663682222366333,1
2.5322766304016113,1
2.2292535305023193,1
1.8823273181915283,1
1.8470356464385986,1
2.6251473426818848,1
1.9864671230316162,1
2.1476380825042725,1
1.8300197124481201,1
2.0142290592193604,1
2.6173384189605713,1
1.9695301055908203,1
2.2415666580200195,1
2.1227879524230957,1
2.7103018760681152,1
2.3158645629882813,1
2.106672763824463,1
1.7895300388336182,1
1.8370245695114136,1
2.549001932144165,1
2.627314567565918,1
2.888169288635254,1
2.4985060691833496,1
2.1462743282318115,1
2.4706361293792725,1
2.314502239227295,1
2.4113571643829346,1
1.9166752099990845,1
2.218008041381836,1
2.745457172393799,1
2.219862461090088,1
2.2122669219970703,1
2.5138449668884277,1
1.9077744483947754,1
1.8718825578689575,1
2.2270073890686035,1
2.8389480113983154,1
2.48738169670105,1
2.2612521648406982,1
2.9314846992492676,1
2.7624521255493164,1
2.1842494010925293,1
1.867537260055542,1
2.2387871742248535,1
3.2573676109313965,1
2.291015625,1
2.06345796585083,1
2.3474769592285156,1
1.897148847579956,1
1.8959836959838867,1
2.470545768737793,1
2.5172202587127686,1
2.0437350273132324,1
2.739283561706543,1
2.4176979064941406,1
2.0846190452575684,1
2.4530868530273438,1
2.9859821796417236,1
2.542640209197998,1
2.1953256130218506,1
1.572275161743164,1
2.6629281044006348,1
1.659696340560913,1
2.5614264011383057,1
2.6136255264282227,1
2.02514386177063,1
1.9000482559204102,1
2.4656901359558105,1
1.8867186307907104,1
2.067894697189331,1
2.970855712890625,1
2.0779082775115967,1
1.8729374408721924,1
2.563424587249756,1
2.1812853813171387,1
2.0415778160095215,1
2.260031223297119,1
2.8382468223571777,1
2.385654926300049,1
2.4109115600585938,1
2.196296215057373,1
2.5210518836975098,1
1.9821308851242065,1
2.015202283859253,1
2.563673973083496,1
2.5872724056243896,1
1.956963300704956,1
2.9540109634399414,1
2.650512933731079,1
2.5349202156066895,1
2.1923375129699707,1
3.0244483947753906,1
2.1361937522888184,1
2.3250012397766113,1
2.189378261566162,1
1.6842310428619385,1
2.997905731201172,1
3.4267115592956543,1
2.6342625617980957,1
2.3542709350585938,1
2.370142698287964,1
2.415755271911621,1
2.192718267440796,1
2.276413917541504,1
2.6186890602111816,1
2.7102456092834473,1
2.976724624633789,1
2.9237825870513916,1
2.4592387676239014,1
2.0888261795043945,1
2.2798805236816406,1
2.01558518409729,1
2.2079787254333496,1
1.579023838043213,1
2.031949520111084,1
2.399580478668213,1
2.426382064819336,1
2.3244550228118896,1
2.007025718688965,1
2.175800323486328,1
1.765790581703186,1
2.755523681640625,1
2.3866164684295654,1
2.446066379547119,1
2.673612117767334,1
2.2266931533813477,1
2.2555084228515625,1
2.23321533203125,1
1.9359047412872314,1
1.941381573677063,1
1.9315625429153442,1
2.0233402252197266,1
1.890509843826294,1
1.9987412691116333,1
2.058223247528076,1
2.8682169914245605,1
1.838386058807373,1
2.052452325820923,1
2.070727825164795,1
2.164283275604248,1
2.299062728881836,1
2.4358901977539063,1
2.123049259185791,1
3.091301202774048,1
2.4177446365356445,1
1.9027657508850098,1
3.0162558555603027,1
2.1940054893493652,1
2.481499671936035,1
1.935349464416504,1
2.2188901901245117,1
1.7949268817901611,1
2.015047788619995,1
1.9677178859710693,1
2.2559049129486084,1
1.891754388809204,1
2.576565742492676,1
2.738036870956421,1
1.9867699146270752,1
2.139411449432373,1
1.746041178703308,1
2.4151358604431152,1
2.382535219192505,1
2.3363780975341797,1
1.6706652641296387,1
2.6925463676452637,1
2.414476156234741,1
2.8084423542022705,1
2.4999747276306152,1
2.928659439086914,1
1.7955622673034668,1
3.3551456928253174,1
2.6799449920654297,1
2.727118968963623,1
2.525432586669922,1
2.2774739265441895,1
2.6477210521698,1
2.8603358268737793,1
3.1795806884765625,1
2.7059438228607178,1
2.451204538345337,1
2.0167105197906494,1
2.650377035140991,1
1.7460029125213623,1
2.2395002841949463,1
1.8514682054519653,1
1.95746910572052,1
2.2905282974243164,1
2.4390146732330322,1
2.834685802459717,1
2.0978240966796875,1
1.7968075275421143,1
2.1836702823638916,1
2.2264246940612793,1
2.6519370079040527,1
2.2720839977264404,1
3.321099281311035,1
2.0092310905456543,1
2.606579303741455,1
2.1900148391723633,1
2.4956908226013184,1
2.1821084022521973,1
2.3858113288879395,1
2.2517619132995605,1
1.8938990831375122,1
1.898659348487854,1
2.3269686698913574,1
1.9621719121932983,1
1.9144442081451416,1
2.788607120513916,1
2.4624385833740234,1
2.052267551422119,1
2.439171314239502,1
2.7401812076568604,1
2.0916433334350586,1
2.370555877685547,1
2.4126224517822266,1
2.5644280910491943,1
2.9869484901428223,1
2.264408588409424,1
1.8617526292800903,1
1.5389983654022217,1
2.3483498096466064,1
2.567495822906494,1
1.8530560731887817,1
2.339071750640869,1
2.692455768585205,1
2.1089887619018555,1
2.4065186977386475,1
2.783212184906006,1
2.417525291442871,1
2.3117101192474365,1
2.5854973793029785,1
2.0893049240112305,1
2.508721351623535,1
2.3806369304656982,1
2.5735886096954346,1
2.035114049911499,1
2.492922067642212,1
1.7695982456207275,1
2.2120749950408936,1
2.6442160606384277,1
2.1484627723693848,1
2.4823455810546875,1
2.0995447635650635,1
2.237288236618042,1
1.7585240602493286,1
3.1702914237976074,1
2.112034320831299,1
2.1542673110961914,1
2.264659881591797,1
2.3288798332214355,1
2.241436004638672,1
2.4391074180603027,1
2.6819934844970703,1
2.2714364528656006,1
1.9920847415924072,1
2.419752359390259,1
2.922090530395508,1
2.646012306213379,1
2.280503749847412,1
2.793686866760254,1
1.8847335577011108,1
2.4287736415863037,1
2.5841052532196045,1
2.557732343673706,1
2.685715675354004,1
2.8675646781921387,1
2.1744866371154785,1
2.2257962226867676,1
2.7908759117126465,1
1.9273858070373535,1
2.591754913330078,1
2.6757454872131348,1
2.4449214935302734,1
2.6340577602386475,1
2.3990554809570313,1
2.580449104309082,1
2.7751269340515137,1
2.4061074256896973,1
2.3077540397644043,1
1.9308546781539917,1
3.0379016399383545,1
1.8158109188079834,1
1.6289268732070923,1
2.4239566326141357,1
2.505263090133667,1
1.6657859086990356,1
2.105295181274414,1
2.002138137817383,1
2.5153019428253174,1
2.3484878540039063,1
2.3657069206237793,1
2.6560206413269043,1
2.4536242485046387,1
2.4447994232177734,1
2.6527464389801025,1
3.00085711479187,1
2.3998212814331055,1
2.1562955379486084,1
2.572962999343872,1
2.4627299308776855,1
2.7182207107543945,1
2.3255615234375,1
1.568585753440857,1
2.978879690170288,1
2.494356870651245,1
1.949568748474121,1
1.9297782182693481,1
2.4290337562561035,1
2.6975698471069336,1
2.1625876426696777,1
1.80867338180542,1
2.5126516819000244,1
2.1097700595855713,1
2.3411645889282227,1
2.3317983150482178,1
2.899724006652832,1
1.9182283878326416,1
2.4561007022857666,1
2.3760199546813965,1
2.1400680541992188,1
3.0376834869384766,1
2.128460645675659,1
2.6647589206695557,1
2.247891426086426,1
2.204608201980591,1
2.1700644493103027,1
2.3107380867004395,1
3.336968421936035,1
3.1435344219207764,1
2.9399502277374268,1
2.7992117404937744,1
2.9588921070098877,1
1.7923126220703125,1
1.967254638671875,1
2.3216001987457275,1
2.434159994125366,1
2.435636281967163,1
2.481489419937134,1
2.5515401363372803,1
2.2798047065734863,1
1.9660487174987793,1
2.914501190185547,1
2.4832515716552734,1
1.9956440925598145,1
2.058617353439331,1
2.4492058753967285,1
2.5573368072509766,1
2.7818920612335205,1
1.9017579555511475,1
1.9987337589263916,1
2.04390025138855,1
2.498807668685913,1
2.3607125282287598,1
2.8439557552337646,1
2.306847333908081,1
1.599733591079712,1
1.8335052728652954,1
2.2527589797973633,1
2.2024893760681152,1
2.3249688148498535,1
2.475461006164551,1
3.2445054054260254,1
2.1525192260742188,1
2.17228364944458,1
2.4676601886749268,1
1.9191398620605469,1
2.0516233444213867,1
1.9648751020431519,1
2.4768457412719727,1
2.640587329864502,1
2.2040677070617676,1
2.6539032459259033,1
2.411508560180664,1
2.098219633102417,1
2.4178082942962646,1
2.2116289138793945,1
2.286363363265991,1
2.140674114227295,1
2.436224937438965,1
1.7723912000656128,1
1.9025884866714478,1
2.1593127250671387,1
2.0225038528442383,1
2.6607484817504883,1
1.818259358406067,1
2.313601016998291,1
1.5904757976531982,1
2.5350329875946045,1
2.2629075050354004,1
2.6232614517211914,1
2.7435543537139893,1
1.8920376300811768,1
2.286971092224121,1
2.3895974159240723,1
1.7892934083938599,1
2.2867484092712402,1
1.8136695623397827,1
2.0986015796661377,1
2.1437630653381348,1
2.540036678314209,1
2.443669319152832,1
2.5188510417938232,1
2.0197689533233643,1
2.38097882270813,1
2.570814609527588,1
2.3309621810913086,1
2.197106122970581,1
2.322697639465332,1
2.3470571041107178,1
1.7144081592559814,1
1.9648287296295166,1
2.7867326736450195,1
2.8583157062530518,1
1.9534176588058472,1
1.9455260038375854,1
1.8876090049743652,1
2.324007272720337,1
2.3683390617370605,1
1.946566104888916,1
2.4056811332702637,1
2.013801097869873,1
1.99261474609375,1
2.142509698867798,1
2.003267526626587,1
2.560230255126953,1
3.181480884552002,1
2.5832109451293945,1
2.6514437198638916,1
2.3317410945892334,1
1.7193278074264526,1
3.495547294616699,1
1.891823172569275,1
2.9783315658569336,1
1.9993469715118408,1
2.2473301887512207,1
2.6058459281921387,1
2.1522974967956543,1
2.16751766204834,1
2.4349365234375,1
2.9058480262756348,1
2.6634817123413086,1
3.429431915283203,1
1.9756160974502563,1
2.942995309829712,1
2.8355517387390137,1
2.621772289276123,1
3.208070755004883,1
3.7439427375793457,1
2.7131471633911133,1
2.0796244144439697,1
2.284663200378418,1
2.756500244140625,1
3.6523938179016113,1
2.9536709785461426,1
2.904756546020508,1
3.2144830226898193,1
2.8706142902374268,1
2.8666515350341797,1
3.0118443965911865,1
2.7726054191589355,1
3.018864870071411,1
2.1513869762420654,1
2.409389019012451,1
2.7306013107299805,1
2.056835412979126,1
2.8247408866882324,1
2.3951144218444824,1
1.8452606201171875,1
2.2900171279907227,1
2.794301986694336,1
2.694725513458252,1
2.5517396926879883,1
2.4369258880615234,1
2.7216124534606934,1
2.715059757232666,1
1.8614853620529175,1
2.727764129638672,1
1.869980812072754,1
2.470581293106079,1
2.5948903560638428,1
2.3829402923583984,1
2.481184244155884,1
3.151646852493286,1
2.6310431957244873,1
2.1527328491210938,1
2.290452003479004,1
2.3784971237182617,1
2.179508686065674,1
2.4798898696899414,1
2.417879581451416,1
1.9558820724487305,1
2.751222610473633,1
2.150211811065674,1
2.1964190006256104,1
2.3738818168640137,1
2.2485623359680176,1
3.286921501159668,1
2.2440388202667236,1
2.280515670776367,1
2.4040446281433105,1
2.7891972064971924,1
2.8856639862060547,1
2.2263998985290527,1
2.7649834156036377,1
2.2834177017211914,1
2.514533281326294,1
2.812042713165283,1
2.3290205001831055,1
2.4237923622131348,1
2.179622173309326,1
2.7275679111480713,1
1.9300243854522705,1
2.4586493968963623,1
2.433809518814087,1
2.874765157699585,1
2.333983898162842,1
2.107896327972412,1
2.957233428955078,1
2.2325477600097656,1
1.9576882123947144,1
2.3645572662353516,1
2.6877975463867188,1
2.4821181297302246,1
2.3708877563476563,1
2.731555938720703,1
2.539262294769287,1
2.7357568740844727,1
2.221068859100342,1
2.274472713470459,1
2.35797119140625,1
2.985975742340088,1
3.262605905532837,1
2.196532964706421,1
2.176776647567749,1
2.0196547508239746,1
2.8998661041259766,1
2.218698263168335,1
2.021308660507202,1
2.468303680419922,1
2.353759527206421,1
2.5863754749298096,1
2.447427272796631,1
2.436774492263794,1
2.266633987426758,1
2.0538506507873535,1
2.448638439178467,1
2.2700634002685547,1
2.145825147628784,1
1.9616574048995972,1
2.2829322814941406,1
2.3354978561401367,1
2.191864252090454,1
2.181631565093994,1
1.959130883216858,1
2.4241437911987305,1
2.215805768966675,1
2.254180908203125,1
2.3731870651245117,1
1.8344323635101318,1
2.4087717533111572,1
2.27821683883667,1
2.4429194927215576,1
2.289409875869751,1
2.313026189804077,1
2.522765636444092,1
2.2483744621276855,1
2.1430492401123047,1
2.2970495223999023,1
2.010672092437744,1
1.996361255645752,1
2.3494913578033447,1
2.3737030029296875,1
2.073768138885498,1
1.9472510814666748,1
2.3501617908477783,1
1.6724791526794434,1
2.2525558471679688,1
2.335674285888672,1
2.4608187675476074,1
1.9113713502883911,1
2.0322110652923584,1
2.817002296447754,1
2.5919017791748047,1
2.7004222869873047,1
1.8296895027160645,1
1.9128329753875732,1
2.2018885612487793,1
2.815727949142456,1
2.5675997734069824,1
2.3569447994232178,1
1.7212893962860107,1
1.5675876140594482,1
2.0812151432037354,1
2.5661964416503906,1
2.3153624534606934,1
2.1191868782043457,1
2.1673643589019775,1
2.00486159324646,1
2.400975227355957,1
2.2044568061828613,1
2.4667696952819824,1
2.0530691146850586,1
2.4646153450012207,1
2.5444231033325195,1
1.8203129768371582,1
2.6592857837677,1
2.1886892318725586,1
2.417478084564209,1
2.75726056098938,1
2.1677908897399902,1
1.9907610416412354,1
2.1476473808288574,1
2.6175460815429688,1
2.380486011505127,1
2.4565958976745605,1
1.8176324367523193,1
2.459044933319092,1
2.4043383598327637,1
1.888542652130127,1
2.402794122695923,1
3.5235705375671387,1
2.4292898178100586,1
2.8343982696533203,1
2.2003517150878906,1
2.2545084953308105,1
2.1000771522521973,1
2.149031639099121,1
1.8145575523376465,1
2.649850368499756,1
2.5695438385009766,1
2.555647373199463,1
1.7786688804626465,1
2.4666450023651123,1
2.4301090240478516,1
2.289295196533203,1
1.773634433746338,1
2.1430583000183105,1
1.7633318901062012,1
1.6621601581573486,1
2.212707042694092,1
2.0425338745117188,1
2.6657485961914063,1
2.5795326232910156,1
2.3741273880004883,1
2.8531713485717773,1
2.347705364227295,1
2.3312928676605225,1
2.4695167541503906,1
2.1510281562805176,1
2.497434377670288,1
2.454181432723999,1
1.9125127792358398,1
1.9120838642120361,1
2.9276351928710938,1
2.1176960468292236,1
2.328977584838867,1
3.0837903022766113,1
1.7956416606903076,1
1.8829203844070435,1
1.809404730796814,1
1.547712802886963,1
2.17842435836792,1
2.046856164932251,1
2.035552978515625,1
2.042556047439575,1
1.9948935508728027,1
3.4649388790130615,1
2.1330559253692627,1
2.6567482948303223,1
1.771298885345459,1
1.8943872451782227,1
2.0478017330169678,1
1.9780203104019165,1
2.6168031692504883,1
2.195326805114746,1
2.2086124420166016,1
2.2254130840301514,1
2.1515915393829346,1
2.5037312507629395,1
2.1150760650634766,1
2.0321311950683594,1
1.948779582977295,1
2.488433361053467,1
2.1338577270507813,1
2.8283133506774902,1
2.492593765258789,1
1.8452389240264893,1
2.3420333862304688,1
2.1437036991119385,1
2.0425424575805664,1
2.060652732849121,1
2.557727813720703,1
2.8349123001098633,1
2.074049472808838,1
2.0336804389953613,1
2.7312114238739014,1
2.2604382038116455,1
2.9308273792266846,1
2.4482674598693848,1
2.0633692741394043,1
2.5404014587402344,1
2.957803726196289,1
2.2937562465667725,1
2.7925167083740234,1
3.163498878479004,1
3.5012779235839844,1
2.286349058151245,1
2.3145883083343506,1
1.9468789100646973,1
2.510427236557007,1
2.495882749557495,1
2.388331890106201,1
2.474792957305908,1
2.215085983276367,1
2.7888035774230957,1
2.179124593734741,1
2.155398368835449,1
1.640580415725708,1
2.005730390548706,1
2.1907904148101807,1
2.019202709197998,1
2.044706344604492,1
2.198413372039795,1
2.228001117706299,1
2.0780065059661865,1
1.8209764957427979,1
2.652785301208496,1
3.1817853450775146,1
1.5831689834594727,1
2.0342531204223633,1
2.0668699741363525,1
2.2041029930114746,1
2.6388437747955322,1
2.303212881088257,1
2.1938023567199707,1
2.0536720752716064,1
2.0414505004882813,1
1.6270798444747925,1
2.9954121112823486,1
2.5266711711883545,1
2.1532886028289795,1
2.0124542713165283,1
2.9109504222869873,1
3.0579993724823,1
1.532767653465271,1
2.4161720275878906,1
1.9977302551269531,1
3.1673412322998047,1
1.6867650747299194,1
2.2907843589782715,1
2.5742149353027344,1
2.273487091064453,1
2.368401050567627,1
2.2737743854522705,1
2.138918161392212,1
2.3377952575683594,1
2.4423933029174805,1
2.2247021198272705,1
2.611978054046631,1
1.9234334230422974,1
1.9911487102508545,1
2.140082359313965,1
2.1006557941436768,1
2.3992919921875,1
2.496713161468506,1
2.097506046295166,1
1.995187520980835,1
1.8954018354415894,1
2.1326396465301514,1
2.2873706817626953,1
2.0383901596069336,1
2.1123156547546387,1
2.648805618286133,1
2.2293505668640137,1
2.307805061340332,1
2.356476306915283,1
2.0229196548461914,1
3.3672168254852295,1
2.6946630477905273,1
2.432651996612549,1
2.0557045936584473,1
2.08705735206604,1
1.9488333463668823,1
2.335808515548706,1
2.244415283203125,1
2.552760124206543,1
3.2185401916503906,1
2.2106781005859375,1
2.5938336849212646,1
2.8082432746887207,1
2.2051286697387695,1
2.714742422103882,1
2.183058500289917,1
2.151641368865967,1
2.582839250564575,1
2.394009828567505,1
2.973719835281372,1
2.310591220855713,1
2.776028633117676,1
2.462442398071289,1
1.5848455429077148,1
1.9043853282928467,1
2.0987725257873535,1
2.2110795974731445,1
2.311889886856079,1
2.5327811241149902,1
1.9661121368408203,1
2.3167357444763184,1
2.80845308303833,1
2.244330883026123,1
2.000319480895996,1
1.7726941108703613,1
2.2984442710876465,1
3.063539505004883,1
3.088904619216919,1
2.5310938358306885,1
2.18998384475708,1
2.166332960128784,1
3.276776075363159,1
3.0995001792907715,1
2.344911575317383,1
1.9597338438034058,1
2.1495161056518555,1
2.31105899810791,1
2.5424609184265137,1
2.1224653720855713,1
2.2433016300201416,1
2.162388324737549,1
1.6318132877349854,1
3.3248629570007324,1
2.062225341796875,1
2.230304479598999,1
2.3080155849456787,1
2.437940835952759,1
1.9281336069107056,1
1.9820556640625,1
2.0334348678588867,1
2.137913703918457,1
2.4811625480651855,1
2.2162232398986816,1
2.392310380935669,1
2.170097827911377,1
1.8195545673370361,1
3.022490978240967,1
2.0592212677001953,1
2.2652342319488525,1
3.3403244018554688,1
2.1383352279663086,1
2.6414852142333984,1
2.269353151321411,1
2.1593708992004395,1
1.7086045742034912,1
2.395242691040039,1
1.934760332107544,1
2.5407190322875977,1
2.1090502738952637,1
2.3007774353027344,1
1.7048144340515137,1
2.0148544311523438,1
2.3185112476348877,1
1.8861432075500488,1
2.4756855964660645,1
2.0332603454589844,1
2.0185956954956055,1
1.9600027799606323,1
3.3602137565612793,1
2.781799793243408,1
1.7539036273956299,1
2.2974772453308105,1
2.234708786010742,1
1.806584358215332,1
2.0365684032440186,1
2.6732664108276367,1
2.2464189529418945,1
2.349499225616455,1
2.204716205596924,1
2.076186180114746,1
2.1539578437805176,1
2.2718710899353027,1
2.099648952484131,1
2.659651756286621,1
2.5923268795013428,1
1.8927114009857178,1
3.121995687484741,1
2.8027701377868652,1
2.774897813796997,1
2.3634777069091797,1
3.1034083366394043,1
2.08646821975708,1
2.305377960205078,1
2.324228286743164,1
2.987872838973999,1
2.6733627319335938,1
3.264191150665283,1
2.208310604095459,1
2.035862445831299,1
2.211247444152832,1
2.293612003326416,1
3.0254569053649902,1
2.6468496322631836,1
2.6591525077819824,1
2.1773905754089355,1
2.618868112564087,1
2.3142287731170654,1
2.0260329246520996,1
2.5198733806610107,1
2.1251273155212402,1
2.282780885696411,1
2.4226229190826416,1
2.9841833114624023,1
2.9778671264648438,1
2.33284592628479,1
2.8030738830566406,1
3.795490264892578,1
2.47019624710083,1
2.4234890937805176,1
2.2070131301879883,1
2.226663589477539,1
3.1635451316833496,1
3.2140798568725586,1
2.0125699043273926,1
2.040865898132324,1
1.8518943786621094,1
2.853034496307373,1
3.0419349670410156,1
1.897153377532959,1
2.2156333923339844,1
2.1991991996765137,1
2.572131633758545,1
3.0601439476013184,1
2.6587812900543213,1
2.7018113136291504,1
2.412543296813965,1
2.5666465759277344,1
2.349766254425049,1
2.630338668823242,1
2.3292295932769775,1
3.017230987548828,1
2.7694220542907715,1
2.844517707824707,1
2.3392419815063477,1
2.5742948055267334,1
2.076484441757202,1
2.488208770751953,1
2.955721855163574,1
2.1356892585754395,1
2.139021396636963,1
2.02116322517395,1
2.2513890266418457,1
2.567901611328125,1
1.9923789501190186,1
2.681905508041382,1
2.0661606788635254,1
2.122112512588501,1
2.641897201538086,1
2.1294751167297363,1
2.117342472076416,1
2.152838706970215,1
2.5458250045776367,1
1.8532359600067139,1
2.5267748832702637,1
2.0992798805236816,1
2.0324454307556152,1
2.4269161224365234,1
2.972435474395752,1
2.9075727462768555,1
2.462779998779297,1
2.0751864910125732,1
1.952283263206482,1
2.4501380920410156,1
2.222095489501953,1
2.17622971534729,1
2.121255397796631,1
2.2960493564605713,1
1.8706789016723633,1
2.115013599395752,1
1.991016149520874,1
2.2302465438842773,1
2.2980499267578125,1
2.510883331298828,1
2.3672518730163574,1
2.209043025970459,1
2.6756420135498047,1
2.1358113288879395,1
1.4722981452941895,1
1.8134591579437256,1
2.2430384159088135,1
1.7472772598266602,1
2.0505096912384033,1
2.1147079467773438,1
2.0720863342285156,1
1.623928189277649,1
2.73709774017334,1
2.3332552909851074,1
2.1370625495910645,1
2.367560863494873,1
2.460536241531372,1
1.8250683546066284,1
1.981950283050537,1
1.9018484354019165,1
2.017599582672119,1
2.362053394317627,1
2.248831033706665,1
2.2896337509155273,1
2.184083938598633,1
1.8489224910736084,1
2.8212878704071045,1
2.255265712738037,1
2.38222074508667,1
3.05073881149292,1
1.7468314170837402,1
2.0175371170043945,1
1.8852932453155518,1
1.9407223463058472,1
2.1541080474853516,1
2.6670870780944824,1
2.7279300689697266,1
2.373882293701172,1
2.6645801067352295,1
2.770751953125,1
2.7293124198913574,1
2.7088165283203125,1
2.6278324127197266,1
1.7425501346588135,1
2.4006617069244385,1
2.3358912467956543,1
2.809384346008301,1
2.2542760372161865,1
2.4156274795532227,1
3.524677276611328,1
2.3056604862213135,1
2.889802932739258,1
2.0548954010009766,1
2.3623151779174805,1
2.2838804721832275,1
2.2531909942626953,1
2.9262466430664063,1
2.527254581451416,1
2.2925519943237305,1
2.2879221439361572,1
2.100853443145752,1
2.2869009971618652,1
1.833134651184082,1
1.8915296792984009,1
2.2755894660949707,1
2.2541589736938477,1
2.6762659549713135,1
2.3030529022216797,1
2.2640233039855957,1
2.1924631595611572,1
1.792186975479126,1
2.237947463989258,1
1.9378269910812378,1
1.973028540611267,1
2.215888500213623,1
2.3188159465789795,1
2.333519458770752,1
2.265134334564209,1
2.1475706100463867,1
2.17732834815979,1
2.2166244983673096,1
2.1846706867218018,1
2.244333267211914,1
2.0325632095336914,1
2.777766704559326,1
1.789261817932129,1
2.491523265838623,1
1.6663146018981934,1
2.646043539047241,1
2.3593268394470215,1
2.386380434036255,1
2.249856948852539,1
2.3496336936950684,1
2.392582893371582,1
2.4357995986938477,1
2.918930768966675,1
2.645935297012329,1
2.3563547134399414,1
1.6051585674285889,1
2.876094102859497,1
2.552673816680908,1
2.5512733459472656,1
3.182630777359009,1
2.6440553665161133,1
1.8965791463851929,1
2.3889427185058594,1
2.1091933250427246,1
2.366687297821045,1
2.087970495223999,1
2.0420711040496826,1
2.2668094635009766,1
2.378307819366455,1
1.9970073699951172,1
1.810065507888794,1
2.570185661315918,1
2.6375575065612793,1
2.2270700931549072,1
2.7677106857299805,1
1.8261313438415527,1
2.2318601608276367,1
2.7827725410461426,1
2.2129764556884766,1
1.9346469640731812,1
2.0334129333496094,1
2.0212090015411377,1
2.4764013290405273,1
2.1971044540405273,1
2.2596631050109863,1
1.8153209686279297,1
2.2635605335235596,1
2.298908233642578,1
2.1840975284576416,1
1.9033952951431274,1
2.4297406673431396,1
2.0204248428344727,1
2.4101309776306152,1
2.575666666030884,1
2.701355457305908,1
2.7586441040039063,1
2.2430224418640137,1
2.768911123275757,1
2.664179801940918,1
2.314225196838379,1
2.8409035205841064,1
2.593859910964966,1
1.9837555885314941,1
2.2582030296325684,1
2.700273275375366,1
2.3862669467926025,1
2.368159770965576,1
2.7831690311431885,1
2.7086219787597656,1
2.1654746532440186,1
2.242194652557373,1
1.8997799158096313,1
2.269817590713501,1
2.192538022994995,1
2.5964627265930176,1
2.168295383453369,1
2.2887141704559326,1
2.2338950634002686,1
1.9818665981292725,1
2.8345580101013184,1
1.7289210557937622,1
2.3169000148773193,1
2.740598678588867,1
2.039435863494873,1
2.7402732372283936,1
2.251504421234131,1
2.353576421737671,1
2.3245253562927246,1
2.1463773250579834,1
1.7454288005828857,1
2.127164125442505,1
2.685530662536621,1
2.302081346511841,1
2.227604866027832,1
2.4899587631225586,1
2.1311144828796387,1
2.619617462158203,1
1.6960506439208984,1
2.0708436965942383,1
2.381176471710205,1
2.0847787857055664,1
2.988760232925415,1
1.8629568815231323,1
2.1536028385162354,1
2.5995712280273438,1
2.0784435272216797,1
1.8898988962173462,1
2.6313486099243164,1
2.5345354080200195,1
2.660144329071045,1
2.704739809036255,1
2.0485379695892334,1
2.345757007598877,1
2.1942830085754395,1
2.313094139099121,1
2.584503173828125,1
2.2505600452423096,1
1.8717496395111084,1
2.222494125366211,1
2.338125705718994,1
1.76809823513031,1
2.00569486618042,1
1.9643986225128174,1
1.9630988836288452,1
2.2770333290100098,1
2.536064624786377,1
2.2022457122802734,1
2.3961358070373535,1
2.6258652210235596,1
2.2745361328125,1
2.4082388877868652,1
2.3396949768066406,1
1.8351935148239136,1
1.8516223430633545,1
2.1388344764709473,1
2.034576892852783,1
2.485154628753662,1
2.7951138019561768,1
2.1974477767944336,1
2.2987284660339355,1
2.660628318786621,1
2.337189197540283,1
3.0875020027160645,1
2.285271644592285,1
3.6718459129333496,1
1.9553427696228027,1
3.196554183959961,1
3.3282999992370605,1
2.50634765625,1
2.1321825981140137,1
1.6446404457092285,1
2.526444435119629,1
3.2992234230041504,1
2.689572334289551,1
2.956737518310547,1
3.2169857025146484,1
3.1927671432495117,1
3.893651008605957,1
3.835883855819702,1
3.1503560543060303,1
1.8719062805175781,1
1.9492526054382324,1
1.9162055253982544,1
3.6357483863830566,1
3.2536723613739014,1
2.7713847160339355,1
3.131692409515381,1
2.1532788276672363,1
2.542116165161133,1
2.1138176918029785,1
2.7645325660705566,1
2.6534276008605957,1
2.652170419692993,1
2.622555732727051,1
2.744410991668701,1
2.2272825241088867,1
2.4286699295043945,1
2.1040825843811035,1
3.605541467666626,1
2.2092361450195313,1
