5.2842512130737305,1
5.277374267578125,1
5.276117324829102,1
5.254874229431152,1
5.2715067863464355,1
5.172490119934082,1
5.202731132507324,1
5.2118024826049805,1
5.235962390899658,1
5.290387153625488,1
5.249480724334717,1
5.214141845703125,1
5.247738838195801,1
5.2806243896484375,1
5.219123840332031,1
5.320261478424072,1
5.247547149658203,1
5.239919185638428,1
5.18172550201416,1
5.192081928253174,1
5.222879886627197,1
5.219058036804199,1
5.181045055389404,1
5.2546281814575195,1
5.19133996963501,1
5.15116024017334,1
5.333250999450684,1
5.202425003051758,1
5.2816619873046875,1
5.268648147583008,1
5.267287254333496,1
5.137225151062012,1
5.241252422332764,1
5.193307876586914,1
5.245890140533447,1
5.259242057800293,1
5.428454399108887,1
5.258048057556152,1
5.246669769287109,1
5.165124893188477,1
5.139740467071533,1
5.280045509338379,1
5.2514448165893555,1
5.244046211242676,1
5.213293075561523,1
5.2723612785339355,1
5.319140911102295,1
5.237905502319336,1
5.249045372009277,1
5.256082534790039,1
5.255906581878662,1
5.260507583618164,1
5.212610244750977,1
5.1404242515563965,1
5.2871928215026855,1
5.223570823669434,1
5.328366756439209,1
5.2183403968811035,1
5.252174377441406,1
5.209568977355957,1
5.3363776206970215,1
5.269962310791016,1
5.283535957336426,1
5.249236106872559,1
5.20814323425293,1
5.192483901977539,1
5.337164878845215,1
5.163787841796875,1
5.1914801597595215,1
5.227354049682617,1
5.207418441772461,1
5.272785663604736,1
5.244585990905762,1
5.3176984786987305,1
5.213627815246582,1
5.191710472106934,1
5.222743988037109,1
5.192727088928223,1
5.264623165130615,1
5.150077819824219,1
5.2403483390808105,1
5.148231506347656,1
5.207479953765869,1
5.182398319244385,1
5.205091953277588,1
5.144330978393555,1
5.270010471343994,1
5.188755989074707,1
5.236435413360596,1
5.2160563468933105,1
5.25265645980835,1
5.166559219360352,1
5.25469970703125,1
5.159665107727051,1
5.265552043914795,1
5.176508903503418,1
5.2324442863464355,1
5.1761932373046875,1
5.195483684539795,1
5.251389503479004,1
5.154561996459961,1
5.374256610870361,1
5.290060043334961,1
5.148009300231934,1
5.210138320922852,1
5.173852443695068,1
5.228485584259033,1
5.220456123352051,1
5.185420036315918,1
5.203782081604004,1
5.251542091369629,1
5.2519989013671875,1
5.261704444885254,1
5.272825241088867,1
5.279338836669922,1
5.329081058502197,1
5.278802871704102,1
5.275934219360352,1
5.218163967132568,1
5.283087730407715,1
5.278559684753418,1
5.170591354370117,1
5.225959777832031,1
5.275489807128906,1
5.287487983703613,1
5.16737699508667,1
5.346779823303223,1
5.265326499938965,1
5.286779880523682,1
5.176435947418213,1
5.262928485870361,1
5.217094421386719,1
5.177857398986816,1
5.279979228973389,1
5.312553405761719,1
5.243461608886719,1
5.296290874481201,1
5.2448906898498535,1
5.3119306564331055,1
5.384129524230957,1
5.261326789855957,1
5.2536516189575195,1
5.334404945373535,1
5.219559192657471,1
5.199167251586914,1
5.184338569641113,1
5.275040626525879,1
5.244649410247803,1
5.374828815460205,1
5.29054069519043,1
5.24382209777832,1
5.265010833740234,1
5.220044136047363,1
5.323831558227539,1
5.243708610534668,1
5.160254001617432,1
5.1881232261657715,1
5.264005661010742,1
5.314630508422852,1
5.241482734680176,1
5.116884231567383,1
5.304115295410156,1
5.35922908782959,1
5.247229099273682,1
5.398768424987793,1
5.159224510192871,1
5.223723888397217,1
5.274597644805908,1
5.219780445098877,1
5.233692169189453,1
5.2921319007873535,1
5.151482582092285,1
5.253718852996826,1
5.215849876403809,1
5.202174186706543,1
5.185519695281982,1
5.239711284637451,1
5.2681474685668945,1
5.2077226638793945,1
5.22554874420166,1
5.209994316101074,1
5.161590576171875,1
5.28098201751709,1
5.2102251052856445,1
5.337828636169434,1
5.283860206604004,1
5.223130226135254,1
5.230609893798828,1
5.201164245605469,1
5.2510528564453125,1
5.196699619293213,1
5.230101585388184,1
5.2695088386535645,1
5.252227306365967,1
5.2805070877075195,1
5.242757320404053,1
5.195126533508301,1
5.19088077545166,1
5.252260208129883,1
5.162076950073242,1
5.235934734344482,1
5.284552574157715,1
5.231287002563477,1
5.273043632507324,1
5.242682456970215,1
5.250123977661133,1
5.207527160644531,1
5.135570526123047,1
5.245236396789551,1
5.226755619049072,1
5.328728199005127,1
5.221214294433594,1
5.266820907592773,1
5.344124794006348,1
5.292941093444824,1
5.2302045822143555,1
5.206899642944336,1
5.330625057220459,1
5.228778839111328,1
5.256624698638916,1
5.266602039337158,1
5.1671342849731445,1
5.18375301361084,1
5.291881561279297,1
5.205422401428223,1
5.240326404571533,1
5.272661209106445,1
5.217339515686035,1
5.2007293701171875,1
5.161074161529541,1
5.265891075134277,1
5.272592544555664,1
5.180121421813965,1
5.34114408493042,1
5.180529594421387,1
5.291114330291748,1
5.265937328338623,1
5.225717067718506,1
5.1813764572143555,1
5.190710067749023,1
5.190681457519531,1
5.312930583953857,1
5.295618534088135,1
5.211340427398682,1
5.286243438720703,1
5.20245361328125,1
5.2042388916015625,1
5.205177307128906,1
5.218038558959961,1
5.246297836303711,1
5.192992687225342,1
5.228218078613281,1
5.2783942222595215,1
5.138601303100586,1
5.308149337768555,1
5.292123794555664,1
5.184559345245361,1
5.239656925201416,1
5.211510181427002,1
5.218766212463379,1
5.229497909545898,1
5.173394203186035,1
5.239522933959961,1
5.148283004760742,1
5.216874122619629,1
5.2423553466796875,1
5.226284027099609,1
5.256019115447998,1
5.228768348693848,1
5.254246711730957,1
5.176275730133057,1
5.236652374267578,1
5.226215362548828,1
5.270621299743652,1
5.265240669250488,1
5.319308757781982,1
5.2156853675842285,1
5.260155200958252,1
5.193675518035889,1
5.2584123611450195,1
5.184204578399658,1
5.259139537811279,1
5.260419845581055,1
5.2636518478393555,1
5.356076717376709,1
5.328059196472168,1
5.2385663986206055,1
5.236966133117676,1
5.186563491821289,1
5.243716716766357,1
5.290553569793701,1
5.35422420501709,1
5.337867736816406,1
5.206980228424072,1
5.167013645172119,1
5.234358787536621,1
5.191013813018799,1
5.333160400390625,1
5.480468273162842,1
5.250843524932861,1
5.210770606994629,1
5.2123212814331055,1
5.162121772766113,1
5.16252326965332,1
5.281249046325684,1
5.191793441772461,1
5.216050148010254,1
5.336824417114258,1
5.285496234893799,1
5.301243782043457,1
5.248623847961426,1
5.263004779815674,1
5.2802019119262695,1
5.337344646453857,1
5.221490383148193,1
5.221701622009277,1
5.275163650512695,1
5.234598159790039,1
5.363541126251221,1
5.135236740112305,1
5.249089241027832,1
5.23737907409668,1
5.206606864929199,1
5.243830680847168,1
5.175497055053711,1
5.214419841766357,1
5.304977893829346,1
5.243122577667236,1
5.2200164794921875,1
5.209718227386475,1
5.3483734130859375,1
5.240114212036133,1
5.295041084289551,1
5.2176313400268555,1
5.207372188568115,1
5.305136203765869,1
5.311226844787598,1
5.222078800201416,1
5.269567489624023,1
5.202014923095703,1
5.297405242919922,1
5.183467864990234,1
5.193167686462402,1
5.318582534790039,1
5.231353759765625,1
5.20067834854126,1
5.281349182128906,1
5.2193803787231445,1
5.331735610961914,1
5.22226095199585,1
5.22056245803833,1
5.17764949798584,1
5.323504447937012,1
5.266223907470703,1
5.234920501708984,1
5.163872718811035,1
5.212959289550781,1
5.224078178405762,1
5.305517196655273,1
5.213667392730713,1
5.341024398803711,1
5.1963605880737305,1
5.19295597076416,1
5.198272705078125,1
5.22035026550293,1
5.153824329376221,1
5.250131607055664,1
5.1783928871154785,1
5.357226848602295,1
5.2771992683410645,1
5.244111061096191,1
5.216318130493164,1
5.24535608291626,1
5.187723159790039,1
5.2305908203125,1
5.2937235832214355,1
5.29455041885376,1
5.2443647384643555,1
5.183636665344238,1
5.233267784118652,1
5.248372554779053,1
5.1510138511657715,1
5.210444450378418,1
5.138262748718262,1
5.29874324798584,1
5.262895584106445,1
5.239200592041016,1
5.248904228210449,1
5.242976188659668,1
5.192594528198242,1
5.188695907592773,1
5.235776901245117,1
5.239146709442139,1
5.189149379730225,1
5.276340484619141,1
5.277568340301514,1
5.19923734664917,1
5.337643623352051,1
5.292152404785156,1
5.14301872253418,1
5.210604667663574,1
5.213658809661865,1
5.303526878356934,1
5.306575298309326,1
5.289266109466553,1
5.265527248382568,1
5.239866256713867,1
5.259124755859375,1
5.301270008087158,1
5.320387840270996,1
5.1507568359375,1
5.21561861038208,1
5.31663703918457,1
5.180976867675781,1
5.2331953048706055,1
5.192174911499023,1
5.310061454772949,1
5.319046497344971,1
5.201313018798828,1
5.328212738037109,1
5.183709621429443,1
5.2874908447265625,1
5.3041300773620605,1
5.208096504211426,1
5.171189308166504,1
5.23765754699707,1
5.241274833679199,1
5.353686332702637,1
5.250757694244385,1
5.239864349365234,1
5.310202598571777,1
5.2272515296936035,1
5.153163909912109,1
5.267965316772461,1
5.189281463623047,1
5.168271541595459,1
5.272579193115234,1
5.212808132171631,1
5.266844749450684,1
5.1738481521606445,1
5.205031394958496,1
5.209256649017334,1
5.290682315826416,1
5.243717670440674,1
5.253203392028809,1
5.2022576332092285,1
5.21466064453125,1
5.210395336151123,1
5.284175395965576,1
5.285611152648926,1
5.195418357849121,1
5.21235466003418,1
5.185996055603027,1
5.265390396118164,1
5.258265018463135,1
5.268552780151367,1
5.201159477233887,1
5.28678035736084,1
5.237183570861816,1
5.271308898925781,1
5.258055686950684,1
5.210105895996094,1
5.347383975982666,1
5.238973140716553,1
5.209237098693848,1
5.409362316131592,1
5.316707611083984,1
5.263250350952148,1
5.274688720703125,1
5.22184944152832,1
5.2266645431518555,1
5.286431312561035,1
5.353590965270996,1
5.3099870681762695,1
5.253867149353027,1
5.263544082641602,1
5.259650230407715,1
5.254595756530762,1
5.169430255889893,1
5.174933910369873,1
5.27561092376709,1
5.260895252227783,1
5.335319519042969,1
5.161582946777344,1
5.159726142883301,1
5.206073760986328,1
5.2084856033325195,1
5.237310886383057,1
5.3142290115356445,1
5.20600700378418,1
5.167033672332764,1
5.226856231689453,1
5.262888431549072,1
5.13870906829834,1
5.299503326416016,1
5.265841960906982,1
5.255334377288818,1
5.281102180480957,1
5.299565315246582,1
5.177785396575928,1
5.270102024078369,1
5.256038665771484,1
5.226186752319336,1
5.31108283996582,1
5.259793758392334,1
5.263063430786133,1
5.273088455200195,1
5.295310974121094,1
5.138643264770508,1
5.247618675231934,1
5.320067405700684,1
5.215150833129883,1
5.224374294281006,1
5.220327377319336,1
5.194129943847656,1
5.282259941101074,1
5.197142601013184,1
5.34860372543335,1
5.259186744689941,1
5.228628635406494,1
5.244607925415039,1
5.22020959854126,1
5.235797882080078,1
5.371488094329834,1
5.299192428588867,1
5.235888957977295,1
5.246579647064209,1
5.185789108276367,1
5.207481384277344,1
5.271678924560547,1
5.182711601257324,1
5.264822006225586,1
5.2073822021484375,1
5.206591606140137,1
5.325403690338135,1
5.237187385559082,1
5.373246669769287,1
5.2939772605896,1
5.186946868896484,1
5.279386043548584,1
5.2758378982543945,1
5.209371566772461,1
5.30781888961792,1
5.224890232086182,1
5.261178016662598,1
5.242486000061035,1
5.169164657592773,1
5.278469085693359,1
5.274356842041016,1
5.216475963592529,1
5.236603736877441,1
5.296372413635254,1
5.209942817687988,1
5.253155708312988,1
5.215804100036621,1
5.197430610656738,1
5.223743915557861,1
5.254575729370117,1
5.274383068084717,1
5.3062639236450195,1
5.273604869842529,1
5.23955774307251,1
5.269584655761719,1
5.326708793640137,1
5.180986404418945,1
5.2096967697143555,1
5.349811553955078,1
5.365329742431641,1
5.200714111328125,1
5.353825569152832,1
5.163967132568359,1
5.204599857330322,1
5.228963375091553,1
5.16784143447876,1
5.193126678466797,1
5.289297103881836,1
5.323728561401367,1
5.230703830718994,1
5.194401741027832,1
5.336849689483643,1
5.20337438583374,1
5.232891082763672,1
5.225517272949219,1
5.254311561584473,1
5.2780442237854,1
5.2024078369140625,1
5.222585201263428,1
5.24699592590332,1
5.279391288757324,1
5.226076126098633,1
5.263331413269043,1
5.378350257873535,1
5.241015434265137,1
5.2814741134643555,1
5.3442301750183105,1
5.157524585723877,1
5.251412868499756,1
5.186695575714111,1
5.237454414367676,1
5.223716735839844,1
5.272889137268066,1
5.189180374145508,1
5.285219192504883,1
5.230716228485107,1
5.178085803985596,1
5.2978901863098145,1
5.241299152374268,1
5.212806701660156,1
5.227197647094727,1
5.319035530090332,1
5.30207633972168,1
5.2273850440979,1
5.289085388183594,1
5.232547283172607,1
5.234729766845703,1
5.205974102020264,1
5.252362251281738,1
5.282563209533691,1
5.23657751083374,1
5.3242878913879395,1
5.177096366882324,1
5.304081916809082,1
5.185746192932129,1
5.248074531555176,1
5.304996967315674,1
5.255203723907471,1
5.1805925369262695,1
5.1910223960876465,1
5.147818565368652,1
5.298957824707031,1
5.166245937347412,1
5.301259994506836,1
5.295907020568848,1
5.217297554016113,1
5.309576034545898,1
5.275595664978027,1
5.244828224182129,1
5.260981559753418,1
5.2747602462768555,1
5.278623104095459,1
5.265791893005371,1
5.192122459411621,1
5.284306049346924,1
5.199308395385742,1
5.197218418121338,1
5.200754165649414,1
5.18025016784668,1
5.252849102020264,1
5.226452827453613,1
5.226734638214111,1
5.160455226898193,1
5.1922101974487305,1
5.227306365966797,1
5.265130996704102,1
5.2326154708862305,1
5.180511951446533,1
5.306517124176025,1
5.16813850402832,1
5.32037353515625,1
5.283876419067383,1
5.247237205505371,1
5.174091339111328,1
5.21198844909668,1
5.15999698638916,1
5.254073619842529,1
5.197458267211914,1
5.2957587242126465,1
5.162181854248047,1
5.260141372680664,1
5.2110772132873535,1
5.21000862121582,1
5.206695079803467,1
5.309986114501953,1
5.228578567504883,1
5.191364288330078,1
5.212870121002197,1
5.234747886657715,1
5.306803226470947,1
5.281956672668457,1
5.208095550537109,1
5.192005634307861,1
5.243805885314941,1
5.260990142822266,1
5.248245716094971,1
5.296755790710449,1
5.186393737792969,1
5.376562595367432,1
5.261867046356201,1
5.2264556884765625,1
5.288196086883545,1
5.245560646057129,1
5.301280498504639,1
5.190402984619141,1
5.293868064880371,1
5.18553352355957,1
5.200435638427734,1
5.304173469543457,1
5.310902118682861,1
5.269878387451172,1
5.2767839431762695,1
5.240527153015137,1
5.239026069641113,1
5.21790885925293,1
5.272434234619141,1
5.313895225524902,1
5.294972896575928,1
5.2709221839904785,1
5.250075817108154,1
5.2328104972839355,1
5.305156707763672,1
5.188066482543945,1
5.243009567260742,1
5.257772922515869,1
5.234896659851074,1
5.239349365234375,1
5.305272102355957,1
5.251212120056152,1
5.244625091552734,1
5.186034202575684,1
5.226010799407959,1
5.289767265319824,1
5.285322189331055,1
5.2082648277282715,1
5.234427452087402,1
5.263579368591309,1
5.2263503074646,1
5.292973518371582,1
5.471197128295898,1
5.243024826049805,1
5.213179111480713,1
5.21337366104126,1
5.362339973449707,1
5.226341247558594,1
5.234343528747559,1
5.253256797790527,1
5.250316619873047,1
5.22775936126709,1
5.255030632019043,1
5.278913497924805,1
5.329764366149902,1
5.165650367736816,1
5.307065010070801,1
5.31398344039917,1
5.209224700927734,1
5.238592624664307,1
5.33954381942749,1
5.172571659088135,1
5.351853370666504,1
5.270788669586182,1
5.177486419677734,1
5.157520771026611,1
5.290800094604492,1
5.1896514892578125,1
5.257150650024414,1
5.204689025878906,1
5.317388534545898,1
5.245937347412109,1
5.320784568786621,1
5.179200649261475,1
5.1843390464782715,1
5.270802974700928,1
5.237464904785156,1
5.15652322769165,1
5.314060211181641,1
5.258753776550293,1
5.275724411010742,1
5.20411491394043,1
5.265081882476807,1
5.208487510681152,1
5.170835494995117,1
5.2309746742248535,1
5.209507942199707,1
5.321017265319824,1
5.2048845291137695,1
5.213407039642334,1
5.263031482696533,1
5.213186740875244,1
5.248826026916504,1
5.2419586181640625,1
5.19713020324707,1
5.252692222595215,1
5.31553316116333,1
5.309206962585449,1
5.238254547119141,1
5.230471611022949,1
5.28247594833374,1
5.255340576171875,1
5.257523536682129,1
5.193419933319092,1
5.231804370880127,1
5.166537284851074,1
5.262451648712158,1
5.1472063064575195,1
5.300562858581543,1
5.314850807189941,1
5.210716247558594,1
5.1949076652526855,1
5.294768810272217,1
5.219359397888184,1
5.237793445587158,1
5.182818412780762,1
5.1653313636779785,1
5.272434711456299,1
5.231562614440918,1
5.181966781616211,1
5.223023414611816,1
5.202393054962158,1
5.184165954589844,1
5.288570404052734,1
5.290055274963379,1
5.21430778503418,1
5.193205833435059,1
5.2382965087890625,1
5.1863861083984375,1
5.263378620147705,1
5.260321617126465,1
5.251955509185791,1
5.232223033905029,1
5.278241157531738,1
5.209405899047852,1
5.258023262023926,1
5.29740047454834,1
5.28618049621582,1
5.208167552947998,1
5.263772010803223,1
5.228367328643799,1
5.245305061340332,1
5.279442310333252,1
5.27116060256958,1
5.221712112426758,1
5.3104963302612305,1
5.22734260559082,1
5.2842793464660645,1
5.223681449890137,1
5.263413429260254,1
5.33677864074707,1
5.263440132141113,1
5.3075971603393555,1
5.225245952606201,1
5.233767032623291,1
5.215541839599609,1
5.276495933532715,1
5.295766830444336,1
5.184363842010498,1
5.250449180603027,1
5.190872669219971,1
5.308948993682861,1
5.244689464569092,1
5.2620134353637695,1
5.196042060852051,1
5.3263959884643555,1
5.287128448486328,1
5.247158050537109,1
5.16925048828125,1
5.218656539916992,1
5.231202602386475,1
5.162052631378174,1
5.220878601074219,1
5.132962226867676,1
5.176740646362305,1
5.243143081665039,1
5.205679416656494,1
5.275760650634766,1
5.327594757080078,1
5.254902362823486,1
5.266584396362305,1
5.266395568847656,1
5.159110069274902,1
5.244955539703369,1
5.244790077209473,1
5.298299789428711,1
5.280835151672363,1
5.093088150024414,1
5.30901575088501,1
5.217645168304443,1
5.176855087280273,1
5.235082626342773,1
5.2142815589904785,1
5.167353630065918,1
5.299579620361328,1
5.276093482971191,1
5.231068134307861,1
5.162761688232422,1
5.229645252227783,1
5.212559223175049,1
5.221153259277344,1
5.226395606994629,1
5.267994403839111,1
5.249929428100586,1
5.298966884613037,1
5.181218147277832,1
5.366572856903076,1
5.259650230407715,1
5.2818074226379395,1
5.203676700592041,1
5.3185014724731445,1
5.160419464111328,1
5.225615501403809,1
5.310180187225342,1
5.2487053871154785,1
5.168858528137207,1
5.2712931632995605,1
5.287030220031738,1
5.235654830932617,1
5.204540729522705,1
5.262735366821289,1
5.174147605895996,1
5.238585472106934,1
5.2034101486206055,1
5.248441219329834,1
5.302065849304199,1
5.2259345054626465,1
5.357383728027344,1
5.215146064758301,1
5.272768020629883,1
5.2143659591674805,1
5.204176902770996,1
5.256771564483643,1
5.226292133331299,1
5.253885269165039,1
5.3321638107299805,1
5.248027801513672,1
5.236151695251465,1
5.267457008361816,1
5.2657928466796875,1
5.2991437911987305,1
5.321697235107422,1
5.233569145202637,1
5.27974271774292,1
5.284384727478027,1
5.257260322570801,1
5.186860084533691,1
5.243607521057129,1
5.196226119995117,1
5.197237014770508,1
5.264625072479248,1
5.305058002471924,1
5.220555305480957,1
5.165026664733887,1
5.232819557189941,1
5.351279258728027,1
5.237917900085449,1
5.233579635620117,1
5.249777793884277,1
5.195755958557129,1
5.141097545623779,1
5.203577995300293,1
5.201428413391113,1
5.256109714508057,1
5.317261695861816,1
5.222200393676758,1
5.294949531555176,1
5.195843696594238,1
5.361839771270752,1
5.237150192260742,1
5.201682090759277,1
5.250893592834473,1
5.257622718811035,1
5.290998458862305,1
5.233068466186523,1
5.309752464294434,1
5.19402551651001,1
5.2988386154174805,1
5.1400909423828125,1
5.212282657623291,1
5.186257362365723,1
5.202748775482178,1
5.190078258514404,1
5.224334239959717,1
5.219034671783447,1
5.225726127624512,1
5.296117782592773,1
5.216066360473633,1
5.204946517944336,1
5.2124481201171875,1
5.312441825866699,1
5.273013591766357,1
5.27086877822876,1
5.257611274719238,1
5.2709736824035645,1
5.250673294067383,1
5.32495641708374,1
5.277596473693848,1
5.175122261047363,1
5.156887531280518,1
5.313765525817871,1
5.1586785316467285,1
5.203742980957031,1
5.22552490234375,1
5.319693088531494,1
5.192954063415527,1
5.152523040771484,1
5.198019981384277,1
5.205201148986816,1
5.295541286468506,1
5.299533367156982,1
5.257089614868164,1
5.105340003967285,1
5.304071426391602,1
5.268449306488037,1
5.208508491516113,1
5.233189105987549,1
5.23093843460083,1
5.246918678283691,1
5.195980072021484,1
5.278491020202637,1
5.190718650817871,1
5.238646030426025,1
5.255510330200195,1
5.234758377075195,1
5.204065322875977,1
5.248463153839111,1
5.1814866065979,1
5.2188920974731445,1
5.320672035217285,1
5.155531406402588,1
5.229867935180664,1
5.320924282073975,1
5.236137390136719,1
5.230875015258789,1
5.27545166015625,1
5.302356719970703,1
5.30918025970459,1
5.268379211425781,1
5.336052894592285,1
5.201595306396484,1
5.267329216003418,1
5.22368049621582,1
5.257667064666748,1
5.2241926193237305,1
5.2566680908203125,1
5.310447692871094,1
5.1994524002075195,1
5.240076065063477,1
5.2871599197387695,1
5.193903923034668,1
5.201520919799805,1
5.323071002960205,1
5.220341682434082,1
5.166811943054199,1
5.1931962966918945,1
5.151227951049805,1
5.252954006195068,1
5.239022731781006,1
5.290469169616699,1
5.1929450035095215,1
5.259461879730225,1
5.245519638061523,1
5.279452800750732,1
5.159173011779785,1
5.234340667724609,1
5.28519344329834,1
5.24143648147583,1
5.255256652832031,1
5.245988845825195,1
5.2665252685546875,1
5.350890159606934,1
5.256498336791992,1
5.364879608154297,1
5.1976823806762695,1
5.206903457641602,1
5.231004238128662,1
5.31498908996582,1
5.30043888092041,1
5.2133612632751465,1
5.298971176147461,1
5.278510093688965,1
5.224271774291992,1
5.230090618133545,1
5.273883819580078,1
5.270054340362549,1
5.2271623611450195,1
5.3241963386535645,1
5.22680139541626,1
5.1110029220581055,1
5.223178863525391,1
5.202366828918457,1
5.2315287590026855,1
5.360343933105469,1
5.178402900695801,1
5.222311973571777,1
5.239663124084473,1
5.238430500030518,1
5.2881550788879395,1
5.321296691894531,1
5.345636367797852,1
5.208530426025391,1
5.226765155792236,1
5.241450309753418,1
5.28273868560791,1
5.184405326843262,1
5.207379341125488,1
5.19431209564209,1
5.268186092376709,1
5.2397918701171875,1
5.245348930358887,1
5.175510406494141,1
5.305788040161133,1
5.2782883644104,1
5.264759063720703,1
5.198855876922607,1
5.2651686668396,1
5.240875244140625,1
5.128887176513672,1
5.213342666625977,1
5.30501651763916,1
5.159158229827881,1
5.278183937072754,1
5.23729944229126,1
5.305249214172363,1
5.236495018005371,1
5.341716289520264,1
5.2693257331848145,1
5.219049453735352,1
5.382670879364014,1
5.227440357208252,1
5.220663070678711,1
5.234820365905762,1
5.258447170257568,1
5.209529876708984,1
5.26149320602417,1
5.170022010803223,1
5.264688491821289,1
5.244243621826172,1
5.200984954833984,1
5.262444496154785,1
5.281915664672852,1
5.220803737640381,1
5.138702869415283,1
5.260451793670654,1
5.304249286651611,1
5.255016803741455,1
5.232116222381592,1
5.303128242492676,1
5.175543785095215,1
5.187205791473389,1
5.210423946380615,1
5.254084587097168,1
5.255485534667969,1
5.2602033615112305,1
5.2443037033081055,1
5.1785993576049805,1
5.275750160217285,1
5.209540367126465,1
5.170279502868652,1
5.200413703918457,1
5.203307151794434,1
5.205951690673828,1
5.205409049987793,1
5.187601089477539,1
5.2726359367370605,1
5.264662742614746,1
5.30983304977417,1
5.226171016693115,1
5.242791175842285,1
5.336063385009766,1
5.273600101470947,1
5.270122528076172,1
5.194908142089844,1
5.253795623779297,1
5.152316570281982,1
5.205786228179932,1
5.327426910400391,1
5.231352806091309,1
5.250499248504639,1
5.311222076416016,1
5.219561576843262,1
5.1399312019348145,1
5.292895317077637,1
5.257537364959717,1
5.253391265869141,1
5.2438764572143555,1
5.172799110412598,1
5.201560974121094,1
5.280937194824219,1
5.242652416229248,1
5.236065864562988,1
5.12547492980957,1
5.30287504196167,1
5.2127275466918945,1
5.143069267272949,1
5.191331386566162,1
5.273284435272217,1
5.25738525390625,1
5.216561794281006,1
5.280900955200195,1
5.261249542236328,1
5.264127254486084,1
5.339576721191406,1
5.1922712326049805,1
5.222331523895264,1
5.214816093444824,1
5.221613883972168,1
5.265702247619629,1
5.270525932312012,1
5.156734466552734,1
5.243932723999023,1
5.171773910522461,1
5.225786209106445,1
5.295447826385498,1
5.201172828674316,1
5.315932273864746,1
5.24399471282959,1
5.216794013977051,1
5.296496391296387,1
5.200132369995117,1
5.302845001220703,1
5.207131385803223,1
5.252355575561523,1
5.325140953063965,1
5.323464393615723,1
5.282143592834473,1
5.223670959472656,1
5.289135932922363,1
5.138814926147461,1
5.249144077301025,1
5.202096939086914,1
5.262971878051758,1
5.2542290687561035,1
5.179192543029785,1
5.319158554077148,1
5.370561599731445,1
5.163918495178223,1
5.311006546020508,1
5.21401309967041,1
5.173027038574219,1
5.146070957183838,1
5.203347206115723,1
5.254791259765625,1
5.276810646057129,1
5.258185863494873,1
5.193236351013184,1
5.177548408508301,1
5.22522497177124,1
5.32383918762207,1
5.267699241638184,1
5.219223976135254,1
5.224507808685303,1
5.179831504821777,1
5.3105950355529785,1
5.256470203399658,1
5.191958427429199,1
5.205487251281738,1
5.218839645385742,1
5.161255359649658,1
5.115394592285156,1
5.234130859375,1
5.221220016479492,1
5.1852521896362305,1
5.145711421966553,1
5.224911689758301,1
5.253721237182617,1
5.2907023429870605,1
5.317558765411377,1
5.218477249145508,1
5.2154130935668945,1
5.15670108795166,1
5.245654106140137,1
5.215450286865234,1
5.214555740356445,1
5.294408321380615,1
5.300127983093262,1
5.238638401031494,1
5.183562278747559,1
5.1570892333984375,1
5.25438117980957,1
5.200133323669434,1
5.27918815612793,1
5.186686038970947,1
5.188259601593018,1
5.209684371948242,1
5.291770935058594,1
5.3581342697143555,1
5.319738388061523,1
5.172153949737549,1
5.210247039794922,1
5.217375755310059,1
5.242175102233887,1
5.267070770263672,1
5.297765731811523,1
5.198193550109863,1
5.239351272583008,1
5.202628135681152,1
5.242460250854492,1
5.295536041259766,1
5.1981425285339355,1
5.270088195800781,1
5.278786659240723,1
5.254578590393066,1
5.207608699798584,1
5.297154903411865,1
5.288178443908691,1
5.216289043426514,1
5.31179666519165,1
5.241417407989502,1
5.2077836990356445,1
5.202991485595703,1
5.184521198272705,1
5.1828718185424805,1
5.280512809753418,1
5.293657302856445,1
5.194644927978516,1
5.214571952819824,1
5.187980651855469,1
5.217128276824951,1
5.25872278213501,1
5.281389236450195,1
5.197893142700195,1
5.193708896636963,1
5.207757949829102,1
5.272145748138428,1
5.310545921325684,1
5.187464714050293,1
5.307131767272949,1
5.304354667663574,1
5.254286766052246,1
5.318174839019775,1
5.279659271240234,1
5.208822250366211,1
5.157600402832031,1
5.304433822631836,1
5.320590972900391,1
5.208580017089844,1
5.246400833129883,1
5.318475723266602,1
5.214170455932617,1
5.217402935028076,1
5.220057487487793,1
5.170930862426758,1
5.197108268737793,1
5.307119369506836,1
5.206297874450684,1
5.240265846252441,1
5.198680877685547,1
5.191051483154297,1
5.302306175231934,1
5.226536750793457,1
5.279692649841309,1
5.295654296875,1
5.3037214279174805,1
5.236197471618652,1
5.247608184814453,1
5.182300567626953,1
5.200480937957764,1
5.395737648010254,1
5.230452060699463,1
5.214591026306152,1
5.24044132232666,1
5.234713554382324,1
5.23435115814209,1
5.266497611999512,1
5.14600944519043,1
5.203782081604004,1
5.153193950653076,1
5.289620399475098,1
5.309171676635742,1
5.291750907897949,1
5.30780029296875,1
5.220667362213135,1
5.25286865234375,1
5.274770736694336,1
5.266703128814697,1
5.162684440612793,1
5.185473442077637,1
5.268204689025879,1
5.108918190002441,1
5.294584274291992,1
5.202718734741211,1
5.3513712882995605,1
5.211409568786621,1
5.225295543670654,1
5.236367225646973,1
5.212823867797852,1
5.302755355834961,1
5.213168621063232,1
5.288351058959961,1
5.209699630737305,1
5.287042140960693,1
5.173365116119385,1
5.341886520385742,1
5.244283676147461,1
5.264178276062012,1
5.266185760498047,1
5.24478816986084,1
5.302341938018799,1
5.159245491027832,1
5.173306465148926,1
5.272764205932617,1
5.239805221557617,1
5.1483049392700195,1
5.208021640777588,1
5.180480003356934,1
5.244352340698242,1
5.264211654663086,1
5.188418388366699,1
5.200451850891113,1
5.195451736450195,1
5.214043617248535,1
5.150435447692871,1
5.246147155761719,1
5.34823751449585,1
5.256836891174316,1
5.239534378051758,1
5.196490287780762,1
5.190433502197266,1
5.190586090087891,1
5.257403373718262,1
5.263644695281982,1
5.281357765197754,1
5.2607526779174805,1
5.250370502471924,1
5.227835655212402,1
5.321749687194824,1
5.213904857635498,1
5.220986366271973,1
5.276324272155762,1
5.218028545379639,1
5.273228168487549,1
5.234942436218262,1
5.217852592468262,1
5.299402236938477,1
5.376803874969482,1
5.196123123168945,1
5.242978572845459,1
5.194797515869141,1
5.374785423278809,1
5.248347282409668,1
5.208469390869141,1
5.202653884887695,1
5.3063883781433105,1
5.270080089569092,1
5.186460018157959,1
5.2826128005981445,1
5.232314109802246,1
5.179605007171631,1
5.246912002563477,1
5.204050064086914,1
5.258479595184326,1
5.264796257019043,1
5.302750587463379,1
5.341348171234131,1
5.3448662757873535,1
5.227453231811523,1
5.227662086486816,1
5.155396938323975,1
5.193724632263184,1
5.214001655578613,1
5.222193717956543,1
5.178538799285889,1
5.2395429611206055,1
5.245787143707275,1
5.294643402099609,1
5.251068115234375,1
5.215563774108887,1
5.2268266677856445,1
5.1870927810668945,1
5.246949195861816,1
5.186359405517578,1
5.224438667297363,1
5.26761531829834,1
5.194293975830078,1
5.155128002166748,1
5.240567207336426,1
5.255883693695068,1
5.239934921264648,1
5.289839267730713,1
5.123388290405273,1
5.0795159339904785,1
5.140658378601074,1
5.280806541442871,1
5.3091888427734375,1
5.264874458312988,1
5.199952125549316,1
5.282110691070557,1
5.194446086883545,1
5.31490421295166,1
5.211027145385742,1
5.253925800323486,1
5.3597731590271,1
5.239601135253906,1
5.143858909606934,1
5.217123985290527,1
5.1705732345581055,1
5.18270206451416,1
5.201043605804443,1
5.280900955200195,1
5.309390544891357,1
5.371243476867676,1
5.150580406188965,1
5.161900520324707,1
5.229681015014648,1
5.2062530517578125,1
5.229710102081299,1
5.214076042175293,1
5.222656726837158,1
5.235137462615967,1
5.32824182510376,1
5.250655174255371,1
5.183234214782715,1
5.2132887840271,1
5.24678897857666,1
5.249350547790527,1
5.296884536743164,1
5.211045265197754,1
5.213104248046875,1
5.2181396484375,1
5.2590651512146,1
5.253589630126953,1
5.203516960144043,1
5.277737140655518,1
5.217623710632324,1
5.257989883422852,1
5.227181434631348,1
5.2919487953186035,1
5.143798828125,1
5.431498050689697,1
5.319336414337158,1
5.147612571716309,1
5.224423408508301,1
5.407909393310547,1
5.155393123626709,1
5.218341827392578,1
5.26532506942749,1
5.251473426818848,1
5.275317192077637,1
5.285883903503418,1
5.318356990814209,1
5.150134086608887,1
5.205074310302734,1
5.1735358238220215,1
5.166683197021484,1
5.265712738037109,1
5.244476318359375,1
5.2898664474487305,1
5.265742301940918,1
5.256089210510254,1
5.293660640716553,1
5.287823677062988,1
5.215466499328613,1
5.299966812133789,1
5.1973876953125,1
5.190775394439697,1
5.256667613983154,1
5.271732330322266,1
5.161074638366699,1
5.300505638122559,1
5.2621917724609375,1
5.206106185913086,1
5.241767406463623,1
5.233020305633545,1
5.272522926330566,1
5.160276412963867,1
5.323572158813477,1
5.212915897369385,1
5.256681442260742,1
5.140486717224121,1
5.2025322914123535,1
5.19148063659668,1
5.263069152832031,1
5.231644630432129,1
5.321023941040039,1
5.276014804840088,1
5.317925453186035,1
5.21035099029541,1
5.212747573852539,1
5.211771011352539,1
5.286491870880127,1
5.212667942047119,1
5.373387813568115,1
5.158977508544922,1
5.244065761566162,1
5.354259490966797,1
5.268285274505615,1
5.188316345214844,1
5.236945152282715,1
5.153143405914307,1
5.229835510253906,1
5.19570255279541,1
5.366491317749023,1
5.234516620635986,1
5.265127658843994,1
5.195994853973389,1
5.194777488708496,1
5.196349143981934,1
5.345695972442627,1
5.168428421020508,1
5.211067199707031,1
5.218502998352051,1
5.227499961853027,1
5.202071189880371,1
5.227570056915283,1
5.226056098937988,1
5.305849075317383,1
5.185420036315918,1
5.353525638580322,1
5.275613307952881,1
5.30449104309082,1
5.275397777557373,1
5.337950706481934,1
5.241776466369629,1
5.204638481140137,1
5.252480506896973,1
5.331514358520508,1
5.228761672973633,1
5.305275917053223,1
5.260034561157227,1
5.239063262939453,1
5.206622123718262,1
5.362231254577637,1
5.25929069519043,1
5.191525459289551,1
5.164556980133057,1
5.197312355041504,1
5.238066673278809,1
5.268113136291504,1
5.156102657318115,1
5.26296329498291,1
5.278726577758789,1
5.2205657958984375,1
5.324334621429443,1
5.2141852378845215,1
5.306379318237305,1
5.178040981292725,1
5.268489837646484,1
5.211300849914551,1
5.267054557800293,1
5.3292155265808105,1
5.245204448699951,1
5.32106876373291,1
5.235139846801758,1
5.1475067138671875,1
5.295352935791016,1
5.234755516052246,1
5.363623142242432,1
5.240403652191162,1
5.304844856262207,1
5.256874084472656,1
5.234879970550537,1
5.213838577270508,1
5.22402811050415,1
5.155237197875977,1
5.187230110168457,1
5.246094703674316,1
5.240109443664551,1
5.239416122436523,1
5.2399678230285645,1
5.224355220794678,1
5.229147911071777,1
5.198568344116211,1
5.230408191680908,1
5.245532989501953,1
5.147040843963623,1
5.296281814575195,1
5.176492691040039,1
5.297060489654541,1
5.234630584716797,1
5.344138145446777,1
5.211553573608398,1
5.256410598754883,1
5.249619483947754,1
5.270545959472656,1
5.168205261230469,1
5.297338485717773,1
5.22420597076416,1
5.143791198730469,1
5.226933479309082,1
5.184206008911133,1
5.310691833496094,1
5.214016914367676,1
5.213713645935059,1
5.240650177001953,1
5.2906084060668945,1
5.224643707275391,1
5.237764358520508,1
5.11452579498291,1
5.178882122039795,1
5.260059356689453,1
5.249859809875488,1
5.241535186767578,1
5.167713165283203,1
5.265738010406494,1
5.332995414733887,1
5.234273433685303,1
5.247278690338135,1
5.1954803466796875,1
5.26533317565918,1
5.2132439613342285,1
5.305194854736328,1
5.287917137145996,1
5.223421573638916,1
5.11460542678833,1
5.293478012084961,1
5.219374179840088,1
5.201122283935547,1
5.162745952606201,1
5.339815139770508,1
5.185967445373535,1
5.2467217445373535,1
5.226284503936768,1
5.25264835357666,1
5.302704811096191,1
5.193698406219482,1
5.247551918029785,1
5.3028717041015625,1
5.325531959533691,1
5.2153239250183105,1
5.322279930114746,1
5.274049758911133,1
5.241915702819824,1
5.133584022521973,1
5.242341041564941,1
5.203701019287109,1
5.3405351638793945,1
5.217803955078125,1
5.280804634094238,1
5.239617347717285,1
5.286064147949219,1
5.1498236656188965,1
5.247173309326172,1
5.197052001953125,1
5.172079086303711,1
5.302694320678711,1
5.255526542663574,1
5.19502067565918,1
5.269230842590332,1
5.329500198364258,1
5.208995342254639,1
5.235374450683594,1
5.267900466918945,1
5.227137565612793,1
5.19944953918457,1
5.207305431365967,1
5.215231895446777,1
5.271633148193359,1
5.16569185256958,1
5.271866321563721,1
5.398588180541992,1
5.184783935546875,1
5.305153846740723,1
5.1749653816223145,1
5.2624688148498535,1
5.273444175720215,1
5.222443103790283,1
5.220109462738037,1
5.209211349487305,1
5.249335289001465,1
5.236503601074219,1
5.296028137207031,1
5.147343158721924,1
5.241811752319336,1
5.296241760253906,1
5.199352264404297,1
5.215803146362305,1
5.255473613739014,1
5.257658958435059,1
5.199650764465332,1
5.199351787567139,1
5.242464065551758,1
5.272960662841797,1
5.235301494598389,1
5.27677059173584,1
5.3043212890625,1
5.233362674713135,1
5.3134050369262695,1
5.170410633087158,1
5.270684242248535,1
5.287898540496826,1
5.263889789581299,1
5.181521415710449,1
5.2489013671875,1
5.189864158630371,1
5.17507791519165,1
5.17665958404541,1
5.343287944793701,1
5.275416374206543,1
5.307905197143555,1
5.263106346130371,1
5.275880813598633,1
5.284614086151123,1
5.194728851318359,1
5.240442752838135,1
5.149252891540527,1
5.266536712646484,1
5.241318702697754,1
5.290562629699707,1
5.181108474731445,1
5.2218475341796875,1
5.319832801818848,1
5.273557186126709,1
5.224433898925781,1
5.208693504333496,1
5.194255828857422,1
5.2025980949401855,1
5.1364054679870605,1
5.238287448883057,1
5.162378311157227,1
5.330888748168945,1
5.284493446350098,1
5.227294921875,1
5.267303466796875,1
5.1891937255859375,1
5.271567344665527,1
5.1534423828125,1
5.282934188842773,1
5.199698448181152,1
5.320476531982422,1
5.301356792449951,1
5.323390483856201,1
5.28337287902832,1
5.225095272064209,1
5.162667274475098,1
5.272103309631348,1
5.317081451416016,1
5.185900688171387,1
5.294585227966309,1
5.2987470626831055,1
5.149181365966797,1
5.244112968444824,1
5.216506481170654,1
5.176268577575684,1
5.349390506744385,1
5.267990589141846,1
5.236970901489258,1
5.29061222076416,1
5.216861724853516,1
5.180356979370117,1
5.351333141326904,1
5.277916431427002,1
5.2838640213012695,1
5.209514617919922,1
5.264720916748047,1
5.2426934242248535,1
5.260595321655273,1
5.243962287902832,1
5.171156883239746,1
5.204402923583984,1
5.199677467346191,1
5.281150817871094,1
5.221124649047852,1
5.224246025085449,1
5.2190961837768555,1
5.229918479919434,1
5.2840776443481445,1
5.1954827308654785,1
5.283100128173828,1
5.292780876159668,1
5.190996170043945,1
5.206947326660156,1
5.239525318145752,1
5.214293956756592,1
5.221837520599365,1
5.238063812255859,1
5.158675193786621,1
5.314685821533203,1
5.249973773956299,1
5.204489707946777,1
5.155829429626465,1
5.176776885986328,1
5.215363025665283,1
5.220876216888428,1
5.219888687133789,1
5.270977973937988,1
5.2378740310668945,1
5.213744163513184,1
5.249790191650391,1
5.2546706199646,1
5.317978382110596,1
5.258725166320801,1
5.226086616516113,1
5.209092140197754,1
5.260749816894531,1
5.294762134552002,1
5.317119598388672,1
5.280030727386475,1
5.275417804718018,1
5.321359634399414,1
5.264031410217285,1
5.328729629516602,1
5.204531192779541,1
5.222022533416748,1
5.100678443908691,1
5.224102973937988,1
5.150932312011719,1
5.292665004730225,1
5.210760116577148,1
5.174200534820557,1
5.2075300216674805,1
5.260206699371338,1
5.151139259338379,1
5.266704082489014,1
5.1966776847839355,1
5.1948466300964355,1
5.225444793701172,1
5.1875224113464355,1
5.284283638000488,1
5.171737194061279,1
5.250218868255615,1
5.281725883483887,1
5.228672027587891,1
5.195974349975586,1
5.269606590270996,1
5.201231002807617,1
5.225004196166992,1
5.191778659820557,1
5.2347893714904785,1
5.184719562530518,1
5.225033283233643,1
5.233546733856201,1
5.33524227142334,1
5.2266845703125,1
5.304957389831543,1
5.141483306884766,1
5.235831260681152,1
5.2427825927734375,1
5.25861930847168,1
5.282223701477051,1
5.239635467529297,1
5.183982849121094,1
5.261949062347412,1
5.329111099243164,1
5.239048480987549,1
5.225066184997559,1
5.257522106170654,1
5.236773490905762,1
5.315694332122803,1
5.230626106262207,1
5.179554462432861,1
5.1027936935424805,1
5.210029602050781,1
5.1593828201293945,1
5.218805313110352,1
5.160979270935059,1
5.288662433624268,1
5.319925308227539,1
5.332666397094727,1
5.268375396728516,1
5.125786304473877,1
5.274169921875,1
5.221426010131836,1
5.283449172973633,1
5.188683986663818,1
5.11661434173584,1
5.271641254425049,1
5.221913814544678,1
5.184610843658447,1
5.235203742980957,1
5.287066459655762,1
5.262251377105713,1
5.31009578704834,1
5.269104957580566,1
5.279911994934082,1
5.271884918212891,1
5.265810489654541,1
5.247365951538086,1
5.207563400268555,1
5.095348358154297,1
5.17534065246582,1
5.187297821044922,1
5.2227277755737305,1
5.24587345123291,1
5.3070855140686035,1
5.316564559936523,1
5.245606422424316,1
5.266263961791992,1
5.280919075012207,1
5.174407005310059,1
5.279689788818359,1
5.285271644592285,1
5.1770124435424805,1
5.440337181091309,1
5.293464183807373,1
5.226049900054932,1
5.263483047485352,1
5.22560977935791,1
5.173168659210205,1
5.327228546142578,1
5.213559150695801,1
5.34571647644043,1
5.180168151855469,1
5.240098476409912,1
5.245179176330566,1
5.190246105194092,1
5.170852184295654,1
5.191750526428223,1
5.231441974639893,1
5.197634220123291,1
5.22350549697876,1
5.184995651245117,1
5.251063346862793,1
5.101720809936523,1
5.263651371002197,1
5.1276021003723145,1
5.29268741607666,1
5.113867282867432,1
5.210253715515137,1
5.218508243560791,1
5.276972770690918,1
5.218310356140137,1
5.253966808319092,1
5.2592387199401855,1
5.264984130859375,1
5.234405994415283,1
5.225926399230957,1
5.318490028381348,1
5.229455471038818,1
5.242807388305664,1
5.3246169090271,1
5.278858184814453,1
5.2725348472595215,1
5.241954803466797,1
5.237726211547852,1
5.245850563049316,1
5.20158576965332,1
5.28400182723999,1
5.155661582946777,1
5.188369274139404,1
5.131278991699219,1
5.175930500030518,1
5.314213752746582,1
5.204171180725098,1
5.263697624206543,1
5.287937641143799,1
5.298325061798096,1
5.1570940017700195,1
5.191734313964844,1
5.273212432861328,1
5.380958557128906,1
5.247060775756836,1
5.291004180908203,1
5.220521926879883,1
5.1925835609436035,1
5.290287971496582,1
5.130927085876465,1
5.3156657218933105,1
5.214644432067871,1
5.282447814941406,1
5.235844612121582,1
5.245586395263672,1
5.267551422119141,1
5.283868789672852,1
5.155085563659668,1
5.186385154724121,1
5.299070358276367,1
5.213234901428223,1
5.262726783752441,1
5.305347442626953,1
5.261984825134277,1
5.314753532409668,1
5.216493129730225,1
5.23614501953125,1
5.250085830688477,1
5.2335357666015625,1
5.325634956359863,1
5.176100730895996,1
5.2673540115356445,1
5.1908369064331055,1
5.2402873039245605,1
5.336027145385742,1
5.262735366821289,1
5.232278823852539,1
5.1540937423706055,1
5.299808025360107,1
5.287127494812012,1
5.281329154968262,1
5.263166427612305,1
5.238304138183594,1
5.237278938293457,1
5.247021198272705,1
5.2185163497924805,1
5.20380973815918,1
5.153738021850586,1
5.268293380737305,1
5.4225172996521,1
5.257728099822998,1
5.403621673583984,1
5.180386543273926,1
5.260384559631348,1
5.234677314758301,1
5.198830604553223,1
5.269865989685059,1
5.234157562255859,1
5.266790866851807,1
5.291202545166016,1
5.26449728012085,1
5.234801292419434,1
5.339465141296387,1
5.170230388641357,1
5.311679840087891,1
5.316390037536621,1
5.230886936187744,1
5.280984401702881,1
5.257478713989258,1
5.234522819519043,1
5.278566360473633,1
5.276167869567871,1
5.379207611083984,1
5.156426429748535,1
5.262676239013672,1
5.253880500793457,1
5.237051010131836,1
5.27910041809082,1
5.317290782928467,1
5.174106121063232,1
5.245364665985107,1
5.200187683105469,1
5.290306091308594,1
5.329509735107422,1
5.303089141845703,1
5.24411678314209,1
5.296873569488525,1
5.216246604919434,1
5.145240783691406,1
5.228538513183594,1
5.260788917541504,1
5.239847183227539,1
5.222447395324707,1
5.246619701385498,1
5.232689380645752,1
5.262575149536133,1
5.324911594390869,1
5.235845565795898,1
5.2229790687561035,1
5.2294602394104,1
5.367788791656494,1
5.314535140991211,1
5.291045188903809,1
5.237409591674805,1
5.212878227233887,1
5.362860679626465,1
5.276628494262695,1
5.182646751403809,1
5.2772979736328125,1
5.2744011878967285,1
5.260644435882568,1
5.263922214508057,1
5.215682029724121,1
5.234149932861328,1
5.168918609619141,1
5.239847183227539,1
5.1845855712890625,1
5.251073837280273,1
5.199596405029297,1
5.21407413482666,1
5.18051815032959,1
5.185972690582275,1
5.255888938903809,1
5.17318868637085,1
5.2915730476379395,1
5.254889011383057,1
5.259125232696533,1
5.282131671905518,1
5.263345241546631,1
5.19662618637085,1
5.316487789154053,1
5.189995288848877,1
5.188755512237549,1
5.165102481842041,1
5.249693870544434,1
5.203954219818115,1
5.293336868286133,1
5.2267303466796875,1
5.243866920471191,1
5.147038459777832,1
5.167520046234131,1
5.281997203826904,1
5.215546607971191,1
5.278901100158691,1
5.3017096519470215,1
5.3408403396606445,1
5.226534843444824,1
5.220781326293945,1
5.256928443908691,1
5.335841178894043,1
5.242851257324219,1
5.179780960083008,1
5.294553756713867,1
5.196640968322754,1
5.204517364501953,1
5.283321380615234,1
5.200445175170898,1
5.281700611114502,1
5.207174301147461,1
5.257964134216309,1
5.268111228942871,1
5.18476676940918,1
5.213197708129883,1
5.219605922698975,1
5.235757827758789,1
5.218891620635986,1
5.167689323425293,1
5.242634296417236,1
5.2726311683654785,1
5.268115043640137,1
5.086037635803223,1
5.18839168548584,1
5.234496116638184,1
5.176323890686035,1
5.313652515411377,1
5.254775524139404,1
5.237971305847168,1
5.210910797119141,1
5.241977214813232,1
5.182694435119629,1
5.176403999328613,1
5.255467891693115,1
5.284887790679932,1
5.276273250579834,1
5.138438701629639,1
5.263779163360596,1
5.188677787780762,1
5.2658796310424805,1
5.296253204345703,1
5.232534408569336,1
5.203221321105957,1
5.1981916427612305,1
5.208012104034424,1
5.316423416137695,1
5.27182149887085,1
5.310387134552002,1
5.301537990570068,1
5.169047832489014,1
5.196072578430176,1
5.205690383911133,1
5.160417556762695,1
5.180729866027832,1
5.2064690589904785,1
5.2697906494140625,1
5.293020725250244,1
5.325135231018066,1
5.245731353759766,1
5.2804765701293945,1
5.230755805969238,1
5.187505722045898,1
5.280558109283447,1
5.2164106369018555,1
5.227201461791992,1
5.173011302947998,1
5.264743328094482,1
5.2152791023254395,1
5.345884323120117,1
5.221950531005859,1
5.270843505859375,1
5.269695281982422,1
5.224357604980469,1
5.182790279388428,1
5.20656681060791,1
5.29892110824585,1
5.291970252990723,1
5.360287189483643,1
5.302849769592285,1
5.291065216064453,1
5.3229875564575195,1
5.161633014678955,1
5.295757293701172,1
5.35009765625,1
5.140135288238525,1
5.28302001953125,1
5.390471458435059,1
5.153186321258545,1
5.145851135253906,1
5.241451740264893,1
5.172449111938477,1
5.128506183624268,1
5.266278266906738,1
5.195413589477539,1
5.268686294555664,1
5.308820724487305,1
5.280826568603516,1
5.251368999481201,1
5.216679573059082,1
5.251053333282471,1
5.240823745727539,1
5.362123012542725,1
5.309175491333008,1
5.2248735427856445,1
5.230508804321289,1
5.165152072906494,1
5.235469818115234,1
5.194304943084717,1
5.136201858520508,1
5.231895446777344,1
5.247901439666748,1
5.1764912605285645,1
5.220697402954102,1
5.327316761016846,1
5.249887943267822,1
5.288938045501709,1
5.21298360824585,1
5.2779412269592285,1
5.176029205322266,1
5.3821940422058105,1
5.272261619567871,1
5.205705642700195,1
5.298140525817871,1
5.321754455566406,1
5.262037754058838,1
5.355246067047119,1
5.172656536102295,1
5.285434246063232,1
5.262348175048828,1
5.16949462890625,1
5.261869430541992,1
5.196865081787109,1
5.2277021408081055,1
5.318460464477539,1
5.203605651855469,1
5.381709575653076,1
5.216931343078613,1
5.142319679260254,1
5.220038414001465,1
5.243042469024658,1
5.232205390930176,1
5.257953643798828,1
5.256020545959473,1
5.144708156585693,1
5.226229190826416,1
5.213005065917969,1
5.2192840576171875,1
5.225718021392822,1
5.266508102416992,1
5.286164283752441,1
5.276346683502197,1
5.219484329223633,1
5.219055652618408,1
5.24899959564209,1
5.273565292358398,1
5.1807966232299805,1
5.32074499130249,1
5.195218563079834,1
5.174005508422852,1
5.1997175216674805,1
5.231054306030273,1
5.306835174560547,1
5.2480974197387695,1
5.199862480163574,1
5.312681198120117,1
5.313996315002441,1
5.267224311828613,1
5.238279342651367,1
5.307765007019043,1
5.371987819671631,1
5.266128063201904,1
5.139353275299072,1
5.221251010894775,1
5.2152299880981445,1
5.186321258544922,1
5.279618263244629,1
5.251501083374023,1
5.236729621887207,1
5.162866115570068,1
5.266606330871582,1
5.235452175140381,1
5.283688545227051,1
5.15263557434082,1
5.227260112762451,1
5.204631805419922,1
5.313351154327393,1
5.2818498611450195,1
5.210201263427734,1
5.239821434020996,1
5.271696090698242,1
5.275747299194336,1
5.2204437255859375,1
5.3566203117370605,1
5.231123924255371,1
5.295864582061768,1
5.2249064445495605,1
5.189553260803223,1
5.284520149230957,1
5.323980331420898,1
5.292991638183594,1
5.294275283813477,1
5.171014308929443,1
5.243912696838379,1
5.278657913208008,1
5.122766494750977,1
5.222267150878906,1
5.317477226257324,1
5.275799751281738,1
5.379670143127441,1
5.237543106079102,1
5.21253776550293,1
5.2799248695373535,1
5.20546293258667,1
5.1872124671936035,1
5.252501964569092,1
5.274972915649414,1
5.252904415130615,1
5.190453052520752,1
5.222266674041748,1
5.240329265594482,1
5.2224955558776855,1
5.236854076385498,1
5.2686920166015625,1
5.262507438659668,1
5.241479873657227,1
5.2722697257995605,1
5.211256980895996,1
5.193845748901367,1
5.1978864669799805,1
5.298375129699707,1
5.171788215637207,1
5.17388916015625,1
5.259039402008057,1
5.261353492736816,1
5.297757148742676,1
5.236030578613281,1
5.337425231933594,1
5.253678798675537,1
5.196768760681152,1
5.23691463470459,1
5.26191520690918,1
5.278659820556641,1
5.226613521575928,1
5.157108306884766,1
5.263978481292725,1
5.25711727142334,1
5.263062953948975,1
5.2518157958984375,1
5.249491214752197,1
5.225696563720703,1
5.29171085357666,1
5.232552528381348,1
5.273196220397949,1
5.219532012939453,1
5.233974456787109,1
5.238691329956055,1
5.175198078155518,1
5.3189592361450195,1
5.176452159881592,1
5.210628509521484,1
5.204751014709473,1
5.187845230102539,1
5.2642502784729,1
5.303769588470459,1
5.199219226837158,1
5.204156875610352,1
5.297885894775391,1
5.221994400024414,1
5.188920021057129,1
5.241613388061523,1
5.237312316894531,1
5.26846981048584,1
5.366752624511719,1
5.304414749145508,1
5.228296279907227,1
5.316781044006348,1
5.241748809814453,1
5.250165939331055,1
5.286403179168701,1
5.199816703796387,1
5.2375102043151855,1
5.27310848236084,1
5.24050235748291,1
5.209758281707764,1
5.304147720336914,1
5.235445022583008,1
5.210752964019775,1
5.216089725494385,1
5.137415409088135,1
5.173651218414307,1
5.267856597900391,1
5.211358070373535,1
5.2342376708984375,1
5.240597724914551,1
5.31754207611084,1
5.226101875305176,1
5.179071426391602,1
5.274514675140381,1
5.311840057373047,1
5.226376056671143,1
5.225010395050049,1
5.153043270111084,1
5.169158935546875,1
5.295897960662842,1
5.121617317199707,1
5.300614356994629,1
5.232208251953125,1
5.186648368835449,1
5.304889678955078,1
5.2335710525512695,1
5.252712726593018,1
5.2989959716796875,1
5.283491134643555,1
5.183295726776123,1
5.215620040893555,1
5.235749244689941,1
5.2204389572143555,1
5.279040336608887,1
5.210268497467041,1
5.196750640869141,1
5.210822105407715,1
5.2586259841918945,1
5.206509590148926,1
5.323285102844238,1
5.301422119140625,1
5.309742450714111,1
5.269658088684082,1
5.24556827545166,1
5.242433547973633,1
5.1944661140441895,1
5.2261505126953125,1
5.216651916503906,1
5.273416519165039,1
5.175483226776123,1
5.22515344619751,1
5.23893928527832,1
5.292815208435059,1
5.195298194885254,1
5.110589027404785,1
5.1753363609313965,1
5.182453632354736,1
5.2422380447387695,1
5.232377529144287,1
5.243650436401367,1
5.176301956176758,1
5.228490829467773,1
5.170929431915283,1
5.311579704284668,1
5.245615005493164,1
5.299076557159424,1
5.1753740310668945,1
5.299780368804932,1
5.300573348999023,1
5.320682525634766,1
5.252974510192871,1
5.17283821105957,1
5.302863121032715,1
5.33854866027832,1
5.207281112670898,1
5.242907524108887,1
5.1754374504089355,1
5.267705917358398,1
5.205031871795654,1
5.1932373046875,1
5.245720863342285,1
5.163938522338867,1
5.284664154052734,1
5.225106239318848,1
5.24470853805542,1
5.227659225463867,1
5.304216384887695,1
5.3241682052612305,1
5.231131553649902,1
5.146791458129883,1
5.134105205535889,1
5.245736122131348,1
5.118701934814453,1
5.229382038116455,1
5.176695823669434,1
5.350217819213867,1
5.2001752853393555,1
5.189313888549805,1
5.217672348022461,1
5.238971710205078,1
5.18718147277832,1
5.315835952758789,1
5.249134540557861,1
5.1840972900390625,1
5.221012592315674,1
5.228455543518066,1
5.202291488647461,1
5.248912334442139,1
5.208492755889893,1
5.189017295837402,1
5.277057647705078,1
5.316514015197754,1
5.242246627807617,1
5.228161334991455,1
5.243222713470459,1
5.288782119750977,1
5.277002334594727,1
5.214775562286377,1
5.212876319885254,1
5.2118000984191895,1
5.292902946472168,1
5.3597917556762695,1
5.257099151611328,1
5.2100324630737305,1
5.210686683654785,1
5.274724006652832,1
5.163057327270508,1
5.1544928550720215,1
5.248719215393066,1
5.230190753936768,1
5.310614585876465,1
5.186985015869141,1
5.2294535636901855,1
5.23561954498291,1
5.310422897338867,1
5.234410285949707,1
5.275386810302734,1
5.293965816497803,1
5.373124122619629,1
5.265206813812256,1
5.193264007568359,1
5.215065002441406,1
5.185521125793457,1
5.243044853210449,1
5.249742031097412,1
5.361618518829346,1
5.193108558654785,1
5.23261833190918,1
5.210953235626221,1
5.153079032897949,1
5.246892929077148,1
5.222464561462402,1
5.226351737976074,1
5.28521728515625,1
5.23435115814209,1
5.201977729797363,1
5.192315101623535,1
5.259976387023926,1
5.27442741394043,1
5.229325294494629,1
5.1867218017578125,1
5.195966720581055,1
5.220269680023193,1
5.3172712326049805,1
5.199319839477539,1
5.1837615966796875,1
5.199224472045898,1
5.247646331787109,1
5.231318473815918,1
5.228334426879883,1
5.245818614959717,1
5.286007881164551,1
5.320817470550537,1
5.287139415740967,1
5.285837650299072,1
5.218518257141113,1
5.258934020996094,1
5.22874641418457,1
5.307694911956787,1
5.225499153137207,1
5.2404022216796875,1
5.316883087158203,1
5.230128288269043,1
5.311182498931885,1
5.284631729125977,1
5.293552875518799,1
5.284266471862793,1
5.2255964279174805,1
5.288046836853027,1
5.210565567016602,1
5.296877861022949,1
5.210202693939209,1
5.225030422210693,1
5.301714897155762,1
5.201912879943848,1
5.302761077880859,1
5.194313049316406,1
5.228118896484375,1
5.175901889801025,1
5.176253318786621,1
5.214388847351074,1
5.209277153015137,1
5.29366397857666,1
5.242786407470703,1
5.2530083656311035,1
5.256511688232422,1
5.206846714019775,1
5.247551918029785,1
5.26564884185791,1
5.21279764175415,1
5.252649307250977,1
5.258167266845703,1
5.270806312561035,1
5.2541608810424805,1
5.1993513107299805,1
5.18626070022583,1
5.246248245239258,1
5.193926811218262,1
5.243021011352539,1
5.223057746887207,1
5.235141754150391,1
5.199115753173828,1
5.2957658767700195,1
5.308493137359619,1
5.325505256652832,1
5.268131732940674,1
5.302958965301514,1
5.24785041809082,1
5.354733467102051,1
5.28033447265625,1
5.212986946105957,1
5.283696174621582,1
5.275111198425293,1
5.217728614807129,1
5.297711372375488,1
5.3050737380981445,1
5.212835311889648,1
5.27909517288208,1
5.285417556762695,1
5.232407569885254,1
5.257969856262207,1
5.293668270111084,1
5.16903018951416,1
5.24665641784668,1
5.269683837890625,1
5.264341354370117,1
5.211880683898926,1
5.219088554382324,1
5.171661376953125,1
5.270681381225586,1
5.266584873199463,1
5.249530792236328,1
5.202402591705322,1
5.205070495605469,1
5.3532257080078125,1
5.206930160522461,1
5.20263147354126,1
5.176486015319824,1
5.304048538208008,1
5.247121810913086,1
5.208101272583008,1
5.2711262702941895,1
5.181432723999023,1
5.206171035766602,1
5.210723400115967,1
5.239887714385986,1
5.252285957336426,1
5.268313884735107,1
5.210725784301758,1
5.236234664916992,1
5.223536968231201,1
5.295699119567871,1
5.2442216873168945,1
5.212580680847168,1
5.195771217346191,1
5.293447494506836,1
5.177701950073242,1
5.239731788635254,1
5.187236785888672,1
5.354827880859375,1
5.197380065917969,1
5.246718406677246,1
5.235714912414551,1
5.155068397521973,1
5.332291603088379,1
5.286001682281494,1
5.1631646156311035,1
5.313008785247803,1
5.305623531341553,1
5.240763187408447,1
5.275451183319092,1
5.267663478851318,1
5.287600040435791,1
5.257633209228516,1
5.263396739959717,1
5.202465057373047,1
5.284603595733643,1
5.207590103149414,1
5.240042686462402,1
5.264247894287109,1
5.216761112213135,1
5.175036430358887,1
5.317295551300049,1
5.325617790222168,1
5.266304969787598,1
5.269681930541992,1
5.245861053466797,1
5.201781272888184,1
5.1975603103637695,1
5.186347007751465,1
5.299496650695801,1
5.236501693725586,1
5.225071907043457,1
5.266534328460693,1
5.161859512329102,1
5.29315185546875,1
5.213405609130859,1
5.217257976531982,1
5.25074577331543,1
5.242950439453125,1
5.189983367919922,1
5.284049034118652,1
5.168388366699219,1
5.238677024841309,1
5.200350761413574,1
5.156214714050293,1
5.235198974609375,1
5.242564678192139,1
5.221412658691406,1
5.204748630523682,1
5.182484149932861,1
5.25705623626709,1
5.162605285644531,1
5.317291259765625,1
5.212474346160889,1
5.277835369110107,1
5.267393112182617,1
5.282626152038574,1
5.233797073364258,1
5.27044677734375,1
5.147176742553711,1
5.335659027099609,1
5.179593563079834,1
5.21762752532959,1
5.303707122802734,1
5.288257122039795,1
5.16220760345459,1
5.2919487953186035,1
5.238738059997559,1
5.279450416564941,1
5.158927917480469,1
5.278602123260498,1
5.225435733795166,1
5.161687850952148,1
5.211799621582031,1
5.2791547775268555,1
5.139317512512207,1
5.131832122802734,1
5.2508978843688965,1
5.269630432128906,1
5.309667587280273,1
5.273077011108398,1
5.204015731811523,1
5.249279022216797,1
5.205387115478516,1
5.329535484313965,1
5.347311973571777,1
5.232498645782471,1
5.248444557189941,1
5.234471797943115,1
5.302701473236084,1
5.286155700683594,1
5.141745567321777,1
5.186707019805908,1
5.244016170501709,1
5.238767623901367,1
5.189990043640137,1
5.264780044555664,1
5.25218391418457,1
5.293320178985596,1
5.2732133865356445,1
5.288022994995117,1
5.274805068969727,1
5.397097587585449,1
5.302371501922607,1
5.278735160827637,1
5.1873579025268555,1
5.1308746337890625,1
5.214654922485352,1
5.307775974273682,1
5.221966743469238,1
5.199880599975586,1
5.218985557556152,1
5.308579921722412,1
5.224895000457764,1
5.189896583557129,1
5.285052299499512,1
5.207387924194336,1
5.270766258239746,1
5.268777847290039,1
5.347012519836426,1
5.2083868980407715,1
5.248929023742676,1
5.2518510818481445,1
5.238551139831543,1
5.247131824493408,1
5.218906879425049,1
5.278824806213379,1
5.1253886222839355,1
5.257323265075684,1
5.288571834564209,1
5.2503838539123535,1
5.220262050628662,1
5.222616672515869,1
5.1453094482421875,1
5.243505477905273,1
5.172524452209473,1
5.136606693267822,1
5.264614582061768,1
5.322052955627441,1
5.245355606079102,1
5.394549369812012,1
5.186811447143555,1
5.230733394622803,1
5.287588119506836,1
5.159674644470215,1
5.34720516204834,1
5.2071685791015625,1
5.285001754760742,1
5.240819931030273,1
5.181532859802246,1
5.253696441650391,1
5.234004974365234,1
5.189868927001953,1
5.275224685668945,1
5.268470764160156,1
5.334259033203125,1
5.132802963256836,1
5.224828720092773,1
5.2504401206970215,1
5.25275182723999,1
5.185268402099609,1
5.27935266494751,1
5.203769683837891,1
5.285558223724365,1
5.2386064529418945,1
5.2624969482421875,1
5.158266544342041,1
5.2497758865356445,1
5.19490909576416,1
5.248615741729736,1
5.248210906982422,1
5.191750526428223,1
5.321075439453125,1
5.257692337036133,1
5.245797634124756,1
5.2730255126953125,1
5.282924652099609,1
5.200973987579346,1
5.229842662811279,1
5.242351055145264,1
5.222081184387207,1
5.277469635009766,1
5.236766338348389,1
5.2684712409973145,1
5.272947311401367,1
5.284788131713867,1
5.290687561035156,1
5.17624568939209,1
5.207736015319824,1
5.2804789543151855,1
5.2343220710754395,1
5.288835525512695,1
5.3325700759887695,1
5.244311332702637,1
5.137065887451172,1
5.239139080047607,1
5.242269039154053,1
5.213576793670654,1
5.231713771820068,1
5.296418190002441,1
5.260855674743652,1
5.253511428833008,1
5.342151165008545,1
5.171239376068115,1
5.314448833465576,1
5.211275100708008,1
5.209723472595215,1
5.218592643737793,1
5.270651340484619,1
5.200247764587402,1
5.229129314422607,1
5.317666053771973,1
5.325595855712891,1
5.284069538116455,1
5.252979278564453,1
5.378255844116211,1
5.2771077156066895,1
5.345094680786133,1
5.283807754516602,1
5.223977088928223,1
5.181937217712402,1
5.250791549682617,1
5.253597259521484,1
5.261737823486328,1
5.240224838256836,1
5.169486045837402,1
5.220451354980469,1
5.174396514892578,1
5.245044708251953,1
5.237894058227539,1
5.2795915603637695,1
5.259548187255859,1
5.249570846557617,1
5.245423793792725,1
5.11051082611084,1
5.2621684074401855,1
5.1944427490234375,1
5.221519470214844,1
5.262694358825684,1
5.237577438354492,1
5.293520927429199,1
5.263875484466553,1
5.249316215515137,1
5.412095546722412,1
5.1242356300354,1
5.141452789306641,1
5.276262283325195,1
5.2710161209106445,1
5.231928825378418,1
5.175266265869141,1
5.242706298828125,1
5.17411994934082,1
5.207049369812012,1
5.257290840148926,1
5.2251176834106445,1
5.266233444213867,1
5.244870185852051,1
5.308553695678711,1
5.21604585647583,1
5.27179479598999,1
5.29594087600708,1
5.140169143676758,1
5.266648292541504,1
5.185714244842529,1
5.275053024291992,1
5.181081771850586,1
5.228548049926758,1
5.286470890045166,1
5.217802047729492,1
5.199892520904541,1
5.264762878417969,1
5.270356178283691,1
5.3389105796813965,1
5.1564130783081055,1
5.200315475463867,1
5.215084075927734,1
5.331188201904297,1
5.270503520965576,1
5.201523303985596,1
5.205655097961426,1
5.150725841522217,1
5.215911865234375,1
5.292832374572754,1
5.274153232574463,1
5.25432825088501,1
5.265976905822754,1
5.284269332885742,1
5.238369941711426,1
5.253286361694336,1
5.2317795753479,1
5.216229438781738,1
5.1774749755859375,1
5.161788463592529,1
5.178555488586426,1
5.2255401611328125,1
5.185575485229492,1
5.211413383483887,1
5.271330833435059,1
5.202587127685547,1
5.184776782989502,1
5.294435501098633,1
5.192563056945801,1
5.27000617980957,1
5.267172813415527,1
5.243825912475586,1
5.168402671813965,1
5.076114654541016,1
5.22783088684082,1
5.320196628570557,1
5.219822406768799,1
5.340580940246582,1
5.310304641723633,1
5.342906951904297,1
5.202726364135742,1
5.205382347106934,1
5.181676864624023,1
5.2609148025512695,1
5.265844821929932,1
5.274587154388428,1
5.192352294921875,1
5.271786689758301,1
5.206040859222412,1
5.212198257446289,1
5.305832386016846,1
5.290573596954346,1
5.223639488220215,1
5.261232376098633,1
5.342808723449707,1
5.202214241027832,1
5.25649881362915,1
5.305210113525391,1
5.265307426452637,1
5.17013692855835,1
5.3244147300720215,1
5.348810195922852,1
5.291736602783203,1
5.290921211242676,1
5.1501946449279785,1
5.318795204162598,1
5.266267776489258,1
5.317142486572266,1
5.21115779876709,1
5.196526527404785,1
5.214309215545654,1
5.300060272216797,1
5.1662163734436035,1
5.316717147827148,1
5.265239715576172,1
5.162425994873047,1
5.239311695098877,1
5.209607124328613,1
5.201309680938721,1
5.2283711433410645,1
5.266321182250977,1
5.250152587890625,1
5.187079429626465,1
5.253331184387207,1
5.3271164894104,1
5.252335071563721,1
5.270710468292236,1
5.251688003540039,1
5.343457221984863,1
5.209108829498291,1
5.258235931396484,1
5.300379753112793,1
5.219139099121094,1
5.267153739929199,1
5.222314834594727,1
5.24925422668457,1
5.2552618980407715,1
5.267954349517822,1
5.207004070281982,1
5.2468791007995605,1
5.338899612426758,1
5.228943347930908,1
5.231570243835449,1
5.305840492248535,1
5.157628059387207,1
5.223019599914551,1
5.289834022521973,1
5.194732666015625,1
5.140388488769531,1
5.2658843994140625,1
5.226565361022949,1
5.212862968444824,1
5.197488307952881,1
5.220350742340088,1
5.226374626159668,1
5.256718158721924,1
5.270593166351318,1
5.249378204345703,1
5.239788055419922,1
5.22626256942749,1
5.332738876342773,1
5.312909126281738,1
5.166647911071777,1
5.348062515258789,1
5.28589391708374,1
5.242030620574951,1
5.121883392333984,1
5.167634963989258,1
5.225125312805176,1
5.17764949798584,1
5.326048374176025,1
5.274875640869141,1
5.316455364227295,1
5.212435245513916,1
5.187609672546387,1
5.314541816711426,1
5.241955757141113,1
5.2275543212890625,1
5.190014839172363,1
5.241391181945801,1
5.3031463623046875,1
5.160792827606201,1
5.175252914428711,1
5.189878940582275,1
5.245458602905273,1
5.244466304779053,1
5.280699729919434,1
5.2689080238342285,1
5.1468987464904785,1
5.272704601287842,1
5.319482803344727,1
5.241740703582764,1
