0,64
0,64
0,64
0,64
0,64
0,64
0,64
0,64
0,64
1.5625,64
3.125,64
1.5625,64
0,64
0,64
1.5625,64
0,64
1.5625,64
3.125,64
1.5625,64
0,64
0,64
1.5625,64
1.5625,64
0,64
1.5625,64
1.5625,64
1.5625,64
4.6875,64
3.125,64
1.5625,64
6.25,64
0,64
1.5625,64
0,64
1.5625,64
0,64
0,64
0,64
0,64
0,64
3.125,64
1.5625,64
3.125,64
6.25,64
1.5625,64
0,64
0,64
4.6875,64
0,64
3.125,64
1.5625,64
1.5625,64
6.25,64
1.5625,64
0,64
3.125,64
3.125,64
4.6875,64
1.5625,64
3.125,64
9.375,64
0,64
0,64
6.25,64
3.125,64
4.6875,64
6.25,64
0,64
7.8125,64
7.8125,64
3.125,64
3.125,64
1.5625,64
3.125,64
3.125,64
6.25,64
4.6875,64
1.5625,64
3.125,64
6.25,64
7.8125,64
10.9375,64
9.375,64
7.8125,64
9.375,64
1.5625,64
1.5625,64
1.5625,64
1.5625,64
3.125,64
1.5625,64
4.6875,64
10.9375,64
6.25,64
4.6875,64
7.8125,64
6.25,64
7.8125,64
7.8125,64
10.9375,64
7.8125,64
10.9375,64
7.8125,64
9.375,64
12.5,64
4.6875,64
7.8125,64
6.25,64
6.25,64
9.375,64
7.8125,64
7.8125,64
6.25,64
7.8125,64
9.375,64
7.8125,64
9.375,64
15.625,64
12.5,64
10.9375,64
9.375,64
6.25,64
7.8125,64
10.9375,64
6.25,64
6.25,64
9.375,64
18.75,64
10.9375,64
6.25,64
18.75,64
4.6875,64
4.6875,64
12.5,64
17.1875,64
18.75,64
15.625,64
15.625,64
7.8125,64
9.375,64
9.375,64
7.8125,64
9.375,64
17.1875,64
14.0625,64
10.9375,64
20.3125,64
12.5,64
20.3125,64
10.9375,64
10.9375,64
10.9375,64
10.9375,64
10.9375,64
12.5,64
7.8125,64
15.625,64
9.375,64
14.0625,64
9.375,64
14.0625,64
20.3125,64
20.3125,64
18.75,64
14.0625,64
14.0625,64
21.875,64
12.5,64
14.0625,64
6.25,64
9.375,64
14.0625,64
20.3125,64
17.1875,64
18.75,64
15.625,64
17.1875,64
26.5625,64
17.1875,64
9.375,64
7.8125,64
21.875,64
12.5,64
17.1875,64
17.1875,64
15.625,64
12.5,64
12.5,64
14.0625,64
18.75,64
26.5625,64
18.75,64
14.0625,64
12.5,64
20.3125,64
18.75,64
12.5,64
20.3125,64
17.1875,64
18.75,64
26.5625,64
26.5625,64
26.5625,64
17.1875,64
31.25,64
18.75,64
18.75,64
28.125,64
12.5,64
18.75,64
21.875,64
15.625,64
17.1875,64
20.3125,64
25,64
15.625,64
17.1875,64
25,64
15.625,64
21.875,64
25,64
23.4375,64
23.4375,64
23.4375,64
21.875,64
26.5625,64
21.875,64
20.3125,64
26.5625,64
21.875,64
20.3125,64
26.5625,64
18.75,64
29.6875,64
31.25,64
32.8125,64
10.9375,64
25,64
28.125,64
23.4375,64
32.8125,64
29.6875,64
21.875,64
28.125,64
26.5625,64
28.125,64
23.4375,64
26.5625,64
21.875,64
20.3125,64
23.4375,64
29.6875,64
37.5,64
23.4375,64
23.4375,64
25,64
29.6875,64
35.9375,64
28.125,64
32.8125,64
26.5625,64
29.6875,64
18.75,64
23.4375,64
28.125,64
28.125,64
20.3125,64
23.4375,64
32.8125,64
21.875,64
31.25,64
21.875,64
23.4375,64
26.5625,64
28.125,64
23.4375,64
37.5,64
15.625,64
29.6875,64
28.125,64
37.5,64
28.125,64
32.8125,64
32.8125,64
35.9375,64
31.25,64
35.9375,64
35.9375,64
20.3125,64
35.9375,64
29.6875,64
28.125,64
35.9375,64
40.625,64
28.125,64
39.0625,64
26.5625,64
26.5625,64
40.625,64
17.1875,64
26.5625,64
28.125,64
23.4375,64
37.5,64
35.9375,64
29.6875,64
25,64
23.4375,64
31.25,64
34.375,64
29.6875,64
18.75,64
35.9375,64
26.5625,64
37.5,64
25,64
25,64
37.5,64
35.9375,64
37.5,64
29.6875,64
37.5,64
28.125,64
26.5625,64
18.75,64
28.125,64
35.9375,64
28.125,64
23.4375,64
26.5625,64
37.5,64
32.8125,64
35.9375,64
26.5625,64
35.9375,64
26.5625,64
32.8125,64
31.25,64
28.125,64
40.625,64
29.6875,64
37.5,64
26.5625,64
40.625,64
23.4375,64
28.125,64
35.9375,64
34.375,64
37.5,64
40.625,64
37.5,64
29.6875,64
37.5,64
45.3125,64
46.875,64
40.625,64
31.25,64
48.4375,64
45.3125,64
32.8125,64
32.8125,64
46.875,64
37.5,64
40.625,64
42.1875,64
43.75,64
35.9375,64
35.9375,64
37.5,64
37.5,64
39.0625,64
39.0625,64
39.0625,64
42.1875,64
28.125,64
39.0625,64
39.0625,64
37.5,64
45.3125,64
43.75,64
43.75,64
39.0625,64
35.9375,64
40.625,64
31.25,64
32.8125,64
29.6875,64
39.0625,64
45.3125,64
25,64
37.5,64
43.75,64
35.9375,64
37.5,64
21.875,64
29.6875,64
43.75,64
35.9375,64
42.1875,64
43.75,64
42.1875,64
42.1875,64
43.75,64
46.875,64
45.3125,64
48.4375,64
48.4375,64
37.5,64
40.625,64
56.25,64
37.5,64
39.0625,64
29.6875,64
39.0625,64
40.625,64
37.5,64
51.5625,64
48.4375,64
46.875,64
43.75,64
45.3125,64
34.375,64
48.4375,64
45.3125,64
42.1875,64
45.3125,64
35.9375,64
31.25,64
39.0625,64
32.8125,64
45.3125,64
29.6875,64
29.6875,64
39.0625,64
39.0625,64
40.625,64
39.0625,64
45.3125,64
42.1875,64
35.9375,64
40.625,64
37.5,64
32.8125,64
35.9375,64
43.75,64
40.625,64
48.4375,64
34.375,64
35.9375,64
32.8125,64
45.3125,64
54.6875,64
37.5,64
51.5625,64
43.75,64
39.0625,64
42.1875,64
51.5625,64
43.75,64
43.75,64
42.1875,64
37.5,64
50,64
40.625,64
48.4375,64
46.875,64
50,64
50,64
40.625,64
46.875,64
46.875,64
53.125,64
40.625,64
45.3125,64
45.3125,64
31.25,64
31.25,64
43.75,64
37.5,64
29.6875,64
29.6875,64
28.125,64
45.3125,64
50,64
51.5625,64
39.0625,64
32.8125,64
32.8125,64
35.9375,64
45.3125,64
35.9375,64
51.5625,64
40.625,64
48.4375,64
34.375,64
48.4375,64
46.875,64
51.5625,64
34.375,64
45.3125,64
40.625,64
39.0625,64
60.9375,64
40.625,64
37.5,64
42.1875,64
34.375,64
46.875,64
40.625,64
39.0625,64
50,64
53.125,64
50,64
46.875,64
48.4375,64
46.875,64
50,64
54.6875,64
45.3125,64
48.4375,64
51.5625,64
56.25,64
46.875,64
50,64
48.4375,64
48.4375,64
50,64
42.1875,64
43.75,64
54.6875,64
57.8125,64
40.625,64
60.9375,64
42.1875,64
53.125,64
42.1875,64
46.875,64
50,64
42.1875,64
46.875,64
45.3125,64
45.3125,64
43.75,64
48.4375,64
53.125,64
48.4375,64
50,64
43.75,64
51.5625,64
45.3125,64
46.875,64
53.125,64
39.0625,64
59.375,64
57.8125,64
34.375,64
35.9375,64
48.4375,64
46.875,64
50,64
42.1875,64
54.6875,64
45.3125,64
45.3125,64
51.5625,64
53.125,64
54.6875,64
54.6875,64
56.25,64
56.25,64
45.3125,64
45.3125,64
54.6875,64
46.875,64
59.375,64
50,64
39.0625,64
37.5,64
40.625,64
62.5,64
50,64
46.875,64
59.375,64
50,64
56.25,64
42.1875,64
65.625,64
48.4375,64
40.625,64
46.875,64
45.3125,64
42.1875,64
56.25,64
51.5625,64
48.4375,64
59.375,64
51.5625,64
39.0625,64
64.0625,64
54.6875,64
51.5625,64
53.125,64
54.6875,64
46.875,64
51.5625,64
43.75,64
37.5,64
56.25,64
54.6875,64
42.1875,64
37.5,64
50,64
46.875,64
45.3125,64
45.3125,64
48.4375,64
48.4375,64
46.875,64
43.75,64
51.5625,64
48.4375,64
46.875,64
56.25,64
50,64
50,64
46.875,64
40.625,64
43.75,64
40.625,64
42.1875,64
51.5625,64
51.5625,64
45.3125,64
60.9375,64
43.75,64
43.75,64
37.5,64
43.75,64
53.125,64
46.875,64
48.4375,64
54.6875,64
59.375,64
40.625,64
40.625,64
45.3125,64
59.375,64
54.6875,64
54.6875,64
53.125,64
46.875,64
53.125,64
42.1875,64
40.625,64
62.5,64
42.1875,64
56.25,64
60.9375,64
50,64
46.875,64
48.4375,64
54.6875,64
54.6875,64
43.75,64
42.1875,64
50,64
56.25,64
50,64
60.9375,64
54.6875,64
57.8125,64
50,64
54.6875,64
62.5,64
53.125,64
50,64
57.8125,64
54.6875,64
53.125,64
62.5,64
51.5625,64
54.6875,64
56.25,64
51.5625,64
62.5,64
56.25,64
59.375,64
50,64
56.25,64
46.875,64
51.5625,64
51.5625,64
51.5625,64
40.625,64
46.875,64
50,64
53.125,64
53.125,64
43.75,64
42.1875,64
56.25,64
56.25,64
46.875,64
50,64
53.125,64
64.0625,64
51.5625,64
48.4375,64
57.8125,64
60.9375,64
50,64
51.5625,64
53.125,64
59.375,64
53.125,64
48.4375,64
65.625,64
51.5625,64
57.8125,64
56.25,64
54.6875,64
56.25,64
57.8125,64
48.4375,64
50,64
60.9375,64
43.75,64
51.5625,64
57.8125,64
48.4375,64
56.25,64
56.25,64
48.4375,64
53.125,64
53.125,64
65.625,64
60.9375,64
50,64
51.5625,64
48.4375,64
46.875,64
56.25,64
56.25,64
54.6875,64
56.25,64
54.6875,64
64.0625,64
46.875,64
59.375,64
53.125,64
46.875,64
53.125,64
65.625,64
57.8125,64
48.4375,64
56.25,64
54.6875,64
43.75,64
57.8125,64
65.625,64
56.25,64
51.5625,64
54.6875,64
60.9375,64
60.9375,64
71.875,64
59.375,64
53.125,64
57.8125,64
64.0625,64
56.25,64
54.6875,64
62.5,64
57.8125,64
71.875,64
53.125,64
59.375,64
42.1875,64
56.25,64
48.4375,64
57.8125,64
68.75,64
54.6875,64
48.4375,64
48.4375,64
62.5,64
64.0625,64
57.8125,64
65.625,64
62.5,64
60.9375,64
50,64
53.125,64
59.375,64
40.625,64
48.4375,64
65.625,64
51.5625,64
60.9375,64
51.5625,64
56.25,64
50,64
53.125,64
59.375,64
51.5625,64
67.1875,64
56.25,64
57.8125,64
46.875,64
65.625,64
60.9375,64
48.4375,64
53.125,64
50,64
54.6875,64
50,64
43.75,64
62.5,64
53.125,64
65.625,64
59.375,64
59.375,64
57.8125,64
65.625,64
53.125,64
54.6875,64
56.25,64
60.9375,64
54.6875,64
56.25,64
56.25,64
60.9375,64
65.625,64
70.3125,64
73.4375,64
60.9375,64
62.5,64
59.375,64
60.9375,64
67.1875,64
62.5,64
70.3125,64
56.25,64
59.375,64
65.625,64
59.375,64
51.5625,64
64.0625,64
57.8125,64
70.3125,64
56.25,64
46.875,64
51.5625,64
54.6875,64
60.9375,64
62.5,64
54.6875,64
54.6875,64
48.4375,64
60.9375,64
56.25,64
64.0625,64
64.0625,64
59.375,64
59.375,64
56.25,64
57.8125,64
79.6875,64
60.9375,64
56.25,64
60.9375,64
57.8125,64
57.8125,64
59.375,64
45.3125,64
62.5,64
70.3125,64
57.8125,64
53.125,64
64.0625,64
53.125,64
56.25,64
51.5625,64
45.3125,64
62.5,64
56.25,64
65.625,64
59.375,64
56.25,64
64.0625,64
68.75,64
46.875,64
57.8125,64
54.6875,64
64.0625,64
75,64
70.3125,64
54.6875,64
60.9375,64
64.0625,64
62.5,64
51.5625,64
53.125,64
56.25,64
60.9375,64
59.375,64
57.8125,64
56.25,64
59.375,64
57.8125,64
50,64
62.5,64
50,64
62.5,64
56.25,64
51.5625,64
75,64
56.25,64
67.1875,64
65.625,64
59.375,64
59.375,64
53.125,64
59.375,64
64.0625,64
56.25,64
60.9375,64
62.5,64
67.1875,64
60.9375,64
57.8125,64
62.5,64
64.0625,64
53.125,64
65.625,64
64.0625,64
46.875,64
56.25,64
48.4375,64
56.25,64
60.9375,64
60.9375,64
59.375,64
64.0625,64
51.5625,64
59.375,64
56.25,64
51.5625,64
46.875,64
60.9375,64
57.8125,64
45.3125,64
59.375,64
60.9375,64
56.25,64
45.3125,64
50,64
53.125,64
68.75,64
51.5625,64
50,64
60.9375,64
60.9375,64
64.0625,64
60.9375,64
65.625,64
62.5,64
57.8125,64
59.375,64
64.0625,64
51.5625,64
60.9375,64
62.5,64
50,64
56.25,64
62.5,64
71.875,64
62.5,64
71.875,64
62.5,64
75,64
54.6875,64
59.375,64
50,64
65.625,64
54.6875,64
65.625,64
64.0625,64
62.5,64
50,64
65.625,64
64.0625,64
60.9375,64
48.4375,64
67.1875,64
67.1875,64
53.125,64
62.5,64
53.125,64
59.375,64
56.25,64
57.8125,64
62.5,64
57.8125,64
62.5,64
65.625,64
57.8125,64
51.5625,64
65.625,64
45.3125,64
70.3125,64
65.625,64
59.375,64
59.375,64
59.375,64
57.8125,64
59.375,64
62.5,64
65.625,64
53.125,64
68.75,64
54.6875,64
60.9375,64
62.5,64
60.9375,64
59.375,64
62.5,64
60.9375,64
71.875,64
65.625,64
65.625,64
64.0625,64
51.5625,64
62.5,64
53.125,64
67.1875,64
57.8125,64
59.375,64
67.1875,64
57.8125,64
60.9375,64
51.5625,64
53.125,64
59.375,64
35.9375,64
64.0625,64
64.0625,64
60.9375,64
62.5,64
57.8125,64
56.25,64
56.25,64
59.375,64
60.9375,64
54.6875,64
62.5,64
60.9375,64
53.125,64
67.1875,64
67.1875,64
64.0625,64
62.5,64
56.25,64
57.8125,64
54.6875,64
59.375,64
67.1875,64
62.5,64
68.75,64
65.625,64
70.3125,64
57.8125,64
71.875,64
54.6875,64
50,64
68.75,64
67.1875,64
65.625,64
64.0625,64
60.9375,64
64.0625,64
70.3125,64
70.3125,64
68.75,64
60.9375,64
67.1875,64
59.375,64
62.5,64
54.6875,64
53.125,64
51.5625,64
65.625,64
65.625,64
56.25,64
60.9375,64
54.6875,64
64.0625,64
60.9375,64
65.625,64
64.0625,64
60.9375,64
70.3125,64
67.1875,64
59.375,64
64.0625,64
59.375,64
60.9375,64
57.8125,64
57.8125,64
54.6875,64
59.375,64
65.625,64
67.1875,64
70.3125,64
60.9375,64
64.0625,64
64.0625,64
62.5,64
59.375,64
65.625,64
65.625,64
56.25,64
65.625,64
67.1875,64
64.0625,64
59.375,64
54.6875,64
70.3125,64
68.75,64
64.0625,64
60.9375,64
54.6875,64
65.625,64
59.375,64
70.3125,64
67.1875,64
50,64
68.75,64
73.4375,64
65.625,64
68.75,64
62.5,64
65.625,64
50,64
70.3125,64
71.875,64
53.125,64
73.4375,64
59.375,64
57.8125,64
54.6875,64
73.4375,64
68.75,64
62.5,64
75,64
68.75,64
65.625,64
73.4375,64
68.75,64
57.8125,64
67.1875,64
59.375,64
67.1875,64
81.25,64
68.75,64
62.5,64
65.625,64
65.625,64
67.1875,64
65.625,64
76.5625,64
54.6875,64
56.25,64
67.1875,64
70.3125,64
65.625,64
64.0625,64
65.625,64
70.3125,64
48.4375,64
65.625,64
70.3125,64
70.3125,64
65.625,64
71.875,64
62.5,64
57.8125,64
67.1875,64
64.0625,64
53.125,64
59.375,64
79.6875,64
68.75,64
60.9375,64
64.0625,64
56.25,64
67.1875,64
67.1875,64
65.625,64
59.375,64
65.625,64
73.4375,64
70.3125,64
71.875,64
60.9375,64
73.4375,64
70.3125,64
64.0625,64
56.25,64
67.1875,64
70.3125,64
70.3125,64
53.125,64
70.3125,64
64.0625,64
65.625,64
59.375,64
68.75,64
70.3125,64
65.625,64
64.0625,64
70.3125,64
64.0625,64
70.3125,64
71.875,64
68.75,64
70.3125,64
79.6875,64
67.1875,64
54.6875,64
62.5,64
59.375,64
59.375,64
50,64
60.9375,64
57.8125,64
53.125,64
35.9375,64
70.3125,64
65.625,64
60.9375,64
75,64
67.1875,64
65.625,64
60.9375,64
54.6875,64
57.8125,64
50,64
60.9375,64
60.9375,64
60.9375,64
64.0625,64
68.75,64
65.625,64
65.625,64
56.25,64
71.875,64
64.0625,64
75,64
73.4375,64
75,64
70.3125,64
71.875,64
75,64
64.0625,64
70.3125,64
67.1875,64
51.5625,64
78.125,64
76.5625,64
65.625,64
60.9375,64
54.6875,64
70.3125,64
73.4375,64
65.625,64
68.75,64
50,64
65.625,64
62.5,64
59.375,64
70.3125,64
65.625,64
78.125,64
48.4375,64
70.3125,64
56.25,64
62.5,64
62.5,64
60.9375,64
64.0625,64
48.4375,64
54.6875,64
76.5625,64
56.25,64
62.5,64
39.0625,64
54.6875,64
59.375,64
64.0625,64
60.9375,64
67.1875,64
60.9375,64
68.75,64
68.75,64
67.1875,64
70.3125,64
57.8125,64
59.375,64
62.5,64
53.125,64
60.9375,64
64.0625,64
64.0625,64
68.75,64
65.625,64
73.4375,64
76.5625,64
67.1875,64
62.5,64
60.9375,64
65.625,64
59.375,64
73.4375,64
81.25,64
67.1875,64
71.875,64
68.75,64
64.0625,64
76.5625,64
75,64
70.3125,64
70.3125,64
65.625,64
71.875,64
54.6875,64
68.75,64
68.75,64
65.625,64
59.375,64
75,64
57.8125,64
70.3125,64
59.375,64
57.8125,64
70.3125,64
53.125,64
57.8125,64
57.8125,64
68.75,64
59.375,64
48.4375,64
70.3125,64
68.75,64
51.5625,64
71.875,64
62.5,64
64.0625,64
71.875,64
68.75,64
73.4375,64
60.9375,64
79.6875,64
76.5625,64
62.5,64
68.75,64
70.3125,64
65.625,64
64.0625,64
64.0625,64
57.8125,64
65.625,64
73.4375,64
70.3125,64
67.1875,64
68.75,64
65.625,64
65.625,64
65.625,64
68.75,64
71.875,64
64.0625,64
64.0625,64
46.875,64
64.0625,64
65.625,64
56.25,64
60.9375,64
65.625,64
79.6875,64
60.9375,64
64.0625,64
68.75,64
68.75,64
79.6875,64
71.875,64
78.125,64
71.875,64
71.875,64
76.5625,64
62.5,64
64.0625,64
64.0625,64
59.375,64
62.5,64
68.75,64
59.375,64
81.25,64
70.3125,64
76.5625,64
73.4375,64
59.375,64
67.1875,64
73.4375,64
65.625,64
57.8125,64
67.1875,64
70.3125,64
59.375,64
64.0625,64
57.8125,64
68.75,64
73.4375,64
56.25,64
68.75,64
67.1875,64
81.25,64
75,64
70.3125,64
62.5,64
70.3125,64
57.8125,64
67.1875,64
73.4375,64
70.3125,64
71.875,64
70.3125,64
65.625,64
62.5,64
64.0625,64
67.1875,64
75,64
56.25,64
53.125,64
59.375,64
76.5625,64
68.75,64
59.375,64
75,64
65.625,64
67.1875,64
62.5,64
60.9375,64
65.625,64
59.375,64
56.25,64
64.0625,64
67.1875,64
73.4375,64
60.9375,64
60.9375,64
60.9375,64
59.375,64
73.4375,64
64.0625,64
65.625,64
57.8125,64
53.125,64
70.3125,64
71.875,64
65.625,64
78.125,64
64.0625,64
70.3125,64
62.5,64
64.0625,64
73.4375,64
67.1875,64
54.6875,64
64.0625,64
68.75,64
53.125,64
65.625,64
60.9375,64
73.4375,64
67.1875,64
73.4375,64
51.5625,64
70.3125,64
70.3125,64
64.0625,64
68.75,64
73.4375,64
70.3125,64
60.9375,64
73.4375,64
76.5625,64
71.875,64
62.5,64
65.625,64
79.6875,64
64.0625,64
73.4375,64
68.75,64
60.9375,64
70.3125,64
62.5,64
67.1875,64
68.75,64
70.3125,64
70.3125,64
62.5,64
64.0625,64
70.3125,64
62.5,64
73.4375,64
78.125,64
73.4375,64
70.3125,64
60.9375,64
70.3125,64
67.1875,64
67.1875,64
53.125,64
62.5,64
67.1875,64
65.625,64
64.0625,64
65.625,64
79.6875,64
67.1875,64
62.5,64
70.3125,64
60.9375,64
64.0625,64
56.25,64
71.875,64
64.0625,64
75,64
67.1875,64
64.0625,64
62.5,64
64.0625,64
70.3125,64
73.4375,64
71.875,64
60.9375,64
60.9375,64
59.375,64
73.4375,64
73.4375,64
73.4375,64
60.9375,64
71.875,64
70.3125,64
65.625,64
71.875,64
68.75,64
65.625,64
71.875,64
73.4375,64
73.4375,64
62.5,64
75,64
70.3125,64
68.75,64
62.5,64
60.9375,64
64.0625,64
64.0625,64
68.75,64
59.375,64
60.9375,64
56.25,64
57.8125,64
60.9375,64
60.9375,64
54.6875,64
57.8125,64
71.875,64
75,20
