2.9307332038879395,1
3.714001417160034,1
3.498842716217041,1
4.19760799407959,1
3.898803949356079,1
3.3013267517089844,1
3.1348471641540527,1
3.6752021312713623,1
3.463318347930908,1
3.947298288345337,1
3.7983479499816895,1
2.830573797225952,1
3.6802282333374023,1
3.543405055999756,1
2.8852057456970215,1
2.5285515785217285,1
4.052938461303711,1
3.212106227874756,1
3.377143144607544,1
3.4044923782348633,1
3.1150777339935303,1
3.728050470352173,1
3.1000075340270996,1
3.6354575157165527,1
3.5606136322021484,1
3.2481274604797363,1
3.979008674621582,1
3.3040854930877686,1
3.532562017440796,1
3.146397113800049,1
3.281888961791992,1
2.995190143585205,1
2.931173086166382,1
2.904263973236084,1
2.669188976287842,1
2.7420854568481445,1
3.0203869342803955,1
3.227409839630127,1
3.231783390045166,1
3.5580551624298096,1
3.049924850463867,1
2.9500935077667236,1
3.4922494888305664,1
3.7840330600738525,1
3.6277060508728027,1
4.112759113311768,1
3.917786121368408,1
3.1748008728027344,1
5.941054344177246,1
3.9354732036590576,1
3.5887064933776855,1
2.5388193130493164,1
3.8291828632354736,1
3.633739948272705,1
3.76259183883667,1
3.249640941619873,1
3.6231274604797363,1
3.810072898864746,1
3.496917724609375,1
3.1482396125793457,1
3.379899024963379,1
3.4280505180358887,1
3.261713981628418,1
3.1389708518981934,1
3.0362343788146973,1
3.6425158977508545,1
3.1145763397216797,1
3.1187949180603027,1
3.188448429107666,1
2.741671562194824,1
3.403825283050537,1
3.0027198791503906,1
3.3384008407592773,1
3.63271164894104,1
3.3649816513061523,1
2.8094964027404785,1
3.493499755859375,1
3.525458574295044,1
3.1289639472961426,1
2.8555493354797363,1
4.082309722900391,1
3.5085580348968506,1
3.2755284309387207,1
2.811677932739258,1
2.9236669540405273,1
3.498445510864258,1
3.1606082916259766,1
3.2045905590057373,1
3.3189187049865723,1
3.847691297531128,1
3.6587319374084473,1
3.731950521469116,1
2.767768383026123,1
3.402315378189087,1
2.943507432937622,1
3.8832473754882813,1
4.071117401123047,1
3.4093549251556396,1
3.4089927673339844,1
3.2938034534454346,1
3.2776942253112793,1
3.432558536529541,1
3.1424994468688965,1
3.338284492492676,1
3.5056533813476563,1
3.1416192054748535,1
3.681673288345337,1
4.472168922424316,1
3.4266958236694336,1
3.753614902496338,1
3.3379569053649902,1
3.321584939956665,1
3.3318779468536377,1
3.476256847381592,1
4.0200018882751465,1
3.2778568267822266,1
3.2715461254119873,1
3.1331114768981934,1
3.3808560371398926,1
2.767343282699585,1
3.9825775623321533,1
3.722641706466675,1
3.888404607772827,1
3.2768185138702393,1
3.222559690475464,1
2.8740921020507813,1
3.252220630645752,1
3.2782163619995117,1
3.577286720275879,1
2.578936815261841,1
3.0783534049987793,1
4.137298583984375,1
3.095576763153076,1
3.222097396850586,1
2.3366785049438477,1
3.935932159423828,1
3.5738229751586914,1
4.199498176574707,1
3.395298719406128,1
3.4419593811035156,1
3.8271236419677734,1
3.5462663173675537,1
3.1117451190948486,1
3.5721054077148438,1
3.5591955184936523,1
3.6286990642547607,1
3.4522743225097656,1
3.5051283836364746,1
2.6647586822509766,1
2.5167388916015625,1
2.6431050300598145,1
3.9906039237976074,1
3.749284505844116,1
3.2856197357177734,1
4.004562854766846,1
3.2744131088256836,1
2.9600579738616943,1
2.650665760040283,1
3.937037706375122,1
3.293755531311035,1
3.878887176513672,1
2.6807994842529297,1
2.941394805908203,1
2.94272518157959,1
3.5724706649780273,1
3.8193349838256836,1
2.9266719818115234,1
3.0456411838531494,1
3.6816978454589844,1
3.4555106163024902,1
3.2283377647399902,1
2.868964195251465,1
4.613503456115723,1
3.085305690765381,1
3.162231206893921,1
4.117093086242676,1
3.088642120361328,1
2.6532673835754395,1
2.7477364540100098,1
3.6910336017608643,1
3.094977378845215,1
3.4858431816101074,1
2.627990961074829,1
3.2127418518066406,1
2.732285976409912,1
2.9601919651031494,1
3.7160472869873047,1
3.7494750022888184,1
4.175184726715088,1
3.342689037322998,1
3.031759262084961,1
3.4864635467529297,1
2.987595796585083,1
3.2261698246002197,1
3.45453143119812,1
2.708603858947754,1
2.746274471282959,1
3.88869047164917,1
4.11567497253418,1
4.09572696685791,1
2.5585124492645264,1
3.219106435775757,1
3.718282699584961,1
3.987232208251953,1
3.2183027267456055,1
3.394752264022827,1
2.9760894775390625,1
2.6539454460144043,1
2.6824660301208496,1
2.9512414932250977,1
2.9322094917297363,1
3.0044054985046387,1
3.68703556060791,1
2.7624523639678955,1
3.607661724090576,1
3.487243413925171,1
4.490413188934326,1
3.454324245452881,1
3.901304244995117,1
4.362752437591553,1
3.4244723320007324,1
3.4721951484680176,1
5.1493940353393555,1
4.287240028381348,1
4.51983118057251,1
3.8060312271118164,1
4.6197662353515625,1
4.151416301727295,1
3.5186047554016113,1
3.7162623405456543,1
2.8722481727600098,1
4.2307844161987305,1
3.108577251434326,1
3.6701412200927734,1
3.088676691055298,1
4.429531097412109,1
3.550915241241455,1
3.8781423568725586,1
2.8948583602905273,1
2.972641706466675,1
3.651740550994873,1
2.905848503112793,1
4.415221214294434,1
3.4465436935424805,1
4.044585227966309,1
3.3116798400878906,1
3.0758113861083984,1
3.511819839477539,1
3.5908312797546387,1
3.08199405670166,1
3.742677927017212,1
3.0058279037475586,1
3.0404162406921387,1
3.7392420768737793,1
3.170351028442383,1
3.4220685958862305,1
3.8977317810058594,1
2.6416573524475098,1
3.5397822856903076,1
3.3336684703826904,1
3.589329719543457,1
3.606963634490967,1
3.1349878311157227,1
3.0350496768951416,1
2.7767040729522705,1
3.3516926765441895,1
3.446756601333618,1
3.393192768096924,1
3.2232580184936523,1
4.690060615539551,1
3.395878791809082,1
3.6957664489746094,1
3.3801965713500977,1
3.2188093662261963,1
3.7515602111816406,1
3.5877432823181152,1
3.2004904747009277,1
3.433889627456665,1
3.6309685707092285,1
2.882654905319214,1
3.537789821624756,1
2.8039016723632813,1
3.3470821380615234,1
3.249584674835205,1
3.6377358436584473,1
3.517836570739746,1
3.0689163208007813,1
3.0719125270843506,1
3.443230152130127,1
3.907081127166748,1
3.5286617279052734,1
3.394171714782715,1
3.257296085357666,1
3.3065025806427,1
3.8466062545776367,1
3.6033084392547607,1
3.264220952987671,1
3.4917352199554443,1
2.9111437797546387,1
3.191457748413086,1
3.126772165298462,1
3.11657452583313,1
3.2795886993408203,1
3.508483409881592,1
3.5355844497680664,1
4.2124714851379395,1
3.5837955474853516,1
3.7786989212036133,1
3.400658130645752,1
3.6721904277801514,1
4.489622116088867,1
4.615091323852539,1
5.573434829711914,1
2.916973114013672,1
3.556865692138672,1
3.334049701690674,1
3.6527743339538574,1
3.8987655639648438,1
3.422436237335205,1
3.8974127769470215,1
4.444311618804932,1
3.9381778240203857,1
3.6041622161865234,1
3.8977861404418945,1
3.190141201019287,1
4.061235427856445,1
3.148003101348877,1
3.6716933250427246,1
2.7526843547821045,1
3.6135354042053223,1
3.2855491638183594,1
3.235461711883545,1
3.5797815322875977,1
3.6737890243530273,1
3.0003626346588135,1
3.305915117263794,1
3.1962735652923584,1
3.672851800918579,1
4.120291709899902,1
4.4290666580200195,1
3.47068452835083,1
3.745114326477051,1
3.5289387702941895,1
3.9758660793304443,1
3.5738539695739746,1
3.263793468475342,1
3.904552459716797,1
3.128108024597168,1
4.1236419677734375,1
3.577237129211426,1
3.6037487983703613,1
3.0639283657073975,1
3.116251230239868,1
3.634645462036133,1
5.06805419921875,1
4.4913010597229,1
4.020096778869629,1
3.445295810699463,1
3.4762182235717773,1
3.1072041988372803,1
3.818415641784668,1
3.3661012649536133,1
3.09859037399292,1
3.5074987411499023,1
3.072669506072998,1
3.9383604526519775,1
3.1444361209869385,1
3.684239387512207,1
3.5402157306671143,1
3.0864312648773193,1
3.1207098960876465,1
4.025298118591309,1
2.989837646484375,1
3.1989006996154785,1
2.9489901065826416,1
3.758857488632202,1
3.6366028785705566,1
3.183800220489502,1
3.598726511001587,1
3.6707119941711426,1
4.118817329406738,1
3.270841598510742,1
3.104705333709717,1
4.059065818786621,1
3.4166955947875977,1
3.8734591007232666,1
3.626049280166626,1
3.4884276390075684,1
3.4985721111297607,1
3.245859384536743,1
7.262783527374268,1
3.035459518432617,1
3.672224283218384,1
3.702580451965332,1
3.7467050552368164,1
3.908813953399658,1
4.056307792663574,1
4.525460243225098,1
3.0802736282348633,1
4.413654327392578,1
3.5507819652557373,1
3.6758346557617188,1
3.906627893447876,1
4.108907222747803,1
3.4556162357330322,1
3.8694565296173096,1
3.226271629333496,1
3.600216865539551,1
2.74027681350708,1
3.216693878173828,1
3.183398962020874,1
3.1283960342407227,1
3.8133461475372314,1
3.1868200302124023,1
3.604748249053955,1
2.736341953277588,1
3.2874674797058105,1
3.3384437561035156,1
4.128271579742432,1
3.7205066680908203,1
3.180413246154785,1
4.516585826873779,1
3.9159817695617676,1
3.7398855686187744,1
4.115753173828125,1
3.9537510871887207,1
3.114694118499756,1
3.6187384128570557,1
3.3923816680908203,1
4.081497669219971,1
3.480071544647217,1
3.9696526527404785,1
3.126791477203369,1
4.073461532592773,1
3.6027400493621826,1
3.353116512298584,1
5.501911163330078,1
3.2663888931274414,1
3.4819176197052,1
3.077653408050537,1
3.539668560028076,1
4.910893440246582,1
3.8119993209838867,1
4.24737548828125,1
4.3846845626831055,1
2.8000431060791016,1
3.5866520404815674,1
3.5086770057678223,1
2.9473183155059814,1
3.8374063968658447,1
4.017029762268066,1
3.399608612060547,1
3.724128484725952,1
3.753358840942383,1
3.5106470584869385,1
3.3652634620666504,1
3.867252826690674,1
3.6357874870300293,1
3.4144070148468018,1
3.8128154277801514,1
3.420865058898926,1
3.4840004444122314,1
3.2028605937957764,1
2.408224105834961,1
4.138697624206543,1
2.9518861770629883,1
3.0136499404907227,1
2.789745807647705,1
2.901505947113037,1
3.1059184074401855,1
4.105035781860352,1
2.9072251319885254,1
3.088470935821533,1
3.2747116088867188,1
3.603483200073242,1
3.9361205101013184,1
3.528416156768799,1
3.616960287094116,1
3.9314332008361816,1
2.1532416343688965,1
3.790996551513672,1
3.8184428215026855,1
4.1978960037231445,1
4.8844523429870605,1
4.033688545227051,1
3.596590518951416,1
3.1919922828674316,1
3.2778337001800537,1
3.942183017730713,1
3.1584959030151367,1
3.593273401260376,1
3.863600254058838,1
4.113727569580078,1
4.392282009124756,1
2.8663716316223145,1
3.1151959896087646,1
3.1177010536193848,1
3.6912755966186523,1
3.282517433166504,1
3.520827054977417,1
4.138811111450195,1
3.716634511947632,1
3.069659948348999,1
3.6570839881896973,1
2.808629035949707,1
3.005924701690674,1
3.438993215560913,1
3.887197256088257,1
2.6518969535827637,1
2.9848508834838867,1
3.012744426727295,1
2.498922824859619,1
3.8271682262420654,1
2.882720470428467,1
2.9819116592407227,1
3.4253573417663574,1
3.3699288368225098,1
4.261371612548828,1
3.166055679321289,1
3.4936087131500244,1
3.696265935897827,1
3.110558271408081,1
3.281719207763672,1
3.8502554893493652,1
4.316384792327881,1
4.042966842651367,1
3.6320321559906006,1
3.7471556663513184,1
3.4007654190063477,1
2.5891170501708984,1
3.2127957344055176,1
3.4255423545837402,1
2.7090141773223877,1
4.102541923522949,1
3.713477611541748,1
2.9343421459198,1
3.3899998664855957,1
3.592179298400879,1
3.1030349731445313,1
2.8043417930603027,1
2.6275763511657715,1
3.2993531227111816,1
3.616025924682617,1
4.139054298400879,1
3.4927306175231934,1
3.2675223350524902,1
3.368945837020874,1
3.1872944831848145,1
3.1621131896972656,1
3.2463104724884033,1
3.2391357421875,1
3.0906527042388916,1
3.440751075744629,1
4.018119812011719,1
3.287264823913574,1
2.789821147918701,1
3.7811784744262695,1
3.447880268096924,1
2.6688880920410156,1
3.561429977416992,1
3.00795578956604,1
3.896594524383545,1
2.4254565238952637,1
3.416250705718994,1
3.240393877029419,1
3.777728796005249,1
3.4809656143188477,1
3.5985124111175537,1
4.00089168548584,1
4.034339904785156,1
3.552654266357422,1
3.5754103660583496,1
3.462090015411377,1
3.199023962020874,1
3.5033302307128906,1
3.8765530586242676,1
3.5929248332977295,1
3.4893240928649902,1
3.045811176300049,1
4.2220659255981445,1
3.0680973529815674,1
4.42201042175293,1
4.060124397277832,1
4.806237697601318,1
3.4573988914489746,1
3.9126672744750977,1
4.499046325683594,1
4.901883125305176,1
4.553569793701172,1
5.522919654846191,1
4.315059185028076,1
3.904015064239502,1
3.5837411880493164,1
3.436167001724243,1
3.3070640563964844,1
3.2221755981445313,1
3.91279935836792,1
3.476963520050049,1
3.462141275405884,1
3.6055374145507813,1
3.417175531387329,1
3.102832317352295,1
3.0810112953186035,1
3.535423517227173,1
3.3504984378814697,1
3.121455192565918,1
3.4299228191375732,1
3.136988878250122,1
3.96112060546875,1
3.2978427410125732,1
3.527392625808716,1
2.916614294052124,1
2.970646858215332,1
3.4152536392211914,1
3.830334424972534,1
3.0580670833587646,1
3.811614513397217,1
3.2599849700927734,1
2.7756869792938232,1
3.981900453567505,1
3.483161449432373,1
2.7689929008483887,1
3.260641574859619,1
3.312394142150879,1
3.163270950317383,1
3.0406813621520996,1
3.938673496246338,1
3.489077568054199,1
3.793759822845459,1
3.3996284008026123,1
4.0080108642578125,1
3.0991733074188232,1
3.5569422245025635,1
3.198476791381836,1
3.5583529472351074,1
3.589033842086792,1
3.139216899871826,1
2.721907615661621,1
3.5367233753204346,1
3.916426658630371,1
3.7523574829101563,1
3.3227322101593018,1
3.7525224685668945,1
3.2096338272094727,1
3.7324631214141846,1
3.7711925506591797,1
3.782541513442993,1
3.216648817062378,1
3.6435859203338623,1
4.12050724029541,1
3.1341378688812256,1
3.4494643211364746,1
3.1746339797973633,1
2.9211597442626953,1
3.014167308807373,1
3.719090223312378,1
3.31866717338562,1
4.204920768737793,1
3.1556670665740967,1
3.638061285018921,1
3.381918430328369,1
2.937875747680664,1
3.6710267066955566,1
3.0711703300476074,1
3.289327621459961,1
3.916783571243286,1
3.3726515769958496,1
4.0060296058654785,1
3.1796836853027344,1
2.610413074493408,1
2.9892444610595703,1
3.138334035873413,1
3.255657434463501,1
3.168574810028076,1
3.1590659618377686,1
3.2262659072875977,1
3.9866676330566406,1
3.499767303466797,1
3.9638524055480957,1
3.0221450328826904,1
3.109884738922119,1
4.365428924560547,1
3.4747538566589355,1
3.853936195373535,1
2.7715673446655273,1
3.1221060752868652,1
4.046504974365234,1
3.4380791187286377,1
4.096306800842285,1
3.8436999320983887,1
3.5875895023345947,1
3.373443603515625,1
3.6239264011383057,1
4.1091084480285645,1
3.3109991550445557,1
3.841052770614624,1
3.2496337890625,1
3.089322805404663,1
3.371919870376587,1
3.225762128829956,1
4.114028453826904,1
3.5065901279449463,1
2.945444345474243,1
3.145261764526367,1
3.2345051765441895,1
3.0380232334136963,1
2.849884033203125,1
3.909667491912842,1
2.9596333503723145,1
3.2649009227752686,1
3.074320077896118,1
3.0571773052215576,1
3.055405378341675,1
3.2277278900146484,1
2.4826159477233887,1
3.1424202919006348,1
3.4969849586486816,1
2.199092388153076,1
2.640040874481201,1
3.275761127471924,1
3.2700705528259277,1
3.852107524871826,1
3.267580986022949,1
3.347978115081787,1
3.1760764122009277,1
3.2787842750549316,1
3.4719443321228027,1
3.9569602012634277,1
3.464658737182617,1
3.52587890625,1
3.7768023014068604,1
3.3107285499572754,1
3.2714099884033203,1
3.078770637512207,1
2.9199371337890625,1
2.656524896621704,1
3.207367420196533,1
2.6675515174865723,1
3.1532540321350098,1
3.3534975051879883,1
3.089388370513916,1
2.741353988647461,1
3.1465072631835938,1
3.707735776901245,1
3.4564297199249268,1
3.87345552444458,1
2.991927146911621,1
3.434673309326172,1
2.93587327003479,1
3.665968894958496,1
3.95216965675354,1
2.7363412380218506,1
3.472097396850586,1
3.4624335765838623,1
3.211601972579956,1
3.9071319103240967,1
3.6864161491394043,1
2.6794302463531494,1
3.5491106510162354,1
3.221217155456543,1
3.2794175148010254,1
3.7990269660949707,1
3.9066407680511475,1
4.547287940979004,1
3.4251341819763184,1
3.6369075775146484,1
3.7890381813049316,1
3.460690975189209,1
3.40128493309021,1
3.4637434482574463,1
3.490915060043335,1
2.884910821914673,1
3.4411792755126953,1
2.9112401008605957,1
3.3917927742004395,1
3.505634307861328,1
3.780508279800415,1
3.457298994064331,1
3.6554832458496094,1
3.1439626216888428,1
2.884705066680908,1
3.0374157428741455,1
3.3225555419921875,1
2.953449010848999,1
3.111067533493042,1
3.1488876342773438,1
2.8123342990875244,1
3.0283114910125732,1
2.929149627685547,1
2.8786509037017822,1
4.5099897384643555,1
3.3882174491882324,1
3.055418014526367,1
3.3178162574768066,1
2.7688956260681152,1
4.160991191864014,1
5.0953145027160645,1
3.989520788192749,1
3.269904136657715,1
3.5081398487091064,1
3.315488815307617,1
3.0057168006896973,1
3.3631293773651123,1
3.501405954360962,1
3.1175765991210938,1
3.7435386180877686,1
3.3887875080108643,1
3.1214818954467773,1
2.866518497467041,1
3.6985247135162354,1
2.773346424102783,1
3.6513335704803467,1
3.077669620513916,1
3.0441250801086426,1
3.8373444080352783,1
3.0175085067749023,1
2.7582554817199707,1
2.693624258041382,1
3.096456527709961,1
3.0635530948638916,1
3.352018356323242,1
3.6881678104400635,1
3.1695098876953125,1
4.081130027770996,1
3.753654956817627,1
3.541454315185547,1
3.4693121910095215,1
3.299818754196167,1
3.07798433303833,1
4.922517776489258,1
2.721005916595459,1
4.072785377502441,1
3.8160455226898193,1
3.7007577419281006,1
4.422670841217041,1
3.7864763736724854,1
3.296112537384033,1
3.079901933670044,1
3.3647654056549072,1
3.28342342376709,1
4.376891136169434,1
4.674838066101074,1
2.9931607246398926,1
2.9219226837158203,1
2.954352378845215,1
2.633652925491333,1
3.092766761779785,1
3.274139404296875,1
3.0946755409240723,1
3.5273678302764893,1
2.838045597076416,1
3.2175827026367188,1
3.79811692237854,1
3.2053728103637695,1
2.807011127471924,1
3.33499813079834,1
3.5119152069091797,1
2.6452784538269043,1
3.185298442840576,1
4.185910701751709,1
2.931762218475342,1
2.369561195373535,1
3.1335256099700928,1
3.8096494674682617,1
3.0839617252349854,1
3.0310311317443848,1
3.2445406913757324,1
3.2992217540740967,1
3.1350269317626953,1
3.4999637603759766,1
4.037992477416992,1
2.7916173934936523,1
2.650620698928833,1
3.5516819953918457,1
3.523037910461426,1
3.820261240005493,1
3.644260883331299,1
3.2163655757904053,1
3.7606050968170166,1
3.068356513977051,1
3.390244483947754,1
3.33651065826416,1
3.5670347213745117,1
3.6557531356811523,1
4.417239189147949,1
3.3346824645996094,1
3.3730556964874268,1
3.68644642829895,1
4.043276786804199,1
4.004944801330566,1
3.9886178970336914,1
3.2374837398529053,1
3.075789451599121,1
2.7781009674072266,1
3.3499929904937744,1
3.651340961456299,1
3.1068758964538574,1
3.130160093307495,1
2.551663637161255,1
3.427717447280884,1
3.26812744140625,1
3.9825851917266846,1
3.565086603164673,1
3.2649974822998047,1
3.3829212188720703,1
3.352095365524292,1
2.9831957817077637,1
3.436561346054077,1
3.164834499359131,1
3.55206561088562,1
3.060805320739746,1
3.248298406600952,1
3.604257106781006,1
3.3174726963043213,1
3.179732322692871,1
3.122864007949829,1
2.8537826538085938,1
3.543036937713623,1
3.1272761821746826,1
3.2556893825531006,1
3.086181879043579,1
3.6235475540161133,1
2.9589991569519043,1
3.887899398803711,1
3.6896562576293945,1
3.413881778717041,1
3.2120931148529053,1
3.9339733123779297,1
3.2176003456115723,1
3.9578051567077637,1
3.1402626037597656,1
3.7146129608154297,1
2.7496907711029053,1
2.8955979347229004,1
3.902838706970215,1
3.682555675506592,1
3.429955005645752,1
3.4287140369415283,1
3.314558982849121,1
3.5804076194763184,1
3.0576186180114746,1
2.846315383911133,1
3.5444369316101074,1
2.904371738433838,1
3.9040677547454834,1
3.7912495136260986,1
3.063612937927246,1
3.924881935119629,1
3.245011568069458,1
3.546276092529297,1
3.2572379112243652,1
3.462919235229492,1
3.8607730865478516,1
2.9943490028381348,1
3.433539867401123,1
3.696851968765259,1
2.6573948860168457,1
3.694899797439575,1
2.4018239974975586,1
2.6808791160583496,1
4.92335319519043,1
3.5956687927246094,1
3.464367389678955,1
3.1883416175842285,1
3.3949995040893555,1
3.373378038406372,1
3.4034533500671387,1
3.043823719024658,1
3.096445083618164,1
2.9400346279144287,1
2.8219194412231445,1
3.4231574535369873,1
3.673654317855835,1
3.026670217514038,1
3.744112014770508,1
3.5114450454711914,1
4.082215309143066,1
2.80087947845459,1
3.426257610321045,1
4.011125087738037,1
3.4014554023742676,1
2.968438148498535,1
3.1032280921936035,1
3.5463409423828125,1
3.810556173324585,1
4.140866756439209,1
4.133434295654297,1
3.952730655670166,1
3.8926451206207275,1
3.30279541015625,1
3.5258846282958984,1
4.29549503326416,1
3.277400016784668,1
4.477258682250977,1
3.5476491451263428,1
3.557527542114258,1
3.9398856163024902,1
4.131835460662842,1
4.321589946746826,1
5.150882720947266,1
4.757682800292969,1
4.044686317443848,1
3.317092180252075,1
3.717838764190674,1
3.589524269104004,1
4.437891006469727,1
3.551168918609619,1
3.4130802154541016,1
3.199005126953125,1
2.9579262733459473,1
3.5080018043518066,1
3.207984447479248,1
3.638977289199829,1
4.354244232177734,1
3.985398292541504,1
3.747251510620117,1
3.583682060241699,1
3.319540023803711,1
2.9923486709594727,1
3.1801466941833496,1
3.2865958213806152,1
3.2826128005981445,1
3.5936410427093506,1
3.100529909133911,1
3.1414642333984375,1
3.1978421211242676,1
3.4395289421081543,1
3.4673991203308105,1
4.0201215744018555,1
3.50555157661438,1
2.9948997497558594,1
3.8782312870025635,1
3.61895751953125,1
3.8726396560668945,1
3.8253867626190186,1
3.690232753753662,1
3.3649919033050537,1
3.422499418258667,1
3.507951259613037,1
3.1108622550964355,1
3.08785343170166,1
3.751293659210205,1
3.021867275238037,1
3.613508701324463,1
3.40787672996521,1
3.303584575653076,1
2.9990386962890625,1
3.3283371925354004,1
3.2958741188049316,1
4.120734691619873,1
3.5268454551696777,1
3.1602540016174316,1
3.1535613536834717,1
2.913997173309326,1
3.765317440032959,1
2.9571144580841064,1
3.6225273609161377,1
3.401792526245117,1
3.22188138961792,1
3.6510839462280273,1
3.58541202545166,1
2.899162769317627,1
3.620532512664795,1
3.997208833694458,1
3.6928746700286865,1
3.342486619949341,1
4.066483497619629,1
3.8089683055877686,1
3.108339786529541,1
2.77124285697937,1
3.136136293411255,1
3.3625924587249756,1
4.24660587310791,1
3.510132312774658,1
2.8194639682769775,1
3.0347275733947754,1
3.521368980407715,1
4.065996170043945,1
3.4850211143493652,1
3.836763620376587,1
4.0449604988098145,1
3.5400402545928955,1
3.4981765747070313,1
3.5543084144592285,1
3.7157766819000244,1
3.1485891342163086,1
2.7913317680358887,1
3.904123306274414,1
3.524860382080078,1
3.36613392829895,1
3.8524107933044434,1
4.234978675842285,1
3.704857587814331,1
3.6261067390441895,1
4.63621711730957,1
3.0657191276550293,1
3.301424026489258,1
3.586644172668457,1
3.576220989227295,1
3.293631076812744,1
3.119719982147217,1
3.353842258453369,1
3.653071641921997,1
4.165631294250488,1
3.841461658477783,1
3.2499828338623047,1
3.058182716369629,1
3.5578176975250244,1
3.0726828575134277,1
3.8464150428771973,1
3.831273078918457,1
3.2498691082000732,1
3.2526118755340576,1
3.2135496139526367,1
3.942111015319824,1
3.8524985313415527,1
3.521331787109375,1
3.020987033843994,1
3.7248306274414063,1
3.028247833251953,1
3.7301182746887207,1
3.9064178466796875,1
3.5433084964752197,1
2.905083656311035,1
3.41926908493042,1
3.527434825897217,1
4.54217529296875,1
3.220742702484131,1
3.2144036293029785,1
3.206057548522949,1
3.8619728088378906,1
2.6762373447418213,1
3.5578501224517822,1
3.754342794418335,1
3.5371100902557373,1
3.231062889099121,1
3.403054714202881,1
3.4010441303253174,1
3.734452724456787,1
4.117527961730957,1
3.2613134384155273,1
3.4370198249816895,1
4.676138877868652,1
4.200737953186035,1
3.362044334411621,1
3.8900914192199707,1
3.4069113731384277,1
3.0562903881073,1
3.5776381492614746,1
3.4582157135009766,1
3.9624998569488525,1
4.693324089050293,1
3.553518295288086,1
2.9726722240448,1
3.024679660797119,1
3.6352546215057373,1
3.753920078277588,1
3.8736484050750732,1
3.064271926879883,1
3.6965224742889404,1
2.9850292205810547,1
3.4115424156188965,1
3.3804216384887695,1
4.03698205947876,1
3.075106620788574,1
3.6423373222351074,1
3.443521022796631,1
3.2556064128875732,1
4.5551276206970215,1
3.214920997619629,1
4.102016925811768,1
3.219907283782959,1
3.590447187423706,1
2.8973395824432373,1
2.955500602722168,1
3.730534553527832,1
3.725385904312134,1
4.154914855957031,1
3.195019245147705,1
3.6500232219696045,1
3.166114568710327,1
3.2257027626037598,1
4.0999369621276855,1
3.2795462608337402,1
2.908993721008301,1
2.9229393005371094,1
3.428311347961426,1
3.3757991790771484,1
3.739414691925049,1
2.9630398750305176,1
3.5905604362487793,1
2.693631649017334,1
3.736565589904785,1
3.5754685401916504,1
2.9124836921691895,1
3.0509140491485596,1
2.7647252082824707,1
3.363156795501709,1
3.9930660724639893,1
3.7374229431152344,1
3.218790292739868,1
3.4112350940704346,1
4.50012731552124,1
6.339367389678955,1
3.534358501434326,1
3.563498020172119,1
2.8600564002990723,1
2.9397482872009277,1
3.0675864219665527,1
4.159918785095215,1
6.342657566070557,1
3.7602415084838867,1
3.434746503829956,1
3.8528084754943848,1
2.9744300842285156,1
3.1125590801239014,1
3.2961997985839844,1
3.3767809867858887,1
3.0106210708618164,1
3.785170793533325,1
3.852309465408325,1
4.083464622497559,1
3.409036636352539,1
3.274129629135132,1
3.5587456226348877,1
2.594545841217041,1
3.3910770416259766,1
2.73399019241333,1
3.333484411239624,1
4.3024420738220215,1
3.3340604305267334,1
2.9272308349609375,1
4.025313377380371,1
4.007089614868164,1
3.3313333988189697,1
3.391817569732666,1
3.039355516433716,1
2.9393930435180664,1
2.9845128059387207,1
3.44809627532959,1
3.4813504219055176,1
3.389911413192749,1
3.62566876411438,1
3.201720952987671,1
3.4161415100097656,1
2.699154853820801,1
3.5481204986572266,1
3.4200925827026367,1
3.760111093521118,1
3.0087814331054688,1
3.167320728302002,1
2.962611675262451,1
3.4187026023864746,1
2.9489312171936035,1
3.213963747024536,1
2.804384469985962,1
3.735940933227539,1
3.6867923736572266,1
3.2535738945007324,1
3.7981061935424805,1
3.579024076461792,1
4.532797813415527,1
5.053963661193848,1
3.657625436782837,1
6.435373783111572,1
3.2749829292297363,1
4.819899559020996,1
3.3974757194519043,1
3.356966972351074,1
2.9755544662475586,1
4.010346412658691,1
4.1484150886535645,1
3.5157346725463867,1
3.3300414085388184,1
3.5529654026031494,1
3.9178357124328613,1
3.6887707710266113,1
3.552004098892212,1
3.933330535888672,1
3.889096260070801,1
3.704482316970825,1
4.124314308166504,1
3.724275827407837,1
4.299877166748047,1
2.9135689735412598,1
3.180006742477417,1
3.8886404037475586,1
3.483599901199341,1
3.27559494972229,1
3.921078681945801,1
3.546186923980713,1
4.1663079261779785,1
4.325061798095703,1
3.5196011066436768,1
3.2339184284210205,1
3.8025684356689453,1
3.4706716537475586,1
3.375770092010498,1
3.4421181678771973,1
4.201196670532227,1
4.201151371002197,1
3.6335666179656982,1
3.628143310546875,1
3.0608363151550293,1
3.153229236602783,1
3.2380478382110596,1
4.167641639709473,1
3.7090272903442383,1
3.2060434818267822,1
3.352160692214966,1
3.2971553802490234,1
3.9735918045043945,1
3.0183868408203125,1
3.720573902130127,1
3.861647605895996,1
3.0675313472747803,1
3.5804104804992676,1
3.263639450073242,1
3.724769115447998,1
2.643472671508789,1
3.324368715286255,1
4.112349510192871,1
3.2463455200195313,1
3.4037978649139404,1
2.9822745323181152,1
3.270401954650879,1
3.005901575088501,1
2.7710983753204346,1
3.3196072578430176,1
3.4989936351776123,1
4.348108291625977,1
3.4110946655273438,1
3.9170398712158203,1
3.9979920387268066,1
3.5390005111694336,1
4.172484874725342,1
3.809555768966675,1
3.4840471744537354,1
3.0821189880371094,1
4.556673526763916,1
3.803942918777466,1
4.2568864822387695,1
3.5563693046569824,1
3.592844009399414,1
3.5933055877685547,1
3.3960235118865967,1
3.3744232654571533,1
4.280796051025391,1
2.975189685821533,1
3.6324667930603027,1
3.613966703414917,1
4.5994720458984375,1
5.290087699890137,1
3.4045748710632324,1
4.706125259399414,1
3.569901466369629,1
4.345439910888672,1
5.102753639221191,1
4.45030403137207,1
4.200206279754639,1
3.5356104373931885,1
3.2951040267944336,1
3.961470603942871,1
3.2674190998077393,1
7.305207252502441,1
5.0600786209106445,1
3.3347175121307373,1
4.143148422241211,1
3.6556191444396973,1
3.706818103790283,1
3.5257725715637207,1
4.491312026977539,1
4.171504020690918,1
3.555490732192993,1
4.738407135009766,1
3.8785572052001953,1
3.689814567565918,1
4.0099029541015625,1
3.0539073944091797,1
3.8451530933380127,1
3.6114444732666016,1
3.1118977069854736,1
2.8444879055023193,1
3.801694393157959,1
4.193066596984863,1
3.7008421421051025,1
3.0655946731567383,1
4.073764324188232,1
4.592441082000732,1
3.467533588409424,1
3.6019444465637207,1
4.743471145629883,1
4.561452388763428,1
3.5684218406677246,1
3.6235523223876953,1
3.928938388824463,1
3.320716142654419,1
3.6871938705444336,1
3.243349552154541,1
3.35585880279541,1
5.043826580047607,1
3.323563575744629,1
3.7965030670166016,1
3.0181846618652344,1
3.33986759185791,1
3.5243215560913086,1
3.375938892364502,1
3.980409622192383,1
3.6768269538879395,1
2.7889599800109863,1
3.803931474685669,1
3.852243423461914,1
3.7884058952331543,1
3.3711471557617188,1
3.3134400844573975,1
3.691946029663086,1
2.931565284729004,1
3.2618355751037598,1
3.7016215324401855,1
3.261603593826294,1
3.9634594917297363,1
2.7724111080169678,1
3.030219554901123,1
3.905226945877075,1
3.338613510131836,1
2.9428281784057617,1
4.231095790863037,1
5.125457286834717,1
3.3362317085266113,1
3.2204341888427734,1
3.3529272079467773,1
3.4572057723999023,1
3.7419424057006836,1
3.2631139755249023,1
3.168879985809326,1
3.324244499206543,1
3.463533639907837,1
3.118626117706299,1
3.417574405670166,1
3.6350502967834473,1
3.802672863006592,1
3.074594259262085,1
3.6923890113830566,1
3.3998255729675293,1
3.610861301422119,1
4.901116371154785,1
3.286417007446289,1
3.171318531036377,1
3.2036638259887695,1
4.428448677062988,1
4.9525275230407715,1
3.173117160797119,1
4.431524753570557,1
2.9996562004089355,1
3.410717248916626,1
3.145583152770996,1
3.213379383087158,1
3.6869235038757324,1
3.5920639038085938,1
3.1582956314086914,1
3.4155924320220947,1
3.7273528575897217,1
2.5890445709228516,1
3.277660369873047,1
3.469358444213867,1
3.267495632171631,1
3.573071241378784,1
2.9758448600769043,1
3.36312198638916,1
4.003432273864746,1
3.646634101867676,1
3.0114288330078125,1
3.407975673675537,1
3.80928897857666,1
3.3948020935058594,1
3.1953742504119873,1
3.6115989685058594,1
3.1554102897644043,1
3.515765905380249,1
2.92800235748291,1
3.1629598140716553,1
3.3709237575531006,1
3.15203857421875,1
2.6960034370422363,1
2.9594273567199707,1
3.193685531616211,1
4.261003494262695,1
3.6858067512512207,1
3.5227572917938232,1
2.9979729652404785,1
3.6291205883026123,1
3.2507762908935547,1
3.105802059173584,1
3.315798759460449,1
3.3247952461242676,1
3.86788010597229,1
3.8415427207946777,1
4.236905097961426,1
3.2744803428649902,1
3.4091386795043945,1
4.003840446472168,1
3.4397592544555664,1
4.171992778778076,1
3.3232243061065674,1
3.529355525970459,1
4.146957874298096,1
3.749453067779541,1
4.72596549987793,1
3.542602062225342,1
3.3851513862609863,1
3.1465516090393066,1
4.461506366729736,1
5.972356796264648,1
3.907472848892212,1
9.07170295715332,1
3.2692112922668457,1
4.021061897277832,1
3.5637075901031494,1
3.0835418701171875,1
5.3745832443237305,1
3.413856029510498,1
2.9004836082458496,1
3.2475948333740234,1
3.93292236328125,1
3.677422523498535,1
3.4102783203125,1
3.3535165786743164,1
3.425800323486328,1
3.283269166946411,1
3.977466106414795,1
3.464073896408081,1
2.5435080528259277,1
3.184457778930664,1
4.044450759887695,1
3.2435097694396973,1
2.900977611541748,1
3.2963387966156006,1
3.344701051712036,1
3.6660423278808594,1
3.8100826740264893,1
2.8450608253479004,1
4.2337141036987305,1
3.3532190322875977,1
3.8039255142211914,1
4.199711799621582,1
2.848684549331665,1
4.336833953857422,1
4.131562232971191,1
3.63517427444458,1
3.558077573776245,1
3.4322595596313477,1
3.391597032546997,1
4.090851306915283,1
3.954819917678833,1
3.417083978652954,1
3.1840901374816895,1
3.569643497467041,1
3.800680637359619,1
2.940596342086792,1
3.181694984436035,1
2.9323530197143555,1
3.3804001808166504,1
3.3137574195861816,1
3.28885555267334,1
3.2016618251800537,1
2.8923110961914063,1
3.2121148109436035,1
2.8993444442749023,1
3.691232442855835,1
3.346440553665161,1
4.100480556488037,1
3.808518886566162,1
3.7049641609191895,1
3.0561609268188477,1
3.1437935829162598,1
3.2654995918273926,1
3.2361483573913574,1
2.746751546859741,1
3.0499348640441895,1
3.254790782928467,1
3.7292423248291016,1
3.2890446186065674,1
2.555776834487915,1
5.453232765197754,1
3.9373037815093994,1
2.8443918228149414,1
3.0284228324890137,1
3.6565487384796143,1
3.997370481491089,1
3.4072680473327637,1
3.1398069858551025,1
3.208146333694458,1
3.5273914337158203,1
3.0780324935913086,1
3.662924289703369,1
3.832736015319824,1
3.1497912406921387,1
2.866661548614502,1
3.54736328125,1
4.385929107666016,1
3.9969429969787598,1
4.38740348815918,1
2.9461798667907715,1
3.677096366882324,1
3.5657639503479004,1
5.125019073486328,1
4.254573822021484,1
4.674135684967041,1
4.666443824768066,1
4.020137310028076,1
4.764264106750488,1
5.857068061828613,1
4.0109171867370605,1
5.549173355102539,1
3.95786714553833,1
3.7375872135162354,1
4.085132598876953,1
4.814700126647949,1
3.8956477642059326,1
4.486996650695801,1
4.0547051429748535,1
4.154984474182129,1
3.5190811157226563,1
3.2634077072143555,1
4.240973949432373,1
3.2833824157714844,1
3.858572483062744,1
3.2401528358459473,1
3.3429224491119385,1
3.505187511444092,1
3.3692173957824707,1
3.0347230434417725,1
3.5310158729553223,1
3.4168591499328613,1
3.7781808376312256,1
4.977915287017822,1
3.7730612754821777,1
3.5414483547210693,1
3.398740291595459,1
4.36356258392334,1
3.2786624431610107,1
3.3568837642669678,1
3.451632261276245,1
3.5947866439819336,1
3.774691104888916,1
3.110724687576294,1
3.9341278076171875,1
2.585585832595825,1
3.1690847873687744,1
2.9677679538726807,1
2.807150363922119,1
3.781139373779297,1
3.4793307781219482,1
4.5428595542907715,1
2.7299914360046387,1
3.0372161865234375,1
3.34419584274292,1
3.9170267581939697,1
3.0191125869750977,1
2.8790013790130615,1
3.7876791954040527,1
3.2906241416931152,1
2.837921380996704,1
3.0059266090393066,1
3.4112837314605713,1
2.9776997566223145,1
2.4531936645507813,1
3.3781533241271973,1
2.8128881454467773,1
3.6884589195251465,1
3.7452845573425293,1
3.254911422729492,1
3.043886184692383,1
2.788069248199463,1
3.0104002952575684,1
3.0078306198120117,1
3.432065486907959,1
2.8834919929504395,1
3.273397922515869,1
3.4799840450286865,1
3.2427525520324707,1
2.3540961742401123,1
2.400508403778076,1
3.668207883834839,1
3.7739710807800293,1
3.9139394760131836,1
4.51078462600708,1
3.620715618133545,1
3.005725383758545,1
3.2244882583618164,1
4.1226654052734375,1
3.8240625858306885,1
3.391371250152588,1
2.7432126998901367,1
3.401355266571045,1
3.6105780601501465,1
3.168390989303589,1
3.6546099185943604,1
3.114596366882324,1
2.686098575592041,1
3.638396739959717,1
3.502183198928833,1
3.088459014892578,1
3.568250894546509,1
2.930128574371338,1
4.242827415466309,1
4.092086315155029,1
4.5535454750061035,1
5.925703048706055,1
4.71077823638916,1
4.203405380249023,1
3.6840901374816895,1
3.1007323265075684,1
4.908389568328857,1
4.324007987976074,1
4.894057750701904,1
3.968574047088623,1
3.4720921516418457,1
3.4103119373321533,1
2.869413137435913,1
3.857205390930176,1
4.011534690856934,1
4.534108638763428,1
4.766239643096924,1
3.6442248821258545,1
3.4013257026672363,1
3.7273964881896973,1
2.711550235748291,1
3.7968974113464355,1
3.5715556144714355,1
2.8638241291046143,1
3.1204781532287598,1
4.161866664886475,1
2.8342490196228027,1
2.50156307220459,1
3.42122745513916,1
2.891714572906494,1
3.531698226928711,1
3.467744827270508,1
3.0378081798553467,1
3.6632914543151855,1
3.0877530574798584,1
2.9202303886413574,1
3.470457077026367,1
3.0825300216674805,1
3.4559831619262695,1
3.715094566345215,1
3.1953041553497314,1
3.082916259765625,1
4.392783164978027,1
3.5156912803649902,1
2.644782066345215,1
3.5840775966644287,1
3.3572354316711426,1
4.271753311157227,1
4.006648063659668,1
3.019345760345459,1
3.003587245941162,1
2.991931438446045,1
2.9508090019226074,1
3.568241834640503,1
3.3481051921844482,1
3.4259276390075684,1
3.641970157623291,1
4.697581768035889,1
3.539210796356201,1
2.717557668685913,1
3.445411443710327,1
2.6200108528137207,1
4.123936653137207,1
3.684832811355591,1
3.3317761421203613,1
4.074052810668945,1
3.547184467315674,1
3.047842502593994,1
2.8951609134674072,1
3.3558895587921143,1
2.6825146675109863,1
3.3717432022094727,1
3.421066999435425,1
3.8619720935821533,1
3.0323739051818848,1
3.527677297592163,1
3.761164903640747,1
3.5696768760681152,1
2.989046096801758,1
3.7689051628112793,1
3.240037441253662,1
3.6826961040496826,1
4.119683265686035,1
3.5683646202087402,1
3.232592821121216,1
4.451516628265381,1
2.88786244392395,1
4.020909309387207,1
3.155412435531616,1
3.461979866027832,1
3.201840877532959,1
3.5454726219177246,1
3.6441617012023926,1
3.47904634475708,1
4.1500983238220215,1
3.72697114944458,1
2.9389257431030273,1
3.7866382598876953,1
3.4391303062438965,1
3.101543426513672,1
3.4771971702575684,1
3.125880479812622,1
4.100872993469238,1
3.209859609603882,1
3.6788527965545654,1
3.1341676712036133,1
2.778731107711792,1
2.934978485107422,1
3.864049196243286,1
4.129340171813965,1
3.6417407989501953,1
3.574803590774536,1
3.0067827701568604,1
3.6697890758514404,1
3.713076114654541,1
3.899813175201416,1
4.227152347564697,1
3.2303876876831055,1
3.9279162883758545,1
3.5011656284332275,1
4.003028869628906,1
4.14778995513916,1
4.97487735748291,1
4.894779205322266,1
3.311168670654297,1
3.766805648803711,1
3.3793020248413086,1
3.7267730236053467,1
4.397365570068359,1
2.9009780883789063,1
3.377455472946167,1
3.672278642654419,1
3.1831016540527344,1
3.290968418121338,1
3.4261181354522705,1
3.820117235183716,1
3.9271199703216553,1
5.074291229248047,1
2.370695114135742,1
3.3997058868408203,1
3.7666945457458496,1
2.9420547485351563,1
2.815669298171997,1
3.0486199855804443,1
2.75984787940979,1
4.186216354370117,1
3.059420585632324,1
4.092226982116699,1
2.8428783416748047,1
3.0508251190185547,1
3.4716553688049316,1
3.7709786891937256,1
3.347353219985962,1
3.148029088973999,1
3.9289820194244385,1
4.462679862976074,1
3.2947492599487305,1
3.3221797943115234,1
4.046761512756348,1
3.9210734367370605,1
3.411820888519287,1
3.338115692138672,1
3.1998796463012695,1
3.844369411468506,1
3.197770833969116,1
3.7052159309387207,1
2.756338119506836,1
2.981055736541748,1
3.242842674255371,1
3.5179295539855957,1
3.038677215576172,1
3.4582719802856445,1
3.048841953277588,1
2.7805614471435547,1
3.4292562007904053,1
3.2003748416900635,1
3.3029537200927734,1
3.5228617191314697,1
2.337477684020996,1
3.722919464111328,1
3.739563465118408,1
3.079648971557617,1
3.126535654067993,1
3.621744394302368,1
3.6353554725646973,1
3.283994197845459,1
3.629202127456665,1
3.440568447113037,1
3.4742016792297363,1
3.657883644104004,1
2.598264217376709,1
3.456042766571045,1
2.535621404647827,1
3.5257210731506348,1
2.855943441390991,1
2.969022035598755,1
3.0463695526123047,1
4.001230239868164,1
3.3103532791137695,1
3.51151704788208,1
2.977510929107666,1
2.9382848739624023,1
3.4702444076538086,1
2.8317110538482666,1
3.2488951683044434,1
2.822535753250122,1
2.5731751918792725,1
2.9228265285491943,1
2.4629571437835693,1
4.201333045959473,1
2.878450632095337,1
2.4977190494537354,1
3.7174887657165527,1
3.1312508583068848,1
2.55035662651062,1
3.327392816543579,1
3.433290481567383,1
2.496947765350342,1
3.3848912715911865,1
3.9025003910064697,1
2.988690137863159,1
3.494925022125244,1
2.7807960510253906,1
3.1619439125061035,1
3.2979683876037598,1
3.653656244277954,1
3.044070243835449,1
2.685572385787964,1
3.4437246322631836,1
3.204387903213501,1
2.731475830078125,1
3.9595673084259033,1
2.913911819458008,1
3.6021006107330322,1
3.0249922275543213,1
3.587015151977539,1
3.9588162899017334,1
3.32607364654541,1
3.68050217628479,1
3.5417137145996094,1
4.025491714477539,1
4.27401876449585,1
4.165701866149902,1
3.90718674659729,1
3.989229679107666,1
3.480170726776123,1
3.5267481803894043,1
4.213277816772461,1
3.8307881355285645,1
3.9880099296569824,1
3.1901535987854004,1
3.478226661682129,1
3.701040267944336,1
3.231738567352295,1
3.4103550910949707,1
3.560285806655884,1
3.0876874923706055,1
3.20681095123291,1
3.716590166091919,1
3.812542676925659,1
3.3788342475891113,1
3.9418115615844727,1
3.753201961517334,1
3.693857431411743,1
4.015514850616455,1
3.5977847576141357,1
3.619171380996704,1
3.675248146057129,1
3.725839614868164,1
3.1874020099639893,1
2.6747095584869385,1
3.0170087814331055,1
4.513633728027344,1
3.4902782440185547,1
3.118870496749878,1
3.344611406326294,1
3.9994988441467285,1
4.485045433044434,1
4.345058441162109,1
3.261589527130127,1
2.8193278312683105,1
3.625688076019287,1
3.86393666267395,1
3.8337717056274414,1
3.6858673095703125,1
3.689445972442627,1
2.72067928314209,1
2.90138578414917,1
2.665837049484253,1
2.9508578777313232,1
2.994272232055664,1
2.8181653022766113,1
3.112567901611328,1
3.0185117721557617,1
3.3051135540008545,1
3.376730442047119,1
3.2117228507995605,1
3.6000423431396484,1
3.054537534713745,1
3.1626663208007813,1
3.5548739433288574,1
3.287952423095703,1
4.455194473266602,1
3.3900160789489746,1
2.8937134742736816,1
3.6180953979492188,1
3.6017284393310547,1
3.229572296142578,1
2.9147744178771973,1
3.1450254917144775,1
2.853602409362793,1
3.069382667541504,1
3.5550498962402344,1
2.9476318359375,1
2.34259033203125,1
3.4643828868865967,1
3.0569050312042236,1
3.5513405799865723,1
2.8279974460601807,1
3.3912994861602783,1
4.376683235168457,1
3.2270803451538086,1
3.642835855484009,1
2.884733200073242,1
3.0294909477233887,1
3.729233741760254,1
3.7955470085144043,1
3.64542818069458,1
3.79256010055542,1
4.060550689697266,1
3.646365165710449,1
2.81762957572937,1
3.909536600112915,1
4.866473197937012,1
4.112925052642822,1
3.5777158737182617,1
3.3144378662109375,1
3.6185803413391113,1
3.5897610187530518,1
3.101593494415283,1
3.073141098022461,1
3.674851655960083,1
2.3691043853759766,1
2.739917755126953,1
3.0735416412353516,1
2.6521620750427246,1
3.988685131072998,1
3.289994716644287,1
4.081852436065674,1
3.572111129760742,1
3.5681095123291016,1
2.9060091972351074,1
4.201076030731201,1
3.3837008476257324,1
2.8450546264648438,1
5.373098373413086,1
3.3748223781585693,1
3.1154351234436035,1
3.2811615467071533,1
3.3810200691223145,1
3.7830452919006348,1
3.9688706398010254,1
3.6402838230133057,1
3.0716910362243652,1
3.802433967590332,1
3.5028529167175293,1
3.256974220275879,1
3.2440192699432373,1
3.207693099975586,1
3.039259910583496,1
3.8356692790985107,1
3.6605968475341797,1
4.322501182556152,1
2.8699703216552734,1
2.905808925628662,1
3.0848231315612793,1
3.8017022609710693,1
3.601408004760742,1
3.67500638961792,1
3.862679958343506,1
3.2009992599487305,1
3.3660144805908203,1
3.410581588745117,1
2.961789846420288,1
3.222417116165161,1
3.5586633682250977,1
2.9999992847442627,1
3.0692219734191895,1
3.467186450958252,1
3.077151298522949,1
2.7825701236724854,1
3.4426565170288086,1
2.7309718132019043,1
2.881270170211792,1
2.896422863006592,1
2.8756890296936035,1
3.1054251194000244,1
3.0538229942321777,1
2.4748339653015137,1
3.1911678314208984,1
2.9938292503356934,1
3.580840587615967,1
3.1302647590637207,1
3.286506175994873,1
2.5747010707855225,1
2.5707221031188965,1
3.043818473815918,1
4.0317583084106445,1
3.3330886363983154,1
3.6315689086914063,1
3.5703330039978027,1
3.0045995712280273,1
2.9021835327148438,1
2.818694829940796,1
4.272653579711914,1
2.8444290161132813,1
3.2673773765563965,1
2.9845261573791504,1
3.826030731201172,1
2.9383492469787598,1
3.9618568420410156,1
2.7199082374572754,1
3.535935401916504,1
3.3076629638671875,1
3.0030622482299805,1
3.42765474319458,1
2.595017194747925,1
4.397408485412598,1
3.502291202545166,1
3.967115879058838,1
3.1122260093688965,1
3.7536556720733643,1
4.571708679199219,1
3.078345775604248,1
3.3139166831970215,1
3.117898464202881,1
2.962111473083496,1
3.901212453842163,1
3.865201234817505,1
4.062886714935303,1
3.1764190196990967,1
4.142379283905029,1
2.50494647026062,1
3.54380202293396,1
3.700779914855957,1
4.429163932800293,1
4.094568729400635,1
4.47442626953125,1
3.128997802734375,1
2.8628478050231934,1
3.4541454315185547,1
3.91579532623291,1
3.810502767562866,1
3.8876936435699463,1
3.120934009552002,1
4.8828325271606445,1
2.954026699066162,1
3.8399410247802734,1
3.4841206073760986,1
3.8387985229492188,1
3.6798791885375977,1
3.313538074493408,1
3.293325185775757,1
3.1427786350250244,1
3.1962239742279053,1
3.0179495811462402,1
3.5244436264038086,1
3.462522029876709,1
2.897620677947998,1
3.07877779006958,1
3.0280330181121826,1
3.3209986686706543,1
4.143899917602539,1
3.1932032108306885,1
3.278486967086792,1
3.203672409057617,1
2.847710132598877,1
3.200887680053711,1
3.4114320278167725,1
3.2575438022613525,1
3.2721214294433594,1
2.9717884063720703,1
2.900825023651123,1
3.530061721801758,1
3.458137035369873,1
3.531385898590088,1
3.30072021484375,1
2.9974470138549805,1
3.128887891769409,1
2.7781519889831543,1
3.1754283905029297,1
3.025028705596924,1
3.1616787910461426,1
3.519595146179199,1
4.347589015960693,1
3.9126975536346436,1
3.337979793548584,1
4.225939750671387,1
3.7158517837524414,1
3.7096667289733887,1
3.268559455871582,1
3.402965545654297,1
3.5638935565948486,1
3.6977837085723877,1
3.8610472679138184,1
4.166054725646973,1
3.5858423709869385,1
3.68192195892334,1
3.0266053676605225,1
2.611020088195801,1
3.2639317512512207,1
3.311751365661621,1
2.941114664077759,1
4.285755157470703,1
3.260316848754883,1
4.080531597137451,1
3.1853294372558594,1
3.3412375450134277,1
3.1914734840393066,1
3.3835625648498535,1
3.6626205444335938,1
2.586031198501587,1
2.7843880653381348,1
2.3122341632843018,1
2.6734495162963867,1
2.885068893432617,1
3.0745320320129395,1
3.674711227416992,1
3.2527828216552734,1
2.886709213256836,1
3.1002750396728516,1
2.8928637504577637,1
2.7969024181365967,1
3.8162007331848145,1
2.7337069511413574,1
4.150148391723633,1
3.3474254608154297,1
3.062502861022949,1
2.975896120071411,1
3.7481167316436768,1
2.8495473861694336,1
3.246976137161255,1
3.183676242828369,1
3.3567402362823486,1
3.447859764099121,1
3.2586169242858887,1
3.1969802379608154,1
3.8971047401428223,1
3.7988064289093018,1
3.916548728942871,1
3.1482434272766113,1
4.044342041015625,1
3.2740392684936523,1
3.516261577606201,1
3.425567150115967,1
3.7310237884521484,1
3.819990873336792,1
3.507582664489746,1
3.2881815433502197,1
3.923145294189453,1
3.0813560485839844,1
3.1536865234375,1
3.2886462211608887,1
3.6266584396362305,1
3.503721237182617,1
3.4991326332092285,1
3.62729549407959,1
2.6438331604003906,1
2.67803955078125,1
3.601846694946289,1
2.8418264389038086,1
3.215102434158325,1
3.2508232593536377,1
3.302316427230835,1
3.079479932785034,1
3.2604777812957764,1
2.993952512741089,1
2.4553916454315186,1
3.340568780899048,1
3.7649567127227783,1
4.013083457946777,1
2.95286226272583,1
4.228189468383789,1
3.239762783050537,1
3.5974478721618652,1
4.1218109130859375,1
3.548287868499756,1
3.9167940616607666,1
3.7833056449890137,1
3.146873712539673,1
3.048238754272461,1
3.6392197608947754,1
4.624128341674805,1
3.64546537399292,1
3.5333213806152344,1
2.992208242416382,1
3.554835319519043,1
3.4744749069213867,1
2.916585922241211,1
3.899786949157715,1
3.419616222381592,1
3.337113380432129,1
3.198179244995117,1
3.0094211101531982,1
3.153735637664795,1
3.129244327545166,1
3.4476637840270996,1
2.7857117652893066,1
4.102461338043213,1
3.8251562118530273,1
2.7684030532836914,1
3.2778584957122803,1
3.4624552726745605,1
3.0953850746154785,1
3.7285733222961426,1
3.5655040740966797,1
3.8109073638916016,1
3.223167896270752,1
3.6925048828125,1
3.6505961418151855,1
4.208932876586914,1
3.5570626258850098,1
2.9417366981506348,1
3.7973430156707764,1
3.3037960529327393,1
3.6063148975372314,1
3.498415470123291,1
4.462904453277588,1
5.369350910186768,1
3.884321689605713,1
3.2069218158721924,1
2.973520040512085,1
3.606661319732666,1
3.4202420711517334,1
2.5803346633911133,1
3.66226863861084,1
3.232985496520996,1
3.7588629722595215,1
3.577455997467041,1
3.4863510131835938,1
2.6080212593078613,1
2.8917064666748047,1
3.2863378524780273,1
3.1670494079589844,1
3.4745354652404785,1
3.340564250946045,1
2.756134510040283,1
3.4660916328430176,1
3.2771975994110107,1
3.7972569465637207,1
3.4167275428771973,1
3.1855647563934326,1
3.420252799987793,1
3.0510292053222656,1
2.8689022064208984,1
3.3001656532287598,1
4.283440589904785,1
3.651736259460449,1
3.19975209236145,1
4.045916557312012,1
3.0814785957336426,1
2.9252116680145264,1
3.7748985290527344,1
3.575657606124878,1
3.1174826622009277,1
3.0562782287597656,1
3.189297676086426,1
2.9493203163146973,1
2.85540771484375,1
3.372114658355713,1
3.763200283050537,1
2.8367044925689697,1
2.824596405029297,1
3.303497314453125,1
3.2211313247680664,1
3.4578330516815186,1
2.9318361282348633,1
3.1303372383117676,1
3.6699938774108887,1
3.1307501792907715,1
4.052374839782715,1
3.1815860271453857,1
4.154148101806641,1
3.8256843090057373,1
3.0895369052886963,1
2.877666473388672,1
3.096672296524048,1
3.3825523853302,1
3.7634215354919434,1
2.8969712257385254,1
2.9131603240966797,1
3.3810064792633057,1
3.001490831375122,1
2.5942845344543457,1
4.00636100769043,1
3.967125654220581,1
3.116863250732422,1
2.8583598136901855,1
2.9891915321350098,1
2.96452260017395,1
4.09655237197876,1
4.281442165374756,1
3.6872668266296387,1
3.6754021644592285,1
3.6667847633361816,1
3.724313497543335,1
3.5860066413879395,1
3.629582643508911,1
2.9877638816833496,1
3.683784008026123,1
3.9393768310546875,1
3.5894837379455566,1
3.376248359680176,1
2.904458522796631,1
3.841783046722412,1
3.050623893737793,1
4.2502546310424805,1
4.186282157897949,1
3.7727737426757813,1
4.035359859466553,1
3.1934380531311035,1
3.859539747238159,1
2.5273356437683105,1
3.848020076751709,1
3.4542150497436523,1
4.0721588134765625,1
2.6975865364074707,1
3.417900562286377,1
3.117431163787842,1
2.7631382942199707,1
3.086940288543701,1
3.743187665939331,1
3.88283634185791,1
3.4258015155792236,1
3.6852524280548096,1
4.237147331237793,1
3.4623303413391113,1
3.2599568367004395,1
3.2324438095092773,1
3.216330051422119,1
4.429233551025391,1
3.6065380573272705,1
3.227590799331665,1
3.3886163234710693,1
2.9988927841186523,1
2.924194812774658,1
3.297123432159424,1
3.2975313663482666,1
3.5180366039276123,1
5.046147346496582,1
3.7968430519104004,1
3.551757335662842,1
3.8879358768463135,1
3.3736801147460938,1
3.673813819885254,1
3.6551320552825928,1
3.2669014930725098,1
3.1523666381835938,1
3.458286762237549,1
3.020984172821045,1
2.4353420734405518,1
3.347419023513794,1
3.7644896507263184,1
3.375345230102539,1
3.1648411750793457,1
3.267866611480713,1
3.371494770050049,1
3.191110134124756,1
4.129583835601807,1
2.984497547149658,1
3.8498480319976807,1
3.8456079959869385,1
3.1894173622131348,1
3.4008264541625977,1
3.689988136291504,1
3.3682827949523926,1
2.6663432121276855,1
2.8928656578063965,1
3.9860317707061768,1
4.029656887054443,1
2.743278980255127,1
3.7610411643981934,1
3.4527316093444824,1
3.4430174827575684,1
3.3373632431030273,1
2.844496726989746,1
3.0075149536132813,1
4.308852672576904,1
3.9859323501586914,1
3.260756492614746,1
3.9732587337493896,1
3.0685837268829346,1
2.92862606048584,1
2.8930978775024414,1
3.660571575164795,1
3.5199949741363525,1
2.953770637512207,1
3.6123600006103516,1
2.982964515686035,1
3.2069876194000244,1
2.961413860321045,1
3.5027074813842773,1
3.3967809677124023,1
2.771005630493164,1
4.04937744140625,1
3.4009218215942383,1
2.9228508472442627,1
3.8862805366516113,1
2.8271570205688477,1
3.2166748046875,1
3.876246929168701,1
3.8839142322540283,1
3.9681015014648438,1
3.162787437438965,1
3.7629308700561523,1
3.910109519958496,1
4.212904930114746,1
4.888923168182373,1
3.651254892349243,1
3.8158581256866455,1
3.409747838973999,1
3.5370900630950928,1
3.667881965637207,1
3.341916084289551,1
3.5584120750427246,1
3.710404872894287,1
3.679232597351074,1
3.0247907638549805,1
3.0118961334228516,1
3.634101390838623,1
3.3213772773742676,1
3.1125526428222656,1
2.989478588104248,1
3.603078842163086,1
3.1594483852386475,1
3.1287779808044434,1
3.6204349994659424,1
3.6165735721588135,1
2.9319257736206055,1
4.278989315032959,1
3.2123098373413086,1
3.0355587005615234,1
3.10667085647583,1
3.196348190307617,1
3.253699779510498,1
3.566418170928955,1
3.476306676864624,1
4.033469200134277,1
3.1300406455993652,1
3.0096659660339355,1
3.0612235069274902,1
3.2298741340637207,1
3.009807586669922,1
3.218756675720215,1
2.974526882171631,1
3.1990017890930176,1
2.673090934753418,1
3.165234088897705,1
3.4989585876464844,1
3.5124542713165283,1
2.9554648399353027,1
4.127082824707031,1
2.8884098529815674,1
3.6378769874572754,1
4.268063545227051,1
3.0119502544403076,1
3.3653931617736816,1
3.3800289630889893,1
4.216817855834961,1
3.855525016784668,1
3.9552974700927734,1
4.238619804382324,1
4.272580146789551,1
4.396984100341797,1
3.600466012954712,1
3.967895746231079,1
4.307309150695801,1
4.091284275054932,1
3.8404109477996826,1
4.755623817443848,1
3.7506752014160156,1
3.1783649921417236,1
3.4118123054504395,1
3.185955762863159,1
4.278000831604004,1
3.0480265617370605,1
4.2854156494140625,1
3.4004452228546143,1
4.700611114501953,1
3.4419777393341064,1
3.491889238357544,1
3.152132511138916,1
3.122344970703125,1
3.7758615016937256,1
3.6144378185272217,1
3.4234540462493896,1
3.4262447357177734,1
3.1770801544189453,1
3.193276882171631,1
3.7829065322875977,1
3.384894847869873,1
3.0017213821411133,1
3.274519443511963,1
2.6773810386657715,1
3.4190292358398438,1
3.121567726135254,1
3.7256391048431396,1
3.189638376235962,1
4.578718185424805,1
3.1645538806915283,1
3.799777030944824,1
3.228686571121216,1
3.17287278175354,1
4.1736226081848145,1
4.414323329925537,1
4.1100993156433105,1
4.089866638183594,1
4.830408096313477,1
4.06287145614624,1
3.7613816261291504,1
5.5823893547058105,1
5.162942409515381,1
5.0859527587890625,1
4.862712860107422,1
4.024158000946045,1
3.384443759918213,1
4.17155647277832,1
3.3512332439422607,1
4.52843713760376,1
5.388044357299805,1
4.541741371154785,1
3.849156379699707,1
4.156911849975586,1
4.180328369140625,1
3.775895833969116,1
3.670964241027832,1
4.717738151550293,1
3.889805793762207,1
4.395097732543945,1
3.6408302783966064,1
2.9905600547790527,1
3.5348877906799316,1
4.599403381347656,1
3.077521800994873,1
3.3641810417175293,1
3.192643404006958,1
2.8187036514282227,1
2.555164337158203,1
3.132009983062744,1
3.2264702320098877,1
3.6980366706848145,1
3.442133903503418,1
3.1658432483673096,1
2.9919557571411133,1
2.840630054473877,1
3.589230537414551,1
4.297990798950195,1
2.843681812286377,1
3.506023406982422,1
3.533364772796631,1
2.9913644790649414,1
3.125192642211914,1
3.3838553428649902,1
3.2024505138397217,1
3.0112695693969727,1
4.335782527923584,1
3.0973103046417236,1
3.0555639266967773,1
4.311675548553467,1
3.1006641387939453,1
3.4461822509765625,1
3.850431442260742,1
3.342318534851074,1
3.0192222595214844,1
3.617471933364868,1
2.9686295986175537,1
2.982193946838379,1
4.127758026123047,1
2.8716378211975098,1
3.8879098892211914,1
3.2794265747070313,1
3.54551362991333,1
3.181027889251709,1
3.4740591049194336,1
3.4191997051239014,1
3.348905563354492,1
3.3809967041015625,1
2.9839789867401123,1
3.463538646697998,1
3.0791780948638916,1
3.6630382537841797,1
3.4678449630737305,1
2.986110210418701,1
3.4504384994506836,1
3.8255467414855957,1
3.601109027862549,1
3.2112553119659424,1
3.9487855434417725,1
3.2303032875061035,1
4.125861644744873,1
3.147486686706543,1
2.7677927017211914,1
3.534175395965576,1
2.881847620010376,1
3.487741708755493,1
2.505962371826172,1
2.9241831302642822,1
3.120988607406616,1
3.5269532203674316,1
3.3047966957092285,1
3.4270212650299072,1
3.270209789276123,1
3.734950542449951,1
4.3171796798706055,1
3.428273916244507,1
3.3138208389282227,1
4.160638809204102,1
3.377383232116699,1
3.083709955215454,1
3.1345577239990234,1
2.6986794471740723,1
4.07845401763916,1
3.653151512145996,1
3.5347115993499756,1
3.6551334857940674,1
3.922685384750366,1
4.051981449127197,1
3.461754083633423,1
2.878690719604492,1
3.4447193145751953,1
3.566877841949463,1
2.715914249420166,1
2.503899097442627,1
4.004533767700195,1
3.310190200805664,1
2.988076686859131,1
3.367412567138672,1
2.7709598541259766,1
3.440276861190796,1
3.0425448417663574,1
3.340761423110962,1
3.1748650074005127,1
3.2994704246520996,1
3.649982452392578,1
2.780186653137207,1
3.3343100547790527,1
3.7379603385925293,1
3.8797342777252197,1
3.3523616790771484,1
3.206460475921631,1
2.7765984535217285,1
2.9376308917999268,1
2.9478940963745117,1
2.8386359214782715,1
3.3329074382781982,1
3.3954901695251465,1
2.628847599029541,1
3.5616626739501953,1
3.980794906616211,1
3.3601574897766113,1
3.0885679721832275,1
3.0106754302978516,1
3.4499239921569824,1
2.605196237564087,1
2.9856767654418945,1
2.7019646167755127,1
3.188213586807251,1
2.9734058380126953,1
3.257761240005493,1
3.043972969055176,1
3.633563995361328,1
3.5246148109436035,1
3.1269779205322266,1
3.354330062866211,1
3.6079213619232178,1
3.9127438068389893,1
3.36971116065979,1
3.5990304946899414,1
4.0273051261901855,1
3.6432719230651855,1
3.815725088119507,1
2.899080991744995,1
3.125983476638794,1
3.8065600395202637,1
3.505310535430908,1
3.30417537689209,1
3.005044937133789,1
3.3482794761657715,1
3.281740188598633,1
3.0695812702178955,1
2.9199039936065674,1
3.2692604064941406,1
3.539323329925537,1
3.893282175064087,1
3.307060718536377,1
2.8058645725250244,1
3.751478672027588,1
3.531205177307129,1
4.178913116455078,1
2.9037721157073975,1
3.423272132873535,1
3.238247871398926,1
3.091151714324951,1
2.6253223419189453,1
3.0687642097473145,1
3.340114116668701,1
2.482752561569214,1
2.7184624671936035,1
4.016483306884766,1
3.1927523612976074,1
4.075604438781738,1
4.191208839416504,1
3.1757092475891113,1
3.1228060722351074,1
3.7098309993743896,1
3.079773426055908,1
3.049234628677368,1
3.3358347415924072,1
3.094301223754883,1
3.1767044067382813,1
3.013840436935425,1
3.283172607421875,1
3.2856976985931396,1
3.0462217330932617,1
4.132680416107178,1
3.4855241775512695,1
2.9993770122528076,1
2.830894947052002,1
3.030557632446289,1
3.8049957752227783,1
3.810171604156494,1
3.6292035579681396,1
3.183384895324707,1
2.992647647857666,1
3.5780036449432373,1
3.463989734649658,1
3.8421144485473633,1
3.4278435707092285,1
3.844874143600464,1
3.427569627761841,1
3.8268823623657227,1
3.037888526916504,1
3.218459367752075,1
3.5061941146850586,1
2.867443561553955,1
2.7890167236328125,1
3.77237606048584,1
2.531069040298462,1
2.911587715148926,1
3.7404427528381348,1
3.87774395942688,1
3.2030630111694336,1
3.329496383666992,1
3.0003702640533447,1
3.5828304290771484,1
3.6233420372009277,1
3.1445484161376953,1
3.05403470993042,1
3.0710549354553223,1
2.9283759593963623,1
3.5130701065063477,1
3.8952388763427734,1
3.5221545696258545,1
3.0422332286834717,1
3.156257152557373,1
4.038612365722656,1
3.720980167388916,1
3.8330373764038086,1
2.988464117050171,1
2.696514368057251,1
3.2541637420654297,1
4.431339263916016,1
3.91707706451416,1
2.9511542320251465,1
3.183771848678589,1
3.518314838409424,1
3.1906089782714844,1
3.143254041671753,1
3.5150623321533203,1
3.658536434173584,1
3.8325796127319336,1
3.059330701828003,1
3.1922154426574707,1
2.7990455627441406,1
2.9879696369171143,1
3.019948959350586,1
2.906524419784546,1
2.832777976989746,1
3.8019776344299316,1
3.1818742752075195,1
2.8411431312561035,1
3.9987268447875977,1
2.795837879180908,1
4.300850868225098,1
3.9592888355255127,1
3.5747203826904297,1
3.737062931060791,1
3.6531054973602295,1
4.024466514587402,1
3.9050827026367188,1
3.9165031909942627,1
3.0717883110046387,1
3.417907476425171,1
3.3293368816375732,1
3.5511655807495117,1
3.1212637424468994,1
3.3640012741088867,1
3.260759115219116,1
2.9840636253356934,1
2.8222978115081787,1
3.3537559509277344,1
3.7939209938049316,1
4.080495834350586,1
3.389230728149414,1
3.5291993618011475,1
3.4133660793304443,1
3.542757034301758,1
3.110421657562256,1
3.125002861022949,1
3.030518054962158,1
3.161137580871582,1
3.03092098236084,1
3.4853262901306152,1
3.360325336456299,1
3.322197914123535,1
2.8721766471862793,1
2.8858914375305176,1
3.796142101287842,1
6.93348503112793,1
4.162455081939697,1
4.232850074768066,1
5.045497417449951,1
3.07598876953125,1
3.57289457321167,1
4.0684356689453125,1
3.7113828659057617,1
3.940915584564209,1
2.4585483074188232,1
3.3855955600738525,1
3.3221616744995117,1
3.374591112136841,1
3.9652695655822754,1
3.468198299407959,1
3.4600253105163574,1
3.5814409255981445,1
3.869647979736328,1
3.2448811531066895,1
3.2878942489624023,1
2.9971461296081543,1
3.1933813095092773,1
3.379507541656494,1
2.9898104667663574,1
3.6576027870178223,1
2.6926794052124023,1
2.9112038612365723,1
3.349702835083008,1
3.4379520416259766,1
2.6152820587158203,1
3.3834991455078125,1
3.488085985183716,1
3.689058542251587,1
2.3275551795959473,1
3.3047523498535156,1
3.6004791259765625,1
3.809779644012451,1
3.368330478668213,1
3.8173141479492188,1
4.125758171081543,1
3.081906318664551,1
3.9719719886779785,1
3.863023281097412,1
3.778337240219116,1
4.017183780670166,1
3.9454121589660645,1
4.583898067474365,1
4.000333786010742,1
3.403381824493408,1
3.402723789215088,1
3.4451115131378174,1
4.4664692878723145,1
3.4581103324890137,1
3.2042465209960938,1
3.5788118839263916,1
3.849921226501465,1
3.390988826751709,1
3.482789993286133,1
3.4732675552368164,1
3.132107734680176,1
3.1087136268615723,1
2.9185843467712402,1
3.19771146774292,1
3.2471330165863037,1
3.466059446334839,1
4.5464582443237305,1
3.9410953521728516,1
4.085583209991455,1
3.2534542083740234,1
3.385521411895752,1
4.1254048347473145,1
4.082381725311279,1
4.124352931976318,1
4.479202747344971,1
3.185554265975952,1
3.771284580230713,1
3.8831071853637695,1
3.2917027473449707,1
4.062257766723633,1
4.016331672668457,1
3.9003167152404785,1
3.1102490425109863,1
3.253528118133545,1
3.5307278633117676,1
4.053633213043213,1
3.966871738433838,1
4.163031101226807,1
3.033956289291382,1
3.694704055786133,1
3.7040324211120605,1
3.8072876930236816,1
3.463517665863037,1
3.283127546310425,1
3.284015417098999,1
3.54079532623291,1
2.8297579288482666,1
2.710195302963257,1
3.693084239959717,1
3.484013557434082,1
3.3587288856506348,1
3.723594903945923,1
3.2993111610412598,1
3.5786614418029785,1
2.5632271766662598,1
2.749397039413452,1
2.9134230613708496,1
3.4988889694213867,1
4.156177043914795,1
2.3140463829040527,1
3.5497708320617676,1
3.549598455429077,1
3.69832706451416,1
3.4765119552612305,1
3.2943620681762695,1
2.9939353466033936,1
3.659674882888794,1
2.9122812747955322,1
3.1554958820343018,1
2.984017848968506,1
3.1763434410095215,1
3.830996036529541,1
3.0877797603607178,1
2.929011583328247,1
3.09334397315979,1
3.471757173538208,1
3.485800266265869,1
3.5093157291412354,1
3.4454588890075684,1
2.9223668575286865,1
2.837435722351074,1
3.073692798614502,1
5.4902544021606445,1
3.7279107570648193,1
3.3269999027252197,1
2.7231128215789795,1
2.9964301586151123,1
3.1751813888549805,1
3.384064197540283,1
3.6675004959106445,1
3.1680827140808105,1
3.039416790008545,1
2.9771790504455566,1
3.1519103050231934,1
2.8649978637695313,1
3.442859411239624,1
2.7654871940612793,1
3.139181137084961,1
3.7060203552246094,1
3.5619843006134033,1
3.3895483016967773,1
3.6299941539764404,1
2.163825750350952,1
3.2580089569091797,1
3.6765568256378174,1
4.231159210205078,1
3.152966022491455,1
2.9320435523986816,1
3.1506543159484863,1
2.426661968231201,1
2.9715592861175537,1
3.10793399810791,1
2.93623948097229,1
4.431288719177246,1
2.6087918281555176,1
3.391303300857544,1
3.128667116165161,1
3.1018877029418945,1
3.022695779800415,1
3.1704933643341064,1
3.8371806144714355,1
3.710975408554077,1
3.1270341873168945,1
3.3975131511688232,1
3.1673340797424316,1
3.9326248168945313,1
3.5897867679595947,1
3.282320499420166,1
3.2897727489471436,1
3.1101653575897217,1
3.1206870079040527,1
3.6046290397644043,1
3.3861796855926514,1
4.011002540588379,1
4.481646537780762,1
2.99959659576416,1
3.6045830249786377,1
3.7861645221710205,1
4.675642013549805,1
3.882240056991577,1
3.7125730514526367,1
3.156667470932007,1
3.986447334289551,1
3.197543144226074,1
3.2327375411987305,1
3.249545097351074,1
3.3459362983703613,1
3.20194149017334,1
4.929279327392578,1
4.377847671508789,1
5.277980804443359,1
4.257258415222168,1
5.964205741882324,1
4.632524490356445,1
5.096821308135986,1
4.466576099395752,1
4.007500648498535,1
4.553429126739502,1
3.842052936553955,1
3.96955943107605,1
3.092724323272705,1
4.023074626922607,1
4.916938781738281,1
4.116202354431152,1
4.08334493637085,1
4.016458988189697,1
3.3613662719726563,1
3.2882795333862305,1
4.625926494598389,1
4.121131420135498,1
4.189284324645996,1
3.587571620941162,1
3.320906162261963,1
3.1583189964294434,1
4.684742450714111,1
3.4693634510040283,1
3.3804738521575928,1
