3.0736403465270996,1
4.185359954833984,1
3.8187053203582764,1
3.374014139175415,1
3.4903783798217773,1
3.352283477783203,1
3.5849692821502686,1
3.593384265899658,1
3.457218647003174,1
3.7933177947998047,1
3.4073691368103027,1
3.508859634399414,1
3.1768240928649902,1
3.1411490440368652,1
3.2260680198669434,1
2.860548973083496,1
4.14334774017334,1
3.3175675868988037,1
3.6354713439941406,1
3.773012638092041,1
2.8208365440368652,1
3.619685411453247,1
3.2531094551086426,1
4.003877639770508,1
3.351442337036133,1
3.447925329208374,1
3.389096260070801,1
3.514519691467285,1
3.672943592071533,1
2.997584104537964,1
3.6648824214935303,1
3.5778555870056152,1
3.182840347290039,1
3.223242998123169,1
3.6103389263153076,1
3.5633418560028076,1
3.501873731613159,1
3.6299078464508057,1
3.6406567096710205,1
3.9718191623687744,1
3.4890103340148926,1
3.1072874069213867,1
3.758334159851074,1
4.058277606964111,1
3.0858583450317383,1
2.889157295227051,1
3.2519748210906982,1
3.2387123107910156,1
4.03657341003418,1
3.5180418491363525,1
3.8071200847625732,1
3.2176437377929688,1
3.903804302215576,1
3.9741649627685547,1
3.160036563873291,1
3.913668155670166,1
3.385128974914551,1
4.108017921447754,1
3.8531570434570313,1
3.2259068489074707,1
3.427182197570801,1
3.4602322578430176,1
3.355720043182373,1
3.3310694694519043,1
3.204061508178711,1
3.824509620666504,1
3.3187384605407715,1
4.518242835998535,1
3.881739377975464,1
3.0990021228790283,1
4.397061824798584,1
3.8328194618225098,1
3.6472463607788086,1
3.7702319622039795,1
2.7202515602111816,1
3.603580951690674,1
4.023087501525879,1
3.7571659088134766,1
3.575014114379883,1
4.966917037963867,1
4.26159143447876,1
3.504389762878418,1
2.886016368865967,1
3.1403541564941406,1
3.2629950046539307,1
3.291529417037964,1
3.2000696659088135,1
3.835806369781494,1
3.5421886444091797,1
4.069587230682373,1
4.42328405380249,1
4.492544174194336,1
3.388099193572998,1
3.5578248500823975,1
4.182747840881348,1
4.649196624755859,1
3.035417079925537,1
3.92111873626709,1
3.67370867729187,1
3.9985413551330566,1
3.5123074054718018,1
3.2849249839782715,1
4.284152984619141,1
3.2970621585845947,1
3.7589733600616455,1
3.324671745300293,1
3.8674161434173584,1
3.158111572265625,1
3.7518911361694336,1
3.898914337158203,1
2.8428823947906494,1
3.714643955230713,1
3.369135856628418,1
3.4744532108306885,1
3.718130350112915,1
3.867465019226074,1
4.760780334472656,1
2.579195261001587,1
3.4862117767333984,1
3.599882125854492,1
3.2939116954803467,1
3.366291046142578,1
4.124891757965088,1
3.7142248153686523,1
3.755216360092163,1
2.981196403503418,1
3.6443979740142822,1
3.7970285415649414,1
3.407047748565674,1
3.6977200508117676,1
3.712550640106201,1
2.8899929523468018,1
2.8329756259918213,1
3.6225504875183105,1
3.357778549194336,1
3.2959156036376953,1
2.8873324394226074,1
3.2778499126434326,1
3.999635696411133,1
4.138428211212158,1
4.006778240203857,1
3.4856557846069336,1
3.365628719329834,1
3.516528606414795,1
3.742379665374756,1
3.4380760192871094,1
3.6492505073547363,1
3.4349071979522705,1
3.450324535369873,1
3.161747455596924,1
2.9977431297302246,1
4.294156074523926,1
2.9359936714172363,1
3.176757335662842,1
2.927083969116211,1
3.3073344230651855,1
3.56894588470459,1
3.124180555343628,1
3.3834939002990723,1
3.638035774230957,1
3.0408244132995605,1
3.6498379707336426,1
4.218005657196045,1
3.9058477878570557,1
4.055187225341797,1
3.535250663757324,1
2.817673444747925,1
3.234313488006592,1
3.0004613399505615,1
3.5158638954162598,1
3.8289759159088135,1
3.808565139770508,1
3.9810714721679688,1
3.832010507583618,1
3.453193187713623,1
3.2903523445129395,1
3.3511481285095215,1
3.25341796875,1
3.2811710834503174,1
3.2844529151916504,1
4.115992546081543,1
3.7950775623321533,1
3.604663848876953,1
3.5288162231445313,1
3.6649928092956543,1
3.773355007171631,1
3.6781539916992188,1
3.367428779602051,1
3.501521587371826,1
4.127922534942627,1
3.9909019470214844,1
3.426759719848633,1
3.193986654281616,1
3.3697986602783203,1
4.122562408447266,1
4.240410804748535,1
4.005563735961914,1
3.3576440811157227,1
3.49802827835083,1
3.1890134811401367,1
3.298784017562866,1
3.8493924140930176,1
3.4152445793151855,1
3.0651040077209473,1
3.1552553176879883,1
3.6036767959594727,1
3.307772159576416,1
3.7546193599700928,1
3.010275363922119,1
3.2692723274230957,1
4.350355625152588,1
3.5938704013824463,1
3.3017849922180176,1
3.195986747741699,1
3.420011043548584,1
3.681708335876465,1
2.8510360717773438,1
3.8098361492156982,1
3.5844597816467285,1
3.747981548309326,1
5.005703449249268,1
3.765842914581299,1
3.505627155303955,1
4.043979644775391,1
3.8545334339141846,1
4.380136489868164,1
3.6513731479644775,1
4.054208755493164,1
3.69206166267395,1
4.123063087463379,1
4.250303268432617,1
3.3438265323638916,1
3.8671202659606934,1
3.3461413383483887,1
3.5001015663146973,1
3.2840728759765625,1
3.4266889095306396,1
3.6679399013519287,1
3.625950574874878,1
2.722372055053711,1
2.9825122356414795,1
3.277358055114746,1
3.636493682861328,1
3.1608986854553223,1
3.6639516353607178,1
4.017019271850586,1
3.8250370025634766,1
3.4858763217926025,1
3.6684885025024414,1
4.138215065002441,1
3.4969379901885986,1
3.2285966873168945,1
3.87744402885437,1
3.774014949798584,1
3.435028553009033,1
3.7687230110168457,1
2.800952672958374,1
3.7028450965881348,1
3.677229881286621,1
4.306513786315918,1
3.114774703979492,1
3.3545451164245605,1
3.1992814540863037,1
3.368833541870117,1
3.287691116333008,1
3.2399685382843018,1
3.714296340942383,1
2.906674861907959,1
3.4796605110168457,1
3.4265453815460205,1
3.1204605102539063,1
3.3904271125793457,1
3.5428695678710938,1
3.7976863384246826,1
3.2051141262054443,1
3.480870485305786,1
3.2361700534820557,1
4.112308979034424,1
3.9054317474365234,1
3.5676403045654297,1
4.366619110107422,1
5.560434341430664,1
3.7325754165649414,1
5.198094367980957,1
4.15685510635376,1
5.299892425537109,1
4.526825428009033,1
4.383260250091553,1
3.559476137161255,1
3.895897150039673,1
3.6522183418273926,1
4.967366695404053,1
3.8942759037017822,1
3.904101848602295,1
3.6143345832824707,1
3.8198554515838623,1
3.7930362224578857,1
3.6465134620666504,1
4.0145792961120605,1
3.9993321895599365,1
3.8233134746551514,1
3.5468149185180664,1
4.161434173583984,1
4.784162521362305,1
4.883395195007324,1
3.836972713470459,1
3.5442686080932617,1
4.691272735595703,1
4.02615213394165,1
3.7553884983062744,1
3.507462739944458,1
4.132579803466797,1
3.284933090209961,1
3.4562933444976807,1
3.3467912673950195,1
3.2800498008728027,1
3.702852725982666,1
3.324207305908203,1
4.089788913726807,1
3.7226145267486572,1
3.3840129375457764,1
3.6939492225646973,1
3.5195388793945313,1
3.3387389183044434,1
3.8088293075561523,1
3.538705825805664,1
2.99951171875,1
4.128580570220947,1
3.5169076919555664,1
3.9275083541870117,1
3.439558982849121,1
3.325488567352295,1
3.5874171257019043,1
3.4707725048065186,1
3.26240873336792,1
3.2434825897216797,1
3.3434038162231445,1
3.7112483978271484,1
3.2280468940734863,1
4.379151821136475,1
3.9941964149475098,1
3.329176425933838,1
3.451813220977783,1
3.072484016418457,1
3.2363393306732178,1
3.466553211212158,1
4.510817527770996,1
4.331301689147949,1
4.234258651733398,1
3.4663634300231934,1
4.552613258361816,1
4.485251426696777,1
3.0393600463867188,1
3.0214827060699463,1
3.9494755268096924,1
3.4753122329711914,1
4.643842697143555,1
4.386048316955566,1
3.7840678691864014,1
3.6004631519317627,1
3.5808916091918945,1
3.6035962104797363,1
3.435944080352783,1
4.201108932495117,1
3.4492013454437256,1
3.4419374465942383,1
3.6892247200012207,1
4.168625354766846,1
3.740795612335205,1
3.161724090576172,1
3.5990071296691895,1
3.1017982959747314,1
4.6196794509887695,1
3.9237308502197266,1
3.5388574600219727,1
3.297302007675171,1
3.587919235229492,1
3.836513042449951,1
3.446951389312744,1
4.26132869720459,1
3.2002851963043213,1
3.422778844833374,1
3.9291906356811523,1
3.7096564769744873,1
3.536407947540283,1
3.458437442779541,1
3.146951913833618,1
3.922929286956787,1
3.232182502746582,1
4.277224540710449,1
3.6808061599731445,1
3.1032023429870605,1
3.8127896785736084,1
2.919393539428711,1
3.162013053894043,1
3.0701496601104736,1
4.0376386642456055,1
3.752448081970215,1
3.305069923400879,1
3.6451406478881836,1
4.082437992095947,1
3.693514108657837,1
3.035297393798828,1
4.675250053405762,1
4.731647491455078,1
4.666230201721191,1
4.102263450622559,1
4.222960472106934,1
4.316451549530029,1
4.268290996551514,1
4.447626113891602,1
4.3624114990234375,1
4.450838088989258,1
4.01894998550415,1
2.769867181777954,1
3.335528612136841,1
4.270671844482422,1
3.870246410369873,1
4.380473613739014,1
4.794527530670166,1
3.57559871673584,1
3.635474681854248,1
3.8396756649017334,1
3.7827253341674805,1
3.9104621410369873,1
3.8227081298828125,1
4.0105390548706055,1
4.195594787597656,1
3.8569564819335938,1
3.877105951309204,1
4.057706832885742,1
3.8383097648620605,1
3.5695242881774902,1
3.7565202713012695,1
4.191102981567383,1
3.551870346069336,1
3.8391335010528564,1
4.123211860656738,1
4.854338645935059,1
3.806194305419922,1
3.7685723304748535,1
4.4278788566589355,1
4.591796398162842,1
3.9875056743621826,1
3.5131149291992188,1
3.8986356258392334,1
4.881570816040039,1
3.969977617263794,1
4.006633758544922,1
4.16516637802124,1
4.536937713623047,1
4.25948429107666,1
3.7136423587799072,1
3.844243049621582,1
3.6047046184539795,1
4.3791069984436035,1
3.842651844024658,1
3.8190054893493652,1
3.013889789581299,1
4.040129661560059,1
3.9652771949768066,1
2.7350826263427734,1
4.410083770751953,1
2.9632558822631836,1
3.8699960708618164,1
3.6448476314544678,1
4.077524185180664,1
4.078954696655273,1
4.0679216384887695,1
3.8896541595458984,1
3.653984546661377,1
3.983762264251709,1
4.182215213775635,1
4.2797417640686035,1
3.592852830886841,1
3.5349698066711426,1
3.6598429679870605,1
3.1831088066101074,1
3.215151786804199,1
3.1836464405059814,1
3.4598660469055176,1
3.828141927719116,1
3.6145987510681152,1
4.471057415008545,1
3.809394359588623,1
4.336666584014893,1
3.940849781036377,1
4.206142425537109,1
3.719996213912964,1
3.3734817504882813,1
3.4486148357391357,1
4.284939765930176,1
3.3066227436065674,1
3.4038658142089844,1
3.564894199371338,1
3.8667376041412354,1
2.87019419670105,1
3.43778920173645,1
3.9999947547912598,1
3.1374871730804443,1
3.3239328861236572,1
4.01812744140625,1
3.1917998790740967,1
3.998162269592285,1
3.0749351978302,1
3.561835289001465,1
3.8579676151275635,1
3.8737239837646484,1
3.617183208465576,1
3.3094515800476074,1
3.4084739685058594,1
2.912571430206299,1
3.45114803314209,1
3.7407360076904297,1
3.0803399085998535,1
3.550374746322632,1
3.2234907150268555,1
3.7852022647857666,1
3.8590614795684814,1
3.901299476623535,1
3.825784683227539,1
3.3936233520507813,1
3.47145938873291,1
3.5686917304992676,1
4.028916358947754,1
3.9343628883361816,1
3.760262966156006,1
3.6077218055725098,1
3.615349769592285,1
3.1463403701782227,1
3.8895063400268555,1
4.08087158203125,1
3.399994373321533,1
3.3617656230926514,1
3.390824794769287,1
3.633533000946045,1
3.465064764022827,1
3.975166082382202,1
3.5840091705322266,1
3.258899211883545,1
3.6502509117126465,1
3.8795604705810547,1
3.863342761993408,1
3.427427291870117,1
3.2177743911743164,1
3.465911865234375,1
3.212306022644043,1
3.7740135192871094,1
3.9542236328125,1
4.106139183044434,1
3.825679302215576,1
3.507737636566162,1
3.934629201889038,1
3.2621991634368896,1
4.072443962097168,1
4.02397346496582,1
3.4943108558654785,1
4.486659049987793,1
4.059748649597168,1
4.487307071685791,1
3.2561821937561035,1
3.2442173957824707,1
3.514292001724243,1
3.624572992324829,1
3.4745757579803467,1
3.0579285621643066,1
3.552220344543457,1
3.0768821239471436,1
3.2985429763793945,1
2.9560365676879883,1
3.8788914680480957,1
3.3662009239196777,1
3.4041054248809814,1
3.7472784519195557,1
3.5847713947296143,1
3.236311912536621,1
3.3785698413848877,1
3.5046498775482178,1
3.3242738246917725,1
3.831160545349121,1
3.8458375930786133,1
3.4427499771118164,1
3.1755380630493164,1
3.6493301391601563,1
4.512495040893555,1
3.7122631072998047,1
3.756749153137207,1
3.6729769706726074,1
3.9373891353607178,1
3.537263870239258,1
3.3990464210510254,1
3.6211190223693848,1
3.4768476486206055,1
3.3687479496002197,1
3.505216598510742,1
3.1324052810668945,1
3.6137776374816895,1
3.6661534309387207,1
3.3444418907165527,1
3.7641079425811768,1
3.056385040283203,1
4.192561626434326,1
3.7407431602478027,1
3.3913636207580566,1
4.30010986328125,1
3.2247586250305176,1
3.7039499282836914,1
3.8537468910217285,1
4.132784366607666,1
3.937831401824951,1
3.370668411254883,1
3.653778314590454,1
3.0281732082366943,1
4.181055068969727,1
4.123431205749512,1
3.8469343185424805,1
3.740072250366211,1
4.015141487121582,1
5.029098033905029,1
3.6562020778656006,1
4.039869785308838,1
4.554203987121582,1
3.9310760498046875,1
3.922921895980835,1
2.985691785812378,1
3.235588550567627,1
4.362504959106445,1
3.8660295009613037,1
3.6312966346740723,1
3.6396100521087646,1
3.3757903575897217,1
3.6934428215026855,1
3.6223623752593994,1
3.2842326164245605,1
3.973254680633545,1
3.812304973602295,1
3.2373592853546143,1
3.7702906131744385,1
3.5786895751953125,1
3.4148106575012207,1
4.204848289489746,1
3.7111027240753174,1
3.3498027324676514,1
3.4425086975097656,1
3.7660505771636963,1
3.5424628257751465,1
3.8096609115600586,1
3.2559847831726074,1
3.7249178886413574,1
3.6550097465515137,1
3.7095439434051514,1
3.550281524658203,1
3.6336679458618164,1
3.714932918548584,1
3.291400909423828,1
3.556661605834961,1
3.8238370418548584,1
3.793492317199707,1
3.6816728115081787,1
3.046220302581787,1
4.022305488586426,1
3.2597947120666504,1
3.181305408477783,1
3.8177404403686523,1
3.98673152923584,1
3.7073974609375,1
3.457205295562744,1
3.3138906955718994,1
3.2906837463378906,1
3.1584510803222656,1
3.132349967956543,1
3.7687840461730957,1
3.8194351196289063,1
3.3986215591430664,1
3.9749083518981934,1
3.3201427459716797,1
3.1549715995788574,1
3.3672266006469727,1
2.8597633838653564,1
3.9772396087646484,1
3.5435144901275635,1
3.390411376953125,1
4.518261909484863,1
3.293107509613037,1
3.393860340118408,1
3.4190940856933594,1
3.77852725982666,1
3.2169766426086426,1
3.7054221630096436,1
4.374067306518555,1
3.6873068809509277,1
3.6222102642059326,1
3.390302896499634,1
3.3771474361419678,1
3.6960959434509277,1
3.044776201248169,1
3.6529886722564697,1
3.8213846683502197,1
3.494969129562378,1
3.9701266288757324,1
3.384335517883301,1
3.480018138885498,1
3.406832695007324,1
3.478726863861084,1
3.8120248317718506,1
3.475727081298828,1
3.3463149070739746,1
3.675267219543457,1
4.019428253173828,1
3.6855292320251465,1
3.7900028228759766,1
5.359984397888184,1
4.2732343673706055,1
3.4794654846191406,1
3.917485475540161,1
3.9637928009033203,1
3.376939296722412,1
3.5468382835388184,1
4.291548728942871,1
3.840535879135132,1
3.556349515914917,1
4.03317403793335,1
3.5614678859710693,1
3.251974582672119,1
3.316129446029663,1
3.0106310844421387,1
4.249583721160889,1
4.038507461547852,1
3.988070487976074,1
3.4979288578033447,1
3.31852388381958,1
3.1893537044525146,1
3.547816276550293,1
3.975923776626587,1
3.322455406188965,1
2.7738218307495117,1
3.278822898864746,1
3.0510382652282715,1
4.021176338195801,1
3.393679141998291,1
2.918423891067505,1
3.4618732929229736,1
3.5762317180633545,1
3.267655372619629,1
3.444558620452881,1
3.8369059562683105,1
2.665903329849243,1
3.6977474689483643,1
3.4711921215057373,1
3.600816249847412,1
4.188464164733887,1
3.015204668045044,1
3.1715593338012695,1
3.4939799308776855,1
3.511356830596924,1
3.1189117431640625,1
3.7496893405914307,1
3.3256242275238037,1
3.19211483001709,1
3.978938102722168,1
3.742373466491699,1
4.120109558105469,1
3.3009021282196045,1
3.6011054515838623,1
3.8289942741394043,1
3.8654160499572754,1
3.888754367828369,1
3.9502620697021484,1
3.415560722351074,1
4.427948951721191,1
4.954957008361816,1
4.203854560852051,1
4.352778434753418,1
3.433154821395874,1
3.946892738342285,1
4.619234085083008,1
4.570762634277344,1
3.6367342472076416,1
3.6961002349853516,1
3.4944467544555664,1
3.2404885292053223,1
3.903698682785034,1
4.376964092254639,1
3.1448826789855957,1
3.6448240280151367,1
3.1071019172668457,1
4.328097820281982,1
3.318978786468506,1
2.7485649585723877,1
3.9226016998291016,1
3.4289140701293945,1
3.6103315353393555,1
4.213217735290527,1
3.4423952102661133,1
3.125624895095825,1
3.1185402870178223,1
4.541891098022461,1
3.552924394607544,1
4.31920051574707,1
3.623945713043213,1
3.300814151763916,1
3.9997851848602295,1
3.820887565612793,1
3.5459649562835693,1
3.551067590713501,1
4.503460884094238,1
3.7501773834228516,1
4.034308433532715,1
4.202092170715332,1
3.639847755432129,1
4.467473983764648,1
3.6051464080810547,1
3.129000425338745,1
4.4906206130981445,1
3.747945785522461,1
2.6955270767211914,1
2.8184103965759277,1
4.6826372146606445,1
3.3914976119995117,1
3.576504707336426,1
4.010345458984375,1
3.8706576824188232,1
4.433142185211182,1
3.7390031814575195,1
3.781205177307129,1
3.320746898651123,1
3.700929641723633,1
3.8794941902160645,1
3.703746795654297,1
3.7108078002929688,1
3.6436400413513184,1
3.2250702381134033,1
3.1875498294830322,1
3.075859546661377,1
3.662451982498169,1
3.812218189239502,1
3.8861947059631348,1
3.434556007385254,1
3.4929966926574707,1
3.8200206756591797,1
3.902376174926758,1
3.3359286785125732,1
4.190899848937988,1
3.8783226013183594,1
2.7259836196899414,1
4.012842178344727,1
3.0260634422302246,1
3.275592803955078,1
3.501260757446289,1
3.504333734512329,1
4.1389360427856445,1
3.5522842407226563,1
3.6449294090270996,1
3.700371265411377,1
3.4476847648620605,1
3.540411949157715,1
3.6976606845855713,1
4.101987838745117,1
3.6028637886047363,1
3.769552230834961,1
3.1017112731933594,1
4.275171279907227,1
3.5935568809509277,1
3.8248825073242188,1
3.4914350509643555,1
3.4411849975585938,1
3.0497336387634277,1
3.589747190475464,1
3.5660743713378906,1
3.6112279891967773,1
3.1592211723327637,1
4.038354873657227,1
3.6149563789367676,1
3.5828185081481934,1
3.9113898277282715,1
3.5529820919036865,1
3.090336322784424,1
3.790400743484497,1
3.6280901432037354,1
4.2122578620910645,1
3.9540979862213135,1
4.599198818206787,1
3.6107845306396484,1
3.3529391288757324,1
3.5375289916992188,1
4.104699611663818,1
4.072572231292725,1
3.8829309940338135,1
3.065412998199463,1
4.308020114898682,1
3.6005239486694336,1
4.138060569763184,1
3.3781962394714355,1
3.7674033641815186,1
4.3249664306640625,1
4.102450847625732,1
4.175804615020752,1
3.924696207046509,1
3.6512327194213867,1
3.261305570602417,1
3.9742672443389893,1
3.8753461837768555,1
4.127660274505615,1
4.1182708740234375,1
3.7078018188476563,1
3.9063587188720703,1
4.712754249572754,1
4.260097026824951,1
4.034886360168457,1
4.32807731628418,1
4.940765380859375,1
4.587662220001221,1
4.136760711669922,1
3.1936838626861572,1
3.573937177658081,1
3.580946207046509,1
4.491368293762207,1
3.832569122314453,1
3.5124754905700684,1
4.03312873840332,1
4.399105548858643,1
4.060276031494141,1
3.3211143016815186,1
3.274561882019043,1
3.5436620712280273,1
3.8633697032928467,1
3.819882392883301,1
3.5926122665405273,1
3.8150076866149902,1
3.4382150173187256,1
3.086482048034668,1
3.1445984840393066,1
4.335334777832031,1
3.1854772567749023,1
3.37284517288208,1
3.9856338500976563,1
4.995899200439453,1
3.7919905185699463,1
3.5894198417663574,1
4.34619140625,1
3.0651416778564453,1
2.990830421447754,1
3.4186456203460693,1
3.7234225273132324,1
3.380641460418701,1
3.2086992263793945,1
3.6887857913970947,1
3.0213065147399902,1
3.92303466796875,1
3.2805986404418945,1
3.4066684246063232,1
3.4719085693359375,1
3.5736684799194336,1
4.0608930587768555,1
3.353717565536499,1
3.600153923034668,1
3.362363338470459,1
3.7036094665527344,1
4.659729957580566,1
3.4232726097106934,1
3.6792385578155518,1
3.5857720375061035,1
3.777534008026123,1
3.5463614463806152,1
3.0151431560516357,1
3.167339324951172,1
3.930004358291626,1
3.3974714279174805,1
3.5151238441467285,1
3.8098883628845215,1
3.4864585399627686,1
4.143874645233154,1
3.6062240600585938,1
2.993588924407959,1
3.902665615081787,1
3.8849434852600098,1
3.509030342102051,1
3.9681150913238525,1
3.9102141857147217,1
3.9814453125,1
4.043563365936279,1
2.8981428146362305,1
3.709658622741699,1
3.3134846687316895,1
3.495889186859131,1
3.5018625259399414,1
2.819253921508789,1
4.054203987121582,1
3.3185601234436035,1
3.254197597503662,1
3.4157052040100098,1
3.3511621952056885,1
3.4055466651916504,1
3.789161205291748,1
3.602673053741455,1
3.9097819328308105,1
3.4560985565185547,1
3.1233339309692383,1
3.7024621963500977,1
3.4451487064361572,1
3.718050479888916,1
3.289576530456543,1
3.6702513694763184,1
3.6818690299987793,1
3.3959708213806152,1
4.4822869300842285,1
3.4555282592773438,1
4.031866073608398,1
4.11091423034668,1
4.1399688720703125,1
3.7168805599212646,1
2.9570837020874023,1
3.576007843017578,1
4.525811195373535,1
3.2582578659057617,1
3.497584342956543,1
3.9658875465393066,1
3.0356101989746094,1
4.332780361175537,1
3.610413074493408,1
2.7428336143493652,1
3.856942892074585,1
3.5281312465667725,1
3.714050054550171,1
3.541271686553955,1
4.02972412109375,1
3.134108066558838,1
3.1769003868103027,1
3.117806911468506,1
3.6011600494384766,1
3.969102382659912,1
4.213250160217285,1
3.408331871032715,1
4.128726959228516,1
3.832214117050171,1
3.499324083328247,1
4.443859100341797,1
3.48673152923584,1
3.7388463020324707,1
3.4529218673706055,1
3.8484363555908203,1
4.000223159790039,1
3.451770305633545,1
3.437113046646118,1
3.722072124481201,1
3.566049098968506,1
3.604741096496582,1
3.2243382930755615,1
3.9279048442840576,1
3.8381190299987793,1
3.5717382431030273,1
4.064568996429443,1
3.389547348022461,1
4.29875373840332,1
3.0477938652038574,1
3.483860731124878,1
3.671555280685425,1
3.370434284210205,1
3.5831241607666016,1
3.0706734657287598,1
3.5845088958740234,1
3.1113815307617188,1
3.460036277770996,1
4.289865493774414,1
3.8745884895324707,1
3.3557262420654297,1
3.9304327964782715,1
3.1044788360595703,1
3.326399803161621,1
3.0770487785339355,1
3.5394420623779297,1
3.7652530670166016,1
3.4528236389160156,1
3.2605061531066895,1
4.017498016357422,1
4.4482927322387695,1
3.324450731277466,1
3.9485912322998047,1
4.023928165435791,1
3.579969882965088,1
3.5445592403411865,1
3.597529888153076,1
4.054908275604248,1
3.532811164855957,1
3.362966537475586,1
4.121963024139404,1
4.679882049560547,1
3.4959068298339844,1
3.080200672149658,1
4.112929344177246,1
4.501202583312988,1
4.118022441864014,1
3.595027446746826,1
3.445213556289673,1
3.3351216316223145,1
4.429243087768555,1
3.698063850402832,1
4.288003921508789,1
3.711841583251953,1
3.2721242904663086,1
3.870164155960083,1
3.906355381011963,1
3.7636990547180176,1
3.335625171661377,1
3.6560821533203125,1
3.2610111236572266,1
3.4420552253723145,1
3.35158634185791,1
3.653306722640991,1
3.2091827392578125,1
3.43552303314209,1
3.2512733936309814,1
4.460691928863525,1
4.336824893951416,1
4.081764221191406,1
3.468568801879883,1
3.270510673522949,1
3.6932950019836426,1
3.196554183959961,1
3.341118812561035,1
3.5253472328186035,1
3.3764917850494385,1
2.9170923233032227,1
3.7512736320495605,1
3.446634531021118,1
3.791822910308838,1
3.7516069412231445,1
4.301324844360352,1
3.9487295150756836,1
3.8616135120391846,1
4.51576566696167,1
3.5653393268585205,1
3.7743780612945557,1
3.9842119216918945,1
4.683396339416504,1
4.366518974304199,1
3.8466482162475586,1
3.339867115020752,1
3.9852566719055176,1
4.053232669830322,1
2.869898796081543,1
3.958918333053589,1
3.2260217666625977,1
3.5648410320281982,1
4.48447322845459,1
3.9546265602111816,1
3.2236645221710205,1
3.1589651107788086,1
3.096544027328491,1
4.0307111740112305,1
3.9389617443084717,1
3.1065001487731934,1
3.4896011352539063,1
3.962338924407959,1
3.7370004653930664,1
3.411074638366699,1
4.49355411529541,1
3.393460750579834,1
3.192631959915161,1
3.428384304046631,1
5.409086227416992,1
3.439845085144043,1
3.7579193115234375,1
4.121489524841309,1
3.7582757472991943,1
3.8586630821228027,1
3.7486560344696045,1
2.968751907348633,1
3.669144630432129,1
3.0200018882751465,1
3.7579309940338135,1
3.818943500518799,1
2.9057793617248535,1
3.895571231842041,1
3.915249824523926,1
3.287801742553711,1
3.314039707183838,1
4.262472629547119,1
4.120250701904297,1
3.2968697547912598,1
3.57556414604187,1
3.555905818939209,1
3.244436264038086,1
2.8423190116882324,1
3.1443710327148438,1
3.7071359157562256,1
3.9884328842163086,1
3.161019802093506,1
3.461874008178711,1
4.233856678009033,1
4.1809492111206055,1
2.880488157272339,1
2.8622703552246094,1
3.6439130306243896,1
3.442797899246216,1
3.9370803833007813,1
2.964536666870117,1
3.4343080520629883,1
3.8646938800811768,1
3.116837978363037,1
3.6126861572265625,1
3.462181568145752,1
3.0140042304992676,1
4.158843517303467,1
3.655308246612549,1
3.373163938522339,1
3.58829402923584,1
3.0567474365234375,1
3.355225086212158,1
3.5924324989318848,1
3.369882106781006,1
3.5428924560546875,1
3.4717812538146973,1
4.502378940582275,1
3.233746290206909,1
3.529280185699463,1
3.463670253753662,1
2.62595796585083,1
3.3777568340301514,1
3.476553440093994,1
3.4136853218078613,1
3.1117663383483887,1
3.8393914699554443,1
3.4166316986083984,1
4.612600326538086,1
3.3636083602905273,1
3.697309732437134,1
4.0121259689331055,1
3.5044476985931396,1
3.4408974647521973,1
3.445218324661255,1
3.286146640777588,1
3.5053446292877197,1
3.372260332107544,1
3.3964390754699707,1
4.2726640701293945,1
3.5128672122955322,1
3.1309006214141846,1
3.283501148223877,1
4.369177341461182,1
3.394448757171631,1
3.4962844848632813,1
4.120033264160156,1
3.2171249389648438,1
3.0944385528564453,1
3.335395336151123,1
3.6047139167785645,1
3.57590389251709,1
4.422041893005371,1
3.4291577339172363,1
3.641738176345825,1
4.1305999755859375,1
4.030953884124756,1
4.31629753112793,1
4.233010768890381,1
3.846752643585205,1
3.0590434074401855,1
3.8432798385620117,1
3.435488700866699,1
4.0929083824157715,1
3.730377674102783,1
3.630537271499634,1
3.1322855949401855,1
3.035889148712158,1
3.3813672065734863,1
3.4446656703948975,1
3.70584774017334,1
3.3766815662384033,1
3.7641408443450928,1
4.051389694213867,1
3.8522443771362305,1
3.100027084350586,1
3.5346360206604004,1
3.2624967098236084,1
3.267061710357666,1
3.569093704223633,1
2.974961757659912,1
3.4486002922058105,1
3.5591883659362793,1
4.2579193115234375,1
4.694164752960205,1
2.7611770629882813,1
4.022671699523926,1
3.237945556640625,1
3.548126697540283,1
3.236571788787842,1
3.6404309272766113,1
3.4867024421691895,1
3.44572114944458,1
3.3024654388427734,1
3.69273042678833,1
3.2851109504699707,1
3.5835020542144775,1
3.1779913902282715,1
3.6285276412963867,1
3.895404100418091,1
4.870670318603516,1
4.371323585510254,1
4.35822057723999,1
4.229301452636719,1
3.456533193588257,1
4.03438663482666,1
3.744844436645508,1
4.711097717285156,1
3.326627492904663,1
4.127197265625,1
3.5727224349975586,1
4.257275104522705,1
3.2286996841430664,1
2.9144859313964844,1
4.366951942443848,1
4.345132350921631,1
3.782498359680176,1
3.8888964653015137,1
4.749971389770508,1
3.636155366897583,1
4.11033296585083,1
3.8183655738830566,1
3.07802152633667,1
3.7949814796447754,1
3.0771372318267822,1
3.2983005046844482,1
3.3359358310699463,1
3.4212594032287598,1
2.9277985095977783,1
3.236943244934082,1
4.083208084106445,1
4.823250770568848,1
3.976516008377075,1
4.314702987670898,1
4.78677225112915,1
3.7061262130737305,1
4.902445316314697,1
4.070680618286133,1
3.325103759765625,1
4.060481548309326,1
4.036323547363281,1
3.521404266357422,1
3.3607139587402344,1
3.6458194255828857,1
3.5684032440185547,1
3.347325325012207,1
3.5421252250671387,1
3.5022366046905518,1
3.554776668548584,1
3.8338990211486816,1
3.5470263957977295,1
3.4240212440490723,1
2.9421849250793457,1
3.8045144081115723,1
3.6579856872558594,1
3.075190305709839,1
2.944113254547119,1
3.144099712371826,1
2.850756883621216,1
3.3042404651641846,1
3.3609166145324707,1
3.3618569374084473,1
4.365847587585449,1
3.5452022552490234,1
3.799187660217285,1
3.9681830406188965,1
3.3419547080993652,1
3.6916842460632324,1
3.3999128341674805,1
2.9809463024139404,1
3.7303597927093506,1
3.292391061782837,1
2.9936985969543457,1
3.2836568355560303,1
3.109111785888672,1
3.3822622299194336,1
3.092625141143799,1
3.8408920764923096,1
3.3394665718078613,1
3.430713653564453,1
3.8736047744750977,1
3.6954808235168457,1
3.7351508140563965,1
3.4605114459991455,1
3.427852153778076,1
3.554755210876465,1
3.4766077995300293,1
3.980414867401123,1
3.317314863204956,1
3.3674821853637695,1
3.3516886234283447,1
3.4809281826019287,1
3.6529223918914795,1
3.486403226852417,1
3.3742752075195313,1
3.610649585723877,1
3.773524522781372,1
3.3388588428497314,1
3.903339385986328,1
3.9720449447631836,1
3.664722442626953,1
3.897176742553711,1
3.436028480529785,1
3.09637451171875,1
3.753626823425293,1
2.6878905296325684,1
3.723456382751465,1
3.396728515625,1
3.649235248565674,1
3.2357869148254395,1
3.829876661300659,1
2.798569679260254,1
3.502760887145996,1
3.9375855922698975,1
3.8389792442321777,1
4.064236640930176,1
3.6857845783233643,1
4.185573577880859,1
3.2636003494262695,1
3.8900513648986816,1
3.189262866973877,1
3.4471893310546875,1
2.8331899642944336,1
3.768094062805176,1
3.0922000408172607,1
4.099684715270996,1
3.8727455139160156,1
3.98754620552063,1
3.321699619293213,1
3.3702170848846436,1
3.7575201988220215,1
3.3831706047058105,1
2.992546796798706,1
3.45023250579834,1
3.382473945617676,1
4.438056945800781,1
3.602956533432007,1
3.973590850830078,1
3.604907989501953,1
4.048935890197754,1
3.841771125793457,1
3.354727268218994,1
3.7365758419036865,1
4.471963882446289,1
2.9733166694641113,1
3.4564566612243652,1
3.9848814010620117,1
3.213942050933838,1
3.108167886734009,1
3.3838987350463867,1
4.27740478515625,1
3.8013319969177246,1
3.166595697402954,1
4.330721378326416,1
3.953956127166748,1
4.045821666717529,1
3.502382755279541,1
3.9226760864257813,1
4.184802532196045,1
4.500790596008301,1
3.5679426193237305,1
3.6283164024353027,1
4.944402694702148,1
3.6057968139648438,1
4.128680229187012,1
3.7853565216064453,1
4.280238151550293,1
2.6963047981262207,1
4.111987113952637,1
3.9760971069335938,1
3.622588872909546,1
3.2229459285736084,1
4.36056661605835,1
4.385247230529785,1
3.7469072341918945,1
3.830669403076172,1
3.851104259490967,1
2.8482885360717773,1
3.0800375938415527,1
3.5270729064941406,1
3.574230194091797,1
3.23836612701416,1
3.5685691833496094,1
3.388317108154297,1
3.884584426879883,1
4.142155647277832,1
3.965454578399658,1
3.007314443588257,1
3.4568705558776855,1
3.578867197036743,1
3.9049439430236816,1
3.5873863697052,1
3.3468499183654785,1
3.3468809127807617,1
3.4297895431518555,1
3.664505958557129,1
3.7807204723358154,1
3.8830294609069824,1
3.650509834289551,1
3.3182127475738525,1
3.667318344116211,1
3.3917298316955566,1
3.644402027130127,1
3.690824508666992,1
3.333282947540283,1
3.814218282699585,1
3.398040294647217,1
2.9332785606384277,1
3.5996429920196533,1
3.5506114959716797,1
3.1292295455932617,1
3.0481796264648438,1
3.7230448722839355,1
3.4847588539123535,1
3.421926975250244,1
3.5679523944854736,1
3.651282787322998,1
3.5017242431640625,1
4.1791181564331055,1
3.5097851753234863,1
5.089141368865967,1
3.498493194580078,1
3.525221824645996,1
3.3135595321655273,1
3.6678991317749023,1
3.29170560836792,1
3.41357421875,1
3.703422784805298,1
3.4643616676330566,1
3.745304584503174,1
3.813760280609131,1
3.525003671646118,1
3.8483734130859375,1
3.374586343765259,1
3.5879664421081543,1
3.217113971710205,1
3.660978078842163,1
2.761652946472168,1
3.2639291286468506,1
3.660546064376831,1
3.3782973289489746,1
2.65134859085083,1
2.9730823040008545,1
3.768786907196045,1
3.413379192352295,1
3.089752197265625,1
3.5041940212249756,1
3.6616663932800293,1
3.2595832347869873,1
3.1118547916412354,1
2.9490737915039063,1
3.6499245166778564,1
3.8812222480773926,1
4.250751495361328,1
4.832961082458496,1
3.8023743629455566,1
3.4531216621398926,1
4.297879219055176,1
4.31424617767334,1
3.193432331085205,1
3.7037501335144043,1
3.9857659339904785,1
4.022818565368652,1
3.782015323638916,1
3.7430338859558105,1
4.177145481109619,1
3.5164337158203125,1
3.3397159576416016,1
3.8536248207092285,1
3.83510160446167,1
4.035805702209473,1
3.2538902759552,1
3.735363483428955,1
3.2435755729675293,1
3.339259147644043,1
3.253037691116333,1
3.8743865489959717,1
4.663430213928223,1
3.5463943481445313,1
4.111950874328613,1
3.821990966796875,1
3.2288551330566406,1
4.184160232543945,1
3.93094801902771,1
3.4686708450317383,1
3.7419705390930176,1
4.577742576599121,1
3.3388516902923584,1
3.586064338684082,1
3.4936840534210205,1
3.5514211654663086,1
3.3669443130493164,1
3.4186205863952637,1
3.5996341705322266,1
3.329408884048462,1
3.134418487548828,1
3.8012337684631348,1
3.768843412399292,1
3.044639825820923,1
2.9008946418762207,1
4.507808685302734,1
3.780769109725952,1
3.8692123889923096,1
3.6928112506866455,1
3.282818078994751,1
3.28480863571167,1
3.4640159606933594,1
3.556612968444824,1
3.782933473587036,1
3.3448827266693115,1
2.9436402320861816,1
3.7401156425476074,1
3.216547966003418,1
3.8465659618377686,1
3.172882556915283,1
3.466292381286621,1
3.3937764167785645,1
3.7753849029541016,1
3.7985122203826904,1
3.1732802391052246,1
4.019850730895996,1
2.765084743499756,1
2.7237253189086914,1
4.578165054321289,1
3.952572822570801,1
2.927262306213379,1
3.5269968509674072,1
3.2498044967651367,1
4.069103240966797,1
3.787722587585449,1
3.824793815612793,1
3.461132526397705,1
3.4315710067749023,1
3.7378759384155273,1
2.9907541275024414,1
3.4205105304718018,1
3.847114324569702,1
4.077906131744385,1
4.2558979988098145,1
3.570457935333252,1
3.9668703079223633,1
4.559552192687988,1
4.34467887878418,1
4.353420257568359,1
3.9064505100250244,1
3.8537590503692627,1
3.492703437805176,1
3.522765874862671,1
4.4481201171875,1
3.613309144973755,1
3.6984047889709473,1
4.411064147949219,1
3.6646265983581543,1
4.3756303787231445,1
3.8800745010375977,1
3.8787808418273926,1
4.016606330871582,1
3.1935272216796875,1
3.714006185531616,1
3.551514148712158,1
3.4178502559661865,1
3.601606845855713,1
3.9510369300842285,1
3.5571863651275635,1
3.364487886428833,1
3.793520927429199,1
4.1122612953186035,1
3.7733287811279297,1
3.746954917907715,1
4.03292989730835,1
4.078178405761719,1
2.660897731781006,1
3.256075382232666,1
3.542975425720215,1
3.107055187225342,1
3.590022087097168,1
3.1782076358795166,1
3.3897054195404053,1
3.953334331512451,1
3.942492961883545,1
5.047604084014893,1
3.4763011932373047,1
3.2167863845825195,1
3.761807918548584,1
3.20713472366333,1
4.867190361022949,1
3.826174020767212,1
3.474029541015625,1
3.404057502746582,1
4.212937831878662,1
4.485673904418945,1
3.488734245300293,1
3.0483648777008057,1
3.87687611579895,1
3.633483409881592,1
3.1545698642730713,1
3.8400466442108154,1
3.9918212890625,1
3.4954214096069336,1
3.691328525543213,1
3.7122838497161865,1
3.2739639282226563,1
3.2218239307403564,1
3.6526565551757813,1
2.6596860885620117,1
3.169698715209961,1
2.97442889213562,1
3.899015426635742,1
3.671600818634033,1
4.404000759124756,1
3.743190288543701,1
3.643733024597168,1
3.1674227714538574,1
3.9785003662109375,1
4.04799747467041,1
4.4952616691589355,1
4.158658027648926,1
4.1262054443359375,1
3.36950945854187,1
4.5849761962890625,1
4.1657843589782715,1
3.1654608249664307,1
3.7722084522247314,1
3.7188074588775635,1
3.6219658851623535,1
3.951716899871826,1
3.098787784576416,1
3.426630973815918,1
3.7196779251098633,1
5.261903762817383,1
3.8547964096069336,1
3.7506957054138184,1
3.842526912689209,1
3.964665412902832,1
3.6858103275299072,1
3.9067583084106445,1
4.425105094909668,1
4.105227470397949,1
4.100646495819092,1
3.8026537895202637,1
3.440823554992676,1
4.283616065979004,1
3.9124393463134766,1
3.305265188217163,1
3.1533703804016113,1
3.929272174835205,1
4.5624799728393555,1
4.389348030090332,1
3.381998062133789,1
3.37548828125,1
3.867554187774658,1
4.072585105895996,1
3.3356311321258545,1
3.934757709503174,1
3.7161946296691895,1
3.8107638359069824,1
4.071745872497559,1
3.389535665512085,1
4.7720136642456055,1
3.3983771800994873,1
2.7340030670166016,1
3.617380142211914,1
3.371079206466675,1
3.554936647415161,1
3.628464937210083,1
3.637585163116455,1
3.5209529399871826,1
3.6271438598632813,1
3.5067083835601807,1
4.851300239562988,1
4.806523323059082,1
3.3197460174560547,1
4.464956760406494,1
3.556612014770508,1
4.238806247711182,1
3.288094997406006,1
3.5166895389556885,1
3.8224029541015625,1
4.272913455963135,1
4.730474948883057,1
3.76560640335083,1
3.7380728721618652,1
3.731947660446167,1
2.9780631065368652,1
3.584944725036621,1
3.7772181034088135,1
3.8762097358703613,1
3.0753273963928223,1
3.3579020500183105,1
3.281346559524536,1
4.027161598205566,1
3.783953905105591,1
3.8021328449249268,1
3.5629496574401855,1
3.366671085357666,1
3.657977819442749,1
4.424177169799805,1
3.914503574371338,1
3.765655279159546,1
3.365138530731201,1
3.8671088218688965,1
3.9920661449432373,1
3.5983612537384033,1
3.8092637062072754,1
3.371826171875,1
3.231545925140381,1
3.696295738220215,1
4.182969093322754,1
3.4478888511657715,1
3.2717957496643066,1
3.591183662414551,1
3.902092218399048,1
3.314359426498413,1
3.1593708992004395,1
3.6125528812408447,1
3.599116325378418,1
3.5909347534179688,1
3.8369531631469727,1
4.626935005187988,1
3.335193395614624,1
4.832302093505859,1
3.4138190746307373,1
3.242191791534424,1
3.4972264766693115,1
3.00325345993042,1
3.4172937870025635,1
3.2878568172454834,1
3.4403038024902344,1
4.300929069519043,1
3.219144105911255,1
4.107913017272949,1
3.475986957550049,1
3.7506039142608643,1
3.4973936080932617,1
3.832207202911377,1
3.27067232131958,1
3.7966055870056152,1
3.361815929412842,1
3.2631027698516846,1
5.15425968170166,1
3.750916004180908,1
4.16090202331543,1
3.441093921661377,1
4.033367156982422,1
4.058265209197998,1
3.804567575454712,1
3.190988063812256,1
3.9397432804107666,1
6.333671569824219,1
5.801460266113281,1
4.456882476806641,1
4.501593589782715,1
4.615468502044678,1
4.412167549133301,1
4.97314977645874,1
6.112886428833008,1
4.71561336517334,1
3.893012523651123,1
3.493163585662842,1
4.508664608001709,1
3.3612120151519775,1
6.499129295349121,1
3.443744659423828,1
3.7994070053100586,1
3.3169004917144775,1
4.261157512664795,1
3.8898892402648926,1
3.3489272594451904,1
3.6282496452331543,1
3.8200974464416504,1
4.33408784866333,1
3.7915070056915283,1
3.642040252685547,1
3.3872103691101074,1
3.5726430416107178,1
3.7522318363189697,1
3.6144471168518066,1
3.267986297607422,1
3.7962024211883545,1
3.982207775115967,1
4.5365495681762695,1
3.8144593238830566,1
3.924046039581299,1
4.141346454620361,1
5.031468868255615,1
5.3967790603637695,1
3.780864715576172,1
3.7875232696533203,1
3.963071584701538,1
4.379682540893555,1
4.630944728851318,1
4.306527614593506,1
4.283731460571289,1
4.462055206298828,1
4.80767822265625,1
4.49053955078125,1
4.475173473358154,1
4.305813789367676,1
4.472743511199951,1
4.239960193634033,1
4.523536682128906,1
3.9046177864074707,1
3.7198166847229004,1
4.230416774749756,1
3.659363269805908,1
4.454610824584961,1
5.964405059814453,1
4.752256393432617,1
3.1943016052246094,1
3.917600393295288,1
4.633995056152344,1
4.833362102508545,1
4.707614898681641,1
5.19755744934082,1
3.9278347492218018,1
4.337761878967285,1
3.7502670288085938,1
4.4475321769714355,1
4.195396900177002,1
4.234103202819824,1
3.818577289581299,1
3.3596818447113037,1
3.776648759841919,1
3.6105172634124756,1
3.984868049621582,1
4.025733470916748,1
4.38328742980957,1
3.679807662963867,1
2.931342363357544,1
3.557617664337158,1
3.4834814071655273,1
4.454307556152344,1
4.015410423278809,1
3.673849105834961,1
4.793231964111328,1
3.359982490539551,1
3.626595973968506,1
3.6564507484436035,1
3.4040443897247314,1
3.6831905841827393,1
3.970822811126709,1
3.1873650550842285,1
3.2370896339416504,1
3.284209728240967,1
3.672173023223877,1
3.8454971313476563,1
3.924410820007324,1
4.25670862197876,1
3.8032569885253906,1
3.9272642135620117,1
3.600454568862915,1
4.381974697113037,1
3.969633102416992,1
3.7065646648406982,1
3.947146415710449,1
4.126828670501709,1
4.052138328552246,1
3.9473700523376465,1
3.4570541381835938,1
3.565876007080078,1
4.19061279296875,1
3.826235055923462,1
3.471808433532715,1
2.8384575843811035,1
3.329097270965576,1
4.018414497375488,1
4.0510358810424805,1
3.640322685241699,1
3.759397506713867,1
3.132155179977417,1
4.152060508728027,1
4.287708759307861,1
3.526869535446167,1
3.3502933979034424,1
4.877279758453369,1
3.6350901126861572,1
3.9423434734344482,1
3.7791316509246826,1
4.478086471557617,1
4.3598175048828125,1
3.9109506607055664,1
3.741762638092041,1
3.425029754638672,1
4.131392478942871,1
3.696789264678955,1
3.922525405883789,1
4.271969795227051,1
4.156104564666748,1
3.8014001846313477,1
3.5952446460723877,1
3.467574119567871,1
3.4791958332061768,1
4.266046524047852,1
4.617968559265137,1
3.4506375789642334,1
3.764493942260742,1
3.188145160675049,1
3.8368170261383057,1
3.6525566577911377,1
3.764265298843384,1
4.0012946128845215,1
3.5894064903259277,1
3.9029159545898438,1
3.7265329360961914,1
3.3666458129882813,1
3.556398391723633,1
4.047897815704346,1
3.5807392597198486,1
3.861611843109131,1
3.5131280422210693,1
3.5661988258361816,1
3.1401543617248535,1
3.748464345932007,1
3.8853952884674072,1
4.328229904174805,1
3.3356857299804688,1
3.598433256149292,1
3.713747978210449,1
3.481351137161255,1
3.5257840156555176,1
2.9557929039001465,1
3.6436972618103027,1
3.596349000930786,1
3.389777421951294,1
3.967156171798706,1
3.1613869667053223,1
3.783820629119873,1
3.4581551551818848,1
4.246788501739502,1
4.155303955078125,1
3.8754220008850098,1
4.554780006408691,1
3.9899778366088867,1
4.151165008544922,1
3.35015869140625,1
2.750466823577881,1
3.0542047023773193,1
3.9009523391723633,1
3.153055191040039,1
4.15434455871582,1
3.438141107559204,1
3.7449233531951904,1
2.7614669799804688,1
3.7905869483947754,1
3.4906883239746094,1
3.7941598892211914,1
4.219026565551758,1
3.5223865509033203,1
3.6723790168762207,1
3.3494210243225098,1
3.2962355613708496,1
4.126730918884277,1
3.4054598808288574,1
4.423001289367676,1
3.857661008834839,1
3.576686143875122,1
4.115113735198975,1
3.912172317504883,1
3.3239448070526123,1
3.8907523155212402,1
3.7723026275634766,1
3.0990123748779297,1
3.483787775039673,1
3.5290937423706055,1
5.587335586547852,1
3.661012887954712,1
3.3496041297912598,1
2.9830212593078613,1
3.9967024326324463,1
4.511473655700684,1
4.073158264160156,1
4.074146270751953,1
3.943908452987671,1
3.755586624145508,1
2.9380104541778564,1
3.701359987258911,1
3.7988479137420654,1
3.141223430633545,1
3.3983347415924072,1
4.18122673034668,1
3.5074074268341064,1
3.592817783355713,1
3.1251728534698486,1
5.3619208335876465,1
4.0564284324646,1
3.275026321411133,1
3.0277915000915527,1
3.55375337600708,1
3.8218917846679688,1
3.092971086502075,1
3.586521863937378,1
3.9225456714630127,1
3.2772064208984375,1
3.787424325942993,1
4.073525428771973,1
3.653682231903076,1
4.68447208404541,1
4.153189659118652,1
4.780270576477051,1
4.676989555358887,1
3.4522976875305176,1
3.873703956604004,1
3.507188320159912,1
4.276559829711914,1
3.929443359375,1
3.9003310203552246,1
3.434901714324951,1
3.602940559387207,1
3.9801437854766846,1
3.876479148864746,1
3.035470962524414,1
3.7854628562927246,1
3.214709520339966,1
3.6289398670196533,1
3.6702632904052734,1
3.542734146118164,1
2.790754556655884,1
3.8064961433410645,1
4.2819108963012695,1
3.4068689346313477,1
3.4861366748809814,1
4.511905670166016,1
3.6440908908843994,1
3.3074147701263428,1
3.9333183765411377,1
4.932573318481445,1
3.572391986846924,1
3.4891586303710938,1
3.645122766494751,1
3.3013319969177246,1
3.9646005630493164,1
4.075186252593994,1
3.85038423538208,1
3.1795358657836914,1
3.746798038482666,1
3.6798908710479736,1
3.586775779724121,1
3.4631476402282715,1
4.26285457611084,1
4.299029350280762,1
3.425302267074585,1
3.8978464603424072,1
3.8024253845214844,1
3.26387619972229,1
3.5361857414245605,1
3.148796796798706,1
3.1450066566467285,1
3.7044119834899902,1
3.146834373474121,1
3.5565221309661865,1
3.1511027812957764,1
3.5453922748565674,1
3.0505456924438477,1
3.1009039878845215,1
3.648275136947632,1
3.3423104286193848,1
3.4131786823272705,1
3.3422677516937256,1
3.9025442600250244,1
3.098717212677002,1
3.752908229827881,1
3.2391433715820313,1
3.3316164016723633,1
3.563624382019043,1
3.629823684692383,1
3.4267311096191406,1
3.7065556049346924,1
3.520023822784424,1
3.3504881858825684,1
3.5305051803588867,1
3.936845302581787,1
3.7657315731048584,1
3.9317729473114014,1
3.1717886924743652,1
3.77787446975708,1
3.6270222663879395,1
3.479503870010376,1
4.25679874420166,1
3.9882845878601074,1
4.066222190856934,1
4.589156627655029,1
4.47298526763916,1
3.55092716217041,1
3.3550631999969482,1
5.109413146972656,1
3.118323802947998,1
3.0686521530151367,1
3.335622549057007,1
4.1843085289001465,1
3.0192112922668457,1
3.2872438430786133,1
3.5758540630340576,1
3.298381805419922,1
3.7575302124023438,1
3.137728452682495,1
3.0110745429992676,1
4.104114532470703,1
3.4830641746520996,1
3.1423325538635254,1
3.48333740234375,1
3.7737298011779785,1
3.0976476669311523,1
5.331872940063477,1
3.453751802444458,1
3.1865720748901367,1
3.4061360359191895,1
3.227787733078003,1
3.7438907623291016,1
3.274639129638672,1
3.689481735229492,1
4.0102996826171875,1
3.9095327854156494,1
3.613802909851074,1
3.8000619411468506,1
3.5034139156341553,1
3.205221176147461,1
3.3918914794921875,1
2.8756563663482666,1
3.428077220916748,1
3.5472092628479004,1
3.823518753051758,1
3.3774023056030273,1
3.620817184448242,1
5.547628879547119,1
3.8138198852539063,1
3.200979709625244,1
3.365935802459717,1
3.7179956436157227,1
4.113321304321289,1
3.4753711223602295,1
3.3749637603759766,1
3.3209457397460938,1
3.5547947883605957,1
3.7663283348083496,1
3.5943026542663574,1
3.9709014892578125,1
3.174482822418213,1
3.302793502807617,1
4.0201735496521,1
3.4475786685943604,1
3.636181116104126,1
3.381122589111328,1
4.253291130065918,1
3.406301259994507,1
3.328486442565918,1
3.5378785133361816,1
3.7265491485595703,1
3.566317081451416,1
3.038339376449585,1
3.553701877593994,1
3.674091339111328,1
4.063227653503418,1
3.935112237930298,1
4.785871505737305,1
4.081855773925781,1
3.381805419921875,1
3.818293571472168,1
4.0627899169921875,1
4.2924675941467285,1
4.2669830322265625,1
4.211058616638184,1
4.007937908172607,1
4.03907585144043,1
3.9886085987091064,1
4.132707595825195,1
3.541271924972534,1
4.215523719787598,1
3.6370532512664795,1
3.7549099922180176,1
3.259072780609131,1
3.4155683517456055,1
3.9879603385925293,1
3.4564907550811768,1
3.5142595767974854,1
3.4263501167297363,1
3.971808910369873,1
3.8691840171813965,1
4.08984375,1
4.054093360900879,1
3.7734179496765137,1
2.9394571781158447,1
3.571061849594116,1
3.2179388999938965,1
3.5869669914245605,1
3.814182758331299,1
3.0685393810272217,1
3.7152464389801025,1
3.6976466178894043,1
2.961521863937378,1
4.0750837326049805,1
4.238419532775879,1
3.733010768890381,1
3.6724398136138916,1
3.915170907974243,1
3.4685044288635254,1
3.4357657432556152,1
4.025347709655762,1
3.442470073699951,1
3.5475540161132813,1
3.763474941253662,1
4.124693393707275,1
4.187176704406738,1
3.0631730556488037,1
2.8205456733703613,1
4.172019958496094,1
3.592505931854248,1
3.609757900238037,1
3.325211763381958,1
3.2886013984680176,1
4.2511091232299805,1
3.0893566608428955,1
3.569793701171875,1
3.8240814208984375,1
3.9954185485839844,1
4.114572048187256,1
3.416135787963867,1
3.9439008235931396,1
4.352780818939209,1
2.804302215576172,1
3.459153652191162,1
3.4246249198913574,1
3.669912576675415,1
2.9093728065490723,1
4.116455078125,1
3.893690347671509,1
3.9275639057159424,1
3.778311252593994,1
4.018517971038818,1
3.2457008361816406,1
3.8362374305725098,1
3.4423654079437256,1
3.631988763809204,1
3.0618724822998047,1
3.256622552871704,1
3.56984281539917,1
3.5377678871154785,1
3.690854787826538,1
3.127903938293457,1
3.6918163299560547,1
3.7052621841430664,1
3.627218008041382,1
3.524930238723755,1
3.695284843444824,1
2.900251626968384,1
3.5142393112182617,1
3.23427152633667,1
3.6345529556274414,1
3.040921688079834,1
3.7314162254333496,1
2.9462532997131348,1
4.323419570922852,1
3.0567703247070313,1
3.5563392639160156,1
3.178168535232544,1
3.1328463554382324,1
3.8300468921661377,1
3.8091864585876465,1
3.4847326278686523,1
3.307300567626953,1
4.864027976989746,1
3.479128122329712,1
4.322202682495117,1
4.512885093688965,1
4.318689346313477,1
4.478637218475342,1
3.4577035903930664,1
3.165332555770874,1
3.541109561920166,1
4.0417704582214355,1
3.75089693069458,1
4.315075874328613,1
3.8643476963043213,1
3.804047107696533,1
3.4452996253967285,1
4.232646942138672,1
3.692228317260742,1
3.9182381629943848,1
3.407074451446533,1
3.4104316234588623,1
3.8236160278320313,1
4.008223533630371,1
3.2347469329833984,1
3.621112823486328,1
3.7628631591796875,1
3.5966715812683105,1
3.602414846420288,1
3.617828845977783,1
3.178999185562134,1
3.803279399871826,1
3.4106712341308594,1
3.551027774810791,1
3.805755138397217,1
3.4438648223876953,1
3.6162796020507813,1
4.029552459716797,1
3.295696496963501,1
3.3277993202209473,1
4.290015697479248,1
3.051588535308838,1
3.0114803314208984,1
4.204334259033203,1
3.8084678649902344,1
3.126164436340332,1
3.204347848892212,1
3.8442177772521973,1
3.6865413188934326,1
3.7648932933807373,1
3.8262264728546143,1
4.045197010040283,1
2.9929027557373047,1
4.82216739654541,1
3.594489097595215,1
3.35587215423584,1
3.477306842803955,1
3.6796698570251465,1
3.18742036819458,1
3.429393768310547,1
3.594595193862915,1
4.788627624511719,1
4.220790863037109,1
4.772194862365723,1
4.584754943847656,1
3.7389674186706543,1
3.6891565322875977,1
4.2265424728393555,1
3.6785776615142822,1
4.07253360748291,1
4.624128341674805,1
3.1583752632141113,1
3.7407712936401367,1
3.899360179901123,1
4.856571197509766,1
3.6314191818237305,1
3.8542375564575195,1
3.6044459342956543,1
3.768984079360962,1
3.9150643348693848,1
4.069835662841797,1
4.115403175354004,1
3.6683220863342285,1
3.3427374362945557,1
3.957394599914551,1
3.8244783878326416,1
3.8859944343566895,1
3.6782689094543457,1
4.478585243225098,1
3.238894462585449,1
3.248286485671997,1
3.4147610664367676,1
3.260817527770996,1
3.5243637561798096,1
3.8501553535461426,1
3.67806077003479,1
3.8079752922058105,1
3.4182519912719727,1
3.9186153411865234,1
4.189178466796875,1
3.9717845916748047,1
3.9473063945770264,1
3.294750690460205,1
3.36561918258667,1
3.4806413650512695,1
3.768187999725342,1
3.9273040294647217,1
3.3681976795196533,1
3.610729455947876,1
4.16281795501709,1
3.15529203414917,1
4.072163105010986,1
3.9655001163482666,1
4.7492146492004395,1
3.8881947994232178,1
3.535602331161499,1
4.744028568267822,1
3.207331657409668,1
3.5918760299682617,1
3.315744638442993,1
3.696286678314209,1
3.772258758544922,1
3.6788692474365234,1
3.0781357288360596,1
3.1910784244537354,1
3.432440757751465,1
3.3922176361083984,1
4.167960166931152,1
4.318526744842529,1
4.607987403869629,1
3.7214179039001465,1
3.026937246322632,1
3.909174919128418,1
5.1732707023620605,1
3.8348584175109863,1
3.712188482284546,1
3.267831802368164,1
4.679681777954102,1
4.309484958648682,1
4.202720642089844,1
3.197556734085083,1
3.5609419345855713,1
3.617249011993408,1
4.058453559875488,1
3.5177972316741943,1
2.9451518058776855,1
3.7940919399261475,1
4.041627883911133,1
4.25820255279541,1
3.483483076095581,1
3.7319962978363037,1
3.671473264694214,1
4.13694429397583,1
3.8664703369140625,1
4.266424179077148,1
4.620466232299805,1
3.38381290435791,1
4.7563676834106445,1
4.314073085784912,1
4.527448654174805,1
4.601894378662109,1
4.16550350189209,1
4.1555304527282715,1
3.9424185752868652,1
3.6395857334136963,1
3.2676658630371094,1
4.03991174697876,1
4.501275062561035,1
3.5211548805236816,1
4.199458122253418,1
4.400195598602295,1
4.483083724975586,1
4.135469436645508,1
4.1128034591674805,1
3.981679916381836,1
4.353762626647949,1
4.0610175132751465,1
4.4115095138549805,1
3.825558662414551,1
3.828369140625,1
5.139753341674805,1
4.631112098693848,1
3.838932752609253,1
4.189854621887207,1
4.379014015197754,1
3.878587484359741,1
3.9801454544067383,1
4.262552261352539,1
3.669466972351074,1
4.107952117919922,1
4.926618576049805,1
4.207626819610596,1
4.471106052398682,1
3.9839634895324707,1
3.868926525115967,1
3.270479202270508,1
3.4176135063171387,1
4.113519668579102,1
4.022434711456299,1
4.050604343414307,1
3.4943246841430664,1
3.744420051574707,1
3.7516050338745117,1
3.1972343921661377,1
3.8255436420440674,1
3.8439364433288574,1
3.541083812713623,1
3.5924596786499023,1
3.2887122631073,1
3.5895497798919678,1
3.163167953491211,1
3.5558595657348633,1
3.878549814224243,1
3.7785699367523193,1
4.169656276702881,1
3.5204272270202637,1
3.4928207397460938,1
3.9412479400634766,1
3.726419448852539,1
4.274906158447266,1
4.10659122467041,1
3.950385808944702,1
4.267226219177246,1
3.7597427368164063,1
3.613828659057617,1
3.4489970207214355,1
3.5881991386413574,1
4.777912616729736,1
4.376495361328125,1
3.6409778594970703,1
3.418275833129883,1
3.653592348098755,1
3.599358558654785,1
3.7477052211761475,1
3.313723087310791,1
3.7393641471862793,1
3.7105259895324707,1
3.7716593742370605,1
3.6629931926727295,1
4.194134712219238,1
3.464200735092163,1
3.132286787033081,1
3.8495712280273438,1
3.939586877822876,1
3.2594802379608154,1
4.477497100830078,1
3.729477643966675,1
3.3486244678497314,1
4.1756415367126465,1
4.147729396820068,1
4.419078826904297,1
3.956296682357788,1
3.377804756164551,1
3.6981215476989746,1
3.2844045162200928,1
3.4848580360412598,1
3.781623363494873,1
3.3603615760803223,1
3.4560184478759766,1
4.418680667877197,1
3.7598631381988525,1
3.665801525115967,1
4.2251296043396,1
3.7868757247924805,1
3.803492784500122,1
3.747959613800049,1
2.9680445194244385,1
3.242868185043335,1
3.9419398307800293,1
3.671473503112793,1
3.2936031818389893,1
3.88480806350708,1
3.898672342300415,1
3.7348403930664063,1
3.643404722213745,1
4.77385139465332,1
3.6919562816619873,1
3.7209267616271973,1
3.5536160469055176,1
4.090468406677246,1
5.58045768737793,1
4.500129222869873,1
3.6930227279663086,1
3.830073595046997,1
4.6816911697387695,1
3.925532579421997,1
4.368781566619873,1
3.8595781326293945,1
3.2626852989196777,1
4.967221260070801,1
3.4691414833068848,1
4.467088222503662,1
3.760823965072632,1
3.3847293853759766,1
3.1173157691955566,1
4.103240013122559,1
4.238515853881836,1
3.5249695777893066,1
3.7897791862487793,1
3.862429618835449,1
3.1595981121063232,1
3.8518264293670654,1
4.063607692718506,1
3.549682140350342,1
3.6335909366607666,1
3.895634651184082,1
3.6654717922210693,1
3.5549674034118652,1
3.7302489280700684,1
3.7466530799865723,1
3.8389840126037598,1
4.191741943359375,1
3.7920937538146973,1
3.665963649749756,1
2.856175422668457,1
3.650240182876587,1
4.083463668823242,1
5.032597541809082,1
4.019686698913574,1
4.014500617980957,1
3.7762742042541504,1
3.7351293563842773,1
3.723128318786621,1
3.8749120235443115,1
3.8725059032440186,1
4.1660919189453125,1
3.676481246948242,1
3.569638729095459,1
4.5753679275512695,1
4.2161865234375,1
3.852351665496826,1
2.689180850982666,1
4.010066986083984,1
3.5558223724365234,1
3.873487710952759,1
3.9237260818481445,1
3.391589641571045,1
3.4675748348236084,1
3.1999616622924805,1
3.532214641571045,1
3.273052930831909,1
4.085020542144775,1
3.414872646331787,1
3.522181510925293,1
4.1040143966674805,1
3.5645527839660645,1
3.2668089866638184,1
3.7019436359405518,1
4.01568603515625,1
3.1578454971313477,1
3.2529144287109375,1
3.985607862472534,1
4.0311737060546875,1
3.2349414825439453,1
3.274838924407959,1
3.8640692234039307,1
3.4566149711608887,1
3.4306652545928955,1
3.5768613815307617,1
3.17741060256958,1
3.7905566692352295,1
3.580019474029541,1
3.1248388290405273,1
3.767561197280884,1
3.7502176761627197,1
4.101434707641602,1
3.051250457763672,1
3.232839584350586,1
3.941105604171753,1
3.6066808700561523,1
3.4527881145477295,1
3.7505781650543213,1
3.510216236114502,1
4.317506313323975,1
4.019010543823242,1
3.272214889526367,1
4.19498348236084,1
3.7133750915527344,1
3.9757535457611084,1
3.5847973823547363,1
3.125364065170288,1
3.810206890106201,1
3.434189796447754,1
3.721221923828125,1
3.5847253799438477,1
3.7451796531677246,1
3.7705345153808594,1
3.3436036109924316,1
3.756074905395508,1
3.5212085247039795,1
3.7321949005126953,1
3.713397979736328,1
3.744415760040283,1
3.707336902618408,1
3.384404182434082,1
3.512481689453125,1
3.098557233810425,1
3.12699031829834,1
3.9854748249053955,1
3.9454524517059326,1
3.0573604106903076,1
3.2945969104766846,1
4.236202239990234,1
4.070937156677246,1
5.548810005187988,1
3.635894775390625,1
4.112468719482422,1
4.687253475189209,1
4.083874225616455,1
4.49481201171875,1
4.444765090942383,1
3.4090185165405273,1
3.438354015350342,1
5.428991317749023,1
5.55385684967041,1
4.469169616699219,1
3.177743434906006,1
3.4854607582092285,1
4.340880393981934,1
4.899694442749023,1
4.625830173492432,1
3.0926170349121094,1
3.5549662113189697,1
3.2652039527893066,1
4.231751441955566,1
4.613883972167969,1
4.114516258239746,1
3.3173136711120605,1
3.6169328689575195,1
3.441655158996582,1
2.9316139221191406,1
3.7199437618255615,1
3.9771347045898438,1
3.902883291244507,1
3.584895610809326,1
3.7245402336120605,1
3.9372527599334717,1
2.798694610595703,1
3.135556936264038,1
3.485475540161133,1
3.3647799491882324,1
4.434683799743652,1
3.5437111854553223,1
3.6254730224609375,1
3.7959556579589844,1
3.7670810222625732,1
3.8755245208740234,1
3.8776979446411133,1
4.133356094360352,1
3.9018797874450684,1
3.7643728256225586,1
3.583303451538086,1
3.474241256713867,1
4.864229202270508,1
2.8587796688079834,1
4.110454559326172,1
3.4859232902526855,1
3.9533066749572754,1
3.3916797637939453,1
4.278667449951172,1
3.4499287605285645,1
3.57946515083313,1
4.15900182723999,1
3.750483989715576,1
3.488168478012085,1
3.7605788707733154,1
3.364123821258545,1
3.6122868061065674,1
3.7282116413116455,1
3.5871124267578125,1
3.143415927886963,1
3.8941688537597656,1
3.7134437561035156,1
3.7686104774475098,1
3.649289608001709,1
4.019477367401123,1
3.987011671066284,1
4.481074333190918,1
3.888291358947754,1
3.550002336502075,1
4.0429205894470215,1
3.5373101234436035,1
3.296233892440796,1
3.324960231781006,1
3.810176134109497,1
3.0359725952148438,1
4.045134544372559,1
3.5002479553222656,1
3.546071767807007,1
4.13748025894165,1
3.9829068183898926,1
3.761509895324707,1
3.632335901260376,1
3.2022786140441895,1
3.9367408752441406,1
3.401719093322754,1
3.9303274154663086,1
3.3729915618896484,1
3.153017520904541,1
3.885399103164673,1
3.8245325088500977,1
3.7426669597625732,1
4.3206706047058105,1
3.6697371006011963,1
3.1786937713623047,1
3.9395079612731934,1
3.3879661560058594,1
3.4972195625305176,1
3.3099594116210938,1
3.17861270904541,1
3.5356221199035645,1
3.516153335571289,1
4.011341094970703,1
4.0135064125061035,1
4.099633693695068,1
3.4605934619903564,1
4.062571048736572,1
3.872102737426758,1
3.105675220489502,1
3.435441017150879,1
2.992880344390869,1
3.072909355163574,1
3.3638384342193604,1
4.210426330566406,1
3.685385227203369,1
3.824035882949829,1
3.2611451148986816,1
4.048164367675781,1
3.3108606338500977,1
4.335742473602295,1
4.404955863952637,1
3.703082323074341,1
3.9130687713623047,1
4.433749198913574,1
3.726688861846924,1
3.4029486179351807,1
3.3090291023254395,1
3.491093397140503,1
4.4030890464782715,1
3.8121225833892822,1
3.2740859985351563,1
3.8321805000305176,1
3.553912878036499,1
3.434044361114502,1
3.346339225769043,1
3.625274658203125,1
4.288356304168701,1
3.9790730476379395,1
3.6879310607910156,1
3.5274057388305664,1
4.009345531463623,1
3.6623520851135254,1
3.2253551483154297,1
3.5581283569335938,1
3.7274398803710938,1
3.2506680488586426,1
3.574232578277588,1
3.641059160232544,1
3.282503604888916,1
4.351469993591309,1
2.8092875480651855,1
3.403455972671509,1
3.604541778564453,1
3.4449095726013184,1
3.8967599868774414,1
3.3069424629211426,1
3.403712749481201,1
4.339805603027344,1
3.3816709518432617,1
3.343557357788086,1
3.3727798461914063,1
3.7918550968170166,1
3.3890347480773926,1
3.4718055725097656,1
3.771514654159546,1
3.741140604019165,1
3.4130825996398926,1
4.164260387420654,1
2.9415526390075684,1
3.292501449584961,1
3.833237648010254,1
3.437673568725586,1
3.6077840328216553,1
3.519897937774658,1
3.6290860176086426,1
3.9836771488189697,1
3.680490493774414,1
3.6531119346618652,1
2.985440731048584,1
3.478724479675293,1
3.8121867179870605,1
3.746950387954712,1
4.395030975341797,1
3.3090333938598633,1
3.3246164321899414,1
3.421600818634033,1
3.2214741706848145,1
3.292185068130493,1
3.2224724292755127,1
2.681870460510254,1
3.876707077026367,1
4.23276948928833,1
4.806901931762695,1
5.470314979553223,1
5.029601097106934,1
3.9152660369873047,1
4.36950159072876,1
3.470968246459961,1
3.46523380279541,1
3.38814640045166,1
3.706544876098633,1
4.1305389404296875,1
4.385975360870361,1
4.146498680114746,1
4.95918083190918,1
5.038399696350098,1
3.810807704925537,1
3.9061667919158936,1
4.256984233856201,1
4.355731010437012,1
4.713405609130859,1
3.9961085319519043,1
3.9988231658935547,1
4.747495651245117,1
4.216073989868164,1
4.237789630889893,1
4.249606609344482,1
3.788133382797241,1
4.275852203369141,1
3.6531307697296143,1
3.477661371231079,1
3.6448869705200195,1
3.7059237957000732,1
3.9319968223571777,1
4.483526229858398,1
3.455962657928467,1
3.7634119987487793,1
4.01285457611084,1
4.459543228149414,1
4.038789749145508,1
3.666562080383301,1
3.3619565963745117,1
3.2350993156433105,1
3.539963483810425,1
3.6826279163360596,1
4.01351261138916,1
3.349245548248291,1
3.119567632675171,1
3.5079574584960938,1
3.5981860160827637,1
3.5445258617401123,1
3.4531350135803223,1
3.888375759124756,1
3.5947489738464355,1
3.666116714477539,1
4.129042625427246,1
3.3552637100219727,1
3.694667339324951,1
3.4375181198120117,1
4.009810447692871,1
3.6827173233032227,1
3.206603765487671,1
2.744900703430176,1
3.406172752380371,1
3.1180715560913086,1
3.30367374420166,1
3.7790229320526123,1
3.6616928577423096,1
4.266919136047363,1
3.314702272415161,1
3.3432857990264893,1
3.8290581703186035,1
4.7356157302856445,1
3.1024694442749023,1
3.2137560844421387,1
3.3366246223449707,1
3.652407646179199,1
3.268794298171997,1
3.3924765586853027,1
3.5652196407318115,1
3.8378102779388428,1
3.417881488800049,1
3.336838722229004,1
3.517793655395508,1
3.147700071334839,1
3.8348379135131836,1
3.6261162757873535,1
4.000314235687256,1
3.7965378761291504,1
3.400503396987915,1
3.703648090362549,1
3.6207101345062256,1
3.6534175872802734,1
3.453078508377075,1
3.0761361122131348,1
3.3748347759246826,1
3.6101160049438477,1
3.4275364875793457,1
3.627288818359375,1
3.7647876739501953,1
3.358475685119629,1
3.1295361518859863,1
3.8591465950012207,1
3.430875062942505,1
3.7998056411743164,1
3.575425148010254,1
4.196775913238525,1
3.5450682640075684,1
4.029691696166992,1
3.1683690547943115,1
3.3345859050750732,1
3.696276903152466,1
3.6041154861450195,1
3.695650100708008,1
3.640000343322754,1
3.782989025115967,1
4.005451202392578,1
3.485635757446289,1
3.237712860107422,1
3.5882346630096436,1
3.2743985652923584,1
3.885470390319824,1
5.064949035644531,1
4.982773780822754,1
5.35313081741333,1
3.658989906311035,1
4.216594696044922,1
3.798793077468872,1
3.6419975757598877,1
3.1843225955963135,1
3.665522575378418,1
3.323324680328369,1
3.90640926361084,1
3.304818868637085,1
3.4284801483154297,1
4.761229515075684,1
3.6358542442321777,1
3.237056255340576,1
3.2053136825561523,1
3.5750491619110107,1
3.6543657779693604,1
3.3499011993408203,1
3.914419412612915,1
3.875819683074951,1
3.3382797241210938,1
3.7754266262054443,1
3.50661301612854,1
4.6567230224609375,1
3.6604714393615723,1
4.119007110595703,1
3.6379358768463135,1
3.528510332107544,1
3.7791152000427246,1
3.692776679992676,1
3.1906604766845703,1
3.918936252593994,1
3.934251070022583,1
3.8084583282470703,1
3.742548942565918,1
3.443291664123535,1
4.039079666137695,1
3.531917095184326,1
4.035587310791016,1
3.1298694610595703,1
3.2319083213806152,1
4.165027141571045,1
4.006859302520752,1
3.669546127319336,1
3.35298228263855,1
3.312431573867798,1
3.361821174621582,1
3.287679672241211,1
3.033522129058838,1
3.6773791313171387,1
3.3909549713134766,1
4.107410907745361,1
3.5788516998291016,1
3.8667521476745605,1
3.486626625061035,1
3.208698034286499,1
3.429812431335449,1
3.5995826721191406,1
2.9882450103759766,1
3.7090907096862793,1
4.19148063659668,1
2.80173921585083,1
4.472599983215332,1
4.54325008392334,1
3.65547776222229,1
3.309535026550293,1
3.098310708999634,1
3.087615489959717,1
3.4859728813171387,1
3.1770665645599365,1
3.494774103164673,1
3.3235392570495605,1
3.877239227294922,1
3.1337084770202637,1
3.6595582962036133,1
3.5299668312072754,1
4.016541957855225,1
3.5994367599487305,1
3.90899658203125,1
3.5631117820739746,1
4.265804290771484,1
3.4809184074401855,1
3.8953375816345215,1
3.1207170486450195,1
