4.724661827087402,1
3.7775778770446777,1
4.645664215087891,1
4.53094482421875,1
4.566441535949707,1
4.33640718460083,1
3.550292491912842,1
4.158721446990967,1
3.8739209175109863,1
3.879026412963867,1
4.429498672485352,1
4.491541385650635,1
3.9503002166748047,1
3.7642345428466797,1
4.187958240509033,1
3.9885306358337402,1
3.404430866241455,1
3.4744863510131836,1
3.837641477584839,1
3.312723398208618,1
4.071192741394043,1
3.5888710021972656,1
3.4259800910949707,1
4.709766387939453,1
3.850954055786133,1
3.816767930984497,1
4.468768119812012,1
4.009593486785889,1
3.3155088424682617,1
3.7807347774505615,1
3.595151901245117,1
4.144845485687256,1
3.9143576622009277,1
4.68112850189209,1
3.2927966117858887,1
4.129434108734131,1
4.082856178283691,1
3.5134198665618896,1
3.903445243835449,1
3.4485573768615723,1
3.4661123752593994,1
4.064784526824951,1
3.8190479278564453,1
3.724815845489502,1
3.7336699962615967,1
3.7492587566375732,1
3.7113664150238037,1
4.637327671051025,1
3.6825876235961914,1
3.7512025833129883,1
4.0085859298706055,1
3.572579860687256,1
3.862974166870117,1
3.3874313831329346,1
3.352631092071533,1
3.488161563873291,1
3.894728899002075,1
4.003586769104004,1
4.182046890258789,1
3.812681198120117,1
4.4226789474487305,1
3.784712791442871,1
3.951162099838257,1
4.001943111419678,1
3.9623584747314453,1
3.6689839363098145,1
4.043391704559326,1
3.169002056121826,1
4.085134506225586,1
4.073036193847656,1
3.611236572265625,1
4.081146240234375,1
3.6576714515686035,1
4.14031457901001,1
3.3076114654541016,1
4.195400238037109,1
4.196286201477051,1
3.339195489883423,1
3.833601951599121,1
3.3137922286987305,1
3.2128472328186035,1
4.697976112365723,1
3.495138168334961,1
3.897531032562256,1
3.4662482738494873,1
4.010948181152344,1
3.911414861679077,1
3.727275848388672,1
3.8149185180664063,1
3.697721004486084,1
3.5992627143859863,1
3.887770414352417,1
3.8800950050354004,1
3.6157963275909424,1
3.5778229236602783,1
3.947521209716797,1
3.6044437885284424,1
4.072938442230225,1
3.810670852661133,1
3.7901456356048584,1
3.6384758949279785,1
3.4034156799316406,1
3.696166515350342,1
3.666297435760498,1
3.3691372871398926,1
4.146583557128906,1
3.3328053951263428,1
3.9104831218719482,1
3.8153927326202393,1
3.5032384395599365,1
3.8103885650634766,1
3.538025379180908,1
3.625415325164795,1
4.016253471374512,1
3.8139898777008057,1
3.6049461364746094,1
3.559504985809326,1
4.0122809410095215,1
3.725764274597168,1
3.3550541400909424,1
4.024283409118652,1
4.13426399230957,1
3.6937127113342285,1
4.192964553833008,1
4.001676559448242,1
3.825364351272583,1
4.183618545532227,1
3.902543306350708,1
3.8343679904937744,1
3.5302574634552,1
3.7057933807373047,1
3.8405232429504395,1
3.8679418563842773,1
2.9702465534210205,1
3.7044897079467773,1
4.107373237609863,1
4.010638236999512,1
4.418275833129883,1
3.700697183609009,1
3.8159232139587402,1
4.782042503356934,1
5.069897651672363,1
3.9195194244384766,1
3.6176955699920654,1
4.137982368469238,1
4.03437614440918,1
3.861421823501587,1
3.8232455253601074,1
3.566361427307129,1
3.515002727508545,1
3.606297492980957,1
4.159337520599365,1
3.476818561553955,1
3.8229808807373047,1
4.21065616607666,1
4.805815696716309,1
4.199094772338867,1
4.106358051300049,1
3.832724094390869,1
3.6166670322418213,1
3.9078049659729004,1
3.1811013221740723,1
3.5989813804626465,1
3.537257671356201,1
3.231947422027588,1
4.017884254455566,1
4.471480369567871,1
4.259596824645996,1
3.6179561614990234,1
3.918158531188965,1
4.156986713409424,1
3.6191177368164063,1
3.557445526123047,1
3.829078197479248,1
4.142862319946289,1
3.9217967987060547,1
3.9560797214508057,1
3.3328752517700195,1
3.434495687484741,1
3.3373916149139404,1
4.9399614334106445,1
4.811907768249512,1
3.6682369709014893,1
4.381750106811523,1
4.630489826202393,1
3.6954662799835205,1
3.964590549468994,1
4.002077102661133,1
4.554196357727051,1
3.928114414215088,1
3.9130709171295166,1
4.19652795791626,1
3.593879222869873,1
4.468756198883057,1
3.6196117401123047,1
4.197649002075195,1
4.267226219177246,1
3.9650027751922607,1
4.408011436462402,1
3.830937385559082,1
3.6638457775115967,1
4.145305633544922,1
3.4649176597595215,1
3.380721092224121,1
3.584597587585449,1
4.055968284606934,1
3.9597177505493164,1
4.034920692443848,1
3.706573724746704,1
3.305691957473755,1
3.674006223678589,1
3.4162983894348145,1
3.482245445251465,1
3.5933070182800293,1
4.1457319259643555,1
3.654473066329956,1
3.4237420558929443,1
4.394992828369141,1
3.5090863704681396,1
3.444244384765625,1
3.288473606109619,1
4.278263568878174,1
3.7311253547668457,1
3.73459792137146,1
3.531230926513672,1
3.561432361602783,1
3.931610345840454,1
4.092042922973633,1
4.170446872711182,1
3.5853071212768555,1
3.296635389328003,1
3.9232773780822754,1
3.6915431022644043,1
3.693457841873169,1
3.996616840362549,1
3.787557363510132,1
4.093692302703857,1
4.147550582885742,1
4.045051097869873,1
3.771118640899658,1
3.612978458404541,1
3.960669755935669,1
4.152464866638184,1
3.905470371246338,1
3.398552179336548,1
3.8569936752319336,1
3.7621614933013916,1
3.3963465690612793,1
3.66684889793396,1
3.559332847595215,1
4.000006675720215,1
3.453354835510254,1
3.8413076400756836,1
3.7768702507019043,1
3.4339890480041504,1
3.849860906600952,1
3.5702738761901855,1
3.921372890472412,1
3.8164377212524414,1
3.6916346549987793,1
3.8505592346191406,1
3.5090365409851074,1
3.4265964031219482,1
4.050357341766357,1
4.205235958099365,1
4.009933948516846,1
3.3835606575012207,1
3.934689521789551,1
3.6849091053009033,1
3.9033517837524414,1
4.074527740478516,1
4.120309829711914,1
3.5798535346984863,1
3.6626439094543457,1
3.9471206665039063,1
3.0829594135284424,1
3.742654323577881,1
3.359504222869873,1
4.2534942626953125,1
3.818284511566162,1
4.090393543243408,1
3.9300894737243652,1
3.7046332359313965,1
4.623444080352783,1
4.201305866241455,1
4.210390090942383,1
4.299001693725586,1
4.120820045471191,1
3.8534579277038574,1
4.2280378341674805,1
4.02644157409668,1
4.258974552154541,1
4.492674827575684,1
3.942607879638672,1
4.391601085662842,1
5.39804744720459,1
5.649235725402832,1
3.9710633754730225,1
3.7562527656555176,1
6.7523722648620605,1
4.955699920654297,1
5.065524578094482,1
3.3091588020324707,1
3.8296031951904297,1
4.456790924072266,1
4.553923606872559,1
4.338491439819336,1
4.279338836669922,1
3.9437637329101563,1
4.158763885498047,1
3.983985662460327,1
3.9352216720581055,1
4.069967269897461,1
4.235464096069336,1
3.5973381996154785,1
3.831584930419922,1
3.8675479888916016,1
3.987980842590332,1
4.260821342468262,1
3.9908719062805176,1
4.140920162200928,1
3.3858916759490967,1
3.975142002105713,1
3.8141181468963623,1
4.020107746124268,1
3.8388233184814453,1
3.852557897567749,1
4.022942066192627,1
3.921762704849243,1
4.563955307006836,1
4.195959091186523,1
4.011509895324707,1
3.6069884300231934,1
4.45297908782959,1
3.9373273849487305,1
3.659335136413574,1
3.616274833679199,1
4.084312915802002,1
4.244405746459961,1
4.326065540313721,1
4.277022361755371,1
3.4346914291381836,1
3.8576414585113525,1
3.5387415885925293,1
3.9160335063934326,1
3.889634370803833,1
3.662924289703369,1
3.881333827972412,1
3.3827075958251953,1
3.818842887878418,1
3.628689765930176,1
3.695680856704712,1
3.4010603427886963,1
3.6120645999908447,1
3.5741329193115234,1
3.970496892929077,1
3.8493876457214355,1
4.0761518478393555,1
3.672487258911133,1
3.651761531829834,1
3.7857279777526855,1
3.572967529296875,1
3.3719654083251953,1
3.4453539848327637,1
3.6613221168518066,1
3.3992743492126465,1
4.336565017700195,1
4.2400665283203125,1
3.4867427349090576,1
3.6111245155334473,1
4.173734188079834,1
3.771940231323242,1
3.5483882427215576,1
3.8886780738830566,1
3.927752733230591,1
4.263227462768555,1
4.213527202606201,1
3.5733401775360107,1
3.5685434341430664,1
4.5042724609375,1
3.9575347900390625,1
3.502345085144043,1
4.013303279876709,1
3.669166088104248,1
3.5240373611450195,1
3.598115921020508,1
3.945436954498291,1
3.8788223266601563,1
4.567384719848633,1
4.363778114318848,1
4.18520975112915,1
3.7208611965179443,1
3.066298484802246,1
3.6948447227478027,1
4.119194984436035,1
3.96370005607605,1
3.5057592391967773,1
4.150864601135254,1
3.6377010345458984,1
3.904498338699341,1
4.240962982177734,1
5.903569221496582,1
3.977931499481201,1
4.020573139190674,1
4.465919017791748,1
4.156430244445801,1
4.5356340408325195,1
4.344460964202881,1
4.426955699920654,1
4.565853595733643,1
4.282132148742676,1
3.911242961883545,1
3.856403112411499,1
4.222051620483398,1
3.8993968963623047,1
3.7885828018188477,1
3.8108115196228027,1
4.085541725158691,1
3.3351950645446777,1
3.923025369644165,1
3.88751482963562,1
3.994126796722412,1
3.953967332839966,1
3.5792417526245117,1
4.01658821105957,1
3.93975830078125,1
3.9325685501098633,1
3.9768247604370117,1
4.009284973144531,1
4.067149639129639,1
3.9127044677734375,1
3.47871470451355,1
4.072074890136719,1
4.7938642501831055,1
4.253992557525635,1
3.964312791824341,1
3.600376605987549,1
3.837118625640869,1
3.626157522201538,1
3.6445369720458984,1
4.030762195587158,1
3.8742804527282715,1
3.502309560775757,1
3.6411232948303223,1
3.7755544185638428,1
4.448265075683594,1
3.7502517700195313,1
3.3757483959198,1
3.605600118637085,1
3.2985002994537354,1
4.3436174392700195,1
4.21430778503418,1
4.156351089477539,1
4.688851356506348,1
4.232008457183838,1
3.942533493041992,1
3.8275516033172607,1
3.6886181831359863,1
3.6633822917938232,1
4.417542457580566,1
3.4834952354431152,1
3.529139995574951,1
3.7704918384552,1
3.988504409790039,1
4.081035614013672,1
4.151032447814941,1
3.0513739585876465,1
4.306095123291016,1
3.823798894882202,1
3.552595853805542,1
3.6421303749084473,1
3.602428436279297,1
3.9274771213531494,1
4.052563667297363,1
3.6977643966674805,1
3.7227835655212402,1
3.9865047931671143,1
3.5397472381591797,1
3.750391960144043,1
3.7716057300567627,1
4.2103118896484375,1
4.6139326095581055,1
3.6865391731262207,1
3.4817147254943848,1
4.848448753356934,1
3.7901222705841064,1
4.601257801055908,1
4.487028121948242,1
3.663466691970825,1
4.45836067199707,1
4.203289031982422,1
4.6238932609558105,1
3.6904032230377197,1
4.088869571685791,1
4.448957443237305,1
3.7729053497314453,1
3.8117802143096924,1
3.7269253730773926,1
2.8948974609375,1
3.6151485443115234,1
3.6852221488952637,1
4.3980021476745605,1
3.705172538757324,1
4.4166741371154785,1
3.9540042877197266,1
3.681415557861328,1
4.3702192306518555,1
4.928952217102051,1
4.173739910125732,1
3.633732318878174,1
3.846247673034668,1
3.8360843658447266,1
3.8417201042175293,1
3.861644744873047,1
4.216963291168213,1
4.331880569458008,1
4.455727577209473,1
3.5587639808654785,1
3.9994142055511475,1
4.251523017883301,1
3.815120220184326,1
4.899240493774414,1
3.4958133697509766,1
3.696312665939331,1
3.1750919818878174,1
3.7590909004211426,1
3.7569375038146973,1
3.6446964740753174,1
4.02576208114624,1
3.7038819789886475,1
3.8892531394958496,1
4.5192108154296875,1
3.637406349182129,1
3.9586119651794434,1
3.9529852867126465,1
3.1587448120117188,1
3.905520439147949,1
3.6842098236083984,1
3.9799959659576416,1
4.306146621704102,1
4.058741569519043,1
3.6208832263946533,1
4.215848922729492,1
3.6439719200134277,1
3.7953202724456787,1
4.041721343994141,1
4.42472505569458,1
4.0201029777526855,1
3.496229648590088,1
4.3243255615234375,1
4.231265068054199,1
3.9543204307556152,1
3.832632541656494,1
3.729397773742676,1
4.088112831115723,1
4.185038089752197,1
4.085914611816406,1
3.731780529022217,1
3.423847198486328,1
3.7969088554382324,1
4.495725631713867,1
4.449767589569092,1
3.281787395477295,1
3.6987009048461914,1
3.729597568511963,1
3.68878436088562,1
3.9666390419006348,1
4.090490341186523,1
3.8609511852264404,1
4.267548561096191,1
3.632640838623047,1
3.7705941200256348,1
4.041347503662109,1
3.4221155643463135,1
4.25926399230957,1
4.62101411819458,1
4.122771739959717,1
4.348991870880127,1
3.67118239402771,1
3.8874292373657227,1
3.842344045639038,1
3.9266295433044434,1
3.8853702545166016,1
3.6290054321289063,1
3.8607754707336426,1
3.7139248847961426,1
3.187177896499634,1
3.678562879562378,1
3.078314781188965,1
4.00447940826416,1
4.081610679626465,1
3.9935483932495117,1
3.8718934059143066,1
3.757350206375122,1
4.09825325012207,1
5.358569145202637,1
3.309664487838745,1
3.2574551105499268,1
3.8639495372772217,1
3.6901791095733643,1
3.9405417442321777,1
3.8329200744628906,1
3.521561622619629,1
3.8989100456237793,1
3.9857470989227295,1
4.045139312744141,1
4.526506423950195,1
3.4591686725616455,1
3.6862893104553223,1
3.7282168865203857,1
3.607933521270752,1
4.4955949783325195,1
3.5671579837799072,1
4.186554431915283,1
3.982097864151001,1
3.481057643890381,1
4.063141345977783,1
4.117596626281738,1
4.327604293823242,1
4.240510940551758,1
3.405444860458374,1
3.430814266204834,1
3.8618874549865723,1
3.5969953536987305,1
3.634793281555176,1
3.312201976776123,1
4.011540412902832,1
3.6779448986053467,1
3.369007110595703,1
3.5363948345184326,1
3.868354320526123,1
3.8576056957244873,1
3.8393499851226807,1
3.990128517150879,1
3.647998094558716,1
3.3498752117156982,1
3.632594585418701,1
3.7350573539733887,1
3.900597333908081,1
4.106424808502197,1
4.209623336791992,1
3.453944444656372,1
3.738964319229126,1
3.654999017715454,1
3.4414167404174805,1
3.5438737869262695,1
3.672308921813965,1
4.040607452392578,1
3.9426026344299316,1
3.8208138942718506,1
3.242007255554199,1
4.169793128967285,1
3.752805709838867,1
3.817540168762207,1
3.4840543270111084,1
3.8026857376098633,1
3.535989761352539,1
4.7329792976379395,1
3.8566999435424805,1
3.539304256439209,1
3.447984457015991,1
5.372220993041992,1
5.234652519226074,1
3.879723310470581,1
3.978477954864502,1
5.458273887634277,1
4.531689643859863,1
4.215264797210693,1
3.73175048828125,1
4.323514938354492,1
4.123976707458496,1
4.047022342681885,1
4.527372360229492,1
3.969167709350586,1
4.64577579498291,1
3.809372901916504,1
4.128533840179443,1
4.13022518157959,1
4.019267559051514,1
4.15673828125,1
4.111184597015381,1
3.876345157623291,1
3.7220921516418457,1
4.608672142028809,1
4.081838607788086,1
4.062838077545166,1
3.7099852561950684,1
3.6660451889038086,1
4.150860786437988,1
4.319326877593994,1
3.6394007205963135,1
3.8695144653320313,1
3.9155356884002686,1
3.5707335472106934,1
3.460486888885498,1
3.5985381603240967,1
3.799452304840088,1
3.676060438156128,1
4.106013298034668,1
4.291725158691406,1
3.711484670639038,1
4.1732354164123535,1
3.6694164276123047,1
3.763673782348633,1
3.756924629211426,1
3.493663787841797,1
3.606778621673584,1
3.610774040222168,1
3.823390007019043,1
3.5040698051452637,1
3.54597544670105,1
4.050103187561035,1
4.547817230224609,1
3.899749279022217,1
4.34395170211792,1
4.45803165435791,1
3.7327146530151367,1
5.069648742675781,1
4.545558929443359,1
4.100826263427734,1
3.7785072326660156,1
5.002011775970459,1
3.979036331176758,1
3.833418369293213,1
3.5069093704223633,1
3.9997568130493164,1
3.702876091003418,1
4.416031837463379,1
4.450926780700684,1
3.650242805480957,1
3.630443572998047,1
4.158318042755127,1
3.663125514984131,1
4.19815731048584,1
4.413918495178223,1
4.045291900634766,1
3.6926827430725098,1
4.217782020568848,1
3.903292655944824,1
4.30667781829834,1
3.7104086875915527,1
3.6479439735412598,1
4.133548736572266,1
4.11225700378418,1
4.118922233581543,1
3.6439809799194336,1
4.001361846923828,1
3.860272169113159,1
3.5018742084503174,1
3.611262083053589,1
3.965048313140869,1
4.092376232147217,1
4.774419784545898,1
3.658461570739746,1
3.9006335735321045,1
4.098304748535156,1
3.6169400215148926,1
3.981747627258301,1
3.723538398742676,1
4.813863754272461,1
3.6516623497009277,1
3.917522430419922,1
3.5300421714782715,1
4.144026279449463,1
3.4041547775268555,1
4.1333327293396,1
3.9948196411132813,1
4.593149185180664,1
3.735114574432373,1
4.066275596618652,1
3.9369750022888184,1
3.2244606018066406,1
3.7310166358947754,1
3.361262321472168,1
4.517131805419922,1
4.142188549041748,1
3.6621809005737305,1
5.236323833465576,1
6.152215480804443,1
5.211234092712402,1
4.035292625427246,1
4.649879455566406,1
5.026989936828613,1
5.366458415985107,1
5.885286331176758,1
3.7052574157714844,1
4.038095474243164,1
4.20008659362793,1
4.249490737915039,1
4.458062171936035,1
4.363396644592285,1
4.23878288269043,1
4.295321464538574,1
4.221744537353516,1
4.120574951171875,1
4.259742259979248,1
3.801882028579712,1
4.858895301818848,1
4.207390308380127,1
3.842777967453003,1
4.22370719909668,1
4.1708574295043945,1
4.1292033195495605,1
3.9616470336914063,1
3.9298832416534424,1
4.1152801513671875,1
3.751554012298584,1
3.5198898315429688,1
3.5313098430633545,1
3.6515040397644043,1
3.805272340774536,1
4.762743949890137,1
4.066586494445801,1
3.787257194519043,1
3.2257578372955322,1
4.425981044769287,1
3.766752243041992,1
4.153437614440918,1
3.7041215896606445,1
3.756016492843628,1
3.5540268421173096,1
3.3269731998443604,1
3.1734747886657715,1
4.1239013671875,1
3.7892866134643555,1
4.641061305999756,1
3.589566707611084,1
3.5809788703918457,1
3.761986017227173,1
3.5352210998535156,1
3.991523265838623,1
4.141982078552246,1
4.119907379150391,1
3.869459390640259,1
3.484837770462036,1
3.496711254119873,1
5.525941848754883,1
3.754855155944824,1
3.6419644355773926,1
3.8160641193389893,1
3.9374542236328125,1
4.0936431884765625,1
3.6092021465301514,1
3.756959915161133,1
3.560990810394287,1
3.4925284385681152,1
3.303408145904541,1
3.3214311599731445,1
3.7625465393066406,1
4.260876178741455,1
3.653897523880005,1
3.413961887359619,1
4.018328666687012,1
3.815537452697754,1
3.9835500717163086,1
3.7263524532318115,1
3.660977840423584,1
3.668038845062256,1
3.571031093597412,1
3.647998809814453,1
3.4161458015441895,1
3.903071641921997,1
3.750913381576538,1
3.521477699279785,1
3.5507254600524902,1
3.2720108032226563,1
3.787147045135498,1
3.241229295730591,1
4.327216625213623,1
3.648670196533203,1
3.766383647918701,1
3.319805145263672,1
3.2952804565429688,1
4.106040954589844,1
3.6335744857788086,1
3.853337287902832,1
3.4985384941101074,1
3.857870578765869,1
3.6571147441864014,1
3.393700122833252,1
3.8822684288024902,1
4.4247236251831055,1
3.8440356254577637,1
3.7696914672851563,1
4.073019027709961,1
3.591649055480957,1
3.9506826400756836,1
4.359851837158203,1
4.09623384475708,1
4.109127998352051,1
3.92787504196167,1
4.038906574249268,1
4.047840118408203,1
3.6081371307373047,1
3.389669418334961,1
4.519016265869141,1
4.991298675537109,1
4.216014862060547,1
3.348905086517334,1
4.243746757507324,1
4.996700286865234,1
4.159848213195801,1
4.1374125480651855,1
4.1130757331848145,1
4.480592727661133,1
4.44366455078125,1
4.321382999420166,1
4.325231075286865,1
4.371055603027344,1
4.053314685821533,1
3.788485527038574,1
4.124417304992676,1
5.294192314147949,1
3.76819109916687,1
4.256381988525391,1
3.945352554321289,1
3.8001930713653564,1
4.119251251220703,1
3.847576379776001,1
4.095166206359863,1
3.917161703109741,1
4.820746421813965,1
4.780911445617676,1
3.3830935955047607,1
3.3269712924957275,1
4.017419815063477,1
4.513747692108154,1
4.235561370849609,1
4.503817558288574,1
3.844224452972412,1
3.983476400375366,1
3.700143814086914,1
3.9310643672943115,1
3.972914457321167,1
3.55246639251709,1
3.899630308151245,1
3.254476547241211,1
3.8654839992523193,1
3.2705955505371094,1
3.9226088523864746,1
3.985318183898926,1
3.885390281677246,1
3.446840763092041,1
3.826157331466675,1
3.5076842308044434,1
3.8390493392944336,1
4.207973480224609,1
3.8692102432250977,1
3.7312393188476563,1
4.332286357879639,1
4.091346740722656,1
4.183062553405762,1
4.442334175109863,1
3.4705379009246826,1
3.937816619873047,1
4.016298294067383,1
3.415116786956787,1
3.1946353912353516,1
3.3053030967712402,1
4.110866546630859,1
4.358564376831055,1
4.733206272125244,1
3.4450082778930664,1
4.413106918334961,1
4.114023685455322,1
3.5338327884674072,1
3.8762707710266113,1
4.198252201080322,1
3.7166860103607178,1
3.9625396728515625,1
3.6188507080078125,1
4.277776718139648,1
4.042308807373047,1
3.71250057220459,1
3.9854142665863037,1
3.6671714782714844,1
3.4381847381591797,1
4.448873519897461,1
4.112256050109863,1
4.181466102600098,1
4.066994667053223,1
3.611593723297119,1
4.587498188018799,1
4.248936653137207,1
4.341070175170898,1
3.9605259895324707,1
4.044854164123535,1
3.55914044380188,1
3.0911121368408203,1
4.02046537399292,1
3.6503100395202637,1
3.6128852367401123,1
3.9655580520629883,1
3.843904733657837,1
3.816744327545166,1
3.6632027626037598,1
4.984278678894043,1
4.1406965255737305,1
3.7305068969726563,1
3.9936773777008057,1
4.061628818511963,1
3.539182662963867,1
4.246055603027344,1
4.44298791885376,1
3.7772960662841797,1
4.368006706237793,1
4.392115592956543,1
3.966580629348755,1
3.86706280708313,1
3.7143783569335938,1
4.796734809875488,1
4.268404483795166,1
3.706897735595703,1
3.4309587478637695,1
4.081273555755615,1
3.7269370555877686,1
4.427844047546387,1
4.028295516967773,1
4.282762050628662,1
4.70862340927124,1
4.014021873474121,1
3.2524991035461426,1
3.9544692039489746,1
3.643735885620117,1
3.1510281562805176,1
3.39143967628479,1
3.414821147918701,1
5.097253799438477,1
4.09567928314209,1
3.8982372283935547,1
3.9908366203308105,1
3.9967689514160156,1
4.3842620849609375,1
3.8040547370910645,1
3.9634060859680176,1
3.8367998600006104,1
3.4102373123168945,1
4.370745658874512,1
4.492684841156006,1
4.334195137023926,1
3.5093491077423096,1
3.92360520362854,1
3.847731351852417,1
4.745439052581787,1
3.6556432247161865,1
3.6766204833984375,1
3.8456013202667236,1
3.8096470832824707,1
4.077845573425293,1
3.61830472946167,1
4.197700500488281,1
4.41395378112793,1
3.483337879180908,1
3.426090717315674,1
3.5559377670288086,1
3.3104186058044434,1
4.484295845031738,1
4.408438682556152,1
4.86662483215332,1
3.2333922386169434,1
3.4109253883361816,1
3.587369918823242,1
3.438499689102173,1
4.099574089050293,1
3.263094663619995,1
4.115783214569092,1
4.031494140625,1
3.6442558765411377,1
3.807067394256592,1
4.158233165740967,1
3.9458930492401123,1
3.7168588638305664,1
3.3877429962158203,1
3.2052571773529053,1
4.006911277770996,1
3.3393843173980713,1
3.699554920196533,1
4.010534286499023,1
3.77176570892334,1
4.0538153648376465,1
3.6801810264587402,1
3.208146572113037,1
3.7498180866241455,1
3.6175594329833984,1
4.404510498046875,1
3.745767831802368,1
4.173897743225098,1
4.337331295013428,1
3.7981691360473633,1
3.6217737197875977,1
4.419074058532715,1
3.642801523208618,1
3.4647552967071533,1
3.533691644668579,1
3.6921496391296387,1
3.04545259475708,1
4.263382434844971,1
3.692990779876709,1
3.710463047027588,1
3.6065900325775146,1
3.757859945297241,1
4.039456367492676,1
3.0373055934906006,1
3.345003128051758,1
3.615846872329712,1
3.9456467628479004,1
3.8109095096588135,1
3.747602939605713,1
3.460712194442749,1
3.7401278018951416,1
3.4868040084838867,1
4.28800106048584,1
3.357529401779175,1
3.6737165451049805,1
3.338162422180176,1
3.46675181388855,1
3.5331878662109375,1
3.8959665298461914,1
4.14980411529541,1
3.8840339183807373,1
4.855452537536621,1
3.6606791019439697,1
3.566473960876465,1
3.765812873840332,1
3.762118339538574,1
3.7249202728271484,1
3.7386739253997803,1
3.5605130195617676,1
3.5176663398742676,1
3.7333388328552246,1
3.8726155757904053,1
3.817153215408325,1
2.934037208557129,1
4.040377616882324,1
4.0243706703186035,1
3.952467679977417,1
3.7119083404541016,1
3.761950969696045,1
3.520909070968628,1
3.843966484069824,1
4.455921173095703,1
4.153810501098633,1
3.6936216354370117,1
4.2528886795043945,1
4.422410011291504,1
3.620570182800293,1
3.9631733894348145,1
5.234139442443848,1
4.861406326293945,1
4.189691066741943,1
3.801571846008301,1
5.218666076660156,1
4.250738143920898,1
4.029719352722168,1
3.867887020111084,1
3.832705497741699,1
4.434944152832031,1
4.556203842163086,1
3.8565919399261475,1
3.4105405807495117,1
3.7810654640197754,1
4.122409820556641,1
4.081879615783691,1
3.8707990646362305,1
3.8463168144226074,1
3.5096936225891113,1
4.376363277435303,1
3.801027774810791,1
3.7496893405914307,1
4.862776279449463,1
4.492448806762695,1
4.363595485687256,1
3.923981189727783,1
3.835940361022949,1
3.8789305686950684,1
4.0359697341918945,1
3.6617846488952637,1
5.121260643005371,1
4.094935417175293,1
3.52167010307312,1
4.326333045959473,1
4.079549789428711,1
4.454845428466797,1
4.658036231994629,1
4.360666751861572,1
3.9894909858703613,1
4.184852123260498,1
4.221281051635742,1
4.502510070800781,1
4.001952648162842,1
4.933036804199219,1
3.4824647903442383,1
4.250435829162598,1
3.8343653678894043,1
4.157877445220947,1
3.6565778255462646,1
3.6555676460266113,1
3.995215892791748,1
3.7580509185791016,1
3.7897281646728516,1
3.8792805671691895,1
3.0765914916992188,1
4.0353569984436035,1
3.874725341796875,1
3.658602714538574,1
3.50667667388916,1
3.495014190673828,1
3.3332679271698,1
3.545395851135254,1
3.4884533882141113,1
3.619523763656616,1
3.9299185276031494,1
4.362948417663574,1
3.695338726043701,1
4.109516143798828,1
4.378270149230957,1
4.697254180908203,1
4.672717094421387,1
4.295714378356934,1
4.940626621246338,1
3.9649293422698975,1
4.273980617523193,1
3.8756065368652344,1
3.6539125442504883,1
4.571160793304443,1
3.070457935333252,1
3.3569657802581787,1
3.51090145111084,1
3.8418960571289063,1
3.6225361824035645,1
3.9425270557403564,1
3.610874652862549,1
4.050562858581543,1
3.4570560455322266,1
3.5223615169525146,1
3.699014902114868,1
4.075793266296387,1
3.9325413703918457,1
4.315164566040039,1
4.411413192749023,1
3.2802743911743164,1
3.6291608810424805,1
4.105656623840332,1
4.281510829925537,1
3.7192728519439697,1
3.663860321044922,1
3.5609612464904785,1
3.742128610610962,1
3.9692180156707764,1
3.671074867248535,1
3.8764424324035645,1
3.8953230381011963,1
4.859714984893799,1
3.898017644882202,1
4.313700199127197,1
3.9193506240844727,1
4.151759147644043,1
3.7920470237731934,1
3.5163321495056152,1
3.321730613708496,1
3.786358118057251,1
3.557349681854248,1
3.7376692295074463,1
3.8584401607513428,1
3.7147912979125977,1
3.6381423473358154,1
4.330910682678223,1
3.6044232845306396,1
3.5939290523529053,1
3.9589452743530273,1
3.541139602661133,1
3.7498462200164795,1
3.71409273147583,1
3.9317116737365723,1
4.334979057312012,1
5.39520263671875,1
4.327511787414551,1
3.876873016357422,1
4.23510217666626,1
5.938581943511963,1
5.9750776290893555,1
5.541645050048828,1
4.257876396179199,1
3.8907008171081543,1
3.6997408866882324,1
3.6875667572021484,1
3.8986029624938965,1
3.1151976585388184,1
3.852813482284546,1
4.4152984619140625,1
3.7002084255218506,1
3.6038262844085693,1
4.053928375244141,1
3.8140268325805664,1
4.228094100952148,1
4.1041364669799805,1
3.492485284805298,1
3.5503177642822266,1
3.821305274963379,1
4.482838153839111,1
3.7332053184509277,1
4.199037551879883,1
3.8527212142944336,1
4.394168853759766,1
3.5339839458465576,1
3.4261374473571777,1
3.6299386024475098,1
3.9538848400115967,1
3.7889533042907715,1
3.3950936794281006,1
3.698098659515381,1
3.602736234664917,1
3.758993625640869,1
3.937898635864258,1
3.8711163997650146,1
4.437458038330078,1
4.334395408630371,1
3.52384877204895,1
4.016620635986328,1
3.6227264404296875,1
3.3573718070983887,1
4.398738861083984,1
4.165072441101074,1
3.630936622619629,1
4.1458024978637695,1
3.8903002738952637,1
3.7642691135406494,1
4.21543025970459,1
3.724580764770508,1
3.4312610626220703,1
3.3400049209594727,1
3.3766121864318848,1
4.129273891448975,1
3.768789768218994,1
4.407753944396973,1
3.711317777633667,1
4.019186973571777,1
3.5304672718048096,1
4.339155197143555,1
3.6143503189086914,1
3.3498339653015137,1
4.395432472229004,1
4.542679786682129,1
5.113935470581055,1
4.982764720916748,1
4.787646770477295,1
4.103468894958496,1
4.797728538513184,1
5.909575462341309,1
4.5589823722839355,1
4.391366004943848,1
3.656757116317749,1
4.565706253051758,1
4.148192882537842,1
4.074098587036133,1
3.748290777206421,1
3.7519023418426514,1
3.7185983657836914,1
3.843646764755249,1
3.8500680923461914,1
3.699103593826294,1
3.1911258697509766,1
4.044213771820068,1
4.017247200012207,1
3.7979824542999268,1
4.123773574829102,1
3.6895313262939453,1
3.6535024642944336,1
3.766700267791748,1
3.6537225246429443,1
4.240401268005371,1
4.556204795837402,1
4.081377983093262,1
3.8961212635040283,1
3.4189229011535645,1
4.49992561340332,1
3.9989166259765625,1
4.609010219573975,1
3.808043956756592,1
3.9501774311065674,1
4.132871627807617,1
3.5456018447875977,1
4.059279441833496,1
3.4463002681732178,1
4.08599853515625,1
4.127721309661865,1
3.955471992492676,1
4.009310722351074,1
3.492767333984375,1
3.5967578887939453,1
3.668691635131836,1
3.5624327659606934,1
4.470284461975098,1
3.2159981727600098,1
3.6045265197753906,1
3.28438138961792,1
3.7403035163879395,1
4.2428789138793945,1
3.95626163482666,1
3.652527332305908,1
4.108087539672852,1
3.743619203567505,1
3.404468297958374,1
3.7239043712615967,1
3.750119209289551,1
3.512025833129883,1
3.6203231811523438,1
3.6320340633392334,1
4.074167251586914,1
3.7190160751342773,1
3.9525904655456543,1
4.264111518859863,1
3.7369744777679443,1
3.5642848014831543,1
4.373806953430176,1
4.607058525085449,1
3.367448329925537,1
4.30490779876709,1
4.828693389892578,1
4.658441066741943,1
4.226223945617676,1
5.42150354385376,1
4.925796031951904,1
4.295098304748535,1
4.569144248962402,1
4.099940776824951,1
4.757805347442627,1
4.4659833908081055,1
3.804450511932373,1
3.653223752975464,1
3.7959392070770264,1
3.609107255935669,1
4.301401138305664,1
4.063688278198242,1
4.1588592529296875,1
4.194375991821289,1
4.803081035614014,1
3.916592597961426,1
3.8108744621276855,1
3.6381595134735107,1
3.593518018722534,1
4.145205497741699,1
4.091618537902832,1
3.8914997577667236,1
3.829972982406616,1
3.8589348793029785,1
3.7482285499572754,1
3.786186695098877,1
4.270145416259766,1
3.699065685272217,1
4.15067195892334,1
4.236161708831787,1
4.24869966506958,1
3.5198545455932617,1
3.356952428817749,1
3.6521964073181152,1
3.787876605987549,1
3.9701945781707764,1
4.047809600830078,1
4.074101448059082,1
3.6938493251800537,1
4.0647735595703125,1
3.8577253818511963,1
3.7051944732666016,1
3.6313815116882324,1
3.8071329593658447,1
3.735764503479004,1
3.8133435249328613,1
4.30383825302124,1
3.8225131034851074,1
3.3500099182128906,1
3.5460309982299805,1
4.176074981689453,1
3.6462955474853516,1
4.089090824127197,1
3.845686674118042,1
3.4091575145721436,1
3.3634541034698486,1
4.044885635375977,1
3.019648551940918,1
4.259024620056152,1
4.011616230010986,1
3.858004331588745,1
4.0970988273620605,1
3.844005584716797,1
3.5995144844055176,1
3.046842098236084,1
4.0696516036987305,1
4.254507541656494,1
3.587446689605713,1
3.774625062942505,1
4.078740119934082,1
4.5393266677856445,1
4.514482021331787,1
4.223650932312012,1
3.4548182487487793,1
3.489492893218994,1
4.252504348754883,1
3.9955620765686035,1
3.770972728729248,1
3.672675848007202,1
4.891931533813477,1
4.112459659576416,1
3.624713182449341,1
4.402496337890625,1
4.495480537414551,1
4.037032604217529,1
3.6087498664855957,1
3.695441246032715,1
3.9632933139801025,1
4.073156833648682,1
4.2513108253479,1
3.2867965698242188,1
3.339069366455078,1
3.7165746688842773,1
3.432755947113037,1
3.3663675785064697,1
4.221243381500244,1
3.8516743183135986,1
4.4508466720581055,1
3.9196295738220215,1
3.4676856994628906,1
3.4559521675109863,1
4.195344924926758,1
4.051678657531738,1
3.5747737884521484,1
3.8832714557647705,1
3.7157135009765625,1
4.018759727478027,1
3.836183547973633,1
3.7647860050201416,1
3.7162649631500244,1
3.76029109954834,1
3.816683530807495,1
3.5227954387664795,1
3.540078639984131,1
3.954767942428589,1
3.779571294784546,1
3.2994327545166016,1
3.560575485229492,1
3.8158771991729736,1
3.448850631713867,1
3.8854570388793945,1
3.9579272270202637,1
3.5477113723754883,1
4.126980781555176,1
3.576183795928955,1
4.398322582244873,1
5.150182723999023,1
3.6223132610321045,1
4.311389923095703,1
4.832284927368164,1
3.922924280166626,1
3.459012031555176,1
3.609480381011963,1
4.338406562805176,1
3.740809440612793,1
4.216513156890869,1
3.3752317428588867,1
3.2259340286254883,1
3.557194709777832,1
3.811790943145752,1
3.8159117698669434,1
3.9050045013427734,1
3.8477916717529297,1
4.685276985168457,1
3.9737772941589355,1
3.934711217880249,1
3.9033660888671875,1
4.099494934082031,1
4.164995193481445,1
3.673204183578491,1
4.0050368309021,1
4.117389678955078,1
3.7612497806549072,1
3.8330817222595215,1
3.960148334503174,1
3.8286068439483643,1
3.822479248046875,1
3.7013120651245117,1
5.057046890258789,1
4.2260026931762695,1
3.6236255168914795,1
3.767413377761841,1
4.235103130340576,1
3.917593002319336,1
3.7608039379119873,1
3.901146650314331,1
3.871034622192383,1
4.109841346740723,1
4.180237770080566,1
3.7907028198242188,1
3.6664013862609863,1
3.83756685256958,1
4.027772426605225,1
3.6981937885284424,1
3.2277486324310303,1
4.13214635848999,1
3.787257194519043,1
4.214995861053467,1
3.0629613399505615,1
3.6222405433654785,1
3.6881563663482666,1
3.2080557346343994,1
3.3105897903442383,1
3.5139551162719727,1
3.6038830280303955,1
3.417008876800537,1
4.168944358825684,1
3.281857490539551,1
4.396425724029541,1
3.5922200679779053,1
4.179701805114746,1
4.539968013763428,1
3.3524374961853027,1
3.7692644596099854,1
3.5196893215179443,1
3.828948974609375,1
3.7771148681640625,1
3.434727191925049,1
3.296353816986084,1
3.2293758392333984,1
3.790102481842041,1
3.7828617095947266,1
3.3762388229370117,1
3.917694568634033,1
4.367598533630371,1
3.3286144733428955,1
3.2721047401428223,1
3.780526876449585,1
3.7309207916259766,1
3.9995880126953125,1
4.595541954040527,1
3.616840362548828,1
2.812987804412842,1
4.0101213455200195,1
4.497675895690918,1
3.795559883117676,1
3.7598373889923096,1
3.6807422637939453,1
3.930044651031494,1
3.595895767211914,1
3.410660982131958,1
3.067065715789795,1
3.6996192932128906,1
3.3469038009643555,1
4.031777381896973,1
3.659672737121582,1
3.3358964920043945,1
4.256047248840332,1
3.8984336853027344,1
3.5441508293151855,1
4.292491912841797,1
3.821143627166748,1
3.870922803878784,1
3.4997873306274414,1
4.733864784240723,1
3.9677462577819824,1
3.9107561111450195,1
3.8120734691619873,1
4.001742839813232,1
4.053937911987305,1
4.037792205810547,1
3.7612366676330566,1
3.8901100158691406,1
3.434406042098999,1
3.3121676445007324,1
4.038606643676758,1
3.5354533195495605,1
3.7122387886047363,1
3.629593849182129,1
4.041964054107666,1
4.285236835479736,1
4.224199295043945,1
3.8981399536132813,1
3.5910422801971436,1
3.719827175140381,1
3.710085391998291,1
3.8144869804382324,1
3.8623838424682617,1
3.7738747596740723,1
3.6837401390075684,1
3.9067745208740234,1
3.5513978004455566,1
3.630200147628784,1
3.815075159072876,1
3.1781201362609863,1
3.8697924613952637,1
3.5872890949249268,1
3.8185763359069824,1
3.730241060256958,1
3.4190573692321777,1
3.2421982288360596,1
3.5452213287353516,1
3.923835277557373,1
4.275012016296387,1
4.0504560470581055,1
4.094996452331543,1
3.7536582946777344,1
3.4212594032287598,1
3.390928030014038,1
4.228757858276367,1
4.158863067626953,1
3.845771312713623,1
3.3644962310791016,1
3.489992618560791,1
3.8850135803222656,1
3.1325769424438477,1
3.082056760787964,1
3.6605124473571777,1
4.011861324310303,1
4.339947700500488,1
3.7304863929748535,1
4.455934047698975,1
4.2232794761657715,1
3.55391263961792,1
3.5078258514404297,1
3.550431728363037,1
4.076225757598877,1
3.6541223526000977,1
3.8221001625061035,1
3.3172028064727783,1
3.2869815826416016,1
4.4379682540893555,1
3.298940658569336,1
3.726370334625244,1
3.7597808837890625,1
3.8869900703430176,1
4.064282417297363,1
3.301218032836914,1
4.617412567138672,1
5.25970983505249,1
3.4451284408569336,1
3.7730932235717773,1
3.616400718688965,1
3.733153820037842,1
3.50241756439209,1
3.943294048309326,1
3.649075508117676,1
4.009243488311768,1
3.7811336517333984,1
3.6445412635803223,1
3.8811721801757813,1
3.5086512565612793,1
3.66262149810791,1
4.039975166320801,1
3.7124526500701904,1
4.133893013000488,1
3.720777750015259,1
3.7680234909057617,1
3.7639498710632324,1
3.7958996295928955,1
4.680041790008545,1
3.7233190536499023,1
3.814366340637207,1
5.42687463760376,1
3.419379711151123,1
4.08129358291626,1
3.740875720977783,1
3.3466784954071045,1
3.3223953247070313,1
3.6049160957336426,1
3.5124547481536865,1
3.7210545539855957,1
3.1024606227874756,1
3.427608013153076,1
3.9897968769073486,1
4.563135147094727,1
4.0657758712768555,1
3.593574047088623,1
5.355746746063232,1
7.1432600021362305,1
4.3233184814453125,1
3.881432056427002,1
4.645153999328613,1
4.61281156539917,1
4.9877424240112305,1
4.62489128112793,1
3.963003158569336,1
4.13775110244751,1
3.9299776554107666,1
4.160922527313232,1
5.018547058105469,1
4.4704179763793945,1
3.9284276962280273,1
4.1893463134765625,1
4.022490978240967,1
3.5824131965637207,1
3.3284494876861572,1
4.32362174987793,1
3.858358383178711,1
3.9679040908813477,1
3.897136688232422,1
3.964653968811035,1
3.7362892627716064,1
4.3868865966796875,1
3.8766274452209473,1
5.593828201293945,1
4.515089511871338,1
4.0572509765625,1
3.701078414916992,1
4.061116695404053,1
4.226178169250488,1
3.942988872528076,1
3.805471897125244,1
4.001172065734863,1
4.152095794677734,1
4.195041656494141,1
3.9371845722198486,1
3.7470245361328125,1
5.12425422668457,1
3.683964729309082,1
4.63199520111084,1
4.0517473220825195,1
3.784653902053833,1
4.203756809234619,1
3.8508121967315674,1
3.6859078407287598,1
4.045272350311279,1
4.06517219543457,1
4.497179985046387,1
3.375471591949463,1
3.7422397136688232,1
3.4514966011047363,1
4.041558265686035,1
3.4344701766967773,1
3.8096537590026855,1
3.6314382553100586,1
4.438149452209473,1
3.9595065116882324,1
3.743447780609131,1
3.5301711559295654,1
3.536177158355713,1
3.668613910675049,1
3.8255910873413086,1
3.9416050910949707,1
3.810593605041504,1
3.6014840602874756,1
3.8998217582702637,1
4.211061954498291,1
3.5813965797424316,1
4.105774879455566,1
3.8328394889831543,1
4.070328712463379,1
4.784546852111816,1
4.196630001068115,1
3.714353084564209,1
4.571661949157715,1
4.472862243652344,1
4.6417694091796875,1
4.128328323364258,1
3.5926742553710938,1
4.215574264526367,1
4.4654765129089355,1
3.6785378456115723,1
4.254024982452393,1
4.026474952697754,1
4.201236248016357,1
4.608946323394775,1
4.338300704956055,1
3.4537792205810547,1
3.796454906463623,1
3.5931129455566406,1
3.6082100868225098,1
3.970627546310425,1
3.861513137817383,1
3.567854881286621,1
3.6340255737304688,1
3.5514020919799805,1
4.052020072937012,1
3.743083953857422,1
3.091552734375,1
3.1393725872039795,1
3.9694230556488037,1
3.656391143798828,1
3.955097198486328,1
4.025760650634766,1
3.9622576236724854,1
3.9677209854125977,1
3.6701529026031494,1
3.8899624347686768,1
3.7752296924591064,1
3.7490501403808594,1
3.949319362640381,1
3.8291823863983154,1
4.019924640655518,1
3.552760601043701,1
4.774478435516357,1
4.641110420227051,1
3.266451597213745,1
4.2725043296813965,1
4.651401519775391,1
4.537864685058594,1
3.691288471221924,1
4.322411060333252,1
4.461871147155762,1
5.052055358886719,1
4.923898220062256,1
4.152720928192139,1
3.7574877738952637,1
4.426987171173096,1
4.981847286224365,1
4.274999618530273,1
3.985668659210205,1
3.66709566116333,1
3.693187713623047,1
4.1784868240356445,1
4.041000843048096,1
3.9772565364837646,1
3.681945323944092,1
3.608391523361206,1
3.6306915283203125,1
4.0410661697387695,1
4.04671573638916,1
3.8470866680145264,1
3.7732584476470947,1
4.242557525634766,1
3.751246690750122,1
4.306771278381348,1
3.891465187072754,1
3.997023582458496,1
4.550525188446045,1
4.076152801513672,1
3.9253275394439697,1
3.659404754638672,1
3.656611680984497,1
4.246145248413086,1
4.42884635925293,1
3.7332966327667236,1
4.132655143737793,1
3.85404896736145,1
3.4765572547912598,1
3.7071027755737305,1
3.613772392272949,1
3.5215611457824707,1
3.9441943168640137,1
3.9542219638824463,1
3.5966129302978516,1
3.803351402282715,1
3.312056064605713,1
3.602325677871704,1
4.4757866859436035,1
3.6670398712158203,1
3.7564098834991455,1
3.9493050575256348,1
4.497788429260254,1
4.001896858215332,1
4.403291702270508,1
3.896538019180298,1
4.2226667404174805,1
5.198420524597168,1
3.4191064834594727,1
3.9094443321228027,1
4.178454399108887,1
3.6968886852264404,1
4.362597465515137,1
3.7006664276123047,1
4.11670446395874,1
3.3441624641418457,1
4.347747325897217,1
4.207470417022705,1
3.909518241882324,1
2.9851322174072266,1
3.819486618041992,1
3.6456854343414307,1
3.8666625022888184,1
4.379306316375732,1
3.977595567703247,1
3.8087353706359863,1
3.859152317047119,1
3.890475273132324,1
3.7832190990448,1
3.903610944747925,1
3.4499058723449707,1
4.024124622344971,1
3.8704748153686523,1
3.1475508213043213,1
3.669863224029541,1
3.6647214889526367,1
4.795398712158203,1
3.9648852348327637,1
4.064371109008789,1
3.848506212234497,1
3.898338556289673,1
3.9800493717193604,1
3.726142406463623,1
3.9084463119506836,1
3.4667584896087646,1
3.6784698963165283,1
3.4829888343811035,1
4.1306657791137695,1
4.068181037902832,1
3.741373062133789,1
3.4837887287139893,1
3.785001754760742,1
4.221373558044434,1
3.6341423988342285,1
3.6497182846069336,1
3.8098554611206055,1
4.001740455627441,1
4.065398693084717,1
3.558411121368408,1
3.7086825370788574,1
4.09639310836792,1
4.901386737823486,1
4.197695732116699,1
3.4192023277282715,1
3.602290153503418,1
3.8284144401550293,1
4.065650939941406,1
3.657301425933838,1
4.19938850402832,1
3.0057291984558105,1
3.6006855964660645,1
3.8440027236938477,1
4.344470024108887,1
3.617570400238037,1
3.7955775260925293,1
3.305537700653076,1
3.800436019897461,1
3.7805724143981934,1
3.341101884841919,1
4.002392768859863,1
3.7465100288391113,1
3.9284169673919678,1
3.6155173778533936,1
4.12481689453125,1
3.6877150535583496,1
3.539564609527588,1
3.7329001426696777,1
3.7124810218811035,1
3.7635130882263184,1
3.5836453437805176,1
3.672441005706787,1
3.395402431488037,1
4.192142963409424,1
3.2543153762817383,1
4.168999195098877,1
3.3152692317962646,1
3.5613834857940674,1
3.1860742568969727,1
3.625030040740967,1
4.154272556304932,1
3.731590747833252,1
4.4396772384643555,1
3.6502866744995117,1
3.9783217906951904,1
4.218182563781738,1
4.337993621826172,1
3.779916286468506,1
3.7689855098724365,1
3.863947629928589,1
5.174022197723389,1
3.6601617336273193,1
4.060519695281982,1
3.946300506591797,1
4.372644901275635,1
4.626349449157715,1
3.803645133972168,1
4.718562602996826,1
4.551288604736328,1
4.5345354080200195,1
3.744316816329956,1
3.5725152492523193,1
4.211404323577881,1
3.782914161682129,1
3.7661185264587402,1
4.240623474121094,1
4.22779655456543,1
3.7919046878814697,1
3.9679253101348877,1
3.9164345264434814,1
4.277849197387695,1
4.073335647583008,1
3.5165610313415527,1
3.541726589202881,1
4.494538307189941,1
3.5469093322753906,1
4.006567001342773,1
4.082728385925293,1
3.7492072582244873,1
4.234945774078369,1
4.17704963684082,1
3.8216099739074707,1
4.198091506958008,1
4.143401145935059,1
3.7571024894714355,1
3.6065478324890137,1
4.057252883911133,1
3.623126983642578,1
3.451795816421509,1
3.61013126373291,1
3.2261645793914795,1
3.8715572357177734,1
3.517712354660034,1
4.417347431182861,1
3.6760807037353516,1
3.616565704345703,1
3.4476420879364014,1
3.948148488998413,1
3.875188112258911,1
3.2431981563568115,1
4.591958999633789,1
3.8126769065856934,1
4.034382343292236,1
3.8201355934143066,1
3.696104049682617,1
4.145994186401367,1
3.521322011947632,1
4.211699962615967,1
3.9183309078216553,1
4.058568477630615,1
3.6980679035186768,1
3.495901584625244,1
3.548239231109619,1
3.8420755863189697,1
3.9696404933929443,1
3.6223502159118652,1
3.9881772994995117,1
3.728764057159424,1
3.6163244247436523,1
4.337494850158691,1
3.184875965118408,1
3.846341133117676,1
4.932648658752441,1
3.2833220958709717,1
4.383120536804199,1
3.58297061920166,1
3.5099213123321533,1
3.708831787109375,1
3.6807761192321777,1
3.7653372287750244,1
3.8781161308288574,1
3.52390193939209,1
3.8495657444000244,1
4.082741737365723,1
3.5817160606384277,1
4.268836975097656,1
3.5117642879486084,1
4.323163032531738,1
4.317133903503418,1
3.7439162731170654,1
4.699732780456543,1
4.326271057128906,1
3.5587658882141113,1
3.932326078414917,1
4.374348163604736,1
4.632859230041504,1
3.306638479232788,1
4.220124244689941,1
4.700900077819824,1
4.394523620605469,1
4.138019561767578,1
4.152176856994629,1
3.8573989868164063,1
4.073278903961182,1
4.068380832672119,1
3.728632926940918,1
4.593520641326904,1
4.700017929077148,1
4.285462379455566,1
4.22271728515625,1
4.502105236053467,1
4.116030216217041,1
4.220542907714844,1
4.180916786193848,1
5.065329074859619,1
3.588406562805176,1
3.538123607635498,1
3.9526658058166504,1
3.8984973430633545,1
3.7793431282043457,1
3.554133653640747,1
4.175872325897217,1
3.9372920989990234,1
4.154092788696289,1
4.128787994384766,1
3.505448818206787,1
3.5361883640289307,1
3.3089346885681152,1
3.6347556114196777,1
3.8798370361328125,1
3.435760974884033,1
3.9184319972991943,1
3.8062782287597656,1
3.9796195030212402,1
3.702108860015869,1
3.756511926651001,1
3.9083456993103027,1
3.956451177597046,1
3.5519936084747314,1
3.4286136627197266,1
3.7612342834472656,1
3.7173378467559814,1
3.7211856842041016,1
3.576362133026123,1
3.4219489097595215,1
3.599343776702881,1
3.6998934745788574,1
4.311903476715088,1
4.035344123840332,1
3.7652242183685303,1
3.868147134780884,1
3.3276472091674805,1
3.49698805809021,1
3.6374735832214355,1
3.8152289390563965,1
3.2448647022247314,1
3.310657024383545,1
3.9267382621765137,1
3.383911609649658,1
3.8151721954345703,1
3.638429641723633,1
3.194125175476074,1
3.763963222503662,1
3.870087146759033,1
3.237780809402466,1
3.3720741271972656,1
4.06342887878418,1
3.346534252166748,1
3.5017194747924805,1
4.189629077911377,1
4.321525573730469,1
3.7647833824157715,1
4.310454368591309,1
3.602351427078247,1
3.4494898319244385,1
3.9338018894195557,1
3.8150525093078613,1
3.3863675594329834,1
3.830951690673828,1
4.01187801361084,1
3.9952495098114014,1
3.921490430831909,1
3.857293128967285,1
4.0160040855407715,1
4.2198805809021,1
4.150020599365234,1
3.3108696937561035,1
4.289098739624023,1
4.013484954833984,1
3.5839169025421143,1
3.8498194217681885,1
3.8457698822021484,1
3.6425914764404297,1
3.729658842086792,1
3.838040828704834,1
3.513190269470215,1
3.5945377349853516,1
4.061786651611328,1
3.5465266704559326,1
3.7316389083862305,1
3.6501314640045166,1
3.5108885765075684,1
4.062870025634766,1
4.481348991394043,1
5.472917556762695,1
4.536816596984863,1
4.467336654663086,1
3.749929666519165,1
4.192323684692383,1
4.013278484344482,1
4.2553911209106445,1
4.84549617767334,1
4.303868770599365,1
4.168334007263184,1
4.104274749755859,1
3.46529483795166,1
3.817221164703369,1
4.047037124633789,1
4.091949462890625,1
3.7212839126586914,1
3.4219014644622803,1
3.640260696411133,1
4.062917709350586,1
3.473228693008423,1
4.338808536529541,1
4.4455976486206055,1
3.4134879112243652,1
3.761451005935669,1
3.5229949951171875,1
3.575023651123047,1
3.278233051300049,1
3.4999771118164063,1
3.8245315551757813,1
3.7992806434631348,1
3.672150135040283,1
4.500401496887207,1
3.3684277534484863,1
3.7029314041137695,1
3.5677781105041504,1
3.13618803024292,1
4.343971252441406,1
4.2395758628845215,1
3.9340882301330566,1
3.8732481002807617,1
3.70931339263916,1
3.3448374271392822,1
4.145565986633301,1
3.4503655433654785,1
3.22755765914917,1
3.5922634601593018,1
3.862117290496826,1
3.5761542320251465,1
3.6283037662506104,1
3.4771628379821777,1
3.6721105575561523,1
4.115887641906738,1
4.000054359436035,1
3.8571088314056396,1
3.6819047927856445,1
3.328038215637207,1
4.136837959289551,1
3.81416392326355,1
3.7277894020080566,1
3.961026191711426,1
3.6412546634674072,1
3.933690071105957,1
4.26563835144043,1
4.089226722717285,1
3.721660614013672,1
3.7932801246643066,1
3.8393678665161133,1
3.8810768127441406,1
4.371799945831299,1
3.5920307636260986,1
4.353248596191406,1
3.821474075317383,1
3.704695224761963,1
4.373237609863281,1
4.5101189613342285,1
4.0164713859558105,1
5.522941589355469,1
4.4137725830078125,1
4.720968246459961,1
4.113950729370117,1
3.424255847930908,1
3.293337821960449,1
4.421259880065918,1
3.974048376083374,1
3.335516929626465,1
3.3978970050811768,1
4.171327590942383,1
3.809128999710083,1
3.776866912841797,1
3.8593108654022217,1
4.369012832641602,1
3.4894542694091797,1
4.153287410736084,1
3.9471139907836914,1
3.769190788269043,1
3.8110828399658203,1
3.0043997764587402,1
3.8592777252197266,1
3.5449016094207764,1
3.195216655731201,1
4.155837535858154,1
4.230666160583496,1
3.826321840286255,1
3.4733710289001465,1
3.7711548805236816,1
3.887172222137451,1
3.8961195945739746,1
3.713804006576538,1
3.2680954933166504,1
3.848942756652832,1
3.9566502571105957,1
3.6161608695983887,1
3.9782369136810303,1
3.829171895980835,1
3.2383925914764404,1
3.6705288887023926,1
3.9569082260131836,1
3.8293237686157227,1
3.9270505905151367,1
3.6831769943237305,1
3.394899368286133,1
4.049917221069336,1
3.6128177642822266,1
3.8353216648101807,1
3.6221303939819336,1
3.9341044425964355,1
3.769918441772461,1
4.115225791931152,1
3.4669299125671387,1
3.2585713863372803,1
3.5231525897979736,1
4.259507179260254,1
3.8017475605010986,1
4.5963850021362305,1
3.4545400142669678,1
3.909233570098877,1
3.933392286300659,1
3.7817530632019043,1
3.7301177978515625,1
4.026283264160156,1
3.7690627574920654,1
4.215920448303223,1
4.248785972595215,1
3.8471202850341797,1
4.115889549255371,1
4.455394744873047,1
4.012096405029297,1
4.268257141113281,1
3.910672903060913,1
4.347421646118164,1
3.4786031246185303,1
3.2910609245300293,1
3.3265256881713867,1
3.885826826095581,1
3.442439079284668,1
3.7646188735961914,1
4.002765655517578,1
3.123661518096924,1
3.2926244735717773,1
4.287631511688232,1
4.021463871002197,1
3.7932958602905273,1
3.2815568447113037,1
3.823474884033203,1
3.5552895069122314,1
3.7031502723693848,1
4.538203239440918,1
3.3300559520721436,1
3.5007009506225586,1
4.343161582946777,1
3.4878487586975098,1
3.6705853939056396,1
4.14160680770874,1
3.9922947883605957,1
3.9849791526794434,1
4.199244022369385,1
3.603679656982422,1
4.551826477050781,1
3.569577693939209,1
3.9280595779418945,1
3.6124720573425293,1
3.746262550354004,1
4.385347843170166,1
3.3930916786193848,1
3.4447884559631348,1
3.365565538406372,1
3.8655881881713867,1
3.610879421234131,1
4.03256368637085,1
4.108059883117676,1
4.350363731384277,1
3.719304084777832,1
3.871710777282715,1
3.3172919750213623,1
4.364717483520508,1
3.4433398246765137,1
3.6001462936401367,1
3.7791953086853027,1
4.031867027282715,1
3.6809301376342773,1
4.584761619567871,1
3.9851455688476563,1
3.676246404647827,1
4.187990188598633,1
3.54898738861084,1
3.89340877532959,1
4.18907356262207,1
4.047365188598633,1
3.7605838775634766,1
3.5623831748962402,1
4.293764114379883,1
3.470658540725708,1
4.914888381958008,1
3.813462734222412,1
3.978647232055664,1
3.943333148956299,1
3.758758544921875,1
3.581974983215332,1
3.4623239040374756,1
4.023061752319336,1
4.05822229385376,1
3.229325771331787,1
3.6653926372528076,1
3.7634739875793457,1
4.1331658363342285,1
3.61578369140625,1
3.205069065093994,1
3.961087703704834,1
3.78117299079895,1
3.8659250736236572,1
3.4317054748535156,1
3.154360294342041,1
3.6245884895324707,1
3.5430235862731934,1
3.4144086837768555,1
3.621242046356201,1
3.7891478538513184,1
3.7840616703033447,1
3.390129566192627,1
3.7097864151000977,1
3.602679967880249,1
3.813751697540283,1
3.6205015182495117,1
4.037010669708252,1
3.8864545822143555,1
3.5029263496398926,1
4.242689609527588,1
4.287173271179199,1
3.7289791107177734,1
3.7144384384155273,1
3.6298131942749023,1
3.7406046390533447,1
4.0103840827941895,1
3.874605655670166,1
4.263681411743164,1
3.949641704559326,1
4.108538627624512,1
3.329827308654785,1
3.9505856037139893,1
3.9319958686828613,1
4.672412872314453,1
3.831815242767334,1
3.7198667526245117,1
4.510047912597656,1
4.291473865509033,1
3.56057071685791,1
3.162853956222534,1
4.878011703491211,1
5.142719268798828,1
3.444183826446533,1
3.5907235145568848,1
4.155459403991699,1
3.7341368198394775,1
4.8240966796875,1
3.8840527534484863,1
3.939316749572754,1
3.7198567390441895,1
3.490983009338379,1
3.7018043994903564,1
3.7196125984191895,1
3.7311606407165527,1
4.204397201538086,1
4.352829933166504,1
3.650198459625244,1
3.3564138412475586,1
3.7028379440307617,1
3.9705984592437744,1
3.579498529434204,1
3.6142280101776123,1
3.7254714965820313,1
3.2022833824157715,1
3.2230803966522217,1
3.7413582801818848,1
3.387035608291626,1
3.644749641418457,1
3.769623279571533,1
3.806687355041504,1
3.645498037338257,1
4.104951858520508,1
4.822989463806152,1
4.822697639465332,1
3.516230583190918,1
4.189739227294922,1
4.253028869628906,1
3.860088348388672,1
4.429958343505859,1
3.53804612159729,1
4.104373931884766,1
3.778139591217041,1
3.6828322410583496,1
4.201163291931152,1
3.9267332553863525,1
4.203859806060791,1
4.020242691040039,1
3.9936113357543945,1
3.7822160720825195,1
3.879805326461792,1
3.816786527633667,1
4.0379486083984375,1
4.688344478607178,1
3.492708444595337,1
4.047873497009277,1
4.374648094177246,1
3.8092539310455322,1
3.474203109741211,1
4.363093376159668,1
3.8198442459106445,1
4.0020623207092285,1
3.3818178176879883,1
3.7653274536132813,1
3.703829288482666,1
3.179230213165283,1
3.487128973007202,1
3.5729403495788574,1
3.167811870574951,1
3.7631711959838867,1
4.24233865737915,1
3.2591018676757813,1
4.220986366271973,1
3.8106138706207275,1
3.8576879501342773,1
4.091460227966309,1
3.5261945724487305,1
3.300739288330078,1
4.380043029785156,1
4.022768974304199,1
3.6765201091766357,1
4.075794219970703,1
3.648372173309326,1
4.372470378875732,1
3.660142183303833,1
4.466030597686768,1
4.043292999267578,1
3.5603301525115967,1
4.417867660522461,1
3.921278953552246,1
3.7241804599761963,1
3.6837968826293945,1
4.146788597106934,1
4.972135543823242,1
3.4448132514953613,1
3.9259560108184814,1
4.348514080047607,1
3.5727686882019043,1
3.710458993911743,1
3.942294120788574,1
3.6062488555908203,1
3.9461255073547363,1
3.823518753051758,1
3.3454651832580566,1
3.3505382537841797,1
3.878983497619629,1
3.7029600143432617,1
3.938718557357788,1
3.9814083576202393,1
3.2521557807922363,1
4.043525218963623,1
3.305800199508667,1
3.889940023422241,1
4.002096176147461,1
3.5482289791107178,1
3.4964752197265625,1
3.7766430377960205,1
3.0586540699005127,1
3.5751659870147705,1
3.3964741230010986,1
3.804853916168213,1
3.778012752532959,1
3.298710346221924,1
3.474067211151123,1
3.70798397064209,1
4.634532451629639,1
3.3433382511138916,1
3.6206655502319336,1
4.3378400802612305,1
3.354881763458252,1
4.249493598937988,1
4.16492223739624,1
3.691974639892578,1
3.539280891418457,1
3.883330821990967,1
3.577995777130127,1
3.519150972366333,1
3.7691309452056885,1
4.507266521453857,1
4.110405921936035,1
3.4006388187408447,1
3.381272077560425,1
4.254734992980957,1
4.348459243774414,1
3.634281635284424,1
4.189636707305908,1
3.906128406524658,1
3.7049951553344727,1
3.2212939262390137,1
3.629648208618164,1
4.682995796203613,1
3.5373849868774414,1
4.347105979919434,1
4.056338787078857,1
4.129887104034424,1
3.4878504276275635,1
4.181169033050537,1
3.535581588745117,1
4.420520782470703,1
4.428663730621338,1
3.705707311630249,1
3.5730741024017334,1
3.5369606018066406,1
4.3521342277526855,1
3.3917393684387207,1
3.542022466659546,1
3.417417049407959,1
3.3312907218933105,1
4.124055862426758,1
3.9808967113494873,1
3.505467176437378,1
3.7270874977111816,1
3.54646635055542,1
4.005046844482422,1
3.837311029434204,1
3.824798107147217,1
3.982067584991455,1
3.5115694999694824,1
3.9384775161743164,1
3.5374016761779785,1
3.121236801147461,1
3.8518600463867188,1
3.4013309478759766,1
3.747710704803467,1
3.353424310684204,1
3.743628978729248,1
3.6461148262023926,1
4.184501647949219,1
3.9596612453460693,1
4.953152656555176,1
3.79301118850708,1
4.250792503356934,1
3.831320285797119,1
4.077450752258301,1
4.352774620056152,1
3.692539930343628,1
4.969513893127441,1
4.326839447021484,1
3.754164218902588,1
3.75580096244812,1
3.9221551418304443,1
3.7143521308898926,1
3.9704790115356445,1
3.8374905586242676,1
4.177018165588379,1
3.748337745666504,1
3.7481770515441895,1
3.6463985443115234,1
3.682351589202881,1
3.750558376312256,1
3.6192588806152344,1
3.5365023612976074,1
3.711994171142578,1
3.9880833625793457,1
3.310736656188965,1
3.516040802001953,1
3.8510262966156006,1
4.65813684463501,1
4.205461025238037,1
4.617880821228027,1
3.758565664291382,1
3.890083074569702,1
3.902928352355957,1
4.035880088806152,1
4.106385231018066,1
4.246347904205322,1
3.419626235961914,1
3.6413960456848145,1
4.629430294036865,1
3.70135760307312,1
3.8522238731384277,1
3.4707303047180176,1
3.668518304824829,1
4.2452592849731445,1
3.733867645263672,1
3.7422068119049072,1
3.726856231689453,1
3.542854070663452,1
3.864931583404541,1
3.305105209350586,1
3.742215156555176,1
3.7480859756469727,1
4.053523063659668,1
3.667908191680908,1
4.073479652404785,1
3.631810188293457,1
4.4692606925964355,1
3.4181935787200928,1
3.842538833618164,1
3.8892486095428467,1
3.897200345993042,1
3.780164957046509,1
3.7351462841033936,1
3.532522678375244,1
3.4918837547302246,1
4.045027732849121,1
3.84428334236145,1
4.007433891296387,1
3.3487281799316406,1
3.675043821334839,1
3.4172463417053223,1
3.74507474899292,1
3.9474806785583496,1
3.8333845138549805,1
3.696352005004883,1
3.36796498298645,1
3.6495983600616455,1
3.471419334411621,1
3.6565003395080566,1
4.137053489685059,1
3.6842362880706787,1
4.035408973693848,1
3.74833345413208,1
4.429601192474365,1
4.435863494873047,1
3.959230899810791,1
3.5688796043395996,1
3.9415454864501953,1
4.397823333740234,1
4.539510726928711,1
5.143754959106445,1
4.414338111877441,1
3.963688611984253,1
3.987684965133667,1
4.365629196166992,1
3.6139075756073,1
3.52785062789917,1
3.5511274337768555,1
3.7387075424194336,1
3.4288101196289063,1
3.428823709487915,1
4.005298614501953,1
3.6295416355133057,1
3.75015926361084,1
3.955904006958008,1
4.127197265625,1
4.009599685668945,1
4.095105171203613,1
3.6713852882385254,1
4.678238868713379,1
3.6544418334960938,1
4.598444938659668,1
3.531938314437866,1
3.6824605464935303,1
3.827836513519287,1
3.9806976318359375,1
4.21354866027832,1
4.090160846710205,1
3.3399062156677246,1
3.957200527191162,1
3.9850659370422363,1
3.9092330932617188,1
3.373805284500122,1
5.090207099914551,1
3.5618317127227783,1
3.3284873962402344,1
4.292201995849609,1
3.406162738800049,1
3.7190334796905518,1
3.284921169281006,1
4.387686729431152,1
3.8290960788726807,1
4.003791809082031,1
3.7916300296783447,1
3.6422715187072754,1
3.693093776702881,1
3.4249839782714844,1
3.8328514099121094,1
3.4561896324157715,1
3.795372486114502,1
3.5624735355377197,1
4.464916229248047,1
3.8470802307128906,1
3.726029872894287,1
3.0926513671875,1
4.545481204986572,1
3.8879597187042236,1
3.5621299743652344,1
4.207736968994141,1
3.946861743927002,1
4.2443671226501465,1
3.347177028656006,1
3.752746820449829,1
4.046107769012451,1
4.101079940795898,1
3.2074503898620605,1
3.7306721210479736,1
3.5609564781188965,1
3.4421377182006836,1
3.8823156356811523,1
4.279622554779053,1
3.472259283065796,1
3.248316526412964,1
4.44036340713501,1
5.418013572692871,1
3.5996460914611816,1
3.835587501525879,1
3.832550048828125,1
3.9210305213928223,1
3.223649024963379,1
3.7298617362976074,1
3.6589179039001465,1
3.4256253242492676,1
3.7364072799682617,1
4.1411638259887695,1
3.549628257751465,1
4.0371527671813965,1
3.5910351276397705,1
4.065496444702148,1
3.6383588314056396,1
3.269496440887451,1
4.341083526611328,1
3.8901314735412598,1
3.7516026496887207,1
3.7983455657958984,1
3.7372143268585205,1
3.8078103065490723,1
4.584356307983398,1
3.692011594772339,1
3.5831451416015625,1
4.0347371101379395,1
5.237188339233398,1
4.3429765701293945,1
3.555410385131836,1
3.428025722503662,1
4.7544708251953125,1
3.5538487434387207,1
3.6373324394226074,1
3.8591957092285156,1
3.6800079345703125,1
3.941209316253662,1
3.6894521713256836,1
4.240710258483887,1
3.558298110961914,1
3.2883665561676025,1
4.028703212738037,1
4.375758171081543,1
4.35740852355957,1
4.551576614379883,1
4.472972869873047,1
4.0879740715026855,1
3.488820791244507,1
4.222126483917236,1
3.8439579010009766,1
3.795304775238037,1
3.853731393814087,1
3.4044442176818848,1
4.1300272941589355,1
3.7790346145629883,1
4.118188858032227,1
4.026015758514404,1
4.145727634429932,1
4.086019992828369,1
4.028165340423584,1
4.796100616455078,1
4.234866142272949,1
3.887129306793213,1
3.8270962238311768,1
4.339696884155273,1
5.392335891723633,1
4.16731071472168,1
5.695138454437256,1
4.529097557067871,1
4.132143020629883,1
3.5999836921691895,1
4.171996593475342,1
3.818206548690796,1
4.652580738067627,1
4.54071044921875,1
4.120414733886719,1
4.553870677947998,1
4.333934783935547,1
4.201140403747559,1
6.536938190460205,1
3.9821324348449707,1
3.9779586791992188,1
3.7420997619628906,1
3.435213565826416,1
3.861630916595459,1
3.7323551177978516,1
3.712819814682007,1
4.096173286437988,1
4.204839706420898,1
4.342998027801514,1
3.8992130756378174,1
3.256448745727539,1
4.202618598937988,1
3.9269440174102783,1
3.983576536178589,1
3.834270477294922,1
3.983393907546997,1
3.978975296020508,1
3.646726608276367,1
2.944139003753662,1
3.7461090087890625,1
4.344149589538574,1
3.833230972290039,1
4.543636322021484,1
3.557133674621582,1
3.446486473083496,1
3.9982643127441406,1
4.280322551727295,1
4.167506217956543,1
3.8604681491851807,1
3.513573169708252,1
3.5932369232177734,1
3.6678738594055176,1
3.7481775283813477,1
4.090123653411865,1
3.089524745941162,1
4.461076259613037,1
4.1128411293029785,1
3.603151559829712,1
3.4217777252197266,1
3.482898712158203,1
3.971102237701416,1
5.102778434753418,1
4.174839973449707,1
4.035653114318848,1
3.585498332977295,1
4.378842830657959,1
3.931642770767212,1
3.6194934844970703,1
3.981093168258667,1
4.034536361694336,1
4.905521392822266,1
4.075629234313965,1
3.3950986862182617,1
3.761791944503784,1
3.3978161811828613,1
4.098865032196045,1
3.6748709678649902,1
3.6952545642852783,1
3.971651315689087,1
4.431540489196777,1
5.417346000671387,1
3.678399085998535,1
3.891300916671753,1
3.870560646057129,1
3.780533790588379,1
3.846179723739624,1
4.46012020111084,1
3.973950147628784,1
3.3683080673217773,1
4.422553539276123,1
3.3373868465423584,1
3.6127610206604004,1
4.036015033721924,1
3.7470548152923584,1
3.5031914710998535,1
3.351080894470215,1
3.955625057220459,1
4.107995986938477,1
3.3843994140625,1
3.9012842178344727,1
4.778864860534668,1
3.7365174293518066,1
4.05653715133667,1
3.966184616088867,1
4.2975239753723145,1
3.8472602367401123,1
4.0662665367126465,1
4.006388187408447,1
3.1752755641937256,1
3.772186756134033,1
4.370551109313965,1
3.625171661376953,1
3.906731128692627,1
3.5819313526153564,1
3.5665156841278076,1
3.211566209793091,1
3.758403778076172,1
3.9845032691955566,1
3.4318604469299316,1
3.990138530731201,1
3.7715394496917725,1
3.7257838249206543,1
3.6559267044067383,1
3.9710147380828857,1
3.4983901977539063,1
4.000678062438965,1
3.7447872161865234,1
3.1102423667907715,1
3.3720242977142334,1
3.8061704635620117,1
4.065267086029053,1
4.119157314300537,1
3.832217216491699,1
4.014039516448975,1
3.7750797271728516,1
3.4602513313293457,1
4.047233581542969,1
4.252398490905762,1
3.488567352294922,1
3.8064491748809814,1
3.3979525566101074,1
4.041979789733887,1
3.8514010906219482,1
4.226053714752197,1
3.399271011352539,1
4.4029693603515625,1
4.354717254638672,1
4.708089828491211,1
3.6311254501342773,1
3.3031373023986816,1
3.364304542541504,1
3.6386899948120117,1
3.9314558506011963,1
3.3110508918762207,1
3.969025135040283,1
3.5622520446777344,1
3.4067025184631348,1
3.6915249824523926,1
3.888413667678833,1
4.781250953674316,1
3.672067165374756,1
3.7083940505981445,1
3.705811023712158,1
3.656555652618408,1
3.7193236351013184,1
3.5660483837127686,1
4.599153995513916,1
3.48214054107666,1
3.878584146499634,1
3.649080276489258,1
4.96890926361084,1
3.3882479667663574,1
4.035958290100098,1
3.832235813140869,1
4.187233924865723,1
4.1652984619140625,1
3.8372819423675537,1
3.809053897857666,1
3.761561155319214,1
4.396502494812012,1
3.4938175678253174,1
3.569772958755493,1
3.5460875034332275,1
3.564607620239258,1
3.81042218208313,1
3.5080156326293945,1
3.331170082092285,1
3.56691575050354,1
2.7882511615753174,1
3.86147141456604,1
3.883558511734009,1
4.239215850830078,1
3.8834786415100098,1
3.800370693206787,1
3.6744160652160645,1
3.7585744857788086,1
3.272933006286621,1
3.680568218231201,1
3.8821537494659424,1
3.234410285949707,1
4.000980377197266,1
3.5830533504486084,1
3.881887912750244,1
3.5930967330932617,1
3.601317882537842,1
4.49302339553833,1
3.95979380607605,1
3.5603294372558594,1
3.88692307472229,1
4.129461288452148,1
4.225205421447754,1
3.3014729022979736,1
5.117765426635742,1
4.410841464996338,1
3.4300179481506348,1
3.812638521194458,1
3.19136905670166,1
3.494804859161377,1
3.941824436187744,1
3.960753917694092,1
4.062212944030762,1
4.3104329109191895,1
3.813466787338257,1
4.458771705627441,1
