5.266479015350342,1
5.270563125610352,1
5.305226802825928,1
5.392441749572754,1
5.239496231079102,1
5.279940128326416,1
5.262133598327637,1
5.371856689453125,1
5.325286865234375,1
5.299971103668213,1
5.2364373207092285,1
5.295303821563721,1
5.313708305358887,1
5.27004861831665,1
5.268221378326416,1
5.276418209075928,1
5.296930313110352,1
5.218410015106201,1
5.362217903137207,1
5.348658561706543,1
5.4084320068359375,1
5.238908290863037,1
5.26602029800415,1
5.341474533081055,1
5.241876602172852,1
5.2510247230529785,1
5.273049354553223,1
5.2671918869018555,1
5.359052658081055,1
5.281526565551758,1
5.296301364898682,1
5.239560127258301,1
5.250422477722168,1
5.338730335235596,1
5.335964202880859,1
5.270390510559082,1
5.2536420822143555,1
5.281200408935547,1
5.239496231079102,1
5.233062744140625,1
5.241633415222168,1
5.2519354820251465,1
5.298301696777344,1
5.264033794403076,1
5.3105268478393555,1
5.241987705230713,1
5.287565231323242,1
5.304741382598877,1
5.175817966461182,1
5.232841968536377,1
5.257595062255859,1
5.213808059692383,1
5.151945114135742,1
5.275703430175781,1
5.276609897613525,1
5.364991664886475,1
5.157461166381836,1
5.249973297119141,1
5.1900954246521,1
5.249963760375977,1
5.151462554931641,1
5.27683687210083,1
5.315212726593018,1
5.21832799911499,1
5.347118377685547,1
5.261438369750977,1
5.257409572601318,1
5.176354885101318,1
5.2676262855529785,1
5.287082672119141,1
5.262753486633301,1
5.213110446929932,1
5.22214412689209,1
5.223214149475098,1
5.235530853271484,1
5.145750045776367,1
5.245256423950195,1
5.261233329772949,1
5.084127426147461,1
5.218554496765137,1
5.280010223388672,1
5.100953102111816,1
5.289468765258789,1
5.056914329528809,1
5.287405967712402,1
5.134194374084473,1
5.2282185554504395,1
5.2222442626953125,1
5.184628486633301,1
5.316646099090576,1
5.320183277130127,1
5.110250473022461,1
5.019932746887207,1
5.160130500793457,1
5.145236015319824,1
5.107674598693848,1
5.424257278442383,1
5.1848978996276855,1
5.091345310211182,1
4.864945411682129,1
5.2710466384887695,1
5.183473110198975,1
5.030892372131348,1
4.86208963394165,1
4.891669273376465,1
5.244078159332275,1
4.790866374969482,1
4.986673355102539,1
4.711196422576904,1
4.875779151916504,1
5.206987380981445,1
5.005192756652832,1
4.831645965576172,1
4.898778915405273,1
5.008061408996582,1
4.771806716918945,1
5.205613136291504,1
5.218906402587891,1
4.850834369659424,1
4.6816935539245605,1
4.6736040115356445,1
5.202410697937012,1
5.2433180809021,1
5.04422664642334,1
5.205650329589844,1
4.992447853088379,1
4.9141340255737305,1
5.055671215057373,1
5.0129523277282715,1
5.023837089538574,1
4.552323341369629,1
4.8994364738464355,1
4.680021286010742,1
4.505369186401367,1
4.829907417297363,1
4.924028396606445,1
4.9937028884887695,1
4.754425525665283,1
4.843631267547607,1
4.749845504760742,1
4.743730545043945,1
4.855453014373779,1
4.750600337982178,1
4.902413845062256,1
4.557997703552246,1
4.84761381149292,1
5.006195068359375,1
4.604376792907715,1
4.657729625701904,1
4.730938911437988,1
4.798200607299805,1
4.673916339874268,1
4.501008987426758,1
4.325164794921875,1
4.771297454833984,1
4.626314163208008,1
4.590189456939697,1
4.433115482330322,1
5.1720476150512695,1
4.290566444396973,1
4.436418056488037,1
4.373346328735352,1
4.487119674682617,1
4.430357933044434,1
4.386238098144531,1
4.069814682006836,1
4.383200645446777,1
4.817936897277832,1
4.345711708068848,1
4.185115814208984,1
4.691211223602295,1
4.452066421508789,1
4.4263105392456055,1
4.517760276794434,1
4.190866470336914,1
4.4114274978637695,1
4.116012096405029,1
4.185956001281738,1
4.789027690887451,1
4.574353218078613,1
4.556568145751953,1
4.540080547332764,1
4.561357498168945,1
4.112702369689941,1
4.062276840209961,1
4.427565574645996,1
4.248680114746094,1
4.006351947784424,1
3.8876304626464844,1
4.711669921875,1
4.704917907714844,1
3.9486708641052246,1
4.372150421142578,1
4.469672679901123,1
3.687102794647217,1
4.331582069396973,1
4.211280345916748,1
4.216344833374023,1
4.014924049377441,1
4.38914680480957,1
3.92687726020813,1
3.9888546466827393,1
3.996591567993164,1
3.9942169189453125,1
3.865438938140869,1
4.212955474853516,1
3.9444026947021484,1
3.8696794509887695,1
4.209708213806152,1
3.894993782043457,1
4.219520092010498,1
4.215167999267578,1
4.249499797821045,1
4.3014116287231445,1
3.911868095397949,1
4.193715572357178,1
3.9357240200042725,1
4.346517086029053,1
3.905550003051758,1
3.8616254329681396,1
4.1364359855651855,1
3.5881099700927734,1
3.672274589538574,1
3.896902322769165,1
3.587287187576294,1
3.7732322216033936,1
4.170134544372559,1
3.869943380355835,1
4.669429779052734,1
4.377197265625,1
3.802828073501587,1
3.9545230865478516,1
3.6781086921691895,1
3.5090203285217285,1
4.260279655456543,1
3.8251261711120605,1
3.855433225631714,1
4.065278053283691,1
3.901064395904541,1
3.8001203536987305,1
3.7748405933380127,1
3.514233112335205,1
4.074617385864258,1
3.6331164836883545,1
3.6634817123413086,1
4.105279922485352,1
3.5638492107391357,1
4.127281665802002,1
4.065566539764404,1
4.132416248321533,1
3.590559720993042,1
3.614452600479126,1
3.9568424224853516,1
4.001431465148926,1
3.2923693656921387,1
3.7599689960479736,1
3.8163437843322754,1
3.229478359222412,1
3.4426400661468506,1
3.4128503799438477,1
3.17484712600708,1
3.662313938140869,1
3.504448890686035,1
3.7498111724853516,1
3.2176499366760254,1
3.7503509521484375,1
3.662595272064209,1
4.108437538146973,1
4.031460762023926,1
3.2223594188690186,1
4.0327277183532715,1
3.2962238788604736,1
3.48828125,1
3.566040277481079,1
3.5698704719543457,1
3.6917057037353516,1
3.7972400188446045,1
3.8647096157073975,1
3.6362178325653076,1
3.621267318725586,1
3.4638853073120117,1
3.6217048168182373,1
3.440789222717285,1
3.4713096618652344,1
3.5575735569000244,1
3.213440418243408,1
3.515080451965332,1
3.6021151542663574,1
3.393763542175293,1
3.566002368927002,1
3.577915668487549,1
3.398817539215088,1
3.1213645935058594,1
3.631045341491699,1
3.783090114593506,1
3.7026772499084473,1
3.4712178707122803,1
3.652528762817383,1
3.577885150909424,1
3.432138442993164,1
3.6717429161071777,1
3.7021570205688477,1
3.5907857418060303,1
3.5780189037323,1
3.5158519744873047,1
3.516230344772339,1
3.5099215507507324,1
3.4245455265045166,1
3.321413040161133,1
3.4404489994049072,1
3.2734923362731934,1
3.4698402881622314,1
3.3244757652282715,1
3.481739044189453,1
2.7725119590759277,1
3.660374164581299,1
3.48624324798584,1
3.342651844024658,1
3.69895076751709,1
3.062023162841797,1
3.651367664337158,1
3.4575209617614746,1
2.98437762260437,1
3.010222911834717,1
3.482483386993408,1
2.876328945159912,1
2.963744640350342,1
2.729135036468506,1
2.798797130584717,1
3.162285804748535,1
3.389157772064209,1
3.247474431991577,1
3.0816729068756104,1
3.533522129058838,1
3.203740358352661,1
3.007868766784668,1
3.2608871459960938,1
2.6307601928710938,1
3.4501380920410156,1
3.434778928756714,1
3.278080463409424,1
2.8554484844207764,1
3.7180299758911133,1
2.938776969909668,1
2.901521682739258,1
2.7036659717559814,1
3.2449259757995605,1
2.9603190422058105,1
2.908900260925293,1
3.269676446914673,1
3.364689826965332,1
3.096327304840088,1
3.2099015712738037,1
3.185331344604492,1
3.2327420711517334,1
3.153728485107422,1
3.174006938934326,1
3.081907272338867,1
2.972726821899414,1
3.036862373352051,1
3.111670732498169,1
3.132662296295166,1
2.929764747619629,1
3.099174976348877,1
2.74045729637146,1
3.260755777359009,1
3.0868473052978516,1
3.3057780265808105,1
2.8547558784484863,1
2.8485021591186523,1
3.5086684226989746,1
2.9785661697387695,1
3.2375218868255615,1
2.7685492038726807,1
3.380157947540283,1
2.9503111839294434,1
3.1032185554504395,1
3.0560970306396484,1
2.6883273124694824,1
3.136920213699341,1
3.078853130340576,1
2.9843146800994873,1
3.0872137546539307,1
3.111268997192383,1
2.8130173683166504,1
3.5744004249572754,1
3.2001399993896484,1
3.8188424110412598,1
2.864818811416626,1
3.210573434829712,1
2.736006736755371,1
2.9998083114624023,1
3.1709980964660645,1
3.195357322692871,1
3.078887939453125,1
3.3334028720855713,1
3.1942055225372314,1
3.0748019218444824,1
2.934997081756592,1
3.037571668624878,1
3.039518356323242,1
2.713444232940674,1
3.4181625843048096,1
2.8923490047454834,1
2.8030154705047607,1
2.860666275024414,1
2.904244899749756,1
2.711275100708008,1
2.7333574295043945,1
3.0040321350097656,1
2.9475300312042236,1
3.136482000350952,1
3.0720160007476807,1
3.0238685607910156,1
2.9633712768554688,1
3.028339385986328,1
2.747774839401245,1
3.0742478370666504,1
3.789351224899292,1
3.134711503982544,1
2.615910291671753,1
3.0725393295288086,1
2.853750228881836,1
2.6421570777893066,1
3.060972213745117,1
3.4973020553588867,1
3.566257953643799,1
2.654020309448242,1
2.183255434036255,1
2.983724594116211,1
3.1560873985290527,1
2.583958864212036,1
3.1832408905029297,1
2.8740015029907227,1
2.482203483581543,1
3.474085807800293,1
3.2052969932556152,1
2.738447904586792,1
3.132401943206787,1
2.9413084983825684,1
2.975862979888916,1
2.8594794273376465,1
2.93241548538208,1
3.005678176879883,1
2.6778275966644287,1
2.7165486812591553,1
2.4368996620178223,1
3.41748309135437,1
3.691659688949585,1
2.635143756866455,1
3.008068799972534,1
2.6594762802124023,1
2.454033136367798,1
2.618746280670166,1
3.126279354095459,1
2.6820197105407715,1
3.4153342247009277,1
2.8008570671081543,1
2.727787971496582,1
3.2027149200439453,1
3.019862651824951,1
3.3370003700256348,1
3.0005054473876953,1
3.382526159286499,1
3.3255367279052734,1
2.930750846862793,1
2.939497709274292,1
2.675961971282959,1
3.013066291809082,1
2.4970719814300537,1
2.7262048721313477,1
2.6914126873016357,1
2.9490890502929688,1
2.880120038986206,1
2.722771167755127,1
2.720287322998047,1
2.9132847785949707,1
2.7269139289855957,1
2.4837162494659424,1
2.6609792709350586,1
2.4339778423309326,1
2.7729170322418213,1
3.084036111831665,1
2.4679884910583496,1
3.4431264400482178,1
3.058840274810791,1
3.0016841888427734,1
2.8845109939575195,1
3.233664035797119,1
2.7430434226989746,1
2.690516710281372,1
2.565657615661621,1
2.5784878730773926,1
2.853726625442505,1
2.326641082763672,1
2.8703088760375977,1
2.421109437942505,1
2.5410680770874023,1
3.1040468215942383,1
2.919248104095459,1
2.848705291748047,1
2.6351442337036133,1
2.7017955780029297,1
3.0019161701202393,1
2.422964572906494,1
3.1004083156585693,1
3.129668951034546,1
2.8277652263641357,1
2.802431583404541,1
2.694101333618164,1
2.890192747116089,1
2.9372177124023438,1
2.833815097808838,1
2.7983179092407227,1
2.561154842376709,1
2.984591007232666,1
2.993454933166504,1
2.5414035320281982,1
2.674778938293457,1
2.8746726512908936,1
2.60490083694458,1
2.630628824234009,1
2.5388808250427246,1
2.4979515075683594,1
2.7481305599212646,1
2.7239952087402344,1
2.8098392486572266,1
3.01092529296875,1
2.0038552284240723,1
2.4980204105377197,1
2.426999092102051,1
3.2438175678253174,1
2.50526762008667,1
3.1616268157958984,1
3.565363883972168,1
3.1540884971618652,1
1.9194904565811157,1
2.3508028984069824,1
2.600094795227051,1
3.330963611602783,1
2.781888484954834,1
2.620046615600586,1
2.3749146461486816,1
2.877396583557129,1
2.24926495552063,1
2.9149513244628906,1
2.366957902908325,1
2.8146278858184814,1
2.5960745811462402,1
3.0430617332458496,1
2.816715955734253,1
2.5036840438842773,1
2.458509922027588,1
2.5506410598754883,1
3.4236326217651367,1
2.4878525733947754,1
2.8955321311950684,1
2.058135986328125,1
2.983790874481201,1
3.139191150665283,1
2.458113670349121,1
2.9991531372070313,1
2.7863786220550537,1
2.6775975227355957,1
1.8862674236297607,1
2.7080702781677246,1
2.57175350189209,1
2.832810401916504,1
2.791264057159424,1
2.728703022003174,1
3.1757044792175293,1
2.492295265197754,1
2.9414851665496826,1
2.192202091217041,1
2.0792346000671387,1
2.1640915870666504,1
2.760924816131592,1
2.681011438369751,1
2.4215235710144043,1
2.515732765197754,1
2.542619228363037,1
2.122844934463501,1
2.8560376167297363,1
2.8087267875671387,1
2.5170068740844727,1
2.6643004417419434,1
2.5349912643432617,1
2.1500139236450195,1
2.473020553588867,1
2.180697441101074,1
2.757493019104004,1
2.754573345184326,1
3.071211338043213,1
2.721965789794922,1
2.2537052631378174,1
2.387253761291504,1
2.492232084274292,1
2.5415821075439453,1
2.6947648525238037,1
2.715864419937134,1
2.4794254302978516,1
2.5611367225646973,1
2.376244068145752,1
2.6772146224975586,1
2.621306896209717,1
2.453854560852051,1
2.431645154953003,1
2.4160947799682617,1
2.3900671005249023,1
2.3127877712249756,1
2.796940803527832,1
2.0784356594085693,1
2.4059295654296875,1
2.658754825592041,1
2.171534299850464,1
2.321911334991455,1
1.9703152179718018,1
2.1447625160217285,1
2.4416799545288086,1
2.9743640422821045,1
2.591109037399292,1
2.667774200439453,1
2.3554751873016357,1
2.265125036239624,1
2.0203676223754883,1
2.3499042987823486,1
1.9275548458099365,1
2.5837759971618652,1
2.512413501739502,1
2.707582950592041,1
3.0674808025360107,1
3.006865978240967,1
2.2685790061950684,1
2.769587993621826,1
1.9980254173278809,1
2.3283019065856934,1
2.638627767562866,1
2.2556819915771484,1
2.5388808250427246,1
2.7874915599823,1
2.63912034034729,1
2.343527317047119,1
2.820039749145508,1
2.192359209060669,1
3.0037922859191895,1
2.571110725402832,1
2.4184377193450928,1
2.0569560527801514,1
2.862567901611328,1
2.799222946166992,1
2.781012773513794,1
2.234403133392334,1
2.1804769039154053,1
2.332071304321289,1
2.491132974624634,1
2.6659512519836426,1
3.114032745361328,1
2.283372402191162,1
2.193103790283203,1
3.080751657485962,1
2.3192148208618164,1
2.457573175430298,1
2.4860177040100098,1
2.367583990097046,1
2.585116147994995,1
2.099104881286621,1
2.6889121532440186,1
2.797844409942627,1
2.5062313079833984,1
2.420597553253174,1
2.535024404525757,1
1.9289581775665283,1
2.4710144996643066,1
1.659620761871338,1
2.2475242614746094,1
2.252988815307617,1
2.3120317459106445,1
2.238363742828369,1
2.649216890335083,1
2.1986446380615234,1
2.2081947326660156,1
2.1366569995880127,1
2.032242774963379,1
2.673881769180298,1
1.8855925798416138,1
2.4981679916381836,1
2.0701053142547607,1
2.4967803955078125,1
2.677456855773926,1
2.6628713607788086,1
2.577950954437256,1
2.8869271278381348,1
2.1909072399139404,1
2.381824016571045,1
2.6099815368652344,1
2.6375327110290527,1
1.9896228313446045,1
2.5450234413146973,1
2.1484177112579346,1
2.5385653972625732,1
2.3686599731445313,1
2.310724973678589,1
2.369297981262207,1
1.959356427192688,1
2.574444532394409,1
2.109973907470703,1
2.1414248943328857,1
2.073188304901123,1
2.0673861503601074,1
1.6584519147872925,1
2.3331289291381836,1
2.5610947608947754,1
2.3691954612731934,1
2.052213668823242,1
2.6223506927490234,1
2.276604652404785,1
2.616370677947998,1
2.836655616760254,1
2.678123950958252,1
2.0926449298858643,1
2.8427302837371826,1
2.4718103408813477,1
1.9835346937179565,1
2.2544665336608887,1
2.3806910514831543,1
2.343125581741333,1
2.553872585296631,1
2.1181740760803223,1
2.4386706352233887,1
2.666815757751465,1
2.2188990116119385,1
2.014164447784424,1
1.7718702554702759,1
2.2767515182495117,1
2.507244348526001,1
2.340334415435791,1
2.141049861907959,1
1.860968828201294,1
2.7309651374816895,1
2.022984027862549,1
2.1141879558563232,1
2.1888885498046875,1
2.664362907409668,1
2.8084399700164795,1
2.4927563667297363,1
2.6190550327301025,1
1.9535934925079346,1
2.1977059841156006,1
2.5326757431030273,1
2.7928214073181152,1
2.3635575771331787,1
2.284411668777466,1
2.117614269256592,1
2.3400864601135254,1
2.893313407897949,1
2.2562026977539063,1
2.239809036254883,1
2.2111892700195313,1
2.100642204284668,1
1.6691648960113525,1
1.9679434299468994,1
2.062501907348633,1
2.069239616394043,1
2.378537178039551,1
2.7876219749450684,1
1.8685169219970703,1
2.111445903778076,1
2.319467306137085,1
1.8769307136535645,1
2.247678756713867,1
2.630420207977295,1
1.7765861749649048,1
1.9919313192367554,1
2.127662420272827,1
2.4550371170043945,1
2.0893003940582275,1
1.9404428005218506,1
2.090878963470459,1
2.4329745769500732,1
1.8610848188400269,1
2.166452169418335,1
2.1957504749298096,1
2.005064010620117,1
1.8889601230621338,1
2.1578569412231445,1
2.4428300857543945,1
1.8753774166107178,1
2.1173269748687744,1
2.6439156532287598,1
2.9654152393341064,1
1.783160924911499,1
2.5749335289001465,1
2.0272130966186523,1
1.9269001483917236,1
2.5033798217773438,1
1.9293022155761719,1
1.9191774129867554,1
2.6419363021850586,1
2.1605262756347656,1
2.4620513916015625,1
2.3243610858917236,1
2.2633464336395264,1
2.1344048976898193,1
2.0842599868774414,1
2.542229175567627,1
1.9797840118408203,1
1.678056240081787,1
1.9424281120300293,1
2.453794479370117,1
2.168551445007324,1
2.0739612579345703,1
2.0299222469329834,1
1.678969144821167,1
2.3834228515625,1
2.631169080734253,1
1.8607754707336426,1
1.9454134702682495,1
1.7611452341079712,1
1.6316394805908203,1
1.6740942001342773,1
2.1956472396850586,1
2.441145896911621,1
2.325435161590576,1
2.4290642738342285,1
2.6991047859191895,1
1.7999050617218018,1
2.019834041595459,1
2.63637638092041,1
2.1226539611816406,1
2.6916730403900146,1
1.9473118782043457,1
2.591676712036133,1
1.9321494102478027,1
1.8693771362304688,1
1.9713108539581299,1
2.349146842956543,1
1.9022142887115479,1
1.841910719871521,1
1.6697444915771484,1
2.30682110786438,1
2.493865489959717,1
1.8054699897766113,1
2.2155184745788574,1
2.214611768722534,1
1.981560230255127,1
2.070065975189209,1
2.392764091491699,1
2.1360931396484375,1
2.0249991416931152,1
2.0861117839813232,1
2.4187850952148438,1
2.1245014667510986,1
2.1152420043945313,1
1.9059362411499023,1
2.545222759246826,1
2.0736331939697266,1
2.2510221004486084,1
2.2543020248413086,1
2.227874517440796,1
2.640690326690674,1
1.7685569524765015,1
1.8464622497558594,1
1.9794937372207642,1
2.6821517944335938,1
1.626688003540039,1
3.0635881423950195,1
2.2489047050476074,1
2.4467601776123047,1
2.84183931350708,1
2.237814426422119,1
2.1443405151367188,1
2.1485466957092285,1
2.3936898708343506,1
2.8852455615997314,1
2.1344289779663086,1
2.132279872894287,1
1.9716224670410156,1
2.2700397968292236,1
2.1741387844085693,1
2.5305917263031006,1
2.0253853797912598,1
2.4654641151428223,1
2.2404866218566895,1
2.83268141746521,1
2.5963573455810547,1
2.2976410388946533,1
2.5933852195739746,1
2.1341543197631836,1
2.184203863143921,1
2.142241954803467,1
1.9211602210998535,1
2.217883586883545,1
2.0850443840026855,1
2.0536258220672607,1
2.255302906036377,1
2.2213284969329834,1
2.147962808609009,1
2.01314640045166,1
2.497851848602295,1
1.6676851511001587,1
2.3006041049957275,1
1.8674136400222778,1
1.6796770095825195,1
2.439620018005371,1
2.035454750061035,1
1.9447752237319946,1
1.5442758798599243,1
1.7118085622787476,1
2.047377347946167,1
2.3604378700256348,1
1.9207473993301392,1
2.3400888442993164,1
2.9150278568267822,1
2.5769267082214355,1
2.0006303787231445,1
2.2018747329711914,1
1.8170679807662964,1
2.3918449878692627,1
1.7874974012374878,1
1.9278067350387573,1
1.9125460386276245,1
2.273715019226074,1
1.645432472229004,1
1.9225150346755981,1
2.0057482719421387,1
1.9707742929458618,1
1.7829433679580688,1
2.1223678588867188,1
2.2346034049987793,1
2.063072681427002,1
1.7454249858856201,1
1.7697701454162598,1
1.6808494329452515,1
2.3882055282592773,1
2.0170698165893555,1
1.8929678201675415,1
2.1918017864227295,1
2.0375254154205322,1
1.8938071727752686,1
1.480858564376831,1
2.052125930786133,1
2.3483400344848633,1
1.7079453468322754,1
2.0613045692443848,1
1.9663019180297852,1
1.8176665306091309,1
1.7194161415100098,1
2.0593271255493164,1
1.9714133739471436,1
1.9695477485656738,1
1.8141390085220337,1
2.1195414066314697,1
1.8615210056304932,1
2.512195587158203,1
2.0266361236572266,1
2.554356098175049,1
1.5195300579071045,1
2.2647738456726074,1
2.2004716396331787,1
2.46842622756958,1
1.9515495300292969,1
2.0145962238311768,1
1.4221973419189453,1
2.2201967239379883,1
1.5908122062683105,1
1.7982795238494873,1
2.895904541015625,1
2.666229009628296,1
2.25510311126709,1
1.6695597171783447,1
2.115908145904541,1
2.480926990509033,1
2.264193058013916,1
2.456981658935547,1
2.070624828338623,1
2.2609193325042725,1
1.9687812328338623,1
2.316885471343994,1
1.2923767566680908,1
1.6796497106552124,1
1.9874789714813232,1
2.288848876953125,1
2.4634456634521484,1
2.134220600128174,1
1.8259522914886475,1
1.6798691749572754,1
1.3299438953399658,1
1.8729114532470703,1
1.8446992635726929,1
1.5861856937408447,1
2.1270973682403564,1
2.7575912475585938,1
2.0165176391601563,1
2.324917793273926,1
1.3487356901168823,1
1.7421636581420898,1
2.4296183586120605,1
2.219858169555664,1
1.9349814653396606,1
1.468114972114563,1
2.1926448345184326,1
1.8361411094665527,1
2.0853617191314697,1
2.1457042694091797,1
2.063837766647339,1
1.8311465978622437,1
1.923785924911499,1
2.121016502380371,1
2.0283660888671875,1
2.620809555053711,1
2.1896989345550537,1
2.2191991806030273,1
1.8797391653060913,1
2.5060572624206543,1
2.1005172729492188,1
1.8801404237747192,1
1.6991982460021973,1
2.372314453125,1
2.109753131866455,1
2.1688904762268066,1
1.7072522640228271,1
2.26497220993042,1
2.462822437286377,1
1.9072062969207764,1
2.150984764099121,1
2.13181209564209,1
2.161050319671631,1
2.370581865310669,1
1.7599862813949585,1
1.9544272422790527,1
1.9544450044631958,1
2.334951877593994,1
1.807063102722168,1
1.7769122123718262,1
1.5491846799850464,1
1.9142717123031616,1
2.322917938232422,1
2.136138439178467,1
2.1428604125976563,1
1.8119593858718872,1
1.6173925399780273,1
1.5018939971923828,1
1.4469108581542969,1
2.2292118072509766,1
1.8916244506835938,1
1.9668569564819336,1
2.3134546279907227,1
2.0811119079589844,1
1.6051311492919922,1
2.398012161254883,1
1.8414359092712402,1
1.3139896392822266,1
2.458759307861328,1
2.149707794189453,1
2.153597116470337,1
1.738227367401123,1
2.2427051067352295,1
2.2025880813598633,1
1.7525981664657593,1
1.8800048828125,1
2.169051170349121,1
1.779728651046753,1
2.2559871673583984,1
2.301189661026001,1
2.3850247859954834,1
1.4601948261260986,1
1.8357458114624023,1
2.201869010925293,1
2.3093035221099854,1
2.1241440773010254,1
2.1040329933166504,1
2.3778696060180664,1
1.8851934671401978,1
3.1017401218414307,1
2.2353930473327637,1
2.1415483951568604,1
2.3457858562469482,1
2.064152240753174,1
1.9691007137298584,1
1.6977564096450806,1
1.6350266933441162,1
1.8409968614578247,1
2.0468406677246094,1
1.4286010265350342,1
2.3091254234313965,1
2.137413263320923,1
1.984415054321289,1
2.065366744995117,1
2.025578022003174,1
2.425814390182495,1
1.4008089303970337,1
1.8288235664367676,1
2.1053104400634766,1
1.6779108047485352,1
1.6411312818527222,1
2.0218257904052734,1
2.9477314949035645,1
1.7243726253509521,1
1.7129693031311035,1
1.6174317598342896,1
1.7561618089675903,1
2.0034542083740234,1
1.3122559785842896,1
1.973938226699829,1
2.413834810256958,1
1.7384662628173828,1
2.1978635787963867,1
1.473012089729309,1
1.8396728038787842,1
1.8570940494537354,1
1.8069106340408325,1
1.8978829383850098,1
1.64772367477417,1
2.0178074836730957,1
2.4118752479553223,1
2.045102596282959,1
2.079867362976074,1
1.6084883213043213,1
1.988694190979004,1
2.1458797454833984,1
1.9110175371170044,1
1.6989538669586182,1
2.163092613220215,1
1.9699428081512451,1
2.4505257606506348,1
2.467036247253418,1
1.9724630117416382,1
1.7158762216567993,1
1.8704560995101929,1
2.3226168155670166,1
1.729837417602539,1
2.323275566101074,1
1.749897837638855,1
1.2458175420761108,1
1.582505464553833,1
1.4924354553222656,1
2.0481183528900146,1
1.6373412609100342,1
2.038969039916992,1
2.374540090560913,1
1.8647385835647583,1
1.8565597534179688,1
2.0591866970062256,1
1.392024040222168,1
1.6964867115020752,1
1.851960301399231,1
1.9099735021591187,1
1.6477875709533691,1
1.3986551761627197,1
1.7704750299453735,1
1.860872745513916,1
2.009730577468872,1
2.523785352706909,1
1.4350659847259521,1
1.909067153930664,1
2.2227466106414795,1
2.670107841491699,1
1.7910313606262207,1
1.6338399648666382,1
1.3103623390197754,1
2.193058967590332,1
1.9840565919876099,1
1.7986793518066406,1
2.191417694091797,1
1.4411888122558594,1
1.8160463571548462,1
1.698205828666687,1
2.1338894367218018,1
2.0764882564544678,1
1.4768431186676025,1
1.934887170791626,1
1.738581895828247,1
2.2867965698242188,1
1.660948395729065,1
1.6053773164749146,1
1.5429747104644775,1
2.1274147033691406,1
1.6138696670532227,1
1.6654903888702393,1
1.712880253791809,1
2.21313738822937,1
2.601306200027466,1
1.6722816228866577,1
2.1505861282348633,1
1.6766935586929321,1
1.769106149673462,1
1.7352526187896729,1
2.044241189956665,1
1.508837103843689,1
1.5026905536651611,1
2.039604663848877,1
1.6126407384872437,1
1.8228845596313477,1
1.8674242496490479,1
2.080644130706787,1
1.874090552330017,1
2.085334300994873,1
1.7612274885177612,1
2.0175390243530273,1
1.632758378982544,1
1.5202969312667847,1
1.5429823398590088,1
1.4355130195617676,1
1.6812107563018799,1
1.8049707412719727,1
2.395655632019043,1
1.2373464107513428,1
1.9208017587661743,1
2.1513900756835938,1
2.3425912857055664,1
1.8831950426101685,1
1.7173881530761719,1
2.4805428981781006,1
1.892237663269043,1
1.679132342338562,1
1.603569746017456,1
1.5157008171081543,1
1.9357261657714844,1
2.1421945095062256,1
2.009779214859009,1
2.1174941062927246,1
2.5139431953430176,1
2.168180465698242,1
1.403320550918579,1
1.9799643754959106,1
1.90660560131073,1
1.8935880661010742,1
1.8188855648040771,1
1.793149709701538,1
1.532156229019165,1
1.699871301651001,1
1.8901877403259277,1
2.0640194416046143,1
1.8002581596374512,1
1.9355740547180176,1
1.3847345113754272,1
1.5697681903839111,1
2.128798723220825,1
1.8709313869476318,1
1.7654422521591187,1
1.554177165031433,1
2.089383602142334,1
1.7576402425765991,1
1.9317805767059326,1
1.6072804927825928,1
1.795729160308838,1
1.5758821964263916,1
1.6450767517089844,1
1.7017364501953125,1
1.8281267881393433,1
1.3917739391326904,1
2.13554048538208,1
1.5807151794433594,1
2.5170581340789795,1
2.1225128173828125,1
1.9140222072601318,1
1.8042781352996826,1
2.126161813735962,1
1.7259727716445923,1
2.307119846343994,1
1.6537424325942993,1
1.8121711015701294,1
2.395343780517578,1
1.6388928890228271,1
1.3218302726745605,1
1.6275913715362549,1
1.3609648942947388,1
1.2112396955490112,1
1.8856785297393799,1
1.9259074926376343,1
1.6360197067260742,1
1.4328124523162842,1
2.065946102142334,1
2.1383209228515625,1
1.9249718189239502,1
1.576143503189087,1
1.7879894971847534,1
1.819204568862915,1
1.412859320640564,1
2.080237865447998,1
1.907310128211975,1
2.232309341430664,1
1.9357298612594604,1
2.042052745819092,1
2.184540271759033,1
1.6644959449768066,1
1.8199377059936523,1
1.68870210647583,1
2.05680251121521,1
1.8788920640945435,1
1.9444007873535156,1
1.8845499753952026,1
1.4854955673217773,1
1.4564142227172852,1
1.618996024131775,1
1.521597146987915,1
1.453965425491333,1
1.964046597480774,1
1.6571276187896729,1
2.2491512298583984,1
2.0971226692199707,1
1.3165473937988281,1
1.488259196281433,1
1.7859779596328735,1
1.5609731674194336,1
1.801011085510254,1
1.5202609300613403,1
1.1261742115020752,1
2.4373672008514404,1
2.264822483062744,1
1.5150716304779053,1
1.9309077262878418,1
1.6857224702835083,1
2.0222349166870117,1
1.8977857828140259,1
2.1846728324890137,1
1.6568772792816162,1
2.209073066711426,1
1.693864345550537,1
2.321347236633301,1
2.6445860862731934,1
1.7067723274230957,1
1.7768986225128174,1
1.8263964653015137,1
2.24350643157959,1
1.5139119625091553,1
2.1763782501220703,1
1.5154767036437988,1
1.8307876586914063,1
1.4344401359558105,1
1.3957585096359253,1
1.9750229120254517,1
1.462170124053955,1
1.2393243312835693,1
1.6106053590774536,1
1.8337126970291138,1
2.069733142852783,1
1.4216859340667725,1
2.077195405960083,1
1.3883473873138428,1
2.0677900314331055,1
1.9254220724105835,1
1.7342643737792969,1
1.308314561843872,1
1.4221954345703125,1
1.3995736837387085,1
2.059715747833252,1
1.439130187034607,1
2.025672674179077,1
1.2048969268798828,1
2.186100482940674,1
1.7562142610549927,1
2.006730556488037,1
1.6656713485717773,1
1.424008846282959,1
2.136476993560791,1
1.475812554359436,1
2.125887393951416,1
1.9980311393737793,1
1.4721139669418335,1
1.8818572759628296,1
1.8863506317138672,1
1.8783974647521973,1
1.4228482246398926,1
1.6723088026046753,1
1.8352103233337402,1
1.6503868103027344,1
1.8792779445648193,1
1.7617409229278564,1
1.8681859970092773,1
1.5892236232757568,1
1.5386226177215576,1
1.5870449542999268,1
1.7177321910858154,1
2.226766586303711,1
1.8506160974502563,1
0.9727064371109009,1
1.7323644161224365,1
1.7902203798294067,1
1.7757539749145508,1
1.5411545038223267,1
1.4431679248809814,1
2.1477463245391846,1
1.6470866203308105,1
2.118117570877075,1
1.612524390220642,1
1.3513599634170532,1
1.4501327276229858,1
2.1957058906555176,1
2.089615821838379,1
1.8209469318389893,1
1.9228242635726929,1
1.474181056022644,1
2.0199036598205566,1
1.9927780628204346,1
1.611151933670044,1
1.916129469871521,1
2.677903652191162,1
2.205476760864258,1
2.3172342777252197,1
1.927773356437683,1
1.184224247932434,1
1.7388854026794434,1
1.719616174697876,1
2.0458626747131348,1
2.1637377738952637,1
2.0844757556915283,1
2.221419095993042,1
1.7083923816680908,1
1.117722749710083,1
1.8543033599853516,1
1.4565435647964478,1
1.9130020141601563,1
1.860383152961731,1
1.1392903327941895,1
1.7176427841186523,1
1.564512014389038,1
1.5265395641326904,1
1.7713546752929688,1
2.1678342819213867,1
1.7629399299621582,1
2.187690019607544,1
2.1514127254486084,1
1.499326467514038,1
2.27947998046875,1
1.739338994026184,1
1.4908132553100586,1
1.672255516052246,1
2.1022980213165283,1
1.8232390880584717,1
1.913353443145752,1
1.9506038427352905,1
1.200858235359192,1
2.276236057281494,1
2.4354405403137207,1
1.291675329208374,1
1.9854929447174072,1
1.8312145471572876,1
1.7068281173706055,1
1.7497360706329346,1
1.5869914293289185,1
1.3604934215545654,1
1.4098005294799805,1
1.8223422765731812,1
1.5759108066558838,1
1.5002484321594238,1
1.603574514389038,1
1.564133882522583,1
1.5822657346725464,1
2.022902011871338,1
1.6640123128890991,1
1.4943246841430664,1
1.656441330909729,1
1.951915979385376,1
1.33224618434906,1
1.5243511199951172,1
1.8565397262573242,1
1.687382459640503,1
1.6809282302856445,1
1.4705361127853394,1
1.7397668361663818,1
1.5989749431610107,1
1.7079240083694458,1
1.2127318382263184,1
1.4733710289001465,1
1.9887385368347168,1
1.9301246404647827,1
2.0710408687591553,1
1.7717037200927734,1
2.1230199337005615,1
1.8599443435668945,1
1.7056982517242432,1
1.5869355201721191,1
1.8244595527648926,1
1.6471611261367798,1
2.0121209621429443,1
1.491335391998291,1
2.388747215270996,1
1.428370714187622,1
1.5028010606765747,1
1.7042429447174072,1
1.6541337966918945,1
1.3105199337005615,1
1.658623456954956,1
1.8490211963653564,1
1.634023904800415,1
1.8895909786224365,1
2.0503673553466797,1
1.5256505012512207,1
1.4692198038101196,1
1.91615629196167,1
2.314962387084961,1
1.4098036289215088,1
1.1154918670654297,1
2.137320041656494,1
1.6249361038208008,1
2.0251991748809814,1
1.697357416152954,1
1.79865562915802,1
2.1866960525512695,1
2.268282413482666,1
1.7474743127822876,1
1.9344754219055176,1
1.9009652137756348,1
1.6885358095169067,1
1.8607711791992188,1
1.6878418922424316,1
1.7352999448776245,1
2.0817625522613525,1
1.86014723777771,1
1.2186909914016724,1
1.2976951599121094,1
2.2098827362060547,1
1.5838899612426758,1
1.4566311836242676,1
1.2590868473052979,1
1.41685950756073,1
1.5169360637664795,1
1.6164612770080566,1
1.7635341882705688,1
1.4460906982421875,1
1.3951592445373535,1
2.333430051803589,1
1.6232441663742065,1
1.798616647720337,1
1.7499829530715942,1
1.859784722328186,1
2.1085407733917236,1
1.2366169691085815,1
1.5407516956329346,1
2.138014316558838,1
1.0613772869110107,1
1.3775691986083984,1
1.4842891693115234,1
1.344602108001709,1
1.9169414043426514,1
1.6971865892410278,1
1.649592399597168,1
1.299473524093628,1
1.8417816162109375,1
1.781461238861084,1
1.8172519207000732,1
2.3365516662597656,1
1.7684434652328491,1
1.4104138612747192,1
1.615952730178833,1
1.6468193531036377,1
1.8081302642822266,1
1.4402838945388794,1
2.0240378379821777,1
1.9666298627853394,1
1.3033000230789185,1
1.6134759187698364,1
1.566128134727478,1
1.3678600788116455,1
1.7864172458648682,1
2.3581748008728027,1
2.0375146865844727,1
2.3303542137145996,1
2.223601818084717,1
1.8413355350494385,1
1.580674171447754,1
1.4348455667495728,1
1.6287751197814941,1
1.2034876346588135,1
1.1120810508728027,1
1.490142583847046,1
1.5106898546218872,1
1.5822784900665283,1
1.5545028448104858,1
1.7234289646148682,1
1.4668612480163574,1
0.9579953551292419,1
1.3174188137054443,1
1.4551208019256592,1
1.7784039974212646,1
1.3896279335021973,1
1.493647575378418,1
1.5732297897338867,1
2.362532377243042,1
1.2993566989898682,1
2.009579658508301,1
1.4486067295074463,1
1.7092130184173584,1
2.0193912982940674,1
1.7862415313720703,1
1.8326914310455322,1
1.3092803955078125,1
1.9853105545043945,1
2.432086229324341,1
1.7154357433319092,1
2.026136875152588,1
1.8538012504577637,1
1.3489179611206055,1
1.3734910488128662,1
1.6098637580871582,1
1.7044588327407837,1
1.6744651794433594,1
1.296998381614685,1
1.2568302154541016,1
1.9755501747131348,1
1.2626742124557495,1
2.4411509037017822,1
2.006847381591797,1
2.522812843322754,1
2.1231343746185303,1
2.5421245098114014,1
1.6737987995147705,1
1.6437180042266846,1
1.5176748037338257,1
1.8906364440917969,1
1.7937476634979248,1
1.5645018815994263,1
1.854797124862671,1
1.7787189483642578,1
2.0714216232299805,1
2.2409706115722656,1
2.2974565029144287,1
1.4181015491485596,1
1.909738540649414,1
1.1632426977157593,1
2.1359543800354004,1
2.1524078845977783,1
1.6886098384857178,1
1.8852717876434326,1
1.8502401113510132,1
2.214175224304199,1
1.6560759544372559,1
1.8259680271148682,1
1.8864545822143555,1
1.4436557292938232,1
1.0024477243423462,1
1.7589983940124512,1
1.8141655921936035,1
1.3654801845550537,1
1.5179626941680908,1
1.353534460067749,1
1.6869606971740723,1
1.4475681781768799,1
1.4371230602264404,1
1.956648349761963,1
1.0914374589920044,1
1.6075953245162964,1
1.6413094997406006,1
1.492286205291748,1
1.477773666381836,1
1.2635893821716309,1
1.4017422199249268,1
1.4260878562927246,1
1.7835071086883545,1
1.9787657260894775,1
1.994140863418579,1
1.666116714477539,1
1.314483642578125,1
1.2929799556732178,1
1.964531660079956,1
1.3987770080566406,1
1.4833312034606934,1
1.877753734588623,1
1.804028868675232,1
2.0282247066497803,1
1.5335662364959717,1
1.6968374252319336,1
1.8868046998977661,1
1.7875807285308838,1
1.353990912437439,1
1.161245346069336,1
1.2166063785552979,1
1.9121893644332886,1
1.7061651945114136,1
1.4901831150054932,1
2.611463785171509,1
1.7864270210266113,1
1.8980611562728882,1
1.6050519943237305,1
2.1817383766174316,1
1.307408094406128,1
2.144308567047119,1
1.5583751201629639,1
1.9890700578689575,1
1.3338171243667603,1
1.6857984066009521,1
1.5429255962371826,1
1.1273279190063477,1
2.1140615940093994,1
1.8690028190612793,1
1.4443066120147705,1
1.8128433227539063,1
2.1364598274230957,1
1.8309277296066284,1
1.1451610326766968,1
1.3354754447937012,1
2.33896541595459,1
2.381293773651123,1
1.0847057104110718,1
2.0292410850524902,1
2.1487538814544678,1
1.444007396697998,1
1.378086805343628,1
1.8009936809539795,1
1.9730682373046875,1
1.6342805624008179,1
1.7367548942565918,1
1.9156060218811035,1
2.0180861949920654,1
2.2065296173095703,1
1.5835391283035278,1
1.9737194776535034,1
1.032029628753662,1
1.3289737701416016,1
1.8633205890655518,1
1.1863648891448975,1
1.0936810970306396,1
1.408212661743164,1
1.8015985488891602,1
1.515937089920044,1
1.8292515277862549,1
1.5802245140075684,1
1.2797234058380127,1
1.4119532108306885,1
1.6315335035324097,1
1.4597156047821045,1
1.6877450942993164,1
1.605994462966919,1
1.5367929935455322,1
1.5188376903533936,1
1.7030023336410522,1
1.1977726221084595,1
1.1827691793441772,1
1.7115991115570068,1
1.6575124263763428,1
1.9640069007873535,1
1.1375644207000732,1
1.7519433498382568,1
1.3043721914291382,1
1.642435073852539,1
1.8093037605285645,1
1.4481455087661743,1
1.4517936706542969,1
1.5900965929031372,1
1.2537970542907715,1
1.5229458808898926,1
1.711282730102539,1
1.538389801979065,1
1.3902268409729004,1
1.7289735078811646,1
1.6838302612304688,1
1.4444265365600586,1
1.516960620880127,1
2.328660011291504,1
1.2954602241516113,1
1.8701965808868408,1
1.415690541267395,1
1.6333391666412354,1
1.4669878482818604,1
1.6077884435653687,1
1.5819346904754639,1
1.4902737140655518,1
1.1257472038269043,1
1.4321823120117188,1
1.725391149520874,1
2.000528335571289,1
1.3438546657562256,1
1.9807116985321045,1
1.908223271369934,1
1.6496014595031738,1
1.5405967235565186,1
1.714552879333496,1
1.3139495849609375,1
1.5308527946472168,1
1.1347413063049316,1
2.07491397857666,1
1.8039817810058594,1
2.228923797607422,1
1.3761494159698486,1
1.3319480419158936,1
2.0563769340515137,1
2.1452345848083496,1
1.65165114402771,1
1.2753300666809082,1
1.310737133026123,1
1.4934186935424805,1
1.5227009057998657,1
1.578310489654541,1
1.369382619857788,1
1.7878658771514893,1
1.5495736598968506,1
1.629300594329834,1
2.1569690704345703,1
1.7286486625671387,1
2.065591335296631,1
0.9675014019012451,1
1.8259916305541992,1
1.3924778699874878,1
2.0535809993743896,1
1.677451252937317,1
2.225797176361084,1
1.8613330125808716,1
1.2316346168518066,1
1.3956694602966309,1
1.932542324066162,1
2.095770835876465,1
2.270188331604004,1
2.322453022003174,1
1.271877408027649,1
1.1862082481384277,1
2.0825095176696777,1
1.4516139030456543,1
2.3294053077697754,1
1.8983049392700195,1
1.4754959344863892,1
1.5439512729644775,1
1.9492255449295044,1
1.255863904953003,1
2.8834383487701416,1
1.5263140201568604,1
1.3539481163024902,1
1.2909188270568848,1
1.4231669902801514,1
1.546478271484375,1
2.301424980163574,1
1.8369603157043457,1
1.2786555290222168,1
1.623998999595642,1
1.5882880687713623,1
1.4125726222991943,1
1.2737499475479126,1
1.0194100141525269,1
1.9566082954406738,1
1.3993747234344482,1
1.4738733768463135,1
1.6167664527893066,1
1.574971318244934,1
1.0168418884277344,1
1.5032310485839844,1
1.4437129497528076,1
1.3116884231567383,1
0.8501254320144653,1
1.7392194271087646,1
1.0203391313552856,1
1.5161480903625488,1
1.403770923614502,1
1.4168248176574707,1
1.479783535003662,1
1.9259318113327026,1
0.9942686557769775,1
1.313772439956665,1
1.428152084350586,1
1.9183611869812012,1
1.4672588109970093,1
1.3954641819000244,1
1.260443091392517,1
1.54337477684021,1
1.2576662302017212,1
1.8470256328582764,1
1.11399507522583,1
1.5000675916671753,1
1.72199547290802,1
2.016627788543701,1
1.4254088401794434,1
1.2608293294906616,1
1.9074510335922241,1
1.0962934494018555,1
2.112318754196167,1
1.4555115699768066,1
1.4784506559371948,1
1.9603970050811768,1
2.024881601333618,1
1.8222157955169678,1
1.6690092086791992,1
1.2829852104187012,1
1.465644359588623,1
1.7209982872009277,1
1.3857250213623047,1
1.4783689975738525,1
1.7907356023788452,1
1.4670155048370361,1
1.3875432014465332,1
1.5033764839172363,1
1.0410325527191162,1
1.6524393558502197,1
1.59027898311615,1
1.607145071029663,1
1.7534846067428589,1
1.5453720092773438,1
1.2338075637817383,1
1.3255290985107422,1
1.9786179065704346,1
1.2936409711837769,1
1.9141695499420166,1
1.4321949481964111,1
1.9955904483795166,1
1.3385487794876099,1
1.3863117694854736,1
1.6969290971755981,1
1.4654477834701538,1
1.9860507249832153,1
1.6639156341552734,1
1.4953317642211914,1
1.2361044883728027,1
1.6057145595550537,1
1.5154495239257813,1
1.5690624713897705,1
1.9251818656921387,1
1.463491678237915,1
1.639997959136963,1
1.2111173868179321,1
1.7415226697921753,1
1.5779378414154053,1
1.4393202066421509,1
1.4536137580871582,1
1.5803992748260498,1
1.8409863710403442,1
1.6484644412994385,1
1.3458534479141235,1
1.1988525390625,1
1.1906952857971191,1
1.844926118850708,1
1.0734225511550903,1
1.236740231513977,1
1.5466318130493164,1
1.7361159324645996,1
1.2224063873291016,1
1.8186496496200562,1
1.616498351097107,1
2.1395039558410645,1
1.0463918447494507,1
1.572460412979126,1
1.6498688459396362,1
1.590812087059021,1
1.6016149520874023,1
2.035707473754883,1
1.3792839050292969,1
1.1018773317337036,1
1.4981427192687988,1
1.3507574796676636,1
1.6420717239379883,1
1.344974398612976,1
1.1293922662734985,1
1.5157055854797363,1
1.770531415939331,1
1.2041401863098145,1
1.004251480102539,1
1.0064842700958252,1
1.3156806230545044,1
1.3985724449157715,1
1.3555748462677002,1
1.3909447193145752,1
1.2809343338012695,1
0.9474933743476868,1
1.3831770420074463,1
1.5244238376617432,1
1.1999473571777344,1
1.6296992301940918,1
1.9209859371185303,1
1.771409511566162,1
1.4506492614746094,1
1.2081177234649658,1
0.8623877763748169,1
1.8144752979278564,1
1.4709278345108032,1
1.5334959030151367,1
1.248207449913025,1
2.241654872894287,1
1.3264343738555908,1
1.208669662475586,1
1.5283763408660889,1
1.6750314235687256,1
1.5209274291992188,1
1.897568702697754,1
1.8088054656982422,1
2.4888081550598145,1
1.0684261322021484,1
1.7854702472686768,1
1.3991954326629639,1
1.2387138605117798,1
1.8395854234695435,1
1.514113426208496,1
1.9759175777435303,1
1.3253124952316284,1
1.9393208026885986,1
1.3349798917770386,1
1.463801622390747,1
1.6070250272750854,1
1.758662223815918,1
1.2938897609710693,1
1.4720182418823242,1
1.3725544214248657,1
1.2987205982208252,1
2.65716552734375,1
1.875001072883606,1
1.6700286865234375,1
2.0680394172668457,1
2.375762939453125,1
1.4772164821624756,1
2.0502471923828125,1
1.35479736328125,1
2.1546719074249268,1
1.5665806531906128,1
1.732849359512329,1
1.5807205438613892,1
1.7798610925674438,1
2.1068053245544434,1
2.1496663093566895,1
1.5426827669143677,1
1.4904282093048096,1
1.310508370399475,1
1.5872782468795776,1
1.5533760786056519,1
1.7244467735290527,1
1.282571792602539,1
1.4036036729812622,1
1.504307508468628,1
1.3886291980743408,1
1.9814544916152954,1
1.5895054340362549,1
1.9254181385040283,1
1.194814682006836,1
1.799474835395813,1
1.7464795112609863,1
1.370393991470337,1
1.324770450592041,1
1.927622675895691,1
1.766699194908142,1
1.776907205581665,1
1.5865288972854614,1
1.388132929801941,1
1.0148305892944336,1
1.5390727519989014,1
1.3877424001693726,1
1.499055027961731,1
1.9146627187728882,1
1.2695436477661133,1
1.6111880540847778,1
1.21963632106781,1
1.5684921741485596,1
1.4831867218017578,1
2.0437331199645996,1
1.1844199895858765,1
1.5560169219970703,1
1.5081298351287842,1
1.193774938583374,1
1.5206060409545898,1
1.7337011098861694,1
1.461439847946167,1
1.7155393362045288,1
1.7341396808624268,1
1.4263389110565186,1
1.7159745693206787,1
1.2206807136535645,1
1.5406956672668457,1
1.6809053421020508,1
1.0899302959442139,1
1.611741065979004,1
1.4772164821624756,1
2.3336377143859863,1
1.5151277780532837,1
2.0699691772460938,1
1.2525577545166016,1
1.959982991218567,1
1.7178688049316406,1
1.716589331626892,1
1.4361863136291504,1
1.321448564529419,1
1.3053514957427979,1
1.147055745124817,1
1.156815528869629,1
1.5204167366027832,1
1.8839364051818848,1
2.2889020442962646,1
2.5622177124023438,1
1.4003305435180664,1
1.4948564767837524,1
2.0176796913146973,1
1.6315882205963135,1
1.564936876296997,1
1.4769622087478638,1
0.896533191204071,1
1.296778917312622,1
1.3909220695495605,1
1.695549726486206,1
1.5727133750915527,1
1.2522222995758057,1
2.2880055904388428,1
1.686794638633728,1
1.8179374933242798,1
1.745206594467163,1
1.2872096300125122,1
1.8173778057098389,1
1.359802484512329,1
1.188842535018921,1
1.8504431247711182,1
1.283211588859558,1
1.0729972124099731,1
1.4681918621063232,1
2.0404059886932373,1
1.949918508529663,1
1.3726534843444824,1
1.056957483291626,1
1.2498655319213867,1
1.2129400968551636,1
1.4857717752456665,1
1.3690602779388428,1
1.5573680400848389,1
1.2462247610092163,1
2.0167951583862305,1
1.5324466228485107,1
1.4386096000671387,1
1.0914469957351685,1
1.3329349756240845,1
1.9100255966186523,1
1.5604732036590576,1
1.2474439144134521,1
1.312484860420227,1
1.4808788299560547,1
1.0863850116729736,1
1.2261778116226196,1
1.13987398147583,1
1.7150168418884277,1
1.480437159538269,1
1.8115460872650146,1
1.0725104808807373,1
1.5359950065612793,1
1.4047915935516357,1
1.494834542274475,1
1.7890104055404663,1
1.4613525867462158,1
1.2568137645721436,1
1.4621694087982178,1
2.1127278804779053,1
2.078645944595337,1
1.6935105323791504,1
1.6143131256103516,1
1.4415479898452759,1
0.9861633777618408,1
1.3613359928131104,1
1.2031681537628174,1
1.5073719024658203,1
1.3429741859436035,1
1.209000587463379,1
1.6687068939208984,1
1.8649694919586182,1
0.9837403297424316,1
1.5932855606079102,1
1.4059275388717651,1
1.2970199584960938,1
1.8439838886260986,1
1.3698515892028809,1
1.1844098567962646,1
1.3400828838348389,1
1.4481232166290283,1
1.989878535270691,1
1.452069878578186,1
1.7326915264129639,1
1.5569050312042236,1
1.4938079118728638,1
1.5118085145950317,1
1.4435356855392456,1
1.3277286291122437,1
1.1463344097137451,1
1.6105680465698242,1
1.4393317699432373,1
1.44636869430542,1
1.2885209321975708,1
1.1928623914718628,1
1.424410343170166,1
1.4933459758758545,1
1.0908015966415405,1
1.2309021949768066,1
1.1498820781707764,1
1.5768327713012695,1
1.557914137840271,1
1.2492830753326416,1
1.111100435256958,1
1.0301909446716309,1
1.935577154159546,1
1.6255378723144531,1
1.4548388719558716,1
1.6492087841033936,1
1.4167675971984863,1
1.9502811431884766,1
1.668766975402832,1
1.2597448825836182,1
1.6187740564346313,1
0.9385532140731812,1
2.1647133827209473,1
1.3616690635681152,1
1.5927355289459229,1
1.4041166305541992,1
1.2766664028167725,1
1.4134368896484375,1
1.9375207424163818,1
0.7880393266677856,1
1.6107478141784668,1
1.1971700191497803,1
1.3560636043548584,1
1.7148256301879883,1
1.8651143312454224,1
1.4955854415893555,1
1.2141765356063843,1
1.426468849182129,1
1.7025914192199707,1
1.2135554552078247,1
1.5515027046203613,1
1.266977071762085,1
1.1483144760131836,1
1.4478809833526611,1
2.0602874755859375,1
1.2013076543807983,1
1.3998641967773438,1
1.7353475093841553,1
2.2793617248535156,1
1.9753528833389282,1
1.9440139532089233,1
1.5807757377624512,1
1.7157446146011353,1
1.7727959156036377,1
1.6915240287780762,1
1.6739530563354492,1
1.6838594675064087,1
2.0600740909576416,1
1.7905141115188599,1
1.4356045722961426,1
1.7140260934829712,1
1.451416015625,1
1.3349627256393433,1
1.3165032863616943,1
1.7745906114578247,1
1.2620328664779663,1
1.6463072299957275,1
1.1975387334823608,1
1.8354575634002686,1
1.6489698886871338,1
1.6526694297790527,1
1.2994128465652466,1
1.5997875928878784,1
1.011279821395874,1
1.4181281328201294,1
1.493715524673462,1
1.4850794076919556,1
1.2820225954055786,1
1.2821041345596313,1
1.3763412237167358,1
1.067505955696106,1
1.8398940563201904,1
1.2987556457519531,1
1.3031151294708252,1
1.5195335149765015,1
1.081821322441101,1
1.5084421634674072,1
1.7607101202011108,1
1.7442227602005005,1
1.2457513809204102,1
1.9337027072906494,1
1.2464661598205566,1
1.4917386770248413,1
2.675537586212158,1
1.7618294954299927,1
1.4688007831573486,1
1.6708221435546875,1
1.5006000995635986,1
2.025747299194336,1
1.8507518768310547,1
1.2168923616409302,1
1.9577375650405884,1
1.310309886932373,1
1.8808972835540771,1
1.6949424743652344,1
1.5776236057281494,1
1.6059448719024658,1
1.2361024618148804,1
0.991729736328125,1
1.5785953998565674,1
1.53525972366333,1
1.305375576019287,1
1.336777687072754,1
1.1257381439208984,1
0.8784830570220947,1
0.9615691304206848,1
1.4455479383468628,1
1.223970890045166,1
1.8082785606384277,1
1.4270989894866943,1
1.4560935497283936,1
1.2180410623550415,1
2.4774928092956543,1
2.3044776916503906,1
2.5901570320129395,1
1.530314564704895,1
1.2271614074707031,1
1.802382469177246,1
2.2294681072235107,1
2.317214012145996,1
2.0785694122314453,1
1.2273945808410645,1
1.977894902229309,1
1.614734172821045,1
1.5704941749572754,1
2.017003297805786,1
1.4626332521438599,1
2.465303421020508,1
1.9684250354766846,1
1.1696538925170898,1
1.1093069314956665,1
1.5666389465332031,1
1.7650562524795532,1
1.663621187210083,1
1.7465764284133911,1
1.6182788610458374,1
1.2771589756011963,1
1.730297327041626,1
1.4071998596191406,1
1.6269710063934326,1
1.2236292362213135,1
1.9724022150039673,1
1.2588305473327637,1
1.5758252143859863,1
1.1970481872558594,1
1.471616506576538,1
1.9855866432189941,1
1.0302634239196777,1
1.2120593786239624,1
1.779247522354126,1
0.9040529131889343,1
1.5379505157470703,1
1.0624114274978638,1
0.9907062649726868,1
1.39496648311615,1
1.821418285369873,1
1.4989559650421143,1
1.5324064493179321,1
1.540332317352295,1
1.348537802696228,1
1.213188648223877,1
1.8888767957687378,1
2.3352317810058594,1
1.2464433908462524,1
1.2345855236053467,1
1.329927682876587,1
1.3092219829559326,1
1.4593197107315063,1
1.231391429901123,1
1.7426170110702515,1
1.581122875213623,1
1.1627395153045654,1
1.7277748584747314,1
1.4131276607513428,1
1.4572398662567139,1
1.33209228515625,1
2.2202866077423096,1
1.5196588039398193,1
2.0142135620117188,1
1.5753304958343506,1
1.5299044847488403,1
0.7261463403701782,1
1.9156289100646973,1
1.6418347358703613,1
1.764855146408081,1
1.6444177627563477,1
1.3208799362182617,1
1.9584872722625732,1
0.9400168657302856,1
1.8137273788452148,1
1.2453571557998657,1
1.0098814964294434,1
0.7874129414558411,1
1.746950387954712,1
1.5049588680267334,1
1.202544927597046,1
1.0431523323059082,1
1.4563310146331787,1
1.2982985973358154,1
1.349853277206421,1
1.3332536220550537,1
1.5345821380615234,1
2.0430908203125,1
1.433335542678833,1
1.7463138103485107,1
1.273287296295166,1
1.3236958980560303,1
0.964503824710846,1
1.4860925674438477,1
1.6435554027557373,1
1.7603963613510132,1
0.9305378198623657,1
1.694016695022583,1
1.6675136089324951,1
1.2351270914077759,1
1.7309799194335938,1
1.537654995918274,1
1.5591869354248047,1
1.089576005935669,1
1.40114164352417,1
1.7229880094528198,1
2.0243258476257324,1
1.2128705978393555,1
1.8969967365264893,1
1.4484343528747559,1
1.5840023756027222,1
1.1095731258392334,1
1.3696894645690918,1
1.2690141201019287,1
1.167331337928772,1
1.7342251539230347,1
1.6125743389129639,1
1.5624361038208008,1
1.503886342048645,1
1.2669456005096436,1
1.5930113792419434,1
1.6139076948165894,1
1.6223393678665161,1
1.2678172588348389,1
1.5843961238861084,1
1.6998599767684937,1
1.709269404411316,1
1.8385282754898071,1
1.3210241794586182,1
1.65252685546875,1
1.437677264213562,1
1.3322422504425049,1
2.158968925476074,1
1.6173224449157715,1
1.2716755867004395,1
1.2036919593811035,1
1.8129799365997314,1
2.2148923873901367,1
2.0253705978393555,1
1.2068758010864258,1
1.357168436050415,1
1.2547603845596313,1
1.40231454372406,1
1.1815540790557861,1
1.4573932886123657,1
1.096421241760254,1
1.3504290580749512,1
1.7526248693466187,1
1.7909311056137085,1
2.366903305053711,1
1.5790605545043945,1
1.1578006744384766,1
1.7577110528945923,1
1.3379878997802734,1
1.5801241397857666,1
1.0292158126831055,1
1.2222011089324951,1
1.3661795854568481,1
1.7074494361877441,1
1.551499366760254,1
1.485455870628357,1
1.2421095371246338,1
1.8181421756744385,1
1.983530044555664,1
1.4067411422729492,1
1.1526696681976318,1
1.1158710718154907,1
1.9710750579833984,1
1.1590884923934937,1
1.4608638286590576,1
1.3401598930358887,1
1.5982593297958374,1
1.6271764039993286,1
1.501556634902954,1
1.700434923171997,1
1.833319902420044,1
1.8341491222381592,1
1.6911654472351074,1
1.5939443111419678,1
2.4504709243774414,1
1.6684110164642334,1
1.7207123041152954,1
1.4818857908248901,1
1.7313590049743652,1
1.7856619358062744,1
1.721728801727295,1
1.564396619796753,1
1.4919553995132446,1
1.2965514659881592,1
1.5737571716308594,1
1.2890634536743164,1
1.7856284379959106,1
1.237885594367981,1
1.4071606397628784,1
1.0368651151657104,1
1.2794114351272583,1
2.1909053325653076,1
0.8862510919570923,1
1.164698839187622,1
1.6216537952423096,1
0.5754479765892029,1
1.0583117008209229,1
1.5703917741775513,1
1.6562588214874268,1
1.7816598415374756,1
1.283132791519165,1
1.258474349975586,1
1.9543287754058838,1
1.5423190593719482,1
2.1801133155822754,1
1.5473730564117432,1
1.6426867246627808,1
1.1416878700256348,1
1.6961952447891235,1
2.523832321166992,1
2.238454818725586,1
2.2678921222686768,1
1.2986063957214355,1
1.1909997463226318,1
1.998757004737854,1
1.931948184967041,1
1.7810349464416504,1
2.037543773651123,1
2.21628999710083,1
2.22965145111084,1
1.4465080499649048,1
1.453771710395813,1
1.5127432346343994,1
1.364365577697754,1
1.8583602905273438,1
2.061685085296631,1
1.0523912906646729,1
1.3844712972640991,1
2.027942180633545,1
1.6170215606689453,1
1.6975469589233398,1
1.8793611526489258,1
1.4359043836593628,1
1.2597724199295044,1
1.1695029735565186,1
1.9603866338729858,1
1.4905908107757568,1
1.241003155708313,1
1.4281765222549438,1
1.4096598625183105,1
1.7456815242767334,1
1.846703290939331,1
1.4888300895690918,1
1.2501816749572754,1
1.1573268175125122,1
1.2365925312042236,1
1.271789789199829,1
1.6706734895706177,1
0.9725849032402039,1
1.9940364360809326,1
1.9706417322158813,1
2.024806022644043,1
2.0671541690826416,1
1.7220189571380615,1
1.3274058103561401,1
1.2633975744247437,1
1.7171237468719482,1
1.386738657951355,1
1.8243522644042969,1
1.4753848314285278,1
1.2689298391342163,1
1.558955430984497,1
1.2949182987213135,1
1.4313383102416992,1
1.5190902948379517,1
2.107095241546631,1
0.9770057201385498,1
1.0116238594055176,1
1.6034395694732666,1
1.6561131477355957,1
1.7920880317687988,1
1.4921457767486572,1
1.8236263990402222,1
1.5166746377944946,1
1.0979572534561157,1
1.980156660079956,1
1.7784603834152222,1
1.1056689023971558,1
0.8586404323577881,1
1.3275222778320313,1
1.5794638395309448,1
1.48041832447052,1
1.032195806503296,1
1.1406525373458862,1
1.402989387512207,1
1.214203119277954,1
1.9265066385269165,1
1.039218544960022,1
1.2797032594680786,1
2.0792737007141113,1
1.8050944805145264,1
1.1115920543670654,1
2.04430890083313,1
1.8028854131698608,1
0.9137935042381287,1
1.6637389659881592,1
1.7417950630187988,1
1.4796116352081299,1
1.229506015777588,1
1.2662367820739746,1
1.1045093536376953,1
0.9701685905456543,1
1.5506999492645264,1
1.0258156061172485,1
1.392179012298584,1
1.1774249076843262,1
2.1095259189605713,1
1.3817507028579712,1
1.773580551147461,1
1.9091086387634277,1
1.2748539447784424,1
0.7997937202453613,1
1.432038426399231,1
1.7973300218582153,1
1.1584179401397705,1
1.4020800590515137,1
1.4806439876556396,1
1.025045394897461,1
0.9697492122650146,1
1.2319297790527344,1
1.4306315183639526,1
1.0229765176773071,1
0.9619262218475342,1
1.5252046585083008,1
2.0034396648406982,1
1.8042607307434082,1
1.651907205581665,1
1.503312587738037,1
0.973591685295105,1
1.7662819623947144,1
1.1115388870239258,1
1.7004339694976807,1
1.4731595516204834,1
1.0505075454711914,1
1.0511455535888672,1
1.1985440254211426,1
1.5842279195785522,1
1.886747121810913,1
1.4035899639129639,1
1.5133559703826904,1
1.468403935432434,1
1.0858359336853027,1
1.2599506378173828,1
1.589691400527954,1
1.288597583770752,1
1.4027564525604248,1
1.2392709255218506,1
1.6602838039398193,1
1.219286322593689,1
1.1821260452270508,1
1.0522973537445068,1
1.9755988121032715,1
1.2017405033111572,1
1.595639944076538,1
1.316762924194336,1
1.1538262367248535,1
1.5742944478988647,1
1.6391206979751587,1
1.408808946609497,1
0.8982447385787964,1
1.274073600769043,1
1.657774567604065,1
1.2434210777282715,1
1.699853777885437,1
1.6738972663879395,1
1.2096662521362305,1
1.4007878303527832,1
0.9683933854103088,1
1.1078327894210815,1
1.171039342880249,1
1.3818204402923584,1
1.5306310653686523,1
1.363757610321045,1
1.576379656791687,1
1.518226146697998,1
1.5911108255386353,1
1.663282871246338,1
1.1557495594024658,1
1.588125467300415,1
1.7194830179214478,1
1.215672492980957,1
2.185922861099243,1
1.280449390411377,1
1.9087939262390137,1
1.6301746368408203,1
1.2428333759307861,1
1.6111111640930176,1
1.3118637800216675,1
1.1104376316070557,1
1.5982139110565186,1
2.0168492794036865,1
1.0451852083206177,1
1.1312658786773682,1
2.563166856765747,1
2.02548885345459,1
1.4508863687515259,1
1.7400577068328857,1
1.453613519668579,1
0.8779689073562622,1
1.0222692489624023,1
1.712022066116333,1
1.200160264968872,1
1.5446867942810059,1
1.1557660102844238,1
1.635096788406372,1
1.081233024597168,1
1.5740190744400024,1
1.7059667110443115,1
2.103325605392456,1
1.7924065589904785,1
1.0274658203125,1
1.2422046661376953,1
1.1818004846572876,1
1.2240664958953857,1
1.4627492427825928,1
1.346047282218933,1
1.8137812614440918,1
2.2359447479248047,1
1.3557286262512207,1
0.7580661773681641,1
1.3958690166473389,1
1.310591220855713,1
1.441282033920288,1
0.9528578519821167,1
1.6264806985855103,1
1.5013151168823242,1
1.8361778259277344,1
1.623212456703186,1
1.615889072418213,1
0.9683316946029663,1
0.8747172355651855,1
1.0217616558074951,1
1.2716577053070068,1
1.1509981155395508,1
1.5504837036132813,1
1.1566154956817627,1
1.1786324977874756,1
1.667183756828308,1
1.6188139915466309,1
1.9253945350646973,1
0.990082859992981,1
2.0277578830718994,1
1.5209252834320068,1
1.6030023097991943,1
1.7546700239181519,1
1.3158791065216064,1
1.5097030401229858,1
1.0497803688049316,1
1.1538913249969482,1
1.1702969074249268,1
1.6573755741119385,1
1.7428498268127441,1
1.8247756958007813,1
1.1993372440338135,1
1.392295479774475,1
1.3790853023529053,1
1.380682349205017,1
0.8377968072891235,1
2.149501323699951,1
1.6037604808807373,1
1.5980353355407715,1
1.1657297611236572,1
0.8237415552139282,1
1.2929348945617676,1
1.8642916679382324,1
1.0550315380096436,1
1.6096131801605225,1
1.4513914585113525,1
1.1784452199935913,1
1.5195949077606201,1
1.1986358165740967,1
1.6542491912841797,1
1.952080488204956,1
1.276819109916687,1
2.2395639419555664,1
1.5661741495132446,1
1.8198347091674805,1
1.3241515159606934,1
1.6882179975509644,1
1.8714460134506226,1
1.4974381923675537,1
1.5553022623062134,1
1.746973991394043,1
1.4238193035125732,1
1.6484944820404053,1
1.7887359857559204,1
1.7065680027008057,1
1.7116084098815918,1
1.3942171335220337,1
2.1679439544677734,1
1.565801739692688,1
0.9216271042823792,1
1.3552480936050415,1
1.3767974376678467,1
1.2466766834259033,1
1.17239511013031,1
1.1611077785491943,1
2.432490348815918,1
1.561016321182251,1
1.2708070278167725,1
1.5844584703445435,1
1.5233885049819946,1
2.5395114421844482,1
2.213714838027954,1
1.7357780933380127,1
1.576526165008545,1
1.0096139907836914,1
1.4618980884552002,1
1.3803534507751465,1
2.1394457817077637,1
1.867081880569458,1
1.5489271879196167,1
1.5969287157058716,1
1.649795651435852,1
1.6662919521331787,1
1.7487611770629883,1
1.3943803310394287,1
1.2639219760894775,1
1.3785018920898438,1
1.6054060459136963,1
1.7044508457183838,1
1.0901768207550049,1
1.337152361869812,1
1.3376786708831787,1
1.3071269989013672,1
1.3608381748199463,1
0.9955140948295593,1
1.6482237577438354,1
1.110792875289917,1
0.6261487603187561,1
1.6843035221099854,1
0.9618776440620422,1
1.5324082374572754,1
0.9271866083145142,1
1.5176100730895996,1
1.2440016269683838,1
1.7738430500030518,1
1.4967519044876099,1
1.8527159690856934,1
1.0530163049697876,1
1.2440664768218994,1
1.3000614643096924,1
1.6430648565292358,1
1.6798791885375977,1
1.9796087741851807,1
1.570464849472046,1
0.996353268623352,1
1.4625751972198486,1
1.452810525894165,1
1.915796160697937,1
1.290810227394104,1
1.1922649145126343,1
1.620953917503357,1
1.476091980934143,1
1.1835801601409912,1
1.5111173391342163,1
1.4648911952972412,1
1.5452203750610352,1
1.1921367645263672,1
0.8623763918876648,1
0.8932866454124451,1
1.1389026641845703,1
1.0984752178192139,1
1.4141063690185547,1
1.0253872871398926,1
0.946850061416626,1
1.3114869594573975,1
1.2906256914138794,1
1.4837816953659058,1
1.766727089881897,1
1.4437059164047241,1
2.154695749282837,1
1.0301365852355957,1
1.330689549446106,1
1.5127214193344116,1
1.090682029724121,1
1.3749277591705322,1
1.3903112411499023,1
1.4909520149230957,1
1.911651849746704,1
1.3457207679748535,1
1.2692160606384277,1
1.5612165927886963,1
1.6059846878051758,1
1.1733838319778442,1
2.330623149871826,1
1.7916539907455444,1
1.7132971286773682,1
1.227949857711792,1
0.9436306953430176,1
1.2917768955230713,1
1.640122413635254,1
1.187016487121582,1
1.4088108539581299,1
1.4012887477874756,1
1.846449851989746,1
1.468855857849121,1
1.7773325443267822,1
0.8426498174667358,1
0.9958477020263672,1
0.7739081382751465,1
1.0219042301177979,1
1.1903622150421143,1
1.6328701972961426,1
0.8753007650375366,1
1.3420908451080322,1
1.3532967567443848,1
1.8382689952850342,1
1.5919994115829468,1
1.5542653799057007,1
1.51695716381073,1
1.307025671005249,1
1.363304853439331,1
1.3016051054000854,1
0.9770410060882568,1
1.1517608165740967,1
1.244049310684204,1
1.4200375080108643,1
1.4338421821594238,1
2.2533178329467773,1
1.3103362321853638,1
1.6075059175491333,1
1.0329062938690186,1
1.3631527423858643,1
1.792335033416748,1
1.1385982036590576,1
1.6343474388122559,1
1.5220311880111694,1
0.6742186546325684,1
1.6983050107955933,1
1.1972541809082031,1
1.2525780200958252,1
1.8959217071533203,1
1.5230176448822021,1
0.8062801957130432,1
1.38634192943573,1
1.0143742561340332,1
1.8063819408416748,1
1.3572431802749634,1
1.1415472030639648,1
1.2130895853042603,1
1.6568197011947632,1
1.9000428915023804,1
1.159153699874878,1
1.0763523578643799,1
1.2604105472564697,1
1.4791851043701172,1
1.1780356168746948,1
1.4051568508148193,1
1.5277230739593506,1
1.5264244079589844,1
1.9572303295135498,1
1.832444429397583,1
1.9204888343811035,1
1.3583571910858154,1
2.4929537773132324,1
1.5404905080795288,1
1.3180944919586182,1
1.0029137134552002,1
1.74092698097229,1
1.5167350769042969,1
1.7633552551269531,1
2.119631290435791,1
2.0320727825164795,1
1.653411626815796,1
1.6689273118972778,1
1.6193373203277588,1
1.4939873218536377,1
2.1958365440368652,1
1.6207735538482666,1
0.9437878727912903,1
1.8612192869186401,1
1.8768408298492432,1
2.2444827556610107,1
1.1229970455169678,1
1.3139269351959229,1
1.5711174011230469,1
1.794559359550476,1
1.2043579816818237,1
1.9967899322509766,1
1.47641921043396,1
1.4624484777450562,1
1.324289321899414,1
1.5941457748413086,1
1.4208927154541016,1
1.1681597232818604,1
1.3390774726867676,1
1.0642949342727661,1
1.5811758041381836,1
1.4200496673583984,1
1.0485434532165527,1
1.8453088998794556,1
1.1655077934265137,1
1.0392552614212036,1
1.065216064453125,1
1.4550360441207886,1
1.0831892490386963,1
1.9779061079025269,1
1.899207592010498,1
1.0241163969039917,1
1.290496587753296,1
1.2179328203201294,1
0.8424643278121948,1
1.6037678718566895,1
1.8798623085021973,1
2.2506775856018066,1
1.5979979038238525,1
1.4181655645370483,1
1.7226717472076416,1
1.409016728401184,1
1.706191062927246,1
1.3773868083953857,1
0.9929133057594299,1
1.8178530931472778,1
1.420870065689087,1
1.3454170227050781,1
1.729357361793518,1
1.489410638809204,1
1.8703047037124634,1
1.8979192972183228,1
1.4826116561889648,1
1.4229755401611328,1
1.3383299112319946,1
1.4225423336029053,1
0.6487025022506714,1
1.4614309072494507,1
1.350675106048584,1
1.2192902565002441,1
1.7855324745178223,1
1.3436832427978516,1
1.9580414295196533,1
1.0083129405975342,1
0.9138463735580444,1
1.4308451414108276,1
1.5135693550109863,1
1.4241466522216797,1
1.2943339347839355,1
2.087639808654785,1
1.5913797616958618,1
1.3525980710983276,1
1.6403383016586304,1
2.0008926391601563,1
1.6076512336730957,1
1.4443484544754028,1
1.7696232795715332,1
1.2227933406829834,1
1.7094534635543823,1
1.8116286993026733,1
1.6897587776184082,1
1.401740312576294,1
1.7594516277313232,1
1.9966377019882202,1
2.013718843460083,1
1.6643644571304321,1
1.76309335231781,1
1.5346298217773438,1
1.4654836654663086,1
1.4916141033172607,1
1.040883183479309,1
1.369903326034546,1
2.2703568935394287,1
1.5575766563415527,1
1.487473964691162,1
1.7377793788909912,1
1.7402032613754272,1
2.09135365486145,1
1.6180648803710938,1
1.7158358097076416,1
1.0352871417999268,1
1.516295313835144,1
1.4626201391220093,1
1.657200574874878,1
1.3447016477584839,1
1.2665208578109741,1
1.5390198230743408,1
1.2775750160217285,1
1.0341520309448242,1
0.8045130372047424,1
1.6562838554382324,1
1.9431297779083252,1
1.1674641370773315,1
1.421600103378296,1
1.3315025568008423,1
1.511534571647644,1
1.7991489171981812,1
1.6934797763824463,1
1.8499200344085693,1
2.392331123352051,1
1.562694787979126,1
1.3039746284484863,1
1.9854705333709717,1
1.3911356925964355,1
2.156787395477295,1
1.4526076316833496,1
1.3012113571166992,1
1.4022326469421387,1
1.3746260404586792,1
1.100036859512329,1
1.8250739574432373,1
1.120834231376648,1
2.0489346981048584,1
1.643924593925476,1
1.2967543601989746,1
1.8860180377960205,1
1.451382040977478,1
1.668095588684082,1
1.6050446033477783,1
1.5992639064788818,1
1.9931743144989014,1
1.3456300497055054,1
1.3042702674865723,1
1.5685847997665405,1
1.798248291015625,1
1.2189435958862305,1
2.5650622844696045,1
1.7829492092132568,1
1.3820841312408447,1
0.8419854640960693,1
1.5396349430084229,1
1.7289857864379883,1
1.0085593461990356,1
1.2945778369903564,1
1.2996373176574707,1
1.36887788772583,1
1.417959213256836,1
1.3047460317611694,1
1.8032118082046509,1
1.5712915658950806,1
1.3308864831924438,1
1.2245172262191772,1
1.1465625762939453,1
1.3026247024536133,1
1.0881727933883667,1
1.2827954292297363,1
1.1392885446548462,1
1.3335145711898804,1
1.6084747314453125,1
1.8523766994476318,1
0.9433154463768005,1
1.029844045639038,1
1.0317833423614502,1
0.9696387052536011,1
1.1577006578445435,1
1.7237881422042847,1
1.1028311252593994,1
1.870940923690796,1
2.104466438293457,1
2.030972957611084,1
1.0637257099151611,1
1.409942865371704,1
1.8225789070129395,1
1.507753849029541,1
1.695215106010437,1
1.6543738842010498,1
1.7435487508773804,1
1.153247594833374,1
1.4807566404342651,1
1.234265923500061,1
1.2502179145812988,1
1.468935489654541,1
1.3987290859222412,1
1.014892816543579,1
1.4670485258102417,1
1.7792185544967651,1
1.049741268157959,1
1.489638090133667,1
0.9256049394607544,1
1.2826217412948608,1
