5.284758567810059,1
5.177595615386963,1
5.318540573120117,1
5.21272087097168,1
5.243097305297852,1
5.165233612060547,1
5.288764476776123,1
5.2344183921813965,1
5.313414096832275,1
5.283435821533203,1
5.2293853759765625,1
5.251312255859375,1
5.235922813415527,1
5.286512851715088,1
5.3515729904174805,1
5.19381046295166,1
5.3289690017700195,1
5.19000244140625,1
5.133390426635742,1
5.265602111816406,1
5.173970699310303,1
5.21850061416626,1
5.215693473815918,1
5.288205146789551,1
5.2873640060424805,1
5.258089065551758,1
5.1942338943481445,1
5.22169303894043,1
5.255403995513916,1
5.1693878173828125,1
5.2586870193481445,1
5.271542549133301,1
5.191553115844727,1
5.209172248840332,1
5.310725212097168,1
5.230005264282227,1
5.248517036437988,1
5.331881999969482,1
5.2303242683410645,1
5.232400894165039,1
5.425137996673584,1
5.259857177734375,1
5.2463250160217285,1
5.270106315612793,1
5.293519496917725,1
5.230746269226074,1
5.195191383361816,1
5.334409236907959,1
5.287140369415283,1
5.271087646484375,1
5.194154739379883,1
5.257287979125977,1
5.376431941986084,1
5.237076759338379,1
5.2614898681640625,1
5.321568012237549,1
5.277129650115967,1
5.1871209144592285,1
5.26360559463501,1
5.20535945892334,1
5.223461151123047,1
5.384453296661377,1
5.337057113647461,1
5.224093437194824,1
5.230670928955078,1
5.212426662445068,1
5.168061256408691,1
5.22314977645874,1
5.249650955200195,1
5.3484930992126465,1
5.340697288513184,1
5.367095947265625,1
5.184957981109619,1
5.1450300216674805,1
5.173555374145508,1
5.163618087768555,1
5.239353179931641,1
5.253435134887695,1
5.27742338180542,1
5.215478897094727,1
5.433897018432617,1
5.311114311218262,1
5.252553462982178,1
5.253293037414551,1
5.326350212097168,1
5.256397724151611,1
5.273258686065674,1
5.245186805725098,1
5.230782985687256,1
5.231263637542725,1
5.1438822746276855,1
5.116082191467285,1
5.31144905090332,1
5.1673808097839355,1
5.25850772857666,1
5.283937454223633,1
5.210794448852539,1
5.217661380767822,1
5.2622833251953125,1
5.229283332824707,1
5.240721225738525,1
5.151895999908447,1
5.218416213989258,1
5.340928077697754,1
5.2108917236328125,1
5.224246978759766,1
5.219598770141602,1
5.231193542480469,1
5.301070213317871,1
5.25644588470459,1
5.286288261413574,1
5.274161338806152,1
5.264211654663086,1
5.175678253173828,1
5.268052101135254,1
5.155339241027832,1
5.245096683502197,1
5.207129955291748,1
5.222742557525635,1
5.260132789611816,1
5.262574672698975,1
5.242153644561768,1
5.297926902770996,1
5.282279968261719,1
5.225512504577637,1
5.268373966217041,1
5.32137393951416,1
5.205329895019531,1
5.267746925354004,1
5.242217063903809,1
5.230013847351074,1
5.3080902099609375,1
5.1989617347717285,1
5.2845048904418945,1
5.1908159255981445,1
5.229592323303223,1
5.309571266174316,1
5.272716522216797,1
5.181976318359375,1
5.204472541809082,1
5.358537673950195,1
5.435595512390137,1
5.281340599060059,1
5.192600250244141,1
5.2282609939575195,1
5.220597267150879,1
5.166071891784668,1
5.240705966949463,1
5.208852767944336,1
5.271894454956055,1
5.267596244812012,1
5.258520126342773,1
5.2812910079956055,1
5.276122570037842,1
5.318060874938965,1
5.23446798324585,1
5.237445831298828,1
5.195285797119141,1
5.204519748687744,1
5.252839088439941,1
5.245671272277832,1
5.294057369232178,1
5.286005973815918,1
5.288125991821289,1
5.238359451293945,1
5.28196382522583,1
5.234320163726807,1
5.242992401123047,1
5.285279273986816,1
5.227564334869385,1
5.222308158874512,1
5.2481536865234375,1
5.303075790405273,1
5.263105392456055,1
5.306629657745361,1
5.251622676849365,1
5.097586631774902,1
5.230291366577148,1
5.317337989807129,1
5.274585723876953,1
5.298976421356201,1
5.3270673751831055,1
5.2647247314453125,1
5.275534629821777,1
5.295811653137207,1
5.2265520095825195,1
5.277991771697998,1
5.261604309082031,1
5.137567043304443,1
5.2535552978515625,1
5.18565559387207,1
5.163491249084473,1
5.258392810821533,1
5.224384307861328,1
5.270767688751221,1
5.229027271270752,1
5.175856113433838,1
5.261842727661133,1
5.237476348876953,1
5.291316032409668,1
5.261877059936523,1
5.232500076293945,1
5.218359470367432,1
5.242608070373535,1
5.211249351501465,1
5.164504051208496,1
5.252904891967773,1
5.2864789962768555,1
5.243643760681152,1
5.204276084899902,1
5.207290172576904,1
5.181483268737793,1
5.198073387145996,1
5.202215194702148,1
5.264542579650879,1
5.245355606079102,1
5.268436431884766,1
5.26405143737793,1
5.228096008300781,1
5.227956295013428,1
5.355342388153076,1
5.1941399574279785,1
5.23445463180542,1
5.266091823577881,1
5.247838497161865,1
5.309457778930664,1
5.244993209838867,1
5.204840660095215,1
5.221431732177734,1
5.265578269958496,1
5.185312747955322,1
5.175808906555176,1
5.32322359085083,1
5.276539325714111,1
5.185370922088623,1
5.305388450622559,1
5.215152263641357,1
5.189242362976074,1
5.2150092124938965,1
5.25883150100708,1
5.2980146408081055,1
5.250790596008301,1
5.366073131561279,1
5.2702484130859375,1
5.151185512542725,1
5.202138423919678,1
5.220270156860352,1
5.230555057525635,1
5.3329877853393555,1
5.218403339385986,1
5.197127342224121,1
5.260447978973389,1
5.189630508422852,1
5.118635177612305,1
5.162513732910156,1
5.185910224914551,1
5.2765374183654785,1
5.25164794921875,1
5.218770503997803,1
5.2495622634887695,1
5.2887372970581055,1
5.282550811767578,1
5.261487007141113,1
5.201737403869629,1
5.279117584228516,1
5.202993392944336,1
5.252725601196289,1
5.235855579376221,1
5.264087677001953,1
5.226185321807861,1
5.218421459197998,1
5.189880847930908,1
5.282047271728516,1
5.288843154907227,1
5.346938133239746,1
5.353565692901611,1
5.320154190063477,1
5.138791084289551,1
5.185315132141113,1
5.227487087249756,1
5.266226768493652,1
5.176833152770996,1
5.1846747398376465,1
5.203206539154053,1
5.226272106170654,1
5.321242332458496,1
5.263027191162109,1
5.197525501251221,1
5.221316337585449,1
5.1624555587768555,1
5.27121114730835,1
5.326416015625,1
5.266450881958008,1
5.294382095336914,1
5.305797576904297,1
5.304962158203125,1
5.280206680297852,1
5.243100166320801,1
5.20452880859375,1
5.376020431518555,1
5.228219985961914,1
5.241360664367676,1
5.260480880737305,1
5.277507305145264,1
5.199739456176758,1
5.296795845031738,1
5.228428840637207,1
5.2060089111328125,1
5.217133045196533,1
5.26310396194458,1
5.1413092613220215,1
5.25295352935791,1
5.263816833496094,1
5.202835559844971,1
5.2238311767578125,1
5.293757438659668,1
5.267204761505127,1
5.261915683746338,1
5.266263961791992,1
5.282172203063965,1
5.238561630249023,1
5.249733924865723,1
5.2198638916015625,1
5.268774032592773,1
5.208922386169434,1
5.238727569580078,1
5.2089996337890625,1
5.237104892730713,1
5.271417617797852,1
5.213576316833496,1
5.20725154876709,1
5.322362422943115,1
5.2309184074401855,1
5.311725616455078,1
5.247395038604736,1
5.247368812561035,1
5.264974594116211,1
5.149079322814941,1
5.206088066101074,1
5.2186360359191895,1
5.261165618896484,1
5.21992826461792,1
5.29778528213501,1
5.242639541625977,1
5.292855262756348,1
5.1297607421875,1
5.207880973815918,1
5.343192100524902,1
5.259931564331055,1
5.163425445556641,1
5.3079328536987305,1
5.285087585449219,1
5.212244987487793,1
5.293825149536133,1
5.255244255065918,1
5.144550323486328,1
5.230789661407471,1
5.26777458190918,1
5.134999752044678,1
5.370416641235352,1
5.16524076461792,1
5.135676383972168,1
5.210933685302734,1
5.228846073150635,1
5.267313480377197,1
5.223213195800781,1
5.392475128173828,1
5.159365653991699,1
5.344906330108643,1
5.330878734588623,1
5.189671516418457,1
5.301015377044678,1
5.246697425842285,1
5.232597827911377,1
5.318794250488281,1
5.269653797149658,1
5.23574161529541,1
5.25186824798584,1
5.259599208831787,1
5.2179460525512695,1
5.235254287719727,1
5.163012504577637,1
5.301710605621338,1
5.198257923126221,1
5.198227405548096,1
5.314558029174805,1
5.288296222686768,1
5.307881832122803,1
5.244955539703369,1
5.2719221115112305,1
5.233940601348877,1
5.285455703735352,1
5.309088230133057,1
5.237677097320557,1
5.219581127166748,1
5.219331741333008,1
5.2505340576171875,1
5.345801830291748,1
5.19129753112793,1
5.194458484649658,1
5.205263137817383,1
5.199522972106934,1
5.220653057098389,1
5.1988325119018555,1
5.222318649291992,1
5.366706848144531,1
5.158234596252441,1
5.22396183013916,1
5.248842716217041,1
5.321922779083252,1
5.216188907623291,1
5.210198402404785,1
5.138975143432617,1
5.241082191467285,1
5.193759918212891,1
5.206343173980713,1
5.333449363708496,1
5.224099636077881,1
5.199563026428223,1
5.2373785972595215,1
5.252091407775879,1
5.335022926330566,1
5.19005012512207,1
5.253626823425293,1
5.186583518981934,1
5.1475982666015625,1
5.258089065551758,1
5.271662712097168,1
5.262265205383301,1
5.189349174499512,1
5.181527137756348,1
5.2212395668029785,1
5.184520721435547,1
5.198416233062744,1
5.301105499267578,1
5.204469680786133,1
5.228280067443848,1
5.234702110290527,1
5.252826690673828,1
5.207190990447998,1
5.189924240112305,1
5.192861557006836,1
5.162387847900391,1
5.350861549377441,1
5.228126525878906,1
5.307214736938477,1
5.259848594665527,1
5.305203437805176,1
5.291229248046875,1
5.210635185241699,1
5.230013370513916,1
5.213866233825684,1
5.232044219970703,1
5.33558988571167,1
5.245696067810059,1
5.359586715698242,1
5.252056121826172,1
5.2880144119262695,1
5.224082946777344,1
5.315885066986084,1
5.230283737182617,1
5.235072612762451,1
5.268499851226807,1
5.236577987670898,1
5.173488616943359,1
5.223017692565918,1
5.260222434997559,1
5.337404251098633,1
5.224200248718262,1
5.3730058670043945,1
5.220035552978516,1
5.236767768859863,1
5.259812355041504,1
5.370887279510498,1
5.203563213348389,1
5.220585823059082,1
5.292756080627441,1
5.256279945373535,1
5.212793350219727,1
5.177609443664551,1
5.246294975280762,1
5.234753608703613,1
5.297402381896973,1
5.161694526672363,1
5.207716941833496,1
5.363231658935547,1
5.118014812469482,1
5.270145416259766,1
5.224094390869141,1
5.295182704925537,1
5.223110198974609,1
5.309864044189453,1
5.244274616241455,1
5.319674015045166,1
5.237339019775391,1
5.195111274719238,1
5.182013988494873,1
5.3260650634765625,1
5.235043525695801,1
5.237142562866211,1
5.238375663757324,1
5.200754165649414,1
5.255495071411133,1
5.275045871734619,1
5.286334991455078,1
5.302154541015625,1
5.273002624511719,1
5.1300859451293945,1
5.392193794250488,1
5.251679420471191,1
5.226841926574707,1
5.22853946685791,1
5.148678302764893,1
5.191662788391113,1
5.215887069702148,1
5.229575157165527,1
5.306702136993408,1
5.306917190551758,1
5.139348030090332,1
5.144108772277832,1
5.164848327636719,1
5.229407787322998,1
5.2822065353393555,1
5.335636615753174,1
5.194647789001465,1
5.227603912353516,1
5.278897285461426,1
5.184688091278076,1
5.175492286682129,1
5.288087368011475,1
5.303084373474121,1
5.312872886657715,1
5.122224807739258,1
5.199301242828369,1
5.204870223999023,1
5.208205223083496,1
5.2640604972839355,1
5.321430206298828,1
5.211332321166992,1
5.213070869445801,1
5.172852993011475,1
5.258755683898926,1
5.257108211517334,1
5.2646660804748535,1
5.187487602233887,1
5.266030311584473,1
5.240217685699463,1
5.235763072967529,1
5.223968029022217,1
5.248683929443359,1
5.197706699371338,1
5.303285598754883,1
5.213493347167969,1
5.150131702423096,1
5.2585554122924805,1
5.231365203857422,1
5.256254196166992,1
5.266904830932617,1
5.34642219543457,1
5.2161359786987305,1
5.294599533081055,1
5.214057922363281,1
5.196685791015625,1
5.246657371520996,1
5.2704877853393555,1
5.215368747711182,1
5.252577781677246,1
5.346404552459717,1
5.248031139373779,1
5.108652591705322,1
5.27146053314209,1
5.225259780883789,1
5.200782775878906,1
5.214778423309326,1
5.257168292999268,1
5.2990546226501465,1
5.179571628570557,1
5.268328666687012,1
5.2455973625183105,1
5.215044975280762,1
5.3457818031311035,1
5.231830596923828,1
5.220639228820801,1
5.284353256225586,1
5.216878890991211,1
5.239516258239746,1
5.262653350830078,1
5.219686985015869,1
5.273568153381348,1
5.296605587005615,1
5.234559059143066,1
5.183941841125488,1
5.292370796203613,1
5.185766220092773,1
5.142446041107178,1
5.1384758949279785,1
5.24591064453125,1
5.102138519287109,1
5.307027816772461,1
5.255051136016846,1
5.208499908447266,1
5.194084167480469,1
5.262521266937256,1
5.305288791656494,1
5.238358020782471,1
5.355805397033691,1
5.215676307678223,1
5.179717540740967,1
5.275959014892578,1
5.230845928192139,1
5.186263561248779,1
5.2727766036987305,1
5.340059757232666,1
5.272092342376709,1
5.194642066955566,1
5.331395149230957,1
5.297205924987793,1
5.299102783203125,1
5.287528991699219,1
5.367381572723389,1
5.234257698059082,1
5.170527458190918,1
5.331121921539307,1
5.204217910766602,1
5.204963684082031,1
5.317882537841797,1
5.261483192443848,1
5.186847686767578,1
5.273205280303955,1
5.280060768127441,1
5.270046234130859,1
5.296811103820801,1
5.263477325439453,1
5.168980121612549,1
5.1682257652282715,1
5.269891738891602,1
5.288163185119629,1
5.2389750480651855,1
5.25900936126709,1
5.258269786834717,1
5.213940620422363,1
5.267936706542969,1
5.240084171295166,1
5.170008659362793,1
5.245122909545898,1
5.221379280090332,1
5.237918853759766,1
5.19830322265625,1
5.280205726623535,1
5.2244768142700195,1
5.290315628051758,1
5.184468746185303,1
5.300679683685303,1
5.274435043334961,1
5.226587295532227,1
5.182287216186523,1
5.146373748779297,1
5.270725727081299,1
5.2653961181640625,1
5.258016586303711,1
5.25133752822876,1
5.229413032531738,1
5.219468593597412,1
5.152483940124512,1
5.237269401550293,1
5.176584720611572,1
5.195001602172852,1
5.171468257904053,1
5.319720268249512,1
5.253068923950195,1
5.2805328369140625,1
5.342947959899902,1
5.278987407684326,1
5.251120567321777,1
5.240270614624023,1
5.274605751037598,1
5.287823677062988,1
5.175034523010254,1
5.227990627288818,1
5.192363739013672,1
5.119926452636719,1
5.30498743057251,1
5.195033073425293,1
5.210187911987305,1
5.320314407348633,1
5.259087562561035,1
5.266336917877197,1
5.330196380615234,1
5.256691932678223,1
5.147872447967529,1
5.240050315856934,1
5.191780090332031,1
5.197256088256836,1
5.177462577819824,1
5.234291076660156,1
5.179767608642578,1
5.231103897094727,1
5.1516618728637695,1
5.278432369232178,1
5.284392356872559,1
5.2792205810546875,1
5.2006072998046875,1
5.308683395385742,1
5.266284942626953,1
5.19863224029541,1
5.275652885437012,1
5.173612117767334,1
5.243324279785156,1
5.256468772888184,1
5.260370254516602,1
5.199386119842529,1
5.1713762283325195,1
5.300616264343262,1
5.253222465515137,1
5.3297247886657715,1
5.25198221206665,1
5.28781795501709,1
5.225947380065918,1
5.268199920654297,1
5.332583427429199,1
5.273139953613281,1
5.273230075836182,1
5.2133965492248535,1
5.374412536621094,1
5.280801773071289,1
5.253464698791504,1
5.138930320739746,1
5.230498313903809,1
5.226562976837158,1
5.302210807800293,1
5.2134318351745605,1
5.2612624168396,1
5.201956748962402,1
5.174250602722168,1
5.26923942565918,1
5.152064323425293,1
5.251560211181641,1
5.2721357345581055,1
5.137203693389893,1
5.196185111999512,1
5.25125789642334,1
5.229076385498047,1
5.211087226867676,1
5.2489447593688965,1
5.249934196472168,1
5.173649787902832,1
5.266447067260742,1
5.2087626457214355,1
5.241125106811523,1
5.2391767501831055,1
5.202428817749023,1
5.2631096839904785,1
5.245511054992676,1
5.184147357940674,1
5.219105243682861,1
5.305750846862793,1
5.30986213684082,1
5.250364303588867,1
5.1989593505859375,1
5.280570983886719,1
5.3345537185668945,1
5.20613956451416,1
5.271553039550781,1
5.238709449768066,1
5.220973014831543,1
5.301664352416992,1
5.181090354919434,1
5.245358467102051,1
5.290312767028809,1
5.262404441833496,1
5.327469348907471,1
5.25704288482666,1
5.297204971313477,1
5.19944429397583,1
5.228050708770752,1
5.306758880615234,1
5.207765102386475,1
5.242265701293945,1
5.203996658325195,1
5.302631378173828,1
5.2688398361206055,1
5.310026168823242,1
5.190711498260498,1
5.152622222900391,1
5.315952777862549,1
5.302947998046875,1
5.272697448730469,1
5.108155250549316,1
5.297537803649902,1
5.267514228820801,1
5.275393486022949,1
5.151356220245361,1
5.148269176483154,1
5.287660598754883,1
5.136794567108154,1
5.317676067352295,1
5.4073076248168945,1
5.257033824920654,1
5.267463684082031,1
5.271048545837402,1
5.25938081741333,1
5.235734939575195,1
5.250375747680664,1
5.259149074554443,1
5.229735851287842,1
5.231621742248535,1
5.279864311218262,1
5.341012001037598,1
5.172914028167725,1
5.177371978759766,1
5.196401119232178,1
5.271780014038086,1
5.2599334716796875,1
5.234242916107178,1
5.3328704833984375,1
5.2675886154174805,1
5.256479263305664,1
5.301867961883545,1
5.190282821655273,1
5.315364837646484,1
5.202889442443848,1
5.2190961837768555,1
5.17618465423584,1
5.264016151428223,1
5.2673139572143555,1
5.272330284118652,1
5.282289028167725,1
5.286203384399414,1
5.300346374511719,1
5.239239692687988,1
5.2273383140563965,1
5.178946495056152,1
5.201146125793457,1
5.228061676025391,1
5.239934921264648,1
5.1815185546875,1
5.189681529998779,1
5.212142467498779,1
5.136375427246094,1
5.253813743591309,1
5.211750030517578,1
5.2610673904418945,1
5.232710838317871,1
5.265563488006592,1
5.253482818603516,1
5.164453506469727,1
5.22157621383667,1
5.347743511199951,1
5.24302339553833,1
5.231985092163086,1
5.187823295593262,1
5.358644008636475,1
5.2512335777282715,1
5.349242210388184,1
5.240470886230469,1
5.2134318351745605,1
5.196043491363525,1
5.2254133224487305,1
5.241988182067871,1
5.327383041381836,1
5.317408561706543,1
5.183740615844727,1
5.270565986633301,1
5.302188396453857,1
5.178416728973389,1
5.238757133483887,1
5.212066173553467,1
5.221116065979004,1
5.333917140960693,1
5.196388244628906,1
5.2682342529296875,1
5.274919033050537,1
5.182755947113037,1
5.272989273071289,1
5.194418430328369,1
5.2426300048828125,1
5.251462936401367,1
5.232937812805176,1
5.185537338256836,1
5.2375054359436035,1
5.343711853027344,1
5.229238510131836,1
5.242880344390869,1
5.177494049072266,1
5.193604469299316,1
5.250204086303711,1
5.339042663574219,1
5.193098068237305,1
5.117194175720215,1
5.260586738586426,1
5.272726058959961,1
5.2263593673706055,1
5.312839984893799,1
5.284374237060547,1
5.277956008911133,1
5.200766563415527,1
5.235405445098877,1
5.260719299316406,1
5.253493309020996,1
5.272765159606934,1
5.215038299560547,1
5.256579399108887,1
5.139709949493408,1
5.23871374130249,1
5.237776756286621,1
5.226677417755127,1
5.158114433288574,1
5.221306324005127,1
5.224132537841797,1
5.283621311187744,1
5.292648792266846,1
5.249729633331299,1
5.181777477264404,1
5.192806243896484,1
5.211811065673828,1
5.068394184112549,1
5.311244010925293,1
5.252796649932861,1
5.22953987121582,1
5.253199577331543,1
5.246020317077637,1
5.244156837463379,1
5.235966682434082,1
5.266269207000732,1
5.316773414611816,1
5.272068977355957,1
5.296377658843994,1
5.253543376922607,1
5.243844032287598,1
5.208016395568848,1
5.265727519989014,1
5.244794845581055,1
5.284168243408203,1
5.2671918869018555,1
5.175031661987305,1
5.214620113372803,1
5.227994918823242,1
5.233059883117676,1
5.287929534912109,1
5.2708821296691895,1
5.250957489013672,1
5.208075523376465,1
5.206256866455078,1
5.3319878578186035,1
5.253068923950195,1
5.215620040893555,1
5.232368469238281,1
5.260668754577637,1
5.252968788146973,1
5.215034484863281,1
5.243073463439941,1
5.227834701538086,1
5.246826648712158,1
5.1679840087890625,1
5.266343593597412,1
5.2185282707214355,1
5.143174648284912,1
5.26069450378418,1
5.170483112335205,1
5.24629545211792,1
5.175226211547852,1
5.24423360824585,1
5.103167533874512,1
5.252771377563477,1
5.260481357574463,1
5.2609453201293945,1
5.265537738800049,1
5.270917892456055,1
5.292201995849609,1
5.3185319900512695,1
5.19317626953125,1
5.236922264099121,1
5.226370334625244,1
5.228524208068848,1
5.3409423828125,1
5.241127967834473,1
5.225435256958008,1
5.313246726989746,1
5.256960868835449,1
5.267321586608887,1
5.208409309387207,1
5.1875200271606445,1
5.2524847984313965,1
5.16947078704834,1
5.172421932220459,1
5.251065254211426,1
5.196148872375488,1
5.164816379547119,1
5.150254726409912,1
5.186307907104492,1
5.229885578155518,1
5.284402847290039,1
5.2347002029418945,1
5.227075099945068,1
5.111124038696289,1
5.146826267242432,1
5.284988880157471,1
5.225807189941406,1
5.27248477935791,1
5.327952861785889,1
5.17582368850708,1
5.297795295715332,1
5.26127815246582,1
5.233006477355957,1
5.2153778076171875,1
5.1673359870910645,1
5.170561790466309,1
5.16525936126709,1
5.217782974243164,1
5.204827308654785,1
5.164652347564697,1
5.227598667144775,1
5.296655654907227,1
5.289278507232666,1
5.3171234130859375,1
5.350325584411621,1
5.289361000061035,1
5.249606132507324,1
5.254215240478516,1
5.314775466918945,1
5.188559532165527,1
5.225168228149414,1
5.255866050720215,1
5.220818996429443,1
5.240970611572266,1
5.2992472648620605,1
5.2563557624816895,1
5.193567276000977,1
5.298364162445068,1
5.247009754180908,1
5.168667793273926,1
5.211012363433838,1
5.353802680969238,1
5.203385353088379,1
5.210666656494141,1
5.278804779052734,1
5.261948585510254,1
5.327750205993652,1
5.186151504516602,1
5.338292598724365,1
5.2367448806762695,1
5.215539932250977,1
5.19233512878418,1
5.1832475662231445,1
5.353157997131348,1
5.166041374206543,1
5.215436935424805,1
5.241663932800293,1
5.2504730224609375,1
5.199869632720947,1
5.237911224365234,1
5.194719314575195,1
5.290107727050781,1
5.211576461791992,1
5.25629186630249,1
5.227487087249756,1
5.287103176116943,1
5.235788345336914,1
5.291922569274902,1
5.237747669219971,1
5.275289535522461,1
5.16995906829834,1
5.151190757751465,1
5.348448753356934,1
5.321760654449463,1
5.247626781463623,1
5.192541599273682,1
5.268523216247559,1
5.170331954956055,1
5.179222106933594,1
5.200453758239746,1
5.112911224365234,1
5.25046968460083,1
5.208131313323975,1
5.2772040367126465,1
5.209619522094727,1
5.300795555114746,1
5.2366251945495605,1
5.180695533752441,1
5.268824577331543,1
5.227601528167725,1
5.19331169128418,1
5.324240684509277,1
5.25079345703125,1
5.153418064117432,1
5.213992595672607,1
5.291537284851074,1
5.321974754333496,1
5.321910381317139,1
5.17857551574707,1
5.1729865074157715,1
5.236161231994629,1
5.204091548919678,1
5.267726898193359,1
5.28318452835083,1
5.179503440856934,1
5.192478179931641,1
5.250555038452148,1
5.266121864318848,1
5.20459508895874,1
5.28094482421875,1
5.195677757263184,1
5.1490044593811035,1
5.265064239501953,1
5.214687824249268,1
5.222696304321289,1
5.123485565185547,1
5.246376037597656,1
5.149494171142578,1
5.238854885101318,1
5.2644476890563965,1
5.225255966186523,1
5.148144245147705,1
5.253499984741211,1
5.171298027038574,1
5.213842391967773,1
5.423955917358398,1
5.234584808349609,1
5.253915309906006,1
5.264509677886963,1
5.222177505493164,1
5.272600173950195,1
5.309456825256348,1
5.302145004272461,1
5.194269180297852,1
5.277417182922363,1
5.220276832580566,1
5.287389755249023,1
5.235375881195068,1
5.248430252075195,1
5.245253562927246,1
5.2735090255737305,1
5.207095146179199,1
5.215723991394043,1
5.3090925216674805,1
5.247620582580566,1
5.216066837310791,1
5.271880626678467,1
5.288106918334961,1
5.2221269607543945,1
5.2007246017456055,1
5.277700424194336,1
5.133116722106934,1
5.314435958862305,1
5.1767473220825195,1
5.343386650085449,1
5.288385391235352,1
5.235740661621094,1
5.286346435546875,1
5.267522811889648,1
5.214991569519043,1
5.204161643981934,1
5.20378303527832,1
5.2432050704956055,1
5.180469512939453,1
5.248121738433838,1
5.209778785705566,1
5.228733062744141,1
5.206441402435303,1
5.169816970825195,1
5.227858543395996,1
5.348621368408203,1
5.22528076171875,1
5.268108367919922,1
5.334281921386719,1
5.18023681640625,1
5.185941219329834,1
5.188549995422363,1
5.271430015563965,1
5.241927623748779,1
5.184220314025879,1
5.198291778564453,1
5.2244415283203125,1
5.300909042358398,1
5.171327590942383,1
5.250258922576904,1
5.219002723693848,1
5.204671859741211,1
5.325225830078125,1
5.2619524002075195,1
5.2687835693359375,1
5.232360363006592,1
5.205930709838867,1
5.291872501373291,1
5.271906852722168,1
5.233693599700928,1
5.183852672576904,1
5.2205281257629395,1
5.201423168182373,1
5.311654090881348,1
5.248506546020508,1
5.12657356262207,1
5.233656883239746,1
5.2676568031311035,1
5.248035430908203,1
5.236961364746094,1
5.194527626037598,1
5.261979579925537,1
5.3538923263549805,1
5.271406650543213,1
5.266079902648926,1
5.307806491851807,1
5.208392143249512,1
5.305004119873047,1
5.20108699798584,1
5.3004150390625,1
5.247687816619873,1
5.180634498596191,1
5.258453845977783,1
5.17242956161499,1
5.285594940185547,1
5.275397300720215,1
5.163796424865723,1
5.262860298156738,1
5.241804122924805,1
5.227604866027832,1
5.14431095123291,1
5.251327991485596,1
5.196181297302246,1
5.328260898590088,1
5.206482887268066,1
5.286771774291992,1
5.260108947753906,1
5.266757011413574,1
5.27035665512085,1
5.2372260093688965,1
5.311065673828125,1
5.259340286254883,1
5.316552639007568,1
5.157491207122803,1
5.180494785308838,1
5.259926795959473,1
5.226351261138916,1
5.312778472900391,1
5.2196855545043945,1
5.2354536056518555,1
5.280570983886719,1
5.205547332763672,1
5.247096061706543,1
5.250918388366699,1
5.291112899780273,1
5.265621185302734,1
5.290061950683594,1
5.209250450134277,1
5.264850616455078,1
5.287258625030518,1
5.183500289916992,1
5.19060754776001,1
5.18452262878418,1
5.23940372467041,1
5.276134490966797,1
5.275899887084961,1
5.186912536621094,1
5.247381687164307,1
5.247128009796143,1
5.1928253173828125,1
5.195337295532227,1
5.357227802276611,1
5.302075386047363,1
5.262232780456543,1
5.198425769805908,1
5.25084114074707,1
5.170611381530762,1
5.196283340454102,1
5.189432621002197,1
5.239587783813477,1
5.153054237365723,1
5.326773166656494,1
5.187394142150879,1
5.164273262023926,1
5.317046165466309,1
5.325253009796143,1
5.239062786102295,1
5.211950778961182,1
5.242252826690674,1
5.223611831665039,1
5.265686988830566,1
5.306919097900391,1
5.278604984283447,1
5.269769668579102,1
5.265432357788086,1
5.334051132202148,1
5.329521179199219,1
5.194805145263672,1
5.257648468017578,1
5.286945819854736,1
5.187487602233887,1
5.22601842880249,1
5.104853630065918,1
5.209776401519775,1
5.294512748718262,1
5.268576622009277,1
5.263954162597656,1
5.308815956115723,1
5.208137512207031,1
5.2195844650268555,1
5.2352705001831055,1
5.283054351806641,1
5.167193412780762,1
5.294610977172852,1
5.248330116271973,1
5.287593364715576,1
5.240128993988037,1
5.208423614501953,1
5.33245849609375,1
5.267064094543457,1
5.223658561706543,1
5.2495503425598145,1
5.251036167144775,1
5.180355072021484,1
5.22043514251709,1
5.170604228973389,1
5.276608467102051,1
5.164037704467773,1
5.229330539703369,1
5.2227091789245605,1
5.266118049621582,1
5.1888017654418945,1
5.306667327880859,1
5.238354682922363,1
5.277679443359375,1
5.18516731262207,1
5.152788162231445,1
5.196671009063721,1
5.365512847900391,1
5.24534797668457,1
5.250992774963379,1
5.21660041809082,1
5.2795867919921875,1
5.204576015472412,1
5.204555511474609,1
5.243103504180908,1
5.304903984069824,1
5.2939910888671875,1
5.29728364944458,1
5.242992401123047,1
5.226358413696289,1
5.258177757263184,1
5.2693257331848145,1
5.174274444580078,1
5.140759468078613,1
5.31362247467041,1
5.259593486785889,1
5.287006378173828,1
5.239943981170654,1
5.221056938171387,1
5.15211296081543,1
5.284713268280029,1
5.185756683349609,1
5.274478912353516,1
5.209758758544922,1
5.277249336242676,1
5.267148971557617,1
5.278346061706543,1
5.238584518432617,1
5.233249664306641,1
5.347290515899658,1
5.278365135192871,1
5.1935038566589355,1
5.257039546966553,1
5.281558990478516,1
5.2743730545043945,1
5.307013034820557,1
5.201544761657715,1
5.270859718322754,1
5.208871841430664,1
5.27700138092041,1
5.266973495483398,1
5.183799743652344,1
5.282849311828613,1
5.210292816162109,1
5.226696968078613,1
5.304476737976074,1
5.243748664855957,1
5.301605224609375,1
5.220778465270996,1
5.15938138961792,1
5.26830530166626,1
5.289572715759277,1
5.201242446899414,1
5.241272926330566,1
5.249208450317383,1
5.260161399841309,1
5.217399597167969,1
5.268359184265137,1
5.20673942565918,1
5.235779762268066,1
5.220188617706299,1
5.352259635925293,1
5.23132848739624,1
5.252992630004883,1
5.287816047668457,1
5.2002739906311035,1
5.233641624450684,1
5.32029390335083,1
5.206817626953125,1
5.2555084228515625,1
5.323278903961182,1
5.332241058349609,1
5.284582138061523,1
5.301914691925049,1
5.301714897155762,1
5.287851333618164,1
5.296158790588379,1
5.2599687576293945,1
5.357786178588867,1
5.21533727645874,1
5.236276626586914,1
5.241235733032227,1
5.29310941696167,1
5.283404350280762,1
5.226626396179199,1
5.423511505126953,1
5.208159446716309,1
5.147507667541504,1
5.188947677612305,1
5.219437122344971,1
5.183952808380127,1
5.306429386138916,1
5.365201950073242,1
5.190979957580566,1
5.243620872497559,1
5.301043510437012,1
5.1908183097839355,1
5.269049167633057,1
5.25712251663208,1
5.239633560180664,1
5.234071731567383,1
5.196446418762207,1
5.289958953857422,1
5.262088775634766,1
5.2734375,1
5.350489139556885,1
5.267549514770508,1
5.316559791564941,1
5.32142448425293,1
5.19828987121582,1
5.267767906188965,1
5.323665618896484,1
5.254197120666504,1
5.221335411071777,1
5.191461563110352,1
5.266881942749023,1
5.258182525634766,1
5.289721488952637,1
5.184855937957764,1
5.185716152191162,1
5.257187843322754,1
5.239712238311768,1
5.174676895141602,1
5.249345779418945,1
5.159173965454102,1
5.234691143035889,1
5.118786334991455,1
5.243080139160156,1
5.205043792724609,1
5.186025619506836,1
5.294854640960693,1
5.278351783752441,1
5.177006244659424,1
5.196579933166504,1
5.157717704772949,1
5.268293857574463,1
5.278826713562012,1
5.2402777671813965,1
5.352491855621338,1
5.155858993530273,1
5.292863845825195,1
5.343777656555176,1
5.40386962890625,1
5.251003265380859,1
5.157552242279053,1
5.2280497550964355,1
5.223846435546875,1
5.172429084777832,1
5.200250625610352,1
5.3050994873046875,1
5.2738752365112305,1
5.231197357177734,1
5.1914448738098145,1
5.242521286010742,1
5.149842262268066,1
5.165963172912598,1
5.264318466186523,1
5.299493789672852,1
5.165185928344727,1
5.2250657081604,1
5.158553123474121,1
5.233905792236328,1
5.227130889892578,1
5.213126182556152,1
5.289963722229004,1
5.2584991455078125,1
5.214826583862305,1
5.3181562423706055,1
5.266336441040039,1
5.287363052368164,1
5.158052444458008,1
5.189761161804199,1
5.28855037689209,1
5.226513862609863,1
5.277592658996582,1
5.277634620666504,1
5.368589878082275,1
5.1560750007629395,1
5.253778457641602,1
5.294831275939941,1
5.186335563659668,1
5.3068060874938965,1
5.288776397705078,1
5.198314189910889,1
5.267271041870117,1
5.232736587524414,1
5.247239112854004,1
5.222635269165039,1
5.2314276695251465,1
5.351767063140869,1
5.210762977600098,1
5.187409400939941,1
5.187391757965088,1
5.211634159088135,1
5.207868576049805,1
5.247469902038574,1
5.203133583068848,1
5.358081817626953,1
5.293732166290283,1
5.221043586730957,1
5.261898994445801,1
5.200309753417969,1
5.227258682250977,1
5.219965934753418,1
5.26308536529541,1
5.230343341827393,1
5.2464118003845215,1
5.165821075439453,1
5.179636001586914,1
5.247245788574219,1
5.244138717651367,1
5.198391914367676,1
5.316147804260254,1
5.2370171546936035,1
5.2450361251831055,1
5.2136006355285645,1
5.233762741088867,1
5.315756320953369,1
5.133581161499023,1
5.251165866851807,1
5.1538848876953125,1
5.217967987060547,1
5.2711687088012695,1
5.367730140686035,1
5.260552406311035,1
5.2373456954956055,1
5.242462158203125,1
5.211825370788574,1
5.262539863586426,1
5.266201972961426,1
5.307529449462891,1
5.210465431213379,1
5.286834716796875,1
5.256690979003906,1
5.264944553375244,1
5.196255683898926,1
5.304876327514648,1
5.127209663391113,1
5.230698585510254,1
5.169526100158691,1
5.27458381652832,1
5.342214584350586,1
5.194533348083496,1
5.144130706787109,1
5.184964656829834,1
5.2377729415893555,1
5.261742115020752,1
5.329726219177246,1
5.2723493576049805,1
5.191141128540039,1
5.224264144897461,1
5.251857757568359,1
5.357504844665527,1
5.206088066101074,1
5.227164268493652,1
5.192745208740234,1
5.177988529205322,1
5.2607741355896,1
5.240973472595215,1
5.3442063331604,1
5.357336044311523,1
5.2518815994262695,1
5.152533531188965,1
5.25073766708374,1
5.30364990234375,1
5.378667831420898,1
5.280277252197266,1
5.231228828430176,1
5.2198333740234375,1
5.278788089752197,1
5.274091720581055,1
5.21832275390625,1
5.28157901763916,1
5.282149791717529,1
5.277003288269043,1
5.263424873352051,1
5.193975448608398,1
5.222731590270996,1
5.266493797302246,1
5.240445137023926,1
5.207550048828125,1
5.145404815673828,1
5.232576370239258,1
5.2539777755737305,1
5.257536888122559,1
5.246644496917725,1
5.22617769241333,1
5.217416286468506,1
5.18630313873291,1
5.275211334228516,1
5.234948635101318,1
5.249171733856201,1
5.2610039710998535,1
5.291204452514648,1
5.240327835083008,1
5.186623573303223,1
5.27836275100708,1
5.156980991363525,1
5.245844841003418,1
5.264080047607422,1
5.263017177581787,1
5.22730827331543,1
5.25955867767334,1
5.289836883544922,1
5.252205848693848,1
5.254389762878418,1
5.213843822479248,1
5.303983688354492,1
5.169824123382568,1
5.214038372039795,1
5.220239639282227,1
5.141727924346924,1
5.214967727661133,1
5.341554641723633,1
5.260738372802734,1
5.282842636108398,1
5.255487442016602,1
5.248293876647949,1
5.268620491027832,1
5.20380973815918,1
5.177147388458252,1
5.214570999145508,1
5.1868815422058105,1
5.272088050842285,1
5.2563066482543945,1
5.265498161315918,1
5.190864562988281,1
5.208245754241943,1
5.254167556762695,1
5.24429988861084,1
5.230573654174805,1
5.20989465713501,1
5.2526397705078125,1
5.19202995300293,1
5.3172688484191895,1
5.231326103210449,1
5.278284072875977,1
5.26462459564209,1
5.300868511199951,1
5.38409948348999,1
5.222539901733398,1
5.2645673751831055,1
5.331331729888916,1
5.219411849975586,1
5.308718204498291,1
5.281708717346191,1
5.265112400054932,1
5.213535308837891,1
5.250495910644531,1
5.272280693054199,1
5.24444580078125,1
5.235315799713135,1
5.218442916870117,1
5.230713367462158,1
5.1428961753845215,1
5.22298526763916,1
5.2235798835754395,1
5.187599182128906,1
5.235710144042969,1
5.17143440246582,1
5.311495780944824,1
5.204479217529297,1
5.283456802368164,1
5.245144844055176,1
5.2729692459106445,1
5.139336585998535,1
5.218523025512695,1
5.257279872894287,1
5.323307037353516,1
5.318081855773926,1
5.258230686187744,1
5.2979841232299805,1
5.301817893981934,1
5.31265115737915,1
5.300898551940918,1
5.271563529968262,1
5.203343868255615,1
5.338912487030029,1
5.210223197937012,1
5.188983917236328,1
5.271624565124512,1
5.228396892547607,1
5.243509292602539,1
5.189072608947754,1
5.292174339294434,1
5.298860549926758,1
5.2704386711120605,1
5.190154552459717,1
5.3297224044799805,1
5.248990058898926,1
5.155272960662842,1
5.202391147613525,1
5.270474433898926,1
5.237264156341553,1
5.2318501472473145,1
5.222410202026367,1
5.327936172485352,1
5.303200721740723,1
5.235991954803467,1
5.134886741638184,1
5.20870304107666,1
5.248757839202881,1
5.205425262451172,1
5.2935872077941895,1
5.302971363067627,1
5.290495872497559,1
5.226291656494141,1
5.249438285827637,1
5.234716415405273,1
5.143840312957764,1
5.277573585510254,1
5.116410732269287,1
5.2338995933532715,1
5.184802055358887,1
5.218227386474609,1
5.279717445373535,1
5.217138767242432,1
5.191347122192383,1
5.228350639343262,1
5.209890365600586,1
5.230978488922119,1
5.230940818786621,1
5.218613624572754,1
5.365212917327881,1
5.259805679321289,1
5.192238807678223,1
5.2357282638549805,1
5.130483627319336,1
5.308554172515869,1
5.283921241760254,1
5.276647090911865,1
5.326355934143066,1
5.2644548416137695,1
5.15034294128418,1
5.267875671386719,1
5.240550994873047,1
5.192384719848633,1
5.253475666046143,1
5.243502616882324,1
5.296113014221191,1
5.2913970947265625,1
5.212010383605957,1
5.288146018981934,1
5.256997108459473,1
5.241876602172852,1
5.24997091293335,1
5.2404465675354,1
5.306087493896484,1
5.242064476013184,1
5.267335414886475,1
5.228909015655518,1
5.155855178833008,1
5.260193824768066,1
5.269753456115723,1
5.251616477966309,1
5.381869316101074,1
5.25604248046875,1
5.211291313171387,1
5.252804756164551,1
5.179156303405762,1
5.227323532104492,1
5.304230690002441,1
5.245707988739014,1
5.2133636474609375,1
5.324542999267578,1
5.285558700561523,1
5.219820022583008,1
5.255908966064453,1
5.242248058319092,1
5.163053512573242,1
5.342521667480469,1
5.235459804534912,1
5.228959083557129,1
5.221244812011719,1
5.252371788024902,1
5.230704307556152,1
5.142060279846191,1
5.236052513122559,1
5.270860195159912,1
5.329789638519287,1
5.267453193664551,1
5.2016730308532715,1
5.2649993896484375,1
5.254266262054443,1
5.3062214851379395,1
5.309864521026611,1
5.229670524597168,1
5.23709774017334,1
5.284420013427734,1
5.219674110412598,1
5.225002765655518,1
5.255863189697266,1
5.274073600769043,1
5.305408477783203,1
5.294466972351074,1
5.22602653503418,1
5.284852027893066,1
5.237907409667969,1
5.185153484344482,1
5.21710205078125,1
5.1888837814331055,1
5.167179107666016,1
5.200526237487793,1
5.227941513061523,1
5.334284782409668,1
5.182485580444336,1
5.179235458374023,1
5.209329605102539,1
5.188351631164551,1
5.155965805053711,1
5.2192702293396,1
5.228662014007568,1
5.185657978057861,1
5.242027759552002,1
5.225749492645264,1
5.224247932434082,1
5.194416046142578,1
5.232738971710205,1
5.200479030609131,1
5.24190092086792,1
5.356136322021484,1
5.248530864715576,1
5.262433052062988,1
5.273492813110352,1
5.18159294128418,1
5.31300687789917,1
5.225525856018066,1
5.232814311981201,1
5.2474565505981445,1
5.170988082885742,1
5.259902000427246,1
5.242074966430664,1
5.279285430908203,1
5.182095527648926,1
5.232680797576904,1
5.2159223556518555,1
5.248666286468506,1
5.2309441566467285,1
5.193826675415039,1
5.215799331665039,1
5.299375057220459,1
5.182168960571289,1
5.250766754150391,1
5.276262283325195,1
5.244703769683838,1
5.210723876953125,1
5.1761274337768555,1
5.304664611816406,1
5.294490814208984,1
5.236698150634766,1
5.373077392578125,1
5.228409290313721,1
5.240302562713623,1
5.2410454750061035,1
5.289603233337402,1
5.171028137207031,1
5.3064188957214355,1
5.2114105224609375,1
5.188453674316406,1
5.3334150314331055,1
5.208013534545898,1
5.211944580078125,1
5.173382759094238,1
5.228339195251465,1
5.154573917388916,1
5.221146583557129,1
5.2628173828125,1
5.222583770751953,1
5.199737071990967,1
5.3420000076293945,1
5.247640132904053,1
5.293359756469727,1
5.187070846557617,1
5.191674709320068,1
5.2539801597595215,1
5.2069878578186035,1
5.271454811096191,1
5.174224853515625,1
5.27302360534668,1
5.316152572631836,1
5.160945892333984,1
5.180703163146973,1
5.273005485534668,1
5.183931350708008,1
5.244492530822754,1
5.212446212768555,1
5.207581520080566,1
5.3102617263793945,1
5.25087308883667,1
5.344301700592041,1
5.169708728790283,1
5.224276542663574,1
5.245600700378418,1
5.368132591247559,1
5.273927688598633,1
5.259829044342041,1
5.152710914611816,1
5.225693702697754,1
5.257662773132324,1
5.258289337158203,1
5.301173686981201,1
5.271722316741943,1
5.1391191482543945,1
5.1847944259643555,1
5.141829013824463,1
5.262401580810547,1
5.220052719116211,1
5.233746528625488,1
5.17242956161499,1
5.255614280700684,1
5.250833511352539,1
5.246518135070801,1
5.224142074584961,1
5.260651588439941,1
5.237637519836426,1
5.323722839355469,1
5.24194860458374,1
5.217268466949463,1
5.2021484375,1
5.210639953613281,1
5.354780197143555,1
5.121689796447754,1
5.341366767883301,1
5.234524726867676,1
5.21842098236084,1
5.165416717529297,1
5.188539981842041,1
5.30454158782959,1
5.1766462326049805,1
5.32051420211792,1
5.237403869628906,1
5.26957368850708,1
5.137241363525391,1
5.263088226318359,1
5.2168684005737305,1
5.191656589508057,1
5.222814559936523,1
5.273791790008545,1
5.280239582061768,1
5.199602127075195,1
5.224991798400879,1
5.286149978637695,1
5.2433061599731445,1
5.240328788757324,1
5.206514835357666,1
5.21996545791626,1
5.217539310455322,1
5.288568496704102,1
5.221076965332031,1
5.217464447021484,1
5.231262683868408,1
5.200802803039551,1
5.325748443603516,1
5.178255081176758,1
5.187444686889648,1
5.25181770324707,1
5.297206401824951,1
5.163634300231934,1
5.290194511413574,1
5.265471458435059,1
5.223005771636963,1
5.265538692474365,1
5.15927791595459,1
5.330364227294922,1
5.270983695983887,1
5.247101783752441,1
5.201048851013184,1
5.265120029449463,1
5.241209983825684,1
5.204000949859619,1
5.260947227478027,1
5.276638984680176,1
5.210373878479004,1
5.2217206954956055,1
5.2789411544799805,1
5.258541107177734,1
5.195411682128906,1
5.336643218994141,1
5.189927101135254,1
5.294418811798096,1
5.256230354309082,1
5.2989182472229,1
5.159114837646484,1
5.161040306091309,1
5.268339157104492,1
5.217885971069336,1
5.273196697235107,1
5.162320613861084,1
5.17661190032959,1
5.157812118530273,1
5.121758460998535,1
5.186017990112305,1
5.1825103759765625,1
5.240838050842285,1
5.2672834396362305,1
5.345916271209717,1
5.186221122741699,1
5.2152204513549805,1
5.217640399932861,1
5.2620038986206055,1
5.311272621154785,1
5.320988178253174,1
5.238195896148682,1
5.219106674194336,1
5.226595878601074,1
5.252691268920898,1
5.268728256225586,1
5.206633567810059,1
5.157358169555664,1
5.275609016418457,1
5.226443290710449,1
5.222618103027344,1
5.314999103546143,1
5.294373035430908,1
5.410589218139648,1
5.157588958740234,1
5.271017074584961,1
5.260165214538574,1
5.198958396911621,1
5.306141376495361,1
5.231863498687744,1
5.320296287536621,1
5.2944746017456055,1
5.312910556793213,1
5.192105770111084,1
5.279407501220703,1
5.214188575744629,1
5.158995151519775,1
5.255195140838623,1
5.248112201690674,1
5.298564910888672,1
5.226024150848389,1
5.2245378494262695,1
5.287115097045898,1
5.1931281089782715,1
5.269865036010742,1
5.215816497802734,1
5.216896057128906,1
5.359216690063477,1
5.284958839416504,1
5.260768890380859,1
5.229243755340576,1
5.184542655944824,1
5.25814962387085,1
5.250404357910156,1
5.287785530090332,1
5.276670455932617,1
5.31443452835083,1
5.203861236572266,1
5.219494819641113,1
5.201569557189941,1
5.340882301330566,1
5.283677101135254,1
5.235740661621094,1
5.284548759460449,1
5.192378044128418,1
5.245416164398193,1
5.13603401184082,1
5.2487077713012695,1
5.214055061340332,1
5.2324652671813965,1
5.191835403442383,1
5.254368782043457,1
5.257871627807617,1
5.262581825256348,1
5.238636493682861,1
5.235604286193848,1
5.258066654205322,1
5.256525039672852,1
5.2546868324279785,1
5.277246475219727,1
5.221338272094727,1
5.295506000518799,1
5.25356912612915,1
5.205272674560547,1
5.334621429443359,1
5.191902160644531,1
5.2916460037231445,1
5.144763469696045,1
5.18623685836792,1
5.20553731918335,1
5.252456188201904,1
5.240178108215332,1
5.282766342163086,1
5.3418169021606445,1
5.358748435974121,1
5.280783653259277,1
5.1012091636657715,1
5.306131362915039,1
5.231515407562256,1
5.214465141296387,1
5.204112529754639,1
5.129720211029053,1
5.186833381652832,1
5.202325344085693,1
5.226390838623047,1
5.231396675109863,1
5.262547492980957,1
5.328065395355225,1
5.196872711181641,1
5.2835540771484375,1
5.201618194580078,1
5.275350570678711,1
5.260126113891602,1
5.224474906921387,1
5.248898029327393,1
5.272914886474609,1
5.24606466293335,1
5.29603385925293,1
5.17116641998291,1
5.304908275604248,1
5.18097448348999,1
5.303839206695557,1
5.278573036193848,1
5.275400638580322,1
5.253998756408691,1
5.225833892822266,1
5.28364372253418,1
5.2627739906311035,1
5.25590181350708,1
5.303771018981934,1
5.304584503173828,1
5.207591533660889,1
5.249598503112793,1
5.1351118087768555,1
5.264040946960449,1
5.253308296203613,1
5.395651817321777,1
5.331463813781738,1
5.25473690032959,1
5.2042436599731445,1
5.207836151123047,1
5.21507453918457,1
5.1647257804870605,1
5.217028617858887,1
5.260128974914551,1
5.33672571182251,1
5.22011661529541,1
5.186654090881348,1
5.274414539337158,1
5.230722904205322,1
5.307473182678223,1
5.227657318115234,1
5.166065216064453,1
5.195212364196777,1
5.294398307800293,1
5.313070297241211,1
5.316547393798828,1
5.1722493171691895,1
5.20127010345459,1
5.320896625518799,1
5.192818641662598,1
5.2228240966796875,1
5.410749435424805,1
5.262123107910156,1
5.228404998779297,1
5.186997413635254,1
5.245954513549805,1
5.262772560119629,1
5.278805732727051,1
5.250617980957031,1
5.398758888244629,1
5.2307634353637695,1
5.259173393249512,1
5.280494213104248,1
5.314299583435059,1
5.292713642120361,1
5.1435017585754395,1
5.250796318054199,1
5.232346534729004,1
5.269360542297363,1
5.2114458084106445,1
5.278851509094238,1
5.27250862121582,1
5.256388187408447,1
5.234342098236084,1
5.227516174316406,1
5.201456546783447,1
5.289547920227051,1
5.204105377197266,1
5.282622337341309,1
5.2602925300598145,1
5.23764181137085,1
5.186436653137207,1
5.271943092346191,1
5.183760166168213,1
5.318798065185547,1
5.2100725173950195,1
5.163333892822266,1
5.298422336578369,1
5.294949531555176,1
5.200578212738037,1
5.2046051025390625,1
5.089765548706055,1
5.1966142654418945,1
5.219351768493652,1
5.248135566711426,1
5.151123046875,1
5.224671363830566,1
5.3288726806640625,1
5.211127758026123,1
5.200499057769775,1
5.266787528991699,1
5.222950458526611,1
5.370757579803467,1
5.246387958526611,1
5.271313190460205,1
5.233366966247559,1
5.174592971801758,1
5.3177690505981445,1
5.288362503051758,1
5.323578834533691,1
5.290444374084473,1
5.244171142578125,1
5.1385698318481445,1
5.275595664978027,1
5.269523620605469,1
5.201735496520996,1
5.341780662536621,1
5.188464641571045,1
5.300646781921387,1
5.256478309631348,1
5.328993797302246,1
5.208272933959961,1
5.266606330871582,1
5.322936534881592,1
5.158588409423828,1
5.261744499206543,1
5.240179061889648,1
5.316086769104004,1
5.360173225402832,1
5.215177059173584,1
5.260848045349121,1
5.29425048828125,1
5.199453353881836,1
5.177421569824219,1
5.302214622497559,1
5.268678665161133,1
5.229855060577393,1
5.212930202484131,1
5.322919845581055,1
5.201634407043457,1
5.275602340698242,1
5.172393321990967,1
5.190420150756836,1
5.352966785430908,1
5.272885799407959,1
5.20845365524292,1
5.260082244873047,1
5.2850189208984375,1
5.25434684753418,1
5.305367469787598,1
5.224836826324463,1
5.150525093078613,1
5.23649787902832,1
5.239445686340332,1
5.266773700714111,1
5.291380882263184,1
5.2060747146606445,1
5.213613510131836,1
5.223605632781982,1
5.192716598510742,1
5.220426559448242,1
5.229260444641113,1
5.234873294830322,1
5.251015663146973,1
5.238476276397705,1
5.172473907470703,1
5.210338592529297,1
5.293844223022461,1
5.379269123077393,1
5.16746711730957,1
5.276584625244141,1
5.236548900604248,1
5.296965599060059,1
5.224373817443848,1
5.223639965057373,1
5.34940242767334,1
5.178503036499023,1
5.244449138641357,1
5.228283882141113,1
5.227156639099121,1
5.268401145935059,1
5.23703670501709,1
5.229781150817871,1
5.272338390350342,1
5.307795524597168,1
5.240161418914795,1
5.2245049476623535,1
5.226408958435059,1
5.1671528816223145,1
5.269989490509033,1
5.185234069824219,1
5.269428730010986,1
5.248781204223633,1
5.235828876495361,1
5.251337051391602,1
5.302657604217529,1
5.274184226989746,1
5.215871810913086,1
5.161120414733887,1
5.29776668548584,1
5.185822010040283,1
5.327372074127197,1
5.178220748901367,1
5.219364643096924,1
5.235021591186523,1
5.1747541427612305,1
5.270929336547852,1
5.153659820556641,1
5.238363265991211,1
5.286079406738281,1
5.309478759765625,1
5.273351669311523,1
5.193984031677246,1
5.3250732421875,1
5.209932804107666,1
5.315177917480469,1
5.254851341247559,1
5.264139175415039,1
5.301661491394043,1
5.2436628341674805,1
5.197988986968994,1
5.291845321655273,1
5.201104164123535,1
5.220985412597656,1
5.255437850952148,1
5.337390422821045,1
5.189577102661133,1
5.16246223449707,1
5.18548583984375,1
5.202645301818848,1
5.297285079956055,1
5.172738075256348,1
5.280331611633301,1
5.179019451141357,1
5.232010364532471,1
5.173112869262695,1
5.2292256355285645,1
5.290102958679199,1
5.2738494873046875,1
5.091943740844727,1
5.259785175323486,1
5.252154350280762,1
5.241261959075928,1
5.3641252517700195,1
5.220100402832031,1
5.119544506072998,1
5.28899621963501,1
5.255063056945801,1
5.220034122467041,1
5.233454704284668,1
5.275680065155029,1
5.207971096038818,1
5.324571132659912,1
5.235424995422363,1
5.224534034729004,1
5.228689670562744,1
5.3083815574646,1
5.179295539855957,1
5.246170997619629,1
5.1979498863220215,1
5.270593643188477,1
5.247470855712891,1
5.187829494476318,1
5.271267890930176,1
5.23265266418457,1
5.173013687133789,1
5.207082271575928,1
5.225399017333984,1
5.316527366638184,1
5.233005523681641,1
5.251108169555664,1
5.200627326965332,1
5.320713996887207,1
5.365005016326904,1
5.134495735168457,1
5.2612762451171875,1
5.184324264526367,1
5.291585445404053,1
5.204890727996826,1
5.2403564453125,1
5.314806938171387,1
5.2323808670043945,1
5.23525333404541,1
5.237695693969727,1
5.241827964782715,1
5.285463333129883,1
5.244472026824951,1
5.25923490524292,1
5.268610000610352,1
5.321128845214844,1
5.225343704223633,1
5.250616073608398,1
5.208364009857178,1
5.214548110961914,1
5.195505142211914,1
5.163108825683594,1
5.197989463806152,1
5.203590393066406,1
5.231023788452148,1
5.1953229904174805,1
5.295212745666504,1
5.26127290725708,1
5.283847808837891,1
5.307960033416748,1
5.234533309936523,1
5.316793918609619,1
5.2225117683410645,1
5.174525737762451,1
5.204726219177246,1
5.267545700073242,1
5.285236835479736,1
5.293455123901367,1
5.293274879455566,1
5.167403697967529,1
5.269810676574707,1
5.26838493347168,1
5.170225620269775,1
5.301492691040039,1
5.268370628356934,1
5.229852676391602,1
5.180193901062012,1
5.20864200592041,1
5.267186641693115,1
5.145434379577637,1
5.275110244750977,1
5.349085330963135,1
5.185898780822754,1
5.237017631530762,1
5.233419418334961,1
5.263696193695068,1
5.275721549987793,1
5.243683338165283,1
5.28424072265625,1
5.256752014160156,1
5.187082290649414,1
5.2332892417907715,1
5.332868576049805,1
5.265911102294922,1
5.264349937438965,1
5.219648361206055,1
5.333572864532471,1
5.258960247039795,1
5.290948390960693,1
5.1851806640625,1
5.29302978515625,1
5.224099159240723,1
5.278849124908447,1
5.242887496948242,1
5.164005279541016,1
5.245031356811523,1
5.2606658935546875,1
5.236437797546387,1
5.246176719665527,1
5.3392181396484375,1
5.216035842895508,1
5.265067100524902,1
5.227321624755859,1
5.252857208251953,1
5.307744979858398,1
5.180759906768799,1
5.2650604248046875,1
5.217810153961182,1
5.138910293579102,1
5.15536642074585,1
5.26853084564209,1
5.2427215576171875,1
5.347793102264404,1
5.216272830963135,1
5.200758934020996,1
5.359052658081055,1
5.231245517730713,1
5.202629089355469,1
5.194979667663574,1
5.268629550933838,1
5.2613091468811035,1
5.2833051681518555,1
5.169391632080078,1
5.133593559265137,1
5.259341716766357,1
5.218221664428711,1
5.216525077819824,1
5.219578266143799,1
5.309939861297607,1
5.221402168273926,1
5.210555076599121,1
5.229024410247803,1
5.155683517456055,1
5.180522918701172,1
5.176054954528809,1
5.213201522827148,1
5.227356910705566,1
5.269328594207764,1
5.228249549865723,1
5.192301273345947,1
5.267441749572754,1
5.189366340637207,1
5.092177391052246,1
5.161279678344727,1
5.195374488830566,1
5.289186954498291,1
5.239367485046387,1
5.301548957824707,1
5.236174583435059,1
5.279438018798828,1
5.248846054077148,1
5.1405348777771,1
5.29798698425293,1
5.240229606628418,1
5.24727725982666,1
5.221988677978516,1
5.204073905944824,1
5.292852401733398,1
5.250981330871582,1
5.245987892150879,1
5.181550979614258,1
5.183403491973877,1
5.174347877502441,1
5.234034538269043,1
5.248752593994141,1
5.25596809387207,1
5.243631362915039,1
5.331589698791504,1
5.282580375671387,1
5.203354835510254,1
5.264303684234619,1
5.248645305633545,1
5.263110160827637,1
5.17307186126709,1
5.332244873046875,1
5.281709671020508,1
5.245569229125977,1
5.3557939529418945,1
5.310443878173828,1
5.258687973022461,1
5.2613677978515625,1
5.200506687164307,1
5.333329200744629,1
5.160065650939941,1
5.237484931945801,1
5.195534706115723,1
5.2808427810668945,1
5.169118881225586,1
5.245104789733887,1
5.170844078063965,1
5.2572126388549805,1
5.174091339111328,1
5.240543842315674,1
5.264705657958984,1
5.188076972961426,1
5.276854991912842,1
5.259963035583496,1
5.167354583740234,1
5.1531572341918945,1
5.155218124389648,1
5.187473773956299,1
5.307271957397461,1
5.175480842590332,1
5.280529022216797,1
5.28350830078125,1
5.224186420440674,1
5.253518104553223,1
5.271239280700684,1
5.2468109130859375,1
5.230637550354004,1
5.23476505279541,1
5.312973976135254,1
5.170717239379883,1
5.1513471603393555,1
5.163633346557617,1
5.218608856201172,1
5.273881912231445,1
5.278317451477051,1
5.171415328979492,1
5.148936748504639,1
5.3093485832214355,1
5.319491863250732,1
5.232952117919922,1
5.241649150848389,1
5.214357376098633,1
5.194103240966797,1
5.1365251541137695,1
5.255549430847168,1
5.330933094024658,1
5.2044501304626465,1
5.254218578338623,1
5.34689998626709,1
5.211106300354004,1
5.338184356689453,1
5.2819318771362305,1
5.226498603820801,1
5.262409210205078,1
5.215484619140625,1
5.197216510772705,1
5.220036506652832,1
5.325501441955566,1
5.118666648864746,1
5.268804550170898,1
5.285310745239258,1
5.349742412567139,1
5.229709148406982,1
5.19803524017334,1
5.258332252502441,1
5.235154151916504,1
5.309069633483887,1
5.233237266540527,1
5.267617225646973,1
5.19692325592041,1
5.245327949523926,1
5.330860137939453,1
5.262866497039795,1
5.161564350128174,1
5.2740020751953125,1
5.223362445831299,1
5.2065110206604,1
5.210533618927002,1
5.156887054443359,1
5.2676191329956055,1
5.253243446350098,1
5.199807167053223,1
5.257678031921387,1
5.260893821716309,1
5.2561750411987305,1
5.234249591827393,1
5.20728874206543,1
5.151460647583008,1
5.208062648773193,1
5.268071174621582,1
5.120408058166504,1
5.222444534301758,1
5.280089378356934,1
5.230993747711182,1
5.212018966674805,1
5.220129013061523,1
5.27925968170166,1
5.259625434875488,1
5.2305402755737305,1
5.204953193664551,1
5.231668949127197,1
5.217382431030273,1
5.234704971313477,1
5.346248626708984,1
5.110960483551025,1
5.265507698059082,1
5.295292854309082,1
5.228562355041504,1
5.114259719848633,1
5.277339458465576,1
5.348972320556641,1
5.251720428466797,1
5.213742256164551,1
5.209863662719727,1
5.119544982910156,1
5.23155403137207,1
5.237128257751465,1
5.242542266845703,1
5.215354919433594,1
5.285427093505859,1
5.169892311096191,1
5.1592888832092285,1
5.218454837799072,1
5.317150115966797,1
5.300228118896484,1
5.174461364746094,1
5.167238712310791,1
5.310620307922363,1
5.27842903137207,1
5.257370948791504,1
5.277252197265625,1
5.205771446228027,1
5.249281883239746,1
5.259343147277832,1
5.282434463500977,1
5.283209323883057,1
5.230769157409668,1
5.252113342285156,1
5.235799789428711,1
5.199497222900391,1
5.256496429443359,1
5.293510913848877,1
5.2385454177856445,1
5.225062370300293,1
5.245250225067139,1
5.286273956298828,1
5.236903190612793,1
5.346836090087891,1
5.123459339141846,1
5.129288673400879,1
5.249272346496582,1
5.259681224822998,1
5.2750654220581055,1
5.3404541015625,1
5.2585296630859375,1
5.188348770141602,1
5.186981201171875,1
5.146639823913574,1
5.206625938415527,1
5.272561550140381,1
5.194853782653809,1
5.249357223510742,1
5.208436012268066,1
5.306155204772949,1
5.171965599060059,1
5.190588474273682,1
5.299776077270508,1
5.251492500305176,1
5.23374080657959,1
5.156682014465332,1
5.295042514801025,1
5.267360210418701,1
5.238875389099121,1
5.212287902832031,1
5.307793617248535,1
5.252821922302246,1
5.276522159576416,1
5.210323333740234,1
5.270807266235352,1
5.285087585449219,1
5.27028751373291,1
5.230491638183594,1
5.210898399353027,1
5.271259307861328,1
5.145081520080566,1
5.193485260009766,1
5.18974494934082,1
5.257216930389404,1
5.3050031661987305,1
5.25032377243042,1
5.179777145385742,1
5.2135539054870605,1
5.1799726486206055,1
5.171972751617432,1
5.13223934173584,1
5.142407417297363,1
5.34407377243042,1
5.253303527832031,1
5.2516279220581055,1
5.285599231719971,1
5.079127311706543,1
5.162714004516602,1
5.190842628479004,1
5.279094696044922,1
5.407510280609131,1
5.304547309875488,1
5.150874614715576,1
5.213428497314453,1
5.255353927612305,1
5.236435890197754,1
5.272776126861572,1
5.153411865234375,1
5.297454357147217,1
5.216044902801514,1
5.28767728805542,1
5.333643913269043,1
5.206934452056885,1
5.248383522033691,1
5.243557929992676,1
5.226463317871094,1
5.195888519287109,1
5.3523173332214355,1
5.256155967712402,1
5.199580192565918,1
5.2997283935546875,1
5.2744140625,1
5.189935684204102,1
5.215092658996582,1
5.225827217102051,1
5.198132514953613,1
5.1877288818359375,1
5.132086753845215,1
5.267950057983398,1
5.240617275238037,1
5.1914262771606445,1
5.184934139251709,1
5.233960151672363,1
5.255845069885254,1
5.259219169616699,1
5.266486167907715,1
5.256783962249756,1
5.145087718963623,1
5.185329914093018,1
5.254208564758301,1
5.167065620422363,1
5.146577835083008,1
5.208845615386963,1
5.276149749755859,1
5.211902618408203,1
5.1972856521606445,1
5.190779685974121,1
5.278992652893066,1
5.258437156677246,1
5.222750186920166,1
5.239865779876709,1
5.334099769592285,1
5.222898960113525,1
5.204694747924805,1
5.231358051300049,1
5.257819175720215,1
5.228841781616211,1
5.141514301300049,1
5.281852722167969,1
5.3527512550354,1
5.228202819824219,1
5.3825178146362305,1
5.224057197570801,1
5.210221290588379,1
5.265547752380371,1
5.173139572143555,1
5.160435676574707,1
5.202131748199463,1
5.223074913024902,1
5.179633140563965,1
5.12637186050415,1
5.281031608581543,1
5.339441776275635,1
5.170392036437988,1
5.308006286621094,1
5.24833345413208,1
5.296669006347656,1
5.246031284332275,1
5.240007400512695,1
5.330994606018066,1
5.253965854644775,1
5.197549819946289,1
5.249143600463867,1
5.163923263549805,1
5.258511543273926,1
5.248076438903809,1
5.2814621925354,1
5.178371906280518,1
5.200752258300781,1
5.15391731262207,1
5.2314863204956055,1
5.252936363220215,1
5.246866226196289,1
5.248970985412598,1
5.2833251953125,1
5.25190544128418,1
5.218355178833008,1
5.210948944091797,1
5.235191822052002,1
5.1977691650390625,1
5.167057991027832,1
5.306765556335449,1
5.311332702636719,1
5.189477443695068,1
5.289302825927734,1
5.234064102172852,1
5.20413064956665,1
5.24173641204834,1
5.306816577911377,1
5.233826160430908,1
5.186273574829102,1
5.219844818115234,1
5.20805549621582,1
5.311738014221191,1
5.232378959655762,1
5.282607555389404,1
5.186444282531738,1
5.239314079284668,1
5.3300580978393555,1
5.231069564819336,1
5.292537212371826,1
5.243237495422363,1
5.2467498779296875,1
5.2729268074035645,1
5.172275066375732,1
5.203287601470947,1
5.243441581726074,1
5.163178443908691,1
5.261425018310547,1
5.254281997680664,1
5.3256683349609375,1
5.3134965896606445,1
5.238182544708252,1
5.294945240020752,1
5.222803115844727,1
5.353942394256592,1
5.252915382385254,1
5.261358261108398,1
5.13173770904541,1
5.249689102172852,1
5.18250846862793,1
5.262999534606934,1
5.254880905151367,1
5.24977445602417,1
5.234169960021973,1
5.244694709777832,1
5.259041786193848,1
5.267570495605469,1
5.238519191741943,1
5.200336933135986,1
5.210927486419678,1
5.246254920959473,1
5.209835529327393,1
5.261045455932617,1
5.137569427490234,1
5.151731014251709,1
5.185364246368408,1
5.287455081939697,1
5.132621765136719,1
5.235915184020996,1
5.263283729553223,1
5.203361511230469,1
5.181436061859131,1
5.328742027282715,1
5.224479675292969,1
5.229395866394043,1
5.300048828125,1
5.328399658203125,1
5.260989189147949,1
5.314934253692627,1
5.273222923278809,1
5.134165287017822,1
5.260473251342773,1
5.250978469848633,1
5.181073188781738,1
5.235538005828857,1
5.304056167602539,1
5.2832536697387695,1
5.206784248352051,1
5.143350601196289,1
5.24324893951416,1
5.201462745666504,1
5.1596360206604,1
5.177075386047363,1
5.259903430938721,1
5.274863243103027,1
5.253076076507568,1
5.127793312072754,1
5.248565673828125,1
5.2897186279296875,1
5.298922538757324,1
5.264965057373047,1
5.2647552490234375,1
5.294060707092285,1
5.235034465789795,1
5.206459045410156,1
5.181941032409668,1
5.274871826171875,1
5.235315799713135,1
5.218740463256836,1
5.292115211486816,1
5.21677303314209,1
5.267324924468994,1
5.264218330383301,1
5.29533052444458,1
5.271790981292725,1
5.193687915802002,1
5.266956329345703,1
5.273839950561523,1
5.177956581115723,1
5.259073257446289,1
5.305568695068359,1
5.182192325592041,1
5.344055652618408,1
5.214539527893066,1
5.260992050170898,1
5.190098285675049,1
5.242650985717773,1
5.2685699462890625,1
5.247979164123535,1
5.189687252044678,1
5.313631057739258,1
5.343099594116211,1
5.2149457931518555,1
5.292038917541504,1
5.2805280685424805,1
5.254895210266113,1
5.2439141273498535,1
5.182077407836914,1
5.26085090637207,1
5.275435924530029,1
5.143038272857666,1
5.168385982513428,1
5.304304122924805,1
5.266378402709961,1
5.324666500091553,1
5.2006025314331055,1
5.248838424682617,1
5.287961959838867,1
5.09771728515625,1
5.245709419250488,1
5.221314430236816,1
5.24431848526001,1
5.341409683227539,1
5.23950719833374,1
5.20966911315918,1
5.2083210945129395,1
5.2303853034973145,1
5.2572760581970215,1
5.219635009765625,1
5.237311363220215,1
5.224706649780273,1
5.2639994621276855,1
5.1802568435668945,1
5.176051139831543,1
5.268597602844238,1
5.20610237121582,1
5.183340072631836,1
5.2593770027160645,1
5.291004657745361,1
5.292638778686523,1
5.271604537963867,1
5.292840480804443,1
5.234237194061279,1
5.311824798583984,1
5.2297139167785645,1
5.253568649291992,1
5.211827278137207,1
5.24146032333374,1
5.313010215759277,1
5.164294719696045,1
5.124996185302734,1
5.112002372741699,1
5.224226951599121,1
5.213703155517578,1
5.209750652313232,1
5.184378623962402,1
5.122364521026611,1
5.38544225692749,1
5.305741310119629,1
5.258909225463867,1
5.237009048461914,1
5.198984146118164,1
5.232937812805176,1
5.3488874435424805,1
5.214487075805664,1
5.293331146240234,1
5.226308345794678,1
5.282299995422363,1
5.254114151000977,1
5.1869330406188965,1
5.362359046936035,1
5.233144760131836,1
5.183177947998047,1
5.1921234130859375,1
5.309756755828857,1
5.197611331939697,1
5.220751762390137,1
5.190495491027832,1
5.241714000701904,1
5.251096725463867,1
5.246760368347168,1
5.255670547485352,1
5.083378791809082,1
5.244294166564941,1
5.275666236877441,1
5.226194381713867,1
5.253643989562988,1
5.275429725646973,1
5.280266284942627,1
5.121721267700195,1
5.224217414855957,1
5.280671119689941,1
5.201872825622559,1
5.2464094161987305,1
5.245917320251465,1
5.22956657409668,1
5.2457075119018555,1
5.231790542602539,1
5.295382022857666,1
5.184126853942871,1
5.332186222076416,1
5.187112808227539,1
5.309790134429932,1
5.247135162353516,1
5.236363887786865,1
5.315413475036621,1
5.342647552490234,1
5.262659072875977,1
5.223288536071777,1
5.260903358459473,1
5.249140739440918,1
5.300640106201172,1
5.247296333312988,1
5.315483093261719,1
5.297580718994141,1
5.2824015617370605,1
5.297517776489258,1
5.220700263977051,1
5.307145118713379,1
5.237077713012695,1
5.234570503234863,1
5.264155387878418,1
5.274709701538086,1
5.198706150054932,1
5.184375286102295,1
5.341727256774902,1
5.216194152832031,1
5.259117126464844,1
5.222247123718262,1
5.203036785125732,1
5.194669723510742,1
5.249100685119629,1
5.274214744567871,1
5.267255783081055,1
5.1651506423950195,1
5.294172763824463,1
5.213958263397217,1
5.233163833618164,1
5.265566825866699,1
5.16926383972168,1
5.243736267089844,1
5.183544158935547,1
5.1524152755737305,1
5.221160888671875,1
5.262327194213867,1
5.24757194519043,1
5.305399417877197,1
5.1602911949157715,1
5.261953830718994,1
5.206394672393799,1
5.260109901428223,1
5.199797630310059,1
5.321156978607178,1
5.27350378036499,1
5.270843029022217,1
5.247180938720703,1
5.221223831176758,1
5.237537384033203,1
5.13335657119751,1
5.190769672393799,1
5.207232475280762,1
5.249908924102783,1
5.261028289794922,1
5.224469184875488,1
5.2506256103515625,1
5.351302146911621,1
5.183449745178223,1
5.326991081237793,1
5.308192253112793,1
5.2247772216796875,1
