5.199448585510254,1
5.171568870544434,1
5.327242374420166,1
5.232914924621582,1
5.185177803039551,1
5.2273640632629395,1
5.256594181060791,1
5.22686767578125,1
5.275378227233887,1
5.181784629821777,1
5.2361159324646,1
5.263476848602295,1
5.214544773101807,1
5.177704811096191,1
5.265624523162842,1
5.273109436035156,1
5.221532344818115,1
5.298868179321289,1
5.261514663696289,1
5.228119850158691,1
5.249348163604736,1
5.247412204742432,1
5.161837577819824,1
5.279016494750977,1
5.20725679397583,1
5.253953456878662,1
5.267561912536621,1
5.227778434753418,1
5.235724449157715,1
5.193111419677734,1
5.215075492858887,1
5.250146865844727,1
5.269444465637207,1
5.257017612457275,1
5.270865440368652,1
5.228055953979492,1
5.3208818435668945,1
5.169387340545654,1
5.241187572479248,1
5.287220001220703,1
5.184016227722168,1
5.151303291320801,1
5.176576137542725,1
5.25620174407959,1
5.206945419311523,1
5.220115661621094,1
5.2374467849731445,1
5.256969451904297,1
5.274559497833252,1
5.2875590324401855,1
5.242599010467529,1
5.181418418884277,1
5.233945846557617,1
5.210451126098633,1
5.337259292602539,1
5.30423641204834,1
5.254882335662842,1
5.274553298950195,1
5.255602836608887,1
5.18267297744751,1
5.251288890838623,1
5.233407974243164,1
5.226927757263184,1
5.299709320068359,1
5.195239067077637,1
5.194267749786377,1
5.218595027923584,1
5.249894618988037,1
5.22548770904541,1
5.246516227722168,1
5.185476303100586,1
5.229942321777344,1
5.29627799987793,1
5.212767601013184,1
5.186819076538086,1
5.180841445922852,1
5.215857028961182,1
5.259037017822266,1
5.24465274810791,1
5.235996246337891,1
5.246781349182129,1
5.185993671417236,1
5.241833686828613,1
5.2238264083862305,1
5.23030424118042,1
5.221253395080566,1
5.245230197906494,1
5.247150421142578,1
5.219867706298828,1
5.252205848693848,1
5.277864456176758,1
5.233971118927002,1
5.274256706237793,1
5.192037105560303,1
5.214871406555176,1
5.256312847137451,1
5.205629348754883,1
5.177774429321289,1
5.224949836730957,1
5.231266975402832,1
5.193585395812988,1
5.281958103179932,1
5.2278337478637695,1
5.2379045486450195,1
5.272342681884766,1
5.218338489532471,1
5.278756141662598,1
5.162929534912109,1
5.257534027099609,1
5.286258697509766,1
5.269089221954346,1
5.256704330444336,1
5.273143768310547,1
5.256202697753906,1
5.228631496429443,1
5.257306098937988,1
5.29856014251709,1
5.2729973793029785,1
5.225890159606934,1
5.260817527770996,1
5.263235092163086,1
5.230854034423828,1
5.262249946594238,1
5.259352207183838,1
5.248832702636719,1
5.188948631286621,1
5.193497657775879,1
5.186590194702148,1
5.219888210296631,1
5.218414306640625,1
5.2283525466918945,1
5.264041900634766,1
5.2253265380859375,1
5.198447227478027,1
5.197736740112305,1
5.289468765258789,1
5.262016773223877,1
5.251829624176025,1
5.273924827575684,1
5.263319492340088,1
5.190093517303467,1
5.283430099487305,1
5.279457092285156,1
5.18415641784668,1
5.247585773468018,1
5.265820026397705,1
5.255773544311523,1
5.2809906005859375,1
5.245648384094238,1
5.263882160186768,1
5.219601631164551,1
5.266730308532715,1
5.292734146118164,1
5.2710371017456055,1
5.21333122253418,1
5.186285018920898,1
5.15738582611084,1
5.239240646362305,1
5.224935531616211,1
5.217987060546875,1
5.247428894042969,1
5.324498176574707,1
5.253330230712891,1
5.256832599639893,1
5.22822380065918,1
5.258167743682861,1
5.278139114379883,1
5.227910041809082,1
5.191623210906982,1
5.269025802612305,1
5.213604927062988,1
5.255819320678711,1
5.185251235961914,1
5.158498764038086,1
5.191186904907227,1
5.216795444488525,1
5.179232597351074,1
5.224197864532471,1
5.210456371307373,1
5.311023712158203,1
5.2229814529418945,1
5.231565952301025,1
5.260799884796143,1
5.252843379974365,1
5.201781272888184,1
5.2047905921936035,1
5.232474327087402,1
5.220864295959473,1
5.2583112716674805,1
5.241534233093262,1
5.270083427429199,1
5.230654239654541,1
5.259276390075684,1
5.112337112426758,1
5.241296768188477,1
5.249643802642822,1
5.196866512298584,1
5.214223861694336,1
5.358916759490967,1
5.253806114196777,1
5.238373756408691,1
5.249697685241699,1
5.2289276123046875,1
5.2598876953125,1
5.280849933624268,1
5.2811689376831055,1
5.196491241455078,1
5.247983932495117,1
5.228097915649414,1
5.26350736618042,1
5.257681846618652,1
5.205907821655273,1
5.214862823486328,1
5.283642292022705,1
5.256638526916504,1
5.195650100708008,1
5.21953821182251,1
5.316095352172852,1
5.224628448486328,1
5.2705793380737305,1
5.216766357421875,1
5.246734619140625,1
5.173638343811035,1
5.220485210418701,1
5.244985580444336,1
5.234261512756348,1
5.193528175354004,1
5.202476501464844,1
5.232182502746582,1
5.255758762359619,1
5.245659828186035,1
5.22175407409668,1
5.3051371574401855,1
5.225950241088867,1
5.243107795715332,1
5.2653913497924805,1
5.2979936599731445,1
5.234909534454346,1
5.297292709350586,1
5.197532653808594,1
5.219118118286133,1
5.211946964263916,1
5.2192840576171875,1
5.26617431640625,1
5.350190162658691,1
5.29576301574707,1
5.29230260848999,1
5.259280681610107,1
5.258367538452148,1
5.243097305297852,1
5.270631790161133,1
5.187961578369141,1
5.260923385620117,1
5.257152557373047,1
5.236373424530029,1
5.209413528442383,1
5.303908824920654,1
5.256287097930908,1
5.217871189117432,1
5.224070072174072,1
5.225841999053955,1
5.193531513214111,1
5.274077892303467,1
5.283735275268555,1
5.256590843200684,1
5.249419212341309,1
5.236936569213867,1
5.234100341796875,1
5.261889457702637,1
5.259128093719482,1
5.286744117736816,1
5.266354084014893,1
5.252987861633301,1
5.2274370193481445,1
5.223415374755859,1
5.227508544921875,1
5.256333351135254,1
5.193203926086426,1
5.233925819396973,1
5.253082275390625,1
5.262792110443115,1
5.242557525634766,1
5.236794471740723,1
5.199490070343018,1
5.261673927307129,1
5.30811071395874,1
5.247463226318359,1
5.239624500274658,1
5.199748516082764,1
5.228795051574707,1
5.247380256652832,1
5.23745584487915,1
5.245203971862793,1
5.184515953063965,1
5.235050678253174,1
5.216587066650391,1
5.191129684448242,1
5.214926719665527,1
5.237788200378418,1
5.225127696990967,1
5.206082344055176,1
5.19492244720459,1
5.25427770614624,1
5.265989303588867,1
5.283387660980225,1
5.237586498260498,1
5.275551795959473,1
5.228876113891602,1
5.269696235656738,1
5.264795780181885,1
5.2457051277160645,1
5.235993385314941,1
5.194751739501953,1
5.2473297119140625,1
5.240999221801758,1
5.236523628234863,1
5.258405685424805,1
5.270744323730469,1
5.2365288734436035,1
5.275991439819336,1
5.264078140258789,1
5.228334426879883,1
5.26441764831543,1
5.203310012817383,1
5.15949010848999,1
5.248673439025879,1
5.252699851989746,1
5.271851539611816,1
5.2711076736450195,1
5.258774757385254,1
5.240102767944336,1
5.261540412902832,1
5.211283206939697,1
5.222817897796631,1
5.1966423988342285,1
5.164377212524414,1
5.24852180480957,1
5.245246410369873,1
5.257468223571777,1
5.2540812492370605,1
5.257826805114746,1
5.204830169677734,1
5.276500701904297,1
5.199655055999756,1
5.258915901184082,1
5.249514102935791,1
5.266731262207031,1
5.191385269165039,1
5.267536163330078,1
5.250336170196533,1
5.2720184326171875,1
5.235395908355713,1
5.248534202575684,1
5.209462642669678,1
5.254123687744141,1
5.279123306274414,1
5.277329444885254,1
5.230048179626465,1
5.2766265869140625,1
5.232794761657715,1
5.242116451263428,1
5.23960542678833,1
5.20882511138916,1
5.276896953582764,1
5.234618663787842,1
5.266956329345703,1
5.222830772399902,1
5.212282657623291,1
5.26873779296875,1
5.231189727783203,1
5.205489635467529,1
5.206601142883301,1
5.237236976623535,1
5.262296676635742,1
5.244284629821777,1
5.196147918701172,1
5.184659957885742,1
5.245052337646484,1
5.165761947631836,1
5.2573561668396,1
5.2471232414245605,1
5.2890825271606445,1
5.179764747619629,1
5.185844421386719,1
5.243841171264648,1
5.193848609924316,1
5.164633750915527,1
5.193096160888672,1
5.216662406921387,1
5.2693305015563965,1
5.16234827041626,1
5.282461166381836,1
5.294273376464844,1
5.179303169250488,1
5.267956733703613,1
5.251303195953369,1
5.237527847290039,1
5.261829376220703,1
5.2657341957092285,1
5.161903381347656,1
5.221992492675781,1
5.209846496582031,1
5.2762885093688965,1
5.291022777557373,1
5.283074378967285,1
5.328195571899414,1
5.273707389831543,1
5.19742488861084,1
5.2465386390686035,1
5.216839790344238,1
5.1974310874938965,1
5.2066826820373535,1
5.211983680725098,1
5.225144386291504,1
5.246430397033691,1
5.207337379455566,1
5.248130798339844,1
5.215944290161133,1
5.22029972076416,1
5.256243705749512,1
5.234493255615234,1
5.2199788093566895,1
5.29110050201416,1
5.238770961761475,1
5.22154426574707,1
5.290184020996094,1
5.309290885925293,1
5.249978542327881,1
5.198602199554443,1
5.251811981201172,1
5.260416030883789,1
5.215473175048828,1
5.232548236846924,1
5.232577323913574,1
5.214569091796875,1
5.303473472595215,1
5.227810859680176,1
5.296085834503174,1
5.25617790222168,1
5.239458084106445,1
5.204719066619873,1
5.20700216293335,1
5.258037567138672,1
5.234539031982422,1
5.273674964904785,1
5.228274345397949,1
5.251635551452637,1
5.184823036193848,1
5.204896926879883,1
5.261059761047363,1
5.235795021057129,1
5.355932235717773,1
5.227234840393066,1
5.2136969566345215,1
5.194478988647461,1
5.263066291809082,1
5.303566932678223,1
5.257132530212402,1
5.205750942230225,1
5.237853050231934,1
5.260293960571289,1
5.256025791168213,1
5.264862060546875,1
5.218997001647949,1
5.215780258178711,1
5.2515950202941895,1
5.2212371826171875,1
5.151932716369629,1
5.282693862915039,1
5.241059303283691,1
5.3264923095703125,1
5.307095527648926,1
5.271689414978027,1
5.2521867752075195,1
5.2872724533081055,1
5.256835460662842,1
5.185667037963867,1
5.199090003967285,1
5.1920857429504395,1
5.151165008544922,1
5.2854838371276855,1
5.1404242515563965,1
5.217020034790039,1
5.249011993408203,1
5.238227844238281,1
5.265808582305908,1
5.228227615356445,1
5.192850112915039,1
5.28398323059082,1
5.190221309661865,1
5.293303489685059,1
5.2679901123046875,1
5.280202865600586,1
5.2307000160217285,1
5.239461421966553,1
5.261725425720215,1
5.194694519042969,1
5.250102519989014,1
5.2825798988342285,1
5.274579048156738,1
5.212238311767578,1
5.256852149963379,1
5.268067359924316,1
5.185214996337891,1
5.232962131500244,1
5.244725704193115,1
5.252507209777832,1
5.331713676452637,1
5.198073387145996,1
5.203830718994141,1
5.282113552093506,1
5.220271110534668,1
5.260337829589844,1
5.242816925048828,1
5.174408912658691,1
5.2564802169799805,1
5.270050525665283,1
5.271824359893799,1
5.278833389282227,1
5.2435622215271,1
5.272578239440918,1
5.297661781311035,1
5.202375411987305,1
5.221853256225586,1
5.2029595375061035,1
5.257606506347656,1
5.209371566772461,1
5.285547256469727,1
5.274123191833496,1
5.1927714347839355,1
5.228825092315674,1
5.212717056274414,1
5.212617874145508,1
5.243742942810059,1
5.276927947998047,1
5.22007942199707,1
5.268550872802734,1
5.242080211639404,1
5.265277862548828,1
5.285032272338867,1
5.248464584350586,1
5.183644771575928,1
5.290964126586914,1
5.240516662597656,1
5.272322177886963,1
5.22559928894043,1
5.150960922241211,1
5.207450866699219,1
5.214139938354492,1
5.22257661819458,1
5.280374526977539,1
5.263901710510254,1
5.2106451988220215,1
5.178040504455566,1
5.262996673583984,1
5.236884117126465,1
5.255679130554199,1
5.28484582901001,1
5.275722026824951,1
5.3148956298828125,1
5.239013671875,1
5.275869369506836,1
5.191600799560547,1
5.279446601867676,1
5.242798805236816,1
5.25669002532959,1
5.287552833557129,1
5.203768730163574,1
5.246089458465576,1
5.254538536071777,1
5.2529778480529785,1
5.236021995544434,1
5.235210418701172,1
5.253985404968262,1
5.245757579803467,1
5.284090518951416,1
5.251241207122803,1
5.3338470458984375,1
5.23268985748291,1
5.243175506591797,1
5.280241012573242,1
5.228748798370361,1
5.262553691864014,1
5.3040361404418945,1
5.248322486877441,1
5.290200233459473,1
5.243675708770752,1
5.2181077003479,1
5.182145595550537,1
5.232383728027344,1
5.271040916442871,1
5.202642440795898,1
5.2378339767456055,1
5.252762794494629,1
5.282322406768799,1
5.247010231018066,1
5.230957508087158,1
5.213953971862793,1
5.310664176940918,1
5.244543075561523,1
5.259208679199219,1
5.294273853302002,1
5.227066516876221,1
5.275165557861328,1
5.233694076538086,1
5.248160362243652,1
5.265761375427246,1
5.216043949127197,1
5.30516242980957,1
5.172729969024658,1
5.233829975128174,1
5.224066257476807,1
5.167745590209961,1
5.269164085388184,1
5.194201946258545,1
5.174500465393066,1
5.24538516998291,1
5.233640193939209,1
5.2219438552856445,1
5.182811260223389,1
5.227996826171875,1
5.2525458335876465,1
5.169345855712891,1
5.153183937072754,1
5.2591938972473145,1
5.262555122375488,1
5.252552032470703,1
5.240617275238037,1
5.323042392730713,1
5.2410478591918945,1
5.286867618560791,1
5.173118591308594,1
5.164995193481445,1
5.267162322998047,1
5.301175594329834,1
5.2686872482299805,1
5.251852035522461,1
5.263159275054932,1
5.221278667449951,1
5.140069961547852,1
5.219937801361084,1
5.268651008605957,1
5.202121734619141,1
5.231740474700928,1
5.289084434509277,1
5.2652740478515625,1
5.238733291625977,1
5.215544700622559,1
5.211557388305664,1
5.188797473907471,1
5.259964942932129,1
5.280458450317383,1
5.2773027420043945,1
5.230830192565918,1
5.232611656188965,1
5.2204999923706055,1
5.219491958618164,1
5.1643877029418945,1
5.225885391235352,1
5.348434925079346,1
5.249042510986328,1
5.306199073791504,1
5.169785976409912,1
5.188685894012451,1
5.295860767364502,1
5.268298149108887,1
5.186400413513184,1
5.225083351135254,1
5.281790256500244,1
5.325014114379883,1
5.2269134521484375,1
5.286914825439453,1
5.233916282653809,1
5.2834014892578125,1
5.253215312957764,1
5.238271713256836,1
5.214184284210205,1
5.232913970947266,1
5.231986045837402,1
5.191070079803467,1
5.2319488525390625,1
5.224919319152832,1
5.2563066482543945,1
5.285619258880615,1
5.176988124847412,1
5.249363422393799,1
5.311413288116455,1
5.219277381896973,1
5.232976913452148,1
5.235745429992676,1
5.294922351837158,1
5.299625396728516,1
5.325967311859131,1
5.172372341156006,1
5.2420654296875,1
5.27612829208374,1
5.2299113273620605,1
5.2681565284729,1
5.21990442276001,1
5.246447563171387,1
5.253628730773926,1
5.201444149017334,1
5.171381950378418,1
5.229336261749268,1
5.20131778717041,1
5.306833267211914,1
5.219788551330566,1
5.228006362915039,1
5.171113014221191,1
5.293260097503662,1
5.173340797424316,1
5.205955505371094,1
5.272199630737305,1
5.237816333770752,1
5.256897926330566,1
5.178771018981934,1
5.264238357543945,1
5.215177536010742,1
5.237419128417969,1
5.214241027832031,1
5.234188079833984,1
5.17889404296875,1
5.232198238372803,1
5.202544212341309,1
5.253201484680176,1
5.210443496704102,1
5.349503993988037,1
5.2109808921813965,1
5.305232048034668,1
5.260983467102051,1
5.2127180099487305,1
5.216314315795898,1
5.220372200012207,1
5.25954532623291,1
5.274518013000488,1
5.26154899597168,1
5.256427764892578,1
5.2337775230407715,1
5.243704319000244,1
5.255856513977051,1
5.254220008850098,1
5.187437057495117,1
5.223437309265137,1
5.254953384399414,1
5.206753730773926,1
5.183576583862305,1
5.198154926300049,1
5.190542697906494,1
5.293577194213867,1
5.247597694396973,1
5.282912254333496,1
5.286850929260254,1
5.142640113830566,1
5.312894821166992,1
5.275913238525391,1
5.270621299743652,1
5.243385314941406,1
5.211296081542969,1
5.230710983276367,1
5.240503311157227,1
5.318271636962891,1
5.228396415710449,1
5.254825592041016,1
5.229620456695557,1
5.21928596496582,1
5.21987771987915,1
5.325084686279297,1
5.261388301849365,1
5.2226457595825195,1
5.25331974029541,1
5.2703857421875,1
5.25474739074707,1
5.231314659118652,1
5.227631092071533,1
5.287372589111328,1
5.235735893249512,1
5.270577907562256,1
5.23533821105957,1
5.263338565826416,1
5.240545272827148,1
5.182925224304199,1
5.256669044494629,1
5.173733711242676,1
5.223928451538086,1
5.189678192138672,1
5.293214797973633,1
5.25887393951416,1
5.248068809509277,1
5.1810760498046875,1
5.289299488067627,1
5.206727504730225,1
5.269966125488281,1
5.2627482414245605,1
5.212900161743164,1
5.209906578063965,1
5.199869155883789,1
5.229763984680176,1
5.2263078689575195,1
5.206974983215332,1
5.2201738357543945,1
5.177360534667969,1
5.186986923217773,1
5.215675354003906,1
5.268492698669434,1
5.238945960998535,1
5.248660087585449,1
5.169054985046387,1
5.201548099517822,1
5.272454738616943,1
5.317571640014648,1
5.184785842895508,1
5.245728969573975,1
5.226839065551758,1
5.247372150421143,1
5.284372329711914,1
5.2829976081848145,1
5.2011260986328125,1
5.223234176635742,1
5.178242206573486,1
5.2304277420043945,1
5.215511798858643,1
5.242862701416016,1
5.291013240814209,1
5.307667255401611,1
5.251434326171875,1
5.210167407989502,1
5.28385066986084,1
5.262856483459473,1
5.2413434982299805,1
5.225811004638672,1
5.261631965637207,1
5.235365867614746,1
5.25151252746582,1
5.218418598175049,1
5.2492451667785645,1
5.264828681945801,1
5.250820159912109,1
5.2110443115234375,1
5.297000408172607,1
5.233973503112793,1
5.299431800842285,1
5.205545425415039,1
5.214911460876465,1
5.240496635437012,1
5.312804698944092,1
5.192750930786133,1
5.282907009124756,1
5.221907138824463,1
5.181437969207764,1
5.232836723327637,1
5.297696590423584,1
5.23353910446167,1
5.238959312438965,1
5.2430419921875,1
5.2078375816345215,1
5.274322986602783,1
5.226339817047119,1
5.23420524597168,1
5.299643516540527,1
5.186833381652832,1
5.201146125793457,1
5.248073577880859,1
5.245914459228516,1
5.198719024658203,1
5.280335426330566,1
5.238574504852295,1
5.25572395324707,1
5.30692195892334,1
5.250671863555908,1
5.236754417419434,1
5.215566635131836,1
5.21720552444458,1
5.210638999938965,1
5.222717761993408,1
5.216550827026367,1
5.264772415161133,1
5.19658899307251,1
5.25611686706543,1
5.245827674865723,1
5.167847633361816,1
5.283335208892822,1
5.229452133178711,1
5.275303363800049,1
5.23100471496582,1
5.195843696594238,1
5.183558464050293,1
5.214310646057129,1
5.182339668273926,1
5.2880353927612305,1
5.229787826538086,1
5.253080368041992,1
5.271901607513428,1
5.271424293518066,1
5.219347953796387,1
5.217367172241211,1
5.160802841186523,1
5.273591995239258,1
5.196152687072754,1
5.225558280944824,1
5.249605178833008,1
5.260335445404053,1
5.348514080047607,1
5.233974456787109,1
5.282948970794678,1
5.264651298522949,1
5.1963982582092285,1
5.1909942626953125,1
5.239952564239502,1
5.289794921875,1
5.291606426239014,1
5.306497573852539,1
5.231466293334961,1
5.279095649719238,1
5.229373931884766,1
5.214816570281982,1
5.2081451416015625,1
5.205384254455566,1
5.268368721008301,1
5.278526782989502,1
5.212620735168457,1
5.2781982421875,1
5.232063293457031,1
5.280307769775391,1
5.209587097167969,1
5.270350456237793,1
5.230809211730957,1
5.232149124145508,1
5.239236831665039,1
5.180711269378662,1
5.233484268188477,1
5.197349548339844,1
5.236485481262207,1
5.180015563964844,1
5.260315418243408,1
5.239129543304443,1
5.205645561218262,1
5.207880020141602,1
5.298260688781738,1
5.267482757568359,1
5.196096897125244,1
5.253841400146484,1
5.197834491729736,1
5.193661689758301,1
5.270206451416016,1
5.238811492919922,1
5.230318069458008,1
5.281545639038086,1
5.196698188781738,1
5.218430519104004,1
5.3397746086120605,1
5.221150875091553,1
5.257474899291992,1
5.24117374420166,1
5.201179504394531,1
5.2543487548828125,1
5.200677871704102,1
5.282965183258057,1
5.257574558258057,1
5.22076416015625,1
5.19755744934082,1
5.215569972991943,1
5.2555437088012695,1
5.233244895935059,1
5.248797416687012,1
5.252305030822754,1
5.2283196449279785,1
5.279792308807373,1
5.182681083679199,1
5.210970878601074,1
5.207293510437012,1
5.217803955078125,1
5.226204872131348,1
5.2667107582092285,1
5.200875759124756,1
5.255758285522461,1
5.225344657897949,1
5.248752593994141,1
5.257885932922363,1
5.227636337280273,1
5.220027923583984,1
5.227635383605957,1
5.204044342041016,1
5.2072553634643555,1
5.234016418457031,1
5.223991394042969,1
5.241541862487793,1
5.255016326904297,1
5.288864612579346,1
5.22959041595459,1
5.224316596984863,1
5.275917053222656,1
5.229085445404053,1
5.27503776550293,1
5.194605827331543,1
5.236199855804443,1
5.215633869171143,1
5.225572109222412,1
5.200937747955322,1
5.2568278312683105,1
5.192363739013672,1
5.150467872619629,1
5.226818561553955,1
5.268431663513184,1
5.208337783813477,1
5.173448085784912,1
5.250930309295654,1
5.265697002410889,1
5.2521233558654785,1
5.2208967208862305,1
5.231597900390625,1
5.210543155670166,1
5.269023418426514,1
5.318512916564941,1
5.276058197021484,1
5.2511749267578125,1
5.247851371765137,1
5.251152038574219,1
5.323177337646484,1
5.282810688018799,1
5.239025115966797,1
5.190566062927246,1
5.259548187255859,1
5.260527610778809,1
5.188980579376221,1
5.302702903747559,1
5.253269195556641,1
5.244743347167969,1
5.2775959968566895,1
5.2654643058776855,1
5.207447528839111,1
5.234210968017578,1
5.23724365234375,1
5.280588626861572,1
5.202601432800293,1
5.18056058883667,1
5.187388896942139,1
5.278659820556641,1
5.2394118309021,1
5.3013997077941895,1
5.267270088195801,1
5.27901554107666,1
5.246385097503662,1
5.267824172973633,1
5.234853744506836,1
5.266328811645508,1
5.249238967895508,1
5.269400596618652,1
5.2437214851379395,1
5.201171875,1
5.208352088928223,1
5.25454568862915,1
5.279348373413086,1
5.205089569091797,1
5.243132591247559,1
5.206918716430664,1
5.152600288391113,1
5.216052055358887,1
5.231475830078125,1
5.235638618469238,1
5.197076320648193,1
5.252465724945068,1
5.256285667419434,1
5.215561866760254,1
5.229670524597168,1
5.34836483001709,1
5.303741931915283,1
5.235899925231934,1
5.202335357666016,1
5.226449012756348,1
5.226929664611816,1
5.26872444152832,1
5.246451377868652,1
5.233155727386475,1
5.269181728363037,1
5.2550249099731445,1
5.292943000793457,1
5.270411491394043,1
5.2187700271606445,1
5.218640327453613,1
5.195380210876465,1
5.240631580352783,1
5.256857395172119,1
5.24579381942749,1
5.231037139892578,1
5.247330188751221,1
5.295722007751465,1
5.22153377532959,1
5.226010322570801,1
5.281183242797852,1
5.19374942779541,1
5.257192134857178,1
5.167459487915039,1
5.164146900177002,1
5.241934776306152,1
5.216176509857178,1
5.223260402679443,1
5.243229866027832,1
5.239832878112793,1
5.289190292358398,1
5.204005241394043,1
5.194958686828613,1
5.237602710723877,1
5.210721492767334,1
5.292215824127197,1
5.237450122833252,1
5.2407073974609375,1
5.162253379821777,1
5.261589050292969,1
5.243659973144531,1
5.2216901779174805,1
5.15857458114624,1
5.271787166595459,1
5.283719062805176,1
5.22114372253418,1
5.314303874969482,1
5.252937316894531,1
5.208804607391357,1
5.22120475769043,1
5.247235298156738,1
5.260054588317871,1
5.2380290031433105,1
5.253218650817871,1
5.218136787414551,1
5.313445091247559,1
5.2695417404174805,1
5.238613128662109,1
5.268865585327148,1
5.205342769622803,1
5.236309051513672,1
5.213843822479248,1
5.225210189819336,1
5.279552459716797,1
5.138267517089844,1
5.254061698913574,1
5.2057600021362305,1
5.216394424438477,1
5.260639667510986,1
5.218682765960693,1
5.2635297775268555,1
5.261717796325684,1
5.200650691986084,1
5.190633773803711,1
5.2128496170043945,1
5.335413932800293,1
5.2742919921875,1
5.224215984344482,1
5.210005760192871,1
5.220369815826416,1
5.226408958435059,1
5.2822980880737305,1
5.172922611236572,1
5.232791900634766,1
5.217127323150635,1
5.212911128997803,1
5.252185821533203,1
5.2000508308410645,1
5.2105631828308105,1
5.241509914398193,1
5.276463031768799,1
5.236278533935547,1
5.3091278076171875,1
5.280128479003906,1
5.242384433746338,1
5.274616241455078,1
5.256022930145264,1
5.190060138702393,1
5.225202560424805,1
5.234472751617432,1
5.376083850860596,1
5.228516578674316,1
5.234354019165039,1
5.32492733001709,1
5.264411449432373,1
5.208328723907471,1
5.279702663421631,1
5.205395221710205,1
5.283383369445801,1
5.207085132598877,1
5.264466285705566,1
5.3131184577941895,1
5.25249719619751,1
5.248194217681885,1
5.223409652709961,1
5.228778839111328,1
5.248589515686035,1
5.237966537475586,1
5.270666599273682,1
5.218232154846191,1
5.299098014831543,1
5.257434844970703,1
5.331179141998291,1
5.233585834503174,1
5.3083086013793945,1
5.294419288635254,1
5.204696178436279,1
5.253924369812012,1
5.296961784362793,1
5.234466075897217,1
5.282562255859375,1
5.258126258850098,1
5.224815845489502,1
5.232522010803223,1
5.225203037261963,1
5.237236499786377,1
5.225905418395996,1
5.287479400634766,1
5.217127799987793,1
5.272089958190918,1
5.349511623382568,1
5.280226230621338,1
5.260214328765869,1
5.213418960571289,1
5.217860698699951,1
5.250367164611816,1
5.2578887939453125,1
5.32673454284668,1
5.223353385925293,1
5.288679122924805,1
5.216957092285156,1
5.249344825744629,1
5.292755603790283,1
5.251524448394775,1
5.275169372558594,1
5.2838592529296875,1
5.249704837799072,1
5.2603936195373535,1
5.1589884757995605,1
5.219708442687988,1
5.23539924621582,1
5.223674774169922,1
5.172790050506592,1
5.321363925933838,1
5.202456474304199,1
5.324607849121094,1
5.236644744873047,1
5.217715740203857,1
5.244622230529785,1
5.291024208068848,1
5.288121223449707,1
5.231080532073975,1
5.309817790985107,1
5.287034511566162,1
5.177807807922363,1
5.243536949157715,1
5.194733619689941,1
5.202487945556641,1
5.231006622314453,1
5.233580589294434,1
5.3255615234375,1
5.276695251464844,1
5.272862434387207,1
5.247211933135986,1
5.241119384765625,1
5.232680320739746,1
5.167778968811035,1
5.266188144683838,1
5.284603118896484,1
5.23573112487793,1
5.266064643859863,1
5.266473770141602,1
5.201964378356934,1
5.246518135070801,1
5.279579162597656,1
5.190421104431152,1
5.203052520751953,1
5.220068454742432,1
5.223017692565918,1
5.22484016418457,1
5.275177955627441,1
5.244133472442627,1
5.209465503692627,1
5.270058631896973,1
5.235662460327148,1
5.2539262771606445,1
5.2070465087890625,1
5.225358009338379,1
5.216543674468994,1
5.209223747253418,1
5.228565216064453,1
5.204577922821045,1
5.233051300048828,1
5.236929416656494,1
5.285165786743164,1
5.2340087890625,1
5.2651047706604,1
5.2042670249938965,1
5.271037578582764,1
5.242757797241211,1
5.238436698913574,1
5.216012001037598,1
5.299142837524414,1
5.202060222625732,1
5.23918342590332,1
5.25676965713501,1
5.278432846069336,1
5.219392776489258,1
5.281302452087402,1
5.249143600463867,1
5.3051371574401855,1
5.22214937210083,1
5.255898475646973,1
5.234450340270996,1
5.271114349365234,1
5.241457462310791,1
5.231917381286621,1
5.243754863739014,1
5.2838921546936035,1
5.288385391235352,1
5.22505521774292,1
5.218012809753418,1
5.294130325317383,1
5.215829372406006,1
5.281058311462402,1
5.245525360107422,1
5.208016395568848,1
5.277812480926514,1
5.233260154724121,1
5.219101905822754,1
5.171387672424316,1
5.225281715393066,1
5.251034736633301,1
5.169366836547852,1
5.236380577087402,1
5.247540473937988,1
5.268380641937256,1
5.198696613311768,1
5.262904167175293,1
5.302748680114746,1
5.243692398071289,1
5.247923374176025,1
5.224769592285156,1
5.292726516723633,1
5.259476661682129,1
5.210575580596924,1
5.283258438110352,1
5.2274065017700195,1
5.23801326751709,1
5.230241775512695,1
5.255986213684082,1
5.214051246643066,1
5.245477199554443,1
5.21761417388916,1
5.303770065307617,1
5.200701713562012,1
5.275269508361816,1
5.307073593139648,1
5.229983329772949,1
5.245555877685547,1
5.185364723205566,1
5.220773696899414,1
5.215707778930664,1
5.199651718139648,1
5.213466167449951,1
5.236429214477539,1
5.263028621673584,1
5.220883369445801,1
5.229543209075928,1
5.237227439880371,1
5.284363269805908,1
5.23929500579834,1
5.199240684509277,1
5.246011257171631,1
5.246429920196533,1
5.233521461486816,1
5.219639778137207,1
5.253871917724609,1
5.195408344268799,1
5.199817657470703,1
5.281218528747559,1
5.212333679199219,1
5.268346786499023,1
5.254868984222412,1
5.260897636413574,1
5.2751665115356445,1
5.174812316894531,1
5.255354881286621,1
5.230700492858887,1
5.254507541656494,1
5.182845115661621,1
5.266841888427734,1
5.2561798095703125,1
5.277130126953125,1
5.271818161010742,1
5.277403831481934,1
5.203331470489502,1
5.201543807983398,1
5.24959659576416,1
5.253171920776367,1
5.218710422515869,1
5.279712677001953,1
5.218755722045898,1
5.253829002380371,1
5.24886417388916,1
5.237476348876953,1
5.188002586364746,1
5.281188011169434,1
5.253172397613525,1
5.239778518676758,1
5.218769073486328,1
5.226629257202148,1
5.251830101013184,1
5.192570209503174,1
5.2822771072387695,1
5.3323163986206055,1
5.2145819664001465,1
5.315217018127441,1
5.245094299316406,1
5.231719970703125,1
5.20359992980957,1
5.198246955871582,1
5.251958847045898,1
5.260233402252197,1
5.236041069030762,1
5.261207580566406,1
5.220874786376953,1
5.231070518493652,1
5.211321830749512,1
5.294569492340088,1
5.249699592590332,1
5.228942394256592,1
5.255738735198975,1
5.259056568145752,1
5.238402366638184,1
5.253427505493164,1
5.2442426681518555,1
5.2834882736206055,1
5.229794502258301,1
5.247923851013184,1
5.214122772216797,1
5.2733259201049805,1
5.251772880554199,1
5.166760444641113,1
5.278644561767578,1
5.250789642333984,1
5.168694496154785,1
5.211644172668457,1
5.222761631011963,1
5.187159061431885,1
5.226714134216309,1
5.264047622680664,1
5.281030178070068,1
5.178316116333008,1
5.237149238586426,1
5.177448749542236,1
5.192471027374268,1
5.245182991027832,1
5.179780960083008,1
5.185009479522705,1
5.209344863891602,1
5.199828624725342,1
5.214268684387207,1
5.184685230255127,1
5.2832536697387695,1
5.255885601043701,1
5.243226528167725,1
5.250706195831299,1
5.274073600769043,1
5.273228645324707,1
5.25057315826416,1
5.257657051086426,1
5.236464023590088,1
5.177436828613281,1
5.2504496574401855,1
5.189234256744385,1
5.22823429107666,1
5.231577396392822,1
5.248606204986572,1
5.294517517089844,1
5.213515281677246,1
5.26226282119751,1
5.2546539306640625,1
5.244334697723389,1
5.251829147338867,1
5.167609691619873,1
5.2226762771606445,1
5.200216293334961,1
5.24019718170166,1
5.258511543273926,1
5.288938045501709,1
5.223282814025879,1
5.256274223327637,1
5.220019340515137,1
5.286828994750977,1
5.286882400512695,1
5.196047782897949,1
5.20135498046875,1
5.211549758911133,1
5.181568145751953,1
5.254405498504639,1
5.275422096252441,1
5.237959861755371,1
5.261075973510742,1
5.297796249389648,1
5.253032684326172,1
5.238039016723633,1
5.201395511627197,1
5.2497429847717285,1
5.1564130783081055,1
5.232732772827148,1
5.273990154266357,1
5.230474472045898,1
5.256288051605225,1
5.207764148712158,1
5.2844438552856445,1
5.241238594055176,1
5.262964248657227,1
5.2759480476379395,1
5.170044898986816,1
5.279705047607422,1
5.280182838439941,1
5.191375732421875,1
5.207808017730713,1
5.204130172729492,1
5.244376182556152,1
5.2449798583984375,1
5.367770195007324,1
5.212281227111816,1
5.241768836975098,1
5.249476909637451,1
5.196718692779541,1
5.234372138977051,1
5.276054382324219,1
5.267409801483154,1
5.237430095672607,1
5.280508995056152,1
5.207877159118652,1
5.21268892288208,1
5.220437526702881,1
5.228579521179199,1
5.247276306152344,1
5.215313911437988,1
5.214789390563965,1
5.253772735595703,1
5.24202299118042,1
5.2834978103637695,1
5.231654644012451,1
5.1757683753967285,1
5.1954545974731445,1
5.234066009521484,1
5.226909160614014,1
5.268545150756836,1
5.252873420715332,1
5.218387603759766,1
5.184586524963379,1
5.231009483337402,1
5.25468635559082,1
5.203479766845703,1
5.272067070007324,1
5.248634338378906,1
5.2193684577941895,1
5.2392988204956055,1
5.2720441818237305,1
5.246298789978027,1
5.267708778381348,1
5.268780708312988,1
5.149112701416016,1
5.242302894592285,1
5.196900844573975,1
5.25759220123291,1
5.245600700378418,1
5.252786159515381,1
5.2707319259643555,1
5.224602222442627,1
5.2242231369018555,1
5.2101898193359375,1
5.239439964294434,1
5.23653507232666,1
5.257951736450195,1
5.150222301483154,1
5.291210651397705,1
5.193658828735352,1
5.283674240112305,1
5.2913312911987305,1
5.207742691040039,1
5.211605072021484,1
5.267102241516113,1
5.277461051940918,1
5.197402000427246,1
5.288688659667969,1
5.277219295501709,1
5.298879146575928,1
