3.635136127471924,1
3.396477699279785,1
3.245593786239624,1
2.907888650894165,1
3.8311610221862793,1
3.240809917449951,1
3.625359058380127,1
3.232440948486328,1
3.1287999153137207,1
3.837307929992676,1
3.2330033779144287,1
3.269172191619873,1
4.510615348815918,1
3.3653557300567627,1
3.7911057472229004,1
3.6547889709472656,1
3.548274517059326,1
4.111484050750732,1
3.7379157543182373,1
4.660037040710449,1
4.522542953491211,1
4.014507293701172,1
3.489201784133911,1
3.478625774383545,1
4.350963592529297,1
4.349512577056885,1
3.541027069091797,1
3.8254659175872803,1
3.9578099250793457,1
4.283966064453125,1
4.11041259765625,1
3.5967323780059814,1
3.381401777267456,1
4.448272705078125,1
3.5612478256225586,1
3.380439281463623,1
3.5304136276245117,1
3.1284594535827637,1
3.8652853965759277,1
3.813441753387451,1
3.7299656867980957,1
3.6606101989746094,1
3.2204015254974365,1
3.648040771484375,1
3.5092978477478027,1
3.0937092304229736,1
3.3683457374572754,1
3.802483320236206,1
3.950253963470459,1
3.415983200073242,1
3.6341376304626465,1
3.937831163406372,1
3.9631826877593994,1
3.9344208240509033,1
3.2132771015167236,1
4.722747802734375,1
3.887042284011841,1
3.6600074768066406,1
3.4074342250823975,1
4.163858413696289,1
4.084721565246582,1
3.783992290496826,1
3.576061248779297,1
3.68698787689209,1
3.809495210647583,1
3.6037564277648926,1
3.6030874252319336,1
3.716517448425293,1
3.5100765228271484,1
3.5066518783569336,1
4.402912139892578,1
3.9430198669433594,1
3.4509105682373047,1
3.543116807937622,1
3.720780372619629,1
3.6436209678649902,1
3.134977340698242,1
3.631326675415039,1
3.3659610748291016,1
3.8874244689941406,1
3.397670269012451,1
4.43707275390625,1
3.524740219116211,1
3.645547389984131,1
3.0888876914978027,1
3.6868667602539063,1
3.6851751804351807,1
3.526362657546997,1
3.3856558799743652,1
3.41306734085083,1
4.41020393371582,1
3.1589722633361816,1
3.595482587814331,1
3.8358218669891357,1
3.4725728034973145,1
4.0062994956970215,1
4.019401550292969,1
3.272400140762329,1
3.677696704864502,1
3.8417327404022217,1
3.5573782920837402,1
3.5725178718566895,1
3.6713216304779053,1
3.9049763679504395,1
3.242462396621704,1
3.6144652366638184,1
3.711658477783203,1
3.574286699295044,1
3.559332847595215,1
4.6919684410095215,1
3.345435380935669,1
3.2005934715270996,1
3.671137809753418,1
4.081766605377197,1
4.082005500793457,1
3.936108112335205,1
3.26236629486084,1
4.199865818023682,1
4.255518913269043,1
4.300654411315918,1
3.6595590114593506,1
4.217415809631348,1
3.8409531116485596,1
4.277338981628418,1
3.5642874240875244,1
3.310117721557617,1
3.3689093589782715,1
3.4279277324676514,1
3.535125970840454,1
5.216959476470947,1
3.9625535011291504,1
4.358341217041016,1
3.5948195457458496,1
3.922226667404175,1
3.777688503265381,1
4.233024597167969,1
3.6612184047698975,1
3.72243595123291,1
3.477099895477295,1
3.365647315979004,1
4.061239242553711,1
3.3329081535339355,1
3.3293113708496094,1
3.932737350463867,1
3.4137020111083984,1
3.689699411392212,1
3.33499813079834,1
3.940891742706299,1
3.3729190826416016,1
3.1613688468933105,1
3.7737929821014404,1
3.0267510414123535,1
3.8006553649902344,1
3.340028762817383,1
3.7684226036071777,1
4.236664295196533,1
3.64085054397583,1
3.5687308311462402,1
3.9902257919311523,1
3.565661907196045,1
3.9042253494262695,1
4.377913951873779,1
4.03555965423584,1
3.403712511062622,1
3.734814167022705,1
3.99314284324646,1
3.5220634937286377,1
3.5451107025146484,1
3.5821337699890137,1
2.987529754638672,1
3.208256244659424,1
3.1762454509735107,1
3.5218260288238525,1
3.486332416534424,1
3.2450733184814453,1
3.1269524097442627,1
2.9173269271850586,1
3.4279003143310547,1
3.2395920753479004,1
3.5577871799468994,1
3.7925832271575928,1
3.3118233680725098,1
3.621825695037842,1
3.488600015640259,1
4.045066833496094,1
2.859344244003296,1
3.7657618522644043,1
3.8497467041015625,1
3.568359613418579,1
3.376241683959961,1
3.204058885574341,1
3.471346139907837,1
3.2513461112976074,1
3.7121658325195313,1
3.546147584915161,1
3.4748833179473877,1
3.4126832485198975,1
3.3420510292053223,1
3.6212220191955566,1
3.8813607692718506,1
3.884082317352295,1
3.498178720474243,1
3.651787757873535,1
4.007532119750977,1
3.2233266830444336,1
3.4064950942993164,1
3.7452869415283203,1
3.328831672668457,1
3.628640651702881,1
2.516934633255005,1
3.9178664684295654,1
3.411442279815674,1
3.7128305435180664,1
3.260242462158203,1
4.3433380126953125,1
3.0981671810150146,1
3.5277435779571533,1
3.6575498580932617,1
3.3977952003479004,1
3.584193468093872,1
3.7383718490600586,1
4.017746448516846,1
3.73309588432312,1
4.185838222503662,1
3.93233585357666,1
2.9665045738220215,1
3.3361685276031494,1
3.689159393310547,1
4.057491779327393,1
3.819293975830078,1
3.105499744415283,1
4.0087571144104,1
4.35630989074707,1
3.655813694000244,1
3.51750111579895,1
3.9961397647857666,1
3.632070541381836,1
3.4866933822631836,1
3.555544853210449,1
3.366725444793701,1
3.8564610481262207,1
3.3494985103607178,1
2.972028970718384,1
3.3528590202331543,1
3.070659875869751,1
3.591559410095215,1
3.292104721069336,1
3.6968822479248047,1
3.282052516937256,1
3.544140577316284,1
3.2639942169189453,1
3.456789016723633,1
3.2727339267730713,1
3.1917738914489746,1
3.3508670330047607,1
3.9903879165649414,1
3.623486042022705,1
3.4602465629577637,1
3.2568578720092773,1
3.3386898040771484,1
4.0777692794799805,1
3.0479824542999268,1
3.540579080581665,1
3.4011335372924805,1
2.8422775268554688,1
2.998220920562744,1
3.282437801361084,1
3.4644107818603516,1
3.826645851135254,1
2.8964691162109375,1
3.712977886199951,1
3.202826499938965,1
3.417957305908203,1
3.6814746856689453,1
3.2631630897521973,1
3.628706455230713,1
3.7057180404663086,1
3.6804819107055664,1
3.7791786193847656,1
3.5931854248046875,1
3.224074602127075,1
3.776820659637451,1
4.71927547454834,1
3.973587989807129,1
3.025658130645752,1
3.930000066757202,1
4.4754252433776855,1
3.273469924926758,1
3.3080320358276367,1
4.025869369506836,1
3.774460554122925,1
3.2443296909332275,1
3.190316677093506,1
3.7978358268737793,1
3.4638285636901855,1
3.309861183166504,1
3.453089714050293,1
4.425854682922363,1
3.382261276245117,1
4.424074172973633,1
3.21429443359375,1
3.585875988006592,1
3.5582666397094727,1
3.843468189239502,1
3.463963270187378,1
3.9713499546051025,1
4.075350761413574,1
2.982914924621582,1
3.2388763427734375,1
4.309072494506836,1
3.27559232711792,1
3.5305283069610596,1
3.6008102893829346,1
3.0330886840820313,1
3.811044931411743,1
3.3353824615478516,1
3.326022148132324,1
2.93851375579834,1
3.5745582580566406,1
3.0810327529907227,1
3.6829891204833984,1
3.537311315536499,1
3.480947971343994,1
2.9632835388183594,1
4.036220073699951,1
3.8922202587127686,1
3.0426523685455322,1
4.1650495529174805,1
3.5809717178344727,1
3.788365125656128,1
4.083548545837402,1
3.9572033882141113,1
3.8190789222717285,1
3.4574966430664063,1
3.4744343757629395,1
3.453819513320923,1
3.192488193511963,1
3.335540771484375,1
3.0039219856262207,1
4.141937255859375,1
4.888298034667969,1
2.7298669815063477,1
3.711386203765869,1
3.3531134128570557,1
3.628479480743408,1
3.914327621459961,1
3.776364326477051,1
3.3341474533081055,1
3.311800003051758,1
3.6200990676879883,1
3.220597743988037,1
3.2821128368377686,1
3.5169787406921387,1
3.22152042388916,1
3.7574572563171387,1
3.6523184776306152,1
3.617072105407715,1
2.975764274597168,1
3.400085687637329,1
3.8472607135772705,1
3.5896034240722656,1
3.6565213203430176,1
3.92144513130188,1
3.439934730529785,1
3.7344751358032227,1
3.6388630867004395,1
4.547205924987793,1
3.2814393043518066,1
3.556337833404541,1
3.4284939765930176,1
3.429612636566162,1
3.2588999271392822,1
3.429656744003296,1
2.654323101043701,1
3.798335552215576,1
3.9252071380615234,1
3.2281270027160645,1
3.754432201385498,1
3.300776481628418,1
3.714306354522705,1
3.5505738258361816,1
3.36362624168396,1
3.4180898666381836,1
3.750281572341919,1
3.7155728340148926,1
3.6592564582824707,1
3.7259068489074707,1
3.4784679412841797,1
3.7735109329223633,1
4.3641180992126465,1
3.508775234222412,1
4.657920837402344,1
3.856311798095703,1
3.289155960083008,1
3.6832051277160645,1
3.823648452758789,1
3.5591583251953125,1
3.3420119285583496,1
3.8774361610412598,1
4.216188430786133,1
3.7980217933654785,1
3.148353099822998,1
3.3760530948638916,1
3.6539859771728516,1
3.1735939979553223,1
3.218412399291992,1
4.122513294219971,1
3.5947961807250977,1
3.7301926612854004,1
3.308277130126953,1
4.403261661529541,1
3.4454493522644043,1
3.9446332454681396,1
3.97296142578125,1
3.995898723602295,1
3.520169258117676,1
3.5407891273498535,1
3.4372310638427734,1
3.8967294692993164,1
3.5010738372802734,1
3.437551736831665,1
3.211101531982422,1
3.953568935394287,1
4.047622203826904,1
3.7385690212249756,1
3.6018075942993164,1
3.484165668487549,1
3.679619073867798,1
3.6437463760375977,1
3.2354326248168945,1
3.908262014389038,1
3.058976411819458,1
3.645385980606079,1
3.2387986183166504,1
2.905399799346924,1
3.8976449966430664,1
3.9522674083709717,1
3.3640828132629395,1
4.435235500335693,1
3.514446973800659,1
3.346567153930664,1
3.8370115756988525,1
4.108565330505371,1
3.3701276779174805,1
3.706530809402466,1
3.3243367671966553,1
3.363612651824951,1
3.58599853515625,1
4.515630722045898,1
3.3055217266082764,1
3.4582929611206055,1
3.9452643394470215,1
3.607198715209961,1
3.422630786895752,1
3.1554641723632813,1
3.1949102878570557,1
3.6070423126220703,1
3.1947011947631836,1
3.4402246475219727,1
2.9738659858703613,1
2.9817843437194824,1
3.837968349456787,1
3.4382686614990234,1
3.3930985927581787,1
3.6881046295166016,1
3.9748117923736572,1
3.327763080596924,1
3.225039482116699,1
4.70479679107666,1
4.805812835693359,1
3.2198123931884766,1
3.635188102722168,1
3.79124116897583,1
4.608208179473877,1
3.8670759201049805,1
3.4153032302856445,1
3.872457981109619,1
4.274419784545898,1
3.348393440246582,1
2.852243423461914,1
3.9599716663360596,1
3.5031800270080566,1
3.5756094455718994,1
3.4896390438079834,1
3.9169843196868896,1
4.157869815826416,1
3.6038761138916016,1
3.6683263778686523,1
3.5948426723480225,1
3.9986188411712646,1
3.696744918823242,1
3.3078534603118896,1
3.824782133102417,1
3.5145812034606934,1
3.4864964485168457,1
3.7430460453033447,1
3.782090663909912,1
3.4613006114959717,1
3.6331048011779785,1
3.5810580253601074,1
3.0916144847869873,1
3.2523727416992188,1
3.496817111968994,1
4.022980690002441,1
3.616724967956543,1
3.9538936614990234,1
3.9408352375030518,1
3.0560693740844727,1
3.581899881362915,1
4.084036827087402,1
3.533764600753784,1
3.6340949535369873,1
3.911022186279297,1
3.3681039810180664,1
3.492865562438965,1
3.5213308334350586,1
3.6039719581604004,1
3.307783842086792,1
3.6628267765045166,1
3.5520050525665283,1
3.6081342697143555,1
2.9364709854125977,1
3.8118762969970703,1
3.621762752532959,1
3.1513595581054688,1
4.279310703277588,1
3.533142566680908,1
3.651106595993042,1
3.2862048149108887,1
3.315293312072754,1
3.229306697845459,1
3.6428017616271973,1
3.339693784713745,1
3.076279640197754,1
3.3107643127441406,1
3.622676372528076,1
3.4321537017822266,1
3.4472434520721436,1
3.0285496711730957,1
4.090573310852051,1
3.6610488891601563,1
3.333920478820801,1
3.447166681289673,1
3.572965621948242,1
3.988223075866699,1
2.994065761566162,1
3.503264904022217,1
3.320824146270752,1
3.811784505844116,1
3.703784942626953,1
2.9726035594940186,1
3.2294344902038574,1
3.317603588104248,1
4.034693717956543,1
3.6930150985717773,1
3.7540950775146484,1
4.119540691375732,1
3.935908317565918,1
3.398469924926758,1
3.028201103210449,1
3.586423873901367,1
4.423720359802246,1
4.08012056350708,1
3.3581976890563965,1
3.3309192657470703,1
3.9772915840148926,1
3.634920597076416,1
4.2897748947143555,1
3.6578071117401123,1
3.698632001876831,1
3.7457661628723145,1
4.105895519256592,1
3.331737995147705,1
3.704833745956421,1
3.8489482402801514,1
3.4209842681884766,1
3.3658030033111572,1
3.437349319458008,1
3.5752665996551514,1
3.30344557762146,1
3.6027984619140625,1
3.3891916275024414,1
4.268975257873535,1
3.5099027156829834,1
2.4109911918640137,1
3.4588630199432373,1
3.1708617210388184,1
3.8708667755126953,1
3.365601062774658,1
3.166353225708008,1
4.041877746582031,1
3.559417724609375,1
3.6679935455322266,1
3.289926528930664,1
3.121039390563965,1
3.3614282608032227,1
3.3252673149108887,1
2.9926366806030273,1
3.961337089538574,1
3.74634051322937,1
3.3587794303894043,1
3.604868173599243,1
4.307050704956055,1
2.984628677368164,1
3.9363579750061035,1
3.7921807765960693,1
3.6840415000915527,1
3.4041733741760254,1
3.461513042449951,1
3.4394984245300293,1
3.4126386642456055,1
3.2987232208251953,1
3.4342195987701416,1
3.286911725997925,1
3.505446434020996,1
4.3946685791015625,1
3.0288376808166504,1
3.8855392932891846,1
4.2508111000061035,1
3.5479507446289063,1
3.8227672576904297,1
4.535872459411621,1
3.5411548614501953,1
3.913090467453003,1
3.5904905796051025,1
4.089722633361816,1
3.8446497917175293,1
3.893947124481201,1
3.301453113555908,1
3.8849589824676514,1
3.789083957672119,1
3.8242039680480957,1
3.313964366912842,1
3.7674789428710938,1
3.5808827877044678,1
3.63466739654541,1
3.39595365524292,1
3.9436488151550293,1
3.509465217590332,1
4.058154582977295,1
3.349012851715088,1
3.891946315765381,1
3.249600410461426,1
3.507399320602417,1
3.561814785003662,1
3.309760332107544,1
3.489269495010376,1
3.699694871902466,1
3.2146944999694824,1
4.664505958557129,1
3.029407262802124,1
4.0332489013671875,1
4.332512855529785,1
4.4158101081848145,1
3.520324230194092,1
3.0799946784973145,1
4.048007965087891,1
5.407575607299805,1
3.896604299545288,1
3.3104403018951416,1
3.6707334518432617,1
3.9875307083129883,1
3.7863080501556396,1
3.685917854309082,1
3.6407949924468994,1
4.0344414710998535,1
3.444037914276123,1
3.85404109954834,1
3.362622022628784,1
3.0086557865142822,1
3.535676956176758,1
3.3855628967285156,1
3.4441089630126953,1
2.9807474613189697,1
3.068326711654663,1
3.5895824432373047,1
4.0170769691467285,1
3.491516590118408,1
3.362978219985962,1
3.844444751739502,1
3.3044040203094482,1
3.575648784637451,1
3.3501029014587402,1
3.4871342182159424,1
3.4810330867767334,1
3.153806686401367,1
2.9735944271087646,1
3.364424228668213,1
3.4091033935546875,1
3.66731595993042,1
3.559724807739258,1
3.637205123901367,1
3.5125184059143066,1
3.2883286476135254,1
3.821971893310547,1
2.853005886077881,1
2.81988263130188,1
3.1960480213165283,1
3.7116096019744873,1
3.513378381729126,1
3.8956100940704346,1
3.716047763824463,1
3.482895612716675,1
3.0273616313934326,1
3.9439587593078613,1
3.798754930496216,1
3.1862497329711914,1
3.1393909454345703,1
3.615048408508301,1
4.3851118087768555,1
4.019501686096191,1
3.448371410369873,1
3.314035415649414,1
3.88873553276062,1
3.71450138092041,1
3.7358155250549316,1
3.5839600563049316,1
3.6006531715393066,1
3.428248167037964,1
3.5952160358428955,1
3.60927414894104,1
3.237260341644287,1
3.0943965911865234,1
3.4509572982788086,1
3.442227363586426,1
3.2290306091308594,1
3.2972042560577393,1
3.149317502975464,1
3.0059008598327637,1
3.8088765144348145,1
3.1745166778564453,1
3.025315999984741,1
4.054283142089844,1
3.3787264823913574,1
3.4886715412139893,1
3.0971627235412598,1
3.335537910461426,1
3.567662000656128,1
3.59954833984375,1
4.303405284881592,1
3.329268455505371,1
2.988818883895874,1
3.1030516624450684,1
3.234217405319214,1
2.743255376815796,1
3.1643385887145996,1
3.355642795562744,1
3.5457334518432617,1
3.226764678955078,1
3.311000347137451,1
3.446990489959717,1
3.917732000350952,1
3.405133008956909,1
3.924563407897949,1
3.2989537715911865,1
2.8790841102600098,1
3.5121679306030273,1
3.1081972122192383,1
3.2938051223754883,1
3.590265989303589,1
3.314964771270752,1
3.505204677581787,1
3.1889114379882813,1
2.886232376098633,1
3.845349073410034,1
3.1515097618103027,1
3.0104918479919434,1
3.5234756469726563,1
4.462470531463623,1
3.3172836303710938,1
3.0717720985412598,1
3.1647465229034424,1
3.985809803009033,1
3.2622594833374023,1
3.0465400218963623,1
3.6500535011291504,1
3.100368022918701,1
3.0845208168029785,1
3.7266244888305664,1
4.142579078674316,1
4.0641350746154785,1
3.679609775543213,1
3.682399272918701,1
3.754578113555908,1
3.762331485748291,1
4.193260669708252,1
3.6788225173950195,1
3.951519012451172,1
3.9123754501342773,1
4.6511335372924805,1
3.212225914001465,1
3.2570455074310303,1
3.8192687034606934,1
3.881805181503296,1
3.972879409790039,1
3.558012008666992,1
3.871778964996338,1
3.606822967529297,1
3.230515718460083,1
3.7531211376190186,1
3.2122626304626465,1
3.7308077812194824,1
3.9677109718322754,1
3.8576066493988037,1
3.5916337966918945,1
3.267152786254883,1
3.6706838607788086,1
3.356403350830078,1
3.6777806282043457,1
3.2370424270629883,1
3.561230421066284,1
3.2071685791015625,1
3.460300922393799,1
3.6737570762634277,1
3.566155195236206,1
3.237218141555786,1
3.6893701553344727,1
3.6954140663146973,1
2.9583945274353027,1
3.6460652351379395,1
3.760344982147217,1
3.7827868461608887,1
3.6530921459198,1
4.464961051940918,1
5.436403751373291,1
3.5651748180389404,1
3.307995319366455,1
3.512770891189575,1
4.428803443908691,1
3.9125585556030273,1
3.8935799598693848,1
3.8477466106414795,1
4.204566955566406,1
3.7442381381988525,1
3.8700878620147705,1
3.214754581451416,1
3.5868682861328125,1
4.062607765197754,1
3.1694345474243164,1
3.9595470428466797,1
3.6117875576019287,1
3.3389015197753906,1
3.6249074935913086,1
3.5529351234436035,1
3.191157579421997,1
3.992617607116699,1
3.4237003326416016,1
3.348865032196045,1
3.807307243347168,1
3.338130474090576,1
3.348388671875,1
4.218408584594727,1
3.371807098388672,1
3.2830896377563477,1
3.3982083797454834,1
3.703251600265503,1
3.089589834213257,1
3.5639076232910156,1
3.0482707023620605,1
3.0412981510162354,1
3.4766359329223633,1
3.5228500366210938,1
3.6055564880371094,1
3.389285087585449,1
3.5263824462890625,1
3.632495880126953,1
2.909524917602539,1
3.070629835128784,1
3.502392053604126,1
3.083873748779297,1
4.065562725067139,1
3.6518149375915527,1
2.7215967178344727,1
3.2332403659820557,1
3.753042697906494,1
3.151547431945801,1
3.1341772079467773,1
3.7933101654052734,1
4.032253265380859,1
3.3075573444366455,1
2.8899598121643066,1
3.3168208599090576,1
3.3327956199645996,1
3.558805465698242,1
3.516683578491211,1
3.2826218605041504,1
3.328639030456543,1
3.8681254386901855,1
3.7740883827209473,1
3.9384589195251465,1
3.2708842754364014,1
3.712967872619629,1
3.583038091659546,1
3.5372629165649414,1
3.238389015197754,1
3.075265407562256,1
3.1409051418304443,1
2.775092601776123,1
3.861905097961426,1
3.1760265827178955,1
3.2568295001983643,1
3.259129524230957,1
3.6352012157440186,1
3.2436683177948,1
3.361140727996826,1
3.269787311553955,1
3.2523255348205566,1
3.047384262084961,1
3.2004716396331787,1
3.8369975090026855,1
3.3170394897460938,1
3.4818172454833984,1
3.839805841445923,1
3.6786863803863525,1
3.7846856117248535,1
3.0820417404174805,1
3.9271607398986816,1
3.5871634483337402,1
3.729264259338379,1
3.8423361778259277,1
3.6774539947509766,1
3.177783489227295,1
3.7959275245666504,1
3.815957546234131,1
3.3076131343841553,1
3.9510035514831543,1
4.096099853515625,1
3.314422130584717,1
3.0676016807556152,1
3.3170676231384277,1
3.451251268386841,1
3.8681833744049072,1
3.537482500076294,1
3.0295467376708984,1
3.4552292823791504,1
3.775040626525879,1
3.491274833679199,1
3.895070791244507,1
3.834733486175537,1
3.6266226768493652,1
3.626430034637451,1
4.149675369262695,1
3.9921302795410156,1
3.0857954025268555,1
3.920548915863037,1
4.382754802703857,1
3.73838472366333,1
3.5991101264953613,1
4.291854381561279,1
4.059474468231201,1
4.034102439880371,1
3.733520984649658,1
3.992147922515869,1
4.230898857116699,1
3.103578567504883,1
3.482110023498535,1
3.5755934715270996,1
4.146617889404297,1
3.1329050064086914,1
3.50539493560791,1
3.6635007858276367,1
3.913064479827881,1
3.35101318359375,1
3.355288028717041,1
3.7247142791748047,1
3.4834961891174316,1
3.407447576522827,1
3.5354604721069336,1
3.5643184185028076,1
3.9288909435272217,1
3.1804182529449463,1
3.0497288703918457,1
3.2442798614501953,1
3.0487279891967773,1
3.29975962638855,1
3.8658883571624756,1
4.749833106994629,1
3.7546586990356445,1
3.5043773651123047,1
3.8149266242980957,1
3.341968536376953,1
3.502824068069458,1
4.94091796875,1
3.4649715423583984,1
3.974233865737915,1
2.8894155025482178,1
3.934619903564453,1
3.335099935531616,1
3.008791923522949,1
3.4834084510803223,1
3.4607791900634766,1
3.0573718547821045,1
3.245631694793701,1
3.1753368377685547,1
3.0101213455200195,1
2.964632987976074,1
3.717397689819336,1
3.9134395122528076,1
3.6145951747894287,1
3.5884833335876465,1
2.5855937004089355,1
4.137476444244385,1
3.0774412155151367,1
3.272343397140503,1
3.340926170349121,1
3.737362861633301,1
3.5298912525177,1
4.213047981262207,1
3.2675774097442627,1
3.8196563720703125,1
3.879359245300293,1
3.2676854133605957,1
3.827841281890869,1
3.8693487644195557,1
3.104250192642212,1
3.760491371154785,1
3.835648775100708,1
3.680661201477051,1
3.865823745727539,1
3.6774239540100098,1
3.539257049560547,1
4.099057197570801,1
3.42551589012146,1
3.2056407928466797,1
3.3111870288848877,1
3.475480794906616,1
3.5148890018463135,1
3.566746234893799,1
3.4491114616394043,1
3.574873924255371,1
3.1740317344665527,1
3.545741081237793,1
3.2891793251037598,1
3.0721940994262695,1
3.354720115661621,1
3.442634344100952,1
3.485532760620117,1
3.630974769592285,1
4.025022029876709,1
3.3187708854675293,1
3.7440545558929443,1
3.630949020385742,1
3.5286035537719727,1
3.7506260871887207,1
4.015798568725586,1
3.531834363937378,1
3.373584747314453,1
3.2197422981262207,1
3.4182968139648438,1
3.63434100151062,1
3.8384604454040527,1
3.4256181716918945,1
3.2855958938598633,1
3.301370620727539,1
2.8789219856262207,1
3.361260414123535,1
3.3275275230407715,1
3.2107808589935303,1
3.4926321506500244,1
3.2724075317382813,1
3.971550226211548,1
3.4792261123657227,1
3.7774014472961426,1
3.692952871322632,1
3.018153667449951,1
3.937941074371338,1
3.7110681533813477,1
3.263972282409668,1
3.5894620418548584,1
3.652175188064575,1
2.9073500633239746,1
3.5685362815856934,1
3.2727222442626953,1
3.612365961074829,1
3.630211353302002,1
3.720012664794922,1
3.586724042892456,1
2.978654384613037,1
3.3591246604919434,1
3.3181018829345703,1
3.6929008960723877,1
3.3289995193481445,1
3.682424783706665,1
3.5239968299865723,1
3.2555923461914063,1
3.3399524688720703,1
3.037839889526367,1
4.1051249504089355,1
3.5873641967773438,1
3.674069404602051,1
3.2371022701263428,1
3.3931846618652344,1
3.443141460418701,1
3.4338183403015137,1
3.413053035736084,1
3.5041894912719727,1
3.353372097015381,1
3.81699275970459,1
3.512159824371338,1
3.3123011589050293,1
3.182149887084961,1
3.2809576988220215,1
4.784502983093262,1
3.5261857509613037,1
4.113910675048828,1
3.0830016136169434,1
3.0443525314331055,1
3.7817957401275635,1
4.315537929534912,1
3.2907333374023438,1
3.938305377960205,1
3.8568778038024902,1
3.9630863666534424,1
3.255211353302002,1
3.132652997970581,1
4.022933006286621,1
3.033787250518799,1
3.9126780033111572,1
3.9963221549987793,1
4.195367813110352,1
4.047379493713379,1
3.430161237716675,1
3.3678765296936035,1
3.11077880859375,1
3.1438241004943848,1
3.855402946472168,1
3.4213790893554688,1
3.2469258308410645,1
3.309521198272705,1
3.1176884174346924,1
3.4166207313537598,1
3.467609405517578,1
3.7162926197052,1
3.7162885665893555,1
3.3232293128967285,1
3.7044413089752197,1
3.688175678253174,1
3.8820695877075195,1
3.727179527282715,1
3.5407662391662598,1
3.8617653846740723,1
3.3694067001342773,1
3.454580783843994,1
3.5637478828430176,1
3.750833034515381,1
3.4234917163848877,1
3.707273006439209,1
3.622875690460205,1
3.4183835983276367,1
3.820518970489502,1
3.6172707080841064,1
3.5224111080169678,1
3.576488971710205,1
3.9057986736297607,1
2.9953532218933105,1
3.8627922534942627,1
3.567568302154541,1
3.850999593734741,1
3.3911514282226563,1
2.9393086433410645,1
3.4115703105926514,1
3.289350986480713,1
3.339210033416748,1
3.042311906814575,1
3.4159774780273438,1
3.000458240509033,1
3.4625368118286133,1
3.5568206310272217,1
3.3323216438293457,1
3.4795641899108887,1
3.5627686977386475,1
3.396263360977173,1
3.3166909217834473,1
3.4396331310272217,1
3.5464813709259033,1
3.0747132301330566,1
3.2604174613952637,1
2.4427919387817383,1
3.174332857131958,1
3.179199695587158,1
3.4993019104003906,1
3.0647194385528564,1
2.666841506958008,1
3.6967568397521973,1
3.798621416091919,1
3.152228832244873,1
3.432478427886963,1
3.065701961517334,1
3.386458158493042,1
3.2770533561706543,1
3.4005212783813477,1
3.707512378692627,1
3.2943544387817383,1
3.711693525314331,1
3.4370758533477783,1
3.7633070945739746,1
3.438599109649658,1
3.5272488594055176,1
3.7177541255950928,1
3.2376186847686768,1
3.386777400970459,1
3.3794147968292236,1
3.7369844913482666,1
4.106906890869141,1
4.313925266265869,1
3.3102476596832275,1
3.287691116333008,1
4.987139701843262,1
3.9751813411712646,1
3.566739082336426,1
3.8834798336029053,1
3.9374828338623047,1
2.8342769145965576,1
3.6986165046691895,1
3.2882938385009766,1
3.1050055027008057,1
3.967815399169922,1
3.455714225769043,1
3.5523738861083984,1
3.831362724304199,1
3.4577136039733887,1
3.4666614532470703,1
3.378887891769409,1
3.29891300201416,1
3.3423714637756348,1
3.407782793045044,1
3.4443860054016113,1
3.455155611038208,1
3.5303657054901123,1
3.290639877319336,1
3.61851167678833,1
3.395357608795166,1
3.593090534210205,1
4.25226354598999,1
3.463320255279541,1
3.146796226501465,1
3.1567721366882324,1
3.103771209716797,1
3.139129161834717,1
3.5210323333740234,1
4.050894737243652,1
3.5936532020568848,1
3.833041191101074,1
3.600292921066284,1
3.3529295921325684,1
2.751720905303955,1
3.9492077827453613,1
4.261640548706055,1
3.983741521835327,1
3.1775355339050293,1
3.9262051582336426,1
4.62098503112793,1
3.512760639190674,1
3.239154815673828,1
3.7127950191497803,1
3.578289031982422,1
3.5319228172302246,1
3.563080310821533,1
3.342529535293579,1
3.556748628616333,1
3.9743340015411377,1
3.371581554412842,1
3.380387544631958,1
3.469709634780884,1
3.9087719917297363,1
3.185744524002075,1
3.289614677429199,1
3.1049129962921143,1
4.1528520584106445,1
3.6596250534057617,1
3.203773021697998,1
3.7979249954223633,1
3.485685348510742,1
3.139918565750122,1
3.4953372478485107,1
3.204188108444214,1
3.6433863639831543,1
3.595810890197754,1
3.6299891471862793,1
3.31350040435791,1
3.3104851245880127,1
4.096296310424805,1
3.6197423934936523,1
3.679478883743286,1
3.889209032058716,1
4.320528984069824,1
2.6381261348724365,1
3.7276806831359863,1
3.4710865020751953,1
3.6011483669281006,1
3.8474106788635254,1
3.4599084854125977,1
3.798039197921753,1
3.402876615524292,1
3.200460910797119,1
3.336331367492676,1
3.636603355407715,1
3.2696399688720703,1
3.578556776046753,1
3.491929054260254,1
4.592394828796387,1
4.280674934387207,1
3.744889259338379,1
3.5161447525024414,1
3.9047608375549316,1
5.29117488861084,1
3.6028270721435547,1
3.4185221195220947,1
4.011911869049072,1
4.835958480834961,1
3.8867130279541016,1
3.686337947845459,1
3.3808670043945313,1
3.322753667831421,1
4.076277732849121,1
3.4125747680664063,1
3.374007225036621,1
3.9011597633361816,1
3.686640501022339,1
4.1726579666137695,1
3.629700183868408,1
3.6632080078125,1
3.1175622940063477,1
3.7070305347442627,1
4.725251197814941,1
3.8558106422424316,1
3.607408285140991,1
4.199336051940918,1
3.891237735748291,1
4.025554656982422,1
5.017938613891602,1
4.279989242553711,1
3.8951499462127686,1
3.3221046924591064,1
3.6603736877441406,1
3.698734998703003,1
3.5882253646850586,1
3.8776180744171143,1
3.1200790405273438,1
3.763278007507324,1
3.4258804321289063,1
3.842470645904541,1
3.8039731979370117,1
3.626314401626587,1
2.9081287384033203,1
3.9558985233306885,1
3.4686689376831055,1
3.9697186946868896,1
3.4282007217407227,1
3.804567575454712,1
3.7307512760162354,1
3.660012722015381,1
3.6069416999816895,1
3.0374794006347656,1
3.6567108631134033,1
4.015819072723389,1
3.8934385776519775,1
3.503498077392578,1
4.525750637054443,1
3.661759376525879,1
3.5848283767700195,1
3.1577234268188477,1
3.508726119995117,1
3.3879432678222656,1
3.537233352661133,1
3.0404601097106934,1
3.5259909629821777,1
3.474621295928955,1
3.515300989151001,1
3.59664249420166,1
3.3800501823425293,1
3.2762701511383057,1
4.142081260681152,1
3.376502513885498,1
3.389106273651123,1
3.3819265365600586,1
3.8562755584716797,1
3.319507360458374,1
3.0852530002593994,1
3.397223711013794,1
3.7903432846069336,1
3.7074999809265137,1
4.400157451629639,1
4.239217758178711,1
4.0030927658081055,1
3.054046869277954,1
3.355724811553955,1
3.194540500640869,1
3.3704757690429688,1
3.5002949237823486,1
3.8750991821289063,1
4.024774551391602,1
3.4478907585144043,1
3.5176048278808594,1
3.5086865425109863,1
3.6167502403259277,1
3.6811468601226807,1
3.8636152744293213,1
3.129922389984131,1
3.717862367630005,1
3.5972063541412354,1
3.4911084175109863,1
3.4659931659698486,1
3.8695902824401855,1
4.290448188781738,1
3.800438165664673,1
4.463743209838867,1
4.333133220672607,1
4.187528610229492,1
3.297689914703369,1
3.441681385040283,1
3.7507681846618652,1
3.7005057334899902,1
4.575128078460693,1
3.182140827178955,1
3.2732059955596924,1
3.778261423110962,1
3.3312082290649414,1
4.138276100158691,1
3.305943250656128,1
3.945592164993286,1
3.817681312561035,1
3.6739001274108887,1
3.742704391479492,1
3.5338096618652344,1
3.493744134902954,1
3.4934744834899902,1
4.076375961303711,1
3.302788734436035,1
3.6083250045776367,1
4.218461036682129,1
4.310233116149902,1
3.6682400703430176,1
3.397336959838867,1
4.070610523223877,1
3.990229606628418,1
3.884117603302002,1
3.5594801902770996,1
2.9269046783447266,1
3.6356210708618164,1
3.813023328781128,1
3.5201573371887207,1
3.739344358444214,1
3.594058036804199,1
3.503248691558838,1
3.4914779663085938,1
3.653933048248291,1
3.9419312477111816,1
3.397735595703125,1
3.4421191215515137,1
3.4402894973754883,1
3.959620952606201,1
3.1754467487335205,1
3.2828128337860107,1
3.4009652137756348,1
3.883681297302246,1
3.675363540649414,1
3.050325632095337,1
3.3541300296783447,1
3.282869577407837,1
3.9130733013153076,1
4.095311164855957,1
5.322751522064209,1
4.189133644104004,1
3.1266870498657227,1
3.9791269302368164,1
3.0135817527770996,1
3.599520683288574,1
3.4937868118286133,1
3.870177745819092,1
3.2854628562927246,1
3.0777430534362793,1
4.173981666564941,1
3.312772750854492,1
3.1511402130126953,1
3.813775062561035,1
3.712613105773926,1
3.7037174701690674,1
4.108238220214844,1
3.5536303520202637,1
3.509735584259033,1
3.823178768157959,1
3.348996639251709,1
3.6818878650665283,1
3.758939266204834,1
3.7089271545410156,1
4.240285873413086,1
3.879465103149414,1
3.0716567039489746,1
4.102409362792969,1
3.4375858306884766,1
3.766514301300049,1
3.492063045501709,1
3.1529698371887207,1
3.408895492553711,1
3.500131368637085,1
2.9517593383789063,1
4.088400840759277,1
3.6937971115112305,1
3.3233981132507324,1
3.0199832916259766,1
3.4051170349121094,1
3.363022565841675,1
3.2396883964538574,1
3.901373863220215,1
3.3063459396362305,1
3.5239310264587402,1
3.2989397048950195,1
3.833052635192871,1
3.452784538269043,1
3.3875083923339844,1
3.4914748668670654,1
3.331747531890869,1
3.82544207572937,1
4.162501335144043,1
4.350074768066406,1
3.1411333084106445,1
3.9187870025634766,1
3.0916781425476074,1
3.805011510848999,1
3.598881721496582,1
3.967258930206299,1
3.4750852584838867,1
3.2728381156921387,1
3.521263599395752,1
3.2946858406066895,1
3.6609339714050293,1
3.0385379791259766,1
3.40045428276062,1
3.8476788997650146,1
3.874079942703247,1
3.829664468765259,1
3.562065601348877,1
3.4317216873168945,1
3.6835970878601074,1
3.6743972301483154,1
3.2191858291625977,1
3.417116641998291,1
3.50050687789917,1
3.3119893074035645,1
3.294257640838623,1
4.372306823730469,1
3.742957830429077,1
3.3249258995056152,1
3.386551856994629,1
3.5092601776123047,1
3.4506688117980957,1
3.2259373664855957,1
3.6654162406921387,1
3.4948248863220215,1
3.7100818157196045,1
3.5604019165039063,1
3.1138949394226074,1
3.4685373306274414,1
3.5469133853912354,1
3.7319202423095703,1
2.881129264831543,1
4.136756896972656,1
5.026834487915039,1
3.2143430709838867,1
3.6031289100646973,1
3.440321445465088,1
3.313039779663086,1
3.3358943462371826,1
3.482734203338623,1
3.876873254776001,1
3.445242404937744,1
3.6656742095947266,1
3.207500457763672,1
3.589691638946533,1
3.0826315879821777,1
3.6945745944976807,1
3.6500840187072754,1
3.8603646755218506,1
3.816976308822632,1
3.257249355316162,1
4.211297988891602,1
3.054137945175171,1
3.8697221279144287,1
3.4704484939575195,1
3.5365538597106934,1
2.9607696533203125,1
3.00091552734375,1
2.8837714195251465,1
3.563061237335205,1
3.335632801055908,1
3.4812698364257813,1
3.3128528594970703,1
3.8810253143310547,1
3.372734546661377,1
4.059659004211426,1
3.195712089538574,1
3.602194309234619,1
3.2848401069641113,1
3.9365150928497314,1
3.3945980072021484,1
3.536525249481201,1
3.5631003379821777,1
3.6476612091064453,1
3.8478035926818848,1
3.493349552154541,1
3.51295804977417,1
3.339139938354492,1
3.216709613800049,1
3.5323524475097656,1
2.985499382019043,1
3.3354711532592773,1
3.1569347381591797,1
3.901019334793091,1
3.289358139038086,1
3.5315825939178467,1
3.4424033164978027,1
3.714207410812378,1
3.2124228477478027,1
3.1807150840759277,1
3.7440497875213623,1
3.458256959915161,1
2.9898955821990967,1
3.0346832275390625,1
2.731480836868286,1
3.6435585021972656,1
3.446000099182129,1
3.328369379043579,1
3.771510124206543,1
3.9402003288269043,1
3.7447690963745117,1
3.5224125385284424,1
3.724005699157715,1
4.13041877746582,1
3.8638737201690674,1
3.852623462677002,1
3.535916566848755,1
3.404378890991211,1
3.58760142326355,1
3.3410277366638184,1
3.3331046104431152,1
3.62459135055542,1
3.3128392696380615,1
3.4126064777374268,1
3.164395332336426,1
3.124147891998291,1
3.584467887878418,1
3.6313204765319824,1
3.6678903102874756,1
3.900740623474121,1
2.892021656036377,1
3.0285987854003906,1
3.4996159076690674,1
3.977060079574585,1
3.8302087783813477,1
3.301687717437744,1
3.4570696353912354,1
2.927699327468872,1
3.8486874103546143,1
3.2988147735595703,1
3.4614880084991455,1
3.346419334411621,1
3.475231647491455,1
3.6710705757141113,1
3.418206214904785,1
3.7427942752838135,1
3.5172290802001953,1
3.4781861305236816,1
3.4785046577453613,1
3.650045394897461,1
3.9649109840393066,1
3.1846728324890137,1
3.304640293121338,1
3.956495761871338,1
3.5716052055358887,1
3.3322465419769287,1
3.6500489711761475,1
3.430851459503174,1
3.6626460552215576,1
3.5998713970184326,1
3.3320913314819336,1
3.358659267425537,1
3.382350444793701,1
3.202038288116455,1
3.2918362617492676,1
3.683957576751709,1
4.442527770996094,1
3.268645763397217,1
3.841909885406494,1
3.8335511684417725,1
3.8522253036499023,1
3.4573006629943848,1
3.733804702758789,1
3.946241855621338,1
3.387111186981201,1
4.115170478820801,1
3.2143592834472656,1
3.4012136459350586,1
3.313361883163452,1
3.726300001144409,1
3.128568649291992,1
3.246351957321167,1
3.441743850708008,1
3.3730249404907227,1
3.180316925048828,1
3.203382730484009,1
4.306288719177246,1
3.9270730018615723,1
3.5098154544830322,1
3.265141010284424,1
5.063117980957031,1
4.3804192543029785,1
3.3137617111206055,1
4.046627044677734,1
3.9633350372314453,1
3.5669257640838623,1
4.1711320877075195,1
3.3787529468536377,1
3.002289295196533,1
3.0103375911712646,1
3.1874823570251465,1
4.026504993438721,1
3.3327078819274902,1
3.7293477058410645,1
3.673326015472412,1
3.4730849266052246,1
3.2580060958862305,1
2.968411922454834,1
3.30440354347229,1
3.318014621734619,1
3.446873903274536,1
3.3626980781555176,1
3.6413657665252686,1
3.3008556365966797,1
3.1458191871643066,1
3.9231717586517334,1
3.9621286392211914,1
4.795883655548096,1
3.7361936569213867,1
3.0955944061279297,1
3.6872527599334717,1
3.9094789028167725,1
3.1699299812316895,1
3.678511381149292,1
3.5931713581085205,1
3.7866623401641846,1
3.682037830352783,1
3.5259931087493896,1
3.1056737899780273,1
3.4684395790100098,1
3.856081008911133,1
4.075788497924805,1
3.505923271179199,1
3.654085159301758,1
3.146733045578003,1
3.5604496002197266,1
3.6180355548858643,1
3.5552573204040527,1
3.5879485607147217,1
3.380876064300537,1
3.9755232334136963,1
3.459559440612793,1
4.2042083740234375,1
3.1813414096832275,1
4.0983195304870605,1
3.203368902206421,1
4.135184288024902,1
4.024182319641113,1
3.641573429107666,1
3.4315717220306396,1
4.07697868347168,1
4.276393890380859,1
3.3568687438964844,1
3.5284347534179688,1
4.114326000213623,1
3.586681365966797,1
3.6941723823547363,1
3.9217886924743652,1
3.9820728302001953,1
2.8038430213928223,1
4.021014213562012,1
3.3097424507141113,1
3.1619272232055664,1
3.434675693511963,1
3.5192432403564453,1
3.416893720626831,1
3.517514944076538,1
3.512068510055542,1
3.2735462188720703,1
3.4312806129455566,1
3.5379464626312256,1
3.873314619064331,1
3.0858960151672363,1
3.453932285308838,1
2.9506030082702637,1
3.0561881065368652,1
2.8579459190368652,1
4.832123756408691,1
3.3505194187164307,1
3.652998924255371,1
3.0594019889831543,1
2.8589718341827393,1
3.0696048736572266,1
3.808269500732422,1
3.660937547683716,1
3.472719669342041,1
3.913663387298584,1
3.4038617610931396,1
3.2501206398010254,1
3.4090821743011475,1
3.22092866897583,1
3.5415096282958984,1
3.326906442642212,1
3.6353628635406494,1
3.267874240875244,1
3.3809967041015625,1
3.2164711952209473,1
3.5575459003448486,1
3.2032155990600586,1
3.131213665008545,1
3.6498100757598877,1
3.2692527770996094,1
3.5874128341674805,1
4.291704177856445,1
4.3805999755859375,1
3.536390542984009,1
4.308582305908203,1
4.868887901306152,1
3.508535861968994,1
4.358887672424316,1
3.8843202590942383,1
4.416007995605469,1
3.8425145149230957,1
3.9038095474243164,1
3.5638508796691895,1
4.092581272125244,1
3.993208885192871,1
3.799708127975464,1
3.9024770259857178,1
3.5769662857055664,1
4.079735279083252,1
4.35955810546875,1
3.175342082977295,1
4.268467903137207,1
4.41904354095459,1
3.802626132965088,1
3.1458659172058105,1
4.536005973815918,1
3.2543785572052,1
3.8103506565093994,1
3.5540976524353027,1
3.2661757469177246,1
3.457486629486084,1
3.7754147052764893,1
3.1920700073242188,1
3.1090216636657715,1
3.527383327484131,1
3.759296417236328,1
3.629215717315674,1
3.361389636993408,1
3.501882553100586,1
3.536172389984131,1
3.6987721920013428,1
3.1905932426452637,1
3.380099058151245,1
4.019098281860352,1
3.488291025161743,1
3.9598021507263184,1
3.759004831314087,1
3.6328046321868896,1
3.635204315185547,1
3.727595329284668,1
3.6999330520629883,1
3.9297757148742676,1
3.4435181617736816,1
3.997653007507324,1
3.925893783569336,1
3.140101432800293,1
4.450387477874756,1
3.5290005207061768,1
3.651771068572998,1
3.601879358291626,1
3.7871761322021484,1
3.111794948577881,1
3.99497389793396,1
3.2702999114990234,1
3.070512533187866,1
3.4972496032714844,1
3.3796639442443848,1
3.60003662109375,1
3.392942428588867,1
3.3532838821411133,1
4.204562664031982,1
2.6463825702667236,1
3.743340492248535,1
3.511369228363037,1
3.8131661415100098,1
3.0874106884002686,1
3.949917793273926,1
4.3138957023620605,1
3.6968958377838135,1
3.9209494590759277,1
3.200941562652588,1
3.8248682022094727,1
3.4138402938842773,1
3.789316415786743,1
3.2784223556518555,1
3.1545703411102295,1
3.3980183601379395,1
3.930473804473877,1
4.0866379737854,1
4.062807559967041,1
4.184679985046387,1
4.309173107147217,1
3.767062187194824,1
3.1210970878601074,1
3.919663667678833,1
3.965409755706787,1
4.254034996032715,1
4.457097053527832,1
3.660233497619629,1
3.4259514808654785,1
3.7272024154663086,1
3.8659610748291016,1
3.387944221496582,1
3.612419605255127,1
3.6504902839660645,1
3.3208794593811035,1
3.470839738845825,1
3.278132915496826,1
3.4719202518463135,1
3.723414421081543,1
3.449045419692993,1
3.5900254249572754,1
3.61523699760437,1
3.862969398498535,1
4.375496864318848,1
3.705292224884033,1
3.1673266887664795,1
3.1570537090301514,1
2.7110209465026855,1
3.5542683601379395,1
3.507078170776367,1
3.7791571617126465,1
3.6114983558654785,1
3.6665401458740234,1
3.479602813720703,1
3.474155902862549,1
2.952639102935791,1
3.470902442932129,1
3.964416027069092,1
4.527276039123535,1
3.127448558807373,1
3.5908010005950928,1
5.549559593200684,1
4.082418441772461,1
3.347628593444824,1
3.4003562927246094,1
3.4579660892486572,1
4.482649803161621,1
3.2343733310699463,1
3.1132760047912598,1
3.1041531562805176,1
3.7742998600006104,1
3.139939785003662,1
3.6424689292907715,1
3.2845566272735596,1
3.005768060684204,1
3.2045257091522217,1
3.554210901260376,1
3.830270767211914,1
3.5348806381225586,1
3.7677435874938965,1
3.830389976501465,1
3.7607462406158447,1
3.0666627883911133,1
4.584864616394043,1
3.4444260597229004,1
3.0385372638702393,1
3.111443519592285,1
3.1879210472106934,1
3.1595325469970703,1
3.907392978668213,1
3.7195773124694824,1
3.7752737998962402,1
3.354518413543701,1
2.996403455734253,1
3.3586199283599854,1
3.0796051025390625,1
3.614691734313965,1
3.3324577808380127,1
3.489741802215576,1
3.7990992069244385,1
3.200239658355713,1
3.74373722076416,1
3.3678479194641113,1
3.5524206161499023,1
3.781588077545166,1
3.2565276622772217,1
3.6152615547180176,1
3.4189398288726807,1
3.20975661277771,1
3.6425223350524902,1
3.4508001804351807,1
3.5759077072143555,1
3.611855983734131,1
3.4297192096710205,1
3.163548469543457,1
3.7236452102661133,1
3.596296548843384,1
3.3632283210754395,1
3.178516387939453,1
3.0869760513305664,1
3.593137741088867,1
3.460793972015381,1
3.5340237617492676,1
3.3648149967193604,1
3.380769968032837,1
3.6868443489074707,1
3.0946764945983887,1
2.933048963546753,1
3.6793882846832275,1
2.8342881202697754,1
4.590498447418213,1
3.328572988510132,1
3.8139123916625977,1
3.7370190620422363,1
4.434828758239746,1
3.610177993774414,1
4.480038166046143,1
3.809864044189453,1
4.163244247436523,1
3.6385560035705566,1
3.9932174682617188,1
4.261999130249023,1
3.470763683319092,1
4.290801048278809,1
3.616901397705078,1
3.645559787750244,1
3.9925849437713623,1
3.8535332679748535,1
3.1012048721313477,1
3.177814483642578,1
3.6293463706970215,1
3.288463830947876,1
3.9169178009033203,1
3.5972023010253906,1
3.417080879211426,1
3.5156126022338867,1
3.694525718688965,1
3.5876898765563965,1
3.4206509590148926,1
3.3979811668395996,1
4.379222393035889,1
3.0985169410705566,1
3.0094285011291504,1
3.196549415588379,1
3.649946689605713,1
3.270195484161377,1
4.299717903137207,1
3.7968602180480957,1
3.4889273643493652,1
3.3307275772094727,1
3.2711751461029053,1
3.4337964057922363,1
4.011308670043945,1
3.5391125679016113,1
3.840212345123291,1
3.845737934112549,1
3.6319918632507324,1
3.50962495803833,1
3.7531638145446777,1
4.304023742675781,1
3.352949380874634,1
3.3161559104919434,1
3.2697880268096924,1
3.551647663116455,1
3.505918025970459,1
3.5407562255859375,1
3.5550267696380615,1
3.402667999267578,1
3.80816650390625,1
3.429238796234131,1
3.16854190826416,1
2.7573931217193604,1
4.125741004943848,1
3.765925884246826,1
3.2177329063415527,1
3.947594404220581,1
3.057232141494751,1
3.814587116241455,1
4.003727436065674,1
3.6768670082092285,1
3.6959407329559326,1
3.8179709911346436,1
3.2617151737213135,1
3.686859607696533,1
3.6509037017822266,1
3.6945838928222656,1
3.926103353500366,1
3.5118794441223145,1
3.329355239868164,1
3.468919277191162,1
4.828740119934082,1
3.7629051208496094,1
3.1819350719451904,1
4.0068864822387695,1
3.5018537044525146,1
3.573692560195923,1
3.749971866607666,1
3.5646896362304688,1
3.558283805847168,1
3.4064950942993164,1
3.4718332290649414,1
3.6410579681396484,1
3.41372013092041,1
3.562228202819824,1
3.512439489364624,1
3.3549082279205322,1
3.172449827194214,1
3.4866814613342285,1
3.4153409004211426,1
3.135171890258789,1
3.560370445251465,1
4.42181396484375,1
3.1225388050079346,1
3.3145134449005127,1
3.9707725048065186,1
2.785799980163574,1
3.608062267303467,1
3.993189811706543,1
4.004865646362305,1
3.249159812927246,1
4.286680698394775,1
3.6744537353515625,1
3.7765536308288574,1
3.9912514686584473,1
3.425424575805664,1
2.908824920654297,1
3.561030864715576,1
2.71201491355896,1
4.045244216918945,1
3.6212337017059326,1
3.304900646209717,1
3.2663378715515137,1
3.2952609062194824,1
3.30409574508667,1
3.945648670196533,1
3.4050111770629883,1
2.871380090713501,1
3.568610429763794,1
3.8306095600128174,1
3.277644395828247,1
3.200448989868164,1
4.398800849914551,1
3.2586617469787598,1
3.7542459964752197,1
3.7050392627716064,1
4.206279754638672,1
3.736575126647949,1
3.4750709533691406,1
3.211284637451172,1
3.4116082191467285,1
3.5652575492858887,1
3.243912696838379,1
3.2921042442321777,1
2.6419453620910645,1
4.469358444213867,1
4.12943172454834,1
3.6601853370666504,1
3.5009732246398926,1
3.8018248081207275,1
3.306243896484375,1
3.8061881065368652,1
3.4532265663146973,1
3.7833120822906494,1
4.006421089172363,1
3.652751922607422,1
4.198444366455078,1
3.4514212608337402,1
3.476073980331421,1
4.336417198181152,1
4.284187316894531,1
3.7103383541107178,1
3.688490629196167,1
3.325302839279175,1
3.6338019371032715,1
3.1759214401245117,1
3.601274013519287,1
3.274341583251953,1
3.747150182723999,1
3.3141024112701416,1
3.9864425659179688,1
3.1713457107543945,1
3.877782106399536,1
3.386841297149658,1
3.2085041999816895,1
3.3346877098083496,1
3.363630533218384,1
3.631338119506836,1
3.850292682647705,1
3.7109851837158203,1
3.709282875061035,1
3.5291547775268555,1
3.136963367462158,1
3.6412854194641113,1
3.1503536701202393,1
3.462226629257202,1
3.5713958740234375,1
3.115130662918091,1
3.7427401542663574,1
3.146801471710205,1
3.472794532775879,1
3.2292070388793945,1
3.496920347213745,1
3.376871109008789,1
3.4137871265411377,1
3.867858648300171,1
3.6610147953033447,1
4.133316993713379,1
3.4137887954711914,1
3.0303943157196045,1
2.8746211528778076,1
4.527455806732178,1
3.441587448120117,1
3.493393898010254,1
3.8586878776550293,1
4.081575393676758,1
3.0117671489715576,1
2.890646457672119,1
3.9602532386779785,1
2.670808792114258,1
2.9686527252197266,1
3.3099868297576904,1
3.3230934143066406,1
3.80717396736145,1
3.282402515411377,1
3.227112293243408,1
3.6007487773895264,1
3.4428951740264893,1
4.416888236999512,1
3.5299386978149414,1
4.004338264465332,1
3.363569498062134,1
3.5404162406921387,1
3.1838932037353516,1
2.8884401321411133,1
3.2700657844543457,1
3.3192765712738037,1
3.4716649055480957,1
3.317483901977539,1
3.6672186851501465,1
3.970634698867798,1
3.4137015342712402,1
3.189286708831787,1
3.5949254035949707,1
3.6862730979919434,1
3.9998533725738525,1
3.5544354915618896,1
3.6955227851867676,1
3.7742130756378174,1
3.442380905151367,1
3.818896532058716,1
3.159363031387329,1
3.0747241973876953,1
3.6106300354003906,1
3.7350034713745117,1
4.078218936920166,1
3.352823495864868,1
4.094915390014648,1
3.954317092895508,1
3.7033023834228516,1
3.494670867919922,1
3.838923454284668,1
3.5273165702819824,1
3.820814609527588,1
3.825634002685547,1
3.3761143684387207,1
3.594846248626709,1
4.427054405212402,1
3.7129924297332764,1
3.3447208404541016,1
3.412426710128784,1
3.797450542449951,1
2.966564893722534,1
3.9697210788726807,1
3.279331922531128,1
3.2907185554504395,1
2.9926671981811523,1
3.622973680496216,1
3.385216236114502,1
3.414332389831543,1
3.7763009071350098,1
3.961540699005127,1
4.070241451263428,1
3.5239009857177734,1
3.1602609157562256,1
3.775176525115967,1
3.9600682258605957,1
4.022604465484619,1
3.4804744720458984,1
3.325007200241089,1
3.3244848251342773,1
2.9821829795837402,1
3.3458333015441895,1
3.465137243270874,1
3.292344331741333,1
2.9406774044036865,1
3.280031681060791,1
3.299445390701294,1
3.5587244033813477,1
3.3493690490722656,1
3.6759276390075684,1
3.329725503921509,1
3.3864245414733887,1
2.7627220153808594,1
3.8365912437438965,1
3.570100784301758,1
3.6988348960876465,1
3.519198417663574,1
3.5854804515838623,1
3.7886290550231934,1
3.6607613563537598,1
3.8231093883514404,1
2.978849172592163,1
3.040895462036133,1
3.3663218021392822,1
3.3936147689819336,1
3.136091709136963,1
3.3479785919189453,1
3.5143492221832275,1
3.1431596279144287,1
3.788027286529541,1
3.4059345722198486,1
3.315049171447754,1
3.3196351528167725,1
3.7800190448760986,1
3.0116047859191895,1
2.976925849914551,1
3.7024049758911133,1
3.6083130836486816,1
4.119896411895752,1
4.206878662109375,1
4.084307670593262,1
3.706890106201172,1
3.612241744995117,1
3.751317024230957,1
4.09386682510376,1
4.451961517333984,1
3.4787752628326416,1
3.4694151878356934,1
3.925978660583496,1
3.41550350189209,1
3.1213090419769287,1
3.722566843032837,1
3.9057087898254395,1
3.5927605628967285,1
3.632202625274658,1
3.939685821533203,1
4.392027854919434,1
3.6393253803253174,1
3.9876391887664795,1
4.056238651275635,1
3.8825106620788574,1
3.8844516277313232,1
3.2590785026550293,1
3.4427084922790527,1
3.0760064125061035,1
3.9834470748901367,1
3.383201837539673,1
3.749387264251709,1
3.9017386436462402,1
3.7953827381134033,1
3.4682517051696777,1
3.3483963012695313,1
3.5447030067443848,1
3.8913516998291016,1
3.3094780445098877,1
3.194042682647705,1
3.1414480209350586,1
3.5028557777404785,1
3.1074905395507813,1
4.098156452178955,1
2.932532787322998,1
3.128371238708496,1
3.694200277328491,1
3.421934127807617,1
3.2244224548339844,1
3.7864925861358643,1
4.171551704406738,1
3.405254602432251,1
3.6313092708587646,1
4.030779838562012,1
3.551711082458496,1
4.201055526733398,1
4.000852108001709,1
3.397167205810547,1
3.438570022583008,1
3.6969735622406006,1
3.283268690109253,1
3.6571898460388184,1
3.3395285606384277,1
3.0987000465393066,1
3.358997344970703,1
3.2208075523376465,1
3.294804096221924,1
3.914604663848877,1
3.2210564613342285,1
3.4805521965026855,1
3.4528512954711914,1
3.291956901550293,1
3.7134199142456055,1
2.7166409492492676,1
3.465461492538452,1
2.753523349761963,1
4.425197601318359,1
2.987774610519409,1
4.018930435180664,1
4.008318901062012,1
3.7214527130126953,1
3.121250629425049,1
3.4242818355560303,1
4.032041549682617,1
3.536106586456299,1
3.147860050201416,1
3.3250584602355957,1
4.056784629821777,1
3.400424003601074,1
2.808420419692993,1
3.351675510406494,1
4.576851844787598,1
3.4149255752563477,1
2.763336420059204,1
3.6610512733459473,1
4.005059242248535,1
3.672079086303711,1
3.455822229385376,1
3.886888027191162,1
3.189094066619873,1
3.579559803009033,1
3.4079761505126953,1
3.6502671241760254,1
4.119023323059082,1
4.054590225219727,1
3.7560086250305176,1
3.6013553142547607,1
3.2359189987182617,1
3.237664222717285,1
3.903168201446533,1
3.537402629852295,1
3.141439914703369,1
3.6963565349578857,1
3.3653345108032227,1
3.532111167907715,1
3.6608669757843018,1
2.8697867393493652,1
3.9189348220825195,1
3.88004207611084,1
2.9687349796295166,1
3.3760898113250732,1
3.7884836196899414,1
3.768217086791992,1
3.9687435626983643,1
3.224240779876709,1
5.001739978790283,1
3.480861186981201,1
2.715010166168213,1
3.7672617435455322,1
4.280683994293213,1
3.6841444969177246,1
3.9603354930877686,1
3.1373608112335205,1
3.521420478820801,1
4.318780899047852,1
2.9410808086395264,1
3.0962915420532227,1
3.7767932415008545,1
4.278003692626953,1
3.3300998210906982,1
3.6612443923950195,1
3.442572832107544,1
3.8522934913635254,1
3.484823226928711,1
3.2853736877441406,1
3.489352226257324,1
4.390650749206543,1
3.568450450897217,1
3.50876522064209,1
3.576826572418213,1
3.87099027633667,1
3.6567625999450684,1
3.438682794570923,1
3.3416340351104736,1
3.5168914794921875,1
3.071503162384033,1
3.682990550994873,1
3.78342342376709,1
3.469238758087158,1
3.157400608062744,1
3.3147339820861816,1
3.418181896209717,1
3.416501998901367,1
3.4615478515625,1
3.162984848022461,1
3.2254114151000977,1
3.3938255310058594,1
3.4677443504333496,1
3.071549415588379,1
3.5106585025787354,1
3.762754440307617,1
3.4341349601745605,1
3.4232513904571533,1
3.1166348457336426,1
3.6396124362945557,1
2.9802186489105225,1
3.9535675048828125,1
3.766322135925293,1
3.334102153778076,1
3.2836949825286865,1
3.9507837295532227,1
3.315023422241211,1
3.6097419261932373,1
3.6113786697387695,1
3.26004695892334,1
3.1309967041015625,1
3.5122289657592773,1
4.160375595092773,1
3.595522880554199,1
3.705923318862915,1
3.308079242706299,1
3.5046589374542236,1
3.9782238006591797,1
3.3107519149780273,1
3.558311939239502,1
3.623832941055298,1
3.428126335144043,1
3.5789780616760254,1
3.4093446731567383,1
2.812490940093994,1
3.314810037612915,1
3.7247231006622314,1
3.6876957416534424,1
3.4052348136901855,1
3.4557201862335205,1
3.676135540008545,1
3.5587210655212402,1
3.763976812362671,1
3.313983201980591,1
3.6259818077087402,1
4.65839958190918,1
3.48769474029541,1
3.369324207305908,1
3.292788028717041,1
3.7873382568359375,1
4.045056343078613,1
3.589571952819824,1
4.02609920501709,1
3.979100227355957,1
3.190131187438965,1
3.1563539505004883,1
3.7480969429016113,1
3.3903446197509766,1
3.574347972869873,1
3.6235315799713135,1
3.4462954998016357,1
3.8612546920776367,1
3.266679286956787,1
3.9460456371307373,1
3.7923576831817627,1
3.935722589492798,1
3.3611221313476563,1
2.8906309604644775,1
3.3121113777160645,1
3.098989248275757,1
3.613825798034668,1
3.4579057693481445,1
3.4753355979919434,1
2.965670585632324,1
3.163182497024536,1
3.371849536895752,1
3.4875307083129883,1
3.72756290435791,1
3.2447142601013184,1
4.150631904602051,1
3.767115831375122,1
3.559950590133667,1
4.062937259674072,1
4.952802658081055,1
2.7956180572509766,1
3.551917314529419,1
3.367433547973633,1
3.2531275749206543,1
3.605564594268799,1
3.2612361907958984,1
3.40657377243042,1
3.377993106842041,1
4.711864471435547,1
3.783730983734131,1
3.2334275245666504,1
3.162360668182373,1
4.122924327850342,1
3.4203295707702637,1
3.7331135272979736,1
3.072086811065674,1
3.1937689781188965,1
3.2458906173706055,1
4.46395206451416,1
3.258303165435791,1
3.763638734817505,1
3.867373466491699,1
3.6201372146606445,1
3.429253339767456,1
4.344066619873047,1
3.8047080039978027,1
3.357163906097412,1
3.1551527976989746,1
3.6254587173461914,1
3.4235620498657227,1
3.1995954513549805,1
3.0490293502807617,1
3.6180663108825684,1
3.7515995502471924,1
3.3981778621673584,1
3.9384782314300537,1
4.132080554962158,1
3.3341217041015625,1
3.6140522956848145,1
3.5556976795196533,1
3.3995182514190674,1
3.7754321098327637,1
4.447037220001221,1
3.6568996906280518,1
3.322493076324463,1
3.687126636505127,1
3.8809146881103516,1
3.252237558364868,1
3.3197104930877686,1
4.293880462646484,1
3.903752088546753,1
3.6833925247192383,1
3.904979705810547,1
3.7571041584014893,1
3.3410701751708984,1
3.48060941696167,1
3.447470188140869,1
3.427147388458252,1
4.073781967163086,1
3.712897539138794,1
3.34000301361084,1
3.6795687675476074,1
3.933854579925537,1
3.460145950317383,1
3.6067123413085938,1
3.877511739730835,1
3.1594221591949463,1
3.594292402267456,1
4.079368591308594,1
3.933521032333374,1
3.6667380332946777,1
3.4771132469177246,1
3.912381649017334,1
3.9056601524353027,1
3.2151942253112793,1
3.6237003803253174,1
4.011353492736816,1
4.482322692871094,1
3.6119577884674072,1
3.2134933471679688,1
4.152904033660889,1
3.3369317054748535,1
3.932173013687134,1
3.446077346801758,1
3.462887763977051,1
3.8163704872131348,1
3.9728832244873047,1
3.9403738975524902,1
3.5273427963256836,1
3.848210334777832,1
3.9946208000183105,1
4.196545124053955,1
3.3566784858703613,1
3.5984530448913574,1
3.7860326766967773,1
3.2120261192321777,1
3.5794920921325684,1
3.2086925506591797,1
3.9876773357391357,1
3.4312634468078613,1
3.1983418464660645,1
3.530244827270508,1
3.500934600830078,1
3.931058883666992,1
3.1968066692352295,1
3.430255889892578,1
3.4875175952911377,1
3.7129011154174805,1
3.493842124938965,1
3.823317050933838,1
3.9047493934631348,1
3.254734992980957,1
3.616159200668335,1
4.005250930786133,1
3.7238001823425293,1
3.5227408409118652,1
3.4965660572052,1
3.41410493850708,1
3.3524880409240723,1
3.4244565963745117,1
4.154260158538818,1
3.4077205657958984,1
3.0951061248779297,1
3.751514196395874,1
3.559972047805786,1
3.1573398113250732,1
3.2027506828308105,1
3.612936019897461,1
3.6373519897460938,1
4.018626689910889,1
3.17348051071167,1
3.040090560913086,1
3.356170415878296,1
3.1082563400268555,1
3.4058361053466797,1
3.3609507083892822,1
3.699418544769287,1
3.4860405921936035,1
4.365983009338379,1
3.4444096088409424,1
3.4562106132507324,1
3.5297446250915527,1
3.7571969032287598,1
3.193596124649048,1
3.105602741241455,1
3.7086527347564697,1
3.7472457885742188,1
3.2734827995300293,1
3.2597734928131104,1
3.1730360984802246,1
3.3799331188201904,1
3.428431510925293,1
3.3841443061828613,1
3.8879568576812744,1
3.637690544128418,1
3.251598596572876,1
3.3556981086730957,1
3.4809577465057373,1
3.4030818939208984,1
3.406890869140625,1
4.089483261108398,1
3.7158026695251465,1
3.361088991165161,1
3.3064093589782715,1
3.6003031730651855,1
3.514477252960205,1
3.928157329559326,1
3.370072364807129,1
3.2615244388580322,1
3.047384738922119,1
3.690554618835449,1
3.7027153968811035,1
3.324141025543213,1
3.679798126220703,1
3.196364402770996,1
3.11006236076355,1
5.048912525177002,1
5.333314418792725,1
3.3638341426849365,1
3.522580623626709,1
4.61169958114624,1
5.21065092086792,1
3.614130973815918,1
3.8628835678100586,1
3.440443515777588,1
4.271987438201904,1
3.8018221855163574,1
4.158466815948486,1
3.7275636196136475,1
3.6424665451049805,1
3.3678042888641357,1
3.307185649871826,1
3.58505916595459,1
4.402454376220703,1
3.9123730659484863,1
3.9074695110321045,1
3.657702684402466,1
3.455820083618164,1
3.552276611328125,1
3.5572900772094727,1
3.6329874992370605,1
3.8495583534240723,1
3.6750237941741943,1
3.708408832550049,1
3.495932102203369,1
3.393759250640869,1
3.9562435150146484,1
4.306977272033691,1
3.870406150817871,1
3.1116037368774414,1
3.495952606201172,1
3.3743414878845215,1
3.3247249126434326,1
3.8695082664489746,1
3.3977508544921875,1
3.8089709281921387,1
3.0928149223327637,1
3.3698205947875977,1
3.535632610321045,1
3.1768932342529297,1
3.3864917755126953,1
2.7972350120544434,1
3.2037160396575928,1
3.1519775390625,1
3.549697160720825,1
4.381465911865234,1
3.5090551376342773,1
3.257349729537964,1
3.1090424060821533,1
2.773106336593628,1
3.613673210144043,1
3.3092737197875977,1
3.208503246307373,1
3.3664050102233887,1
3.1998910903930664,1
3.081559181213379,1
3.3335442543029785,1
2.994335174560547,1
3.334113836288452,1
3.3121109008789063,1
3.5019211769104004,1
3.0666608810424805,1
3.0491862297058105,1
3.60256290435791,1
3.191236972808838,1
3.5976476669311523,1
3.4138777256011963,1
3.0951383113861084,1
3.066615104675293,1
3.703892230987549,1
3.184380531311035,1
3.2088890075683594,1
3.499178409576416,1
3.266995429992676,1
4.355961799621582,1
3.0286920070648193,1
3.4070560932159424,1
3.0578677654266357,1
3.282487392425537,1
3.4577889442443848,1
3.188120126724243,1
3.175801992416382,1
3.102522850036621,1
3.2602381706237793,1
3.9617464542388916,1
3.5040273666381836,1
3.151162624359131,1
3.923215866088867,1
4.145047664642334,1
4.264290809631348,1
3.634272575378418,1
3.7394089698791504,1
3.371175527572632,1
3.336261034011841,1
3.276836395263672,1
4.158472537994385,1
4.192905426025391,1
3.1461496353149414,1
3.9220190048217773,1
4.571038722991943,1
3.8668792247772217,1
3.178403854370117,1
3.2763147354125977,1
3.9952244758605957,1
3.6670172214508057,1
3.4735236167907715,1
3.8931515216827393,1
4.092116355895996,1
3.709791898727417,1
3.444793701171875,1
3.641420364379883,1
4.217687606811523,1
3.315659999847412,1
4.214300155639648,1
3.400646686553955,1
3.461594581604004,1
3.498744010925293,1
3.7623848915100098,1
3.133213520050049,1
3.971109390258789,1
3.229280710220337,1
4.1433634757995605,1
4.131079196929932,1
3.5310866832733154,1
3.249350070953369,1
3.5166015625,1
3.804400682449341,1
3.184871196746826,1
3.625354766845703,1
3.6797170639038086,1
3.3079686164855957,1
3.8389673233032227,1
3.5485405921936035,1
2.9175796508789063,1
3.2554945945739746,1
3.844942092895508,1
3.3168087005615234,1
3.363265037536621,1
3.428375720977783,1
3.1696715354919434,1
3.4808788299560547,1
3.387948513031006,1
3.6582393646240234,1
3.136819839477539,1
3.4005208015441895,1
3.5535149574279785,1
3.367096424102783,1
3.3994956016540527,1
3.728342056274414,1
3.50443696975708,1
3.4636831283569336,1
3.5623812675476074,1
3.3062100410461426,1
3.2953503131866455,1
2.9818413257598877,1
3.1377878189086914,1
3.8307945728302,1
3.1499075889587402,1
3.656933307647705,1
3.7706964015960693,1
4.738554954528809,1
3.624361515045166,1
3.4611124992370605,1
3.0576553344726563,1
4.164318084716797,1
3.375344753265381,1
3.5548908710479736,1
4.271571159362793,1
3.602957248687744,1
3.58209228515625,1
3.3290297985076904,1
3.408543109893799,1
2.9889466762542725,1
3.7062807083129883,1
3.420848846435547,1
3.750664710998535,1
3.3892476558685303,1
4.314225196838379,1
4.0856475830078125,1
3.261826753616333,1
3.6034486293792725,1
2.840452194213867,1
3.0930793285369873,1
3.8684322834014893,1
3.3969058990478516,1
3.5493955612182617,1
3.241823196411133,1
3.9780473709106445,1
3.2151339054107666,1
3.638947010040283,1
3.4615707397460938,1
4.408167839050293,1
3.7395408153533936,1
4.767146110534668,1
3.3838088512420654,1
3.5099501609802246,1
4.059302806854248,1
4.171270370483398,1
3.729731321334839,1
3.1043548583984375,1
3.405186176300049,1
3.47208571434021,1
3.6199941635131836,1
3.509418487548828,1
3.4175639152526855,1
3.484783887863159,1
3.2793216705322266,1
3.162410020828247,1
3.5040063858032227,1
3.5039191246032715,1
3.1802175045013428,1
3.4319143295288086,1
4.256319999694824,1
3.1395692825317383,1
3.3319740295410156,1
3.5897140502929688,1
3.6112425327301025,1
3.2279303073883057,1
3.5051465034484863,1
3.390864372253418,1
3.4312803745269775,1
3.4146361351013184,1
3.2870006561279297,1
3.748486280441284,1
3.3804121017456055,1
3.5510830879211426,1
3.5143635272979736,1
3.3548059463500977,1
3.2324483394622803,1
4.077702045440674,1
3.4481046199798584,1
3.57857608795166,1
3.2816474437713623,1
3.2375259399414063,1
3.261657238006592,1
3.8741302490234375,1
3.222747564315796,1
3.8314871788024902,1
3.228219985961914,1
3.900435447692871,1
3.7986652851104736,1
3.3835349082946777,1
2.87668776512146,1
3.2205467224121094,1
3.5767905712127686,1
3.4843966960906982,1
3.8794922828674316,1
3.873666763305664,1
3.855163812637329,1
3.9864282608032227,1
3.8261077404022217,1
3.812694549560547,1
2.991288661956787,1
3.446078062057495,1
3.93037486076355,1
3.819934368133545,1
3.6559510231018066,1
3.275239944458008,1
4.0328264236450195,1
3.3365015983581543,1
3.3993887901306152,1
3.364016532897949,1
3.5315680503845215,1
3.8886661529541016,1
3.8275930881500244,1
3.1405422687530518,1
3.8641421794891357,1
3.4199557304382324,1
3.073756456375122,1
3.5710837841033936,1
3.8753275871276855,1
3.54311466217041,1
3.1116952896118164,1
4.1765360832214355,1
3.2548139095306396,1
3.8184309005737305,1
3.7551589012145996,1
3.5581583976745605,1
3.6520750522613525,1
3.7591981887817383,1
3.7489588260650635,1
3.466765880584717,1
3.67071270942688,1
4.280974864959717,1
3.543923854827881,1
3.4277255535125732,1
3.4728965759277344,1
3.1504921913146973,1
3.2331619262695313,1
3.7979612350463867,1
3.3054518699645996,1
3.637737512588501,1
3.2312111854553223,1
3.409141778945923,1
3.60830020904541,1
3.648885726928711,1
3.598360061645508,1
3.7966763973236084,1
3.5592904090881348,1
3.191586494445801,1
2.980513095855713,1
3.3472328186035156,1
3.5003833770751953,1
3.314534902572632,1
3.2485384941101074,1
3.8876845836639404,1
3.7895970344543457,1
3.3692402839660645,1
3.393746852874756,1
3.535480260848999,1
3.3288373947143555,1
4.231354713439941,1
3.9516384601593018,1
3.341773748397827,1
3.90244722366333,1
3.5849356651306152,1
3.7569918632507324,1
3.571279525756836,1
3.501708984375,1
3.8376660346984863,1
3.2192635536193848,1
3.5490641593933105,1
4.02734899520874,1
4.351651191711426,1
4.019733905792236,1
3.1608054637908936,1
3.521930694580078,1
3.5016026496887207,1
3.6974618434906006,1
3.302399158477783,1
3.6716575622558594,1
3.1520254611968994,1
4.039587020874023,1
3.5011672973632813,1
3.770993232727051,1
3.9298620223999023,1
3.6354236602783203,1
3.118971824645996,1
3.6910767555236816,1
3.29287052154541,1
3.0673975944519043,1
3.2232284545898438,1
3.961310386657715,1
3.556504249572754,1
4.12279748916626,1
3.385507345199585,1
3.4374351501464844,1
3.173553943634033,1
3.986290216445923,1
3.5333540439605713,1
3.7146124839782715,1
3.740766763687134,1
3.7035205364227295,1
4.35198974609375,1
3.105058431625366,1
3.1328699588775635,1
3.449971914291382,1
3.550168752670288,1
4.054220199584961,1
3.8863604068756104,1
3.2964279651641846,1
3.289191961288452,1
2.9757275581359863,1
3.619962692260742,1
3.516892433166504,1
3.406200885772705,1
3.9125657081604004,1
3.2899491786956787,1
3.3589377403259277,1
3.2363107204437256,1
3.9993069171905518,1
3.583737373352051,1
3.1374869346618652,1
3.084242343902588,1
3.5650458335876465,1
3.5398406982421875,1
3.3353018760681152,1
2.9283947944641113,1
4.484940052032471,1
3.2187447547912598,1
3.5164451599121094,1
3.6369972229003906,1
4.093554496765137,1
3.602829933166504,1
2.881317138671875,1
4.389016151428223,1
3.5144805908203125,1
3.6397435665130615,1
3.503955364227295,1
4.83665132522583,1
3.090290069580078,1
3.4093594551086426,1
3.5688583850860596,1
3.36503267288208,1
2.9518346786499023,1
3.3280277252197266,1
4.384281635284424,1
3.9312570095062256,1
