3.1588428020477295,1
3.1801514625549316,1
3.443610191345215,1
3.532738208770752,1
3.585984468460083,1
3.322561502456665,1
3.4341185092926025,1
4.185601234436035,1
3.601059913635254,1
3.618180274963379,1
4.136143207550049,1
3.773761749267578,1
3.6213502883911133,1
4.52769136428833,1
3.271679401397705,1
4.3249192237854,1
3.010589361190796,1
3.202518939971924,1
3.2162182331085205,1
3.402674674987793,1
3.2052907943725586,1
3.0516510009765625,1
3.2782435417175293,1
3.189232349395752,1
3.598090648651123,1
2.8050270080566406,1
3.9842991828918457,1
4.274909019470215,1
4.012546539306641,1
4.445188999176025,1
3.5347394943237305,1
3.0163354873657227,1
3.4792847633361816,1
3.4272942543029785,1
3.844601631164551,1
3.2319393157958984,1
3.0335121154785156,1
4.763866901397705,1
3.2588915824890137,1
3.3891968727111816,1
3.356130361557007,1
3.7292561531066895,1
3.637058734893799,1
4.2197184562683105,1
3.0402588844299316,1
3.3568527698516846,1
3.091977119445801,1
3.217186450958252,1
3.6665098667144775,1
3.3341245651245117,1
3.086467981338501,1
3.9105515480041504,1
3.58672833442688,1
3.262939929962158,1
2.802480936050415,1
3.3862881660461426,1
3.557412624359131,1
4.100515365600586,1
2.9980459213256836,1
3.734577178955078,1
3.4348509311676025,1
3.9716341495513916,1
3.4821834564208984,1
3.7926816940307617,1
3.2157812118530273,1
3.0433707237243652,1
3.169337749481201,1
3.090665340423584,1
3.385517120361328,1
3.3238601684570313,1
3.153369903564453,1
3.2387237548828125,1
2.985288143157959,1
3.103625774383545,1
3.83606219291687,1
3.4717273712158203,1
3.4010066986083984,1
3.802928924560547,1
3.376736640930176,1
3.999587297439575,1
3.7967333793640137,1
4.521237373352051,1
3.4506633281707764,1
3.7611501216888428,1
4.199060916900635,1
2.80061411857605,1
4.262770175933838,1
4.355985164642334,1
4.613090991973877,1
3.253927230834961,1
3.968198776245117,1
3.551539421081543,1
3.585869789123535,1
4.523555755615234,1
3.636503219604492,1
3.513673782348633,1
4.357522010803223,1
4.0076069831848145,1
3.8813424110412598,1
3.7285423278808594,1
4.531862258911133,1
3.6699142456054688,1
3.812711477279663,1
3.703829288482666,1
3.3578619956970215,1
3.5126447677612305,1
4.598872661590576,1
3.512162208557129,1
3.5421528816223145,1
3.308716297149658,1
4.238837242126465,1
3.8221487998962402,1
3.7428152561187744,1
3.932483196258545,1
3.309922218322754,1
3.249436616897583,1
3.155036449432373,1
3.365043878555298,1
3.9052817821502686,1
3.7204434871673584,1
3.2326273918151855,1
3.910778045654297,1
3.6194236278533936,1
3.400153398513794,1
3.85322904586792,1
3.964634895324707,1
6.137882232666016,1
3.061307907104492,1
2.6675617694854736,1
4.64262056350708,1
4.429693222045898,1
3.188011884689331,1
3.3060567378997803,1
3.9454474449157715,1
3.619898796081543,1
4.084436416625977,1
3.4117727279663086,1
3.2062580585479736,1
3.698112964630127,1
3.466616153717041,1
2.831078052520752,1
3.3233041763305664,1
3.1752538681030273,1
3.4392638206481934,1
3.386960983276367,1
3.383821964263916,1
3.2477452754974365,1
3.332700729370117,1
3.170976161956787,1
2.9362218379974365,1
3.6903278827667236,1
2.814136505126953,1
3.986804723739624,1
3.424269199371338,1
3.3110499382019043,1
3.3336644172668457,1
3.0185909271240234,1
3.138615131378174,1
3.356600761413574,1
3.121039628982544,1
3.156752109527588,1
3.1615524291992188,1
3.570462942123413,1
2.982908248901367,1
3.2900466918945313,1
3.2353267669677734,1
3.867647409439087,1
3.631049394607544,1
3.286306381225586,1
5.070818901062012,1
3.787048578262329,1
3.576925277709961,1
3.4837276935577393,1
4.2228899002075195,1
4.0600690841674805,1
3.6044154167175293,1
3.698908805847168,1
3.700469493865967,1
2.7394917011260986,1
3.494938850402832,1
3.527534008026123,1
3.8314976692199707,1
3.903512954711914,1
3.4751498699188232,1
3.9179320335388184,1
3.016058921813965,1
3.0889503955841064,1
3.557419538497925,1
3.472132682800293,1
3.725388526916504,1
3.31276798248291,1
4.199044704437256,1
3.1985576152801514,1
4.009875774383545,1
3.817078113555908,1
3.391625165939331,1
4.03765869140625,1
3.6051976680755615,1
2.6756491661071777,1
3.3560967445373535,1
4.8292765617370605,1
3.7197213172912598,1
3.3202266693115234,1
3.5167360305786133,1
3.8147878646850586,1
3.5552659034729004,1
3.982006072998047,1
4.050221920013428,1
4.181260108947754,1
3.436878204345703,1
3.7811315059661865,1
3.296360969543457,1
3.717517852783203,1
4.054548263549805,1
3.913217067718506,1
4.051420211791992,1
3.244741916656494,1
3.9244394302368164,1
4.222813129425049,1
3.3684322834014893,1
3.2197861671447754,1
3.7726547718048096,1
3.7103402614593506,1
3.6119842529296875,1
3.551908254623413,1
3.3462443351745605,1
3.21889066696167,1
3.197880744934082,1
3.3141543865203857,1
3.901346445083618,1
2.9716243743896484,1
3.2965056896209717,1
3.6690115928649902,1
3.2161784172058105,1
3.6386804580688477,1
3.6922736167907715,1
3.065981864929199,1
3.9999866485595703,1
3.449084758758545,1
3.325132369995117,1
3.4213671684265137,1
4.2949299812316895,1
3.373354434967041,1
3.115967273712158,1
3.4443583488464355,1
3.695847988128662,1
3.4254584312438965,1
4.119450569152832,1
3.9056284427642822,1
3.668741464614868,1
3.1393585205078125,1
3.4856691360473633,1
3.7812752723693848,1
3.3259830474853516,1
3.3816795349121094,1
3.394268035888672,1
3.108935832977295,1
2.831651210784912,1
3.275580883026123,1
3.605605363845825,1
3.323430061340332,1
3.5016121864318848,1
3.2355918884277344,1
3.5901012420654297,1
3.6955666542053223,1
3.456139087677002,1
3.412764310836792,1
3.248230457305908,1
5.078763008117676,1
2.9735348224639893,1
3.5520033836364746,1
3.5830235481262207,1
4.315858840942383,1
4.208063125610352,1
3.7253026962280273,1
3.399707794189453,1
3.1381587982177734,1
3.118617057800293,1
4.323474407196045,1
4.277551651000977,1
3.161558151245117,1
4.1207075119018555,1
3.7125954627990723,1
3.8485162258148193,1
3.952815532684326,1
3.6921920776367188,1
3.2355098724365234,1
3.259579658508301,1
3.324500799179077,1
3.4830939769744873,1
3.6976003646850586,1
3.615352153778076,1
2.8582205772399902,1
4.117668151855469,1
3.768066883087158,1
3.119243860244751,1
3.693598508834839,1
3.425172805786133,1
3.2310447692871094,1
3.831725597381592,1
3.5553877353668213,1
3.9889273643493652,1
3.5279645919799805,1
2.8427743911743164,1
3.1370954513549805,1
3.2844600677490234,1
3.1202080249786377,1
3.4568233489990234,1
3.1831448078155518,1
3.7069873809814453,1
3.3043625354766846,1
3.35526442527771,1
3.6695094108581543,1
4.025979042053223,1
3.225543975830078,1
3.0179615020751953,1
3.5466055870056152,1
4.152393341064453,1
3.380878448486328,1
3.520509719848633,1
3.289224863052368,1
2.829115390777588,1
3.5702714920043945,1
3.576512098312378,1
3.688967704772949,1
2.839224338531494,1
3.1539621353149414,1
3.7386674880981445,1
4.1070637702941895,1
4.100892066955566,1
4.067546844482422,1
4.136050224304199,1
3.52476167678833,1
3.568681478500366,1
3.044306993484497,1
3.756315231323242,1
3.5424885749816895,1
2.9799890518188477,1
3.3447651863098145,1
3.1288328170776367,1
3.3584063053131104,1
3.244277000427246,1
3.657144546508789,1
3.2899842262268066,1
3.3550119400024414,1
3.7427549362182617,1
3.105381965637207,1
3.722057580947876,1
3.5813333988189697,1
3.3002896308898926,1
2.9574010372161865,1
3.094177007675171,1
3.098388433456421,1
3.3092710971832275,1
3.8685922622680664,1
3.306565046310425,1
3.805482864379883,1
3.216554641723633,1
3.556034803390503,1
3.954918384552002,1
3.7002787590026855,1
3.4252142906188965,1
3.2668988704681396,1
2.7592790126800537,1
3.789334297180176,1
3.7958579063415527,1
3.5997023582458496,1
3.0180459022521973,1
3.3673295974731445,1
2.9768106937408447,1
3.1788625717163086,1
2.9448084831237793,1
3.7336812019348145,1
3.385293483734131,1
3.95587158203125,1
3.1610629558563232,1
3.6004862785339355,1
2.8030500411987305,1
3.822354555130005,1
3.6600027084350586,1
3.2462873458862305,1
3.7776033878326416,1
3.825979471206665,1
3.502779006958008,1
3.345775842666626,1
3.9419212341308594,1
3.592878580093384,1
2.946763753890991,1
3.874079942703247,1
3.5755481719970703,1
2.8317737579345703,1
3.3002941608428955,1
3.2195498943328857,1
2.6722495555877686,1
2.991692543029785,1
3.2201991081237793,1
3.3136942386627197,1
3.801114082336426,1
3.3256025314331055,1
3.714977741241455,1
3.540384292602539,1
3.0351219177246094,1
3.2574591636657715,1
3.217040777206421,1
3.1096339225769043,1
3.1793153285980225,1
2.939821720123291,1
3.2884228229522705,1
3.900376796722412,1
3.697718858718872,1
3.1359622478485107,1
3.6497247219085693,1
3.405524253845215,1
4.015008926391602,1
3.1965785026550293,1
3.557111978530884,1
3.2672581672668457,1
3.889326333999634,1
3.5960469245910645,1
3.239945411682129,1
3.1093921661376953,1
3.707871913909912,1
3.366588592529297,1
3.3075287342071533,1
4.194797515869141,1
4.220552444458008,1
4.0219597816467285,1
3.9315123558044434,1
3.6881284713745117,1
3.733644962310791,1
3.95761775970459,1
3.5279030799865723,1
3.1806211471557617,1
3.3550796508789063,1
4.315810203552246,1
4.151481628417969,1
3.9239065647125244,1
3.523561716079712,1
3.0550224781036377,1
3.6939544677734375,1
3.4180309772491455,1
3.442944049835205,1
3.0892224311828613,1
3.4313673973083496,1
3.3797802925109863,1
4.2374587059021,1
3.6647489070892334,1
3.4058165550231934,1
3.629804849624634,1
3.7599639892578125,1
3.643378734588623,1
3.6327123641967773,1
4.11732816696167,1
2.9247121810913086,1
3.1544299125671387,1
3.4572176933288574,1
3.681436061859131,1
3.8289999961853027,1
3.4541149139404297,1
3.420609474182129,1
3.8266043663024902,1
3.3168439865112305,1
3.4327540397644043,1
3.418919086456299,1
3.113563060760498,1
3.371382713317871,1
3.6787548065185547,1
2.988943576812744,1
3.827892780303955,1
3.4648818969726563,1
3.4502882957458496,1
3.9333817958831787,1
3.3302431106567383,1
3.0355234146118164,1
3.456228017807007,1
3.58656644821167,1
3.8543143272399902,1
3.5767626762390137,1
3.1938679218292236,1
3.674791097640991,1
3.274336338043213,1
3.818666458129883,1
3.402434825897217,1
3.5934369564056396,1
3.334902048110962,1
3.3380188941955566,1
3.111043930053711,1
2.8309245109558105,1
2.959956645965576,1
4.301523208618164,1
3.7881362438201904,1
3.511686325073242,1
3.5429344177246094,1
3.5679283142089844,1
3.3558285236358643,1
3.870460271835327,1
3.255525588989258,1
3.5899438858032227,1
3.570835590362549,1
3.4009594917297363,1
3.8331210613250732,1
3.338649272918701,1
3.6784496307373047,1
3.6331875324249268,1
3.539440631866455,1
3.42425799369812,1
3.302870273590088,1
3.222885847091675,1
2.9284470081329346,1
3.468560218811035,1
2.9736170768737793,1
3.773815393447876,1
3.225902557373047,1
3.6175413131713867,1
3.784703254699707,1
3.012463331222534,1
3.574143409729004,1
2.9209718704223633,1
3.1815898418426514,1
3.0922060012817383,1
3.153553009033203,1
3.2417049407958984,1
4.958949565887451,1
3.0947556495666504,1
3.3287672996520996,1
3.212547779083252,1
3.5867834091186523,1
3.5847997665405273,1
4.04515266418457,1
3.6183366775512695,1
3.983464002609253,1
3.617009401321411,1
3.520566701889038,1
3.1097218990325928,1
3.6068763732910156,1
3.670050621032715,1
2.7511649131774902,1
3.4292736053466797,1
2.973569869995117,1
3.2021985054016113,1
4.06627893447876,1
3.292487621307373,1
3.884474515914917,1
3.0519800186157227,1
5.057757377624512,1
3.585806369781494,1
3.6420183181762695,1
3.8399996757507324,1
3.8174877166748047,1
3.9583847522735596,1
3.909316301345825,1
3.343883752822876,1
3.4120032787323,1
3.265620708465576,1
3.798396348953247,1
3.608872652053833,1
3.349748373031616,1
2.930436372756958,1
3.095335006713867,1
3.5545105934143066,1
3.7163052558898926,1
3.744715690612793,1
2.620281219482422,1
4.00203800201416,1
3.8364858627319336,1
3.290090560913086,1
3.1970791816711426,1
3.6499969959259033,1
3.2126529216766357,1
3.5025177001953125,1
3.5998353958129883,1
3.363039016723633,1
3.3727002143859863,1
3.6214640140533447,1
2.8565242290496826,1
3.590344190597534,1
3.9820077419281006,1
3.8152127265930176,1
4.1081037521362305,1
4.391396522521973,1
4.02421760559082,1
3.5014939308166504,1
3.53991436958313,1
4.626923561096191,1
3.360429286956787,1
3.5260794162750244,1
3.646059513092041,1
3.7015438079833984,1
3.4032907485961914,1
3.6911327838897705,1
3.583230972290039,1
3.061476230621338,1
4.002204895019531,1
3.368619441986084,1
4.394545078277588,1
3.257674217224121,1
3.451108455657959,1
3.3883056640625,1
3.3667848110198975,1
3.2280421257019043,1
3.829162120819092,1
4.819854736328125,1
3.1529765129089355,1
3.4056177139282227,1
3.4915900230407715,1
3.524477005004883,1
2.947584390640259,1
3.369743824005127,1
3.4793105125427246,1
3.4924941062927246,1
3.1724190711975098,1
3.582624912261963,1
3.4726719856262207,1
2.9734392166137695,1
3.2450931072235107,1
2.6808712482452393,1
4.595821380615234,1
3.1097450256347656,1
4.540635108947754,1
4.467809677124023,1
3.1917481422424316,1
4.2857770919799805,1
3.649109363555908,1
3.7382144927978516,1
4.688949108123779,1
4.059063911437988,1
3.9351115226745605,1
3.8494441509246826,1
5.095897674560547,1
4.125883102416992,1
3.432681083679199,1
3.4031686782836914,1
3.8607687950134277,1
3.8489890098571777,1
3.2565407752990723,1
3.799018383026123,1
3.244479179382324,1
2.8353357315063477,1
3.695124387741089,1
3.5587034225463867,1
4.273815155029297,1
3.4255285263061523,1
3.079664707183838,1
3.59458327293396,1
2.9161791801452637,1
3.5757107734680176,1
3.7713279724121094,1
3.402651786804199,1
3.280015468597412,1
3.1885716915130615,1
3.3167176246643066,1
3.7577009201049805,1
3.4164211750030518,1
3.2527284622192383,1
3.404233455657959,1
3.155700206756592,1
4.166953086853027,1
3.297940969467163,1
3.406289577484131,1
3.9003539085388184,1
3.4031903743743896,1
3.800393581390381,1
4.199952125549316,1
3.8484854698181152,1
3.0663280487060547,1
3.802058696746826,1
3.8756113052368164,1
3.833373546600342,1
3.42114520072937,1
3.047057867050171,1
3.193596601486206,1
3.3536314964294434,1
3.396195650100708,1
3.201171398162842,1
3.252012252807617,1
3.3929800987243652,1
3.1905767917633057,1
3.2575488090515137,1
3.798555612564087,1
3.9034624099731445,1
3.7645654678344727,1
3.5856029987335205,1
3.178755283355713,1
3.6979336738586426,1
3.719660520553589,1
3.2992172241210938,1
2.788541316986084,1
2.9414515495300293,1
3.0622920989990234,1
3.745927095413208,1
3.5970840454101563,1
3.8709564208984375,1
3.6972248554229736,1
4.848459243774414,1
3.542356014251709,1
3.415001153945923,1
4.128952980041504,1
3.5301976203918457,1
3.4378092288970947,1
4.0515594482421875,1
3.586531162261963,1
4.493012428283691,1
3.618589401245117,1
2.938791275024414,1
3.9547290802001953,1
3.337503671646118,1
3.8275187015533447,1
3.3716070652008057,1
3.5526247024536133,1
3.4899611473083496,1
3.304631233215332,1
3.4262094497680664,1
3.349959373474121,1
3.922973155975342,1
3.595890998840332,1
3.243645191192627,1
3.5398430824279785,1
4.002842903137207,1
3.2887301445007324,1
3.404752016067505,1
3.093940258026123,1
3.5308613777160645,1
3.4660820960998535,1
3.627045154571533,1
3.373351812362671,1
3.208214282989502,1
3.148939609527588,1
3.443596363067627,1
3.418121337890625,1
3.5498106479644775,1
4.02195930480957,1
3.1131367683410645,1
3.256117820739746,1
3.7374398708343506,1
3.27079439163208,1
3.2499372959136963,1
4.756982803344727,1
4.2370781898498535,1
3.33730149269104,1
3.9702186584472656,1
3.3434276580810547,1
2.8394060134887695,1
3.0309417247772217,1
3.665316104888916,1
2.7967634201049805,1
4.322995185852051,1
3.218358039855957,1
3.3138556480407715,1
2.9455888271331787,1
3.3504371643066406,1
4.284409046173096,1
3.5554966926574707,1
3.5470261573791504,1
3.1398088932037354,1
3.4302432537078857,1
4.645981788635254,1
3.133549213409424,1
3.253690719604492,1
4.274114608764648,1
3.859755516052246,1
3.663097620010376,1
4.038501262664795,1
3.3529129028320313,1
3.8640856742858887,1
3.830540657043457,1
3.625967502593994,1
3.469834327697754,1
3.697413682937622,1
3.662597417831421,1
3.9768638610839844,1
3.378566265106201,1
3.7237627506256104,1
4.173438549041748,1
3.6747097969055176,1
2.9672276973724365,1
3.560838460922241,1
3.982893705368042,1
3.9252572059631348,1
3.1550896167755127,1
3.6937808990478516,1
4.717252731323242,1
4.192970275878906,1
3.5919432640075684,1
3.6902682781219482,1
3.819303035736084,1
4.55887508392334,1
3.819955825805664,1
3.5327818393707275,1
3.84536075592041,1
3.200664758682251,1
3.213972806930542,1
3.897641658782959,1
3.527020215988159,1
3.23799991607666,1
3.0281896591186523,1
3.016493082046509,1
2.7785825729370117,1
3.5975701808929443,1
3.4801394939422607,1
3.502741575241089,1
3.4039487838745117,1
3.4696974754333496,1
3.6464273929595947,1
3.5210442543029785,1
3.065392017364502,1
3.4209272861480713,1
3.0308473110198975,1
3.130312442779541,1
2.916355609893799,1
3.498227834701538,1
3.1010568141937256,1
3.8553686141967773,1
3.14388370513916,1
3.095970869064331,1
3.307520627975464,1
3.6035566329956055,1
3.468214988708496,1
3.601407527923584,1
3.3005452156066895,1
3.5847978591918945,1
3.967850685119629,1
3.7632124423980713,1
3.5190255641937256,1
4.333006858825684,1
3.601059913635254,1
3.225346088409424,1
3.035862922668457,1
4.474620819091797,1
3.0893824100494385,1
3.593122959136963,1
3.3538448810577393,1
3.8062243461608887,1
3.8493146896362305,1
3.476449489593506,1
2.902913808822632,1
3.6181490421295166,1
3.6669960021972656,1
4.244720935821533,1
3.7987842559814453,1
3.01718807220459,1
3.6532485485076904,1
4.133450984954834,1
3.5160765647888184,1
3.1174912452697754,1
3.260190486907959,1
3.6677751541137695,1
3.3466708660125732,1
3.696218729019165,1
4.212055206298828,1
3.8953750133514404,1
3.9282610416412354,1
3.615769863128662,1
3.009781837463379,1
3.581418514251709,1
4.032280921936035,1
2.8114852905273438,1
3.873664617538452,1
3.270071029663086,1
3.973933458328247,1
2.8765509128570557,1
3.1818435192108154,1
3.4565558433532715,1
2.954592227935791,1
3.542607545852661,1
3.7830758094787598,1
3.5083367824554443,1
3.331709623336792,1
3.5827462673187256,1
3.2578887939453125,1
3.6574606895446777,1
3.313333034515381,1
2.999638557434082,1
3.439427137374878,1
3.212466239929199,1
3.921420097351074,1
3.044806480407715,1
3.7440743446350098,1
3.770972728729248,1
3.281844139099121,1
3.3724770545959473,1
2.8983259201049805,1
3.8408379554748535,1
3.1596240997314453,1
3.3737549781799316,1
3.061014175415039,1
3.5192480087280273,1
3.248131275177002,1
2.75455641746521,1
3.4954025745391846,1
3.0739316940307617,1
3.15446138381958,1
3.593092918395996,1
3.420823097229004,1
3.2253856658935547,1
3.418724536895752,1
3.2527995109558105,1
4.002416133880615,1
4.28787899017334,1
3.810229778289795,1
3.2061328887939453,1
4.283947944641113,1
3.5574452877044678,1
3.603133201599121,1
3.9491796493530273,1
3.6091737747192383,1
3.5942342281341553,1
2.859086036682129,1
3.48659610748291,1
3.549333333969116,1
3.2895169258117676,1
3.13590931892395,1
2.9336605072021484,1
3.7612311840057373,1
3.501833200454712,1
3.732405424118042,1
3.7202582359313965,1
3.315648078918457,1
3.218508720397949,1
3.2838692665100098,1
3.509953022003174,1
3.7048821449279785,1
3.3920505046844482,1
3.0468697547912598,1
3.2948780059814453,1
3.5756969451904297,1
3.274639368057251,1
3.739870309829712,1
3.9849798679351807,1
3.025867462158203,1
3.5723910331726074,1
3.37860369682312,1
3.8587076663970947,1
2.6177005767822266,1
3.25978422164917,1
3.871363401412964,1
3.2505693435668945,1
3.336806297302246,1
2.997905969619751,1
3.5531654357910156,1
3.113368034362793,1
3.428697109222412,1
3.3185975551605225,1
3.2838692665100098,1
3.2875351905822754,1
3.3994805812835693,1
4.004866600036621,1
3.1570260524749756,1
2.9869604110717773,1
3.7736072540283203,1
3.6537718772888184,1
3.811774253845215,1
3.953378438949585,1
4.5937981605529785,1
4.2669677734375,1
4.159065246582031,1
3.9892055988311768,1
3.8886003494262695,1
3.629223585128784,1
3.7986631393432617,1
4.091261863708496,1
3.5954110622406006,1
3.983090400695801,1
3.1434807777404785,1
3.558344602584839,1
3.082367181777954,1
4.3813157081604,1
3.689211130142212,1
3.623041868209839,1
3.3373522758483887,1
3.379390239715576,1
3.8030524253845215,1
3.5722012519836426,1
4.158260345458984,1
3.4033608436584473,1
3.9065020084381104,1
4.390829563140869,1
2.9650402069091797,1
3.3843276500701904,1
2.9921107292175293,1
2.918398380279541,1
3.2771799564361572,1
4.181678771972656,1
3.638784408569336,1
3.385171890258789,1
4.0369977951049805,1
2.920417308807373,1
2.8713386058807373,1
3.5731077194213867,1
3.774362087249756,1
4.106171131134033,1
3.7704272270202637,1
3.6508636474609375,1
3.516357898712158,1
4.079050064086914,1
3.3613901138305664,1
3.290221691131592,1
3.4708003997802734,1
3.1530075073242188,1
3.6615099906921387,1
3.794571876525879,1
3.259401798248291,1
3.557417154312134,1
3.7102818489074707,1
3.789796829223633,1
3.2282772064208984,1
3.8245370388031006,1
2.933760643005371,1
3.6969728469848633,1
5.3074798583984375,1
4.458987236022949,1
3.2888410091400146,1
3.0177974700927734,1
4.270808219909668,1
3.793613910675049,1
4.5300798416137695,1
3.407144069671631,1
4.410870552062988,1
4.8852715492248535,1
4.659564971923828,1
3.974759101867676,1
3.804506301879883,1
3.612001419067383,1
3.9472479820251465,1
3.9903151988983154,1
4.267809867858887,1
4.0282135009765625,1
3.340611457824707,1
3.901001453399658,1
3.2552731037139893,1
4.265668869018555,1
4.5969343185424805,1
4.06903600692749,1
3.732980728149414,1
4.1527099609375,1
4.397589683532715,1
3.925915241241455,1
3.45188570022583,1
2.9967031478881836,1
3.641782283782959,1
3.604980230331421,1
3.7932565212249756,1
3.586676597595215,1
4.726982116699219,1
3.801433563232422,1
3.571727752685547,1
3.4775748252868652,1
3.2489359378814697,1
3.989980697631836,1
4.117727756500244,1
3.4466071128845215,1
3.1272013187408447,1
3.124008893966675,1
3.295555830001831,1
3.4513840675354004,1
3.997598171234131,1
3.7033653259277344,1
3.8262834548950195,1
3.526515245437622,1
3.967240333557129,1
3.850278377532959,1
4.061777114868164,1
3.3541858196258545,1
3.129720687866211,1
3.7200686931610107,1
3.6319222450256348,1
3.603548526763916,1
3.526370048522949,1
3.9319846630096436,1
3.104341983795166,1
3.897768020629883,1
3.330902099609375,1
3.307950258255005,1
3.39125394821167,1
3.4529271125793457,1
3.398573160171509,1
2.9962313175201416,1
3.603480339050293,1
3.5210933685302734,1
3.3417673110961914,1
4.091394424438477,1
4.776927947998047,1
3.6711161136627197,1
3.2261996269226074,1
3.1628551483154297,1
3.5988826751708984,1
3.1942837238311768,1
3.2973155975341797,1
4.300922393798828,1
3.1273703575134277,1
4.323791027069092,1
3.348759651184082,1
3.046572685241699,1
4.841070175170898,1
3.343841791152954,1
3.704099655151367,1
3.5729498863220215,1
3.867100715637207,1
3.8601083755493164,1
2.9632649421691895,1
4.3921637535095215,1
3.757465362548828,1
3.3878395557403564,1
3.508967399597168,1
3.8757591247558594,1
3.6239004135131836,1
3.8311104774475098,1
3.1734509468078613,1
3.096574306488037,1
3.0851924419403076,1
3.940742254257202,1
3.293266534805298,1
2.9998559951782227,1
3.8152201175689697,1
3.5283334255218506,1
4.269512176513672,1
3.5515966415405273,1
4.446463108062744,1
3.5848591327667236,1
3.2395572662353516,1
3.711639404296875,1
3.7579197883605957,1
3.4967808723449707,1
3.791764974594116,1
3.3653149604797363,1
3.9373676776885986,1
3.7360899448394775,1
3.329512119293213,1
3.643105983734131,1
3.8218345642089844,1
3.657088279724121,1
3.224937915802002,1
3.6440749168395996,1
3.4692907333374023,1
3.465592622756958,1
3.4270167350769043,1
3.086798906326294,1
3.0985007286071777,1
3.1863489151000977,1
4.2305378913879395,1
3.3997673988342285,1
3.4147472381591797,1
3.421934127807617,1
3.3748693466186523,1
2.8784871101379395,1
4.213434219360352,1
3.469595193862915,1
2.920253276824951,1
3.2911269664764404,1
3.6918039321899414,1
3.1181180477142334,1
3.413435220718384,1
3.839606523513794,1
3.7869648933410645,1
4.279206275939941,1
4.090547561645508,1
3.7114522457122803,1
2.7346298694610596,1
3.3114826679229736,1
3.3333051204681396,1
3.3906564712524414,1
3.7739667892456055,1
3.3268985748291016,1
3.3054583072662354,1
3.3780112266540527,1
3.6025583744049072,1
3.7280330657958984,1
2.992581367492676,1
4.759852409362793,1
5.414392471313477,1
3.530442953109741,1
3.1988115310668945,1
4.046356678009033,1
4.208341598510742,1
3.3038768768310547,1
3.8450748920440674,1
4.0139875411987305,1
4.122016906738281,1
4.4214677810668945,1
3.453409194946289,1
4.540743827819824,1
3.6175029277801514,1
4.169573783874512,1
3.8646628856658936,1
2.91900634765625,1
3.725958824157715,1
4.301802635192871,1
3.7626442909240723,1
3.8216662406921387,1
3.7594494819641113,1
3.4687535762786865,1
3.3448033332824707,1
3.0326175689697266,1
3.5989627838134766,1
3.7334158420562744,1
2.842885971069336,1
3.195185899734497,1
3.4677894115448,1
4.114817142486572,1
3.8609113693237305,1
3.4998459815979004,1
3.4508423805236816,1
4.072333812713623,1
3.861788511276245,1
3.7336955070495605,1
3.013138771057129,1
3.4589717388153076,1
3.4846272468566895,1
3.855175495147705,1
3.5975518226623535,1
2.9380569458007813,1
3.947571039199829,1
3.243368625640869,1
3.6329307556152344,1
3.876432180404663,1
3.660642147064209,1
3.4297714233398438,1
3.272604465484619,1
3.3731789588928223,1
3.5038838386535645,1
3.3300108909606934,1
3.8170056343078613,1
3.434061050415039,1
2.9194130897521973,1
3.617480516433716,1
2.92484974861145,1
3.1721410751342773,1
4.075972080230713,1
3.4409728050231934,1
3.1865234375,1
3.154805898666382,1
3.356191635131836,1
3.571812868118286,1
3.106205463409424,1
3.54174542427063,1
3.832979679107666,1
3.457866668701172,1
3.30586838722229,1
3.082942247390747,1
3.5074336528778076,1
3.5420730113983154,1
3.3646903038024902,1
3.3730804920196533,1
3.671470880508423,1
3.061601161956787,1
3.439579486846924,1
3.5717577934265137,1
4.401473045349121,1
3.3907907009124756,1
3.414656162261963,1
3.8960859775543213,1
4.403336524963379,1
2.63437819480896,1
3.2024312019348145,1
3.478748321533203,1
3.7156686782836914,1
3.5258665084838867,1
3.5314040184020996,1
3.5430760383605957,1
3.2430167198181152,1
3.105053663253784,1
4.1603851318359375,1
3.338404655456543,1
3.414402484893799,1
3.2252750396728516,1
3.6756880283355713,1
4.022947311401367,1
3.4126577377319336,1
3.2692160606384277,1
3.316199779510498,1
3.242527484893799,1
3.903592109680176,1
3.5456182956695557,1
3.4892210960388184,1
3.9865450859069824,1
3.6922929286956787,1
3.5560302734375,1
3.497772216796875,1
2.932013750076294,1
4.18088436126709,1
3.6544651985168457,1
3.4780759811401367,1
5.0780439376831055,1
2.7981791496276855,1
3.508218765258789,1
3.450744152069092,1
3.3445825576782227,1
2.7783095836639404,1
3.5279886722564697,1
3.2534449100494385,1
3.3307225704193115,1
3.3065476417541504,1
3.624286651611328,1
3.421888828277588,1
3.4003612995147705,1
3.1981401443481445,1
3.533076763153076,1
2.945206642150879,1
3.4731783866882324,1
2.887702703475952,1
2.9154305458068848,1
3.089320182800293,1
3.616614580154419,1
3.8443708419799805,1
3.247925281524658,1
3.0319910049438477,1
3.4795384407043457,1
3.44064998626709,1
3.60922908782959,1
3.315500259399414,1
3.3254001140594482,1
3.3441271781921387,1
4.047140121459961,1
4.408498764038086,1
3.958319664001465,1
3.9999773502349854,1
5.439919471740723,1
3.338710069656372,1
3.9491140842437744,1
3.7627358436584473,1
3.6145615577697754,1
3.7832953929901123,1
3.3830971717834473,1
3.4008054733276367,1
3.9490885734558105,1
3.4324934482574463,1
3.678068161010742,1
3.523350477218628,1
4.009450435638428,1
3.5388028621673584,1
3.6136302947998047,1
4.148719787597656,1
4.036651611328125,1
3.3363161087036133,1
3.6487910747528076,1
3.4678335189819336,1
3.4838919639587402,1
4.501461029052734,1
4.869222164154053,1
4.210493564605713,1
4.742204666137695,1
3.1578946113586426,1
4.374667167663574,1
3.684044599533081,1
4.073788642883301,1
3.5199294090270996,1
3.271562099456787,1
3.2238831520080566,1
4.548532485961914,1
3.934889316558838,1
3.548844337463379,1
3.736345052719116,1
4.698138236999512,1
4.032436370849609,1
3.5657501220703125,1
3.6777029037475586,1
4.043435096740723,1
3.3004767894744873,1
3.470771312713623,1
3.441312551498413,1
3.4260032176971436,1
3.450288772583008,1
3.8061370849609375,1
4.3849945068359375,1
3.91757869720459,1
3.22074556350708,1
3.6034469604492188,1
3.9220776557922363,1
3.6813669204711914,1
3.824306011199951,1
4.052490711212158,1
3.501927614212036,1
4.3099164962768555,1
4.728635787963867,1
4.0467329025268555,1
3.4517617225646973,1
3.883946418762207,1
3.759204626083374,1
3.55127215385437,1
3.641765594482422,1
3.4673004150390625,1
3.278219223022461,1
3.1793012619018555,1
4.164158821105957,1
3.458735466003418,1
3.573183059692383,1
3.117244243621826,1
4.0944976806640625,1
3.550650119781494,1
3.797950506210327,1
3.502894401550293,1
3.4823150634765625,1
3.2714719772338867,1
3.3278586864471436,1
3.9053173065185547,1
2.970308542251587,1
3.5288829803466797,1
3.376194953918457,1
3.841434955596924,1
3.2900514602661133,1
2.9404468536376953,1
4.1611175537109375,1
3.6108651161193848,1
3.697254180908203,1
3.771034002304077,1
3.810542106628418,1
2.843090057373047,1
3.395658493041992,1
2.94462251663208,1
3.4573047161102295,1
3.636873245239258,1
3.767777919769287,1
4.6194305419921875,1
3.8422834873199463,1
4.178074359893799,1
2.674684524536133,1
3.6852855682373047,1
4.125640869140625,1
3.939655303955078,1
3.415299415588379,1
3.391961097717285,1
4.400561332702637,1
3.106766939163208,1
3.269331932067871,1
3.676480770111084,1
3.7228379249572754,1
3.6783177852630615,1
3.6434216499328613,1
3.1093626022338867,1
3.8102798461914063,1
3.4523558616638184,1
2.9861011505126953,1
3.12886381149292,1
3.705672264099121,1
3.456519603729248,1
3.305185556411743,1
3.5431604385375977,1
3.5763044357299805,1
3.1461920738220215,1
3.549166202545166,1
3.325293779373169,1
3.5856003761291504,1
3.092240810394287,1
3.4384379386901855,1
3.6842706203460693,1
3.537611484527588,1
3.3819403648376465,1
3.298813819885254,1
3.483102321624756,1
3.618466377258301,1
3.8995261192321777,1
3.318671703338623,1
4.105862617492676,1
3.904330253601074,1
3.396613121032715,1
3.298537254333496,1
3.848518133163452,1
4.076392650604248,1
3.4166479110717773,1
3.773487091064453,1
3.931264638900757,1
3.5124025344848633,1
3.1435184478759766,1
3.564706802368164,1
3.366637706756592,1
3.2081761360168457,1
3.7956879138946533,1
3.1076815128326416,1
3.1130523681640625,1
3.006600856781006,1
3.3979711532592773,1
3.1850602626800537,1
2.8489346504211426,1
3.463852882385254,1
3.4835634231567383,1
3.1357672214508057,1
3.512637138366699,1
3.761042594909668,1
3.607489824295044,1
4.129275321960449,1
3.976156234741211,1
3.421347141265869,1
3.0924973487854004,1
3.224919557571411,1
3.265378713607788,1
3.7961907386779785,1
4.939303398132324,1
3.022940158843994,1
3.486680030822754,1
3.4648118019104004,1
3.3260679244995117,1
3.7087907791137695,1
3.236293315887451,1
3.5700697898864746,1
3.287616729736328,1
4.013279438018799,1
3.4161593914031982,1
3.3677759170532227,1
3.108346939086914,1
3.5551648139953613,1
3.260345220565796,1
2.982996940612793,1
3.3108372688293457,1
3.2283802032470703,1
3.4557535648345947,1
4.4917473793029785,1
3.6617114543914795,1
3.252624273300171,1
3.3609471321105957,1
5.106101036071777,1
4.24811315536499,1
3.559600353240967,1
4.349924564361572,1
4.666317462921143,1
3.8918616771698,1
3.356764793395996,1
3.360743522644043,1
3.934584856033325,1
4.368555068969727,1
4.2218828201293945,1
3.2239885330200195,1
3.095319986343384,1
4.149091720581055,1
5.034848213195801,1
3.8364243507385254,1
4.328186988830566,1
3.892678737640381,1
3.7559845447540283,1
3.7332873344421387,1
3.402167797088623,1
3.469752311706543,1
3.9724183082580566,1
3.7357208728790283,1
3.684548854827881,1
3.806673765182495,1
3.873248338699341,1
3.4870879650115967,1
4.2336506843566895,1
3.64263916015625,1
3.5377049446105957,1
3.3156726360321045,1
3.758241891860962,1
4.376660346984863,1
3.38932466506958,1
3.3528358936309814,1
3.565760612487793,1
3.9264049530029297,1
3.847797393798828,1
3.927931547164917,1
3.824411153793335,1
3.2873036861419678,1
3.58172869682312,1
3.5815367698669434,1
2.9166336059570313,1
3.358785390853882,1
3.451171398162842,1
3.923382520675659,1
3.4626293182373047,1
3.4475717544555664,1
3.131589412689209,1
3.5071704387664795,1
2.931757688522339,1
3.186972141265869,1
3.608004570007324,1
3.6789331436157227,1
3.4491822719573975,1
3.0402309894561768,1
3.392084836959839,1
3.16849684715271,1
3.4412708282470703,1
3.275676727294922,1
3.1282474994659424,1
2.878065586090088,1
4.419222831726074,1
3.2955687046051025,1
4.441446304321289,1
3.400062084197998,1
3.11226749420166,1
3.600001335144043,1
3.0678014755249023,1
2.9783496856689453,1
3.455735445022583,1
3.26456880569458,1
3.146829605102539,1
3.30178165435791,1
3.392160654067993,1
3.2861104011535645,1
3.274223566055298,1
3.282980442047119,1
3.80488657951355,1
3.29213809967041,1
4.866538047790527,1
2.8798539638519287,1
2.9945669174194336,1
3.7368571758270264,1
3.6219427585601807,1
3.745666742324829,1
3.9739813804626465,1
4.29283332824707,1
3.150358200073242,1
3.9340646266937256,1
3.1534667015075684,1
3.766312599182129,1
4.168449401855469,1
3.688331365585327,1
3.430227756500244,1
3.4584953784942627,1
3.6991076469421387,1
4.937555313110352,1
4.621829032897949,1
3.689425468444824,1
3.5107524394989014,1
3.8015260696411133,1
3.3221797943115234,1
3.702836036682129,1
3.5502872467041016,1
3.4903995990753174,1
4.014183044433594,1
4.055980682373047,1
2.9359302520751953,1
3.3152761459350586,1
4.063787460327148,1
3.6631083488464355,1
4.412841796875,1
3.3118367195129395,1
3.265082836151123,1
3.7078840732574463,1
3.522214889526367,1
3.182995319366455,1
3.4669556617736816,1
2.955516815185547,1
2.8826205730438232,1
3.3875114917755127,1
3.2563815116882324,1
3.5878138542175293,1
3.5269837379455566,1
3.6839561462402344,1
3.4540114402770996,1
3.573119640350342,1
3.4445724487304688,1
3.525867223739624,1
3.0490047931671143,1
3.1723833084106445,1
3.4753806591033936,1
2.9318175315856934,1
2.7796411514282227,1
3.6642987728118896,1
2.834880828857422,1
3.7006187438964844,1
3.5178146362304688,1
3.664210081100464,1
3.92915940284729,1
3.1590685844421387,1
3.9943971633911133,1
3.5519943237304688,1
3.616006374359131,1
3.3898446559906006,1
3.703975200653076,1
3.3906874656677246,1
3.8647313117980957,1
3.660128593444824,1
3.506232261657715,1
3.115971088409424,1
3.921003580093384,1
3.836172103881836,1
3.495922565460205,1
3.197206497192383,1
3.5754752159118652,1
3.5774688720703125,1
2.731621742248535,1
3.443148136138916,1
3.0175209045410156,1
3.880661964416504,1
2.753500461578369,1
3.9514458179473877,1
4.013646602630615,1
3.0464701652526855,1
3.4261574745178223,1
3.3804030418395996,1
3.4131758213043213,1
3.112043619155884,1
3.169626235961914,1
3.2311718463897705,1
2.6013622283935547,1
3.601776599884033,1
3.4865431785583496,1
3.3522541522979736,1
3.634113311767578,1
3.245873212814331,1
3.903785467147827,1
2.989588499069214,1
3.253391981124878,1
3.461033821105957,1
3.6390268802642822,1
3.545255184173584,1
2.9855690002441406,1
3.1246657371520996,1
3.849957227706909,1
4.150783538818359,1
3.261453628540039,1
4.346136569976807,1
3.3539810180664063,1
3.341864824295044,1
3.4052679538726807,1
2.982506275177002,1
3.792417049407959,1
3.75386118888855,1
3.37418270111084,1
3.2954750061035156,1
3.2835333347320557,1
3.3508126735687256,1
3.0944628715515137,1
3.245021104812622,1
3.7116641998291016,1
3.4975290298461914,1
3.985208034515381,1
3.6756832599639893,1
3.04626202583313,1
3.645772933959961,1
3.4879817962646484,1
3.0210087299346924,1
2.8308610916137695,1
2.9143998622894287,1
2.8242807388305664,1
3.2526321411132813,1
4.013006687164307,1
4.336674690246582,1
3.551888942718506,1
3.931767225265503,1
3.45168399810791,1
3.0788679122924805,1
3.2320382595062256,1
3.1036109924316406,1
3.658517837524414,1
3.497187852859497,1
3.1942622661590576,1
4.18034553527832,1
3.9551472663879395,1
4.259767532348633,1
3.678481101989746,1
3.551948308944702,1
3.346444606781006,1
3.609154462814331,1
3.5326297283172607,1
3.0088913440704346,1
3.147325038909912,1
3.1262407302856445,1
3.4277939796447754,1
3.4237964153289795,1
3.3674473762512207,1
2.703442096710205,1
3.4670393466949463,1
2.9109573364257813,1
3.4692978858947754,1
3.4286155700683594,1
3.733757972717285,1
3.6018877029418945,1
4.219915866851807,1
3.5891013145446777,1
4.2849297523498535,1
4.03945779800415,1
3.430412769317627,1
3.1204395294189453,1
3.19626784324646,1
3.489607334136963,1
3.589249849319458,1
3.161773443222046,1
3.9368953704833984,1
3.7478110790252686,1
3.8429880142211914,1
3.8484058380126953,1
3.8099167346954346,1
3.401571750640869,1
3.6140193939208984,1
3.322676658630371,1
3.5607872009277344,1
3.206024646759033,1
3.2639570236206055,1
3.426917314529419,1
3.7498302459716797,1
2.991431713104248,1
2.4867000579833984,1
3.391451835632324,1
3.4103217124938965,1
3.2248730659484863,1
3.439183473587036,1
3.280303955078125,1
3.6469900608062744,1
3.7391517162323,1
3.3520328998565674,1
3.5337281227111816,1
3.4708943367004395,1
3.651968479156494,1
3.435532569885254,1
3.613624334335327,1
3.2353456020355225,1
2.9261648654937744,1
3.5130457878112793,1
3.548429489135742,1
3.256856918334961,1
3.2596144676208496,1
3.555499315261841,1
4.330863952636719,1
3.998755693435669,1
3.675006866455078,1
3.105037212371826,1
3.822216749191284,1
3.7063095569610596,1
3.987849712371826,1
3.526172161102295,1
3.561899423599243,1
4.2281904220581055,1
3.367058277130127,1
4.246415138244629,1
4.286959648132324,1
3.926262855529785,1
4.0087151527404785,1
3.452409267425537,1
3.3550543785095215,1
4.012887954711914,1
4.112204551696777,1
3.6246395111083984,1
3.45835018157959,1
3.5396480560302734,1
3.4589154720306396,1
3.3989686965942383,1
3.101842164993286,1
3.594696044921875,1
3.71989369392395,1
3.8705761432647705,1
3.6086273193359375,1
3.104702949523926,1
3.1485979557037354,1
3.428751230239868,1
3.140094757080078,1
3.6698124408721924,1
3.444880962371826,1
3.537158966064453,1
3.467134952545166,1
4.569976806640625,1
3.6796188354492188,1
3.425239324569702,1
3.458019733428955,1
3.8327956199645996,1
4.098601341247559,1
3.493875503540039,1
3.4090919494628906,1
3.787778377532959,1
3.4974958896636963,1
3.7740225791931152,1
3.591465950012207,1
3.1805548667907715,1
3.7603187561035156,1
3.5960497856140137,1
3.024162530899048,1
3.1625590324401855,1
3.4601082801818848,1
3.4660983085632324,1
3.44035005569458,1
3.0505354404449463,1
3.5809614658355713,1
2.902259111404419,1
3.6764297485351563,1
3.831934928894043,1
3.8150389194488525,1
3.5007553100585938,1
3.4952945709228516,1
4.3304314613342285,1
3.3725528717041016,1
3.7047102451324463,1
4.103761672973633,1
4.260178565979004,1
3.5945889949798584,1
3.782562255859375,1
3.8851470947265625,1
3.1585075855255127,1
3.4464128017425537,1
3.30474853515625,1
3.366029977798462,1
3.378753662109375,1
4.494022369384766,1
3.95013427734375,1
3.0542187690734863,1
3.427340030670166,1
3.4943275451660156,1
3.425644874572754,1
3.6614410877227783,1
3.748568058013916,1
3.7304890155792236,1
3.427912473678589,1
3.3198139667510986,1
4.556962966918945,1
3.2453534603118896,1
4.337733745574951,1
3.947619676589966,1
3.5983152389526367,1
2.877819061279297,1
3.511683940887451,1
3.3743066787719727,1
3.628634452819824,1
4.009106636047363,1
3.9458329677581787,1
4.904903411865234,1
4.546292304992676,1
3.679603338241577,1
3.1594724655151367,1
3.2642946243286133,1
4.248415946960449,1
4.83544921875,1
3.7141060829162598,1
3.330707550048828,1
3.6651597023010254,1
3.5087649822235107,1
3.105494976043701,1
4.015599250793457,1
3.51007342338562,1
3.2917733192443848,1
3.3400774002075195,1
4.030541896820068,1
4.533069133758545,1
3.0427029132843018,1
3.532353401184082,1
4.262434005737305,1
3.0409653186798096,1
3.9009041786193848,1
3.846251964569092,1
4.481367588043213,1
3.8039464950561523,1
3.759841203689575,1
3.8343114852905273,1
3.7397072315216064,1
3.4871795177459717,1
2.9104528427124023,1
3.556448221206665,1
3.391052007675171,1
3.0452842712402344,1
3.5586390495300293,1
3.026050090789795,1
3.873973846435547,1
3.4831879138946533,1
3.0527305603027344,1
3.1332855224609375,1
3.5328924655914307,1
3.42476224899292,1
3.4888525009155273,1
3.4844226837158203,1
3.566077709197998,1
3.032188892364502,1
3.1631970405578613,1
3.0257728099823,1
4.200328350067139,1
3.642855167388916,1
3.219247817993164,1
3.5755279064178467,1
3.359147071838379,1
2.701144218444824,1
3.800626277923584,1
3.4834113121032715,1
3.3591794967651367,1
2.6264193058013916,1
3.7234106063842773,1
4.246100425720215,1
3.713838577270508,1
3.747958183288574,1
3.638368606567383,1
3.655620574951172,1
3.2184743881225586,1
3.4603028297424316,1
3.838970184326172,1
3.781355619430542,1
3.1553072929382324,1
4.196902275085449,1
3.455981731414795,1
3.6192328929901123,1
3.0905916690826416,1
2.944277286529541,1
3.819237470626831,1
3.4502005577087402,1
3.546353816986084,1
2.76279354095459,1
3.1730031967163086,1
3.8121371269226074,1
3.868411064147949,1
3.553079128265381,1
3.6426515579223633,1
3.6404850482940674,1
3.1713027954101563,1
3.7861475944519043,1
3.5987939834594727,1
4.10549259185791,1
3.6768782138824463,1
3.2306981086730957,1
3.734809398651123,1
3.52597713470459,1
3.430609703063965,1
3.885993480682373,1
3.1485705375671387,1
3.374537944793701,1
3.6323070526123047,1
2.921113967895508,1
3.003471851348877,1
2.794125556945801,1
3.1782917976379395,1
3.3028035163879395,1
3.7087154388427734,1
3.4041080474853516,1
3.473963737487793,1
3.53778338432312,1
3.187690496444702,1
3.6132168769836426,1
4.505276203155518,1
4.164198398590088,1
3.917360305786133,1
4.386645317077637,1
3.4373745918273926,1
3.811367988586426,1
3.0696234703063965,1
3.6476922035217285,1
3.6596226692199707,1
3.204685688018799,1
3.1248021125793457,1
3.0696139335632324,1
3.3564085960388184,1
3.4877185821533203,1
3.1672000885009766,1
3.511909008026123,1
3.0070531368255615,1
3.540234088897705,1
3.752314329147339,1
3.1488699913024902,1
3.8319976329803467,1
3.5119547843933105,1
3.272916555404663,1
3.483883857727051,1
3.5371313095092773,1
3.954563617706299,1
3.6763916015625,1
3.14778995513916,1
3.021296262741089,1
3.7717714309692383,1
3.392674446105957,1
3.4215526580810547,1
2.705286979675293,1
3.8619766235351563,1
3.7639379501342773,1
4.182555198669434,1
3.120637893676758,1
3.7878684997558594,1
5.021321773529053,1
3.6628270149230957,1
3.221003532409668,1
4.410818099975586,1
3.8350772857666016,1
3.045536994934082,1
3.053630828857422,1
3.6634063720703125,1
3.900268077850342,1
3.372701644897461,1
4.009105682373047,1
2.9623916149139404,1
3.5634090900421143,1
3.601530075073242,1
3.600980520248413,1
3.707221508026123,1
3.0023250579833984,1
3.6859211921691895,1
3.145852565765381,1
3.285423755645752,1
3.3046624660491943,1
3.258462905883789,1
3.7306737899780273,1
2.982837438583374,1
2.9318432807922363,1
3.204998016357422,1
4.618335723876953,1
3.0288631916046143,1
3.021920680999756,1
3.303567886352539,1
3.285341262817383,1
3.547353744506836,1
3.9237046241760254,1
3.321598529815674,1
3.6463167667388916,1
3.816347122192383,1
3.511892080307007,1
3.0143113136291504,1
4.216664791107178,1
2.5898232460021973,1
3.6001410484313965,1
3.5570054054260254,1
3.2814688682556152,1
3.0108962059020996,1
3.3171887397766113,1
2.8941633701324463,1
3.3223631381988525,1
3.4809699058532715,1
3.6046504974365234,1
3.771507740020752,1
3.96760892868042,1
3.5316617488861084,1
3.873079299926758,1
3.485175609588623,1
3.899588108062744,1
3.9559600353240967,1
3.483004570007324,1
3.3041086196899414,1
3.7210302352905273,1
3.3764758110046387,1
3.418576717376709,1
3.5501585006713867,1
3.1969587802886963,1
3.3237431049346924,1
3.0307116508483887,1
4.1690521240234375,1
3.0245518684387207,1
3.6347906589508057,1
3.9267773628234863,1
3.1816229820251465,1
3.4046812057495117,1
3.5368499755859375,1
3.9153685569763184,1
3.4599156379699707,1
3.614950180053711,1
4.147597312927246,1
3.620631694793701,1
3.42221736907959,1
3.80595064163208,1
3.6288204193115234,1
3.4727158546447754,1
3.9718494415283203,1
4.08168363571167,1
3.8263533115386963,1
3.539659261703491,1
3.8611693382263184,1
3.748384475708008,1
3.8600690364837646,1
3.3091325759887695,1
3.3499915599823,1
3.842101812362671,1
3.140316963195801,1
3.9866943359375,1
3.8824691772460938,1
2.9876270294189453,1
3.472835063934326,1
2.907167434692383,1
3.0566294193267822,1
4.237793445587158,1
3.1918516159057617,1
3.4379570484161377,1
3.880915641784668,1
4.392324447631836,1
3.6628098487854004,1
2.922478675842285,1
3.3981716632843018,1
3.5869686603546143,1
3.2124545574188232,1
3.592611312866211,1
3.463714122772217,1
3.978529453277588,1
3.6092262268066406,1
3.2885403633117676,1
4.103764533996582,1
3.941229820251465,1
3.5964605808258057,1
4.480256080627441,1
3.131746530532837,1
3.1296913623809814,1
3.9792861938476563,1
3.5640788078308105,1
3.260939121246338,1
3.6027894020080566,1
3.6115951538085938,1
3.7742087841033936,1
2.852576971054077,1
3.0806479454040527,1
3.572753429412842,1
3.1934404373168945,1
2.999847888946533,1
3.570528507232666,1
3.695796489715576,1
3.0114665031433105,1
3.777470827102661,1
3.6838796138763428,1
2.850205183029175,1
3.519151210784912,1
3.0007877349853516,1
3.9211225509643555,1
2.930279493331909,1
4.700006008148193,1
3.672297954559326,1
3.4979257583618164,1
4.144841194152832,1
3.8273849487304688,1
3.567460060119629,1
3.427882432937622,1
3.5563814640045166,1
3.3257522583007813,1
2.897115707397461,1
3.350043296813965,1
2.9809188842773438,1
3.958183765411377,1
3.1981821060180664,1
3.838651657104492,1
2.7646665573120117,1
3.1980714797973633,1
3.5415091514587402,1
4.172019958496094,1
4.630034923553467,1
3.912942409515381,1
3.339996814727783,1
3.4111502170562744,1
3.3310139179229736,1
3.4687728881835938,1
3.84844970703125,1
3.0217692852020264,1
4.176941871643066,1
4.002501487731934,1
3.4359610080718994,1
3.3114254474639893,1
3.6192970275878906,1
3.6234729290008545,1
3.7532615661621094,1
3.6078708171844482,1
3.4627127647399902,1
3.610184907913208,1
3.4917378425598145,1
3.092472553253174,1
3.1606967449188232,1
3.839174747467041,1
3.4241130352020264,1
3.216390609741211,1
3.6582446098327637,1
3.681213855743408,1
3.1302528381347656,1
3.880734920501709,1
3.206422805786133,1
3.3373990058898926,1
3.545914888381958,1
3.6224915981292725,1
3.4776268005371094,1
3.566114902496338,1
2.8814640045166016,1
3.380153179168701,1
4.6378889083862305,1
3.725140333175659,1
3.5002593994140625,1
4.778450012207031,1
4.032210350036621,1
4.132887840270996,1
3.3061962127685547,1
4.368586540222168,1
3.965871810913086,1
3.536930561065674,1
3.1848270893096924,1
3.1469273567199707,1
4.389170169830322,1
4.318663597106934,1
3.1622776985168457,1
3.780421018600464,1
3.629488945007324,1
3.3809714317321777,1
3.857029914855957,1
3.3973147869110107,1
2.958411693572998,1
3.494509220123291,1
3.4044432640075684,1
3.511343479156494,1
3.1720924377441406,1
3.1226842403411865,1
4.478157997131348,1
3.120347023010254,1
3.5750513076782227,1
3.1828818321228027,1
3.4763588905334473,1
3.144773006439209,1
3.127429485321045,1
3.1422414779663086,1
3.2862682342529297,1
3.1993260383605957,1
3.603578567504883,1
3.6030514240264893,1
3.102487564086914,1
3.8032689094543457,1
3.6987109184265137,1
3.228015899658203,1
2.915332794189453,1
3.998476505279541,1
3.898730993270874,1
3.7458391189575195,1
3.5732197761535645,1
3.9140572547912598,1
3.4167470932006836,1
3.2205870151519775,1
3.1025705337524414,1
3.0872015953063965,1
3.4541397094726563,1
3.272815227508545,1
3.349102258682251,1
4.551449298858643,1
4.785268783569336,1
3.830530881881714,1
3.6667897701263428,1
3.9153668880462646,1
3.274110794067383,1
3.097883701324463,1
4.324985027313232,1
3.0454537868499756,1
3.3051135540008545,1
4.156298637390137,1
4.248256206512451,1
3.351762294769287,1
4.1548004150390625,1
2.865122079849243,1
3.815561294555664,1
3.360020399093628,1
3.5312857627868652,1
3.642763614654541,1
3.51212739944458,1
3.570971965789795,1
4.083863258361816,1
3.4735937118530273,1
3.1802453994750977,1
3.9490866661071777,1
3.514974594116211,1
3.5095715522766113,1
3.250413417816162,1
3.9983673095703125,1
4.336733818054199,1
3.5733752250671387,1
3.700756311416626,1
3.691086530685425,1
4.148392200469971,1
3.2444639205932617,1
2.95900559425354,1
3.511471748352051,1
4.229846954345703,1
3.363340377807617,1
3.300551652908325,1
3.381272315979004,1
3.2950832843780518,1
2.9870853424072266,1
3.148848056793213,1
3.2319040298461914,1
3.0788846015930176,1
3.854050636291504,1
4.322193145751953,1
3.356450319290161,1
3.413722515106201,1
4.3496994972229,1
3.5154008865356445,1
3.9226746559143066,1
3.782900333404541,1
2.7892632484436035,1
3.335239887237549,1
4.042852401733398,1
4.118332386016846,1
3.7044990062713623,1
3.6705782413482666,1
4.000377655029297,1
3.980287551879883,1
4.2564263343811035,1
3.450054168701172,1
3.684838056564331,1
3.5905776023864746,1
4.058328628540039,1
3.263270854949951,1
2.9469895362854004,1
3.6412172317504883,1
3.5527539253234863,1
3.888256549835205,1
3.6875007152557373,1
3.237797737121582,1
3.858375072479248,1
3.7177536487579346,1
3.4059269428253174,1
3.2194979190826416,1
2.90519642829895,1
3.173844814300537,1
4.062070846557617,1
3.825690984725952,1
4.023419380187988,1
3.9052786827087402,1
3.639570713043213,1
3.7391088008880615,1
4.011805057525635,1
3.3212060928344727,1
3.295820951461792,1
3.3143815994262695,1
3.2257072925567627,1
3.1648271083831787,1
3.628596782684326,1
3.5446712970733643,1
4.1263532638549805,1
3.372718334197998,1
3.218479871749878,1
3.8097572326660156,1
4.310441970825195,1
3.338594436645508,1
3.79618501663208,1
3.2891507148742676,1
3.2645182609558105,1
2.9574880599975586,1
3.3573129177093506,1
3.8914310932159424,1
3.776637077331543,1
3.219700574874878,1
3.423175573348999,1
3.3625879287719727,1
3.2255680561065674,1
3.7797274589538574,1
3.9082980155944824,1
3.100339889526367,1
3.8702948093414307,1
3.3712258338928223,1
3.0052456855773926,1
3.237243413925171,1
3.0991272926330566,1
3.6007742881774902,1
3.507282257080078,1
3.886885404586792,1
3.7068045139312744,1
4.507737159729004,1
4.484462261199951,1
3.4075100421905518,1
3.604539394378662,1
3.37994647026062,1
3.252936840057373,1
3.2054905891418457,1
3.200439453125,1
3.4492626190185547,1
4.263338088989258,1
3.162069320678711,1
3.5488600730895996,1
3.34104061126709,1
3.672858715057373,1
3.836998462677002,1
3.4169657230377197,1
3.2061867713928223,1
3.919778823852539,1
3.106226682662964,1
3.106649398803711,1
3.7103888988494873,1
3.285824775695801,1
3.8840384483337402,1
3.166083335876465,1
3.345587968826294,1
3.0025486946105957,1
2.997098922729492,1
3.424898624420166,1
3.27107310295105,1
3.3725411891937256,1
3.134629249572754,1
2.830643653869629,1
2.7475459575653076,1
3.2852792739868164,1
3.3222832679748535,1
3.0014753341674805,1
3.873112678527832,1
3.1087753772735596,1
3.428662061691284,1
3.911686420440674,1
4.868511199951172,1
3.443258285522461,1
2.8185813426971436,1
3.9073431491851807,1
3.7786366939544678,1
3.4277729988098145,1
3.8511712551116943,1
3.7582263946533203,1
4.083810806274414,1
3.9545743465423584,1
4.760584831237793,1
3.305422306060791,1
4.195829391479492,1
3.0243079662323,1
3.555945634841919,1
3.491264820098877,1
3.4454872608184814,1
3.560828924179077,1
4.135785102844238,1
3.7251219749450684,1
3.3816967010498047,1
3.8752992153167725,1
3.8892459869384766,1
3.6959588527679443,1
3.6588151454925537,1
3.2151172161102295,1
3.2021913528442383,1
4.591363906860352,1
4.058592796325684,1
3.4371418952941895,1
3.8091182708740234,1
3.607067346572876,1
3.8146345615386963,1
3.3209052085876465,1
3.7699337005615234,1
3.459625720977783,1
3.394224166870117,1
3.838456153869629,1
3.385275363922119,1
2.99379563331604,1
4.685993671417236,1
3.224545478820801,1
3.548527956008911,1
3.0661206245422363,1
3.9828784465789795,1
3.300766944885254,1
3.5281848907470703,1
3.140266180038452,1
3.8624861240386963,1
3.39764666557312,1
3.0201430320739746,1
3.130932331085205,1
4.151144981384277,1
4.0897016525268555,1
4.484635353088379,1
3.3552446365356445,1
3.237060308456421,1
3.8077869415283203,1
3.8104970455169678,1
3.103231430053711,1
3.738643169403076,1
3.1308979988098145,1
3.396049976348877,1
3.2227773666381836,1
3.427847385406494,1
3.9815311431884766,1
3.4209036827087402,1
3.4276998043060303,1
3.044943332672119,1
3.5150251388549805,1
3.2515628337860107,1
3.0392532348632813,1
3.4967939853668213,1
3.9374871253967285,1
3.0324947834014893,1
3.552562713623047,1
4.147241592407227,1
4.373800754547119,1
3.747375249862671,1
3.9328970909118652,1
3.978788137435913,1
3.34909725189209,1
3.8653011322021484,1
3.366783380508423,1
4.098915100097656,1
3.460843801498413,1
3.32448673248291,1
3.57073974609375,1
3.859246253967285,1
4.2924346923828125,1
4.116275787353516,1
3.7286195755004883,1
3.3375582695007324,1
3.3312129974365234,1
4.140366554260254,1
3.383847236633301,1
3.330556869506836,1
3.3128457069396973,1
3.2095134258270264,1
3.7317776679992676,1
3.980499267578125,1
3.246481418609619,1
3.483370304107666,1
3.657195568084717,1
3.7700412273406982,1
3.911076545715332,1
3.7611122131347656,1
3.901339530944824,1
3.064850330352783,1
2.8035202026367188,1
3.1077473163604736,1
4.082751274108887,1
3.516557216644287,1
3.41147518157959,1
3.634150505065918,1
3.087026596069336,1
3.1690831184387207,1
2.9866113662719727,1
3.135960102081299,1
3.3897547721862793,1
2.937673330307007,1
4.037491321563721,1
4.162069320678711,1
3.0747036933898926,1
2.9162299633026123,1
2.901923656463623,1
3.2271203994750977,1
3.3992950916290283,1
2.7720155715942383,1
3.0599586963653564,1
3.0327162742614746,1
2.6509408950805664,1
3.5033888816833496,1
3.1041500568389893,1
3.349003314971924,1
3.0353031158447266,1
2.827857494354248,1
2.99190616607666,1
3.561988353729248,1
3.513241767883301,1
3.4834790229797363,1
3.1463587284088135,1
3.0337817668914795,1
3.855468273162842,1
2.9014840126037598,1
3.884143829345703,1
3.648599863052368,1
2.866335153579712,1
3.2538671493530273,1
3.2206296920776367,1
3.0228896141052246,1
3.1745734214782715,1
3.727977752685547,1
2.886842727661133,1
3.531764030456543,1
3.5238585472106934,1
3.805065870285034,1
4.148427963256836,1
3.4546592235565186,1
3.5858395099639893,1
3.9734795093536377,1
4.177950859069824,1
3.410940170288086,1
3.2922778129577637,1
3.694507598876953,1
3.4140443801879883,1
4.054862976074219,1
3.5563626289367676,1
3.602719306945801,1
3.8165340423583984,1
3.2802481651306152,1
4.267858505249023,1
3.856980562210083,1
4.605959892272949,1
4.3404741287231445,1
3.1514689922332764,1
4.154392719268799,1
4.198518753051758,1
3.695564031600952,1
3.4245924949645996,1
3.705383539199829,1
3.424466133117676,1
3.7219157218933105,1
3.6263957023620605,1
3.0737054347991943,1
3.705112934112549,1
3.535486936569214,1
3.942305564880371,1
3.315561294555664,1
3.332352876663208,1
2.9096994400024414,1
3.9603235721588135,1
3.4791479110717773,1
3.899739980697632,1
3.5070395469665527,1
3.0228304862976074,1
3.252098321914673,1
3.6678366661071777,1
3.3320932388305664,1
3.8328709602355957,1
3.122026205062866,1
3.2771313190460205,1
3.6121768951416016,1
3.7277820110321045,1
2.8225648403167725,1
3.3949103355407715,1
3.975910186767578,1
3.4534363746643066,1
3.4359612464904785,1
3.9520959854125977,1
3.974452018737793,1
3.7480430603027344,1
2.9685068130493164,1
3.6299290657043457,1
3.9497249126434326,1
3.196204423904419,1
3.337390899658203,1
3.1828079223632813,1
3.6645359992980957,1
3.510138511657715,1
3.5452287197113037,1
3.5661141872406006,1
3.2509660720825195,1
3.206617832183838,1
3.490495204925537,1
3.355374813079834,1
3.3329575061798096,1
3.0447704792022705,1
2.909661293029785,1
2.41938853263855,1
3.189357042312622,1
3.2178475856781006,1
4.225244045257568,1
3.360416889190674,1
3.8198513984680176,1
3.361264228820801,1
3.673196315765381,1
3.8802480697631836,1
3.7965049743652344,1
3.4652068614959717,1
3.226665496826172,1
3.480543613433838,1
3.4706220626831055,1
3.4778971672058105,1
3.738433837890625,1
4.020459175109863,1
3.517444610595703,1
3.4701366424560547,1
3.4795498847961426,1
3.3456413745880127,1
3.4408395290374756,1
3.569732189178467,1
4.021008491516113,1
3.789407968521118,1
3.3856210708618164,1
3.477982521057129,1
3.4195046424865723,1
3.07934832572937,1
3.414128541946411,1
2.98657488822937,1
3.6775333881378174,1
4.15068244934082,1
3.691178798675537,1
3.5066871643066406,1
3.6630468368530273,1
3.270129680633545,1
3.9535069465637207,1
3.3021645545959473,1
3.39005970954895,1
3.6489129066467285,1
3.7581701278686523,1
3.921531915664673,1
3.3771448135375977,1
4.605082988739014,1
3.552377223968506,1
3.374296188354492,1
4.8016462326049805,1
5.172628402709961,1
3.5382230281829834,1
3.740914821624756,1
3.3646388053894043,1
3.4965567588806152,1
3.741689682006836,1
4.097330570220947,1
3.6216354370117188,1
3.461181640625,1
3.708355665206909,1
3.880065441131592,1
3.3435473442077637,1
3.3721227645874023,1
3.3391706943511963,1
2.9959731101989746,1
4.175058841705322,1
3.440995216369629,1
3.940847158432007,1
3.6800365447998047,1
3.386486530303955,1
3.372654914855957,1
3.30124568939209,1
3.3061985969543457,1
3.333153009414673,1
3.350674629211426,1
2.9973983764648438,1
3.6516270637512207,1
3.1265616416931152,1
3.5549874305725098,1
3.2054152488708496,1
3.075291395187378,1
3.4860920906066895,1
3.406033992767334,1
3.782839775085449,1
2.9033448696136475,1
3.0876832008361816,1
2.9373018741607666,1
3.754018783569336,1
3.2726669311523438,1
3.9375290870666504,1
4.340764999389648,1
3.269629955291748,1
3.373682975769043,1
3.852512836456299,1
3.9242420196533203,1
3.425684928894043,1
3.846127510070801,1
3.334873914718628,1
3.3923630714416504,1
3.274653673171997,1
4.0952863693237305,1
3.844123363494873,1
3.67873215675354,1
2.966778039932251,1
3.650670051574707,1
3.6824116706848145,1
3.357903480529785,1
3.5140504837036133,1
3.3499364852905273,1
3.550687789916992,1
3.8839223384857178,1
3.6331982612609863,1
3.6776368618011475,1
3.6359338760375977,1
2.746103286743164,1
2.7432613372802734,1
3.1325416564941406,1
3.3378963470458984,1
3.1657216548919678,1
3.0037736892700195,1
4.011216163635254,1
3.0860633850097656,1
3.4526867866516113,1
3.3158202171325684,1
3.8671493530273438,1
3.6156668663024902,1
3.3389503955841064,1
3.3693857192993164,1
3.4505820274353027,1
3.3315134048461914,1
3.729398727416992,1
3.5733211040496826,1
3.2017860412597656,1
3.4041290283203125,1
3.406780958175659,1
3.4724481105804443,1
3.5254478454589844,1
3.931384325027466,1
3.0601701736450195,1
3.3279154300689697,1
3.666395425796509,1
3.7102456092834473,1
3.7316699028015137,1
3.0286645889282227,1
3.123528003692627,1
3.279524564743042,1
3.2852044105529785,1
3.2990922927856445,1
3.706522226333618,1
3.3936777114868164,1
3.746626377105713,1
3.646221876144409,1
3.2164597511291504,1
3.3947696685791016,1
3.508702039718628,1
4.147451877593994,1
3.237058162689209,1
3.9107797145843506,1
3.8496620655059814,1
3.7435102462768555,1
3.5135083198547363,1
3.4974725246429443,1
3.7513155937194824,1
4.232669830322266,1
3.3466129302978516,1
3.483549118041992,1
3.238968849182129,1
4.057723522186279,1
3.4860501289367676,1
3.5681278705596924,1
3.2074098587036133,1
3.1430110931396484,1
4.096338272094727,1
3.4768357276916504,1
3.295708417892456,1
3.621499538421631,1
2.842078685760498,1
3.7129549980163574,1
3.7952518463134766,1
3.490109920501709,1
3.7286434173583984,1
3.7259881496429443,1
3.9157376289367676,1
3.742600679397583,1
3.2101311683654785,1
3.08990216255188,1
3.6864304542541504,1
3.7748003005981445,1
4.0038042068481445,1
4.145013809204102,1
3.3509931564331055,1
3.607450008392334,1
3.670435905456543,1
3.306272029876709,1
3.4639601707458496,1
3.8156182765960693,1
3.541771411895752,1
3.9606900215148926,1
3.8998756408691406,1
3.5882182121276855,1
3.433485746383667,1
3.1785805225372314,1
2.6698360443115234,1
3.613999843597412,1
3.062257766723633,1
3.1313772201538086,1
3.12617826461792,1
3.3471035957336426,1
3.642890214920044,1
2.9962897300720215,1
3.2755472660064697,1
3.445384979248047,1
3.4822702407836914,1
2.695601463317871,1
3.7649857997894287,1
4.059684753417969,1
3.4783644676208496,1
3.3084819316864014,1
3.4994938373565674,1
3.3880767822265625,1
3.867967367172241,1
3.7641408443450928,1
3.1817102432250977,1
3.723787307739258,1
3.802703619003296,1
3.240290403366089,1
3.5363802909851074,1
3.0344386100769043,1
2.694707155227661,1
3.1816306114196777,1
3.5575523376464844,1
3.0085248947143555,1
3.0343194007873535,1
2.8366570472717285,1
3.909818410873413,1
3.3888070583343506,1
4.623952388763428,1
3.106881618499756,1
3.177879810333252,1
3.7990059852600098,1
4.574048042297363,1
3.0992727279663086,1
2.8397133350372314,1
3.0950770378112793,1
3.050475835800171,1
2.926884889602661,1
2.52321195602417,1
3.6771678924560547,1
3.284888744354248,1
3.205325126647949,1
2.8132290840148926,1
3.1466455459594727,1
3.0509796142578125,1
3.392064332962036,1
3.9634978771209717,1
3.617776870727539,1
3.2507853507995605,1
3.039370059967041,1
3.3091087341308594,1
3.2891013622283936,1
3.481186866760254,1
3.523115634918213,1
3.5638508796691895,1
3.5482442378997803,1
4.060329437255859,1
3.796444892883301,1
3.5215959548950195,1
3.2156550884246826,1
3.707568645477295,1
3.579697608947754,1
3.614046573638916,1
3.613306999206543,1
3.556276798248291,1
3.0763978958129883,1
3.7408666610717773,1
3.6678290367126465,1
3.502561330795288,1
3.33807373046875,1
3.028944730758667,1
4.440582275390625,1
3.07452392578125,1
2.814971923828125,1
3.437718391418457,1
3.167109489440918,1
3.1207010746002197,1
3.189868450164795,1
3.122312545776367,1
3.6439785957336426,1
3.1666982173919678,1
3.2818777561187744,1
2.9323363304138184,1
3.5545763969421387,1
3.2636196613311768,1
3.1881394386291504,1
2.8641340732574463,1
3.3995585441589355,1
3.3442301750183105,1
3.5251612663269043,1
3.2473175525665283,1
3.1287503242492676,1
3.4873595237731934,1
3.123774528503418,1
3.9018125534057617,1
3.935443878173828,1
3.4327423572540283,1
3.1088449954986572,1
3.602116584777832,1
3.475886106491089,1
3.3139729499816895,1
3.4648866653442383,1
2.915083408355713,1
2.9618730545043945,1
3.426180362701416,1
3.0270605087280273,1
3.4679036140441895,1
3.1240665912628174,1
2.7868857383728027,1
3.8661818504333496,1
3.6112184524536133,1
3.697021961212158,1
3.818711280822754,1
3.063833236694336,1
3.2119617462158203,1
3.6107027530670166,1
3.3692007064819336,1
3.6848061084747314,1
4.096604824066162,1
3.626613140106201,1
3.5968034267425537,1
3.7779431343078613,1
3.357295036315918,1
3.392416477203369,1
3.496328115463257,1
3.1423697471618652,1
2.895876407623291,1
3.437274217605591,1
3.4946703910827637,1
3.895796775817871,1
3.0882511138916016,1
2.786867618560791,1
3.123720169067383,1
3.083019256591797,1
3.2461018562316895,1
3.3967299461364746,1
3.34133243560791,1
2.5609130859375,1
4.008526802062988,1
3.2733356952667236,1
3.1512956619262695,1
3.1994290351867676,1
4.14145565032959,1
3.581977367401123,1
3.0867502689361572,1
3.877171516418457,1
3.4258480072021484,1
3.145719051361084,1
4.175766468048096,1
3.5012598037719727,1
3.5588719844818115,1
3.190397024154663,1
3.6376869678497314,1
3.502086639404297,1
3.5403389930725098,1
3.624155282974243,1
3.1374382972717285,1
3.1043715476989746,1
3.383284568786621,1
2.804476261138916,1
2.8151957988739014,1
3.103814125061035,1
3.401094913482666,1
3.075979709625244,1
4.633243560791016,1
3.126887559890747,1
4.157829284667969,1
3.271728992462158,1
3.2390594482421875,1
3.804222822189331,1
3.7927000522613525,1
3.112718343734741,1
3.3566596508026123,1
5.55659294128418,1
3.6133720874786377,1
3.0755820274353027,1
4.261462211608887,1
4.904839992523193,1
3.4804625511169434,1
3.7161550521850586,1
3.54062819480896,1
4.66831111907959,1
3.7503724098205566,1
3.4317266941070557,1
3.7150115966796875,1
4.016616344451904,1
4.0455002784729,1
3.3187456130981445,1
3.3437705039978027,1
4.416008949279785,1
4.485745429992676,1
3.2625935077667236,1
3.5334253311157227,1
4.301364898681641,1
4.0439772605896,1
3.4158847332000732,1
2.7936737537384033,1
2.5357093811035156,1
3.6359190940856934,1
3.2255055904388428,1
3.1412038803100586,1
3.024229049682617,1
3.3399503231048584,1
3.237834930419922,1
3.1531286239624023,1
3.403815507888794,1
2.8418898582458496,1
3.2224583625793457,1
3.4593660831451416,1
3.2361342906951904,1
3.291914701461792,1
3.806025505065918,1
3.844374656677246,1
3.3874623775482178,1
3.196053981781006,1
3.207047462463379,1
3.4908506870269775,1
4.209707260131836,1
4.109405994415283,1
3.5153050422668457,1
3.9016294479370117,1
3.920365810394287,1
3.1347603797912598,1
2.960707426071167,1
3.4588451385498047,1
4.016537189483643,1
4.14757776260376,1
3.13134503364563,1
3.6191370487213135,1
3.772339344024658,1
3.0092954635620117,1
3.5052366256713867,1
3.1926536560058594,1
3.2777981758117676,1
2.7357497215270996,1
3.410989761352539,1
3.52335262298584,1
3.3377761840820313,1
3.5445051193237305,1
3.1685662269592285,1
3.465789794921875,1
3.0086264610290527,1
3.6459171772003174,1
3.133634328842163,1
3.4811487197875977,1
3.7259535789489746,1
2.8776683807373047,1
3.171494245529175,1
3.569727659225464,1
3.234262228012085,1
3.251323699951172,1
2.977409839630127,1
4.476510047912598,1
3.360591411590576,1
3.714564800262451,1
3.2288801670074463,1
3.938053607940674,1
3.376133441925049,1
3.5407581329345703,1
3.6656107902526855,1
4.096485614776611,1
2.79681396484375,1
3.764767646789551,1
3.950732946395874,1
4.532958984375,1
2.8355605602264404,1
