3.0365209579467773,1
3.328824043273926,1
3.50801420211792,1
4.169258117675781,1
3.4446089267730713,1
3.657715320587158,1
3.1975901126861572,1
3.1604456901550293,1
3.5876779556274414,1
3.6534652709960938,1
3.36759090423584,1
3.3269574642181396,1
3.0593717098236084,1
3.4585275650024414,1
4.960919380187988,1
3.160372257232666,1
4.371315002441406,1
3.1904282569885254,1
3.549889087677002,1
2.8342297077178955,1
3.987952709197998,1
3.2515945434570313,1
3.892977237701416,1
3.6097347736358643,1
3.5133056640625,1
4.329139709472656,1
3.94046950340271,1
3.666872024536133,1
3.1203014850616455,1
4.414509296417236,1
3.5094003677368164,1
3.327777862548828,1
3.544222593307495,1
4.104872703552246,1
4.407869338989258,1
3.444279909133911,1
3.3334739208221436,1
3.6351585388183594,1
3.7930519580841064,1
3.624960422515869,1
3.2962682247161865,1
3.6928939819335938,1
4.099198341369629,1
4.185965061187744,1
3.4288387298583984,1
4.096231460571289,1
4.382724761962891,1
3.2653162479400635,1
3.122305393218994,1
3.6630959510803223,1
3.372154474258423,1
3.10300612449646,1
3.7026422023773193,1
3.394296884536743,1
3.660738945007324,1
3.3474066257476807,1
3.471992015838623,1
3.378896951675415,1
3.2442398071289063,1
3.743530035018921,1
3.024660587310791,1
3.898676633834839,1
3.146266222000122,1
3.7155942916870117,1
3.9361724853515625,1
3.554525852203369,1
4.371304512023926,1
4.171108245849609,1
3.9271938800811768,1
3.506633758544922,1
3.7325007915496826,1
4.340397834777832,1
3.8674862384796143,1
4.248184680938721,1
3.5435314178466797,1
3.3702588081359863,1
4.113293647766113,1
4.135529518127441,1
2.8378725051879883,1
3.0561904907226563,1
3.824021577835083,1
3.4638113975524902,1
3.301929235458374,1
4.149421691894531,1
3.4243812561035156,1
2.8708386421203613,1
3.3502650260925293,1
3.9313833713531494,1
3.5342023372650146,1
3.3075132369995117,1
3.363831043243408,1
3.042276382446289,1
3.603970527648926,1
3.560417413711548,1
3.440035820007324,1
3.0514352321624756,1
3.6198043823242188,1
3.186509132385254,1
3.5566868782043457,1
3.1254162788391113,1
3.7980191707611084,1
3.7352943420410156,1
3.575697422027588,1
3.762258768081665,1
3.5759010314941406,1
3.727449417114258,1
4.806830883026123,1
4.03612756729126,1
3.7410502433776855,1
3.6643245220184326,1
3.3829290866851807,1
4.6768693923950195,1
3.5909037590026855,1
3.5082273483276367,1
3.842641830444336,1
3.897279739379883,1
3.5737218856811523,1
3.631013870239258,1
3.2595839500427246,1
3.605940341949463,1
3.365011692047119,1
3.0412776470184326,1
3.813593864440918,1
3.6433730125427246,1
3.3143415451049805,1
4.410321235656738,1
3.4574835300445557,1
3.21065616607666,1
4.196002006530762,1
3.5607454776763916,1
3.686427593231201,1
3.525822162628174,1
3.9670984745025635,1
3.6572821140289307,1
3.6362156867980957,1
3.603971481323242,1
3.118462085723877,1
3.130387306213379,1
2.8215997219085693,1
3.631725788116455,1
3.632368564605713,1
3.300401210784912,1
3.362244129180908,1
3.539003372192383,1
3.7228028774261475,1
3.2049708366394043,1
3.303088665008545,1
3.460705280303955,1
3.4969544410705566,1
3.729156255722046,1
3.427485942840576,1
3.5448896884918213,1
3.2159323692321777,1
3.1653008460998535,1
3.5195655822753906,1
3.6855602264404297,1
3.627507209777832,1
3.343885898590088,1
3.6669883728027344,1
3.4906036853790283,1
3.454836130142212,1
3.703078269958496,1
3.359950065612793,1
2.6740059852600098,1
4.034066200256348,1
3.2520337104797363,1
3.1321091651916504,1
3.288008689880371,1
2.8272507190704346,1
3.5587966442108154,1
3.7156362533569336,1
3.060344934463501,1
3.1514105796813965,1
3.75492525100708,1
3.3092660903930664,1
3.4822311401367188,1
4.110611915588379,1
3.015613079071045,1
2.7524781227111816,1
4.245436668395996,1
3.3915762901306152,1
3.484785556793213,1
3.0800528526306152,1
3.680443286895752,1
4.292649269104004,1
3.640349864959717,1
3.774089813232422,1
4.0460615158081055,1
3.3516409397125244,1
3.330104351043701,1
4.125502109527588,1
3.6413228511810303,1
3.9331159591674805,1
3.3162012100219727,1
3.691657543182373,1
3.3967747688293457,1
3.151063919067383,1
3.920292377471924,1
2.864858627319336,1
3.0786190032958984,1
3.510547399520874,1
3.0804858207702637,1
3.542581081390381,1
3.2697978019714355,1
2.9219307899475098,1
3.7540812492370605,1
3.2875990867614746,1
3.7377781867980957,1
3.771880865097046,1
3.2379002571105957,1
3.30098819732666,1
3.6501426696777344,1
3.4850387573242188,1
3.803521156311035,1
3.5483322143554688,1
3.0288963317871094,1
3.2399380207061768,1
3.2648301124572754,1
4.037419319152832,1
3.8473310470581055,1
3.116947889328003,1
4.358272552490234,1
3.6950626373291016,1
3.974393844604492,1
3.448395252227783,1
3.19039249420166,1
3.9414310455322266,1
3.2281103134155273,1
2.990558624267578,1
3.1168007850646973,1
4.516298294067383,1
4.4322404861450195,1
3.2852275371551514,1
3.936843156814575,1
4.531917572021484,1
3.4785451889038086,1
3.147789478302002,1
2.9532554149627686,1
3.8536500930786133,1
3.6305065155029297,1
3.6331253051757813,1
3.348731517791748,1
2.399075984954834,1
3.400043487548828,1
3.417299747467041,1
3.741346597671509,1
3.5506820678710938,1
3.270099401473999,1
3.7530570030212402,1
3.266554117202759,1
3.209911823272705,1
3.703989028930664,1
3.184392213821411,1
3.641596794128418,1
3.0853495597839355,1
3.219909429550171,1
3.1559433937072754,1
3.408430337905884,1
3.8411905765533447,1
4.040583610534668,1
3.6022090911865234,1
3.9832186698913574,1
3.664682388305664,1
3.557847738265991,1
3.4976954460144043,1
3.6548752784729004,1
3.2946834564208984,1
3.170952320098877,1
3.0540242195129395,1
2.5816869735717773,1
3.5256905555725098,1
2.994363307952881,1
2.9675705432891846,1
3.170626401901245,1
3.0663561820983887,1
3.2699105739593506,1
4.015478134155273,1
2.699319839477539,1
3.4112629890441895,1
3.453496217727661,1
3.481625556945801,1
3.2551450729370117,1
3.5957884788513184,1
3.36932110786438,1
2.6008729934692383,1
3.908449172973633,1
2.8082971572875977,1
3.314462900161743,1
3.7918996810913086,1
3.1105189323425293,1
4.2992963790893555,1
3.400355815887451,1
4.017055988311768,1
3.179535388946533,1
3.3448030948638916,1
3.560699701309204,1
3.9056434631347656,1
3.876443386077881,1
3.56015682220459,1
4.132810592651367,1
3.3480870723724365,1
3.407932996749878,1
3.6702146530151367,1
4.809022903442383,1
4.92958927154541,1
4.278016090393066,1
4.010242938995361,1
3.715823173522949,1
3.992952346801758,1
3.933629035949707,1
3.924269676208496,1
5.032766819000244,1
3.5613057613372803,1
3.632645606994629,1
3.7566709518432617,1
3.4510788917541504,1
3.9743146896362305,1
3.5002498626708984,1
4.315652847290039,1
4.676361083984375,1
4.000775337219238,1
4.030059814453125,1
3.0358941555023193,1
3.219404458999634,1
3.3328893184661865,1
3.2533583641052246,1
3.634369373321533,1
3.366236686706543,1
4.178462982177734,1
3.8279671669006348,1
3.015044689178467,1
3.1153063774108887,1
4.524985313415527,1
3.261676549911499,1
3.8250646591186523,1
3.388915538787842,1
3.373830795288086,1
3.4563958644866943,1
3.5079212188720703,1
3.261840343475342,1
3.227578639984131,1
3.227177619934082,1
4.266058921813965,1
4.017402648925781,1
2.839275360107422,1
3.817034959793091,1
3.1543049812316895,1
3.0469236373901367,1
3.2207398414611816,1
3.8080434799194336,1
3.7197327613830566,1
3.9403810501098633,1
4.560551166534424,1
4.044558048248291,1
3.502121686935425,1
3.5759167671203613,1
4.0829572677612305,1
3.964763641357422,1
3.6235618591308594,1
3.9307775497436523,1
3.630671262741089,1
3.899665117263794,1
5.064389705657959,1
3.782505750656128,1
3.600961208343506,1
3.6912472248077393,1
3.8575141429901123,1
3.5726542472839355,1
3.6121838092803955,1
3.525834560394287,1
3.069399356842041,1
3.9432644844055176,1
3.31315016746521,1
3.156390905380249,1
3.3526766300201416,1
2.652961254119873,1
2.8997809886932373,1
3.2657222747802734,1
3.395880699157715,1
3.3153798580169678,1
3.2010557651519775,1
2.721571207046509,1
3.470475196838379,1
3.8395144939422607,1
3.0209999084472656,1
3.3244612216949463,1
3.528702735900879,1
4.03549861907959,1
3.4921817779541016,1
3.276848316192627,1
3.9874212741851807,1
3.826303243637085,1
3.3507614135742188,1
2.950803518295288,1
3.677806854248047,1
3.777923583984375,1
3.3638665676116943,1
3.13724946975708,1
3.0808024406433105,1
3.4536147117614746,1
3.2990684509277344,1
3.340013265609741,1
3.356204032897949,1
3.6912083625793457,1
4.8899407386779785,1
2.9615516662597656,1
3.6437740325927734,1
4.321854591369629,1
3.5103375911712646,1
3.5799102783203125,1
3.5810580253601074,1
3.687335252761841,1
3.9947116374969482,1
3.0377485752105713,1
3.6654701232910156,1
4.044139862060547,1
3.743587017059326,1
3.730659008026123,1
4.087587833404541,1
2.9660582542419434,1
3.897641897201538,1
3.4927000999450684,1
3.560953140258789,1
3.909088134765625,1
3.755791187286377,1
3.566004991531372,1
3.2529919147491455,1
4.169347286224365,1
3.8817193508148193,1
3.2715320587158203,1
3.638223171234131,1
4.124868392944336,1
3.4442896842956543,1
3.189835548400879,1
3.2133030891418457,1
3.5248990058898926,1
3.1728265285491943,1
3.516453266143799,1
4.617142677307129,1
3.5324933528900146,1
4.125384330749512,1
3.9016342163085938,1
3.4528443813323975,1
3.8064935207366943,1
3.7168712615966797,1
3.3347907066345215,1
3.747965097427368,1
3.566516637802124,1
3.261237621307373,1
3.587754726409912,1
3.5183067321777344,1
3.9528729915618896,1
3.027493476867676,1
3.325788974761963,1
3.995934009552002,1
3.279405117034912,1
3.35781192779541,1
3.2280805110931396,1
3.6402316093444824,1
3.0406222343444824,1
2.9478535652160645,1
3.5605597496032715,1
3.453986883163452,1
4.337450981140137,1
2.9741742610931396,1
4.0880608558654785,1
3.882260322570801,1
3.5751419067382813,1
3.7239632606506348,1
3.476325511932373,1
3.5428194999694824,1
3.6763694286346436,1
3.797867774963379,1
3.1911733150482178,1
3.3402695655822754,1
3.4337921142578125,1
3.42292857170105,1
3.677647113800049,1
3.3614721298217773,1
3.788282632827759,1
4.604308605194092,1
4.121849536895752,1
4.579786777496338,1
4.424115180969238,1
3.1269564628601074,1
4.226698398590088,1
3.507676601409912,1
3.2487387657165527,1
3.307659149169922,1
3.330199956893921,1
4.685972690582275,1
3.731182098388672,1
4.122767925262451,1
3.366577625274658,1
2.585923433303833,1
3.6067123413085938,1
3.3025050163269043,1
2.4760334491729736,1
3.1281886100769043,1
3.237213134765625,1
2.986274003982544,1
3.470445156097412,1
3.8446784019470215,1
3.417837619781494,1
4.3701982498168945,1
3.495894432067871,1
3.4917917251586914,1
3.942789077758789,1
3.499863624572754,1
3.8291327953338623,1
3.7661666870117188,1
3.276348829269409,1
3.0590786933898926,1
4.45327615737915,1
4.598348617553711,1
3.639195442199707,1
3.6717071533203125,1
3.991588830947876,1
3.6896300315856934,1
3.663723945617676,1
4.05771017074585,1
3.76899790763855,1
4.346113204956055,1
3.6583337783813477,1
3.019130229949951,1
2.8596818447113037,1
3.7284789085388184,1
3.3547797203063965,1
3.8105876445770264,1
4.376067638397217,1
3.290929079055786,1
3.2941231727600098,1
3.6832871437072754,1
3.2833175659179688,1
3.6713829040527344,1
3.2349767684936523,1
3.410118341445923,1
3.89585018157959,1
3.9445013999938965,1
3.8261618614196777,1
2.806880235671997,1
3.6406137943267822,1
3.095538377761841,1
3.5108447074890137,1
3.024472713470459,1
3.4716670513153076,1
3.12060809135437,1
3.0085384845733643,1
3.381760835647583,1
3.3843493461608887,1
3.451789617538452,1
3.5056629180908203,1
3.459010124206543,1
3.2268240451812744,1
2.975759506225586,1
3.500642776489258,1
3.2383646965026855,1
3.6301305294036865,1
3.3251256942749023,1
3.8173022270202637,1
3.1669602394104004,1
3.7125420570373535,1
2.9875452518463135,1
3.1922264099121094,1
3.289580821990967,1
3.5492382049560547,1
3.8260858058929443,1
3.4515326023101807,1
3.867982864379883,1
3.5922341346740723,1
3.589306592941284,1
3.8860764503479004,1
3.8323464393615723,1
4.430035591125488,1
4.509047508239746,1
4.063473701477051,1
5.0293779373168945,1
4.132623672485352,1
3.994046449661255,1
3.320478916168213,1
3.813251495361328,1
3.514159679412842,1
3.3794684410095215,1
3.975248098373413,1
3.6539268493652344,1
3.8388943672180176,1
3.4975380897521973,1
3.839568614959717,1
3.5803139209747314,1
4.194962501525879,1
3.985738754272461,1
4.088736534118652,1
3.5846943855285645,1
3.6758618354797363,1
4.106936454772949,1
3.8326313495635986,1
4.565619468688965,1
3.7022504806518555,1
3.6959002017974854,1
5.412686347961426,1
3.758882999420166,1
3.811795711517334,1
3.8037030696868896,1
3.5984716415405273,1
3.5136003494262695,1
3.704155683517456,1
3.7008132934570313,1
2.9141106605529785,1
3.4101648330688477,1
3.415712356567383,1
3.4448933601379395,1
3.4005494117736816,1
3.5453193187713623,1
3.7111830711364746,1
3.9075069427490234,1
3.735248327255249,1
3.9088289737701416,1
3.905947685241699,1
3.9716544151306152,1
2.9604809284210205,1
3.5408787727355957,1
3.876187324523926,1
3.5419821739196777,1
4.360079765319824,1
3.3110716342926025,1
3.2401251792907715,1
3.6266965866088867,1
3.313365936279297,1
2.988579034805298,1
3.867575168609619,1
3.075702667236328,1
3.0402185916900635,1
3.4964261054992676,1
3.147006034851074,1
3.5609421730041504,1
3.9867987632751465,1
4.664457321166992,1
2.9957075119018555,1
2.968170642852783,1
3.686051607131958,1
3.64963436126709,1
3.3202638626098633,1
2.8734028339385986,1
3.1850013732910156,1
3.2069830894470215,1
3.1337180137634277,1
3.4015188217163086,1
2.9960684776306152,1
3.8500747680664063,1
3.5391793251037598,1
3.4178380966186523,1
3.4674153327941895,1
3.966798782348633,1
3.746431350708008,1
3.1386466026306152,1
3.960885763168335,1
3.7105519771575928,1
3.8243680000305176,1
3.205982208251953,1
3.5783298015594482,1
5.000157833099365,1
3.5636813640594482,1
3.8982396125793457,1
4.1339311599731445,1
3.7897849082946777,1
3.5692734718322754,1
3.052915573120117,1
4.563765525817871,1
4.436600208282471,1
3.1992969512939453,1
4.156050682067871,1
4.5126752853393555,1
3.9961071014404297,1
3.0379934310913086,1
4.017978668212891,1
3.6417665481567383,1
4.324258804321289,1
3.793337106704712,1
3.889570474624634,1
3.448118209838867,1
3.580420970916748,1
3.0092291831970215,1
3.6037049293518066,1
3.044353485107422,1
3.8468661308288574,1
3.5274152755737305,1
4.081252098083496,1
3.9478604793548584,1
3.74383807182312,1
4.115365982055664,1
3.563448667526245,1
4.920058250427246,1
3.519272565841675,1
3.3869142532348633,1
3.2418606281280518,1
3.12343430519104,1
2.895327091217041,1
2.91935396194458,1
3.4941844940185547,1
3.4541263580322266,1
3.6620168685913086,1
3.0445094108581543,1
3.5383849143981934,1
3.358827829360962,1
3.6368322372436523,1
3.2161335945129395,1
3.7520015239715576,1
3.7460575103759766,1
3.3890719413757324,1
4.405157089233398,1
3.4211273193359375,1
3.3372740745544434,1
4.20883846282959,1
3.7122368812561035,1
3.6909265518188477,1
4.13311767578125,1
4.3583455085754395,1
3.2790675163269043,1
2.7818031311035156,1
3.59832501411438,1
3.305288791656494,1
3.0034499168395996,1
3.291675329208374,1
3.6066160202026367,1
3.4265098571777344,1
3.489832878112793,1
3.029146671295166,1
3.2168421745300293,1
3.2489073276519775,1
2.8610427379608154,1
3.5648555755615234,1
3.7066314220428467,1
3.046957492828369,1
2.766843795776367,1
3.307587146759033,1
3.3545150756835938,1
4.855393409729004,1
3.1255855560302734,1
3.280547618865967,1
3.1264469623565674,1
4.158298015594482,1
3.1805062294006348,1
3.9562103748321533,1
3.0257935523986816,1
3.4511516094207764,1
3.625547409057617,1
3.299516201019287,1
4.025338649749756,1
3.476447582244873,1
3.405043125152588,1
3.833103895187378,1
4.113862037658691,1
3.640937328338623,1
3.860400915145874,1
4.003358840942383,1
4.631474494934082,1
3.179121494293213,1
4.076428413391113,1
4.119864463806152,1
3.1314358711242676,1
3.683893918991089,1
3.1317715644836426,1
3.268932819366455,1
3.81790828704834,1
3.3123812675476074,1
3.101503849029541,1
3.673679828643799,1
3.83240008354187,1
3.566929817199707,1
3.7202582359313965,1
3.755019187927246,1
3.305328845977783,1
4.229004383087158,1
3.5386056900024414,1
3.5584933757781982,1
4.091189861297607,1
3.437905788421631,1
3.7709126472473145,1
3.520948886871338,1
2.666740894317627,1
3.83668851852417,1
2.9188084602355957,1
3.589465618133545,1
4.086500644683838,1
2.7949280738830566,1
3.72921085357666,1
5.275923252105713,1
3.665083169937134,1
3.1810197830200195,1
4.04404354095459,1
3.5479536056518555,1
3.6178715229034424,1
3.3919920921325684,1
3.3506786823272705,1
3.037660598754883,1
3.321101427078247,1
3.3524184226989746,1
3.1063547134399414,1
3.4998714923858643,1
3.297880172729492,1
2.970947027206421,1
3.7434487342834473,1
3.8859734535217285,1
3.4287195205688477,1
3.827089309692383,1
3.4305031299591064,1
3.3587732315063477,1
3.462163209915161,1
3.491895914077759,1
4.200141429901123,1
3.6487345695495605,1
3.721221446990967,1
3.3127756118774414,1
3.9870166778564453,1
3.309694290161133,1
4.012879848480225,1
3.404080629348755,1
3.4126336574554443,1
3.6161088943481445,1
3.191476345062256,1
3.3922972679138184,1
3.0771803855895996,1
3.4385955333709717,1
3.4109487533569336,1
2.8161869049072266,1
3.330842971801758,1
3.567009925842285,1
3.388216495513916,1
3.5712828636169434,1
3.0623412132263184,1
3.9703001976013184,1
2.629502534866333,1
3.3165745735168457,1
4.520621299743652,1
2.6645333766937256,1
3.499239683151245,1
3.3214807510375977,1
3.2296934127807617,1
4.5592241287231445,1
3.637874126434326,1
3.8147213459014893,1
3.4030070304870605,1
3.337148666381836,1
3.9585955142974854,1
3.6024258136749268,1
3.054067373275757,1
3.769735813140869,1
4.2478132247924805,1
3.4191365242004395,1
3.3208060264587402,1
3.677452802658081,1
3.1321260929107666,1
3.473119020462036,1
3.7874908447265625,1
3.959455966949463,1
3.090792655944824,1
3.973021984100342,1
3.9266886711120605,1
3.51948618888855,1
3.518669366836548,1
3.8372998237609863,1
3.5100226402282715,1
2.91428804397583,1
3.7490124702453613,1
3.731236457824707,1
4.227356433868408,1
3.240788698196411,1
3.092790126800537,1
4.189085006713867,1
4.16598653793335,1
3.8197691440582275,1
4.10764217376709,1
3.6449947357177734,1
3.940013885498047,1
3.184375047683716,1
3.5299746990203857,1
3.268303394317627,1
4.264911651611328,1
3.880465507507324,1
3.652449131011963,1
3.588987112045288,1
3.4837779998779297,1
3.6597843170166016,1
3.75016450881958,1
3.4256293773651123,1
3.5092315673828125,1
2.8860208988189697,1
3.498166084289551,1
3.9771523475646973,1
3.4768013954162598,1
3.5255355834960938,1
3.987274169921875,1
3.594226121902466,1
3.616481304168701,1
3.923196315765381,1
3.853524684906006,1
2.7425549030303955,1
3.144573211669922,1
3.2333168983459473,1
3.3658478260040283,1
4.232707500457764,1
4.4700798988342285,1
3.179999351501465,1
4.098995208740234,1
3.8955893516540527,1
3.849172592163086,1
3.646430253982544,1
3.879958152770996,1
4.359633922576904,1
3.784935235977173,1
3.4983625411987305,1
3.6036486625671387,1
4.0653791427612305,1
3.75217342376709,1
3.547989845275879,1
3.7333133220672607,1
2.963505744934082,1
3.7656891345977783,1
3.605353593826294,1
3.4326083660125732,1
3.8456857204437256,1
4.012875556945801,1
3.2745633125305176,1
3.109279155731201,1
3.625505208969116,1
4.570593357086182,1
3.7945926189422607,1
4.577157974243164,1
3.9130752086639404,1
3.9557785987854004,1
4.110760688781738,1
3.362368583679199,1
3.724092483520508,1
4.773553371429443,1
4.015030860900879,1
3.5323469638824463,1
3.5833253860473633,1
4.184014797210693,1
4.389719009399414,1
3.4934849739074707,1
3.6210756301879883,1
3.6185190677642822,1
3.078928232192993,1
4.3188276290893555,1
4.009253978729248,1
3.508943796157837,1
3.429774761199951,1
3.216968059539795,1
3.7194526195526123,1
5.065622806549072,1
4.661198616027832,1
3.882413625717163,1
3.041584014892578,1
3.054283618927002,1
3.390658378601074,1
3.5042948722839355,1
3.4365272521972656,1
3.2783138751983643,1
3.268825054168701,1
3.0133216381073,1
3.9480347633361816,1
3.0919036865234375,1
3.6914103031158447,1
3.659780979156494,1
3.540480375289917,1
3.8033552169799805,1
3.2627949714660645,1
4.077664375305176,1
3.540847063064575,1
3.251282215118408,1
3.454911708831787,1
3.796558380126953,1
3.4826231002807617,1
3.780003786087036,1
2.964268922805786,1
3.7798333168029785,1
3.9537458419799805,1
3.142662525177002,1
2.994506359100342,1
3.7237167358398438,1
4.06369686126709,1
3.469193935394287,1
3.9457311630249023,1
3.75771427154541,1
3.44433856010437,1
3.428330421447754,1
3.4316959381103516,1
2.991641044616699,1
3.3333163261413574,1
3.8406765460968018,1
3.2488622665405273,1
2.6667380332946777,1
3.2993452548980713,1
3.011361598968506,1
3.824181318283081,1
3.103339433670044,1
3.485797166824341,1
2.865988254547119,1
3.2763612270355225,1
3.723757266998291,1
3.0895118713378906,1
3.082468032836914,1
3.295339345932007,1
3.6142735481262207,1
2.8920915126800537,1
3.264777421951294,1
3.1771323680877686,1
3.1139063835144043,1
3.296440601348877,1
3.4919755458831787,1
2.7358508110046387,1
3.6572046279907227,1
3.458747386932373,1
3.638416290283203,1
3.4325475692749023,1
3.3614320755004883,1
3.2868735790252686,1
3.5284359455108643,1
3.7098591327667236,1
3.4364359378814697,1
3.140357494354248,1
3.4421963691711426,1
3.4320626258850098,1
3.709139823913574,1
4.210839748382568,1
3.5569167137145996,1
3.6062140464782715,1
3.811455249786377,1
4.215399265289307,1
3.070204019546509,1
3.9552512168884277,1
3.797427177429199,1
3.9190001487731934,1
3.4680676460266113,1
3.2966036796569824,1
3.2246298789978027,1
3.434447765350342,1
3.190606117248535,1
3.0894553661346436,1
3.0718350410461426,1
3.4965662956237793,1
3.5157978534698486,1
3.5108234882354736,1
3.1936190128326416,1
3.4791972637176514,1
4.1203083992004395,1
2.8947877883911133,1
3.1857388019561768,1
3.0620813369750977,1
3.2562365531921387,1
3.616372585296631,1
3.1357221603393555,1
4.34449577331543,1
4.927218437194824,1
3.334272861480713,1
3.5444538593292236,1
3.1448068618774414,1
3.592973470687866,1
3.399989604949951,1
3.06280779838562,1
3.754077911376953,1
4.543072700500488,1
3.921715021133423,1
4.043198585510254,1
3.728992462158203,1
3.4970974922180176,1
3.6819629669189453,1
3.309643030166626,1
3.2471442222595215,1
2.8962960243225098,1
3.396347999572754,1
3.989145040512085,1
3.5470733642578125,1
3.3749160766601563,1
3.602839946746826,1
3.722198247909546,1
3.653778553009033,1
3.6922645568847656,1
3.4522509574890137,1
4.260547637939453,1
3.6419475078582764,1
3.5877490043640137,1
4.488988399505615,1
3.666006565093994,1
4.014842987060547,1
3.3378829956054688,1
3.3604986667633057,1
3.904465675354004,1
3.623218059539795,1
3.8004941940307617,1
3.0726592540740967,1
3.2766051292419434,1
3.698782444000244,1
3.3487157821655273,1
2.9724950790405273,1
3.5705387592315674,1
4.023499488830566,1
3.8011298179626465,1
3.5748062133789063,1
3.9833946228027344,1
3.691342830657959,1
4.0171332359313965,1
5.298838138580322,1
4.076532363891602,1
3.9379489421844482,1
5.1535539627075195,1
3.792719841003418,1
3.8561573028564453,1
3.82741117477417,1
3.5963220596313477,1
3.0977861881256104,1
2.737555980682373,1
2.9718973636627197,1
3.6459131240844727,1
3.095102310180664,1
3.710033416748047,1
3.5753514766693115,1
3.589472770690918,1
3.4512901306152344,1
3.0569350719451904,1
3.5746524333953857,1
3.4200167655944824,1
3.3099265098571777,1
3.6957974433898926,1
3.7902441024780273,1
3.0937743186950684,1
4.03884220123291,1
3.6189491748809814,1
3.231545925140381,1
3.4563865661621094,1
3.1347622871398926,1
3.5753207206726074,1
3.267429828643799,1
3.9396045207977295,1
3.5320239067077637,1
3.408860206604004,1
4.2838287353515625,1
3.793050765991211,1
4.128932952880859,1
3.5778679847717285,1
3.635547161102295,1
3.9009103775024414,1
3.1045079231262207,1
3.6410415172576904,1
4.075233459472656,1
2.9738669395446777,1
3.254286766052246,1
3.1715893745422363,1
3.8238492012023926,1
4.122927665710449,1
3.53098726272583,1
3.7260611057281494,1
3.9176177978515625,1
3.031846523284912,1
3.598167896270752,1
3.5141053199768066,1
3.5476412773132324,1
4.378191947937012,1
4.426114559173584,1
3.873915433883667,1
3.533724308013916,1
3.595335006713867,1
3.267984628677368,1
4.530641555786133,1
3.2722504138946533,1
3.6900811195373535,1
3.6936936378479004,1
3.1564700603485107,1
3.4653267860412598,1
3.530881881713867,1
3.5669350624084473,1
3.7009177207946777,1
3.835066318511963,1
3.3654439449310303,1
3.161050319671631,1
3.3265223503112793,1
3.8552379608154297,1
4.407966136932373,1
3.0287532806396484,1
3.8630447387695313,1
3.5288584232330322,1
3.484943389892578,1
3.6087310314178467,1
3.457942247390747,1
3.6129579544067383,1
3.2376952171325684,1
2.9154372215270996,1
3.6376399993896484,1
3.5444154739379883,1
4.114315509796143,1
3.4834060668945313,1
3.7176666259765625,1
3.9711883068084717,1
3.523800849914551,1
3.6675541400909424,1
3.6378955841064453,1
3.684586524963379,1
4.047112464904785,1
3.3199946880340576,1
3.5006518363952637,1
3.0584959983825684,1
2.9406533241271973,1
4.253807067871094,1
2.9685840606689453,1
2.8975205421447754,1
4.068892478942871,1
3.818610668182373,1
3.8948428630828857,1
6.541204929351807,1
4.21103572845459,1
2.5638415813446045,1
3.167860269546509,1
3.4970993995666504,1
3.461446762084961,1
3.843952178955078,1
3.9772183895111084,1
3.6393401622772217,1
3.5929079055786133,1
3.2188405990600586,1
3.2470455169677734,1
3.2861032485961914,1
3.7445712089538574,1
3.288752555847168,1
4.38897705078125,1
3.2483363151550293,1
3.432310104370117,1
3.909677743911743,1
2.5573196411132813,1
3.8059322834014893,1
3.525331497192383,1
2.8819658756256104,1
3.889059543609619,1
3.080817222595215,1
4.304522514343262,1
3.189190626144409,1
3.2933506965637207,1
3.4396872520446777,1
3.587594509124756,1
3.9712777137756348,1
3.1105051040649414,1
3.2618966102600098,1
3.1339175701141357,1
3.5536930561065674,1
3.0768027305603027,1
3.8641772270202637,1
3.3913910388946533,1
3.7771782875061035,1
3.4349071979522705,1
3.8996424674987793,1
4.019347190856934,1
3.2680907249450684,1
3.802161693572998,1
3.1140127182006836,1
3.3576903343200684,1
3.4495630264282227,1
3.3934788703918457,1
3.136887788772583,1
3.2737984657287598,1
3.5848002433776855,1
4.0094757080078125,1
2.993828773498535,1
3.012890338897705,1
3.3475587368011475,1
3.0854620933532715,1
3.069344997406006,1
3.818593978881836,1
3.056725025177002,1
2.871511936187744,1
4.060578346252441,1
3.3518314361572266,1
3.608072280883789,1
3.1957921981811523,1
3.2150654792785645,1
4.0968241691589355,1
3.789046287536621,1
3.1358447074890137,1
3.9883196353912354,1
3.550532341003418,1
3.8592472076416016,1
3.5216386318206787,1
3.5875539779663086,1
4.278538703918457,1
3.4230246543884277,1
3.807417154312134,1
3.476962089538574,1
3.4172587394714355,1
3.302043914794922,1
3.5368552207946777,1
3.7572124004364014,1
2.918229818344116,1
3.9296934604644775,1
2.9653539657592773,1
3.578730583190918,1
3.4461002349853516,1
2.7592296600341797,1
3.4939959049224854,1
3.336717128753662,1
2.900771141052246,1
3.66304612159729,1
3.243594169616699,1
3.2186875343322754,1
3.3193843364715576,1
3.4610252380371094,1
2.850396156311035,1
3.9838433265686035,1
3.7267255783081055,1
3.3940534591674805,1
3.21616268157959,1
3.9029836654663086,1
3.3541226387023926,1
2.887118339538574,1
3.5056724548339844,1
3.6324539184570313,1
3.024630069732666,1
2.9579854011535645,1
3.7079896926879883,1
3.860877513885498,1
3.944410800933838,1
3.7178122997283936,1
4.128226280212402,1
3.2800235748291016,1
3.56241774559021,1
3.6326210498809814,1
3.642735004425049,1
3.6683783531188965,1
3.1216278076171875,1
3.382086753845215,1
3.261526107788086,1
3.5105361938476563,1
3.4365808963775635,1
3.4618678092956543,1
3.353571891784668,1
2.911038875579834,1
3.794511318206787,1
3.2666125297546387,1
3.0724477767944336,1
3.93912410736084,1
3.229098081588745,1
4.041244029998779,1
3.5450921058654785,1
2.9560394287109375,1
3.626520872116089,1
3.2709174156188965,1
3.513474464416504,1
3.5258305072784424,1
3.5780491828918457,1
3.4997315406799316,1
3.356848955154419,1
4.1913957595825195,1
3.7788314819335938,1
3.191120147705078,1
3.3439512252807617,1
3.1889710426330566,1
3.294234037399292,1
3.599045753479004,1
3.092161178588867,1
2.360900640487671,1
2.784757614135742,1
3.3954806327819824,1
3.4411351680755615,1
3.4495127201080322,1
3.5620455741882324,1
3.7170534133911133,1
3.9314393997192383,1
3.553405523300171,1
3.961167097091675,1
3.1939570903778076,1
3.7461750507354736,1
3.654602289199829,1
3.8366189002990723,1
3.5274791717529297,1
3.9037957191467285,1
3.3054614067077637,1
3.412102699279785,1
3.7021708488464355,1
4.028538227081299,1
3.6938862800598145,1
3.987008571624756,1
3.2448763847351074,1
3.327932119369507,1
4.543062210083008,1
3.5011932849884033,1
3.2209625244140625,1
4.294440269470215,1
3.369188070297241,1
3.1348893642425537,1
3.7466654777526855,1
4.580772876739502,1
3.978027105331421,1
3.8141417503356934,1
3.885904312133789,1
4.210692405700684,1
4.634427070617676,1
3.8741438388824463,1
3.582249879837036,1
3.297285318374634,1
3.613529920578003,1
3.451982021331787,1
3.7499542236328125,1
3.519850492477417,1
3.117844820022583,1
3.473381519317627,1
3.349308490753174,1
3.3767199516296387,1
3.555238723754883,1
3.395815372467041,1
3.461801290512085,1
4.146729946136475,1
3.584928512573242,1
3.0597782135009766,1
3.8024537563323975,1
3.1199564933776855,1
3.5796027183532715,1
3.5451645851135254,1
4.114601135253906,1
3.293257236480713,1
3.2890141010284424,1
3.604031562805176,1
2.9228875637054443,1
3.1302733421325684,1
3.2780816555023193,1
2.73500919342041,1
3.347752094268799,1
3.602766752243042,1
3.572474956512451,1
3.054365634918213,1
2.7950456142425537,1
3.487179756164551,1
3.0465383529663086,1
3.461129903793335,1
3.9533984661102295,1
3.724853754043579,1
3.8806114196777344,1
3.311441421508789,1
3.344999313354492,1
3.5457775592803955,1
2.792560338973999,1
3.914830446243286,1
3.5296859741210938,1
3.4545068740844727,1
2.956716537475586,1
3.700540781021118,1
3.6537137031555176,1
3.5299994945526123,1
3.584533929824829,1
3.3725171089172363,1
3.052194595336914,1
3.254770517349243,1
3.355999231338501,1
3.1705362796783447,1
3.1901721954345703,1
3.125380516052246,1
3.581054210662842,1
3.601646900177002,1
3.524886131286621,1
3.5541906356811523,1
3.725876569747925,1
3.1326422691345215,1
3.9803833961486816,1
3.4739015102386475,1
3.189070701599121,1
3.25533390045166,1
3.3829028606414795,1
3.617633819580078,1
3.396195650100708,1
3.1415584087371826,1
3.410702705383301,1
3.5328590869903564,1
3.5116021633148193,1
5.425085067749023,1
3.9246511459350586,1
3.389132022857666,1
3.6540865898132324,1
4.377488613128662,1
3.4402451515197754,1
3.0769472122192383,1
3.6726183891296387,1
3.419386863708496,1
3.427469253540039,1
3.6634392738342285,1
3.411112070083618,1
3.4118430614471436,1
3.18965482711792,1
3.5435357093811035,1
3.660996437072754,1
3.1479339599609375,1
3.573183059692383,1
3.0311222076416016,1
4.033598899841309,1
3.53023099899292,1
3.5451207160949707,1
3.437649726867676,1
4.029712677001953,1
3.140435218811035,1
3.1830036640167236,1
3.685720920562744,1
3.6233625411987305,1
3.064342498779297,1
3.3959732055664063,1
4.019089698791504,1
3.3272159099578857,1
3.503654718399048,1
3.3214855194091797,1
3.5686631202697754,1
3.5808591842651367,1
3.2706401348114014,1
3.7444701194763184,1
3.532646894454956,1
3.597440481185913,1
3.542391777038574,1
3.533006429672241,1
3.9116647243499756,1
3.28536319732666,1
3.009495735168457,1
3.835604667663574,1
3.379974365234375,1
3.5133109092712402,1
2.714449405670166,1
3.1598730087280273,1
3.186434268951416,1
3.5690317153930664,1
3.0476632118225098,1
2.756657600402832,1
3.5592520236968994,1
3.1458730697631836,1
3.14548659324646,1
3.276479721069336,1
3.311857223510742,1
3.4671168327331543,1
3.131488084793091,1
3.04025936126709,1
3.1225357055664063,1
3.075990676879883,1
3.1901707649230957,1
3.534430742263794,1
3.0938522815704346,1
3.0668869018554688,1
3.2314116954803467,1
3.173746109008789,1
3.3469839096069336,1
3.043099880218506,1
3.3226537704467773,1
3.561570405960083,1
3.099796772003174,1
3.7699387073516846,1
4.154022216796875,1
3.8456501960754395,1
3.8257193565368652,1
4.21055793762207,1
3.796858310699463,1
3.538020610809326,1
3.201140880584717,1
4.354103088378906,1
3.8593554496765137,1
3.5817172527313232,1
3.005617380142212,1
3.2989015579223633,1
3.3308286666870117,1
3.8216419219970703,1
3.431863784790039,1
3.2925281524658203,1
3.5161385536193848,1
3.2625699043273926,1
3.7784645557403564,1
3.3515377044677734,1
3.3531997203826904,1
3.6200997829437256,1
3.7729382514953613,1
4.202978134155273,1
3.380319595336914,1
3.558414936065674,1
3.7089788913726807,1
3.2592720985412598,1
3.314513683319092,1
4.180781841278076,1
3.3530168533325195,1
3.4543659687042236,1
3.7258567810058594,1
3.3927969932556152,1
3.7224233150482178,1
3.102318286895752,1
3.2787466049194336,1
4.212506294250488,1
3.9256248474121094,1
3.666069507598877,1
4.039187431335449,1
5.287444591522217,1
3.744561195373535,1
3.2273359298706055,1
4.458049774169922,1
4.1965532302856445,1
4.428532123565674,1
3.6829516887664795,1
3.6559720039367676,1
4.471502304077148,1
3.8680710792541504,1
3.8901047706604004,1
3.6263582706451416,1
3.8502554893493652,1
3.5858607292175293,1
3.2240190505981445,1
3.5273985862731934,1
3.7895188331604004,1
3.6633119583129883,1
3.2997236251831055,1
3.992896556854248,1
4.089606285095215,1
3.4143998622894287,1
3.1896371841430664,1
3.177034854888916,1
2.739497661590576,1
3.0738651752471924,1
3.2548513412475586,1
3.699445962905884,1
3.109647274017334,1
3.6454782485961914,1
3.9521608352661133,1
4.038695812225342,1
3.6648499965667725,1
3.4412660598754883,1
3.944387912750244,1
3.5727391242980957,1
3.5559117794036865,1
2.7153868675231934,1
3.529526710510254,1
3.0636563301086426,1
3.039177417755127,1
3.6935813426971436,1
3.786414623260498,1
3.2335848808288574,1
3.4921741485595703,1
3.2823164463043213,1
3.517806053161621,1
4.381257057189941,1
3.45444393157959,1
3.865253210067749,1
3.6561951637268066,1
2.9905829429626465,1
2.484696388244629,1
4.280799388885498,1
4.222743988037109,1
3.809267997741699,1
3.3746089935302734,1
3.1213903427124023,1
3.3573951721191406,1
3.5099854469299316,1
3.6350464820861816,1
3.6214029788970947,1
4.261568069458008,1
3.2358741760253906,1
2.796725273132324,1
4.0208234786987305,1
3.915138006210327,1
3.1402101516723633,1
3.297814130783081,1
3.139627695083618,1
3.0688796043395996,1
3.5160677433013916,1
3.3830068111419678,1
3.2287278175354004,1
3.943770408630371,1
3.0607943534851074,1
3.4080922603607178,1
3.6192636489868164,1
3.1967475414276123,1
3.3170430660247803,1
3.7246475219726563,1
4.6402788162231445,1
3.290607452392578,1
3.645251750946045,1
3.4656589031219482,1
4.303460121154785,1
3.558490753173828,1
3.1093358993530273,1
3.685849905014038,1
3.262178897857666,1
3.1776645183563232,1
3.2608141899108887,1
3.5045762062072754,1
2.865510940551758,1
2.8884053230285645,1
3.1112618446350098,1
3.9780993461608887,1
2.992567300796509,1
3.2603182792663574,1
3.269134283065796,1
4.171164512634277,1
3.492630958557129,1
3.7613284587860107,1
3.2711005210876465,1
3.5280396938323975,1
3.823078155517578,1
3.3125452995300293,1
3.4362053871154785,1
3.740581512451172,1
3.5161378383636475,1
4.011610984802246,1
3.7701849937438965,1
3.270051956176758,1
3.1329565048217773,1
3.4360876083374023,1
3.578279972076416,1
3.265252113342285,1
3.347172975540161,1
3.155459403991699,1
3.4010887145996094,1
3.412416934967041,1
3.610337018966675,1
3.5917208194732666,1
3.7109029293060303,1
4.429561614990234,1
3.9977011680603027,1
4.254377365112305,1
2.9335811138153076,1
4.599241256713867,1
3.900176763534546,1
3.1521098613739014,1
3.115307569503784,1
3.852180004119873,1
3.7786595821380615,1
4.277608871459961,1
3.753852128982544,1
3.974517583847046,1
3.9343762397766113,1
3.4674148559570313,1
3.552544116973877,1
2.9719045162200928,1
3.8406639099121094,1
3.519181728363037,1
3.1875996589660645,1
2.945571184158325,1
3.3763465881347656,1
3.47314190864563,1
3.574981689453125,1
2.9149692058563232,1
3.9142613410949707,1
3.497509717941284,1
3.7508132457733154,1
3.3213586807250977,1
3.529374361038208,1
3.073413372039795,1
3.661904811859131,1
3.185448169708252,1
3.3628008365631104,1
3.686962604522705,1
3.6592953205108643,1
3.599540948867798,1
3.524630546569824,1
3.2334158420562744,1
3.2295751571655273,1
4.2500457763671875,1
3.237180233001709,1
2.9407520294189453,1
3.1778221130371094,1
3.5235471725463867,1
3.833960771560669,1
3.9363083839416504,1
2.7694597244262695,1
3.439789056777954,1
2.8588571548461914,1
3.5060601234436035,1
2.955976963043213,1
3.4832699298858643,1
3.71846866607666,1
3.0540428161621094,1
3.2590694427490234,1
3.7586796283721924,1
3.4989142417907715,1
3.6219711303710938,1
3.976992607116699,1
3.678934097290039,1
3.498483180999756,1
3.586341381072998,1
3.672635078430176,1
3.13102126121521,1
3.196711778640747,1
3.0688295364379883,1
2.9235892295837402,1
3.4639463424682617,1
3.3781065940856934,1
3.8046374320983887,1
3.4634976387023926,1
3.2119743824005127,1
3.5118179321289063,1
3.541616439819336,1
3.9061391353607178,1
3.264754295349121,1
4.61973762512207,1
3.252985954284668,1
3.61405086517334,1
2.995551586151123,1
3.6963000297546387,1
3.4889349937438965,1
3.74971342086792,1
3.836454153060913,1
3.20880126953125,1
3.4106640815734863,1
3.0672197341918945,1
3.6495518684387207,1
3.338383197784424,1
3.6593751907348633,1
3.9966773986816406,1
3.2539656162261963,1
3.295316696166992,1
3.1893625259399414,1
3.371915340423584,1
3.667292356491089,1
3.8530471324920654,1
3.03855562210083,1
5.026484966278076,1
4.480111598968506,1
3.389535665512085,1
3.7762527465820313,1
3.8244247436523438,1
4.158468246459961,1
3.2191104888916016,1
3.807612180709839,1
3.948641777038574,1
4.010624885559082,1
4.432159900665283,1
3.716491222381592,1
3.4369399547576904,1
4.26615571975708,1
3.9976730346679688,1
3.2180123329162598,1
3.824944019317627,1
3.371720790863037,1
4.433041572570801,1
3.867124319076538,1
4.214232444763184,1
4.114320755004883,1
4.056817054748535,1
4.415063381195068,1
3.5421531200408936,1
3.4024784564971924,1
3.036087989807129,1
4.715534687042236,1
3.5077099800109863,1
3.9740772247314453,1
3.781475067138672,1
3.2333643436431885,1
3.471240282058716,1
3.4419736862182617,1
3.722980499267578,1
4.122368812561035,1
3.180138349533081,1
3.204041004180908,1
3.686145305633545,1
3.6790218353271484,1
3.203873634338379,1
3.1782429218292236,1
3.213136911392212,1
3.6657395362854004,1
3.533841609954834,1
3.40291690826416,1
3.217921733856201,1
4.048961639404297,1
3.246306896209717,1
3.5683319568634033,1
3.968294858932495,1
3.495635747909546,1
3.117208957672119,1
4.8425068855285645,1
3.3123629093170166,1
2.9506444931030273,1
3.605334997177124,1
3.0554375648498535,1
2.849428415298462,1
3.6891632080078125,1
3.86553955078125,1
3.3280928134918213,1
3.3414995670318604,1
4.308823585510254,1
3.140408992767334,1
3.9218268394470215,1
3.995426654815674,1
2.74949312210083,1
3.577084541320801,1
3.815308094024658,1
3.430750846862793,1
3.2689647674560547,1
3.2687761783599854,1
3.60383677482605,1
3.9970359802246094,1
2.94509220123291,1
4.137661933898926,1
3.538224458694458,1
3.0014543533325195,1
3.1859426498413086,1
3.2989559173583984,1
3.414693832397461,1
3.3834736347198486,1
3.5538747310638428,1
3.386593818664551,1
3.322479009628296,1
3.342761993408203,1
3.2115237712860107,1
3.6164419651031494,1
3.4936184883117676,1
3.4552016258239746,1
3.565725803375244,1
3.4462695121765137,1
3.9090027809143066,1
3.221482276916504,1
3.3130033016204834,1
2.9875831604003906,1
3.27407169342041,1
3.4795563220977783,1
3.9037303924560547,1
3.449732780456543,1
3.2137320041656494,1
3.6040701866149902,1
2.957396984100342,1
3.1695914268493652,1
3.1987180709838867,1
3.6130800247192383,1
3.4919800758361816,1
3.76359486579895,1
3.816328525543213,1
4.601798057556152,1
4.376365661621094,1
3.4346842765808105,1
2.883345603942871,1
4.11386775970459,1
2.6481003761291504,1
3.748154640197754,1
3.2939352989196777,1
2.9979095458984375,1
3.0054779052734375,1
2.9386563301086426,1
3.1076269149780273,1
3.3657493591308594,1
3.4699065685272217,1
3.4103569984436035,1
3.8547840118408203,1
3.712719440460205,1
3.457824468612671,1
3.779355525970459,1
3.794201374053955,1
2.8517515659332275,1
3.0165133476257324,1
3.651089668273926,1
4.124631881713867,1
3.218276023864746,1
3.392127513885498,1
3.4594216346740723,1
3.3039817810058594,1
3.4249887466430664,1
3.6288809776306152,1
3.1948468685150146,1
3.5753555297851563,1
3.5471911430358887,1
3.730423927307129,1
3.431952714920044,1
3.3574647903442383,1
4.309587478637695,1
3.233734607696533,1
3.1853227615356445,1
3.0608747005462646,1
3.7802224159240723,1
3.113400459289551,1
3.6227736473083496,1
3.6897406578063965,1
3.3829665184020996,1
3.3374547958374023,1
3.203469753265381,1
3.798400640487671,1
3.9779019355773926,1
3.267249822616577,1
3.475661516189575,1
3.2837538719177246,1
3.2617337703704834,1
3.560080051422119,1
3.7538468837738037,1
3.5173535346984863,1
3.4678173065185547,1
4.283320426940918,1
3.743726968765259,1
3.6379270553588867,1
3.470358371734619,1
3.868532657623291,1
3.6988837718963623,1
3.9393906593322754,1
3.748767137527466,1
3.5456695556640625,1
3.9827582836151123,1
3.388530731201172,1
3.3108434677124023,1
3.6767735481262207,1
3.109832525253296,1
3.270265817642212,1
3.163546562194824,1
3.120938301086426,1
3.304523229598999,1
3.846400499343872,1
3.3883519172668457,1
3.336547374725342,1
4.226936340332031,1
3.3114874362945557,1
3.7420358657836914,1
3.2688663005828857,1
3.858999729156494,1
3.3889970779418945,1
4.165667533874512,1
3.6167943477630615,1
3.088526487350464,1
3.1480460166931152,1
3.479853391647339,1
3.803978204727173,1
3.4304556846618652,1
3.0975072383880615,1
3.7427382469177246,1
3.222090244293213,1
3.4405367374420166,1
3.203248977661133,1
3.037407875061035,1
3.589325428009033,1
3.451500415802002,1
3.316497802734375,1
2.9596073627471924,1
3.185060501098633,1
3.174531936645508,1
3.1231441497802734,1
3.260650157928467,1
3.294649600982666,1
3.454434394836426,1
3.437577724456787,1
3.506187677383423,1
3.2272350788116455,1
3.2609214782714844,1
3.195486545562744,1
3.9878296852111816,1
4.245028018951416,1
3.9524974822998047,1
3.899839162826538,1
4.3199968338012695,1
4.00230073928833,1
3.2857978343963623,1
4.383084297180176,1
5.017475128173828,1
3.679802417755127,1
3.7917094230651855,1
3.901820659637451,1
3.947178840637207,1
4.270843505859375,1
4.023078918457031,1
3.685443162918091,1
3.530256986618042,1
3.425414800643921,1
3.4303932189941406,1
3.650386333465576,1
3.820884943008423,1
3.4404938220977783,1
3.578559398651123,1
3.4816834926605225,1
3.6332132816314697,1
3.284498691558838,1
3.679394245147705,1
3.4953644275665283,1
3.798232316970825,1
3.156411647796631,1
3.8811252117156982,1
3.654733180999756,1
3.5179176330566406,1
4.134047508239746,1
3.308554172515869,1
3.7134013175964355,1
3.6434144973754883,1
3.400925636291504,1
3.061056613922119,1
3.147231340408325,1
2.848837375640869,1
3.5999040603637695,1
4.401366233825684,1
4.540325164794922,1
4.4731879234313965,1
3.5161499977111816,1
4.114157676696777,1
3.977362632751465,1
3.8090648651123047,1
3.5654683113098145,1
3.983020067214966,1
3.5823206901550293,1
3.3101956844329834,1
3.0467724800109863,1
3.2801413536071777,1
3.5260400772094727,1
3.419095039367676,1
3.563981056213379,1
3.423518180847168,1
3.3692712783813477,1
3.5594961643218994,1
2.9991745948791504,1
3.285484790802002,1
3.2250161170959473,1
3.991448163986206,1
3.325183153152466,1
3.804457902908325,1
3.7376186847686768,1
3.585219383239746,1
3.4007465839385986,1
3.3803277015686035,1
3.7485408782958984,1
3.507462739944458,1
4.015590190887451,1
4.040260314941406,1
3.574615001678467,1
3.395031213760376,1
3.2702150344848633,1
3.5320181846618652,1
3.0509166717529297,1
2.9672064781188965,1
3.1033682823181152,1
3.0376851558685303,1
3.8050882816314697,1
3.639202117919922,1
3.756568431854248,1
3.4047670364379883,1
3.3651719093322754,1
4.222290992736816,1
4.487063407897949,1
3.766782522201538,1
3.0335750579833984,1
3.388084888458252,1
3.2963719367980957,1
3.8567779064178467,1
3.50734281539917,1
3.6849513053894043,1
4.210738658905029,1
3.598209857940674,1
3.066399097442627,1
3.7413320541381836,1
3.265207290649414,1
3.4980759620666504,1
3.8585550785064697,1
3.4378883838653564,1
3.664608955383301,1
3.6637840270996094,1
3.055814266204834,1
3.3606491088867188,1
3.741058826446533,1
3.486894130706787,1
3.645134449005127,1
4.114830493927002,1
3.905529260635376,1
3.5330638885498047,1
3.586732864379883,1
3.504610061645508,1
3.986006021499634,1
3.1817800998687744,1
3.4011049270629883,1
3.5170960426330566,1
3.5780928134918213,1
3.156355142593384,1
3.2139534950256348,1
4.923284530639648,1
3.709897518157959,1
3.530834197998047,1
3.961071252822876,1
4.2811384201049805,1
3.050947904586792,1
3.449571132659912,1
3.5489001274108887,1
3.6186399459838867,1
3.392613649368286,1
3.5945253372192383,1
3.7933454513549805,1
3.616849184036255,1
3.2251715660095215,1
3.1114583015441895,1
3.3175950050354004,1
3.3862953186035156,1
3.293851852416992,1
3.302825689315796,1
3.3781752586364746,1
2.967559814453125,1
3.219305992126465,1
3.185563564300537,1
3.831942319869995,1
2.843273639678955,1
4.045228958129883,1
3.981081008911133,1
3.6979286670684814,1
4.35394287109375,1
3.8363037109375,1
3.6274585723876953,1
3.1346683502197266,1
3.5679211616516113,1
4.185173034667969,1
3.9147562980651855,1
4.240387916564941,1
3.339505672454834,1
3.0511794090270996,1
3.6906611919403076,1
4.298124313354492,1
3.7143259048461914,1
3.1122074127197266,1
3.369518280029297,1
3.279085397720337,1
3.2521896362304688,1
3.4858105182647705,1
3.514551877975464,1
3.2579026222229004,1
4.547779083251953,1
3.4615390300750732,1
3.7602782249450684,1
3.438950538635254,1
3.280804395675659,1
4.272536754608154,1
3.005523681640625,1
3.386237621307373,1
3.049504280090332,1
3.877840518951416,1
3.5747179985046387,1
4.4308953285217285,1
4.069644451141357,1
3.93692684173584,1
2.966547727584839,1
3.1816065311431885,1
3.3155956268310547,1
3.2301363945007324,1
3.5227181911468506,1
3.7109410762786865,1
4.000143051147461,1
4.067319393157959,1
3.009660005569458,1
3.147732973098755,1
3.469403028488159,1
3.4673261642456055,1
3.272702217102051,1
3.4805774688720703,1
3.602051019668579,1
3.8523380756378174,1
3.5342488288879395,1
3.564927577972412,1
4.085697174072266,1
3.8243982791900635,1
3.5079007148742676,1
3.2247672080993652,1
3.2718000411987305,1
3.3296704292297363,1
3.5645995140075684,1
4.091414451599121,1
3.195268154144287,1
3.5712478160858154,1
3.652981758117676,1
3.491279363632202,1
3.529963970184326,1
3.8662962913513184,1
3.822150707244873,1
2.887082576751709,1
4.028738021850586,1
3.679567337036133,1
3.3382809162139893,1
3.4375052452087402,1
3.219674587249756,1
4.093324661254883,1
3.6467437744140625,1
3.654111385345459,1
3.570850133895874,1
3.4089560508728027,1
3.9762096405029297,1
3.117328405380249,1
3.269646644592285,1
3.486382007598877,1
4.1193766593933105,1
4.039195537567139,1
4.203588962554932,1
3.709470748901367,1
3.4515130519866943,1
3.5882620811462402,1
3.6711504459381104,1
3.7700366973876953,1
3.4884471893310547,1
2.5157980918884277,1
3.270359992980957,1
3.6341116428375244,1
3.305695056915283,1
3.2118735313415527,1
3.8238184452056885,1
3.64365816116333,1
4.022324562072754,1
3.7696638107299805,1
3.814875364303589,1
4.0962910652160645,1
3.709408760070801,1
3.0903537273406982,1
3.2522525787353516,1
3.6414990425109863,1
3.4275996685028076,1
3.176130533218384,1
3.259705066680908,1
3.7169296741485596,1
3.412445068359375,1
3.409085750579834,1
4.262701034545898,1
3.4388763904571533,1
3.7102513313293457,1
3.438429355621338,1
4.978780746459961,1
4.384157180786133,1
3.7159106731414795,1
3.082355499267578,1
3.3566606044769287,1
3.6195545196533203,1
3.609745740890503,1
3.7672481536865234,1
4.220909595489502,1
3.2759745121002197,1
3.95017147064209,1
2.8861827850341797,1
4.165881156921387,1
3.3886306285858154,1
3.8695061206817627,1
3.9473068714141846,1
3.7720584869384766,1
4.106568336486816,1
3.8220620155334473,1
3.7386796474456787,1
3.8922324180603027,1
3.325956344604492,1
3.155695915222168,1
3.3065342903137207,1
3.3788814544677734,1
2.881171464920044,1
3.089986801147461,1
3.925142288208008,1
2.886408805847168,1
3.548529624938965,1
3.1297659873962402,1
3.4002108573913574,1
3.4807963371276855,1
3.5815351009368896,1
3.0761523246765137,1
3.4924325942993164,1
3.5917563438415527,1
3.6885132789611816,1
3.8492021560668945,1
4.359960556030273,1
3.467014789581299,1
2.8138670921325684,1
5.23194694519043,1
5.5103631019592285,1
4.575019359588623,1
4.150355339050293,1
3.6086809635162354,1
3.9718661308288574,1
5.144865036010742,1
5.08376932144165,1
4.231729507446289,1
4.385300636291504,1
4.9691877365112305,1
5.489265441894531,1
4.971309661865234,1
4.617980480194092,1
4.964909553527832,1
5.094431400299072,1
3.9696919918060303,1
3.647158145904541,1
3.6299707889556885,1
3.6772007942199707,1
4.053415298461914,1
4.063180923461914,1
3.204533338546753,1
3.2569580078125,1
3.825417995452881,1
3.7334535121917725,1
3.6440906524658203,1
3.6193225383758545,1
3.8182625770568848,1
3.929873466491699,1
3.4584131240844727,1
3.880429267883301,1
3.7718632221221924,1
3.4531941413879395,1
3.534167528152466,1
3.3870022296905518,1
3.256247043609619,1
3.240769863128662,1
3.13460111618042,1
3.1819989681243896,1
3.3714356422424316,1
3.728304862976074,1
3.168288230895996,1
3.2761359214782715,1
3.113107204437256,1
3.625722885131836,1
4.126753807067871,1
3.256570339202881,1
3.053070306777954,1
3.267953634262085,1
3.7079761028289795,1
3.052001953125,1
3.3463053703308105,1
3.9636318683624268,1
3.0294883251190186,1
2.710620880126953,1
3.116206645965576,1
3.466954231262207,1
3.480984687805176,1
3.6019203662872314,1
3.466063976287842,1
3.9292874336242676,1
3.259683847427368,1
3.3760838508605957,1
4.105900764465332,1
3.8951783180236816,1
3.312387704849243,1
3.2029666900634766,1
3.4230897426605225,1
2.5543699264526367,1
3.615734577178955,1
3.6095709800720215,1
3.0737085342407227,1
3.59686279296875,1
3.1182610988616943,1
3.314516067504883,1
3.5452046394348145,1
3.5475776195526123,1
2.978207588195801,1
3.042022705078125,1
3.5203700065612793,1
3.185725212097168,1
3.565861225128174,1
3.0592212677001953,1
3.200166940689087,1
4.0934247970581055,1
3.161346435546875,1
3.475095510482788,1
3.8650259971618652,1
3.856659412384033,1
4.448041915893555,1
3.2646243572235107,1
3.6251704692840576,1
3.4368724822998047,1
3.8233983516693115,1
3.915815591812134,1
3.939380407333374,1
3.546387195587158,1
2.974109649658203,1
3.8633406162261963,1
4.207980155944824,1
3.7905337810516357,1
3.5576529502868652,1
4.158576488494873,1
3.5832953453063965,1
3.746330499649048,1
3.37457275390625,1
4.423588275909424,1
3.711986780166626,1
4.4224324226379395,1
3.853221893310547,1
3.705178737640381,1
3.12172269821167,1
3.6325080394744873,1
3.7649853229522705,1
3.4516446590423584,1
3.2206714153289795,1
3.122083902359009,1
3.6306519508361816,1
3.4151453971862793,1
3.3722352981567383,1
3.2927379608154297,1
3.8718338012695313,1
3.420656681060791,1
3.6430258750915527,1
3.0170042514801025,1
4.706191062927246,1
2.8957791328430176,1
3.4926328659057617,1
3.508286714553833,1
3.7784714698791504,1
4.0192694664001465,1
3.4714341163635254,1
3.0277228355407715,1
3.735368251800537,1
3.370328187942505,1
4.7287797927856445,1
4.089979648590088,1
3.42899751663208,1
3.5189762115478516,1
4.595958709716797,1
4.5339202880859375,1
4.4272637367248535,1
3.4730677604675293,1
3.8388843536376953,1
4.344265460968018,1
4.26268196105957,1
3.8963351249694824,1
4.088271617889404,1
3.477856159210205,1
3.864415168762207,1
3.7982938289642334,1
3.438227415084839,1
3.196669578552246,1
3.2907118797302246,1
3.392413377761841,1
4.667965888977051,1
4.171850204467773,1
3.9255611896514893,1
3.191250801086426,1
3.266496181488037,1
3.3442418575286865,1
4.1786065101623535,1
3.9175145626068115,1
3.6793670654296875,1
3.5143251419067383,1
3.618903875350952,1
3.4969043731689453,1
3.462002754211426,1
4.167611122131348,1
3.3448119163513184,1
4.114790439605713,1
3.7668118476867676,1
4.33104133605957,1
3.829010009765625,1
3.480498790740967,1
4.257904529571533,1
4.426623821258545,1
3.1682016849517822,1
3.309664726257324,1
3.2301831245422363,1
3.497145891189575,1
4.163832664489746,1
4.1136932373046875,1
3.313934326171875,1
3.729746103286743,1
3.7635483741760254,1
4.326206207275391,1
3.4519729614257813,1
3.5386416912078857,1
3.270293951034546,1
3.3668110370635986,1
3.677164077758789,1
4.260426998138428,1
3.2219834327697754,1
3.334141731262207,1
3.624845027923584,1
3.823042631149292,1
3.696192502975464,1
4.304019927978516,1
3.31140398979187,1
4.156167984008789,1
3.274207353591919,1
4.452959060668945,1
3.878777027130127,1
3.9839494228363037,1
4.498984336853027,1
3.1078476905822754,1
3.892432928085327,1
3.59747314453125,1
3.5782415866851807,1
3.3652915954589844,1
3.6017801761627197,1
3.4354658126831055,1
3.212632179260254,1
2.6736984252929688,1
3.533402919769287,1
2.9861717224121094,1
4.181875228881836,1
3.683046817779541,1
4.639276504516602,1
4.020082950592041,1
3.8932299613952637,1
3.676150321960449,1
3.2534713745117188,1
4.136397838592529,1
3.4403750896453857,1
3.6166627407073975,1
3.8858590126037598,1
3.835160493850708,1
3.9072506427764893,1
3.469590187072754,1
3.573117733001709,1
3.9073147773742676,1
2.990992784500122,1
3.8940510749816895,1
3.9479188919067383,1
3.423985481262207,1
3.271333932876587,1
2.8856375217437744,1
3.370864152908325,1
3.5072672367095947,1
3.9169249534606934,1
3.1089935302734375,1
3.6008596420288086,1
3.5848135948181152,1
3.369345188140869,1
3.5856857299804688,1
3.417753219604492,1
3.3915610313415527,1
3.269202947616577,1
3.363737106323242,1
3.0573360919952393,1
3.697604179382324,1
3.247814178466797,1
3.482985496520996,1
3.1691932678222656,1
3.530066728591919,1
3.3235464096069336,1
3.601735830307007,1
3.298969268798828,1
3.8823399543762207,1
3.7026844024658203,1
3.358870506286621,1
3.3641421794891357,1
2.7733640670776367,1
3.8358302116394043,1
3.221439838409424,1
4.008990287780762,1
3.6454241275787354,1
3.936551332473755,1
3.8704640865325928,1
3.505833148956299,1
3.3477277755737305,1
3.2161760330200195,1
3.172091484069824,1
4.506924152374268,1
4.8394622802734375,1
3.8529763221740723,1
4.39331579208374,1
3.8240456581115723,1
4.346346378326416,1
3.532590866088867,1
3.522587776184082,1
2.9886903762817383,1
3.268368721008301,1
3.4876561164855957,1
3.9881668090820313,1
3.800659656524658,1
3.605889081954956,1
3.9995317459106445,1
3.11270809173584,1
3.4278979301452637,1
3.167206287384033,1
3.4747047424316406,1
3.573915481567383,1
4.282573223114014,1
4.420785427093506,1
3.416407585144043,1
3.452854871749878,1
3.737147808074951,1
3.4423789978027344,1
4.071878433227539,1
3.8539981842041016,1
3.6674115657806396,1
3.8997206687927246,1
3.8442869186401367,1
3.7732882499694824,1
3.737032175064087,1
3.778657913208008,1
3.101240396499634,1
3.653043270111084,1
3.924734115600586,1
4.078316688537598,1
3.4560599327087402,1
3.7386722564697266,1
3.9419503211975098,1
3.930159330368042,1
3.5188608169555664,1
3.2640769481658936,1
3.7121145725250244,1
3.611269235610962,1
4.119288444519043,1
3.9776222705841064,1
3.7316207885742188,1
3.696260452270508,1
3.8538403511047363,1
3.1704587936401367,1
3.4870247840881348,1
3.032829999923706,1
3.411292552947998,1
3.652836561203003,1
4.038901329040527,1
3.527428388595581,1
3.771390676498413,1
3.548616886138916,1
3.6823439598083496,1
3.3782291412353516,1
4.254295349121094,1
3.949462413787842,1
3.7204833030700684,1
3.2347145080566406,1
3.617887496948242,1
4.33875846862793,1
3.937000274658203,1
4.013493061065674,1
3.6882612705230713,1
3.9658894538879395,1
4.318551540374756,1
3.7820897102355957,1
3.106739044189453,1
3.4855737686157227,1
3.6444365978240967,1
3.7680258750915527,1
3.0783724784851074,1
4.317100524902344,1
3.459123134613037,1
3.2283802032470703,1
3.574629306793213,1
3.000448703765869,1
3.4483509063720703,1
3.1313982009887695,1
3.0873475074768066,1
3.6597158908843994,1
3.722668170928955,1
3.4966464042663574,1
3.481029510498047,1
3.3704299926757813,1
3.4100515842437744,1
3.4812064170837402,1
3.1580653190612793,1
3.230118751525879,1
3.373965263366699,1
3.420773506164551,1
2.8582282066345215,1
3.735114812850952,1
3.5642249584198,1
3.752218246459961,1
3.7033371925354004,1
3.2698814868927,1
3.6145715713500977,1
5.382284164428711,1
4.323861122131348,1
3.1631407737731934,1
3.7656335830688477,1
4.701544284820557,1
3.7970166206359863,1
3.8723928928375244,1
3.408595085144043,1
4.354494094848633,1
3.6013479232788086,1
3.325840950012207,1
3.262916326522827,1
3.7921833992004395,1
4.059699058532715,1
3.415391445159912,1
3.2870099544525146,1
4.184143543243408,1
3.2712111473083496,1
3.4983878135681152,1
3.562572956085205,1
3.92628812789917,1
3.148669958114624,1
3.7701914310455322,1
3.5698938369750977,1
3.2445597648620605,1
3.7561869621276855,1
3.5282206535339355,1
3.0166826248168945,1
3.474269390106201,1
3.501250743865967,1
3.8397128582000732,1
3.389638662338257,1
3.1182165145874023,1
3.6469521522521973,1
3.187479019165039,1
3.1994547843933105,1
3.4601125717163086,1
4.015619277954102,1
3.106032371520996,1
4.193166732788086,1
3.8452086448669434,1
3.678435802459717,1
4.016448974609375,1
3.1567041873931885,1
3.690568447113037,1
4.114673614501953,1
3.710031509399414,1
2.9777638912200928,1
3.514293670654297,1
3.258775472640991,1
3.7513954639434814,1
3.418642520904541,1
3.4785192012786865,1
3.022104024887085,1
3.573464870452881,1
2.922584056854248,1
3.2678165435791016,1
3.378153085708618,1
3.4416909217834473,1
3.818373680114746,1
3.4617226123809814,1
3.832105875015259,1
2.9900879859924316,1
3.2793731689453125,1
3.4200305938720703,1
3.6863222122192383,1
2.940216541290283,1
3.358494281768799,1
3.590867519378662,1
3.6168742179870605,1
3.2831532955169678,1
3.7761638164520264,1
3.8919317722320557,1
3.5397608280181885,1
3.972167491912842,1
3.71895170211792,1
4.106575012207031,1
3.842662811279297,1
3.522144079208374,1
3.292680501937866,1
3.811462640762329,1
3.462191581726074,1
4.303309440612793,1
3.116663932800293,1
4.144589424133301,1
3.9369895458221436,1
4.034147262573242,1
3.426914691925049,1
3.6466445922851563,1
2.7938954830169678,1
3.300487995147705,1
3.309762716293335,1
3.434703826904297,1
3.1991782188415527,1
3.712131977081299,1
3.4912638664245605,1
3.0570473670959473,1
3.4690184593200684,1
3.3841843605041504,1
3.004472255706787,1
2.985165596008301,1
3.532224416732788,1
3.5502333641052246,1
4.004018783569336,1
3.192802906036377,1
3.191099166870117,1
3.404578447341919,1
3.502403497695923,1
3.3651657104492188,1
3.5848464965820313,1
3.2986412048339844,1
3.6723201274871826,1
3.048133373260498,1
3.7099971771240234,1
4.361504077911377,1
3.2635068893432617,1
3.572061777114868,1
3.203357696533203,1
3.7301735877990723,1
2.7027058601379395,1
3.1589059829711914,1
3.8598098754882813,1
3.1307289600372314,1
3.2836503982543945,1
3.2955329418182373,1
3.7970762252807617,1
3.8262269496917725,1
3.517186164855957,1
3.5684614181518555,1
3.975189208984375,1
4.207405090332031,1
3.74025297164917,1
3.45686936378479,1
3.791151285171509,1
3.4599571228027344,1
3.18027925491333,1
3.1323513984680176,1
3.6964545249938965,1
3.4382591247558594,1
3.984281063079834,1
3.9308838844299316,1
4.155656337738037,1
3.63061785697937,1
4.930328369140625,1
3.625058650970459,1
4.005570411682129,1
4.925903797149658,1
3.7585015296936035,1
3.9007954597473145,1
3.8171944618225098,1
3.445737361907959,1
3.8122310638427734,1
3.9401447772979736,1
4.069878101348877,1
3.5305488109588623,1
3.5008466243743896,1
3.9005398750305176,1
3.428865432739258,1
3.399322032928467,1
3.4917781352996826,1
3.7613468170166016,1
3.0793771743774414,1
3.6745405197143555,1
4.013564586639404,1
3.339707374572754,1
3.9863178730010986,1
3.7184062004089355,1
3.5143637657165527,1
3.5998191833496094,1
4.416303634643555,1
3.821371555328369,1
2.9781768321990967,1
3.703591823577881,1
3.489154100418091,1
3.7434511184692383,1
3.480175018310547,1
4.249953746795654,1
4.644919395446777,1
4.168176651000977,1
4.681238174438477,1
3.7312707901000977,1
3.588714122772217,1
4.0049052238464355,1
3.2233638763427734,1
3.546919107437134,1
3.517578125,1
3.3752241134643555,1
3.50693941116333,1
4.285327911376953,1
4.566001892089844,1
3.389310836791992,1
4.024393081665039,1
4.0196452140808105,1
4.710555076599121,1
4.286299705505371,1
3.6568689346313477,1
3.5332536697387695,1
4.516419410705566,1
4.581511974334717,1
4.022830009460449,1
4.270639419555664,1
4.342251300811768,1
4.157392501831055,1
3.971163749694824,1
3.2830045223236084,1
3.2678709030151367,1
4.798129081726074,1
5.326636791229248,1
6.224245071411133,1
3.5505189895629883,1
4.066156387329102,1
4.0161590576171875,1
4.719919204711914,1
4.560971260070801,1
3.8101396560668945,1
4.0291547775268555,1
4.166143894195557,1
4.238527297973633,1
4.091446876525879,1
4.0825724601745605,1
3.4938955307006836,1
3.5419669151306152,1
4.026191711425781,1
4.151069641113281,1
3.8055660724639893,1
3.9101762771606445,1
3.2404394149780273,1
4.075096130371094,1
3.9997472763061523,1
3.7810940742492676,1
3.538602828979492,1
3.4583582878112793,1
3.463792562484741,1
3.6183910369873047,1
3.7444005012512207,1
3.548006057739258,1
3.126378059387207,1
3.206693172454834,1
3.7255678176879883,1
3.629645347595215,1
3.482556104660034,1
3.9406800270080566,1
3.5648345947265625,1
3.6733736991882324,1
3.775588274002075,1
3.245727062225342,1
3.2147319316864014,1
3.830026626586914,1
3.40889835357666,1
3.5466933250427246,1
3.044010877609253,1
3.2639951705932617,1
3.261383056640625,1
3.055178642272949,1
3.257735252380371,1
3.847283363342285,1
3.007481098175049,1
3.0055294036865234,1
4.789345741271973,1
4.217676162719727,1
3.6290335655212402,1
3.7098605632781982,1
4.359084129333496,1
3.471281051635742,1
3.3328332901000977,1
3.2251358032226563,1
4.3148345947265625,1
4.286956787109375,1
3.9742181301116943,1
3.607746124267578,1
4.04727840423584,1
3.656506061553955,1
3.4671056270599365,1
3.603372573852539,1
3.4593470096588135,1
4.035507678985596,1
3.4138970375061035,1
3.4000046253204346,1
3.3570737838745117,1
3.9856812953948975,1
3.2827463150024414,1
4.002084732055664,1
3.312960147857666,1
3.1643569469451904,1
3.2909770011901855,1
3.8572092056274414,1
3.3781039714813232,1
3.7813162803649902,1
4.197126865386963,1
3.048548698425293,1
4.0993146896362305,1
3.14377498626709,1
4.1221818923950195,1
3.6769843101501465,1
4.330634593963623,1
3.537977933883667,1
3.5534934997558594,1
3.4160666465759277,1
3.3438806533813477,1
4.173975944519043,1
3.7529385089874268,1
3.499235153198242,1
3.0949907302856445,1
3.3085834980010986,1
2.7761130332946777,1
2.9971156120300293,1
3.8435988426208496,1
2.952895402908325,1
4.03431510925293,1
3.91098690032959,1
3.380511522293091,1
3.0954036712646484,1
3.7073535919189453,1
3.58219051361084,1
3.5700762271881104,1
3.265007495880127,1
3.392047166824341,1
3.649463653564453,1
3.969360113143921,1
3.8945975303649902,1
3.394512176513672,1
2.934892177581787,1
3.628139019012451,1
3.1140923500061035,1
3.569946050643921,1
3.0851407051086426,1
3.1760871410369873,1
2.7351529598236084,1
3.653930187225342,1
3.3841700553894043,1
4.079781532287598,1
4.189763069152832,1
5.675274848937988,1
3.5977964401245117,1
3.3264031410217285,1
5.004239559173584,1
3.1976516246795654,1
3.762558698654175,1
3.7095251083374023,1
3.299001693725586,1
3.58542537689209,1
4.000735759735107,1
3.464132785797119,1
3.65798020362854,1
3.671475410461426,1
3.6203761100769043,1
3.372908592224121,1
3.3297555446624756,1
3.9048283100128174,1
3.8172948360443115,1
3.5346689224243164,1
3.8569416999816895,1
3.1826887130737305,1
3.1873793601989746,1
3.9471020698547363,1
3.2135257720947266,1
3.581400156021118,1
4.308452606201172,1
3.6045238971710205,1
3.547783851623535,1
4.635921478271484,1
4.071598052978516,1
3.111114025115967,1
3.268918991088867,1
3.8145058155059814,1
3.241952419281006,1
3.794508695602417,1
3.696485996246338,1
3.4572296142578125,1
4.127028942108154,1
3.569444179534912,1
3.307570695877075,1
3.972407817840576,1
4.021683692932129,1
3.958894729614258,1
3.4414873123168945,1
3.479076385498047,1
3.4688358306884766,1
3.5796658992767334,1
3.489971160888672,1
3.080517292022705,1
3.2282724380493164,1
4.2756452560424805,1
3.143990993499756,1
4.1229448318481445,1
3.4678807258605957,1
3.6389901638031006,1
3.1996660232543945,1
3.6223530769348145,1
4.192224502563477,1
3.9034616947174072,1
2.8405425548553467,1
3.4580395221710205,1
3.9044008255004883,1
3.519376516342163,1
3.7082486152648926,1
3.1020288467407227,1
3.9373905658721924,1
3.3422396183013916,1
3.1634039878845215,1
3.3726320266723633,1
3.410086154937744,1
3.5110011100769043,1
4.146499156951904,1
3.9092724323272705,1
3.3480324745178223,1
3.4689290523529053,1
3.6166515350341797,1
3.393381118774414,1
3.497049570083618,1
3.1178689002990723,1
3.743588924407959,1
3.4088082313537598,1
3.6421966552734375,1
3.2105631828308105,1
3.1698555946350098,1
3.567317485809326,1
3.285578489303589,1
3.2672271728515625,1
3.3804237842559814,1
3.722616672515869,1
3.2762393951416016,1
3.431324005126953,1
3.8325085639953613,1
3.0795483589172363,1
3.872396945953369,1
4.023645401000977,1
3.6445822715759277,1
3.259103775024414,1
3.6092007160186768,1
4.352176666259766,1
2.9731369018554688,1
3.0282015800476074,1
4.01792049407959,1
3.662296772003174,1
3.7729625701904297,1
4.133206367492676,1
3.675823926925659,1
3.9916024208068848,1
