1.9805113077163696,1
2.0509486198425293,1
4.037226676940918,1
2.456211805343628,1
1.4638495445251465,1
2.324735403060913,1
1.9953083992004395,1
1.9938020706176758,1
1.8265132904052734,1
2.5326333045959473,1
2.138936996459961,1
3.2095696926116943,1
2.3405849933624268,1
2.4831037521362305,1
2.003356695175171,1
2.1427385807037354,1
2.6597137451171875,1
1.99503493309021,1
2.461669683456421,1
2.4703116416931152,1
2.856281280517578,1
2.14375638961792,1
2.091280937194824,1
2.9106907844543457,1
2.5963785648345947,1
2.005298137664795,1
2.573826313018799,1
2.1577706336975098,1
2.857693910598755,1
2.8724963665008545,1
2.355882167816162,1
1.7606302499771118,1
2.0255730152130127,1
2.1816000938415527,1
2.5192861557006836,1
2.9040610790252686,1
2.549861431121826,1
2.4829442501068115,1
2.3615877628326416,1
2.1398653984069824,1
2.0603325366973877,1
2.416968584060669,1
2.1859869956970215,1
3.261165142059326,1
2.1640701293945313,1
3.051079750061035,1
2.4567131996154785,1
2.273118019104004,1
2.027468681335449,1
3.262199640274048,1
2.8416097164154053,1
1.8314247131347656,1
2.9031333923339844,1
2.226532459259033,1
2.4727838039398193,1
3.2088775634765625,1
2.849008083343506,1
2.159576416015625,1
2.207322359085083,1
2.453333854675293,1
2.503066301345825,1
3.0597126483917236,1
2.2743020057678223,1
2.721120834350586,1
2.8339028358459473,1
2.2305233478546143,1
2.584869861602783,1
2.5705676078796387,1
2.72188138961792,1
2.5867116451263428,1
2.0244927406311035,1
1.8557066917419434,1
2.1081390380859375,1
2.4785335063934326,1
2.5093955993652344,1
2.093808174133301,1
2.7698521614074707,1
2.282515287399292,1
2.3868565559387207,1
2.362154960632324,1
2.4049692153930664,1
2.5948076248168945,1
3.108386516571045,1
2.4936182498931885,1
1.8786523342132568,1
2.274442672729492,1
2.956866502761841,1
1.9084550142288208,1
2.6686367988586426,1
2.5336570739746094,1
2.1928372383117676,1
2.2161428928375244,1
2.4939987659454346,1
2.3918755054473877,1
1.6182940006256104,1
2.4594225883483887,1
2.0383224487304688,1
2.320665121078491,1
2.162531614303589,1
2.206200122833252,1
2.7011313438415527,1
2.894423007965088,1
2.188450574874878,1
2.0099453926086426,1
2.321420192718506,1
2.5577242374420166,1
2.02232027053833,1
2.168245553970337,1
2.9475786685943604,1
2.143714189529419,1
2.7186453342437744,1
2.5505409240722656,1
2.3133699893951416,1
2.4529314041137695,1
2.746849298477173,1
2.316328525543213,1
2.550853729248047,1
2.0745625495910645,1
2.3273966312408447,1
2.286139488220215,1
2.748560905456543,1
2.1067800521850586,1
2.4026501178741455,1
2.719003677368164,1
2.271636486053467,1
2.065197467803955,1
2.1589865684509277,1
2.346987247467041,1
2.367727756500244,1
1.869195580482483,1
2.3812813758850098,1
2.245530366897583,1
2.5286340713500977,1
2.0881595611572266,1
2.194126605987549,1
2.7503952980041504,1
1.8330128192901611,1
2.4270222187042236,1
2.8388898372650146,1
2.2155916690826416,1
2.268411636352539,1
2.489337682723999,1
2.641031503677368,1
2.0060667991638184,1
2.549208641052246,1
2.1560983657836914,1
2.06173038482666,1
2.191995143890381,1
1.7608652114868164,1
1.9382703304290771,1
2.0692405700683594,1
2.1660327911376953,1
2.1556692123413086,1
2.136399745941162,1
2.659964084625244,1
2.2835817337036133,1
2.7753734588623047,1
2.235891819000244,1
2.3908748626708984,1
2.731968402862549,1
2.5910727977752686,1
3.0141263008117676,1
3.136676549911499,1
2.2126247882843018,1
2.5638272762298584,1
2.3495676517486572,1
2.4080324172973633,1
2.6553447246551514,1
2.702249050140381,1
2.4983935356140137,1
2.7675793170928955,1
2.8406734466552734,1
2.5919361114501953,1
2.0607383251190186,1
2.4094629287719727,1
2.6373214721679688,1
2.313876152038574,1
2.7140347957611084,1
2.643815040588379,1
2.032809019088745,1
3.3991785049438477,1
3.0862321853637695,1
2.8589982986450195,1
2.0769705772399902,1
1.7506344318389893,1
1.8450303077697754,1
3.2143635749816895,1
5.0033369064331055,1
2.7690160274505615,1
2.134351968765259,1
2.8400368690490723,1
2.6152944564819336,1
2.1416726112365723,1
2.5223388671875,1
2.6956214904785156,1
2.9841883182525635,1
2.811647415161133,1
1.9500097036361694,1
2.36373233795166,1
2.288099527359009,1
2.5208184719085693,1
2.4114747047424316,1
2.4395432472229004,1
2.768036127090454,1
2.5813541412353516,1
2.3298373222351074,1
2.3774805068969727,1
2.069345474243164,1
2.1488289833068848,1
2.2966551780700684,1
2.5706210136413574,1
3.0132529735565186,1
2.2853832244873047,1
2.5473012924194336,1
2.282728672027588,1
2.853196144104004,1
2.8703863620758057,1
2.593813419342041,1
2.62809681892395,1
2.4827816486358643,1
1.86964750289917,1
1.9677321910858154,1
1.8853744268417358,1
1.951439619064331,1
2.37280535697937,1
2.1334128379821777,1
2.147566318511963,1
2.6846423149108887,1
2.5820260047912598,1
2.2405595779418945,1
2.1194376945495605,1
2.7874574661254883,1
2.650735378265381,1
2.210235118865967,1
2.733966827392578,1
2.0095033645629883,1
2.5384538173675537,1
2.3604722023010254,1
2.099442481994629,1
2.1669862270355225,1
2.357832193374634,1
2.722038745880127,1
2.395392417907715,1
1.7682149410247803,1
2.41292405128479,1
2.3528754711151123,1
2.8299789428710938,1
2.01161789894104,1
2.831868886947632,1
2.482912063598633,1
2.343113660812378,1
2.5388429164886475,1
2.3100709915161133,1
2.1363754272460938,1
1.8197163343429565,1
2.5692203044891357,1
2.565131664276123,1
2.3165621757507324,1
2.4441189765930176,1
2.41939640045166,1
2.6564643383026123,1
2.545599937438965,1
2.443068742752075,1
2.677121639251709,1
2.3363285064697266,1
1.9652270078659058,1
1.7722742557525635,1
2.40004301071167,1
2.0199828147888184,1
1.6151562929153442,1
2.6954588890075684,1
2.06827974319458,1
2.1027204990386963,1
2.18013858795166,1
2.1319446563720703,1
2.0878000259399414,1
2.295910358428955,1
1.965681791305542,1
2.592721462249756,1
2.393965244293213,1
2.589728355407715,1
2.3605685234069824,1
1.6799001693725586,1
2.025728702545166,1
1.704118013381958,1
1.761544108390808,1
3.0464158058166504,1
2.176553249359131,1
2.282224178314209,1
2.325897455215454,1
2.2265820503234863,1
2.064293146133423,1
2.3330225944519043,1
2.2281036376953125,1
2.4959659576416016,1
2.80172061920166,1
2.0363264083862305,1
1.910280466079712,1
2.705141305923462,1
2.886547565460205,1
1.6962461471557617,1
2.2681756019592285,1
1.8665765523910522,1
2.466897487640381,1
2.084904670715332,1
2.9436826705932617,1
2.349651336669922,1
2.04315185546875,1
2.758018970489502,1
1.9267380237579346,1
2.278639316558838,1
2.8173091411590576,1
2.1444969177246094,1
2.1141469478607178,1
2.0405192375183105,1
2.544034481048584,1
1.973855972290039,1
1.57700514793396,1
2.006232500076294,1
2.2030906677246094,1
2.4670424461364746,1
2.121671199798584,1
2.6430435180664063,1
1.8899472951889038,1
2.5615344047546387,1
2.158381223678589,1
2.3734474182128906,1
1.9736015796661377,1
1.5265907049179077,1
3.345902442932129,1
1.9291716814041138,1
2.035473108291626,1
2.3675780296325684,1
2.368114948272705,1
1.956937551498413,1
2.150514602661133,1
2.419631242752075,1
1.9837837219238281,1
2.5247702598571777,1
1.8444545269012451,1
2.1623969078063965,1
2.0526468753814697,1
2.415088653564453,1
2.0402021408081055,1
1.9351972341537476,1
2.681224822998047,1
2.3815255165100098,1
3.0886831283569336,1
2.684748888015747,1
1.9591634273529053,1
2.087747573852539,1
2.5921218395233154,1
2.299957513809204,1
2.587151527404785,1
2.0947725772857666,1
2.454589366912842,1
2.5225205421447754,1
3.371617555618286,1
2.6374263763427734,1
2.3156235218048096,1
1.8868961334228516,1
2.4814820289611816,1
2.610273838043213,1
2.3401713371276855,1
2.027872085571289,1
2.053238868713379,1
2.632326602935791,1
2.135526180267334,1
2.334658622741699,1
3.2453274726867676,1
2.121307373046875,1
2.4914231300354004,1
2.2507662773132324,1
2.4890811443328857,1
2.287325859069824,1
2.2289209365844727,1
2.5636062622070313,1
2.1180286407470703,1
2.025143623352051,1
2.461075782775879,1
2.3865747451782227,1
1.8892769813537598,1
2.3079590797424316,1
2.750143527984619,1
2.317673444747925,1
2.8198840618133545,1
2.0350024700164795,1
1.9285669326782227,1
2.1713132858276367,1
2.7833502292633057,1
2.476716995239258,1
1.669551134109497,1
2.295799493789673,1
1.941194772720337,1
2.9598448276519775,1
2.079678773880005,1
2.4107770919799805,1
1.8964459896087646,1
2.668574333190918,1
1.859313726425171,1
1.8523411750793457,1
1.7525734901428223,1
2.376953125,1
2.0823593139648438,1
3.4617557525634766,1
2.138882637023926,1
2.138258457183838,1
2.1340413093566895,1
2.8153791427612305,1
2.2699496746063232,1
1.844008207321167,1
2.253849983215332,1
2.510159969329834,1
2.7971858978271484,1
2.695920944213867,1
2.6484310626983643,1
1.683762788772583,1
2.878089189529419,1
1.9110772609710693,1
2.2197141647338867,1
2.195359468460083,1
2.6577248573303223,1
2.503786325454712,1
2.5831613540649414,1
1.682695746421814,1
2.669248580932617,1
2.3382387161254883,1
2.728243350982666,1
2.2681379318237305,1
2.7733983993530273,1
1.8142764568328857,1
2.302064895629883,1
2.2657127380371094,1
2.147202968597412,1
2.4964957237243652,1
1.8624787330627441,1
1.5360790491104126,1
2.538142681121826,1
2.128751754760742,1
2.387024402618408,1
1.8374755382537842,1
1.818405270576477,1
2.8272769451141357,1
2.6651723384857178,1
2.1742565631866455,1
2.4057395458221436,1
2.058006763458252,1
2.0699095726013184,1
1.9688901901245117,1
2.468022346496582,1
1.9730706214904785,1
2.3583245277404785,1
2.596440315246582,1
2.318746566772461,1
1.8914856910705566,1
2.3098630905151367,1
2.857646942138672,1
1.9419735670089722,1
2.5293493270874023,1
2.010646343231201,1
1.9014060497283936,1
2.7560067176818848,1
2.199392557144165,1
2.5073440074920654,1
2.242969512939453,1
2.033259868621826,1
2.418823719024658,1
2.430879592895508,1
2.203200101852417,1
2.3101396560668945,1
2.2378811836242676,1
2.427340507507324,1
2.2744927406311035,1
2.819136619567871,1
3.2459397315979004,1
2.2845168113708496,1
2.3146305084228516,1
2.5951743125915527,1
2.3533027172088623,1
2.3601977825164795,1
2.376410722732544,1
2.095815896987915,1
1.7369658946990967,1
2.5308494567871094,1
1.352928876876831,1
2.365415096282959,1
1.8854588270187378,1
1.992693305015564,1
2.8090615272521973,1
2.3051466941833496,1
2.637547016143799,1
2.2784318923950195,1
2.248783588409424,1
2.0356364250183105,1
2.434748888015747,1
2.0438737869262695,1
1.4980354309082031,1
2.0748348236083984,1
2.216569185256958,1
2.3872804641723633,1
2.146364450454712,1
1.6284055709838867,1
2.4429285526275635,1
1.8119778633117676,1
2.6619467735290527,1
2.6442487239837646,1
2.282233715057373,1
2.611945629119873,1
2.6195461750030518,1
1.9448463916778564,1
2.3868350982666016,1
2.2089357376098633,1
2.033670663833618,1
2.79669189453125,1
2.7222776412963867,1
2.699460029602051,1
3.2381985187530518,1
5.701016902923584,1
3.8088760375976563,1
3.2221598625183105,1
2.289520740509033,1
3.473701000213623,1
2.7870125770568848,1
2.251929998397827,1
3.298630952835083,1
3.6652135848999023,1
2.781179428100586,1
3.374081611633301,1
2.7348718643188477,1
1.9436975717544556,1
2.28950834274292,1
2.5163414478302,1
2.2968170642852783,1
3.250926971435547,1
2.117304563522339,1
2.2178752422332764,1
2.6338019371032715,1
2.437168598175049,1
2.739975929260254,1
2.9075920581817627,1
2.3074264526367188,1
3.0371499061584473,1
2.684460163116455,1
2.6098508834838867,1
2.197643756866455,1
2.588284492492676,1
2.3944125175476074,1
2.600207805633545,1
2.0353541374206543,1
2.8381896018981934,1
2.6395158767700195,1
2.331587791442871,1
2.6303000450134277,1
2.4998779296875,1
2.381965160369873,1
2.7535431385040283,1
2.1942505836486816,1
2.2971203327178955,1
2.689385414123535,1
3.3433690071105957,1
2.2046422958374023,1
2.1707911491394043,1
2.776620864868164,1
2.108177661895752,1
1.8565343618392944,1
2.782468318939209,1
2.1879522800445557,1
2.1323060989379883,1
1.9949309825897217,1
2.8412303924560547,1
1.9667965173721313,1
2.3848347663879395,1
2.645629405975342,1
2.472010612487793,1
2.413637638092041,1
2.478090286254883,1
2.6462278366088867,1
1.972682237625122,1
2.317798614501953,1
2.297725200653076,1
3.272519588470459,1
2.901217222213745,1
2.8624820709228516,1
2.2119460105895996,1
2.2998743057250977,1
2.4368996620178223,1
1.8387459516525269,1
2.491577625274658,1
2.4384260177612305,1
2.450428009033203,1
1.8033407926559448,1
1.5919535160064697,1
2.072843074798584,1
2.086867570877075,1
2.529367446899414,1
2.515018939971924,1
3.220346689224243,1
1.770246982574463,1
2.1975998878479004,1
2.0604257583618164,1
2.4492385387420654,1
2.2311596870422363,1
2.348644256591797,1
2.3615353107452393,1
2.3792214393615723,1
2.8199572563171387,1
2.8248167037963867,1
1.9532482624053955,1
2.170273542404175,1
2.605498790740967,1
2.1809544563293457,1
2.4301884174346924,1
2.251356840133667,1
1.9613583087921143,1
1.9535772800445557,1
2.365266799926758,1
1.9916585683822632,1
2.1852738857269287,1
1.8446729183197021,1
1.8560123443603516,1
2.349730968475342,1
2.311713457107544,1
2.4153432846069336,1
1.8620586395263672,1
1.9434967041015625,1
1.9936847686767578,1
2.1013035774230957,1
2.426632881164551,1
2.306788444519043,1
2.085545063018799,1
2.32247257232666,1
2.0722556114196777,1
2.6935014724731445,1
2.325423240661621,1
2.816044330596924,1
2.8570313453674316,1
2.3687705993652344,1
2.3906843662261963,1
1.6702184677124023,1
2.385138511657715,1
2.150827646255493,1
2.4076859951019287,1
2.497056007385254,1
2.5034947395324707,1
2.287113666534424,1
2.455711603164673,1
2.025949001312256,1
1.8640353679656982,1
2.4410219192504883,1
3.2440004348754883,1
2.325528621673584,1
1.887163758277893,1
2.436821460723877,1
2.311527967453003,1
2.496264934539795,1
2.637411117553711,1
2.5613458156585693,1
2.3438429832458496,1
2.0883255004882813,1
2.0578856468200684,1
1.8571488857269287,1
1.8512561321258545,1
2.0648465156555176,1
1.8182852268218994,1
2.265324354171753,1
2.206357955932617,1
2.6168360710144043,1
1.803528070449829,1
2.4856009483337402,1
2.4595861434936523,1
1.9866509437561035,1
2.5427584648132324,1
2.545866012573242,1
2.7750957012176514,1
2.4310994148254395,1
2.137969970703125,1
2.412374973297119,1
2.296769618988037,1
1.9801433086395264,1
2.077341318130493,1
2.185192584991455,1
2.6742537021636963,1
2.3662030696868896,1
2.328329086303711,1
2.157585620880127,1
2.76777982711792,1
2.506699323654175,1
2.2986068725585938,1
3.2634637355804443,1
2.460175037384033,1
2.424232006072998,1
2.5821797847747803,1
1.6588075160980225,1
2.159914016723633,1
1.7667999267578125,1
3.4028186798095703,1
2.2411701679229736,1
2.17358136177063,1
2.170461416244507,1
2.2338294982910156,1
2.054631233215332,1
2.6023426055908203,1
2.613701343536377,1
2.015918731689453,1
2.1646900177001953,1
2.3460865020751953,1
1.8097518682479858,1
2.498253107070923,1
2.2914953231811523,1
1.8266582489013672,1
1.953197717666626,1
2.2119884490966797,1
2.1094918251037598,1
2.347696304321289,1
1.8479821681976318,1
2.126774787902832,1
2.8386926651000977,1
2.3604555130004883,1
2.27595853805542,1
2.519814968109131,1
1.7557106018066406,1
2.005120038986206,1
1.724381446838379,1
2.3412885665893555,1
2.228681802749634,1
2.270320415496826,1
1.9620336294174194,1
2.006601333618164,1
2.116635322570801,1
2.011212110519409,1
2.0288774967193604,1
2.4040215015411377,1
2.8303916454315186,1
2.530818462371826,1
2.6650962829589844,1
2.521615743637085,1
2.7218732833862305,1
1.7898192405700684,1
2.08762788772583,1
2.219597816467285,1
2.421903133392334,1
2.150467872619629,1
1.9725240468978882,1
2.3267669677734375,1
1.9338781833648682,1
2.0145530700683594,1
2.005614757537842,1
2.215571165084839,1
1.983127474784851,1
2.03537654876709,1
2.6433265209198,1
2.2982428073883057,1
2.1682827472686768,1
2.320176839828491,1
2.6508407592773438,1
1.876418113708496,1
2.5746076107025146,1
2.1137354373931885,1
2.088304042816162,1
2.136697292327881,1
2.535943031311035,1
2.202204704284668,1
2.794435977935791,1
2.5547986030578613,1
2.3836584091186523,1
2.1223156452178955,1
2.621917247772217,1
2.1150031089782715,1
2.2624731063842773,1
1.9993746280670166,1
2.0286431312561035,1
2.3890247344970703,1
2.4639577865600586,1
2.2441658973693848,1
1.770849585533142,1
2.328892469406128,1
2.6600875854492188,1
2.3391549587249756,1
1.9379305839538574,1
2.4123311042785645,1
1.6820197105407715,1
2.548798084259033,1
2.2214925289154053,1
2.359245538711548,1
1.96486496925354,1
2.5824074745178223,1
2.8269457817077637,1
1.7813622951507568,1
1.779518961906433,1
2.321260690689087,1
2.300814628601074,1
2.4997642040252686,1
2.3661630153656006,1
2.425905704498291,1
2.083590507507324,1
1.9973843097686768,1
2.1934030055999756,1
2.5982089042663574,1
2.199396848678589,1
1.6543991565704346,1
2.2973504066467285,1
2.3353981971740723,1
2.466304063796997,1
2.715393304824829,1
3.0509676933288574,1
1.7654283046722412,1
2.775811195373535,1
1.795759916305542,1
2.3473567962646484,1
2.533966541290283,1
2.178438663482666,1
2.753572702407837,1
1.7110495567321777,1
2.3875789642333984,1
2.6165943145751953,1
2.153477668762207,1
2.3671555519104004,1
2.39408016204834,1
2.4272656440734863,1
2.391688823699951,1
2.621521472930908,1
2.4069719314575195,1
2.4584310054779053,1
2.536926746368408,1
2.1895461082458496,1
3.475698471069336,1
2.8327815532684326,1
2.27443528175354,1
2.4234085083007813,1
2.8377344608306885,1
2.5041565895080566,1
2.4779212474823,1
1.5902137756347656,1
2.1808557510375977,1
2.128901958465576,1
2.2895421981811523,1
1.5561580657958984,1
1.8787761926651,1
2.3138701915740967,1
2.617701530456543,1
2.0460774898529053,1
2.3833248615264893,1
2.617574691772461,1
2.5462634563446045,1
2.3357927799224854,1
1.7454500198364258,1
2.238771438598633,1
2.424999952316284,1
2.765899658203125,1
2.289785861968994,1
1.944536805152893,1
2.4830164909362793,1
2.067579984664917,1
1.7360777854919434,1
1.6456928253173828,1
2.445643901824951,1
2.3329262733459473,1
2.6032729148864746,1
3.1585335731506348,1
2.676398754119873,1
2.127192497253418,1
2.204113006591797,1
2.141698122024536,1
2.3430004119873047,1
2.4112906455993652,1
2.186527729034424,1
2.1603870391845703,1
2.107236862182617,1
3.019005537033081,1
2.0019237995147705,1
2.2984049320220947,1
1.6742339134216309,1
2.070941209793091,1
2.5108160972595215,1
2.0988705158233643,1
2.6693596839904785,1
1.858238935470581,1
2.1555004119873047,1
2.6039352416992188,1
2.61098575592041,1
2.818415403366089,1
2.0147979259490967,1
2.2142810821533203,1
1.9439823627471924,1
2.2297656536102295,1
2.603032112121582,1
2.802746295928955,1
2.528357982635498,1
2.393576145172119,1
2.657416343688965,1
2.1079232692718506,1
2.5106632709503174,1
2.1019458770751953,1
1.679652214050293,1
2.3373637199401855,1
1.8322575092315674,1
2.7678370475769043,1
2.1087279319763184,1
1.7522672414779663,1
2.643538475036621,1
2.202732563018799,1
3.282107353210449,1
2.5373902320861816,1
1.9046056270599365,1
2.0005202293395996,1
1.8813103437423706,1
3.24277400970459,1
2.7433395385742188,1
2.244847297668457,1
3.330425262451172,1
1.9222322702407837,1
1.9343798160552979,1
2.1841564178466797,1
2.110078811645508,1
2.307798385620117,1
2.6393775939941406,1
2.457475185394287,1
2.236659049987793,1
2.357678174972534,1
2.9436662197113037,1
2.2632761001586914,1
2.354067802429199,1
2.2842960357666016,1
2.550968885421753,1
1.9892890453338623,1
3.180898427963257,1
2.5735316276550293,1
2.140718460083008,1
1.9883577823638916,1
2.192511796951294,1
2.177438259124756,1
2.4245524406433105,1
2.206333637237549,1
2.6262197494506836,1
2.1030685901641846,1
2.9151082038879395,1
3.205923557281494,1
2.1682305335998535,1
2.0772900581359863,1
2.5411014556884766,1
2.3211324214935303,1
3.033924102783203,1
1.7747161388397217,1
2.5617780685424805,1
1.8734949827194214,1
2.553049087524414,1
2.5527138710021973,1
1.914942979812622,1
2.478321075439453,1
2.4731297492980957,1
2.3339076042175293,1
2.2060654163360596,1
1.9582924842834473,1
1.8770246505737305,1
2.006222724914551,1
2.1431684494018555,1
2.467313528060913,1
2.4871652126312256,1
2.7235841751098633,1
2.0950002670288086,1
2.4011096954345703,1
2.815589427947998,1
2.369745969772339,1
2.1100025177001953,1
2.2439112663269043,1
2.2030587196350098,1
2.564526081085205,1
2.6480932235717773,1
3.420001745223999,1
2.0416502952575684,1
2.1001644134521484,1
1.9833924770355225,1
2.0028138160705566,1
2.6950361728668213,1
2.468806743621826,1
2.216787815093994,1
2.4630613327026367,1
2.2313454151153564,1
1.818830966949463,1
2.5424187183380127,1
2.3801047801971436,1
2.14023756980896,1
2.026395797729492,1
2.78767728805542,1
2.2470006942749023,1
2.343686819076538,1
1.8667786121368408,1
2.5101232528686523,1
2.035923957824707,1
1.890565037727356,1
2.3713955879211426,1
1.787530779838562,1
2.623253583908081,1
2.7740397453308105,1
2.2435085773468018,1
2.215961217880249,1
2.285041332244873,1
2.533402919769287,1
2.5110034942626953,1
2.6817638874053955,1
2.439512252807617,1
2.6244828701019287,1
2.0815541744232178,1
2.258261203765869,1
2.24957537651062,1
2.1193857192993164,1
2.3724167346954346,1
2.5201706886291504,1
2.318424701690674,1
2.573457717895508,1
1.8876745700836182,1
2.5310068130493164,1
2.716317892074585,1
2.5339555740356445,1
2.098830461502075,1
1.8075289726257324,1
2.26969313621521,1
2.6477713584899902,1
2.3755595684051514,1
2.0818588733673096,1
2.501596212387085,1
2.519001007080078,1
2.010019302368164,1
2.0169789791107178,1
2.6532928943634033,1
1.9187824726104736,1
1.962118148803711,1
2.5394821166992188,1
2.285489797592163,1
2.552375078201294,1
2.3454222679138184,1
2.9940850734710693,1
2.923311233520508,1
3.488443613052368,1
2.686552047729492,1
2.2852208614349365,1
2.740335464477539,1
2.883883476257324,1
2.3685688972473145,1
1.9024673700332642,1
2.256882667541504,1
1.8746281862258911,1
2.867426872253418,1
1.8765742778778076,1
2.228559970855713,1
1.7389639616012573,1
2.920997142791748,1
2.701862096786499,1
2.0262367725372314,1
2.958634376525879,1
2.6002607345581055,1
2.0341594219207764,1
2.3974809646606445,1
1.9395557641983032,1
2.612283229827881,1
3.250810146331787,1
2.398399591445923,1
2.544506788253784,1
2.347630500793457,1
2.362745761871338,1
3.050304651260376,1
1.9139578342437744,1
2.4976086616516113,1
2.3840584754943848,1
2.2291879653930664,1
2.4614782333374023,1
2.2911367416381836,1
2.2359445095062256,1
2.5013649463653564,1
2.79719614982605,1
2.091033935546875,1
1.773069143295288,1
2.786630630493164,1
2.375912666320801,1
1.6198903322219849,1
2.0595932006835938,1
2.7560877799987793,1
1.4386627674102783,1
2.148472547531128,1
2.1748225688934326,1
2.742769718170166,1
2.536614179611206,1
2.0966601371765137,1
2.715812921524048,1
2.4581680297851563,1
2.328688621520996,1
1.9709687232971191,1
2.694096803665161,1
1.9532718658447266,1
2.409634590148926,1
1.721148133277893,1
2.3651113510131836,1
1.8200485706329346,1
1.8421680927276611,1
1.8716108798980713,1
2.4309821128845215,1
1.8174443244934082,1
1.9534289836883545,1
1.9834959506988525,1
3.4074573516845703,1
1.5072295665740967,1
2.389972686767578,1
1.9675846099853516,1
2.172361135482788,1
2.290972948074341,1
2.5523741245269775,1
2.226867198944092,1
2.237574338912964,1
2.728926181793213,1
1.9558141231536865,1
2.2775425910949707,1
2.163551092147827,1
2.939070224761963,1
2.6505982875823975,1
2.195758104324341,1
3.164350986480713,1
1.8157002925872803,1
1.5191209316253662,1
2.553541898727417,1
2.1516337394714355,1
2.7748565673828125,1
2.7179203033447266,1
2.9746830463409424,1
2.642080545425415,1
2.4392895698547363,1
2.6753952503204346,1
2.556500196456909,1
2.4804279804229736,1
2.0051331520080566,1
2.588325023651123,1
2.9419102668762207,1
2.5604195594787598,1
2.2869699001312256,1
2.6393802165985107,1
2.2226297855377197,1
2.8280913829803467,1
2.2194652557373047,1
2.2984180450439453,1
1.9504196643829346,1
2.416231393814087,1
2.5620596408843994,1
2.723958969116211,1
2.197167158126831,1
2.3777217864990234,1
2.7054529190063477,1
2.329073905944824,1
2.165205478668213,1
2.2764370441436768,1
1.8335447311401367,1
1.9530560970306396,1
2.186391592025757,1
2.351022720336914,1
2.4528374671936035,1
2.114692211151123,1
2.1044907569885254,1
1.768293023109436,1
2.2934274673461914,1
3.0595412254333496,1
2.024980306625366,1
2.206967830657959,1
2.1501781940460205,1
2.678893804550171,1
2.2850165367126465,1
2.3605198860168457,1
2.3049137592315674,1
2.6594080924987793,1
1.8742635250091553,1
2.05526065826416,1
2.4937174320220947,1
2.314464569091797,1
2.6745834350585938,1
1.971742868423462,1
2.7233834266662598,1
2.4555389881134033,1
3.0817372798919678,1
2.0515475273132324,1
2.110836982727051,1
2.4238767623901367,1
2.239989995956421,1
1.7923972606658936,1
2.181702136993408,1
2.1787757873535156,1
2.305344581604004,1
2.422783851623535,1
2.1742711067199707,1
1.9736112356185913,1
2.7034311294555664,1
2.3987722396850586,1
2.3271665573120117,1
2.923206329345703,1
1.6198551654815674,1
2.520803928375244,1
2.0455970764160156,1
2.3502416610717773,1
2.6263561248779297,1
1.977863073348999,1
2.717813014984131,1
2.471816062927246,1
2.35406231880188,1
2.1092913150787354,1
2.096835136413574,1
2.1219615936279297,1
1.8453153371810913,1
2.1875522136688232,1
2.459294319152832,1
2.5762033462524414,1
1.6589887142181396,1
3.3576838970184326,1
1.6326502561569214,1
2.1203837394714355,1
2.9100821018218994,1
2.7049646377563477,1
2.4197449684143066,1
2.4098172187805176,1
1.9534395933151245,1
1.5297346115112305,1
2.3095896244049072,1
2.6636104583740234,1
2.4442968368530273,1
2.340211868286133,1
1.9686532020568848,1
1.9718762636184692,1
2.258970260620117,1
2.068781852722168,1
2.737078905105591,1
2.3908979892730713,1
2.6746411323547363,1
2.1870181560516357,1
2.633556842803955,1
1.982801914215088,1
2.577176094055176,1
2.4762587547302246,1
2.12092661857605,1
2.4120359420776367,1
2.323437213897705,1
2.011003017425537,1
2.2251017093658447,1
2.138923406600952,1
2.453315258026123,1
1.9677433967590332,1
2.2369613647460938,1
3.2202847003936768,1
2.2793052196502686,1
2.5505080223083496,1
2.309519052505493,1
2.6074116230010986,1
2.3026416301727295,1
1.973090410232544,1
2.6610684394836426,1
2.1819727420806885,1
2.3682668209075928,1
1.9147047996520996,1
2.259342670440674,1
2.029900312423706,1
2.423875570297241,1
2.352139949798584,1
1.863635540008545,1
1.9613523483276367,1
2.0885016918182373,1
2.3339998722076416,1
2.299882411956787,1
2.057476043701172,1
2.3504347801208496,1
2.1283698081970215,1
2.100947380065918,1
2.279757499694824,1
1.8925496339797974,1
2.3861916065216064,1
2.0832343101501465,1
2.2611465454101563,1
1.9995899200439453,1
2.7137837409973145,1
2.2511258125305176,1
1.998164176940918,1
2.41679048538208,1
2.4473371505737305,1
2.2524218559265137,1
2.1397957801818848,1
2.1499648094177246,1
2.4076523780822754,1
1.8400897979736328,1
2.4117026329040527,1
2.2323007583618164,1
2.6838088035583496,1
2.2824759483337402,1
2.3795289993286133,1
2.4803171157836914,1
1.667504072189331,1
3.4856302738189697,1
2.5209922790527344,1
2.358668565750122,1
2.6417622566223145,1
2.466972589492798,1
2.733769416809082,1
2.1900854110717773,1
2.0620412826538086,1
2.610938549041748,1
1.8469911813735962,1
2.4126524925231934,1
2.093571901321411,1
2.2256994247436523,1
2.3446450233459473,1
1.9416320323944092,1
3.333197593688965,1
2.555511951446533,1
2.343903064727783,1
2.5913901329040527,1
2.0850305557250977,1
2.530913829803467,1
2.0008981227874756,1
2.098945140838623,1
2.249238967895508,1
3.0040431022644043,1
2.617572784423828,1
2.115410327911377,1
2.347534418106079,1
2.0452165603637695,1
2.7411084175109863,1
2.0014076232910156,1
2.301816463470459,1
2.076307535171509,1
2.3062076568603516,1
2.4821219444274902,1
3.7364091873168945,1
2.887242078781128,1
2.7196855545043945,1
2.0820112228393555,1
2.278254508972168,1
1.7947049140930176,1
3.5762903690338135,1
1.9042484760284424,1
2.594212055206299,1
2.2936482429504395,1
2.203091859817505,1
2.950552463531494,1
2.6200551986694336,1
2.121696949005127,1
2.5544514656066895,1
1.8972710371017456,1
2.018383264541626,1
2.4793546199798584,1
2.325192928314209,1
1.8466476202011108,1
2.5396599769592285,1
3.0855729579925537,1
2.9249749183654785,1
2.1990063190460205,1
2.311833620071411,1
2.0171797275543213,1
2.557302951812744,1
1.7975326776504517,1
1.756094217300415,1
2.282674789428711,1
2.419375419616699,1
2.041299819946289,1
2.136288642883301,1
3.32047963142395,1
2.735711097717285,1
2.5994045734405518,1
2.421574115753174,1
3.0959763526916504,1
2.0791449546813965,1
2.155710220336914,1
2.0666017532348633,1
2.2633633613586426,1
2.1159110069274902,1
1.9216954708099365,1
1.7527408599853516,1
2.69516658782959,1
2.016423463821411,1
1.8547487258911133,1
2.5420784950256348,1
2.4135966300964355,1
2.8285508155822754,1
3.6273183822631836,1
1.7660564184188843,1
2.47979736328125,1
2.1693758964538574,1
3.3774776458740234,1
2.108476400375366,1
2.3830037117004395,1
1.958044171333313,1
2.2378809452056885,1
2.748109817504883,1
2.263871669769287,1
2.158836841583252,1
2.1826958656311035,1
1.9978998899459839,1
2.258582353591919,1
2.9383506774902344,1
2.2880938053131104,1
1.880289077758789,1
2.919542074203491,1
3.558133602142334,1
2.469836473464966,1
2.5830726623535156,1
3.7802414894104004,1
3.3413047790527344,1
2.949779987335205,1
1.8638527393341064,1
2.621032238006592,1
2.490586757659912,1
2.7259628772735596,1
3.2866811752319336,1
2.605966091156006,1
2.360949993133545,1
2.161440849304199,1
2.7619690895080566,1
2.6407113075256348,1
3.2230358123779297,1
3.2355706691741943,1
2.0502419471740723,1
2.004506826400757,1
2.8852756023406982,1
2.5691585540771484,1
2.462552070617676,1
3.1012725830078125,1
2.578214168548584,1
2.5741677284240723,1
1.7075161933898926,1
2.410841941833496,1
3.7042651176452637,1
2.6278634071350098,1
2.412343740463257,1
2.5938310623168945,1
3.135439157485962,1
2.1760880947113037,1
2.607506513595581,1
2.5373806953430176,1
2.6499409675598145,1
2.453806161880493,1
2.502490758895874,1
2.9231061935424805,1
2.542153835296631,1
2.4768638610839844,1
2.1160500049591064,1
3.0696804523468018,1
1.7230250835418701,1
2.2612931728363037,1
2.561371326446533,1
3.1488664150238037,1
2.1110780239105225,1
2.5797042846679688,1
2.094130516052246,1
2.1675097942352295,1
2.8237152099609375,1
2.0265145301818848,1
2.1391379833221436,1
2.5386083126068115,1
2.6953155994415283,1
2.3033456802368164,1
2.1315598487854004,1
1.7819691896438599,1
2.2389609813690186,1
2.1990609169006348,1
2.042275905609131,1
3.0392837524414063,1
2.525998592376709,1
2.849534749984741,1
2.5113844871520996,1
2.17226243019104,1
2.5944933891296387,1
2.3381729125976563,1
1.9928836822509766,1
2.1358399391174316,1
2.8318934440612793,1
2.2352545261383057,1
2.4387435913085938,1
2.154524326324463,1
2.0893959999084473,1
2.4540867805480957,1
1.9241597652435303,1
1.8312534093856812,1
1.9069629907608032,1
2.115365505218506,1
2.320753574371338,1
2.6164169311523438,1
2.465301990509033,1
1.7241246700286865,1
3.447270154953003,1
2.382082462310791,1
2.5539464950561523,1
2.4438376426696777,1
2.3123645782470703,1
2.0578529834747314,1
2.305377721786499,1
1.5939693450927734,1
1.7840168476104736,1
1.8418323993682861,1
2.352030038833618,1
2.2893285751342773,1
2.7556920051574707,1
1.8243834972381592,1
2.411403179168701,1
2.1871190071105957,1
1.913606882095337,1
2.422366142272949,1
2.114393949508667,1
2.7072930335998535,1
1.8238255977630615,1
2.74033260345459,1
2.132683038711548,1
2.419797420501709,1
2.5234436988830566,1
3.1815762519836426,1
2.177875280380249,1
2.1085104942321777,1
4.312958717346191,1
2.200148105621338,1
2.9290733337402344,1
2.227529525756836,1
2.405269145965576,1
2.810053825378418,1
2.57589054107666,1
2.69852352142334,1
2.4019253253936768,1
2.94272780418396,1
2.664271354675293,1
2.0503644943237305,1
2.362426519393921,1
2.3356025218963623,1
3.313279390335083,1
2.896444797515869,1
2.1889638900756836,1
2.34126877784729,1
2.7499442100524902,1
2.7371926307678223,1
2.1645820140838623,1
2.3709211349487305,1
1.957383632659912,1
3.1607613563537598,1
2.990299701690674,1
2.345996379852295,1
2.4584426879882813,1
2.693817615509033,1
2.9019103050231934,1
2.9548935890197754,1
2.801100492477417,1
1.920438289642334,1
2.3816964626312256,1
2.3777756690979004,1
2.6366825103759766,1
1.8545031547546387,1
2.446350574493408,1
2.449155807495117,1
2.440459728240967,1
2.2571115493774414,1
1.9901732206344604,1
2.4766268730163574,1
2.364445924758911,1
2.4010090827941895,1
2.2109689712524414,1
2.200584650039673,1
2.7682363986968994,1
2.0686943531036377,1
2.426241397857666,1
2.421618700027466,1
2.501861095428467,1
2.459273338317871,1
2.125802993774414,1
2.845259666442871,1
2.226590156555176,1
2.4678030014038086,1
2.256528615951538,1
1.935131311416626,1
2.175492286682129,1
2.099411964416504,1
2.105070114135742,1
2.4998161792755127,1
2.570878028869629,1
2.1203975677490234,1
2.483379364013672,1
2.300405979156494,1
1.9421429634094238,1
2.279087543487549,1
2.440774440765381,1
2.667203187942505,1
2.809502601623535,1
2.261864185333252,1
2.378575325012207,1
2.128774642944336,1
2.556903600692749,1
2.6000423431396484,1
2.1521570682525635,1
1.7818927764892578,1
1.4900767803192139,1
2.6330406665802,1
2.2021324634552,1
2.3938536643981934,1
2.574274778366089,1
2.478321075439453,1
2.3372461795806885,1
2.275479793548584,1
2.2570738792419434,1
2.2028703689575195,1
2.110950469970703,1
2.5531699657440186,1
2.4018845558166504,1
2.1116714477539063,1
2.799107789993286,1
2.292804718017578,1
2.278965473175049,1
2.184938907623291,1
2.0371646881103516,1
2.470883846282959,1
1.6727358102798462,1
2.767976760864258,1
2.1006035804748535,1
2.82741117477417,1
2.0260167121887207,1
1.8603159189224243,1
2.371081590652466,1
2.314289093017578,1
2.6411800384521484,1
2.6122372150421143,1
2.024797201156616,1
2.3061604499816895,1
2.0063278675079346,1
2.0910627841949463,1
2.429319381713867,1
2.148756265640259,1
2.1424002647399902,1
1.8463847637176514,1
2.446408987045288,1
2.045954465866089,1
2.7678799629211426,1
2.2400712966918945,1
2.0360054969787598,1
2.5003199577331543,1
2.244173288345337,1
2.493135929107666,1
3.120267868041992,1
2.8077032566070557,1
2.3240299224853516,1
2.68198823928833,1
2.627432107925415,1
2.3619632720947266,1
2.624068260192871,1
2.0242834091186523,1
1.9126074314117432,1
1.9895617961883545,1
2.022228717803955,1
2.2876152992248535,1
2.7794747352600098,1
2.410285234451294,1
2.471702814102173,1
2.3926618099212646,1
2.1518542766571045,1
2.6025781631469727,1
4.041622161865234,1
3.0011367797851563,1
2.666102886199951,1
2.139209747314453,1
2.5034475326538086,1
3.4502782821655273,1
3.5829501152038574,1
2.3424625396728516,1
2.5236775875091553,1
2.636415719985962,1
2.507495164871216,1
2.6561880111694336,1
2.7373905181884766,1
3.15035343170166,1
2.824676990509033,1
2.860647678375244,1
2.022128105163574,1
2.3700852394104004,1
2.6129887104034424,1
2.6728293895721436,1
2.3346474170684814,1
2.2843661308288574,1
2.2809691429138184,1
1.9647963047027588,1
2.607893466949463,1
2.6484832763671875,1
2.3698015213012695,1
2.1721410751342773,1
2.011946678161621,1
2.5101523399353027,1
2.047774314880371,1
2.312967300415039,1
2.532557964324951,1
2.0022456645965576,1
2.4864654541015625,1
2.390657901763916,1
2.5303499698638916,1
2.5151586532592773,1
2.3085246086120605,1
2.4527106285095215,1
1.8929121494293213,1
1.8984442949295044,1
1.577106237411499,1
2.014920234680176,1
2.8169522285461426,1
2.8436646461486816,1
2.4996278285980225,1
2.282318115234375,1
2.1070241928100586,1
2.402578353881836,1
2.6749563217163086,1
2.022301197052002,1
1.3886618614196777,1
2.5096278190612793,1
1.8639123439788818,1
2.8229377269744873,1
2.1757302284240723,1
2.1970632076263428,1
1.8213814496994019,1
3.069639205932617,1
2.2263741493225098,1
1.8965048789978027,1
2.571753740310669,1
2.7580723762512207,1
2.1212234497070313,1
2.206550121307373,1
1.7796754837036133,1
1.8913729190826416,1
1.9357287883758545,1
1.8954808712005615,1
2.385171890258789,1
2.3123230934143066,1
1.8226468563079834,1
2.2091879844665527,1
2.238257646560669,1
1.7272000312805176,1
1.8142387866973877,1
2.4986929893493652,1
2.0218710899353027,1
2.1727709770202637,1
1.7772518396377563,1
2.5727009773254395,1
2.2092950344085693,1
2.1326138973236084,1
2.094710350036621,1
2.159928560256958,1
1.9784610271453857,1
2.484524726867676,1
3.2802977561950684,1
2.274613857269287,1
2.2844927310943604,1
2.63664174079895,1
2.13568115234375,1
2.408637523651123,1
1.991998314857483,1
2.558432102203369,1
2.164851188659668,1
2.3885178565979004,1
2.4503092765808105,1
2.316887378692627,1
2.507168769836426,1
2.080850601196289,1
2.0968921184539795,1
2.597909450531006,1
2.4740395545959473,1
2.308554172515869,1
2.0103697776794434,1
2.079151153564453,1
2.4993503093719482,1
2.7574565410614014,1
2.1116385459899902,1
2.3317296504974365,1
1.763416051864624,1
2.4651126861572266,1
1.8810055255889893,1
3.0491068363189697,1
2.1980011463165283,1
2.2601513862609863,1
1.9538564682006836,1
2.0311617851257324,1
2.5917508602142334,1
2.199462413787842,1
1.7973458766937256,1
1.9766747951507568,1
2.13934326171875,1
2.940051555633545,1
2.346949338912964,1
2.474155902862549,1
2.2525105476379395,1
1.9837610721588135,1
1.9055018424987793,1
1.9158776998519897,1
2.4493191242218018,1
2.0726397037506104,1
2.247816562652588,1
2.185863494873047,1
2.035954236984253,1
1.9201830625534058,1
2.7604715824127197,1
2.388225555419922,1
1.601741075515747,1
1.8920238018035889,1
1.8990758657455444,1
2.5003459453582764,1
2.133410930633545,1
2.1128523349761963,1
2.28058123588562,1
1.8628168106079102,1
2.6968953609466553,1
2.1090590953826904,1
2.4176924228668213,1
2.0851845741271973,1
2.253814220428467,1
2.6001265048980713,1
2.4022436141967773,1
2.1821038722991943,1
2.917418956756592,1
1.69364595413208,1
1.8377490043640137,1
2.4234321117401123,1
2.8863279819488525,1
2.130840301513672,1
1.8336942195892334,1
2.1796088218688965,1
2.653940439224243,1
2.459974765777588,1
2.0609993934631348,1
2.7668039798736572,1
2.181657314300537,1
1.967555284500122,1
2.0138540267944336,1
2.264651298522949,1
2.614412546157837,1
3.1842377185821533,1
2.1119985580444336,1
2.5128185749053955,1
1.7338207960128784,1
2.1723716259002686,1
2.347259044647217,1
2.4328453540802,1
2.298269271850586,1
2.476205348968506,1
2.7276785373687744,1
2.1640467643737793,1
1.9736202955245972,1
2.363673210144043,1
2.8586273193359375,1
2.546588897705078,1
2.6645238399505615,1
1.938185453414917,1
1.70990788936615,1
2.608604669570923,1
2.339468240737915,1
2.48872971534729,1
2.3670315742492676,1
2.0792629718780518,1
2.2326157093048096,1
2.5840542316436768,1
2.302455186843872,1
2.6633448600769043,1
3.0460376739501953,1
2.152958631515503,1
1.731292963027954,1
2.1370468139648438,1
2.278773784637451,1
3.2333712577819824,1
3.3091506958007813,1
3.8654439449310303,1
2.675795078277588,1
2.6198840141296387,1
2.8935227394104004,1
2.7962069511413574,1
2.9963128566741943,1
2.5671727657318115,1
1.858069896697998,1
2.1303868293762207,1
2.1585845947265625,1
2.3215441703796387,1
2.442171096801758,1
2.818626642227173,1
2.8092708587646484,1
2.065272092819214,1
1.9212827682495117,1
2.919515609741211,1
2.5402913093566895,1
2.8925833702087402,1
3.2422678470611572,1
2.290142774581909,1
2.5360116958618164,1
3.1622986793518066,1
1.8848323822021484,1
2.5313961505889893,1
2.1966419219970703,1
2.8573341369628906,1
2.4571526050567627,1
1.9910731315612793,1
2.886873960494995,1
2.9616875648498535,1
2.277010440826416,1
2.279392719268799,1
2.5385777950286865,1
2.617159843444824,1
1.9522483348846436,1
2.226449966430664,1
2.0477545261383057,1
2.3064892292022705,1
2.4220504760742188,1
2.083998918533325,1
2.3217010498046875,1
2.0679235458374023,1
2.6399035453796387,1
2.276193618774414,1
2.261402130126953,1
2.0530178546905518,1
2.0023865699768066,1
2.4778971672058105,1
2.106825828552246,1
2.7434825897216797,1
2.2451798915863037,1
2.066392421722412,1
1.8123608827590942,1
2.4767117500305176,1
2.8754968643188477,1
2.6909947395324707,1
2.5653913021087646,1
3.4769082069396973,1
2.9671096801757813,1
2.732628345489502,1
2.384023666381836,1
2.729935646057129,1
1.8648409843444824,1
2.9774088859558105,1
2.8345677852630615,1
3.2466630935668945,1
2.2815778255462646,1
2.688988208770752,1
2.2832961082458496,1
2.5059890747070313,1
2.834653854370117,1
2.830791711807251,1
2.359308958053589,1
2.039957046508789,1
2.893235206604004,1
2.1424694061279297,1
2.2295219898223877,1
2.263631820678711,1
2.24130916595459,1
2.966266632080078,1
2.3988735675811768,1
2.0081496238708496,1
2.32498836517334,1
2.4837796688079834,1
2.9286580085754395,1
2.642728805541992,1
2.118570327758789,1
2.786707878112793,1
1.7501373291015625,1
3.3911867141723633,1
2.0055429935455322,1
2.3688011169433594,1
2.102642059326172,1
1.9805724620819092,1
2.643691062927246,1
2.221580982208252,1
2.0549635887145996,1
1.8803499937057495,1
2.609344482421875,1
1.9055293798446655,1
2.7084693908691406,1
2.763835906982422,1
2.098431348800659,1
2.4819109439849854,1
2.352323055267334,1
2.228118419647217,1
2.5135769844055176,1
2.109586715698242,1
2.5832488536834717,1
2.8001227378845215,1
3.0445094108581543,1
2.2583813667297363,1
2.1756961345672607,1
2.3352761268615723,1
2.123680353164673,1
2.495309352874756,1
2.3608131408691406,1
1.4714395999908447,1
2.4135475158691406,1
2.0713329315185547,1
2.2525792121887207,1
2.1035823822021484,1
2.1526026725769043,1
2.038877010345459,1
2.462536573410034,1
2.6029789447784424,1
2.2501537799835205,1
2.017292022705078,1
1.721358060836792,1
1.9965441226959229,1
2.392056465148926,1
2.598832607269287,1
2.8552699089050293,1
2.8938839435577393,1
2.7728981971740723,1
1.9823837280273438,1
2.22011137008667,1
2.659179925918579,1
2.0043485164642334,1
2.463064670562744,1
1.8839659690856934,1
2.5320656299591064,1
2.5627806186676025,1
2.68601131439209,1
2.01301908493042,1
2.309576988220215,1
2.0937206745147705,1
2.96690034866333,1
2.06174898147583,1
1.9863812923431396,1
2.452535629272461,1
2.079463005065918,1
1.9075143337249756,1
2.0330421924591064,1
2.4971189498901367,1
2.406550645828247,1
2.3069088459014893,1
1.9696176052093506,1
2.117037296295166,1
1.7050056457519531,1
2.135700225830078,1
2.1174745559692383,1
2.4037246704101563,1
2.8631694316864014,1
2.257427215576172,1
2.299889326095581,1
2.4084813594818115,1
2.498392105102539,1
3.272768974304199,1
2.192467212677002,1
2.2010629177093506,1
2.89262318611145,1
2.097968101501465,1
2.2587616443634033,1
2.337171792984009,1
2.1865267753601074,1
2.333866834640503,1
2.0602617263793945,1
1.9012528657913208,1
2.5417466163635254,1
2.36507511138916,1
1.8377360105514526,1
1.7338030338287354,1
2.048187255859375,1
2.229248046875,1
1.8299421072006226,1
2.7190752029418945,1
2.2652149200439453,1
2.321262836456299,1
1.9866840839385986,1
2.16325044631958,1
1.8001430034637451,1
2.7737221717834473,1
2.0654585361480713,1
1.611318588256836,1
2.173172950744629,1
2.378293991088867,1
1.8448621034622192,1
1.808298110961914,1
2.545213222503662,1
2.3829212188720703,1
2.249357223510742,1
2.037091016769409,1
2.2222466468811035,1
2.364692211151123,1
2.1923227310180664,1
1.9499704837799072,1
2.981567859649658,1
2.5269477367401123,1
2.286588191986084,1
2.4539875984191895,1
2.247800350189209,1
2.4149527549743652,1
2.31082820892334,1
2.203331708908081,1
2.169534206390381,1
2.382394552230835,1
2.6055264472961426,1
2.4780898094177246,1
2.3329169750213623,1
2.105337619781494,1
1.9778389930725098,1
2.0646581649780273,1
2.5711495876312256,1
1.7754416465759277,1
2.2689499855041504,1
1.9657480716705322,1
1.8915822505950928,1
2.5873539447784424,1
2.4614953994750977,1
2.0174553394317627,1
2.6666669845581055,1
2.1045475006103516,1
2.3381571769714355,1
1.807119607925415,1
1.9692025184631348,1
1.6707899570465088,1
1.9253931045532227,1
3.0086820125579834,1
2.5213401317596436,1
2.153019905090332,1
2.1511964797973633,1
2.0768206119537354,1
2.2693099975585938,1
2.265882968902588,1
2.098785877227783,1
2.3157129287719727,1
2.293492317199707,1
2.733107089996338,1
2.87184476852417,1
2.2868385314941406,1
1.5893412828445435,1
2.9481334686279297,1
2.2153282165527344,1
2.2348902225494385,1
2.1664891242980957,1
1.7420285940170288,1
2.183408260345459,1
2.4979991912841797,1
2.099803924560547,1
2.1328210830688477,1
1.7662190198898315,1
1.9958209991455078,1
2.590013027191162,1
1.8802307844161987,1
3.3814053535461426,1
2.5622758865356445,1
2.019334554672241,1
2.1456735134124756,1
2.2411153316497803,1
2.5074892044067383,1
2.7017598152160645,1
2.989915370941162,1
2.4372429847717285,1
2.3278021812438965,1
2.510488510131836,1
3.6919169425964355,1
2.052056312561035,1
1.8925580978393555,1
2.6823811531066895,1
2.465737819671631,1
2.346940755844116,1
2.3470799922943115,1
2.7757656574249268,1
2.168623447418213,1
2.1414456367492676,1
2.358712911605835,1
3.789299488067627,1
2.702885866165161,1
2.312743663787842,1
2.064072608947754,1
2.329986572265625,1
2.598982334136963,1
2.951711654663086,1
2.3148951530456543,1
2.535139799118042,1
2.0563840866088867,1
2.5198605060577393,1
2.7234911918640137,1
2.2254693508148193,1
2.279465675354004,1
2.873175621032715,1
2.0037498474121094,1
1.8168015480041504,1
2.3754682540893555,1
2.1045446395874023,1
2.9074316024780273,1
2.140814781188965,1
2.5341835021972656,1
2.2911088466644287,1
2.2592978477478027,1
2.212698459625244,1
2.2219130992889404,1
1.9378151893615723,1
2.3049778938293457,1
2.645726203918457,1
2.428009510040283,1
2.8161401748657227,1
2.4626007080078125,1
2.590007781982422,1
1.7744848728179932,1
2.4486758708953857,1
2.3874549865722656,1
1.6279933452606201,1
2.4315900802612305,1
2.0093297958374023,1
2.569045305252075,1
2.3031249046325684,1
2.8383960723876953,1
2.4443399906158447,1
3.0314838886260986,1
2.398560047149658,1
2.6972856521606445,1
1.7681026458740234,1
2.409393787384033,1
2.4388303756713867,1
2.7743380069732666,1
2.393242835998535,1
2.349639415740967,1
2.4710748195648193,1
2.7142224311828613,1
1.91795015335083,1
2.8478310108184814,1
2.355839729309082,1
2.5074658393859863,1
2.155531883239746,1
2.404545783996582,1
2.1565630435943604,1
2.372292995452881,1
2.147951602935791,1
2.146317958831787,1
1.7581815719604492,1
2.457087278366089,1
1.5028131008148193,1
2.9956512451171875,1
2.3412132263183594,1
2.3803646564483643,1
2.2608518600463867,1
2.019435405731201,1
2.5681090354919434,1
3.0509438514709473,1
2.2481348514556885,1
2.0813210010528564,1
2.123297929763794,1
2.0766687393188477,1
2.4663822650909424,1
2.205313205718994,1
2.114694118499756,1
2.917210578918457,1
1.777381181716919,1
2.0783345699310303,1
2.544283390045166,1
1.8850549459457397,1
2.3263697624206543,1
2.278508186340332,1
2.0997328758239746,1
2.3915557861328125,1
2.783289909362793,1
2.220637321472168,1
1.8823963403701782,1
1.991215467453003,1
2.0695109367370605,1
2.331099033355713,1
2.0747320652008057,1
2.9738247394561768,1
1.803619146347046,1
2.480858564376831,1
1.9348793029785156,1
2.4811630249023438,1
2.2727956771850586,1
3.060638427734375,1
2.402933359146118,1
2.9564366340637207,1
1.958070158958435,1
2.0746021270751953,1
1.5499564409255981,1
2.438754081726074,1
2.214163303375244,1
1.8910276889801025,1
2.174431800842285,1
2.2779552936553955,1
2.4801621437072754,1
2.4945991039276123,1
2.222475051879883,1
2.181804656982422,1
2.267242431640625,1
1.943466305732727,1
2.0381226539611816,1
2.1325371265411377,1
2.3229033946990967,1
1.8494069576263428,1
1.7391189336776733,1
2.1913628578186035,1
2.0849719047546387,1
1.975283145904541,1
2.7246639728546143,1
2.331585645675659,1
2.0463380813598633,1
2.511570930480957,1
1.7903475761413574,1
1.9989374876022339,1
1.9329936504364014,1
2.991016387939453,1
2.2012360095977783,1
2.42537260055542,1
2.4015352725982666,1
1.9748244285583496,1
2.588655948638916,1
2.0169837474823,1
2.45495343208313,1
3.6519079208374023,1
3.2327470779418945,1
2.1264235973358154,1
2.4279956817626953,1
2.202899694442749,1
2.2848124504089355,1
2.4478647708892822,1
2.5452699661254883,1
2.7522764205932617,1
2.8647849559783936,1
2.304363965988159,1
2.0883259773254395,1
2.719956398010254,1
2.0530316829681396,1
2.554373264312744,1
2.1819634437561035,1
1.8230524063110352,1
2.330010414123535,1
2.486693859100342,1
2.5112245082855225,1
2.823209762573242,1
2.2935259342193604,1
2.188957691192627,1
2.847200393676758,1
2.4974656105041504,1
2.4728751182556152,1
2.124842643737793,1
1.9562218189239502,1
3.0041399002075195,1
1.86631441116333,1
1.938744068145752,1
2.261488914489746,1
2.3159186840057373,1
1.9373164176940918,1
2.365957021713257,1
2.2375168800354004,1
1.9315168857574463,1
2.3870065212249756,1
2.1966590881347656,1
2.428837299346924,1
2.5712218284606934,1
2.4850311279296875,1
2.024261951446533,1
1.868134617805481,1
2.553148031234741,1
2.144064426422119,1
2.554574489593506,1
1.9210822582244873,1
2.0844881534576416,1
2.042898178100586,1
2.4325082302093506,1
1.6557800769805908,1
2.0107898712158203,1
2.9301257133483887,1
2.4490952491760254,1
2.0862481594085693,1
2.4914326667785645,1
2.6979074478149414,1
2.20993709564209,1
1.7012641429901123,1
2.0710787773132324,1
1.8829280138015747,1
1.9187889099121094,1
1.8774209022521973,1
1.7555816173553467,1
1.9052016735076904,1
2.1371331214904785,1
1.5247175693511963,1
2.189420223236084,1
2.174555778503418,1
2.252232074737549,1
2.529879093170166,1
2.3268556594848633,1
2.0325417518615723,1
2.513033390045166,1
2.057528018951416,1
1.8504836559295654,1
1.8396250009536743,1
2.6177258491516113,1
1.7914824485778809,1
3.045274496078491,1
2.818899631500244,1
2.3306946754455566,1
2.5447235107421875,1
2.179596185684204,1
2.438201904296875,1
3.1938560009002686,1
2.3690202236175537,1
1.9988619089126587,1
2.536526679992676,1
2.372743606567383,1
2.0908055305480957,1
1.7395381927490234,1
2.1443440914154053,1
2.4092020988464355,1
1.9591798782348633,1
2.3815269470214844,1
2.205247640609741,1
2.0298399925231934,1
1.9236514568328857,1
2.142974853515625,1
2.2482688426971436,1
2.328995704650879,1
2.3998031616210938,1
2.482837677001953,1
2.215967893600464,1
2.541335105895996,1
2.120084762573242,1
2.110729694366455,1
1.8517459630966187,1
2.356167793273926,1
2.598353862762451,1
2.1323091983795166,1
1.9674023389816284,1
2.4651646614074707,1
1.9526547193527222,1
3.0682168006896973,1
1.817814826965332,1
2.158085823059082,1
2.490257740020752,1
2.944681406021118,1
2.8413100242614746,1
4.1395392417907715,1
4.2574567794799805,1
3.718276023864746,1
3.965028762817383,1
3.5095012187957764,1
3.048020362854004,1
2.7180070877075195,1
2.3264212608337402,1
2.5331037044525146,1
2.351296901702881,1
2.404148578643799,1
2.10512638092041,1
2.8908746242523193,1
2.589714527130127,1
2.5613245964050293,1
2.35015869140625,1
2.906426429748535,1
2.235629081726074,1
3.086135149002075,1
2.6429357528686523,1
3.108330488204956,1
2.4957141876220703,1
2.745236873626709,1
3.2429542541503906,1
3.512068748474121,1
2.8924219608306885,1
2.8744335174560547,1
2.8800177574157715,1
2.002685308456421,1
2.5572564601898193,1
2.9772543907165527,1
2.4010860919952393,1
2.296530246734619,1
1.936762809753418,1
2.041231393814087,1
2.5703787803649902,1
1.8767647743225098,1
2.5850625038146973,1
2.3616249561309814,1
2.1558444499969482,1
2.580246925354004,1
2.795769453048706,1
2.04880690574646,1
1.887418270111084,1
1.9618111848831177,1
2.1368699073791504,1
2.4705166816711426,1
2.058100700378418,1
2.4363839626312256,1
2.6174521446228027,1
2.0752058029174805,1
2.1429519653320313,1
2.1846060752868652,1
2.0241992473602295,1
2.1707956790924072,1
2.260434627532959,1
2.6425907611846924,1
2.290839433670044,1
2.524930000305176,1
2.151620388031006,1
2.0912113189697266,1
2.025270462036133,1
2.357177734375,1
2.6524007320404053,1
2.5950095653533936,1
2.943324089050293,1
2.5331506729125977,1
2.3966145515441895,1
2.5671396255493164,1
2.470858097076416,1
2.5710487365722656,1
1.863466739654541,1
3.9540536403656006,1
2.3683176040649414,1
1.8335340023040771,1
1.8699681758880615,1
2.641201972961426,1
2.0982117652893066,1
2.502868175506592,1
1.9530646800994873,1
2.5432016849517822,1
2.58569598197937,1
2.5228235721588135,1
2.0339548587799072,1
3.1350226402282715,1
2.1409850120544434,1
2.7939281463623047,1
2.380143880844116,1
2.2844114303588867,1
2.551450252532959,1
1.9036848545074463,1
2.094853401184082,1
2.3897299766540527,1
2.6088669300079346,1
2.205451488494873,1
2.5325753688812256,1
2.881051540374756,1
2.757571220397949,1
2.954967498779297,1
2.6188035011291504,1
1.8337242603302002,1
2.844597578048706,1
2.5585689544677734,1
3.135748863220215,1
2.263896942138672,1
2.689129590988159,1
2.138639211654663,1
2.225278854370117,1
1.7323846817016602,1
2.105297565460205,1
2.4382472038269043,1
2.816195487976074,1
2.455857515335083,1
2.58695125579834,1
2.4772534370422363,1
2.5611929893493652,1
2.2892229557037354,1
2.215158224105835,1
3.111098527908325,1
1.755136251449585,1
2.468855381011963,1
1.951911449432373,1
1.897796392440796,1
2.108875036239624,1
1.9849151372909546,1
2.785369396209717,1
2.145618438720703,1
2.501371145248413,1
2.2076070308685303,1
2.4454588890075684,1
2.021439552307129,1
2.0030224323272705,1
2.2537777423858643,1
2.5729823112487793,1
2.169085741043091,1
1.6653419733047485,1
2.1268105506896973,1
2.2818331718444824,1
2.0184640884399414,1
1.9666168689727783,1
2.2083139419555664,1
1.9341061115264893,1
1.6988807916641235,1
2.118839740753174,1
2.6556382179260254,1
2.414876937866211,1
2.1692166328430176,1
2.3296990394592285,1
2.3367719650268555,1
2.674006938934326,1
2.581395149230957,1
2.104854106903076,1
2.3165369033813477,1
2.539294719696045,1
1.9404270648956299,1
2.0623345375061035,1
2.2095179557800293,1
1.6744836568832397,1
3.2934083938598633,1
2.338620185852051,1
2.2582836151123047,1
2.091034412384033,1
1.778216004371643,1
1.9329304695129395,1
1.872058629989624,1
2.694260597229004,1
2.122344970703125,1
2.2685546875,1
2.5414140224456787,1
2.334444046020508,1
3.55265212059021,1
2.4001238346099854,1
2.6084980964660645,1
2.766270637512207,1
2.0946145057678223,1
1.8451449871063232,1
2.110161781311035,1
1.9897537231445313,1
1.6361565589904785,1
3.20106840133667,1
1.9809672832489014,1
2.1278934478759766,1
1.9010465145111084,1
2.3792850971221924,1
2.6782917976379395,1
2.8028721809387207,1
2.2941396236419678,1
1.9635908603668213,1
2.1218137741088867,1
2.566070556640625,1
2.3292245864868164,1
2.279297113418579,1
2.8580050468444824,1
1.853460669517517,1
2.7631146907806396,1
2.1901185512542725,1
2.5910940170288086,1
2.564915657043457,1
2.0277180671691895,1
1.867366909980774,1
2.187246799468994,1
1.9784111976623535,1
2.732764720916748,1
2.109071969985962,1
2.877870559692383,1
2.0206592082977295,1
2.0943198204040527,1
2.0270767211914063,1
2.2740697860717773,1
3.1057889461517334,1
2.3594424724578857,1
2.4901318550109863,1
2.8254177570343018,1
1.703399419784546,1
2.7040302753448486,1
2.5547196865081787,1
2.0888819694519043,1
2.519117593765259,1
1.9383256435394287,1
2.040818691253662,1
2.1706759929656982,1
1.7519264221191406,1
1.9975526332855225,1
2.1320953369140625,1
1.8536736965179443,1
2.082348346710205,1
2.397686719894409,1
2.127330780029297,1
1.540142297744751,1
1.8065756559371948,1
2.3094379901885986,1
1.7803218364715576,1
2.067938804626465,1
2.664330005645752,1
2.2238011360168457,1
2.014298915863037,1
1.7297178506851196,1
2.110808849334717,1
2.0469887256622314,1
2.370025634765625,1
1.9327712059020996,1
2.021376609802246,1
2.7410495281219482,1
2.1809439659118652,1
2.589184522628784,1
2.2405893802642822,1
2.5522654056549072,1
3.4349722862243652,1
3.3220295906066895,1
2.179417371749878,1
2.8024511337280273,1
3.0841705799102783,1
3.6203572750091553,1
2.772939443588257,1
2.117485523223877,1
2.7472071647644043,1
2.8402891159057617,1
2.182335376739502,1
3.118622303009033,1
2.7594337463378906,1
2.418550491333008,1
2.4448890686035156,1
2.333512783050537,1
2.692742347717285,1
1.8936704397201538,1
2.3622560501098633,1
2.1686482429504395,1
2.6968753337860107,1
2.4327139854431152,1
2.5182199478149414,1
2.4487006664276123,1
1.9413723945617676,1
2.6292591094970703,1
2.7739851474761963,1
2.4198737144470215,1
2.45564866065979,1
1.9368609189987183,1
2.8993945121765137,1
2.3241727352142334,1
2.2817821502685547,1
2.3790411949157715,1
2.0941548347473145,1
1.8762630224227905,1
2.104390859603882,1
2.492466449737549,1
2.123093605041504,1
2.8905246257781982,1
2.050426959991455,1
2.0767107009887695,1
2.0974745750427246,1
2.6627304553985596,1
2.1315507888793945,1
2.0818748474121094,1
2.096559524536133,1
2.324723243713379,1
2.2496085166931152,1
2.8215763568878174,1
2.771843910217285,1
2.2111926078796387,1
3.0167765617370605,1
2.646714687347412,1
2.5119762420654297,1
2.289949417114258,1
2.3275132179260254,1
2.7274258136749268,1
2.419706344604492,1
2.2601819038391113,1
2.529042959213257,1
2.7963709831237793,1
2.9622795581817627,1
2.167372941970825,1
2.358286142349243,1
2.4020771980285645,1
2.2233216762542725,1
2.0717949867248535,1
2.739379405975342,1
1.8689812421798706,1
3.0262694358825684,1
2.13489031791687,1
2.1232175827026367,1
3.3306615352630615,1
1.8141957521438599,1
2.1447129249572754,1
2.14656400680542,1
3.051570415496826,1
2.217799663543701,1
2.3769588470458984,1
1.9861578941345215,1
1.6252988576889038,1
2.121217966079712,1
3.0374836921691895,1
2.3994436264038086,1
2.184833526611328,1
2.072838306427002,1
3.5854105949401855,1
2.5093581676483154,1
2.113773822784424,1
2.416031837463379,1
2.091928482055664,1
2.0051369667053223,1
2.4183287620544434,1
1.5890538692474365,1
1.8680509328842163,1
2.4943227767944336,1
2.119029998779297,1
2.4682984352111816,1
2.083073616027832,1
2.893934488296509,1
2.2581710815429688,1
2.2854349613189697,1
2.975839614868164,1
2.486849308013916,1
2.002263069152832,1
2.7051517963409424,1
2.5825142860412598,1
2.446293354034424,1
2.123382091522217,1
2.1181840896606445,1
1.9118925333023071,1
2.753854990005493,1
2.5607662200927734,1
2.9938156604766846,1
3.075432062149048,1
3.361766815185547,1
2.411698818206787,1
2.370584487915039,1
2.142139196395874,1
2.688605785369873,1
2.906933307647705,1
2.1491312980651855,1
2.038712978363037,1
2.3835272789001465,1
2.1864376068115234,1
3.0471878051757813,1
2.584501266479492,1
2.094789981842041,1
2.063117027282715,1
2.249688148498535,1
2.5073838233947754,1
2.7172982692718506,1
1.9535084962844849,1
2.24220871925354,1
2.6909360885620117,1
2.821834087371826,1
2.9638757705688477,1
2.193387985229492,1
2.2906346321105957,1
2.031174898147583,1
2.7137293815612793,1
2.358079433441162,1
2.4461591243743896,1
2.37087345123291,1
2.4341378211975098,1
2.396951675415039,1
3.217622995376587,1
2.5592150688171387,1
1.7483106851577759,1
2.2912023067474365,1
1.9083287715911865,1
2.2991063594818115,1
2.517482280731201,1
1.9453918933868408,1
2.6947927474975586,1
2.287487268447876,1
2.4595303535461426,1
2.1593410968780518,1
2.1846957206726074,1
2.2511463165283203,1
1.933081865310669,1
2.153635025024414,1
1.584604263305664,1
2.369140148162842,1
2.7468819618225098,1
2.565913438796997,1
2.055521011352539,1
2.750474452972412,1
2.9119443893432617,1
2.251995801925659,1
2.203975200653076,1
1.979209065437317,1
2.339338779449463,1
2.076038360595703,1
2.9125161170959473,1
2.624600410461426,1
1.875770092010498,1
2.064639091491699,1
2.381904125213623,1
2.5960071086883545,1
2.378488063812256,1
2.767211675643921,1
3.0004518032073975,1
2.446782350540161,1
2.150111198425293,1
2.432711601257324,1
2.6665196418762207,1
2.5605196952819824,1
2.263150215148926,1
2.491762638092041,1
1.978682279586792,1
2.679523468017578,1
2.8369240760803223,1
2.585982322692871,1
3.305232286453247,1
1.8667707443237305,1
2.3355751037597656,1
2.03913950920105,1
2.575777769088745,1
2.7421035766601563,1
2.157630681991577,1
1.9900399446487427,1
2.6073338985443115,1
2.9313488006591797,1
3.118572235107422,1
2.824223518371582,1
1.989632487297058,1
2.1173858642578125,1
2.9938626289367676,1
2.1560845375061035,1
2.859748363494873,1
2.6369168758392334,1
2.15203857421875,1
2.3728151321411133,1
2.4951725006103516,1
2.74334979057312,1
2.5098440647125244,1
1.9348814487457275,1
2.202845335006714,1
2.3477694988250732,1
2.430555820465088,1
2.314789056777954,1
1.991633653640747,1
1.856232762336731,1
2.2365527153015137,1
2.165562152862549,1
2.6339669227600098,1
2.555760383605957,1
2.94419527053833,1
2.4447309970855713,1
2.6833977699279785,1
2.2135324478149414,1
2.8619730472564697,1
1.8844200372695923,1
2.401862382888794,1
2.1102843284606934,1
2.5259475708007813,1
2.3430988788604736,1
1.6850578784942627,1
3.204624891281128,1
1.7703075408935547,1
2.1957950592041016,1
2.454857349395752,1
2.492687225341797,1
2.378976583480835,1
2.728937864303589,1
2.329927682876587,1
2.796983242034912,1
2.126465320587158,1
2.941103458404541,1
2.020406723022461,1
2.449876308441162,1
2.419975519180298,1
1.9749400615692139,1
2.4212095737457275,1
2.956857681274414,1
2.735475540161133,1
2.604275703430176,1
1.8845418691635132,1
1.8322174549102783,1
2.3883731365203857,1
1.7778700590133667,1
2.092853546142578,1
2.0816211700439453,1
2.8420372009277344,1
1.7984189987182617,1
2.388899326324463,1
2.5256550312042236,1
2.004565954208374,1
2.0359582901000977,1
2.6818017959594727,1
2.5116934776306152,1
1.9594826698303223,1
2.0242578983306885,1
2.8629825115203857,1
2.012470245361328,1
2.239661693572998,1
2.026157855987549,1
1.644256591796875,1
3.0674946308135986,1
2.1423146724700928,1
2.0364925861358643,1
2.2002267837524414,1
2.048328399658203,1
2.41493558883667,1
2.6518304347991943,1
1.5814343690872192,1
2.8514294624328613,1
2.2850561141967773,1
2.0717196464538574,1
2.895094633102417,1
2.661161422729492,1
1.742666482925415,1
3.4788942337036133,1
1.9868887662887573,1
2.093878746032715,1
2.4846975803375244,1
2.364175319671631,1
1.7330900430679321,1
2.017228126525879,1
2.7336623668670654,1
2.5952348709106445,1
2.016559600830078,1
2.6750783920288086,1
2.332940101623535,1
2.476210117340088,1
1.9935394525527954,1
2.031057596206665,1
2.5466413497924805,1
2.641784191131592,1
2.0693576335906982,1
2.1137847900390625,1
2.403108835220337,1
1.611729383468628,1
2.2236499786376953,1
2.3466854095458984,1
2.1355507373809814,1
1.5503129959106445,1
2.6526718139648438,1
1.911280870437622,1
3.140669345855713,1
2.060401439666748,1
2.208022356033325,1
2.9988722801208496,1
1.578842043876648,1
2.3048205375671387,1
2.330514907836914,1
1.7171528339385986,1
2.0727555751800537,1
2.3529200553894043,1
2.4280285835266113,1
2.4345285892486572,1
1.7782764434814453,1
1.6774094104766846,1
1.7341514825820923,1
2.9798927307128906,1
2.412717342376709,1
1.8263828754425049,1
1.928067922592163,1
2.162349224090576,1
1.9489765167236328,1
2.226308822631836,1
2.0366368293762207,1
1.8682808876037598,1
1.8554339408874512,1
2.228729724884033,1
2.483726739883423,1
2.025258779525757,1
2.3395438194274902,1
1.8116474151611328,1
2.155250072479248,1
1.961076259613037,1
2.7374179363250732,1
2.1254005432128906,1
2.197383403778076,1
2.2245049476623535,1
1.8252859115600586,1
1.5604954957962036,1
2.071418523788452,1
2.082615375518799,1
3.1009578704833984,1
2.608030319213867,1
2.275228977203369,1
2.7161498069763184,1
2.106198310852051,1
2.460463523864746,1
2.474510431289673,1
2.0731875896453857,1
2.7191529273986816,1
2.415750026702881,1
2.2156543731689453,1
2.64174485206604,1
2.9214649200439453,1
1.98045015335083,1
2.0682199001312256,1
2.417725086212158,1
2.3107500076293945,1
2.391449451446533,1
2.3674063682556152,1
2.6490318775177,1
1.996143102645874,1
2.1792843341827393,1
2.8380556106567383,1
2.4836113452911377,1
2.7062907218933105,1
2.003178834915161,1
2.8164119720458984,1
1.8543779850006104,1
2.4137582778930664,1
2.839536666870117,1
2.6414413452148438,1
2.7962751388549805,1
2.4487762451171875,1
2.3101658821105957,1
2.414855480194092,1
2.9293339252471924,1
2.363839864730835,1
2.005774974822998,1
2.059056282043457,1
2.0734856128692627,1
2.468862533569336,1
2.560481071472168,1
2.2844338417053223,1
2.7294492721557617,1
2.6057090759277344,1
1.956275224685669,1
2.7603578567504883,1
2.8119611740112305,1
2.6780920028686523,1
2.510887622833252,1
2.1335535049438477,1
2.695390462875366,1
2.852811336517334,1
1.832276701927185,1
2.2009658813476563,1
2.438086986541748,1
1.9581451416015625,1
2.471175193786621,1
2.701356887817383,1
1.9779701232910156,1
2.3157637119293213,1
2.193862199783325,1
1.8434966802597046,1
2.5607597827911377,1
2.417804718017578,1
2.4274590015411377,1
2.3504438400268555,1
1.8306987285614014,1
1.8543410301208496,1
2.3446812629699707,1
2.086838722229004,1
2.6872708797454834,1
2.4409782886505127,1
2.100008964538574,1
1.9087975025177002,1
1.9970026016235352,1
1.9983958005905151,1
3.571073055267334,1
3.248584270477295,1
3.157595634460449,1
2.4511685371398926,1
2.452526569366455,1
2.752624988555908,1
2.5593056678771973,1
2.8742077350616455,1
2.796037197113037,1
2.748136043548584,1
2.1952264308929443,1
1.962442398071289,1
2.0737409591674805,1
2.8429770469665527,1
2.9656829833984375,1
2.721306324005127,1
2.529327154159546,1
1.8556009531021118,1
2.43540096282959,1
2.305169105529785,1
2.0583457946777344,1
2.9819226264953613,1
2.475614070892334,1
1.8404121398925781,1
2.28749418258667,1
2.3429455757141113,1
3.0653982162475586,1
2.9338412284851074,1
2.455939292907715,1
2.5576319694519043,1
1.9582493305206299,1
2.529143810272217,1
2.5301389694213867,1
2.41123104095459,1
2.168292760848999,1
2.2404839992523193,1
2.2687010765075684,1
2.3506357669830322,1
2.1437599658966064,1
2.3387908935546875,1
1.7462348937988281,1
1.850897192955017,1
2.1527700424194336,1
2.1097652912139893,1
3.1139097213745117,1
2.539578914642334,1
1.9159555435180664,1
2.432189464569092,1
2.022282838821411,1
2.5466513633728027,1
1.9902573823928833,1
2.4770400524139404,1
2.4704813957214355,1
2.2084736824035645,1
2.0370349884033203,1
1.9940632581710815,1
3.4854023456573486,1
2.3964245319366455,1
2.169055700302124,1
2.2413132190704346,1
2.092358112335205,1
1.9578765630722046,1
2.3053672313690186,1
2.3199141025543213,1
2.277899742126465,1
2.3508238792419434,1
2.285806655883789,1
