2.0308737754821777,1
2.3381757736206055,1
2.2931032180786133,1
2.4548873901367188,1
2.338815689086914,1
2.3233017921447754,1
2.346200942993164,1
2.664604663848877,1
2.384188175201416,1
1.7694008350372314,1
2.876208782196045,1
2.6044201850891113,1
2.365708827972412,1
1.9153859615325928,1
2.4388129711151123,1
1.8628692626953125,1
2.37308406829834,1
1.9448612928390503,1
1.8562140464782715,1
2.2862422466278076,1
2.087047576904297,1
2.4494712352752686,1
2.458256721496582,1
2.1972742080688477,1
2.362139940261841,1
2.0296061038970947,1
2.315959930419922,1
2.2387137413024902,1
2.0226998329162598,1
2.2450881004333496,1
2.5154643058776855,1
2.2939491271972656,1
2.067577838897705,1
2.5733914375305176,1
2.046766757965088,1
2.2966396808624268,1
1.7240979671478271,1
2.106210231781006,1
2.4617176055908203,1
2.0337276458740234,1
2.330484390258789,1
2.9321346282958984,1
2.207587718963623,1
2.343975782394409,1
2.4089536666870117,1
2.0706610679626465,1
2.5012640953063965,1
1.9164561033248901,1
2.1756436824798584,1
1.9871137142181396,1
1.9178426265716553,1
2.635077953338623,1
1.8052115440368652,1
2.0815796852111816,1
2.670093059539795,1
2.6677989959716797,1
2.8137807846069336,1
2.22175931930542,1
2.2349469661712646,1
1.9528881311416626,1
2.5083866119384766,1
2.6808900833129883,1
2.631721019744873,1
1.692012071609497,1
2.0350921154022217,1
1.8493915796279907,1
2.1900248527526855,1
2.5283141136169434,1
2.09531307220459,1
2.1765222549438477,1
2.295769453048706,1
2.4051082134246826,1
1.9724535942077637,1
2.2325615882873535,1
2.550349712371826,1
2.289308786392212,1
2.1748430728912354,1
2.322540283203125,1
2.0179474353790283,1
1.7933349609375,1
2.2320597171783447,1
2.690546989440918,1
2.3142943382263184,1
2.408782482147217,1
2.6220781803131104,1
2.3882036209106445,1
2.290254831314087,1
1.8739469051361084,1
2.3348007202148438,1
2.1036486625671387,1
2.3255934715270996,1
1.7189538478851318,1
2.076216220855713,1
2.4086055755615234,1
2.5287857055664063,1
2.1663618087768555,1
2.084632396697998,1
2.2363576889038086,1
2.329981803894043,1
1.7688312530517578,1
2.4993159770965576,1
1.991966724395752,1
2.152217149734497,1
2.8266398906707764,1
2.793303966522217,1
2.577622413635254,1
2.2776570320129395,1
3.0623035430908203,1
2.9116740226745605,1
2.194615125656128,1
2.5259101390838623,1
2.643876552581787,1
2.5659523010253906,1
2.934476852416992,1
1.8271753787994385,1
2.748750925064087,1
2.228929042816162,1
2.015643358230591,1
3.1781508922576904,1
2.3380351066589355,1
2.2451205253601074,1
2.966242790222168,1
3.012812376022339,1
2.008453607559204,1
2.7720320224761963,1
2.338404655456543,1
2.180446147918701,1
2.3962578773498535,1
1.8279694318771362,1
2.3102359771728516,1
2.536654472351074,1
2.312371253967285,1
2.2189695835113525,1
2.0064706802368164,1
2.2014620304107666,1
2.3994193077087402,1
1.9919968843460083,1
2.113788366317749,1
2.1999549865722656,1
2.5290441513061523,1
1.9806435108184814,1
1.9569828510284424,1
1.8645833730697632,1
2.403136730194092,1
2.436447858810425,1
2.4555230140686035,1
2.5366928577423096,1
2.1701297760009766,1
1.9547067880630493,1
1.8212263584136963,1
2.1026391983032227,1
2.429145097732544,1
2.3573243618011475,1
2.1744048595428467,1
1.8954404592514038,1
2.0902493000030518,1
2.183384418487549,1
2.3152663707733154,1
2.0244460105895996,1
2.5878615379333496,1
2.4220948219299316,1
2.2730531692504883,1
2.290116310119629,1
2.741090774536133,1
1.7464152574539185,1
2.5224103927612305,1
2.3809974193573,1
2.5052661895751953,1
2.3439910411834717,1
2.448958158493042,1
2.5765528678894043,1
2.5213582515716553,1
2.0262999534606934,1
1.828893780708313,1
2.2944860458374023,1
2.2065670490264893,1
2.222459077835083,1
2.692087411880493,1
2.0735855102539063,1
1.649969220161438,1
2.445786952972412,1
2.5143277645111084,1
2.509626626968384,1
2.477787494659424,1
2.7655012607574463,1
2.378451108932495,1
2.3727378845214844,1
2.1571969985961914,1
2.3066859245300293,1
2.032470703125,1
1.8076086044311523,1
3.047891139984131,1
2.357815742492676,1
3.040222644805908,1
2.39412784576416,1
2.4339632987976074,1
2.424461841583252,1
1.9964789152145386,1
2.7198243141174316,1
2.709669828414917,1
2.0063724517822266,1
2.497589588165283,1
2.1405627727508545,1
2.5515382289886475,1
1.7689111232757568,1
1.937501072883606,1
2.40596079826355,1
2.060845136642456,1
1.9170985221862793,1
2.4195618629455566,1
1.9991211891174316,1
2.319575786590576,1
2.803009033203125,1
2.584242820739746,1
2.939429759979248,1
2.3956618309020996,1
2.06888484954834,1
2.809126377105713,1
2.043215751647949,1
1.6971676349639893,1
1.6147568225860596,1
2.2368218898773193,1
2.4738829135894775,1
2.177222728729248,1
3.5725531578063965,1
1.9154917001724243,1
1.9464800357818604,1
2.452174663543701,1
2.4849987030029297,1
2.2846786975860596,1
2.5050597190856934,1
2.099241256713867,1
1.8899744749069214,1
2.4767017364501953,1
2.801964282989502,1
2.4896068572998047,1
3.440074920654297,1
2.137864589691162,1
2.1008875370025635,1
2.3027772903442383,1
2.843799114227295,1
2.234253406524658,1
2.3748703002929688,1
2.355003833770752,1
2.7788517475128174,1
1.887195110321045,1
1.9565136432647705,1
2.531759262084961,1
1.9615058898925781,1
2.860848903656006,1
1.9418227672576904,1
2.0787534713745117,1
2.0649681091308594,1
2.361290693283081,1
1.9714045524597168,1
2.7170872688293457,1
2.54573917388916,1
2.675652503967285,1
2.4132285118103027,1
1.9157403707504272,1
2.752950668334961,1
1.883346438407898,1
1.8512678146362305,1
2.5578150749206543,1
2.6958436965942383,1
2.4745333194732666,1
2.4810948371887207,1
2.181480884552002,1
2.1994705200195313,1
1.9778056144714355,1
2.3060100078582764,1
2.3348145484924316,1
2.2679457664489746,1
2.182382106781006,1
1.8467124700546265,1
2.196655511856079,1
2.4157145023345947,1
1.7547903060913086,1
2.0105090141296387,1
2.065213918685913,1
1.9185694456100464,1
2.067380905151367,1
2.00089955329895,1
2.17944073677063,1
2.1064212322235107,1
2.224212169647217,1
2.2494702339172363,1
2.2459335327148438,1
2.674121856689453,1
1.7287306785583496,1
2.2700235843658447,1
2.4430837631225586,1
2.3629672527313232,1
2.5123934745788574,1
1.9594504833221436,1
1.852580189704895,1
3.1753032207489014,1
2.4108176231384277,1
2.0062098503112793,1
2.1253905296325684,1
2.8649582862854004,1
2.843515396118164,1
2.537440538406372,1
2.14271879196167,1
1.8831413984298706,1
2.4865431785583496,1
2.1476495265960693,1
2.00504207611084,1
2.5044257640838623,1
3.1948471069335938,1
2.819680690765381,1
2.3472979068756104,1
2.369805335998535,1
2.767711639404297,1
2.090207815170288,1
2.198935031890869,1
2.937053918838501,1
2.866915702819824,1
2.399049758911133,1
2.329580783843994,1
1.9617719650268555,1
2.3009395599365234,1
1.8503410816192627,1
2.2754478454589844,1
2.401693344116211,1
1.9349539279937744,1
2.5208232402801514,1
2.3262007236480713,1
2.484377384185791,1
2.906898260116577,1
2.0770699977874756,1
2.5300097465515137,1
2.5941600799560547,1
2.6249828338623047,1
2.3673641681671143,1
2.297114372253418,1
1.9069163799285889,1
2.1288528442382813,1
2.3570380210876465,1
3.239165782928467,1
1.8693959712982178,1
2.4387435913085938,1
2.0882253646850586,1
3.076101779937744,1
2.5512402057647705,1
2.302628517150879,1
1.9359126091003418,1
2.426119327545166,1
2.178621292114258,1
2.0076355934143066,1
2.5495948791503906,1
2.3602075576782227,1
2.102987766265869,1
2.1205391883850098,1
2.2548766136169434,1
2.3010566234588623,1
1.8884387016296387,1
2.1329400539398193,1
2.093006134033203,1
2.551321506500244,1
2.4823431968688965,1
2.5985589027404785,1
2.41353702545166,1
1.9603229761123657,1
1.9562171697616577,1
2.18406343460083,1
2.7836618423461914,1
2.8333017826080322,1
2.9650816917419434,1
2.3050737380981445,1
2.0968165397644043,1
2.208634376525879,1
2.2112505435943604,1
1.7395033836364746,1
2.421016216278076,1
2.0088210105895996,1
2.015991687774658,1
2.192631483078003,1
2.690431594848633,1
2.0681686401367188,1
1.8135074377059937,1
2.164064884185791,1
2.2001819610595703,1
2.293790817260742,1
2.1115126609802246,1
1.8962329626083374,1
2.3650479316711426,1
2.0692598819732666,1
1.8766663074493408,1
2.4794113636016846,1
2.691551446914673,1
2.472501516342163,1
3.096994400024414,1
2.347090244293213,1
2.135366201400757,1
2.3980839252471924,1
2.1514487266540527,1
1.758450984954834,1
2.4329347610473633,1
2.782485008239746,1
3.333160400390625,1
1.9016168117523193,1
2.8823068141937256,1
3.0209550857543945,1
2.0126748085021973,1
2.102686882019043,1
2.6265175342559814,1
2.9031004905700684,1
2.4519548416137695,1
2.500030517578125,1
2.2507472038269043,1
2.437413215637207,1
2.2860665321350098,1
1.8591070175170898,1
2.2362401485443115,1
2.920919418334961,1
2.460298538208008,1
2.318251132965088,1
2.8403029441833496,1
2.436796188354492,1
2.1694021224975586,1
2.4921600818634033,1
2.087263345718384,1
2.126060724258423,1
2.0513129234313965,1
2.298060894012451,1
2.6313295364379883,1
2.2104315757751465,1
2.638038396835327,1
2.991638660430908,1
2.376772403717041,1
2.1901679039001465,1
2.8381009101867676,1
2.1460351943969727,1
2.1801161766052246,1
2.1510255336761475,1
2.1458938121795654,1
2.433823585510254,1
1.6202181577682495,1
2.095240592956543,1
2.0454440116882324,1
2.6700634956359863,1
2.126218318939209,1
2.380250930786133,1
2.767552614212036,1
1.985649585723877,1
1.7119368314743042,1
2.7122223377227783,1
1.918015480041504,1
2.424593925476074,1
2.687908887863159,1
2.135221004486084,1
2.3248045444488525,1
2.04718017578125,1
2.354922294616699,1
2.5074074268341064,1
2.323000192642212,1
3.3351035118103027,1
2.4131107330322266,1
2.115683078765869,1
2.9111275672912598,1
2.991218090057373,1
2.63301420211792,1
3.032470226287842,1
2.4769022464752197,1
2.2980258464813232,1
2.4700849056243896,1
1.7065088748931885,1
2.6105308532714844,1
2.196580171585083,1
2.2943341732025146,1
2.542872667312622,1
2.2240524291992188,1
2.62235951423645,1
2.379633903503418,1
2.199892997741699,1
2.3724241256713867,1
1.9530105590820313,1
2.444044589996338,1
2.8660266399383545,1
2.224025249481201,1
2.4386556148529053,1
2.348660945892334,1
1.9602808952331543,1
2.40798282623291,1
2.2570905685424805,1
2.186833381652832,1
2.2521376609802246,1
2.1281275749206543,1
3.1539552211761475,1
2.212742567062378,1
2.076240062713623,1
1.8789284229278564,1
2.3334882259368896,1
2.5139243602752686,1
2.2256436347961426,1
2.0323925018310547,1
2.1557531356811523,1
1.9069124460220337,1
2.339343547821045,1
2.589308977127075,1
2.486298084259033,1
2.2589340209960938,1
2.398528814315796,1
2.8320047855377197,1
2.133002519607544,1
2.226165771484375,1
2.287619113922119,1
2.7647247314453125,1
1.940865159034729,1
2.4127254486083984,1
3.1141743659973145,1
2.654658317565918,1
2.8082098960876465,1
2.221209764480591,1
2.089357852935791,1
2.070302724838257,1
2.2994630336761475,1
2.525724411010742,1
1.897806167602539,1
2.976515293121338,1
1.789493441581726,1
2.464020252227783,1
1.5554795265197754,1
2.0211799144744873,1
2.4746456146240234,1
2.3678622245788574,1
1.7534682750701904,1
2.140923500061035,1
2.1264495849609375,1
2.2795848846435547,1
2.066962242126465,1
1.8416681289672852,1
2.25986909866333,1
2.326516628265381,1
2.104250192642212,1
2.30134654045105,1
1.652823805809021,1
1.8981949090957642,1
2.605506420135498,1
2.466017723083496,1
2.1270346641540527,1
2.305778980255127,1
2.9527587890625,1
2.891070604324341,1
2.24592661857605,1
2.375147819519043,1
2.5979092121124268,1
2.4460830688476563,1
2.8863158226013184,1
2.1864891052246094,1
2.2154083251953125,1
2.561782121658325,1
2.880805015563965,1
2.145428419113159,1
2.3464291095733643,1
1.89267897605896,1
2.761352300643921,1
2.4215166568756104,1
2.593276023864746,1
1.7930094003677368,1
2.411874294281006,1
2.4750754833221436,1
2.71708345413208,1
2.2056307792663574,1
2.7716665267944336,1
2.4838457107543945,1
2.028365135192871,1
2.3666975498199463,1
2.143603801727295,1
2.5404045581817627,1
2.282721519470215,1
1.9034771919250488,1
2.6241579055786133,1
2.5788166522979736,1
2.0326178073883057,1
2.2921364307403564,1
2.2017464637756348,1
2.0392870903015137,1
2.9730567932128906,1
2.0488529205322266,1
2.380732774734497,1
1.750505805015564,1
2.4902424812316895,1
2.019606590270996,1
1.7378640174865723,1
2.062826633453369,1
2.515292167663574,1
2.2830162048339844,1
1.7552659511566162,1
2.314777374267578,1
2.3444957733154297,1
2.7484960556030273,1
1.8812764883041382,1
2.1024887561798096,1
2.448275089263916,1
2.671025276184082,1
2.6454238891601563,1
2.3357906341552734,1
1.9241636991500854,1
2.386357307434082,1
2.202744483947754,1
2.2770168781280518,1
2.319817543029785,1
2.4251761436462402,1
2.461858034133911,1
2.6596474647521973,1
2.8346643447875977,1
2.202085494995117,1
2.141880989074707,1
1.634657382965088,1
2.3496575355529785,1
2.1876778602600098,1
2.9730887413024902,1
2.3588473796844482,1
2.1515002250671387,1
2.1860604286193848,1
2.5171823501586914,1
2.6663503646850586,1
2.0640764236450195,1
2.212785243988037,1
1.8550300598144531,1
2.39703369140625,1
2.5174694061279297,1
2.1016221046447754,1
1.8456666469573975,1
2.19101619720459,1
1.8191564083099365,1
2.102125644683838,1
2.31541109085083,1
2.077817916870117,1
1.8377693891525269,1
1.7862420082092285,1
2.3019964694976807,1
2.4797589778900146,1
1.5972169637680054,1
2.382714033126831,1
2.1564218997955322,1
1.7469993829727173,1
2.224837303161621,1
2.650672435760498,1
1.8454179763793945,1
2.175708770751953,1
2.253932476043701,1
2.688645124435425,1
2.210555076599121,1
1.7917039394378662,1
2.618893623352051,1
2.7572731971740723,1
1.9085313081741333,1
2.517080783843994,1
2.0482192039489746,1
2.1421165466308594,1
2.6153488159179688,1
1.8196849822998047,1
2.271289825439453,1
2.1484200954437256,1
2.271017074584961,1
2.4691824913024902,1
2.1796646118164063,1
2.2797863483428955,1
2.6507411003112793,1
2.004558563232422,1
2.3162455558776855,1
2.7799270153045654,1
1.9426071643829346,1
2.6715331077575684,1
2.666839599609375,1
2.9638519287109375,1
2.272146463394165,1
1.8638263940811157,1
1.5224250555038452,1
2.602609157562256,1
2.717130661010742,1
2.5407445430755615,1
2.1388983726501465,1
2.4300098419189453,1
2.203042984008789,1
2.109010696411133,1
2.321524143218994,1
2.3200063705444336,1
2.1451377868652344,1
1.7935858964920044,1
3.0969042778015137,1
2.119490146636963,1
2.5986392498016357,1
2.548227310180664,1
2.780700206756592,1
2.1356406211853027,1
2.279910087585449,1
2.186011791229248,1
1.9842915534973145,1
2.1749157905578613,1
2.0323691368103027,1
1.7963299751281738,1
2.808952808380127,1
2.072720527648926,1
2.053962230682373,1
2.104668617248535,1
2.233811855316162,1
2.8496265411376953,1
2.2121455669403076,1
2.8351802825927734,1
2.0694971084594727,1
2.106508731842041,1
1.929634928703308,1
1.8288453817367554,1
2.2977423667907715,1
2.289513349533081,1
2.289102554321289,1
2.1182918548583984,1
2.5981626510620117,1
2.5542142391204834,1
2.810401201248169,1
2.0735576152801514,1
3.3639941215515137,1
2.4799704551696777,1
2.984518527984619,1
2.238058090209961,1
2.419735908508301,1
2.2155392169952393,1
2.2584047317504883,1
1.8074721097946167,1
2.1319198608398438,1
2.310023546218872,1
2.099363327026367,1
2.210212230682373,1
1.8776214122772217,1
2.291640281677246,1
1.773802399635315,1
2.1307311058044434,1
2.4169650077819824,1
2.3799381256103516,1
1.9515190124511719,1
2.8479907512664795,1
2.1029574871063232,1
2.588484525680542,1
2.8975133895874023,1
2.658673048019409,1
1.832129716873169,1
2.248715400695801,1
2.58815336227417,1
2.854783058166504,1
2.49365234375,1
2.1234943866729736,1
2.764803886413574,1
2.275149345397949,1
2.274190902709961,1
2.7185959815979004,1
2.4295716285705566,1
2.1698648929595947,1
1.9033455848693848,1
2.305671215057373,1
2.5118489265441895,1
2.469562530517578,1
2.6583359241485596,1
1.8021185398101807,1
2.898752450942993,1
2.1957783699035645,1
2.3857131004333496,1
2.1731698513031006,1
1.872671365737915,1
2.2261033058166504,1
2.37363862991333,1
2.637855291366577,1
2.7127184867858887,1
2.320708751678467,1
2.2792088985443115,1
2.26694393157959,1
2.1057560443878174,1
2.2819440364837646,1
2.7624642848968506,1
2.655129909515381,1
2.1018106937408447,1
2.241708993911743,1
2.547244071960449,1
3.080544948577881,1
2.019519329071045,1
2.265005111694336,1
2.242727041244507,1
2.973881721496582,1
3.2656002044677734,1
2.838040828704834,1
2.013242244720459,1
2.1556272506713867,1
2.2852349281311035,1
2.4042744636535645,1
2.5825769901275635,1
2.674417495727539,1
2.4817678928375244,1
1.8582208156585693,1
2.5319361686706543,1
2.4582018852233887,1
2.3349697589874268,1
2.23760986328125,1
1.9383187294006348,1
2.535111427307129,1
2.420125961303711,1
2.442239284515381,1
2.6253225803375244,1
1.9837288856506348,1
2.1948022842407227,1
1.9345896244049072,1
2.4567363262176514,1
2.280430793762207,1
3.5145070552825928,1
2.0062451362609863,1
2.226329803466797,1
2.7001166343688965,1
1.9831799268722534,1
2.078105926513672,1
2.6193742752075195,1
2.7607271671295166,1
2.634453296661377,1
2.3860037326812744,1
2.9262120723724365,1
2.1011829376220703,1
2.125891923904419,1
2.1594316959381104,1
1.562363862991333,1
2.5369644165039063,1
1.7578463554382324,1
2.697722911834717,1
2.553356170654297,1
1.6514465808868408,1
2.3614697456359863,1
2.2558093070983887,1
1.9954557418823242,1
2.1680800914764404,1
2.5518667697906494,1
2.430797576904297,1
2.1888229846954346,1
2.086615562438965,1
2.37662410736084,1
2.538867712020874,1
1.8105450868606567,1
1.9446961879730225,1
2.197413682937622,1
2.273824691772461,1
2.1423163414001465,1
2.995512008666992,1
2.546016216278076,1
2.081725597381592,1
2.4535040855407715,1
2.2588090896606445,1
2.1126580238342285,1
2.0347354412078857,1
2.3806591033935547,1
2.4004135131835938,1
2.493048667907715,1
2.361250638961792,1
2.3465700149536133,1
1.7722578048706055,1
2.0730466842651367,1
2.4257874488830566,1
1.9644465446472168,1
2.5047290325164795,1
2.1204168796539307,1
1.927044153213501,1
1.8569563627243042,1
2.8893914222717285,1
2.754331111907959,1
1.9928933382034302,1
2.3709893226623535,1
2.6431241035461426,1
2.7738640308380127,1
2.2073473930358887,1
2.5833332538604736,1
2.194530963897705,1
2.4824843406677246,1
2.3841710090637207,1
2.7871012687683105,1
2.288599967956543,1
2.876826763153076,1
3.018779754638672,1
2.690732479095459,1
2.3905630111694336,1
2.1801953315734863,1
1.8109205961227417,1
2.10211443901062,1
2.300093173980713,1
2.1611855030059814,1
2.129976272583008,1
2.144974708557129,1
2.441524028778076,1
1.4259183406829834,1
2.317631244659424,1
1.9790388345718384,1
2.4887115955352783,1
2.258449077606201,1
2.0494813919067383,1
2.6328930854797363,1
1.9773297309875488,1
2.860630512237549,1
1.8956682682037354,1
2.2916598320007324,1
3.08626127243042,1
1.817460536956787,1
2.9729487895965576,1
2.8102030754089355,1
1.6692039966583252,1
2.4337329864501953,1
2.0048913955688477,1
2.0682737827301025,1
1.8654805421829224,1
2.2493951320648193,1
2.6627469062805176,1
2.4617528915405273,1
1.9295631647109985,1
1.6545113325119019,1
2.1597752571105957,1
2.4228720664978027,1
2.8036770820617676,1
2.192244052886963,1
3.154238224029541,1
2.7301437854766846,1
1.9439479112625122,1
2.2668118476867676,1
4.253150463104248,1
3.0239500999450684,1
2.9022347927093506,1
2.2593235969543457,1
2.8042125701904297,1
2.854332685470581,1
3.081421375274658,1
2.9479215145111084,1
2.588998317718506,1
2.801872730255127,1
3.9253087043762207,1
3.12399959564209,1
3.070131778717041,1
2.702962875366211,1
2.397862672805786,1
2.4342052936553955,1
2.771042823791504,1
3.1320981979370117,1
2.220621109008789,1
2.5321125984191895,1
2.6641125679016113,1
1.8635334968566895,1
3.0312249660491943,1
2.782492160797119,1
1.9569681882858276,1
2.0467517375946045,1
2.24478816986084,1
2.979153633117676,1
2.587092638015747,1
1.9619349241256714,1
2.687230110168457,1
2.5748324394226074,1
2.4986820220947266,1
2.2567694187164307,1
2.504352331161499,1
2.218855857849121,1
1.9079015254974365,1
2.3662607669830322,1
2.1725921630859375,1
2.9126830101013184,1
2.1139562129974365,1
2.7831435203552246,1
2.1283655166625977,1
2.140467882156372,1
3.172560453414917,1
2.2872281074523926,1
2.4829788208007813,1
3.488363265991211,1
2.141019821166992,1
2.659569025039673,1
2.3088746070861816,1
2.358243465423584,1
2.686021327972412,1
2.2484216690063477,1
2.2683331966400146,1
2.6794285774230957,1
2.3868043422698975,1
2.0994701385498047,1
3.8770272731781006,1
3.4791369438171387,1
2.9513046741485596,1
2.4537785053253174,1
2.156416893005371,1
1.9318599700927734,1
2.3191580772399902,1
2.009162664413452,1
2.202016830444336,1
3.039034843444824,1
2.6431760787963867,1
1.7289729118347168,1
4.08392858505249,1
2.9643352031707764,1
2.4447059631347656,1
2.43971586227417,1
2.585784435272217,1
1.90339195728302,1
2.657343864440918,1
2.110563278198242,1
2.8008275032043457,1
2.581718921661377,1
2.3765153884887695,1
2.2725305557250977,1
2.3257246017456055,1
2.164210081100464,1
2.46993350982666,1
2.318063259124756,1
1.9948928356170654,1
2.3020591735839844,1
2.1569392681121826,1
1.834947109222412,1
2.146137237548828,1
2.4527153968811035,1
2.2667839527130127,1
2.1472854614257813,1
2.188413381576538,1
1.9337905645370483,1
1.7135595083236694,1
2.701742649078369,1
2.44204044342041,1
2.2474746704101563,1
2.1857776641845703,1
2.087252616882324,1
2.712830066680908,1
2.703742027282715,1
2.379352569580078,1
2.399639368057251,1
1.921629548072815,1
3.148761034011841,1
2.55338191986084,1
2.059938669204712,1
2.6842880249023438,1
1.9488224983215332,1
3.9596381187438965,1
2.7431156635284424,1
1.855201005935669,1
2.359438419342041,1
2.6280264854431152,1
1.8077270984649658,1
2.1836562156677246,1
2.087897300720215,1
2.3775691986083984,1
2.194887399673462,1
2.5577852725982666,1
2.3368237018585205,1
2.255497932434082,1
2.217317581176758,1
2.6393961906433105,1
2.3556156158447266,1
1.8811248540878296,1
2.050215482711792,1
2.2888970375061035,1
2.918727397918701,1
2.1037497520446777,1
1.7584680318832397,1
2.7773940563201904,1
1.987377405166626,1
1.8363149166107178,1
2.470566749572754,1
2.617274761199951,1
2.025576591491699,1
2.3234708309173584,1
2.415994644165039,1
1.942295789718628,1
2.0196242332458496,1
1.9602911472320557,1
2.308948040008545,1
2.143617630004883,1
3.0474610328674316,1
2.108081340789795,1
1.7724876403808594,1
2.1787896156311035,1
2.0599288940429688,1
2.2396297454833984,1
2.2257213592529297,1
2.6036345958709717,1
2.2190046310424805,1
2.0870308876037598,1
2.047811508178711,1
2.0493688583374023,1
2.0384206771850586,1
2.260267734527588,1
1.6720283031463623,1
1.8557565212249756,1
2.3862922191619873,1
2.0186214447021484,1
2.5627806186676025,1
2.3375437259674072,1
2.489757537841797,1
1.9727563858032227,1
2.54427433013916,1
2.0889899730682373,1
2.0650157928466797,1
1.656090259552002,1
2.5478501319885254,1
2.4216246604919434,1
2.9620046615600586,1
2.502436637878418,1
2.339531421661377,1
2.8866915702819824,1
2.220263957977295,1
2.193739652633667,1
2.1726255416870117,1
1.9913474321365356,1
2.7190494537353516,1
1.8190096616744995,1
2.367417573928833,1
2.2587785720825195,1
2.662588119506836,1
2.5089497566223145,1
2.2742388248443604,1
2.605393409729004,1
2.2044949531555176,1
2.5021657943725586,1
2.406783103942871,1
2.144266366958618,1
2.2759273052215576,1
1.8558454513549805,1
1.9726779460906982,1
2.4905900955200195,1
2.7147796154022217,1
1.7280681133270264,1
2.2005062103271484,1
2.2714858055114746,1
2.3122384548187256,1
2.0704305171966553,1
1.9848343133926392,1
2.5218491554260254,1
2.0676865577697754,1
2.5501723289489746,1
2.5038647651672363,1
2.3941543102264404,1
1.9380981922149658,1
1.7515264749526978,1
2.5341405868530273,1
1.9181365966796875,1
1.6947407722473145,1
2.594454288482666,1
2.5681819915771484,1
2.299222946166992,1
1.9911258220672607,1
2.546618938446045,1
2.450155258178711,1
2.2508201599121094,1
2.1565780639648438,1
1.9602104425430298,1
2.230825901031494,1
2.0454511642456055,1
2.3844728469848633,1
2.133388042449951,1
2.887444019317627,1
2.3852314949035645,1
2.1720738410949707,1
2.351679801940918,1
2.258291721343994,1
2.209017038345337,1
2.2930216789245605,1
2.566664695739746,1
2.0761897563934326,1
2.8419816493988037,1
2.125791549682617,1
2.561279296875,1
2.5687215328216553,1
3.0850157737731934,1
2.286402940750122,1
2.468289375305176,1
1.2691212892532349,1
2.1493141651153564,1
1.4380037784576416,1
2.1414313316345215,1
1.9390947818756104,1
1.6856513023376465,1
2.3202195167541504,1
2.1361069679260254,1
2.606318235397339,1
1.8553498983383179,1
2.241119384765625,1
2.1022443771362305,1
2.126044750213623,1
2.0651726722717285,1
2.656109094619751,1
1.7171298265457153,1
2.5969038009643555,1
2.566094398498535,1
2.3216490745544434,1
2.2403411865234375,1
2.135746955871582,1
2.1933908462524414,1
2.2841434478759766,1
1.9345550537109375,1
1.9862943887710571,1
2.5351247787475586,1
1.3523105382919312,1
1.8661673069000244,1
2.443385124206543,1
2.3621177673339844,1
2.0462026596069336,1
2.471001148223877,1
2.3634517192840576,1
2.2048180103302,1
1.2525043487548828,1
2.269526720046997,1
2.193755626678467,1
2.596118450164795,1
2.53415846824646,1
2.5740630626678467,1
2.1339213848114014,1
2.3354859352111816,1
1.5591254234313965,1
2.298563003540039,1
2.37131929397583,1
1.8112819194793701,1
2.864058494567871,1
2.557244062423706,1
2.5573320388793945,1
2.5354628562927246,1
2.196073293685913,1
2.638228178024292,1
2.1563000679016113,1
1.890498399734497,1
1.832303524017334,1
2.7571773529052734,1
2.165614128112793,1
2.835700035095215,1
2.1251800060272217,1
2.33489990234375,1
2.98060941696167,1
2.951965570449829,1
2.0841565132141113,1
2.6558892726898193,1
2.8368935585021973,1
2.60066819190979,1
2.807648181915283,1
2.2593183517456055,1
3.445805072784424,1
2.0021157264709473,1
2.127358913421631,1
2.6286916732788086,1
2.110757827758789,1
2.3369452953338623,1
2.1554555892944336,1
2.0596752166748047,1
2.044889211654663,1
2.4789676666259766,1
2.459731101989746,1
2.6800293922424316,1
2.4166455268859863,1
1.972487449645996,1
2.9138665199279785,1
2.292037010192871,1
2.0793275833129883,1
3.2722573280334473,1
1.7913024425506592,1
2.5243802070617676,1
2.006082057952881,1
2.116992473602295,1
2.105813980102539,1
1.8448039293289185,1
1.9976015090942383,1
2.672417163848877,1
2.447230815887451,1
2.78830623626709,1
1.8719464540481567,1
2.115222692489624,1
1.7748427391052246,1
2.6524038314819336,1
1.9977710247039795,1
3.3102641105651855,1
1.9423508644104004,1
1.8796260356903076,1
1.770632266998291,1
1.9462664127349854,1
2.103559970855713,1
2.9550485610961914,1
1.9882776737213135,1
2.1311519145965576,1
2.4993174076080322,1
2.7406930923461914,1
2.390746593475342,1
1.9987499713897705,1
2.4552645683288574,1
2.2834253311157227,1
2.260714530944824,1
1.793541669845581,1
2.3849871158599854,1
2.206388473510742,1
2.740445613861084,1
2.022212266921997,1
2.4320478439331055,1
2.0245578289031982,1
2.282085418701172,1
2.6084113121032715,1
2.211982250213623,1
2.3045623302459717,1
2.2295727729797363,1
2.8294625282287598,1
2.2627580165863037,1
2.445502758026123,1
1.8863763809204102,1
2.139035701751709,1
2.0847811698913574,1
2.493469715118408,1
2.8573460578918457,1
2.7366418838500977,1
2.434293270111084,1
1.839585781097412,1
1.8604097366333008,1
2.950551986694336,1
3.8875174522399902,1
2.1032872200012207,1
2.357470989227295,1
2.542717695236206,1
1.7417340278625488,1
2.3171401023864746,1
2.716367721557617,1
2.4821834564208984,1
2.249723434448242,1
2.149256467819214,1
2.9734795093536377,1
3.1258177757263184,1
2.351863384246826,1
2.8397557735443115,1
2.2420783042907715,1
2.65348744392395,1
2.79207706451416,1
2.6297953128814697,1
2.1049861907958984,1
2.32314395904541,1
2.446885108947754,1
2.678257942199707,1
1.693453073501587,1
2.4943974018096924,1
2.806422710418701,1
3.03485107421875,1
1.886298418045044,1
2.2957489490509033,1
2.3463540077209473,1
2.4782192707061768,1
2.397211790084839,1
2.398751735687256,1
2.2442212104797363,1
2.2070791721343994,1
1.8793179988861084,1
1.9849355220794678,1
1.8523902893066406,1
2.255753993988037,1
2.6297619342803955,1
1.8580825328826904,1
2.057011604309082,1
2.214926242828369,1
2.2819573879241943,1
2.5043554306030273,1
2.6179728507995605,1
1.3598811626434326,1
1.925170660018921,1
2.297677993774414,1
2.1086158752441406,1
1.6327213048934937,1
2.4360790252685547,1
2.2460806369781494,1
2.375056266784668,1
2.295658588409424,1
2.293836832046509,1
2.2964954376220703,1
1.8172823190689087,1
2.9837875366210938,1
2.8685109615325928,1
2.488355875015259,1
3.270169973373413,1
2.682617425918579,1
2.353693962097168,1
3.083927869796753,1
2.206875801086426,1
2.3488123416900635,1
2.166106939315796,1
2.375976085662842,1
3.078251600265503,1
2.1974475383758545,1
2.192258358001709,1
2.036459445953369,1
2.456575632095337,1
2.2874350547790527,1
2.4685020446777344,1
2.237025022506714,1
2.427603244781494,1
2.6304283142089844,1
2.3243203163146973,1
2.2918930053710938,1
2.2173733711242676,1
2.583531379699707,1
2.799532413482666,1
2.070924758911133,1
1.8560880422592163,1
2.335796356201172,1
2.304839849472046,1
2.234212875366211,1
1.9261149168014526,1
1.937819004058838,1
3.2573890686035156,1
2.375135898590088,1
2.55550479888916,1
1.91056227684021,1
2.0448999404907227,1
1.714583396911621,1
3.066664457321167,1
1.6960093975067139,1
2.1757116317749023,1
2.263033866882324,1
2.8062565326690674,1
2.4205141067504883,1
2.305805206298828,1
2.728776693344116,1
2.907644510269165,1
2.505058765411377,1
2.639707326889038,1
1.8992055654525757,1
2.268833637237549,1
2.896561622619629,1
2.043421745300293,1
1.9016350507736206,1
2.4271023273468018,1
2.216449499130249,1
3.1876182556152344,1
2.6735377311706543,1
2.840017557144165,1
2.1171727180480957,1
2.0248844623565674,1
2.1419410705566406,1
2.1253390312194824,1
2.0666282176971436,1
2.6535353660583496,1
2.2766332626342773,1
2.3335561752319336,1
2.047485589981079,1
2.2909326553344727,1
2.0852463245391846,1
2.7917349338531494,1
2.8409011363983154,1
2.6169626712799072,1
1.8818330764770508,1
2.6935482025146484,1
2.416024684906006,1
1.9660710096359253,1
2.570547103881836,1
2.429659366607666,1
2.351977586746216,1
2.568249225616455,1
2.013518810272217,1
2.4243147373199463,1
4.440806865692139,1
2.817753791809082,1
2.740690231323242,1
2.7040762901306152,1
3.317561388015747,1
3.029445171356201,1
2.8091588020324707,1
2.720090389251709,1
2.784311532974243,1
2.2706634998321533,1
2.8692550659179688,1
3.088606357574463,1
3.422545909881592,1
3.0445473194122314,1
2.121164560317993,1
2.644406318664551,1
3.0836915969848633,1
2.747893810272217,1
2.2902815341949463,1
3.1718177795410156,1
2.545367956161499,1
2.6771345138549805,1
2.274995803833008,1
2.689080238342285,1
2.6444854736328125,1
2.9073405265808105,1
2.527799129486084,1
2.304678440093994,1
2.3880183696746826,1
2.476438045501709,1
3.161633014678955,1
3.09101939201355,1
2.962390422821045,1
2.3190927505493164,1
2.3044190406799316,1
2.790675163269043,1
2.127394199371338,1
2.6391496658325195,1
2.2403981685638428,1
1.9674371480941772,1
2.194453239440918,1
2.579218864440918,1
1.7986782789230347,1
2.1163430213928223,1
2.238741397857666,1
2.386444568634033,1
2.5436296463012695,1
2.5942180156707764,1
2.1879189014434814,1
2.434767007827759,1
2.667086601257324,1
3.009403705596924,1
2.7623486518859863,1
2.2272233963012695,1
2.017730474472046,1
3.2090444564819336,1
2.274003505706787,1
1.6634070873260498,1
2.3903956413269043,1
2.5910229682922363,1
2.313716411590576,1
2.2635464668273926,1
2.3391754627227783,1
2.621829032897949,1
2.016167640686035,1
2.309581756591797,1
1.9454686641693115,1
2.2563302516937256,1
2.9630770683288574,1
1.9946306943893433,1
2.3896937370300293,1
1.621622920036316,1
2.134387493133545,1
2.5457191467285156,1
2.2005834579467773,1
2.1826887130737305,1
2.123745918273926,1
2.1778831481933594,1
2.086001396179199,1
2.3965628147125244,1
1.9894410371780396,1
1.952519178390503,1
2.1291496753692627,1
2.1134519577026367,1
2.2792892456054688,1
1.9186501502990723,1
2.2934136390686035,1
2.3856472969055176,1
2.2372403144836426,1
2.689439296722412,1
3.1875298023223877,1
1.6426446437835693,1
2.4229047298431396,1
1.8752132654190063,1
2.078148365020752,1
2.677161931991577,1
2.270171642303467,1
3.0011520385742188,1
1.727738857269287,1
2.3433408737182617,1
1.5919945240020752,1
1.8353631496429443,1
2.3191981315612793,1
2.441725730895996,1
1.9183480739593506,1
2.2807278633117676,1
1.9085925817489624,1
3.1111931800842285,1
2.0844931602478027,1
2.3816442489624023,1
2.2251460552215576,1
2.603104829788208,1
2.3770575523376465,1
2.379784107208252,1
2.727802276611328,1
2.051769495010376,1
1.8982648849487305,1
2.0415682792663574,1
2.1822028160095215,1
1.853285551071167,1
2.001389265060425,1
2.595830202102661,1
2.438113212585449,1
2.3793792724609375,1
2.459333896636963,1
2.299905300140381,1
2.0203166007995605,1
2.4371562004089355,1
2.284433364868164,1
2.191103458404541,1
2.3010942935943604,1
2.6533358097076416,1
1.9790030717849731,1
2.246364116668701,1
2.345791816711426,1
1.8561716079711914,1
2.2393128871917725,1
2.177014112472534,1
1.8744924068450928,1
2.5561776161193848,1
2.0882532596588135,1
2.2059006690979004,1
2.113595962524414,1
2.655757427215576,1
1.686772346496582,1
2.461115837097168,1
2.1174001693725586,1
1.8135929107666016,1
2.27194881439209,1
1.7142598628997803,1
1.6749505996704102,1
2.2855982780456543,1
1.9086443185806274,1
2.5549511909484863,1
2.190951108932495,1
2.3778841495513916,1
2.4556713104248047,1
2.743870735168457,1
2.284437894821167,1
2.3569045066833496,1
2.092639446258545,1
2.15468692779541,1
2.4253883361816406,1
1.9964908361434937,1
2.092569351196289,1
2.9485511779785156,1
2.3128573894500732,1
2.0475220680236816,1
2.1324830055236816,1
2.5537898540496826,1
2.91995906829834,1
2.7804925441741943,1
2.109382152557373,1
1.823671579360962,1
2.4684524536132813,1
3.125398635864258,1
1.9219703674316406,1
1.6039098501205444,1
2.456519603729248,1
2.0107641220092773,1
1.933534026145935,1
2.0144033432006836,1
1.9107451438903809,1
1.8399198055267334,1
2.4623684883117676,1
2.1107192039489746,1
1.9737019538879395,1
3.0710980892181396,1
3.041416645050049,1
1.8658537864685059,1
2.5196304321289063,1
1.7901078462600708,1
2.3958563804626465,1
2.094717025756836,1
2.489128589630127,1
2.243295669555664,1
1.9640612602233887,1
2.6403608322143555,1
2.2033252716064453,1
2.3953933715820313,1
2.0167322158813477,1
1.7554152011871338,1
2.2600860595703125,1
2.0948538780212402,1
2.3375401496887207,1
2.518160343170166,1
2.870742082595825,1
2.364995002746582,1
2.188687801361084,1
2.3668391704559326,1
2.1182518005371094,1
2.6804556846618652,1
1.940812349319458,1
2.0902647972106934,1
2.3213510513305664,1
1.9094102382659912,1
2.175793170928955,1
2.446967124938965,1
2.190678596496582,1
1.8814369440078735,1
2.289478302001953,1
1.9127538204193115,1
1.8864967823028564,1
2.406409740447998,1
1.9191250801086426,1
2.310554027557373,1
2.6592140197753906,1
2.6173617839813232,1
1.8754887580871582,1
1.980792760848999,1
2.4117918014526367,1
2.8077237606048584,1
2.2984893321990967,1
2.1638035774230957,1
2.1739025115966797,1
2.328662872314453,1
2.131880760192871,1
2.110398769378662,1
1.9974274635314941,1
2.7061734199523926,1
2.2573769092559814,1
2.1063544750213623,1
1.7147696018218994,1
3.137632369995117,1
3.355212926864624,1
1.8426692485809326,1
2.232973337173462,1
2.3919503688812256,1
2.331033229827881,1
1.9993560314178467,1
1.6939373016357422,1
2.0679068565368652,1
2.5713284015655518,1
2.286813497543335,1
2.428818464279175,1
1.9207531213760376,1
2.2784297466278076,1
2.3239235877990723,1
1.9868555068969727,1
1.6779714822769165,1
2.643425226211548,1
2.124669313430786,1
1.7705439329147339,1
2.4670660495758057,1
1.8128318786621094,1
1.7185044288635254,1
2.541118621826172,1
2.7763161659240723,1
2.3649165630340576,1
2.708329200744629,1
2.2642645835876465,1
2.7090156078338623,1
3.1638407707214355,1
2.7409286499023438,1
2.526583433151245,1
2.493795394897461,1
2.4073901176452637,1
2.6199123859405518,1
2.3051395416259766,1
2.3271968364715576,1
2.592390775680542,1
2.0854949951171875,1
2.083329439163208,1
2.030794620513916,1
1.931409239768982,1
2.513252019882202,1
2.106330156326294,1
2.1821651458740234,1
2.2379095554351807,1
2.0072031021118164,1
2.4092116355895996,1
2.0643458366394043,1
2.1280300617218018,1
2.095975875854492,1
2.49946928024292,1
2.2717788219451904,1
1.956613540649414,1
2.5224223136901855,1
2.0392560958862305,1
3.550325632095337,1
2.2531018257141113,1
2.4576010704040527,1
2.187350273132324,1
2.435737133026123,1
1.980345606803894,1
1.8289072513580322,1
2.97365665435791,1
2.460570812225342,1
2.5090999603271484,1
2.1278810501098633,1
2.3279638290405273,1
2.2778732776641846,1
1.6952996253967285,1
2.4062869548797607,1
2.3717854022979736,1
2.2354114055633545,1
2.412846326828003,1
2.1725027561187744,1
2.04172682762146,1
2.3475568294525146,1
2.8404266834259033,1
2.330245018005371,1
2.2375895977020264,1
2.507061719894409,1
3.2153687477111816,1
2.515151023864746,1
2.3852219581604004,1
2.0416605472564697,1
1.6259963512420654,1
1.8862262964248657,1
2.1796021461486816,1
2.5387942790985107,1
3.056954860687256,1
2.614962577819824,1
1.870896816253662,1
2.264028787612915,1
2.3962955474853516,1
2.0662124156951904,1
1.987058401107788,1
1.9501080513000488,1
2.722024440765381,1
1.850733995437622,1
1.8538241386413574,1
2.4325950145721436,1
2.598813533782959,1
2.7798616886138916,1
2.371184825897217,1
2.085477590560913,1
2.095876455307007,1
2.3738667964935303,1
3.154438018798828,1
2.4080145359039307,1
2.201143741607666,1
2.1562585830688477,1
1.518824577331543,1
1.9482523202896118,1
2.2277238368988037,1
3.0754032135009766,1
2.66334867477417,1
1.9531176090240479,1
2.5566442012786865,1
3.149442672729492,1
2.1453161239624023,1
2.6026597023010254,1
2.0992259979248047,1
3.670530319213867,1
2.1026856899261475,1
2.4364442825317383,1
1.989361047744751,1
2.445003032684326,1
2.5386767387390137,1
2.642544746398926,1
2.419116258621216,1
1.8138164281845093,1
1.896275281906128,1
1.6411428451538086,1
2.7588915824890137,1
2.2866158485412598,1
2.659949779510498,1
2.6098575592041016,1
2.5295135974884033,1
2.5232410430908203,1
2.1252365112304688,1
2.2804627418518066,1
2.819828748703003,1
2.838045597076416,1
2.3168983459472656,1
2.4550647735595703,1
2.24353289604187,1
2.729919910430908,1
2.9263806343078613,1
2.9338467121124268,1
1.9822814464569092,1
1.8691655397415161,1
1.8824048042297363,1
2.0056962966918945,1
2.419560432434082,1
2.176595449447632,1
2.7243216037750244,1
2.3015999794006348,1
2.4852161407470703,1
2.476778507232666,1
2.2516279220581055,1
2.4816765785217285,1
2.827167510986328,1
2.996002674102783,1
2.1058874130249023,1
2.164669990539551,1
2.5027589797973633,1
1.9675217866897583,1
2.53943133354187,1
2.0039985179901123,1
3.0017611980438232,1
2.331061601638794,1
2.4562838077545166,1
2.192288398742676,1
2.8566009998321533,1
2.284749746322632,1
2.352552890777588,1
2.3398308753967285,1
2.096254348754883,1
2.2074782848358154,1
1.7412562370300293,1
2.186122417449951,1
2.2246909141540527,1
2.765216827392578,1
1.9538229703903198,1
2.555928945541382,1
2.5071592330932617,1
1.975299596786499,1
1.7855939865112305,1
2.4959213733673096,1
2.412753105163574,1
2.1525678634643555,1
2.897178888320923,1
2.4265451431274414,1
2.92454195022583,1
2.8043980598449707,1
2.49383282661438,1
2.72102689743042,1
2.385254383087158,1
2.0622000694274902,1
3.03012752532959,1
2.8633079528808594,1
2.198213577270508,1
2.051011085510254,1
2.050205707550049,1
2.4603540897369385,1
1.9432140588760376,1
1.8955497741699219,1
2.5889158248901367,1
2.3415207862854004,1
3.4704349040985107,1
2.312237024307251,1
2.168900728225708,1
2.22324275970459,1
2.1319103240966797,1
1.9571352005004883,1
2.4214627742767334,1
2.0894927978515625,1
2.331106662750244,1
2.205272674560547,1
2.136521339416504,1
2.5938925743103027,1
2.4056386947631836,1
2.338850975036621,1
1.899530291557312,1
2.3483166694641113,1
2.127582550048828,1
2.291538715362549,1
2.32120680809021,1
2.123920440673828,1
2.102799415588379,1
2.455479145050049,1
2.3409042358398438,1
1.9451735019683838,1
2.678361177444458,1
2.253993272781372,1
2.1494269371032715,1
1.8342764377593994,1
2.600367546081543,1
2.4585750102996826,1
2.6820993423461914,1
2.4928297996520996,1
2.1412694454193115,1
2.18949031829834,1
2.0771079063415527,1
1.9389008283615112,1
2.5238428115844727,1
2.1320974826812744,1
2.400905132293701,1
1.9743156433105469,1
3.0008742809295654,1
2.30067777633667,1
2.198704242706299,1
2.587993621826172,1
2.116861581802368,1
2.0539135932922363,1
2.159141778945923,1
2.3217341899871826,1
2.2109556198120117,1
2.028435707092285,1
2.0855274200439453,1
2.4812798500061035,1
2.0993356704711914,1
1.9933571815490723,1
2.579620838165283,1
2.684657096862793,1
1.8444478511810303,1
2.497532367706299,1
1.6034104824066162,1
1.8737008571624756,1
1.9262795448303223,1
1.9696584939956665,1
2.1312923431396484,1
2.691005229949951,1
2.1749799251556396,1
2.32020902633667,1
2.304306983947754,1
1.9479806423187256,1
1.9855467081069946,1
2.3254075050354004,1
2.2848262786865234,1
2.6639184951782227,1
1.8953423500061035,1
2.9681808948516846,1
2.3025412559509277,1
2.716712474822998,1
2.6375341415405273,1
2.635737895965576,1
1.9475619792938232,1
1.9223334789276123,1
2.0643608570098877,1
2.259951591491699,1
2.376425266265869,1
1.9984266757965088,1
1.929208517074585,1
2.53481125831604,1
2.636274576187134,1
1.9074583053588867,1
1.8971155881881714,1
2.361988067626953,1
2.0765552520751953,1
1.9504343271255493,1
2.8593549728393555,1
2.463589906692505,1
2.4933407306671143,1
2.0506069660186768,1
2.0756797790527344,1
2.581000804901123,1
3.191999912261963,1
1.9757907390594482,1
1.8880151510238647,1
1.9303609132766724,1
2.0882315635681152,1
2.3709936141967773,1
2.6578567028045654,1
2.0753135681152344,1
2.775177001953125,1
2.254910945892334,1
2.0602381229400635,1
2.3724942207336426,1
2.628422498703003,1
2.683051347732544,1
1.764237642288208,1
2.0436744689941406,1
1.8899505138397217,1
1.804662823677063,1
1.8182127475738525,1
1.8862718343734741,1
2.4309306144714355,1
2.2061874866485596,1
2.6116013526916504,1
2.1704416275024414,1
2.2020158767700195,1
2.216689348220825,1
2.141037940979004,1
2.085028648376465,1
2.187561273574829,1
2.325904369354248,1
2.0313405990600586,1
2.7888035774230957,1
2.2023568153381348,1
2.222903251647949,1
2.133885622024536,1
2.7505457401275635,1
1.6941956281661987,1
1.5538229942321777,1
2.6829707622528076,1
1.827521800994873,1
2.483475685119629,1
2.5628151893615723,1
2.001481294631958,1
2.2388393878936768,1
2.73945689201355,1
2.119459390640259,1
2.201089859008789,1
1.8834948539733887,1
2.229132890701294,1
2.853041172027588,1
2.1317520141601563,1
2.115705966949463,1
1.8014801740646362,1
2.260819435119629,1
2.261066436767578,1
1.9394927024841309,1
2.2597522735595703,1
2.6677613258361816,1
2.7282872200012207,1
1.9305860996246338,1
2.5815703868865967,1
2.0719804763793945,1
2.5849196910858154,1
3.005507469177246,1
2.3785858154296875,1
1.8118535280227661,1
2.177772283554077,1
2.8651862144470215,1
2.6738388538360596,1
2.94962215423584,1
2.2118053436279297,1
1.6171272993087769,1
2.133108139038086,1
2.6312413215637207,1
2.367185354232788,1
1.939501404762268,1
2.477390766143799,1
2.589341640472412,1
2.2076101303100586,1
2.507838726043701,1
2.2430613040924072,1
1.8758594989776611,1
1.9899463653564453,1
2.356905937194824,1
2.664318561553955,1
1.8499910831451416,1
2.4199063777923584,1
1.6156835556030273,1
2.2898454666137695,1
2.130277633666992,1
1.9705532789230347,1
2.2648415565490723,1
2.059894561767578,1
1.860328197479248,1
2.5788464546203613,1
2.391908645629883,1
2.686858892440796,1
1.7470861673355103,1
1.7366626262664795,1
2.936100482940674,1
2.744080066680908,1
2.17220401763916,1
2.0775678157806396,1
2.1513819694519043,1
1.928442120552063,1
1.903041124343872,1
1.9082897901535034,1
2.323549509048462,1
2.281938076019287,1
2.3847503662109375,1
2.711683750152588,1
2.193955898284912,1
2.3580946922302246,1
1.9732693433761597,1
2.1385316848754883,1
1.9146794080734253,1
1.9544906616210938,1
2.3165090084075928,1
2.502211093902588,1
2.2852978706359863,1
2.927720308303833,1
2.3487319946289063,1
2.5790228843688965,1
2.2578768730163574,1
2.6524100303649902,1
1.846535563468933,1
2.2959322929382324,1
1.985848307609558,1
2.4473211765289307,1
2.2205591201782227,1
2.365227699279785,1
2.174100875854492,1
2.141632556915283,1
2.4021573066711426,1
2.2774624824523926,1
2.7024660110473633,1
2.0164294242858887,1
2.608809232711792,1
2.301177740097046,1
1.9779844284057617,1
1.632368564605713,1
2.0145249366760254,1
2.360663890838623,1
1.9083539247512817,1
2.558094024658203,1
2.330359935760498,1
1.9472136497497559,1
2.0949296951293945,1
2.7668662071228027,1
2.1184449195861816,1
2.3826355934143066,1
1.9475102424621582,1
2.591311454772949,1
1.990440845489502,1
1.9117193222045898,1
2.056948661804199,1
1.7999318838119507,1
2.4339118003845215,1
2.1554932594299316,1
3.1993017196655273,1
2.3402047157287598,1
2.1315176486968994,1
2.241037130355835,1
2.335815191268921,1
2.3112549781799316,1
2.510446071624756,1
2.1305575370788574,1
2.494241952896118,1
2.6808347702026367,1
2.827399969100952,1
2.8329830169677734,1
2.745802402496338,1
1.8678011894226074,1
2.444843292236328,1
2.3135459423065186,1
1.77130126953125,1
2.008258819580078,1
2.832770586013794,1
2.043405055999756,1
2.6101207733154297,1
2.6104207038879395,1
2.4798355102539063,1
2.454596996307373,1
2.3839802742004395,1
2.866339921951294,1
1.8274482488632202,1
2.5285747051239014,1
2.8664448261260986,1
2.5839405059814453,1
2.3564867973327637,1
2.654555320739746,1
2.288081645965576,1
1.9371832609176636,1
2.0638279914855957,1
2.3450751304626465,1
2.2514238357543945,1
2.410115957260132,1
2.4761123657226563,1
3.498328685760498,1
2.820603370666504,1
2.533153533935547,1
2.673797607421875,1
2.294013500213623,1
2.4784367084503174,1
2.547516345977783,1
2.058760643005371,1
2.5561985969543457,1
2.2353644371032715,1
2.5368146896362305,1
1.9338760375976563,1
1.8460028171539307,1
2.289024829864502,1
2.5547170639038086,1
2.5658199787139893,1
1.8742132186889648,1
2.315579414367676,1
2.5395586490631104,1
2.4577174186706543,1
2.227726697921753,1
2.551448345184326,1
1.8226675987243652,1
1.923344373703003,1
2.711386203765869,1
2.2585229873657227,1
1.6583024263381958,1
2.503477096557617,1
2.6310160160064697,1
2.483246326446533,1
2.6293814182281494,1
2.7672715187072754,1
1.887641429901123,1
2.0121383666992188,1
1.9799574613571167,1
2.0824084281921387,1
1.8280360698699951,1
2.0671675205230713,1
2.191709041595459,1
2.6151950359344482,1
2.382528305053711,1
1.7614521980285645,1
2.1460070610046387,1
2.605863332748413,1
2.453301429748535,1
2.0008902549743652,1
2.485569477081299,1
2.768765926361084,1
2.1668882369995117,1
2.4977407455444336,1
2.3702476024627686,1
2.313769817352295,1
2.113828420639038,1
2.706115245819092,1
2.088977813720703,1
2.107849597930908,1
2.536487340927124,1
2.010873794555664,1
2.458925724029541,1
2.067070245742798,1
1.7335617542266846,1
2.8539137840270996,1
1.9827601909637451,1
2.4953155517578125,1
2.2816572189331055,1
2.3757777214050293,1
2.000760555267334,1
2.3178329467773438,1
2.328678607940674,1
2.2546935081481934,1
2.0990889072418213,1
2.7868714332580566,1
1.8876748085021973,1
2.847057819366455,1
2.5444693565368652,1
2.423379898071289,1
1.8781042098999023,1
1.6825804710388184,1
2.142353057861328,1
2.265760660171509,1
2.496948719024658,1
2.3556315898895264,1
2.716456890106201,1
1.954180121421814,1
2.1989352703094482,1
2.23512601852417,1
2.283222198486328,1
1.8407566547393799,1
2.0354995727539063,1
2.2673044204711914,1
1.8169448375701904,1
2.239475727081299,1
2.617795705795288,1
1.8661571741104126,1
2.082186222076416,1
2.8756113052368164,1
1.9561991691589355,1
1.9974257946014404,1
2.710808277130127,1
1.9867359399795532,1
2.6332192420959473,1
2.7217941284179688,1
1.9162721633911133,1
2.1046195030212402,1
2.1785502433776855,1
2.208710193634033,1
2.017808198928833,1
2.5489697456359863,1
2.5352444648742676,1
2.5181994438171387,1
1.9953832626342773,1
2.009795665740967,1
1.9997507333755493,1
2.342561960220337,1
2.0148308277130127,1
3.028841495513916,1
2.228456974029541,1
2.3107261657714844,1
2.6538634300231934,1
2.40462589263916,1
2.8026227951049805,1
2.9708614349365234,1
1.8905994892120361,1
2.2808566093444824,1
3.01218318939209,1
2.8586556911468506,1
2.279212236404419,1
3.22198748588562,1
2.689340591430664,1
2.6057586669921875,1
1.8468210697174072,1
2.2051444053649902,1
2.588071823120117,1
2.0764150619506836,1
2.355508327484131,1
2.2791085243225098,1
2.4405527114868164,1
2.2352006435394287,1
1.8585758209228516,1
2.7191553115844727,1
1.9650154113769531,1
1.75296950340271,1
2.7666282653808594,1
2.369173526763916,1
1.9951624870300293,1
1.8614108562469482,1
2.0531320571899414,1
1.8223084211349487,1
2.213726043701172,1
2.260749340057373,1
2.5079689025878906,1
1.8548352718353271,1
2.022951602935791,1
1.9718958139419556,1
2.450228691101074,1
2.7251791954040527,1
1.7594438791275024,1
2.522150993347168,1
2.1941304206848145,1
2.4233760833740234,1
2.067861318588257,1
2.440025806427002,1
2.5673882961273193,1
3.4516191482543945,1
2.3176803588867188,1
2.0065627098083496,1
2.44411563873291,1
1.8796651363372803,1
1.9553515911102295,1
1.915689468383789,1
2.179919719696045,1
2.407700300216675,1
2.2392423152923584,1
3.1408371925354004,1
2.2904677391052246,1
2.1515109539031982,1
2.967214584350586,1
2.2221083641052246,1
1.9700307846069336,1
2.8466603755950928,1
2.364886999130249,1
2.3823399543762207,1
2.2445902824401855,1
2.328958749771118,1
2.4222054481506348,1
2.3034183979034424,1
2.3479208946228027,1
2.7969257831573486,1
1.9843928813934326,1
2.5323219299316406,1
1.9933180809020996,1
1.9779057502746582,1
2.7605738639831543,1
2.4813451766967773,1
2.402801990509033,1
1.9363539218902588,1
2.3847007751464844,1
2.8028149604797363,1
2.8262720108032227,1
2.0391106605529785,1
1.8310056924819946,1
2.0332283973693848,1
2.5546510219573975,1
2.332822561264038,1
2.2150025367736816,1
3.0384163856506348,1
2.119260787963867,1
2.7203726768493652,1
3.271465539932251,1
2.565608501434326,1
2.816922187805176,1
2.4164459705352783,1
2.2866456508636475,1
2.357389211654663,1
2.5569725036621094,1
2.904538869857788,1
2.7847390174865723,1
2.5878100395202637,1
2.684095621109009,1
1.88592529296875,1
2.4374756813049316,1
2.6108956336975098,1
2.910885810852051,1
2.546201705932617,1
2.254565715789795,1
2.1836657524108887,1
2.950011968612671,1
2.660243034362793,1
2.3402984142303467,1
2.8348100185394287,1
2.1969900131225586,1
2.330888509750366,1
1.924869179725647,1
3.1867928504943848,1
2.044825553894043,1
2.4999430179595947,1
2.7064177989959717,1
2.7236201763153076,1
2.2588188648223877,1
2.203688144683838,1
2.2300403118133545,1
2.5313003063201904,1
2.5944418907165527,1
2.7404980659484863,1
2.750392436981201,1
2.6751673221588135,1
2.4501428604125977,1
2.1262733936309814,1
2.2463555335998535,1
2.5187056064605713,1
2.595506429672241,1
2.423692464828491,1
2.434441328048706,1
2.047863483428955,1
2.579511880874634,1
2.1277389526367188,1
1.813615083694458,1
2.6255273818969727,1
2.828827381134033,1
3.0540504455566406,1
2.318824529647827,1
2.0214200019836426,1
1.9318937063217163,1
2.191056251525879,1
1.9005303382873535,1
2.080859422683716,1
2.4272446632385254,1
2.47784161567688,1
2.383362293243408,1
2.3664660453796387,1
2.390408992767334,1
2.1790153980255127,1
2.0378689765930176,1
2.435135841369629,1
2.602438449859619,1
2.315540075302124,1
2.0950403213500977,1
2.2721729278564453,1
2.25579571723938,1
1.518021583557129,1
1.926262617111206,1
2.2239937782287598,1
2.259141445159912,1
1.9483139514923096,1
2.2898426055908203,1
1.803122878074646,1
1.724623680114746,1
2.887889862060547,1
2.508469581604004,1
1.7376285791397095,1
2.359729290008545,1
2.8109989166259766,1
2.436159610748291,1
2.876424551010132,1
2.744234561920166,1
2.044597625732422,1
2.017730474472046,1
2.3339109420776367,1
1.9254138469696045,1
2.0198895931243896,1
2.3714160919189453,1
2.40274715423584,1
2.2754030227661133,1
2.650304079055786,1
2.553159236907959,1
2.358473777770996,1
2.248124599456787,1
2.2038514614105225,1
2.796823024749756,1
2.802351713180542,1
2.8905558586120605,1
1.759173035621643,1
2.467151641845703,1
2.3044910430908203,1
2.4835433959960938,1
3.2617409229278564,1
2.3292644023895264,1
2.244849681854248,1
2.8814210891723633,1
2.5440192222595215,1
2.354228973388672,1
1.762291431427002,1
2.333099842071533,1
2.6881937980651855,1
3.07275128364563,1
2.682584285736084,1
2.0870823860168457,1
2.3640060424804688,1
2.2672717571258545,1
2.641752004623413,1
2.5498547554016113,1
2.0978055000305176,1
2.557854652404785,1
2.557368278503418,1
1.9342840909957886,1
1.9943538904190063,1
2.406991481781006,1
1.8570513725280762,1
2.4240753650665283,1
2.3713748455047607,1
2.076735496520996,1
2.5972328186035156,1
2.4811296463012695,1
2.221698760986328,1
2.170171022415161,1
1.894254207611084,1
1.7145469188690186,1
2.617056369781494,1
2.5173397064208984,1
2.587155342102051,1
2.298409938812256,1
2.1801865100860596,1
2.4622371196746826,1
1.9037116765975952,1
1.9957606792449951,1
2.373666763305664,1
2.0227854251861572,1
1.458653211593628,1
2.145871162414551,1
2.2774977684020996,1
2.209390640258789,1
2.306957721710205,1
2.7738633155822754,1
2.067948341369629,1
2.5312693119049072,1
2.7557928562164307,1
2.224804401397705,1
2.6832995414733887,1
1.818448543548584,1
2.822873592376709,1
2.2364277839660645,1
1.9687310457229614,1
2.1339077949523926,1
1.8582566976547241,1
2.7613277435302734,1
2.2057321071624756,1
2.0622708797454834,1
2.2422714233398438,1
2.5845117568969727,1
1.9933443069458008,1
2.4813153743743896,1
2.0122170448303223,1
2.600607395172119,1
2.749807357788086,1
2.2955143451690674,1
2.3518857955932617,1
4.275284290313721,1
2.1748270988464355,1
2.5076184272766113,1
3.323545217514038,1
2.613123655319214,1
2.0142993927001953,1
2.364495038986206,1
2.5476725101470947,1
2.700375556945801,1
2.7286901473999023,1
1.9871697425842285,1
2.1499176025390625,1
2.555387496948242,1
2.625892400741577,1
2.472769021987915,1
2.539031982421875,1
2.437150478363037,1
1.7590303421020508,1
1.8670048713684082,1
1.9761316776275635,1
2.285823106765747,1
2.519174098968506,1
1.9767167568206787,1
2.288691759109497,1
2.1370043754577637,1
1.6787786483764648,1
1.803024411201477,1
2.5937793254852295,1
2.2256674766540527,1
1.7675436735153198,1
1.898881196975708,1
3.110138177871704,1
1.7223782539367676,1
2.3657991886138916,1
2.1835083961486816,1
1.8856785297393799,1
2.647918224334717,1
2.8882062435150146,1
3.0550308227539063,1
2.458645820617676,1
3.2708849906921387,1
2.055128574371338,1
2.119190216064453,1
2.382291316986084,1
2.1740379333496094,1
2.4663877487182617,1
2.7430906295776367,1
2.538863182067871,1
2.789637804031372,1
3.2072126865386963,1
2.5717649459838867,1
2.468327760696411,1
2.3441662788391113,1
2.4194986820220947,1
2.7092208862304688,1
2.354835033416748,1
2.8665127754211426,1
2.3618931770324707,1
3.309361219406128,1
4.422771453857422,1
2.4434328079223633,1
2.3499176502227783,1
2.4127769470214844,1
2.9856009483337402,1
2.6357405185699463,1
2.9027020931243896,1
2.8338918685913086,1
2.3691158294677734,1
2.5661070346832275,1
2.462070941925049,1
3.205379009246826,1
3.1553759574890137,1
2.7790732383728027,1
2.660266637802124,1
2.127000331878662,1
2.7123684883117676,1
2.289011240005493,1
2.5787179470062256,1
2.512451648712158,1
2.3570938110351563,1
2.737865924835205,1
3.1210551261901855,1
2.1881704330444336,1
2.4150660037994385,1
2.263335943222046,1
2.4489386081695557,1
1.9804573059082031,1
2.193091869354248,1
2.034395694732666,1
2.211055278778076,1
2.583230495452881,1
2.4567668437957764,1
2.475351095199585,1
2.258023738861084,1
2.600653886795044,1
2.2496161460876465,1
2.0705790519714355,1
2.0341384410858154,1
2.3603105545043945,1
2.6111764907836914,1
2.257126808166504,1
2.59713077545166,1
2.7023496627807617,1
2.030339479446411,1
2.0353803634643555,1
2.3351027965545654,1
1.9324095249176025,1
2.3647818565368652,1
2.0785255432128906,1
2.486416816711426,1
2.5731050968170166,1
2.3745248317718506,1
3.1467580795288086,1
2.726734161376953,1
2.4225428104400635,1
2.6074860095977783,1
2.717751979827881,1
2.803218364715576,1
2.1137285232543945,1
2.6363136768341064,1
2.2391655445098877,1
3.5875420570373535,1
2.600602149963379,1
2.3649067878723145,1
2.359253406524658,1
2.172717571258545,1
2.429626703262329,1
2.3947324752807617,1
2.773005485534668,1
2.7860546112060547,1
2.1068191528320313,1
2.3318252563476563,1
2.171417713165283,1
2.296041488647461,1
2.263580083847046,1
3.3371310234069824,1
2.3784470558166504,1
2.352635622024536,1
2.207730770111084,1
2.4894859790802,1
1.9772588014602661,1
2.4223508834838867,1
2.0577707290649414,1
1.8625926971435547,1
2.6213812828063965,1
2.574652671813965,1
2.4111783504486084,1
2.2383055686950684,1
2.5199224948883057,1
1.6033767461776733,1
2.8115553855895996,1
2.4190263748168945,1
2.1655960083007813,1
2.1891140937805176,1
2.5741539001464844,1
2.099360466003418,1
2.668132781982422,1
2.5238044261932373,1
2.119204044342041,1
1.8409126996994019,1
1.7231316566467285,1
2.072262763977051,1
1.972202181816101,1
2.317821502685547,1
2.24300479888916,1
2.127837896347046,1
1.5820389986038208,1
2.173764228820801,1
1.9517290592193604,1
3.2533767223358154,1
2.3618669509887695,1
2.0728447437286377,1
2.4788966178894043,1
2.283234119415283,1
1.7029740810394287,1
2.6036996841430664,1
1.8791537284851074,1
2.4494028091430664,1
2.6439828872680664,1
2.700742244720459,1
1.9384132623672485,1
2.2684855461120605,1
2.1317570209503174,1
2.5833663940429688,1
2.4975080490112305,1
2.7108511924743652,1
1.7465407848358154,1
2.4961907863616943,1
2.512488603591919,1
1.783388376235962,1
2.2579307556152344,1
2.1547131538391113,1
2.7965807914733887,1
1.7052781581878662,1
2.3285067081451416,1
2.2527413368225098,1
1.8967030048370361,1
2.511749267578125,1
2.161766767501831,1
2.293412923812866,1
2.4311466217041016,1
1.747432827949524,1
2.215702533721924,1
2.018970012664795,1
2.250609874725342,1
2.8205337524414063,1
3.0576789379119873,1
2.257946729660034,1
2.3504631519317627,1
2.321033477783203,1
2.137826442718506,1
2.340728998184204,1
2.8089487552642822,1
3.0443854331970215,1
2.3329367637634277,1
2.158325672149658,1
2.2844958305358887,1
2.3605635166168213,1
1.9535566568374634,1
2.265523910522461,1
1.957291603088379,1
2.5300328731536865,1
2.553617238998413,1
2.0286922454833984,1
1.9969031810760498,1
2.306046485900879,1
2.224985122680664,1
1.933597445487976,1
2.589380979537964,1
2.066561222076416,1
2.8400259017944336,1
2.7054457664489746,1
2.0116679668426514,1
2.77131986618042,1
2.479787588119507,1
2.339963436126709,1
1.768608808517456,1
2.3975651264190674,1
2.491392135620117,1
2.1338257789611816,1
2.1034860610961914,1
2.065828800201416,1
2.2379822731018066,1
1.915461540222168,1
2.4276795387268066,1
1.8199474811553955,1
2.8161563873291016,1
2.263824462890625,1
2.459012985229492,1
2.2742257118225098,1
2.8623104095458984,1
1.9192403554916382,1
2.429811716079712,1
2.47933292388916,1
2.618582248687744,1
1.7443811893463135,1
2.6363167762756348,1
2.496068000793457,1
2.3759069442749023,1
2.1585750579833984,1
2.5053062438964844,1
2.3235409259796143,1
2.51662015914917,1
2.809299945831299,1
2.125359535217285,1
2.702669382095337,1
2.2450103759765625,1
2.2221813201904297,1
1.4599661827087402,1
2.550513744354248,1
2.6254360675811768,1
2.5381617546081543,1
2.162241220474243,1
2.150482177734375,1
1.6825366020202637,1
2.0648484230041504,1
1.865009069442749,1
1.957273006439209,1
2.4167957305908203,1
2.0357582569122314,1
1.8862226009368896,1
2.430344581604004,1
1.741093635559082,1
1.997356653213501,1
1.8786306381225586,1
2.0381669998168945,1
2.267212152481079,1
2.18283748626709,1
2.038290023803711,1
2.115097999572754,1
1.8454495668411255,1
1.8908741474151611,1
2.100224018096924,1
3.305818796157837,1
2.4004111289978027,1
2.1619749069213867,1
2.4516284465789795,1
1.860520362854004,1
2.2722256183624268,1
2.1931533813476563,1
2.598630428314209,1
2.214735746383667,1
2.1592113971710205,1
2.315946340560913,1
2.5807547569274902,1
3.01415753364563,1
2.4502291679382324,1
1.9237983226776123,1
2.4747838973999023,1
2.975208282470703,1
4.181655406951904,1
2.1191158294677734,1
1.7312538623809814,1
2.123493194580078,1
2.1021320819854736,1
2.787980318069458,1
2.0057945251464844,1
2.652996301651001,1
2.0037190914154053,1
2.4903030395507813,1
3.423321485519409,1
2.9434406757354736,1
2.5996484756469727,1
3.0646519660949707,1
2.99882435798645,1
2.76617169380188,1
2.430504322052002,1
2.4108049869537354,1
2.768556833267212,1
3.002582311630249,1
2.6470932960510254,1
2.359316825866699,1
2.471496105194092,1
2.915111541748047,1
2.594791889190674,1
2.926482677459717,1
2.5154385566711426,1
2.125706672668457,1
2.754089832305908,1
2.1547389030456543,1
2.528627395629883,1
1.9656798839569092,1
2.3652355670928955,1
2.827831745147705,1
2.2970645427703857,1
2.372434616088867,1
2.9651575088500977,1
2.391977548599243,1
2.0310380458831787,1
1.8741414546966553,1
2.236729860305786,1
2.1002886295318604,1
2.4063053131103516,1
2.074042320251465,1
1.8178235292434692,1
2.4669883251190186,1
2.144011974334717,1
2.2051711082458496,1
2.3776774406433105,1
1.9636785984039307,1
2.0896120071411133,1
1.6022448539733887,1
2.829866409301758,1
2.9510812759399414,1
1.779455304145813,1
2.3187155723571777,1
2.655423641204834,1
2.565338611602783,1
1.6867880821228027,1
1.7834351062774658,1
2.34641695022583,1
2.4148244857788086,1
2.228494644165039,1
3.1149632930755615,1
1.7960389852523804,1
2.2516908645629883,1
2.552767038345337,1
2.567099094390869,1
2.90472674369812,1
2.5583531856536865,1
2.3530430793762207,1
2.398280620574951,1
1.9718329906463623,1
2.163705825805664,1
2.612335205078125,1
2.5951619148254395,1
2.0132672786712646,1
2.471865177154541,1
2.078718423843384,1
2.6633474826812744,1
2.2628769874572754,1
2.0001726150512695,1
2.2218451499938965,1
2.4352974891662598,1
2.4435999393463135,1
2.2498202323913574,1
3.189523220062256,1
2.1192946434020996,1
3.0803744792938232,1
2.998427391052246,1
2.3540291786193848,1
2.8081493377685547,1
2.1794145107269287,1
2.350954532623291,1
2.5251832008361816,1
2.4396438598632813,1
2.5803420543670654,1
2.1823272705078125,1
2.151780128479004,1
2.3801662921905518,1
2.128777027130127,1
1.6921344995498657,1
2.295499324798584,1
2.2377514839172363,1
2.3363194465637207,1
2.265481948852539,1
2.216482162475586,1
2.0914833545684814,1
2.246605396270752,1
1.7889759540557861,1
2.3014464378356934,1
2.1444883346557617,1
1.8135384321212769,1
1.9004738330841064,1
2.45403790473938,1
2.046605348587036,1
2.2738616466522217,1
2.075744867324829,1
2.6215901374816895,1
1.6359964609146118,1
3.0429797172546387,1
2.1641769409179688,1
1.9475750923156738,1
2.0193371772766113,1
1.7233535051345825,1
2.2841739654541016,1
1.9676026105880737,1
1.7743513584136963,1
2.2111001014709473,1
2.86976957321167,1
2.2720816135406494,1
2.6449952125549316,1
2.2714476585388184,1
2.1451308727264404,1
2.450216293334961,1
2.1686477661132813,1
2.1670567989349365,1
2.5836434364318848,1
2.6388511657714844,1
2.527736186981201,1
2.263823986053467,1
2.09773325920105,1
2.4708447456359863,1
2.902134418487549,1
1.9090733528137207,1
2.6084675788879395,1
2.2755327224731445,1
2.3359832763671875,1
2.0086910724639893,1
2.2222836017608643,1
2.2572507858276367,1
1.9243800640106201,1
2.727050304412842,1
2.3550806045532227,1
2.227712631225586,1
2.0645933151245117,1
2.028019666671753,1
1.8768644332885742,1
2.5441386699676514,1
1.836974024772644,1
2.393927574157715,1
2.065535068511963,1
2.30659556388855,1
1.8992562294006348,1
3.237210273742676,1
2.0738537311553955,1
2.3513636589050293,1
2.8366384506225586,1
2.469046115875244,1
1.6555581092834473,1
1.9917693138122559,1
2.2334866523742676,1
2.330075740814209,1
2.012321949005127,1
2.170506477355957,1
2.3439412117004395,1
1.8315144777297974,1
2.078157424926758,1
2.501929998397827,1
2.328132152557373,1
2.879218578338623,1
2.4524903297424316,1
2.502809524536133,1
1.8481719493865967,1
2.36537504196167,1
2.4126968383789063,1
2.0917553901672363,1
2.115513324737549,1
2.7907392978668213,1
2.056874990463257,1
2.2746238708496094,1
2.289186716079712,1
2.3698678016662598,1
2.324326276779175,1
1.704714298248291,1
2.1335525512695313,1
2.614626169204712,1
2.760225296020508,1
1.8695067167282104,1
2.552764415740967,1
2.707968235015869,1
2.2876505851745605,1
2.7246718406677246,1
2.0213210582733154,1
2.4773144721984863,1
2.571744203567505,1
1.7346618175506592,1
2.23066782951355,1
2.027388334274292,1
2.172553062438965,1
2.5396833419799805,1
1.9943490028381348,1
1.984736442565918,1
2.5035529136657715,1
1.8743064403533936,1
2.306567430496216,1
2.2445874214172363,1
2.7393553256988525,1
2.423387050628662,1
2.9264869689941406,1
1.8340073823928833,1
2.467101573944092,1
1.905792474746704,1
2.0161447525024414,1
2.528754949569702,1
2.878889560699463,1
2.035637140274048,1
2.1350998878479004,1
1.8346319198608398,1
2.50400972366333,1
2.059000015258789,1
2.271296262741089,1
2.420611619949341,1
2.073276996612549,1
1.9948447942733765,1
2.197950839996338,1
1.7619385719299316,1
2.250136613845825,1
1.7644853591918945,1
2.386561393737793,1
2.135629177093506,1
2.344818592071533,1
3.3022255897521973,1
2.2202887535095215,1
2.6267476081848145,1
1.944502353668213,1
2.6145782470703125,1
2.5252609252929688,1
2.193314552307129,1
2.5188357830047607,1
2.1221225261688232,1
2.494662284851074,1
2.145662307739258,1
2.5888614654541016,1
2.61405611038208,1
2.3849923610687256,1
2.4806439876556396,1
1.873140573501587,1
2.3834657669067383,1
2.003260612487793,1
1.885239601135254,1
2.054370164871216,1
2.5001115798950195,1
2.294865608215332,1
2.416182041168213,1
1.8466739654541016,1
2.2164742946624756,1
2.394620895385742,1
1.9236016273498535,1
1.688130497932434,1
1.7986387014389038,1
