2.902907371520996,1
3.295545816421509,1
3.846446990966797,1
2.9338929653167725,1
3.594748020172119,1
3.5236973762512207,1
3.0104308128356934,1
2.8477582931518555,1
5.329172134399414,1
3.4322595596313477,1
3.7591328620910645,1
2.6705284118652344,1
2.815375566482544,1
3.511333703994751,1
4.060884952545166,1
4.221612453460693,1
3.886307716369629,1
5.169821739196777,1
3.1481478214263916,1
4.713096618652344,1
4.241512298583984,1
3.167599678039551,1
3.334352970123291,1
3.4613542556762695,1
3.8486833572387695,1
3.3447933197021484,1
4.759496688842773,1
3.7055892944335938,1
3.987628936767578,1
3.4899110794067383,1
3.8142611980438232,1
4.0684380531311035,1
3.2495534420013428,1
3.6687517166137695,1
3.8588199615478516,1
3.502788543701172,1
3.0539917945861816,1
3.8367133140563965,1
3.227458953857422,1
3.372587203979492,1
3.2811601161956787,1
3.564013957977295,1
3.185680389404297,1
3.798130512237549,1
4.139969825744629,1
3.553703784942627,1
5.204658508300781,1
3.4623920917510986,1
2.7226853370666504,1
3.2658233642578125,1
3.3948421478271484,1
2.8651604652404785,1
3.6075048446655273,1
3.468998432159424,1
4.024596691131592,1
3.4895496368408203,1
3.5001120567321777,1
3.9944543838500977,1
2.6804933547973633,1
3.618607759475708,1
4.038149356842041,1
3.0877532958984375,1
3.1015663146972656,1
3.641186237335205,1
3.427128553390503,1
3.2407031059265137,1
3.142529249191284,1
3.900865077972412,1
4.0206451416015625,1
3.3732359409332275,1
3.2896909713745117,1
3.8877363204956055,1
3.8657519817352295,1
3.183509349822998,1
4.022168159484863,1
4.147526264190674,1
3.7223620414733887,1
3.0167975425720215,1
3.5415730476379395,1
2.9850711822509766,1
2.953118085861206,1
3.1000475883483887,1
3.0089879035949707,1
3.189277172088623,1
4.00408935546875,1
3.209260940551758,1
3.119577407836914,1
3.2183492183685303,1
3.856624126434326,1
2.999141216278076,1
4.623723030090332,1
3.4337334632873535,1
3.1817781925201416,1
3.6900579929351807,1
4.252208709716797,1
3.9436168670654297,1
3.178736686706543,1
3.9180805683135986,1
4.951920509338379,1
3.8199870586395264,1
3.4244778156280518,1
3.2454817295074463,1
3.0794777870178223,1
2.9941983222961426,1
4.034931659698486,1
3.050889492034912,1
3.2781684398651123,1
4.387314796447754,1
3.6258819103240967,1
3.859093189239502,1
3.8260140419006348,1
3.4299750328063965,1
3.369267463684082,1
3.184962749481201,1
4.2899065017700195,1
2.9371910095214844,1
3.466057777404785,1
3.557016372680664,1
3.9720051288604736,1
3.8880772590637207,1
3.4572649002075195,1
3.555908679962158,1
3.2507944107055664,1
3.012298583984375,1
3.324906826019287,1
3.3932385444641113,1
3.425720691680908,1
3.0805320739746094,1
4.036365032196045,1
3.674621105194092,1
2.929272174835205,1
3.586273431777954,1
3.044116497039795,1
3.338019371032715,1
3.39363956451416,1
2.9909677505493164,1
3.054675817489624,1
3.186131000518799,1
3.69455623626709,1
4.059589385986328,1
3.2598118782043457,1
2.8434481620788574,1
3.6211931705474854,1
3.6859183311462402,1
3.0023999214172363,1
2.7940754890441895,1
2.868884325027466,1
2.9946413040161133,1
3.3070430755615234,1
3.7899012565612793,1
3.0839738845825195,1
3.1092681884765625,1
2.9592065811157227,1
2.959750175476074,1
3.2727394104003906,1
2.996115207672119,1
3.4510903358459473,1
3.7940196990966797,1
3.2346184253692627,1
3.727797508239746,1
3.492084503173828,1
3.495199203491211,1
3.345482349395752,1
2.714704990386963,1
3.0032360553741455,1
2.732654571533203,1
3.6493144035339355,1
3.152376651763916,1
3.140235424041748,1
3.4683923721313477,1
4.12131404876709,1
3.409729480743408,1
3.070234775543213,1
3.581245183944702,1
3.0420403480529785,1
3.223997116088867,1
4.501226425170898,1
3.3127593994140625,1
2.956406593322754,1
3.251979351043701,1
3.6347849369049072,1
3.371795892715454,1
3.289583206176758,1
3.6740381717681885,1
3.080571413040161,1
3.5788092613220215,1
3.1555466651916504,1
3.811025619506836,1
2.926365375518799,1
3.517484664916992,1
3.7817273139953613,1
3.4296131134033203,1
3.994734764099121,1
3.493436336517334,1
4.027211666107178,1
3.3989968299865723,1
4.195158958435059,1
3.2309670448303223,1
3.9653115272521973,1
3.4188246726989746,1
2.9253573417663574,1
3.3083958625793457,1
3.358388900756836,1
2.9713327884674072,1
3.1049792766571045,1
3.116243362426758,1
3.5327603816986084,1
3.8304529190063477,1
3.4660956859588623,1
4.572469711303711,1
4.7026262283325195,1
4.621828556060791,1
4.070074558258057,1
4.065704345703125,1
4.550497531890869,1
6.2416276931762695,1
6.318047046661377,1
5.7448811531066895,1
3.474163055419922,1
3.853637218475342,1
3.3780856132507324,1
4.244166374206543,1
4.556207656860352,1
3.402885913848877,1
4.1193695068359375,1
5.017035007476807,1
3.786363124847412,1
3.742835283279419,1
5.127767562866211,1
3.9411511421203613,1
3.51411509513855,1
4.0806884765625,1
3.539435625076294,1
3.3473169803619385,1
3.2352468967437744,1
4.44105339050293,1
3.4242701530456543,1
3.4623494148254395,1
3.575782537460327,1
3.577094554901123,1
3.76236629486084,1
2.970414638519287,1
4.168808460235596,1
3.872358560562134,1
3.281118869781494,1
3.2629804611206055,1
2.880459785461426,1
3.184623956680298,1
3.654233932495117,1
2.9921436309814453,1
3.2372846603393555,1
3.303795337677002,1
3.467418909072876,1
2.8961756229400635,1
3.839141845703125,1
3.1412229537963867,1
3.2520360946655273,1
3.2769951820373535,1
3.3062329292297363,1
2.545056104660034,1
3.351032257080078,1
3.6037447452545166,1
3.9280295372009277,1
3.8614518642425537,1
3.2305805683135986,1
2.752584934234619,1
2.8302831649780273,1
3.2987914085388184,1
3.2924439907073975,1
2.7203500270843506,1
3.3749170303344727,1
3.5151278972625732,1
2.9354422092437744,1
2.810497760772705,1
2.901585102081299,1
3.239018678665161,1
3.806084632873535,1
4.085382461547852,1
2.8621702194213867,1
3.0595037937164307,1
3.6152968406677246,1
3.2933108806610107,1
3.149963855743408,1
3.77968168258667,1
4.216104984283447,1
4.012906074523926,1
3.499115467071533,1
3.365671396255493,1
2.6850426197052,1
3.1591877937316895,1
3.079077959060669,1
2.950375556945801,1
3.9951837062835693,1
3.1362600326538086,1
3.6466455459594727,1
3.581195831298828,1
3.1444625854492188,1
3.7093749046325684,1
2.770962953567505,1
2.8457345962524414,1
3.4272379875183105,1
2.996927261352539,1
4.167364120483398,1
2.792874336242676,1
3.2813048362731934,1
3.6122334003448486,1
3.9390087127685547,1
3.9915168285369873,1
3.712648391723633,1
3.0581841468811035,1
2.8730220794677734,1
2.8359994888305664,1
3.031515121459961,1
3.65346622467041,1
2.939066171646118,1
3.054450035095215,1
2.831589698791504,1
3.211400032043457,1
2.8134660720825195,1
3.7344844341278076,1
3.2355875968933105,1
2.6287624835968018,1
3.590965747833252,1
3.9332964420318604,1
3.367948293685913,1
3.6356358528137207,1
2.60489559173584,1
3.1870474815368652,1
2.9277093410491943,1
3.8688249588012695,1
3.0222017765045166,1
3.156393527984619,1
3.0634350776672363,1
3.4185328483581543,1
3.5846030712127686,1
3.6815037727355957,1
5.0310869216918945,1
3.3581080436706543,1
3.0716185569763184,1
3.115388870239258,1
3.5540382862091064,1
3.0895256996154785,1
3.8304920196533203,1
3.04140043258667,1
3.6202588081359863,1
3.3367061614990234,1
3.203245162963867,1
3.089670181274414,1
3.7282299995422363,1
3.137591600418091,1
3.655487060546875,1
3.8114519119262695,1
3.424408435821533,1
2.735931634902954,1
3.3160858154296875,1
3.734673500061035,1
3.5836424827575684,1
3.947922706604004,1
3.444596290588379,1
2.84965181350708,1
3.464008092880249,1
3.4493327140808105,1
2.8004815578460693,1
3.066831111907959,1
4.58832311630249,1
4.976067543029785,1
2.9387974739074707,1
3.5008788108825684,1
4.374880790710449,1
4.129317283630371,1
4.168816089630127,1
3.486236572265625,1
3.293677806854248,1
3.612287998199463,1
3.0248494148254395,1
3.34855318069458,1
2.870157480239868,1
2.867961883544922,1
3.4181408882141113,1
3.170600414276123,1
2.657768726348877,1
4.315594673156738,1
3.0786612033843994,1
3.664614200592041,1
3.5546786785125732,1
3.214473247528076,1
3.1209754943847656,1
2.8240649700164795,1
3.2405521869659424,1
3.493387222290039,1
3.0181665420532227,1
2.503441333770752,1
3.154550075531006,1
3.0760416984558105,1
5.105875492095947,1
3.6488590240478516,1
2.4927055835723877,1
2.550973415374756,1
3.227292537689209,1
3.8942577838897705,1
3.8240854740142822,1
3.495774984359741,1
3.896223783493042,1
2.680842399597168,1
3.4903037548065186,1
3.700190544128418,1
3.083808422088623,1
3.2589006423950195,1
4.098610877990723,1
3.628582000732422,1
3.3931679725646973,1
3.698795795440674,1
3.3567631244659424,1
4.252540588378906,1
5.573785305023193,1
3.3591160774230957,1
4.13377046585083,1
3.3565073013305664,1
4.142666816711426,1
3.4551808834075928,1
3.346102476119995,1
3.6502773761749268,1
3.325371265411377,1
3.411088466644287,1
3.678805351257324,1
3.027510404586792,1
4.013706684112549,1
3.527069330215454,1
3.4050068855285645,1
4.061118125915527,1
2.86434268951416,1
3.2414636611938477,1
3.685046911239624,1
4.008095741271973,1
3.824434757232666,1
3.9824283123016357,1
3.912341594696045,1
3.350862979888916,1
4.663474082946777,1
4.339852809906006,1
3.4157350063323975,1
4.164100170135498,1
3.5481081008911133,1
3.6908087730407715,1
3.1571383476257324,1
4.148011207580566,1
3.181933879852295,1
3.2276341915130615,1
2.870594024658203,1
4.154685020446777,1
2.750361919403076,1
3.1574230194091797,1
3.406562328338623,1
3.2940783500671387,1
3.4165847301483154,1
3.327634334564209,1
3.602815628051758,1
2.6924448013305664,1
3.1688625812530518,1
3.725337266921997,1
2.821820020675659,1
3.122683525085449,1
3.412865161895752,1
3.463172435760498,1
2.495932102203369,1
3.6350607872009277,1
3.213585376739502,1
3.194998025894165,1
3.8835110664367676,1
4.241936683654785,1
3.5767509937286377,1
3.40572452545166,1
3.1971449851989746,1
4.906859397888184,1
4.301413536071777,1
4.251952171325684,1
3.1206917762756348,1
3.9048309326171875,1
4.142622947692871,1
4.030028343200684,1
3.478449821472168,1
3.837740421295166,1
3.5002572536468506,1
3.93251895904541,1
4.0654401779174805,1
3.937720537185669,1
3.6085846424102783,1
4.364617824554443,1
4.339083194732666,1
4.028889179229736,1
3.6101179122924805,1
3.5602684020996094,1
3.503561019897461,1
3.5826869010925293,1
4.088858604431152,1
3.9013233184814453,1
4.094987869262695,1
5.211682319641113,1
3.9558582305908203,1
5.309988975524902,1
4.228156566619873,1
4.5505218505859375,1
5.521592140197754,1
4.87350606918335,1
4.811567306518555,1
4.361052513122559,1
4.2578887939453125,1
4.490607261657715,1
3.6970434188842773,1
4.212654113769531,1
3.519291877746582,1
4.347563743591309,1
5.476067543029785,1
4.5661940574646,1
3.785156488418579,1
3.8808064460754395,1
3.588423252105713,1
4.05430793762207,1
3.8891382217407227,1
3.313166618347168,1
3.877040147781372,1
3.777484655380249,1
4.239072322845459,1
4.156040191650391,1
4.391688823699951,1
5.295919895172119,1
3.439375162124634,1
3.2955679893493652,1
4.35546875,1
4.274669170379639,1
4.075366020202637,1
3.647956609725952,1
3.7396395206451416,1
3.7802133560180664,1
3.9606614112854004,1
3.539016008377075,1
3.6657114028930664,1
4.415417671203613,1
4.071689605712891,1
3.6861252784729004,1
4.025869369506836,1
4.082664966583252,1
3.406357765197754,1
3.6310224533081055,1
3.731696128845215,1
3.4654481410980225,1
3.8407578468322754,1
3.758060932159424,1
3.686065912246704,1
3.7036075592041016,1
3.737407922744751,1
3.7338783740997314,1
3.665464162826538,1
3.771512985229492,1
3.1129908561706543,1
3.6378328800201416,1
3.731050968170166,1
3.2692456245422363,1
3.5484275817871094,1
3.6346635818481445,1
3.2936015129089355,1
3.8086843490600586,1
3.5476527214050293,1
3.828829526901245,1
3.7654104232788086,1
4.090671539306641,1
3.7719404697418213,1
4.384987831115723,1
4.117704391479492,1
3.8135876655578613,1
3.484175443649292,1
3.800715208053589,1
4.7049560546875,1
3.9789469242095947,1
3.698904037475586,1
3.7280044555664063,1
3.62245512008667,1
4.616988658905029,1
4.682270050048828,1
4.433175563812256,1
3.9647555351257324,1
4.029126167297363,1
4.257368087768555,1
5.0113301277160645,1
4.27060604095459,1
4.574867248535156,1
4.464397430419922,1
4.818470001220703,1
4.000483512878418,1
4.249991416931152,1
3.9524953365325928,1
5.516229629516602,1
4.392180919647217,1
3.444019079208374,1
3.731104612350464,1
4.086038112640381,1
4.108908653259277,1
4.057347297668457,1
4.024807929992676,1
3.409388303756714,1
3.8271570205688477,1
3.513688087463379,1
3.809288263320923,1
3.81978178024292,1
3.868288278579712,1
3.490690231323242,1
3.888038158416748,1
3.3130037784576416,1
3.9736862182617188,1
3.843222141265869,1
3.602066993713379,1
4.223329067230225,1
3.861194372177124,1
3.390190362930298,1
4.601292133331299,1
4.681147575378418,1
4.148262977600098,1
4.484870910644531,1
4.358982563018799,1
3.8258137702941895,1
4.453095436096191,1
4.450347900390625,1
3.8742032051086426,1
3.9456183910369873,1
3.7971463203430176,1
4.351457118988037,1
4.289327144622803,1
4.634830951690674,1
4.0255045890808105,1
3.6378045082092285,1
3.78173828125,1
3.6098198890686035,1
3.5576260089874268,1
4.113678932189941,1
3.7871875762939453,1
4.034634590148926,1
4.520884037017822,1
4.049831390380859,1
3.5103297233581543,1
3.74532413482666,1
3.7066941261291504,1
3.612272262573242,1
4.372541427612305,1
3.493919849395752,1
3.492295980453491,1
4.193322658538818,1
3.170941114425659,1
3.6300718784332275,1
4.05010986328125,1
4.261199951171875,1
4.560378074645996,1
4.322258949279785,1
4.182905197143555,1
4.0623040199279785,1
3.711092948913574,1
5.940186023712158,1
5.374138832092285,1
4.747159957885742,1
3.97597074508667,1
4.0640788078308105,1
5.232290267944336,1
4.059342384338379,1
4.802748680114746,1
4.152133464813232,1
3.6913111209869385,1
3.8851025104522705,1
5.048032760620117,1
4.338006973266602,1
3.993750810623169,1
4.357708930969238,1
3.4110069274902344,1
4.0276970863342285,1
3.5916383266448975,1
4.32758903503418,1
3.410252809524536,1
4.247709274291992,1
3.5326714515686035,1
3.5335659980773926,1
3.4383108615875244,1
4.123409271240234,1
4.115242958068848,1
3.3096280097961426,1
3.423140287399292,1
3.6324610710144043,1
3.3607301712036133,1
3.3264803886413574,1
3.401416778564453,1
3.8097727298736572,1
3.373084545135498,1
3.7529356479644775,1
3.598111867904663,1
3.2366786003112793,1
3.269460916519165,1
3.4248623847961426,1
3.6482248306274414,1
3.5458641052246094,1
3.921578884124756,1
3.65010404586792,1
3.325404644012451,1
3.8696460723876953,1
4.553661346435547,1
3.877549886703491,1
3.119136095046997,1
3.5907416343688965,1
3.1050851345062256,1
3.0925323963165283,1
3.467405319213867,1
4.348618507385254,1
4.435821533203125,1
3.6073975563049316,1
3.8903393745422363,1
4.441071033477783,1
3.481827735900879,1
4.993505001068115,1
5.231542587280273,1
3.9582512378692627,1
3.7092080116271973,1
4.764035224914551,1
3.7746667861938477,1
4.731137752532959,1
4.009446144104004,1
3.768939971923828,1
4.322372913360596,1
3.9060120582580566,1
4.646247863769531,1
3.3184103965759277,1
4.417072296142578,1
3.634369373321533,1
3.852219581604004,1
3.110306739807129,1
3.8095202445983887,1
4.209290504455566,1
4.060744762420654,1
3.7919533252716064,1
3.846747636795044,1
4.297093391418457,1
3.9785938262939453,1
3.5212440490722656,1
3.7884693145751953,1
3.745861053466797,1
3.329744338989258,1
4.050904273986816,1
4.18502140045166,1
4.022239685058594,1
4.299407958984375,1
4.670467376708984,1
3.796520709991455,1
4.561420440673828,1
3.7985363006591797,1
4.182668685913086,1
4.277164459228516,1
4.032110214233398,1
3.7233142852783203,1
3.3780760765075684,1
3.8038158416748047,1
3.34161376953125,1
3.057189702987671,1
4.225989818572998,1
4.430286884307861,1
4.330910682678223,1
3.3606698513031006,1
4.155152320861816,1
3.3043413162231445,1
3.331268072128296,1
3.4146647453308105,1
4.3899359703063965,1
3.692288875579834,1
4.316847801208496,1
4.112064361572266,1
3.726379156112671,1
3.763453960418701,1
4.216860771179199,1
4.493949890136719,1
3.935030937194824,1
4.186448097229004,1
3.4193387031555176,1
4.051208019256592,1
4.004211902618408,1
3.7067267894744873,1
3.394544839859009,1
3.663069248199463,1
3.828277111053467,1
3.683814525604248,1
4.454386234283447,1
3.5594482421875,1
4.338376998901367,1
4.3837199211120605,1
3.632741928100586,1
3.6030519008636475,1
3.5671679973602295,1
3.9836208820343018,1
4.606836318969727,1
3.302819013595581,1
3.9581234455108643,1
3.6705007553100586,1
3.738201141357422,1
3.782683849334717,1
3.5867321491241455,1
3.8221476078033447,1
3.6097655296325684,1
3.345655918121338,1
4.079395294189453,1
3.048259735107422,1
3.6731019020080566,1
3.5200648307800293,1
3.077751398086548,1
3.7499170303344727,1
4.1652398109436035,1
3.692537784576416,1
3.5459842681884766,1
3.867365598678589,1
4.273940086364746,1
3.6838884353637695,1
3.5022430419921875,1
3.4603633880615234,1
3.7966816425323486,1
3.4590342044830322,1
3.654353141784668,1
4.088774681091309,1
3.421212673187256,1
3.4069488048553467,1
3.3774452209472656,1
3.0829954147338867,1
3.546835422515869,1
3.48445463180542,1
3.660893440246582,1
4.027099132537842,1
4.339657306671143,1
3.8900787830352783,1
3.471996784210205,1
3.7041471004486084,1
3.509877920150757,1
3.289379119873047,1
4.205244541168213,1
3.7475924491882324,1
4.0495829582214355,1
3.857834577560425,1
4.172115802764893,1
3.3287181854248047,1
3.403104066848755,1
4.098807334899902,1
3.7245755195617676,1
4.0782551765441895,1
3.2523932456970215,1
3.332314968109131,1
3.9057464599609375,1
3.4849395751953125,1
3.2685437202453613,1
3.761986255645752,1
4.15354061126709,1
3.3185770511627197,1
3.6067683696746826,1
4.06342887878418,1
3.7500100135803223,1
4.3651533126831055,1
4.307356357574463,1
4.125494003295898,1
3.884263515472412,1
3.6991348266601563,1
3.814967155456543,1
3.4805288314819336,1
4.671880722045898,1
4.044922828674316,1
4.225090503692627,1
3.520911693572998,1
3.4706223011016846,1
3.9033427238464355,1
3.392108201980591,1
3.4753928184509277,1
3.912325382232666,1
4.812438011169434,1
4.137979507446289,1
3.999551773071289,1
4.207126617431641,1
3.4419374465942383,1
4.277217864990234,1
4.5243024826049805,1
3.4866249561309814,1
3.1539554595947266,1
3.531667947769165,1
3.656726360321045,1
4.290393829345703,1
3.728299617767334,1
3.727320909500122,1
3.8557331562042236,1
4.506527900695801,1
3.8391571044921875,1
3.9259796142578125,1
3.635505437850952,1
3.773036003112793,1
3.56943678855896,1
3.834956169128418,1
4.225101947784424,1
5.772879600524902,1
4.157965660095215,1
4.330872058868408,1
3.973170280456543,1
4.124342918395996,1
4.299546241760254,1
3.8674540519714355,1
4.425562381744385,1
4.101552486419678,1
4.61203670501709,1
3.9182074069976807,1
13.842411041259766,1
3.906613826751709,1
3.696146249771118,1
4.031358242034912,1
3.6225521564483643,1
3.9266915321350098,1
3.2146830558776855,1
4.16728401184082,1
5.247411727905273,1
3.415559768676758,1
3.2568178176879883,1
2.7819995880126953,1
3.554715871810913,1
3.4372849464416504,1
7.048207759857178,1
3.463446617126465,1
3.342437982559204,1
4.635898590087891,1
3.7867016792297363,1
3.347020149230957,1
3.5011754035949707,1
4.205188274383545,1
4.315727233886719,1
3.564836025238037,1
3.8251519203186035,1
3.7519776821136475,1
4.175530433654785,1
3.9192769527435303,1
4.357457160949707,1
3.478851079940796,1
4.16446590423584,1
4.0729522705078125,1
3.579744815826416,1
4.23270845413208,1
3.573782444000244,1
3.8706278800964355,1
3.722555160522461,1
3.8708982467651367,1
3.416259765625,1
4.233442306518555,1
2.872349500656128,1
3.775850534439087,1
4.374356746673584,1
4.213077068328857,1
3.912846088409424,1
3.8938515186309814,1
3.9804444313049316,1
3.513334035873413,1
3.6207261085510254,1
3.4951255321502686,1
3.3309946060180664,1
3.9401113986968994,1
3.328354597091675,1
3.4406468868255615,1
3.6336989402770996,1
2.987699270248413,1
3.6500396728515625,1
3.0724687576293945,1
3.9648122787475586,1
3.3697657585144043,1
3.9769091606140137,1
3.565217971801758,1
3.2538528442382813,1
4.123721599578857,1
4.086043834686279,1
3.624202251434326,1
3.7263424396514893,1
3.65401554107666,1
3.311842679977417,1
3.175387144088745,1
4.302552223205566,1
3.644941806793213,1
4.28144645690918,1
4.226631164550781,1
3.6904330253601074,1
3.414691686630249,1
3.1681466102600098,1
4.09421443939209,1
2.977611541748047,1
3.182445526123047,1
2.683490753173828,1
3.2290403842926025,1
2.723590850830078,1
3.311929941177368,1
3.2671279907226563,1
3.5727596282958984,1
3.748981237411499,1
3.490567207336426,1
3.619410514831543,1
3.7136247158050537,1
3.7789127826690674,1
3.665640115737915,1
2.9119536876678467,1
3.2830042839050293,1
4.086218357086182,1
3.6627626419067383,1
3.442445755004883,1
3.9235737323760986,1
3.2710399627685547,1
4.176806926727295,1
4.360097885131836,1
3.883240222930908,1
4.692878246307373,1
3.597757339477539,1
3.792525053024292,1
3.1017465591430664,1
3.183885097503662,1
3.7654716968536377,1
3.5045971870422363,1
4.575056552886963,1
4.882286071777344,1
5.039356231689453,1
4.289559364318848,1
3.69795298576355,1
4.03670072555542,1
3.4913129806518555,1
3.080418825149536,1
3.9633352756500244,1
3.8225996494293213,1
4.272238731384277,1
3.577336311340332,1
3.7084202766418457,1
3.4283695220947266,1
3.7664432525634766,1
3.7452969551086426,1
4.046424865722656,1
3.9726650714874268,1
3.232694387435913,1
3.893389940261841,1
3.746915102005005,1
3.235846519470215,1
4.324020862579346,1
3.287914991378784,1
3.6472833156585693,1
3.252248764038086,1
4.843896865844727,1
3.4197213649749756,1
3.6224045753479004,1
3.3106467723846436,1
4.76582145690918,1
2.9092395305633545,1
3.4516749382019043,1
3.1039106845855713,1
3.6275930404663086,1
3.6406400203704834,1
3.3870880603790283,1
3.3404273986816406,1
4.160187244415283,1
3.7652153968811035,1
5.030334949493408,1
4.588747024536133,1
3.4930267333984375,1
3.6814517974853516,1
4.210597991943359,1
3.9790854454040527,1
4.343714714050293,1
3.9885573387145996,1
3.629819393157959,1
6.896725177764893,1
3.541679859161377,1
3.2941946983337402,1
3.015378475189209,1
3.443174362182617,1
3.076266288757324,1
3.4501025676727295,1
3.2368805408477783,1
4.180364608764648,1
4.616656303405762,1
4.680962562561035,1
3.485260009765625,1
4.05119514465332,1
3.9240312576293945,1
3.940701961517334,1
5.610286712646484,1
4.260683536529541,1
3.9033091068267822,1
3.909823417663574,1
3.4947597980499268,1
3.9278783798217773,1
3.136359214782715,1
3.5421228408813477,1
3.8152029514312744,1
3.2478933334350586,1
3.375452995300293,1
3.761949062347412,1
3.8450701236724854,1
3.922863483428955,1
4.108039855957031,1
3.2789907455444336,1
3.3877058029174805,1
2.9754037857055664,1
4.0507330894470215,1
3.6729159355163574,1
4.521058082580566,1
3.9822700023651123,1
3.892206907272339,1
4.09907341003418,1
4.272037506103516,1
3.482537269592285,1
3.6938793659210205,1
3.6589627265930176,1
4.022196292877197,1
4.267126083374023,1
3.7627463340759277,1
3.694350242614746,1
3.43046498298645,1
3.384888172149658,1
3.811131477355957,1
3.5972561836242676,1
3.837860345840454,1
3.265007495880127,1
3.238802433013916,1
2.870828628540039,1
4.825711250305176,1
4.0022735595703125,1
4.414555549621582,1
3.535122871398926,1
4.615610599517822,1
3.5699009895324707,1
4.842037677764893,1
4.24677848815918,1
4.394695281982422,1
4.010110378265381,1
3.5464348793029785,1
3.3158719539642334,1
3.5264415740966797,1
4.323118209838867,1
4.135708808898926,1
3.610635280609131,1
4.197892189025879,1
4.675105094909668,1
4.653544902801514,1
3.829604148864746,1
3.831913471221924,1
4.334779739379883,1
4.461032867431641,1
4.113242149353027,1
3.545095920562744,1
3.526658058166504,1
3.6684484481811523,1
4.111449241638184,1
3.5630431175231934,1
3.832432508468628,1
4.238146781921387,1
3.7804293632507324,1
3.784975051879883,1
3.835090160369873,1
3.468845844268799,1
4.38873291015625,1
4.5136260986328125,1
3.207380771636963,1
4.172470569610596,1
3.6579384803771973,1
3.5015134811401367,1
4.197669506072998,1
2.876647472381592,1
3.989086151123047,1
3.717219591140747,1
2.8691821098327637,1
3.9764175415039063,1
3.801152229309082,1
4.747588157653809,1
4.216864109039307,1
3.65999174118042,1
3.5290579795837402,1
4.011539459228516,1
4.178343772888184,1
4.42557954788208,1
2.635387420654297,1
3.7725346088409424,1
3.11308217048645,1
3.079367160797119,1
2.9533348083496094,1
4.190756797790527,1
3.8278820514678955,1
4.550877571105957,1
3.256448745727539,1
4.131207466125488,1
3.8563642501831055,1
3.233304262161255,1
3.371229887008667,1
3.908226251602173,1
6.687325477600098,1
3.1401100158691406,1
3.668148994445801,1
3.1854143142700195,1
2.678095579147339,1
3.5429563522338867,1
3.8901336193084717,1
3.961501359939575,1
3.0144057273864746,1
3.2049801349639893,1
3.560518741607666,1
3.1964118480682373,1
4.813722610473633,1
3.453493595123291,1
3.4716098308563232,1
3.7493960857391357,1
2.992948532104492,1
3.93208384513855,1
3.35064959526062,1
3.5393741130828857,1
4.209009170532227,1
4.0030741691589355,1
3.371913433074951,1
3.2749924659729004,1
3.2871479988098145,1
3.5640974044799805,1
2.991065740585327,1
3.631930351257324,1
3.6605870723724365,1
4.109614372253418,1
4.453481674194336,1
3.8992462158203125,1
3.3149521350860596,1
3.963257312774658,1
3.6630947589874268,1
3.651496648788452,1
3.7950239181518555,1
3.335986375808716,1
3.24780535697937,1
3.6725549697875977,1
3.8588078022003174,1
3.6833417415618896,1
3.7969765663146973,1
3.6229395866394043,1
3.158496856689453,1
3.4763903617858887,1
3.4727370738983154,1
3.83148455619812,1
3.6216225624084473,1
3.2469067573547363,1
3.678966760635376,1
3.9393649101257324,1
3.3189163208007813,1
3.82700777053833,1
4.054968357086182,1
3.556124210357666,1
3.987309455871582,1
3.5974974632263184,1
5.128849983215332,1
4.123286247253418,1
3.649790048599243,1
3.405816078186035,1
3.4379215240478516,1
3.6631569862365723,1
3.607846260070801,1
3.302812099456787,1
3.6827797889709473,1
3.986851215362549,1
3.7592506408691406,1
4.214452743530273,1
3.803762912750244,1
3.4079270362854004,1
4.266695976257324,1
4.309171676635742,1
5.458359718322754,1
4.471076965332031,1
4.19940185546875,1
4.104736328125,1
3.849714756011963,1
3.794767379760742,1
3.839902639389038,1
4.440972805023193,1
3.9335684776306152,1
3.6508235931396484,1
3.1251578330993652,1
5.17656135559082,1
3.0883567333221436,1
4.0595502853393555,1
3.8336105346679688,1
4.078670501708984,1
3.8079259395599365,1
3.850473642349243,1
4.129432201385498,1
3.4658544063568115,1
3.9642081260681152,1
3.435375213623047,1
3.284268856048584,1
4.13644552230835,1
3.1934585571289063,1
4.518576622009277,1
3.6872010231018066,1
3.7383217811584473,1
3.761500597000122,1
3.650174856185913,1
3.628627300262451,1
4.140131950378418,1
3.2793402671813965,1
4.1459455490112305,1
3.304165840148926,1
4.064552307128906,1
2.958332061767578,1
3.5785863399505615,1
3.058793306350708,1
3.1455092430114746,1
3.654214859008789,1
3.6297125816345215,1
3.558561086654663,1
3.510056495666504,1
3.578758955001831,1
2.990394115447998,1
3.678511142730713,1
3.528578758239746,1
2.992520809173584,1
4.253896713256836,1
3.7834038734436035,1
4.018131256103516,1
4.490747451782227,1
4.6032562255859375,1
3.829456329345703,1
4.641298770904541,1
4.503159999847412,1
3.276296615600586,1
3.0534567832946777,1
3.5269994735717773,1
4.13114595413208,1
3.2211365699768066,1
3.968996286392212,1
4.251662254333496,1
3.6836986541748047,1
3.0063321590423584,1
3.553095579147339,1
4.038550853729248,1
3.4287168979644775,1
3.8111729621887207,1
3.9403395652770996,1
3.5502634048461914,1
3.761070728302002,1
3.627807140350342,1
4.143017768859863,1
3.3148193359375,1
3.972933292388916,1
3.7562851905822754,1
3.594245433807373,1
3.9582273960113525,1
3.4454736709594727,1
3.5718061923980713,1
3.899254322052002,1
3.256132125854492,1
3.490553855895996,1
3.2183351516723633,1
2.9543826580047607,1
2.8703861236572266,1
2.796388626098633,1
3.6048877239227295,1
3.553635597229004,1
4.386733055114746,1
2.9540843963623047,1
3.085549831390381,1
2.9353814125061035,1
3.485281467437744,1
3.5497853755950928,1
3.207616090774536,1
3.292008876800537,1
3.026287317276001,1
3.8328356742858887,1
3.931680679321289,1
3.3721346855163574,1
3.587001085281372,1
3.046689033508301,1
3.5439252853393555,1
2.975081205368042,1
3.8089678287506104,1
3.3889031410217285,1
3.6025614738464355,1
4.400519371032715,1
4.178122520446777,1
3.398681640625,1
3.0683536529541016,1
3.386089324951172,1
3.3744986057281494,1
5.278459548950195,1
3.3751158714294434,1
3.535947799682617,1
3.7414016723632813,1
3.61130428314209,1
3.3372995853424072,1
3.5318892002105713,1
3.421048164367676,1
4.272605895996094,1
3.597050666809082,1
4.226129531860352,1
3.048260450363159,1
2.755167245864868,1
3.662985324859619,1
3.7073163986206055,1
2.9328572750091553,1
3.16709566116333,1
3.063218593597412,1
2.8204870223999023,1
3.4011495113372803,1
3.354708194732666,1
3.626720428466797,1
3.9538369178771973,1
3.9069712162017822,1
2.6643853187561035,1
3.0746049880981445,1
3.5530004501342773,1
3.410318374633789,1
3.625213623046875,1
3.4830379486083984,1
3.219489812850952,1
3.5075483322143555,1
3.5374937057495117,1
3.085634469985962,1
3.0743110179901123,1
3.4868240356445313,1
3.646101236343384,1
3.502274513244629,1
4.065407752990723,1
3.820181369781494,1
3.696835517883301,1
3.0659806728363037,1
3.7375736236572266,1
3.2882375717163086,1
3.5410265922546387,1
3.276031970977783,1
2.962613344192505,1
3.2764978408813477,1
3.5886240005493164,1
3.8768763542175293,1
3.7544631958007813,1
3.5708770751953125,1
3.2649781703948975,1
2.927297830581665,1
3.360581874847412,1
2.922043800354004,1
3.409041404724121,1
3.5855753421783447,1
4.340904235839844,1
3.425769090652466,1
3.3417015075683594,1
3.5626072883605957,1
3.6260576248168945,1
3.3928873538970947,1
3.6721835136413574,1
2.9401931762695313,1
3.129023790359497,1
3.6772847175598145,1
3.13348388671875,1
3.512248992919922,1
3.490298271179199,1
2.9809634685516357,1
2.7803053855895996,1
3.434267997741699,1
3.1390953063964844,1
3.0012435913085938,1
3.565349578857422,1
3.948357343673706,1
3.016895055770874,1
3.496222972869873,1
3.767172336578369,1
3.715127944946289,1
3.8877203464508057,1
4.470130920410156,1
3.3998465538024902,1
3.493715763092041,1
3.5076615810394287,1
3.834810256958008,1
4.007090091705322,1
4.001823425292969,1
3.5445210933685303,1
3.754361629486084,1
3.605675220489502,1
3.217240810394287,1
4.4575605392456055,1
3.4494314193725586,1
3.4750165939331055,1
3.4442238807678223,1
3.815213680267334,1
3.6455068588256836,1
3.2309305667877197,1
3.3657214641571045,1
3.6648356914520264,1
3.6193795204162598,1
3.1227855682373047,1
4.195005416870117,1
2.9886393547058105,1
2.7697296142578125,1
3.760812759399414,1
3.6773886680603027,1
4.349586486816406,1
3.9744486808776855,1
2.957280397415161,1
3.387960433959961,1
4.196496963500977,1
3.499955654144287,1
4.002534866333008,1
4.235286235809326,1
4.068477630615234,1
3.8518242835998535,1
3.3377232551574707,1
3.6364049911499023,1
3.6090335845947266,1
4.849687576293945,1
4.582798957824707,1
4.262821197509766,1
3.777031421661377,1
4.034069538116455,1
2.979414701461792,1
3.5390539169311523,1
4.030945777893066,1
4.222574234008789,1
3.8925585746765137,1
3.5929267406463623,1
3.7819983959198,1
3.11920166015625,1
3.1075334548950195,1
3.584193706512451,1
3.527924060821533,1
3.8271641731262207,1
3.122918128967285,1
3.725757598876953,1
3.91066837310791,1
4.128208160400391,1
3.8659729957580566,1
3.069817304611206,1
4.094918251037598,1
3.3175859451293945,1
4.243781089782715,1
3.4415440559387207,1
3.6329383850097656,1
3.7495036125183105,1
3.8407516479492188,1
3.496645212173462,1
2.840968132019043,1
3.7537944316864014,1
3.792093276977539,1
3.8803837299346924,1
3.714806318283081,1
4.322396755218506,1
3.4557762145996094,1
3.6842522621154785,1
4.087114334106445,1
3.976081609725952,1
5.0435590744018555,1
3.7694756984710693,1
3.5909008979797363,1
3.938711404800415,1
3.7178261280059814,1
4.244640350341797,1
3.624390125274658,1
4.052370548248291,1
3.600914716720581,1
3.507370948791504,1
3.6039981842041016,1
3.501940965652466,1
4.3308258056640625,1
2.9181251525878906,1
3.5987181663513184,1
3.924217700958252,1
3.441004991531372,1
3.4713239669799805,1
3.6745107173919678,1
4.416927337646484,1
3.423635244369507,1
3.262205123901367,1
3.339000940322876,1
3.6231565475463867,1
3.491939067840576,1
2.906071424484253,1
2.859187602996826,1
3.1738076210021973,1
4.067728519439697,1
3.6230568885803223,1
3.5707836151123047,1
3.654494285583496,1
2.7887680530548096,1
3.1921420097351074,1
3.20292592048645,1
5.035637855529785,1
3.3153724670410156,1
4.4779462814331055,1
3.2257041931152344,1
4.122559547424316,1
3.048013687133789,1
3.401287078857422,1
3.628706216812134,1
3.5960466861724854,1
3.7019243240356445,1
3.4147019386291504,1
3.6704959869384766,1
2.9423279762268066,1
3.488199234008789,1
3.3276607990264893,1
3.8062446117401123,1
3.4015393257141113,1
3.4550275802612305,1
3.3798131942749023,1
4.078907012939453,1
3.2870397567749023,1
3.3683390617370605,1
3.561863899230957,1
3.3995988368988037,1
3.379965305328369,1
2.939378023147583,1
3.1417880058288574,1
4.413028717041016,1
3.0423638820648193,1
3.110041618347168,1
3.3759565353393555,1
3.6067214012145996,1
3.593801498413086,1
3.45503830909729,1
3.0381007194519043,1
3.402846336364746,1
3.8798794746398926,1
3.821707248687744,1
3.9573068618774414,1
3.5397791862487793,1
4.242125988006592,1
3.0959112644195557,1
3.295456886291504,1
3.428510904312134,1
3.9073338508605957,1
3.714970111846924,1
4.183522701263428,1
3.2333717346191406,1
14.725556373596191,1
3.6309757232666016,1
4.593710899353027,1
4.239106178283691,1
3.8159377574920654,1
5.421582221984863,1
4.4782562255859375,1
4.378850936889648,1
4.2529497146606445,1
3.9536654949188232,1
5.2285542488098145,1
4.443974494934082,1
3.553462266921997,1
3.595411777496338,1
4.425114154815674,1
4.840096950531006,1
4.164830684661865,1
4.568473815917969,1
4.314618110656738,1
4.363306045532227,1
3.8105015754699707,1
4.075840950012207,1
3.4458556175231934,1
4.480299949645996,1
3.3010551929473877,1
4.331892013549805,1
3.824540138244629,1
3.6466925144195557,1
3.958743095397949,1
3.131655693054199,1
3.1460108757019043,1
4.179333209991455,1
4.054479598999023,1
4.551709175109863,1
3.739600658416748,1
3.0194590091705322,1
3.7057623863220215,1
4.047005653381348,1
3.7996044158935547,1
3.6511361598968506,1
3.5707502365112305,1
3.493649959564209,1
3.4015588760375977,1
3.8414864540100098,1
3.381138324737549,1
3.7482657432556152,1
3.595024585723877,1
4.011805534362793,1
3.530665636062622,1
3.6685757637023926,1
3.4697580337524414,1
4.382565498352051,1
2.988196611404419,1
3.7997753620147705,1
2.7773208618164063,1
3.558030843734741,1
3.72967791557312,1
3.3943142890930176,1
4.318885803222656,1
3.0100889205932617,1
4.916453838348389,1
3.7356085777282715,1
3.4162135124206543,1
3.67168927192688,1
4.192558765411377,1
4.286685943603516,1
3.516413688659668,1
3.472871780395508,1
2.912466287612915,1
3.9404149055480957,1
3.6129226684570313,1
3.3360183238983154,1
4.515905380249023,1
3.88576078414917,1
3.7270359992980957,1
3.7473249435424805,1
3.022353410720825,1
3.423098087310791,1
2.785555839538574,1
4.088342666625977,1
3.463815450668335,1
3.3725547790527344,1
3.1794841289520264,1
2.7279930114746094,1
2.4537899494171143,1
3.029264211654663,1
3.4221649169921875,1
3.505704402923584,1
3.525106906890869,1
3.2416932582855225,1
3.806975841522217,1
3.5460376739501953,1
3.525083065032959,1
3.5424094200134277,1
4.214447021484375,1
3.432542324066162,1
3.289445161819458,1
3.1483802795410156,1
3.7952327728271484,1
3.6986687183380127,1
3.2283577919006348,1
3.7833101749420166,1
3.413435220718384,1
4.165754318237305,1
3.877427577972412,1
3.0372815132141113,1
3.6198596954345703,1
3.423766613006592,1
4.008033752441406,1
3.5481395721435547,1
3.5397496223449707,1
3.4848480224609375,1
3.2157633304595947,1
3.30145525932312,1
4.0389204025268555,1
3.581430435180664,1
3.268038511276245,1
3.4449613094329834,1
3.1629717350006104,1
3.7186055183410645,1
2.730935573577881,1
3.5382888317108154,1
3.780691623687744,1
4.1577911376953125,1
3.376012086868286,1
3.309511423110962,1
3.814751148223877,1
3.6517138481140137,1
3.00285005569458,1
2.5597267150878906,1
3.5866527557373047,1
3.3000640869140625,1
3.2903895378112793,1
3.713857412338257,1
3.7622761726379395,1
3.3683056831359863,1
3.7352864742279053,1
3.3473896980285645,1
3.3706438541412354,1
3.9360008239746094,1
3.2526702880859375,1
3.6431047916412354,1
3.292410135269165,1
3.8864147663116455,1
3.2233638763427734,1
3.334730386734009,1
3.0551669597625732,1
3.907914638519287,1
2.991708755493164,1
3.7565112113952637,1
3.660554885864258,1
3.0323357582092285,1
3.7121741771698,1
3.112966775894165,1
3.449751138687134,1
4.224189281463623,1
3.7522876262664795,1
2.8403849601745605,1
3.251614570617676,1
3.044044017791748,1
4.620491981506348,1
3.671743869781494,1
3.901167869567871,1
3.577613592147827,1
4.632475852966309,1
3.5102388858795166,1
4.063765525817871,1
3.845587730407715,1
4.3565473556518555,1
3.265115737915039,1
3.0550742149353027,1
4.5631561279296875,1
4.071202754974365,1
4.278720855712891,1
4.02925968170166,1
3.7056615352630615,1
3.999497890472412,1
3.078749656677246,1
3.3793563842773438,1
3.8566949367523193,1
3.4467289447784424,1
3.2970921993255615,1
3.24301815032959,1
3.4151906967163086,1
3.4280643463134766,1
3.391180992126465,1
3.845217704772949,1
3.950127124786377,1
3.3535356521606445,1
3.3724887371063232,1
3.2874269485473633,1
3.3175883293151855,1
3.2914648056030273,1
3.6839895248413086,1
4.043837547302246,1
3.09367036819458,1
3.779012680053711,1
3.6616721153259277,1
3.079279661178589,1
4.054203033447266,1
4.00418758392334,1
3.068183660507202,1
3.694596529006958,1
5.025911808013916,1
3.355473756790161,1
3.551258087158203,1
4.315229415893555,1
3.2010080814361572,1
3.550750255584717,1
3.9638619422912598,1
3.1923766136169434,1
3.036322593688965,1
4.439551830291748,1
3.666581392288208,1
4.449197292327881,1
4.267668724060059,1
3.608069896697998,1
3.556886672973633,1
2.643792152404785,1
3.29521107673645,1
3.2179105281829834,1
4.097710609436035,1
3.1357738971710205,1
3.515648365020752,1
3.87835955619812,1
3.499314069747925,1
3.160529136657715,1
4.701752662658691,1
2.959859609603882,1
3.4362618923187256,1
3.279829978942871,1
2.922656536102295,1
3.392604351043701,1
3.2724690437316895,1
3.1075894832611084,1
3.8455591201782227,1
3.2537896633148193,1
3.290693998336792,1
3.6606833934783936,1
3.181154727935791,1
3.956939458847046,1
4.116786003112793,1
3.1072685718536377,1
3.357457160949707,1
2.8481335639953613,1
3.6574816703796387,1
3.4490411281585693,1
3.910923480987549,1
3.0112006664276123,1
2.66904878616333,1
3.207200527191162,1
3.109976291656494,1
3.246241807937622,1
3.274723529815674,1
2.9842233657836914,1
3.16162109375,1
4.30268669128418,1
3.305898666381836,1
3.47603440284729,1
3.452542304992676,1
3.152041435241699,1
3.134455442428589,1
2.879563093185425,1
3.924260139465332,1
3.066713333129883,1
3.0761003494262695,1
3.4758048057556152,1
3.510817289352417,1
3.3903708457946777,1
3.464920997619629,1
3.4472155570983887,1
3.7837166786193848,1
3.1628060340881348,1
3.137478828430176,1
3.71409273147583,1
3.4072489738464355,1
3.177335262298584,1
3.446312665939331,1
2.870171546936035,1
3.536764144897461,1
3.409078598022461,1
2.5980584621429443,1
3.5989248752593994,1
3.702594757080078,1
3.4167017936706543,1
4.1272172927856445,1
3.328507423400879,1
3.7575156688690186,1
4.052964687347412,1
3.4594674110412598,1
3.323751211166382,1
3.379807710647583,1
3.1245884895324707,1
3.54634428024292,1
3.1291093826293945,1
3.669384002685547,1
3.0869030952453613,1
2.989854335784912,1
3.0922045707702637,1
3.2430810928344727,1
3.0905380249023438,1
3.374678373336792,1
3.5727150440216064,1
3.5675759315490723,1
3.8147435188293457,1
3.6870689392089844,1
3.336303234100342,1
3.0209357738494873,1
3.3055169582366943,1
3.2335524559020996,1
3.390453815460205,1
3.2047176361083984,1
3.5477359294891357,1
2.4503414630889893,1
3.701915740966797,1
3.2380032539367676,1
3.6886186599731445,1
2.6776771545410156,1
3.5947842597961426,1
4.027421951293945,1
4.212489604949951,1
3.416919231414795,1
2.781663417816162,1
3.4530029296875,1
3.019639015197754,1
3.363058567047119,1
3.8061747550964355,1
3.14864444732666,1
3.635465621948242,1
2.7280592918395996,1
4.058551788330078,1
3.5685067176818848,1
3.5597949028015137,1
2.965059280395508,1
3.5249698162078857,1
3.5212466716766357,1
3.250999927520752,1
3.7303237915039063,1
3.32336163520813,1
3.6864118576049805,1
3.4314420223236084,1
3.593534231185913,1
2.899860143661499,1
3.5017993450164795,1
4.059175491333008,1
3.0331101417541504,1
3.396087646484375,1
3.6689882278442383,1
3.3213372230529785,1
3.264155864715576,1
4.200972557067871,1
3.6851813793182373,1
2.7960619926452637,1
3.601848602294922,1
3.6723368167877197,1
3.3101425170898438,1
3.37570858001709,1
3.3136086463928223,1
3.2724711894989014,1
3.303802490234375,1
3.0028858184814453,1
3.431938409805298,1
3.0322556495666504,1
3.145002841949463,1
3.043677568435669,1
3.4129536151885986,1
3.2183985710144043,1
4.646969795227051,1
3.4081332683563232,1
3.6200966835021973,1
3.8564951419830322,1
2.943427801132202,1
2.9887683391571045,1
3.7896037101745605,1
2.7724151611328125,1
3.1460180282592773,1
3.9068686962127686,1
3.7357988357543945,1
4.354580402374268,1
3.2538528442382813,1
3.3991856575012207,1
3.6810059547424316,1
3.6717073917388916,1
3.4387102127075195,1
3.243253231048584,1
2.5331521034240723,1
3.568687915802002,1
2.7441484928131104,1
2.768016815185547,1
3.328787088394165,1
3.3154399394989014,1
3.789015531539917,1
3.7107553482055664,1
3.8348779678344727,1
3.092245578765869,1
3.006220817565918,1
2.891758441925049,1
3.146801471710205,1
4.074084281921387,1
2.809878349304199,1
3.1493778228759766,1
3.375363826751709,1
3.0929627418518066,1
3.09810471534729,1
2.8716881275177,1
3.003054141998291,1
3.644179105758667,1
2.804783344268799,1
3.0150856971740723,1
3.4987173080444336,1
3.4604015350341797,1
2.836556911468506,1
3.612820625305176,1
3.290086269378662,1
3.3066039085388184,1
3.2532615661621094,1
3.061807155609131,1
3.3665342330932617,1
3.2224888801574707,1
3.2983460426330566,1
3.7579309940338135,1
3.2493605613708496,1
3.643077850341797,1
3.555546522140503,1
3.29764986038208,1
3.2136096954345703,1
3.5591201782226563,1
3.50014066696167,1
3.161670207977295,1
3.1998977661132813,1
3.382140636444092,1
3.1492486000061035,1
3.3684611320495605,1
2.898909091949463,1
3.493063449859619,1
4.058757781982422,1
4.411435604095459,1
4.470338821411133,1
3.8551247119903564,1
3.928427219390869,1
3.7417917251586914,1
2.819462299346924,1
4.163979530334473,1
4.252012252807617,1
3.2331016063690186,1
3.840031623840332,1
3.1036548614501953,1
3.130831241607666,1
3.1879026889801025,1
3.234405279159546,1
3.3239822387695313,1
3.155782699584961,1
3.044325351715088,1
3.1057610511779785,1
3.144512176513672,1
2.916238784790039,1
2.8858180046081543,1
3.182067394256592,1
2.8437447547912598,1
3.87375545501709,1
3.0915355682373047,1
3.0779147148132324,1
3.291130542755127,1
3.6928138732910156,1
3.0331132411956787,1
2.8483550548553467,1
2.9601686000823975,1
3.1689212322235107,1
3.1875839233398438,1
3.3054919242858887,1
3.514356851577759,1
3.0867879390716553,1
2.7163138389587402,1
3.499162197113037,1
3.5299785137176514,1
3.9226303100585938,1
4.087597370147705,1
3.9136033058166504,1
2.459970474243164,1
3.158644914627075,1
4.3443756103515625,1
3.9495644569396973,1
3.3964319229125977,1
3.0259549617767334,1
4.174795627593994,1
3.3253183364868164,1
3.9356415271759033,1
4.524473190307617,1
5.389553546905518,1
3.7317709922790527,1
4.009183883666992,1
3.3251657485961914,1
2.801046371459961,1
4.339888095855713,1
4.1187238693237305,1
4.175008296966553,1
3.30751633644104,1
3.772076368331909,1
3.5011982917785645,1
2.772475242614746,1
3.707315444946289,1
3.8295183181762695,1
3.8147926330566406,1
4.297567367553711,1
3.184405565261841,1
3.3810629844665527,1
3.5093741416931152,1
2.6641197204589844,1
3.563033103942871,1
3.4440832138061523,1
4.323498249053955,1
3.4475648403167725,1
3.4848268032073975,1
3.5147042274475098,1
3.517894744873047,1
2.246558666229248,1
3.0019664764404297,1
3.417837142944336,1
3.692835807800293,1
3.6175897121429443,1
3.3322677612304688,1
3.889951467514038,1
2.905759334564209,1
3.343295097351074,1
3.8496248722076416,1
3.1273107528686523,1
2.8845038414001465,1
2.892031192779541,1
3.0436267852783203,1
3.0140674114227295,1
3.320618152618408,1
3.4737322330474854,1
3.1062397956848145,1
3.8229339122772217,1
3.1149849891662598,1
3.217010021209717,1
3.2407331466674805,1
2.8578572273254395,1
3.3237977027893066,1
3.4182491302490234,1
2.8920693397521973,1
3.216403007507324,1
3.7190544605255127,1
3.6322407722473145,1
3.4908525943756104,1
3.022653579711914,1
2.868192672729492,1
3.0375444889068604,1
3.2091176509857178,1
3.297060966491699,1
3.0862011909484863,1
3.1320667266845703,1
3.4843931198120117,1
4.844128608703613,1
2.9207074642181396,1
2.9848244190216064,1
3.1469180583953857,1
3.285970687866211,1
3.3386411666870117,1
2.9033381938934326,1
2.887225389480591,1
3.5285916328430176,1
3.4709601402282715,1
3.005042552947998,1
3.414151668548584,1
3.082796573638916,1
3.073802947998047,1
3.6941354274749756,1
4.406332969665527,1
3.140028715133667,1
3.360013484954834,1
2.8953356742858887,1
2.4383785724639893,1
2.9833567142486572,1
3.7393574714660645,1
3.4663639068603516,1
2.7841060161590576,1
3.8709850311279297,1
4.416123867034912,1
3.7157235145568848,1
3.329230308532715,1
3.1081080436706543,1
4.313611030578613,1
3.081521987915039,1
3.2525386810302734,1
3.1316041946411133,1
3.2682571411132813,1
3.4467711448669434,1
4.319157600402832,1
3.2647879123687744,1
3.228410482406616,1
3.3824844360351563,1
2.933131694793701,1
3.720653533935547,1
2.3759660720825195,1
3.152708053588867,1
2.8504905700683594,1
3.374467372894287,1
2.9030299186706543,1
3.448502540588379,1
3.449769973754883,1
3.434506893157959,1
3.4393484592437744,1
3.6294164657592773,1
2.5221774578094482,1
2.6285319328308105,1
3.1619224548339844,1
3.0926666259765625,1
3.0390515327453613,1
3.986996650695801,1
3.07659649848938,1
3.181079387664795,1
3.9593374729156494,1
3.099759578704834,1
2.87600040435791,1
4.776483535766602,1
2.9539928436279297,1
2.921010732650757,1
3.1840460300445557,1
4.09786319732666,1
3.509734630584717,1
3.2333009243011475,1
3.135343551635742,1
3.087467670440674,1
3.175659418106079,1
4.273870944976807,1
3.1911535263061523,1
3.345296621322632,1
2.724868059158325,1
3.732983350753784,1
4.165207862854004,1
3.6870131492614746,1
3.543567180633545,1
4.021003246307373,1
3.1731319427490234,1
2.9070796966552734,1
3.2928545475006104,1
3.788294553756714,1
4.02137565612793,1
4.279435157775879,1
4.294986248016357,1
3.0783119201660156,1
3.2992701530456543,1
3.3703999519348145,1
3.6008193492889404,1
3.0071845054626465,1
3.0356616973876953,1
4.181397914886475,1
3.3340330123901367,1
3.297252655029297,1
3.397984504699707,1
3.0812430381774902,1
3.434091567993164,1
4.293202877044678,1
2.890432834625244,1
2.714339256286621,1
3.727186918258667,1
3.323827028274536,1
3.2859253883361816,1
3.447706699371338,1
3.862304210662842,1
3.303478479385376,1
3.8140721321105957,1
3.2969284057617188,1
3.775743007659912,1
3.3487963676452637,1
3.234628915786743,1
2.6813924312591553,1
3.0829153060913086,1
3.2012970447540283,1
3.2600436210632324,1
3.4591622352600098,1
3.991734027862549,1
3.3935670852661133,1
3.052408218383789,1
3.2667295932769775,1
3.109090805053711,1
3.153265953063965,1
3.493795871734619,1
3.20507550239563,1
3.6536405086517334,1
2.928699016571045,1
3.5367462635040283,1
3.6503891944885254,1
4.05536413192749,1
4.00071907043457,1
3.7690935134887695,1
3.3388726711273193,1
3.285660982131958,1
3.902186393737793,1
3.749976873397827,1
3.343736171722412,1
3.76452898979187,1
3.3514184951782227,1
3.571751117706299,1
4.048555374145508,1
3.48189640045166,1
3.191112995147705,1
3.7358882427215576,1
3.2793378829956055,1
3.3701486587524414,1
3.125803232192993,1
3.204033374786377,1
3.7499287128448486,1
3.0796451568603516,1
3.640061378479004,1
3.680248737335205,1
3.3055176734924316,1
2.551003932952881,1
2.644960403442383,1
3.3873047828674316,1
3.1577134132385254,1
3.2261905670166016,1
3.471395492553711,1
3.3755311965942383,1
3.847400188446045,1
3.548996686935425,1
3.338127613067627,1
3.777543306350708,1
3.8292076587677,1
3.3223705291748047,1
4.176153659820557,1
2.930495023727417,1
3.550497531890869,1
3.708693504333496,1
3.347912549972534,1
3.2598276138305664,1
3.8114190101623535,1
4.058750152587891,1
3.3816099166870117,1
3.2514538764953613,1
3.7958579063415527,1
2.718764305114746,1
2.9407455921173096,1
3.0766830444335938,1
3.458367347717285,1
3.817934036254883,1
3.4798614978790283,1
3.8799304962158203,1
2.8007047176361084,1
2.9603724479675293,1
3.389777421951294,1
2.8786566257476807,1
4.050179481506348,1
3.6798973083496094,1
2.9042105674743652,1
3.165419101715088,1
3.4710354804992676,1
3.2876734733581543,1
3.7446084022521973,1
3.218658447265625,1
3.552032470703125,1
3.4114322662353516,1
3.0667600631713867,1
3.119654655456543,1
3.476029396057129,1
3.5734400749206543,1
3.669403553009033,1
3.3658485412597656,1
3.5233380794525146,1
3.9436795711517334,1
3.3944225311279297,1
3.4673097133636475,1
3.437577724456787,1
2.912851095199585,1
2.999892234802246,1
2.9422497749328613,1
3.1967339515686035,1
2.869248867034912,1
2.7402727603912354,1
2.9309277534484863,1
2.8745670318603516,1
4.240220546722412,1
3.16800594329834,1
3.926220178604126,1
3.3481833934783936,1
3.127851724624634,1
2.8121681213378906,1
3.6535251140594482,1
3.2852911949157715,1
3.5048117637634277,1
3.155567169189453,1
3.599780559539795,1
3.53004789352417,1
4.449954032897949,1
3.48530912399292,1
3.254415988922119,1
4.256889343261719,1
3.9201064109802246,1
3.4740376472473145,1
3.141170024871826,1
3.7618188858032227,1
3.4432311058044434,1
3.3479232788085938,1
3.7942771911621094,1
3.369880199432373,1
2.7433924674987793,1
3.4455995559692383,1
3.1381096839904785,1
3.4444870948791504,1
3.051510810852051,1
3.222775936126709,1
3.244680643081665,1
2.9891319274902344,1
3.989847183227539,1
3.162038803100586,1
3.436875343322754,1
4.61627721786499,1
4.302294731140137,1
4.275384902954102,1
3.510624885559082,1
2.977449655532837,1
3.6160476207733154,1
3.302992105484009,1
3.003568172454834,1
2.4608232975006104,1
3.2270991802215576,1
3.8972949981689453,1
4.33170747756958,1
3.3619542121887207,1
3.990960121154785,1
2.914687156677246,1
4.017983436584473,1
2.5890021324157715,1
3.2072067260742188,1
3.4272260665893555,1
3.9076523780822754,1
3.5007097721099854,1
4.2920684814453125,1
2.683121681213379,1
3.927323818206787,1
3.402775287628174,1
4.574695110321045,1
2.8063220977783203,1
3.2549214363098145,1
4.436212062835693,1
2.9667587280273438,1
4.327875137329102,1
2.9301891326904297,1
3.324185848236084,1
3.6308913230895996,1
2.9533958435058594,1
3.3251402378082275,1
3.580082893371582,1
3.156604766845703,1
3.367100715637207,1
3.2454042434692383,1
3.2579450607299805,1
3.0961389541625977,1
3.1100077629089355,1
3.118610382080078,1
4.05458402633667,1
3.550079584121704,1
3.314113140106201,1
2.655547857284546,1
3.4666366577148438,1
3.050926923751831,1
2.8492512702941895,1
3.05653715133667,1
2.824533462524414,1
3.2617783546447754,1
3.4108850955963135,1
3.338602304458618,1
3.355595588684082,1
2.6095919609069824,1
2.8434102535247803,1
3.2836880683898926,1
2.5610342025756836,1
3.054638147354126,1
3.866804361343384,1
4.361673831939697,1
3.1782608032226563,1
2.9753966331481934,1
3.2907464504241943,1
3.84321928024292,1
3.9289870262145996,1
3.3494157791137695,1
3.377441883087158,1
3.155580997467041,1
2.817033290863037,1
3.0156335830688477,1
3.0848703384399414,1
3.8480353355407715,1
3.0147082805633545,1
3.987722873687744,1
3.1776256561279297,1
3.2901687622070313,1
3.2307920455932617,1
2.9772024154663086,1
2.874704599380493,1
4.311662673950195,1
3.026310443878174,1
3.3594655990600586,1
3.902798891067505,1
3.668844699859619,1
3.9950976371765137,1
3.4409213066101074,1
3.436307430267334,1
2.722433090209961,1
3.3068339824676514,1
3.5047669410705566,1
3.914618492126465,1
3.3178257942199707,1
3.1788387298583984,1
3.1421499252319336,1
3.5390915870666504,1
3.7949647903442383,1
3.715184450149536,1
3.5813076496124268,1
3.325552463531494,1
2.934295415878296,1
3.0300493240356445,1
3.622751235961914,1
3.97442889213562,1
4.186545372009277,1
3.157301187515259,1
3.3420300483703613,1
3.748021364212036,1
3.468984603881836,1
3.827183246612549,1
3.4957387447357178,1
3.5833938121795654,1
3.6148815155029297,1
3.6534528732299805,1
3.3758058547973633,1
3.2107620239257813,1
3.8257923126220703,1
3.3534531593322754,1
3.6519670486450195,1
4.307124137878418,1
3.7095284461975098,1
3.8923726081848145,1
3.3669228553771973,1
2.8726654052734375,1
2.8407273292541504,1
2.9232964515686035,1
3.095951557159424,1
2.784010887145996,1
3.437777280807495,1
3.0859925746917725,1
3.052946090698242,1
3.099431276321411,1
3.3444905281066895,1
2.907230854034424,1
2.925205707550049,1
3.458688735961914,1
3.564422845840454,1
3.4044320583343506,1
3.595104694366455,1
2.9118690490722656,1
2.926525592803955,1
2.9791855812072754,1
3.153608560562134,1
2.863119125366211,1
3.1077616214752197,1
3.6436550617218018,1
3.1385340690612793,1
3.162195920944214,1
3.4226131439208984,1
2.8083560466766357,1
3.4660229682922363,1
3.7636189460754395,1
3.126852512359619,1
2.9053421020507813,1
4.248957633972168,1
3.304152488708496,1
3.702371120452881,1
3.684044361114502,1
3.2785115242004395,1
3.2087807655334473,1
3.0773329734802246,1
3.1904633045196533,1
3.5091428756713867,1
3.383765935897827,1
3.1075329780578613,1
2.6493377685546875,1
3.797468900680542,1
3.1087818145751953,1
3.636899948120117,1
3.4978396892547607,1
3.1830849647521973,1
2.9412784576416016,1
3.9176025390625,1
3.188427686691284,1
3.4440557956695557,1
3.4812536239624023,1
3.1517467498779297,1
3.5626370906829834,1
4.014383792877197,1
3.5419883728027344,1
3.228384017944336,1
3.0019607543945313,1
3.7019052505493164,1
3.1506590843200684,1
4.748043060302734,1
2.724102735519409,1
3.9905343055725098,1
4.235005855560303,1
3.7810723781585693,1
3.297363758087158,1
3.5968270301818848,1
3.461007833480835,1
3.4347620010375977,1
3.0520076751708984,1
3.566082715988159,1
3.4770395755767822,1
3.273179054260254,1
2.6195755004882813,1
3.8162200450897217,1
2.7849245071411133,1
3.305499792098999,1
4.1649017333984375,1
2.9974048137664795,1
2.7205991744995117,1
3.441420555114746,1
2.774759292602539,1
3.301262140274048,1
3.805429458618164,1
3.943589687347412,1
3.610508441925049,1
3.755875587463379,1
3.2051734924316406,1
4.448034286499023,1
3.5614004135131836,1
3.625093936920166,1
3.376619338989258,1
3.5457451343536377,1
2.950535774230957,1
3.3047473430633545,1
3.2981269359588623,1
2.8185625076293945,1
3.651454448699951,1
2.7415621280670166,1
3.4007508754730225,1
3.9229238033294678,1
4.192809104919434,1
3.375671148300171,1
5.051761150360107,1
4.062714099884033,1
3.646584987640381,1
3.2977676391601563,1
3.8531441688537598,1
4.307175636291504,1
4.110682964324951,1
4.162148952484131,1
3.8586947917938232,1
3.0634584426879883,1
3.2545881271362305,1
3.3090903759002686,1
3.028289556503296,1
3.015533924102783,1
3.285545587539673,1
3.2074809074401855,1
3.5756006240844727,1
3.3086018562316895,1
2.5810160636901855,1
3.299412250518799,1
3.599339246749878,1
3.108877420425415,1
3.2838587760925293,1
3.8761417865753174,1
3.75166654586792,1
3.3452768325805664,1
3.601490020751953,1
3.8226733207702637,1
4.097415924072266,1
3.2859902381896973,1
3.533067226409912,1
3.467555046081543,1
3.0777182579040527,1
3.8072855472564697,1
4.142637252807617,1
4.692069053649902,1
3.1183412075042725,1
3.852325439453125,1
3.126626491546631,1
3.6153440475463867,1
3.687918186187744,1
4.104997634887695,1
3.265390396118164,1
3.2394022941589355,1
4.428186893463135,1
3.1638998985290527,1
4.317082405090332,1
3.8732194900512695,1
3.5481977462768555,1
3.1527838706970215,1
3.7701430320739746,1
3.5914483070373535,1
3.5769200325012207,1
4.653878211975098,1
4.06829309463501,1
3.480419158935547,1
3.5813615322113037,1
3.9922800064086914,1
4.35756254196167,1
4.7685160636901855,1
3.733926773071289,1
4.191384792327881,1
3.9234795570373535,1
3.358334541320801,1
3.348036527633667,1
4.415709018707275,1
3.480319023132324,1
3.7255611419677734,1
3.509803533554077,1
3.6104681491851807,1
3.5808377265930176,1
2.640629768371582,1
3.519557476043701,1
3.3830626010894775,1
3.3375296592712402,1
3.6804628372192383,1
2.845104217529297,1
3.1284565925598145,1
3.2812328338623047,1
2.9653639793395996,1
3.520265579223633,1
3.245612621307373,1
3.8288114070892334,1
3.534836769104004,1
3.5429608821868896,1
3.2939538955688477,1
2.8991432189941406,1
3.8321189880371094,1
3.887866973876953,1
3.5019524097442627,1
3.3044533729553223,1
2.677769899368286,1
3.154714822769165,1
3.1959095001220703,1
3.1503710746765137,1
2.7657999992370605,1
4.108987808227539,1
2.913987159729004,1
3.2234280109405518,1
2.7479233741760254,1
3.647784948348999,1
3.0849316120147705,1
2.816798686981201,1
3.43583345413208,1
3.0470824241638184,1
3.5261785984039307,1
3.1663477420806885,1
4.202610492706299,1
3.8668770790100098,1
3.5015151500701904,1
3.308720588684082,1
3.4255802631378174,1
2.696155071258545,1
3.2972121238708496,1
3.3702149391174316,1
3.5292441844940186,1
3.0905189514160156,1
3.177638292312622,1
3.188377618789673,1
3.962827444076538,1
3.516873836517334,1
4.450259208679199,1
3.2942018508911133,1
3.578622341156006,1
3.0604324340820313,1
2.9916481971740723,1
3.137631416320801,1
3.7031846046447754,1
3.262423038482666,1
3.9365458488464355,1
3.21114444732666,1
3.5044684410095215,1
3.371926784515381,1
3.579737424850464,1
4.2024970054626465,1
4.051521301269531,1
3.1454696655273438,1
2.712052583694458,1
2.971048355102539,1
3.0418577194213867,1
3.7645957469940186,1
3.391547203063965,1
2.986086368560791,1
2.825934886932373,1
3.08430814743042,1
3.5833187103271484,1
3.3988826274871826,1
3.6563005447387695,1
3.6368699073791504,1
3.7912635803222656,1
2.9430789947509766,1
2.976228713989258,1
4.411165237426758,1
3.4239683151245117,1
4.027554512023926,1
2.66702938079834,1
3.7732152938842773,1
3.757218599319458,1
3.530536651611328,1
4.551702976226807,1
3.7785990238189697,1
3.832681179046631,1
3.627542734146118,1
3.291741132736206,1
3.7674574851989746,1
3.2487599849700928,1
3.643922805786133,1
4.000523567199707,1
3.592104911804199,1
3.8275952339172363,1
3.127985954284668,1
3.0133273601531982,1
3.4437928199768066,1
3.619091510772705,1
4.271299362182617,1
3.9982967376708984,1
4.702003002166748,1
3.000669002532959,1
3.388866424560547,1
3.1918938159942627,1
2.795804977416992,1
3.1222949028015137,1
3.6686816215515137,1
2.98325777053833,1
2.6333675384521484,1
2.553422212600708,1
3.410254955291748,1
2.7909536361694336,1
2.8421337604522705,1
3.162292003631592,1
4.009469032287598,1
3.80268931388855,1
2.949064254760742,1
3.185062885284424,1
3.8386783599853516,1
4.2485504150390625,1
3.820935010910034,1
3.7148032188415527,1
3.5025746822357178,1
3.5869319438934326,1
3.1871328353881836,1
4.859687328338623,1
3.7904212474823,1
4.105401039123535,1
4.276876449584961,1
3.5952587127685547,1
3.8539671897888184,1
2.814911365509033,1
2.6868481636047363,1
3.408273696899414,1
3.377532720565796,1
3.609470844268799,1
3.924193859100342,1
3.088819980621338,1
2.4682040214538574,1
3.3511037826538086,1
3.450216054916382,1
2.891901969909668,1
3.656219482421875,1
2.769092321395874,1
3.2492449283599854,1
3.3373966217041016,1
3.0306639671325684,1
3.8633697032928467,1
3.103872776031494,1
3.3621788024902344,1
3.197521209716797,1
3.3211944103240967,1
3.6615891456604004,1
4.2552666664123535,1
2.5797619819641113,1
3.0136120319366455,1
2.76134991645813,1
3.0137581825256348,1
3.1687116622924805,1
3.3014745712280273,1
3.601553440093994,1
3.0727128982543945,1
2.8578028678894043,1
3.5722453594207764,1
2.646477222442627,1
3.865363597869873,1
3.262592077255249,1
3.052436590194702,1
3.269094705581665,1
2.406648874282837,1
2.702972173690796,1
3.941011428833008,1
2.915847063064575,1
2.8789658546447754,1
3.264493465423584,1
3.539641857147217,1
2.651322364807129,1
3.7056236267089844,1
3.1661510467529297,1
3.012601852416992,1
3.5111594200134277,1
3.659850597381592,1
3.0160646438598633,1
3.324014902114868,1
2.8494157791137695,1
3.153311252593994,1
3.2118122577667236,1
3.747267723083496,1
3.7418766021728516,1
3.5022735595703125,1
3.40320086479187,1
3.054128646850586,1
3.5561413764953613,1
3.3292407989501953,1
3.5461926460266113,1
3.6558992862701416,1
4.030839920043945,1
3.446901798248291,1
4.158306121826172,1
3.0958356857299805,1
3.1102514266967773,1
3.843376636505127,1
3.643472909927368,1
3.1494085788726807,1
3.3731796741485596,1
3.2134127616882324,1
3.311645984649658,1
3.889003276824951,1
3.6370432376861572,1
3.269289970397949,1
3.1733181476593018,1
3.7868802547454834,1
3.3689093589782715,1
3.2431445121765137,1
3.411816358566284,1
2.782179117202759,1
3.472168445587158,1
3.09561824798584,1
3.616502285003662,1
3.0731096267700195,1
3.3693087100982666,1
3.090693235397339,1
2.818319797515869,1
4.317266464233398,1
3.6329452991485596,1
2.956458330154419,1
3.2957100868225098,1
2.8093981742858887,1
3.662315845489502,1
3.4046812057495117,1
3.6980068683624268,1
3.5055835247039795,1
4.345185279846191,1
3.9768660068511963,1
3.3574018478393555,1
2.602666139602661,1
3.60197377204895,1
3.639096736907959,1
4.445221900939941,1
3.776261329650879,1
3.3063700199127197,1
3.5248308181762695,1
3.6888210773468018,1
4.284862518310547,1
4.2230544090271,1
4.571515083312988,1
3.3981540203094482,1
3.443087577819824,1
4.720195293426514,1
4.526487827301025,1
3.6700375080108643,1
3.784336566925049,1
3.4156994819641113,1
3.8420820236206055,1
3.9486215114593506,1
5.154654026031494,1
3.9512343406677246,1
4.660967826843262,1
3.545804023742676,1
3.2314631938934326,1
3.5226049423217773,1
3.957819938659668,1
3.578075408935547,1
3.304901599884033,1
4.085844039916992,1
3.0196127891540527,1
3.6645593643188477,1
3.8827030658721924,1
3.3543460369110107,1
4.73584508895874,1
4.147304534912109,1
3.8684356212615967,1
3.7158308029174805,1
3.583838701248169,1
2.754939079284668,1
3.957869291305542,1
4.129397392272949,1
4.614299297332764,1
3.316105604171753,1
3.647982120513916,1
3.097973346710205,1
3.7141237258911133,1
3.6543402671813965,1
3.409508228302002,1
3.437873363494873,1
3.9265806674957275,1
3.140424966812134,1
2.838977813720703,1
4.308856964111328,1
3.036574363708496,1
2.7028279304504395,1
3.3432979583740234,1
3.3041024208068848,1
3.923631191253662,1
3.796762228012085,1
2.8860185146331787,1
3.027951240539551,1
3.8460822105407715,1
3.4932570457458496,1
3.5574193000793457,1
3.199613094329834,1
3.8443398475646973,1
3.5541622638702393,1
4.053341865539551,1
3.6411731243133545,1
3.2960002422332764,1
3.5128579139709473,1
2.9524710178375244,1
3.3414487838745117,1
3.2605819702148438,1
2.960386276245117,1
2.6686816215515137,1
3.163588523864746,1
3.300717830657959,1
2.862617254257202,1
3.3775441646575928,1
3.8122572898864746,1
3.0833029747009277,1
3.864471435546875,1
3.569005012512207,1
2.9211301803588867,1
3.5939197540283203,1
3.324176788330078,1
3.416027545928955,1
3.520355701446533,1
3.6924872398376465,1
4.6505255699157715,1
3.8253235816955566,1
3.1912200450897217,1
3.3095450401306152,1
3.230053663253784,1
3.551234483718872,1
4.100787162780762,1
3.3732104301452637,1
3.279545783996582,1
2.533379077911377,1
3.2604622840881348,1
4.179933547973633,1
2.9498114585876465,1
3.0675532817840576,1
3.3554329872131348,1
2.9239087104797363,1
3.0289993286132813,1
3.1922006607055664,1
3.4979405403137207,1
2.808095693588257,1
3.2005739212036133,1
3.4230215549468994,1
3.3199408054351807,1
3.5226738452911377,1
3.3496856689453125,1
3.265167236328125,1
3.099302291870117,1
2.6769533157348633,1
3.119725227355957,1
3.100797414779663,1
2.772618532180786,1
3.015552520751953,1
3.5839922428131104,1
4.39691162109375,1
4.031521797180176,1
3.701392889022827,1
2.9076294898986816,1
2.9905471801757813,1
2.8856143951416016,1
3.4338669776916504,1
2.933971405029297,1
2.2469561100006104,1
3.088905096054077,1
3.659494638442993,1
3.8925981521606445,1
2.906731605529785,1
3.6223268508911133,1
3.2205088138580322,1
3.5375843048095703,1
3.1594390869140625,1
3.100118637084961,1
2.9190831184387207,1
2.952139377593994,1
3.3479695320129395,1
3.234914779663086,1
3.720654010772705,1
3.337470293045044,1
3.3557746410369873,1
3.139047145843506,1
3.1646676063537598,1
3.3883681297302246,1
2.9118292331695557,1
3.4462599754333496,1
2.83358097076416,1
2.6236002445220947,1
2.8074560165405273,1
2.9434585571289063,1
3.963228464126587,1
3.033325672149658,1
3.4670729637145996,1
2.6943199634552,1
2.4706389904022217,1
2.948516845703125,1
3.565519332885742,1
2.9905738830566406,1
2.9838809967041016,1
3.4724459648132324,1
3.1698787212371826,1
3.3399317264556885,1
3.4079089164733887,1
3.400012493133545,1
3.723086357116699,1
3.074260711669922,1
3.2862136363983154,1
3.136596918106079,1
3.5702075958251953,1
2.9781241416931152,1
3.7219808101654053,1
3.847200870513916,1
3.838139057159424,1
3.0304172039031982,1
2.9460134506225586,1
2.8827619552612305,1
3.27852463722229,1
3.3716118335723877,1
2.8160388469696045,1
3.1665022373199463,1
3.435760974884033,1
3.9972457885742188,1
