1.5151091814041138,1
2.3587470054626465,1
1.1694211959838867,1
2.2741665840148926,1
0.8253141045570374,1
1.195359230041504,1
1.5106329917907715,1
2.4448094367980957,1
1.6378974914550781,1
1.970252513885498,1
1.4033355712890625,1
1.6835936307907104,1
1.3931403160095215,1
1.1643480062484741,1
1.8638360500335693,1
1.3720721006393433,1
2.143153429031372,1
1.8513647317886353,1
1.2092311382293701,1
1.169174313545227,1
1.5927047729492188,1
2.1558852195739746,1
1.2199726104736328,1
1.7570048570632935,1
1.7203338146209717,1
1.353140115737915,1
1.5353580713272095,1
1.3975749015808105,1
2.4068965911865234,1
1.203848958015442,1
1.3449311256408691,1
1.6718275547027588,1
1.9920768737792969,1
2.083754301071167,1
2.20681095123291,1
1.6500941514968872,1
2.2436294555664063,1
2.179656505584717,1
1.1599743366241455,1
0.9766000509262085,1
0.9752824306488037,1
3.5982987880706787,1
2.336894989013672,1
1.794872760772705,1
1.413468837738037,1
1.2948861122131348,1
1.6939997673034668,1
1.9647293090820313,1
1.3175740242004395,1
1.181491732597351,1
2.106795310974121,1
1.918999433517456,1
1.4437932968139648,1
1.6181213855743408,1
2.507148265838623,1
2.520439863204956,1
1.8685640096664429,1
1.622719407081604,1
1.8922836780548096,1
1.4638261795043945,1
1.8689062595367432,1
1.6626564264297485,1
1.7287774085998535,1
2.053556203842163,1
1.087758183479309,1
1.6512030363082886,1
1.79274320602417,1
1.8290003538131714,1
2.871922731399536,1
1.3760069608688354,1
2.270720958709717,1
1.7401108741760254,1
1.580437421798706,1
2.23158597946167,1
1.7371888160705566,1
1.642256736755371,1
1.5066194534301758,1
1.8977597951889038,1
0.9742439985275269,1
1.3998504877090454,1
1.3730850219726563,1
0.9833409786224365,1
1.5968878269195557,1
1.3100104331970215,1
1.406823754310608,1
1.501699686050415,1
1.0377380847930908,1
1.1319286823272705,1
0.9627652764320374,1
1.678961992263794,1
1.4766303300857544,1
2.110570192337036,1
1.3768413066864014,1
1.234950065612793,1
1.3787410259246826,1
3.0381574630737305,1
1.5221259593963623,1
1.78529691696167,1
2.6929407119750977,1
2.574111223220825,1
2.1668126583099365,1
1.3746137619018555,1
1.9360566139221191,1
2.09531831741333,1
1.7082773447036743,1
1.6152725219726563,1
1.2491815090179443,1
1.962081789970398,1
7.062300682067871,1
1.6578259468078613,1
1.0265196561813354,1
2.4559574127197266,1
2.0076961517333984,1
1.2228758335113525,1
2.296955108642578,1
1.5687106847763062,1
1.6706922054290771,1
1.8659496307373047,1
1.7074620723724365,1
2.2066543102264404,1
2.046313524246216,1
2.0858681201934814,1
1.6531964540481567,1
1.5972801446914673,1
2.5245795249938965,1
2.2578673362731934,1
3.362964391708374,1
1.7855757474899292,1
0.7864991426467896,1
1.2815558910369873,1
1.1685434579849243,1
1.5046051740646362,1
1.5396312475204468,1
1.8170970678329468,1
2.258593797683716,1
1.9195232391357422,1
1.081315040588379,1
1.4494962692260742,1
1.9149155616760254,1
1.680980920791626,1
0.9668352603912354,1
1.3287657499313354,1
1.992952585220337,1
1.1823979616165161,1
1.1155271530151367,1
1.7948031425476074,1
2.4424619674682617,1
1.1783595085144043,1
1.5491533279418945,1
1.1396396160125732,1
1.048194169998169,1
1.0726866722106934,1
1.7339599132537842,1
1.4555468559265137,1
1.4662429094314575,1
1.6263456344604492,1
1.2143135070800781,1
1.4006941318511963,1
1.3837263584136963,1
0.9063992500305176,1
1.2271885871887207,1
2.1636803150177,1
2.0305991172790527,1
0.9564083814620972,1
1.093275785446167,1
0.9329688549041748,1
2.667994976043701,1
1.120333194732666,1
1.558058261871338,1
0.7637927532196045,1
0.9703223705291748,1
1.7516238689422607,1
1.4258806705474854,1
1.5663219690322876,1
2.264378786087036,1
2.6013436317443848,1
1.933156967163086,1
2.2933802604675293,1
1.291671872138977,1
1.5815749168395996,1
0.9657766222953796,1
1.7850167751312256,1
1.2493314743041992,1
1.1398851871490479,1
1.838219165802002,1
1.1437338590621948,1
1.4901808500289917,1
2.1920058727264404,1
1.5152090787887573,1
1.6276671886444092,1
1.1811124086380005,1
1.4563552141189575,1
1.391245722770691,1
0.9276900887489319,1
1.2909144163131714,1
2.1559319496154785,1
1.260472059249878,1
0.7786833047866821,1
1.683295488357544,1
1.2517571449279785,1
1.2891135215759277,1
0.7723718285560608,1
1.2104904651641846,1
0.9609382152557373,1
1.2165148258209229,1
0.8384385108947754,1
1.3149335384368896,1
1.9405841827392578,1
0.9428664445877075,1
1.3854763507843018,1
1.1729570627212524,1
1.2585738897323608,1
1.7485733032226563,1
1.3760156631469727,1
1.1872568130493164,1
1.583227276802063,1
2.0266969203948975,1
1.0572420358657837,1
1.3093743324279785,1
1.419400691986084,1
1.3802790641784668,1
1.0857809782028198,1
1.5524077415466309,1
1.2733443975448608,1
1.7637312412261963,1
1.1171462535858154,1
0.47629696130752563,1
1.0939886569976807,1
1.4943199157714844,1
1.8394322395324707,1
1.063813328742981,1
0.7925012707710266,1
0.8745582103729248,1
1.9501755237579346,1
1.583324909210205,1
1.4242417812347412,1
1.3176977634429932,1
1.343477725982666,1
0.9917464256286621,1
1.2817769050598145,1
1.1307021379470825,1
1.9657824039459229,1
1.7573212385177612,1
0.8687217235565186,1
1.0606125593185425,1
1.0322420597076416,1
1.1660990715026855,1
0.968930184841156,1
1.1563613414764404,1
1.4024393558502197,1
1.4004251956939697,1
1.4976919889450073,1
2.180138111114502,1
0.8971759676933289,1
1.2067911624908447,1
1.5329279899597168,1
1.6325193643569946,1
2.0664281845092773,1
1.3431663513183594,1
1.8292059898376465,1
2.4663748741149902,1
1.715946912765503,1
1.9930944442749023,1
2.0700082778930664,1
1.8399571180343628,1
1.609028697013855,1
1.2605841159820557,1
1.4014158248901367,1
2.2238149642944336,1
1.4198802709579468,1
0.7759096026420593,1
1.113183617591858,1
1.3422605991363525,1
0.8583635091781616,1
1.1383802890777588,1
1.280260443687439,1
2.8217761516571045,1
1.448077917098999,1
1.4770286083221436,1
1.8164759874343872,1
1.5611240863800049,1
1.7805849313735962,1
1.5033202171325684,1
1.076148509979248,1
1.8735209703445435,1
2.1820621490478516,1
2.0431652069091797,1
1.958205223083496,1
1.9648035764694214,1
2.85792875289917,1
1.415151596069336,1
1.5936728715896606,1
1.7143852710723877,1
1.439055323600769,1
0.7886621952056885,1
1.2654391527175903,1
1.943816900253296,1
1.2650763988494873,1
1.6746487617492676,1
0.9536586403846741,1
0.932268500328064,1
1.5379869937896729,1
1.9937541484832764,1
1.5668351650238037,1
1.5028798580169678,1
0.7529255151748657,1
1.9393627643585205,1
1.9063117504119873,1
2.0974152088165283,1
1.7270925045013428,1
1.5304386615753174,1
1.3214863538742065,1
2.1351208686828613,1
2.36057448387146,1
1.6803393363952637,1
1.4672216176986694,1
1.5922698974609375,1
1.2417296171188354,1
1.309303879737854,1
1.5477421283721924,1
1.763063907623291,1
1.1084742546081543,1
1.9979615211486816,1
1.1942659616470337,1
1.1103367805480957,1
3.4441282749176025,1
2.086968183517456,1
1.9443151950836182,1
2.3211617469787598,1
2.774141788482666,1
1.7031619548797607,1
2.0790984630584717,1
1.8018299341201782,1
1.638110637664795,1
1.5693838596343994,1
1.5147287845611572,1
2.5650746822357178,1
2.5999956130981445,1
4.210258960723877,1
2.149179458618164,1
2.248291254043579,1
2.084400177001953,1
1.805687665939331,1
2.2881393432617188,1
2.8519463539123535,1
2.503892421722412,1
1.8476839065551758,1
2.108937978744507,1
2.7551803588867188,1
1.6081148386001587,1
1.9513401985168457,1
2.654085159301758,1
2.2662196159362793,1
2.1596715450286865,1
1.3583664894104004,1
2.3672590255737305,1
1.534930944442749,1
1.6012197732925415,1
1.192488193511963,1
1.5868666172027588,1
1.8109734058380127,1
1.5274245738983154,1
1.2374415397644043,1
0.966938316822052,1
1.5232212543487549,1
1.8249648809432983,1
1.056936502456665,1
1.3060482740402222,1
1.4036965370178223,1
1.7111642360687256,1
1.6144940853118896,1
1.9273914098739624,1
2.6389620304107666,1
1.5357246398925781,1
1.1945639848709106,1
1.684146523475647,1
1.1241106986999512,1
1.2490482330322266,1
1.2806934118270874,1
1.198190689086914,1
1.325679063796997,1
1.9246106147766113,1
1.6266264915466309,1
1.0872790813446045,1
1.7755813598632813,1
1.2130485773086548,1
1.3653733730316162,1
2.4608500003814697,1
2.2218358516693115,1
2.763571262359619,1
1.438481330871582,1
1.175325870513916,1
1.5870592594146729,1
1.6241463422775269,1
2.988083839416504,1
2.606635808944702,1
1.7316807508468628,1
1.6387488842010498,1
2.124358892440796,1
2.277590751647949,1
1.3859628438949585,1
1.7500721216201782,1
1.116250991821289,1
1.1566678285598755,1
1.2201234102249146,1
1.3720638751983643,1
1.4004671573638916,1
0.6783256530761719,1
1.004415512084961,1
1.1661912202835083,1
1.9212955236434937,1
1.096198320388794,1
1.9430493116378784,1
1.0620678663253784,1
1.407531499862671,1
1.3233779668807983,1
1.268742561340332,1
1.4670512676239014,1
1.62417733669281,1
1.0702145099639893,1
0.968556821346283,1
2.062983512878418,1
0.6122572422027588,1
1.783339262008667,1
0.9554130434989929,1
1.0886319875717163,1
1.2269697189331055,1
1.0438411235809326,1
0.7938644886016846,1
1.6143827438354492,1
0.7732559442520142,1
1.2622427940368652,1
1.3854198455810547,1
1.7929208278656006,1
1.5851072072982788,1
1.0060533285140991,1
1.1682900190353394,1
0.8612993955612183,1
0.8658818006515503,1
3.8681864738464355,1
2.038961172103882,1
1.3157038688659668,1
1.7095065116882324,1
1.4138729572296143,1
1.8896822929382324,1
2.298046588897705,1
1.7381303310394287,1
1.2471150159835815,1
1.022794246673584,1
1.7410144805908203,1
2.1075994968414307,1
1.205543041229248,1
1.2053653001785278,1
1.9235005378723145,1
1.6465697288513184,1
1.0785938501358032,1
1.1286739110946655,1
0.8316637277603149,1
1.2839393615722656,1
2.1845242977142334,1
1.5903810262680054,1
1.9567056894302368,1
2.375854015350342,1
1.642401933670044,1
1.5848009586334229,1
2.401686668395996,1
1.996931791305542,1
2.0329384803771973,1
1.861499309539795,1
1.6901333332061768,1
1.3382258415222168,1
2.3027968406677246,1
1.6505290269851685,1
2.3312299251556396,1
2.414724826812744,1
1.5433220863342285,1
1.4934313297271729,1
1.5198776721954346,1
1.745253562927246,1
10.351493835449219,1
1.8524954319000244,1
1.9660046100616455,1
1.4917781352996826,1
1.3714735507965088,1
1.7455310821533203,1
2.000802516937256,1
2.0016512870788574,1
1.3330715894699097,1
1.6821008920669556,1
1.077612280845642,1
1.1741561889648438,1
2.9549808502197266,1
1.6338741779327393,1
1.5589196681976318,1
0.8258004188537598,1
1.0525168180465698,1
1.7531121969223022,1
1.414790391921997,1
2.4395861625671387,1
1.1750857830047607,1
1.2235393524169922,1
2.435272693634033,1
5.510135650634766,1
1.6968042850494385,1
1.6123123168945313,1
1.4764498472213745,1
1.6415505409240723,1
1.038196086883545,1
0.8883105516433716,1
1.9122397899627686,1
1.4620144367218018,1
1.3448364734649658,1
1.2741583585739136,1
1.2797348499298096,1
2.2559001445770264,1
2.571394681930542,1
1.4506651163101196,1
1.2556761503219604,1
1.566158413887024,1
2.7386512756347656,1
1.8617322444915771,1
2.096801280975342,1
1.352399230003357,1
1.4295930862426758,1
1.7304155826568604,1
1.5871168375015259,1
1.355348825454712,1
1.3997116088867188,1
1.3578356504440308,1
1.2003223896026611,1
1.6909010410308838,1
1.6177523136138916,1
2.203841209411621,1
1.3199090957641602,1
1.4431339502334595,1
2.3810250759124756,1
1.0009064674377441,1
2.013821601867676,1
1.842146635055542,1
1.7559373378753662,1
1.72543203830719,1
1.238206148147583,1
1.5957870483398438,1
1.0397391319274902,1
1.3533397912979126,1
1.0873547792434692,1
1.918407917022705,1
0.9670825004577637,1
1.3832883834838867,1
1.6233991384506226,1
1.424842119216919,1
2.506774663925171,1
1.0642659664154053,1
0.7792477607727051,1
1.0780774354934692,1
1.0471738576889038,1
0.9917806386947632,1
0.7449313402175903,1
1.414069414138794,1
2.954434394836426,1
2.146038293838501,1
0.9326844215393066,1
0.9805842638015747,1
1.1344928741455078,1
2.3060574531555176,1
1.9882688522338867,1
1.470062255859375,1
1.3186275959014893,1
1.5668606758117676,1
2.0845813751220703,1
0.7700423002243042,1
1.2968717813491821,1
0.9341745376586914,1
1.6122260093688965,1
0.7499567270278931,1
1.2775485515594482,1
0.9682543277740479,1
1.0728256702423096,1
0.9791533946990967,1
1.2677395343780518,1
1.3522027730941772,1
1.6912643909454346,1
1.472221851348877,1
1.3061333894729614,1
1.6998964548110962,1
1.1919217109680176,1
1.318176031112671,1
1.1507498025894165,1
0.938056230545044,1
0.7404144406318665,1
0.9193786382675171,1
1.625300645828247,1
0.8930146098136902,1
1.2120387554168701,1
1.1601765155792236,1
1.6212470531463623,1
0.7956712245941162,1
2.4274072647094727,1
1.2888922691345215,1
0.8641396760940552,1
1.3964160680770874,1
1.3129364252090454,1
2.15244460105896,1
1.3200099468231201,1
1.6224684715270996,1
1.144622564315796,1
1.7544560432434082,1
2.9143824577331543,1
2.1976418495178223,1
1.5557019710540771,1
1.0630494356155396,1
1.6597046852111816,1
2.508552312850952,1
1.9483327865600586,1
1.2796605825424194,1
1.5264147520065308,1
1.4874646663665771,1
1.3777283430099487,1
1.5892812013626099,1
1.5104397535324097,1
1.1555652618408203,1
1.474095106124878,1
1.2858272790908813,1
2.1572771072387695,1
1.882240891456604,1
1.44793701171875,1
1.4161155223846436,1
2.2627739906311035,1
2.4627151489257813,1
2.37959361076355,1
2.1129162311553955,1
1.3287909030914307,1
1.5368802547454834,1
1.627894639968872,1
2.083383798599243,1
0.8120304942131042,1
1.4732531309127808,1
1.4265037775039673,1
0.8798536658287048,1
1.5389173030853271,1
1.7687146663665771,1
1.4143089056015015,1
1.605517864227295,1
1.0884652137756348,1
1.2041398286819458,1
2.0395874977111816,1
0.9308398365974426,1
1.4663342237472534,1
0.5448557138442993,1
1.1353785991668701,1
1.0343599319458008,1
1.4951117038726807,1
1.0312343835830688,1
1.3160555362701416,1
1.6816937923431396,1
1.106099247932434,1
1.945689082145691,1
1.4862409830093384,1
1.5476362705230713,1
1.9199352264404297,1
1.5355019569396973,1
1.2988431453704834,1
1.0060205459594727,1
1.0594897270202637,1
1.40950608253479,1
2.1250126361846924,1
1.5264873504638672,1
1.3740510940551758,1
1.821622371673584,1
1.1572035551071167,1
1.4787203073501587,1
1.416317105293274,1
1.7693920135498047,1
1.5646295547485352,1
1.6288567781448364,1
1.1305816173553467,1
1.3596086502075195,1
1.3583356142044067,1
1.18202805519104,1
1.0455310344696045,1
1.4222006797790527,1
1.889570951461792,1
1.6342699527740479,1
1.9553070068359375,1
1.9607079029083252,1
2.009714365005493,1
0.9624029994010925,1
1.6781202554702759,1
1.1230008602142334,1
2.360629081726074,1
1.3801414966583252,1
1.9172801971435547,1
1.5758329629898071,1
1.2633943557739258,1
1.034055233001709,1
1.620200276374817,1
0.86977219581604,1
1.4867680072784424,1
1.0698695182800293,1
1.5957233905792236,1
1.5557844638824463,1
0.6907455325126648,1
1.265081524848938,1
1.250666856765747,1
0.982929527759552,1
0.9601625204086304,1
0.612616777420044,1
1.5810387134552002,1
1.199612021446228,1
1.4769330024719238,1
1.264134168624878,1
1.6027820110321045,1
1.480329990386963,1
1.354609727859497,1
1.3912756443023682,1
1.4449431896209717,1
1.426600456237793,1
0.9475550055503845,1
1.2023634910583496,1
1.967900037765503,1
1.3050613403320313,1
1.5114920139312744,1
1.0915651321411133,1
1.49440336227417,1
1.1701388359069824,1
1.396194338798523,1
1.7790806293487549,1
0.989383339881897,1
2.0701613426208496,1
1.404409408569336,1
0.9150948524475098,1
1.5969841480255127,1
1.9435921907424927,1
2.159090042114258,1
0.8899585008621216,1
1.009047508239746,1
1.2300355434417725,1
1.1566576957702637,1
1.872744083404541,1
1.3555498123168945,1
1.7967593669891357,1
1.2216697931289673,1
1.4189972877502441,1
2.973327159881592,1
1.8548521995544434,1
1.1603683233261108,1
0.9607150554656982,1
1.2232656478881836,1
3.212376356124878,1
1.8964288234710693,1
2.3426120281219482,1
1.1940335035324097,1
1.6335651874542236,1
2.124861240386963,1
2.0054070949554443,1
2.4383339881896973,1
2.987853527069092,1
1.2304909229278564,1
1.6909103393554688,1
1.9888147115707397,1
1.4713997840881348,1
2.9438631534576416,1
2.066760540008545,1
3.4664740562438965,1
3.223592758178711,1
3.4729931354522705,1
2.2720985412597656,1
1.3291771411895752,1
1.2577171325683594,1
2.3710567951202393,1
2.7590320110321045,1
1.7322312593460083,1
1.970159649848938,1
1.8300442695617676,1
2.186755418777466,1
2.020128011703491,1
2.355151891708374,1
2.417501926422119,1
2.5457448959350586,1
1.6169214248657227,1
1.5254478454589844,1
3.428410768508911,1
1.9202572107315063,1
1.6895869970321655,1
1.6739025115966797,1
2.0864322185516357,1
2.811924934387207,1
2.090250015258789,1
2.0231399536132813,1
1.6167508363723755,1
1.8750709295272827,1
1.265223503112793,1
1.8942142724990845,1
1.95635187625885,1
1.1655261516571045,1
1.6131504774093628,1
1.5300387144088745,1
1.2113068103790283,1
1.785085916519165,1
1.1030570268630981,1
1.3390305042266846,1
1.012782096862793,1
1.1410454511642456,1
1.021195888519287,1
1.480065941810608,1
1.819380521774292,1
1.829856038093567,1
1.2889225482940674,1
1.5339546203613281,1
1.552067518234253,1
1.839737892150879,1
1.5023307800292969,1
2.239280939102173,1
3.1397476196289063,1
2.7463953495025635,1
1.6885240077972412,1
2.058955430984497,1
2.340651512145996,1
3.318147659301758,1
2.6173019409179688,1
2.0313830375671387,1
2.722278594970703,1
2.271272897720337,1
1.7510595321655273,1
1.37029230594635,1
1.4839259386062622,1
1.748142957687378,1
1.7362606525421143,1
1.1615409851074219,1
1.780182957649231,1
1.9548118114471436,1
1.0362920761108398,1
1.624027132987976,1
1.1144527196884155,1
1.5815166234970093,1
0.9410806894302368,1
1.1096165180206299,1
1.3296194076538086,1
2.515043258666992,1
1.3624396324157715,1
1.4614086151123047,1
1.3315916061401367,1
1.6115126609802246,1
2.2577409744262695,1
1.5013670921325684,1
1.3708438873291016,1
1.0451419353485107,1
0.8666549921035767,1
0.8509531021118164,1
1.0914697647094727,1
1.0714519023895264,1
1.2457067966461182,1
1.2625174522399902,1
1.6165179014205933,1
1.8343873023986816,1
2.0528688430786133,1
1.0779424905776978,1
1.3624213933944702,1
0.9930065870285034,1
3.3286499977111816,1
3.0580899715423584,1
2.091557502746582,1
1.644447922706604,1
2.130004405975342,1
1.7249712944030762,1
2.067343235015869,1
2.6207642555236816,1
1.9019595384597778,1
2.1607561111450195,1
1.554572582244873,1
1.656492829322815,1
2.0569400787353516,1
2.4415853023529053,1
2.4175620079040527,1
1.6482938528060913,1
1.393728256225586,1
1.156358003616333,1
1.5580230951309204,1
0.9374921321868896,1
2.2020883560180664,1
1.651906967163086,1
2.490403175354004,1
1.711976408958435,1
1.7221171855926514,1
1.9808039665222168,1
1.9083912372589111,1
1.1689897775650024,1
1.3382699489593506,1
1.3911339044570923,1
1.7665584087371826,1
1.35885751247406,1
1.9731237888336182,1
2.1739025115966797,1
1.6778818368911743,1
1.4860761165618896,1
1.8099616765975952,1
1.4270110130310059,1
1.7475190162658691,1
2.0457615852355957,1
1.9309498071670532,1
1.455066204071045,1
1.1861059665679932,1
1.6474814414978027,1
1.709887981414795,1
1.8067456483840942,1
1.7712907791137695,1
2.128262996673584,1
2.318274736404419,1
2.289369583129883,1
1.0586159229278564,1
6.71392822265625,1
1.8831489086151123,1
2.162346601486206,1
1.799738883972168,1
2.2674360275268555,1
1.464003562927246,1
1.741345763206482,1
2.041271686553955,1
3.2542476654052734,1
1.7567092180252075,1
1.700310230255127,1
2.562239408493042,1
2.9722237586975098,1
1.5076230764389038,1
1.8690433502197266,1
1.678025484085083,1
1.7936681509017944,1
2.871432304382324,1
1.6234052181243896,1
2.4990739822387695,1
1.2652158737182617,1
0.9764472246170044,1
2.141223430633545,1
0.8446336984634399,1
1.8889579772949219,1
1.6994285583496094,1
0.9681450128555298,1
0.891309380531311,1
1.108014464378357,1
1.4927831888198853,1
1.7213529348373413,1
1.0481173992156982,1
1.0685279369354248,1
1.1337262392044067,1
1.1939066648483276,1
1.6739659309387207,1
2.122091770172119,1
1.6701397895812988,1
1.7363368272781372,1
1.9312405586242676,1
1.7322347164154053,1
1.4237451553344727,1
2.373826026916504,1
1.7140038013458252,1
3.4159445762634277,1
1.4237430095672607,1
0.8629158139228821,1
3.914830446243286,1
1.2980875968933105,1
1.8692874908447266,1
1.296455979347229,1
4.102635860443115,1
1.985641360282898,1
1.0793609619140625,1
1.6013054847717285,1
0.8740653395652771,1
2.1860504150390625,1
1.190974473953247,1
1.8441171646118164,1
1.1127538681030273,1
1.7630963325500488,1
2.2099156379699707,1
1.237654685974121,1
2.2272801399230957,1
1.7106373310089111,1
1.6893768310546875,1
1.222078561782837,1
1.9798916578292847,1
1.696907639503479,1
1.4390844106674194,1
2.3613831996917725,1
1.805176019668579,1
1.2130874395370483,1
2.5983996391296387,1
0.9554476141929626,1
1.8893994092941284,1
1.4696447849273682,1
1.108722448348999,1
1.6097304821014404,1
1.321190357208252,1
1.0878307819366455,1
1.0032838582992554,1
1.5634922981262207,1
1.4577364921569824,1
1.0860146284103394,1
1.041877031326294,1
0.8737199306488037,1
1.488746166229248,1
1.3679141998291016,1
2.1453614234924316,1
1.7125499248504639,1
1.1083770990371704,1
1.38688063621521,1
1.3398207426071167,1
1.027758002281189,1
1.0460548400878906,1
1.4404728412628174,1
1.1505181789398193,1
1.495481014251709,1
1.5609831809997559,1
1.4423351287841797,1
1.1403381824493408,1
2.929227590560913,1
1.9764330387115479,1
0.9910271167755127,1
1.4886500835418701,1
1.0012036561965942,1
1.4276353120803833,1
2.046617269515991,1
2.04699969291687,1
1.6421219110488892,1
1.7164255380630493,1
1.4963065385818481,1
0.9093037843704224,1
1.8719536066055298,1
1.8264707326889038,1
6.438879013061523,1
1.7762937545776367,1
1.4009671211242676,1
1.5052241086959839,1
2.075589418411255,1
1.9007916450500488,1
1.1632297039031982,1
1.657496452331543,1
1.0415514707565308,1
1.446252703666687,1
1.3022898435592651,1
1.0251376628875732,1
2.0634138584136963,1
1.657010555267334,1
2.1712706089019775,1
1.868935227394104,1
1.3015506267547607,1
1.0455806255340576,1
1.926107406616211,1
2.579352378845215,1
2.157121419906616,1
3.023968458175659,1
1.8569588661193848,1
2.980510711669922,1
1.4338990449905396,1
1.567270278930664,1
3.9081344604492188,1
2.071442127227783,1
1.2976131439208984,1
1.6702215671539307,1
0.9028277397155762,1
1.1653118133544922,1
1.2688523530960083,1
1.9040971994400024,1
1.6116307973861694,1
1.2816681861877441,1
1.279884696006775,1
1.529203176498413,1
1.8281102180480957,1
1.642664909362793,1
1.392805576324463,1
5.531597137451172,1
1.7092020511627197,1
1.945324182510376,1
2.792531728744507,1
1.643784999847412,1
2.5943050384521484,1
2.5423240661621094,1
5.23262882232666,1
1.5727964639663696,1
1.935791015625,1
2.530853509902954,1
2.7331838607788086,1
1.9022202491760254,1
2.146188735961914,1
2.0711464881896973,1
3.1098413467407227,1
2.063222646713257,1
2.492631435394287,1
1.9106099605560303,1
1.5215092897415161,1
2.000685214996338,1
1.8727277517318726,1
1.7796123027801514,1
1.789122462272644,1
1.4231458902359009,1
1.2608559131622314,1
1.5835832357406616,1
1.874253749847412,1
3.056774616241455,1
1.5207313299179077,1
1.8552671670913696,1
1.7487696409225464,1
1.4752321243286133,1
1.349314570426941,1
2.3079779148101807,1
1.6405154466629028,1
2.024827480316162,1
1.3348908424377441,1
0.9954012632369995,1
1.7572866678237915,1
1.583646297454834,1
1.9408303499221802,1
1.4318945407867432,1
1.9801127910614014,1
2.3260371685028076,1
2.0805797576904297,1
1.0900905132293701,1
1.2881808280944824,1
2.748399257659912,1
1.359748125076294,1
1.3300633430480957,1
1.3905137777328491,1
1.4551122188568115,1
1.9033808708190918,1
1.042790412902832,1
1.192516803741455,1
1.3363704681396484,1
3.144620895385742,1
2.4070370197296143,1
3.7215261459350586,1
2.0104146003723145,1
2.0067522525787354,1
2.552809000015259,1
3.062511444091797,1
2.919029474258423,1
2.6157283782958984,1
2.8115010261535645,1
2.516995429992676,1
1.3912683725357056,1
3.6227028369903564,1
1.691575050354004,1
2.686127185821533,1
2.167529344558716,1
1.6139863729476929,1
1.7690731287002563,1
1.564782738685608,1
1.2745567560195923,1
1.3922721147537231,1
1.8026554584503174,1
1.6097164154052734,1
2.3337104320526123,1
1.6547949314117432,1
2.3658692836761475,1
3.302396297454834,1
1.8588283061981201,1
1.910771369934082,1
1.2175041437149048,1
0.7939746975898743,1
1.672550916671753,1
1.4241738319396973,1
2.7057833671569824,1
3.3118896484375,1
1.5814802646636963,1
1.2078849077224731,1
1.53110933303833,1
1.688124656677246,1
2.2373123168945313,1
2.316187620162964,1
1.3200714588165283,1
2.1293692588806152,1
1.7719759941101074,1
1.3785552978515625,1
1.7861356735229492,1
1.4479944705963135,1
1.7655839920043945,1
1.7751264572143555,1
1.7662062644958496,1
1.7175382375717163,1
2.1882448196411133,1
2.160308599472046,1
1.5299053192138672,1
1.7680732011795044,1
1.4548059701919556,1
1.750175952911377,1
2.041170835494995,1
1.8298481702804565,1
1.9431039094924927,1
2.067765712738037,1
1.4121721982955933,1
1.7748143672943115,1
0.8603355884552002,1
1.8032960891723633,1
2.1332404613494873,1
2.210444688796997,1
1.3165791034698486,1
1.5061872005462646,1
2.125885248184204,1
2.508901596069336,1
1.2056891918182373,1
1.4503759145736694,1
2.2391159534454346,1
2.355170726776123,1
2.23054575920105,1
1.6396441459655762,1
2.218783378601074,1
1.7235970497131348,1
2.427103281021118,1
3.1269161701202393,1
2.063488483428955,1
1.7910706996917725,1
1.3776469230651855,1
3.680222749710083,1
1.7584770917892456,1
1.7383838891983032,1
1.5893328189849854,1
1.5169329643249512,1
1.864499568939209,1
1.7869935035705566,1
1.0633505582809448,1
1.5597126483917236,1
1.8879607915878296,1
1.3856645822525024,1
0.765235185623169,1
1.0605162382125854,1
0.9520707130432129,1
1.5595512390136719,1
1.343357801437378,1
1.6987087726593018,1
1.6642487049102783,1
1.5391439199447632,1
1.5268899202346802,1
0.9860113859176636,1
1.2194631099700928,1
0.7599631547927856,1
1.0617926120758057,1
1.0862460136413574,1
2.1228718757629395,1
1.3074312210083008,1
1.5332878828048706,1
0.9343006610870361,1
1.663377285003662,1
1.6155143976211548,1
1.206128478050232,1
1.3361222743988037,1
1.172936201095581,1
1.0815246105194092,1
1.2568778991699219,1
0.5508136749267578,1
2.3060150146484375,1
2.056556224822998,1
3.336542844772339,1
1.8084684610366821,1
1.5015125274658203,1
1.6543691158294678,1
1.1677160263061523,1
1.662824273109436,1
1.582008957862854,1
1.7440741062164307,1
1.6035255193710327,1
1.7712113857269287,1
2.2460274696350098,1
0.9374620914459229,1
1.7052159309387207,1
1.3514788150787354,1
1.8608113527297974,1
2.0888938903808594,1
1.2951762676239014,1
1.2058181762695313,1
1.6921212673187256,1
0.9639123678207397,1
1.158501148223877,1
1.7240495681762695,1
1.7791712284088135,1
1.240454912185669,1
1.1523878574371338,1
2.995001792907715,1
1.2904300689697266,1
1.6529340744018555,1
1.3994455337524414,1
2.450995683670044,1
1.1968064308166504,1
1.1878407001495361,1
1.4729726314544678,1
1.448319911956787,1
1.3691805601119995,1
1.2956137657165527,1
1.965104579925537,1
1.3285393714904785,1
1.1438145637512207,1
1.6489441394805908,1
1.580911636352539,1
1.701660394668579,1
2.0572586059570313,1
1.8349124193191528,1
2.552574634552002,1
1.517345666885376,1
2.644869327545166,1
1.6278964281082153,1
1.6442608833312988,1
1.418123483657837,1
1.5255155563354492,1
1.1398770809173584,1
1.7254890203475952,1
1.8515836000442505,1
1.643422245979309,1
1.129896879196167,1
1.4139299392700195,1
1.285854458808899,1
2.729010581970215,1
3.4563441276550293,1
1.3939416408538818,1
1.7429540157318115,1
2.5438787937164307,1
2.191173791885376,1
2.087009906768799,1
1.8895347118377686,1
1.093460202217102,1
1.2176311016082764,1
0.9221204519271851,1
1.5846458673477173,1
1.3375298976898193,1
1.1223018169403076,1
1.4871184825897217,1
1.022740125656128,1
1.0129817724227905,1
2.005082607269287,1
0.9859253764152527,1
1.6717928647994995,1
1.3727965354919434,1
1.6229424476623535,1
1.2865062952041626,1
2.0858154296875,1
0.8791999816894531,1
1.1689965724945068,1
1.4867366552352905,1
1.0914121866226196,1
2.1025583744049072,1
1.69711172580719,1
1.306740164756775,1
1.6995630264282227,1
1.1797027587890625,1
1.6160974502563477,1
1.2943401336669922,1
1.683715581893921,1
1.9037230014801025,1
1.3193459510803223,1
0.8506542444229126,1
1.2004280090332031,1
1.2605514526367188,1
1.9478589296340942,1
1.6311432123184204,1
1.3486227989196777,1
1.5641889572143555,1
1.6481040716171265,1
1.5937689542770386,1
1.6359176635742188,1
1.8644944429397583,1
1.8887736797332764,1
4.896902561187744,1
1.7565428018569946,1
2.649044990539551,1
1.6395318508148193,1
1.258885145187378,1
2.2798261642456055,1
2.399142026901245,1
1.1810212135314941,1
1.5086948871612549,1
1.3960814476013184,1
1.384582757949829,1
0.9730231761932373,1
1.552257776260376,1
1.2095959186553955,1
1.3618097305297852,1
2.7550816535949707,1
1.2215204238891602,1
2.2879638671875,1
1.2639005184173584,1
1.4116731882095337,1
1.0262093544006348,1
1.5640212297439575,1
1.0073723793029785,1
2.1893367767333984,1
1.4995520114898682,1
2.0500612258911133,1
2.65946626663208,1
2.257416248321533,1
1.7722153663635254,1
1.2447562217712402,1
0.9703328013420105,1
2.113234281539917,1
1.951028823852539,1
1.8501429557800293,1
1.3939062356948853,1
1.283804178237915,1
1.1991002559661865,1
1.8883346319198608,1
1.8266375064849854,1
1.4566400051116943,1
1.248110055923462,1
1.531589150428772,1
2.212141752243042,1
1.9706296920776367,1
1.3985176086425781,1
0.8328949213027954,1
1.5454378128051758,1
2.381162643432617,1
2.1784024238586426,1
1.5925049781799316,1
1.4840761423110962,1
2.885338544845581,1
1.8320660591125488,1
2.0068609714508057,1
2.765456199645996,1
1.8771216869354248,1
1.9014954566955566,1
1.3249282836914063,1
1.6891059875488281,1
1.6846661567687988,1
1.7207735776901245,1
1.7321819067001343,1
1.855255365371704,1
1.6530581712722778,1
1.8460525274276733,1
1.3060824871063232,1
1.5135149955749512,1
1.6449522972106934,1
1.9965423345565796,1
1.2343467473983765,1
1.225113868713379,1
1.7021745443344116,1
1.2325873374938965,1
1.4675707817077637,1
1.487488031387329,1
1.5062997341156006,1
1.7418224811553955,1
1.0873844623565674,1
1.131192684173584,1
0.7991165518760681,1
1.3998374938964844,1
1.8274319171905518,1
1.4335334300994873,1
1.7690094709396362,1
2.446988105773926,1
2.8692970275878906,1
2.237531900405884,1
1.9418600797653198,1
1.3610821962356567,1
2.0603580474853516,1
0.9540254473686218,1
2.2872769832611084,1
3.0423622131347656,1
2.5473952293395996,1
2.099691152572632,1
1.6404205560684204,1
2.4516825675964355,1
2.0869569778442383,1
2.5771231651306152,1
2.1815760135650635,1
2.4523346424102783,1
2.322390556335449,1
1.3774653673171997,1
1.6583189964294434,1
2.5146353244781494,1
2.4094631671905518,1
3.0085315704345703,1
1.8437302112579346,1
2.235013961791992,1
1.548461675643921,1
1.7907776832580566,1
1.6288806200027466,1
1.7775050401687622,1
2.1459450721740723,1
1.6151901483535767,1
1.527780532836914,1
1.3659855127334595,1
1.7908083200454712,1
1.5379456281661987,1
1.352683663368225,1
2.6682775020599365,1
1.1616661548614502,1
2.0448431968688965,1
1.1997641324996948,1
1.0829625129699707,1
1.97663152217865,1
1.4412219524383545,1
1.3404759168624878,1
1.5366358757019043,1
2.0258231163024902,1
1.4899134635925293,1
1.836850643157959,1
0.8810328245162964,1
1.6125221252441406,1
1.7743654251098633,1
2.7314293384552,1
2.701141357421875,1
2.4343421459198,1
2.5542640686035156,1
2.103811740875244,1
2.1924614906311035,1
1.832428216934204,1
3.702904462814331,1
3.69350004196167,1
1.5242834091186523,1
1.5283126831054688,1
1.6849769353866577,1
2.0787932872772217,1
2.279651403427124,1
2.2588744163513184,1
1.7028825283050537,1
1.1443798542022705,1
1.4688106775283813,1
1.2152400016784668,1
1.3418443202972412,1
0.8671420216560364,1
0.9574334621429443,1
1.5887010097503662,1
1.9712841510772705,1
1.3292865753173828,1
21.72097396850586,1
2.479308843612671,1
2.4571597576141357,1
2.8418984413146973,1
3.6843104362487793,1
3.806884288787842,1
2.9890880584716797,1
3.838338851928711,1
3.7575161457061768,1
3.7311348915100098,1
3.4971351623535156,1
3.6593594551086426,1
3.44148588180542,1
4.049555778503418,1
3.9039463996887207,1
3.329951763153076,1
2.3987998962402344,1
2.911403179168701,1
2.72762393951416,1
3.420881509780884,1
2.4092419147491455,1
2.9643666744232178,1
2.7045722007751465,1
3.645759105682373,1
4.092175483703613,1
2.5206031799316406,1
2.2693028450012207,1
3.3894588947296143,1
2.9522042274475098,1
2.5040390491485596,1
2.3770294189453125,1
2.883007049560547,1
2.8889007568359375,1
3.4495692253112793,1
2.7929420471191406,1
3.7454638481140137,1
2.4288148880004883,1
2.2409822940826416,1
2.881683826446533,1
2.1130447387695313,1
2.503824234008789,1
3.085934638977051,1
3.5338993072509766,1
3.0065560340881348,1
2.444182872772217,1
2.1966354846954346,1
1.8522588014602661,1
2.1122565269470215,1
1.8096208572387695,1
2.3905715942382813,1
1.7752912044525146,1
1.7168313264846802,1
2.5810742378234863,1
1.762359619140625,1
2.5142662525177,1
2.4864602088928223,1
2.3381776809692383,1
2.081648349761963,1
2.122439384460449,1
1.710008978843689,1
2.237300157546997,1
2.786388874053955,1
2.3078219890594482,1
2.1219100952148438,1
2.154437780380249,1
2.1493537425994873,1
