2.055629253387451,1
1.865360975265503,1
3.085623264312744,1
2.421243906021118,1
2.399899959564209,1
2.4372384548187256,1
3.297492504119873,1
2.189462423324585,1
1.4633185863494873,1
2.0411620140075684,1
1.8926668167114258,1
2.8575241565704346,1
2.0274593830108643,1
1.9500713348388672,1
3.5390312671661377,1
2.154836416244507,1
2.1414380073547363,1
2.0599827766418457,1
2.3562610149383545,1
1.291269063949585,1
1.5152884721755981,1
2.108996868133545,1
1.7795729637145996,1
2.3153159618377686,1
1.8748823404312134,1
3.0141196250915527,1
1.8505442142486572,1
1.6467375755310059,1
3.185473918914795,1
1.5492219924926758,1
1.863779067993164,1
2.431889057159424,1
2.501708507537842,1
1.497376799583435,1
3.2545928955078125,1
1.5636067390441895,1
3.064105987548828,1
2.3922016620635986,1
2.7221975326538086,1
1.388169527053833,1
1.9050642251968384,1
0.9139412641525269,1
1.5992851257324219,1
2.0956945419311523,1
2.1213631629943848,1
1.6386909484863281,1
2.6523470878601074,1
2.149898052215576,1
1.7563587427139282,1
1.9207401275634766,1
1.5671634674072266,1
2.31184983253479,1
1.9850133657455444,1
1.5120680332183838,1
1.6390602588653564,1
1.9177942276000977,1
3.791189193725586,1
6.265981674194336,1
1.8289965391159058,1
1.832585334777832,1
2.0097954273223877,1
1.8752362728118896,1
3.972066640853882,1
1.8407566547393799,1
2.0325963497161865,1
2.058882474899292,1
2.8678579330444336,1
2.136800765991211,1
2.9957830905914307,1
2.384427785873413,1
1.5668251514434814,1
2.006265640258789,1
2.015779972076416,1
1.4051272869110107,1
1.4593079090118408,1
1.5517221689224243,1
2.307407855987549,1
3.5919361114501953,1
3.0626842975616455,1
2.4573824405670166,1
1.9643138647079468,1
2.418429374694824,1
1.7679177522659302,1
1.4102683067321777,1
1.6895108222961426,1
2.0854713916778564,1
1.6310701370239258,1
2.464109420776367,1
1.8869110345840454,1
2.3473730087280273,1
2.0457026958465576,1
2.331399440765381,1
2.4024810791015625,1
1.8085893392562866,1
1.415398120880127,1
1.8853577375411987,1
2.0920217037200928,1
2.598505735397339,1
4.0775957107543945,1
2.2015891075134277,1
2.5510079860687256,1
1.857396125793457,1
2.46583890914917,1
2.2417232990264893,1
2.584378480911255,1
2.2186663150787354,1
2.217141628265381,1
2.638197898864746,1
1.3640074729919434,1
2.750460624694824,1
1.008239507675171,1
1.415839672088623,1
1.454019546508789,1
1.2752550840377808,1
3.3067564964294434,1
2.8066253662109375,1
2.1239421367645264,1
1.8735747337341309,1
1.5289816856384277,1
2.512432098388672,1
1.8312875032424927,1
1.9973503351211548,1
2.061527729034424,1
2.7589166164398193,1
2.1190013885498047,1
2.984398126602173,1
1.4248363971710205,1
2.039004325866699,1
1.711646556854248,1
2.594233989715576,1
2.012880802154541,1
1.6976934671401978,1
2.3660101890563965,1
1.7713754177093506,1
1.4914411306381226,1
2.1161656379699707,1
1.316561222076416,1
1.6169482469558716,1
0.771281361579895,1
2.813854455947876,1
1.5003845691680908,1
1.9535260200500488,1
1.071694254875183,1
1.6102616786956787,1
1.4479210376739502,1
2.442033290863037,1
1.7148338556289673,1
1.5017671585083008,1
1.6787240505218506,1
0.9559595584869385,1
1.8494174480438232,1
1.244817852973938,1
0.9492313861846924,1
2.001628875732422,1
1.8747318983078003,1
1.0978975296020508,1
1.004585862159729,1
1.473071813583374,1
1.743658423423767,1
1.6535660028457642,1
1.6216175556182861,1
1.2049674987792969,1
2.177107572555542,1
1.660818099975586,1
1.3162329196929932,1
2.3313992023468018,1
1.2445381879806519,1
1.418087363243103,1
1.954862117767334,1
0.9754639863967896,1
1.4009156227111816,1
1.8795053958892822,1
1.3053510189056396,1
1.8139712810516357,1
1.561361312866211,1
1.0749791860580444,1
1.4425082206726074,1
2.0858657360076904,1
0.7621653079986572,1
1.7981953620910645,1
2.37347412109375,1
1.7508580684661865,1
1.0392556190490723,1
1.7543091773986816,1
1.695286750793457,1
1.4076870679855347,1
1.6318455934524536,1
1.1645327806472778,1
1.8186962604522705,1
1.307039737701416,1
1.4777131080627441,1
3.340115785598755,1
2.7649857997894287,1
2.8155465126037598,1
3.7762973308563232,1
2.7646522521972656,1
2.059204339981079,1
3.3796629905700684,1
1.4807875156402588,1
1.7828704118728638,1
2.1133909225463867,1
3.334334373474121,1
3.6477460861206055,1
1.8191349506378174,1
1.7264819145202637,1
2.1603758335113525,1
1.6625661849975586,1
2.3751583099365234,1
1.2087712287902832,1
1.8626967668533325,1
1.5768085718154907,1
3.7391772270202637,1
4.1623101234436035,1
2.640573501586914,1
2.56742000579834,1
3.3101940155029297,1
2.3517959117889404,1
2.114363431930542,1
2.3006234169006348,1
1.777160882949829,1
3.362748622894287,1
1.5014111995697021,1
1.605546474456787,1
3.201138973236084,1
2.1484665870666504,1
2.715726375579834,1
1.7980766296386719,1
1.8442152738571167,1
2.8619384765625,1
2.9624276161193848,1
1.5784735679626465,1
1.6667561531066895,1
1.8153115510940552,1
1.8469555377960205,1
1.4854011535644531,1
2.362703323364258,1
1.8776060342788696,1
1.6820271015167236,1
1.062462329864502,1
2.420327663421631,1
1.5464582443237305,1
1.333228349685669,1
1.94516921043396,1
1.5844535827636719,1
1.066270112991333,1
1.530968427658081,1
2.1150636672973633,1
2.6503756046295166,1
2.5957000255584717,1
2.4459598064422607,1
1.38925302028656,1
2.538111686706543,1
2.330904722213745,1
2.4455814361572266,1
1.1537408828735352,1
1.4963915348052979,1
1.309159755706787,1
1.4726718664169312,1
1.9386430978775024,1
1.285179853439331,1
1.4651715755462646,1
1.926714301109314,1
1.2916983366012573,1
1.8568328619003296,1
1.645034670829773,1
1.6504411697387695,1
1.49099600315094,1
1.7329907417297363,1
0.9455505013465881,1
1.2843194007873535,1
1.08176851272583,1
1.7609856128692627,1
1.7458808422088623,1
1.5200473070144653,1
1.1637661457061768,1
1.7886407375335693,1
2.225750684738159,1
2.73331618309021,1
1.799107313156128,1
1.962420105934143,1
2.277940511703491,1
1.4928648471832275,1
1.4887785911560059,1
1.6216981410980225,1
1.544440746307373,1
1.6732763051986694,1
1.1740601062774658,1
1.5469324588775635,1
0.9735170006752014,1
1.2885127067565918,1
1.533511996269226,1
1.3655614852905273,1
1.2371041774749756,1
0.9738946557044983,1
1.0499505996704102,1
1.4224942922592163,1
1.296243667602539,1
1.2271599769592285,1
1.0742424726486206,1
3.048027992248535,1
3.2682859897613525,1
1.408799648284912,1
1.6540433168411255,1
1.9309440851211548,1
1.3375298976898193,1
2.363847494125366,1
1.8398840427398682,1
2.9607529640197754,1
1.928758978843689,1
2.0515220165252686,1
2.0081794261932373,1
1.6951713562011719,1
0.8883427381515503,1
1.665747880935669,1
2.6172568798065186,1
1.615546464920044,1
1.8156445026397705,1
1.6012804508209229,1
3.1175577640533447,1
2.195012092590332,1
1.8257302045822144,1
1.7439242601394653,1
1.3247489929199219,1
1.7243499755859375,1
1.9069428443908691,1
1.7782373428344727,1
2.1214184761047363,1
1.563793420791626,1
2.059093952178955,1
1.6896711587905884,1
1.7386547327041626,1
1.8263638019561768,1
1.1575920581817627,1
1.4502761363983154,1
1.4367873668670654,1
1.8851686716079712,1
1.9387599229812622,1
1.6613335609436035,1
2.8210411071777344,1
2.084216594696045,1
2.0601754188537598,1
1.622159719467163,1
1.658524513244629,1
2.04711651802063,1
1.919677972793579,1
1.1249626874923706,1
1.9642629623413086,1
2.1538801193237305,1
2.211306095123291,1
0.9576733112335205,1
1.7839689254760742,1
2.0772452354431152,1
1.589644432067871,1
4.100943565368652,1
2.1285934448242188,1
2.0255985260009766,1
3.7506260871887207,1
2.881103038787842,1
2.188579559326172,1
2.0804500579833984,1
1.935420274734497,1
2.6052050590515137,1
2.3435702323913574,1
2.7732529640197754,1
1.2086249589920044,1
1.7654694318771362,1
1.731668472290039,1
2.4486379623413086,1
2.1798009872436523,1
2.9476981163024902,1
1.4249393939971924,1
1.7650518417358398,1
1.172924280166626,1
1.748343586921692,1
0.789228618144989,1
1.7611736059188843,1
1.2104301452636719,1
1.9697569608688354,1
1.6893537044525146,1
2.930483818054199,1
2.14772629737854,1
1.0931005477905273,1
1.6723992824554443,1
2.0394909381866455,1
1.1954067945480347,1
1.3686087131500244,1
1.701197624206543,1
1.5490238666534424,1
0.9761343598365784,1
1.4316898584365845,1
0.9804409742355347,1
1.1270501613616943,1
1.2081056833267212,1
1.11749267578125,1
1.6898902654647827,1
1.581695318222046,1
1.167943000793457,1
0.8375298976898193,1
1.1577061414718628,1
0.7688652276992798,1
1.3188546895980835,1
1.1193042993545532,1
0.6486177444458008,1
1.3771997690200806,1
1.4782183170318604,1
2.0374703407287598,1
1.9064252376556396,1
2.577409267425537,1
2.127577066421509,1
2.9185590744018555,1
2.076735019683838,1
1.7528489828109741,1
1.2884955406188965,1
1.423439621925354,1
2.1716842651367188,1
3.2911720275878906,1
1.967477798461914,1
2.213425636291504,1
1.7699930667877197,1
2.1141982078552246,1
2.584040403366089,1
2.1787798404693604,1
2.971149206161499,1
1.923614263534546,1
1.8866193294525146,1
2.2871246337890625,1
1.4935052394866943,1
1.875166416168213,1
3.4902617931365967,1
1.8534431457519531,1
1.7517478466033936,1
2.569817066192627,1
2.095207929611206,1
1.4093351364135742,1
1.4995148181915283,1
2.796143054962158,1
1.4447017908096313,1
1.4339125156402588,1
2.574406147003174,1
2.3391919136047363,1
2.0190787315368652,1
1.8657011985778809,1
1.5525521039962769,1
1.6689589023590088,1
1.5943856239318848,1
1.6152675151824951,1
1.267662763595581,1
1.2712372541427612,1
1.7657103538513184,1
1.9878344535827637,1
1.5469964742660522,1
1.3508731126785278,1
1.2480061054229736,1
1.4637649059295654,1
1.6988945007324219,1
0.9876817464828491,1
0.7173210382461548,1
1.7871978282928467,1
2.3616373538970947,1
1.1575736999511719,1
2.1387135982513428,1
3.940537929534912,1
2.289459705352783,1
1.5380769968032837,1
1.7254072427749634,1
1.8868602514266968,1
3.2524561882019043,1
3.678826332092285,1
1.9692575931549072,1
3.4808950424194336,1
3.2289085388183594,1
2.229962110519409,1
3.259129762649536,1
2.3975043296813965,1
2.465447187423706,1
2.2794651985168457,1
2.452228307723999,1
2.200812339782715,1
3.333317756652832,1
2.03275990486145,1
3.357098340988159,1
2.1159920692443848,1
3.3106741905212402,1
9.88526725769043,1
9.055248260498047,1
22.49660301208496,1
5.731009006500244,1
9.120262145996094,1
7.6666412353515625,1
5.971940517425537,1
4.388318061828613,1
5.847914695739746,1
5.708364486694336,1
5.275868892669678,1
5.472131729125977,1
5.455530166625977,1
5.373710632324219,1
5.974952697753906,1
5.075362205505371,1
5.245565891265869,1
4.239032745361328,1
4.768003940582275,1
4.5269694328308105,1
4.120917320251465,1
4.09658145904541,1
4.8070969581604,1
3.8631086349487305,1
3.9444353580474854,1
4.60719633102417,1
4.980042457580566,1
4.822517395019531,1
3.734994888305664,1
4.834097862243652,1
4.425477504730225,1
3.913919687271118,1
5.510697364807129,1
4.287930488586426,1
3.49039888381958,1
5.006036758422852,1
3.4793620109558105,1
3.935277223587036,1
3.1303234100341797,1
3.4212324619293213,1
5.0327606201171875,1
3.4271349906921387,1
3.6589198112487793,1
3.7148141860961914,1
3.0320284366607666,1
3.4891610145568848,1
3.729365825653076,1
3.9975786209106445,1
2.9766793251037598,1
2.6515121459960938,1
3.111287832260132,1
3.4279539585113525,1
3.1524710655212402,1
3.7232775688171387,1
3.688906192779541,1
2.952360153198242,1
2.7909538745880127,1
3.090923309326172,1
2.84153413772583,1
3.1971383094787598,1
3.0241875648498535,1
3.1270432472229004,1
2.3377904891967773,1
3.067563533782959,1
3.228152275085449,1
3.082746982574463,1
3.4958314895629883,1
3.581305503845215,1
5.47319221496582,1
3.2791504859924316,1
2.336447238922119,1
2.9283359050750732,1
2.973451852798462,1
3.958151340484619,1
2.9313178062438965,1
3.3007802963256836,1
3.265841007232666,1
2.369523048400879,1
2.554490089416504,1
2.6261048316955566,1
3.024782657623291,1
2.4576611518859863,1
1.811926245689392,1
1.632075548171997,1
2.4972243309020996,1
2.590707540512085,1
3.096421480178833,1
3.832958698272705,1
2.3405022621154785,1
1.7666957378387451,1
3.2476329803466797,1
2.4760525226593018,1
3.085477590560913,1
2.640446662902832,1
2.9227042198181152,1
3.065819263458252,1
2.6783299446105957,1
3.2036752700805664,1
3.1548945903778076,1
2.6056642532348633,1
2.6672685146331787,1
2.820267677307129,1
2.30727219581604,1
2.2999367713928223,1
2.7581355571746826,1
2.4652962684631348,1
2.5403060913085938,1
2.493342399597168,1
1.45376718044281,1
2.568483352661133,1
4.5109543800354,1
2.2177624702453613,1
1.8330485820770264,1
2.4800684452056885,1
3.3164706230163574,1
2.757546901702881,1
3.161771535873413,1
3.388111114501953,1
1.6599063873291016,1
3.292088747024536,1
3.0244979858398438,1
3.3189029693603516,1
2.353508949279785,1
3.266585111618042,1
3.1435084342956543,1
3.0008552074432373,1
2.299777030944824,1
2.2357120513916016,1
1.9131932258605957,1
2.988635778427124,1
3.174492359161377,1
1.8798986673355103,1
2.4820432662963867,1
1.9283465147018433,1
1.8459253311157227,1
2.885362386703491,1
2.481396436691284,1
2.5069804191589355,1
1.4405920505523682,1
2.3882689476013184,1
1.9614425897598267,1
2.72002911567688,1
3.1658918857574463,1
1.9837753772735596,1
2.12507963180542,1
2.349520206451416,1
2.9478354454040527,1
2.3966662883758545,1
2.495328426361084,1
3.0640885829925537,1
2.489041805267334,1
2.8688735961914063,1
2.68496036529541,1
2.829960584640503,1
1.857635259628296,1
2.5868752002716064,1
4.512718200683594,1
2.595837116241455,1
2.208603858947754,1
2.6893622875213623,1
3.1412792205810547,1
3.3960037231445313,1
2.456087827682495,1
2.388096332550049,1
1.8963435888290405,1
2.6313092708587646,1
2.4081530570983887,1
2.1229348182678223,1
2.2836380004882813,1
2.1004209518432617,1
2.511476516723633,1
1.9678585529327393,1
1.4657596349716187,1
2.4816665649414063,1
2.2547407150268555,1
1.8719128370285034,1
1.8745189905166626,1
3.576261520385742,1
3.564981698989868,1
3.2223095893859863,1
2.544036865234375,1
2.4958348274230957,1
2.2570886611938477,1
2.280608892440796,1
1.9502285718917847,1
2.4779090881347656,1
2.545405149459839,1
4.038932800292969,1
2.3038575649261475,1
2.3805081844329834,1
2.7126598358154297,1
3.173707962036133,1
3.3669419288635254,1
3.1716952323913574,1
3.5606184005737305,1
3.3794007301330566,1
4.724545001983643,1
3.1638472080230713,1
3.1598498821258545,1
3.113442897796631,1
2.928469181060791,1
1.9801383018493652,1
2.2483386993408203,1
2.6155874729156494,1
2.051042318344116,1
2.245777130126953,1
3.2890584468841553,1
1.783132553100586,1
1.780574917793274,1
1.702035903930664,1
2.421837329864502,1
2.310375213623047,1
1.9572792053222656,1
3.1661715507507324,1
1.7116212844848633,1
2.373776912689209,1
2.4021077156066895,1
1.6901270151138306,1
1.6609792709350586,1
2.1518471240997314,1
2.2422332763671875,1
2.651421308517456,1
1.7444573640823364,1
2.375795364379883,1
1.8838260173797607,1
1.4697213172912598,1
1.6873990297317505,1
1.5354304313659668,1
1.431044340133667,1
1.5630393028259277,1
2.9599661827087402,1
1.5995547771453857,1
1.9928841590881348,1
2.0507354736328125,1
1.927707552909851,1
2.2474844455718994,1
2.124743700027466,1
1.8494150638580322,1
2.2994253635406494,1
1.8776600360870361,1
1.865018367767334,1
2.397696018218994,1
1.710806965827942,1
1.88490629196167,1
1.699148416519165,1
2.2011938095092773,1
2.505770683288574,1
2.990201473236084,1
2.638134002685547,1
2.4407944679260254,1
3.8097872734069824,1
2.579782009124756,1
1.6840291023254395,1
1.2425243854522705,1
1.3508177995681763,1
2.0713422298431396,1
2.0434091091156006,1
1.8196461200714111,1
1.5853095054626465,1
1.6653127670288086,1
1.7623250484466553,1
1.7749366760253906,1
1.754428744316101,1
1.6099106073379517,1
2.042689800262451,1
1.356921672821045,1
2.6110007762908936,1
1.7726556062698364,1
2.054365634918213,1
1.3805060386657715,1
1.196226716041565,1
1.4531440734863281,1
1.7488465309143066,1
1.741873025894165,1
2.07208514213562,1
1.5366706848144531,1
2.0447843074798584,1
1.3377442359924316,1
1.2686254978179932,1
1.987696647644043,1
1.6758317947387695,1
1.5617951154708862,1
2.4723763465881348,1
1.7059807777404785,1
1.6557555198669434,1
2.405463218688965,1
2.186894178390503,1
1.1382966041564941,1
2.1447744369506836,1
3.1785786151885986,1
1.8864506483078003,1
1.8864350318908691,1
7.334464073181152,1
2.554884433746338,1
2.6075246334075928,1
2.3447227478027344,1
1.677764892578125,1
1.9676567316055298,1
1.8643555641174316,1
2.0712504386901855,1
1.577988862991333,1
2.324894905090332,1
2.5128889083862305,1
3.4465219974517822,1
2.6569557189941406,1
1.4438600540161133,1
2.1021416187286377,1
2.7082467079162598,1
2.3959572315216064,1
1.7465288639068604,1
1.855525255203247,1
2.3020594120025635,1
2.815448760986328,1
2.61373233795166,1
2.234239101409912,1
1.5907095670700073,1
2.3097193241119385,1
3.262573719024658,1
2.055586338043213,1
1.7318353652954102,1
1.6847574710845947,1
3.8365530967712402,1
1.9841115474700928,1
1.8680349588394165,1
1.8378236293792725,1
1.9535340070724487,1
1.7480112314224243,1
1.7313942909240723,1
1.972002387046814,1
2.303849697113037,1
1.731131911277771,1
1.5803446769714355,1
2.0357298851013184,1
1.8194279670715332,1
1.5361987352371216,1
1.9857256412506104,1
1.9798424243927002,1
1.5997039079666138,1
2.104915142059326,1
1.5305378437042236,1
1.6196508407592773,1
2.2556533813476563,1
1.446008563041687,1
3.193511962890625,1
2.311936378479004,1
2.090129852294922,1
1.6341345310211182,1
3.378713607788086,1
2.5977349281311035,1
2.161428451538086,1
2.6556472778320313,1
2.5438525676727295,1
2.511765956878662,1
2.2096970081329346,1
2.2079625129699707,1
2.4084792137145996,1
2.199918031692505,1
2.3247761726379395,1
1.9111926555633545,1
1.530912160873413,1
1.49766206741333,1
1.8604835271835327,1
1.4332537651062012,1
0.9532891511917114,1
1.5389996767044067,1
1.3769824504852295,1
1.7797033786773682,1
1.3392072916030884,1
1.676389455795288,1
1.6387567520141602,1
1.6580810546875,1
1.7678189277648926,1
1.8006517887115479,1
2.499081611633301,1
1.678908348083496,1
1.4918324947357178,1
2.4026031494140625,1
2.9630393981933594,1
1.7009800672531128,1
2.037344217300415,1
1.593867301940918,1
1.9960938692092896,1
2.3112525939941406,1
1.576968789100647,1
1.7092523574829102,1
2.1495704650878906,1
1.73074209690094,1
1.709187388420105,1
1.928166151046753,1
1.8287694454193115,1
1.6704291105270386,1
1.8609377145767212,1
2.148946762084961,1
2.949808120727539,1
1.645310640335083,1
2.183971405029297,1
1.5100033283233643,1
1.423136830329895,1
1.5623548030853271,1
1.7395012378692627,1
1.9387309551239014,1
1.352263331413269,1
1.9311283826828003,1
1.5381677150726318,1
1.8035569190979004,1
1.6043027639389038,1
1.9161430597305298,1
1.3411545753479004,1
1.499683141708374,1
3.5193753242492676,1
1.3779840469360352,1
1.78103768825531,1
1.9929120540618896,1
3.051361083984375,1
4.114141464233398,1
4.207160949707031,1
2.8222784996032715,1
2.76513671875,1
3.375401020050049,1
3.448573589324951,1
3.8601436614990234,1
4.33355712890625,1
3.4630162715911865,1
3.1783313751220703,1
3.220323085784912,1
3.498342752456665,1
4.562772750854492,1
4.379446983337402,1
4.34534215927124,1
3.5530052185058594,1
3.8795318603515625,1
3.244210720062256,1
3.7941761016845703,1
3.213627815246582,1
2.475240707397461,1
2.5670127868652344,1
4.655000686645508,1
2.397120475769043,1
3.1781134605407715,1
3.0748379230499268,1
3.182044506072998,1
3.510014057159424,1
3.043699026107788,1
3.545839786529541,1
3.613358974456787,1
2.3254101276397705,1
2.63558292388916,1
2.5900511741638184,1
2.0993614196777344,1
2.6404073238372803,1
2.062213182449341,1
2.7163827419281006,1
3.3556556701660156,1
4.106949806213379,1
2.8213253021240234,1
2.5139758586883545,1
2.220637798309326,1
3.7321672439575195,1
3.1623892784118652,1
2.2482805252075195,1
3.128119945526123,1
2.2779760360717773,1
2.1769096851348877,1
2.46744441986084,1
2.371917247772217,1
1.8580899238586426,1
2.562112331390381,1
1.5997633934020996,1
2.0811026096343994,1
1.9953982830047607,1
2.861194610595703,1
1.6917736530303955,1
6.607422351837158,1
1.441351294517517,1
2.4673354625701904,1
1.4291648864746094,1
2.5312232971191406,1
2.5619895458221436,1
2.5262277126312256,1
3.6778066158294678,1
2.955704689025879,1
2.548948287963867,1
2.638286590576172,1
3.218414306640625,1
2.6527438163757324,1
2.8243637084960938,1
2.7752397060394287,1
2.4479360580444336,1
1.85106360912323,1
2.5240724086761475,1
1.6709604263305664,1
1.8868273496627808,1
2.2579851150512695,1
3.1492695808410645,1
2.539806604385376,1
2.4098832607269287,1
3.3580939769744873,1
1.980116367340088,1
1.749669075012207,1
1.853663444519043,1
1.6746829748153687,1
1.4775482416152954,1
2.0547566413879395,1
2.538245677947998,1
3.564804792404175,1
2.4364888668060303,1
1.850076675415039,1
2.9696106910705566,1
2.8425562381744385,1
1.7365260124206543,1
2.5051069259643555,1
2.0755958557128906,1
1.5415805578231812,1
2.4887502193450928,1
1.8845407962799072,1
2.1989569664001465,1
3.8323166370391846,1
1.4949798583984375,1
1.549987554550171,1
2.0064404010772705,1
2.899282932281494,1
2.7062923908233643,1
1.9912338256835938,1
2.169114589691162,1
1.9139103889465332,1
3.0364837646484375,1
1.8818469047546387,1
3.471416473388672,1
2.867568016052246,1
1.7732181549072266,1
2.355529308319092,1
2.1002631187438965,1
2.5768418312072754,1
2.182001829147339,1
3.0363025665283203,1
2.293260335922241,1
2.078892230987549,1
2.303884267807007,1
1.970983624458313,1
2.3399641513824463,1
1.5745015144348145,1
1.7380387783050537,1
1.5113871097564697,1
1.6837714910507202,1
1.8034546375274658,1
2.180267810821533,1
1.689626693725586,1
1.9362130165100098,1
1.6172956228256226,1
1.6246416568756104,1
2.0313868522644043,1
1.9542571306228638,1
4.601024150848389,1
2.6586084365844727,1
1.7720831632614136,1
1.8492891788482666,1
2.227861166000366,1
2.542539119720459,1
1.8473762273788452,1
1.9710818529129028,1
1.4833407402038574,1
1.6460261344909668,1
2.845188617706299,1
1.9053547382354736,1
2.6779894828796387,1
2.738081455230713,1
4.847072601318359,1
2.932184934616089,1
2.8925557136535645,1
2.2106118202209473,1
2.652069568634033,1
2.1019458770751953,1
3.074295997619629,1
2.2245242595672607,1
1.5633822679519653,1
1.9430773258209229,1
1.8329130411148071,1
1.8248851299285889,1
2.0104098320007324,1
2.5118424892425537,1
1.8110857009887695,1
3.077533721923828,1
3.287017822265625,1
4.084285736083984,1
3.1823487281799316,1
2.9178895950317383,1
3.2185287475585938,1
3.1277101039886475,1
3.3155651092529297,1
2.9942517280578613,1
2.610924243927002,1
2.146784782409668,1
2.019437074661255,1
2.0694122314453125,1
3.1379575729370117,1
1.944909691810608,1
1.6853740215301514,1
2.379693031311035,1
1.729504108428955,1
2.803895950317383,1
1.8280489444732666,1
1.6673187017440796,1
1.7699878215789795,1
2.7410707473754883,1
3.4776861667633057,1
5.706489562988281,1
2.258467197418213,1
1.982828140258789,1
1.9008768796920776,1
1.5143717527389526,1
1.6853346824645996,1
2.2732057571411133,1
2.0287632942199707,1
1.746425747871399,1
1.5402312278747559,1
1.681072473526001,1
2.3086302280426025,1
2.2385573387145996,1
0.7846615314483643,1
2.2677958011627197,1
2.1911215782165527,1
2.151948928833008,1
2.0295250415802,1
2.2709574699401855,1
1.796151876449585,1
1.6724092960357666,1
2.5215187072753906,1
1.7585630416870117,1
1.0708751678466797,1
1.8330755233764648,1
2.7570552825927734,1
1.6215670108795166,1
1.9021421670913696,1
1.7612810134887695,1
1.5319604873657227,1
1.6264472007751465,1
1.1683969497680664,1
1.5923848152160645,1
2.966228485107422,1
2.3803746700286865,1
3.8031094074249268,1
1.9884347915649414,1
1.8705930709838867,1
2.4808950424194336,1
3.195406198501587,1
1.717023491859436,1
2.0932860374450684,1
2.2802927494049072,1
2.2203369140625,1
2.694793701171875,1
1.8368933200836182,1
2.0121243000030518,1
1.8676514625549316,1
1.8364014625549316,1
3.1211462020874023,1
1.355270266532898,1
1.8585833311080933,1
1.5692884922027588,1
1.7730331420898438,1
1.2304518222808838,1
1.236880898475647,1
2.477397918701172,1
3.0676732063293457,1
2.228541851043701,1
3.6128692626953125,1
2.7525711059570313,1
4.402119159698486,1
3.508960485458374,1
1.9725382328033447,1
3.0057311058044434,1
4.028456687927246,1
2.6839661598205566,1
2.4259538650512695,1
3.8673911094665527,1
4.408430099487305,1
2.285919427871704,1
3.455331563949585,1
3.135714292526245,1
3.1949589252471924,1
2.6641407012939453,1
2.693439245223999,1
2.450960874557495,1
2.335038185119629,1
1.9684330224990845,1
1.6836881637573242,1
2.6063003540039063,1
1.8767812252044678,1
2.3137805461883545,1
2.899632453918457,1
3.673008441925049,1
2.020484447479248,1
1.8228790760040283,1
2.0241761207580566,1
3.4776153564453125,1
1.8796730041503906,1
2.1181156635284424,1
2.0355660915374756,1
2.317077159881592,1
2.5165505409240723,1
2.282715082168579,1
2.2224984169006348,1
1.8309690952301025,1
1.6622674465179443,1
2.237718343734741,1
1.7646112442016602,1
2.214282512664795,1
1.9916325807571411,1
2.1119613647460938,1
2.634237289428711,1
2.905553102493286,1
2.104137420654297,1
4.400790691375732,1
2.5869462490081787,1
1.918713927268982,1
3.0243282318115234,1
2.4165146350860596,1
1.9340832233428955,1
1.8442081212997437,1
1.7404563426971436,1
2.244777202606201,1
1.8914213180541992,1
2.6015777587890625,1
1.9090741872787476,1
1.1828023195266724,1
1.8118306398391724,1
1.6811387538909912,1
6.001039028167725,1
3.3763785362243652,1
3.3434484004974365,1
4.490377426147461,1
2.3701515197753906,1
1.4574650526046753,1
2.8774871826171875,1
3.354945421218872,1
3.4828596115112305,1
3.9375357627868652,1
3.341940402984619,1
2.687932014465332,1
2.5586931705474854,1
3.4478540420532227,1
3.5574159622192383,1
2.4102625846862793,1
2.876339912414551,1
3.306061029434204,1
3.5262274742126465,1
3.0242483615875244,1
3.165712833404541,1
6.757815361022949,1
2.9750008583068848,1
3.2859959602355957,1
3.1731414794921875,1
2.8164451122283936,1
3.039144992828369,1
2.52197265625,1
2.930459499359131,1
3.30774188041687,1
1.9530802965164185,1
2.6459245681762695,1
1.7132688760757446,1
3.33866548538208,1
1.7528609037399292,1
2.3748795986175537,1
1.8993525505065918,1
2.0793254375457764,1
2.657219886779785,1
3.7687010765075684,1
3.341963052749634,1
2.563127040863037,1
3.141439914703369,1
2.7308826446533203,1
2.21030855178833,1
1.8022236824035645,1
2.588261604309082,1
1.6090972423553467,1
2.06490159034729,1
2.4930121898651123,1
2.6963770389556885,1
1.660506248474121,1
2.0995631217956543,1
1.98294997215271,1
1.6181975603103638,1
1.8094520568847656,1
1.5843479633331299,1
1.6400729417800903,1
2.399738311767578,1
1.2184460163116455,1
1.6319899559020996,1
1.5230686664581299,1
3.1339292526245117,1
1.0640391111373901,1
2.1025421619415283,1
1.3841111660003662,1
1.599031925201416,1
1.8699238300323486,1
1.4247969388961792,1
1.6770541667938232,1
1.9209997653961182,1
2.3901267051696777,1
1.8849074840545654,1
1.8897876739501953,1
2.857027530670166,1
2.3947408199310303,1
2.4733688831329346,1
1.752607822418213,1
1.14267098903656,1
2.3920600414276123,1
1.995413064956665,1
1.7124890089035034,1
1.5300211906433105,1
1.5091928243637085,1
2.1335673332214355,1
2.066004753112793,1
2.458350419998169,1
2.0474915504455566,1
2.4315216541290283,1
2.04904842376709,1
1.4548683166503906,1
2.1570496559143066,1
2.1351170539855957,1
1.396627426147461,1
2.2747251987457275,1
3.2334647178649902,1
1.8656103610992432,1
1.8898086547851563,1
1.9974117279052734,1
2.1630117893218994,1
1.8201239109039307,1
1.654021143913269,1
1.814504861831665,1
1.8439675569534302,1
3.2618520259857178,1
2.601100206375122,1
3.2216386795043945,1
1.5412883758544922,1
1.8683503866195679,1
3.166393756866455,1
2.2980458736419678,1
2.578920602798462,1
2.0998613834381104,1
1.4628416299819946,1
1.997759461402893,1
1.8175370693206787,1
3.6059107780456543,1
2.9498653411865234,1
3.7536799907684326,1
2.3988842964172363,1
2.2948596477508545,1
2.0059003829956055,1
2.363480806350708,1
1.9707603454589844,1
2.808521270751953,1
1.489076852798462,1
1.725822925567627,1
1.9388352632522583,1
2.0206634998321533,1
2.5995874404907227,1
1.7951487302780151,1
2.106189012527466,1
1.4409958124160767,1
1.988053321838379,1
1.1402260065078735,1
2.5084362030029297,1
2.1958394050598145,1
1.427614688873291,1
1.5854452848434448,1
1.6051522493362427,1
1.8168236017227173,1
1.7352412939071655,1
1.8269988298416138,1
1.5966006517410278,1
1.758673906326294,1
1.3678306341171265,1
2.208683967590332,1
1.8217390775680542,1
1.3696730136871338,1
2.179398775100708,1
1.5500178337097168,1
1.7665910720825195,1
1.2632358074188232,1
1.497871994972229,1
2.0502893924713135,1
1.545586347579956,1
2.1159210205078125,1
2.394054412841797,1
1.7978827953338623,1
2.283484935760498,1
2.294485330581665,1
4.143143653869629,1
3.2526214122772217,1
2.6162872314453125,1
1.8774681091308594,1
1.494136929512024,1
3.166994333267212,1
1.6043576002120972,1
1.5358519554138184,1
1.7263281345367432,1
1.9111844301223755,1
2.816828966140747,1
1.4113376140594482,1
2.263314962387085,1
1.3738256692886353,1
2.2162532806396484,1
2.6918487548828125,1
1.7319148778915405,1
1.7418909072875977,1
3.0292887687683105,1
1.4467613697052002,1
1.4072320461273193,1
2.1258902549743652,1
1.4066767692565918,1
1.4434878826141357,1
2.0495386123657227,1
1.937211275100708,1
1.703856348991394,1
2.83711314201355,1
1.6389567852020264,1
1.5542662143707275,1
1.3628487586975098,1
1.7226946353912354,1
1.2663766145706177,1
1.339713215827942,1
1.0605709552764893,1
2.2339937686920166,1
2.8294882774353027,1
3.121307373046875,1
2.257711410522461,1
1.937648057937622,1
1.8694736957550049,1
3.887240409851074,1
2.330087900161743,1
1.9388961791992188,1
2.3381099700927734,1
2.8448381423950195,1
2.602602481842041,1
2.1980483531951904,1
1.931647777557373,1
1.639513373374939,1
1.8635377883911133,1
2.277113676071167,1
2.1962356567382813,1
3.138059616088867,1
2.414583921432495,1
1.9330780506134033,1
2.3354134559631348,1
1.8822439908981323,1
3.8799939155578613,1
2.1091346740722656,1
1.4674663543701172,1
2.381258964538574,1
2.291827440261841,1
2.7017738819122314,1
2.247615098953247,1
1.8077797889709473,1
1.8895251750946045,1
1.6861929893493652,1
2.120148181915283,1
2.017774820327759,1
1.7673137187957764,1
2.3354835510253906,1
2.4969563484191895,1
2.369394302368164,1
2.799177646636963,1
2.1773433685302734,1
1.0078374147415161,1
1.2586839199066162,1
2.638530969619751,1
1.1580668687820435,1
1.3765804767608643,1
2.383582592010498,1
1.4849367141723633,1
2.310013771057129,1
1.3962435722351074,1
1.6140882968902588,1
1.689081072807312,1
2.1420226097106934,1
1.7531850337982178,1
1.5213732719421387,1
1.5556797981262207,1
1.4864952564239502,1
2.0759854316711426,1
1.9032988548278809,1
1.3807995319366455,1
2.1529910564422607,1
1.6794521808624268,1
1.4341704845428467,1
1.9968003034591675,1
1.8503934144973755,1
1.6956672668457031,1
2.0740854740142822,1
3.2188029289245605,1
1.1684597730636597,1
1.677263617515564,1
1.9616888761520386,1
2.992260456085205,1
2.58331561088562,1
2.0710525512695313,1
1.8251140117645264,1
2.9179725646972656,1
3.2811899185180664,1
1.568800687789917,1
2.490196466445923,1
2.503176212310791,1
2.2023427486419678,1
1.973262906074524,1
3.6188812255859375,1
2.2728090286254883,1
2.5295727252960205,1
2.126481056213379,1
2.30568790435791,1
2.577265739440918,1
3.8452765941619873,1
2.9971365928649902,1
1.9941166639328003,1
1.48502516746521,1
2.0936222076416016,1
2.282419204711914,1
1.9966633319854736,1
2.1570658683776855,1
2.48931884765625,1
1.6599189043045044,1
1.7403764724731445,1
2.337806463241577,1
1.8833593130111694,1
1.836624264717102,1
2.245312452316284,1
2.031018018722534,1
1.9460173845291138,1
2.8111515045166016,1
2.7891159057617188,1
1.7902984619140625,1
1.4255976676940918,1
1.1028872728347778,1
1.576225996017456,1
1.735946774482727,1
1.375339150428772,1
2.393599033355713,1
1.4986628293991089,1
2.030247211456299,1
2.676584005355835,1
2.424408435821533,1
2.3376612663269043,1
2.820702075958252,1
2.2337894439697266,1
2.194671630859375,1
1.8162353038787842,1
2.0124495029449463,1
2.3624064922332764,1
2.0489542484283447,1
1.938185214996338,1
1.6944468021392822,1
1.873117208480835,1
2.0528502464294434,1
3.0593600273132324,1
2.9539947509765625,1
1.8713819980621338,1
1.9052717685699463,1
1.1838759183883667,1
1.4058418273925781,1
2.812882661819458,1
2.5852103233337402,1
1.7506253719329834,1
2.0070559978485107,1
1.6583479642868042,1
1.7680333852767944,1
1.7055833339691162,1
2.7410261631011963,1
1.8783252239227295,1
1.468290090560913,1
2.2990922927856445,1
1.4127707481384277,1
1.4022867679595947,1
2.754561185836792,1
1.81196928024292,1
1.7958345413208008,1
2.110387086868286,1
0.9897869825363159,1
2.60591983795166,1
2.639284610748291,1
2.029510498046875,1
1.3077772855758667,1
1.1501754522323608,1
1.60298752784729,1
2.690382957458496,1
1.7119519710540771,1
0.851686418056488,1
1.4603850841522217,1
1.2411351203918457,1
1.7078328132629395,1
1.6599452495574951,1
2.7647290229797363,1
1.6474322080612183,1
2.175724744796753,1
2.803457021713257,1
1.7169302701950073,1
2.141242504119873,1
2.4200687408447266,1
1.3505724668502808,1
2.256176710128784,1
