2.2455101013183594,1
2.1989822387695313,1
1.9183311462402344,1
2.294454574584961,1
2.0930025577545166,1
2.2742090225219727,1
1.963441252708435,1
1.7179327011108398,1
2.35473895072937,1
2.4470067024230957,1
1.9293856620788574,1
2.0075132846832275,1
1.9375261068344116,1
1.9473183155059814,1
2.3090620040893555,1
1.8827792406082153,1
1.929555058479309,1
2.0487160682678223,1
1.9460906982421875,1
2.106405735015869,1
2.0932726860046387,1
2.1131393909454346,1
2.1571269035339355,1
1.9814543724060059,1
2.1989946365356445,1
2.7222423553466797,1
2.062377452850342,1
2.5601277351379395,1
2.2873997688293457,1
2.6503944396972656,1
2.8640053272247314,1
2.90022611618042,1
3.47802472114563,1
2.07833194732666,1
2.2874321937561035,1
1.995042324066162,1
2.4685475826263428,1
2.433608055114746,1
2.653688907623291,1
2.4981369972229004,1
1.9569302797317505,1
2.3820018768310547,1
2.7434194087982178,1
2.7955591678619385,1
1.964568853378296,1
1.7804691791534424,1
2.634150266647339,1
2.029541015625,1
2.1234922409057617,1
2.791325569152832,1
2.1765260696411133,1
2.094588041305542,1
2.123009204864502,1
1.911266803741455,1
2.5744800567626953,1
2.4729905128479004,1
1.942336082458496,1
2.140559196472168,1
1.9541617631912231,1
2.3783979415893555,1
2.3266921043395996,1
2.817018747329712,1
2.361642360687256,1
2.28316330909729,1
2.5482864379882813,1
2.2158007621765137,1
2.201411008834839,1
1.6613283157348633,1
2.32418155670166,1
2.48789119720459,1
2.372559070587158,1
2.08524489402771,1
1.5280025005340576,1
2.4864208698272705,1
2.9439806938171387,1
1.9367280006408691,1
2.191865921020508,1
2.1880810260772705,1
2.4561524391174316,1
2.1600866317749023,1
2.3364477157592773,1
2.1156375408172607,1
1.9612370729446411,1
2.3179969787597656,1
2.2577502727508545,1
2.429013252258301,1
1.9177072048187256,1
2.4491920471191406,1
2.445551633834839,1
2.5622072219848633,1
3.428959846496582,1
2.0785396099090576,1
1.8520957231521606,1
1.8713332414627075,1
2.5620317459106445,1
3.3292291164398193,1
2.4055514335632324,1
3.2845427989959717,1
2.3667025566101074,1
2.389636516571045,1
2.5866427421569824,1
1.9872163534164429,1
2.7955057621002197,1
2.3266725540161133,1
3.2073490619659424,1
1.8857438564300537,1
2.197324752807617,1
2.5371861457824707,1
2.5840883255004883,1
2.486159563064575,1
2.132573366165161,1
2.440696954727173,1
2.6338045597076416,1
3.3617920875549316,1
2.55794620513916,1
2.055062770843506,1
1.937628149986267,1
2.803476572036743,1
2.697549819946289,1
2.5665416717529297,1
2.931891441345215,1
2.6293551921844482,1
3.51824951171875,1
2.6366055011749268,1
2.9084417819976807,1
2.758430004119873,1
2.455065965652466,1
2.207085609436035,1
3.2789392471313477,1
2.927609920501709,1
1.914049506187439,1
2.311854362487793,1
2.844999074935913,1
4.467138290405273,1
2.713554620742798,1
2.393448829650879,1
2.9168713092803955,1
2.4688143730163574,1
3.0421063899993896,1
4.049327850341797,1
2.8184170722961426,1
2.4447550773620605,1
2.056751251220703,1
2.4056780338287354,1
2.2522809505462646,1
1.8840566873550415,1
3.103243827819824,1
2.904186964035034,1
2.7351741790771484,1
2.279717445373535,1
2.592949867248535,1
2.257063865661621,1
3.1258678436279297,1
2.3671059608459473,1
2.0146312713623047,1
2.1200950145721436,1
2.197129011154175,1
2.5659167766571045,1
2.2087719440460205,1
2.5073466300964355,1
2.9053072929382324,1
2.384533405303955,1
2.430455446243286,1
2.0311694145202637,1
2.8716135025024414,1
2.4991655349731445,1
3.055746078491211,1
2.782332420349121,1
2.4458751678466797,1
1.6417499780654907,1
2.822374105453491,1
2.0340170860290527,1
1.9506772756576538,1
1.9918724298477173,1
2.6323394775390625,1
2.5979788303375244,1
3.22042179107666,1
2.989809989929199,1
2.1043124198913574,1
2.844320058822632,1
2.327019453048706,1
2.346437454223633,1
2.1190125942230225,1
2.5608534812927246,1
2.403489828109741,1
2.197800636291504,1
2.57755184173584,1
2.097602367401123,1
2.184835195541382,1
2.7262418270111084,1
2.6467342376708984,1
2.6633636951446533,1
2.363290548324585,1
2.3557329177856445,1
2.422492504119873,1
2.4286298751831055,1
2.9494056701660156,1
2.609755754470825,1
2.2776975631713867,1
1.7153213024139404,1
2.1193385124206543,1
1.6231675148010254,1
1.8654956817626953,1
3.4973506927490234,1
2.4051029682159424,1
2.812633514404297,1
2.4109082221984863,1
2.5166404247283936,1
2.4272313117980957,1
2.4501094818115234,1
2.8934948444366455,1
2.2325446605682373,1
2.279785633087158,1
2.8752830028533936,1
2.3790016174316406,1
2.292834997177124,1
2.104123592376709,1
1.943981409072876,1
2.660604476928711,1
2.1442770957946777,1
1.909517765045166,1
2.04291033744812,1
1.884440302848816,1
2.7192471027374268,1
2.6829209327697754,1
2.5050928592681885,1
1.8310548067092896,1
1.8885258436203003,1
2.143327236175537,1
2.039599895477295,1
2.1836798191070557,1
2.5130088329315186,1
2.187073230743408,1
2.5275063514709473,1
2.5530362129211426,1
1.9607079029083252,1
2.084027051925659,1
3.0157604217529297,1
2.5472612380981445,1
2.017518997192383,1
2.921825885772705,1
2.3245739936828613,1
1.8247811794281006,1
2.5615172386169434,1
2.6471424102783203,1
2.517892837524414,1
2.594181537628174,1
2.628887176513672,1
2.5928797721862793,1
2.103708505630493,1
2.050687313079834,1
3.304643154144287,1
2.6154770851135254,1
2.8595409393310547,1
2.4900946617126465,1
2.451845645904541,1
2.4580485820770264,1
2.476607084274292,1
3.4166717529296875,1
4.224948406219482,1
3.3691933155059814,1
2.00087833404541,1
3.057979106903076,1
2.3713269233703613,1
2.5489535331726074,1
3.6533279418945313,1
2.854625701904297,1
2.2167270183563232,1
2.903259754180908,1
2.776484489440918,1
2.552783489227295,1
2.2447714805603027,1
2.0915894508361816,1
2.5273919105529785,1
2.82861328125,1
2.9343979358673096,1
2.6205453872680664,1
2.047884464263916,1
2.3121514320373535,1
2.725968837738037,1
1.932418942451477,1
2.483307361602783,1
2.68850040435791,1
2.4447574615478516,1
2.066100835800171,1
2.136899709701538,1
2.469259023666382,1
2.2633731365203857,1
2.3010807037353516,1
2.82759165763855,1
2.1596853733062744,1
2.585679292678833,1
2.101011037826538,1
3.2925071716308594,1
2.816284418106079,1
2.444181442260742,1
2.5381436347961426,1
2.259744644165039,1
2.045999050140381,1
1.8846668004989624,1
1.9910001754760742,1
2.167008876800537,1
2.2760941982269287,1
2.757235527038574,1
2.1045289039611816,1
2.566657066345215,1
2.1055145263671875,1
2.944599151611328,1
2.3131515979766846,1
2.974836587905884,1
2.1240487098693848,1
2.4992709159851074,1
2.4454336166381836,1
2.189870834350586,1
2.8121166229248047,1
1.8748371601104736,1
1.8838330507278442,1
2.665210485458374,1
2.1492652893066406,1
2.2077383995056152,1
2.0333151817321777,1
2.094146728515625,1
2.648759603500366,1
2.312655210494995,1
2.558896541595459,1
1.9331334829330444,1
1.9190549850463867,1
2.2716012001037598,1
2.4501967430114746,1
2.641720771789551,1
2.0678491592407227,1
2.7052578926086426,1
2.3892643451690674,1
2.660280704498291,1
1.9486114978790283,1
2.6241798400878906,1
2.4667739868164063,1
2.3412954807281494,1
2.25398588180542,1
2.001939296722412,1
2.2474334239959717,1
1.8350497484207153,1
3.5971057415008545,1
2.4991414546966553,1
1.9821158647537231,1
1.6241114139556885,1
2.4722023010253906,1
2.895883560180664,1
2.084627866744995,1
3.1216442584991455,1
1.5986318588256836,1
1.9417214393615723,1
2.149662494659424,1
1.7639579772949219,1
2.4673705101013184,1
2.029284954071045,1
2.212048053741455,1
2.4168195724487305,1
2.5442960262298584,1
2.3657450675964355,1
2.2653720378875732,1
1.9904624223709106,1
2.3403871059417725,1
2.27612042427063,1
2.369215965270996,1
2.1270766258239746,1
2.5949184894561768,1
2.2177963256835938,1
2.621089458465576,1
2.392221212387085,1
2.41326904296875,1
2.150609016418457,1
3.417306423187256,1
3.024219512939453,1
2.953489303588867,1
3.286766529083252,1
3.698899984359741,1
3.9858498573303223,1
3.049997329711914,1
2.0622634887695313,1
1.9723033905029297,1
2.3358325958251953,1
2.3572347164154053,1
2.838715076446533,1
3.0460848808288574,1
3.02524471282959,1
2.1904613971710205,1
2.843398094177246,1
2.4306893348693848,1
2.7614893913269043,1
2.293478012084961,1
2.4473206996917725,1
2.4355218410491943,1
2.4732770919799805,1
2.1549553871154785,1
2.0897817611694336,1
2.2111148834228516,1
2.676616668701172,1
2.563617706298828,1
2.3344368934631348,1
2.445924758911133,1
2.2294580936431885,1
2.138080596923828,1
1.7277854681015015,1
2.407165765762329,1
2.1384670734405518,1
1.7153148651123047,1
2.2926857471466064,1
1.7055737972259521,1
2.1347808837890625,1
2.4152369499206543,1
2.259115695953369,1
1.7900407314300537,1
1.8465728759765625,1
2.110020875930786,1
2.033470630645752,1
2.526097536087036,1
2.2347545623779297,1
2.143202304840088,1
2.1980905532836914,1
2.406057834625244,1
2.417598247528076,1
2.2922091484069824,1
3.662571907043457,1
2.1457273960113525,1
1.9299499988555908,1
2.9834132194519043,1
2.3697493076324463,1
2.6812539100646973,1
2.4331798553466797,1
3.105833053588867,1
2.3032097816467285,1
2.257026195526123,1
2.5149874687194824,1
2.9957308769226074,1
3.3569698333740234,1
2.7414169311523438,1
2.557666778564453,1
2.640019178390503,1
3.2671780586242676,1
3.2629809379577637,1
2.43900203704834,1
1.880632996559143,1
2.948418617248535,1
2.1411118507385254,1
3.311764717102051,1
2.634338617324829,1
2.121434211730957,1
2.831084728240967,1
2.505298614501953,1
2.6004629135131836,1
2.5608749389648438,1
2.374798059463501,1
2.2004504203796387,1
2.5291900634765625,1
1.8840686082839966,1
2.3510658740997314,1
2.5715808868408203,1
1.6137404441833496,1
1.7913464307785034,1
1.7804216146469116,1
1.8403170108795166,1
1.9141278266906738,1
2.0135364532470703,1
1.7521347999572754,1
2.5928049087524414,1
2.3294758796691895,1
1.4143671989440918,1
2.179172992706299,1
2.927060604095459,1
1.8771641254425049,1
1.9523154497146606,1
2.509277105331421,1
1.5030982494354248,1
1.5227383375167847,1
2.543172597885132,1
2.4490747451782227,1
3.041638135910034,1
2.3676505088806152,1
2.1581201553344727,1
2.300976037979126,1
1.9718742370605469,1
2.8077754974365234,1
1.8598748445510864,1
2.2870395183563232,1
2.8523130416870117,1
2.3152964115142822,1
2.492473840713501,1
2.0549466609954834,1
2.3738136291503906,1
2.1220006942749023,1
2.422881603240967,1
2.741295576095581,1
2.4250905513763428,1
2.051136016845703,1
2.5690436363220215,1
2.399742603302002,1
1.8889787197113037,1
2.3683605194091797,1
2.2256555557250977,1
2.5340192317962646,1
2.376455545425415,1
2.097724199295044,1
2.6106972694396973,1
2.4711766242980957,1
2.030146598815918,1
2.7144341468811035,1
2.4264564514160156,1
2.467867374420166,1
1.892410397529602,1
2.6869239807128906,1
2.4269590377807617,1
2.0273985862731934,1
1.773472785949707,1
1.6681233644485474,1
2.5997567176818848,1
1.9960471391677856,1
1.7806096076965332,1
2.3204123973846436,1
2.7818264961242676,1
2.130941867828369,1
2.233443021774292,1
2.232062339782715,1
2.2663753032684326,1
2.0571796894073486,1
1.8556560277938843,1
2.4108004570007324,1
2.8884825706481934,1
3.1337673664093018,1
2.2104291915893555,1
3.072619676589966,1
2.235995292663574,1
4.592988967895508,1
3.0018258094787598,1
2.659501552581787,1
2.671327590942383,1
3.0469887256622314,1
4.181693077087402,1
3.190798759460449,1
2.0264077186584473,1
2.169283390045166,1
2.596444606781006,1
2.7313318252563477,1
1.8164902925491333,1
2.343226432800293,1
2.773341417312622,1
2.9759044647216797,1
2.1924991607666016,1
2.741835117340088,1
3.134594678878784,1
2.2192063331604004,1
2.511658191680908,1
2.968838691711426,1
2.9123294353485107,1
2.302030086517334,1
1.8543269634246826,1
2.111037492752075,1
2.4002532958984375,1
2.474276065826416,1
2.4560046195983887,1
2.437756299972534,1
2.420914888381958,1
2.550788164138794,1
2.515014171600342,1
1.8389188051223755,1
2.6963045597076416,1
2.5916337966918945,1
1.6801400184631348,1
2.117311954498291,1
2.6941142082214355,1
2.2825498580932617,1
1.9410278797149658,1
2.2051100730895996,1
1.7381598949432373,1
1.9722461700439453,1
2.512619972229004,1
2.486152172088623,1
1.8673694133758545,1
2.519529104232788,1
2.3219194412231445,1
2.876633405685425,1
2.185793399810791,1
2.075547456741333,1
2.0428414344787598,1
2.3648524284362793,1
3.134387731552124,1
1.9951932430267334,1
2.7741270065307617,1
2.8070807456970215,1
2.5765552520751953,1
2.6551880836486816,1
1.8120442628860474,1
1.9958462715148926,1
2.5728769302368164,1
2.528001308441162,1
2.5212621688842773,1
2.2288968563079834,1
1.8532929420471191,1
2.14060115814209,1
1.975107192993164,1
2.526261806488037,1
2.5270893573760986,1
2.2538228034973145,1
2.2424001693725586,1
2.371687889099121,1
2.4143195152282715,1
2.6443159580230713,1
2.4828004837036133,1
2.1671109199523926,1
2.2840962409973145,1
2.426532745361328,1
2.3155875205993652,1
2.773045539855957,1
2.2023439407348633,1
2.1211845874786377,1
2.0414113998413086,1
2.4887537956237793,1
1.913116216659546,1
2.3635005950927734,1
2.145442485809326,1
2.0257315635681152,1
2.53336501121521,1
1.8507119417190552,1
2.1130967140197754,1
2.9830029010772705,1
2.3704676628112793,1
2.178309440612793,1
2.0822832584381104,1
2.489715099334717,1
2.3625714778900146,1
2.33522891998291,1
2.436586380004883,1
2.163332939147949,1
2.4438958168029785,1
2.5637660026550293,1
2.77866792678833,1
2.602238655090332,1
2.271735668182373,1
1.5561065673828125,1
3.1004085540771484,1
2.9363930225372314,1
2.238537073135376,1
2.2933149337768555,1
2.250854730606079,1
2.1381187438964844,1
2.274031639099121,1
2.6252613067626953,1
2.3591690063476563,1
1.9597982168197632,1
2.1948418617248535,1
2.0568952560424805,1
2.77681827545166,1
2.067838668823242,1
1.7179536819458008,1
2.201094627380371,1
2.2767138481140137,1
2.684962749481201,1
2.0908851623535156,1
2.4090094566345215,1
2.297105550765991,1
2.6662240028381348,1
2.9876744747161865,1
2.672938346862793,1
2.3251819610595703,1
2.3717761039733887,1
2.5191516876220703,1
2.444422721862793,1
1.9513258934020996,1
2.042721748352051,1
2.4272289276123047,1
2.3886818885803223,1
2.345674753189087,1
2.464514970779419,1
1.9974011182785034,1
1.8221988677978516,1
2.5035245418548584,1
2.9229376316070557,1
2.3029427528381348,1
2.4988367557525635,1
2.067458391189575,1
2.400033712387085,1
2.1992011070251465,1
2.487783908843994,1
2.216488838195801,1
2.3606622219085693,1
1.9017739295959473,1
1.8800626993179321,1
2.6342668533325195,1
2.0875625610351563,1
2.381453037261963,1
2.585181713104248,1
2.121396780014038,1
1.60921311378479,1
2.0514955520629883,1
1.949390172958374,1
2.3023290634155273,1
2.100687265396118,1
2.3165440559387207,1
2.112738847732544,1
1.9528816938400269,1
2.218231678009033,1
2.415137529373169,1
2.0100929737091064,1
2.2351975440979004,1
2.0475852489471436,1
2.041236400604248,1
2.0203847885131836,1
2.464022159576416,1
2.4851975440979004,1
2.749840021133423,1
2.290813446044922,1
2.380051374435425,1
2.4985547065734863,1
2.4380111694335938,1
2.370047092437744,1
2.274260997772217,1
2.229151725769043,1
2.430021047592163,1
1.7720599174499512,1
1.7836612462997437,1
1.6084051132202148,1
1.7150611877441406,1
2.5967774391174316,1
2.878052234649658,1
2.285567283630371,1
2.498760223388672,1
2.5877327919006348,1
2.255279064178467,1
2.4969210624694824,1
2.9169323444366455,1
2.679530382156372,1
2.072721481323242,1
2.785904884338379,1
2.188445806503296,1
1.9402954578399658,1
2.9751651287078857,1
2.618931293487549,1
2.806668758392334,1
2.2042291164398193,1
1.8028768301010132,1
2.3357934951782227,1
2.0951108932495117,1
2.344677686691284,1
2.508450984954834,1
2.3560335636138916,1
3.0548582077026367,1
2.437863826751709,1
2.2794346809387207,1
2.078648805618286,1
2.1746835708618164,1
2.7198662757873535,1
2.2488412857055664,1
1.8991508483886719,1
2.1460578441619873,1
2.253451347351074,1
3.139749050140381,1
1.8964096307754517,1
2.503160238265991,1
2.479580879211426,1
2.533297061920166,1
2.563356399536133,1
2.1854348182678223,1
2.0752811431884766,1
1.6701478958129883,1
2.4472439289093018,1
2.431882858276367,1
2.1638312339782715,1
2.592179298400879,1
2.2959349155426025,1
2.4022469520568848,1
2.9941115379333496,1
2.0989766120910645,1
2.6365480422973633,1
2.3501429557800293,1
2.8196258544921875,1
2.4678757190704346,1
1.7174957990646362,1
2.139688491821289,1
2.4372005462646484,1
2.2809276580810547,1
2.132206439971924,1
2.5870659351348877,1
2.756868839263916,1
2.5338022708892822,1
2.149970054626465,1
2.4078266620635986,1
2.1875548362731934,1
1.9429482221603394,1
1.9553605318069458,1
2.426368236541748,1
2.028778076171875,1
3.3881418704986572,1
1.726502776145935,1
3.1916112899780273,1
2.5675599575042725,1
1.9919337034225464,1
2.5276379585266113,1
2.7466683387756348,1
2.5872609615325928,1
2.728778839111328,1
2.630457878112793,1
2.473822832107544,1
2.4761650562286377,1
1.8797439336776733,1
1.9711036682128906,1
2.009078025817871,1
2.2551207542419434,1
2.575329065322876,1
2.4573001861572266,1
2.063887119293213,1
2.222168445587158,1
2.039093494415283,1
1.9600229263305664,1
1.9452111721038818,1
2.3235950469970703,1
2.114591598510742,1
2.1576590538024902,1
2.4623613357543945,1
2.9016733169555664,1
2.8728227615356445,1
3.440639019012451,1
2.243807077407837,1
2.481518268585205,1
2.789595127105713,1
3.626218795776367,1
2.342047929763794,1
1.6785587072372437,1
2.0576436519622803,1
2.676884174346924,1
2.3987131118774414,1
2.318209648132324,1
2.1354784965515137,1
2.6321463584899902,1
2.0053329467773438,1
2.6360464096069336,1
2.686945915222168,1
3.2266650199890137,1
2.08790922164917,1
2.5160164833068848,1
2.818284034729004,1
2.5038437843322754,1
1.7526775598526,1
2.224341630935669,1
2.669241189956665,1
2.66131591796875,1
2.2260050773620605,1
2.2151713371276855,1
2.0798659324645996,1
2.4970061779022217,1
2.0786654949188232,1
1.9689505100250244,1
2.696995258331299,1
1.8787791728973389,1
2.6439170837402344,1
1.7813270092010498,1
2.5250582695007324,1
1.9209423065185547,1
2.2056589126586914,1
2.1363444328308105,1
2.637631416320801,1
2.451977252960205,1
2.0756497383117676,1
2.518948554992676,1
1.9873789548873901,1
1.5519098043441772,1
2.017066478729248,1
2.2115516662597656,1
2.3389556407928467,1
2.779783010482788,1
2.029658079147339,1
1.7388570308685303,1
1.8629392385482788,1
2.30267596244812,1
2.5352096557617188,1
2.9117345809936523,1
2.827515125274658,1
2.5594513416290283,1
2.454308271408081,1
2.0384085178375244,1
2.3532114028930664,1
4.435248374938965,1
2.9944024085998535,1
2.463629722595215,1
2.562580108642578,1
3.560995101928711,1
3.493025779724121,1
2.0594329833984375,1
3.0922651290893555,1
2.9078454971313477,1
2.0072057247161865,1
2.7679262161254883,1
3.347001552581787,1
2.4100327491760254,1
2.1192519664764404,1
2.9630205631256104,1
2.2138304710388184,1
2.275510787963867,1
2.2055792808532715,1
2.3376381397247314,1
2.1734211444854736,1
2.30279541015625,1
2.641927719116211,1
2.4748289585113525,1
2.250351905822754,1
3.433352470397949,1
3.1563589572906494,1
3.0466372966766357,1
3.0482800006866455,1
2.8155946731567383,1
3.111063003540039,1
3.214590311050415,1
2.606905221939087,1
2.991365909576416,1
2.2140936851501465,1
2.148141384124756,1
3.329552173614502,1
2.2960357666015625,1
4.792168140411377,1
2.280794620513916,1
2.144382953643799,1
2.4432811737060547,1
2.6094608306884766,1
1.8460569381713867,1
2.368485450744629,1
1.8016349077224731,1
2.23276424407959,1
2.6953868865966797,1
2.3451669216156006,1
2.499971628189087,1
2.5861763954162598,1
2.095125675201416,1
2.9764137268066406,1
2.2219045162200928,1
2.135751247406006,1
2.096364974975586,1
2.0646328926086426,1
2.1568470001220703,1
2.2858762741088867,1
1.7725049257278442,1
2.564950942993164,1
2.334441900253296,1
1.714074730873108,1
1.9864133596420288,1
2.1902406215667725,1
2.574277400970459,1
2.5488128662109375,1
1.9236061573028564,1
2.1314697265625,1
2.340374708175659,1
1.6186473369598389,1
2.572280168533325,1
2.429475784301758,1
1.9101128578186035,1
2.4667534828186035,1
1.984060287475586,1
2.866779327392578,1
2.15804123878479,1
2.084174156188965,1
2.0080931186676025,1
3.081840753555298,1
2.419545888900757,1
2.086264133453369,1
1.9721299409866333,1
2.4324190616607666,1
2.316387176513672,1
2.2405295372009277,1
2.205014228820801,1
2.9649205207824707,1
2.323125123977661,1
2.2769601345062256,1
2.9557876586914063,1
2.3701822757720947,1
2.15663480758667,1
2.040703296661377,1
2.1699748039245605,1
2.001066207885742,1
2.3904736042022705,1
1.7322044372558594,1
2.398223876953125,1
2.767361879348755,1
1.8149142265319824,1
2.233603000640869,1
2.2365756034851074,1
2.0441484451293945,1
2.492572784423828,1
2.36991024017334,1
1.970095157623291,1
2.0062265396118164,1
2.3699331283569336,1
2.7598118782043457,1
2.1875767707824707,1
2.5245509147644043,1
2.0005853176116943,1
2.399146795272827,1
3.2201931476593018,1
2.1255908012390137,1
2.457136869430542,1
2.1179392337799072,1
2.3836865425109863,1
2.4379868507385254,1
1.8783423900604248,1
2.609424591064453,1
2.7357499599456787,1
2.1348304748535156,1
2.038771390914917,1
2.4126884937286377,1
2.2711591720581055,1
2.331453323364258,1
2.7391271591186523,1
2.216136932373047,1
2.394725799560547,1
2.38791823387146,1
2.0826778411865234,1
2.6155664920806885,1
2.2465474605560303,1
3.1870696544647217,1
2.9378244876861572,1
2.4484758377075195,1
2.8632543087005615,1
2.39932918548584,1
2.9583330154418945,1
2.9781014919281006,1
2.5008997917175293,1
2.1908183097839355,1
2.006652355194092,1
2.455414295196533,1
2.6845831871032715,1
2.923711061477661,1
2.339118719100952,1
2.1415796279907227,1
2.6532230377197266,1
2.163618564605713,1
2.5743680000305176,1
2.6288371086120605,1
2.104490280151367,1
2.275670051574707,1
2.2038397789001465,1
2.404132604598999,1
2.0510337352752686,1
1.587477445602417,1
2.1631994247436523,1
2.546529769897461,1
1.9685211181640625,1
2.0035481452941895,1
2.576472520828247,1
1.6514208316802979,1
2.178530216217041,1
1.8672208786010742,1
2.2639124393463135,1
1.6461856365203857,1
2.005706548690796,1
1.9839249849319458,1
2.3919296264648438,1
1.8456921577453613,1
2.5499444007873535,1
2.7433807849884033,1
2.352964401245117,1
2.595053195953369,1
2.5055036544799805,1
2.6699976921081543,1
2.839055061340332,1
1.736910343170166,1
2.1239171028137207,1
2.3317055702209473,1
3.5822863578796387,1
2.054736614227295,1
2.343580722808838,1
2.554633855819702,1
2.2368404865264893,1
2.3578572273254395,1
2.448054075241089,1
2.6643481254577637,1
2.118241548538208,1
2.071887969970703,1
2.102055072784424,1
2.446118116378784,1
2.517026424407959,1
2.1211531162261963,1
2.7921857833862305,1
2.71392822265625,1
2.9366915225982666,1
3.179068088531494,1
2.569417953491211,1
2.0353455543518066,1
2.812297821044922,1
2.29548716545105,1
2.682478904724121,1
2.958242893218994,1
2.2025136947631836,1
2.4834423065185547,1
2.033569574356079,1
3.0601789951324463,1
2.3530101776123047,1
1.5711275339126587,1
2.461768627166748,1
2.170116901397705,1
2.3132917881011963,1
2.4955177307128906,1
2.4041523933410645,1
3.005124807357788,1
3.055881977081299,1
2.006165027618408,1
1.6401985883712769,1
2.5480992794036865,1
2.6188342571258545,1
2.4241204261779785,1
2.481539249420166,1
2.2982594966888428,1
1.991309404373169,1
2.3915066719055176,1
2.105565309524536,1
2.432576894760132,1
2.297454595565796,1
2.6516833305358887,1
2.9945878982543945,1
2.5147085189819336,1
2.8270554542541504,1
2.205538034439087,1
2.27378511428833,1
2.446361780166626,1
3.032405376434326,1
2.764648914337158,1
2.256908893585205,1
1.8312873840332031,1
3.1577706336975098,1
2.240049362182617,1
2.8272452354431152,1
2.2570576667785645,1
2.562852621078491,1
2.9271416664123535,1
2.2014105319976807,1
2.051543951034546,1
2.6440324783325195,1
2.188148021697998,1
2.238818645477295,1
2.116359233856201,1
1.9167460203170776,1
2.481184482574463,1
2.307637929916382,1
3.0158157348632813,1
2.7101097106933594,1
2.1337430477142334,1
1.6585047245025635,1
2.0314364433288574,1
2.0571956634521484,1
2.2235147953033447,1
2.548441171646118,1
2.5489108562469482,1
2.6371207237243652,1
2.597172260284424,1
2.730135917663574,1
2.554190158843994,1
2.2349133491516113,1
2.696477174758911,1
2.7052266597747803,1
1.776796817779541,1
2.3457839488983154,1
2.939419746398926,1
2.0115885734558105,1
2.8161120414733887,1
2.666168689727783,1
2.2893269062042236,1
2.530308485031128,1
2.1347155570983887,1
2.277407169342041,1
1.9459075927734375,1
2.3446831703186035,1
2.201531410217285,1
1.93942391872406,1
1.7785457372665405,1
2.8224399089813232,1
2.9532532691955566,1
1.7872004508972168,1
2.1373188495635986,1
2.908677101135254,1
4.097673416137695,1
3.063344955444336,1
2.2372872829437256,1
2.525254726409912,1
2.725153923034668,1
3.1887764930725098,1
2.538823127746582,1
3.859558582305908,1
2.39511775970459,1
2.355494260787964,1
2.1972429752349854,1
3.07297420501709,1
2.259556770324707,1
2.985933780670166,1
2.1619272232055664,1
2.3140177726745605,1
1.7292057275772095,1
1.9414377212524414,1
2.187368869781494,1
2.52608323097229,1
2.163693904876709,1
2.381504774093628,1
2.1436259746551514,1
2.0424084663391113,1
2.120903968811035,1
2.4542250633239746,1
2.464482069015503,1
3.271486282348633,1
2.340237855911255,1
1.8675646781921387,1
2.0889153480529785,1
2.4524385929107666,1
2.584049940109253,1
3.0936052799224854,1
3.3825745582580566,1
2.3853225708007813,1
2.1189656257629395,1
1.9364114999771118,1
2.059784412384033,1
2.2147297859191895,1
2.2480452060699463,1
2.7297561168670654,1
2.232752799987793,1
2.706434965133667,1
2.1051783561706543,1
2.4581947326660156,1
1.9047101736068726,1
3.1356019973754883,1
2.011867046356201,1
2.2666587829589844,1
2.300809383392334,1
1.6463813781738281,1
2.1239490509033203,1
2.3985462188720703,1
1.7172768115997314,1
2.6059699058532715,1
1.9558241367340088,1
2.0937118530273438,1
3.2707340717315674,1
2.0947341918945313,1
1.9108997583389282,1
2.316920757293701,1
2.6341264247894287,1
2.1061336994171143,1
2.656099796295166,1
2.230142116546631,1
2.219179153442383,1
2.2931745052337646,1
1.7869563102722168,1
1.8856189250946045,1
2.088599443435669,1
2.5625510215759277,1
2.041476249694824,1
2.5752389430999756,1
2.0087201595306396,1
2.27529239654541,1
2.353123188018799,1
2.4579386711120605,1
2.3271336555480957,1
2.3909873962402344,1
2.627514123916626,1
2.117617607116699,1
2.039318084716797,1
1.8334603309631348,1
2.3049917221069336,1
2.5572195053100586,1
2.193376302719116,1
2.6023366451263428,1
1.996848225593567,1
1.8660629987716675,1
2.4368414878845215,1
3.0967116355895996,1
1.8026244640350342,1
1.8778326511383057,1
2.4760775566101074,1
2.597529649734497,1
2.996479034423828,1
2.3104288578033447,1
2.2194948196411133,1
2.9126839637756348,1
2.359736919403076,1
2.3165664672851563,1
2.958345413208008,1
2.720242977142334,1
1.5514240264892578,1
2.5713951587677,1
2.6070594787597656,1
2.062335729598999,1
2.5950605869293213,1
2.200345754623413,1
2.3487048149108887,1
2.2729663848876953,1
3.1969571113586426,1
3.1418375968933105,1
2.9499638080596924,1
2.0107831954956055,1
2.538313388824463,1
2.4896352291107178,1
2.250824451446533,1
2.1987156867980957,1
3.057805061340332,1
2.715233564376831,1
2.559812068939209,1
2.0281262397766113,1
1.9928956031799316,1
2.1508002281188965,1
2.3027265071868896,1
2.560210704803467,1
1.973672866821289,1
2.266254425048828,1
1.8771986961364746,1
2.8920397758483887,1
2.184502124786377,1
2.178744077682495,1
2.1807644367218018,1
2.453449249267578,1
2.2506256103515625,1
2.644099712371826,1
2.267589569091797,1
2.2356836795806885,1
1.843568205833435,1
2.379887580871582,1
2.1295065879821777,1
2.430886745452881,1
1.9792906045913696,1
1.6203792095184326,1
1.9145917892456055,1
2.4664371013641357,1
2.591111898422241,1
2.088062047958374,1
2.086397647857666,1
2.5967037677764893,1
3.0227890014648438,1
2.12229585647583,1
2.3829174041748047,1
2.6236648559570313,1
2.466301918029785,1
2.2426507472991943,1
2.6570088863372803,1
1.7361078262329102,1
1.8167917728424072,1
3.0430357456207275,1
1.8268390893936157,1
1.7846333980560303,1
2.5480294227600098,1
2.2921533584594727,1
2.300663471221924,1
2.1224746704101563,1
2.5025806427001953,1
1.894286036491394,1
2.685401439666748,1
2.022610664367676,1
2.2200629711151123,1
1.9821439981460571,1
1.8996400833129883,1
2.87770414352417,1
2.8917622566223145,1
2.8041625022888184,1
2.6721174716949463,1
2.412114143371582,1
2.687861919403076,1
2.322474479675293,1
2.753519058227539,1
2.4098105430603027,1
2.389617919921875,1
2.813913345336914,1
2.022977352142334,1
2.366710662841797,1
2.319852352142334,1
2.2879865169525146,1
2.717866897583008,1
1.524433970451355,1
1.8953351974487305,1
2.4209067821502686,1
2.4275951385498047,1
2.1550350189208984,1
2.0063648223876953,1
2.0546233654022217,1
2.1800923347473145,1
1.9483311176300049,1
2.4451775550842285,1
2.2776777744293213,1
2.1925699710845947,1
2.440398931503296,1
2.5611774921417236,1
2.7805607318878174,1
2.6424381732940674,1
2.4965553283691406,1
2.567582845687866,1
2.1254353523254395,1
2.341308116912842,1
2.117770195007324,1
2.0275416374206543,1
1.8459339141845703,1
3.0461273193359375,1
2.810964584350586,1
1.8818413019180298,1
2.017371654510498,1
2.0190114974975586,1
2.3448476791381836,1
2.5392379760742188,1
2.7729873657226563,1
2.466097116470337,1
2.15000057220459,1
2.0762288570404053,1
2.1266252994537354,1
3.6036698818206787,1
2.180638313293457,1
2.4780349731445313,1
3.199671745300293,1
1.5429607629776,1
2.047590732574463,1
2.5106685161590576,1
2.236412525177002,1
2.5737457275390625,1
2.530223846435547,1
1.9485821723937988,1
2.5009942054748535,1
2.362362861633301,1
2.540705919265747,1
2.858487606048584,1
2.4472451210021973,1
2.4453139305114746,1
2.5129740238189697,1
2.0206515789031982,1
2.9396872520446777,1
2.163357734680176,1
2.2696752548217773,1
1.4243109226226807,1
2.1544406414031982,1
2.188477039337158,1
2.704807996749878,1
2.155284881591797,1
2.509129285812378,1
2.1842150688171387,1
2.1686697006225586,1
1.9268027544021606,1
2.7859978675842285,1
2.514453649520874,1
2.078386068344116,1
1.615418553352356,1
2.6504218578338623,1
1.37899649143219,1
2.577341079711914,1
2.24055814743042,1
2.088285207748413,1
2.3306164741516113,1
2.6622416973114014,1
2.344386577606201,1
1.638044834136963,1
2.302048921585083,1
2.6033530235290527,1
2.1469058990478516,1
2.3311948776245117,1
1.8416639566421509,1
2.3055052757263184,1
2.2927160263061523,1
2.8064045906066895,1
4.028992652893066,1
2.4851791858673096,1
2.194582223892212,1
2.6526012420654297,1
2.965944290161133,1
2.6893959045410156,1
2.510183334350586,1
2.20210862159729,1
2.745401382446289,1
2.9167511463165283,1
2.8716001510620117,1
1.9114388227462769,1
2.2533884048461914,1
2.442173480987549,1
2.793489694595337,1
2.679933547973633,1
2.4514641761779785,1
1.994454026222229,1
2.0889439582824707,1
2.011739492416382,1
2.176652193069458,1
2.2041714191436768,1
2.5282437801361084,1
2.1367809772491455,1
2.456569194793701,1
2.2261836528778076,1
1.7357826232910156,1
2.211688995361328,1
2.2432644367218018,1
2.4139328002929688,1
2.3317441940307617,1
1.9513027667999268,1
2.370288372039795,1
2.4078855514526367,1
2.031306505203247,1
2.243769645690918,1
2.1913094520568848,1
2.2722795009613037,1
2.5617809295654297,1
3.2112135887145996,1
2.4803667068481445,1
1.958878755569458,1
1.7277028560638428,1
2.4196722507476807,1
2.4435324668884277,1
2.1150505542755127,1
2.2755892276763916,1
2.132072687149048,1
2.2041704654693604,1
3.3811135292053223,1
2.557034492492676,1
2.272833824157715,1
2.887584686279297,1
2.755730390548706,1
2.274817943572998,1
2.786283254623413,1
3.150219678878784,1
3.097407341003418,1
2.6800622940063477,1
3.008378744125366,1
3.1488401889801025,1
3.469943046569824,1
4.12961483001709,1
3.5317113399505615,1
2.171783447265625,1
2.062262535095215,1
2.737637996673584,1
2.9098775386810303,1
2.5341291427612305,1
2.843888759613037,1
2.5450186729431152,1
2.4553914070129395,1
2.0282397270202637,1
2.434079170227051,1
2.4134788513183594,1
1.9565221071243286,1
2.0336132049560547,1
2.767505168914795,1
2.439544200897217,1
2.853746175765991,1
2.9132280349731445,1
2.1323423385620117,1
3.0035862922668457,1
1.960776925086975,1
2.4031128883361816,1
2.908045768737793,1
1.9282243251800537,1
2.5391933917999268,1
2.658053159713745,1
2.464336395263672,1
2.2502825260162354,1
2.213653802871704,1
2.4058642387390137,1
2.8991751670837402,1
2.366450786590576,1
2.3326919078826904,1
2.209895133972168,1
2.198310375213623,1
3.0160040855407715,1
2.852491855621338,1
2.0614614486694336,1
2.7463228702545166,1
2.852292060852051,1
2.4095258712768555,1
2.5800466537475586,1
2.146573066711426,1
2.02435040473938,1
2.4448001384735107,1
2.072493314743042,1
2.2752723693847656,1
2.476362943649292,1
2.448131561279297,1
2.2033612728118896,1
1.954116940498352,1
2.1669740676879883,1
2.3148300647735596,1
2.7373476028442383,1
3.0910964012145996,1
1.9393126964569092,1
1.878955364227295,1
2.1755452156066895,1
2.0827748775482178,1
2.1600799560546875,1
1.8168929815292358,1
1.8025331497192383,1
2.0700812339782715,1
1.9085400104522705,1
2.2718281745910645,1
2.0373146533966064,1
2.1451144218444824,1
2.7057294845581055,1
2.1587228775024414,1
1.781795859336853,1
2.126931667327881,1
2.2755446434020996,1
2.6899914741516113,1
2.369225263595581,1
1.9846341609954834,1
2.263418674468994,1
3.0242788791656494,1
2.538701057434082,1
2.434351921081543,1
2.7343454360961914,1
2.23521089553833,1
2.6029279232025146,1
3.037461280822754,1
2.293968677520752,1
2.5257997512817383,1
3.1012251377105713,1
2.0874993801116943,1
2.631641387939453,1
2.326467275619507,1
2.3040223121643066,1
2.639849901199341,1
2.4569997787475586,1
2.4755821228027344,1
2.8053946495056152,1
1.8223949670791626,1
2.714478015899658,1
2.0209364891052246,1
3.135408401489258,1
2.539675235748291,1
2.159663200378418,1
2.162062644958496,1
2.3279407024383545,1
2.874187469482422,1
2.3449161052703857,1
1.7972255945205688,1
2.151475667953491,1
2.3976848125457764,1
2.337705373764038,1
3.127368927001953,1
2.9420223236083984,1
2.0367588996887207,1
2.258484363555908,1
1.856537103652954,1
2.3773651123046875,1
2.37974214553833,1
1.840627670288086,1
2.103123188018799,1
2.493098497390747,1
2.955448865890503,1
2.1310629844665527,1
2.488219976425171,1
2.195718765258789,1
1.977613925933838,1
1.8703867197036743,1
2.165210723876953,1
2.421499490737915,1
3.1574630737304688,1
2.526026725769043,1
1.979663610458374,1
2.1487042903900146,1
2.2036752700805664,1
2.057438850402832,1
2.4650144577026367,1
2.054872512817383,1
1.612777590751648,1
2.03371000289917,1
1.9774706363677979,1
2.675314426422119,1
2.5279769897460938,1
2.9339756965637207,1
2.738142490386963,1
2.565487861633301,1
2.5223002433776855,1
2.1711206436157227,1
1.7260043621063232,1
2.544529438018799,1
2.4671413898468018,1
1.6507391929626465,1
2.1061201095581055,1
2.3633570671081543,1
2.0897738933563232,1
2.810194492340088,1
2.012593984603882,1
2.3741567134857178,1
1.9493896961212158,1
2.33255672454834,1
2.0989737510681152,1
1.9133596420288086,1
2.2400448322296143,1
2.6803507804870605,1
2.3456311225891113,1
2.2743756771087646,1
2.5879502296447754,1
3.058932304382324,1
2.749864101409912,1
2.8145852088928223,1
2.2279858589172363,1
2.65840744972229,1
2.163616180419922,1
2.6552276611328125,1
2.607415199279785,1
2.321377754211426,1
2.6255102157592773,1
1.4553898572921753,1
2.4498701095581055,1
2.210932731628418,1
2.2536468505859375,1
2.15571928024292,1
2.415287733078003,1
2.2391884326934814,1
2.262141704559326,1
2.4993443489074707,1
2.329355478286743,1
2.444521188735962,1
2.7004222869873047,1
2.1950929164886475,1
1.6762233972549438,1
2.4849050045013428,1
2.483365535736084,1
2.531052827835083,1
2.1199965476989746,1
2.0808768272399902,1
2.1616079807281494,1
2.3156638145446777,1
1.8040053844451904,1
1.4837301969528198,1
2.1232457160949707,1
2.190934658050537,1
2.1603665351867676,1
2.279787540435791,1
2.0875377655029297,1
1.829250693321228,1
2.5789623260498047,1
1.9231634140014648,1
2.3548731803894043,1
1.8761053085327148,1
1.5856019258499146,1
2.001631021499634,1
2.200181007385254,1
2.688933849334717,1
2.057583808898926,1
2.7651381492614746,1
1.909752607345581,1
2.5008792877197266,1
2.3478240966796875,1
1.5884681940078735,1
2.4964067935943604,1
2.4382965564727783,1
2.106856346130371,1
2.361262559890747,1
2.2522757053375244,1
1.770585060119629,1
1.8922080993652344,1
1.895942211151123,1
1.78573477268219,1
2.0057296752929688,1
2.6783909797668457,1
2.5516037940979004,1
1.9487404823303223,1
2.8167219161987305,1
2.0115222930908203,1
2.8752942085266113,1
1.9313113689422607,1
2.4379122257232666,1
2.1219677925109863,1
2.046178102493286,1
1.5344430208206177,1
2.352102756500244,1
2.422945737838745,1
2.470991611480713,1
2.5415842533111572,1
3.107435464859009,1
2.6000783443450928,1
2.9357223510742188,1
2.5655112266540527,1
3.1138548851013184,1
2.6076323986053467,1
2.267773151397705,1
2.93759822845459,1
2.0062601566314697,1
2.4796857833862305,1
2.676362991333008,1
1.9607040882110596,1
2.3047690391540527,1
2.3801043033599854,1
2.0303690433502197,1
2.0486066341400146,1
2.503279447555542,1
2.4990286827087402,1
2.3227901458740234,1
2.571254253387451,1
2.3646249771118164,1
2.0515074729919434,1
2.6324143409729004,1
1.637343406677246,1
2.3552403450012207,1
2.894543409347534,1
2.1276659965515137,1
2.0479254722595215,1
2.3722667694091797,1
2.486020803451538,1
1.9025858640670776,1
2.4603524208068848,1
2.953732967376709,1
2.3850128650665283,1
1.8064658641815186,1
2.2347090244293213,1
2.3688783645629883,1
2.249455451965332,1
2.2703611850738525,1
2.4021410942077637,1
1.9901161193847656,1
1.9750677347183228,1
1.9055249691009521,1
2.5270655155181885,1
2.5996742248535156,1
2.3750932216644287,1
2.3720180988311768,1
2.9483866691589355,1
2.5101664066314697,1
1.9696464538574219,1
2.3050537109375,1
2.498408079147339,1
2.6536455154418945,1
2.4214553833007813,1
2.2648732662200928,1
2.981029987335205,1
2.213313579559326,1
2.185452461242676,1
2.720111846923828,1
3.0894229412078857,1
2.047788619995117,1
1.9428839683532715,1
2.167463779449463,1
2.433403253555298,1
2.7221341133117676,1
3.115200996398926,1
2.1222081184387207,1
2.45389461517334,1
2.202153444290161,1
2.3477942943573,1
2.72623872756958,1
2.3505029678344727,1
2.343684434890747,1
2.0816004276275635,1
2.1294972896575928,1
1.9271315336227417,1
2.2871317863464355,1
2.50992488861084,1
2.9391603469848633,1
1.970249891281128,1
2.4745123386383057,1
2.1352057456970215,1
2.08615779876709,1
2.3026623725891113,1
2.3404316902160645,1
2.011521339416504,1
3.183677911758423,1
2.0673115253448486,1
1.9468090534210205,1
2.0878806114196777,1
2.118624448776245,1
2.192202568054199,1
2.1475703716278076,1
1.9887031316757202,1
2.385122776031494,1
1.9998632669448853,1
1.8010873794555664,1
2.034050464630127,1
2.417696475982666,1
2.2009992599487305,1
2.688539981842041,1
1.7857434749603271,1
2.010985851287842,1
2.172762632369995,1
2.3023037910461426,1
2.623241901397705,1
2.2033700942993164,1
2.3530938625335693,1
2.055509090423584,1
1.806929349899292,1
2.6502366065979004,1
3.0058236122131348,1
1.564039707183838,1
2.0589048862457275,1
2.3675479888916016,1
1.9459612369537354,1
2.3407883644104004,1
1.7074240446090698,1
2.2853598594665527,1
2.3197202682495117,1
2.5816152095794678,1
3.0889041423797607,1
2.7223474979400635,1
2.486846446990967,1
2.6869988441467285,1
2.874692678451538,1
2.9796676635742188,1
3.137484073638916,1
2.2666537761688232,1
2.845717668533325,1
3.2083425521850586,1
3.070462942123413,1
2.604779005050659,1
2.0495493412017822,1
2.3696091175079346,1
2.3904948234558105,1
2.656003952026367,1
2.537693977355957,1
1.9674640893936157,1
1.9681179523468018,1
2.748530864715576,1
2.351440668106079,1
2.9884066581726074,1
2.9896950721740723,1
2.1764984130859375,1
2.140439033508301,1
1.8173115253448486,1
2.238088369369507,1
2.052917003631592,1
3.797896146774292,1
3.2801663875579834,1
3.6172213554382324,1
3.173072576522827,1
2.723705291748047,1
3.606154441833496,1
3.112347364425659,1
3.401550769805908,1
3.2239625453948975,1
2.5935285091400146,1
2.2695465087890625,1
2.9611387252807617,1
2.57369065284729,1
2.470388889312744,1
2.069291830062866,1
1.9134397506713867,1
1.7003780603408813,1
1.8847711086273193,1
2.5408403873443604,1
2.792245864868164,1
2.5156092643737793,1
2.276731491088867,1
2.32806396484375,1
2.8023762702941895,1
2.330552816390991,1
1.9853968620300293,1
2.429771900177002,1
2.3351988792419434,1
1.7432658672332764,1
2.5800013542175293,1
2.4620091915130615,1
2.1325247287750244,1
2.024925470352173,1
2.0572853088378906,1
2.6150319576263428,1
1.8793790340423584,1
1.7416412830352783,1
1.7068591117858887,1
2.686967611312866,1
2.1859655380249023,1
2.2950875759124756,1
1.7708897590637207,1
1.9759469032287598,1
1.2858953475952148,1
2.095996856689453,1
2.162752866744995,1
2.0804035663604736,1
2.1576032638549805,1
1.713736891746521,1
2.51474666595459,1
2.122450351715088,1
2.060018539428711,1
1.827864170074463,1
1.7337287664413452,1
2.056058168411255,1
2.6413140296936035,1
2.608253002166748,1
3.2804479598999023,1
2.7535386085510254,1
2.325368881225586,1
1.79203462600708,1
3.0235679149627686,1
2.9603171348571777,1
2.448509454727173,1
2.1832587718963623,1
2.4013400077819824,1
1.9980980157852173,1
2.267747402191162,1
2.2160801887512207,1
2.0700888633728027,1
2.162388563156128,1
2.7440435886383057,1
2.4914350509643555,1
2.0524277687072754,1
2.0903806686401367,1
3.0322463512420654,1
2.310774803161621,1
2.1845874786376953,1
2.636683702468872,1
2.68416166305542,1
2.27250337600708,1
2.428304672241211,1
1.9215257167816162,1
2.056997299194336,1
2.605815887451172,1
2.1241238117218018,1
2.4417219161987305,1
2.3464515209198,1
2.280747890472412,1
2.221343994140625,1
2.393622875213623,1
1.9960887432098389,1
2.7905282974243164,1
2.7632176876068115,1
2.7942628860473633,1
2.108466625213623,1
1.8135364055633545,1
2.2428455352783203,1
1.8771493434906006,1
2.8149001598358154,1
2.5406503677368164,1
2.2969508171081543,1
2.3221166133880615,1
3.1546106338500977,1
2.6313376426696777,1
2.8210597038269043,1
3.4508118629455566,1
2.660149097442627,1
2.4742977619171143,1
2.0892319679260254,1
2.2658915519714355,1
2.5846409797668457,1
3.073683500289917,1
2.620682716369629,1
2.475595235824585,1
2.5030417442321777,1
2.4055356979370117,1
2.0717525482177734,1
1.765122652053833,1
2.2360892295837402,1
2.3087663650512695,1
2.123572826385498,1
2.699152708053589,1
2.406024694442749,1
2.847893714904785,1
3.0254054069519043,1
2.3546957969665527,1
2.1487302780151367,1
1.9839930534362793,1
2.40175199508667,1
2.3676645755767822,1
2.2011961936950684,1
2.599493980407715,1
2.646073341369629,1
2.51513671875,1
2.0876152515411377,1
2.6816041469573975,1
2.429508686065674,1
1.892473816871643,1
2.7049989700317383,1
2.312981128692627,1
2.7717132568359375,1
2.517587423324585,1
2.78662109375,1
2.5200002193450928,1
2.52225399017334,1
2.371973991394043,1
2.3779397010803223,1
2.822171926498413,1
2.355572462081909,1
2.0976686477661133,1
2.9120283126831055,1
2.339507579803467,1
2.259244441986084,1
2.842705726623535,1
1.812737226486206,1
2.2432146072387695,1
2.2620058059692383,1
2.2590489387512207,1
2.9346556663513184,1
2.489439010620117,1
1.8770146369934082,1
2.403871536254883,1
2.5026540756225586,1
2.3861684799194336,1
2.2154488563537598,1
2.2098848819732666,1
2.6751155853271484,1
2.1942214965820313,1
1.9678138494491577,1
1.974662184715271,1
1.9510504007339478,1
2.2372922897338867,1
2.1505980491638184,1
2.4359302520751953,1
2.1740758419036865,1
2.3830580711364746,1
2.5380728244781494,1
2.222750663757324,1
2.0666747093200684,1
2.007862091064453,1
2.294081687927246,1
2.881308078765869,1
2.5074055194854736,1
2.388636827468872,1
2.723705768585205,1
2.1577067375183105,1
2.4914944171905518,1
2.1520164012908936,1
2.186851978302002,1
2.8988404273986816,1
2.967075824737549,1
2.5596823692321777,1
2.2078969478607178,1
2.863344669342041,1
2.192455291748047,1
2.430938482284546,1
2.5781564712524414,1
2.2693052291870117,1
2.315634250640869,1
3.5228676795959473,1
2.3332109451293945,1
2.8458728790283203,1
2.153977870941162,1
3.0354137420654297,1
3.920834541320801,1
4.229811668395996,1
2.208789825439453,1
2.546295166015625,1
2.0846681594848633,1
2.8405258655548096,1
2.729881763458252,1
2.512218475341797,1
2.1388113498687744,1
2.454012155532837,1
2.9207510948181152,1
2.864269256591797,1
2.650965929031372,1
2.104762077331543,1
2.4632081985473633,1
2.2894482612609863,1
2.0517406463623047,1
2.7374460697174072,1
2.290119171142578,1
2.525733709335327,1
2.8820912837982178,1
2.557554006576538,1
3.0769283771514893,1
2.2486040592193604,1
2.9754743576049805,1
2.947192907333374,1
2.5102546215057373,1
2.473224639892578,1
2.415505886077881,1
2.7908506393432617,1
3.2870662212371826,1
2.7741503715515137,1
2.405961513519287,1
2.596860408782959,1
2.8220252990722656,1
2.415090560913086,1
2.0832924842834473,1
2.588634967803955,1
2.6932101249694824,1
2.408602476119995,1
2.3050389289855957,1
2.4340109825134277,1
2.64975643157959,1
1.897545576095581,1
2.143510341644287,1
2.319640636444092,1
2.8559505939483643,1
2.5343475341796875,1
2.4408652782440186,1
2.7251667976379395,1
2.4625797271728516,1
2.3067755699157715,1
2.446505546569824,1
1.879871129989624,1
2.367185592651367,1
2.472496747970581,1
2.076058864593506,1
3.1770284175872803,1
1.9686294794082642,1
2.079819679260254,1
2.6511473655700684,1
2.901231288909912,1
2.1140458583831787,1
2.5365638732910156,1
2.11659574508667,1
2.6902387142181396,1
2.8840487003326416,1
2.3022639751434326,1
1.9314839839935303,1
2.3351187705993652,1
2.4583024978637695,1
2.5124459266662598,1
1.8708412647247314,1
1.8076648712158203,1
2.571310520172119,1
2.3219704627990723,1
3.170985221862793,1
1.85075843334198,1
2.308140277862549,1
2.377452850341797,1
3.015052318572998,1
3.4964287281036377,1
2.3457212448120117,1
2.633561134338379,1
2.048795700073242,1
2.3307461738586426,1
2.0693020820617676,1
1.6178061962127686,1
2.2747206687927246,1
1.973628044128418,1
2.331589698791504,1
4.061348915100098,1
2.579326629638672,1
1.8536378145217896,1
1.8788455724716187,1
2.3566813468933105,1
1.7527424097061157,1
2.642392158508301,1
2.8786935806274414,1
2.483743190765381,1
2.615825891494751,1
3.6964192390441895,1
2.6526265144348145,1
2.0756330490112305,1
2.102173328399658,1
2.7988266944885254,1
2.331022262573242,1
1.638869047164917,1
1.723059892654419,1
2.9044041633605957,1
2.251281976699829,1
1.9156149625778198,1
2.7433698177337646,1
2.5781331062316895,1
2.2540273666381836,1
1.7735586166381836,1
3.2141823768615723,1
2.1205825805664063,1
2.02463436126709,1
1.7579929828643799,1
2.372884750366211,1
2.0744497776031494,1
2.4271113872528076,1
1.9357001781463623,1
2.240190267562866,1
2.1512773036956787,1
2.5816612243652344,1
2.7426750659942627,1
2.81477427482605,1
2.1363418102264404,1
2.3249213695526123,1
1.8262544870376587,1
2.2865147590637207,1
2.1734538078308105,1
2.1002590656280518,1
2.3932712078094482,1
2.064220905303955,1
2.387875556945801,1
2.458627462387085,1
2.0251121520996094,1
1.7838071584701538,1
1.653501033782959,1
1.4563132524490356,1
2.1406164169311523,1
1.867990493774414,1
2.687155246734619,1
1.9393211603164673,1
1.9922761917114258,1
2.6193647384643555,1
2.879521369934082,1
2.1590802669525146,1
2.910043478012085,1
2.405754804611206,1
2.3040578365325928,1
1.7626769542694092,1
1.952821135520935,1
1.9972890615463257,1
2.5159006118774414,1
1.8786028623580933,1
2.010782241821289,1
2.703462839126587,1
2.014805793762207,1
2.6543240547180176,1
2.8424553871154785,1
2.0367789268493652,1
2.956360340118408,1
2.0212299823760986,1
3.0224719047546387,1
2.889707088470459,1
2.083031415939331,1
2.490011215209961,1
2.6790404319763184,1
2.9899091720581055,1
3.292910099029541,1
1.8210599422454834,1
3.0468320846557617,1
3.0150527954101563,1
2.4433341026306152,1
2.3694541454315186,1
2.6009953022003174,1
1.8890106678009033,1
2.8145484924316406,1
2.271866798400879,1
2.179272413253784,1
2.0224902629852295,1
2.0531604290008545,1
1.6408934593200684,1
2.793964147567749,1
2.1774721145629883,1
2.5786685943603516,1
3.1494204998016357,1
2.256216049194336,1
2.2099857330322266,1
3.0003156661987305,1
2.453855514526367,1
2.3312506675720215,1
2.4250106811523438,1
2.351905107498169,1
2.4013829231262207,1
3.2469863891601563,1
3.2212157249450684,1
2.7433576583862305,1
2.813246965408325,1
2.1705400943756104,1
2.8559675216674805,1
2.277369499206543,1
2.873115062713623,1
2.978780508041382,1
2.372498035430908,1
2.392204761505127,1
2.740353584289551,1
2.4581243991851807,1
2.2547800540924072,1
1.8625785112380981,1
2.9062461853027344,1
2.440115451812744,1
2.4261369705200195,1
2.2036259174346924,1
2.27614164352417,1
2.3976569175720215,1
2.334294319152832,1
2.5819907188415527,1
2.7642605304718018,1
2.412864923477173,1
2.7540132999420166,1
2.1996982097625732,1
2.5817174911499023,1
2.4184579849243164,1
2.0042340755462646,1
2.559070110321045,1
2.113569736480713,1
1.8164844512939453,1
2.588955879211426,1
2.5856847763061523,1
2.92942214012146,1
2.64772891998291,1
3.246983051300049,1
2.8947596549987793,1
2.453277111053467,1
2.060023784637451,1
2.274494171142578,1
3.944052219390869,1
3.793790817260742,1
2.4613702297210693,1
2.213688850402832,1
2.545897960662842,1
2.490690231323242,1
3.787837505340576,1
2.8365821838378906,1
2.0542683601379395,1
2.1231749057769775,1
1.9781701564788818,1
3.186352491378784,1
2.7526445388793945,1
3.0705347061157227,1
2.581667423248291,1
2.5813612937927246,1
2.586428642272949,1
2.49125337600708,1
2.6711230278015137,1
2.176083564758301,1
3.0371623039245605,1
2.337893009185791,1
2.253277540206909,1
2.1480278968811035,1
2.0983495712280273,1
2.8091025352478027,1
2.1641509532928467,1
2.1321518421173096,1
2.42474627494812,1
2.929056167602539,1
1.9948965311050415,1
2.1120495796203613,1
1.5148849487304688,1
2.516333818435669,1
2.5865120887756348,1
2.3516182899475098,1
2.7720086574554443,1
1.962853193283081,1
2.139714241027832,1
2.1557066440582275,1
2.178297758102417,1
1.7939138412475586,1
1.9572381973266602,1
2.229154348373413,1
2.8704633712768555,1
2.495372772216797,1
2.575652599334717,1
2.4728875160217285,1
2.287827491760254,1
2.5702123641967773,1
2.0046138763427734,1
2.869730234146118,1
2.3722596168518066,1
2.4355897903442383,1
2.5002756118774414,1
2.2312490940093994,1
2.487961769104004,1
2.3997411727905273,1
2.8701186180114746,1
2.596652030944824,1
2.561467170715332,1
2.823672294616699,1
2.1760854721069336,1
2.3568127155303955,1
2.055790901184082,1
2.5868468284606934,1
2.844355344772339,1
2.2963664531707764,1
2.6557130813598633,1
1.9840977191925049,1
2.458031177520752,1
2.839611291885376,1
1.9969415664672852,1
2.765354633331299,1
1.7815632820129395,1
1.8530073165893555,1
1.8706260919570923,1
2.644726514816284,1
2.3890910148620605,1
1.9414516687393188,1
2.3884568214416504,1
2.799494504928589,1
2.6722652912139893,1
2.0168542861938477,1
2.5408706665039063,1
2.2122673988342285,1
1.8806573152542114,1
2.5028064250946045,1
2.547588348388672,1
2.581982374191284,1
2.033564567565918,1
2.593491554260254,1
2.160858154296875,1
2.296083450317383,1
2.4622104167938232,1
2.661160945892334,1
2.575741767883301,1
2.2815499305725098,1
2.492476463317871,1
2.3480138778686523,1
2.0343384742736816,1
2.156798839569092,1
2.506805181503296,1
1.96291184425354,1
2.8194689750671387,1
2.3097009658813477,1
2.4897427558898926,1
2.2029919624328613,1
2.0989513397216797,1
2.594107151031494,1
2.3489856719970703,1
1.9761207103729248,1
2.4363017082214355,1
2.256263494491577,1
3.190009355545044,1
2.179959774017334,1
1.814273476600647,1
3.1901023387908936,1
2.3193700313568115,1
2.1120009422302246,1
2.5135726928710938,1
2.1612977981567383,1
3.0216541290283203,1
1.9242483377456665,1
2.272210121154785,1
2.6049067974090576,1
2.625542163848877,1
2.2789571285247803,1
2.5704362392425537,1
2.429417133331299,1
2.720551013946533,1
3.1108386516571045,1
2.4372410774230957,1
2.334097385406494,1
2.2234315872192383,1
3.0027923583984375,1
2.4629392623901367,1
3.7718281745910645,1
3.1508312225341797,1
2.6311392784118652,1
2.33158540725708,1
2.424960136413574,1
2.8555939197540283,1
3.213378429412842,1
2.000361680984497,1
3.8195388317108154,1
2.1184661388397217,1
2.109219551086426,1
2.4994101524353027,1
1.8966745138168335,1
1.945138931274414,1
2.6152215003967285,1
3.129683017730713,1
2.2967419624328613,1
2.4665825366973877,1
3.0272111892700195,1
2.3742923736572266,1
2.129652976989746,1
2.4125287532806396,1
2.328913688659668,1
2.2440943717956543,1
2.3921947479248047,1
2.397388219833374,1
2.1277501583099365,1
2.881481170654297,1
2.0134944915771484,1
2.6357779502868652,1
2.018634796142578,1
2.0572633743286133,1
2.1113357543945313,1
2.0429248809814453,1
2.7821388244628906,1
2.3986897468566895,1
2.449591875076294,1
2.6729817390441895,1
2.4097084999084473,1
2.3003063201904297,1
2.0587587356567383,1
2.0964012145996094,1
2.1826157569885254,1
2.5746195316314697,1
2.4482626914978027,1
2.0694580078125,1
2.578787326812744,1
2.7753658294677734,1
2.694187879562378,1
2.3804078102111816,1
2.7046518325805664,1
2.8882620334625244,1
2.53387188911438,1
2.4125795364379883,1
2.7210984230041504,1
2.5136349201202393,1
3.6852803230285645,1
2.7025997638702393,1
2.7439780235290527,1
1.8296232223510742,1
2.410780906677246,1
2.5919604301452637,1
2.3246827125549316,1
2.5668182373046875,1
2.619389057159424,1
2.9354286193847656,1
2.6065521240234375,1
2.726099967956543,1
2.1461024284362793,1
2.2938320636749268,1
3.187666416168213,1
2.0619802474975586,1
2.4910831451416016,1
2.639131784439087,1
2.886751651763916,1
2.6382603645324707,1
2.739759683609009,1
2.2041800022125244,1
2.505725383758545,1
2.403033971786499,1
2.203916072845459,1
2.1939945220947266,1
2.602454423904419,1
2.2341408729553223,1
2.730818748474121,1
2.4473562240600586,1
2.7892937660217285,1
1.880216121673584,1
2.0493710041046143,1
2.0472285747528076,1
2.6610279083251953,1
2.7845325469970703,1
3.265493154525757,1
2.2290496826171875,1
2.5071640014648438,1
2.3938188552856445,1
1.9715466499328613,1
2.065633535385132,1
1.6613719463348389,1
2.060272693634033,1
1.9313911199569702,1
2.110529899597168,1
3.185880184173584,1
2.896312713623047,1
2.1168932914733887,1
2.167853832244873,1
2.5758984088897705,1
2.552973508834839,1
2.723576545715332,1
1.6472125053405762,1
2.3871636390686035,1
2.368736982345581,1
2.138057231903076,1
1.5003503561019897,1
2.8482260704040527,1
1.9997878074645996,1
3.105050563812256,1
2.0339725017547607,1
1.743038296699524,1
2.3456335067749023,1
2.1333630084991455,1
2.283266067504883,1
2.143138885498047,1
1.9986199140548706,1
2.1607506275177,1
2.3659541606903076,1
2.1255135536193848,1
3.104430675506592,1
1.9641093015670776,1
1.949230670928955,1
4.038837432861328,1
2.992982864379883,1
2.8360543251037598,1
1.7744033336639404,1
2.306281089782715,1
2.4727044105529785,1
3.2888500690460205,1
3.3461625576019287,1
2.704598903656006,1
2.8013803958892822,1
2.06829833984375,1
1.9962503910064697,1
3.197099447250366,1
3.16200590133667,1
3.2162890434265137,1
2.6438612937927246,1
1.8518311977386475,1
2.1216742992401123,1
2.9944026470184326,1
3.3023977279663086,1
1.854876160621643,1
2.6552581787109375,1
2.1388297080993652,1
1.8955309391021729,1
2.541065216064453,1
2.322573184967041,1
2.0045993328094482,1
2.2271807193756104,1
2.6332664489746094,1
2.3531761169433594,1
2.732611656188965,1
2.1983842849731445,1
3.2489683628082275,1
2.2430882453918457,1
2.5154733657836914,1
1.9173049926757813,1
2.0961215496063232,1
2.004685401916504,1
2.101853847503662,1
2.555337905883789,1
2.6023902893066406,1
2.172661304473877,1
2.5961129665374756,1
2.5043933391571045,1
2.3998055458068848,1
2.0407915115356445,1
1.9226009845733643,1
2.646987199783325,1
2.4046053886413574,1
2.0089142322540283,1
2.998599052429199,1
2.594599485397339,1
2.17051100730896,1
2.8381905555725098,1
2.475620746612549,1
2.1689505577087402,1
2.0760579109191895,1
1.9351762533187866,1
2.2558934688568115,1
1.911705732345581,1
2.1419553756713867,1
2.451852321624756,1
2.7678933143615723,1
2.302029609680176,1
2.1041793823242188,1
2.1649255752563477,1
1.9649806022644043,1
2.1858949661254883,1
2.342986583709717,1
2.5146265029907227,1
1.639746904373169,1
2.1016969680786133,1
2.4264309406280518,1
2.106813430786133,1
2.859278440475464,1
2.328629970550537,1
2.3267929553985596,1
2.5808725357055664,1
2.2736308574676514,1
2.5407378673553467,1
2.104059934616089,1
2.3587074279785156,1
2.956650972366333,1
3.080291271209717,1
3.0920777320861816,1
3.1619091033935547,1
2.128068208694458,1
2.390782356262207,1
2.0191683769226074,1
2.9134788513183594,1
2.860196828842163,1
3.37168288230896,1
2.859297275543213,1
2.1074671745300293,1
2.3747808933258057,1
2.351588726043701,1
3.057246208190918,1
2.5896167755126953,1
2.413396120071411,1
2.229285955429077,1
2.380061388015747,1
3.020671844482422,1
2.4307098388671875,1
2.814541816711426,1
2.569007396697998,1
3.2117114067077637,1
2.7589612007141113,1
1.7390000820159912,1
2.6687850952148438,1
2.9868931770324707,1
2.299783706665039,1
3.505800485610962,1
2.991602659225464,1
2.6874136924743652,1
2.0933101177215576,1
2.4203245639801025,1
2.0964932441711426,1
2.472423553466797,1
2.5904510021209717,1
2.0428385734558105,1
1.9880759716033936,1
2.783398389816284,1
2.4198684692382813,1
2.2998337745666504,1
2.2321228981018066,1
2.5599775314331055,1
2.7319605350494385,1
2.6365885734558105,1
2.4591054916381836,1
2.1310558319091797,1
2.4434313774108887,1
2.1105685234069824,1
3.2414345741271973,1
2.2504053115844727,1
2.484724521636963,1
3.2471466064453125,1
3.1966843605041504,1
2.586580753326416,1
2.6328747272491455,1
2.7391445636749268,1
2.3559677600860596,1
2.560060977935791,1
2.281430959701538,1
2.5060009956359863,1
2.003347158432007,1
1.9467973709106445,1
3.0531187057495117,1
1.82377028465271,1
3.080979347229004,1
1.7261176109313965,1
2.6547937393188477,1
2.199115753173828,1
2.5303759574890137,1
2.4514870643615723,1
2.2321791648864746,1
2.071922779083252,1
2.672844886779785,1
2.5775718688964844,1
2.5149364471435547,1
1.9221516847610474,1
1.9953677654266357,1
2.474376678466797,1
2.4370265007019043,1
2.413855791091919,1
2.6878035068511963,1
2.144155979156494,1
2.2026901245117188,1
1.9867808818817139,1
2.0593442916870117,1
2.922187328338623,1
2.526799201965332,1
2.476994037628174,1
3.041055202484131,1
3.32922625541687,1
2.0196900367736816,1
2.8505988121032715,1
1.9540684223175049,1
2.6177573204040527,1
2.6121463775634766,1
2.840514898300171,1
2.84560227394104,1
2.84281063079834,1
2.2077174186706543,1
2.562793254852295,1
2.031919479370117,1
2.3126890659332275,1
1.9221508502960205,1
2.474161148071289,1
2.344559669494629,1
2.9103355407714844,1
3.037168025970459,1
2.8506555557250977,1
2.22282075881958,1
2.0389821529388428,1
1.944260597229004,1
1.932619571685791,1
1.8948191404342651,1
2.4495954513549805,1
2.648076057434082,1
2.21464204788208,1
2.0223214626312256,1
3.0929837226867676,1
2.319614887237549,1
2.7779910564422607,1
2.436985492706299,1
2.834782838821411,1
2.611426830291748,1
2.425924777984619,1
2.375784397125244,1
2.3136391639709473,1
2.542083501815796,1
2.499389886856079,1
1.9740221500396729,1
2.6706786155700684,1
2.649047374725342,1
2.3245811462402344,1
2.774965286254883,1
2.2067618370056152,1
2.438020944595337,1
1.5685526132583618,1
3.081294059753418,1
1.7940385341644287,1
2.5270538330078125,1
1.5636382102966309,1
1.9749553203582764,1
1.9437816143035889,1
2.6637840270996094,1
2.318389892578125,1
2.2357449531555176,1
2.1179966926574707,1
2.298445701599121,1
2.1215648651123047,1
2.044712781906128,1
2.0156161785125732,1
2.8919997215270996,1
2.4569435119628906,1
2.7012970447540283,1
2.460409641265869,1
2.6370410919189453,1
2.352621078491211,1
2.161233425140381,1
3.028977870941162,1
2.0831375122070313,1
2.2208991050720215,1
2.0177478790283203,1
2.4658913612365723,1
2.2955470085144043,1
2.5839502811431885,1
2.674027442932129,1
2.544233798980713,1
2.610518455505371,1
2.322639226913452,1
2.049320697784424,1
2.615457057952881,1
2.690605401992798,1
1.9975578784942627,1
2.029841184616089,1
2.305832862854004,1
2.0077240467071533,1
2.261155605316162,1
1.9671728610992432,1
2.609956741333008,1
1.7472610473632813,1
1.9131642580032349,1
2.53488826751709,1
2.144728422164917,1
2.0511913299560547,1
2.572169303894043,1
2.417034864425659,1
2.7157020568847656,1
2.0980587005615234,1
2.407592296600342,1
2.351226568222046,1
2.2302236557006836,1
2.1046769618988037,1
2.1921844482421875,1
2.610722541809082,1
1.7539260387420654,1
2.360724925994873,1
2.20451283454895,1
2.438767194747925,1
2.3749618530273438,1
2.1354103088378906,1
2.281916618347168,1
3.094312906265259,1
2.685452938079834,1
2.4799680709838867,1
2.4576239585876465,1
2.567873954772949,1
2.5456016063690186,1
2.392536163330078,1
1.9023194313049316,1
2.6432700157165527,1
2.3792505264282227,1
2.927225112915039,1
2.523128032684326,1
2.1699862480163574,1
2.0949363708496094,1
2.617509126663208,1
2.4616477489471436,1
2.227933883666992,1
1.8778738975524902,1
2.2893056869506836,1
2.3496932983398438,1
2.1739954948425293,1
2.203251838684082,1
2.284947156906128,1
2.220388412475586,1
2.2098445892333984,1
2.1773645877838135,1
2.87724232673645,1
2.820950508117676,1
2.7084903717041016,1
2.04372501373291,1
2.1277217864990234,1
2.5557734966278076,1
2.126303195953369,1
2.6792263984680176,1
1.9986636638641357,1
2.131687641143799,1
2.4545462131500244,1
2.1872363090515137,1
2.364163398742676,1
2.6570770740509033,1
2.767699718475342,1
2.8038926124572754,1
1.9529333114624023,1
3.021425247192383,1
2.09165096282959,1
2.4812145233154297,1
3.262518882751465,1
2.1986937522888184,1
2.550380229949951,1
3.108950138092041,1
2.375161647796631,1
2.2364327907562256,1
2.8641624450683594,1
2.215414047241211,1
2.421334743499756,1
2.3920936584472656,1
2.604708671569824,1
1.9986392259597778,1
2.7679054737091064,1
2.7561635971069336,1
2.3415439128875732,1
3.793684720993042,1
2.524254322052002,1
2.6777310371398926,1
2.5478835105895996,1
2.4675183296203613,1
2.608106851577759,1
1.843096375465393,1
2.135719060897827,1
2.8696532249450684,1
2.5455119609832764,1
2.564671754837036,1
2.200913667678833,1
2.528149127960205,1
2.3981611728668213,1
2.522827625274658,1
2.12274169921875,1
2.6334123611450195,1
2.028139114379883,1
3.269359588623047,1
2.4921374320983887,1
3.2374634742736816,1
2.7118489742279053,1
2.0668187141418457,1
2.1182165145874023,1
2.7731170654296875,1
2.312650680541992,1
2.6826350688934326,1
2.1519336700439453,1
2.1871988773345947,1
2.3972129821777344,1
2.6558408737182617,1
2.4489710330963135,1
2.951005458831787,1
2.6145148277282715,1
2.2523999214172363,1
2.4244227409362793,1
2.4279749393463135,1
2.021796703338623,1
2.8871254920959473,1
2.9873781204223633,1
3.018127918243408,1
2.3620760440826416,1
3.0705766677856445,1
3.2768263816833496,1
2.355175495147705,1
2.280717372894287,1
2.4564781188964844,1
1.8057527542114258,1
2.391218662261963,1
3.034203290939331,1
2.486034870147705,1
2.9628841876983643,1
2.278285026550293,1
2.4486963748931885,1
2.5662360191345215,1
2.09228777885437,1
2.4788122177124023,1
2.0025901794433594,1
2.5428175926208496,1
2.6669816970825195,1
2.8253087997436523,1
2.1823816299438477,1
2.303571939468384,1
2.747849225997925,1
2.2183074951171875,1
2.3997130393981934,1
2.6607470512390137,1
2.3835701942443848,1
2.1777150630950928,1
2.178309440612793,1
2.254610776901245,1
2.9779677391052246,1
2.2839648723602295,1
2.3510208129882813,1
1.4424550533294678,1
2.2793807983398438,1
2.675656318664551,1
1.9783143997192383,1
2.1419029235839844,1
2.6729462146759033,1
3.1999545097351074,1
2.2493698596954346,1
3.074371337890625,1
1.9859496355056763,1
2.537175416946411,1
2.7381491661071777,1
1.6553797721862793,1
2.4360554218292236,1
2.247500419616699,1
2.8391571044921875,1
1.9011818170547485,1
2.1224875450134277,1
2.40629243850708,1
2.0854735374450684,1
2.6193647384643555,1
2.2303824424743652,1
2.3484272956848145,1
3.145170211791992,1
2.548896074295044,1
2.319549083709717,1
2.8418145179748535,1
2.4288148880004883,1
2.6039960384368896,1
1.898813247680664,1
2.95932674407959,1
2.3971123695373535,1
2.0558249950408936,1
2.962425708770752,1
2.5686535835266113,1
2.0181803703308105,1
2.435117721557617,1
2.3694655895233154,1
2.266991138458252,1
3.7355875968933105,1
1.949642300605774,1
2.1568527221679688,1
2.6961705684661865,1
2.49501633644104,1
2.6059699058532715,1
2.2097442150115967,1
2.2067227363586426,1
2.2810707092285156,1
1.9770123958587646,1
2.2076640129089355,1
3.1558594703674316,1
2.354966163635254,1
2.413017749786377,1
2.0996017456054688,1
2.2443575859069824,1
2.1837286949157715,1
2.7404704093933105,1
2.749283790588379,1
2.4047482013702393,1
2.70389986038208,1
2.2445785999298096,1
3.1154351234436035,1
2.4912285804748535,1
2.001206874847412,1
2.3932762145996094,1
2.4329137802124023,1
2.6665377616882324,1
2.3452134132385254,1
2.6490907669067383,1
2.448849678039551,1
2.102938175201416,1
2.354153633117676,1
2.5026559829711914,1
2.557138681411743,1
2.8513875007629395,1
2.494406223297119,1
3.4880928993225098,1
2.8341946601867676,1
2.7132487297058105,1
2.2645928859710693,1
2.5854740142822266,1
2.3992178440093994,1
2.2159881591796875,1
2.649977445602417,1
2.4442901611328125,1
2.3208320140838623,1
2.184638738632202,1
3.00748348236084,1
2.1573081016540527,1
2.188490867614746,1
2.196864366531372,1
2.673557758331299,1
2.034648895263672,1
2.273104190826416,1
1.9858195781707764,1
2.6660208702087402,1
2.2693395614624023,1
2.5712461471557617,1
2.6732215881347656,1
2.2661750316619873,1
2.4850964546203613,1
2.4325289726257324,1
2.8287651538848877,1
2.120427131652832,1
2.5403404235839844,1
2.43894624710083,1
1.7813127040863037,1
2.253025531768799,1
2.4334146976470947,1
2.5463316440582275,1
2.5328495502471924,1
2.3553807735443115,1
1.80983304977417,1
2.0464844703674316,1
2.3868892192840576,1
1.9817898273468018,1
2.2607603073120117,1
1.955481767654419,1
2.673584222793579,1
2.9819092750549316,1
2.5077195167541504,1
2.3954951763153076,1
3.8908073902130127,1
