4.439426422119141,1
3.1327126026153564,1
3.2475976943969727,1
3.2953357696533203,1
3.7453408241271973,1
3.3304951190948486,1
3.524104595184326,1
3.411837577819824,1
3.9955880641937256,1
2.8812901973724365,1
3.4719717502593994,1
3.7723450660705566,1
3.230525493621826,1
3.248012065887451,1
3.57281231880188,1
3.779592990875244,1
3.371135711669922,1
3.482663631439209,1
3.5863564014434814,1
3.752915859222412,1
3.599489212036133,1
3.4653563499450684,1
3.7337594032287598,1
3.530531406402588,1
3.4333372116088867,1
3.42147159576416,1
2.4908995628356934,1
2.863416910171509,1
3.464925765991211,1
3.1753411293029785,1
4.090768814086914,1
2.92507266998291,1
3.5001628398895264,1
3.53825044631958,1
4.51859188079834,1
3.5004258155822754,1
3.7930705547332764,1
3.1055006980895996,1
3.118476629257202,1
3.3496599197387695,1
3.2166590690612793,1
3.1739025115966797,1
3.3726043701171875,1
3.957752227783203,1
3.457340717315674,1
3.1742427349090576,1
3.4433674812316895,1
3.938084125518799,1
3.812913417816162,1
3.2828354835510254,1
3.598557472229004,1
2.969160318374634,1
3.331817626953125,1
3.1740434169769287,1
3.250070571899414,1
2.9530277252197266,1
3.713613986968994,1
3.017561197280884,1
4.003308296203613,1
3.3121495246887207,1
2.690816879272461,1
2.8654308319091797,1
3.7645702362060547,1
3.5743255615234375,1
3.3616950511932373,1
3.4187896251678467,1
2.740176200866699,1
3.956218719482422,1
3.270374298095703,1
3.0781726837158203,1
3.422799825668335,1
3.8047127723693848,1
3.184000015258789,1
2.5742688179016113,1
3.3247227668762207,1
3.498096227645874,1
2.9921445846557617,1
3.3918018341064453,1
3.722198247909546,1
3.1095688343048096,1
3.8591713905334473,1
3.2798428535461426,1
3.421433925628662,1
3.581554651260376,1
2.9965732097625732,1
2.9635119438171387,1
4.162951469421387,1
3.505594253540039,1
3.7135019302368164,1
3.575961112976074,1
3.7385103702545166,1
3.232480525970459,1
3.0132484436035156,1
3.2882461547851563,1
3.291116714477539,1
3.2326626777648926,1
3.582374334335327,1
3.28414249420166,1
3.082456111907959,1
3.508960008621216,1
3.7018015384674072,1
3.6385929584503174,1
3.1812424659729004,1
3.4310905933380127,1
3.046732187271118,1
3.528984308242798,1
3.4918084144592285,1
3.654628038406372,1
3.384899854660034,1
3.4756250381469727,1
3.264993667602539,1
2.8555240631103516,1
3.3547749519348145,1
3.646969795227051,1
3.1796531677246094,1
3.0496435165405273,1
3.3777871131896973,1
3.3213510513305664,1
3.4485764503479004,1
3.4311108589172363,1
3.3851656913757324,1
3.219172954559326,1
3.364311695098877,1
3.725102186203003,1
3.527857780456543,1
3.8176584243774414,1
4.3048553466796875,1
3.203739643096924,1
3.497525691986084,1
3.2123303413391113,1
3.8891854286193848,1
3.4240431785583496,1
3.7931032180786133,1
3.450803279876709,1
3.7567436695098877,1
3.5583784580230713,1
3.5091466903686523,1
2.8305411338806152,1
3.710660457611084,1
3.742847204208374,1
3.005405902862549,1
3.9441099166870117,1
3.2596611976623535,1
3.6269500255584717,1
2.829634189605713,1
2.8393361568450928,1
3.462414026260376,1
3.03115177154541,1
3.6060597896575928,1
2.8512234687805176,1
2.8189992904663086,1
3.1216988563537598,1
3.6948580741882324,1
3.4901282787323,1
2.9763784408569336,1
3.065554618835449,1
3.243464469909668,1
3.077056407928467,1
3.6801598072052,1
3.2866945266723633,1
2.9953298568725586,1
3.2307443618774414,1
3.267162322998047,1
3.3797807693481445,1
3.360651969909668,1
2.8488001823425293,1
2.842884063720703,1
3.2257606983184814,1
3.311401844024658,1
2.966909885406494,1
3.556406259536743,1
3.173564910888672,1
3.0600664615631104,1
2.9174461364746094,1
3.037445068359375,1
2.7566628456115723,1
4.005852222442627,1
2.7798550128936768,1
2.9570441246032715,1
3.4063644409179688,1
3.0153346061706543,1
3.1118507385253906,1
3.5109405517578125,1
3.427593231201172,1
3.7670044898986816,1
3.5008106231689453,1
2.2115256786346436,1
2.7400403022766113,1
3.5195298194885254,1
3.3295254707336426,1
3.294853925704956,1
3.2232346534729004,1
3.4487457275390625,1
3.434466600418091,1
2.8483681678771973,1
3.0924949645996094,1
3.7302606105804443,1
3.3665239810943604,1
3.1066794395446777,1
3.3503403663635254,1
2.8332433700561523,1
3.346920967102051,1
3.708770275115967,1
3.3818016052246094,1
3.128571033477783,1
4.225334167480469,1
3.4432716369628906,1
3.5370216369628906,1
3.3687796592712402,1
3.8796286582946777,1
3.5334482192993164,1
3.089790105819702,1
3.378166913986206,1
3.5052218437194824,1
3.7703380584716797,1
4.123132705688477,1
3.7874696254730225,1
3.5426642894744873,1
3.221792697906494,1
3.7803356647491455,1
3.7527365684509277,1
3.166261672973633,1
3.7913732528686523,1
3.360678195953369,1
3.816239833831787,1
2.829679489135742,1
3.7700743675231934,1
3.346703290939331,1
3.299132823944092,1
3.704123020172119,1
4.193307399749756,1
3.3588528633117676,1
3.104994535446167,1
3.68265962600708,1
3.4701671600341797,1
3.2322378158569336,1
3.5445666313171387,1
2.830883741378784,1
3.2815661430358887,1
2.568917751312256,1
3.079697608947754,1
3.1037676334381104,1
3.6677727699279785,1
3.021543502807617,1
3.3667235374450684,1
3.2796783447265625,1
3.0522332191467285,1
2.8562734127044678,1
3.347567081451416,1
3.0120530128479004,1
2.91290283203125,1
3.63596248626709,1
3.099674701690674,1
2.7233455181121826,1
3.133084297180176,1
3.8092164993286133,1
3.40616774559021,1
3.485194206237793,1
3.4787378311157227,1
3.360018491744995,1
3.085422992706299,1
3.1666693687438965,1
3.0277907848358154,1
2.8287243843078613,1
3.6220273971557617,1
2.933574676513672,1
3.2463021278381348,1
3.998135566711426,1
2.9136557579040527,1
3.2948904037475586,1
3.884221315383911,1
3.598206043243408,1
3.0314221382141113,1
2.6939241886138916,1
3.420842170715332,1
3.1819469928741455,1
3.386962652206421,1
3.581101655960083,1
2.9186007976531982,1
3.59962797164917,1
3.3983850479125977,1
3.4569501876831055,1
3.6037397384643555,1
2.9670701026916504,1
2.9873509407043457,1
3.111546516418457,1
3.501607894897461,1
3.4330296516418457,1
3.0385031700134277,1
3.3392398357391357,1
2.2687909603118896,1
3.591480255126953,1
2.3075788021087646,1
3.3237080574035645,1
3.167524814605713,1
2.92708158493042,1
3.2851760387420654,1
3.6774911880493164,1
2.951737403869629,1
3.130105495452881,1
3.239537239074707,1
2.8667421340942383,1
3.5671393871307373,1
3.4821677207946777,1
3.0365853309631348,1
3.0380849838256836,1
3.067197561264038,1
3.1577045917510986,1
3.2622017860412598,1
3.2991251945495605,1
3.162916660308838,1
3.3674583435058594,1
3.1383728981018066,1
3.545971155166626,1
4.416008949279785,1
3.5071630477905273,1
3.209651470184326,1
3.008573055267334,1
2.914702892303467,1
3.1946165561676025,1
3.556929588317871,1
3.460089921951294,1
3.3991332054138184,1
3.417208194732666,1
3.0298328399658203,1
3.7725560665130615,1
3.718539237976074,1
3.5288562774658203,1
3.06107234954834,1
2.9563486576080322,1
2.859694004058838,1
3.379531145095825,1
2.9312806129455566,1
3.375692367553711,1
2.9264369010925293,1
3.718789577484131,1
3.362422466278076,1
2.899409532546997,1
3.4819798469543457,1
3.141249179840088,1
2.788916826248169,1
3.527194023132324,1
3.3726115226745605,1
3.4171698093414307,1
3.7336606979370117,1
2.930882453918457,1
3.439021110534668,1
3.353743553161621,1
2.9345459938049316,1
3.428403615951538,1
3.4315061569213867,1
3.3158857822418213,1
3.1497392654418945,1
3.1685805320739746,1
3.2900588512420654,1
3.2735915184020996,1
3.4803900718688965,1
3.5766191482543945,1
3.228797197341919,1
3.058020830154419,1
3.606009006500244,1
2.956599712371826,1
3.1379611492156982,1
3.4091415405273438,1
3.0444817543029785,1
3.30100417137146,1
2.923649311065674,1
2.91512393951416,1
3.347663402557373,1
3.6826095581054688,1
3.5223937034606934,1
3.4643163681030273,1
3.3672423362731934,1
2.9461936950683594,1
3.3903446197509766,1
3.210872173309326,1
3.398158550262451,1
3.574103355407715,1
2.920273780822754,1
4.351397514343262,1
3.0959410667419434,1
3.3750576972961426,1
3.511956214904785,1
3.01119327545166,1
3.1535415649414063,1
3.0238075256347656,1
2.957735300064087,1
3.617962121963501,1
3.3785572052001953,1
3.2219467163085938,1
2.8089284896850586,1
3.6599619388580322,1
3.138031482696533,1
2.9459009170532227,1
3.2659664154052734,1
3.32446026802063,1
3.897650718688965,1
3.6379966735839844,1
3.114579439163208,1
3.2638041973114014,1
3.269893169403076,1
3.469209671020508,1
2.9328930377960205,1
3.377553939819336,1
3.0101144313812256,1
3.446373224258423,1
3.1552581787109375,1
2.8879003524780273,1
3.8905580043792725,1
3.0045599937438965,1
2.941696882247925,1
3.219543933868408,1
3.1346380710601807,1
3.2578210830688477,1
3.1078386306762695,1
2.8869071006774902,1
3.354306936264038,1
3.3185372352600098,1
2.8526439666748047,1
3.3630900382995605,1
3.507667064666748,1
2.7529091835021973,1
3.0697808265686035,1
3.8085126876831055,1
3.7140989303588867,1
3.58449649810791,1
3.3676528930664063,1
3.0336620807647705,1
3.1279561519622803,1
3.2475943565368652,1
3.849240779876709,1
3.1324825286865234,1
3.369112491607666,1
2.9146127700805664,1
3.746994972229004,1
2.845889091491699,1
2.8637094497680664,1
3.4116015434265137,1
3.053473472595215,1
2.597102165222168,1
3.2040457725524902,1
2.7235989570617676,1
3.572061061859131,1
3.0829877853393555,1
3.1119446754455566,1
3.404844284057617,1
3.293462038040161,1
2.8382582664489746,1
3.176435708999634,1
3.6664180755615234,1
3.4715399742126465,1
4.013607978820801,1
3.9222805500030518,1
3.422367572784424,1
3.6677699089050293,1
3.7568001747131348,1
3.4687998294830322,1
3.0027194023132324,1
3.3685107231140137,1
3.251577615737915,1
3.429356098175049,1
3.0331850051879883,1
3.4236693382263184,1
3.6602325439453125,1
3.356090545654297,1
3.062633991241455,1
3.032428026199341,1
3.1135692596435547,1
3.4671430587768555,1
2.904271364212036,1
3.055433988571167,1
3.3152971267700195,1
2.8598313331604004,1
3.173597574234009,1
2.8352389335632324,1
3.276902198791504,1
3.8177733421325684,1
2.8362855911254883,1
3.748502016067505,1
2.893815517425537,1
3.4433324337005615,1
3.1667842864990234,1
3.812391757965088,1
3.076254367828369,1
3.5100674629211426,1
3.2643020153045654,1
3.0478157997131348,1
3.110200881958008,1
3.6536049842834473,1
3.4712603092193604,1
3.7440223693847656,1
2.9488508701324463,1
3.156114339828491,1
3.158775806427002,1
3.0413148403167725,1
3.5897345542907715,1
2.891605854034424,1
3.169375419616699,1
3.144440174102783,1
2.81845760345459,1
3.1863081455230713,1
3.0906214714050293,1
2.502244472503662,1
3.570890426635742,1
3.637836456298828,1
2.990734338760376,1
3.2352757453918457,1
3.822610855102539,1
3.4598138332366943,1
3.718966484069824,1
3.517941474914551,1
3.1705570220947266,1
3.0333566665649414,1
3.413552761077881,1
3.4120354652404785,1
2.7488043308258057,1
3.2945566177368164,1
2.8418402671813965,1
3.83890962600708,1
3.3518996238708496,1
3.467085838317871,1
4.1542649269104,1
3.4429426193237305,1
3.4650213718414307,1
3.030754566192627,1
3.395418643951416,1
3.291045665740967,1
3.706827402114868,1
3.2440152168273926,1
3.8033289909362793,1
3.278895854949951,1
3.3811707496643066,1
3.2854907512664795,1
3.379261016845703,1
3.0992698669433594,1
3.432222604751587,1
2.942086696624756,1
3.1521031856536865,1
3.2407379150390625,1
4.025185585021973,1
4.011781692504883,1
3.254122495651245,1
2.7226648330688477,1
3.0435166358947754,1
3.809516429901123,1
3.066220283508301,1
3.5784482955932617,1
3.282162666320801,1
3.699387550354004,1
3.237640619277954,1
3.497359275817871,1
3.4219086170196533,1
3.818317413330078,1
3.2566657066345215,1
3.6910343170166016,1
3.325178384780884,1
3.350794792175293,1
3.147404909133911,1
3.849313735961914,1
2.930920124053955,1
3.6224329471588135,1
2.9897258281707764,1
3.3090660572052,1
3.0581398010253906,1
2.856804132461548,1
2.8517208099365234,1
3.002102851867676,1
3.9348013401031494,1
3.575404405593872,1
3.019257068634033,1
3.229424238204956,1
2.882108211517334,1
3.287635326385498,1
3.3919548988342285,1
2.8781237602233887,1
2.860565662384033,1
2.7460179328918457,1
3.229879140853882,1
3.7905640602111816,1
3.4416744709014893,1
3.4292831420898438,1
3.5028414726257324,1
3.1986513137817383,1
3.2959256172180176,1
3.493990898132324,1
3.6786422729492188,1
3.0497539043426514,1
3.007375717163086,1
2.8843111991882324,1
4.016473293304443,1
3.2211217880249023,1
3.566265821456909,1
2.9019014835357666,1
3.3759331703186035,1
3.529459238052368,1
3.195361852645874,1
3.1591877937316895,1
2.741886615753174,1
3.465660572052002,1
2.753021717071533,1
3.166656017303467,1
3.270658254623413,1
2.9457831382751465,1
2.822988510131836,1
3.1509413719177246,1
2.9000601768493652,1
2.8105227947235107,1
3.6164536476135254,1
3.351644992828369,1
3.2819714546203613,1
3.3314719200134277,1
2.7136974334716797,1
3.4721755981445313,1
3.7068018913269043,1
2.671750068664551,1
3.6847987174987793,1
2.953007698059082,1
3.065835952758789,1
3.1594033241271973,1
3.3751168251037598,1
3.3272705078125,1
3.2695460319519043,1
3.614795207977295,1
3.7356748580932617,1
3.2600154876708984,1
3.3813676834106445,1
3.2743217945098877,1
2.7832515239715576,1
3.045828342437744,1
3.214582920074463,1
3.958847999572754,1
2.5331058502197266,1
2.8097352981567383,1
2.8540921211242676,1
3.517908811569214,1
3.4571876525878906,1
3.781834602355957,1
3.055053949356079,1
3.668905258178711,1
3.275564193725586,1
3.4569873809814453,1
3.935102939605713,1
3.410449504852295,1
3.632014274597168,1
4.240957260131836,1
3.2891581058502197,1
3.252265453338623,1
3.8589930534362793,1
3.8768470287323,1
3.5413918495178223,1
3.5371155738830566,1
2.9496915340423584,1
3.090888261795044,1
3.4680590629577637,1
3.4348511695861816,1
3.8225769996643066,1
3.4675798416137695,1
3.699296712875366,1
4.061350345611572,1
3.839693069458008,1
3.8673970699310303,1
3.615382671356201,1
3.3689987659454346,1
3.4091086387634277,1
3.185962438583374,1
3.4979302883148193,1
2.7056162357330322,1
3.9346141815185547,1
3.297901153564453,1
2.7973241806030273,1
3.231222629547119,1
3.249533176422119,1
3.7003016471862793,1
3.159365177154541,1
2.852651596069336,1
3.6051435470581055,1
3.789970874786377,1
3.191171646118164,1
3.524965763092041,1
3.022925853729248,1
3.5514633655548096,1
3.3039073944091797,1
3.345947027206421,1
3.1277432441711426,1
2.9400038719177246,1
3.070209503173828,1
3.050442695617676,1
3.566070556640625,1
3.9624013900756836,1
3.263563871383667,1
3.401996612548828,1
3.400595188140869,1
3.228731870651245,1
3.1973395347595215,1
3.4964077472686768,1
3.665186643600464,1
3.782606840133667,1
3.2279958724975586,1
3.2734618186950684,1
3.519961357116699,1
3.2591466903686523,1
3.1614928245544434,1
3.331392526626587,1
3.3115525245666504,1
3.137864112854004,1
3.339034080505371,1
4.213261604309082,1
3.4994606971740723,1
2.71868896484375,1
3.673092842102051,1
3.8004403114318848,1
3.1919994354248047,1
3.579219341278076,1
3.1927239894866943,1
2.8760695457458496,1
3.762627363204956,1
3.4333653450012207,1
3.1448962688446045,1
3.445742130279541,1
3.359097957611084,1
3.746065616607666,1
3.5801801681518555,1
2.590529441833496,1
3.2067079544067383,1
2.9902944564819336,1
3.2814598083496094,1
3.3045365810394287,1
3.2838501930236816,1
3.362551689147949,1
3.719555139541626,1
3.324038505554199,1
3.5251402854919434,1
3.7391138076782227,1
2.852494478225708,1
3.29471492767334,1
4.327513694763184,1
3.619978904724121,1
3.543875217437744,1
2.959908962249756,1
3.4202544689178467,1
3.580644369125366,1
3.12312912940979,1
3.628059148788452,1
3.0884151458740234,1
3.5334720611572266,1
3.384416103363037,1
3.3729147911071777,1
2.751586437225342,1
3.2841830253601074,1
3.0694384574890137,1
3.215259552001953,1
3.073643207550049,1
3.099532127380371,1
3.3802037239074707,1
2.658062219619751,1
3.284514904022217,1
4.124722003936768,1
3.2632784843444824,1
3.279449939727783,1
3.191995620727539,1
3.044368267059326,1
3.16467547416687,1
2.899907112121582,1
3.2631702423095703,1
2.8336191177368164,1
3.2054638862609863,1
3.325191020965576,1
3.503833293914795,1
3.555241107940674,1
3.3387112617492676,1
2.8000378608703613,1
3.2925333976745605,1
3.919159173965454,1
3.620565414428711,1
3.017098903656006,1
2.6728057861328125,1
3.695394992828369,1
3.1120848655700684,1
3.591850996017456,1
3.570702075958252,1
3.555814743041992,1
4.013790607452393,1
3.790764808654785,1
3.104842185974121,1
3.6682872772216797,1
3.280855178833008,1
3.5851891040802,1
3.034640312194824,1
3.574676990509033,1
3.513672351837158,1
3.257096767425537,1
3.179368019104004,1
3.0592916011810303,1
2.913517713546753,1
3.2052934169769287,1
3.803384780883789,1
3.930413246154785,1
3.191539764404297,1
2.689889430999756,1
3.570962905883789,1
3.706536054611206,1
3.387758493423462,1
3.1557273864746094,1
3.351179838180542,1
2.86156964302063,1
3.6193137168884277,1
2.9304757118225098,1
2.751359224319458,1
3.298224449157715,1
2.911325454711914,1
4.060136795043945,1
3.366105556488037,1
3.169327974319458,1
3.383904218673706,1
2.799861192703247,1
2.726236343383789,1
2.885957956314087,1
3.177459716796875,1
3.1421058177948,1
3.6436986923217773,1
3.0922727584838867,1
3.541943073272705,1
3.312751531600952,1
2.926203727722168,1
2.962092876434326,1
2.9931931495666504,1
3.0833473205566406,1
3.022315263748169,1
3.352509021759033,1
3.059230089187622,1
3.345641613006592,1
2.9936389923095703,1
2.805609941482544,1
2.730095386505127,1
3.1191627979278564,1
3.1758766174316406,1
3.5988595485687256,1
2.703727960586548,1
3.2210566997528076,1
3.475808620452881,1
3.690117597579956,1
3.110069513320923,1
2.899876117706299,1
2.899665594100952,1
3.993945837020874,1
3.337263584136963,1
3.708724021911621,1
3.4864630699157715,1
3.2815439701080322,1
2.8476600646972656,1
3.0343379974365234,1
3.5432562828063965,1
2.926163911819458,1
3.155501127243042,1
3.1741745471954346,1
2.9348526000976563,1
3.0396695137023926,1
3.213528871536255,1
3.917252779006958,1
2.9026589393615723,1
3.071317434310913,1
3.1350908279418945,1
3.277609348297119,1
3.5842130184173584,1
2.9764115810394287,1
2.8700718879699707,1
2.821995258331299,1
3.8064558506011963,1
2.940189838409424,1
3.5027594566345215,1
3.289915084838867,1
3.0257949829101563,1
4.243215560913086,1
3.5077266693115234,1
3.5864357948303223,1
2.8288838863372803,1
3.4940991401672363,1
2.994243860244751,1
3.1709256172180176,1
4.1854705810546875,1
3.877875328063965,1
3.7953245639801025,1
3.4016048908233643,1
3.630859851837158,1
4.5843634605407715,1
3.3836355209350586,1
3.755791187286377,1
3.331570863723755,1
3.0838680267333984,1
3.6789777278900146,1
3.4875142574310303,1
3.3205628395080566,1
3.260990619659424,1
3.504937171936035,1
3.648564100265503,1
3.5498037338256836,1
3.5306830406188965,1
3.1887619495391846,1
3.322384834289551,1
4.227851390838623,1
3.602226734161377,1
4.002509593963623,1
3.8666293621063232,1
2.7528724670410156,1
3.491438388824463,1
3.9314703941345215,1
3.407345771789551,1
3.45177960395813,1
3.396531343460083,1
3.3592581748962402,1
3.2491791248321533,1
3.4232420921325684,1
3.641798496246338,1
3.1187167167663574,1
3.7578468322753906,1
2.7856967449188232,1
3.090040922164917,1
3.445491313934326,1
2.745961904525757,1
3.2387235164642334,1
3.2706103324890137,1
2.951099157333374,1
2.9763243198394775,1
3.6126389503479004,1
2.726130723953247,1
2.9588446617126465,1
2.866344451904297,1
4.232681751251221,1
3.118394136428833,1
3.3128955364227295,1
3.343456268310547,1
2.7795705795288086,1
3.416841983795166,1
3.012528657913208,1
2.9508047103881836,1
3.1237897872924805,1
3.2086048126220703,1
2.5692195892333984,1
2.573194980621338,1
3.6270036697387695,1
3.558074951171875,1
3.3924450874328613,1
3.2412126064300537,1
3.1252856254577637,1
3.1406164169311523,1
2.9500937461853027,1
3.52435302734375,1
2.7623796463012695,1
3.2003915309906006,1
3.0371692180633545,1
3.136619806289673,1
2.7314939498901367,1
3.1373376846313477,1
3.8663997650146484,1
3.759030818939209,1
3.33109188079834,1
3.8391106128692627,1
3.1616368293762207,1
2.6674225330352783,1
2.8037776947021484,1
3.1305248737335205,1
3.479325771331787,1
2.6958632469177246,1
3.3684544563293457,1
3.1435890197753906,1
2.6600074768066406,1
3.2466237545013428,1
2.964836359024048,1
4.325610160827637,1
3.57008695602417,1
3.5427870750427246,1
3.1765618324279785,1
4.006484031677246,1
3.609405279159546,1
3.579894542694092,1
3.422426223754883,1
3.4901928901672363,1
3.243021011352539,1
3.505558729171753,1
3.0761938095092773,1
2.890869140625,1
3.326326608657837,1
3.448610782623291,1
3.2793021202087402,1
3.0910799503326416,1
2.786181688308716,1
2.714895248413086,1
2.8286428451538086,1
3.133053779602051,1
2.7452213764190674,1
2.3063302040100098,1
3.560905933380127,1
3.0468192100524902,1
2.6716668605804443,1
3.5164785385131836,1
3.0525307655334473,1
2.735633134841919,1
3.462468147277832,1
3.1480536460876465,1
2.9411706924438477,1
3.1966094970703125,1
3.1586387157440186,1
3.032111883163452,1
2.929076671600342,1
3.1783406734466553,1
3.219132661819458,1
2.8861889839172363,1
2.879969358444214,1
3.1640567779541016,1
3.2426304817199707,1
2.7306301593780518,1
3.2043185234069824,1
3.0928268432617188,1
2.992286205291748,1
3.290587902069092,1
3.5375564098358154,1
2.83398175239563,1
3.3337807655334473,1
2.9099724292755127,1
3.192861318588257,1
2.875243663787842,1
3.2661309242248535,1
3.1716394424438477,1
2.7612130641937256,1
3.202346086502075,1
4.077293872833252,1
3.1417887210845947,1
3.258767604827881,1
3.283792018890381,1
3.38836669921875,1
3.293551445007324,1
3.5235671997070313,1
3.1050539016723633,1
3.316570281982422,1
3.2834062576293945,1
3.678760051727295,1
3.776982307434082,1
3.4141793251037598,1
3.5254898071289063,1
3.002453327178955,1
3.282297372817993,1
3.3662362098693848,1
3.9001669883728027,1
3.6306674480438232,1
3.1367881298065186,1
2.9603123664855957,1
3.375885009765625,1
3.113368034362793,1
3.024286985397339,1
3.671288251876831,1
3.0689148902893066,1
2.8266825675964355,1
3.537363290786743,1
3.387795925140381,1
3.111710548400879,1
3.138184070587158,1
2.989480495452881,1
3.563961982727051,1
3.4417004585266113,1
3.444450855255127,1
3.608989953994751,1
2.9839351177215576,1
3.0613362789154053,1
3.2412009239196777,1
3.4981131553649902,1
3.237718105316162,1
3.129002094268799,1
3.1129491329193115,1
2.867311477661133,1
3.1036198139190674,1
3.0739383697509766,1
2.9687843322753906,1
3.1981937885284424,1
3.317958116531372,1
2.930967330932617,1
2.5588486194610596,1
2.787087917327881,1
3.049348831176758,1
3.0803966522216797,1
3.728984832763672,1
3.578965425491333,1
3.171113967895508,1
3.2063755989074707,1
3.0236077308654785,1
3.1914186477661133,1
3.4508168697357178,1
3.641383647918701,1
3.600372314453125,1
3.9582366943359375,1
3.5227904319763184,1
3.2126975059509277,1
3.0971479415893555,1
4.10355806350708,1
2.867823839187622,1
3.068824052810669,1
3.4118528366088867,1
3.505150079727173,1
3.5365443229675293,1
3.7342264652252197,1
3.387125015258789,1
3.083071708679199,1
3.489255666732788,1
2.978055715560913,1
3.3418984413146973,1
3.046074390411377,1
3.3034305572509766,1
3.5430052280426025,1
4.0626702308654785,1
3.8357925415039063,1
2.988772392272949,1
3.1603379249572754,1
3.0757014751434326,1
2.977149486541748,1
2.862283229827881,1
3.0165796279907227,1
3.170726776123047,1
3.35536527633667,1
3.0226359367370605,1
2.9027962684631348,1
3.2014036178588867,1
3.93355393409729,1
2.9932875633239746,1
2.8994436264038086,1
3.1764931678771973,1
3.662346124649048,1
3.414318561553955,1
3.2944560050964355,1
2.983891010284424,1
2.9878742694854736,1
2.687720775604248,1
3.640899658203125,1
4.24553918838501,1
2.874459981918335,1
3.0959579944610596,1
3.513603925704956,1
3.1696982383728027,1
3.496760845184326,1
3.0626344680786133,1
3.3563694953918457,1
2.489467144012451,1
2.8919572830200195,1
3.2818379402160645,1
3.6232147216796875,1
2.683493137359619,1
3.249690532684326,1
3.138639450073242,1
3.55941104888916,1
3.0398306846618652,1
2.6542882919311523,1
2.6454014778137207,1
3.1654391288757324,1
3.3994717597961426,1
2.9000444412231445,1
3.313507556915283,1
3.2087411880493164,1
2.7378318309783936,1
2.639289379119873,1
3.7502403259277344,1
3.111492156982422,1
3.2214555740356445,1
3.0658769607543945,1
3.190979480743408,1
3.196989059448242,1
2.8493313789367676,1
3.5384814739227295,1
3.446665048599243,1
3.169398307800293,1
3.545525074005127,1
2.816211223602295,1
3.2917511463165283,1
3.431917190551758,1
3.2796154022216797,1
3.254366874694824,1
2.5719404220581055,1
3.1137378215789795,1
3.0356943607330322,1
3.8009605407714844,1
2.735828161239624,1
3.279787302017212,1
3.2399919033050537,1
3.2801997661590576,1
3.342282772064209,1
3.3168907165527344,1
3.3912601470947266,1
3.6977014541625977,1
2.5846076011657715,1
3.3313326835632324,1
3.3559045791625977,1
2.8033089637756348,1
3.112184524536133,1
3.030014753341675,1
3.2053403854370117,1
3.142052412033081,1
2.741654396057129,1
3.0217807292938232,1
3.7535102367401123,1
3.44185209274292,1
2.917214870452881,1
3.100778818130493,1
4.007878303527832,1
3.290480136871338,1
3.0650320053100586,1
3.3151278495788574,1
2.599605083465576,1
3.0118374824523926,1
2.949359893798828,1
3.2183117866516113,1
3.289090394973755,1
3.2981433868408203,1
2.9968552589416504,1
2.9597768783569336,1
3.4244260787963867,1
3.537120819091797,1
3.1368813514709473,1
2.9679088592529297,1
3.345505952835083,1
3.4678196907043457,1
3.3935694694519043,1
3.4522664546966553,1
3.0371618270874023,1
3.0734317302703857,1
2.756495475769043,1
3.226494550704956,1
2.982287883758545,1
3.149789810180664,1
3.093890428543091,1
2.7203280925750732,1
2.794527053833008,1
3.7733616828918457,1
3.119809627532959,1
2.7895379066467285,1
3.702955722808838,1
4.008299350738525,1
2.701303482055664,1
2.860380172729492,1
2.790785789489746,1
2.9575657844543457,1
3.4804320335388184,1
3.3319528102874756,1
3.0778942108154297,1
3.067765235900879,1
3.215280294418335,1
3.4538750648498535,1
2.917181968688965,1
2.6757025718688965,1
2.7764134407043457,1
3.6055376529693604,1
2.737229347229004,1
3.421722888946533,1
3.6657235622406006,1
3.430548667907715,1
3.7856500148773193,1
3.255403518676758,1
3.397860527038574,1
3.2883543968200684,1
2.5992040634155273,1
3.8261563777923584,1
3.0164129734039307,1
3.3951146602630615,1
2.843280553817749,1
3.3152403831481934,1
3.468883514404297,1
2.882966995239258,1
3.9466633796691895,1
3.3892531394958496,1
3.108874797821045,1
3.087425708770752,1
2.7026782035827637,1
2.857301712036133,1
3.2226128578186035,1
3.5799686908721924,1
3.334235191345215,1
2.8829543590545654,1
3.2026073932647705,1
2.5492913722991943,1
3.314359664916992,1
3.6981730461120605,1
3.180394172668457,1
3.870021343231201,1
3.32521653175354,1
3.0912036895751953,1
2.8281593322753906,1
3.3742153644561768,1
3.903674602508545,1
3.2767245769500732,1
3.459188222885132,1
2.6880807876586914,1
2.8825085163116455,1
3.6862881183624268,1
3.441427707672119,1
3.1241812705993652,1
3.348820924758911,1
2.9513516426086426,1
3.0829474925994873,1
3.505871057510376,1
2.6499738693237305,1
3.6850428581237793,1
3.251770496368408,1
3.9760513305664063,1
3.2039732933044434,1
3.0246920585632324,1
4.117304801940918,1
2.9633727073669434,1
3.428487777709961,1
3.2105894088745117,1
2.9931533336639404,1
3.1641154289245605,1
2.9233927726745605,1
3.1097187995910645,1
3.2056989669799805,1
2.826058864593506,1
2.710731267929077,1
2.921513557434082,1
2.7016336917877197,1
2.7326245307922363,1
2.6938719749450684,1
3.1852660179138184,1
3.5085933208465576,1
2.711515188217163,1
2.8275306224823,1
2.9451944828033447,1
3.331763744354248,1
3.0264222621917725,1
2.9980685710906982,1
2.9837851524353027,1
2.849818468093872,1
3.024413585662842,1
2.6153626441955566,1
2.56256103515625,1
3.5269789695739746,1
2.994753837585449,1
3.284874677658081,1
3.860360622406006,1
3.016624927520752,1
3.1738600730895996,1
2.779052734375,1
3.5065360069274902,1
3.8527462482452393,1
2.8945043087005615,1
3.202791690826416,1
3.2188239097595215,1
3.2868471145629883,1
3.353165626525879,1
3.372134208679199,1
3.498628616333008,1
2.9242167472839355,1
4.401006698608398,1
3.282735824584961,1
3.5672130584716797,1
2.810983180999756,1
2.888854503631592,1
3.3639912605285645,1
3.2498779296875,1
3.8318934440612793,1
3.4302051067352295,1
3.6943273544311523,1
3.3418092727661133,1
2.955124616622925,1
3.3166098594665527,1
3.4200093746185303,1
3.284189462661743,1
2.885340690612793,1
3.6164331436157227,1
3.6246941089630127,1
16.832923889160156,1
11.614890098571777,1
3.870292901992798,1
3.8614583015441895,1
5.591211795806885,1
4.057427406311035,1
5.132174491882324,1
4.174382209777832,1
4.250132083892822,1
4.2966718673706055,1
4.15546178817749,1
4.534189224243164,1
4.944638729095459,1
4.7028656005859375,1
4.600835800170898,1
4.816174030303955,1
4.020418167114258,1
4.014955520629883,1
3.817674160003662,1
4.507482051849365,1
4.557419776916504,1
4.187945365905762,1
4.01806640625,1
3.7738113403320313,1
3.5057973861694336,1
4.757256507873535,1
4.231634616851807,1
4.431229114532471,1
4.126436233520508,1
4.415887355804443,1
4.355472564697266,1
4.0195770263671875,1
4.065711975097656,1
4.159584999084473,1
3.8756675720214844,1
4.378809928894043,1
4.515096664428711,1
3.628668785095215,1
4.646239757537842,1
3.679927110671997,1
4.059645652770996,1
4.0876617431640625,1
4.115376949310303,1
3.8898983001708984,1
4.11892032623291,1
4.110619068145752,1
3.9690301418304443,1
3.7381539344787598,1
3.610147476196289,1
3.498499631881714,1
4.344002723693848,1
3.7117228507995605,1
3.8214354515075684,1
4.29796028137207,1
4.27774715423584,1
4.053564548492432,1
3.995232582092285,1
3.821876287460327,1
5.0926618576049805,1
3.862640857696533,1
3.6813650131225586,1
3.7606072425842285,1
3.9622576236724854,1
3.4772462844848633,1
3.6573164463043213,1
3.9724574089050293,1
4.257053375244141,1
4.044308662414551,1
3.1376142501831055,1
3.4802982807159424,1
3.5273356437683105,1
4.481284141540527,1
4.073784351348877,1
3.9594669342041016,1
3.8892879486083984,1
4.33139705657959,1
3.9812769889831543,1
3.973336696624756,1
3.740133285522461,1
4.329046249389648,1
4.095705509185791,1
4.131133079528809,1
4.1658759117126465,1
3.799408197402954,1
3.9951975345611572,1
3.721531629562378,1
3.94403076171875,1
3.8022048473358154,1
3.717407464981079,1
3.9730148315429688,1
4.108497142791748,1
3.180593967437744,1
4.087523937225342,1
3.8738129138946533,1
4.035801410675049,1
4.068375587463379,1
3.956305980682373,1
4.251450538635254,1
4.540332317352295,1
4.015639305114746,1
4.55027961730957,1
4.207426071166992,1
3.5653529167175293,1
3.7433202266693115,1
3.823086738586426,1
3.8574647903442383,1
4.1151885986328125,1
3.558516263961792,1
4.324808120727539,1
3.2830910682678223,1
4.163780689239502,1
3.028822898864746,1
3.424078941345215,1
4.228154182434082,1
3.783257007598877,1
3.9257071018218994,1
3.9897446632385254,1
3.3880815505981445,1
3.911508560180664,1
3.9608235359191895,1
3.627817153930664,1
4.00386905670166,1
3.85153865814209,1
4.083294868469238,1
3.692981243133545,1
3.4633779525756836,1
4.150787353515625,1
3.7571945190429688,1
3.949540615081787,1
4.2062907218933105,1
4.029453277587891,1
3.2494583129882813,1
3.6390490531921387,1
3.7080416679382324,1
3.4066030979156494,1
4.014111518859863,1
3.583224058151245,1
3.186957597732544,1
3.517266035079956,1
3.9573941230773926,1
3.5613512992858887,1
4.1147050857543945,1
4.0533342361450195,1
3.242168426513672,1
3.763087749481201,1
3.8806638717651367,1
3.737067222595215,1
3.5004241466522217,1
3.448396682739258,1
3.845816135406494,1
4.006312370300293,1
4.048073768615723,1
4.523015022277832,1
4.611003875732422,1
4.179744243621826,1
4.067196846008301,1
4.11837911605835,1
3.9636707305908203,1
3.9680111408233643,1
4.134541988372803,1
3.6439905166625977,1
4.265027046203613,1
3.4784061908721924,1
3.9250245094299316,1
3.7214913368225098,1
3.6859793663024902,1
3.9921936988830566,1
4.053171634674072,1
3.9952824115753174,1
4.02070951461792,1
4.16234016418457,1
3.7608044147491455,1
4.097502708435059,1
3.8433046340942383,1
3.9607889652252197,1
4.001959323883057,1
4.087632179260254,1
4.465978622436523,1
4.0422210693359375,1
3.945486307144165,1
3.804081678390503,1
4.586498260498047,1
4.5009565353393555,1
3.8424267768859863,1
3.6060950756073,1
3.501565933227539,1
4.169121742248535,1
3.800232172012329,1
3.951796054840088,1
3.837067127227783,1
4.164163589477539,1
3.904764175415039,1
4.044869422912598,1
3.9246575832366943,1
3.7156989574432373,1
3.6421098709106445,1
3.6478662490844727,1
4.089430809020996,1
4.022380352020264,1
4.338250160217285,1
3.546926498413086,1
3.628552198410034,1
3.8541717529296875,1
3.5494422912597656,1
3.6692748069763184,1
3.6007161140441895,1
3.7420787811279297,1
4.055180549621582,1
3.733238697052002,1
3.219759225845337,1
4.2421159744262695,1
4.518339157104492,1
4.068874359130859,1
3.5143260955810547,1
3.9889719486236572,1
4.071786880493164,1
4.002810478210449,1
4.28675651550293,1
3.932324171066284,1
4.144687652587891,1
4.238940238952637,1
4.123915672302246,1
3.9172110557556152,1
3.8631644248962402,1
3.948103427886963,1
3.7374496459960938,1
4.559021949768066,1
3.9611005783081055,1
3.3853931427001953,1
3.770275115966797,1
4.0683183670043945,1
3.9579920768737793,1
4.1542768478393555,1
4.048896789550781,1
4.067806720733643,1
3.6099801063537598,1
3.9070775508880615,1
3.26448655128479,1
4.608147621154785,1
4.041012287139893,1
3.9678919315338135,1
3.7146518230438232,1
3.6128549575805664,1
3.9480767250061035,1
3.913567066192627,1
3.5654215812683105,1
3.7736735343933105,1
4.10584020614624,1
3.967120885848999,1
3.6671977043151855,1
4.345239162445068,1
3.856937885284424,1
4.311481475830078,1
3.7564780712127686,1
3.2795584201812744,1
3.5687410831451416,1
3.4359943866729736,1
3.962662696838379,1
3.8292856216430664,1
3.440685749053955,1
3.6783323287963867,1
4.08638334274292,1
3.91222882270813,1
4.022963523864746,1
3.9577736854553223,1
4.148273468017578,1
3.742018699645996,1
3.451749563217163,1
4.377767086029053,1
3.919110059738159,1
4.420618057250977,1
3.760608673095703,1
3.245776653289795,1
4.1551666259765625,1
3.8752036094665527,1
3.8398633003234863,1
3.835918426513672,1
4.0288896560668945,1
3.9262614250183105,1
3.571970224380493,1
4.1785101890563965,1
3.837569236755371,1
3.678162097930908,1
4.412752151489258,1
4.0312700271606445,1
3.6497607231140137,1
3.9956107139587402,1
3.8116860389709473,1
3.799679756164551,1
4.067629337310791,1
4.314208507537842,1
4.707734107971191,1
3.599628448486328,1
3.7595458030700684,1
3.8880510330200195,1
4.38106107711792,1
3.442276954650879,1
4.265439987182617,1
3.7536685466766357,1
4.30579948425293,1
3.913294792175293,1
3.482262372970581,1
3.6741726398468018,1
3.887942314147949,1
3.5951101779937744,1
3.8145785331726074,1
4.025575637817383,1
3.9339613914489746,1
3.691817045211792,1
4.09212589263916,1
3.61924147605896,1
3.974050521850586,1
3.774853467941284,1
3.557678461074829,1
3.17657208442688,1
3.8397347927093506,1
4.092630386352539,1
3.9842216968536377,1
3.8854799270629883,1
3.7459213733673096,1
3.933356761932373,1
3.797420024871826,1
3.8884716033935547,1
3.9361603260040283,1
3.6072885990142822,1
3.2822537422180176,1
3.249800443649292,1
3.724551200866699,1
3.7275469303131104,1
3.537490129470825,1
3.6218209266662598,1
3.4715030193328857,1
3.7378060817718506,1
4.301833152770996,1
3.565661907196045,1
3.5006489753723145,1
3.5497941970825195,1
4.06141471862793,1
3.5762219429016113,1
4.312382698059082,1
3.631350517272949,1
3.614783525466919,1
3.1768524646759033,1
4.0345869064331055,1
4.263927459716797,1
3.9686498641967773,1
3.584463119506836,1
4.219137191772461,1
3.7788166999816895,1
3.8713059425354004,1
3.410815954208374,1
3.4896740913391113,1
4.146790504455566,1
3.5725035667419434,1
3.3333017826080322,1
3.2387211322784424,1
4.16540002822876,1
3.8254776000976563,1
4.003613471984863,1
3.5801846981048584,1
3.6737842559814453,1
4.0913591384887695,1
3.606363296508789,1
4.1654438972473145,1
3.776399612426758,1
3.747864246368408,1
3.4959216117858887,1
3.5974955558776855,1
3.178567409515381,1
3.6309475898742676,1
3.9183685779571533,1
3.684082508087158,1
4.196290016174316,1
4.0806169509887695,1
3.1888177394866943,1
3.589296340942383,1
3.268460273742676,1
4.23773193359375,1
3.794468402862549,1
3.8210935592651367,1
3.634340763092041,1
3.2389321327209473,1
4.532334804534912,1
4.368879318237305,1
3.812778949737549,1
4.574350833892822,1
4.083381175994873,1
3.731031894683838,1
3.4571027755737305,1
3.528400421142578,1
3.7345011234283447,1
4.585375785827637,1
3.523977041244507,1
3.4590811729431152,1
4.068018436431885,1
3.3496177196502686,1
3.4096484184265137,1
3.344309091567993,1
3.693326234817505,1
3.660332441329956,1
4.256367206573486,1
3.7899842262268066,1
3.6494197845458984,1
3.975381374359131,1
4.042031764984131,1
3.216771125793457,1
3.717613697052002,1
3.8948566913604736,1
3.471470832824707,1
3.7004642486572266,1
3.569830894470215,1
3.2079062461853027,1
3.790315866470337,1
3.6521155834198,1
4.012638568878174,1
3.751220941543579,1
4.4258928298950195,1
3.7819693088531494,1
3.3797614574432373,1
3.2772300243377686,1
3.825472354888916,1
4.295577526092529,1
3.876819610595703,1
3.7301859855651855,1
3.261143445968628,1
3.817476987838745,1
4.072297096252441,1
3.9411416053771973,1
3.3607616424560547,1
3.9009792804718018,1
3.7369062900543213,1
3.4694604873657227,1
3.4369866847991943,1
3.763566255569458,1
3.387320041656494,1
3.6125295162200928,1
3.6377954483032227,1
4.248416423797607,1
3.9643280506134033,1
4.094515323638916,1
3.7774674892425537,1
3.940077781677246,1
3.4852652549743652,1
2.9756205081939697,1
3.4263710975646973,1
3.3019959926605225,1
3.335113525390625,1
4.0418806076049805,1
4.139369487762451,1
3.8133935928344727,1
3.692760467529297,1
4.232277870178223,1
3.8364176750183105,1
3.9988207817077637,1
4.214907646179199,1
4.16729211807251,1
3.4852991104125977,1
3.448094606399536,1
3.665287494659424,1
3.9105706214904785,1
4.220197677612305,1
3.5883936882019043,1
3.5460877418518066,1
4.2250075340271,1
3.3241608142852783,1
3.4717516899108887,1
3.782714366912842,1
4.109842300415039,1
3.8696019649505615,1
3.4940237998962402,1
3.953491687774658,1
3.5398497581481934,1
3.7993268966674805,1
3.6654605865478516,1
3.8099966049194336,1
3.771636486053467,1
3.919466972351074,1
3.5353260040283203,1
3.5660319328308105,1
4.012167930603027,1
3.5019643306732178,1
3.934730052947998,1
3.9452900886535645,1
3.9521522521972656,1
3.6018731594085693,1
3.4088335037231445,1
4.0652666091918945,1
4.8994317054748535,1
3.783421277999878,1
4.099310874938965,1
3.756246566772461,1
4.4560747146606445,1
3.874945640563965,1
4.135699272155762,1
3.7477920055389404,1
3.745400905609131,1
3.7732768058776855,1
4.213634014129639,1
3.554816722869873,1
3.537649631500244,1
3.4809412956237793,1
3.659240961074829,1
3.4222638607025146,1
3.860133409500122,1
3.773547649383545,1
3.4488630294799805,1
3.746403217315674,1
3.4249825477600098,1
3.7374908924102783,1
3.79951810836792,1
4.365164756774902,1
3.7079813480377197,1
4.016036033630371,1
3.7333362102508545,1
3.7752928733825684,1
3.5791923999786377,1
3.320802927017212,1
3.984503746032715,1
3.3248538970947266,1
3.5731594562530518,1
4.0000739097595215,1
3.934292793273926,1
3.881073474884033,1
3.5362746715545654,1
3.5035107135772705,1
3.6200950145721436,1
4.1538920402526855,1
3.749431848526001,1
3.2060184478759766,1
3.530517578125,1
3.6188907623291016,1
3.944413185119629,1
3.809194564819336,1
4.268808364868164,1
3.5259323120117188,1
4.094560623168945,1
3.9083104133605957,1
3.7282004356384277,1
3.6317996978759766,1
3.8038885593414307,1
3.958247184753418,1
4.2605695724487305,1
3.7233798503875732,1
3.932844638824463,1
3.8759171962738037,1
4.100400924682617,1
3.752305507659912,1
3.329775333404541,1
3.986090660095215,1
3.8203728199005127,1
3.7126498222351074,1
3.5135300159454346,1
3.7848219871520996,1
3.8810253143310547,1
4.115747928619385,1
3.4247734546661377,1
3.7210333347320557,1
3.974973201751709,1
4.01768684387207,1
3.390613555908203,1
3.7461328506469727,1
3.968975782394409,1
3.8312644958496094,1
3.3156888484954834,1
3.609266519546509,1
3.4845526218414307,1
4.226062297821045,1
3.5552620887756348,1
3.667531967163086,1
3.6072630882263184,1
3.6954798698425293,1
3.5103845596313477,1
3.3849425315856934,1
4.062682151794434,1
3.6584019660949707,1
3.879763603210449,1
3.5356435775756836,1
3.9203596115112305,1
4.054815769195557,1
3.5071005821228027,1
3.5568230152130127,1
3.6337311267852783,1
3.8626821041107178,1
4.463926315307617,1
3.5718026161193848,1
3.286431074142456,1
3.846181869506836,1
3.9567158222198486,1
4.677530288696289,1
3.9920766353607178,1
3.931530237197876,1
3.627239465713501,1
3.5111234188079834,1
3.443657159805298,1
4.127372741699219,1
3.588411331176758,1
4.573923587799072,1
3.3858861923217773,1
3.8043951988220215,1
3.9477267265319824,1
4.1835856437683105,1
3.5891928672790527,1
4.08994722366333,1
3.3846969604492188,1
3.3742566108703613,1
3.702653408050537,1
3.7114200592041016,1
3.9330992698669434,1
3.8051042556762695,1
4.132632732391357,1
3.676614761352539,1
3.6556692123413086,1
3.4430923461914063,1
3.749481201171875,1
3.74025297164917,1
3.4890713691711426,1
4.361871719360352,1
3.4443118572235107,1
3.7518157958984375,1
4.081961631774902,1
3.738290309906006,1
3.6994001865386963,1
3.96095609664917,1
3.837907314300537,1
3.7924320697784424,1
3.4055256843566895,1
3.453251361846924,1
3.146679401397705,1
3.7603530883789063,1
4.041164398193359,1
4.566845417022705,1
3.8056182861328125,1
4.476229667663574,1
4.183757781982422,1
4.001581192016602,1
3.8132052421569824,1
3.8200528621673584,1
3.642754077911377,1
4.254571437835693,1
4.568137168884277,1
3.5128865242004395,1
4.537630081176758,1
4.192943572998047,1
4.005389213562012,1
3.623534679412842,1
3.9699411392211914,1
3.751038074493408,1
3.8576855659484863,1
3.9631965160369873,1
3.804226875305176,1
3.005903720855713,1
3.8757200241088867,1
4.043665409088135,1
3.5538082122802734,1
3.2118444442749023,1
3.91290545463562,1
3.746255397796631,1
3.7822744846343994,1
3.7402639389038086,1
3.5422303676605225,1
3.3606016635894775,1
3.5753366947174072,1
4.079709053039551,1
3.593092203140259,1
3.6342697143554688,1
3.4331893920898438,1
4.149148941040039,1
3.9268064498901367,1
3.770660161972046,1
3.5641798973083496,1
4.023487567901611,1
3.8374197483062744,1
4.113516807556152,1
3.75701904296875,1
3.502657413482666,1
3.2722716331481934,1
3.4188332557678223,1
3.8394508361816406,1
3.574463367462158,1
3.396601438522339,1
3.4825520515441895,1
3.2447586059570313,1
3.7138819694519043,1
4.058469295501709,1
3.748446464538574,1
3.9244141578674316,1
3.940001964569092,1
3.847224712371826,1
3.7721757888793945,1
3.2845466136932373,1
3.7939414978027344,1
3.956662893295288,1
3.9613983631134033,1
3.824460506439209,1
3.8442599773406982,1
3.4315948486328125,1
3.5541727542877197,1
3.2754745483398438,1
3.4972190856933594,1
4.0104780197143555,1
3.266691207885742,1
3.2178916931152344,1
4.018373489379883,1
4.473307132720947,1
3.483302116394043,1
2.887948989868164,1
3.170069456100464,1
3.2491376399993896,1
4.337145805358887,1
3.7149407863616943,1
3.373195171356201,1
3.879373073577881,1
3.3727216720581055,1
3.201935291290283,1
3.8406379222869873,1
3.68369722366333,1
3.435839891433716,1
3.4563822746276855,1
3.1992151737213135,1
4.4978156089782715,1
3.8314499855041504,1
3.4807968139648438,1
3.654944658279419,1
3.916496515274048,1
3.6126530170440674,1
3.4941368103027344,1
3.5739691257476807,1
3.4989583492279053,1
3.8528220653533936,1
3.972141742706299,1
4.109282493591309,1
4.3001298904418945,1
3.7806310653686523,1
4.181560039520264,1
3.822014808654785,1
3.427441120147705,1
3.699761390686035,1
3.920363426208496,1
3.6396358013153076,1
4.226725101470947,1
4.0245161056518555,1
3.747209072113037,1
3.385707378387451,1
3.6729648113250732,1
4.0813117027282715,1
4.591532230377197,1
4.166426181793213,1
3.7100536823272705,1
3.650132179260254,1
3.045245409011841,1
3.5199599266052246,1
3.927375078201294,1
3.6802709102630615,1
3.4343247413635254,1
3.810175895690918,1
3.4721145629882813,1
3.438955068588257,1
3.5040533542633057,1
3.44136381149292,1
4.144452095031738,1
4.377519607543945,1
3.5754647254943848,1
4.1816020011901855,1
3.6569743156433105,1
3.8600473403930664,1
4.392828464508057,1
4.2567243576049805,1
3.902312755584717,1
3.7031912803649902,1
3.758939266204834,1
3.8138601779937744,1
3.981184959411621,1
3.967284679412842,1
3.4521169662475586,1
3.678588628768921,1
4.179245948791504,1
3.9165854454040527,1
4.164649963378906,1
3.711857318878174,1
3.6077382564544678,1
4.273841857910156,1
3.6907660961151123,1
3.544398784637451,1
3.741206169128418,1
3.5082736015319824,1
4.311490058898926,1
3.365021228790283,1
3.597973108291626,1
4.170074462890625,1
3.7964718341827393,1
3.7914533615112305,1
3.950709819793701,1
3.819707155227661,1
3.658395767211914,1
3.9512991905212402,1
3.6928250789642334,1
3.543673515319824,1
3.635474681854248,1
3.4319708347320557,1
3.984714984893799,1
4.323800086975098,1
3.3961520195007324,1
3.5493226051330566,1
3.943439483642578,1
3.3709914684295654,1
4.19255256652832,1
3.6004433631896973,1
3.5907912254333496,1
3.80629563331604,1
3.289519786834717,1
3.1421523094177246,1
4.886228561401367,1
4.439912796020508,1
3.944310426712036,1
3.777815818786621,1
3.7789056301116943,1
3.9775662422180176,1
5.746924877166748,1
5.177888870239258,1
3.8971381187438965,1
4.619416236877441,1
4.791729927062988,1
4.014018535614014,1
4.521069049835205,1
4.257624626159668,1
4.561307907104492,1
3.971153974533081,1
4.223910331726074,1
4.681942939758301,1
3.784233331680298,1
4.094893932342529,1
4.331683158874512,1
3.608583450317383,1
3.316455364227295,1
3.6207289695739746,1
3.8687262535095215,1
4.5475029945373535,1
4.117119312286377,1
3.9953839778900146,1
3.432703971862793,1
4.267742156982422,1
4.112929821014404,1
3.426023006439209,1
3.356430768966675,1
3.455965995788574,1
4.1554718017578125,1
3.7955780029296875,1
3.443168878555298,1
3.4168753623962402,1
3.426802396774292,1
3.6024184226989746,1
3.261848211288452,1
4.137691497802734,1
4.192716121673584,1
3.3096165657043457,1
3.3960623741149902,1
3.5620038509368896,1
3.6261463165283203,1
3.495905876159668,1
3.837169647216797,1
4.092809200286865,1
3.4458181858062744,1
3.724597454071045,1
3.5856051445007324,1
2.730781078338623,1
3.3871712684631348,1
3.662263870239258,1
3.6094329357147217,1
3.500701427459717,1
3.856222152709961,1
3.6980600357055664,1
4.301527976989746,1
2.9990739822387695,1
3.530580997467041,1
4.221371650695801,1
3.1409010887145996,1
4.034850597381592,1
4.271716117858887,1
3.6494905948638916,1
3.8074774742126465,1
4.065540790557861,1
3.7389392852783203,1
3.821826219558716,1
3.6319169998168945,1
4.132788181304932,1
3.846729278564453,1
3.6310417652130127,1
3.424389362335205,1
2.922522783279419,1
3.662113904953003,1
3.637535572052002,1
2.8557910919189453,1
4.073561668395996,1
3.500166893005371,1
4.0881781578063965,1
3.7850441932678223,1
4.036927700042725,1
3.668285608291626,1
3.727583169937134,1
3.5763134956359863,1
3.7623374462127686,1
3.2494606971740723,1
3.872148275375366,1
3.4754343032836914,1
3.701104164123535,1
3.5532915592193604,1
3.9480042457580566,1
3.843878984451294,1
3.3285892009735107,1
3.6807496547698975,1
3.5814621448516846,1
3.9019696712493896,1
3.2664871215820313,1
3.227074384689331,1
3.596937417984009,1
3.4797449111938477,1
3.6865978240966797,1
3.00860333442688,1
4.143986225128174,1
3.8708677291870117,1
3.7948436737060547,1
3.6030654907226563,1
3.971717119216919,1
3.5910158157348633,1
3.1447982788085938,1
4.236999034881592,1
4.456744194030762,1
3.4379119873046875,1
4.625028610229492,1
3.6996145248413086,1
3.685408353805542,1
3.654038429260254,1
4.326000690460205,1
3.8154659271240234,1
3.6726505756378174,1
4.019528865814209,1
4.021945476531982,1
4.136207103729248,1
3.710505723953247,1
4.313724517822266,1
3.857571601867676,1
3.2475826740264893,1
3.808408260345459,1
3.718679904937744,1
3.685393810272217,1
3.4680593013763428,1
4.039121627807617,1
4.876858711242676,1
3.647418975830078,1
3.3679087162017822,1
3.200594663619995,1
3.797318935394287,1
3.8167929649353027,1
4.024447917938232,1
3.5302529335021973,1
3.4086318016052246,1
3.4617786407470703,1
3.5095126628875732,1
3.648867130279541,1
3.770995855331421,1
3.5992825031280518,1
3.630462169647217,1
3.675334930419922,1
3.420060157775879,1
3.744490146636963,1
3.1627490520477295,1
3.777169704437256,1
3.652214288711548,1
3.7325289249420166,1
4.000804901123047,1
4.192342281341553,1
4.514618396759033,1
3.039994716644287,1
3.7903084754943848,1
3.749789237976074,1
3.226719379425049,1
3.297872304916382,1
4.496492385864258,1
3.5443623065948486,1
3.7101197242736816,1
3.7333738803863525,1
4.145782947540283,1
3.392286777496338,1
3.5194039344787598,1
3.3886730670928955,1
3.3001654148101807,1
3.617363214492798,1
3.408153533935547,1
3.5290791988372803,1
3.305556297302246,1
3.6798739433288574,1
3.6838839054107666,1
3.452993869781494,1
3.7504143714904785,1
3.7868223190307617,1
3.9255449771881104,1
3.414416790008545,1
3.5187735557556152,1
3.5747921466827393,1
3.487658739089966,1
3.8146770000457764,1
3.244166135787964,1
4.006640911102295,1
3.7818853855133057,1
3.173574447631836,1
3.5312693119049072,1
3.8653359413146973,1
3.4396467208862305,1
4.0892720222473145,1
3.5910823345184326,1
3.2644810676574707,1
4.030421257019043,1
3.6790542602539063,1
3.146660327911377,1
3.8321285247802734,1
3.485448122024536,1
3.765930652618408,1
3.6681599617004395,1
3.778904914855957,1
3.3515255451202393,1
2.799459457397461,1
3.4226980209350586,1
3.424791097640991,1
3.727463722229004,1
3.746690034866333,1
3.7016000747680664,1
3.5524795055389404,1
3.3477840423583984,1
3.963136672973633,1
3.699674129486084,1
4.179066181182861,1
3.9943647384643555,1
4.106892108917236,1
3.5941920280456543,1
3.6401586532592773,1
3.7219128608703613,1
4.205864429473877,1
3.970582962036133,1
3.008544445037842,1
3.919741630554199,1
3.99570369720459,1
3.9937095642089844,1
3.7433996200561523,1
3.6337172985076904,1
3.907006025314331,1
3.9820470809936523,1
3.992008686065674,1
3.9147982597351074,1
3.748253345489502,1
3.6808547973632813,1
3.3386459350585938,1
3.543370246887207,1
4.040351867675781,1
3.7471656799316406,1
3.916998863220215,1
3.9901585578918457,1
3.974846601486206,1
3.481207847595215,1
4.097357749938965,1
3.7044010162353516,1
3.4708619117736816,1
3.4067041873931885,1
3.698460102081299,1
3.2557334899902344,1
3.8388943672180176,1
3.5466554164886475,1
3.819016695022583,1
3.5128350257873535,1
4.242221832275391,1
4.022560119628906,1
3.4478609561920166,1
3.7345101833343506,1
4.241024971008301,1
3.4239680767059326,1
4.010127544403076,1
3.546618938446045,1
3.507530927658081,1
3.4377098083496094,1
4.216743469238281,1
3.320943832397461,1
2.9627695083618164,1
3.797969341278076,1
3.5617051124572754,1
3.6553902626037598,1
3.539358139038086,1
3.7596511840820313,1
3.419680595397949,1
3.823042869567871,1
3.952888011932373,1
3.3185958862304688,1
3.597994327545166,1
3.2903199195861816,1
3.027801513671875,1
3.6147656440734863,1
3.7568929195404053,1
3.798764228820801,1
3.5296483039855957,1
3.5428366661071777,1
3.3437910079956055,1
3.81027889251709,1
3.6890032291412354,1
3.7758288383483887,1
4.099496841430664,1
3.3113551139831543,1
3.919415235519409,1
3.580357313156128,1
3.818303108215332,1
3.3647308349609375,1
3.7247114181518555,1
3.256934404373169,1
3.9528231620788574,1
3.9938600063323975,1
3.966629981994629,1
3.654353141784668,1
3.8214104175567627,1
3.5209813117980957,1
3.7222352027893066,1
3.6665050983428955,1
3.586361885070801,1
4.012619495391846,1
3.4618520736694336,1
3.567854166030884,1
3.1967480182647705,1
3.3319499492645264,1
3.686340808868408,1
4.245547294616699,1
3.4658055305480957,1
3.1235203742980957,1
3.982553720474243,1
3.1151938438415527,1
3.064059019088745,1
3.7925174236297607,1
3.4949235916137695,1
3.674161911010742,1
4.125147819519043,1
3.548149824142456,1
3.7483863830566406,1
3.5613362789154053,1
3.773238182067871,1
3.8143534660339355,1
3.7884695529937744,1
3.76651930809021,1
3.2719640731811523,1
3.4933199882507324,1
3.9447691440582275,1
4.400074481964111,1
3.549262523651123,1
3.339507579803467,1
3.8076703548431396,1
3.160531759262085,1
3.8565709590911865,1
3.8209898471832275,1
3.873147964477539,1
3.6806235313415527,1
3.5634913444519043,1
3.9078612327575684,1
3.5570201873779297,1
3.7835745811462402,1
4.246290683746338,1
3.7783730030059814,1
4.751447677612305,1
4.282562255859375,1
3.840468645095825,1
3.4804892539978027,1
4.855774879455566,1
4.058557033538818,1
3.392716407775879,1
4.1308979988098145,1
4.485698223114014,1
4.166653633117676,1
3.490478992462158,1
4.059990882873535,1
3.893099546432495,1
3.5131778717041016,1
3.1768417358398438,1
3.3156518936157227,1
4.331976890563965,1
3.4214556217193604,1
3.724419116973877,1
3.5816004276275635,1
4.132709503173828,1
4.359665870666504,1
3.556274890899658,1
3.929133415222168,1
3.5537314414978027,1
3.9400455951690674,1
3.7013320922851563,1
3.51344633102417,1
4.039942741394043,1
4.139747619628906,1
3.326312780380249,1
3.768435001373291,1
3.5947060585021973,1
3.524526596069336,1
3.369706630706787,1
4.088792324066162,1
3.6647818088531494,1
3.851494312286377,1
3.651207208633423,1
4.093600749969482,1
3.838782787322998,1
2.961268901824951,1
3.9051969051361084,1
3.681673526763916,1
3.536313533782959,1
4.095503807067871,1
3.7783942222595215,1
3.8709359169006348,1
3.777648448944092,1
3.7371315956115723,1
3.7042899131774902,1
3.54252028465271,1
3.7261199951171875,1
3.9303412437438965,1
3.8753809928894043,1
3.866971492767334,1
3.698167324066162,1
3.564987897872925,1
3.70253324508667,1
3.816671848297119,1
3.848979949951172,1
3.80694842338562,1
3.862091541290283,1
3.9232380390167236,1
3.2461295127868652,1
3.5410618782043457,1
3.4682259559631348,1
3.4025373458862305,1
3.7563109397888184,1
3.878884792327881,1
3.80692720413208,1
3.862365245819092,1
4.09086275100708,1
3.938197135925293,1
5.126550674438477,1
3.8842031955718994,1
3.916473865509033,1
3.564138412475586,1
4.195342540740967,1
3.7788047790527344,1
3.267925500869751,1
4.236416339874268,1
3.7492408752441406,1
3.551865577697754,1
3.7001993656158447,1
3.6568655967712402,1
3.468640089035034,1
3.40024471282959,1
3.987215757369995,1
3.27984356880188,1
3.7472853660583496,1
3.761545181274414,1
3.393836498260498,1
4.058053493499756,1
4.106396198272705,1
3.707083225250244,1
3.9097375869750977,1
3.8898470401763916,1
3.2329299449920654,1
3.533383369445801,1
3.476759433746338,1
3.666865348815918,1
3.9308106899261475,1
3.51267671585083,1
3.7029361724853516,1
4.45741605758667,1
3.399893283843994,1
4.326778411865234,1
3.55363392829895,1
3.5599398612976074,1
3.401162624359131,1
3.516594171524048,1
4.165020942687988,1
3.639464855194092,1
3.2482211589813232,1
4.4004669189453125,1
4.253891944885254,1
3.508981227874756,1
3.954777240753174,1
3.886155605316162,1
3.9808154106140137,1
3.6973676681518555,1
3.683978319168091,1
3.656341075897217,1
3.5752134323120117,1
3.5815930366516113,1
3.063342809677124,1
3.595930576324463,1
3.5897257328033447,1
3.5508687496185303,1
3.8756494522094727,1
3.8261032104492188,1
3.2333297729492188,1
3.235780715942383,1
3.14094877243042,1
3.7848567962646484,1
3.8977413177490234,1
3.865445137023926,1
3.934720516204834,1
4.240558624267578,1
4.106823921203613,1
3.4888076782226563,1
3.803719997406006,1
3.477494239807129,1
3.69075345993042,1
3.678983688354492,1
3.4966859817504883,1
3.68344783782959,1
3.608323812484741,1
3.598670482635498,1
3.8246240615844727,1
3.5061912536621094,1
4.011566162109375,1
4.176032066345215,1
4.032802104949951,1
3.926813840866089,1
4.556212425231934,1
3.6364495754241943,1
3.230175018310547,1
3.715977191925049,1
3.727876663208008,1
3.766848087310791,1
3.6274075508117676,1
2.832859516143799,1
4.002642631530762,1
4.161446571350098,1
3.2999014854431152,1
3.9910078048706055,1
3.6664328575134277,1
3.6503329277038574,1
3.4625349044799805,1
3.30131459236145,1
3.197774648666382,1
3.756092071533203,1
3.3220481872558594,1
3.5102691650390625,1
3.6545729637145996,1
3.6058359146118164,1
3.4974377155303955,1
3.453019618988037,1
4.079606056213379,1
3.8830862045288086,1
3.3577561378479004,1
3.53872013092041,1
4.648532867431641,1
3.529897689819336,1
3.692380905151367,1
3.2166876792907715,1
3.578155755996704,1
3.6029446125030518,1
3.51784086227417,1
3.7407798767089844,1
3.7222747802734375,1
3.669415235519409,1
3.247953414916992,1
3.357419729232788,1
3.3719558715820313,1
3.2373905181884766,1
3.3366808891296387,1
3.8650166988372803,1
3.8416929244995117,1
3.7764103412628174,1
3.9578351974487305,1
3.431426525115967,1
3.667603015899658,1
3.652156352996826,1
3.89617657661438,1
3.3144378662109375,1
3.6241507530212402,1
3.597355365753174,1
3.529078483581543,1
3.5710270404815674,1
3.603867769241333,1
4.797676086425781,1
4.051497459411621,1
3.690159797668457,1
4.076833248138428,1
3.912872552871704,1
3.518120765686035,1
3.9441890716552734,1
3.654024124145508,1
4.0381059646606445,1
3.5176877975463867,1
3.114537239074707,1
4.0170674324035645,1
3.9060254096984863,1
3.1411123275756836,1
3.6146903038024902,1
3.944100856781006,1
2.9826929569244385,1
4.011469841003418,1
3.974809169769287,1
4.2382354736328125,1
3.9394850730895996,1
3.8079640865325928,1
3.159679889678955,1
3.8703999519348145,1
3.500462770462036,1
3.940915822982788,1
4.008502006530762,1
3.754387140274048,1
3.301755905151367,1
3.296131134033203,1
3.839864730834961,1
3.653843879699707,1
3.8427047729492188,1
3.790001153945923,1
3.7553772926330566,1
4.007521152496338,1
3.766915798187256,1
3.9559402465820313,1
3.5803565979003906,1
3.6392312049865723,1
3.4000191688537598,1
3.2447147369384766,1
3.817178249359131,1
3.5598061084747314,1
3.1497952938079834,1
3.348576545715332,1
3.4231338500976563,1
3.6585612297058105,1
3.7533152103424072,1
3.3953423500061035,1
4.21607780456543,1
3.5250067710876465,1
3.9220809936523438,1
3.849492073059082,1
3.226684331893921,1
3.811415910720825,1
3.4135148525238037,1
3.8410120010375977,1
3.8289332389831543,1
3.8004095554351807,1
4.5527448654174805,1
3.8854198455810547,1
3.5457711219787598,1
3.2841782569885254,1
3.598304510116577,1
3.8599772453308105,1
3.826908588409424,1
3.7757506370544434,1
4.189144611358643,1
3.4890050888061523,1
4.008026123046875,1
3.6244168281555176,1
3.5593554973602295,1
3.7182796001434326,1
3.604624032974243,1
3.6961894035339355,1
3.2979328632354736,1
4.087937355041504,1
3.9950356483459473,1
3.6377739906311035,1
3.8313140869140625,1
3.3395376205444336,1
4.2164306640625,1
3.4621565341949463,1
3.782289505004883,1
3.762763023376465,1
3.52341890335083,1
3.5287134647369385,1
2.9333105087280273,1
3.7471344470977783,1
4.353960037231445,1
3.7114481925964355,1
3.4587719440460205,1
3.6525442600250244,1
3.473707914352417,1
3.9263558387756348,1
3.809645891189575,1
3.794499158859253,1
3.563413619995117,1
3.33889102935791,1
3.413665294647217,1
3.2209296226501465,1
3.6833009719848633,1
4.183592319488525,1
3.3781168460845947,1
3.7587223052978516,1
3.749027729034424,1
4.0936126708984375,1
3.7906928062438965,1
3.237271785736084,1
4.287351608276367,1
4.829127311706543,1
3.7683539390563965,1
3.9078128337860107,1
3.5722270011901855,1
4.051186561584473,1
3.4058361053466797,1
4.5072407722473145,1
4.6530280113220215,1
3.4305524826049805,1
4.313567161560059,1
4.433133125305176,1
3.978954315185547,1
4.028040409088135,1
3.6964426040649414,1
4.279201507568359,1
4.297804832458496,1
3.9260408878326416,1
4.216509819030762,1
3.77225399017334,1
3.8726048469543457,1
4.08609676361084,1
3.690784215927124,1
3.775266647338867,1
3.598888635635376,1
3.8768458366394043,1
3.651369094848633,1
3.0847339630126953,1
3.9535257816314697,1
3.4920363426208496,1
4.084812164306641,1
3.897866725921631,1
3.430629014968872,1
4.062928199768066,1
3.176051616668701,1
3.566380262374878,1
3.605772018432617,1
3.9707577228546143,1
3.8333895206451416,1
3.5837156772613525,1
3.3737683296203613,1
3.8208444118499756,1
3.8725428581237793,1
3.598262071609497,1
3.9258811473846436,1
3.303722858428955,1
3.838038682937622,1
4.044245719909668,1
3.8463244438171387,1
3.6547622680664063,1
3.4940338134765625,1
3.730618476867676,1
3.72370982170105,1
3.320918083190918,1
3.6113200187683105,1
3.172074317932129,1
3.7500288486480713,1
3.6645331382751465,1
3.8066937923431396,1
3.9217143058776855,1
3.1203360557556152,1
3.1337006092071533,1
3.983734607696533,1
3.17121958732605,1
3.499821901321411,1
4.059569358825684,1
3.8001184463500977,1
3.7847776412963867,1
3.6589717864990234,1
3.3937244415283203,1
3.293519973754883,1
3.5619266033172607,1
3.2987453937530518,1
4.017258644104004,1
4.334090232849121,1
4.6449713706970215,1
3.3777222633361816,1
3.66811466217041,1
3.7908053398132324,1
3.4194607734680176,1
3.6609373092651367,1
4.205445766448975,1
4.374667167663574,1
3.7330455780029297,1
3.896801233291626,1
3.6335010528564453,1
3.5607335567474365,1
3.657763957977295,1
3.747772693634033,1
3.3937578201293945,1
3.4520702362060547,1
3.402679443359375,1
4.102041721343994,1
3.4774107933044434,1
3.2292046546936035,1
3.2879481315612793,1
3.546471357345581,1
3.5238499641418457,1
3.757997512817383,1
3.347853183746338,1
3.8480451107025146,1
3.968737840652466,1
3.662363052368164,1
3.6134071350097656,1
3.596801996231079,1
3.6828813552856445,1
3.165767192840576,1
3.254119873046875,1
3.368309497833252,1
3.001875400543213,1
3.5740246772766113,1
3.9946975708007813,1
3.9244422912597656,1
3.402876377105713,1
3.6406211853027344,1
3.308269500732422,1
3.7530953884124756,1
3.87178373336792,1
3.8419485092163086,1
3.5981197357177734,1
3.082606315612793,1
3.7943639755249023,1
2.960649013519287,1
3.8231964111328125,1
3.062040090560913,1
3.4026718139648438,1
3.435901165008545,1
3.568851947784424,1
3.531142234802246,1
3.6308774948120117,1
3.624502182006836,1
3.176609516143799,1
3.638009548187256,1
3.5426058769226074,1
3.9540958404541016,1
3.2767250537872314,1
4.1363983154296875,1
3.2885842323303223,1
3.7625880241394043,1
3.6322193145751953,1
4.364798069000244,1
3.5372908115386963,1
3.645989179611206,1
4.067026615142822,1
3.0966153144836426,1
3.803032875061035,1
3.9388833045959473,1
2.995701789855957,1
3.63859486579895,1
3.509845733642578,1
3.897955894470215,1
4.156035900115967,1
3.6239540576934814,1
3.956584930419922,1
4.720399856567383,1
4.021143436431885,1
3.183950662612915,1
4.031458854675293,1
4.711258411407471,1
3.737499237060547,1
3.5871479511260986,1
3.5646777153015137,1
3.6781296730041504,1
4.157386779785156,1
4.302745819091797,1
3.458474636077881,1
3.5249643325805664,1
3.455965042114258,1
3.7224583625793457,1
3.5095691680908203,1
3.7601613998413086,1
3.2768051624298096,1
3.458603858947754,1
3.8806262016296387,1
3.552086591720581,1
3.379815101623535,1
3.9941251277923584,1
3.598139524459839,1
3.9125404357910156,1
3.6060075759887695,1
3.2146918773651123,1
3.768312931060791,1
3.1021108627319336,1
3.4977476596832275,1
3.989363670349121,1
3.8015618324279785,1
3.403261661529541,1
3.5882480144500732,1
3.4101905822753906,1
3.6153836250305176,1
3.9386167526245117,1
3.871872663497925,1
3.5933661460876465,1
3.4201231002807617,1
3.407067060470581,1
3.381601095199585,1
3.880467414855957,1
3.9287843704223633,1
3.095426082611084,1
2.9385275840759277,1
3.645716905593872,1
3.9015424251556396,1
3.804640293121338,1
3.739394187927246,1
3.4395089149475098,1
3.3510355949401855,1
3.9013442993164063,1
3.6879642009735107,1
3.2894654273986816,1
4.041665077209473,1
3.9352991580963135,1
3.6068639755249023,1
3.5736899375915527,1
3.3565704822540283,1
3.8797335624694824,1
3.659626007080078,1
3.430859088897705,1
3.4622650146484375,1
3.714780807495117,1
3.6648826599121094,1
3.0613019466400146,1
3.776524305343628,1
3.327010154724121,1
3.477231979370117,1
3.552243232727051,1
3.996825695037842,1
3.4693806171417236,1
3.252659797668457,1
3.1141648292541504,1
3.9669690132141113,1
3.9756243228912354,1
3.8068134784698486,1
4.284820556640625,1
3.527021884918213,1
3.903411865234375,1
3.9603078365325928,1
3.2644777297973633,1
3.912149429321289,1
3.292520523071289,1
3.225527763366699,1
3.750387668609619,1
3.4322004318237305,1
3.815861225128174,1
3.772702693939209,1
3.4407553672790527,1
3.775066375732422,1
3.341689109802246,1
3.7997913360595703,1
4.171081066131592,1
4.651907444000244,1
4.0554938316345215,1
3.306000232696533,1
4.412618637084961,1
3.6837501525878906,1
3.518400192260742,1
2.794309377670288,1
4.019376277923584,1
3.913130760192871,1
3.404709815979004,1
3.643657684326172,1
3.910841226577759,1
3.737873077392578,1
3.8157403469085693,1
3.533669948577881,1
3.3379242420196533,1
4.378418445587158,1
3.814103364944458,1
3.7427330017089844,1
4.221875190734863,1
3.899548292160034,1
3.962203025817871,1
3.9610137939453125,1
3.188894271850586,1
3.0134425163269043,1
3.5070838928222656,1
4.518146514892578,1
3.855462074279785,1
4.235110282897949,1
3.525331974029541,1
3.822887659072876,1
3.66629958152771,1
3.4144318103790283,1
3.4427759647369385,1
3.718925952911377,1
3.5759620666503906,1
3.508359432220459,1
3.214268684387207,1
3.3913722038269043,1
3.3565711975097656,1
3.421761989593506,1
3.540416717529297,1
4.386751651763916,1
3.486203193664551,1
3.57977557182312,1
4.013189315795898,1
3.569152355194092,1
3.8302855491638184,1
4.052405834197998,1
3.5197463035583496,1
3.2368063926696777,1
3.671865463256836,1
3.5523810386657715,1
3.6030449867248535,1
3.2708139419555664,1
4.144693374633789,1
4.864980697631836,1
3.489661931991577,1
3.873192310333252,1
4.731630325317383,1
3.82841157913208,1
3.335818290710449,1
3.8462629318237305,1
4.170680999755859,1
3.60718035697937,1
