1.0929973125457764,1
1.3140826225280762,1
1.3283956050872803,1
1.2793647050857544,1
1.6459391117095947,1
0.6605409979820251,1
0.8331637382507324,1
0.7922964096069336,1
1.1529946327209473,1
0.7427229881286621,1
0.7010727524757385,1
1.54819655418396,1
1.161346673965454,1
0.9274547100067139,1
1.0719091892242432,1
0.6926839351654053,1
0.9465140104293823,1
1.1383835077285767,1
0.7737276554107666,1
1.5535287857055664,1
0.7487121820449829,1
2.354631185531616,1
2.0607123374938965,1
0.8049473166465759,1
0.5996875166893005,1
1.3562140464782715,1
1.2866871356964111,1
1.3123958110809326,1
1.4643168449401855,1
1.2609267234802246,1
1.6809381246566772,1
1.4712753295898438,1
1.6806609630584717,1
1.8420199155807495,1
1.596207857131958,1
1.5593175888061523,1
1.331408977508545,1
0.5458257794380188,1
1.0302951335906982,1
1.4430530071258545,1
1.073007583618164,1
0.8485949039459229,1
0.4722903370857239,1
0.49337267875671387,1
0.731050431728363,1
1.0656607151031494,1
1.996227741241455,1
0.47934994101524353,1
0.9273194074630737,1
1.0492606163024902,1
1.1076419353485107,1
0.5607491135597229,1
0.7586913108825684,1
1.0481159687042236,1
0.8806397914886475,1
1.2575390338897705,1
1.2499308586120605,1
1.2076002359390259,1
1.1384179592132568,1
1.3653230667114258,1
1.6755166053771973,1
0.7860193848609924,1
1.167730689048767,1
1.7251315116882324,1
1.6590447425842285,1
2.226170301437378,1
1.1927626132965088,1
0.9888803958892822,1
0.8491011261940002,1
1.0047458410263062,1
1.4969913959503174,1
1.066291332244873,1
1.2880566120147705,1
1.8752191066741943,1
1.0282342433929443,1
1.4410418272018433,1
1.5757126808166504,1
0.8676759004592896,1
0.833042323589325,1
1.2612913846969604,1
1.1101012229919434,1
1.6840722560882568,1
1.3258113861083984,1
1.049960970878601,1
3.3604660034179688,1
2.0698506832122803,1
2.8463492393493652,1
1.2745962142944336,1
1.1649614572525024,1
1.6743781566619873,1
1.9332681894302368,1
1.3644919395446777,1
1.454062581062317,1
2.2367498874664307,1
1.1156318187713623,1
0.5999199748039246,1
1.199629545211792,1
1.0979998111724854,1
1.4423085451126099,1
1.5111799240112305,1
1.0945544242858887,1
0.8874453902244568,1
1.4354380369186401,1
1.0445231199264526,1
1.028680443763733,1
1.1439062356948853,1
1.0097416639328003,1
1.0886385440826416,1
1.0563793182373047,1
1.131874442100525,1
0.8532934188842773,1
0.7394782900810242,1
1.3565146923065186,1
1.7706871032714844,1
0.5463155508041382,1
0.6664571166038513,1
1.2585294246673584,1
1.5752142667770386,1
0.9327383637428284,1
0.5543836951255798,1
1.6882977485656738,1
1.378572940826416,1
1.8341573476791382,1
1.0708396434783936,1
0.878237247467041,1
1.935826301574707,1
1.4332934617996216,1
0.8978556394577026,1
0.6206740140914917,1
1.3253240585327148,1
1.11598539352417,1
1.2427661418914795,1
1.9470226764678955,1
1.0794999599456787,1
1.1175342798233032,1
1.5936951637268066,1
1.3292388916015625,1
0.6764559149742126,1
1.0646666288375854,1
0.8998433947563171,1
1.0205676555633545,1
0.9860657453536987,1
0.7814533710479736,1
1.5220723152160645,1
1.1771526336669922,1
0.9894744157791138,1
2.363234519958496,1
1.1892163753509521,1
1.031290054321289,1
1.1059151887893677,1
1.2193535566329956,1
1.3542625904083252,1
1.595491886138916,1
1.2527321577072144,1
1.1360148191452026,1
1.3409385681152344,1
1.0316839218139648,1
1.0636284351348877,1
1.2066539525985718,1
1.1857465505599976,1
1.5897334814071655,1
1.9328489303588867,1
1.3296949863433838,1
0.9375219345092773,1
1.3372889757156372,1
1.3959619998931885,1
1.0065789222717285,1
1.6230463981628418,1
1.955129861831665,1
0.9839098453521729,1
0.5301759243011475,1
0.7664845585823059,1
0.8707661032676697,1
1.2586005926132202,1
1.1433905363082886,1
1.9776486158370972,1
1.5066437721252441,1
1.133744239807129,1
0.5733895897865295,1
1.0363694429397583,1
1.0777822732925415,1
1.127426028251648,1
0.7931658625602722,1
0.8041011095046997,1
0.9759270548820496,1
1.7134164571762085,1
1.2853775024414063,1
0.8935050964355469,1
0.8953022956848145,1
1.3026878833770752,1
1.5902148485183716,1
1.4718985557556152,1
1.2638808488845825,1
1.5883681774139404,1
0.9323306679725647,1
1.0240330696105957,1
1.4422261714935303,1
1.0621501207351685,1
1.161624789237976,1
1.1494793891906738,1
1.123652458190918,1
0.9527639150619507,1
1.282602310180664,1
1.2042415142059326,1
0.6904993653297424,1
1.2796213626861572,1
1.1671593189239502,1
1.789740800857544,1
0.8646873831748962,1
1.3623592853546143,1
1.9560680389404297,1
1.357213020324707,1
1.350273847579956,1
2.9388656616210938,1
0.8283002376556396,1
0.6146798133850098,1
1.5443556308746338,1
1.142303705215454,1
1.4019672870635986,1
1.0697991847991943,1
1.195483922958374,1
0.9139694571495056,1
1.3614174127578735,1
0.8667855262756348,1
1.2491651773452759,1
0.8584134578704834,1
2.3509461879730225,1
1.3362770080566406,1
1.4072270393371582,1
0.957674503326416,1
0.9860192537307739,1
1.1546863317489624,1
0.7222810983657837,1
0.7095585465431213,1
0.642903208732605,1
1.1935997009277344,1
1.6359732151031494,1
0.9130593538284302,1
1.3363734483718872,1
1.3115432262420654,1
1.200832486152649,1
1.3284419775009155,1
1.1090035438537598,1
1.0877373218536377,1
0.7729183435440063,1
0.6388276815414429,1
1.677617073059082,1
1.0619208812713623,1
0.9651647806167603,1
1.2890454530715942,1
0.757666289806366,1
1.3661167621612549,1
1.0947301387786865,1
1.1150492429733276,1
1.6047704219818115,1
1.1185951232910156,1
1.9242349863052368,1
1.29302978515625,1
1.0387483835220337,1
1.0079710483551025,1
1.450132966041565,1
1.187495231628418,1
1.49111008644104,1
1.6926065683364868,1
1.1641346216201782,1
1.1088038682937622,1
1.078247308731079,1
1.1650021076202393,1
1.3350114822387695,1
2.319997787475586,1
1.42727792263031,1
1.3180328607559204,1
1.5096940994262695,1
1.0523761510849,1
1.589699625968933,1
1.3983787298202515,1
0.6069446802139282,1
1.1934531927108765,1
0.8685863018035889,1
1.2513129711151123,1
0.872184693813324,1
0.7680641412734985,1
0.7611151337623596,1
0.712469220161438,1
0.9502198696136475,1
0.9071822166442871,1
0.9196886420249939,1
0.8670468330383301,1
0.8114725351333618,1
1.0883526802062988,1
1.3348134756088257,1
0.8990834951400757,1
1.4670042991638184,1
1.227684736251831,1
1.7104673385620117,1
1.0373339653015137,1
1.7379101514816284,1
1.1535675525665283,1
1.6898783445358276,1
2.107295036315918,1
1.5919990539550781,1
1.5639009475708008,1
1.6987730264663696,1
1.2242624759674072,1
1.3269490003585815,1
1.1267564296722412,1
4.316361427307129,1
1.454420566558838,1
1.5478025674819946,1
1.448887825012207,1
0.9288049936294556,1
1.2258005142211914,1
2.1172032356262207,1
1.3064028024673462,1
0.8762503862380981,1
1.8970954418182373,1
0.548001766204834,1
0.7578822374343872,1
1.4903347492218018,1
1.4610791206359863,1
1.580226182937622,1
1.076189398765564,1
1.6227967739105225,1
0.4354291558265686,1
0.9967672824859619,1
0.9808841347694397,1
1.5389344692230225,1
1.5460925102233887,1
1.1436223983764648,1
1.4130125045776367,1
1.263499140739441,1
0.9904996156692505,1
0.8726025819778442,1
0.5262110233306885,1
1.3745417594909668,1
2.359001874923706,1
0.363847553730011,1
1.4124877452850342,1
1.2598780393600464,1
0.6493290662765503,1
0.7959407567977905,1
1.367850422859192,1
0.7678614258766174,1
0.8219318389892578,1
0.7208384871482849,1
0.8302948474884033,1
0.4828642010688782,1
1.2038301229476929,1
1.6654300689697266,1
1.1364216804504395,1
1.0137859582901,1
0.9650968909263611,1
1.365301489830017,1
1.0034950971603394,1
1.1533420085906982,1
1.6680573225021362,1
0.47295480966567993,1
1.222272276878357,1
0.710716962814331,1
1.2911043167114258,1
1.1659703254699707,1
0.7062071561813354,1
1.1216115951538086,1
1.3247334957122803,1
1.1133710145950317,1
0.9882388114929199,1
1.1412403583526611,1
1.2139294147491455,1
0.9216263294219971,1
1.4158498048782349,1
1.8184126615524292,1
0.7988736033439636,1
0.9689997434616089,1
1.3730409145355225,1
0.6744369268417358,1
1.1760170459747314,1
0.568495512008667,1
0.6894803047180176,1
0.6207683086395264,1
1.456525444984436,1
0.6416234970092773,1
0.6024513244628906,1
0.854901134967804,1
0.6906471848487854,1
0.9365581274032593,1
0.6927487850189209,1
0.8285911679267883,1
0.6681568622589111,1
1.1941114664077759,1
1.1217880249023438,1
0.5715653896331787,1
0.822517991065979,1
0.8581238985061646,1
1.07505202293396,1
1.4315905570983887,1
1.8372809886932373,1
0.7542017102241516,1
1.019720196723938,1
0.8604353666305542,1
1.1841363906860352,1
0.7705436944961548,1
0.4747875928878784,1
0.9327863454818726,1
1.494197964668274,1
0.28983038663864136,1
2.4940264225006104,1
2.439422607421875,1
0.9829568862915039,1
1.679108738899231,1
1.3164613246917725,1
1.1099008321762085,1
1.394496202468872,1
1.3883476257324219,1
0.9327329397201538,1
1.2223427295684814,1
0.9395897388458252,1
1.485114574432373,1
0.9520223140716553,1
1.0175025463104248,1
1.30971097946167,1
1.4118849039077759,1
1.059264898300171,1
1.123551607131958,1
1.6315723657608032,1
1.6041500568389893,1
0.8036007881164551,1
1.1917990446090698,1
1.4959553480148315,1
2.707143783569336,1
0.9925836324691772,1
0.843087911605835,1
2.3795924186706543,1
1.142143964767456,1
0.9643803834915161,1
1.0132243633270264,1
1.5795880556106567,1
2.6459758281707764,1
1.9991722106933594,1
6.410712718963623,1
6.273531436920166,1
2.6260924339294434,1
2.3845584392547607,1
3.154219388961792,1
3.7679567337036133,1
3.577120780944824,1
3.557455062866211,1
4.4384942054748535,1
3.171645164489746,1
2.376779079437256,1
2.2711973190307617,1
2.9541521072387695,1
2.7210116386413574,1
2.153672695159912,1
2.30546236038208,1
2.310831069946289,1
2.038496255874634,1
1.7171169519424438,1
2.5250120162963867,1
2.562777519226074,1
1.2277116775512695,1
1.7751545906066895,1
2.450566291809082,1
2.695343494415283,1
2.0737836360931396,1
1.6483525037765503,1
1.394016146659851,1
1.6250007152557373,1
1.5341312885284424,1
2.1527645587921143,1
2.0704853534698486,1
1.2723875045776367,1
2.1475725173950195,1
1.2317020893096924,1
1.4441001415252686,1
1.523970603942871,1
2.4543814659118652,1
3.5325305461883545,1
0.8984328508377075,1
1.4030897617340088,1
1.2950553894042969,1
1.380501627922058,1
2.4282541275024414,1
2.343336343765259,1
1.5989067554473877,1
2.0221214294433594,1
1.2028489112854004,1
1.37742280960083,1
1.3646490573883057,1
1.4097528457641602,1
1.316248893737793,1
1.4597463607788086,1
1.415894627571106,1
1.9000881910324097,1
1.8553035259246826,1
2.4487383365631104,1
3.047760009765625,1
0.8652541041374207,1
1.4046883583068848,1
1.431537389755249,1
1.3882615566253662,1
1.9987766742706299,1
1.663909912109375,1
1.5224041938781738,1
0.852292001247406,1
1.1365976333618164,1
1.0771520137786865,1
0.8423349857330322,1
1.015548586845398,1
0.766899585723877,1
1.833759069442749,1
0.4788018465042114,1
1.2527179718017578,1
0.92454993724823,1
1.2288150787353516,1
1.4675182104110718,1
1.404991865158081,1
0.7752669453620911,1
0.7403785586357117,1
1.6316962242126465,1
1.0242571830749512,1
3.303386688232422,1
0.989303708076477,1
1.4752172231674194,1
1.9926903247833252,1
1.4732742309570313,1
1.4041345119476318,1
1.8412895202636719,1
2.0450210571289063,1
2.1897897720336914,1
1.4481526613235474,1
2.0983405113220215,1
0.7008644342422485,1
0.994916558265686,1
0.8300743103027344,1
1.2395639419555664,1
1.262643575668335,1
0.8386725187301636,1
0.9656469225883484,1
1.5033204555511475,1
0.7519100904464722,1
0.7937411069869995,1
1.2847555875778198,1
0.8515989184379578,1
0.8681719303131104,1
0.8312753438949585,1
0.8778175115585327,1
0.8940657377243042,1
1.2190630435943604,1
0.8579785823822021,1
1.402773141860962,1
0.5078912973403931,1
0.6994888782501221,1
1.3240725994110107,1
0.9170054793357849,1
1.1972556114196777,1
1.1260112524032593,1
1.5174609422683716,1
1.843750238418579,1
1.0933136940002441,1
1.445992112159729,1
1.787857174873352,1
1.9194844961166382,1
1.8731052875518799,1
1.6668202877044678,1
1.397449016571045,1
1.6954643726348877,1
1.0161924362182617,1
1.398510217666626,1
1.4273905754089355,1
0.8480223417282104,1
1.630190372467041,1
1.5106886625289917,1
1.0670677423477173,1
1.2119301557540894,1
1.4293012619018555,1
1.508011817932129,1
1.27664053440094,1
1.4873554706573486,1
1.5261118412017822,1
1.5262906551361084,1
1.053570032119751,1
0.6360043287277222,1
1.0124520063400269,1
1.7996463775634766,1
4.932158470153809,1
4.686586380004883,1
1.9742074012756348,1
1.6715338230133057,1
1.815934658050537,1
2.5388784408569336,1
2.9762988090515137,1
2.1645350456237793,1
2.8018393516540527,1
2.160998821258545,1
2.8981356620788574,1
2.1582889556884766,1
1.285157322883606,1
1.442679524421692,1
1.7466402053833008,1
1.3021833896636963,1
1.4347376823425293,1
1.6009716987609863,1
2.0733954906463623,1
1.0911731719970703,1
2.4626922607421875,1
2.0913400650024414,1
1.3687987327575684,1
0.9581827521324158,1
1.5265175104141235,1
0.907970666885376,1
1.1536365747451782,1
0.8544708490371704,1
0.802367091178894,1
0.9391732811927795,1
1.1854567527770996,1
0.7826193571090698,1
0.6934829950332642,1
0.7679153680801392,1
1.0265328884124756,1
0.686618447303772,1
1.0640934705734253,1
1.3050004243850708,1
0.8239858746528625,1
1.1154180765151978,1
1.16713547706604,1
1.0410679578781128,1
0.8977575302124023,1
0.8755687475204468,1
1.2005045413970947,1
0.7012669444084167,1
0.9467804431915283,1
0.9946781396865845,1
0.9461478590965271,1
0.7537851929664612,1
1.125892162322998,1
1.0594688653945923,1
0.6759849190711975,1
0.6763300895690918,1
1.8704731464385986,1
2.167525053024292,1
0.9583474397659302,1
1.2088505029678345,1
1.1118435859680176,1
1.8358831405639648,1
1.575731873512268,1
0.9491532444953918,1
1.5725297927856445,1
2.1836225986480713,1
2.3088231086730957,1
1.571577787399292,1
1.9359591007232666,1
1.0199997425079346,1
1.177819013595581,1
0.7545180320739746,1
2.959442615509033,1
1.3412421941757202,1
1.9774080514907837,1
1.317451000213623,1
1.3722052574157715,1
1.6127989292144775,1
2.2103042602539063,1
1.6383135318756104,1
1.6706653833389282,1
1.7685964107513428,1
1.5408132076263428,1
1.6272480487823486,1
1.7047512531280518,1
2.552989959716797,1
1.9865238666534424,1
1.2329798936843872,1
1.0334346294403076,1
0.823592483997345,1
0.9492179155349731,1
1.299285888671875,1
1.6330153942108154,1
1.2614178657531738,1
1.2857043743133545,1
0.8874727487564087,1
0.6839969754219055,1
0.817649245262146,1
0.9696761965751648,1
1.1259493827819824,1
1.3850587606430054,1
1.1361979246139526,1
1.04945969581604,1
0.916292667388916,1
1.1284170150756836,1
0.9750336408615112,1
1.1934999227523804,1
0.5314674377441406,1
1.4002838134765625,1
0.8841335773468018,1
1.3827147483825684,1
1.2874243259429932,1
1.0684833526611328,1
0.8159579038619995,1
1.3423231840133667,1
1.2663733959197998,1
1.798638105392456,1
1.489598274230957,1
0.7490162253379822,1
1.5197319984436035,1
1.9569488763809204,1
1.3802556991577148,1
1.4225692749023438,1
1.3503656387329102,1
1.612607717514038,1
1.9134786128997803,1
1.1471781730651855,1
1.4895718097686768,1
1.4250638484954834,1
1.6390187740325928,1
1.9614534378051758,1
1.3522565364837646,1
1.1290732622146606,1
0.941964328289032,1
1.0611389875411987,1
1.128739356994629,1
1.019902229309082,1
1.2783350944519043,1
1.5783522129058838,1
2.1045477390289307,1
1.5723423957824707,1
1.1576128005981445,1
1.0436267852783203,1
1.4156088829040527,1
2.707730531692505,1
1.4818446636199951,1
1.3411468267440796,1
0.8790030479431152,1
1.0488479137420654,1
1.0968281030654907,1
1.1788678169250488,1
1.5460950136184692,1
1.1057491302490234,1
0.7359747886657715,1
0.9854564666748047,1
0.6297751069068909,1
1.086769938468933,1
0.984127938747406,1
1.1634483337402344,1
0.9543700814247131,1
0.7305461764335632,1
0.8213968276977539,1
0.9289348125457764,1
0.6038140058517456,1
0.7391596436500549,1
1.2423584461212158,1
1.4707155227661133,1
1.4326097965240479,1
1.0356462001800537,1
0.7899366021156311,1
1.421046495437622,1
1.348498821258545,1
1.344295859336853,1
0.6954177021980286,1
1.2446783781051636,1
0.8978243470191956,1
1.2550628185272217,1
0.8822227716445923,1
1.1268582344055176,1
0.9169493913650513,1
1.8575495481491089,1
1.1632393598556519,1
1.354098916053772,1
3.9242985248565674,1
1.9153364896774292,1
1.4850825071334839,1
1.633985161781311,1
1.4558460712432861,1
1.184013843536377,1
1.438669204711914,1
1.6925413608551025,1
1.0384702682495117,1
0.9358471632003784,1
2.0345566272735596,1
1.2224351167678833,1
1.1051409244537354,1
1.275518774986267,1
0.9573538303375244,1
0.9271585941314697,1
1.6528944969177246,1
0.8589725494384766,1
1.254385232925415,1
1.1260952949523926,1
1.275556206703186,1
1.0630465745925903,1
0.722608745098114,1
0.6670123338699341,1
0.8774047493934631,1
0.7998278141021729,1
1.3310401439666748,1
1.1022822856903076,1
1.0369367599487305,1
1.2019034624099731,1
1.373414397239685,1
1.3118870258331299,1
1.0272327661514282,1
1.2133498191833496,1
1.618888258934021,1
0.9325602054595947,1
1.6913866996765137,1
0.945784866809845,1
1.3355271816253662,1
0.8246204257011414,1
0.7313306331634521,1
0.67369544506073,1
0.639557421207428,1
1.2668097019195557,1
0.6182838082313538,1
1.1385884284973145,1
0.48770764470100403,1
1.6710617542266846,1
0.6498894691467285,1
0.9154993295669556,1
0.6895136833190918,1
0.9145809412002563,1
1.0410587787628174,1
1.1519639492034912,1
1.4306589365005493,1
1.1534268856048584,1
0.7914543747901917,1
0.9692871570587158,1
0.9312817454338074,1
0.7174230813980103,1
0.8277100920677185,1
0.5543443560600281,1
0.8443306088447571,1
1.7527915239334106,1
2.2350687980651855,1
1.7340924739837646,1
1.0739977359771729,1
1.866915225982666,1
2.2529187202453613,1
1.4531246423721313,1
1.5413072109222412,1
1.4450174570083618,1
1.3519794940948486,1
1.5502736568450928,1
1.1022896766662598,1
1.3394149541854858,1
1.5817012786865234,1
1.379568099975586,1
0.9867236614227295,1
0.8521875739097595,1
1.0040918588638306,1
1.786147117614746,1
0.5671741366386414,1
1.2089587450027466,1
0.6553895473480225,1
1.6188135147094727,1
1.7919853925704956,1
1.5721843242645264,1
1.1258333921432495,1
1.3080897331237793,1
1.452143907546997,1
1.5215811729431152,1
1.6810414791107178,1
1.0656988620758057,1
0.8787413239479065,1
0.9877889752388,1
0.8302129507064819,1
1.258098840713501,1
2.0930323600769043,1
2.3277313709259033,1
1.1787211894989014,1
1.1907700300216675,1
1.6379616260528564,1
1.4782981872558594,1
1.2266607284545898,1
0.606721818447113,1
1.0412333011627197,1
0.8089951276779175,1
1.7734336853027344,1
0.926465630531311,1
1.166516661643982,1
0.7742387056350708,1
0.6247930526733398,1
0.809974193572998,1
1.8156938552856445,1
0.9336543083190918,1
1.215233564376831,1
0.6613275408744812,1
0.9130058288574219,1
1.1610040664672852,1
1.4214777946472168,1
1.0162608623504639,1
1.9529725313186646,1
1.4294867515563965,1
0.7458784580230713,1
0.8437278270721436,1
1.1684627532958984,1
2.022878408432007,1
1.910312533378601,1
1.0636155605316162,1
1.2633016109466553,1
1.0289783477783203,1
1.8293156623840332,1
1.449523687362671,1
1.3634178638458252,1
0.9822597503662109,1
0.8501622080802917,1
1.1823406219482422,1
0.972335159778595,1
0.6568033695220947,1
2.00510835647583,1
0.6049150228500366,1
1.0780231952667236,1
1.0549137592315674,1
0.8770651817321777,1
1.6356956958770752,1
1.0793914794921875,1
1.4411487579345703,1
1.3526296615600586,1
1.0043280124664307,1
0.9436898231506348,1
1.4154610633850098,1
0.8776652216911316,1
1.2757766246795654,1
1.6421900987625122,1
0.8144617080688477,1
1.2248198986053467,1
0.9827837944030762,1
1.2165552377700806,1
1.0558862686157227,1
1.0612256526947021,1
1.9817732572555542,1
1.561450481414795,1
1.6974749565124512,1
1.321236491203308,1
1.1304361820220947,1
0.9529621005058289,1
0.6867313385009766,1
0.8580360412597656,1
1.7629472017288208,1
0.9996573328971863,1
1.0281611680984497,1
1.2987799644470215,1
1.074846625328064,1
1.0055904388427734,1
0.7980084419250488,1
0.9425415992736816,1
1.3396928310394287,1
0.8728237152099609,1
1.703007698059082,1
0.999416708946228,1
0.9946500062942505,1
2.056736469268799,1
0.7489523887634277,1
0.9500864744186401,1
0.8868095874786377,1
1.5713341236114502,1
1.0578758716583252,1
1.1803679466247559,1
1.4597231149673462,1
1.8897713422775269,1
1.3835861682891846,1
1.3917396068572998,1
0.5102927684783936,1
1.4388225078582764,1
0.9806829690933228,1
1.1503887176513672,1
1.1680457592010498,1
1.2174758911132813,1
0.804031491279602,1
1.4542896747589111,1
0.9772405624389648,1
0.9390085935592651,1
1.0712461471557617,1
1.1034424304962158,1
1.2892509698867798,1
1.2089946269989014,1
1.0360291004180908,1
1.06893789768219,1
0.9582391381263733,1
1.3368830680847168,1
2.0308609008789063,1
1.137200117111206,1
1.8976824283599854,1
1.1060073375701904,1
1.171027421951294,1
1.3026058673858643,1
2.0631110668182373,1
1.165607213973999,1
1.2962058782577515,1
1.353971004486084,1
1.409472107887268,1
0.8690154552459717,1
0.9417206645011902,1
0.6109753847122192,1
1.2145543098449707,1
1.265332818031311,1
2.9468345642089844,1
1.908967137336731,1
1.0926597118377686,1
1.1631755828857422,1
0.82490473985672,1
1.4737424850463867,1
1.4902293682098389,1
1.3571646213531494,1
1.8306795358657837,1
1.2135090827941895,1
1.7231838703155518,1
1.3810943365097046,1
1.5591070652008057,1
2.5978238582611084,1
2.290133476257324,1
1.6071152687072754,1
1.4920811653137207,1
1.1465609073638916,1
1.5638525485992432,1
0.9964225888252258,1
2.1947622299194336,1
1.3605419397354126,1
1.2944350242614746,1
1.5706558227539063,1
1.52427339553833,1
2.1136016845703125,1
1.5498178005218506,1
1.0230839252471924,1
1.021696925163269,1
1.1639301776885986,1
1.2295581102371216,1
1.1490919589996338,1
1.478175401687622,1
1.0957337617874146,1
1.0927923917770386,1
1.6058430671691895,1
1.3450583219528198,1
1.6967226266860962,1
0.721839427947998,1
2.52731990814209,1
2.282670736312866,1
1.444627285003662,1
1.0291197299957275,1
1.8519359827041626,1
1.70587158203125,1
1.1871178150177002,1
1.1910041570663452,1
1.6013084650039673,1
3.760205030441284,1
1.5861858129501343,1
1.8462064266204834,1
1.1354341506958008,1
1.3653550148010254,1
1.1733729839324951,1
1.5338562726974487,1
0.9690357446670532,1
1.2154920101165771,1
1.6133317947387695,1
1.925663709640503,1
1.566354513168335,1
1.037745714187622,1
1.607409954071045,1
1.5065367221832275,1
1.592239260673523,1
1.4231491088867188,1
0.9163355827331543,1
1.2332334518432617,1
1.5149459838867188,1
1.770678162574768,1
1.0646629333496094,1
1.5236890316009521,1
1.0976510047912598,1
1.4541138410568237,1
2.0519537925720215,1
1.3964345455169678,1
1.492913842201233,1
3.6718850135803223,1
2.7610270977020264,1
2.4175868034362793,1
1.5702780485153198,1
1.735136866569519,1
1.4644633531570435,1
1.5481672286987305,1
1.176138162612915,1
1.7367595434188843,1
1.8265037536621094,1
1.226454257965088,1
1.382659912109375,1
0.9757894277572632,1
1.1998664140701294,1
1.42246413230896,1
1.4660160541534424,1
1.7225303649902344,1
1.2663081884384155,1
0.9515708088874817,1
1.5863491296768188,1
3.0357236862182617,1
1.319252610206604,1
1.6343998908996582,1
1.215571641921997,1
1.5867884159088135,1
2.170640468597412,1
2.0722033977508545,1
1.9667978286743164,1
1.8167697191238403,1
1.6006587743759155,1
1.5862624645233154,1
0.8441224098205566,1
0.9650693535804749,1
1.9726266860961914,1
0.7881270051002502,1
0.9424474835395813,1
1.5039689540863037,1
0.9805624485015869,1
1.0142043828964233,1
0.8165545463562012,1
0.8933473825454712,1
0.9825521111488342,1
0.6300662755966187,1
1.0668965578079224,1
1.1483930349349976,1
0.8520045280456543,1
1.053200602531433,1
0.7799245119094849,1
1.0596742630004883,1
0.8376855850219727,1
0.6072872281074524,1
0.7453268766403198,1
0.734682023525238,1
0.7698439359664917,1
1.321044921875,1
0.5031043887138367,1
0.7781877517700195,1
0.904252290725708,1
1.7222718000411987,1
1.0113372802734375,1
1.036234974861145,1
0.9677356481552124,1
0.8572383522987366,1
1.3111118078231812,1
1.0468215942382813,1
1.0256470441818237,1
0.9799884557723999,1
1.0553383827209473,1
0.6960971355438232,1
0.9630827903747559,1
1.463388442993164,1
1.1477253437042236,1
0.9923475384712219,1
1.0574162006378174,1
1.4254987239837646,1
1.28268301486969,1
2.035238265991211,1
2.45499587059021,1
1.072965145111084,1
1.1414297819137573,1
2.6818227767944336,1
2.781424045562744,1
1.6828088760375977,1
1.1955745220184326,1
1.6368331909179688,1
1.3309710025787354,1
2.686397075653076,1
1.6225101947784424,1
0.6893321871757507,1
1.1638274192810059,1
1.746891736984253,1
1.6007764339447021,1
1.1821966171264648,1
1.1888673305511475,1
1.2208346128463745,1
2.001079559326172,1
1.5872118473052979,1
1.0985908508300781,1
1.0446887016296387,1
1.0733281373977661,1
0.7458072304725647,1
0.8759143948554993,1
1.3708429336547852,1
1.7157447338104248,1
1.0316221714019775,1
1.2854009866714478,1
1.9776997566223145,1
1.1599483489990234,1
1.4276950359344482,1
1.223375916481018,1
1.8831613063812256,1
2.028066635131836,1
1.155005693435669,1
1.0138860940933228,1
1.1101148128509521,1
1.2993470430374146,1
1.3914215564727783,1
1.015547275543213,1
0.4868904948234558,1
0.31290948390960693,1
1.4418097734451294,1
0.6989157199859619,1
1.2119605541229248,1
1.0123063325881958,1
2.1170058250427246,1
1.175353765487671,1
0.8083798885345459,1
1.4728598594665527,1
1.509069800376892,1
1.56276535987854,1
0.9642651677131653,1
1.1019620895385742,1
1.3918063640594482,1
1.8455610275268555,1
1.2233023643493652,1
0.9978358745574951,1
1.2176122665405273,1
1.028204083442688,1
1.409592866897583,1
1.142706274986267,1
1.0051079988479614,1
1.4695674180984497,1
2.528299331665039,1
1.4135146141052246,1
1.5129164457321167,1
1.7611939907073975,1
2.494452714920044,1
1.9216396808624268,1
1.7318131923675537,1
1.5011353492736816,1
0.9991796016693115,1
1.3537346124649048,1
0.990073025226593,1
2.7349424362182617,1
2.348499298095703,1
2.1027989387512207,1
1.3493671417236328,1
1.5675444602966309,1
1.1304538249969482,1
1.5334224700927734,1
2.0972890853881836,1
1.818460464477539,1
1.3069672584533691,1
1.9405313730239868,1
1.0385452508926392,1
1.1526539325714111,1
0.8959664106369019,1
1.4224116802215576,1
1.2679762840270996,1
1.0372647047042847,1
1.1679916381835938,1
0.607560396194458,1
1.0335655212402344,1
1.2122784852981567,1
1.1646559238433838,1
0.8218480348587036,1
1.4968297481536865,1
0.6380953788757324,1
1.1978102922439575,1
1.0815541744232178,1
0.9692619442939758,1
1.4533214569091797,1
0.9216227531433105,1
1.5269399881362915,1
1.3432464599609375,1
1.5397639274597168,1
1.1796200275421143,1
1.2599413394927979,1
1.366845965385437,1
0.9743828773498535,1
1.3889896869659424,1
0.6787411570549011,1
1.21071457862854,1
1.2054896354675293,1
0.7543138265609741,1
1.1687403917312622,1
0.7832530736923218,1
1.627971887588501,1
2.119540214538574,1
2.7483792304992676,1
1.6919028759002686,1
1.785391092300415,1
1.7472304105758667,1
1.403252124786377,1
0.9928427934646606,1
0.78287273645401,1
1.9927821159362793,1
2.3306918144226074,1
1.506265640258789,1
1.7693902254104614,1
1.2201879024505615,1
1.5021719932556152,1
0.8167408108711243,1
1.4897806644439697,1
1.2585116624832153,1
1.6888065338134766,1
0.8614847660064697,1
1.4268178939819336,1
0.9147445559501648,1
0.7456603050231934,1
1.3964900970458984,1
1.395354151725769,1
1.3452446460723877,1
0.9822772741317749,1
0.6059789061546326,1
1.4052599668502808,1
1.0820262432098389,1
1.005058765411377,1
1.6708844900131226,1
1.516535997390747,1
0.8349595069885254,1
1.2358330488204956,1
1.522120475769043,1
1.4947707653045654,1
1.1506563425064087,1
0.8865020871162415,1
1.4043866395950317,1
1.047581434249878,1
0.8019989728927612,1
0.9563109874725342,1
1.5340502262115479,1
1.6331669092178345,1
1.6559016704559326,1
1.0532124042510986,1
0.9929143190383911,1
1.181272029876709,1
1.4030781984329224,1
1.165147066116333,1
2.375155210494995,1
0.8981809020042419,1
0.9882286787033081,1
1.1807719469070435,1
1.7457411289215088,1
1.580214023590088,1
1.8816845417022705,1
1.5306628942489624,1
1.2114875316619873,1
2.458934783935547,1
2.6773295402526855,1
2.151655673980713,1
1.1704835891723633,1
1.8759385347366333,1
2.053924560546875,1
1.8149951696395874,1
1.6881957054138184,1
1.4514068365097046,1
1.412915825843811,1
0.6475938558578491,1
1.2505919933319092,1
1.328494906425476,1
1.0632654428482056,1
1.1042262315750122,1
0.9370189905166626,1
1.1943280696868896,1
1.1993178129196167,1
0.9123720526695251,1
1.0255355834960938,1
0.8085008859634399,1
0.7787224054336548,1
0.985947847366333,1
0.4818715453147888,1
0.6297959089279175,1
1.4475915431976318,1
0.884422779083252,1
1.483383297920227,1
1.4348794221878052,1
1.003185749053955,1
1.554431438446045,1
0.9161190390586853,1
1.5791538953781128,1
1.6036373376846313,1
1.1605029106140137,1
1.0645673274993896,1
1.038233995437622,1
1.4559698104858398,1
1.0753211975097656,1
1.4367722272872925,1
0.9520439505577087,1
1.043639898300171,1
1.0940754413604736,1
1.2755675315856934,1
1.047577977180481,1
1.2787306308746338,1
1.227627158164978,1
1.0445952415466309,1
1.3866608142852783,1
0.9887456297874451,1
1.084097981452942,1
0.5516568422317505,1
0.9980841279029846,1
1.1917710304260254,1
1.4571365118026733,1
1.4802367687225342,1
0.5990815758705139,1
0.9790474772453308,1
1.482562780380249,1
0.7183060050010681,1
0.892601490020752,1
1.3895292282104492,1
0.7095431089401245,1
0.9544452428817749,1
1.3222382068634033,1
0.9181488752365112,1
1.0354750156402588,1
1.2920384407043457,1
0.8508977890014648,1
1.0939292907714844,1
1.8051204681396484,1
2.303532123565674,1
0.9507834315299988,1
1.2324037551879883,1
1.9420006275177002,1
1.070444107055664,1
1.826525092124939,1
1.3839519023895264,1
1.0655574798583984,1
1.6452953815460205,1
0.8246169090270996,1
0.7734590768814087,1
1.8812007904052734,1
1.2147858142852783,1
0.7928721904754639,1
0.657498300075531,1
1.4895362854003906,1
0.9705309867858887,1
0.777292788028717,1
0.989292323589325,1
1.9892481565475464,1
1.4511256217956543,1
1.4536457061767578,1
1.1554824113845825,1
0.6082909107208252,1
0.872222900390625,1
1.2105393409729004,1
0.936994194984436,1
0.8657339215278625,1
0.7414442300796509,1
1.2931841611862183,1
1.0284090042114258,1
1.6265621185302734,1
0.4417533874511719,1
0.8244060277938843,1
0.7993109226226807,1
0.7317942976951599,1
0.5234014987945557,1
1.122797966003418,1
1.0841368436813354,1
0.9936267137527466,1
1.9040403366088867,1
0.7304223775863647,1
1.2286020517349243,1
0.7914578914642334,1
1.1294294595718384,1
1.2203936576843262,1
0.7569010853767395,1
0.7895408868789673,1
0.989648163318634,1
0.9371265172958374,1
1.0757591724395752,1
0.9292210340499878,1
0.9618895053863525,1
2.0313611030578613,1
2.0511608123779297,1
1.2854869365692139,1
1.6180486679077148,1
0.7783389091491699,1
1.1427104473114014,1
1.4849830865859985,1
1.077715516090393,1
1.0066291093826294,1
0.831506609916687,1
0.9234782457351685,1
1.1900854110717773,1
1.403146505355835,1
1.1271252632141113,1
0.8426920175552368,1
0.9728180170059204,1
1.1726176738739014,1
0.6683474779129028,1
0.915605902671814,1
0.5229226350784302,1
0.8690923452377319,1
1.0815614461898804,1
0.9906538128852844,1
1.0094372034072876,1
1.1405436992645264,1
1.4988471269607544,1
1.8255692720413208,1
2.9169352054595947,1
1.5335663557052612,1
2.1753416061401367,1
0.6200826168060303,1
0.5602352619171143,1
0.6507631540298462,1
0.6238279342651367,1
1.2026292085647583,1
1.2449297904968262,1
1.0446726083755493,1
0.9113736152648926,1
0.7762581706047058,1
0.8273686170578003,1
0.9770228862762451,1
1.2252908945083618,1
0.8958761096000671,1
0.6159591674804688,1
1.0218738317489624,1
0.9771936535835266,1
0.6572360992431641,1
0.9042614698410034,1
0.8167129755020142,1
1.1264063119888306,1
1.108523964881897,1
1.5333256721496582,1
1.018449068069458,1
1.203859567642212,1
0.8812990188598633,1
0.7828801870346069,1
1.139072060585022,1
1.215719223022461,1
1.312282681465149,1
1.1139297485351563,1
0.8437037467956543,1
0.8533635139465332,1
0.978900671005249,1
1.111762523651123,1
1.170727014541626,1
1.0569838285446167,1
0.8766331076622009,1
0.7548661231994629,1
0.7442958950996399,1
0.9697906970977783,1
1.2705782651901245,1
1.0913556814193726,1
1.0826451778411865,1
1.3134934902191162,1
0.6554943323135376,1
3.2601990699768066,1
1.5204050540924072,1
1.1157675981521606,1
1.385774850845337,1
1.7983248233795166,1
1.333665132522583,1
1.2019073963165283,1
0.7962223291397095,1
1.0709203481674194,1
1.2912051677703857,1
1.6454925537109375,1
0.6325341463088989,1
1.0793542861938477,1
0.8199050426483154,1
0.9273389577865601,1
0.927864134311676,1
1.1288163661956787,1
1.0068094730377197,1
1.2471506595611572,1
1.8585598468780518,1
1.6912944316864014,1
1.2480297088623047,1
1.831956386566162,1
1.7493088245391846,1
1.3283534049987793,1
0.9199605584144592,1
1.7105016708374023,1
1.8039612770080566,1
1.6434317827224731,1
1.3872404098510742,1
1.6520670652389526,1
1.4194109439849854,1
0.8736381530761719,1
0.9032789468765259,1
2.3544235229492188,1
1.943586826324463,1
1.3045432567596436,1
2.0173487663269043,1
1.540205955505371,1
1.4454607963562012,1
1.7264530658721924,1
1.0781221389770508,1
1.2097889184951782,1
1.4200456142425537,1
0.9693686962127686,1
1.9010509252548218,1
1.5994750261306763,1
1.6581839323043823,1
1.6301541328430176,1
2.0413107872009277,1
2.4816908836364746,1
2.53287935256958,1
1.3763586282730103,1
1.194836974143982,1
1.0242843627929688,1
0.9582536816596985,1
1.5357609987258911,1
