5.261429786682129,1
5.254759788513184,1
5.289927959442139,1
5.166075229644775,1
5.269511699676514,1
5.15008020401001,1
5.207146644592285,1
5.207097053527832,1
5.156060695648193,1
5.258023262023926,1
5.307013034820557,1
5.226919651031494,1
5.282464504241943,1
5.1858930587768555,1
5.132328987121582,1
5.1794281005859375,1
5.2930989265441895,1
5.180608749389648,1
5.2639055252075195,1
5.185425758361816,1
5.194339752197266,1
5.216723442077637,1
5.259514808654785,1
5.372811794281006,1
5.319234848022461,1
5.3693342208862305,1
5.296624183654785,1
5.290018558502197,1
5.265524864196777,1
5.259634017944336,1
5.204230785369873,1
5.246628284454346,1
5.282530784606934,1
5.214430809020996,1
5.313398361206055,1
5.252965927124023,1
5.187987804412842,1
5.282064437866211,1
5.208287239074707,1
5.284487724304199,1
5.155767917633057,1
5.1147637367248535,1
5.265048980712891,1
5.188587665557861,1
5.207614421844482,1
5.232886791229248,1
5.176029205322266,1
5.321638107299805,1
5.242082118988037,1
5.266507148742676,1
5.210299491882324,1
5.334222793579102,1
5.251899719238281,1
5.22015905380249,1
5.2666192054748535,1
5.215662002563477,1
5.247797012329102,1
5.166875839233398,1
5.316169738769531,1
5.428481578826904,1
5.215764999389648,1
5.183775901794434,1
5.34285306930542,1
5.192776679992676,1
5.220919132232666,1
5.2215895652771,1
5.129823684692383,1
5.227560520172119,1
5.203793525695801,1
5.1523308753967285,1
5.219592094421387,1
5.213153839111328,1
5.225241661071777,1
5.248259544372559,1
5.244317531585693,1
5.219964981079102,1
5.107176780700684,1
5.223629951477051,1
5.256398677825928,1
5.163951396942139,1
5.212698936462402,1
5.2092204093933105,1
5.139882564544678,1
5.305056571960449,1
5.300729751586914,1
5.1787800788879395,1
5.199790000915527,1
5.237773895263672,1
5.251283645629883,1
5.143805503845215,1
5.122758388519287,1
5.2406511306762695,1
5.227865219116211,1
5.329367637634277,1
5.202335357666016,1
5.316701889038086,1
5.197542190551758,1
5.203392505645752,1
5.23221492767334,1
5.220361709594727,1
5.2000885009765625,1
5.246201038360596,1
5.210846900939941,1
5.191855430603027,1
5.226320266723633,1
5.308608055114746,1
5.179805755615234,1
5.191573143005371,1
5.393128395080566,1
5.198851108551025,1
5.262779235839844,1
5.321813583374023,1
5.265846252441406,1
5.345258712768555,1
5.202317714691162,1
5.138924598693848,1
5.244175910949707,1
5.250932693481445,1
5.15133810043335,1
5.353193283081055,1
5.277631759643555,1
5.285555362701416,1
5.286253452301025,1
5.349246025085449,1
5.183764457702637,1
5.293703556060791,1
5.257519721984863,1
5.2403693199157715,1
5.300284385681152,1
5.288260459899902,1
5.230895519256592,1
5.227557182312012,1
5.234488010406494,1
5.1999592781066895,1
5.313136577606201,1
5.182753562927246,1
5.254146575927734,1
5.195436477661133,1
5.301088333129883,1
5.319825172424316,1
5.262085914611816,1
5.272928237915039,1
5.205399990081787,1
5.240935802459717,1
5.2560811042785645,1
5.29618501663208,1
5.225654602050781,1
5.2494916915893555,1
5.245513916015625,1
5.2705464363098145,1
5.227705001831055,1
5.221258163452148,1
5.219925880432129,1
5.270607948303223,1
5.27895450592041,1
5.285400867462158,1
5.235962390899658,1
5.222827911376953,1
5.171093463897705,1
5.244545936584473,1
5.249028205871582,1
5.211357116699219,1
5.2831244468688965,1
5.245752334594727,1
5.222774982452393,1
5.251650810241699,1
5.273743629455566,1
5.358426094055176,1
5.2753496170043945,1
5.312034606933594,1
5.1878743171691895,1
5.181839466094971,1
5.291788101196289,1
5.187702655792236,1
5.233644485473633,1
5.360115051269531,1
5.266684055328369,1
5.233628273010254,1
5.2835373878479,1
5.22464656829834,1
5.145711421966553,1
5.191590785980225,1
5.273112773895264,1
5.240090370178223,1
5.3140716552734375,1
5.205434799194336,1
5.251237869262695,1
5.283135414123535,1
5.125080108642578,1
5.251151084899902,1
5.292070388793945,1
5.145739555358887,1
5.220588684082031,1
5.291017532348633,1
5.196585655212402,1
5.211004257202148,1
5.338827610015869,1
5.213078022003174,1
5.116943359375,1
5.2386579513549805,1
5.265880584716797,1
5.178048610687256,1
5.208248138427734,1
5.223639011383057,1
5.236015319824219,1
5.232915878295898,1
5.3074750900268555,1
5.302143096923828,1
5.247920036315918,1
5.270181179046631,1
5.329599380493164,1
5.202757358551025,1
5.114270210266113,1
5.286866664886475,1
5.314864158630371,1
5.2374162673950195,1
5.197833061218262,1
5.261001110076904,1
5.270174026489258,1
5.18873405456543,1
5.151873588562012,1
5.188982963562012,1
5.318743705749512,1
5.264286994934082,1
5.262297630310059,1
5.172849655151367,1
5.241161346435547,1
5.308202266693115,1
5.381487846374512,1
5.278882026672363,1
5.263054370880127,1
5.325645446777344,1
5.183825492858887,1
5.198410987854004,1
5.196949481964111,1
5.211056709289551,1
5.223515510559082,1
5.253816604614258,1
5.147100448608398,1
5.145371437072754,1
5.167041778564453,1
5.260896682739258,1
5.157745361328125,1
5.226534843444824,1
5.103440284729004,1
5.2263665199279785,1
5.279045104980469,1
5.286241054534912,1
5.2870588302612305,1
5.238287448883057,1
5.244183540344238,1
5.257203102111816,1
5.252501010894775,1
5.16281795501709,1
5.244060516357422,1
5.202313423156738,1
5.242974281311035,1
5.23174524307251,1
5.184516429901123,1
5.229726314544678,1
5.247276306152344,1
5.319656848907471,1
5.2815093994140625,1
5.306797981262207,1
5.218378067016602,1
5.242680549621582,1
5.2372355461120605,1
5.271289825439453,1
5.2382097244262695,1
5.229746341705322,1
5.17356014251709,1
5.367346286773682,1
5.1869916915893555,1
5.24875020980835,1
5.330008506774902,1
5.257047176361084,1
5.241940498352051,1
5.258110046386719,1
5.333141326904297,1
5.2207136154174805,1
5.256372451782227,1
5.295747756958008,1
5.292688846588135,1
5.162017822265625,1
5.2893147468566895,1
5.286348819732666,1
5.29843807220459,1
5.242100715637207,1
5.147129535675049,1
5.2803168296813965,1
5.126562118530273,1
5.332050800323486,1
5.205644607543945,1
5.205276966094971,1
5.303403377532959,1
5.348243713378906,1
5.244452476501465,1
5.10406494140625,1
5.205718994140625,1
5.314849376678467,1
5.237133979797363,1
5.251160621643066,1
5.198697090148926,1
5.227062225341797,1
5.1909637451171875,1
5.303362846374512,1
5.256598472595215,1
5.3391432762146,1
5.261842250823975,1
5.277502059936523,1
5.198568820953369,1
5.222902774810791,1
5.159268379211426,1
5.239839553833008,1
5.25227165222168,1
5.204135894775391,1
5.237109184265137,1
5.179588794708252,1
5.2027764320373535,1
5.257162094116211,1
5.3457489013671875,1
5.218473434448242,1
5.18843412399292,1
5.297665596008301,1
5.269687175750732,1
5.19153356552124,1
5.254861354827881,1
5.35509729385376,1
5.2731428146362305,1
5.24659538269043,1
5.269421577453613,1
5.2071733474731445,1
5.207813262939453,1
5.239786148071289,1
5.142739295959473,1
5.306929111480713,1
5.298421859741211,1
5.2265706062316895,1
5.272134780883789,1
5.208686351776123,1
5.288661956787109,1
5.228864669799805,1
5.1912994384765625,1
5.212421894073486,1
5.154245376586914,1
5.238852024078369,1
5.241292953491211,1
5.298544406890869,1
5.239167213439941,1
5.328076362609863,1
5.286852836608887,1
5.224076271057129,1
5.281983375549316,1
5.2543864250183105,1
5.1978254318237305,1
5.25786018371582,1
5.224607944488525,1
5.227712631225586,1
5.234489440917969,1
5.210261344909668,1
5.269981861114502,1
5.215032577514648,1
5.22371768951416,1
5.211838245391846,1
5.284580230712891,1
5.214521408081055,1
5.222501754760742,1
5.254443168640137,1
5.243636131286621,1
5.279656410217285,1
5.185014247894287,1
5.269287586212158,1
5.180087089538574,1
5.229144096374512,1
5.182542324066162,1
5.270350456237793,1
5.307377815246582,1
5.202103614807129,1
5.204652786254883,1
5.251283645629883,1
5.265002250671387,1
5.282618522644043,1
5.243321895599365,1
5.19822883605957,1
5.204669952392578,1
5.250537395477295,1
5.238092422485352,1
5.214445114135742,1
5.3675079345703125,1
5.333150386810303,1
5.259693622589111,1
5.2788920402526855,1
5.141899585723877,1
5.208706378936768,1
5.203545570373535,1
5.245469093322754,1
5.238846302032471,1
5.273244857788086,1
5.200700759887695,1
5.2806901931762695,1
5.201618671417236,1
5.250694274902344,1
5.311557292938232,1
5.187565803527832,1
5.139890670776367,1
5.231252670288086,1
5.25241756439209,1
5.250158309936523,1
5.172863006591797,1
5.262310981750488,1
5.216093063354492,1
5.224747657775879,1
5.131275653839111,1
5.226183891296387,1
5.309652328491211,1
5.173810958862305,1
5.306771278381348,1
5.3609819412231445,1
5.238326072692871,1
5.310402870178223,1
5.182991027832031,1
5.213799476623535,1
5.306615829467773,1
5.2725019454956055,1
5.215197563171387,1
5.274868965148926,1
5.194018363952637,1
5.105981826782227,1
5.27168083190918,1
5.2040863037109375,1
5.140694618225098,1
5.306745529174805,1
5.102350234985352,1
5.326699256896973,1
5.28590202331543,1
5.18068790435791,1
5.233041763305664,1
5.229792594909668,1
5.288032531738281,1
5.081640243530273,1
5.220668315887451,1
5.161448001861572,1
5.21796178817749,1
5.205356121063232,1
5.230897426605225,1
5.273311614990234,1
5.257035255432129,1
5.215628623962402,1
5.1857147216796875,1
5.3046722412109375,1
5.189276695251465,1
5.293911933898926,1
5.29773473739624,1
5.172177314758301,1
5.176868438720703,1
5.224371433258057,1
5.205950736999512,1
5.181092262268066,1
5.215363502502441,1
5.328010082244873,1
5.1385979652404785,1
5.240403175354004,1
5.297987461090088,1
5.184375286102295,1
5.2948408126831055,1
5.184779644012451,1
5.269281387329102,1
5.107034683227539,1
5.29180908203125,1
5.238830089569092,1
5.275649547576904,1
5.265681266784668,1
5.1519455909729,1
5.266541957855225,1
5.216371536254883,1
5.208615779876709,1
5.222856521606445,1
5.1829681396484375,1
5.267513275146484,1
5.180745601654053,1
5.152355670928955,1
5.282686233520508,1
5.225142478942871,1
5.188211441040039,1
5.258769512176514,1
5.224077224731445,1
5.207242012023926,1
5.260684013366699,1
5.213039398193359,1
5.246555805206299,1
5.145844459533691,1
5.1558003425598145,1
5.237273693084717,1
5.267425537109375,1
5.175632476806641,1
5.2874650955200195,1
5.280941486358643,1
5.111692905426025,1
5.3034892082214355,1
5.231670379638672,1
5.2543535232543945,1
5.191734313964844,1
5.319061279296875,1
5.30021858215332,1
5.267153739929199,1
5.281789779663086,1
5.181520462036133,1
5.263247489929199,1
5.184891700744629,1
5.248753547668457,1
5.28121280670166,1
5.261019706726074,1
5.318290710449219,1
5.183246612548828,1
5.273453235626221,1
5.255459308624268,1
5.198836326599121,1
5.210527420043945,1
5.232844829559326,1
5.257373332977295,1
5.308378219604492,1
5.2203288078308105,1
5.185274124145508,1
5.355452537536621,1
5.179878234863281,1
5.187133312225342,1
5.293519496917725,1
5.2321319580078125,1
5.220909118652344,1
5.287177085876465,1
5.409968852996826,1
5.255393028259277,1
5.387824058532715,1
5.295723915100098,1
5.278630256652832,1
5.2536139488220215,1
5.165227890014648,1
5.309790134429932,1
5.185749053955078,1
5.3010101318359375,1
5.170239448547363,1
5.181118488311768,1
5.291852951049805,1
5.195149898529053,1
5.241116523742676,1
5.268499374389648,1
5.23181676864624,1
5.291226863861084,1
5.219803810119629,1
5.25865364074707,1
5.236894607543945,1
5.230713844299316,1
5.211145401000977,1
5.3107099533081055,1
5.367497444152832,1
5.2389116287231445,1
5.296425819396973,1
5.239261627197266,1
5.155122756958008,1
5.237783432006836,1
5.286182403564453,1
5.292305946350098,1
5.234596252441406,1
5.2320637702941895,1
5.238277912139893,1
5.249573707580566,1
5.163154125213623,1
5.278090953826904,1
5.202878475189209,1
5.187653064727783,1
5.215908050537109,1
5.213660717010498,1
5.301233291625977,1
5.281848907470703,1
5.379829406738281,1
5.2168169021606445,1
5.2384843826293945,1
5.219485282897949,1
5.1281938552856445,1
5.250571250915527,1
5.327666759490967,1
5.331435680389404,1
5.276683807373047,1
5.264562606811523,1
5.163018226623535,1
5.258225917816162,1
5.297234535217285,1
5.252823829650879,1
5.310388565063477,1
5.280065059661865,1
5.256627082824707,1
5.229659080505371,1
5.333072662353516,1
5.277894973754883,1
5.336277484893799,1
5.26756477355957,1
5.221973419189453,1
5.22125768661499,1
5.270901679992676,1
5.224158763885498,1
5.138360023498535,1
5.170116424560547,1
5.324864864349365,1
5.222070693969727,1
5.335796356201172,1
5.1708574295043945,1
5.212559700012207,1
5.3119306564331055,1
5.2730712890625,1
5.241822242736816,1
5.294122695922852,1
5.22249698638916,1
5.157628536224365,1
5.142083644866943,1
5.200359344482422,1
5.27200984954834,1
5.283547878265381,1
5.15933895111084,1
5.250377178192139,1
5.256868362426758,1
5.188318729400635,1
5.297987937927246,1
5.219596862792969,1
5.22025728225708,1
5.270575523376465,1
5.258399963378906,1
5.220362663269043,1
5.285797595977783,1
5.231938362121582,1
5.229450225830078,1
5.233780384063721,1
5.200848579406738,1
5.223907470703125,1
5.229737281799316,1
5.263326168060303,1
5.231298446655273,1
5.190042018890381,1
5.292850494384766,1
5.294191837310791,1
5.208283424377441,1
5.237857818603516,1
5.174391746520996,1
5.180362701416016,1
5.216891765594482,1
5.236762046813965,1
5.254436016082764,1
5.228403091430664,1
5.30966854095459,1
5.290867328643799,1
5.242867469787598,1
5.244596481323242,1
5.38911247253418,1
5.2467145919799805,1
5.2334794998168945,1
5.336917877197266,1
5.2835693359375,1
5.200722694396973,1
5.209985256195068,1
5.18824577331543,1
5.224730491638184,1
5.3185625076293945,1
5.195323944091797,1
5.240703582763672,1
5.278266906738281,1
5.271154403686523,1
5.226236343383789,1
5.299917221069336,1
5.252151012420654,1
5.274405479431152,1
5.339510440826416,1
5.212499618530273,1
5.271674156188965,1
5.215656280517578,1
5.326547145843506,1
5.346686363220215,1
5.241374492645264,1
5.217916965484619,1
5.206640720367432,1
5.239659786224365,1
5.20872688293457,1
5.313936233520508,1
5.382336139678955,1
5.212067604064941,1
5.233572959899902,1
5.198732376098633,1
5.318830490112305,1
5.301871299743652,1
5.2230939865112305,1
5.300746917724609,1
5.19216251373291,1
5.217973232269287,1
5.223158836364746,1
5.25101375579834,1
5.233176231384277,1
5.237880229949951,1
5.230598449707031,1
5.3142991065979,1
5.297145843505859,1
5.188626766204834,1
5.266318321228027,1
5.251111030578613,1
5.176209449768066,1
5.267932891845703,1
5.296726226806641,1
5.314511775970459,1
5.302254676818848,1
5.364723205566406,1
5.338530540466309,1
5.190008163452148,1
5.323089599609375,1
5.248351573944092,1
5.247652053833008,1
5.211055755615234,1
5.167549133300781,1
5.2261810302734375,1
5.264799118041992,1
5.155245780944824,1
5.230904579162598,1
5.3223066329956055,1
5.296320915222168,1
5.274707794189453,1
5.280954360961914,1
5.211630344390869,1
5.207581520080566,1
5.224946022033691,1
5.220134735107422,1
5.236696243286133,1
5.406209468841553,1
5.214554786682129,1
5.302635192871094,1
5.279208183288574,1
5.2378692626953125,1
5.317666053771973,1
5.325621604919434,1
5.197908878326416,1
5.14886474609375,1
5.2130608558654785,1
5.158888339996338,1
5.212335586547852,1
5.207939147949219,1
5.143470764160156,1
5.240658760070801,1
5.148371696472168,1
5.33674430847168,1
5.297714710235596,1
5.200320243835449,1
5.271793842315674,1
5.319483757019043,1
5.224524974822998,1
5.301126956939697,1
5.26296329498291,1
5.279884338378906,1
5.202147006988525,1
5.309470176696777,1
5.316845893859863,1
5.341456413269043,1
5.198856353759766,1
5.259326934814453,1
5.20789909362793,1
5.301051139831543,1
5.238948345184326,1
5.222987651824951,1
5.139548301696777,1
5.17674446105957,1
5.249423027038574,1
5.306293487548828,1
5.344474792480469,1
5.264179229736328,1
5.230999946594238,1
5.198784351348877,1
5.255039215087891,1
5.2534332275390625,1
5.226227283477783,1
5.264745235443115,1
5.2917938232421875,1
5.223605632781982,1
5.202778339385986,1
5.292104244232178,1
5.166448593139648,1
5.2863850593566895,1
5.235424995422363,1
5.1903815269470215,1
5.220061302185059,1
5.227166175842285,1
5.242825031280518,1
5.302333831787109,1
5.2580976486206055,1
5.1962199211120605,1
5.21127462387085,1
5.23676872253418,1
5.273393630981445,1
5.265651702880859,1
5.193196773529053,1
5.178183555603027,1
5.158916473388672,1
5.284336090087891,1
5.245136260986328,1
5.285844802856445,1
5.2442402839660645,1
5.143343448638916,1
5.304840087890625,1
5.28985595703125,1
5.259880542755127,1
5.316025257110596,1
5.212705612182617,1
5.312740325927734,1
5.188455581665039,1
5.304145812988281,1
5.280757904052734,1
5.15970516204834,1
5.2532172203063965,1
5.2471723556518555,1
5.170994758605957,1
5.232773780822754,1
5.1489996910095215,1
5.2268571853637695,1
5.280423164367676,1
5.262669086456299,1
5.279804706573486,1
5.236227989196777,1
5.16812801361084,1
5.281887531280518,1
5.346745014190674,1
5.23097562789917,1
5.083462715148926,1
5.22706413269043,1
5.232234001159668,1
5.179326057434082,1
5.195026397705078,1
5.1919755935668945,1
5.211629867553711,1
5.293283462524414,1
5.330082893371582,1
5.336373805999756,1
5.326870918273926,1
5.2344970703125,1
5.263250350952148,1
5.264837265014648,1
5.287864685058594,1
5.298691272735596,1
5.207215309143066,1
5.279870986938477,1
5.348901748657227,1
5.237676620483398,1
5.221759796142578,1
5.2747087478637695,1
5.341753959655762,1
5.242372512817383,1
5.330292701721191,1
5.217342376708984,1
5.247318744659424,1
5.310429573059082,1
5.170791149139404,1
5.245139122009277,1
5.303374290466309,1
5.22733736038208,1
5.279601573944092,1
5.360950469970703,1
5.134517669677734,1
5.2686543464660645,1
5.174870491027832,1
5.209216117858887,1
5.247304916381836,1
5.192700386047363,1
5.270053863525391,1
5.200016021728516,1
5.197793960571289,1
5.252655029296875,1
5.312918663024902,1
5.199437141418457,1
5.247462272644043,1
5.285275459289551,1
5.196463584899902,1
5.29828405380249,1
5.274219512939453,1
5.276316165924072,1
5.2157087326049805,1
5.243496894836426,1
5.315221786499023,1
5.183630466461182,1
5.217860221862793,1
5.214986801147461,1
5.254552364349365,1
5.248356819152832,1
5.260890483856201,1
5.298984527587891,1
5.282225608825684,1
5.132932186126709,1
5.215524196624756,1
5.226317882537842,1
5.303009986877441,1
5.261903762817383,1
5.191952705383301,1
5.207186698913574,1
5.211143493652344,1
5.182381629943848,1
5.258983612060547,1
5.2756147384643555,1
5.240796089172363,1
5.294342041015625,1
5.2210187911987305,1
5.226151943206787,1
5.170856475830078,1
5.201039791107178,1
5.190636157989502,1
5.278419494628906,1
5.231673240661621,1
5.210396766662598,1
5.269637107849121,1
5.279689788818359,1
5.202157497406006,1
5.217846870422363,1
5.268932342529297,1
5.141228675842285,1
5.173799514770508,1
5.271111488342285,1
5.253006458282471,1
5.193312644958496,1
5.235756874084473,1
5.231119155883789,1
5.240240573883057,1
5.261190414428711,1
5.1907453536987305,1
5.310477256774902,1
5.306386947631836,1
5.123688697814941,1
5.2528839111328125,1
5.114749431610107,1
5.20082950592041,1
5.2899017333984375,1
5.2244110107421875,1
5.229276657104492,1
5.238121032714844,1
5.188301086425781,1
5.104802131652832,1
5.283470153808594,1
5.171321868896484,1
5.267293930053711,1
5.319231033325195,1
5.247706890106201,1
5.158390045166016,1
5.339461326599121,1
5.197812557220459,1
5.283049583435059,1
5.260881423950195,1
5.232275009155273,1
5.181119441986084,1
5.344925880432129,1
5.371297836303711,1
5.216239929199219,1
5.2589006423950195,1
5.3160858154296875,1
5.2392497062683105,1
5.2695088386535645,1
5.25534725189209,1
5.27983283996582,1
5.204939842224121,1
5.354087829589844,1
5.235538005828857,1
5.341361045837402,1
5.200263500213623,1
5.215291976928711,1
5.2509050369262695,1
5.305061340332031,1
5.236222267150879,1
5.354673862457275,1
5.260978698730469,1
5.323187828063965,1
5.223406791687012,1
5.2660346031188965,1
5.221312522888184,1
5.211052894592285,1
5.270771026611328,1
5.188384056091309,1
5.235173225402832,1
5.228209972381592,1
5.265111446380615,1
5.357281684875488,1
5.196063041687012,1
5.176652908325195,1
5.212368011474609,1
5.2482500076293945,1
5.14240026473999,1
5.346491813659668,1
5.208061218261719,1
5.232690334320068,1
5.194760322570801,1
5.265595436096191,1
5.25937557220459,1
5.249399185180664,1
5.250907897949219,1
5.235745906829834,1
5.315851211547852,1
5.280984878540039,1
5.251554489135742,1
5.200858116149902,1
5.222826957702637,1
5.215498924255371,1
5.2060933113098145,1
5.262449741363525,1
5.21466064453125,1
5.191825866699219,1
5.142555236816406,1
5.2489776611328125,1
5.233773708343506,1
5.3272905349731445,1
5.260274887084961,1
5.243823051452637,1
5.228898048400879,1
5.236868858337402,1
5.2778472900390625,1
5.276872634887695,1
5.195783615112305,1
5.26495885848999,1
5.313188076019287,1
5.292237281799316,1
5.340087413787842,1
5.246456146240234,1
5.189459800720215,1
5.223940849304199,1
5.220863342285156,1
5.122555732727051,1
5.281523704528809,1
5.232080459594727,1
5.295994758605957,1
5.2551469802856445,1
5.184822082519531,1
5.2087225914001465,1
5.3197431564331055,1
5.269371509552002,1
5.208669662475586,1
5.233127593994141,1
5.193219184875488,1
5.224415302276611,1
5.204681396484375,1
5.331765174865723,1
5.291797161102295,1
5.247474670410156,1
5.322334289550781,1
5.259066104888916,1
5.128732681274414,1
5.273646831512451,1
5.24320650100708,1
5.165018558502197,1
5.203006744384766,1
5.133554458618164,1
5.356698989868164,1
5.226314544677734,1
5.164911270141602,1
5.22141695022583,1
5.268225193023682,1
5.308672904968262,1
5.19769811630249,1
5.231896877288818,1
5.226659297943115,1
5.265682697296143,1
5.273385524749756,1
5.250341415405273,1
5.2382307052612305,1
5.266909599304199,1
5.21458625793457,1
5.220742225646973,1
5.2349371910095215,1
5.35072135925293,1
5.16342830657959,1
5.197479248046875,1
5.227234840393066,1
5.228605270385742,1
5.269993782043457,1
5.268309116363525,1
5.234521865844727,1
5.246857643127441,1
5.2631072998046875,1
5.198835372924805,1
5.2451171875,1
5.282673358917236,1
5.287892818450928,1
5.120463848114014,1
5.287746429443359,1
5.232044696807861,1
5.238182067871094,1
5.310189247131348,1
5.301586627960205,1
5.322049617767334,1
5.241464138031006,1
5.201075077056885,1
5.242644786834717,1
5.1613898277282715,1
5.235050201416016,1
5.212995529174805,1
5.144583225250244,1
5.296558856964111,1
5.196158409118652,1
5.283759117126465,1
5.286891937255859,1
5.2539262771606445,1
5.283766746520996,1
5.235307693481445,1
5.243452548980713,1
5.244607448577881,1
5.241830348968506,1
5.2897186279296875,1
5.1957244873046875,1
5.225423812866211,1
5.213101863861084,1
5.282108783721924,1
5.321832656860352,1
5.183417797088623,1
5.2201619148254395,1
5.285606384277344,1
5.223390102386475,1
5.270144939422607,1
5.201323509216309,1
5.347160339355469,1
5.189530372619629,1
5.185415267944336,1
5.207920074462891,1
5.247335433959961,1
5.287946701049805,1
5.279941558837891,1
5.239391326904297,1
5.245365142822266,1
5.182085990905762,1
5.238633155822754,1
5.3695759773254395,1
5.231681823730469,1
5.275485038757324,1
5.265711307525635,1
5.218442916870117,1
5.261409759521484,1
5.2536749839782715,1
5.293869972229004,1
5.325328826904297,1
5.228185653686523,1
5.254833221435547,1
5.231405258178711,1
5.1964826583862305,1
5.306913375854492,1
5.258575439453125,1
5.210021018981934,1
5.1951398849487305,1
5.280035018920898,1
5.27573299407959,1
5.124850273132324,1
5.265439033508301,1
5.217410087585449,1
5.238193988800049,1
5.284505844116211,1
5.276457786560059,1
5.270837783813477,1
5.367906093597412,1
5.261995315551758,1
5.205747127532959,1
5.302124500274658,1
5.267096519470215,1
5.232142448425293,1
5.186379909515381,1
5.161363124847412,1
5.264578342437744,1
5.191370487213135,1
5.1915364265441895,1
5.265045166015625,1
5.303215026855469,1
5.239954948425293,1
5.299983024597168,1
5.267876148223877,1
5.160414695739746,1
5.257458686828613,1
5.199680328369141,1
5.306760311126709,1
5.1963210105896,1
5.327395915985107,1
5.198069095611572,1
5.279634475708008,1
5.173111915588379,1
5.299548149108887,1
5.198058128356934,1
5.18862247467041,1
5.141566753387451,1
5.103671550750732,1
5.243262767791748,1
5.203128814697266,1
5.208795547485352,1
5.327713966369629,1
5.309174537658691,1
5.268124103546143,1
5.2863359451293945,1
5.2255859375,1
5.272686958312988,1
5.323546886444092,1
5.208594799041748,1
5.176645755767822,1
5.209495544433594,1
5.243080139160156,1
5.252026081085205,1
5.1462931632995605,1
5.2811784744262695,1
5.216115474700928,1
5.1493024826049805,1
5.290432929992676,1
5.297335147857666,1
5.257184982299805,1
5.149744033813477,1
5.309570789337158,1
5.215614318847656,1
5.3114166259765625,1
5.233293533325195,1
5.175198554992676,1
5.1871442794799805,1
5.206460952758789,1
5.284906387329102,1
5.182217597961426,1
5.2893571853637695,1
5.189830780029297,1
5.240989685058594,1
5.2131147384643555,1
5.326719284057617,1
5.251964569091797,1
5.231442928314209,1
5.230349540710449,1
5.271849155426025,1
5.2165327072143555,1
5.353568077087402,1
5.2267560958862305,1
5.248915672302246,1
5.214181423187256,1
5.341335296630859,1
5.312249660491943,1
5.261970043182373,1
5.306578636169434,1
5.189316749572754,1
5.181665897369385,1
5.233838081359863,1
5.230098724365234,1
5.282060623168945,1
5.374851226806641,1
5.176729202270508,1
5.273435592651367,1
5.304851531982422,1
5.3111419677734375,1
5.268866539001465,1
5.225885391235352,1
5.262760162353516,1
5.2403717041015625,1
5.255335330963135,1
5.274426460266113,1
5.256276607513428,1
5.1827569007873535,1
5.249982833862305,1
5.25437068939209,1
5.280673980712891,1
5.182648658752441,1
5.166092872619629,1
5.192191123962402,1
5.18358039855957,1
5.297198295593262,1
5.212491035461426,1
5.301257133483887,1
5.214719772338867,1
5.17628288269043,1
5.220965385437012,1
5.32666015625,1
5.237576484680176,1
5.21061897277832,1
5.254452228546143,1
5.20517635345459,1
5.292698383331299,1
5.209853649139404,1
5.189980506896973,1
5.264264106750488,1
5.16517448425293,1
5.198929786682129,1
5.169491767883301,1
5.1973466873168945,1
5.265684127807617,1
5.2219438552856445,1
5.307696342468262,1
5.14935827255249,1
5.245174407958984,1
5.374746322631836,1
5.2884979248046875,1
5.291029453277588,1
5.246147632598877,1
5.304576873779297,1
5.224893093109131,1
5.252595901489258,1
5.168543815612793,1
5.154425144195557,1
5.306755065917969,1
5.256956577301025,1
5.210352897644043,1
5.190598011016846,1
5.160003662109375,1
5.287938117980957,1
5.207125663757324,1
5.254316329956055,1
5.301703453063965,1
5.210080146789551,1
5.318218231201172,1
5.191235542297363,1
5.215367317199707,1
5.243222236633301,1
5.298027992248535,1
5.273185729980469,1
5.317714691162109,1
5.220879077911377,1
5.189093589782715,1
5.240459442138672,1
5.2581634521484375,1
5.234949111938477,1
5.257165908813477,1
5.237462043762207,1
5.265143394470215,1
5.268104553222656,1
5.2257890701293945,1
5.195112228393555,1
5.232417106628418,1
5.378690242767334,1
5.209571838378906,1
5.181831359863281,1
5.202189922332764,1
5.226180553436279,1
5.271415710449219,1
5.232990741729736,1
5.260323524475098,1
5.2221879959106445,1
5.251479625701904,1
5.144994735717773,1
5.2788920402526855,1
5.282077789306641,1
5.230736255645752,1
5.286598205566406,1
5.210455894470215,1
5.214943885803223,1
5.133875370025635,1
5.236217498779297,1
5.2319536209106445,1
5.259579658508301,1
5.295771598815918,1
5.371395111083984,1
5.267208099365234,1
5.257697105407715,1
5.2545166015625,1
5.21678352355957,1
5.236526012420654,1
5.160235404968262,1
5.2588701248168945,1
5.247861862182617,1
5.297878265380859,1
5.305013656616211,1
5.172266483306885,1
5.228250503540039,1
5.277064800262451,1
5.228431224822998,1
5.205002784729004,1
5.168985843658447,1
5.294422149658203,1
5.33604621887207,1
5.1843695640563965,1
5.318626403808594,1
5.263452053070068,1
5.175084114074707,1
5.295574188232422,1
5.217416763305664,1
5.258150100708008,1
5.196722984313965,1
5.241862773895264,1
5.2971882820129395,1
5.286121368408203,1
5.178818702697754,1
5.234611988067627,1
5.284127712249756,1
5.299665451049805,1
5.154343605041504,1
5.175868034362793,1
5.15062141418457,1
5.194808006286621,1
5.19671106338501,1
5.27670431137085,1
5.252181053161621,1
5.175946235656738,1
5.319361686706543,1
5.223504066467285,1
5.237559795379639,1
5.247724533081055,1
5.199294567108154,1
5.2149810791015625,1
5.22900390625,1
5.315046787261963,1
5.182304382324219,1
5.2438554763793945,1
5.267312049865723,1
5.232484817504883,1
5.260190486907959,1
5.220331192016602,1
5.187582015991211,1
5.3198933601379395,1
5.239231109619141,1
5.237613677978516,1
5.187501907348633,1
5.329780101776123,1
5.255913257598877,1
5.146021842956543,1
5.223941802978516,1
5.186275005340576,1
5.237936019897461,1
5.247158527374268,1
5.156744956970215,1
5.274603843688965,1
5.274316787719727,1
5.290352821350098,1
5.150747299194336,1
5.285561561584473,1
5.178399085998535,1
5.3093414306640625,1
5.181127071380615,1
5.208868980407715,1
5.176229476928711,1
5.283060073852539,1
5.230637550354004,1
5.2233076095581055,1
5.246101379394531,1
5.289088726043701,1
5.31476354598999,1
5.292374134063721,1
5.291782379150391,1
5.247099876403809,1
5.145142555236816,1
5.199507236480713,1
5.25916862487793,1
5.277502536773682,1
5.211205005645752,1
5.2134013175964355,1
5.199084758758545,1
5.184092044830322,1
5.244812965393066,1
5.223703384399414,1
5.2082295417785645,1
5.205341339111328,1
5.235764503479004,1
5.206757545471191,1
5.203113555908203,1
5.21738862991333,1
5.222403526306152,1
5.240528106689453,1
5.233541488647461,1
5.2266693115234375,1
5.309005260467529,1
5.243149757385254,1
5.204408645629883,1
5.280181884765625,1
5.208089828491211,1
5.235448360443115,1
5.143124103546143,1
5.312783718109131,1
5.307078838348389,1
5.283324241638184,1
5.202981948852539,1
5.226131439208984,1
5.230251789093018,1
5.273658752441406,1
5.254207611083984,1
5.301192760467529,1
5.268205642700195,1
5.281295299530029,1
5.294919013977051,1
5.239270210266113,1
5.285068511962891,1
5.2716875076293945,1
5.24307918548584,1
5.262811660766602,1
5.223613739013672,1
5.269866466522217,1
5.276427268981934,1
5.192146301269531,1
5.182796478271484,1
5.310134410858154,1
5.285057544708252,1
5.256836891174316,1
5.233884334564209,1
5.241425514221191,1
5.193145751953125,1
5.202578544616699,1
5.237025260925293,1
5.204696178436279,1
5.253718376159668,1
5.235669136047363,1
5.3215742111206055,1
5.2711639404296875,1
5.218934535980225,1
5.262765884399414,1
5.2996392250061035,1
5.306047439575195,1
5.186851501464844,1
5.145285129547119,1
5.262178421020508,1
5.266550540924072,1
5.243724346160889,1
5.263784408569336,1
5.236273765563965,1
5.185591697692871,1
5.225003242492676,1
5.240494728088379,1
5.254725456237793,1
5.22955322265625,1
5.148299694061279,1
5.265748023986816,1
5.247454643249512,1
5.330725193023682,1
5.174367904663086,1
5.314502716064453,1
5.106871128082275,1
5.296951770782471,1
5.2438788414001465,1
5.207443714141846,1
5.202851295471191,1
5.220367908477783,1
5.287187099456787,1
5.246190071105957,1
5.242535591125488,1
5.207705497741699,1
5.280797004699707,1
5.217286586761475,1
5.194757461547852,1
5.318111419677734,1
5.2494306564331055,1
5.269611358642578,1
5.247685432434082,1
5.363802909851074,1
5.237086296081543,1
5.165307998657227,1
5.2907562255859375,1
5.155955791473389,1
5.3071208000183105,1
5.242228984832764,1
5.240231990814209,1
5.182936191558838,1
5.153327465057373,1
5.304159641265869,1
5.291486740112305,1
5.258746147155762,1
5.283380031585693,1
5.196377754211426,1
5.255388259887695,1
5.2320098876953125,1
5.157398700714111,1
5.2169647216796875,1
5.182086944580078,1
5.289929389953613,1
5.183718681335449,1
5.327363014221191,1
5.131243705749512,1
5.157431602478027,1
5.208469867706299,1
5.21604585647583,1
5.215209007263184,1
5.2191948890686035,1
5.262113571166992,1
5.212933540344238,1
5.279915809631348,1
5.249965190887451,1
5.291304588317871,1
5.2042036056518555,1
5.287405967712402,1
5.203917503356934,1
5.217442512512207,1
5.207577705383301,1
5.175902366638184,1
5.259347915649414,1
5.283657073974609,1
5.239553451538086,1
5.24884033203125,1
5.245359420776367,1
5.299182891845703,1
5.124156475067139,1
5.2127532958984375,1
5.178494930267334,1
5.359560012817383,1
5.184963703155518,1
5.253691673278809,1
5.227322578430176,1
5.246428489685059,1
5.1553192138671875,1
5.166337966918945,1
5.218047142028809,1
5.263396739959717,1
5.2295732498168945,1
5.256699085235596,1
5.223142623901367,1
5.218415260314941,1
5.20291805267334,1
5.247753143310547,1
5.226502418518066,1
5.208560943603516,1
5.259137153625488,1
5.2589192390441895,1
5.233182430267334,1
5.171397686004639,1
5.2957024574279785,1
5.198538780212402,1
5.1561198234558105,1
5.275280475616455,1
5.263540267944336,1
5.243078708648682,1
5.205909729003906,1
5.383986949920654,1
5.230057716369629,1
5.260022163391113,1
5.1631975173950195,1
5.312001705169678,1
5.197667121887207,1
5.251659393310547,1
5.273834228515625,1
5.357989311218262,1
5.177553176879883,1
5.341465950012207,1
5.155077934265137,1
5.265811920166016,1
5.242910385131836,1
5.203875541687012,1
5.275460243225098,1
5.286506652832031,1
5.3481550216674805,1
5.306671142578125,1
5.349887847900391,1
5.293320178985596,1
5.252466678619385,1
5.182363510131836,1
5.1982340812683105,1
5.21388053894043,1
5.126326560974121,1
5.204825401306152,1
5.264105796813965,1
5.2123494148254395,1
5.176901817321777,1
5.291858673095703,1
5.295853614807129,1
5.219260215759277,1
5.181164264678955,1
5.286134719848633,1
5.3002471923828125,1
5.360579013824463,1
5.273943901062012,1
5.130361557006836,1
5.235269546508789,1
5.2090959548950195,1
5.1912841796875,1
5.117169380187988,1
5.250814914703369,1
5.295169830322266,1
5.17978572845459,1
5.271388053894043,1
5.188681602478027,1
5.084379196166992,1
5.268404960632324,1
5.230894088745117,1
5.21213436126709,1
5.226718902587891,1
5.278354644775391,1
5.237231254577637,1
5.2419328689575195,1
5.250610828399658,1
5.194882392883301,1
5.23275089263916,1
5.14102029800415,1
5.176382541656494,1
5.2852630615234375,1
5.119124412536621,1
5.246118545532227,1
5.190099716186523,1
5.269771575927734,1
5.287347793579102,1
5.258026123046875,1
5.197422981262207,1
5.158791542053223,1
5.284857749938965,1
5.258498668670654,1
5.188237190246582,1
5.226321697235107,1
5.338560104370117,1
5.321666717529297,1
5.097466468811035,1
5.201867580413818,1
5.332873344421387,1
5.254179000854492,1
5.189552307128906,1
5.226764678955078,1
5.249116897583008,1
5.304361820220947,1
5.225439548492432,1
5.358086585998535,1
5.297355651855469,1
5.280647277832031,1
5.269174098968506,1
5.143115043640137,1
5.204050064086914,1
5.148858070373535,1
5.2006940841674805,1
5.233367919921875,1
5.286656379699707,1
5.211366653442383,1
5.239845275878906,1
5.296294212341309,1
5.197748184204102,1
5.100498199462891,1
5.240471839904785,1
5.366302013397217,1
5.25055456161499,1
5.32002592086792,1
5.247948169708252,1
5.216719627380371,1
5.190922737121582,1
5.254650115966797,1
5.217743396759033,1
5.2454938888549805,1
5.273338317871094,1
5.2164459228515625,1
5.1921796798706055,1
5.231945991516113,1
5.2618865966796875,1
5.192200660705566,1
5.282894611358643,1
5.285739898681641,1
5.170637130737305,1
5.187446594238281,1
5.1551008224487305,1
5.211606979370117,1
5.2188262939453125,1
5.184292793273926,1
5.256298065185547,1
5.191926002502441,1
5.208029747009277,1
5.198446273803711,1
5.197920799255371,1
5.288412094116211,1
5.096210479736328,1
5.212146759033203,1
5.223833084106445,1
5.262591361999512,1
5.207084655761719,1
5.185250282287598,1
5.232364177703857,1
5.254983425140381,1
5.2021098136901855,1
5.380126953125,1
5.321521759033203,1
5.173924446105957,1
5.3042473793029785,1
5.244175910949707,1
5.245670795440674,1
5.244153022766113,1
5.357124328613281,1
5.261077880859375,1
5.213151931762695,1
5.122061729431152,1
5.253479957580566,1
5.2824931144714355,1
5.160954475402832,1
5.233273506164551,1
5.202060699462891,1
5.253715991973877,1
5.159894943237305,1
5.256965637207031,1
5.248530864715576,1
5.2420654296875,1
5.276900291442871,1
5.189897537231445,1
5.260942459106445,1
5.24162483215332,1
5.265982627868652,1
5.182684898376465,1
5.2205891609191895,1
5.3028388023376465,1
5.258196830749512,1
5.236136436462402,1
5.235330581665039,1
5.192548751831055,1
5.135611534118652,1
5.173457145690918,1
5.245019435882568,1
5.252350807189941,1
5.372251510620117,1
5.2513227462768555,1
5.253360748291016,1
5.192244529724121,1
5.269569396972656,1
5.3048014640808105,1
5.1993536949157715,1
5.200650215148926,1
5.311243057250977,1
5.272049903869629,1
5.224016189575195,1
5.232627868652344,1
5.192768096923828,1
5.331254005432129,1
5.287890434265137,1
5.1747541427612305,1
5.180785179138184,1
5.2667436599731445,1
5.186522960662842,1
5.147227764129639,1
5.225008964538574,1
5.2243547439575195,1
5.164691925048828,1
5.253436088562012,1
5.208324909210205,1
5.186099052429199,1
5.1584672927856445,1
5.283743858337402,1
5.161293983459473,1
5.2747602462768555,1
5.296073913574219,1
5.213018417358398,1
5.3490891456604,1
5.256618499755859,1
5.27897834777832,1
5.355804920196533,1
5.269645690917969,1
5.294492721557617,1
5.247099876403809,1
5.258598804473877,1
5.324233531951904,1
5.289571762084961,1
5.321504592895508,1
5.1626763343811035,1
5.279274940490723,1
5.176438331604004,1
5.2246623039245605,1
5.273861885070801,1
5.2663421630859375,1
5.259675025939941,1
5.168828964233398,1
5.2445173263549805,1
5.289435863494873,1
5.234899520874023,1
5.311049461364746,1
5.231562614440918,1
5.182496070861816,1
5.250960350036621,1
5.200318813323975,1
5.3049421310424805,1
5.239008903503418,1
5.3044538497924805,1
5.222774028778076,1
5.245273113250732,1
5.166349411010742,1
5.29339599609375,1
5.270212650299072,1
5.254725456237793,1
5.252342700958252,1
5.369746208190918,1
5.265141010284424,1
5.196147918701172,1
5.244446754455566,1
5.222524642944336,1
5.215250492095947,1
5.323737144470215,1
5.26923942565918,1
5.199501037597656,1
5.2406816482543945,1
5.2938690185546875,1
5.242279052734375,1
5.226278305053711,1
5.267683982849121,1
5.3112993240356445,1
5.1887664794921875,1
5.186946868896484,1
5.1487298011779785,1
5.204504489898682,1
5.235386371612549,1
5.338982582092285,1
5.1596174240112305,1
5.263211250305176,1
5.296542167663574,1
5.217016220092773,1
5.210939407348633,1
5.282266139984131,1
5.285225868225098,1
5.225734710693359,1
5.29124641418457,1
5.293753623962402,1
5.2560272216796875,1
5.201606750488281,1
5.225228309631348,1
5.202680587768555,1
5.232037544250488,1
5.208525657653809,1
5.2717204093933105,1
5.339515686035156,1
5.257383346557617,1
5.344162940979004,1
5.239474296569824,1
5.338149547576904,1
5.306314945220947,1
5.095202922821045,1
5.275887489318848,1
5.142786502838135,1
5.1738080978393555,1
5.2130255699157715,1
5.228186130523682,1
5.320108413696289,1
5.215874671936035,1
5.208442687988281,1
5.43409538269043,1
5.229348182678223,1
5.292000770568848,1
5.227981090545654,1
5.3041839599609375,1
5.232105731964111,1
5.303810119628906,1
5.235837936401367,1
5.284968376159668,1
5.26478385925293,1
5.1659440994262695,1
5.19900369644165,1
5.192691802978516,1
5.291315078735352,1
5.2962965965271,1
5.169064998626709,1
5.266012191772461,1
5.307771682739258,1
5.200953006744385,1
5.203597545623779,1
5.2523393630981445,1
5.298023223876953,1
5.22993278503418,1
5.280970573425293,1
5.438581466674805,1
5.172115325927734,1
5.246416091918945,1
5.192129135131836,1
5.229031562805176,1
5.208322525024414,1
5.275179862976074,1
5.212330341339111,1
5.218644618988037,1
5.23952579498291,1
5.326157569885254,1
5.214083194732666,1
5.19182014465332,1
5.299925804138184,1
5.178899765014648,1
5.273641586303711,1
5.315079689025879,1
5.313143730163574,1
5.210241794586182,1
5.25840950012207,1
5.26215934753418,1
5.369784355163574,1
5.236413955688477,1
5.247644901275635,1
5.400565147399902,1
5.167654991149902,1
5.177046298980713,1
5.275533676147461,1
5.176323413848877,1
5.282321929931641,1
5.335759162902832,1
5.204071044921875,1
5.243259429931641,1
5.260220527648926,1
5.306986331939697,1
5.211216926574707,1
5.166766166687012,1
5.3009138107299805,1
5.232260227203369,1
5.240237236022949,1
5.28110408782959,1
5.305721759796143,1
5.186988353729248,1
5.186535835266113,1
5.2936248779296875,1
5.23820686340332,1
5.265649795532227,1
5.1877641677856445,1
5.189706802368164,1
5.3080668449401855,1
5.2310357093811035,1
5.219017028808594,1
5.198446273803711,1
5.14687442779541,1
5.239321231842041,1
5.22514533996582,1
5.176333427429199,1
5.282467842102051,1
5.225826263427734,1
5.187277317047119,1
5.23789119720459,1
5.266078472137451,1
5.222229957580566,1
5.340023994445801,1
5.298534393310547,1
5.261412620544434,1
5.311186790466309,1
5.302769660949707,1
5.182341575622559,1
5.233857154846191,1
5.2146477699279785,1
5.216516971588135,1
5.25681209564209,1
5.261648178100586,1
5.173654079437256,1
5.213504314422607,1
5.234147071838379,1
5.173946380615234,1
5.298183441162109,1
5.180604457855225,1
5.254754066467285,1
5.1925859451293945,1
5.227449893951416,1
5.181990623474121,1
5.2774200439453125,1
5.290350914001465,1
5.204368591308594,1
5.276126384735107,1
5.168283462524414,1
5.178666114807129,1
5.278292655944824,1
5.214018821716309,1
5.220810890197754,1
5.302000999450684,1
5.1712260246276855,1
5.253338813781738,1
5.140805721282959,1
5.2245941162109375,1
5.329482078552246,1
5.252133369445801,1
5.215705871582031,1
5.2025251388549805,1
5.179638385772705,1
5.201988697052002,1
5.26440954208374,1
5.248245716094971,1
5.198158264160156,1
5.287764549255371,1
5.397698402404785,1
5.209410190582275,1
5.218472957611084,1
5.291245460510254,1
5.195587158203125,1
5.251114368438721,1
5.196004867553711,1
5.3453216552734375,1
5.160181999206543,1
5.251056671142578,1
5.211516857147217,1
5.314537048339844,1
5.288667678833008,1
5.222739219665527,1
5.183993339538574,1
5.2754387855529785,1
5.18907356262207,1
5.280937671661377,1
5.279482841491699,1
5.213317394256592,1
5.219449043273926,1
5.233767509460449,1
5.163793563842773,1
5.2561774253845215,1
5.161872863769531,1
5.239124298095703,1
5.184354782104492,1
5.355999946594238,1
5.252974033355713,1
5.172415733337402,1
5.301059722900391,1
5.266721248626709,1
5.298863887786865,1
5.198256492614746,1
5.221658706665039,1
5.2771735191345215,1
5.282613754272461,1
5.239793300628662,1
5.240821838378906,1
5.282955169677734,1
5.193917751312256,1
5.290502548217773,1
5.188453197479248,1
5.238795280456543,1
5.210422992706299,1
5.295736312866211,1
5.16425895690918,1
5.239587783813477,1
5.18448543548584,1
5.187655448913574,1
5.1894755363464355,1
5.247659683227539,1
5.216465473175049,1
5.2619309425354,1
5.211827278137207,1
5.335855007171631,1
5.338709831237793,1
5.179235935211182,1
5.278561592102051,1
5.248318672180176,1
5.185208320617676,1
5.252434253692627,1
5.114823341369629,1
5.287208557128906,1
5.262954235076904,1
5.261322975158691,1
5.254814624786377,1
5.1971540451049805,1
5.1988630294799805,1
5.252619743347168,1
5.182663917541504,1
5.206445217132568,1
5.225986480712891,1
5.249425888061523,1
5.26022481918335,1
5.21579647064209,1
5.2624430656433105,1
5.1860551834106445,1
5.1821370124816895,1
5.241098880767822,1
5.188079833984375,1
5.185763359069824,1
5.269030570983887,1
5.203100204467773,1
5.200409889221191,1
5.259580612182617,1
5.1932454109191895,1
5.315178871154785,1
5.237766742706299,1
5.323160171508789,1
5.11674690246582,1
5.185396194458008,1
5.262585163116455,1
5.254574775695801,1
5.208968162536621,1
5.270259857177734,1
5.233536720275879,1
5.317693710327148,1
5.224963188171387,1
5.2926225662231445,1
5.221248149871826,1
5.267206192016602,1
5.235092639923096,1
5.242049694061279,1
5.196487903594971,1
5.210484981536865,1
5.248686790466309,1
5.268062591552734,1
5.187067985534668,1
5.204300880432129,1
5.287672996520996,1
5.123847007751465,1
5.1480393409729,1
5.291604995727539,1
5.277770519256592,1
5.334774971008301,1
5.302366256713867,1
5.2987823486328125,1
5.264726638793945,1
5.244330883026123,1
5.282099723815918,1
5.260227203369141,1
5.212311744689941,1
5.341520309448242,1
5.251678943634033,1
5.239083290100098,1
5.172295570373535,1
5.2769694328308105,1
5.298789024353027,1
5.241454601287842,1
5.255974769592285,1
5.2509050369262695,1
5.209210395812988,1
5.159773826599121,1
5.31607723236084,1
5.202627182006836,1
5.205873489379883,1
5.237607479095459,1
5.177522659301758,1
5.218625068664551,1
5.324037551879883,1
5.213188171386719,1
5.228405952453613,1
5.193315505981445,1
5.225292205810547,1
5.253876209259033,1
5.170173645019531,1
5.145816326141357,1
5.288684844970703,1
5.270464897155762,1
5.15107536315918,1
5.2465009689331055,1
5.331782341003418,1
5.255882263183594,1
5.167463302612305,1
5.205076217651367,1
5.2513322830200195,1
5.375675201416016,1
5.162212371826172,1
5.2466325759887695,1
5.281586647033691,1
5.271921157836914,1
5.226809024810791,1
5.143441200256348,1
5.193271160125732,1
5.2028961181640625,1
5.164554595947266,1
5.22895622253418,1
5.272604942321777,1
5.274168491363525,1
5.25449800491333,1
5.289179801940918,1
5.298192977905273,1
5.227339744567871,1
5.301045894622803,1
5.303862571716309,1
5.2907867431640625,1
5.207640647888184,1
5.426480293273926,1
5.192397117614746,1
5.293912410736084,1
5.244620323181152,1
5.2118682861328125,1
5.28053092956543,1
5.276822090148926,1
5.340234756469727,1
5.319493770599365,1
5.180727005004883,1
5.240050315856934,1
5.267526626586914,1
5.193323135375977,1
5.285950660705566,1
5.219776153564453,1
5.300484657287598,1
5.318824291229248,1
5.207714080810547,1
5.27436637878418,1
5.28477668762207,1
5.2887282371521,1
5.204992294311523,1
5.178928852081299,1
5.310924053192139,1
5.231098651885986,1
5.327220916748047,1
5.24939489364624,1
5.253386497497559,1
5.194484710693359,1
5.17715311050415,1
5.216648101806641,1
5.185510635375977,1
5.271821975708008,1
5.335417747497559,1
5.246583938598633,1
5.207602500915527,1
5.215203285217285,1
5.198253154754639,1
5.263868808746338,1
5.213319778442383,1
5.329502105712891,1
5.170583724975586,1
5.226565361022949,1
5.252767562866211,1
5.288775444030762,1
5.250942230224609,1
5.334850311279297,1
5.29315185546875,1
5.206366539001465,1
5.207562446594238,1
5.282002925872803,1
5.25596809387207,1
5.188417434692383,1
5.329431533813477,1
5.333914756774902,1
5.209987640380859,1
5.224389553070068,1
5.231144905090332,1
5.240273952484131,1
5.157505989074707,1
5.241202354431152,1
5.305385589599609,1
5.13978385925293,1
5.343894004821777,1
5.3265838623046875,1
5.266992092132568,1
5.208644390106201,1
5.249207496643066,1
5.256624221801758,1
5.2107648849487305,1
5.206103324890137,1
5.2131853103637695,1
5.30072546005249,1
5.226814270019531,1
5.306807518005371,1
5.245415687561035,1
5.175963401794434,1
5.156027793884277,1
5.202028274536133,1
5.233071804046631,1
5.166319847106934,1
5.313363075256348,1
5.291910171508789,1
5.232632637023926,1
5.186155796051025,1
5.228719711303711,1
5.243710994720459,1
5.327648162841797,1
5.194973945617676,1
5.276995658874512,1
5.262698650360107,1
5.258285045623779,1
5.265501976013184,1
5.190252304077148,1
5.235722541809082,1
5.238970756530762,1
5.206191062927246,1
5.269707202911377,1
5.261748313903809,1
5.26046085357666,1
5.235781192779541,1
5.308424949645996,1
5.156135559082031,1
5.237217903137207,1
5.251801013946533,1
5.257322311401367,1
5.214303016662598,1
5.2708539962768555,1
5.105581760406494,1
5.3079938888549805,1
5.222914218902588,1
5.270633697509766,1
5.261815547943115,1
5.255332946777344,1
5.2462944984436035,1
5.297060012817383,1
5.2248215675354,1
5.297333717346191,1
5.159242630004883,1
5.320052146911621,1
5.243110656738281,1
5.341824531555176,1
5.283839225769043,1
5.195964813232422,1
5.27642297744751,1
5.282362937927246,1
5.2645087242126465,1
5.281199932098389,1
5.171187400817871,1
5.180865287780762,1
5.144695281982422,1
5.323237895965576,1
5.283722877502441,1
5.3069047927856445,1
5.154382705688477,1
5.178140640258789,1
5.271450519561768,1
5.313918113708496,1
5.351381778717041,1
5.247231483459473,1
5.2271728515625,1
5.247163772583008,1
5.202396392822266,1
5.148889541625977,1
5.342380523681641,1
5.206239700317383,1
5.224133014678955,1
5.224592208862305,1
5.26767635345459,1
5.189966201782227,1
5.241621971130371,1
5.284034252166748,1
5.309821605682373,1
5.221667766571045,1
5.221306800842285,1
5.229201793670654,1
5.1641364097595215,1
5.151666164398193,1
5.288393497467041,1
5.2433013916015625,1
5.2888383865356445,1
5.382815837860107,1
5.240142345428467,1
5.223018646240234,1
5.255904674530029,1
5.244578838348389,1
5.226875305175781,1
5.168231964111328,1
5.252233505249023,1
5.284246444702148,1
5.288474082946777,1
5.282544136047363,1
5.25805139541626,1
5.234735488891602,1
5.1661601066589355,1
5.174617767333984,1
5.302966117858887,1
5.206352233886719,1
5.177999496459961,1
5.338210582733154,1
5.223897933959961,1
5.1966657638549805,1
5.317949295043945,1
5.2316179275512695,1
5.268651008605957,1
5.218286037445068,1
5.2822723388671875,1
5.220066547393799,1
5.28214168548584,1
5.228896141052246,1
5.278156280517578,1
5.230169773101807,1
5.210047721862793,1
5.2050886154174805,1
5.2138991355896,1
5.273931980133057,1
5.239527702331543,1
5.26002311706543,1
5.276101589202881,1
5.273711681365967,1
5.279420852661133,1
5.198788642883301,1
5.343385696411133,1
5.267952919006348,1
5.295106410980225,1
5.227684497833252,1
5.252370834350586,1
5.221404075622559,1
5.195037841796875,1
5.248089790344238,1
5.287341117858887,1
5.217423915863037,1
5.264126777648926,1
5.188228607177734,1
5.27601957321167,1
5.216225624084473,1
5.214419364929199,1
5.157931327819824,1
5.184751510620117,1
5.194228649139404,1
5.264896392822266,1
5.245008945465088,1
5.217570781707764,1
5.248278617858887,1
5.198258876800537,1
5.292739391326904,1
5.275920867919922,1
5.230886459350586,1
5.237648963928223,1
5.223946571350098,1
5.214013576507568,1
5.26083517074585,1
5.257425308227539,1
5.259405612945557,1
5.206783294677734,1
5.253104209899902,1
5.272974014282227,1
5.254792213439941,1
5.185337543487549,1
5.232374668121338,1
5.179783821105957,1
5.270084381103516,1
5.292210102081299,1
5.276384353637695,1
5.237415790557861,1
5.300335884094238,1
5.275422096252441,1
5.289113998413086,1
5.191146373748779,1
5.30781364440918,1
5.204379558563232,1
5.193658828735352,1
5.164034843444824,1
5.310551166534424,1
5.231328964233398,1
5.173149585723877,1
5.231512546539307,1
5.264627456665039,1
5.2553629875183105,1
5.11356782913208,1
5.258684158325195,1
5.322497367858887,1
5.297052383422852,1
5.217634201049805,1
5.184653282165527,1
5.219656944274902,1
5.26374626159668,1
5.247754096984863,1
5.225057125091553,1
5.227660655975342,1
5.242982864379883,1
5.282266139984131,1
5.2998433113098145,1
5.259502410888672,1
5.265598773956299,1
5.2505388259887695,1
5.266682147979736,1
5.189929962158203,1
5.227481842041016,1
5.1949381828308105,1
5.18998384475708,1
5.16018009185791,1
5.216419219970703,1
5.233814239501953,1
5.20489501953125,1
5.292298316955566,1
5.301999092102051,1
5.143648624420166,1
5.199553489685059,1
5.269050598144531,1
5.206801414489746,1
5.376371383666992,1
5.2435126304626465,1
5.20278263092041,1
5.319769859313965,1
5.212409496307373,1
5.203330039978027,1
5.303402423858643,1
5.288296699523926,1
5.300486087799072,1
5.349789142608643,1
5.295498847961426,1
5.262087345123291,1
5.185946464538574,1
5.281031131744385,1
5.199084758758545,1
5.249300003051758,1
5.199060916900635,1
5.288381576538086,1
5.187798976898193,1
5.287680625915527,1
5.289687633514404,1
5.255059719085693,1
5.293521881103516,1
5.215417861938477,1
5.216415882110596,1
5.249985694885254,1
5.302813529968262,1
5.302424430847168,1
5.199991226196289,1
5.334042549133301,1
5.275518417358398,1
5.230720043182373,1
5.230579376220703,1
5.254887104034424,1
5.335996627807617,1
5.34035062789917,1
5.19954252243042,1
5.138826370239258,1
5.189846992492676,1
5.228914260864258,1
5.301615238189697,1
5.243008613586426,1
5.224551200866699,1
5.214820861816406,1
5.325335502624512,1
5.184726238250732,1
5.317983627319336,1
5.322654724121094,1
5.294792175292969,1
5.156429290771484,1
5.2509846687316895,1
5.222780227661133,1
5.273548126220703,1
5.250140190124512,1
5.192866802215576,1
5.223902702331543,1
5.408571243286133,1
5.189367294311523,1
5.224011421203613,1
5.1855340003967285,1
5.273359298706055,1
5.308730602264404,1
5.204522132873535,1
5.321839332580566,1
5.265313148498535,1
5.270420074462891,1
5.2554168701171875,1
5.269308090209961,1
5.196527481079102,1
5.2938971519470215,1
5.307312965393066,1
5.2377400398254395,1
5.3557329177856445,1
5.281270980834961,1
5.262134075164795,1
5.209296226501465,1
5.223227500915527,1
5.2615203857421875,1
5.158306121826172,1
5.294209003448486,1
5.3309526443481445,1
5.165501594543457,1
5.2408928871154785,1
5.237669944763184,1
5.293361186981201,1
5.309548377990723,1
5.264512062072754,1
5.231655120849609,1
5.268241882324219,1
5.22719669342041,1
5.236486911773682,1
5.235684394836426,1
5.263509750366211,1
5.2108330726623535,1
5.195603847503662,1
5.241778373718262,1
5.306766986846924,1
5.323844909667969,1
5.257630348205566,1
5.280043125152588,1
5.226117134094238,1
5.155590057373047,1
5.222499370574951,1
5.257391929626465,1
5.217369556427002,1
5.246647834777832,1
5.219618797302246,1
5.177253723144531,1
5.244030952453613,1
5.23780632019043,1
5.181361198425293,1
5.177441596984863,1
5.323276519775391,1
5.154524803161621,1
5.290960311889648,1
5.253483295440674,1
5.293519020080566,1
5.309826850891113,1
5.224177360534668,1
5.30940055847168,1
5.201403617858887,1
5.210256576538086,1
5.290778160095215,1
5.2716264724731445,1
5.294741630554199,1
5.261590003967285,1
5.305521011352539,1
5.239849090576172,1
5.21171760559082,1
5.1983418464660645,1
5.215601921081543,1
5.206121921539307,1
5.165094375610352,1
5.214672565460205,1
5.365160942077637,1
5.270234107971191,1
5.188861846923828,1
5.203399658203125,1
5.258481979370117,1
5.270098686218262,1
5.230998516082764,1
5.320312976837158,1
5.2035722732543945,1
5.178128719329834,1
5.219444274902344,1
5.211647987365723,1
5.265619277954102,1
5.275655746459961,1
5.181938171386719,1
5.259433746337891,1
5.251773357391357,1
5.262606143951416,1
5.20902681350708,1
5.275693416595459,1
5.296592712402344,1
5.377137184143066,1
5.177875518798828,1
5.255600452423096,1
5.210660934448242,1
5.250816822052002,1
5.250616073608398,1
5.243078231811523,1
5.218889236450195,1
5.284816265106201,1
5.201766014099121,1
5.273482322692871,1
5.178714275360107,1
5.285783290863037,1
5.218221187591553,1
5.2014594078063965,1
5.258933067321777,1
5.237732887268066,1
5.137838363647461,1
5.23635721206665,1
5.206820964813232,1
5.221559524536133,1
5.184081077575684,1
5.220480442047119,1
5.207851409912109,1
5.238178253173828,1
5.292949676513672,1
5.238642692565918,1
5.213028907775879,1
5.1561126708984375,1
5.289005279541016,1
5.237082004547119,1
5.325162887573242,1
5.21533203125,1
5.2380523681640625,1
5.1526079177856445,1
5.161794662475586,1
5.282464027404785,1
5.231076240539551,1
5.240912437438965,1
5.180473804473877,1
5.191258430480957,1
5.251011371612549,1
5.202047824859619,1
5.3018951416015625,1
5.267572402954102,1
5.26113748550415,1
5.2255940437316895,1
5.277327060699463,1
5.284951686859131,1
5.227358818054199,1
5.2453742027282715,1
5.168910980224609,1
5.103156089782715,1
5.295640468597412,1
5.254436016082764,1
5.246055603027344,1
5.242337226867676,1
5.245270729064941,1
5.153697967529297,1
5.236176490783691,1
5.23081111907959,1
5.293646812438965,1
5.24086332321167,1
5.22222375869751,1
5.359274864196777,1
5.220622539520264,1
5.223642349243164,1
5.162174224853516,1
5.263570785522461,1
5.246362686157227,1
5.276771545410156,1
5.2458086013793945,1
5.23262882232666,1
5.2030158042907715,1
5.201830863952637,1
5.232649326324463,1
5.242362022399902,1
5.241666793823242,1
5.2250823974609375,1
5.229548454284668,1
5.241456031799316,1
5.292293548583984,1
5.228121280670166,1
5.276359558105469,1
5.208797454833984,1
5.315149784088135,1
5.34600305557251,1
5.229229927062988,1
5.342596530914307,1
5.282842636108398,1
5.360384464263916,1
5.251501083374023,1
5.181642055511475,1
5.181090354919434,1
5.241092205047607,1
5.265572547912598,1
5.28877067565918,1
5.2446184158325195,1
5.271071434020996,1
5.178645610809326,1
5.165435314178467,1
5.230473041534424,1
5.313442707061768,1
5.294943809509277,1
5.245209217071533,1
5.258172512054443,1
5.165417671203613,1
5.251233100891113,1
5.242722988128662,1
5.308193206787109,1
5.266486167907715,1
5.205570220947266,1
5.301589012145996,1
5.16039514541626,1
5.310358047485352,1
5.236120223999023,1
5.270624160766602,1
5.269509315490723,1
5.353257179260254,1
5.180195331573486,1
5.267843246459961,1
5.226292610168457,1
5.220028877258301,1
5.195096015930176,1
5.185186386108398,1
5.263082027435303,1
5.161325931549072,1
5.203320026397705,1
5.269218444824219,1
5.248956203460693,1
5.283473014831543,1
5.262703895568848,1
5.201282501220703,1
5.272578239440918,1
5.229106903076172,1
5.299020767211914,1
5.358162879943848,1
5.144351005554199,1
5.242228984832764,1
5.162632942199707,1
5.166704177856445,1
5.221966743469238,1
5.226391792297363,1
5.222586631774902,1
5.242242813110352,1
5.18698787689209,1
5.170907974243164,1
5.2090229988098145,1
5.172178268432617,1
5.217700958251953,1
5.285679817199707,1
5.305721282958984,1
5.315433979034424,1
5.275449752807617,1
5.1858062744140625,1
5.2092695236206055,1
5.271824359893799,1
5.293833255767822,1
5.204608917236328,1
5.169984340667725,1
5.237168312072754,1
5.320647239685059,1
5.2314910888671875,1
5.237896919250488,1
5.241835117340088,1
5.225161552429199,1
5.285239219665527,1
5.194479942321777,1
5.1686811447143555,1
5.167384624481201,1
5.2484941482543945,1
5.162020683288574,1
5.29783821105957,1
5.182861328125,1
5.198805332183838,1
5.203044891357422,1
5.253599166870117,1
5.298945903778076,1
5.243068695068359,1
5.2433929443359375,1
5.256586074829102,1
5.272581100463867,1
5.283329486846924,1
5.309070587158203,1
5.2325005531311035,1
5.284845352172852,1
5.2672224044799805,1
5.2224225997924805,1
5.254711627960205,1
5.270108699798584,1
5.3306660652160645,1
5.187046051025391,1
5.248445510864258,1
5.200094223022461,1
5.2703094482421875,1
5.22652530670166,1
5.271274089813232,1
5.280506134033203,1
5.178274631500244,1
5.242483139038086,1
5.300705432891846,1
5.317451477050781,1
5.226652145385742,1
5.226805686950684,1
5.275904655456543,1
5.165316581726074,1
5.124028205871582,1
5.215075969696045,1
5.229269027709961,1
5.2193450927734375,1
5.308444976806641,1
5.197288513183594,1
5.21675968170166,1
5.131404399871826,1
5.200860977172852,1
5.303027153015137,1
5.193796157836914,1
5.289137840270996,1
5.313610076904297,1
5.274891376495361,1
5.341405391693115,1
5.26519775390625,1
5.1981611251831055,1
5.213634490966797,1
5.134888648986816,1
5.176308631896973,1
5.2657551765441895,1
5.269067287445068,1
5.248089790344238,1
5.269500255584717,1
5.183106422424316,1
5.207018852233887,1
5.23841667175293,1
5.256802558898926,1
5.3430962562561035,1
5.149165153503418,1
5.177802562713623,1
5.279975891113281,1
5.283702373504639,1
5.3036675453186035,1
5.128044128417969,1
5.197281837463379,1
5.252627849578857,1
5.276656150817871,1
5.312158107757568,1
5.283030986785889,1
5.233312129974365,1
5.231888294219971,1
5.227285385131836,1
5.215264320373535,1
5.231241226196289,1
5.261569976806641,1
5.173567771911621,1
5.233595371246338,1
5.227769374847412,1
5.204777240753174,1
5.360556602478027,1
5.1774067878723145,1
5.193540573120117,1
5.2226362228393555,1
5.276185512542725,1
5.274470329284668,1
5.210756301879883,1
5.175127983093262,1
5.312461853027344,1
5.272001266479492,1
5.263329029083252,1
5.269888877868652,1
5.2544403076171875,1
5.2464470863342285,1
5.229129791259766,1
5.26544713973999,1
5.273198127746582,1
5.269321918487549,1
5.162234783172607,1
5.249603271484375,1
5.196144104003906,1
5.19196081161499,1
5.2120361328125,1
5.199160099029541,1
5.250892639160156,1
5.249968528747559,1
5.1902008056640625,1
5.341169834136963,1
5.291712284088135,1
5.289423942565918,1
5.2069549560546875,1
5.23499870300293,1
5.214580059051514,1
5.272268295288086,1
5.234718322753906,1
5.210763931274414,1
5.289226055145264,1
5.261966705322266,1
5.2256364822387695,1
5.2488837242126465,1
5.284777641296387,1
5.30283260345459,1
5.298105239868164,1
5.218717575073242,1
5.2117509841918945,1
5.282635688781738,1
5.235791206359863,1
5.317721843719482,1
5.2454328536987305,1
5.200998306274414,1
5.183823585510254,1
5.210805416107178,1
5.282829761505127,1
5.256284713745117,1
5.2426252365112305,1
5.2430949211120605,1
5.269559383392334,1
5.296912670135498,1
5.227834224700928,1
5.34285831451416,1
5.237685203552246,1
5.288771629333496,1
5.162897109985352,1
5.284948348999023,1
5.182933807373047,1
5.207935333251953,1
5.220087051391602,1
5.388654708862305,1
5.212846755981445,1
5.174195289611816,1
5.236719131469727,1
5.245718002319336,1
5.221132278442383,1
5.252073287963867,1
5.265007019042969,1
5.2449421882629395,1
5.287722587585449,1
5.19900369644165,1
5.218062877655029,1
5.195590019226074,1
5.1956024169921875,1
5.2399702072143555,1
5.260599136352539,1
5.22802734375,1
5.197667598724365,1
5.220458030700684,1
5.273858547210693,1
5.228714466094971,1
5.169981956481934,1
5.370371341705322,1
5.179603576660156,1
5.2292656898498535,1
5.249940872192383,1
5.274081230163574,1
5.283307075500488,1
5.305266380310059,1
5.300888538360596,1
5.294924736022949,1
5.211494445800781,1
5.160101890563965,1
5.164340496063232,1
5.244722366333008,1
5.294512748718262,1
5.224352836608887,1
5.280796527862549,1
5.351113319396973,1
5.343860626220703,1
5.163099765777588,1
5.248576641082764,1
5.241589546203613,1
5.280106544494629,1
5.308778285980225,1
5.201589584350586,1
5.206141471862793,1
5.1993584632873535,1
5.215775012969971,1
5.266101837158203,1
5.164334774017334,1
5.219330787658691,1
5.200879096984863,1
5.235715866088867,1
5.214108467102051,1
5.3076300621032715,1
5.1545186042785645,1
5.161744594573975,1
5.197918891906738,1
5.233721733093262,1
5.2526960372924805,1
5.34217643737793,1
5.164100646972656,1
5.168522834777832,1
5.216432094573975,1
5.223400115966797,1
5.272515296936035,1
5.178289890289307,1
5.151982307434082,1
5.194079399108887,1
5.225439071655273,1
5.340090274810791,1
5.117256164550781,1
5.141251087188721,1
5.203779220581055,1
5.176820755004883,1
5.182757377624512,1
5.174263954162598,1
5.237745761871338,1
5.183698654174805,1
5.271637439727783,1
5.260585784912109,1
5.2762346267700195,1
5.250877380371094,1
5.334569931030273,1
5.309190273284912,1
5.299548149108887,1
5.378263473510742,1
5.362848281860352,1
5.1930646896362305,1
5.272633075714111,1
5.338621616363525,1
5.161423683166504,1
5.298686981201172,1
5.2923502922058105,1
5.251481056213379,1
5.228107452392578,1
5.315889358520508,1
5.246253967285156,1
5.266401290893555,1
5.2453932762146,1
5.213615894317627,1
5.308825492858887,1
5.333795070648193,1
5.249749660491943,1
5.363019943237305,1
5.263997554779053,1
5.315003395080566,1
5.255000114440918,1
5.230278968811035,1
5.358555793762207,1
5.3203959465026855,1
5.24130916595459,1
5.235343933105469,1
5.2499847412109375,1
5.296321868896484,1
5.251593589782715,1
5.261320114135742,1
5.217369079589844,1
5.24423360824585,1
5.196089744567871,1
5.292768478393555,1
5.259064674377441,1
5.287411212921143,1
5.263720512390137,1
5.168854713439941,1
5.195443153381348,1
5.197351932525635,1
5.17418909072876,1
5.232398986816406,1
5.321279525756836,1
5.301541328430176,1
5.251267433166504,1
5.238595008850098,1
5.157736778259277,1
5.173264980316162,1
5.1892876625061035,1
5.259071350097656,1
5.2560224533081055,1
5.213482856750488,1
5.2463812828063965,1
5.1833086013793945,1
5.2871832847595215,1
5.295691013336182,1
5.1386213302612305,1
5.36089563369751,1
5.214017868041992,1
5.2009358406066895,1
5.212328910827637,1
5.274570465087891,1
5.34759521484375,1
5.242308616638184,1
5.222159385681152,1
5.248388290405273,1
5.230979919433594,1
5.232113361358643,1
5.190234661102295,1
5.223957538604736,1
5.215738296508789,1
5.233863830566406,1
5.161665916442871,1
5.410121440887451,1
5.263483047485352,1
5.331112861633301,1
5.169312477111816,1
5.368640899658203,1
5.278032302856445,1
5.233030796051025,1
5.161904335021973,1
5.222225189208984,1
5.279003143310547,1
5.312145233154297,1
5.238682746887207,1
5.32725715637207,1
5.231967926025391,1
5.2327375411987305,1
5.306023120880127,1
5.240889072418213,1
5.284204483032227,1
