2.3042383193969727,1
2.737196922302246,1
1.9545679092407227,1
2.904480457305908,1
2.544826030731201,1
2.4563870429992676,1
3.1338565349578857,1
2.223160982131958,1
2.251293420791626,1
2.0818450450897217,1
2.1714141368865967,1
2.4075489044189453,1
2.5537631511688232,1
3.0037951469421387,1
2.336108922958374,1
2.36193585395813,1
1.8214659690856934,1
2.572246551513672,1
2.3178019523620605,1
1.7427394390106201,1
2.4834089279174805,1
2.1301615238189697,1
2.459404468536377,1
1.972517967224121,1
2.371020555496216,1
1.7104177474975586,1
1.998779296875,1
2.6842615604400635,1
2.7805376052856445,1
2.5710525512695313,1
2.3242616653442383,1
1.9019896984100342,1
2.304169178009033,1
2.5200095176696777,1
3.1276512145996094,1
2.952881336212158,1
2.2315447330474854,1
2.9780831336975098,1
2.525869369506836,1
2.387026309967041,1
3.184018135070801,1
3.231776714324951,1
2.5997228622436523,1
2.2616477012634277,1
2.4427566528320313,1
2.9180383682250977,1
2.1706900596618652,1
1.9826515913009644,1
2.2276864051818848,1
2.44826078414917,1
2.7219626903533936,1
2.210420608520508,1
1.9766613245010376,1
2.83390736579895,1
2.7365005016326904,1
2.4008021354675293,1
1.8562653064727783,1
2.0175631046295166,1
2.477754831314087,1
2.840391159057617,1
2.226430892944336,1
2.3121793270111084,1
2.2220888137817383,1
2.4551897048950195,1
2.156325578689575,1
2.567653179168701,1
1.7937822341918945,1
2.496211528778076,1
2.4620184898376465,1
2.7885451316833496,1
2.2774276733398438,1
2.4097797870635986,1
2.8917741775512695,1
2.568925380706787,1
2.021514415740967,1
2.2566511631011963,1
2.001114845275879,1
2.599194049835205,1
2.501873731613159,1
2.251753330230713,1
2.6169915199279785,1
2.1657419204711914,1
1.856593132019043,1
2.4700803756713867,1
2.3277084827423096,1
2.212961435317993,1
2.5350289344787598,1
1.9357420206069946,1
2.5774102210998535,1
2.1752676963806152,1
2.102038860321045,1
2.5716352462768555,1
2.2798752784729004,1
1.8985340595245361,1
2.6042187213897705,1
1.9569183588027954,1
3.00071120262146,1
2.5660877227783203,1
3.2725517749786377,1
1.8589600324630737,1
3.119589328765869,1
2.289639472961426,1
2.190682888031006,1
3.0866689682006836,1
2.588085889816284,1
2.249819040298462,1
2.5162241458892822,1
2.7314624786376953,1
2.0263915061950684,1
2.3401713371276855,1
1.6135904788970947,1
3.639650583267212,1
2.0187864303588867,1
2.043687582015991,1
2.9043021202087402,1
2.652024507522583,1
2.97243070602417,1
2.1826281547546387,1
2.69989013671875,1
2.0748534202575684,1
1.8424623012542725,1
2.096351146697998,1
1.9703880548477173,1
2.5157151222229004,1
2.599781036376953,1
2.226699113845825,1
2.3272175788879395,1
1.9789199829101563,1
2.84611439704895,1
2.7828590869903564,1
1.738490343093872,1
2.7011749744415283,1
2.785491466522217,1
2.917048931121826,1
2.1515145301818848,1
1.7700517177581787,1
1.646759271621704,1
2.5251235961914063,1
1.9513545036315918,1
2.3523294925689697,1
2.444863796234131,1
2.515058994293213,1
2.331341505050659,1
2.4065427780151367,1
1.7792208194732666,1
2.532151937484741,1
2.070000410079956,1
2.9444527626037598,1
2.2863574028015137,1
1.666168212890625,1
2.216409206390381,1
2.4445412158966064,1
1.9369356632232666,1
2.218193531036377,1
2.049564838409424,1
2.3873515129089355,1
2.3942413330078125,1
2.1571249961853027,1
2.6907730102539063,1
2.427044630050659,1
2.621716022491455,1
2.2160513401031494,1
1.8874404430389404,1
2.7128491401672363,1
2.0071463584899902,1
2.3144772052764893,1
2.4753828048706055,1
2.609206199645996,1
2.391894817352295,1
2.5086541175842285,1
2.189263105392456,1
2.376399040222168,1
2.115781784057617,1
1.982381820678711,1
1.9590716361999512,1
1.8716998100280762,1
2.0396063327789307,1
2.8469486236572266,1
1.9820928573608398,1
2.444296360015869,1
2.474538803100586,1
2.2116153240203857,1
2.070492744445801,1
2.391195774078369,1
2.566521167755127,1
2.8727712631225586,1
4.849193572998047,1
3.175304889678955,1
2.3164050579071045,1
2.2365946769714355,1
1.9904896020889282,1
1.743133783340454,1
2.1000094413757324,1
2.4635064601898193,1
2.0546672344207764,1
2.534086227416992,1
2.3389334678649902,1
1.774289608001709,1
2.2261476516723633,1
2.752723455429077,1
2.4446651935577393,1
2.411752700805664,1
1.9441471099853516,1
2.4482126235961914,1
2.0645594596862793,1
1.6114435195922852,1
2.594675064086914,1
2.2854971885681152,1
1.772067666053772,1
2.2422473430633545,1
2.571164131164551,1
2.068338632583618,1
1.7768620252609253,1
2.9920125007629395,1
2.456141471862793,1
3.070530414581299,1
2.1678848266601563,1
2.0599589347839355,1
2.386312961578369,1
2.4393882751464844,1
2.2905659675598145,1
2.426893949508667,1
2.9327054023742676,1
2.1306920051574707,1
2.3020987510681152,1
2.277778148651123,1
2.341731309890747,1
2.5459580421447754,1
2.052931785583496,1
2.5581953525543213,1
1.9752388000488281,1
2.185072422027588,1
1.979978322982788,1
2.3213324546813965,1
1.7084887027740479,1
2.2334046363830566,1
1.9984261989593506,1
1.9199903011322021,1
2.3616981506347656,1
1.8903005123138428,1
2.0451102256774902,1
1.5746324062347412,1
2.6810860633850098,1
2.28812313079834,1
2.186007022857666,1
2.139105796813965,1
2.3637027740478516,1
2.560178279876709,1
2.8174166679382324,1
2.2637810707092285,1
2.2154178619384766,1
2.107412338256836,1
2.2047677040100098,1
2.0274527072906494,1
3.650547504425049,1
2.047269344329834,1
2.386150360107422,1
2.1704115867614746,1
2.8694210052490234,1
2.179936170578003,1
2.5346410274505615,1
1.5049875974655151,1
2.0707778930664063,1
1.7368685007095337,1
2.5949082374572754,1
1.974919080734253,1
2.193305015563965,1
2.7803993225097656,1
2.0290486812591553,1
2.1830010414123535,1
2.0545880794525146,1
2.9107513427734375,1
2.410352945327759,1
2.432992935180664,1
2.105806350708008,1
2.433865547180176,1
1.7777185440063477,1
2.3564655780792236,1
1.9094408750534058,1
2.5098304748535156,1
2.1777079105377197,1
2.3346495628356934,1
1.8835499286651611,1
2.179295063018799,1
2.45841121673584,1
2.119593858718872,1
2.6297740936279297,1
2.3548269271850586,1
1.7874882221221924,1
2.178093433380127,1
1.9099020957946777,1
2.114685535430908,1
2.111344814300537,1
3.1021382808685303,1
2.0642776489257813,1
2.612947463989258,1
2.2679944038391113,1
2.027829647064209,1
1.883787989616394,1
2.216951608657837,1
2.058258533477783,1
1.7163677215576172,1
2.0131235122680664,1
1.7837281227111816,1
1.8291957378387451,1
2.3045365810394287,1
2.2054097652435303,1
2.496575355529785,1
2.6164298057556152,1
2.1372246742248535,1
1.6314913034439087,1
2.0597105026245117,1
2.2957663536071777,1
2.139671564102173,1
1.8389286994934082,1
2.381823778152466,1
1.8521265983581543,1
2.679291248321533,1
2.021580457687378,1
2.8443610668182373,1
1.9979212284088135,1
3.026531219482422,1
2.7171406745910645,1
2.953190326690674,1
2.6528663635253906,1
1.6625635623931885,1
2.3252599239349365,1
1.686926245689392,1
1.9570027589797974,1
1.9546234607696533,1
1.777726411819458,1
2.226447820663452,1
2.2008132934570313,1
2.064513921737671,1
2.80311918258667,1
2.418302536010742,1
1.9157757759094238,1
2.543605327606201,1
2.142850875854492,1
2.323134422302246,1
2.239861249923706,1
1.7916604280471802,1
2.033435583114624,1
2.1159441471099854,1
2.0304055213928223,1
2.1622447967529297,1
1.5121212005615234,1
2.6755318641662598,1
2.3739161491394043,1
2.7164950370788574,1
2.8873372077941895,1
2.6365208625793457,1
2.073887348175049,1
2.04888653755188,1
1.66852867603302,1
2.004823684692383,1
2.243241310119629,1
1.9820773601531982,1
2.6025850772857666,1
2.598398447036743,1
2.4199788570404053,1
2.3985440731048584,1
2.1099929809570313,1
2.20265793800354,1
2.18837308883667,1
2.6977572441101074,1
2.612433671951294,1
2.2489700317382813,1
2.3690147399902344,1
3.520580768585205,1
2.2233426570892334,1
2.9362220764160156,1
2.783421516418457,1
2.620084762573242,1
2.336477279663086,1
2.763641834259033,1
3.30639386177063,1
3.123692035675049,1
2.489859104156494,1
1.960836410522461,1
2.971266269683838,1
2.4033548831939697,1
2.7384519577026367,1
2.4188194274902344,1
1.6583868265151978,1
2.6645257472991943,1
2.00449800491333,1
3.584455966949463,1
2.3113059997558594,1
3.0523414611816406,1
2.774549722671509,1
2.5013856887817383,1
2.3528032302856445,1
2.4404194355010986,1
2.187595844268799,1
2.6278748512268066,1
2.220757007598877,1
2.221127986907959,1
1.8649901151657104,1
2.83500075340271,1
1.8724923133850098,1
2.2065396308898926,1
2.0783181190490723,1
2.28895902633667,1
1.9815788269042969,1
1.9206905364990234,1
2.8023204803466797,1
2.066453456878662,1
2.545231819152832,1
2.8673248291015625,1
2.8531088829040527,1
1.7782994508743286,1
2.2115366458892822,1
2.632054567337036,1
2.788935422897339,1
2.0581917762756348,1
2.253279447555542,1
1.9005788564682007,1
2.698585271835327,1
2.5234649181365967,1
2.141916275024414,1
2.6194674968719482,1
2.2521018981933594,1
2.002854585647583,1
2.134758472442627,1
2.37850284576416,1
2.0876731872558594,1
2.412585735321045,1
2.076018810272217,1
2.49198842048645,1
2.172912120819092,1
2.843996286392212,1
2.0260655879974365,1
2.5359597206115723,1
2.0515129566192627,1
2.814141273498535,1
2.633925437927246,1
2.2774391174316406,1
2.130277156829834,1
2.4879488945007324,1
2.4872019290924072,1
2.393157958984375,1
2.7637453079223633,1
2.660019874572754,1
2.318551540374756,1
2.3272571563720703,1
2.0165340900421143,1
2.3480381965637207,1
1.943711519241333,1
2.0194835662841797,1
2.133047580718994,1
2.59732723236084,1
2.8348875045776367,1
1.736844539642334,1
2.0561447143554688,1
2.1373305320739746,1
2.033489942550659,1
1.9042644500732422,1
2.4588165283203125,1
2.555278778076172,1
2.444408416748047,1
2.642416000366211,1
2.153576135635376,1
2.439364194869995,1
2.5661253929138184,1
2.010979652404785,1
1.9720854759216309,1
1.8146514892578125,1
2.474041223526001,1
2.275399684906006,1
2.0412139892578125,1
1.819288969039917,1
2.2280101776123047,1
3.0613338947296143,1
2.157433032989502,1
2.0897183418273926,1
2.3201498985290527,1
2.8511695861816406,1
1.8332371711730957,1
2.5720267295837402,1
2.108856678009033,1
2.707437753677368,1
1.9501335620880127,1
1.4103771448135376,1
2.178654909133911,1
2.049764633178711,1
3.1287906169891357,1
1.8937733173370361,1
2.334697723388672,1
3.024447202682495,1
2.2942795753479004,1
2.232294797897339,1
2.4698848724365234,1
2.162838935852051,1
1.9123790264129639,1
2.49947190284729,1
3.0655288696289063,1
2.369417190551758,1
2.251065969467163,1
2.3102831840515137,1
2.1572060585021973,1
1.9461122751235962,1
2.377913475036621,1
2.7639503479003906,1
2.2108592987060547,1
2.998793601989746,1
2.2857964038848877,1
2.5790255069732666,1
2.2180023193359375,1
2.53998064994812,1
2.621426582336426,1
2.1381113529205322,1
2.1292476654052734,1
2.4405393600463867,1
2.3409669399261475,1
2.53826642036438,1
2.408137321472168,1
2.4211621284484863,1
1.8186776638031006,1
2.3334906101226807,1
2.3465681076049805,1
2.330260992050171,1
2.1176791191101074,1
1.9855132102966309,1
2.1758041381835938,1
2.6510391235351563,1
1.759459137916565,1
2.009363889694214,1
2.181596040725708,1
2.5271143913269043,1
1.8610082864761353,1
2.000554084777832,1
2.0863935947418213,1
2.1938717365264893,1
2.18584942817688,1
1.8611948490142822,1
1.8119165897369385,1
2.8199269771575928,1
1.7953987121582031,1
2.774615526199341,1
2.560607433319092,1
2.1021571159362793,1
1.9365144968032837,1
3.205497980117798,1
2.6924242973327637,1
2.983454465866089,1
2.0226781368255615,1
1.990053415298462,1
2.0722150802612305,1
1.9733493328094482,1
1.9494982957839966,1
2.1851022243499756,1
1.6098122596740723,1
2.1185901165008545,1
2.2096316814422607,1
2.0575242042541504,1
2.0041632652282715,1
2.2811388969421387,1
2.3276524543762207,1
2.3908700942993164,1
1.951369047164917,1
2.3948023319244385,1
2.918747663497925,1
2.83164119720459,1
3.641498565673828,1
2.4898171424865723,1
3.0280356407165527,1
2.3906919956207275,1
2.4996156692504883,1
2.4571449756622314,1
2.0705037117004395,1
3.016235828399658,1
2.6952004432678223,1
2.093024969100952,1
2.6675310134887695,1
3.0834336280822754,1
2.5909180641174316,1
2.407268762588501,1
2.817923069000244,1
2.3035600185394287,1
2.4798226356506348,1
2.983785629272461,1
2.367093563079834,1
2.1223630905151367,1
2.2710771560668945,1
2.0920894145965576,1
2.410989284515381,1
2.4371509552001953,1
2.6306281089782715,1
2.4475772380828857,1
2.8436756134033203,1
2.7871594429016113,1
3.0763704776763916,1
1.9335055351257324,1
2.5393640995025635,1
2.2351222038269043,1
2.3702659606933594,1
2.4916539192199707,1
2.0890941619873047,1
2.2332544326782227,1
2.6574511528015137,1
2.4077420234680176,1
1.9515286684036255,1
2.5387516021728516,1
2.652066230773926,1
2.005188226699829,1
2.14876127243042,1
1.6889935731887817,1
3.1370694637298584,1
1.9593770503997803,1
3.349578619003296,1
2.3051581382751465,1
1.9936554431915283,1
2.2040250301361084,1
2.6840977668762207,1
2.233377456665039,1
2.346250534057617,1
2.2117667198181152,1
2.2569973468780518,1
2.274838924407959,1
1.8537944555282593,1
2.5056331157684326,1
2.5761208534240723,1
2.325439214706421,1
2.61580753326416,1
1.9638185501098633,1
2.678295612335205,1
2.6041207313537598,1
2.0788612365722656,1
2.495112419128418,1
2.1316895484924316,1
2.2378058433532715,1
2.72865629196167,1
3.54249906539917,1
2.4755237102508545,1
2.246515989303589,1
2.2286276817321777,1
1.9119548797607422,1
3.0826902389526367,1
2.145049571990967,1
2.1862902641296387,1
2.565650224685669,1
2.2692368030548096,1
2.5365843772888184,1
2.655651092529297,1
2.6257760524749756,1
2.3813138008117676,1
2.7440316677093506,1
2.0547475814819336,1
2.6443843841552734,1
2.6286182403564453,1
2.383687973022461,1
2.232740879058838,1
2.0333352088928223,1
2.419377565383911,1
2.2973873615264893,1
2.03916072845459,1
2.4590096473693848,1
2.4791793823242188,1
2.4135074615478516,1
3.273730754852295,1
2.014993667602539,1
2.1830224990844727,1
2.380842447280884,1
2.371066093444824,1
1.9023118019104004,1
2.57682466506958,1
1.8893980979919434,1
1.9613741636276245,1
2.0224127769470215,1
2.580012083053589,1
2.6879310607910156,1
2.832589626312256,1
1.9581245183944702,1
2.628455877304077,1
2.8974990844726563,1
2.1504855155944824,1
2.7712345123291016,1
2.2137269973754883,1
1.7086371183395386,1
2.5203661918640137,1
2.679727792739868,1
1.9197120666503906,1
2.3167500495910645,1
1.9935036897659302,1
1.8766217231750488,1
2.324019432067871,1
2.34783673286438,1
2.3891372680664063,1
2.177628755569458,1
2.112628698348999,1
1.6147277355194092,1
2.3066673278808594,1
2.1588010787963867,1
3.6096205711364746,1
2.5368123054504395,1
2.660896062850952,1
2.7831034660339355,1
2.095872402191162,1
2.755876064300537,1
2.1223933696746826,1
2.2115533351898193,1
2.0914080142974854,1
2.250135898590088,1
2.4084291458129883,1
2.2332916259765625,1
2.5122551918029785,1
2.2424707412719727,1
1.8543918132781982,1
2.202364921569824,1
2.7818546295166016,1
2.2547895908355713,1
2.2431986331939697,1
3.1158227920532227,1
2.12554931640625,1
2.0269556045532227,1
1.960679054260254,1
2.1926217079162598,1
2.147444248199463,1
2.5389857292175293,1
2.1046712398529053,1
2.078705310821533,1
2.402240037918091,1
2.34414005279541,1
1.653982400894165,1
2.1178674697875977,1
2.081282138824463,1
1.9579048156738281,1
2.7516674995422363,1
2.6627402305603027,1
3.4466910362243652,1
2.8903470039367676,1
2.882493495941162,1
2.3715500831604004,1
1.9534478187561035,1
2.8976876735687256,1
2.1229867935180664,1
2.080012321472168,1
3.193547487258911,1
2.5657989978790283,1
2.327164649963379,1
3.4490833282470703,1
2.1835618019104004,1
2.231779098510742,1
2.5651118755340576,1
3.7401535511016846,1
3.2160286903381348,1
2.3401286602020264,1
1.7881996631622314,1
3.5745530128479004,1
2.855742931365967,1
3.0832712650299072,1
2.2668514251708984,1
2.4334535598754883,1
2.5765037536621094,1
1.945693016052246,1
3.4188199043273926,1
2.7497775554656982,1
2.2562150955200195,1
2.243868589401245,1
1.5610477924346924,1
2.170248508453369,1
1.8510026931762695,1
2.6158909797668457,1
2.277585506439209,1
2.413609504699707,1
2.1465649604797363,1
2.491835594177246,1
2.7982335090637207,1
2.686079978942871,1
1.943009853363037,1
3.1343696117401123,1
2.231553077697754,1
2.874464988708496,1
2.1758031845092773,1
3.2307944297790527,1
2.6249032020568848,1
2.72701096534729,1
2.313852071762085,1
2.8358521461486816,1
2.398608684539795,1
2.14668345451355,1
2.479020833969116,1
2.7036259174346924,1
2.4394567012786865,1
2.0821943283081055,1
2.389695405960083,1
1.965470552444458,1
2.0378103256225586,1
2.509890079498291,1
2.5313358306884766,1
2.3303446769714355,1
2.420222520828247,1
2.329477310180664,1
2.3454670906066895,1
3.729801654815674,1
2.5115528106689453,1
2.785421848297119,1
2.05086088180542,1
1.9504117965698242,1
2.093357563018799,1
1.600105881690979,1
2.3900246620178223,1
2.517350912094116,1
2.4350881576538086,1
2.219684600830078,1
2.198930501937866,1
2.818185806274414,1
1.9291102886199951,1
2.2303662300109863,1
2.3568975925445557,1
2.929751396179199,1
2.2547998428344727,1
1.9769871234893799,1
2.15317702293396,1
2.6429195404052734,1
2.2386093139648438,1
2.322299003601074,1
2.876481533050537,1
2.5088131427764893,1
1.7038705348968506,1
2.273634433746338,1
2.394571542739868,1
2.674907684326172,1
2.107663154602051,1
2.6481237411499023,1
2.412363052368164,1
2.7421703338623047,1
2.089693307876587,1
2.660867214202881,1
2.7872471809387207,1
2.3268604278564453,1
2.356851100921631,1
2.029816150665283,1
2.893596649169922,1
2.8411548137664795,1
3.1898622512817383,1
1.9124369621276855,1
2.2670741081237793,1
2.1313419342041016,1
3.050544261932373,1
2.6263437271118164,1
2.264822006225586,1
2.202521324157715,1
2.7233753204345703,1
2.0367801189422607,1
2.2838492393493652,1
1.8604135513305664,1
2.396296501159668,1
2.1849169731140137,1
1.9098095893859863,1
2.5752549171447754,1
2.433373212814331,1
2.5640478134155273,1
2.2138493061065674,1
1.6553969383239746,1
2.0288078784942627,1
2.7067530155181885,1
1.7949931621551514,1
1.6386504173278809,1
2.0877301692962646,1
2.0151829719543457,1
1.7269752025604248,1
2.6241226196289063,1
2.740464687347412,1
2.327704429626465,1
2.3857860565185547,1
2.1676993370056152,1
2.572969913482666,1
2.451017141342163,1
1.7277929782867432,1
2.577465534210205,1
1.7485785484313965,1
2.2587995529174805,1
2.100799798965454,1
2.389155387878418,1
2.629265785217285,1
2.204638719558716,1
2.76975154876709,1
2.2382636070251465,1
2.5693397521972656,1
2.6421942710876465,1
2.4398458003997803,1
2.363096237182617,1
1.6139180660247803,1
2.087143898010254,1
2.3609533309936523,1
2.234764575958252,1
2.74015474319458,1
3.409902334213257,1
2.0894014835357666,1
2.2574777603149414,1
2.7540197372436523,1
2.5569918155670166,1
2.81773042678833,1
2.1756129264831543,1
2.6285667419433594,1
1.991104006767273,1
2.216610908508301,1
1.9704890251159668,1
2.447007894515991,1
2.8748912811279297,1
2.3747687339782715,1
2.5326333045959473,1
2.3356618881225586,1
2.590916156768799,1
1.8319032192230225,1
2.0789480209350586,1
2.242190361022949,1
1.8880126476287842,1
2.27459454536438,1
1.627618670463562,1
2.6028997898101807,1
2.35024356842041,1
2.8626670837402344,1
1.9262030124664307,1
2.454110622406006,1
2.390293598175049,1
2.7745676040649414,1
1.6618149280548096,1
2.7839221954345703,1
2.5541179180145264,1
2.0491671562194824,1
2.2343435287475586,1
2.427626609802246,1
2.261981964111328,1
1.8329083919525146,1
2.178982973098755,1
2.3758528232574463,1
2.036595344543457,1
2.2954728603363037,1
2.1004958152770996,1
2.4697108268737793,1
2.054008960723877,1
2.065913677215576,1
2.5915746688842773,1
2.378652811050415,1
1.4526045322418213,1
2.8297383785247803,1
1.7310163974761963,1
2.1755447387695313,1
2.58416485786438,1
1.988721489906311,1
2.704584836959839,1
2.2471530437469482,1
2.469836473464966,1
2.486368179321289,1
2.4639995098114014,1
2.9794554710388184,1
1.8922574520111084,1
1.8581467866897583,1
2.181321144104004,1
1.777451753616333,1
2.054503917694092,1
2.549417495727539,1
2.0107202529907227,1
1.882002830505371,1
2.157515287399292,1
2.4013314247131348,1
2.107821226119995,1
2.5175015926361084,1
1.9069563150405884,1
2.630094528198242,1
2.886117696762085,1
2.263486623764038,1
1.8593130111694336,1
2.1550064086914063,1
1.5794817209243774,1
2.439601421356201,1
2.243885040283203,1
3.0382132530212402,1
2.5759668350219727,1
1.8283331394195557,1
2.3141579627990723,1
1.8717396259307861,1
1.9249813556671143,1
2.7197184562683105,1
2.711698055267334,1
2.652541160583496,1
2.0299923419952393,1
2.112417697906494,1
2.511814594268799,1
2.1647329330444336,1
2.2243876457214355,1
2.249197006225586,1
2.4568939208984375,1
2.6014609336853027,1
2.7111010551452637,1
2.0331664085388184,1
2.542532444000244,1
2.179054021835327,1
2.4402575492858887,1
2.4603471755981445,1
1.9624780416488647,1
2.4003381729125977,1
1.9130641222000122,1
3.1796340942382813,1
2.1289563179016113,1
2.594270944595337,1
2.452920436859131,1
3.0148067474365234,1
2.260028600692749,1
2.7203383445739746,1
2.29803729057312,1
2.488525390625,1
2.8604702949523926,1
2.1087746620178223,1
2.5450730323791504,1
2.4713072776794434,1
2.5716817378997803,1
3.404313087463379,1
2.565208911895752,1
2.605557918548584,1
2.6484618186950684,1
2.567962884902954,1
2.813581943511963,1
2.762467384338379,1
2.5256807804107666,1
2.480422258377075,1
2.684166431427002,1
3.3671865463256836,1
2.4132704734802246,1
2.242136001586914,1
2.3250885009765625,1
2.356851577758789,1
2.6054582595825195,1
2.250854253768921,1
2.2079789638519287,1
2.426400661468506,1
2.390347957611084,1
2.865532875061035,1
3.3462648391723633,1
2.499523639678955,1
1.853905439376831,1
2.653172492980957,1
1.7960903644561768,1
2.256518840789795,1
1.890540599822998,1
2.4121789932250977,1
2.2940993309020996,1
2.377918243408203,1
2.009708881378174,1
2.310589075088501,1
2.449704170227051,1
2.3553545475006104,1
2.0354814529418945,1
2.5938916206359863,1
2.081217050552368,1
2.536667585372925,1
2.5053281784057617,1
2.589887857437134,1
2.037266254425049,1
2.680905342102051,1
1.9603180885314941,1
2.088937282562256,1
1.7101792097091675,1
1.995516061782837,1
2.2293829917907715,1
2.4088854789733887,1
2.0734610557556152,1
2.2091064453125,1
2.8778464794158936,1
1.8837482929229736,1
2.2528324127197266,1
1.859156608581543,1
2.1779685020446777,1
2.448638677597046,1
2.202660083770752,1
2.135063648223877,1
1.9190009832382202,1
2.293790578842163,1
2.002455234527588,1
2.483720302581787,1
2.2871458530426025,1
1.8686097860336304,1
2.0356929302215576,1
2.4978268146514893,1
2.417141914367676,1
2.4035913944244385,1
3.0332083702087402,1
2.3556175231933594,1
2.6291022300720215,1
1.9789202213287354,1
2.761371612548828,1
2.346280097961426,1
2.5022716522216797,1
2.290046453475952,1
2.4745125770568848,1
1.8554357290267944,1
2.682176113128662,1
2.4712538719177246,1
2.604226589202881,1
1.939562439918518,1
2.7293357849121094,1
2.3453125953674316,1
2.32611083984375,1
2.8144330978393555,1
1.6527469158172607,1
2.2378690242767334,1
2.4183449745178223,1
2.2593960762023926,1
2.263397693634033,1
2.204969644546509,1
2.8012022972106934,1
2.1382064819335938,1
2.59623384475708,1
2.5374221801757813,1
2.7899246215820313,1
2.3494811058044434,1
2.196239471435547,1
2.6103897094726563,1
2.269559383392334,1
2.464799165725708,1
2.1266889572143555,1
2.3929712772369385,1
3.190106153488159,1
2.4912538528442383,1
2.3909192085266113,1
2.7642812728881836,1
2.4642577171325684,1
2.019585609436035,1
1.8851683139801025,1
2.2889204025268555,1
2.2804641723632813,1
2.2767834663391113,1
2.4141790866851807,1
2.9137799739837646,1
2.06270170211792,1
3.2172465324401855,1
3.0123631954193115,1
2.542036533355713,1
1.7354419231414795,1
2.325672149658203,1
2.8115718364715576,1
2.336012601852417,1
2.2119719982147217,1
1.930267333984375,1
2.9377593994140625,1
3.0731263160705566,1
2.723701000213623,1
2.640317916870117,1
2.7872607707977295,1
2.494997501373291,1
2.6984400749206543,1
2.1623120307922363,1
2.123934268951416,1
2.467392921447754,1
2.7873129844665527,1
2.63395357131958,1
2.3446788787841797,1
2.1079626083374023,1
2.435757637023926,1
2.4311389923095703,1
2.815655469894409,1
2.825357437133789,1
2.217916965484619,1
2.495774745941162,1
1.6155223846435547,1
2.399944305419922,1
2.1599197387695313,1
3.03132700920105,1
2.2763125896453857,1
2.476447582244873,1
2.314009189605713,1
2.5196657180786133,1
2.444121837615967,1
1.7985907793045044,1
2.292841911315918,1
2.4451818466186523,1
2.0986130237579346,1
2.698115825653076,1
1.87776517868042,1
2.2705256938934326,1
2.7384538650512695,1
2.2729315757751465,1
2.277556896209717,1
1.9318079948425293,1
1.9029738903045654,1
2.045910120010376,1
2.713634967803955,1
2.3592352867126465,1
2.2594287395477295,1
2.271756887435913,1
3.741298198699951,1
2.389181137084961,1
2.4784789085388184,1
2.0917952060699463,1
1.8116307258605957,1
3.1495418548583984,1
2.8675270080566406,1
2.3903255462646484,1
2.287846088409424,1
2.26112699508667,1
1.8740943670272827,1
2.3510453701019287,1
2.3786516189575195,1
2.3415210247039795,1
2.3710007667541504,1
2.1026697158813477,1
2.265357255935669,1
2.86578369140625,1
2.9181745052337646,1
1.9997426271438599,1
2.5218429565429688,1
2.1675381660461426,1
2.1010890007019043,1
2.437723159790039,1
2.84271502494812,1
2.1327550411224365,1
2.2042620182037354,1
2.3412880897521973,1
2.491279125213623,1
2.053053617477417,1
2.363175392150879,1
2.2163851261138916,1
1.9784778356552124,1
2.398470401763916,1
2.3265304565429688,1
2.734978675842285,1
1.7965681552886963,1
2.640502452850342,1
2.206883430480957,1
1.9636619091033936,1
1.7530310153961182,1
2.334954261779785,1
1.8638914823532104,1
2.12905216217041,1
2.7045459747314453,1
2.461024045944214,1
2.361957311630249,1
2.3945980072021484,1
1.9933770895004272,1
2.4050819873809814,1
2.319768190383911,1
2.502957820892334,1
2.3585705757141113,1
2.060276985168457,1
2.695690393447876,1
2.148534059524536,1
2.3163809776306152,1
2.200051784515381,1
1.9578782320022583,1
2.4135470390319824,1
2.66426420211792,1
1.8536304235458374,1
2.531463623046875,1
2.2999355792999268,1
2.2258834838867188,1
2.3149285316467285,1
2.414567232131958,1
1.8233479261398315,1
2.692817449569702,1
2.6033897399902344,1
1.6376231908798218,1
2.021296739578247,1
2.3236794471740723,1
2.312197208404541,1
2.346156358718872,1
1.7521495819091797,1
2.279280662536621,1
1.9278820753097534,1
2.731466293334961,1
2.0323429107666016,1
2.098362922668457,1
2.5956192016601563,1
2.202613592147827,1
2.7262773513793945,1
2.4590883255004883,1
1.9354753494262695,1
1.8520073890686035,1
2.370628833770752,1
2.760219097137451,1
2.108172655105591,1
2.7457659244537354,1
2.847466468811035,1
2.0846190452575684,1
2.224947452545166,1
2.8386621475219727,1
2.9879238605499268,1
1.7698734998703003,1
2.225801944732666,1
2.1073577404022217,1
1.9443891048431396,1
2.1927595138549805,1
2.2056589126586914,1
3.19803524017334,1
2.6904079914093018,1
2.3056321144104004,1
2.400148868560791,1
1.9165868759155273,1
3.046597957611084,1
2.9680798053741455,1
2.7886569499969482,1
2.0338666439056396,1
2.755870819091797,1
2.130728006362915,1
2.340364933013916,1
2.9726357460021973,1
2.36452054977417,1
2.258484125137329,1
2.0237836837768555,1
2.258908271789551,1
1.995805263519287,1
2.55326247215271,1
2.1862738132476807,1
2.819188117980957,1
1.7056753635406494,1
2.338695526123047,1
2.431408166885376,1
2.3819947242736816,1
2.828273057937622,1
1.7816909551620483,1
1.940316081047058,1
2.3843648433685303,1
1.7588012218475342,1
2.1648645401000977,1
2.366084337234497,1
2.124250888824463,1
2.2383604049682617,1
2.0713467597961426,1
2.8291029930114746,1
2.0012261867523193,1
1.8763880729675293,1
1.8583515882492065,1
2.243239402770996,1
2.2832155227661133,1
2.4985580444335938,1
3.2110588550567627,1
3.00567889213562,1
2.1347436904907227,1
2.4149417877197266,1
1.7284364700317383,1
1.842806339263916,1
2.03702974319458,1
1.6324586868286133,1
2.2383551597595215,1
2.2150354385375977,1
2.3252124786376953,1
1.959566354751587,1
2.1722168922424316,1
1.6917574405670166,1
2.3805084228515625,1
2.159247398376465,1
1.9671849012374878,1
1.9375245571136475,1
1.7059001922607422,1
1.8507205247879028,1
2.3006973266601563,1
1.876784086227417,1
2.7124428749084473,1
2.2427287101745605,1
2.587611675262451,1
1.8923074007034302,1
2.5623831748962402,1
1.4272382259368896,1
1.889272689819336,1
1.3675040006637573,1
2.4732882976531982,1
1.9666132926940918,1
2.216629981994629,1
2.153541088104248,1
2.7363500595092773,1
2.351634979248047,1
3.1828956604003906,1
2.8250648975372314,1
2.559469699859619,1
2.1509265899658203,1
2.095874309539795,1
2.6475038528442383,1
2.3525209426879883,1
1.6784467697143555,1
3.018460273742676,1
2.4138569831848145,1
2.4063503742218018,1
2.400620937347412,1
2.2754900455474854,1
2.4660496711730957,1
2.102687120437622,1
1.8693723678588867,1
1.7427856922149658,1
1.7532165050506592,1
2.5389719009399414,1
2.7019619941711426,1
2.395453929901123,1
2.5586764812469482,1
2.0837697982788086,1
2.393813133239746,1
2.3756368160247803,1
2.6412343978881836,1
2.644005060195923,1
2.325434923171997,1
2.5601370334625244,1
2.9009175300598145,1
2.892030715942383,1
2.1185102462768555,1
1.8787460327148438,1
1.930959701538086,1
2.569304943084717,1
3.1656947135925293,1
2.4882659912109375,1
2.3249552249908447,1
1.9351215362548828,1
2.084718704223633,1
2.2611918449401855,1
3.032635450363159,1
2.5577127933502197,1
2.0424270629882813,1
2.7509822845458984,1
1.7608888149261475,1
2.865044355392456,1
2.445441722869873,1
2.51488995552063,1
2.4289727210998535,1
2.2602620124816895,1
2.8908305168151855,1
2.3958635330200195,1
2.913017749786377,1
2.0858957767486572,1
1.966367244720459,1
2.4591026306152344,1
2.65994930267334,1
2.0050106048583984,1
2.7460992336273193,1
2.7755167484283447,1
2.3832783699035645,1
1.949797511100769,1
2.235611915588379,1
1.7340540885925293,1
1.934114933013916,1
2.8031187057495117,1
3.1289401054382324,1
2.686326265335083,1
2.243746280670166,1
2.2016000747680664,1
2.9826536178588867,1
2.2196993827819824,1
2.546929359436035,1
2.1454968452453613,1
1.740149974822998,1
1.9903172254562378,1
2.401367425918579,1
1.889941692352295,1
2.383537530899048,1
2.499223232269287,1
2.698334217071533,1
2.1957757472991943,1
2.3886497020721436,1
2.5071754455566406,1
2.8438572883605957,1
3.3245933055877686,1
2.167722225189209,1
2.2703306674957275,1
2.4356539249420166,1
1.876173496246338,1
2.52394700050354,1
2.977302312850952,1
2.6038691997528076,1
2.4206724166870117,1
2.4939703941345215,1
2.52105712890625,1
2.642559051513672,1
2.2759151458740234,1
2.1628522872924805,1
2.326434373855591,1
2.350964069366455,1
1.913947343826294,1
2.3973870277404785,1
2.273733615875244,1
2.6815881729125977,1
2.247667074203491,1
1.983834147453308,1
1.7487362623214722,1
2.48024320602417,1
2.2723445892333984,1
2.4105122089385986,1
2.508469820022583,1
2.3391318321228027,1
2.689890146255493,1
2.7388229370117188,1
2.816221237182617,1
3.0095036029815674,1
2.305128574371338,1
2.863802433013916,1
1.7772941589355469,1
2.5200562477111816,1
2.277315378189087,1
1.7261366844177246,1
2.1545238494873047,1
1.9271039962768555,1
1.8289973735809326,1
2.5435752868652344,1
2.6054763793945313,1
2.63188099861145,1
2.3260650634765625,1
2.332599401473999,1
2.5122995376586914,1
2.560171604156494,1
2.23978328704834,1
2.001612663269043,1
2.405270576477051,1
2.985525131225586,1
2.383181571960449,1
2.864388942718506,1
2.5492162704467773,1
2.6544857025146484,1
3.0030252933502197,1
2.0546183586120605,1
2.6462790966033936,1
3.013662815093994,1
2.3569416999816895,1
2.3513333797454834,1
2.1094212532043457,1
2.5649209022521973,1
2.44443416595459,1
2.529217004776001,1
2.350802421569824,1
2.4468750953674316,1
2.8757028579711914,1
2.423830509185791,1
2.234105110168457,1
2.547680377960205,1
2.4634780883789063,1
1.9696853160858154,1
2.165393590927124,1
1.9280962944030762,1
2.0736420154571533,1
3.3319344520568848,1
2.172990322113037,1
2.112671375274658,1
2.5963549613952637,1
2.862330675125122,1
2.3934078216552734,1
2.5810205936431885,1
2.111623764038086,1
1.7738679647445679,1
1.9358799457550049,1
2.1687350273132324,1
2.081693410873413,1
2.350813627243042,1
2.5439586639404297,1
2.6665093898773193,1
2.261166572570801,1
1.5566661357879639,1
2.0427145957946777,1
2.707941770553589,1
2.436217784881592,1
2.014993190765381,1
2.7939374446868896,1
2.243666648864746,1
1.5708922147750854,1
2.39833402633667,1
2.247668981552124,1
2.881587505340576,1
2.0459237098693848,1
2.489854335784912,1
2.009962558746338,1
2.1842851638793945,1
2.5235471725463867,1
2.218096971511841,1
2.4572291374206543,1
2.1349611282348633,1
2.169497489929199,1
1.949691891670227,1
1.8891751766204834,1
1.549931526184082,1
1.9285385608673096,1
2.3378186225891113,1
1.7969388961791992,1
2.2310070991516113,1
2.0785131454467773,1
1.908402442932129,1
2.0723371505737305,1
1.6589055061340332,1
2.1865878105163574,1
2.0142836570739746,1
2.0027809143066406,1
1.8401068449020386,1
1.9143458604812622,1
2.2177882194519043,1
2.928882122039795,1
2.5451769828796387,1
1.804246187210083,1
2.0937628746032715,1
2.531632900238037,1
2.9755866527557373,1
1.9631558656692505,1
3.097198724746704,1
2.129333019256592,1
2.2881388664245605,1
2.2355504035949707,1
2.199988603591919,1
2.4982783794403076,1
2.5334370136260986,1
2.3984627723693848,1
1.8080724477767944,1
2.8564987182617188,1
2.6651968955993652,1
2.210360527038574,1
1.8227782249450684,1
2.5241940021514893,1
2.987002372741699,1
2.5676164627075195,1
2.550381660461426,1
2.5914885997772217,1
2.465982675552368,1
2.579408645629883,1
2.1747474670410156,1
3.1030850410461426,1
2.8977770805358887,1
2.839921474456787,1
2.0389719009399414,1
2.5278677940368652,1
2.440347194671631,1
2.6708498001098633,1
2.5717809200286865,1
2.2325565814971924,1
2.431884288787842,1
2.89027738571167,1
2.0914578437805176,1
2.429067611694336,1
2.491701602935791,1
2.526146411895752,1
2.2391867637634277,1
2.192782402038574,1
3.0367040634155273,1
2.758127212524414,1
2.217033863067627,1
2.2315621376037598,1
2.5670535564422607,1
2.6268537044525146,1
3.825120687484741,1
1.940629243850708,1
2.4371821880340576,1
2.6939167976379395,1
2.688354253768921,1
2.2413554191589355,1
3.3108277320861816,1
2.5991716384887695,1
2.8806354999542236,1
2.5918726921081543,1
1.7407199144363403,1
2.30007004737854,1
2.2205581665039063,1
2.3052916526794434,1
2.3764095306396484,1
2.465876340866089,1
2.273313522338867,1
2.7857015132904053,1
2.044525623321533,1
2.451490879058838,1
2.0468554496765137,1
2.7563347816467285,1
2.966421127319336,1
1.9221080541610718,1
2.2616257667541504,1
2.7520508766174316,1
2.7497472763061523,1
2.186400890350342,1
2.720456123352051,1
1.846894383430481,1
2.1589572429656982,1
2.9786264896392822,1
2.261197805404663,1
2.11275577545166,1
2.0334174633026123,1
2.380178928375244,1
2.2043356895446777,1
2.0397284030914307,1
1.9625065326690674,1
2.518494129180908,1
2.6050877571105957,1
2.5748419761657715,1
2.45205020904541,1
2.3131537437438965,1
2.2146284580230713,1
2.235792398452759,1
2.439748525619507,1
2.4444899559020996,1
2.911586046218872,1
2.185283660888672,1
2.5608394145965576,1
2.5047683715820313,1
2.438270092010498,1
2.660876989364624,1
2.709705352783203,1
3.4294588565826416,1
2.907675266265869,1
3.1448583602905273,1
2.2384979724884033,1
1.9278661012649536,1
2.3641695976257324,1
2.721879482269287,1
2.4205617904663086,1
2.3348441123962402,1
2.8028056621551514,1
2.7727949619293213,1
2.7560510635375977,1
2.011941432952881,1
2.6882729530334473,1
2.5828309059143066,1
2.0860424041748047,1
2.554198741912842,1
2.2338006496429443,1
2.5820393562316895,1
2.1854758262634277,1
2.5791802406311035,1
2.1067276000976563,1
1.9132130146026611,1
2.321572780609131,1
2.855541706085205,1
2.02193546295166,1
2.26389217376709,1
1.9304916858673096,1
1.981637716293335,1
2.8045496940612793,1
1.467733383178711,1
2.4677040576934814,1
2.0513172149658203,1
2.1205358505249023,1
2.289858341217041,1
2.051424026489258,1
2.0526485443115234,1
2.986933469772339,1
2.1888537406921387,1
2.04835844039917,1
2.2859039306640625,1
2.39117169380188,1
1.9317059516906738,1
2.0998623371124268,1
2.88196063041687,1
1.892359733581543,1
2.447023868560791,1
1.8215547800064087,1
2.256537437438965,1
2.002126932144165,1
2.240537166595459,1
2.3553671836853027,1
2.3342323303222656,1
2.531925678253174,1
1.9165748357772827,1
3.040487289428711,1
2.2593934535980225,1
1.9394919872283936,1
1.7949496507644653,1
2.555384635925293,1
2.6148319244384766,1
2.676910877227783,1
2.651336193084717,1
2.7026185989379883,1
2.5154542922973633,1
2.299593448638916,1
1.6343011856079102,1
2.6435301303863525,1
2.8006327152252197,1
2.467534303665161,1
2.01845121383667,1
2.203887701034546,1
2.398685932159424,1
2.695244550704956,1
1.823095679283142,1
1.940901756286621,1
2.232296943664551,1
2.0851550102233887,1
2.354513645172119,1
2.5506973266601563,1
2.0860137939453125,1
2.6023213863372803,1
2.1944403648376465,1
2.3124890327453613,1
1.792182445526123,1
2.0900614261627197,1
2.3634605407714844,1
2.040963649749756,1
2.4662342071533203,1
2.0554730892181396,1
2.2023189067840576,1
1.9539998769760132,1
1.942620873451233,1
2.469343423843384,1
2.16770076751709,1
2.044975757598877,1
2.1408023834228516,1
2.603764057159424,1
1.9742910861968994,1
2.2799293994903564,1
2.089580535888672,1
1.8277394771575928,1
2.2631633281707764,1
1.9878504276275635,1
2.1277577877044678,1
2.2988638877868652,1
1.940134048461914,1
1.8451316356658936,1
1.88648521900177,1
2.572767972946167,1
2.600827693939209,1
3.0136027336120605,1
2.070186138153076,1
3.157233238220215,1
2.3068394660949707,1
2.766383171081543,1
2.5099077224731445,1
2.5169873237609863,1
2.346954345703125,1
2.7365329265594482,1
2.491934299468994,1
3.163933753967285,1
2.2683186531066895,1
2.468433380126953,1
2.6001057624816895,1
2.3883252143859863,1
2.685540199279785,1
2.3386178016662598,1
2.3385775089263916,1
1.9895031452178955,1
2.4568023681640625,1
2.4047622680664063,1
2.467879295349121,1
2.9332003593444824,1
1.90769362449646,1
2.774756669998169,1
2.0978291034698486,1
1.8949371576309204,1
2.0638785362243652,1
2.3430674076080322,1
1.7902538776397705,1
2.9488186836242676,1
3.472548007965088,1
1.8670893907546997,1
2.4890599250793457,1
1.9115279912948608,1
4.048057556152344,1
2.9535932540893555,1
2.439953088760376,1
1.9956902265548706,1
2.2817888259887695,1
3.0072860717773438,1
2.374201774597168,1
2.307075023651123,1
2.758342742919922,1
2.023818254470825,1
2.1820170879364014,1
2.290189504623413,1
2.390049457550049,1
2.1423821449279785,1
2.407508373260498,1
1.948661208152771,1
2.0942330360412598,1
2.0275044441223145,1
2.6559629440307617,1
2.213451862335205,1
2.5425848960876465,1
2.0946381092071533,1
2.670152187347412,1
2.4171509742736816,1
3.025930166244507,1
2.4407033920288086,1
3.3645901679992676,1
2.0569255352020264,1
1.8732266426086426,1
2.3081507682800293,1
2.115874767303467,1
2.0238194465637207,1
1.8826736211776733,1
2.0543689727783203,1
2.624030590057373,1
2.7542386054992676,1
2.405688762664795,1
2.0006654262542725,1
2.9657998085021973,1
1.6614750623703003,1
2.0337414741516113,1
2.4526758193969727,1
2.029299259185791,1
2.081211805343628,1
2.5011229515075684,1
2.333678722381592,1
3.425999164581299,1
2.2513434886932373,1
1.9760723114013672,1
2.3140881061553955,1
2.9125914573669434,1
1.974400520324707,1
2.6234803199768066,1
2.0743408203125,1
2.287442922592163,1
2.8839733600616455,1
2.4928083419799805,1
1.913828730583191,1
2.1037211418151855,1
2.1095643043518066,1
2.254055976867676,1
1.8415545225143433,1
2.102792501449585,1
2.3871164321899414,1
2.1859827041625977,1
3.060476303100586,1
2.334890604019165,1
2.4517276287078857,1
2.254680871963501,1
2.062201976776123,1
3.022977113723755,1
2.279388427734375,1
2.439718723297119,1
2.3717856407165527,1
2.821152687072754,1
2.7381112575531006,1
2.5975191593170166,1
2.2667243480682373,1
2.4995169639587402,1
2.4375035762786865,1
2.1077346801757813,1
2.54176926612854,1
2.1843671798706055,1
2.394486904144287,1
3.0616090297698975,1
2.5277552604675293,1
1.921053171157837,1
2.631589889526367,1
2.5993924140930176,1
2.739894151687622,1
1.8201515674591064,1
1.7590579986572266,1
2.139055013656616,1
2.4449357986450195,1
2.507755756378174,1
2.367619037628174,1
2.7068960666656494,1
2.322801351547241,1
2.200455665588379,1
1.7588608264923096,1
2.733748197555542,1
2.5733838081359863,1
2.077751636505127,1
2.1095447540283203,1
2.601428985595703,1
2.4751453399658203,1
1.7380608320236206,1
2.353285551071167,1
1.944216012954712,1
2.047229051589966,1
3.181260108947754,1
2.093174695968628,1
2.427083969116211,1
2.4741430282592773,1
2.535468101501465,1
2.0401031970977783,1
2.2607383728027344,1
2.4717063903808594,1
2.5567214488983154,1
2.6389787197113037,1
2.056917190551758,1
2.4516663551330566,1
2.218273878097534,1
2.3114233016967773,1
2.0391650199890137,1
2.2093546390533447,1
2.3025262355804443,1
1.8064783811569214,1
2.0603904724121094,1
1.775397777557373,1
2.3140530586242676,1
2.0956673622131348,1
2.8167314529418945,1
2.728494882583618,1
2.942638874053955,1
2.6116092205047607,1
2.4302878379821777,1
2.1454479694366455,1
2.727970600128174,1
2.062124490737915,1
2.0572872161865234,1
1.7675502300262451,1
2.8079001903533936,1
2.5055766105651855,1
1.9516817331314087,1
2.3821918964385986,1
2.2404582500457764,1
2.5335946083068848,1
2.14220929145813,1
3.003558874130249,1
2.2407760620117188,1
2.4156494140625,1
3.551865339279175,1
2.475447654724121,1
1.9721182584762573,1
2.4353623390197754,1
2.5368423461914063,1
2.345125198364258,1
2.34859299659729,1
1.8235538005828857,1
2.4492616653442383,1
2.90423846244812,1
2.689997911453247,1
2.769397735595703,1
2.5572876930236816,1
1.9110610485076904,1
1.8316867351531982,1
2.299219846725464,1
2.6096222400665283,1
2.202115535736084,1
2.1964800357818604,1
1.8707878589630127,1
2.051903009414673,1
1.8533958196640015,1
2.555516481399536,1
2.6827316284179688,1
2.5012640953063965,1
1.7864717245101929,1
2.222010612487793,1
2.261078357696533,1
2.5342929363250732,1
2.4681477546691895,1
2.371527671813965,1
2.305321216583252,1
2.1138558387756348,1
2.3158278465270996,1
2.3522160053253174,1
1.8906694650650024,1
2.047463893890381,1
2.4543192386627197,1
2.0055694580078125,1
3.6293153762817383,1
1.7720153331756592,1
2.7509357929229736,1
2.228519916534424,1
3.0131356716156006,1
2.451854944229126,1
2.673346996307373,1
2.3525655269622803,1
1.918306827545166,1
3.7310099601745605,1
3.2320024967193604,1
1.7224116325378418,1
2.405116081237793,1
1.9501594305038452,1
2.599740982055664,1
1.9182765483856201,1
2.075683116912842,1
2.6446163654327393,1
2.1976466178894043,1
2.4514083862304688,1
2.9519295692443848,1
1.8522839546203613,1
3.0175416469573975,1
1.927396297454834,1
2.165980100631714,1
2.896846294403076,1
2.35036301612854,1
3.2109625339508057,1
2.760952949523926,1
2.418529510498047,1
2.4722461700439453,1
2.5250773429870605,1
2.797135829925537,1
3.0023860931396484,1
2.6217992305755615,1
2.0499207973480225,1
1.9325637817382813,1
2.453763484954834,1
1.9575955867767334,1
2.345614433288574,1
2.0366134643554688,1
2.030369281768799,1
2.307541847229004,1
3.0337705612182617,1
2.25260066986084,1
2.0473341941833496,1
2.0606184005737305,1
2.0289125442504883,1
2.314892530441284,1
1.737548589706421,1
2.061201572418213,1
2.5550785064697266,1
2.6279542446136475,1
2.2880077362060547,1
1.6833016872406006,1
2.7668685913085938,1
3.5112600326538086,1
3.1957268714904785,1
1.9701104164123535,1
2.435661792755127,1
2.2604286670684814,1
2.3300256729125977,1
2.7648282051086426,1
2.2923073768615723,1
2.0658352375030518,1
3.0234947204589844,1
2.1810731887817383,1
2.246913433074951,1
1.8828134536743164,1
2.598226308822632,1
2.808683395385742,1
2.2567214965820313,1
1.8842294216156006,1
2.0496950149536133,1
1.905179738998413,1
1.937342882156372,1
1.7303693294525146,1
2.430083990097046,1
2.320906162261963,1
2.050107955932617,1
2.7718124389648438,1
2.0245742797851563,1
2.091284990310669,1
1.770506739616394,1
2.505364418029785,1
2.7207870483398438,1
1.678999900817871,1
2.1936583518981934,1
1.7546889781951904,1
2.3746724128723145,1
2.2586841583251953,1
1.5722641944885254,1
1.6504606008529663,1
2.0135958194732666,1
1.7830102443695068,1
2.5138187408447266,1
2.3422534465789795,1
2.132580280303955,1
2.532762050628662,1
2.911181688308716,1
3.1079888343811035,1
2.1403074264526367,1
2.214233160018921,1
2.4400010108947754,1
2.4109151363372803,1
2.5564961433410645,1
2.5750861167907715,1
2.5387649536132813,1
3.6232337951660156,1
2.2538957595825195,1
2.04665470123291,1
2.536116600036621,1
3.1739208698272705,1
2.296865463256836,1
3.1292614936828613,1
2.2092270851135254,1
2.18190336227417,1
2.2393622398376465,1
2.143150568008423,1
2.5851926803588867,1
2.0583605766296387,1
2.586487293243408,1
2.902362823486328,1
2.2211294174194336,1
2.2033333778381348,1
2.119083881378174,1
2.7554569244384766,1
2.4852795600891113,1
2.102710247039795,1
2.3876216411590576,1
1.562552571296692,1
2.4828267097473145,1
2.227006435394287,1
2.0554497241973877,1
2.290584087371826,1
2.010941743850708,1
1.9927113056182861,1
2.0219478607177734,1
1.9150420427322388,1
2.6175503730773926,1
2.3880624771118164,1
2.069653272628784,1
2.6451902389526367,1
2.3980050086975098,1
1.7767252922058105,1
2.0265603065490723,1
1.9962327480316162,1
1.97616446018219,1
1.9405357837677002,1
1.903672218322754,1
2.1324262619018555,1
1.9852142333984375,1
2.216324806213379,1
2.3041586875915527,1
2.1578307151794434,1
2.5981903076171875,1
1.9972422122955322,1
2.2166686058044434,1
2.4996304512023926,1
2.3129937648773193,1
2.9895544052124023,1
2.616805076599121,1
2.7257699966430664,1
2.0737948417663574,1
2.1877875328063965,1
1.9643980264663696,1
2.207827091217041,1
2.1905934810638428,1
2.044135570526123,1
2.874175786972046,1
2.530372142791748,1
2.256121873855591,1
2.203343152999878,1
2.284254312515259,1
2.1089415550231934,1
2.6774821281433105,1
2.242506504058838,1
1.8223583698272705,1
2.0460712909698486,1
2.3020522594451904,1
2.4991602897644043,1
2.6431612968444824,1
2.8123254776000977,1
2.7206263542175293,1
2.2145297527313232,1
2.1385622024536133,1
2.9285144805908203,1
2.0874481201171875,1
2.1089553833007813,1
2.29720401763916,1
1.9790860414505005,1
2.08862566947937,1
2.1040186882019043,1
1.8953837156295776,1
2.8080406188964844,1
1.7945983409881592,1
2.48954701423645,1
2.6112771034240723,1
2.969627857208252,1
1.68699312210083,1
2.5807156562805176,1
2.348958969116211,1
2.703214168548584,1
2.592106819152832,1
2.06687068939209,1
1.8734949827194214,1
3.66168475151062,1
2.3988332748413086,1
2.3729236125946045,1
1.9466960430145264,1
2.1443750858306885,1
2.031358242034912,1
2.5450456142425537,1
2.428295612335205,1
2.3574585914611816,1
2.67545223236084,1
1.9482154846191406,1
2.9021644592285156,1
2.221791982650757,1
3.9820497035980225,1
2.477109909057617,1
2.430337429046631,1
3.8995473384857178,1
3.1567766666412354,1
2.449875831604004,1
2.8354082107543945,1
2.661217212677002,1
2.789768934249878,1
2.6901793479919434,1
2.7214221954345703,1
2.556415557861328,1
3.2160279750823975,1
2.684110641479492,1
2.6672821044921875,1
2.3984923362731934,1
2.238255500793457,1
2.56630277633667,1
2.463005304336548,1
2.965024471282959,1
2.458371162414551,1
1.9121344089508057,1
2.5487799644470215,1
2.9919354915618896,1
2.7375333309173584,1
2.460247278213501,1
2.543961524963379,1
1.9463709592819214,1
2.8401756286621094,1
1.9451442956924438,1
2.1378302574157715,1
1.8822495937347412,1
2.6770992279052734,1
2.816122055053711,1
2.0636239051818848,1
1.9858769178390503,1
2.0132863521575928,1
2.0776968002319336,1
2.3982791900634766,1
2.2666687965393066,1
2.2991890907287598,1
2.16654634475708,1
2.3640942573547363,1
2.406726598739624,1
2.204694986343384,1
2.3502695560455322,1
2.353966236114502,1
2.7365071773529053,1
1.9624228477478027,1
1.7738323211669922,1
2.201786518096924,1
1.6104366779327393,1
1.9267497062683105,1
2.2626664638519287,1
1.9690380096435547,1
1.6880533695220947,1
2.155217409133911,1
2.3876256942749023,1
2.602095365524292,1
2.218207359313965,1
2.5126161575317383,1
2.6389055252075195,1
2.2525599002838135,1
2.8270578384399414,1
2.51690673828125,1
2.345576763153076,1
2.4391610622406006,1
2.3635900020599365,1
2.5426313877105713,1
3.242410898208618,1
2.148512840270996,1
2.751507520675659,1
2.3955531120300293,1
3.057692289352417,1
2.4334559440612793,1
2.255481243133545,1
2.256742477416992,1
2.5520577430725098,1
2.072291374206543,1
1.9783881902694702,1
2.276029586791992,1
1.95966374874115,1
2.7976326942443848,1
2.2684502601623535,1
2.8449976444244385,1
2.2418875694274902,1
2.536986827850342,1
2.07171893119812,1
2.3700428009033203,1
1.8170361518859863,1
2.167721748352051,1
4.218417644500732,1
2.463545322418213,1
1.9776198863983154,1
2.854858160018921,1
2.289989948272705,1
3.1671886444091797,1
2.092115640640259,1
2.0966744422912598,1
2.0789339542388916,1
2.406269073486328,1
2.3329029083251953,1
2.593414306640625,1
2.3339436054229736,1
2.952909231185913,1
2.7130842208862305,1
2.661893844604492,1
2.2419862747192383,1
2.0555074214935303,1
2.5473058223724365,1
2.2526919841766357,1
2.393528938293457,1
1.9964311122894287,1
1.94206702709198,1
1.9268784523010254,1
2.789231300354004,1
2.745349884033203,1
2.230419635772705,1
2.16519832611084,1
2.3410472869873047,1
2.0863094329833984,1
1.8531043529510498,1
1.9731838703155518,1
2.1800754070281982,1
2.2704098224639893,1
2.4352879524230957,1
2.0598437786102295,1
1.9440209865570068,1
2.1196510791778564,1
2.186919689178467,1
2.1153016090393066,1
1.8925116062164307,1
2.830026388168335,1
3.0133683681488037,1
2.125032901763916,1
2.74269437789917,1
1.771885633468628,1
2.571707248687744,1
2.0868310928344727,1
2.488689422607422,1
2.4094228744506836,1
1.9351317882537842,1
2.18751859664917,1
1.959101676940918,1
2.0067296028137207,1
2.4575963020324707,1
2.0271153450012207,1
2.074436664581299,1
2.1024227142333984,1
2.383549213409424,1
2.344318389892578,1
2.4547598361968994,1
2.0062427520751953,1
1.6557190418243408,1
2.2083334922790527,1
2.313826560974121,1
2.1693594455718994,1
2.3761367797851563,1
1.6757558584213257,1
2.6437063217163086,1
2.0864484310150146,1
2.1305079460144043,1
2.111626148223877,1
1.717329978942871,1
2.6859827041625977,1
2.104627847671509,1
1.8370361328125,1
2.0053625106811523,1
2.0221569538116455,1
2.5379247665405273,1
2.5536699295043945,1
2.5067663192749023,1
1.769049882888794,1
2.090085983276367,1
2.320868492126465,1
2.3381199836730957,1
2.004150629043579,1
2.5712313652038574,1
2.794074535369873,1
2.2874908447265625,1
2.072969675064087,1
2.4235851764678955,1
2.738834857940674,1
1.672889232635498,1
2.118396282196045,1
2.1957592964172363,1
2.088219165802002,1
1.7834141254425049,1
1.8251301050186157,1
2.05391526222229,1
2.357285976409912,1
2.5284178256988525,1
2.0172033309936523,1
2.6391353607177734,1
2.8064818382263184,1
1.9047017097473145,1
2.3661205768585205,1
1.8355371952056885,1
2.3788552284240723,1
2.312318801879883,1
2.48565673828125,1
2.1336941719055176,1
2.056581497192383,1
2.1349077224731445,1
2.1306796073913574,1
3.1029834747314453,1
2.5929439067840576,1
2.3401927947998047,1
2.1346182823181152,1
2.0677762031555176,1
2.120615005493164,1
2.2756459712982178,1
2.013762950897217,1
2.0472140312194824,1
2.3790059089660645,1
1.7390062808990479,1
1.9002407789230347,1
2.922142744064331,1
2.5659313201904297,1
2.624330520629883,1
1.9147883653640747,1
2.7258410453796387,1
2.58087158203125,1
2.7280402183532715,1
2.7162163257598877,1
2.434438705444336,1
2.2461767196655273,1
1.8857498168945313,1
2.685595989227295,1
2.273379325866699,1
2.462588310241699,1
1.9216609001159668,1
2.3899412155151367,1
2.6857500076293945,1
2.2426247596740723,1
2.104454278945923,1
2.2465670108795166,1
1.9003727436065674,1
1.7849541902542114,1
2.3970305919647217,1
2.298769950866699,1
2.031783103942871,1
2.102402687072754,1
2.2652852535247803,1
2.470221519470215,1
2.2890899181365967,1
2.6041738986968994,1
2.1045994758605957,1
2.1197946071624756,1
1.889997959136963,1
1.9693324565887451,1
2.4392590522766113,1
2.1264851093292236,1
2.291590690612793,1
2.2137489318847656,1
2.5636348724365234,1
2.004580497741699,1
2.2059459686279297,1
2.615513563156128,1
2.0485503673553467,1
2.104517936706543,1
2.337578296661377,1
2.455223321914673,1
2.2318246364593506,1
2.8802642822265625,1
2.179293155670166,1
3.3476786613464355,1
2.8174500465393066,1
2.206815719604492,1
2.741400718688965,1
2.601884603500366,1
3.2305092811584473,1
2.894577741622925,1
1.9701567888259888,1
3.169098377227783,1
2.7096424102783203,1
2.294288158416748,1
2.233644962310791,1
2.470515489578247,1
3.011384963989258,1
2.6179659366607666,1
2.819904327392578,1
2.672142744064331,1
3.7712182998657227,1
2.227112293243408,1
2.2251930236816406,1
1.7699834108352661,1
2.2904977798461914,1
2.3645853996276855,1
2.3836989402770996,1
2.6874794960021973,1
1.670964002609253,1
2.6481056213378906,1
2.245670795440674,1
2.4286446571350098,1
2.5059216022491455,1
2.517838478088379,1
2.25661301612854,1
2.905557632446289,1
2.367246627807617,1
2.317803382873535,1
2.360628604888916,1
3.1575841903686523,1
2.9461865425109863,1
2.0856399536132813,1
2.7361106872558594,1
1.8201119899749756,1
3.0400240421295166,1
3.4445648193359375,1
2.4104413986206055,1
2.608919143676758,1
2.3476064205169678,1
2.8046913146972656,1
2.7185873985290527,1
2.5918736457824707,1
2.2227423191070557,1
3.11908221244812,1
3.59714412689209,1
3.935908794403076,1
3.7187323570251465,1
3.2836596965789795,1
2.6940479278564453,1
2.849482536315918,1
4.598805904388428,1
3.4028377532958984,1
2.823796272277832,1
2.3406307697296143,1
2.4688522815704346,1
2.72459077835083,1
2.9184906482696533,1
2.529113292694092,1
2.1072864532470703,1
2.9703660011291504,1
3.1816232204437256,1
2.782698154449463,1
2.203582525253296,1
3.6598868370056152,1
2.763819456100464,1
2.929969549179077,1
2.539764404296875,1
2.7375450134277344,1
2.518467426300049,1
2.5580759048461914,1
2.3116016387939453,1
2.2551708221435547,1
2.425686836242676,1
2.3228626251220703,1
2.4585609436035156,1
2.793257474899292,1
1.9557783603668213,1
2.2294018268585205,1
2.3400778770446777,1
2.655379295349121,1
2.2765016555786133,1
1.9752601385116577,1
2.449178695678711,1
2.5929431915283203,1
2.154021739959717,1
3.072971820831299,1
2.207371950149536,1
2.643251419067383,1
2.1403563022613525,1
2.7183141708374023,1
1.9706811904907227,1
2.764308214187622,1
2.2219080924987793,1
2.6026225090026855,1
2.260052442550659,1
2.143629312515259,1
1.9540458917617798,1
2.4248504638671875,1
2.4397192001342773,1
2.6411962509155273,1
1.761183261871338,1
3.0536751747131348,1
2.434666633605957,1
2.493443012237549,1
2.341118335723877,1
2.4681882858276367,1
2.9282469749450684,1
2.236781597137451,1
2.2707247734069824,1
2.6461215019226074,1
1.9444166421890259,1
2.4837260246276855,1
2.36865234375,1
2.1023550033569336,1
2.4008755683898926,1
2.102597713470459,1
2.83512020111084,1
2.1763274669647217,1
3.0275306701660156,1
2.333332061767578,1
2.3695671558380127,1
2.253441333770752,1
2.7557899951934814,1
2.0882630348205566,1
2.2494213581085205,1
2.108210802078247,1
2.0910096168518066,1
2.134989023208618,1
2.5859055519104004,1
2.5343542098999023,1
2.530416250228882,1
2.233694076538086,1
1.9898350238800049,1
2.182218074798584,1
1.9030735492706299,1
2.240966320037842,1
2.1443896293640137,1
2.5834097862243652,1
2.062008857727051,1
2.385798931121826,1
1.91843843460083,1
1.960958480834961,1
2.28825044631958,1
1.8111467361450195,1
2.433579921722412,1
2.760756015777588,1
2.3592514991760254,1
2.1338400840759277,1
2.2649786472320557,1
1.8959120512008667,1
2.1031858921051025,1
2.2769410610198975,1
1.8556368350982666,1
2.3850221633911133,1
1.9027950763702393,1
2.301257371902466,1
1.8639576435089111,1
2.6492409706115723,1
1.8672298192977905,1
2.6471943855285645,1
2.39888858795166,1
2.140505790710449,1
2.2848315238952637,1
1.6228790283203125,1
2.037482500076294,1
2.013695240020752,1
1.9368683099746704,1
2.3515734672546387,1
2.1385436058044434,1
2.2109127044677734,1
2.7409164905548096,1
1.9120266437530518,1
1.9238338470458984,1
2.6001768112182617,1
2.464160442352295,1
2.3028225898742676,1
2.2887086868286133,1
1.7762041091918945,1
2.5297608375549316,1
2.038637161254883,1
1.9012455940246582,1
1.9825057983398438,1
2.6234641075134277,1
2.073570489883423,1
2.537045955657959,1
3.5352649688720703,1
2.122568130493164,1
2.2436416149139404,1
1.8842406272888184,1
2.740642547607422,1
2.615783214569092,1
2.3993215560913086,1
2.304624080657959,1
2.2128732204437256,1
2.1260879039764404,1
2.05949068069458,1
2.6134281158447266,1
2.1264936923980713,1
2.3316969871520996,1
2.6396782398223877,1
2.3730292320251465,1
2.152604103088379,1
2.3935651779174805,1
2.083414077758789,1
2.466155529022217,1
2.173344135284424,1
2.156946897506714,1
2.684257745742798,1
2.162538528442383,1
3.012843608856201,1
2.350416660308838,1
2.8749144077301025,1
2.0072948932647705,1
2.0814056396484375,1
2.5132336616516113,1
1.816663384437561,1
1.8288084268569946,1
2.2907497882843018,1
2.5594921112060547,1
2.4386355876922607,1
2.9238123893737793,1
1.9847149848937988,1
2.6201601028442383,1
2.4469387531280518,1
2.388004779815674,1
2.29156231880188,1
2.4240617752075195,1
2.300349235534668,1
2.348588466644287,1
2.3626742362976074,1
2.320988178253174,1
2.238961696624756,1
1.9657224416732788,1
2.451949119567871,1
2.549464702606201,1
2.2760908603668213,1
2.710815906524658,1
2.083024740219116,1
2.2729482650756836,1
2.168489456176758,1
2.2032365798950195,1
3.295609712600708,1
1.7856173515319824,1
2.054225206375122,1
2.384711980819702,1
2.453634738922119,1
1.9684414863586426,1
2.3616585731506348,1
2.48708438873291,1
2.7860610485076904,1
1.947044849395752,1
1.991065263748169,1
1.8414785861968994,1
2.6147098541259766,1
2.1237902641296387,1
2.8860716819763184,1
2.1422641277313232,1
2.5091795921325684,1
1.7745122909545898,1
2.307018756866455,1
2.129061222076416,1
2.5486526489257813,1
2.059607982635498,1
2.446357250213623,1
2.228898763656616,1
2.04491925239563,1
1.9766727685928345,1
2.5337014198303223,1
2.5136544704437256,1
2.088231086730957,1
2.4085886478424072,1
2.219247341156006,1
2.092346668243408,1
2.2737183570861816,1
2.6512649059295654,1
1.8154339790344238,1
2.5560648441314697,1
2.5605759620666504,1
2.232990264892578,1
2.091500997543335,1
1.9440631866455078,1
2.9387917518615723,1
1.778672695159912,1
2.263272285461426,1
2.1945056915283203,1
2.8564867973327637,1
1.8278238773345947,1
2.4210267066955566,1
2.457150459289551,1
2.2583255767822266,1
2.4125876426696777,1
2.2610111236572266,1
1.7109146118164063,1
2.1968655586242676,1
2.129772186279297,1
2.2175703048706055,1
2.6610283851623535,1
2.1597518920898438,1
2.3274037837982178,1
2.0183448791503906,1
2.530259132385254,1
2.157932758331299,1
1.8677542209625244,1
2.0516960620880127,1
2.58551287651062,1
2.6377153396606445,1
2.6581196784973145,1
2.223053216934204,1
2.2985739707946777,1
2.211642265319824,1
1.6204333305358887,1
2.305756092071533,1
2.2501120567321777,1
2.142393112182617,1
2.171221971511841,1
1.997414231300354,1
1.8922315835952759,1
2.1210777759552,1
2.1740493774414063,1
2.1149425506591797,1
3.0426459312438965,1
2.748504638671875,1
2.295703887939453,1
2.807492256164551,1
2.163203716278076,1
2.6240129470825195,1
3.4232542514801025,1
2.725432872772217,1
2.4055118560791016,1
2.477785348892212,1
2.5681397914886475,1
4.203190803527832,1
3.088326930999756,1
3.0868396759033203,1
2.138108491897583,1
2.13840913772583,1
2.832444190979004,1
2.6688976287841797,1
1.8079884052276611,1
2.074763774871826,1
2.6828997135162354,1
2.380455493927002,1
2.4128377437591553,1
2.445640802383423,1
2.368508815765381,1
3.296644687652588,1
2.293584108352661,1
2.4395837783813477,1
2.015695095062256,1
2.384105920791626,1
2.1633481979370117,1
2.2549901008605957,1
2.4328153133392334,1
1.8487555980682373,1
2.0668106079101563,1
1.9271775484085083,1
2.4482197761535645,1
2.5340371131896973,1
2.466353416442871,1
1.872624158859253,1
2.410013437271118,1
2.164278507232666,1
2.2870032787323,1
2.401323080062866,1
2.9199728965759277,1
2.823457717895508,1
2.9323770999908447,1
2.7984139919281006,1
2.4601097106933594,1
1.9602060317993164,1
2.0389366149902344,1
1.83243989944458,1
2.9268064498901367,1
2.5872802734375,1
2.642516613006592,1
2.6210968494415283,1
2.2146713733673096,1
2.586791753768921,1
2.502194881439209,1
2.0644235610961914,1
2.21347975730896,1
2.957493305206299,1
1.6966431140899658,1
2.0711684226989746,1
2.4575881958007813,1
2.6267614364624023,1
2.0153088569641113,1
2.1930735111236572,1
3.059788703918457,1
1.9866135120391846,1
2.40274977684021,1
2.4263803958892822,1
2.849435806274414,1
1.9128150939941406,1
2.153630495071411,1
2.2718963623046875,1
2.7851974964141846,1
2.515199899673462,1
2.332866907119751,1
2.6219871044158936,1
2.5010986328125,1
2.5020272731781006,1
2.932840347290039,1
2.0619683265686035,1
2.4646682739257813,1
2.3008453845977783,1
2.1722934246063232,1
2.42920184135437,1
1.8438866138458252,1
2.1303324699401855,1
2.4741668701171875,1
2.118039131164551,1
2.8463895320892334,1
2.063673496246338,1
2.072141170501709,1
2.1919333934783936,1
2.170358180999756,1
2.557011604309082,1
2.0244224071502686,1
1.6751660108566284,1
1.8875914812088013,1
2.3395588397979736,1
1.8305728435516357,1
1.8727036714553833,1
2.360649585723877,1
2.01042103767395,1
1.5020220279693604,1
2.3393564224243164,1
2.7095296382904053,1
3.9984822273254395,1
2.4909958839416504,1
2.5729386806488037,1
2.2268571853637695,1
1.8568167686462402,1
2.0883026123046875,1
2.163321018218994,1
2.0484070777893066,1
2.9120020866394043,1
2.177269458770752,1
3.330286741256714,1
2.267174243927002,1
2.7792651653289795,1
2.948436737060547,1
2.0618538856506348,1
2.1659364700317383,1
2.01324200630188,1
2.6887896060943604,1
1.9243751764297485,1
2.5470433235168457,1
2.3823530673980713,1
1.8353321552276611,1
2.9792189598083496,1
1.9750138521194458,1
1.9199010133743286,1
2.1007065773010254,1
2.3925700187683105,1
2.306661367416382,1
2.547039270401001,1
2.3907625675201416,1
2.0633134841918945,1
2.3510379791259766,1
2.7259836196899414,1
2.393131971359253,1
2.022416591644287,1
2.1257076263427734,1
1.787041187286377,1
2.4565558433532715,1
1.8104503154754639,1
2.1812994480133057,1
2.1560239791870117,1
2.0570666790008545,1
2.1253652572631836,1
1.9591999053955078,1
2.032963991165161,1
2.393666982650757,1
2.0853352546691895,1
3.2035255432128906,1
2.820951223373413,1
2.1667394638061523,1
2.3815624713897705,1
2.3567135334014893,1
2.277071952819824,1
2.0458931922912598,1
2.004650592803955,1
2.161479949951172,1
2.6706929206848145,1
1.774596929550171,1
2.1344082355499268,1
2.2226853370666504,1
1.7990814447402954,1
2.439697504043579,1
2.1151511669158936,1
2.0962443351745605,1
1.9506430625915527,1
2.3347952365875244,1
2.3431663513183594,1
2.4828310012817383,1
2.674938678741455,1
2.150306463241577,1
1.9661953449249268,1
2.3149707317352295,1
2.540170431137085,1
1.96135675907135,1
2.3669211864471436,1
2.138875961303711,1
2.346801996231079,1
2.1530938148498535,1
2.530557155609131,1
2.7480459213256836,1
2.597712278366089,1
1.8543747663497925,1
2.3796420097351074,1
2.650221824645996,1
2.320432424545288,1
2.161468505859375,1
2.9533557891845703,1
1.9531033039093018,1
2.922145128250122,1
1.8248541355133057,1
2.2702088356018066,1
1.7877360582351685,1
2.3435239791870117,1
2.1982169151306152,1
2.892582893371582,1
2.1373143196105957,1
2.0499701499938965,1
1.7735528945922852,1
1.946317195892334,1
2.6553032398223877,1
1.9692479372024536,1
2.0493857860565186,1
2.232503890991211,1
1.9453164339065552,1
2.302548408508301,1
2.405534029006958,1
2.0124173164367676,1
2.4787771701812744,1
1.8810608386993408,1
1.7352144718170166,1
2.578775405883789,1
2.4299979209899902,1
2.281790018081665,1
2.2386465072631836,1
1.9582544565200806,1
1.7528207302093506,1
2.5526347160339355,1
2.3707406520843506,1
3.006359338760376,1
2.8708720207214355,1
2.504080057144165,1
2.8110454082489014,1
3.1657590866088867,1
2.9520280361175537,1
2.236363410949707,1
2.8115427494049072,1
2.0605461597442627,1
3.2660248279571533,1
3.7276461124420166,1
2.266472101211548,1
2.901639699935913,1
3.7184243202209473,1
3.623981475830078,1
3.369147777557373,1
2.8416380882263184,1
2.3249857425689697,1
2.5895731449127197,1
2.397676467895508,1
2.46734881401062,1
2.4536921977996826,1
2.046816825866699,1
2.1357669830322266,1
2.4874560832977295,1
2.9877512454986572,1
2.307878017425537,1
2.948507308959961,1
2.71612286567688,1
2.6207504272460938,1
1.9258557558059692,1
2.2308526039123535,1
2.5357508659362793,1
2.197674036026001,1
2.6822896003723145,1
2.3723506927490234,1
1.827652931213379,1
2.106435537338257,1
2.0953361988067627,1
3.171964645385742,1
2.5189483165740967,1
2.9243392944335938,1
2.284830093383789,1
2.2249913215637207,1
2.101670980453491,1
2.8002238273620605,1
3.0531187057495117,1
2.4037458896636963,1
2.5209403038024902,1
2.9913744926452637,1
2.2042884826660156,1
2.494131088256836,1
2.52105712890625,1
2.391350507736206,1
2.1384940147399902,1
2.4396886825561523,1
2.813244104385376,1
2.4018847942352295,1
2.3186488151550293,1
2.3889806270599365,1
2.353180408477783,1
2.54242205619812,1
2.438053846359253,1
2.2175722122192383,1
2.444298267364502,1
2.2610740661621094,1
2.640584945678711,1
2.017850875854492,1
2.521023750305176,1
2.4472439289093018,1
2.7738218307495117,1
2.345303535461426,1
2.875518321990967,1
2.470632553100586,1
1.869728684425354,1
2.2042016983032227,1
2.1540915966033936,1
2.5072951316833496,1
2.1493029594421387,1
2.4587578773498535,1
2.2492032051086426,1
2.1057302951812744,1
2.123277187347412,1
1.9058752059936523,1
2.411961078643799,1
2.0034799575805664,1
2.3028273582458496,1
2.254584312438965,1
2.205806255340576,1
2.0332865715026855,1
1.8969882726669312,1
1.6893521547317505,1
2.247964382171631,1
2.657182455062866,1
2.85502290725708,1
2.2243709564208984,1
2.8113129138946533,1
2.0499284267425537,1
2.389216184616089,1
1.9193639755249023,1
