5.290252685546875,1
5.420870780944824,1
5.285547256469727,1
5.269997596740723,1
5.562209129333496,1
5.2359161376953125,1
5.3048810958862305,1
5.280654430389404,1
5.296512603759766,1
5.2888312339782715,1
5.283749580383301,1
5.258234024047852,1
5.329538822174072,1
5.249129295349121,1
5.4384379386901855,1
5.285806655883789,1
5.285458564758301,1
23.61471939086914,1
15.244006156921387,1
5.445337295532227,1
5.302408695220947,1
5.305110454559326,1
5.740273475646973,1
5.544743537902832,1
5.318286418914795,1
5.295574188232422,1
5.325368881225586,1
5.3473358154296875,1
5.220327377319336,1
5.258595943450928,1
5.418042182922363,1
5.918552875518799,1
5.469144344329834,1
5.178802013397217,1
5.26201057434082,1
5.249924659729004,1
5.269864082336426,1
5.2213053703308105,1
5.2176618576049805,1
5.226231575012207,1
5.307944297790527,1
5.247653484344482,1
5.259897708892822,1
5.276162147521973,1
5.292011260986328,1
5.26188850402832,1
5.253390312194824,1
5.268186569213867,1
5.30211877822876,1
5.234683513641357,1
5.293984413146973,1
5.277153015136719,1
5.256787300109863,1
5.271879196166992,1
5.2326436042785645,1
5.261941432952881,1
5.233323097229004,1
5.2388410568237305,1
5.249819755554199,1
5.239609718322754,1
5.233147621154785,1
5.2719645500183105,1
5.271301746368408,1
5.250844955444336,1
5.2422075271606445,1
5.275535583496094,1
5.275854110717773,1
5.2771897315979,1
5.226306915283203,1
5.250921249389648,1
5.218634605407715,1
5.223565101623535,1
5.230645179748535,1
5.255517482757568,1
5.258646011352539,1
5.2308807373046875,1
5.2531843185424805,1
5.23893928527832,1
5.266692161560059,1
5.290063858032227,1
5.274483680725098,1
5.223331451416016,1
5.247584342956543,1
5.276027202606201,1
5.221749782562256,1
5.269248962402344,1
5.2781476974487305,1
5.262983798980713,1
5.268279075622559,1
5.28978967666626,1
5.257400989532471,1
5.279976844787598,1
5.234870433807373,1
5.189040184020996,1
5.277370452880859,1
5.277298927307129,1
5.260176181793213,1
5.233183860778809,1
5.253513813018799,1
5.2403740882873535,1
5.213502883911133,1
5.233924388885498,1
5.186985969543457,1
5.197278022766113,1
5.236791610717773,1
5.262221813201904,1
5.273871421813965,1
5.228287220001221,1
5.213383674621582,1
5.228217601776123,1
5.2921247482299805,1
5.2331647872924805,1
5.282129287719727,1
5.251214504241943,1
5.302570343017578,1
5.243919372558594,1
5.232561111450195,1
5.302288055419922,1
5.228743076324463,1
5.2788472175598145,1
5.224945068359375,1
5.286515235900879,1
5.236278533935547,1
5.284850120544434,1
5.2413787841796875,1
5.2164740562438965,1
5.269876003265381,1
5.255321502685547,1
5.233389377593994,1
5.196969985961914,1
5.214663505554199,1
5.2420334815979,1
5.217277526855469,1
5.252315521240234,1
5.233361721038818,1
5.213212013244629,1
5.236078262329102,1
5.27166223526001,1
5.3043317794799805,1
5.237978935241699,1
5.236207485198975,1
5.262906074523926,1
5.219403266906738,1
5.259776592254639,1
5.292490005493164,1
5.206402778625488,1
5.202434539794922,1
5.282751083374023,1
5.807163238525391,1
5.358128547668457,1
5.2823920249938965,1
5.231550216674805,1
5.332479000091553,1
5.295589447021484,1
5.232752799987793,1
5.274107933044434,1
5.208366394042969,1
5.233684539794922,1
5.29538631439209,1
5.290762901306152,1
5.2463178634643555,1
5.267652988433838,1
5.191137313842773,1
5.229955196380615,1
5.190053939819336,1
5.239971160888672,1
5.207238674163818,1
5.249011993408203,1
5.250345706939697,1
5.237931251525879,1
5.2146830558776855,1
5.284544944763184,1
5.173562049865723,1
5.300051212310791,1
5.263654708862305,1
5.239521503448486,1
5.2877888679504395,1
5.204916954040527,1
5.246006011962891,1
5.230228424072266,1
5.272266864776611,1
5.220582962036133,1
5.2982940673828125,1
5.252157211303711,1
5.190934181213379,1
5.240882873535156,1
5.227939128875732,1
5.275396347045898,1
5.253721237182617,1
5.227368354797363,1
5.221682548522949,1
5.261871337890625,1
5.236153602600098,1
5.2690815925598145,1
5.256314277648926,1
5.282499313354492,1
5.239978790283203,1
5.24207067489624,1
5.26759147644043,1
5.285093307495117,1
5.251211643218994,1
5.206689834594727,1
5.220418930053711,1
5.205567359924316,1
5.164333343505859,1
5.277817726135254,1
5.231602668762207,1
5.207636833190918,1
5.249530792236328,1
5.244098663330078,1
5.2138285636901855,1
5.242509841918945,1
5.236690521240234,1
5.268601417541504,1
5.2567267417907715,1
5.214571475982666,1
5.262847900390625,1
5.189931869506836,1
5.234962463378906,1
5.254123687744141,1
5.28805685043335,1
5.29563570022583,1
5.211671829223633,1
5.254917144775391,1
5.233477592468262,1
5.226485252380371,1
5.220001697540283,1
5.24653434753418,1
5.259282112121582,1
5.278003692626953,1
5.275429725646973,1
5.280362606048584,1
5.252469062805176,1
5.223681926727295,1
5.228182792663574,1
5.238404273986816,1
5.233821868896484,1
5.241729736328125,1
5.262067794799805,1
5.267714977264404,1
5.315935134887695,1
5.25793981552124,1
5.226038932800293,1
5.2441792488098145,1
5.205331325531006,1
5.23661994934082,1
5.247341156005859,1
5.258643627166748,1
5.251833915710449,1
5.268991947174072,1
5.240974426269531,1
5.248479843139648,1
5.292799949645996,1
5.245926856994629,1
5.2311296463012695,1
5.236183166503906,1
5.21382474899292,1
5.258133411407471,1
5.220963001251221,1
5.230503559112549,1
5.270999431610107,1
5.207353591918945,1
5.204723358154297,1
5.254751682281494,1
5.180805206298828,1
5.226362705230713,1
5.22758674621582,1
5.2476301193237305,1
5.217350006103516,1
5.289031028747559,1
5.248401641845703,1
5.185975551605225,1
5.274932384490967,1
5.288175582885742,1
5.232231616973877,1
5.2083539962768555,1
5.221890449523926,1
5.272646427154541,1
5.270078659057617,1
5.240185737609863,1
5.228157997131348,1
5.255725860595703,1
5.243337631225586,1
5.236602306365967,1
5.237408638000488,1
5.260195732116699,1
5.226802825927734,1
5.286795139312744,1
5.217266082763672,1
5.231428146362305,1
5.238336086273193,1
5.2182936668396,1
5.211385726928711,1
5.211555480957031,1
5.264707088470459,1
5.244321823120117,1
5.225615978240967,1
5.231904029846191,1
5.266650199890137,1
5.286317348480225,1
5.271807670593262,1
5.198408126831055,1
5.264157295227051,1
5.2001051902771,1
5.265231132507324,1
5.250266075134277,1
5.254518508911133,1
5.239936828613281,1
5.190182685852051,1
5.249414443969727,1
5.210566520690918,1
5.238168239593506,1
5.215282917022705,1
5.1848464012146,1
5.181950092315674,1
5.213820457458496,1
5.282813549041748,1
5.239262104034424,1
5.308494567871094,1
5.276497840881348,1
5.28684139251709,1
5.230987548828125,1
5.236040115356445,1
5.279797554016113,1
5.3065595626831055,1
5.188327789306641,1
5.272045135498047,1
5.292318820953369,1
5.268855094909668,1
5.291715145111084,1
5.25455379486084,1
5.248626708984375,1
5.153854846954346,1
5.296124458312988,1
5.237407684326172,1
5.206361770629883,1
5.247447967529297,1
5.184656143188477,1
5.217709541320801,1
5.273714065551758,1
5.23132848739624,1
5.217947483062744,1
5.258244514465332,1
5.255561828613281,1
5.271289825439453,1
5.26741361618042,1
5.220930576324463,1
5.184758186340332,1
5.254032135009766,1
5.217309951782227,1
5.25162935256958,1
5.29310417175293,1
5.276176452636719,1
5.239700794219971,1
5.260003566741943,1
5.199540138244629,1
5.238110542297363,1
5.265191555023193,1
5.20596981048584,1
5.218381881713867,1
5.232828617095947,1
5.204985618591309,1
5.2877516746521,1
5.196732521057129,1
5.2103776931762695,1
5.24263858795166,1
5.212541103363037,1
5.263979911804199,1
5.210086345672607,1
5.244701385498047,1
5.19948148727417,1
5.2098388671875,1
5.284480094909668,1
5.2122907638549805,1
5.230535507202148,1
5.186990737915039,1
5.259052753448486,1
5.335029602050781,1
5.190892219543457,1
5.263571739196777,1
5.232466697692871,1
5.229166030883789,1
5.2184157371521,1
5.275949478149414,1
5.278933525085449,1
5.2405290603637695,1
5.187496185302734,1
5.230574131011963,1
5.262844085693359,1
5.2439985275268555,1
5.2506232261657715,1
5.216482162475586,1
5.2343034744262695,1
5.229963302612305,1
5.288419723510742,1
5.229708671569824,1
5.2260236740112305,1
5.2917327880859375,1
5.179030418395996,1
5.222254753112793,1
5.194392204284668,1
5.249639511108398,1
5.249028205871582,1
5.184235572814941,1
5.263145446777344,1
5.208791732788086,1
5.2077741622924805,1
5.237757682800293,1
5.220203399658203,1
5.226901054382324,1
5.259269714355469,1
5.2260870933532715,1
5.22047758102417,1
5.2303056716918945,1
5.190240859985352,1
5.261163234710693,1
5.21058464050293,1
5.285179138183594,1
5.270890235900879,1
5.260495662689209,1
5.267446517944336,1
5.253168106079102,1
5.274423122406006,1
5.20271635055542,1
5.276704788208008,1
5.280590057373047,1
5.2221198081970215,1
5.239628791809082,1
5.223403453826904,1
5.263096809387207,1
5.227452754974365,1
5.262510299682617,1
5.207144737243652,1
5.232352256774902,1
5.25457763671875,1
5.214169025421143,1
5.285758018493652,1
5.225083827972412,1
5.162829399108887,1
5.270853042602539,1
5.299241542816162,1
5.295358180999756,1
5.323076248168945,1
5.260686874389648,1
5.253059387207031,1
5.214248180389404,1
5.2368059158325195,1
5.249786376953125,1
5.268489837646484,1
5.260922431945801,1
5.1754045486450195,1
5.231294631958008,1
5.276065349578857,1
5.228193759918213,1
5.173981666564941,1
5.220607757568359,1
5.361786365509033,1
5.273582458496094,1
5.199367523193359,1
5.205492973327637,1
5.2235493659973145,1
5.266633033752441,1
5.220905303955078,1
5.202795028686523,1
5.271221160888672,1
5.254860877990723,1
5.232751846313477,1
5.1509480476379395,1
5.251613616943359,1
5.231748580932617,1
5.267731189727783,1
5.212517738342285,1
5.244124412536621,1
5.202768325805664,1
5.237070083618164,1
5.18671989440918,1
5.260369300842285,1
5.253483295440674,1
5.219277381896973,1
5.265137672424316,1
5.189144134521484,1
5.224828720092773,1
5.208901405334473,1
5.259039878845215,1
5.296156406402588,1
5.250401973724365,1
5.2520036697387695,1
5.275457382202148,1
5.214275360107422,1
5.228500843048096,1
5.217228412628174,1
5.279913902282715,1
5.23484468460083,1
5.222461700439453,1
5.300171852111816,1
5.289856910705566,1
5.220970153808594,1
5.211594581604004,1
5.2626447677612305,1
5.246949195861816,1
5.255518436431885,1
5.206542015075684,1
5.266656875610352,1
5.317016124725342,1
5.2692155838012695,1
5.191121578216553,1
5.219623565673828,1
5.227014541625977,1
5.300280570983887,1
5.284384727478027,1
5.252358436584473,1
5.22575569152832,1
5.26066780090332,1
5.212342262268066,1
5.286808013916016,1
5.2495551109313965,1
5.205537796020508,1
5.228485107421875,1
5.249287128448486,1
5.240416526794434,1
5.185825824737549,1
5.302632808685303,1
5.279402732849121,1
5.245755195617676,1
5.2867560386657715,1
5.243168830871582,1
5.181904315948486,1
5.227039813995361,1
5.269588947296143,1
5.257528781890869,1
5.221914291381836,1
5.228744983673096,1
5.218584060668945,1
5.199899673461914,1
5.282985687255859,1
5.213766098022461,1
5.264235496520996,1
5.279232978820801,1
5.172478675842285,1
5.249899387359619,1
5.235545635223389,1
5.233612060546875,1
5.28641414642334,1
5.2066969871521,1
5.281756401062012,1
5.273665428161621,1
5.2133097648620605,1
5.28816032409668,1
5.244218349456787,1
5.2255682945251465,1
5.138032913208008,1
5.230594635009766,1
5.311749458312988,1
5.2113237380981445,1
5.192165374755859,1
5.246288299560547,1
5.138831615447998,1
5.2365546226501465,1
5.205305099487305,1
5.218208312988281,1
5.236848831176758,1
5.256165027618408,1
5.280935764312744,1
5.226324558258057,1
5.273143768310547,1
5.215223789215088,1
5.228427886962891,1
5.2361955642700195,1
5.211337089538574,1
5.279335021972656,1
5.227033615112305,1
5.196802139282227,1
5.246747970581055,1
5.257504463195801,1
5.198736190795898,1
5.217095375061035,1
5.2058844566345215,1
5.270733833312988,1
5.265281677246094,1
5.212440490722656,1
5.242591857910156,1
5.31175422668457,1
5.180340766906738,1
5.2325592041015625,1
5.27423095703125,1
5.200584888458252,1
5.159827709197998,1
5.245691299438477,1
5.229343414306641,1
5.256804466247559,1
5.230335235595703,1
5.20380163192749,1
5.180521488189697,1
5.216049671173096,1
5.167580604553223,1
5.279685020446777,1
5.251015663146973,1
5.243027210235596,1
5.238171577453613,1
5.256908416748047,1
5.1699323654174805,1
5.225584983825684,1
5.212243556976318,1
5.198143482208252,1
5.293160438537598,1
5.250690460205078,1
5.2013397216796875,1
5.239327430725098,1
5.212737083435059,1
5.201391220092773,1
5.335231781005859,1
5.202324390411377,1
5.2194743156433105,1
5.253542900085449,1
5.297203540802002,1
5.2138895988464355,1
5.205336570739746,1
5.245169162750244,1
5.229825973510742,1
5.231199741363525,1
5.299015998840332,1
5.239998817443848,1
5.245283126831055,1
5.199191570281982,1
5.251897811889648,1
5.254040718078613,1
5.199930191040039,1
5.270358085632324,1
5.233452796936035,1
5.247563362121582,1
5.237380027770996,1
5.207658290863037,1
5.2403564453125,1
5.169857978820801,1
5.268986225128174,1
5.274987697601318,1
5.257763385772705,1
5.167746543884277,1
5.246115207672119,1
5.233957290649414,1
5.23643159866333,1
5.22633171081543,1
5.242097854614258,1
5.302684783935547,1
5.268589973449707,1
5.316499710083008,1
5.220363616943359,1
5.269782543182373,1
5.208105564117432,1
5.277003288269043,1
5.223906517028809,1
5.256070613861084,1
5.225114822387695,1
5.27083158493042,1
5.230839252471924,1
5.2780256271362305,1
5.231911659240723,1
5.239676475524902,1
5.233636856079102,1
5.235330581665039,1
5.322534084320068,1
5.20988655090332,1
5.198136329650879,1
5.326470851898193,1
5.304831027984619,1
5.272095680236816,1
5.2099103927612305,1
5.237112998962402,1
5.29242467880249,1
5.2381591796875,1
5.181797504425049,1
5.237063884735107,1
5.190713882446289,1
5.1798295974731445,1
5.169740676879883,1
5.258885383605957,1
5.183123588562012,1
5.2042036056518555,1
5.270842552185059,1
5.230771064758301,1
5.2328290939331055,1
5.212664604187012,1
5.269637107849121,1
5.228880405426025,1
5.2028045654296875,1
5.172431945800781,1
5.254011154174805,1
5.26044225692749,1
5.279970169067383,1
5.243983268737793,1
5.22725248336792,1
5.262199401855469,1
5.236051082611084,1
5.221469879150391,1
5.265026092529297,1
5.204206466674805,1
5.252846717834473,1
5.229347229003906,1
5.314033031463623,1
5.294645309448242,1
5.183238983154297,1
5.18887996673584,1
5.237547874450684,1
5.208825588226318,1
5.203653335571289,1
5.255829334259033,1
5.312104225158691,1
5.161465644836426,1
5.333478927612305,1
5.222175598144531,1
5.2520036697387695,1
5.259481906890869,1
5.219136714935303,1
5.274796962738037,1
5.198863506317139,1
5.202848434448242,1
5.253552436828613,1
5.213835716247559,1
5.246572494506836,1
5.188521385192871,1
5.254193305969238,1
5.272713661193848,1
5.289851188659668,1
5.213864803314209,1
5.219058990478516,1
5.175886154174805,1
5.278776168823242,1
5.269208908081055,1
5.216178894042969,1
5.260461330413818,1
5.225458145141602,1
5.250043869018555,1
5.191340446472168,1
5.20452880859375,1
5.225027084350586,1
5.221637725830078,1
5.1791558265686035,1
5.329252243041992,1
5.27510929107666,1
5.323148727416992,1
5.266221523284912,1
5.184031009674072,1
5.25642204284668,1
5.18981409072876,1
5.2131452560424805,1
5.164242744445801,1
5.2472076416015625,1
5.180058002471924,1
5.214536666870117,1
5.253020763397217,1
5.278728008270264,1
5.257748603820801,1
5.204593658447266,1
5.206353187561035,1
5.241696357727051,1
5.226861953735352,1
5.246982574462891,1
5.2468366622924805,1
5.235589981079102,1
5.281791687011719,1
5.213904857635498,1
5.261965274810791,1
5.227713584899902,1
5.259249687194824,1
5.209477424621582,1
5.225811958312988,1
5.276838302612305,1
5.268277645111084,1
5.237668991088867,1
5.177725315093994,1
5.321195602416992,1
5.251044750213623,1
5.256850719451904,1
5.24552059173584,1
5.210986137390137,1
5.209983825683594,1
5.1912078857421875,1
5.210107803344727,1
5.208534240722656,1
5.25922155380249,1
5.211389541625977,1
5.23042106628418,1
5.238399028778076,1
5.247426986694336,1
5.233231544494629,1
5.2492218017578125,1
5.17925500869751,1
5.220514297485352,1
5.171405792236328,1
5.229803562164307,1
5.223916053771973,1
5.206751823425293,1
5.272707939147949,1
5.256926536560059,1
5.254542350769043,1
5.241549491882324,1
5.246230125427246,1
5.224889278411865,1
5.2000017166137695,1
5.201653480529785,1
5.195091247558594,1
5.262215614318848,1
5.194036483764648,1
5.264748573303223,1
5.1803388595581055,1
5.176359176635742,1
5.22273063659668,1
5.254058837890625,1
5.282045364379883,1
5.342043876647949,1
5.239150047302246,1
5.28823709487915,1
5.2578125,1
5.27937650680542,1
5.257969856262207,1
5.265500545501709,1
5.248547077178955,1
5.240896224975586,1
5.278297424316406,1
5.293385028839111,1
5.256112575531006,1
5.228677749633789,1
5.201230049133301,1
5.2078657150268555,1
5.198546409606934,1
5.189670562744141,1
5.182055950164795,1
5.196109294891357,1
5.200844764709473,1
5.237123966217041,1
5.298968315124512,1
5.206521987915039,1
5.267875671386719,1
5.18404483795166,1
5.260154724121094,1
5.297283172607422,1
5.324938774108887,1
5.2664570808410645,1
5.295464992523193,1
5.18470573425293,1
5.233004570007324,1
5.192262649536133,1
5.255087852478027,1
5.265378952026367,1
5.2772932052612305,1
5.187590599060059,1
5.266868591308594,1
5.241988182067871,1
5.207650184631348,1
5.27585506439209,1
5.151991367340088,1
5.274692058563232,1
5.221435546875,1
5.248736381530762,1
5.268762111663818,1
5.223582744598389,1
5.2204742431640625,1
5.193549156188965,1
5.197453498840332,1
5.242681503295898,1
5.272449493408203,1
5.2213850021362305,1
5.1856913566589355,1
5.206925392150879,1
5.227921962738037,1
5.288032054901123,1
5.200557708740234,1
5.207408905029297,1
5.263380527496338,1
5.221479415893555,1
5.1990156173706055,1
5.232096195220947,1
5.263424873352051,1
5.206888198852539,1
5.2082037925720215,1
5.180639266967773,1
5.2289137840271,1
5.271099090576172,1
5.153476238250732,1
5.22712516784668,1
5.267435550689697,1
5.280633926391602,1
5.233958721160889,1
5.2998762130737305,1
5.239036560058594,1
5.295066833496094,1
5.278878211975098,1
5.231720924377441,1
5.293353080749512,1
5.218862056732178,1
5.260074615478516,1
5.225213050842285,1
5.255517959594727,1
5.294756889343262,1
5.288257122039795,1
5.27854061126709,1
5.227354049682617,1
5.250222682952881,1
5.255332946777344,1
5.229142189025879,1
5.290460586547852,1
5.238534927368164,1
5.27500581741333,1
5.261171340942383,1
5.242819309234619,1
5.250790596008301,1
5.187462329864502,1
5.213942527770996,1
5.227420806884766,1
5.198378086090088,1
5.210071563720703,1
5.285035133361816,1
5.223482131958008,1
5.257453918457031,1
5.209822654724121,1
5.200822830200195,1
5.243935585021973,1
5.246030807495117,1
5.178031921386719,1
5.2729573249816895,1
5.231122970581055,1
5.265683174133301,1
5.238236427307129,1
5.237951755523682,1
5.234068393707275,1
5.27661657333374,1
5.263329029083252,1
5.220887184143066,1
5.1754984855651855,1
5.278526782989502,1
5.2784104347229,1
5.208157539367676,1
5.2527313232421875,1
5.232945442199707,1
5.235320091247559,1
5.203394412994385,1
5.23782205581665,1
5.242236137390137,1
5.220402717590332,1
5.163949966430664,1
5.258347988128662,1
5.2283196449279785,1
5.251204967498779,1
5.249617099761963,1
5.205904483795166,1
5.225561141967773,1
5.178981781005859,1
5.220314979553223,1
5.281372547149658,1
5.266096115112305,1
5.311605930328369,1
5.288520336151123,1
5.227190971374512,1
5.3592119216918945,1
5.198310852050781,1
5.284402847290039,1
5.213898658752441,1
5.234794616699219,1
5.287965774536133,1
5.286974906921387,1
5.217574119567871,1
5.197903633117676,1
5.214908599853516,1
5.195365905761719,1
5.2814717292785645,1
5.226764678955078,1
5.223334312438965,1
5.227067947387695,1
5.2042927742004395,1
5.262670516967773,1
5.227817535400391,1
5.2606048583984375,1
5.187420845031738,1
5.273005962371826,1
5.1923370361328125,1
5.275815963745117,1
5.227689266204834,1
5.315086364746094,1
5.249302864074707,1
5.218001365661621,1
5.207056045532227,1
5.236166000366211,1
5.24492073059082,1
5.323885440826416,1
5.2585906982421875,1
5.316311836242676,1
5.175407409667969,1
5.201547622680664,1
5.242035388946533,1
5.259624481201172,1
5.2911529541015625,1
5.228318214416504,1
5.232770919799805,1
5.232735633850098,1
5.239843368530273,1
5.180769920349121,1
5.228882312774658,1
5.253681182861328,1
5.179641246795654,1
5.184967517852783,1
5.210175514221191,1
5.173943519592285,1
5.245570659637451,1
5.236711502075195,1
5.1952667236328125,1
5.216841697692871,1
5.2475996017456055,1
5.245635032653809,1
5.202509880065918,1
5.301880359649658,1
5.245378017425537,1
5.306615352630615,1
5.234645843505859,1
5.288880825042725,1
5.288370132446289,1
5.289670944213867,1
5.283457279205322,1
5.232179164886475,1
5.208414077758789,1
5.251436233520508,1
5.2365498542785645,1
5.244220733642578,1
5.275126934051514,1
5.226140975952148,1
5.213675498962402,1
5.202004432678223,1
5.265857696533203,1
5.267513751983643,1
5.3418073654174805,1
5.212913990020752,1
5.297389030456543,1
5.312276840209961,1
5.236472129821777,1
5.235512733459473,1
5.248883247375488,1
5.222438335418701,1
5.211935997009277,1
5.277503967285156,1
5.223247528076172,1
5.29836893081665,1
5.226993560791016,1
5.292166709899902,1
5.237418174743652,1
5.214207649230957,1
5.2458415031433105,1
5.2316131591796875,1
5.267049789428711,1
5.301852226257324,1
5.2826828956604,1
5.183393478393555,1
5.167532920837402,1
5.217257499694824,1
5.207223892211914,1
5.197711944580078,1
5.230982780456543,1
5.263811111450195,1
5.230433940887451,1
5.172388076782227,1
5.234137535095215,1
5.220577239990234,1
5.226025581359863,1
5.224915981292725,1
5.257003307342529,1
5.2397871017456055,1
5.288444995880127,1
5.2241010665893555,1
5.345618724822998,1
5.1850972175598145,1
5.165423393249512,1
5.251206398010254,1
5.245157241821289,1
5.248737335205078,1
5.254460334777832,1
5.278914928436279,1
5.271230697631836,1
5.317963123321533,1
5.249039649963379,1
5.236807823181152,1
5.17751407623291,1
5.277388095855713,1
5.237963676452637,1
5.290943622589111,1
5.2486042976379395,1
5.181718826293945,1
5.2383341789245605,1
5.30706787109375,1
5.301015853881836,1
5.294743537902832,1
5.231143951416016,1
5.283982276916504,1
5.241448402404785,1
5.310488700866699,1
5.331920623779297,1
5.242605209350586,1
5.247234344482422,1
5.2292160987854,1
5.225119590759277,1
5.22821044921875,1
5.269306182861328,1
5.2379045486450195,1
5.146065711975098,1
5.208927154541016,1
5.29659366607666,1
5.291813373565674,1
5.241085052490234,1
5.267086029052734,1
5.271801948547363,1
5.238317489624023,1
5.18624210357666,1
5.262014865875244,1
5.148859024047852,1
5.187232971191406,1
5.191158771514893,1
5.283092498779297,1
5.243938446044922,1
5.235215187072754,1
5.302412986755371,1
5.2309370040893555,1
5.252225875854492,1
5.204392433166504,1
5.226761817932129,1
5.254162788391113,1
5.211069583892822,1
5.217618942260742,1
5.211484909057617,1
5.311823844909668,1
5.215535640716553,1
5.2209296226501465,1
5.260340213775635,1
5.254599571228027,1
5.26140022277832,1
5.268136501312256,1
5.238285064697266,1
5.272535800933838,1
5.288839340209961,1
5.253925323486328,1
5.262397766113281,1
5.263009548187256,1
5.182729721069336,1
5.196293354034424,1
5.179248332977295,1
5.244867324829102,1
5.231647491455078,1
5.224612712860107,1
5.242949485778809,1
5.229272842407227,1
5.265507698059082,1
5.1932525634765625,1
5.276186466217041,1
5.252686500549316,1
5.1809210777282715,1
5.297813415527344,1
5.244250297546387,1
5.171259880065918,1
5.215010643005371,1
5.2805585861206055,1
5.19913387298584,1
5.230096817016602,1
5.227431297302246,1
5.229930877685547,1
5.169773101806641,1
5.2501220703125,1
5.222355842590332,1
5.312496185302734,1
5.2075958251953125,1
5.198180198669434,1
5.219266891479492,1
5.275354385375977,1
5.267612457275391,1
5.198822975158691,1
5.250150680541992,1
5.3422040939331055,1
5.265438556671143,1
5.3131866455078125,1
5.1787872314453125,1
5.235245704650879,1
5.223085403442383,1
5.232659339904785,1
5.231191635131836,1
5.223297119140625,1
5.213685989379883,1
5.250489234924316,1
5.191771507263184,1
5.236025810241699,1
5.214596748352051,1
5.226753234863281,1
5.239974498748779,1
5.2586259841918945,1
5.22899055480957,1
5.261223793029785,1
5.208457946777344,1
5.230968475341797,1
5.310784339904785,1
5.206545829772949,1
5.315907955169678,1
5.234281539916992,1
5.2801713943481445,1
5.218157768249512,1
5.227999210357666,1
5.200335502624512,1
5.261661052703857,1
5.23581600189209,1
5.26140022277832,1
5.264144420623779,1
5.238354682922363,1
5.230715751647949,1
5.227989196777344,1
5.298730373382568,1
5.261712551116943,1
5.288766860961914,1
5.259917259216309,1
5.1989593505859375,1
5.259341239929199,1
5.214093208312988,1
5.263757705688477,1
5.278659820556641,1
5.24183464050293,1
5.1781816482543945,1
5.245637893676758,1
5.323216915130615,1
5.212709426879883,1
5.268003940582275,1
5.212984085083008,1
5.225546836853027,1
5.238973617553711,1
5.3002495765686035,1
5.239282608032227,1
5.235531806945801,1
5.245878219604492,1
5.189528465270996,1
5.222673416137695,1
5.245901107788086,1
5.212298393249512,1
5.23418664932251,1
5.289578914642334,1
5.298398494720459,1
5.304989814758301,1
5.311299800872803,1
5.275036811828613,1
5.251252174377441,1
5.212840557098389,1
5.284379482269287,1
5.197561740875244,1
5.227304935455322,1
5.227243423461914,1
5.274842739105225,1
5.200369358062744,1
5.30100154876709,1
5.258118629455566,1
5.287298202514648,1
5.188498497009277,1
5.227774143218994,1
5.232846736907959,1
5.268166542053223,1
5.332659721374512,1
5.234264850616455,1
5.221092700958252,1
5.270074844360352,1
5.2780303955078125,1
5.265568733215332,1
5.295503616333008,1
5.244553565979004,1
5.2220611572265625,1
5.211210250854492,1
5.198929786682129,1
5.31589412689209,1
5.187424182891846,1
5.2112040519714355,1
5.197343826293945,1
5.235440254211426,1
5.293531894683838,1
5.214733123779297,1
5.252885341644287,1
5.2369279861450195,1
5.271679401397705,1
5.239235877990723,1
5.226637363433838,1
5.256469249725342,1
5.29615592956543,1
5.174037933349609,1
5.18448543548584,1
5.266756057739258,1
5.231161117553711,1
5.250789642333984,1
5.277287006378174,1
5.183234214782715,1
5.249957084655762,1
5.213990211486816,1
5.245826721191406,1
5.225066184997559,1
5.253759860992432,1
5.243496894836426,1
5.252407073974609,1
5.232524871826172,1
5.318064212799072,1
5.2018961906433105,1
5.267169952392578,1
5.2519073486328125,1
5.241235256195068,1
5.252866744995117,1
5.222039222717285,1
5.294094562530518,1
5.2473859786987305,1
5.240664005279541,1
5.165970325469971,1
5.277349948883057,1
5.2136383056640625,1
5.274077892303467,1
5.261005878448486,1
5.221614360809326,1
5.223271369934082,1
5.2404632568359375,1
5.233378887176514,1
5.275958061218262,1
5.266892910003662,1
5.22263765335083,1
5.223462104797363,1
5.298513412475586,1
5.340119361877441,1
5.269497394561768,1
5.239987850189209,1
5.18266487121582,1
5.2342529296875,1
5.204963684082031,1
5.226806163787842,1
5.28111457824707,1
5.264702796936035,1
5.236422538757324,1
5.2956953048706055,1
5.2317938804626465,1
5.282387733459473,1
5.213339328765869,1
5.268449783325195,1
5.272785186767578,1
5.198636054992676,1
5.217569351196289,1
5.260313034057617,1
5.213604927062988,1
5.195004463195801,1
5.289958953857422,1
5.25301456451416,1
5.3381547927856445,1
5.234592437744141,1
5.248335838317871,1
5.2828192710876465,1
5.248327255249023,1
5.250482082366943,1
5.207278251647949,1
5.276773929595947,1
5.230182647705078,1
5.318177700042725,1
5.275457382202148,1
5.250001907348633,1
5.245816707611084,1
5.183892250061035,1
5.254724502563477,1
5.263771057128906,1
5.237378120422363,1
5.222979545593262,1
5.24235725402832,1
5.229584693908691,1
5.2761664390563965,1
5.279193878173828,1
5.259140968322754,1
5.19259786605835,1
5.253425598144531,1
5.27386474609375,1
5.2807230949401855,1
5.2144880294799805,1
5.207110404968262,1
5.252788066864014,1
5.2350077629089355,1
5.2274169921875,1
5.1986517906188965,1
5.173300743103027,1
5.249098777770996,1
5.2295637130737305,1
5.209290504455566,1
5.235787391662598,1
5.221230506896973,1
5.215775012969971,1
5.263069152832031,1
5.265887260437012,1
5.198380947113037,1
5.2154130935668945,1
5.2080397605896,1
5.211423873901367,1
5.198511600494385,1
5.270205974578857,1
5.2157440185546875,1
5.215847015380859,1
5.268424034118652,1
5.236311912536621,1
5.248521327972412,1
5.236749649047852,1
5.275813102722168,1
5.208857536315918,1
5.200103759765625,1
5.241911888122559,1
5.263018608093262,1
5.272295951843262,1
5.269181251525879,1
5.223581314086914,1
5.268381118774414,1
5.263875961303711,1
5.28713321685791,1
5.301136016845703,1
5.28392219543457,1
5.176733016967773,1
5.215236663818359,1
5.253226280212402,1
5.218788146972656,1
5.263835430145264,1
5.227178573608398,1
5.21410608291626,1
5.150728702545166,1
5.193484306335449,1
5.234869003295898,1
5.2693328857421875,1
5.196502685546875,1
5.184432029724121,1
5.281069755554199,1
5.211225509643555,1
5.2729668617248535,1
5.21967077255249,1
5.248706340789795,1
5.19590950012207,1
5.225808143615723,1
5.220095634460449,1
5.2292890548706055,1
5.172834873199463,1
5.252935886383057,1
5.2844462394714355,1
5.2519683837890625,1
5.224570274353027,1
5.180076599121094,1
5.28774881362915,1
5.250097274780273,1
5.236907005310059,1
5.239877700805664,1
5.243465900421143,1
5.281153678894043,1
5.226844310760498,1
5.262198448181152,1
5.2658562660217285,1
5.243663787841797,1
5.266399383544922,1
5.230961322784424,1
5.257450103759766,1
5.199369430541992,1
5.198675155639648,1
5.235796928405762,1
5.264071464538574,1
5.248785972595215,1
5.218467712402344,1
5.271511077880859,1
5.1947526931762695,1
5.219051837921143,1
5.216161251068115,1
5.325643539428711,1
5.250383377075195,1
5.231481552124023,1
5.267523765563965,1
5.306184768676758,1
5.23166036605835,1
5.306378364562988,1
5.209688186645508,1
5.2258710861206055,1
5.295210838317871,1
5.186824798583984,1
5.260283470153809,1
5.221979141235352,1
5.251483917236328,1
5.274147987365723,1
5.187671661376953,1
5.245306968688965,1
5.208484172821045,1
5.272556304931641,1
5.222018241882324,1
5.241520881652832,1
5.284836769104004,1
5.219035625457764,1
5.2718048095703125,1
5.3039469718933105,1
5.215839862823486,1
5.240588188171387,1
5.2534332275390625,1
5.23259162902832,1
5.257807731628418,1
5.203627109527588,1
5.215299129486084,1
5.2328901290893555,1
5.2495903968811035,1
5.284491062164307,1
5.27396297454834,1
5.194211006164551,1
5.240845680236816,1
5.235355377197266,1
5.223832130432129,1
5.252969741821289,1
5.255943298339844,1
5.228763580322266,1
5.254815101623535,1
5.264830589294434,1
5.27254581451416,1
5.236953258514404,1
5.261753082275391,1
5.2371344566345215,1
5.233608245849609,1
5.268720626831055,1
5.255474090576172,1
5.240361213684082,1
5.182591438293457,1
5.2617974281311035,1
5.2448320388793945,1
5.261967182159424,1
5.270394325256348,1
5.1900434494018555,1
5.231514930725098,1
5.25290584564209,1
5.234980583190918,1
5.21413516998291,1
5.199138641357422,1
5.282580375671387,1
5.235231876373291,1
5.242020130157471,1
5.216039657592773,1
5.272209167480469,1
5.242982864379883,1
5.286019325256348,1
5.2768659591674805,1
5.280872344970703,1
5.248819351196289,1
5.235466957092285,1
5.2392377853393555,1
5.27269172668457,1
5.263603210449219,1
5.262759208679199,1
5.260400772094727,1
5.300948143005371,1
5.220242500305176,1
5.2689008712768555,1
5.215096473693848,1
5.325395584106445,1
5.200070858001709,1
5.294248580932617,1
5.220488548278809,1
5.247063636779785,1
5.235551357269287,1
5.231523513793945,1
5.202934265136719,1
5.241427421569824,1
5.2198076248168945,1
5.257918834686279,1
5.220302104949951,1
5.258764266967773,1
5.226792335510254,1
5.231457710266113,1
5.216253280639648,1
5.261256694793701,1
5.198721885681152,1
5.259797096252441,1
5.267535209655762,1
5.209165573120117,1
5.201685905456543,1
5.211237907409668,1
5.247530937194824,1
5.265305519104004,1
5.2172698974609375,1
5.2308855056762695,1
5.249335289001465,1
5.231553077697754,1
5.226532936096191,1
5.172871112823486,1
5.213591575622559,1
5.264451026916504,1
5.216847896575928,1
5.161844253540039,1
5.239453315734863,1
5.1962175369262695,1
5.3508734703063965,1
